
https://gss3.bdstatic.com/-Po3dSag_xI4khGkpoWK1HF6hhy/baike/c0%3Dbaike80%2C5%2C5%2C80%2C26/sign=8d6d1a024aed2e73e8e48e7ee668caee/a2cc7cd98d1001e98216e189b80e7bec54e7970a.jpg
https://gss1.bdstatic.com/-vo3dSag_xI4khGkpoWK1HF6hhy/baike/c0%3Dbaike80%2C5%2C5%2C80%2C26/sign=68bc20489925bc313f5009ca3fb6e6d4/8b82b9014a90f60336c469c13912b31bb151edc4.jpg
https://gss2.bdstatic.com/9fo3dSag_xI4khGkpoWK1HF6hhy/baike/c0%3Dbaike80%2C5%2C5%2C80%2C26/sign=3805868e0cd79123f4ed9c26cc5d32e7/7c1ed21b0ef41bd55feb3e7251da81cb38db3df8.jpg
https://gss0.bdstatic.com/94o3dSag_xI4khGkpoWK1HF6hhy/baike/c0%3Dbaike80%2C5%2C5%2C80%2C26/sign=7ef78535b9014a9095334eefc81e5277/a044ad345982b2b7b042034331adcbef77099b53.jpg
https://gss3.bdstatic.com/7Po3dSag_xI4khGkpoWK1HF6hhy/baike/c0%3Dbaike80%2C5%2C5%2C80%2C26/sign=41868463b31c8701c2bbbab44616f54a/00e93901213fb80e14195b5036d12f2eb8389468.jpg
https://gss3.bdstatic.com/-Po3dSag_xI4khGkpoWK1HF6hhy/baike/c0%3Dbaike80%2C5%2C5%2C80%2C26/sign=60f77c6662d9f2d3341c2cbdc885e176/9c16fdfaaf51f3deaf8cfae394eef01f3a29797e.jpg
https://gss3.bdstatic.com/-Po3dSag_xI4khGkpoWK1HF6hhy/baike/c0%3Dbaike80%2C5%2C5%2C80%2C26/sign=28e125d3034f78f0940692a118586130/e850352ac65c1038804f7545b2119313b07e8900.jpg

https://gss0.bdstatic.com/-4o3dSag_xI4khGkpoWK1HF6hhy/baike/c0%3Dbaike150%2C5%2C5%2C150%2C50/sign=50068d69a3cc7cd9ee203c8b58684a5a/35a85edf8db1cb13b5fdaa97dd54564e93584b9a.jpg
https://gss0.bdstatic.com/94o3dSag_xI4khGkpoWK1HF6hhy/baike/c0%3Dbaike116%2C5%2C5%2C116%2C38/sign=47fac4bdc93d70cf58f7a25f99b5ba65/50da81cb39dbb6fd6aa273a20924ab18962b37bc.jpg
https://gss1.bdstatic.com/9vo3dSag_xI4khGkpoWK1HF6hhy/baike/c0%3Dbaike116%2C5%2C5%2C116%2C38/sign=5ecd6a8970cf3bc7fc0dc5beb069d1c4/80cb39dbb6fd5266e9d2aa90ab18972bd50736bc.jpg
https://gss1.bdstatic.com/-vo3dSag_xI4khGkpoWK1HF6hhy/baike/c0%3Dbaike150%2C5%2C5%2C150%2C50/sign=d37400787cd98d1062d904634056d36b/5fdf8db1cb134954f48a7ee0564e9258d0094a9a.jpg
https://gss3.bdstatic.com/-Po3dSag_xI4khGkpoWK1HF6hhy/baike/c0%3Dbaike150%2C5%2C5%2C150%2C50/sign=acce93fa251f95cab2f89ae4a87e145b/b7fd5266d016092490dc349fd40735fae7cd34bc.jpg
https://gss3.bdstatic.com/7Po3dSag_xI4khGkpoWK1HF6hhy/baike/c0%3Dbaike272%2C5%2C5%2C272%2C90/sign=469138e44fc2d562e605d8bf8678fb8a/ca1349540923dd54a9e731ecd109b3de9d82489a.jpg
https://gss0.bdstatic.com/94o3dSag_xI4khGkpoWK1HF6hhy/baike/c0%3Dbaike180%2C5%2C5%2C180%2C60/sign=01439ab5213fb80e18dc698557b8444b/48540923dd54564e92f272bdb3de9c82d0584f9a.jpg
https://gss1.bdstatic.com/-vo3dSag_xI4khGkpoWK1HF6hhy/baike/c0%3Dbaike116%2C5%2C5%2C116%2C38/sign=a2f95b68d100baa1ae214fe92679d277/d1160924ab18972be9c3964ee6cd7b899f510abc.jpg
https://gss1.bdstatic.com/-vo3dSag_xI4khGkpoWK1HF6hhy/baike/c0%3Dbaike180%2C5%2C5%2C180%2C60/sign=a69a6d9fd40735fa85fd46ebff3864d6/4b90f603738da977349049afb051f8198718e3f3.jpg
https://gss3.bdstatic.com/7Po3dSag_xI4khGkpoWK1HF6hhy/baike/c0%3Dbaike180%2C5%2C5%2C180%2C60/sign=6f49e584e924b899ca31716a0f6f76f0/9922720e0cf3d7ca3cbaf0f2f21fbe096a63a9e2.jpg
https://gss2.bdstatic.com/-fo3dSag_xI4khGkpoWK1HF6hhy/baike/c0%3Dbaike116%2C5%2C5%2C116%2C38/sign=d7b13221d143ad4bb2234e92e36b31ca/f703738da9773912bd994ae5f8198618377ae2f3.jpg
https://gss0.bdstatic.com/94o3dSag_xI4khGkpoWK1HF6hhy/baike/c0%3Dbaike116%2C5%2C5%2C116%2C38/sign=3385f06562d9f2d3341c2cbdc885e176/730e0cf3d7ca7bcb423708abbe096b63f724a8e2.jpg
https://gss1.bdstatic.com/-vo3dSag_xI4khGkpoWK1HF6hhy/baike/c0%3Dbaike116%2C5%2C5%2C116%2C38/sign=7de701ab4134970a537e187df4a3baad/d788d43f8794a4c2a82a2eaf0ef41bd5ad6e392d.jpg

https://gss1.bdstatic.com/-vo3dSag_xI4khGkpoWK1HF6hhy/baike/c0%3Dbaike150%2C5%2C5%2C150%2C50/sign=f8b7499c2834349b600b66d7a8837eab/2fdda3cc7cd98d10dc73a4b7213fb80e7aec9095.jpg
https://gss1.bdstatic.com/-vo3dSag_xI4khGkpoWK1HF6hhy/baike/c0%3Dbaike150%2C5%2C5%2C150%2C50/sign=79a610a601e93901420f856c1a853f82/ca1349540923dd5453310feed109b3de9d8248f1.jpg
https://gss2.bdstatic.com/9fo3dSag_xI4khGkpoWK1HF6hhy/baike/c0%3Dbaike150%2C5%2C5%2C150%2C50/sign=42e4573665380cd7f213aabfc02dc651/a6efce1b9d16fdfa5dcb6e68b48f8c5495ee7b95.jpg
https://gss1.bdstatic.com/-vo3dSag_xI4khGkpoWK1HF6hhy/baike/c0%3Dbaike150%2C5%2C5%2C150%2C50/sign=794210a601e93901420f856c1a853f82/ca1349540923dd5453d50feed109b3de9d824895.jpg
https://gss1.bdstatic.com/-vo3dSag_xI4khGkpoWK1HF6hhy/baike/c0%3Dbaike150%2C5%2C5%2C150%2C50/sign=f960e0a8d21b0ef478e5900cbcad3abf/f636afc379310a55eebb7672b74543a98326109c.jpg
https://gss2.bdstatic.com/-fo3dSag_xI4khGkpoWK1HF6hhy/baike/c0%3Dbaike150%2C5%2C5%2C150%2C50/sign=5b587b7b7b899e516c83324623ceb256/3812b31bb051f819e8baabccdab44aed2f73e79d.jpg

https://gss3.bdstatic.com/7Po3dSag_xI4khGkpoWK1HF6hhy/baike/c0%3Dbaike116%2C5%2C5%2C116%2C38/sign=ad137b2cd43f8794c7f2407cb3726591/d833c895d143ad4bee45de5482025aafa40f063e.jpg
https://gss2.bdstatic.com/9fo3dSag_xI4khGkpoWK1HF6hhy/baike/c0%3Dbaike92%2C5%2C5%2C92%2C30/sign=47b52a62d1c8a786aa27425c0660a258/4d086e061d950a7b60a2c45c0ad162d9f3d3c997.jpg
https://gss0.bdstatic.com/-4o3dSag_xI4khGkpoWK1HF6hhy/baike/c0%3Dbaike92%2C5%2C5%2C92%2C30/sign=bc567c66c3fdfc03f175ebeab556ecf1/09fa513d269759ee49c7ea53b2fb43166c22df97.jpg
https://gss2.bdstatic.com/9fo3dSag_xI4khGkpoWK1HF6hhy/baike/c0%3Dbaike92%2C5%2C5%2C92%2C30/sign=21b22883d40735fa85fd46ebff3864d6/6a63f6246b600c330dee54501a4c510fd8f9a197.jpg

https://gss3.bdstatic.com/-Po3dSag_xI4khGkpoWK1HF6hhy/baike/c0%3Dbaike92%2C5%2C5%2C92%2C30/sign=0ee7595c2b34349b600b66d7a8837eab/94cad1c8a786c91754f4ea7fca3d70cf3ac75784.jpg
