
http://a4.att.hudong.com/62/27/01100000000000144731270951188_s.jpg	http://www.baike.com/wiki/%E6%97%B6%E9%92%9F%E8%8A%B1
http://a0.att.hudong.com/38/43/01200000025799136323436489242_s.jpg	http://www.baike.com/wiki/%E6%97%B6%E9%92%9F%E8%8A%B1
http://a0.att.hudong.com/36/35/16300000291092124349356593667.jpg	http://tupian.baike.com/a0_36_35_16300000291092124349356593667_jpg.html?prd=zhengwenye_left_futu_miaoshu
http://img.zwbk.org/baike/spic/2010/12/22/20101222094550608_6499.jpg	http://m.zwbk.org/lemma/98779
http://p.d1xz.net/2014/7/5/143932003200.jpg	http://3g.d1xz.net/astro/huayu/art56092.aspx
http://a4.att.hudong.com/76/35/16300000291092124349355620748.jpg	http://tupian.baike.com/a4_76_35_16300000291092124349355620748_jpg.html?prd=zhengwenye_left_futu_tupian
http://www.baihuamen.com/d/file/2014/05-22/c49dc08bc860b4a41b185d5e6b00b244.jpg	http://www.baihuamen.com/shizhonghua/
http://city.udn.com/community/img/PSN_PHOTO/hw1123/f_1039397_1.jpg	http://blog.udn.com/hw1123/1199019
http://s5.sinaimg.cn/mw690/001kuH79gy6Kgi1qeRw2e&690	http://blog.sina.com.cn/s/blog_d34c137f0102uwpe.html
http://img.zwbk.org/baike/spic/2010/12/22/20101222094700467_174.jpg	http://m.zwbk.org/lemma/98779
http://s15.sinaimg.cn/mw690/001kuH79gy6Kgj3VXhL41&690	http://blog.sina.com.cn/s/blog_d34c137f0102uwpe.html
http://www.imagewa.com/PhotoPreview/358/358_72324.jpg	http://kkke222.blog.163.com/blog/static/900985362010134145822/
http://pic13.nipic.com/20110302/6569459_223615249184_2.jpg	http://www.nipic.com/show/1/44/4293316k34e38223.html
https://thumbs.dreamstime.com/z/%E6%97%B6%E9%92%9F%E8%8A%B1-54722160.jpg	https://cn.dreamstime.com/%E5%BA%93%E5%AD%98%E7%85%A7%E7%89%87-%E6%97%B6%E9%92%9F%E8%8A%B1-image54722160
http://pic6.nipic.com/20100411/2420139_220728091369_2.jpg	http://www.nipic.com/show/1/44/efa6b2f8ab633adb.html
http://www.cas.ac.cn/kxcb/kpwz/201105/W020110516500641390280.jpg	http://www.cas.ac.cn/kxcb/kpwz/201105/t20110516_3133327.shtml
http://a0.att.hudong.com/18/86/01200000195455134434868544642_s.jpg	http://www.baike.com/wiki/%E9%BB%84%E6%97%B6%E9%92%9F%E8%8A%B1
http://img.zwbk.org/baike/spic/2010/12/22/20101222094900639_1226.jpg	http://m.zwbk.org/lemma/98779
http://img05.tooopen.com/images/20150412/tooopen_sy_118214177357.jpg	http://www.tooopen.com/view/849970.html
http://www.baihuamen.com/d/file/2014/05-12/879b497423297091c2d2a75241cfa854.jpg	http://www.baihuamen.com/shizhonghua/
http://7.blog.xuite.net/7/4/e/4/11253733/blog_227360/txt/20882282/11.jpg	http://blog.xuite.net/e2202778/boaboa/20882282
http://a0.att.hudong.com/75/27/01100000000000144731270844775_s.jpg	http://www.baike.com/wiki/%E6%97%B6%E9%92%9F%E8%8A%B1
http://7.blog.xuite.net/7/4/e/4/11253733/blog_227360/txt/20882282/1.jpg	http://blog.xuite.net/e2202778/boaboa/20882282
http://www.baihuamen.com/d/file/2014/05-22/862d75fe32430091fa243c816108adab.jpg	http://www.baihuamen.com/shizhonghua/
https://gss2.bdstatic.com/-fo3dSag_xI4khGkpoWK1HF6hhy/baike/s%3D220/sign=0ef63f61f2f2b211e02e824cfa816511/ae51f3deb48f8c548a209c3d33292df5e0fe7f34.jpg	https://baike.baidu.com/item/%E6%97%B6%E9%92%9F%E8%8A%B1
http://www.neipet.com/wp-content/uploads/2016/07/shizhonghua.png	http://www.neipet.com/plant/27120.html
http://2.bp.blogspot.com/-cno7JBQFDCA/UeuZJUH0dRI/AAAAAAAAWIg/8beBdKeAmMA/s1600/P1010198.JPG	http://purplewhee.blogspot.com/2012/04/
http://p.d1xz.net/2015/2/10/103420542054.jpg	http://www.d1xz.net/astro/huayu/art78652.aspx
http://www.pibaosi.net/uploads/allimg/160210/1-1602102039590-L.jpg	http://huahui.pibaosi.net/20160210/117346.html
http://s9.sinaimg.cn/mw690/001UxBfozy73jOVZSEE58&690	http://blog.sina.com.cn/s/blog_686788a60102wgof.html
http://serv.oga.ncku.edu.tw/ezfiles/72/1072/img/1561/P1160699.jpg	http://serv.oga.ncku.edu.tw/files/11-1072-13624.php?Lang=zh-tw
http://f.share.photo.xuite.net/jemi7956844/1f0e6e2/9899236/441319166_m.jpg	http://blog.xuite.net/jemi7956844/twblog/123413159-%E7%99%BD%E6%99%82%E9%90%98%E8%8A%B1
http://4.bp.blogspot.com/-hEpxfJcfOAo/VpoEXt4EiuI/AAAAAAAApCg/oHcxZgnjwc0/s1600/DSC07145.JPG	http://aeni1203.blogspot.com/2016/01/blog-post_16.html
http://img.xunhai.com/2015/11/26/144849433968178.jpg	http://www.xunhai.com/shizhonghua/2015/1126/3778.html
https://img1.doubanio.com/lpic/s27109987.jpg	https://www.douban.com/subject/25755707/
http://a1.att.hudong.com/55/67/01300000247011124312675638874.jpg	http://tupian.baike.com/a1_55_67_01300000247011124312675638874_jpg.html
http://pic.pimg.tw/spril/1399563937-3779618378.jpg	http://spril.pixnet.net/blog/post/32293593-%E6%99%82%E9%90%98%E8%8A%B1%28%E6%8B%89%E4%B8%81%E5%AD%B8%E5%90%8D%EF%BC%9Aturnera-ulmifolia%29-painter%E7%95%AB
http://www.fututa.com/manager/uploadfile/uploadImages/shengrimima/shengrihua/9/9-14.jpg	http://m.fututa.com/baike/a286/
http://3.bp.blogspot.com/-TTFWmDNE_jM/VQrjh1MbchI/AAAAAAAAoEg/4ZyTUwdSdbg/s1600/P1150029.JPG	http://purplewhee.blogspot.com/2015/03/blog-post.html
http://www.baihuamen.com/d/file/2014/05-22/f7fbd7337cfff5b28da9b4ad98c38333.jpg	http://www.baihuamen.com/shizhonghua/
https://c.share.photo.xuite.net/tsitahqm718/1c85cb0/9648271/422681889_m.jpg	http://blog.xuite.net/tsitahqm718/twblog/119765732-%E7%99%BD%E6%99%82%E9%90%98%E8%8A%B1%E3%80%80%E9%BB%83%E6%99%82%E9%90%98%E8%8A%B1
http://a3.att.hudong.com/51/27/01100000000000144731270892557_s.jpg	http://www.baike.com/wiki/%E6%97%B6%E9%92%9F%E8%8A%B1
https://c.share.photo.xuite.net/tsitahqm718/1c85c2f/9648271/422682016_m.jpg	http://blog.xuite.net/tsitahqm718/twblog/119765732-%E7%99%BD%E6%99%82%E9%90%98%E8%8A%B1%E3%80%80%E9%BB%83%E6%99%82%E9%90%98%E8%8A%B1
http://img.itc.cn/photo/jDGeJLyrQLk	http://niaoniaolaoba.blog.sohu.com/305758338.html
https://upload.wikimedia.org/wikipedia/commons/5/55/Turnera_subulata.jpg	https://zh.wikipedia.org/wiki/%E6%97%B6%E9%92%9F%E8%8A%B1%E7%A7%91
http://www.whps.tn.edu.tw/plant/uploads/schoolplant/84-1.jpg	http://www.whps.tn.edu.tw/plant/index.php?psn=84
http://s6.sinaimg.cn/mw690/001UnzBvgy6ZKFlEyAB55&690	http://blog.sina.com.cn/s/blog_684312490102w3kj.html
http://img05.tooopen.com/images/20150412/tooopen_sy_118215228771.jpg	http://www.tooopen.com/view/849978.html
http://www.huayugu.com.cn/uploads/allimg/160526/1-1605261526180-L.jpg	http://www.huayugu.com.cn/shizhonghua/
http://img05.tooopen.com/images/20150412/tooopen_sy_118214388369.jpg	http://www.tooopen.com/view/849972.html
http://2.bp.blogspot.com/-399CEpVuEUc/VQrjg_vLloI/AAAAAAAAoEU/adHCyoUvAQo/s1600/P1150021.JPG	http://purplewhee.blogspot.com/2015/03/blog-post.html
http://img05.tooopen.com/images/20150412/tooopen_sy_118214667928.jpg	http://www.tooopen.com/view/849975.html
https://w6.sanwen8.cn/mmbiz/4MdngHVyQ0wPQExz5Y2870wKicLbL3QARyWspXpNMepuLcxoyP7hjZL0TeqibK4d8VQIa8XenibyxibHgKmA9jrH1Q/0?wx_fmt=jpeg	https://sanwen8.cn/p/1d0dWiH.html
http://a2.att.hudong.com/18/27/01100000000000144731270878504_s.jpg	http://www.baike.com/wiki/%E6%97%B6%E9%92%9F%E8%8A%B1
http://e.share.photo.xuite.net/bruce0342/1e07d97/10988448/512885239_m.jpg	http://bruce0342.blogspot.com/2013/08/blog-post_29.html
https://c1.staticflickr.com/1/252/456415519_11b7f1f9e7_z.jpg?zz=1	https://www.flickr.com/photos/chang64330/456415519
http://img.zwbk.org/baike/spic/2010/12/22/20101222094333545_3083.jpg	http://m.zwbk.org/lemma/98779
http://s7.sinaimg.cn/mw690/001TVMgvgy6NZaYArDU36&690	http://blog.sina.com.cn/s/blog_67ddfd470102vbyu.html
https://thumbs.dreamstime.com/z/%E6%97%B6%E9%92%9F%E8%8A%B1%E6%97%A5%E5%86%85%E7%93%A6-13101221.jpg	https://cn.dreamstime.com/%E5%85%8D%E7%89%88%E7%A8%8E%E5%BA%93%E5%AD%98%E5%9B%BE%E7%89%87-3%E4%B8%AA%E6%97%B6%E9%92%9F%E8%8A%B1-image3420459
https://thumbs.dreamstime.com/z/%E6%97%B6%E9%92%9F%E8%8A%B1%E9%9A%94-%E7%99%BD%E8%89%B2-74525180.jpg	https://cn.dreamstime.com/%E5%BA%93%E5%AD%98%E7%85%A7%E7%89%87-%E6%97%B6%E9%92%9F%E8%8A%B1%E9%9A%94-%E7%99%BD%E8%89%B2-image74525180
http://img0.ph.126.net/lFVgZ6W34wu7gaWYGKJMDA==/6630231037350591885.jpg	http://zgh0369126.lofter.com/post/1cc5ba3b_6ee45d1
http://www.huayugu.com.cn/uploads/allimg/160526/1-1605261525080-L.jpg	http://www.huayugu.com.cn/shizhonghua/
http://info.qingdaoexpo2014.org/pic/img/img/2013/10/17/u123/190UDj5.jpg	http://info.qingdaoexpo2014.org/en/baike/view_84.html
https://thumbs.dreamstime.com/x/%E6%97%B6%E9%92%9F%E8%8A%B1%E9%9A%94-%E7%99%BD%E8%89%B2-66638017.jpg	https://cn.dreamstime.com/%E8%82%A1%E7%A5%A8%E8%A7%86%E9%A2%91-%E6%97%B6%E9%92%9F%E8%8A%B1%E9%9A%94-%E7%99%BD%E8%89%B2-video66638017
http://www.huaxianer.com/uploads/allimg/170427/2-1F42G50454P1.jpg	http://www.huaxianer.com/zhishi/04163.html
http://img0.ph.126.net/kpY_lb0TTh8nwWdqxBqcCQ==/1430174356683735693.jpg	http://t70140332.lofter.com/post/1cf617e9_7a11bb3
http://img.itc.cn/photo/jDGeJHuu97g	http://niaoniaolaoba.blog.sohu.com/305758338.html
http://s9.sinaimg.cn/mw690/001Z8pkngy6KhdonHnyc8&690	http://blog.sina.com.cn/s/blog_4b2981550102uxe9.html
http://5.blog.xuite.net/5/a/3/0/21154851/blog_1277436/txt/38500571/0.jpg	http://blog.xuite.net/yehrussell/blog/39524338-%E9%BB%83%E6%99%82%E9%90%98%E8%8A%B1
http://img.itc.cn/photo/jDGeJP7JuRG	http://niaoniaolaoba.blog.sohu.com/305758338.html
http://info.qingdaoexpo2014.org/pic/img/img/2013/9/12/u123/5702818.jpg	http://info.qingdaoexpo2014.org/en/baike/view_85.html
http://www.huayugu.com.cn/uploads/allimg/160526/1-160526151J20-L.jpg	http://www.huayugu.com.cn/shizhonghua/
http://www.huaxianer.com/uploads/allimg/170427/2-1F42G50435M7.jpg	http://www.huaxianer.com/zhishi/04163.html
http://image55.360doc.com/DownloadImg/2012/09/0722/26689922_2	http://www.360doc.com/content/12/0907/22/7012421_234919050.shtml
http://c.blog.xuite.net/c/f/8/f/13396183/blog_1400131/txt/59025566/0.jpg	http://blog.xuite.net/smile27/flower/59025566-%E7%99%BD%E6%99%82%E9%90%98%E8%8A%B1
http://s7.sinaimg.cn/bmiddle/001UnzBvgy6ZKFkUC1g46&690	http://blog.sina.com.cn/s/blog_684312490102w3kj.html
https://thumbs.dreamstime.com/x/%E6%97%B6%E9%92%9F%E8%8A%B1%E9%9A%94-%E7%99%BD%E8%89%B2-74525180.jpg	https://cn.dreamstime.com/%E5%BA%93%E5%AD%98%E7%85%A7%E7%89%87-%E6%97%B6%E9%92%9F%E8%8A%B1%E9%9A%94-%E7%99%BD%E8%89%B2-image74525180
http://tu.qt3191.com/allimg/c110627/130916132S5010-5W17.gif	http://www.qt3191.com/penzaitupian/54607.html
http://www.astro365.net/upload/0921-2.jpg	http://www.astro365.net/astronews/html/18/2009/0921/6929.html
http://www.huafensi.com/uploads/allimg/141230/1-141230150451944.jpg	http://www.huafensi.com/huahui/huangshizhonghua_797.html
https://d.share.photo.xuite.net/greendodo5511/1d63110/14662302/777114482_m.jpg	http://blog.xuite.net/greendodo5511/twblog/157724568-%E6%99%82%E9%90%98%E8%8A%B1
http://s15.sinaimg.cn/mw690/001TVMgvgy6NZb04C4ede&690	http://blog.sina.com.cn/s/blog_67ddfd470102vbyu.html
http://www.bbioo.com/uploadfile/2014/0509/201405090138325582.jpg	http://www.bbioo.com/experiment/24-64808-1.html
https://thumbs.dreamstime.com/z/%E8%8A%B1%E6%97%B6%E9%92%9F-37578747.jpg	https://cn.dreamstime.com/%E5%85%8D%E7%89%88%E7%A8%8E%E5%BA%93%E5%AD%98%E5%9B%BE%E7%89%87-3%E4%B8%AA%E6%97%B6%E9%92%9F%E8%8A%B1-image3420459
http://www.naturelib.net/sites/default/files/styles/larger/public/field/image/DSC_5838%E9%BB%84%E6%97%B6%E9%92%9F%E8%8A%B1_0.jpg?itok=_5zuJxzE	http://www.naturelib.net/node/915
http://s6.sinaimg.cn/mw690/001UxBfozy73jOSx8H3e5&690	http://blog.sina.com.cn/s/blog_686788a60102wgof.html
https://upload.wikimedia.org/wikipedia/commons/f/fd/Turnera_ulmifolia_01.JPG	https://zh.wikipedia.org/wiki/%E6%97%B6%E9%92%9F%E8%8A%B1%E5%B1%9E
http://s9.sinaimg.cn/mw690/001gBMUyzy78wncQIxG18&690	http://blog.sina.com.cn/s/blog_453c012a0102wyus.html
http://s8.sinaimg.cn/orignal/48819126bf7568a3e3d57	http://blog.sina.com.cn/s/blog_488191260100067q.html
https://thumbs.dreamstime.com/z/%E6%97%B6%E9%92%9F%E8%8A%B1%E9%9A%94-%E7%99%BD%E8%89%B2-52497456.jpg	https://cn.dreamstime.com/%E7%BC%96%E8%BE%91%E7%B1%BB%E7%85%A7%E7%89%87-%E6%97%B6%E9%92%9F%E8%8A%B1%E9%9A%94-%E7%99%BD%E8%89%B2-image52497456
http://s8.sinaimg.cn/middle/001DR5LKgy6WqVZ54Wz47&690	http://blog.sina.com.cn/s/blog_59b5724c0102w6m0.html
http://www.openlife.com.hk/images/jreviews/394_19.3_1289413084.jpg	http://www.openlife.com.hk/%E7%94%9F%E6%97%A5%E8%8A%B1%E8%AA%9E/11%E6%9C%8819%E6%97%A5%E7%94%9F%E6%97%A5%E8%8A%B1-%E6%99%82%E9%90%98%E8%8A%B1
http://zw3wmap1.zw3e.com:8080/zw_news_map/350/2013061/1370398085145536655.JPG	http://www.zw3e.com/bk/zhiwuzhizui/wwwae.html
http://img05.tooopen.com/images/20150412/tooopen_sy_118215433294.jpg	http://www.tooopen.com/view/849980.html
http://c.blog.xuite.net/c/f/8/f/13396183/blog_1400131/txt/32263796/17.jpg	http://blog.xuite.net/smile27/flower/32263796-%E9%BB%83%E6%99%82%E9%90%98%E8%8A%B1
http://img.boqiicdn.com/Data/BK/A/1512/7/imagick25281449469135_y.jpg	http://m.boqii.com/entry/detail/2295.html
https://thumbs.dreamstime.com/z/%E6%97%B6%E9%92%9F%E8%8A%B1%E9%9A%94-%E7%99%BD%E8%89%B2-60354653.jpg	https://cn.dreamstime.com/%E5%BA%93%E5%AD%98%E7%85%A7%E7%89%87-%E6%97%B6%E9%92%9F%E8%8A%B1%E9%9A%94-%E7%99%BD%E8%89%B2-image60354653
http://s5.sinaimg.cn/mw690/001UxBfozy73jOUUp3C04&690	http://blog.sina.com.cn/s/blog_686788a60102wgof.html
http://pic.pimg.tw/lnhocoka/1381240373-3017571384.jpg	http://lnhocoka.pixnet.net/blog/post/29261322-%E9%87%91%E9%BB%83%E4%BA%AE%E7%9C%BC%E7%9A%84%E9%BB%83%E6%99%82%E9%90%98%E8%8A%B1
https://thumbs.dreamstime.com/x/%E6%97%B6%E9%92%9F%E8%8A%B1kyiv-19736917.jpg	https://cn.dreamstime.com/%E5%85%8D%E7%89%88%E7%A8%8E%E5%9B%BE%E5%BA%93%E6%91%84%E5%BD%B1-%E6%97%B6%E9%92%9F%E8%8A%B1kyiv-image19736917
