
https://gss1.bdstatic.com/-vo3dSag_xI4khGkpoWK1HF6hhy/baike/c0%3Dbaike80%2C5%2C5%2C80%2C26/sign=c96acfd734a85edfee81f671283d6246/f703738da9773912c64023e6f8198618377ae2d7.jpg

https://gss2.bdstatic.com/-fo3dSag_xI4khGkpoWK1HF6hhy/baike/c0%3Dbaike92%2C5%2C5%2C92%2C30/sign=ca5637bd7fcb0a46912f836b0a0a9d41/9d82d158ccbf6c8146aff9afb83eb13532fa40d9.jpg
https://gss0.bdstatic.com/-4o3dSag_xI4khGkpoWK1HF6hhy/baike/c0%3Dbaike80%2C5%2C5%2C80%2C26/sign=27a13ba966d9f2d3341c2cbdc885e176/9c16fdfaaf51f3dee8dabd2c90eef01f3a297909.jpg
https://gss2.bdstatic.com/-fo3dSag_xI4khGkpoWK1HF6hhy/baike/c0%3Dbaike72%2C5%2C5%2C72%2C24/sign=6333db8340166d222c7a1dc6274a6292/ca1349540923dd546086fb20d209b3de9d824884.jpg
https://gss2.bdstatic.com/9fo3dSag_xI4khGkpoWK1HF6hhy/baike/c0%3Dbaike92%2C5%2C5%2C92%2C30/sign=56dc984d37fa828bc52e95b19c762a51/a08b87d6277f9e2fedea01401b30e924b999f39f.jpg
https://gss2.bdstatic.com/9fo3dSag_xI4khGkpoWK1HF6hhy/baike/c0%3Dbaike92%2C5%2C5%2C92%2C30/sign=bd058a6accfcc3cea0cdc161f32cbded/908fa0ec08fa513ddc826a96396d55fbb2fbd94a.jpg
https://gss1.bdstatic.com/9vo3dSag_xI4khGkpoWK1HF6hhy/baike/c0%3Dbaike72%2C5%2C5%2C72%2C24/sign=ce76776f8982b90129a0cb6112e4c212/902397dda144ad345808dbcfd3a20cf430ad85c6.jpg

https://gss3.bdstatic.com/-Po3dSag_xI4khGkpoWK1HF6hhy/baike/c0%3Dbaike116%2C5%2C5%2C116%2C38/sign=24b116080a46f21fdd395601974d0005/3b87e950352ac65ce3433e80fbf2b21192138afb.jpg
https://gss0.bdstatic.com/94o3dSag_xI4khGkpoWK1HF6hhy/baike/c0%3Dbaike116%2C5%2C5%2C116%2C38/sign=9c7403c51d950a7b613846966bb809bc/21a4462309f79052485e1fcd0cf3d7ca7acbd584.jpg
https://gss3.bdstatic.com/7Po3dSag_xI4khGkpoWK1HF6hhy/baike/c0%3Dbaike116%2C5%2C5%2C116%2C38/sign=35fa8493352ac65c73086e219a9bd974/7dd98d1001e939012e42d5cd7bec54e737d19684.jpg
https://gss2.bdstatic.com/9fo3dSag_xI4khGkpoWK1HF6hhy/baike/c0%3Dbaike116%2C5%2C5%2C116%2C38/sign=8b25a17c6c81800a7ae8815cd05c589f/bba1cd11728b4710e36fa53fc3cec3fdfd032384.jpg
https://gss1.bdstatic.com/9vo3dSag_xI4khGkpoWK1HF6hhy/baike/c0%3Dbaike116%2C5%2C5%2C116%2C38/sign=8e517c1ca9ec8a1300175fb2966afaea/0b46f21fbe096b632f5906a30c338744eaf8ac85.jpg

https://gss0.bdstatic.com/-4o3dSag_xI4khGkpoWK1HF6hhy/baike/c0%3Dbaike92%2C5%2C5%2C92%2C30/sign=ad65a60d314e251ff6faecaac6efa272/e824b899a9014c0882572c920b7b02087bf4f49d.jpg
https://gss3.bdstatic.com/-Po3dSag_xI4khGkpoWK1HF6hhy/baike/c0%3Dbaike92%2C5%2C5%2C92%2C30/sign=c092cd049345d688b70fbaf6c5ab167b/279759ee3d6d55fbb19472116c224f4a20a4ddb2.jpg
https://gss2.bdstatic.com/9fo3dSag_xI4khGkpoWK1HF6hhy/baike/c0%3Dbaike92%2C5%2C5%2C92%2C30/sign=2b8987fa5366d0166a14967af642bf62/d6ca7bcb0a46f21fac5b5a64f7246b600c33ae9d.jpg

https://gss1.bdstatic.com/9vo3dSag_xI4khGkpoWK1HF6hhy/baike/c0%3Dbaike92%2C5%2C5%2C92%2C30/sign=ac43e52d2934349b600b66d7a8837eab/94cad1c8a786c917f650560ec83d70cf3bc757b1.jpg
https://gss3.bdstatic.com/7Po3dSag_xI4khGkpoWK1HF6hhy/baike/c0%3Dbaike92%2C5%2C5%2C92%2C30/sign=55ee543f0dd79123f4ed9c26cc5d32e7/d788d43f8794a4c2e270e31c0ff41bd5ad6e39b1.jpg
https://gss1.bdstatic.com/-vo3dSag_xI4khGkpoWK1HF6hhy/baike/c0%3Dbaike92%2C5%2C5%2C92%2C30/sign=e6589da82fdda3cc1fe9b07260805264/5366d0160924ab183a45e50034fae6cd7b890bb1.jpg
https://gss2.bdstatic.com/-fo3dSag_xI4khGkpoWK1HF6hhy/baike/c0%3Dbaike92%2C5%2C5%2C92%2C30/sign=5b78ccfdae51f3ded7bfb136f5879b7a/024f78f0f736afc3bf5f3b52b219ebc4b74512b1.jpg
https://gss0.bdstatic.com/-4o3dSag_xI4khGkpoWK1HF6hhy/baike/c0%3Dbaike92%2C5%2C5%2C92%2C30/sign=58bfc1183b292df583cea447dd583705/b219ebc4b74543a94e77fefb1f178a82b901149c.jpg
https://gss0.bdstatic.com/-4o3dSag_xI4khGkpoWK1HF6hhy/baike/c0%3Dbaike92%2C5%2C5%2C92%2C30/sign=4e09e00eb2de9c82b268f1dd0de8eb6f/f9198618367adab496bc1f748ad4b31c8701e49d.jpg

https://gss2.bdstatic.com/9fo3dSag_xI4khGkpoWK1HF6hhy/baike/c0%3Dbaike92%2C5%2C5%2C92%2C30/sign=37f98429f7deb48fef64a98c9176514c/79f0f736afc37931c0569861efc4b74543a911bf.jpg
https://gss1.bdstatic.com/9vo3dSag_xI4khGkpoWK1HF6hhy/baike/c0%3Dbaike80%2C5%2C5%2C80%2C26/sign=9ed9d2a4d500baa1ae214fe92679d277/63d0f703918fa0ec091e7b45229759ee3c6ddb98.jpg
https://gss0.bdstatic.com/-4o3dSag_xI4khGkpoWK1HF6hhy/baike/c0%3Dbaike80%2C5%2C5%2C80%2C26/sign=6efa48a1f6d3572c72ef948eeb7a0842/fcfaaf51f3deb48fe87fbe96f41f3a292df57867.jpg
https://gss0.bdstatic.com/-4o3dSag_xI4khGkpoWK1HF6hhy/baike/c0%3Dbaike80%2C5%2C5%2C80%2C26/sign=c2ed614ea8af2eddc0fc41bbec796a8c/aa18972bd40735fa522951f19a510fb30e240898.jpg
https://gss3.bdstatic.com/7Po3dSag_xI4khGkpoWK1HF6hhy/baike/c0%3Dbaike80%2C5%2C5%2C80%2C26/sign=5ec13fb632d3d539d53007915bee8235/f9dcd100baa1cd11e5a06d68bd12c8fcc3ce2d67.jpg

https://gss2.bdstatic.com/9fo3dSag_xI4khGkpoWK1HF6hhy/baike/c0%3Dbaike116%2C5%2C5%2C116%2C38/sign=eda59a88a8ec8a1300175fb2966afaea/0b46f21fbe096b634cade0370d338744ebf8ac25.jpg
https://gss1.bdstatic.com/-vo3dSag_xI4khGkpoWK1HF6hhy/baike/c0%3Dbaike80%2C5%2C5%2C80%2C26/sign=6ed677549345d688b70fbaf6c5ab167b/b3fb43166d224f4a8d8fcd7408f790529822d147.jpg
https://gss1.bdstatic.com/-vo3dSag_xI4khGkpoWK1HF6hhy/baike/c0%3Dbaike92%2C5%2C5%2C92%2C30/sign=19af5a0fcdbf6c81e33a24badd57da50/dbb44aed2e738bd436310c56a08b87d6277ff941.jpg
https://gss1.bdstatic.com/-vo3dSag_xI4khGkpoWK1HF6hhy/baike/c0%3Dbaike92%2C5%2C5%2C92%2C30/sign=6022ce150df41bd5ce5ee0a630b3eaae/4e4a20a4462309f78d6e842c710e0cf3d7cad68e.jpg
https://gss0.bdstatic.com/94o3dSag_xI4khGkpoWK1HF6hhy/baike/c0%3Dbaike92%2C5%2C5%2C92%2C30/sign=f82a152aa818972bb737089887a410ec/f31fbe096b63f624435c103d8444ebf81a4ca38e.jpg
https://gss2.bdstatic.com/-fo3dSag_xI4khGkpoWK1HF6hhy/baike/c0%3Dbaike92%2C5%2C5%2C92%2C30/sign=4bfb1ae73a01213fdb3e468e358e5db4/d50735fae6cd7b8958ba14bd0c2442a7d9330e3d.jpg
https://gss1.bdstatic.com/-vo3dSag_xI4khGkpoWK1HF6hhy/baike/c0%3Dbaike92%2C5%2C5%2C92%2C30/sign=6f0467fa09d162d991e36a4e70b6c289/e61190ef76c6a7efa3178118fefaaf51f3de66de.jpg
https://gss0.bdstatic.com/-4o3dSag_xI4khGkpoWK1HF6hhy/baike/c0%3Dbaike92%2C5%2C5%2C92%2C30/sign=4c04033eea24b899ca31716a0f6f76f0/55e736d12f2eb938ff6c53ccd6628535e5dd6f8e.jpg
https://gss1.bdstatic.com/-vo3dSag_xI4khGkpoWK1HF6hhy/baike/c0%3Dbaike92%2C5%2C5%2C92%2C30/sign=f6c71648f11fbe090853cb460a096756/cdbf6c81800a19d83132ad3b30fa828ba61e46de.jpg
https://gss2.bdstatic.com/9fo3dSag_xI4khGkpoWK1HF6hhy/baike/c0%3Dbaike92%2C5%2C5%2C92%2C30/sign=6744d01d4a540923be646b2cf331ba6c/f703738da977391259eeab5ffb198618377ae2c0.jpg
https://gss0.bdstatic.com/-4o3dSag_xI4khGkpoWK1HF6hhy/baike/c0%3Dbaike92%2C5%2C5%2C92%2C30/sign=980f9b4ae8f81a4c323fe49bb6430b3c/838ba61ea8d3fd1fd5088b04334e251f95ca5f8e.jpg
https://gss3.bdstatic.com/-Po3dSag_xI4khGkpoWK1HF6hhy/baike/c0%3Dbaike92%2C5%2C5%2C92%2C30/sign=7b2320c99c3df8dcb23087c3ac7819ee/f3d3572c11dfa9ec81ff782961d0f703918fc13e.jpg
