
http://www.baihuamen.com/d/file/2014/03-13/1a27733905483c82c9d9e9e06ddcea9c.jpg	http://www.baihuamen.com/baxianhua/
http://www.iyanghua.com/f/baxianhua/20081121220131_2.jpg	http://www.iyanghua.com/f/baxianhua/
http://www.baihuamen.com/d/file/2014/03-13/b20d5e396b64acddb63c2dc20ca18158.jpg	http://www.baihuamen.com/baxianhua/
http://www.ababa.us/wp-content/uploads/2011/11/001-bxh014.jpg	http://www.ababa.us/3270
http://zixun.rrs.com/uploads/allimg/140917/1K34160K-0.jpg	http://zixun.rrs.com/jiashigonglue/2495.html
http://tgi1.jia.com/114/894/14894512.jpg	http://www.jia.com/baike/xartile/352575.html
http://a3.att.hudong.com/82/33/19300001302824131884337557576.jpg	http://huayu.baike.com/article-83219.html
http://a2.att.hudong.com/12/85/01100000000000144724858978258_s.jpg	http://www.baike.com/wiki/%E5%85%AB%E4%BB%99%E8%8A%B1
http://pic16.nipic.com/20110929/4224370_192746465164_2.jpg	http://www.nipic.com/show/5173797.html
http://img.zwbk.org/baike/spic/2011/03/25/20110325105559271_6049.jpg	http://m.zwbk.org/lemma/134246
http://wallcoo.com/flower/flower_Hydrangea_01/mxxx01/%5Bwallcoo.com%5D_Hydrangea_wallpaper_162973a.jpg	http://wallcoo.com/flower/flower_Hydrangea_01/html/image23.html
http://www.iqiya.com/uploadfile/article/69/1_3o5rf__.jpg	http://www.iqiya.com/article/2015-06-27/64804.html
http://a3.att.hudong.com/30/87/19300001382667132616875293274.jpg	http://yanghua.baike.com/article-131945.html
http://a2.att.hudong.com/32/85/01100000000000144724858998767_s.jpg	http://www.baike.com/wiki/%E5%85%AB%E4%BB%99%E8%8A%B1
http://wallcoo.com/flower/flower_Hydrangea_01/mxxx01/%5Bwallcoo.com%5D_Hydrangea_wallpaper_EZ089.jpg	http://wallcoo.com/flower/flower_Hydrangea_01/html/image35.html
http://tu.qt3191.com/allimg/1101/1-110104202534.jpg	http://www.qt3191.com/changjianhuahuitu/34841.html
https://gss2.bdstatic.com/-fo3dSag_xI4khGkpoWK1HF6hhy/baike/s%3D220/sign=95b78cf26b600c33f479d9ca2a4e5134/4a36acaf2edda3cc820df7c601e93901203f926f.jpg	https://baike.baidu.com/item/%E5%85%AB%E4%BB%99%E8%8A%B1
http://www.pp3.cn/uploads/allimg/111201/1H64352R-3.jpg	http://www.pp3.cn/a/bizhi/gaoqingbizhi/201112013999.html
http://pic1.nipic.com/2008-08-28/200882884420510_2.jpg	http://www.nipic.com/show/1/47/26572e929aa90b9c.html
http://www.wallcoo.com/flower/flower_Hydrangea_01/wallpapers/1024x768/%5Bwallcoo%5D_hydrangea_picture_0162973.jpg	http://www.wallcoo.com/flower/flower_Hydrangea_01/wallpapers/1024x768/[wallcoo]_hydrangea_picture_0162973.html
http://wallcoo.com/flower/flower_Hydrangea_01/mxxx01/%5Bwallcoo.com%5D_Hydrangea_wallpaper_0EZ090.jpg	http://wallcoo.com/flower/flower_Hydrangea_01/html/image7.html
https://www.huabaike.com/uploads/allimg/artimg/201701/20170109151742_14235.jpg	https://m.huabaike.com/jtyh/6707.html
https://www.huabaike.com/uploads/allimg/artimg/201511/20151116163652_33483.jpg	https://www.huabaike.com/hyjk/36.html
http://a1.att.hudong.com/03/85/01100000000000144724858947713_s.jpg	http://www.baike.com/wiki/%E5%85%AB%E4%BB%99%E8%8A%B1
http://pic15.nipic.com/20110705/4224370_173617374116_2.jpg	http://www.nipic.com/show/1/44/4797763k3de441bd.html
http://images.nongmiao.com/big/baike/2014/08/20/21/1408202116011773.jpg	http://www.nongmiao.com/baike/baxianhua.html
http://www.18yl.com/Images/MmBjPic/2009-5/4/1d620f73-db61-4880-8e3f-442d101f3999.jpg	http://www.18yl.com/PriceSkill/14029.htm
http://www.baihuajian.com/uploads/201607/1468328652CP58B4Fd_s.jpg	http://www.baihuajian.com/doc-view-471.html
https://www.huabaike.com/uploads/allimg/sltimg/201511/56457ede934fb.jpg	https://www.huabaike.com/sgzw/664.html
http://wallcoo.com/flower/flower_Hydrangea_01/mxxx01/%5Bwallcoo.com%5D_Hydrangea_wallpaper_5(1).jpg	http://wallcoo.com/flower/flower_Hydrangea_01/html/image29.html
http://www.epochtimes.com/i6/707132143251123.jpg	http://www.epochtimes.com/b5/7/7/14/n1772917.htm
https://www.huabaike.com/uploads/allimg/sltimg/201511/56457dbeaf215.jpg	https://www.huabaike.com/sgzw/664.html
http://e.share.photo.xuite.net/bruce0342/1e07d48/10988373/512979699_m.jpg	http://bruce0342.blogspot.com/2010/07/blog-post_25.html
http://www.1nongjing.com/uploads/allimg/150728/892-150HQ62250Z5.jpg	http://m.1nongjing.com/a/201507/105352.html
http://wallcoo.com/flower/flower_Hydrangea_01/mxxx01/%5Bwallcoo.com%5D_Hydrangea_wallpaper_72.jpg	http://wallcoo.com/flower/flower_Hydrangea_01/html/image32.html
http://www.miaomu523.com/upload/20141004/201410040445213437.jpg	http://www.miaomu523.com/baxianhua/
http://www.baihuamen.com/d/file/2014/03-13/d6d852d1d9c89269f700e7fb1748e8f2.jpg	http://www.baihuamen.com/baxianhua/
http://www.wallcoo.com/flower/flower_Hydrangea_01/wallpapers/1024x768/%5Bwallcoo%5D_hydrangea_picture_EZ091.jpg	http://www.wallcoo.com/flower/flower_Hydrangea_01/wallpapers/1024x768/[wallcoo]_hydrangea_picture_EZ091.html
http://pic16.nipic.com/20110929/7960243_110437763134_2.jpg	http://www.nipic.com/show/1/44/5164264k9d93b790.html
http://wallcoo.com/flower/flower_Hydrangea_01/mxxx01/%5Bwallcoo.com%5D_Hydrangea_wallpaper_0EZ093.jpg	http://wallcoo.com/flower/flower_Hydrangea_01/html/image9.html
http://pic.nipic.com/2008-01-22/200812213728127_2.jpg	http://www.nipic.com/show/1/7/f393442be3438bf4.html
https://www.huabaike.com/uploads/allimg/artimg/201511/20151116165109_94276.jpg	https://www.huabaike.com/yhjq/24.html
http://www.gdyuanlin.cn/miaomuimages/%E5%85%AB%E4%BB%99%E8%8A%B1.jpg	http://www.gdyuanlin.cn/wikipedia/18381794.html
http://www.pjcn.org/uploads/allimg/1608/1-160Q0224640Z6.jpg	http://www.pjcn.org/hy/2177/
https://cdn.pixabay.com/photo/2014/07/05/10/12/plate-hydrangea-384728_960_720.jpg	https://pixabay.com/zh/%E7%BB%A3%E7%90%83%E8%8A%B1%E6%9D%BF-%E5%85%AB%E4%BB%99%E8%8A%B1-%E8%93%9D%E8%89%B2-%E8%8A%B1%E5%9B%AD-384728/
http://file.azg168.cn/file/yangzhaifengshui/fengshuizhiwu/20150708/c1152f62d5046f92ca47903ee6a1e6fa.jpg	http://www.azg168.cn/yangzhaifengshui/fengshuizhiwu/92962.html
http://www.iqiya.com/uploadfile/article/322/1_ajiz4720131022_07b025323b678fa7b04bOqbfqigeRgHu.jpg	http://www.iqiya.com/article/2015-06-27/64804.html
http://www.wall001.com/flower/flower_Hydrangea_01/mxxx01/[wall001.com]_Hydrangea_wallpaper_0Vol_060_CL173.jpg	http://www.wall001.com/flower/flower_Hydrangea_01/html/image16.html
http://p1.s.hjfile.cn/thread/201206/2012060582139059_934_o.jpg	http://bulo.hujiang.com/menu/8249/item/601709/
http://info.qingdaoexpo2014.org/pic/img/img/2013/8/30/u123/2934888.jpg	http://info.qingdaoexpo2014.org/zh/baike/view_576.html
http://www.iyanghua.com/f/baxianhua/20081121215812_2.jpg	http://www.iyanghua.com/f/baxianhua/
http://img4.ph.126.net/bNLEfYigapk0N4U1vplalA==/2536089540180792574.jpg	http://zhy-xianger.blog.163.com/blog/static/5678852220126169830909/
https://thumbs.dreamstime.com/z/%E4%B8%8A%E8%89%B2%E5%85%AB%E4%BB%99%E8%8A%B1%E5%B1%9E%E5%A4%9A-5257955.jpg	https://cn.dreamstime.com/%E5%BA%93%E5%AD%98%E5%9B%BE%E7%89%87-%E4%B8%8A%E8%89%B2%E5%85%AB%E4%BB%99%E8%8A%B1%E5%B1%9E%E5%A4%9A-image5257971
http://image.yuanlin.com/News/UploadFiles/2016/7/351aa0e1-db88-4c63-8d96-78c907e9795e.jpg	http://www.yuanlin.com/baike/detail_161.html
https://1.share.photo.xuite.net/m49.k5083/115531f/14283493/752986682_m.jpg	http://blog.xuite.net/m49.k5083/twblog/153769077-%E7%8B%B9%E7%93%A3%E5%85%AB%E4%BB%99%E8%8A%B1
https://www.huabaike.com/uploads/allimg/sltimg/201511/56457aad467e0.jpg	https://www.huabaike.com/sgzw/664.html
http://e.share.photo.xuite.net/bruce0342/1e07d02/10988373/512979117_m.jpg	http://bruce0342.blogspot.com/2010/07/blog-post_25.html
https://cdn.pixabay.com/photo/2016/07/15/09/10/hydrangea-1518510_960_720.jpg	https://pixabay.com/zh/%E5%85%AB%E4%BB%99%E8%8A%B1-%E8%8A%B1-%E8%A7%82%E8%B5%8F%E8%8A%B1-%E5%8E%82-%E8%A7%82%E8%B5%8F%E6%A4%8D%E7%89%A9-%E9%B2%9C%E8%8A%B1-%E7%BB%A3%E7%90%83%E8%8A%B1-%E8%93%9D%E8%89%B2-%E7%B4%AB-1518510/
http://a1.att.hudong.com/67/62/300000764046131304620076284_s.jpg	http://www.baike.com/wiki/%E5%85%AB%E4%BB%99%E8%8A%B1
http://a1.att.hudong.com/07/80/28300309316150149750807098627_s.jpg	http://www.baike.com/wiki/%E5%85%AB%E4%BB%99%E8%8A%B1
https://gw.alicdn.com/bao/uploaded/i3/139083869/TB2J.kXXhwlyKJjSZFsXXar3XXa_!!139083869.jpg_230x230.jpg	https://www.taobao.com/article/BiBQELEXCOCzDwBb.html
https://www.huabaike.com/uploads/allimg/artimg/201511/20151116162959_92658.jpg	https://www.huabaike.com/yhjq/44.html
http://www.huayugu.com.cn/uploads/allimg/160221/1-1602212335320-L.jpg	http://www.huayugu.com.cn/baxianhua/
http://www.chinabaike.com/uploads/allimg/151007/10015V362-0.jpg	http://www.chinabaike.com/t/9509/2015/1007/3500571.html
http://pic21.nipic.com/20120520/8759743_155317268192_2.jpg	http://www.nipic.com/show/1/44/6238274kabbb0a4d.html
http://img.zwbk.org/baike/spic/2011/03/25/20110325110434161_5124.jpg	http://m.zwbk.org/lemma/134246
http://www.wallcoo.com/flower/flower_Hydrangea_01/wallpapers/1024x768/%5Bwallcoo%5D_hydrangea_picture_CL170.jpg	http://www.wallcoo.com/flower/flower_Hydrangea_01/wallpapers/1024x768/[wallcoo]_hydrangea_picture_CL170.html
http://www.baihuamen.com/d/file/2014/03-13/19e49d7bbb0ea572b6798d5e96423fed.jpg	http://www.baihuamen.com/baxianhua/
http://tu.qt3191.com/allimg/1012/1-1012301I121.jpg	http://www.qt3191.com/changjianhuahuitu/34836.html
http://wallcoo.com/flower/flower_Hydrangea_01/mxxx01/%5Bwallcoo.com%5D_Hydrangea_wallpaper_2004731225130442.jpg	http://wallcoo.com/flower/flower_Hydrangea_01/html/image25.html
http://tu.qt3191.com/allimg/1012/1-10122QU559.jpg	http://www.qt3191.com/changjianhuahuitu/34835.html
http://img01.hua.com/uploadpic/images/20164261813503424106.jpg	http://www.hua.com/huayu/15677.html
https://cdn.pixabay.com/photo/2015/07/12/16/32/hydrangea-842153_960_720.jpg	https://pixabay.com/zh/%E5%85%AB%E4%BB%99%E8%8A%B1-%E8%93%9D%E8%89%B2-%E8%8A%B1-%E8%8A%B1%E5%9B%AD-%E5%BC%80%E8%8A%B1-842153/
https://cdn.pixabay.com/photo/2013/07/26/01/54/hydrangea-167257_960_720.jpg	https://pixabay.com/zh/%E5%85%AB%E4%BB%99%E8%8A%B1-%E8%8A%BD-%E8%8A%B1-%E8%8A%B1%E8%95%BE-%E8%93%9D%E8%89%B2-%E7%BB%A3%E7%90%83-%E6%B8%A9%E5%AE%A4%E7%BB%A3%E7%90%83-167257/
https://thumbs.dreamstime.com/z/%E5%85%AB%E4%BB%99%E8%8A%B1%E5%B1%9E%E7%B2%89%E7%BA%A2%E8%89%B2-20461086.jpg	https://cn.dreamstime.com/%E5%BA%93%E5%AD%98%E7%85%A7%E7%89%87-%E4%B8%8E%E5%85%AB-%E8%8A%B1%E5%B1%9E-%E8%89%B2%E5%8F%B6%E5%AD%90%E7%9A%84%E6%A1%83%E7%BA%A2%E8%89%B2%E8%8A%B1%E5%BC%80%E8%8A%B1-image42852042
https://gss0.bdstatic.com/-4o3dSag_xI4khGkpoWK1HF6hhy/baike/c0%3Dbaike60%2C5%2C5%2C60%2C20/sign=05775901257f9e2f6438155a7e598241/37d12f2eb9389b50eb3e0bb58735e5dde6116e10.jpg	https://baike.baidu.com/item/%E7%BB%A3%E7%90%83%E8%8A%B1
http://www.52yhua.com/uploads/allimg/160921/1-160921213004.jpg	http://www.52yhua.com/jiating/3680.html
http://wallcoo.com/flower/flower_Hydrangea_01/mxxx01/%5Bwallcoo.com%5D_Hydrangea_wallpaper_30.jpg	http://wallcoo.com/flower/flower_Hydrangea_01/html/image27.html
https://www.huabaike.com/uploads/allimg/artimg/201511/20151116164801_47998.jpg	https://www.huabaike.com/jtyh/26.html
http://www.iyanghua.com/f/baxianhua/20081121220011_2.jpg	http://www.iyanghua.com/f/B3EB2748D5754B88B155C1EDB11FDCAD/
http://pic21.nipic.com/20120520/8759743_160005264113_2.jpg	http://www.nipic.com/zhuanti/1147495.html
http://img22.mtime.cn/up/2011/04/18/174357.32878676_500.jpg	http://i.mtime.com/co446co/photo/5151650/
http://pic17.nipic.com/20111015/7943839_122743513143_2.jpg	http://www.nipic.com/show/1/44/5214847k097c8611.html
http://img.mp.itc.cn/upload/20170505/d5b40cfa3f2a4c10afff120d7d437d45_th.png	http://www.sohu.com/a/138383718_764974
http://tu.qt3191.com/allimg/1101/1-11010QR629.jpg	http://www.qt3191.com/changjianhuahuitu/34847.html
http://img.ph.126.net/808M4FjWlODcl6ouFR2ZPA==/6599321566470639455.jpg	http://didihappy1013like.lofter.com/post/2effd1_1220188
https://gss2.bdstatic.com/9fo3dSag_xI4khGkpoWK1HF6hhy/baike/w%3D400/sign=4446928574d98d1076d40d31113eb807/48540923dd54564ef8c3e040bbde9c82d1584f20.jpg	https://baike.baidu.com/item/%E5%85%AB%E4%BB%99%E8%8A%B1
http://www.52yhua.com/uploads/allimg/160908/1-160ZR30158.jpg	http://m.52yhua.com/muben/3518.html
http://www.wed114.cn/jiehun/uploads/allimg/160223/52_160223162317_2.jpg	http://www.wed114.cn/jiehun/zhiwu/20160223143319.html
http://www.ynhmw.com/file/upload/201404/04/17-33-34-80-1.jpg	http://www.ynhmw.com/yuanyi/show-806.html
http://pic15.nipic.com/20110702/7724603_091032311146_2.jpg	http://www.nipic.com/show/1/44/4785010k3c13bf6e.html
https://cdn.huaniaoy.cn/20160120/original/1453303895379.jpg@!picb	https://www.huaniaoy.com/yangzhifangfa/92/
http://pic15.nipic.com/20110702/7724603_090922561140_2.jpg	http://www.nipic.com/show/1/44/4785011k21d4946b.html
http://www.52yhua.com/uploads/allimg/160921/1-160921212954.jpg	http://www.52yhua.com/jiating/3680.html
https://thumbs.dreamstime.com/z/%E5%85%AB%E4%BB%99%E8%8A%B1%E5%B1%9E%E6%B5%81%E6%98%9F-25541953.jpg	https://cn.dreamstime.com/%E5%BA%93%E5%AD%98%E7%85%A7%E7%89%87-%E5%85%AB-%E8%8A%B1%E5%B1%9Earborescens-annabelle%E7%99%BD%E8%89%B2%E7%90%83%E5%A4%8F%E5%A4%A9%E8%8A%B1-image56276094
https://gss2.bdstatic.com/9fo3dSag_xI4khGkpoWK1HF6hhy/baike/c0%3Dbaike60%2C5%2C5%2C60%2C20/sign=839ca0e96509c93d13ff06a5fe5493b9/10dfa9ec8a136327285b28d4938fa0ec09fac7a7.jpg	https://baike.baidu.com/item/%E7%BB%A3%E7%90%83%E8%8A%B1
https://www.huabaike.com/uploads/allimg/sltimg/201511/56457992e358e.jpg	https://www.huabaike.com/yhjq/24.html
http://wallcoo.com/flower/flower_Hydrangea_01/mxxx01/%5Bwallcoo.com%5D_Hydrangea_wallpaper_0kon3.jpg	http://wallcoo.com/flower/flower_Hydrangea_01/html/image10.html
https://img.imynest.com/uploads/5/A1/5A113D68A8.jpeg	https://www.imynest.com/content/58860.html
http://map1.zw3e.com:8080/zw_news_map/200/2016043/1461220182925831531.png	http://www.zw3e.com/197/
