
http://www.baihuamen.com/d/file/2014/05-25/a4a53a8d2cadb59450caf2fa71184fa9.jpg	http://www.baihuamen.com/dianshancha/
http://www.baihuamen.com/d/file/2014/05-25/90331a82b8a712caad86717d624c820d.jpg	http://www.baihuamen.com/dianshancha/
http://pic1.huashichang.com/2016/0131/22/56ae1a7e499c4.jpg	http://www.aihuhua.com/tu/dianshancha.html
http://www.51hm.cn/zwpic/%E4%BA%91%E5%8D%97%E5%B1%B1%E8%8C%B62.jpg	http://www.51hm.cn/zw/zwshow.asp?zwid=2219
http://pic1.huashichang.com/2016/0131/22/56ae1a860bd34.jpg	http://www.aihuhua.com/tu/dianshancha.html
http://img.xunhai.com/2015/11/26/144854426475534.jpg	http://www.xunhai.com/dianshancha/2015/1126/4674.html
http://baike.spbz.org/uploads/201403/1396012736oUuPWymJ.jpg	http://baike.spbz.org/doc-view-6195.html
http://www.baihuamen.com/d/file/2014/05-25/aab25c5b0de4bab4dc953e4c3e0d8f63.jpg	http://www.baihuamen.com/dianshancha/
http://gate.sinovision.net:82/gate/big5/cdnwww.sinovision.net/data/attachment/album/201502/23/203400hmgc0wcdhs9h5mmf.jpg	http://gate.sinovision.net:82/gate/big5/blog.sinovision.net/home/space/uid/30435/do/blog/id/248718.html
http://1821.img.pp.sohu.com.cn/images/2008/5/19/20/15/11aa59e948f.jpg	http://daibiaoyunnan.blog.sohu.com/87854535.html
http://www.baihuamen.com/d/file/2014/05-25/c6ac04e75e80cfd73ebd49aa9e519012.jpg	http://www.baihuamen.com/dianshancha/
http://www.hmecw.com/file/upload/201011/29/15-00-48-72-604.jpg	http://wanggou.fan-pin.com/st-bcccnzzv.html
http://img.ipet.tw/uploads/4/6D/46DF16B6F8.jpeg	http://www.ipet.tw/content/24811.html
http://img.xunhai.com/2015/11/26/144854426457748.jpg	http://www.xunhai.com/dianshancha/2015/1126/4674.html
http://qcyn.sinaimg.cn/2011/0222/U5766P1032DT20110222154118.jpg	http://qcyn.sina.com.cn/travel/sibao/hua/2011/0222/15484725283.html
http://pic1.huashichang.com/2016/0131/22/56ae1a8394ca3.jpg	http://www.aihuhua.com/tu/dianshancha.html
http://zy.zwbk.org/images/thumb/2/25/90619.jpg/280px-90619.jpg	http://zy.zwbk.org/index.php/%E6%BB%87%E5%B1%B1%E8%8C%B6
http://www.chla.com.cn/uploadfile/2011/new2011617/images/2012/11/20121112200537.jpg	http://www.chla.com.cn/htm/2012/1112/148963.html
http://pic1.huashichang.com/2016/0131/22/56ae1a7ef174c.jpg	http://www.aihuhua.com/tu/dianshancha.html
http://a0.att.hudong.com/65/95/01100000000000144723956416033_s.jpg	http://www.baike.com/wiki/%E6%BB%87%E5%B1%B1%E8%8C%B6
http://img.photobucket.com/albums/v424/smalloranges/P1020770.jpg	http://www.smalloranges.net/2011/03/%E6%BB%87%E8%A1%8C%C2%B7%E8%8A%B1%E6%9C%A8%E6%B1%87%E2%80%94%E2%80%94%E8%94%B7%E8%96%87%E7%A7%91%E5%8F%8A%E5%85%B6%E5%AE%83/
http://www.chantuguan.com/ueditor/php/upload/image/20170617/1497666993137749.jpg	http://www.chantuguan.com/baike/763.html
http://www.baihuamen.com/d/file/2014/05-25/b344a81e75eb39ba8757629862d958bf.jpg	http://www.baihuamen.com/dianshancha/16310_11.html
http://pic1.huashichang.com/2016/0131/22/56ae1a7fb4f4a.jpg	http://www.aihuhua.com/tu/dianshancha.html
http://www.baihuamen.com/d/file/2014/05-25/7d4116bf41c2b9d7eb9cbdc395269dd5.jpg	http://www.baihuamen.com/dianshancha/16310_15.html
http://pic1.huashichang.com/2016/0131/22/56ae1a86ea236.jpg	http://m.aihuhua.com/tupian/tupiankf5.html
http://pic1.huashichang.com/2016/0131/22/56ae1a80530bd.jpg	http://www.aihuhua.com/tupian/tupiankex.html
http://pic1.win4000.com/pic/4/c8/a4df1344729.jpg	http://www.win4000.com/meinv112686.html
http://www.baihuamen.com/d/file/2014/05-25/577cd584a3262e21dfe6ae0a0fd9f1d0.jpg	http://www.baihuamen.com/dianshancha/16310_10.html
http://img.tulaoshi.com/201704/11/96a33b3a9691e7e786d6706e44de544d.jpg	http://www.tulaoshi.com/dianshancha/
http://www.baihuamen.com/d/file/2014/05-24/715b11edf78e5fc88015b632980a4f02.jpg	http://www.baihuamen.com/dianshancha/16300.html
http://www.baihuamen.com/d/file/2014/05-25/4a527aa6a8460b43068209e919b9dd6e.jpg	http://www.baihuamen.com/dianshancha/
http://www.baihuamen.com/d/file/2014/05-25/0821fa9309eebc73366008df8358703b.jpg	http://www.baihuamen.com/dianshancha/16310_3.html
http://www.baihuamen.com/d/file/2014/05-25/36410cddc9c24866e7ee097610340b88.jpg	http://www.baihuamen.com/dianshancha/16310_5.html
http://www.huayugu.com.cn/uploads/allimg/160201/1-1602011505180-L.jpg	http://www.huayugu.com.cn/shanchahua/8304.html
https://cdn.huaniaoy.cn/20160905/original/1473028082822.jpg@!qwidth300	https://www.huaniaoy.com/zhiwu/1505
http://gate.sinovision.net:82/gate/big5/cdnwww.sinovision.net/data/attachment/album/201502/23/203607ntmnstn8ynxmhans.jpg	http://gate.sinovision.net:82/gate/big5/blog.sinovision.net/home/space/uid/30435/do/blog/id/248718.html
http://img.boqiicdn.com/Data/BK/A/1601/15/imagick34261452827930_y.jpg	http://www.boqii.com/entry/detail/2432.html
https://gss3.bdstatic.com/7Po3dSag_xI4khGkpoWK1HF6hhy/baike/s%3D220/sign=2d5fc81568d0f703e2b292de38fa5148/37d3d539b6003af39dcb42623f2ac65c1038b6bb.jpg	https://baike.baidu.com/item/%E4%BA%94%E6%9F%B1%E6%BB%87%E5%B1%B1%E8%8C%B6
https://gss2.bdstatic.com/9fo3dSag_xI4khGkpoWK1HF6hhy/baike/w%3D400/sign=3ccdabb5b91c8701d6b6b3e6177e9e6e/4e4a20a4462309f782ecb843780e0cf3d6cad6db.jpg	https://baike.baidu.com/item/%E6%BB%87%E5%B1%B1%E8%8C%B6
http://img.boqiicdn.com/Data/BK/A/1601/15/imagick33751452829316_y.jpg	http://www.boqii.com/entry/detail/2432.html
http://www.kingcamp.com.cn/uploads/all/20140221/20140221073057489.jpg	http://www.kingcamp.com.cn/zhishi/huwaibaike/3875.html
http://www.baihuamen.com/d/file/2014/05-25/a4bf1744ab3d9e7c9855dc0f707ac3f7.jpg	http://www.baihuamen.com/dianshancha/16310_13.html
http://www.baihuamen.com/d/file/2014/05-25/2d2a13e5a1745bbf41a4d802a8d5d360.jpg	http://www.baihuamen.com/dianshancha/16310_14.html
http://a3.att.hudong.com/20/74/20300543010852148236748401448_s.jpg	http://www.baike.com/wiki/%E4%BA%94%E6%9F%B1%E6%BB%87%E5%B1%B1%E8%8C%B6
http://img.boqiicdn.com/Data/BK/P/imagick22691452850528.jpg	http://www.boqii.com/entry/detail/2432.html
http://pic1.huashichang.com/2016/0131/22/56ae1a85389f7.jpg	http://m.aihuhua.com/tupian/tupiankf3.html
http://www.baihuamen.com/d/file/2014/05-25/b8c7335f5425592aa949265bb71b07a3.jpg	http://www.baihuamen.com/dianshancha/16310_12.html
http://map1.zw3w.com:8080/zw_news_map/350/2014053/1400908803798374997.jpg	http://zwbk.idwoo.com/archives/tag/%E8%AE%A4%E8%AF%86%E6%BB%87%E5%B1%B1%E8%8C%B6%E6%BB%87%E5%B1%B1%E8%8C%B6%E7%9F%A5%E5%A4%9A%E5%B0%91
http://pic1.win4000.com/pic/a/02/d0aa1347765.jpg	http://www.win4000.com/meinv112983.html
http://www.neipet.com/wp-content/uploads/2016/07/dianshancha.png	http://www.neipet.com/plant/28677.html
http://www.baihuamen.com/d/file/2014/05-25/b7bfee8f8e2ce6c69c95528661c3d1d9.jpg	http://www.baihuamen.com/dianshancha/16310_2.html
http://pic1.huashichang.com/2016/0131/22/56ae1a7b9d27f_200_140.jpg	http://www.aihuhua.com/tu/dianshancha.html
http://z.xiziwang.net/uploads/allimg/150212/30_150212192107_1.jpg	http://z.xiziwang.net/hongcha/19540/
http://pic1.huashichang.com/2016/0131/22/56ae1a7d6b88a_200_140.jpg	http://www.aihuhua.com/tu/dianshancha.html
http://img.xietui.com/med-images/201411/26/97/201411269738752880673_300.jpg	http://m.xietui.com/yaocai/2184.html
https://upload.wikimedia.org/wikipedia/commons/thumb/9/92/Camellia_reticulata_RHS.jpeg/1200px-Camellia_reticulata_RHS.jpeg	https://zh.wikipedia.org/wiki/%E6%BB%87%E5%B1%B1%E8%8C%B6
http://pic1.huashichang.com/2016/0131/22/56ae1a81c954e_200_140.jpg	http://www.aihuhua.com/tu/dianshancha.html
http://pic1.huashichang.com/2016/0131/22/56ae1a829e344_200_140.jpg	http://www.aihuhua.com/tu/dianshancha.html
http://www.yixue.com/images/7/78/Bkcn6.jpg	http://www.yixue.com/%E6%BB%87%E5%B1%B1%E8%8C%B6
http://pic1.win4000.com/pic/a/02/d0aa1347766.jpg_195.jpg	http://www.win4000.com/meinv112983.html
http://s14.sinaimg.cn/mw690/001KWqsdgy6Heu5gBrL5d&690	http://blog.sina.com.cn/s/blog_5ff3202d0101o2wn.html
http://img3.meichubang.com/d/file/201703/24/f779190f863385ea24ec295a768fd47c.png	http://www.meichubang.com/web/201703/199881.html
https://gss3.bdstatic.com/-Po3dSag_xI4khGkpoWK1HF6hhy/baike/w%3D268%3Bg%3D0/sign=9b7d9a7f8e18367aad8978db1648ece9/b58f8c5494eef01f11054f93e8fe9925bc317d56.jpg	http://baike.baidu.com/subview/797304/20594021.htm
http://s8.sinaimg.cn/mw690/001KWqsdgy6H23TPv9527&690	http://blog.sina.com.cn/s/blog_5ff3202d0101o2wn.html
http://pic1.huashichang.com/2016/0131/22/56ae1a878f35d.jpg	http://m.aihuhua.com/tupian/tupiankf6.html
https://upload.wikimedia.org/wikipedia/commons/thumb/5/54/Camellia_reticulata_-_Kunming_Botanical_Garden_-_DSC02952.JPG/220px-Camellia_reticulata_-_Kunming_Botanical_Garden_-_DSC02952.JPG	https://zh.wikipedia.org/wiki/%E6%BB%87%E5%B1%B1%E8%8C%B6
http://www.wsst.net/upload/images/2016/10/24164334672.jpg	http://www.wsst.net/contents/20/2400.html
http://pic1.win4000.com/pic/a/02/d0aa1347780.jpg	http://www.win4000.com/meinv112983_16.html
http://s2.sinaimg.cn/mw690/001KWqsdgy6Heu4XlFT21&690	http://blog.sina.com.cn/s/blog_5ff3202d0101o2wn.html
http://img6.ph.126.net/89JJUtsLkFcOjBsYv367NQ==/2710041075787498196.jpg	http://blog.163.com/gzxmq@126/blog/static/11451403820122775028689
http://www.baihuamen.com/d/file/2014/05-25/85def19814863923bb6d9806a3f753f8.jpg	http://www.baihuamen.com/dianshancha/16310_17.html
http://www.huayugu.com.cn/uploads/allimg/160201/1-1602011506320-L.jpg	http://www.huayugu.com.cn/shanchahua/8305.html
http://www.51hm.cn/zwpic/%E4%BA%91%E5%8D%97%E5%B1%B1%E8%8C%B63.jpg	http://www.51hm.cn/zw/zwshow.asp?zwid=2219
http://www.yshuangjing.com/UpFile/201512/2015121881363577.jpg	http://www.yshuangjing.com/zhongyao/1119.html
http://www.51hm.cn/zwpic/%E4%BA%91%E5%8D%97%E5%B1%B1%E8%8C%B61.jpg	http://www.51hm.cn/zw/zwshow.asp?zwid=2219
http://www.huayugu.com.cn/uploads/allimg/160201/1-1602011513280-L.jpg	http://m.huayugu.com.cn/view.php?aid=8308
http://pic1.win4000.com/pic/4/ec/fc831347787.jpg_195.jpg	http://www.win4000.com/meinv112983.html
http://a0.att.hudong.com/22/71/01300000457101130389712234247_s.jpg	http://www.baike.com/wiki/%E4%BA%94%E6%9F%B1%E6%BB%87%E5%B1%B1%E8%8C%B6
http://service.wiki8.com/getqrcode.aspx?q=http://big5.wiki8.com/dianshancha_73608/	http://big5.wiki8.com/dianshancha_73608/
http://img.39yst.com/uploads/allimg/130327/1114314646-0.jpg	http://www.39yst.com/20120601/110064.shtml
http://img.boqiicdn.com/Data/BK/P/imagick52011452850956.jpg	http://www.boqii.com/entry/detail/2432.html
https://img0.bevol.cn/Goods/source/594b70719ad7a.jpg@90p	https://www.bevol.cn/composition/81e0a2f67670422213e10b9f0486ca54.html
http://www.mihuyuan.com/pics/original/20150703/1435920238901535.png	http://www.mihuyuan.com/guidedetail.do?guide_id=1435920369124539
http://userimage8.360doc.com/16/0717/10/18903586_201607171013230501UBUJNVERM7MCJAE5CT.jpg	http://www.360doc.com/content/16/0731/12/178233_579754112.shtml
http://www.genobank.org/photos/2012021403/868710192021/%E5%A4%A7%E7%94%9F%E5%A2%83.JPG	http://www.genobank.org/Html/CPNI-003-10138.html
http://userimage8.360doc.com/16/0717/10/18903586_2016071710132305640P8GNEUAO2N3MVUHWU.jpg	http://www.360doc.com/content/16/0731/12/178233_579754112.shtml
http://www.bjtcms.com/images/upload/Image/2012/5%E6%9C%88/2012%E5%B9%B45%E6%9C%8817%E6%97%A5%E5%8C%97%E4%BA%AC%E6%A4%8D%E7%89%A9%E5%9B%AD%E3%80%90%E6%88%91%E6%98%AF%E7%8F%8D%E7%A8%80%E7%9A%84%E3%80%91%E6%BB%87%E5%B1%B1%E8%8C%B6.jpg	http://www.bjtcms.com/article.php?id=105
https://img1.bevol.cn/Goods/source/563f60b990f22.jpg@90p	https://www.bevol.cn/composition/9601fb72eee4d174dc9c0d18c21a4fab.html
https://gss3.bdstatic.com/7Po3dSag_xI4khGkpoWK1HF6hhy/baike/w%3D400/sign=908a5c8b4c2309f7e76fac12420f0c39/5243fbf2b21193136fbeb6af6f380cd791238d34.jpg	https://baike.baidu.com/item/%E4%BA%94%E6%9F%B1%E6%BB%87%E5%B1%B1%E8%8C%B6
http://www.cnmmhh.com/file/upload/201306/14/19-38-28-39-1.jpg	http://www.cnmmhh.com/plant/show.php?itemid=9625
https://i2.read01.com/uploads/0EY9MrYWoU.jpg	https://read01.com/a7oENj.html
http://1821.img.pp.sohu.com.cn/images/2008/5/19/20/15/11aa59ecaa7.jpg	http://daibiaoyunnan.blog.sohu.com/87854535.html
http://gate.sinovision.net:82/gate/big5/cdnwww.sinovision.net/data/attachment/album/201502/23/2038001f155xxfjfxf5d1f.jpg	http://gate.sinovision.net:82/gate/big5/blog.sinovision.net/home/space/uid/30435/do/blog/id/248718.html
http://img.boqiicdn.com/Data/BK/A/1601/15/imagick81971452837638_y.jpg	http://www.boqii.com/article/25953.html
http://userimage8.360doc.com/16/0717/10/18903586_201607171013230658MAFJIBAVEMP6WQ2M0F.jpg	http://www.360doc.com/content/16/0731/12/178233_579754112.shtml
https://img0.bevol.cn/Goods/source/55e3f365998d4.jpg@90p	https://www.bevol.cn/composition/81e0a2f67670422213e10b9f0486ca54.html
http://i.sosuo.name/img/jiemeng/1/jiemeng14955.jpg	http://www.sosuo.name/jiemeng/1347417-mengjiandianshan
http://img.boqiicdn.com/Data/BK/A/1601/15/imagick13261452829207_y.jpg	http://www.boqii.com/article/25951.html
http://plantjdx.com/camellia_reticulata.jpg	http://plantjdx.com/camellia_reticulata.htm
