
https://gss0.bdstatic.com/-4o3dSag_xI4khGkpoWK1HF6hhy/baike/c0%3Dbaike80%2C5%2C5%2C80%2C26/sign=e709842cc9ea15ce55e3e85bd7695196/3ac79f3df8dcd1005e931288728b4710b9122f08.jpg
https://gss3.bdstatic.com/-Po3dSag_xI4khGkpoWK1HF6hhy/baike/c0%3Dbaike272%2C5%2C5%2C272%2C90/sign=367446ad970a304e462fa8a8b0a1cce3/d53f8794a4c27d1e1970096d1bd5ad6edcc438c0.jpg
https://gss1.bdstatic.com/9vo3dSag_xI4khGkpoWK1HF6hhy/baike/c0%3Dbaike150%2C5%2C5%2C150%2C50/sign=2a4e3f5ecefc1e17e9b284632bf99d66/0bd162d9f2d3572c783814948b13632763d0c3a4.jpg
https://gss0.bdstatic.com/-4o3dSag_xI4khGkpoWK1HF6hhy/baike/c0%3Dbaike272%2C5%2C5%2C272%2C90/sign=ddb5bba7b13533fae1bb9b7cc9ba967a/b812c8fcc3cec3fd386e95dcd688d43f869427c2.jpg

https://gss2.bdstatic.com/-fo3dSag_xI4khGkpoWK1HF6hhy/baike/c0%3Dbaike92%2C5%2C5%2C92%2C30/sign=01ecc6ff1b4c510fbac9ea4801304e48/a71ea8d3fd1f413411a21d49241f95cad1c85e6b.jpg
https://gss1.bdstatic.com/-vo3dSag_xI4khGkpoWK1HF6hhy/baike/c0%3Dbaike92%2C5%2C5%2C92%2C30/sign=a37bf83eb7003af359b7d4325443ad39/3ac79f3df8dcd1002f09e016738b4710b9122f6b.jpg
https://gss2.bdstatic.com/-fo3dSag_xI4khGkpoWK1HF6hhy/baike/c0%3Dbaike92%2C5%2C5%2C92%2C30/sign=9f05e6e877094b36cf9f13bfc2a517bc/80cb39dbb6fd52667ebe2423aa18972bd407366b.jpg
https://gss0.bdstatic.com/-4o3dSag_xI4khGkpoWK1HF6hhy/baike/c0%3Dbaike92%2C5%2C5%2C92%2C30/sign=81491bd4d439b60059c307e588395e4f/71cf3bc79f3df8dc458797a6cc11728b4710284a.jpg

https://gss0.bdstatic.com/-4o3dSag_xI4khGkpoWK1HF6hhy/baike/c0%3Dbaike92%2C5%2C5%2C92%2C30/sign=63f9ded9b58f8c54f7decd7d5b404690/f636afc379310a557fb1c6c3b64543a98226106b.jpg

https://gss3.bdstatic.com/-Po3dSag_xI4khGkpoWK1HF6hhy/baike/c0%3Dbaike92%2C5%2C5%2C92%2C30/sign=7f2afc5fcdbf6c81e33a24badd57da50/dbb44aed2e738bd450b4aa06a08b87d6277ff974.jpg
https://gss0.bdstatic.com/-4o3dSag_xI4khGkpoWK1HF6hhy/baike/c0%3Dbaike92%2C5%2C5%2C92%2C30/sign=c76fb23af9dcd100d991f07313e22c75/562c11dfa9ec8a139f8f4fd7f603918fa0ecc074.jpg
https://gss0.bdstatic.com/-4o3dSag_xI4khGkpoWK1HF6hhy/baike/c0%3Dbaike92%2C5%2C5%2C92%2C30/sign=95d32424dc54564ef168ec6bd2b7f7e7/a8773912b31bb051249eab1f377adab44aede04b.jpg
https://gss0.bdstatic.com/94o3dSag_xI4khGkpoWK1HF6hhy/baike/c0%3Dbaike92%2C5%2C5%2C92%2C30/sign=b1b3ba0d314e251ff6faecaac6efa272/e824b899a9014c089e8130920b7b02087bf4f44b.jpg
https://gss1.bdstatic.com/-vo3dSag_xI4khGkpoWK1HF6hhy/baike/c0%3Dbaike92%2C5%2C5%2C92%2C30/sign=62bad5dbd000baa1ae214fe92679d277/10dfa9ec8a1363279f57da04908fa0ec08fac74b.jpg
https://gss1.bdstatic.com/9vo3dSag_xI4khGkpoWK1HF6hhy/baike/c0%3Dbaike92%2C5%2C5%2C92%2C30/sign=8eec6eae8326cffc7d27b7e0d86821f5/b3119313b07eca805c9121d0902397dda1448374.jpg
https://gss0.bdstatic.com/-4o3dSag_xI4khGkpoWK1HF6hhy/baike/c0%3Dbaike92%2C5%2C5%2C92%2C30/sign=62daa6d3b21c8701c2bbbab44616f54a/2fdda3cc7cd98d104d401406203fb80e7bec9074.jpg
https://gss1.bdstatic.com/9vo3dSag_xI4khGkpoWK1HF6hhy/baike/c0%3Dbaike92%2C5%2C5%2C92%2C30/sign=32c755f7f636afc31a013737d27080a1/3bf33a87e950352af7d43d3f5243fbf2b2118b4b.jpg

https://gss2.bdstatic.com/-fo3dSag_xI4khGkpoWK1HF6hhy/baike/c0%3Dbaike150%2C5%2C5%2C150%2C50/sign=e4aab2f0c895d143ce7bec711299e967/dbb44aed2e738bd41511ecc2a18b87d6277ff915.jpg
https://gss1.bdstatic.com/-vo3dSag_xI4khGkpoWK1HF6hhy/baike/c0%3Dbaike150%2C5%2C5%2C150%2C50/sign=dce47e0d36d3d539d53007915bee8235/203fb80e7bec54e723df44edb9389b504fc26a15.jpg
https://gss3.bdstatic.com/-Po3dSag_xI4khGkpoWK1HF6hhy/baike/c0%3Dbaike150%2C5%2C5%2C150%2C50/sign=ec18a4d89d16fdfacc61cebcd5e6e731/a9d3fd1f4134970a7bb94fdc95cad1c8a6865d7e.jpg
https://gss0.bdstatic.com/94o3dSag_xI4khGkpoWK1HF6hhy/baike/c0%3Dbaike150%2C5%2C5%2C150%2C50/sign=1fca921fd100baa1ae214fe92679d277/0e2442a7d933c89551b4c788d11373f08302007e.jpg
https://gss1.bdstatic.com/-vo3dSag_xI4khGkpoWK1HF6hhy/baike/c0%3Dbaike150%2C5%2C5%2C150%2C50/sign=3899b70751da81cb5aeb8b9f330fbb73/eac4b74543a982265a0b74d48a82b9014b90eb7f.jpg
https://gss0.bdstatic.com/-4o3dSag_xI4khGkpoWK1HF6hhy/baike/c0%3Dbaike180%2C5%2C5%2C180%2C60/sign=c31fd2d1c8fcc3cea0cdc161f32cbded/ac4bd11373f08202dea0cfcc4bfbfbedab641b16.jpg
https://gss0.bdstatic.com/-4o3dSag_xI4khGkpoWK1HF6hhy/baike/c0%3Dbaike150%2C5%2C5%2C150%2C50/sign=82e2f7d5fdfaaf5190ee89eded3dff8b/fc1f4134970a304e69e6ff09d1c8a786c8175c78.jpg
https://gss3.bdstatic.com/-Po3dSag_xI4khGkpoWK1HF6hhy/baike/c0%3Dbaike150%2C5%2C5%2C150%2C50/sign=0cd3bea18535e5dd8421ad8d17afcc8a/810a19d8bc3eb13570ebe948a61ea8d3fd1f4410.jpg
https://gss2.bdstatic.com/-fo3dSag_xI4khGkpoWK1HF6hhy/baike/c0%3Dbaike150%2C5%2C5%2C150%2C50/sign=f0df01a30c33874488c8272e3066b29c/ac345982b2b7d0a20a0f5b6ecbef76094a369a7a.jpg
https://gss2.bdstatic.com/9fo3dSag_xI4khGkpoWK1HF6hhy/baike/c0%3Dbaike150%2C5%2C5%2C150%2C50/sign=32e2ecdb367adab429dd1311eabdd879/503d269759ee3d6d9f00d83843166d224e4ade7b.jpg
https://gss1.bdstatic.com/9vo3dSag_xI4khGkpoWK1HF6hhy/baike/c0%3Dbaike150%2C5%2C5%2C150%2C50/sign=94068c0e7b899e516c83324623ceb256/3812b31bb051f81927e45cb9dab44aed2f73e704.jpg
https://gss3.bdstatic.com/-Po3dSag_xI4khGkpoWK1HF6hhy/baike/c0%3Dbaike116%2C5%2C5%2C116%2C38/sign=2111316ca40f4bfb98dd960662261395/f9198618367adab4e9fe45b08bd4b31c8701e413.jpg
https://gss2.bdstatic.com/-fo3dSag_xI4khGkpoWK1HF6hhy/baike/c0%3Dbaike116%2C5%2C5%2C116%2C38/sign=c084322d3d6d55fbd1cb7e740c4b242f/d8f9d72a6059252d323943f7349b033b5bb5b913.jpg
https://gss2.bdstatic.com/-fo3dSag_xI4khGkpoWK1HF6hhy/baike/c0%3Dbaike150%2C5%2C5%2C150%2C50/sign=432c6714912397ddc274905638ebd9d2/9c16fdfaaf51f3de929be79794eef01f3a297913.jpg
https://gss2.bdstatic.com/-fo3dSag_xI4khGkpoWK1HF6hhy/baike/c0%3Dbaike150%2C5%2C5%2C150%2C50/sign=3cdba53f1e178a82da3177f2976a18e8/63d9f2d3572c11df1711e0d0632762d0f603c205.jpg
https://gss2.bdstatic.com/-fo3dSag_xI4khGkpoWK1HF6hhy/baike/c0%3Dbaike220%2C5%2C5%2C220%2C73/sign=44cedeaac895d143ce7bec711299e967/b151f8198618367adcdd4d742e738bd4b21ce5c6.jpg
https://gss0.bdstatic.com/94o3dSag_xI4khGkpoWK1HF6hhy/baike/c0%3Dbaike150%2C5%2C5%2C150%2C50/sign=e83f228695cad1c8c4b6f4751e570c6c/5366d0160924ab184f5ad39e35fae6cd7a890bce.jpg
https://gss3.bdstatic.com/-Po3dSag_xI4khGkpoWK1HF6hhy/baike/c0%3Dbaike92%2C5%2C5%2C92%2C30/sign=9728d7e0ccbf6c81e33a24badd57da50/dbb44aed2e738bd4b8b681b9a18b87d6267ff9a6.jpg
https://gss2.bdstatic.com/9fo3dSag_xI4khGkpoWK1HF6hhy/baike/c0%3Dbaike92%2C5%2C5%2C92%2C30/sign=8b2ab40fd0a20cf4529df68d17602053/1ad5ad6eddc451da53633f63b6fd5266d11632a4.jpg
https://gss2.bdstatic.com/-fo3dSag_xI4khGkpoWK1HF6hhy/baike/c0%3Dbaike220%2C5%2C5%2C220%2C73/sign=8cc55c17a40f4bfb98dd960662261395/8ad4b31c8701a18b891121c79e2f07082938febb.jpg
https://gss1.bdstatic.com/9vo3dSag_xI4khGkpoWK1HF6hhy/baike/c0%3Dbaike150%2C5%2C5%2C150%2C50/sign=60853542828ba61ecbe3c07d205dfc6f/0ff41bd5ad6eddc4806a877339dbb6fd536633ac.jpg
https://gss3.bdstatic.com/7Po3dSag_xI4khGkpoWK1HF6hhy/baike/c0%3Dbaike150%2C5%2C5%2C150%2C50/sign=d677ba86b13533fae1bb9b7cc9ba967a/7c1ed21b0ef41bd562c1db7c51da81cb38db3da3.jpg
https://gss3.bdstatic.com/-Po3dSag_xI4khGkpoWK1HF6hhy/baike/c0%3Dbaike92%2C5%2C5%2C92%2C30/sign=e79a812ca4c27d1eb12b33967abcc60b/b3fb43166d224f4a1301409b09f790529922d199.jpg
