
http://www.ebaomonthly.com/ebao/e1208/Neomarica_1.jpg	http://www.ebaomonthly.com/ebao/readebao.php?a=20120810
https://blackwalnut.npust.edu.tw/wp-content/uploads/gallery/2/2-21351.jpg	https://blackwalnut.npust.edu.tw/archives/1163
http://www.baihuamen.com/d/file/2014/05-03/f024314a13687023bdb845acb48638a6.jpg	http://www.baihuamen.com/baxiyuanweilan/
http://www.gdyuanlin.cn/miaomuimages/%E5%B7%B4%E8%A5%BF%E9%B8%A2%E5%B0%BE.jpg	http://www.gdyuanlin.cn/wikipedia/13055246.html
http://www.ebaomonthly.com/ebao/e1208/Neomarica_3.jpg	http://www.ebaomonthly.com/ebao/readebao.php?a=20120810
http://www.baihuamen.com/d/file/2014/05-03/db53a6698f637cfe322e66ea9e355066.jpg	http://www.baihuamen.com/baxiyuanweilan/
http://www.yuhuagu.com/uploads/allimg/120817/10-120QG95R4.jpg	http://www.yuhuagu.com/ktsh/4022.html
http://www.sztvu.net/oblog/UploadFiles/2010-8/21125747585.jpg	http://www.sztvu.net/oblog/user1/yangjianhe/archives/2008/7261.html
http://7.blog.xuite.net/7/4/e/4/11253733/blog_227360/txt/23757126/1.jpg	http://blog.xuite.net/e2202778/boaboa/23757126-%E5%B7%B4%E8%A5%BF%E9%B3%B6%E5%B0%BE
http://www.baihuamen.com/d/file/2014/05-03/f4f82c60b8dd66331c7e679e1c56beb4.jpg	http://www.baihuamen.com/baxiyuanweilan/
http://163.20.10.10/plant/section_g/c58_2.JPG	http://163.20.10.10/plant/plant/c/c58.htm
https://7.share.photo.xuite.net/luckylukehsu/17871d0/10585123/489710765_m.jpg	http://blog.xuite.net/luckylukehsu/twblog/128627002-%E5%B7%B4%E8%A5%BF%E9%B3%B6%E5%B0%BE%E8%8A%B1
http://album.udn.com/community/img/PSN_PHOTO/irisyen1023/f_3283271_1.JPG	http://blog.udn.com/irisyen1023/2936322
http://7.blog.xuite.net/7/4/e/4/11253733/blog_227360/txt/23757126/0.jpg	http://blog.xuite.net/e2202778/boaboa/23757126-%E5%B7%B4%E8%A5%BF%E9%B3%B6%E5%B0%BE
http://www.baihuamen.com/d/file/2014/05-03/103b21ca9aa97d71b26bc71da180d579.jpg	http://www.baihuamen.com/baxiyuanweilan/
http://farm1.static.flickr.com/217/458383729_be9e4a276e.jpg	http://roamover.blogspot.com/2008/04/blog-post_18.html
https://i.ytimg.com/vi/Pyp3f7eYosI/maxresdefault.jpg	https://www.youtube.com/watch?v=Pyp3f7eYosI
http://www.ttvs.cy.edu.tw/kcc/971005fa/wa119.jpg	http://www.ttvs.cy.edu.tw/kcc/971005fa/pa.htm
http://www.baihuamen.com/d/file/2014/05-06/680e489bd08c5f1105b330259eb0fe00.jpg	http://www.baihuamen.com/baxiyuanweilan/
http://www.ttvs.cy.edu.tw/kcc/971005fa/wa120.jpg	http://www.ttvs.cy.edu.tw/kcc/971005fa/pa.htm
http://album.udn.com/community/img/PSN_PHOTO/rexonhan/f_4755738_1.JPG	http://blog.udn.com/rexonhan/3972889
https://gss2.bdstatic.com/-fo3dSag_xI4khGkpoWK1HF6hhy/baike/s%3D220/sign=2966364b87d6277fed12353a18391f63/7acb0a46f21fbe09c50461e46b600c338644adec.jpg	https://baike.baidu.com/item/%E5%B7%B4%E8%A5%BF%E9%B8%A2%E5%B0%BE
http://album.udn.com/community/img/PSN_PHOTO/rexonhan/f_4755848_1.JPG	http://blog.udn.com/rexonhan/3972889
http://www.52yhua.com/uploads/allimg/160618/1-16061R21335.jpg	http://www.52yhua.com/caobentp/2617.html
http://farm3.static.flickr.com/2058/2421198910_ebb0b7c6d3.jpg	http://roamover.blogspot.com/2008/04/blog-post_18.html
https://5.share.photo.xuite.net/anny1958/15d0d03/10549114/487488649_m.jpg	http://blog.xuite.net/anny1958/twblog/128426253-%E5%B7%B4%E8%A5%BF%E9%B3%B6%E5%B0%BE
http://2.blog.xuite.net/2/0/1/1/16215145/blog_660746/txt/23195774/3.jpg	http://blog.xuite.net/jane7443/bake/23195774-%E7%9B%9B%E9%96%8B%E7%9A%84%E5%B7%B4%E8%A5%BF%E9%B3%B6%E5%B0%BE%E8%8A%B1++
http://www.wm-sec.com/neomarica_gracilis.jpg	http://www.wm-sec.com/neomarica_gracilis.htm
http://i5.photobucket.com/albums/y176/chieh_ff/2010/10_05_14012.jpg	http://60-249-176-194.hinet-ip.hinet.net/showthread.php?t=145814
http://www.fpcn.net/uploads/allimg/130924/2-130924130145461.JPG	http://www.fpcn.net/a/caobenhuahui/20130924/Neomarica_gracilis.html
http://www.ebaomonthly.com/ebao/e1208/Neomarica_2.jpg	http://www.ebaomonthly.com/ebao/readebao.php?a=20120810
http://www.baihuamen.com/d/file/2014/05-03/72113fa94c9fdec6ab9e2eab2f222d3e.jpg	http://www.baihuamen.com/baxiyuanweilan/12460.html
http://blog.sina.com.tw/myimages/49/28465/images/20110410105710214.jpg	http://blog.sina.com.tw/shhu4949/article.php?entryid=595783
http://www.cas.cn/kxcb/kpwz/201103/W020110314527320851775.jpg	http://www.cas.cn/kxcb/kpwz/201103/t20110314_3084528.shtml
https://blackwalnut.npust.edu.tw/wp-content/uploads/gallery/2/2-22186.jpg	https://blackwalnut.npust.edu.tw/archives/1195
http://tu.qt3191.com/allimg/c110627/13091613Lb440-121A3.gif	http://www.qt3191.com/penzaitupian/54402.html
https://blackwalnut.npust.edu.tw/wp-content/uploads/gallery/2/2-21420.jpg	https://blackwalnut.npust.edu.tw/archives/1164
http://pic.pimg.tw/midoli16/4ba9997396d66.jpg	http://midoli16.blogspot.com/2010/03/blog-post_24.html
http://www.guduei.com/data/upload/ueditor/20150730/55b99b9893b79.jpg	http://www.guduei.com/index.php?g=&m=article&a=index&id=105
http://2.blog.xuite.net/2/0/1/1/16215145/blog_660746/txt/23195774/1.jpg	http://blog.xuite.net/jane7443/bake/23195774-%E7%9B%9B%E9%96%8B%E7%9A%84%E5%B7%B4%E8%A5%BF%E9%B3%B6%E5%B0%BE%E8%8A%B1++
http://f.share.photo.xuite.net/miracle641/1f579fd/13210523/672814434_m.jpg	http://blog.xuite.net/miracle641/twblog/144601588-%E5%B7%B4%E8%A5%BF%E9%B3%B6%E5%B0%BE%E5%B9%BC%E8%8B%97
http://www.baihuamen.com/d/file/2014/05-03/2ea9d088e8cef3b6c42475ff2c417dde.jpg	http://www.baihuamen.com/baxiyuanweilan/12460_5.html
http://blog.sina.com.tw/myimages/49/28465/images/20110410105710701.png	http://blog.sina.com.tw/shhu4949/article.php?entryid=595783
https://gss0.bdstatic.com/94o3dSag_xI4khGkpoWK1HF6hhy/baike/s%3D220/sign=7270e93d788b4710ca2ffacef3cfc3b2/faedab64034f78f03fe78bef73310a55b3191c39.jpg	https://baike.baidu.com/item/%E5%B7%B4%E8%A5%BF%E9%B8%A2%E5%B0%BE
http://jenai.jaes.ntpc.edu.tw/~p95/plant23_image/plant23photo1.jpg	http://jenai.jaes.ntpc.edu.tw/~p95/plant23_test.html
http://163.20.10.10/plant/section_g/c58_1.JPG	http://163.20.10.10/plant/plant/c/c58.htm
http://s8.sinaimg.cn/bmiddle/0027QDPcty6RKVBhENP59	http://blog.sina.com.cn/s/blog_741fe0920102vlnm.html
https://www.huabaike.com/uploads/allimg/artimg/201707/20170715170720_63272.jpg	https://www.huabaike.com/yhjq/10000.html
https://gss0.bdstatic.com/94o3dSag_xI4khGkpoWK1HF6hhy/baike/s%3D220/sign=74a34f41800a19d8cf03830703fb82c9/50da81cb39dbb6fdea7af3d60924ab18972b3718.jpg	https://baike.baidu.com/item/%E5%B7%B4%E8%A5%BF%E9%B8%A2%E5%B0%BE
http://www.yuhuagu.com/uploads/allimg/120817/10-120QG95S3.jpg	http://www.yuhuagu.com/ktsh/4022.html
http://www.baihuamen.com/d/file/2014/05-03/bcaa69cb07d04b2a5735b58bcb1ec7fc.jpg	http://www.baihuamen.com/baxiyuanweilan/12460_11.html
http://img.aihuahui.com/d/2017/07/596c3419c7191.jpg	http://www.aihuahui.com/huahuizhishi/xianhuawuyu/7531.html
http://link.photo.pchome.com.tw/s08/slinwang/60/127207497168/	http://mypaper.pchome.com.tw/slinwang/post/1320889095
http://www.qqtxb.com/d/file/2016-12-08/3344d2d383e8a82dcda7ab10bff4fed8.jpg	http://www.qqtxb.com/yishu/224561.html
http://class.kh.edu.tw/sites/2187/album_file/7/%E5%B7%B4%E8%A5%BF%E9%B3%B6%E5%B0%BE4.JPG	http://class.kh.edu.tw/album/photo_list/2187/7/2
http://www.rensheng2.com/upload/2015/11/23/154fcd86-7b4d-45b4-8439-a6f406d85148.jpg	http://www.rensheng2.com/720000/719537.shtml
http://album.udn.com/community/img/PSN_PHOTO/AAC3343/f_4685192_1.JPG	http://blog.udn.com/AAC3343/3919113
https://5.share.photo.xuite.net/anny1958/15d0dee/10549114/487510388_m.jpg	http://blog.xuite.net/anny1958/twblog/128426253-%E5%B7%B4%E8%A5%BF%E9%B3%B6%E5%B0%BE
http://www.12flower.com.taipei/upimg/%E5%B7%B4%E8%A5%BF%E9%B3%B6%E5%B0%BE.jpg	http://www.12flower.com.taipei/store/productshow.asp?prodid=583
http://linban.com/upload/2017/05/25/e5d0fb93cc85b9e8.jpg	http://linban.com/540000/536299.shtml
http://www.wed114.cn/jiehun/uploads/allimg/160126/52_160126160326_4.jpg	http://m.zx.wed114.cn/huayudaquan/20160126142474.html
http://www.baihuamen.com/d/file/2014/05-03/1e08acc1e4bcc390ab8538fe6b0607c1.jpg	http://www.baihuamen.com/baxiyuanweilan/12460_9.html
http://pic1.win4000.com/pic/2/f5/55d81365796.jpg	http://www.win4000.com/meinv114725.html
http://202.192.143.142:8080/res/suite/di-temp/855170/%E6%A4%8D%E7%89%A9%E5%88%86%E7%B1%BB%E5%9B%BE%E5%BA%932/%E5%8D%95%E5%AD%90%E5%8F%B6%E6%A4%8D%E7%89%A9/%E9%B8%A2%E5%B0%BE%E7%A7%91/images/%E5%B7%B4%E8%A5%BF%E9%B8%A2%E5%B0%BE.jpg	http://202.192.143.142:8080/res/suite/di-temp/855170/%E6%A4%8D%E7%89%A9%E5%88%86%E7%B1%BB%E5%9B%BE%E5%BA%932/%E5%8D%95%E5%AD%90%E5%8F%B6%E6%A4%8D%E7%89%A9/%E9%B8%A2%E5%B0%BE%E7%A7%91/pages/%E5%B7%B4%E8%A5%BF%E9%B8%A2%E5%B0%BE.html
https://gss2.bdstatic.com/-fo3dSag_xI4khGkpoWK1HF6hhy/baike/w%3D400/sign=a77423aeb00e7bec23da02e11f2fb9fa/d009b3de9c82d15852ca6e10880a19d8bd3e42c2.jpg	https://baike.baidu.com/item/%E5%B7%B4%E8%A5%BF%E9%B8%A2%E5%B0%BE
http://album.udn.com/community/img/PSN_PHOTO/jennyowl/f_6379132_1.jpg	http://blog.udn.com/jennyowl/5313734
http://1842.img.pp.sohu.com.cn/images/blog/2009/2/16/11/11/120272669d2g213.jpg	http://www.dianliwenmi.com/postimg_5305279.html
http://pic.pimg.tw/cinderella82/1427810016-459682587_n.jpg?v=1427810018	http://cinderella82.pixnet.net/blog/post/273764356-%E9%BB%83%E8%8A%B1%E5%B7%B4%E8%A5%BF%E9%B3%B6%E5%B0%BE
http://www.baihuamen.com/d/file/2014/05-03/a13965c8a796a8912c9452b00801b4e5.jpg	http://www.baihuamen.com/baxiyuanweilan/12460_14.html
http://pic0.nidbox.net/12/y1380084068_aee29a63_12.jpg	https://fannie2924.nidbox.com/diary/read/8249868
http://www.guduei.com/data/upload/ueditor/20150730/55b999b638b3e.jpg	http://www.guduei.com/index.php?g=&m=article&a=index&id=105
https://5.share.photo.xuite.net/anny1958/15d0d1f/18990087/1025227288_l.jpg	http://blog.xuite.net/anny1958/twblog/210690380-%E5%B7%B4%E8%A5%BF%E9%B3%B6%E5%B0%BE%E8%8A%B1
https://pic.pimg.tw/hsoldbody/1460084551-3182566077_n.jpg	http://hsoldbody.pixnet.net/blog/post/211187614-%E7%83%8F%E9%A0%AD%E7%BF%81%E6%84%9B%E5%90%83%E5%B7%B4%E8%A5%BF%E9%B3%B6%E5%B0%BE%E8%8A%B1
http://www.baihuamen.com/d/file/2014/05-03/d9b03f3358eaace970386dafcc5516e8.jpg	http://www.baihuamen.com/baxiyuanweilan/12460_10.html
http://img.ivsky.com/img/tupian/pre/201512/05/walking_iris-005.jpg	http://www.ivsky.com/tupian/walking_iris_v33156/pic_563665.html
http://s4.sinaimg.cn/mw690/001kfP01gy6Ic6Hbmfha3&690	http://blog.sina.com.cn/s/blog_4871ff750102ec2w.html
https://www.huabaike.com/uploads/allimg/artimg/201707/20170715170703_62498.jpg	https://www.huabaike.com/yhjq/10000.html
http://www.52yhua.com/uploads/allimg/160618/1-16061R21328.jpg	http://www.52yhua.com/caobentp/2617.html
http://www.baihuamen.com/d/file/2014/05-03/0b056b5202606294c7b9240e0573a543.jpg	http://www.baihuamen.com/baxiyuanweilan/12460_15.html
http://www.rensheng2.com/upload/2015/11/23/5626cdc6-c18f-4986-8ce7-89e3058d2137.jpg	http://www.rensheng2.com/720000/719537.shtml
http://opic.tbscache.com/manage/articles/2014/08-11/F8D8860C-15C2-36E2-D515-97478F46C9D3.jpg	http://www.tobosu.com/article/2014-08-11/114570.html
http://s14.sinaimg.cn/mw690/001SgUKvgy6IfTiPG0Z4d&690	http://blog.sina.com.cn/s/blog_6667eae30101ewj4.html
http://www.qqtxb.com/d/file/2016-12-08/3975a20be26eaeb4e3f6167b3be9104b.jpg	http://www.qqtxb.com/yishu/224561.html
http://www.neipet.com/wp-content/uploads/2016/08/%E5%B7%B4%E8%A5%BF%E9%B8%A2%E5%B0%BE.jpg	http://www.neipet.com/plant/30950.html
http://www.huaxianer.com/uploads/allimg/170717/6-1FGG024570-L.jpg	http://www.huaxianer.com/wiki/071609.html
https://www.huabaike.com/uploads/allimg/sltimg/201706/593df1b6b1c47.jpg	https://www.huabaike.com/yhjq/10000.html
http://img.tupianzj.com/uploads/allimg/160329/15-160329230408.jpg	http://www.tupianzj.com/sheying/huahui/20160329/44914_4.html
https://www.huabaike.com/uploads/allimg/sltimg/201706/593d4e0b5ca17.jpg	https://www.huabaike.com/yhjq/10000.html
http://img.boqiicdn.com/Data/BK/A/1511/4/imagick96111446615901_y.jpg	http://m.boqii.com/entry/detail/2184.html
https://www.huabaike.com/uploads/allimg/sltimg/201707/5969db0f3be69.jpg	https://www.huabaike.com/yhjq/10000.html
http://pic1.huashichang.com/2016/0324/13/56f37b6c5f02b.jpg	http://www.aihuhua.com/riji/51061-2485.html
http://www.wed114.cn/jiehun/uploads/allimg/160126/52_160126160326_3.jpg	http://m.zx.wed114.cn/huayudaquan/20160126142474.html
http://s16.sinaimg.cn/mw690/001PAkYlzy70q0nk6875f&690	http://blog.sina.com.cn/s/blog_640a24dd0102wbds.html
http://tu.qt3191.com/allimg/c110627/13091613LU3F-1133Z.gif	http://www.qt3191.com/penzaitupian/54402.html
http://pic125.nipic.com/file/20170330/24852104_073059142792_2.jpg	http://www.nipic.com/show/16924132.html
http://163.20.10.10/plant/section_g/c58_fl_2.JPG	http://163.20.10.10/plant/plant/c/c58.htm
http://s10.sinaimg.cn/mw690/002kiosLgy6ZTp8XK7739&690	http://blog.sina.com.cn/s/blog_7f166dc70102wlvj.html
http://pic125.nipic.com/file/20170330/24852104_073033346988_2.jpg	http://www.nipic.com/show/16924135.html
http://img.ivsky.com/img/tupian/pre/201512/05/walking_iris-002.jpg	http://www.ivsky.com/tupian/walking_iris_v33156/pic_563662.html
http://img.ivsky.com/img/tupian/pre/201512/05/walking_iris-003.jpg	http://www.ivsky.com/tupian/walking_iris_v33156/pic_563663.html
