
https://gss2.bdstatic.com/-fo3dSag_xI4khGkpoWK1HF6hhy/baike/c0%3Dbaike272%2C5%2C5%2C272%2C90/sign=c3f0f5cf9258d109d0eea1e0b031a7da/c83d70cf3bc79f3de6787281baa1cd11738b29e1.jpg
https://gss0.bdstatic.com/94o3dSag_xI4khGkpoWK1HF6hhy/baike/c0%3Dbaike220%2C5%2C5%2C220%2C73/sign=ad15689249540923be646b2cf331ba6c/3ac79f3df8dcd1009a056e90728b4710b8122fe1.jpg
https://gss1.bdstatic.com/9vo3dSag_xI4khGkpoWK1HF6hhy/baike/c0%3Dbaike92%2C5%2C5%2C92%2C30/sign=f49d15813af33a878a600848a7357b5d/9e3df8dcd100baa1ecb5d10a4710b912c9fc2ee1.jpg
https://gss0.bdstatic.com/94o3dSag_xI4khGkpoWK1HF6hhy/baike/c0%3Dbaike92%2C5%2C5%2C92%2C30/sign=5850604fc3fdfc03f175ebeab556ecf1/09fa513d269759eeadc1f67ab2fb43166c22dfea.jpg
https://gss3.bdstatic.com/-Po3dSag_xI4khGkpoWK1HF6hhy/baike/c0%3Dbaike92%2C5%2C5%2C92%2C30/sign=19579906e950352aa56c2d5a322a9097/d000baa1cd11728b64b41a93c8fcc3cec2fd2ce1.jpg
https://gss0.bdstatic.com/-4o3dSag_xI4khGkpoWK1HF6hhy/baike/c0%3Dbaike80%2C5%2C5%2C80%2C26/sign=127776b8b6003af359b7d4325443ad39/bba1cd11728b47109db66b7dc3cec3fdfd0323e1.jpg
https://gss1.bdstatic.com/-vo3dSag_xI4khGkpoWK1HF6hhy/baike/c0%3Dbaike80%2C5%2C5%2C80%2C26/sign=f09d15813af33a878a600848a7357b5d/cc11728b4710b912ed58604fc3fdfc03934522e1.jpg
https://gss1.bdstatic.com/-vo3dSag_xI4khGkpoWK1HF6hhy/baike/c0%3Dbaike80%2C5%2C5%2C80%2C26/sign=5662607cfc039245b5b8e95de6fdcfa7/54fbb2fb43166d22dae68325462309f79152d2ea.jpg
https://gss3.bdstatic.com/7Po3dSag_xI4khGkpoWK1HF6hhy/baike/c0%3Dbaike92%2C5%2C5%2C92%2C30/sign=e1f8b3b95343fbf2d121ae71d117a1e5/4610b912c8fcc3cee4595f829245d688d53f20e1.jpg
https://gss1.bdstatic.com/-vo3dSag_xI4khGkpoWK1HF6hhy/baike/c0%3Dbaike150%2C5%2C5%2C150%2C50/sign=f527a30c347adab429dd1311eabdd879/503d269759ee3d6d58c597ef41166d224f4ade96.jpg

https://gss0.bdstatic.com/-4o3dSag_xI4khGkpoWK1HF6hhy/baike/c0%3Dbaike116%2C5%2C5%2C116%2C38/sign=32f5c8ac3e87e950561afb3e71513826/2fdda3cc7cd98d10851ccb5e253fb80e7aec9091.jpg
https://gss3.bdstatic.com/-Po3dSag_xI4khGkpoWK1HF6hhy/baike/c0%3Dbaike92%2C5%2C5%2C92%2C30/sign=c1ee18d848fbfbedc8543e2d19999c53/c8ea15ce36d3d5392d4186243987e950342ab0dd.jpg
https://gss3.bdstatic.com/7Po3dSag_xI4khGkpoWK1HF6hhy/baike/c0%3Dbaike150%2C5%2C5%2C150%2C50/sign=4a5617b2d439b60059c307e588395e4f/b90e7bec54e736d170b698599a504fc2d562693d.jpg
https://gss2.bdstatic.com/-fo3dSag_xI4khGkpoWK1HF6hhy/baike/c0%3Dbaike92%2C5%2C5%2C92%2C30/sign=c7ee888ed0a20cf4529df68d17602053/1ad5ad6eddc451da1fa703e2b6fd5266d0163261.jpg
https://gss2.bdstatic.com/9fo3dSag_xI4khGkpoWK1HF6hhy/baike/c0%3Dbaike150%2C5%2C5%2C150%2C50/sign=1bbeb782b019ebc4d4757ecbe34fa499/6f061d950a7b0208197bb70661d9f2d3562cc8a3.jpg
https://gss3.bdstatic.com/7Po3dSag_xI4khGkpoWK1HF6hhy/baike/c0%3Dbaike80%2C5%2C5%2C80%2C26/sign=380f69098a82b90129a0cb6112e4c212/96dda144ad3459824544a7bc0cf431adcaef84d6.jpg

https://gss0.bdstatic.com/94o3dSag_xI4khGkpoWK1HF6hhy/baike/c0%3Dbaike150%2C5%2C5%2C150%2C50/sign=3ae2f4c6b3de9c82b268f1dd0de8eb6f/c2cec3fdfc0392457e32f1f08794a4c27c1e254d.jpg
https://gss1.bdstatic.com/9vo3dSag_xI4khGkpoWK1HF6hhy/baike/c0%3Dbaike92%2C5%2C5%2C92%2C30/sign=1babb6dcb07eca80060831b5f04afcb8/c2fdfc039245d6887d85a25ba4c27d1ed31b244d.jpg
https://gss3.bdstatic.com/-Po3dSag_xI4khGkpoWK1HF6hhy/baike/c0%3Dbaike150%2C5%2C5%2C150%2C50/sign=3738f497ccbf6c81e33a24badd57da50/9345d688d43f87940f7858d1d21b0ef41ad53a4d.jpg
https://gss3.bdstatic.com/-Po3dSag_xI4khGkpoWK1HF6hhy/baike/c0%3Dbaike150%2C5%2C5%2C150%2C50/sign=b3541e089f3df8dcb23087c3ac7819ee/9f510fb30f2442a71aa8ed5ad143ad4bd01302ae.jpg
https://gss2.bdstatic.com/-fo3dSag_xI4khGkpoWK1HF6hhy/baike/c0%3Dbaike116%2C5%2C5%2C116%2C38/sign=3a98b78ad688d43fe4a499a01c77b97e/43a7d933c895d1436bd0f4dc73f082025baf07ae.jpg
https://gss3.bdstatic.com/7Po3dSag_xI4khGkpoWK1HF6hhy/baike/c0%3Dbaike116%2C5%2C5%2C116%2C38/sign=38b01581251f95cab2f89ae4a87e145b/a5c27d1ed21b0ef4b46f88a1ddc451da80cb3e4d.jpg
https://gss2.bdstatic.com/9fo3dSag_xI4khGkpoWK1HF6hhy/baike/c0%3Dbaike150%2C5%2C5%2C150%2C50/sign=b81062dfb912c8fca0fefe9f9d6af920/ac4bd11373f08202903481c04bfbfbedaa641bae.jpg
https://gss1.bdstatic.com/-vo3dSag_xI4khGkpoWK1HF6hhy/baike/c0%3Dbaike92%2C5%2C5%2C92%2C30/sign=6518293b31adcbef15397654cdc645b8/dcc451da81cb39db034777a9d0160924aa18304d.jpg

https://gss1.bdstatic.com/9vo3dSag_xI4khGkpoWK1HF6hhy/baike/c0%3Dbaike80%2C5%2C5%2C80%2C26/sign=28d3cdfcd11373f0e13267cdc566209e/5ab5c9ea15ce36d32ca9d6b73af33a87e850b18c.jpg
https://gss3.bdstatic.com/7Po3dSag_xI4khGkpoWK1HF6hhy/baike/c0%3Dbaike80%2C5%2C5%2C80%2C26/sign=fe3ff4bd304e251ff6faecaac6efa272/6f061d950a7b0208c4ff696662d9f2d3572cc807.jpg

https://gss1.bdstatic.com/9vo3dSag_xI4khGkpoWK1HF6hhy/baike/c0%3Dbaike80%2C5%2C5%2C80%2C26/sign=5d578b0c33fa828bc52e95b19c762a51/060828381f30e92459f093384c086e061d95f767.jpg
https://gss0.bdstatic.com/-4o3dSag_xI4khGkpoWK1HF6hhy/baike/c0%3Dbaike92%2C5%2C5%2C92%2C30/sign=66236b36d9f9d72a0369184fb5434351/fc1f4134970a304e5970aff3d1c8a786c9175c6c.jpg
https://gss1.bdstatic.com/9vo3dSag_xI4khGkpoWK1HF6hhy/baike/c0%3Dbaike272%2C5%2C5%2C272%2C90/sign=ad11d00d349b033b3885f48874a75db6/5882b2b7d0a20cf4489633d676094b36acaf99b1.jpg

https://gss3.bdstatic.com/7Po3dSag_xI4khGkpoWK1HF6hhy/baike/c0%3Dbaike80%2C5%2C5%2C80%2C26/sign=c35a6f2febf81a4c323fe49bb6430b3c/4034970a304e251f5aa339a3a786c9177f3e5311.jpg
https://gss0.bdstatic.com/-4o3dSag_xI4khGkpoWK1HF6hhy/baike/c0%3Dbaike180%2C5%2C5%2C180%2C60/sign=f5b15455b13533fae1bb9b7cc9ba967a/a5c27d1ed21b0ef4f7bc4505ddc451da81cb3e11.jpg
https://gss1.bdstatic.com/9vo3dSag_xI4khGkpoWK1HF6hhy/baike/c0%3Dbaike116%2C5%2C5%2C116%2C38/sign=28b15e965266d0166a14967af642bf62/79f0f736afc379311b3f5b72ebc4b74543a91111.jpg
https://gss1.bdstatic.com/-vo3dSag_xI4khGkpoWK1HF6hhy/baike/c0%3Dbaike220%2C5%2C5%2C220%2C73/sign=f296f67c8a82b90129a0cb6112e4c212/03087bf40ad162d9cfb9bf4711dfa9ec8a13cd12.jpg
https://gss1.bdstatic.com/9vo3dSag_xI4khGkpoWK1HF6hhy/baike/c0%3Dbaike220%2C5%2C5%2C220%2C73/sign=6569446a37fa828bc52e95b19c762a51/d53f8794a4c27d1e0b4cfbab1fd5ad6eddc43873.jpg
https://gss0.bdstatic.com/-4o3dSag_xI4khGkpoWK1HF6hhy/baike/c0%3Dbaike150%2C5%2C5%2C150%2C50/sign=c58f4961b53533fae1bb9b7cc9ba967a/7c1ed21b0ef41bd57139289b55da81cb39db3d73.jpg

https://gss0.bdstatic.com/-4o3dSag_xI4khGkpoWK1HF6hhy/baike/c0%3Dbaike92%2C5%2C5%2C92%2C30/sign=c0ce5a723a292df583cea447dd583705/b219ebc4b74543a9d60665911e178a82b9011449.jpg
https://gss3.bdstatic.com/7Po3dSag_xI4khGkpoWK1HF6hhy/baike/c0%3Dbaike180%2C5%2C5%2C180%2C60/sign=d6eb93b6b6fd5266b3263446ca71fc4e/42a98226cffc1e17dda2136c4a90f603738de94a.jpg
https://gss0.bdstatic.com/94o3dSag_xI4khGkpoWK1HF6hhy/baike/c0%3Dbaike150%2C5%2C5%2C150%2C50/sign=d9eb93b6b6fd5266b3263446ca71fc4e/8326cffc1e178a82e121e0fdf603738da977e84a.jpg
https://gss3.bdstatic.com/-Po3dSag_xI4khGkpoWK1HF6hhy/baike/c0%3Dbaike150%2C5%2C5%2C150%2C50/sign=09467a7b0924ab18f41be96554938da8/8b82b9014a90f60328ad031a3912b31bb051ed4a.jpg
https://gss1.bdstatic.com/-vo3dSag_xI4khGkpoWK1HF6hhy/baike/c0%3Dbaike150%2C5%2C5%2C150%2C50/sign=14f37d476059252db71a155655f2685e/77094b36acaf2edd6ec6d6b48d1001e9390193bc.jpg

https://gss1.bdstatic.com/9vo3dSag_xI4khGkpoWK1HF6hhy/baike/c0%3Dbaike150%2C5%2C5%2C150%2C50/sign=93a1b94711dfa9ece9235e4503b99c66/1b4c510fd9f9d72a012bcb46d42a2834349bbb1a.jpg
https://gss0.bdstatic.com/94o3dSag_xI4khGkpoWK1HF6hhy/baike/c0%3Dbaike180%2C5%2C5%2C180%2C60/sign=f9fd4e8708fa513d45a7648c5c043e9e/2934349b033b5bb5a198fba536d3d539b600bc1a.jpg
https://gss0.bdstatic.com/94o3dSag_xI4khGkpoWK1HF6hhy/baike/c0%3Dbaike116%2C5%2C5%2C116%2C38/sign=027ce298d7ca7bcb6976cf7ddf600006/b7003af33a87e9504558283710385343fbf2b41a.jpg
https://gss0.bdstatic.com/94o3dSag_xI4khGkpoWK1HF6hhy/baike/c0%3Dbaike272%2C5%2C5%2C272%2C90/sign=865d4da77cd98d1062d904634056d36b/8d5494eef01f3a2985750e959925bc315c607c28.jpg
https://gss0.bdstatic.com/-4o3dSag_xI4khGkpoWK1HF6hhy/baike/c0%3Dbaike80%2C5%2C5%2C80%2C26/sign=ce501968918fa0ec6bca6c5f47fe328b/2cf5e0fe9925bc31f0e0dac35edf8db1cb137028.jpg
https://gss0.bdstatic.com/-4o3dSag_xI4khGkpoWK1HF6hhy/baike/c0%3Dbaike150%2C5%2C5%2C150%2C50/sign=cc762da5c3fdfc03f175ebeab556ecf1/83025aafa40f4bfbff67450f034f78f0f7361831.jpg
https://gss0.bdstatic.com/94o3dSag_xI4khGkpoWK1HF6hhy/baike/c0%3Dbaike92%2C5%2C5%2C92%2C30/sign=af6520709d16fdfacc61cebcd5e6e731/faedab64034f78f0ffbc41a879310a55b3191c31.jpg
https://gss3.bdstatic.com/7Po3dSag_xI4khGkpoWK1HF6hhy/baike/c0%3Dbaike92%2C5%2C5%2C92%2C30/sign=83de7a85f01f3a294ec5dd9cf84cd754/0b55b319ebc4b7454c236c4dcffc1e178a821531.jpg
https://gss3.bdstatic.com/7Po3dSag_xI4khGkpoWK1HF6hhy/baike/c0%3Dbaike150%2C5%2C5%2C150%2C50/sign=45ec3e7d0924ab18f41be96554938da8/8b82b9014a90f6036407471c3912b31bb051ed32.jpg
https://gss1.bdstatic.com/9vo3dSag_xI4khGkpoWK1HF6hhy/baike/c0%3Dbaike80%2C5%2C5%2C80%2C26/sign=f1b8bd28fbf2b211f0238d1cabe90e5d/fd039245d688d43f66144aa97d1ed21b0ef43b28.jpg
