
http://a4.att.hudong.com/61/94/01300542392970142414940460108_s.jpg	http://www.baike.com/wiki/%E6%9C%A8%E8%8A%99%E8%93%89
http://a2.att.hudong.com/54/95/01300542392970142414956148050_s.jpg	http://www.baike.com/wiki/%E6%9C%A8%E8%8A%99%E8%93%89
https://upload.wikimedia.org/wikipedia/commons/thumb/f/f5/Hibiscus_mutabilis_Blanco1.175-cropped.jpg/250px-Hibiscus_mutabilis_Blanco1.175-cropped.jpg	https://zh.wikipedia.org/wiki/%E6%9C%A8%E8%8A%99%E8%93%89
http://7.blog.xuite.net/7/4/e/4/11253733/blog_227360/txt/21076307/0.jpg	http://blog.xuite.net/e2202778/boaboa/21076307-%E6%9C%A8%E8%8A%99%E8%93%89
http://a2.att.hudong.com/52/00/01300542392970142415001576473_s.jpg	http://www.baike.com/wiki/%E6%9C%A8%E8%8A%99%E8%93%89
http://www.dianshu119.com/uploads/201211/13528987123frck8Br.jpg	http://www.dianshu119.com/index.php?doc-view-457.html
http://www.cas.cn/kxcb/kpwz/201005/W020100531580785014574.jpg	http://www.cas.cn/kxcb/kpwz/201005/t20100531_2863172.shtml
http://www.wm-sec.com/hibiscus_mutabilis.jpg	http://www.wm-sec.com/hibiscus_mutabilis.htm
http://a2.att.hudong.com/75/74/14300000928477128937744382385_950.jpg	http://w.baike.com/561e8a0a1e074394acf1e062dffc920e.html
http://www.cas.cn/kxcb/kpwz/201005/W020100531580785032818.jpg	http://www.cas.cn/kxcb/kpwz/201005/t20100531_2863172.shtml
https://i.ytimg.com/vi/dyIGhpQA8GM/maxresdefault.jpg	https://www.youtube.com/watch?v=dyIGhpQA8GM
http://p.d1xz.net/2014/6/9/120183148314.jpg	http://www.d1xz.net/astro/huayu/art52165.aspx
http://www.confucianism.com.cn/WebEditor/UploadFile/2011317151647462.jpg	http://www.confucianism.com.cn/html/minsu/14090834.html
http://a2.att.hudong.com/05/43/01300000023544121034438284066.jpg	http://wiki.21yyw.com/doc-view-3653.html
http://www.cas.cn/kxcb/kpwz/201005/W020100531580785043048.jpg	http://www.cas.cn/kxcb/kpwz/201005/t20100531_2863172.shtml
http://www.dianshu119.com/uploads/201211/1352898742ngLor9eT.jpg	http://www.dianshu119.com/index.php?doc-view-457.html
http://www.1818hm.com/file/upload/201510/08/08-49-04-54-904.jpg	http://wap.1818hm.com/24-0-3866-1.html
https://gss3.bdstatic.com/-Po3dSag_xI4khGkpoWK1HF6hhy/baike/s%3D220/sign=c44ec6920a55b31998f9857773a88286/562c11dfa9ec8a1308aadd73f703918fa1ecc0f5.jpg	https://baike.baidu.com/item/%E6%9C%A8%E8%8A%99%E8%93%89/1081665
http://s16.sinaimg.cn/mw690/049d4760gcd6e98efe1af&690	http://blog.sina.com.cn/s/blog_049d4760010180pw.html
http://7.blog.xuite.net/7/4/e/4/11253733/blog_227360/txt/21076307/1.jpg	http://blog.xuite.net/e2202778/boaboa/21076307-%E6%9C%A8%E8%8A%99%E8%93%89
http://www.wdptj.com/wp-content/uploads/2015/07/%E6%9C%A8%E8%8A%99%E8%93%89%E7%A7%8D%E5%AD%90%E6%80%8E%E4%B9%88%E7%A7%8D2.jpg	http://www.wdptj.com/12252.html
http://pic.pimg.tw/u672182/1382699814-398104044.jpg	http://u672182.pixnet.net/blog/post/283259408-%E6%97%A9%E9%96%8B%E6%9C%A8%E8%8A%99%E8%93%89%E2%85%A1
http://a0.att.hudong.com/33/80/01300000111348121008805074226.jpg	http://yuanyi.baike.com/article-1382712.html
http://7.blog.xuite.net/7/4/e/4/11253733/blog_227360/txt/21076307/2.jpg	http://blog.xuite.net/e2202778/boaboa/21076307-%E6%9C%A8%E8%8A%99%E8%93%89
http://a4.att.hudong.com/44/39/01300000111348121006395027784.jpg	http://yuanyi.baike.com/article-1382712.html
http://pic16.nipic.com/20110819/16383_183426517000_2.jpg	http://www.nipic.com/show/4983316.html
http://pic.tugou.com/baike/1461740018_312850.jpeg	http://www.tugou.com/baike/1902.html
https://3.share.photo.xuite.net/jodyhsieh/1377ea7/12804796/647554795_m.jpg	http://blog.xuite.net/jodyhsieh/twblog/142243383-%E5%B1%B1%E8%8A%99%E8%93%89%E8%88%87%E6%9C%A8%E8%8A%99%E8%93%89
http://www.cnhua.net/uploads/allimg/090716/2024223H0-0.JPG	http://www.cnhua.net/zhiwu/jinkuike/mufurong/238946035.html
http://www.dianshu119.com/uploads/201211/1352214292PaAQxEcz.jpg	http://www.dianshu119.com/index.php?doc-view-457.html
http://img.597mm.com/file/upload/201303/25/16-37-40-15-1.jpg	http://www.597mm.com/huahui/543.html
http://attach.wzdsb.net/blog_attachment/201010/29/16791346_12883405932u9F.jpg	http://blog.wendu.cn/space-16791346-do-blog-id-76272.html
http://e.share.photo.xuite.net/bruce0342/1e07d7a/10988330/512883536_m.jpg	http://bruce0342.blogspot.com/2009/10/blog-post_7070.html
http://pic4.nipic.com/20091027/1615703_102954038356_2.jpg	http://www.nipic.com/show/1/44/cdc2780f604cbc64.html
http://tgi13.jia.com/116/270/16270059.jpg	http://www.jia.com/baike/bdetail-7228/
https://upload.wikimedia.org/wikipedia/commons/thumb/f/f2/Hibiscus_mutabilis%2C_changing_colors.jpg/220px-Hibiscus_mutabilis%2C_changing_colors.jpg	https://zh.wikipedia.org/wiki/%E6%9C%A8%E8%8A%99%E8%93%89
http://pic25.nipic.com/20121120/9332784_220324119193_2.jpg	http://www.nipic.com/show/1/44/7150839k6babe54b.html
https://gss2.bdstatic.com/9fo3dSag_xI4khGkpoWK1HF6hhy/baike/s%3D220/sign=18467fd1b07eca8016053ee5a1229712/8d5494eef01f3a2987a20c3c9925bc315d607cde.jpg	https://baike.baidu.com/item/%E6%9C%A8%E8%8A%99%E8%93%89/1081665
https://3.share.photo.xuite.net/jodyhsieh/1377e9a/12804876/647869326_m.jpg	http://blog.xuite.net/jodyhsieh/twblog/142243383-%E5%B1%B1%E8%8A%99%E8%93%89%E8%88%87%E6%9C%A8%E8%8A%99%E8%93%89
http://www.baihuamen.com/d/file/2014/04-07/38e067b8c6bb430064353d0ede1cf09f.jpg	http://www.baihuamen.com/mufurong/
http://www.centurypark.com.cn/member/uploadfile/201502/78cbadbbb5.jpg	http://www.centurypark.com.cn/photo/kepu/shumu/2015/02/80.html
https://pic.pimg.tw/td10006/1445956081-1925876564_n.jpg?v=1445956108	http://td10006.pixnet.net/blog/post/438736438-%E6%9C%A8%E8%8A%99%E8%93%89
http://web.kinmen.gov.tw/MultiMedia_ImageResize.ashx?guid=e0f25d5c-435f-4ef4-a553-0b8b3386d246&max=550&mode=Max	http://web.kinmen.gov.tw/Layout/sub_F/ArtHtml_Show.aspx?ID=1f2b216d-9432-4c25-a01c-4a095e70ecf1&path=10276
https://www.huabaike.com/uploads/allimg/sltimg/201612/58491d1618345.jpg	https://www.huabaike.com/jtyh/6175.html
http://valley-of-flower.com/forum/attachments/month_1210/20121010_4fca95c887bfcdc62a90LB5d5L1yy99d.jpg	http://valley-of-flower.com/forum/thread-39930-1-1.html
http://a1.att.hudong.com/75/95/20300001045622130689958596617_s.jpg	http://www.baike.com/wiki/%E6%9C%A8%E8%8A%99%E8%93%89
http://s3.sinaimg.cn/middle/56374b3dnb003214d47b2&690&690	http://blog.sina.com.cn/s/blog_56374b3d0100yt0p.html
https://6.share.photo.xuite.net/lccpruns/166d828/7268816/279797080_m.jpg	http://blog.xuite.net/lccpruns/wretch/103254428-%E6%9C%A8%E8%8A%99%E8%93%89Hibiiscus+mutabilis
http://cache1.bioon.com/Article/UploadFiles/200612/20061210225732498.jpg	http://www.bioon.com/Article/Class430/247400.shtml
https://3.share.photo.xuite.net/jodyhsieh/1377e6a/12804876/647901790_m.jpg	http://blog.xuite.net/jodyhsieh/twblog/142243383-%E5%B1%B1%E8%8A%99%E8%93%89%E8%88%87%E6%9C%A8%E8%8A%99%E8%93%89
http://www.bokeyz.com/UploadFiles/2014-10/121523647321.jpg	http://www.bokeyz.com/user1/zhhong/272206.html
http://a2.att.hudong.com/05/99/01300542392970142414993633054_s.jpg	http://www.baike.com/wiki/%E6%9C%A8%E8%8A%99%E8%93%89
http://9.blog.xuite.net/9/8/b/4/11296815/blog_108107/txt/19933534/0.jpg	http://blog.xuite.net/maya569/01/19933534
http://a3.att.hudong.com/26/30/01300000111348121006306220526.jpg	http://yuanyi.baike.com/article-1382712.html
http://a0.att.hudong.com/38/95/01300542392970142414950870578_s.jpg	http://www.baike.com/wiki/%E6%9C%A8%E8%8A%99%E8%93%89
http://www.exam58.com/uploads/allimg/141215/1-141215105522616.jpg	http://www.exam58.com/gskt/11717.html
http://img0.dili360.com/rw9/ga/M01/00/54/wKgBy1Q2YpSAB3l3AAHWEftynd4795.jpg	http://www.dili360.com/nh/article/p5350c3da46f0485.htm
https://pic.pimg.tw/td10006/1445956040-3217740995_n.jpg?v=1445956108	http://td10006.pixnet.net/blog/post/438736438-%E6%9C%A8%E8%8A%99%E8%93%89
http://img169.ph.126.net/Kx6tc613Q7MWT5P4-4O-Tw==/2163135196021575591.jpg	http://he2738.blog.163.com/blog/static/21091896201091713548305/
http://pic25.nipic.com/20121120/9332784_220408541198_2.jpg	http://www.nipic.com/show/7150840.html
http://www.yuhuagu.com/uploads/allimg/120607/43-12060F50305.jpg	http://www.yuhuagu.com/ktsh/3081.html
http://www.baihuamen.com/d/file/2014/04-07/68106f44551fb9854dd5894d5b5bf0b1.jpg	http://www.baihuamen.com/mufurong/
http://1.bp.blogspot.com/-qz24EXbazwc/UstV0jgkWgI/AAAAAAAAB1U/-Qc0eoxRNg0/s800/Jan.JPG	http://blog.igarden.com.tw/2014/01/Hibiscus-taiwanensis-Hibiscus-mutabilis.html
http://pic.pimg.tw/hjlee0301/906f0186ec49461c89fd7a6eb3b3c480.jpg	http://hjlee0301.pixnet.net/blog/post/10730140-%E5%A4%9A%E8%AE%8A%E6%9C%A8%E8%8A%99%E8%93%89
https://www.huabaike.com/uploads/allimg/artimg/201612/20161214112046_42165.jpg	https://www.huabaike.com/hyjk/6272.html
http://www.chinabaike.com/uploads/allimg/160516/1I51a025-0.jpg	http://www.freechat8.com/%E6%9C%A8%E8%8A%99%E8%93%89%E8%8A%B1%E7%9A%84%E6%A4%8D%E7%89%A9%E5%BD%A2%E6%80%81_%E7%A7%91%E6%99%AE%E7%9F%A5%E8%AF%86_%E4%BD%A0%E6%87%82%E7%9A%84%E5%86%85%E6%B6%B5%E5%9B%BE/
http://wap.yunmencraft.com/Upload/20160318003802Radf.jpg	http://wap.yunmencraft.com/index.php/wap/mufurong.html
http://f.share.photo.xuite.net/ltt6139/1f04515/9724812/428963209_m.jpg	http://blog.xuite.net/ltt6139/liuting/120305674-%E6%98%8E%E6%97%A5%E7%B4%85%E8%8A%B1----%E6%9C%A8%E8%8A%99%E8%93%89
https://8.share.photo.xuite.net/tamlubi/182cf00/9837921/437093535_m.jpg	http://blog.xuite.net/tamlubi/twblog/122762430-%E9%87%8D%E7%93%A3%E6%9C%A8%E8%8A%99%E8%93%89
http://9.blog.xuite.net/9/8/b/4/11296815/blog_108107/txt/63939701/5.jpg	http://blog.xuite.net/maya569/01/63939701
http://www.ynhmw.com/file/upload/201207/24/10-09-12-40-1.jpg	http://www.ynhmw.com/photo/show-209-4.html
http://static.panoramio.com/photos/large/27821946.jpg	http://www.panoramio.com/photo/27821946
http://www.youduo.com/forum/attachment.php?aid=11376&nothumb=yes	http://www.youduo.com/forum/thread-35324-1-7.html
http://www.exam58.com/uploads/allimg/141215/1-141215110124W5.jpg	http://www.exam58.com/gskt/11717.html
http://www.18zhongyao.com/pic/1/mufuronghua.jpg	http://www.18zhongyao.com/zydq/hl/578.html
http://pic.pimg.tw/hjlee0301/591115c9f74f50689c994bc531cbd39a.jpg	http://hjlee0301.pixnet.net/blog/post/19235161-%E5%8F%88%E8%A6%8B%E6%9C%A8%E8%8A%99%E8%93%89%E4%B8%89%E9%86%89
http://i.epochtimes.com/assets/uploads/2009/04/904232110121475.jpg	http://www.epochtimes.com/b5/9/4/24/n2504755.htm
http://www.chantuguan.com/ueditor/php/upload/image/20170331/1490947611911241.jpg	http://www.chantuguan.com/baike/199.html
http://image.hnol.net/c/2008-06/13/07/200806130759403571-1194499.jpg	http://bbs.voc.com.cn/topic-1530647-1-1.html
http://www.baihuamen.com/d/file/2014/04-07/d85c8950c13cfff3fe87ed0203ebacbb.jpg	http://www.baihuamen.com/mufurong/
http://img855.ph.126.net/Tb5NYdi2lkdCrs8gQxZqcA==/2759580671672211755.jpg	http://764507627.blog.163.com/blog/static/11499895320110215744773
http://piccdn.pptfans.cn/2016/12/10/pptfans_20161210082125bf353b9c94.jpg	http://tupian.pptfans.cn/p/18141.html/pptfans_20161210082125bf353b9c94
http://www.cas.cn/kxcb/kpwz/201005/W020100531580785009851.jpg	http://www.cas.cn/kxcb/kpwz/201005/t20100531_2863172.shtml
http://pic13.nipic.com/20110304/6815747_190758375118_2.jpg	http://www.nipic.com/show/1/44/4297565k5e54d297.html
https://2.share.photo.xuite.net/b030805/120e51f/14299606/753657929_m.jpg	http://blog.xuite.net/b030805/twblog/153830486-%E6%9C%A8%E8%8A%99%E8%93%89%E8%88%87%E5%B1%B1%E8%8A%99%E8%93%89
http://www.huamu.cn/upload/Supply/201610302014307338.jpg	http://www.hkms88331.com/Product/S_mufurong_____1.html
http://www.daqiancm.com/item_image/20100314230654_2.jpg	http://www.daqiancm.com/item4.php?ID=2246&menukind=5&menukind2=97&sessionid=
http://a4.att.hudong.com/35/16/20300543494149144673161515132_s.jpg	http://www.baike.com/wiki/%E9%87%8D%E7%93%A3%E6%9C%A8%E8%8A%99%E8%93%89
http://s6.sinaimg.cn/middle/66019f9eha99603eb7e75&690	http://blog.sina.com.cn/s/blog_66019f9e0102dsdt.html
http://pic.pimg.tw/yclin2413/1380009572-1420988688.jpg?v=1380009573	http://yclin2413.pixnet.net/blog/post/39398043-%E9%87%8D%E7%93%A3%E6%9C%A8%E8%8A%99%E8%93%89
https://www.jintian.net/bb/attachments/month_1406/20140617_d6f6c6bfe15f3d9623ee3JTXaSwKz1jV.jpg	https://www.jintian.net/today/html/91/t-71191.html
http://pic27.nipic.com/20130302/12016807_211930539199_2.jpg	http://www.nipic.com/show/1/44/7614901kc801084a.html
http://www.qiaoyou020.com/UserData/6079/images/6358091841870302304994977.jpg	http://www.qiaoyou020.com/uqiaoyou001/38148-544127.aspx
https://cbu01.alicdn.com/img/ibank/2014/288/728/1735827882_91368241.jpg	https://www.1688.com/topic/mufurongtupian.html
http://www.52ij.com/uploads/allimg/160316/2056402102-5.jpg	http://www.52ij.com/gongxiao/443798.html
http://pic40.nipic.com/20140429/13207379_165113684104_2.jpg	http://www.nipic.com/show/10192658.html
http://hua-img.fengqiaoju.com/yanghua/201510/yanghua-5614db0d59c6f38_500_500.jpg	http://huahui.fengqiaoju.com/huahui-jiaoliu/mufurongyangzhi/
https://www.ritagiang.com/files/articleFilesfinder/images/P1000680-1.jpg	https://www.ritagiang.com/article.php?id=28
http://img.xunhai.com/2015/11/30/144886562291498.jpg	http://www.xunhai.com/mujin/2015/1130/8786.html
http://p.ayxbk.com/images/thumb/c/c8/Bkb0g.jpg/200px-Bkb0g.jpg	http://www.a-hospital.com/w/%E6%9C%A8%E8%8A%99%E8%93%89
