
http://a3.att.hudong.com/70/59/01300331088506135218596098052_s.jpg	http://www.baike.com/wiki/%E9%95%BF%E6%98%A5%E8%8A%B1
http://www.baihuamen.com/d/file/2014/05-03/eb09f16096bac25c9f197ed86946b791.jpg	http://www.baihuamen.com/changchunhua/
http://dashulin.com/wp-content/uploads/2012/06/changchunhua1.jpg	http://dashulin.com/changchunhua/
http://pic15.nipic.com/20110721/7655901_093020620135_2.jpg	http://www.nipic.com/show/1/44/4869347k3397ae93.html
http://a2.att.hudong.com/35/61/20300331088506135218618031678_s.jpg	http://www.baike.com/wiki/%E9%95%BF%E6%98%A5%E8%8A%B1
http://pic1.nipic.com/2008-09-09/200899171352282_2.jpg	http://www.nipic.com/show/1/44/025049972c3dc95a.html
http://www.wdptj.com/wp-content/uploads/2015/04/%E8%94%93%E9%95%BF%E6%98%A5%E8%8A%B14.jpg	http://www.wdptj.com/changchunhua/
http://www.wdptj.com/wp-content/uploads/2015/04/%E8%94%93%E9%95%BF%E6%98%A5%E8%8A%B15.jpg	http://www.wdptj.com/changchunhua/
http://a0.att.hudong.com/65/59/01300331088506135218598093584_s.jpg	http://www.baike.com/wiki/%E9%95%BF%E6%98%A5%E8%8A%B1
http://a4.att.hudong.com/17/32/01300000115459121102327762035.jpg	http://www.baike.com/wiki/%E9%95%BF%E6%98%A5%E8%8A%B1
http://dashulin.com/wp-content/uploads/2012/06/changchunhua7.jpg	http://dashulin.com/changchunhua/
https://www.huabaike.com/uploads/allimg/sltimg/201605/57286dd6437d1.jpg	https://www.huabaike.com/hyjk/3067.html
https://www.huabaike.com/uploads/allimg/sltimg/201512/566e4e2c2fe46.jpg	https://www.huabaike.com/jtyh/810.html
http://a1.att.hudong.com/78/60/01300331088506135218601989213_s.jpg	http://www.baike.com/wiki/%E9%95%BF%E6%98%A5%E8%8A%B1
http://pic16.nipic.com/20110901/4224370_074143500102_2.jpg	http://www.nipic.com/show/5039561.html
http://www.zhongzi.net/files/allimg/151130/1-151130043QE60.jpg	http://m.zhongzi.net/huahui/changchunhua.htm
http://www.baihuamen.com/d/file/2014/05-03/8b44a55d5ff2d1915bdc554945ec6e57.jpg	http://www.baihuamen.com/changchunhua/
http://a4.att.hudong.com/28/33/01300000115459121102332929724.jpg	http://kangaizhongyao.baike.com/article-309492.html
http://www.yuhuagu.com/uploads/allimg/100613/1_100613064533_1.jpg	http://www.yuhuagu.com/changshi/2010/0613/956.html
http://yn.zwbk.org/edit/FileRelimg/20121204020410855_2900.jpg	http://yn.zwbk.org/lemma/4016
http://www.cas.cn/kxcb/kpwz/201103/W020110330317564014309.jpg	http://www.cas.cn/kxcb/kpwz/201103/t20110330_3096625.shtml
http://a2.att.hudong.com/72/64/01300000291092124162645507075_s.jpg	http://www.baike.com/wiki/%E5%B0%8F%E9%95%BF%E6%98%A5%E8%8A%B1
http://www.52yhua.com/uploads/allimg/160519/1-160519212503.jpg	http://m.52yhua.com/jiating/2418.html
http://www.cnhua.net/uploads/allimg/090715/2115163H6-0.JPG	http://www.cnhua.net/zhiwu/jiazhutaoke/changchunhua/
http://nhjy.hzau.edu.cn/kech/hhx/piclib/upload/20057201518661907.jpg	http://nhjy.hzau.edu.cn/kech/hhx/piclib/display.asp?id=454
https://www.huabaike.com/uploads/allimg/artimg/201703/20170322160927_56227.jpg	https://www.huabaike.com/jtyh/7835.html
http://pic12.nipic.com/20101220/2170126_140157031109_2.jpg	http://www.nipic.com/show/4068127.html
http://img.007swz.com/cpimg/huahuizhongzizhongmiao/z9wXOVMViZ_1268314582.jpg	http://www.007swz.com/t/%B3%A4%B4%BA%BB%A8
http://web.jtes.tp.edu.tw/nature/%E6%9C%89%E6%AF%92%E6%A4%8D%E7%89%A9/%E9%95%B7%E6%98%A5%E8%8A%B1/IMG_0597.jpg	http://web.jtes.tp.edu.tw/nature/%E6%9C%89%E6%AF%92%E6%A4%8D%E7%89%A9/%E9%95%B7%E6%98%A5%E8%8A%B1/%E9%95%B7%E6%98%A5%E8%8A%B1.htm
http://www.iyanghua.com/f/changchunhua/2009225211844_2.jpg	http://www.iyanghua.com/f/changchunhua/
http://www.hnhm.com/uploads/allimg/130810/1116552.jpg	http://www.hnhm.com/news/zaipei/201308/295631.html
https://upload.wikimedia.org/wikipedia/commons/thumb/0/0f/Vinca_February_2008-1.jpg/250px-Vinca_February_2008-1.jpg	https://zh.wikipedia.org/wiki/%E8%94%93%E9%95%BF%E6%98%A5%E8%8A%B1
http://www.wdptj.com/wp-content/uploads/2014/11/%E9%95%BF%E6%98%A5%E8%8A%B1.jpg	http://www.wdptj.com/changchunhua/
http://www.huajiang.cc/uploads/image/20160823/1471914656508205.jpg	http://www.huajiang.cc/yanghua/20160823/7499.html
http://wiki.zhulong.com/upload/other/2012/11/23/32c565708a040446ca54790c5dffe29b.jpg	http://wiki.zhulong.com/yl11/type116/topic641215_5.html
http://pic13.nipic.com/20110302/6750250_110013916500_2.jpg	http://www.nipic.com/show/1/44/4299286k9a50b611.html
http://image4.club.sohu.com/pic/d8/ec/be38683b940372cf5dedae82eaadecd8.jpg	http://roll.sohu.com/20110508/n307008662.shtml
http://www.baihuamen.com/d/file/2014/05-03/18a9217f3f1cebd296a7e2bc5f38a21b.jpg	http://www.baihuamen.com/changchunhua/
http://a4.att.hudong.com/21/87/01300000167299125612879786603_s.jpg	http://www.baike.com/wiki/%E8%94%93%E9%95%BF%E6%98%A5%E8%8A%B1%E5%B1%9E
http://a2.att.hudong.com/41/17/01300000115459121102174590615.jpg	http://tupian.baike.com/a2_41_17_01300000115459121102174590615_jpg.html
http://www.cnhua.net/uploads/allimg/090715/2116243A0-0.JPG	http://www.cnhua.net/zhiwu/jiazhutaoke/changchunhua/41514016565.html
http://map1.zw3e.com:8080/zw_news_map/550/2016061/1465179366330298395.jpg	http://www.zw3e.com/370/
http://pic.pingguolv.com/uploads/allimg/170614/124-1F6141ZS0.png	http://www.pingguolv.com/zy/gongxiao/101128.html
http://www.shandongcaohua.com/uploads/image/20170603/20170603172709_5362.jpg	http://www.shandongcaohua.com/news/77.html
http://www.yuhuagu.com/uploads/allimg/140517/43_140517101048_1.jpg	http://www.yuhuagu.com/fanzhi/2014/0517/10723.html
http://www.1nongjing.com/uploads/allimg/150706/892-150F616422Q29.jpg	http://m.1nongjing.com/a/201507/101807.html
https://cbu01.alicdn.com/img/ibank/2016/858/562/3554265858_1860499424.220x220.jpg	http://www.1688.com/chanpin/-B3A4B4BABBA8.html
http://www.wdptj.com/wp-content/uploads/2014/11/%E9%95%BF%E6%98%A5%E8%8A%B12.jpg	http://www.wdptj.com/changchunhua/
http://www.mhlib.sh.cn/eweb/uploadfile/20110822055857377.jpg	http://www.mhlib.sh.cn/blog/xiangxi.asp?fid=19405
http://www.1nongjing.com/uploads/allimg/150706/892-150F616463T32.jpg	http://www.1nongjing.com/zt/zz/101818.html
http://www.xxnmcd.com/uploadfile/2015/0818/20150818114459166.png	http://www.xxnmcd.com/a/20150818/92978.html
http://www.huajiang.cc/uploads/allimg/160823/13-160R30912320-L.jpg	http://baike.huajiang.cc/cb/changchunhua/
http://a3.att.hudong.com/84/62/28300309316150149751624195522_s.jpg	http://www.baike.com/wiki/%E9%95%BF%E6%98%A5%E8%8A%B1
http://pic17.nipic.com/20111114/8832171_165351168109_2.jpg	http://www.nipic.com/show/1/44/5355965ke1afa16b.html
http://dashulin.com/wp-content/uploads/2012/06/changchunhua3.jpg	http://dashulin.com/changchunhua/
http://pic1.huashichang.com/2015/0619/22/558426c712bba.jpg	http://www.aihuhua.com/tu/changchunhua.html
http://pic15.nipic.com/20110703/7724603_094509639176_2.jpg	http://www.nipic.com/show/1/44/4789527ke13bef91.html
https://bingxiulvyuan.files.wordpress.com/2012/10/dsc_1180.jpg	https://bingxiulvyuan.wordpress.com/2013/02/15/%E5%90%B8%E4%BA%BA%E7%9C%BC%E7%90%83%E7%9A%84%E9%95%BF%E6%98%A5%E8%8A%B1/
http://www.ailianshuo.net/uploads/caoben/changchunhua/changchunhua_02.jpg	http://www.ailianshuo.net/caobenhuahui/505/
https://www.huabaike.com/uploads/allimg/artimg/201605/20160503172424_76733.jpg	https://www.huabaike.com/hyjk/3067.html
http://a2.att.hudong.com/62/78/01300000167299125611782053128_s.jpg	http://www.baike.com/wiki/%E9%95%BF%E6%98%A5%E8%8A%B1%E5%B1%9E
http://pic12.nipic.com/20101220/2170126_140157027108_2.jpg	http://www.nipic.com/show/4068124.html
http://www.wdptj.com/wp-content/uploads/2015/04/%E8%94%93%E9%95%BF%E6%98%A5%E8%8A%B13.jpg	http://www.wdptj.com/changchunhua/
http://p.ayxbk.com/images/thumb/4/41/Bkcay.jpg/220px-Bkcay.jpg	http://www.a-hospital.com/w/%E9%95%BF%E6%98%A5%E8%8A%B1
http://nhjy.hzau.edu.cn/kech/hhx/piclib/upload/200572015174713660.jpg	http://nhjy.hzau.edu.cn/kech/hhx/piclib/display.asp?id=453
https://www.huabaike.com/uploads/allimg/sltimg/201605/57286e2c07bbf.jpg	https://www.huabaike.com/hyjk/3067.html
http://pic16.nipic.com/20110908/8332465_144021193128_2.jpg	http://www.nipic.com/show/5132680.html
http://www.ew9z.com/wp-content/uploads/2010/02/Catharanthus_roseus_4.jpg	http://www.ew9z.com/changchunhua-pinzhong.html
https://www.huabaike.com/uploads/allimg/sltimg/201605/5729b18d77f97.jpg	https://www.huabaike.com/hyjk/3067.html
http://universegarden.com/userFile/images/dispthumb(6).jpg	http://universegarden.com/chuangchunhua-62.html
https://i.ytimg.com/vi/FaxVSQvHe_A/maxresdefault.jpg	https://www.youtube.com/watch?v=FaxVSQvHe_A
http://img5.3lian.com/gaoqing/04/10/02/08.jpg	http://www.3lian.com/down/pic/3/301/44494.html
http://www.dianshu119.com/uploads/201603/14587848240pGaieoT.jpg	http://www.dianshu119.com/index.php?doc-view-2225.html
http://pic16.nipic.com/20110920/8408885_094603375161_2.jpg	http://www.nipic.com/show/1/47/5122174kfe037d0b.html
http://www.td-school.org.cn/itec/plant/image/plant0818.jpg	https://sites.google.com/site/tcmherbgood/zhang-chun-hua
http://jpkc.sysu.edu.cn/zhiwuxue/web2004/source/yhg/images/01%E9%95%BF%E6%98%A5%E8%8A%B12.jpg	http://jpkc.sysu.edu.cn/zhiwuxue/web2004/source/yhg/pages/01%E9%95%BF%E6%98%A5%E8%8A%B12.htm
http://pic23.nipic.com/20120816/4224370_183744232000_2.jpg	http://www.nipic.com/show/6691467.html
http://s2.sinaimg.cn/middle/66019f9eha84e4c39d051&690	http://blog.sina.com.cn/s/blog_66019f9e0102drck.html
http://pic16.nipic.com/20110910/259324_083906561188_2.jpg	http://www.nipic.com/show/5078877.html
http://www.iyanghua.com/f/changchunhua/2009225211506_2.jpg	http://www.iyanghua.com/f/changchunhua/
http://www.baihuamen.com/d/file/2014/05-03/c84640637ff25e091b3703ee1f8bb7ee.jpg	http://www.baihuamen.com/changchunhua/
http://pic16.nipic.com/20110825/6759425_135330456121_2.jpg	http://www.nipic.com/show/5007344.html
https://upload.wikimedia.org/wikipedia/commons/thumb/f/f1/Vinca_minor_2016_G1.jpg/250px-Vinca_minor_2016_G1.jpg	https://zh.wikipedia.org/wiki/%E5%B0%8F%E8%94%93%E9%95%BF%E6%98%A5%E8%8A%B1
http://s1.sinaimg.cn/middle/68c0bec3hc58d97072770&690	http://blog.sina.com.cn/s/blog_68c0bec30101478n.html
http://www.iyanghua.com/f/changchunhua/20095174748_2.jpg	http://www.iyanghua.com/f/changchunhua/
http://www.hxzyy.com.cn/uploadfile/201072815322375243.jpg	http://www.hxzyy.com.cn/product_detail_534.html
http://g.udn.com.tw/upfiles/B_MI/mindspring/PSN_PHOTO/966/f_11030966_1.jpg	http://blog.udn.com/mindspring/14630411
https://cdn.pixabay.com/photo/2015/01/29/19/48/periwinkle-616614__340.jpg	https://pixabay.com/zh/photos/%E9%95%BF%E6%98%A5%E8%8A%B1/
https://upload.wikimedia.org/wikipedia/commons/c/c2/Catharanthus_roseus_white_CC-BY-SA.jpg	https://zh.wikipedia.org/wiki/%E9%95%B7%E6%98%A5%E8%8A%B1%E5%B1%AC
http://dashulin.com/wp-content/uploads/2012/06/changchunhua2.jpg	http://dashulin.com/changchunhua/
http://g.udn.com.tw/upfiles/B_MI/mindspring/PSN_PHOTO/968/f_11030968_1.jpg	http://blog.udn.com/mindspring/14630411
http://a2.att.hudong.com/50/91/20300000164151143340911988454_s.jpg	http://www.baike.com/wiki/%E5%B0%8F%E9%95%BF%E6%98%A5%E8%8A%B1
http://www.iyanghua.com/f/changchunhua/200935200023_2.jpg	http://www.iyanghua.com/f/changchunhua/
http://img396.ph.126.net/xrEJd9AKC8sj0CJtYHsQUw==/3067232821217229909.jpg	http://yanjing1030.blog.163.com/blog/static/76184484201112493218858/
http://image.sciencenet.cn/album/201104/01/225644d06zkydydc6h5aoq.jpg	http://blog.sciencenet.cn/home.php?mod=space&uid=38998&do=blog&id=428841
http://jpkc.sysu.edu.cn/zhiwuxue/web2004/source/yhg/images/04%E9%95%BF%E6%98%A5%E8%8A%B13.jpg	http://jpkc.sysu.edu.cn/zhiwuxue/web2004/source/yhg/pages/04%E9%95%BF%E6%98%A5%E8%8A%B13.htm
http://pic17.nipic.com/20111014/8432969_105949679186_2.jpg	http://www.nipic.com/show/1/44/5220465k095e0cfd.html
http://www.baihuamen.com/d/file/2014/05-03/928d4248a95be5dc6f42f39f23ec46c0.jpg	http://www.baihuamen.com/changchunhua/12417_21.html
http://www.dianshu119.com/uploads/201603/1458784859O6Z5MMsz.jpg	http://www.dianshu119.com/index.php?doc-view-2225.html
https://upload.wikimedia.org/wikipedia/commons/thumb/c/ca/The_Botanical_Magazine%2C_Plate_248_%28Volume_7%2C_1794%29.png/200px-The_Botanical_Magazine%2C_Plate_248_%28Volume_7%2C_1794%29.png	https://zh.wikipedia.org/wiki/%E9%95%B7%E6%98%A5%E8%8A%B1
