
https://gss2.bdstatic.com/9fo3dSag_xI4khGkpoWK1HF6hhy/baike/c0%3Dbaike80%2C5%2C5%2C80%2C26/sign=5d65a32c7cc6a7efad2ba0749c93c434/aa64034f78f0f73615b74af20055b319eac413f3.jpg
https://gss2.bdstatic.com/-fo3dSag_xI4khGkpoWK1HF6hhy/baike/c0%3Dbaike92%2C5%2C5%2C92%2C30/sign=4fd4c82a9022720e6fc3eaa81aa26123/574e9258d109b3dedaa18920c4bf6c81800a4c5f.jpg

https://gss3.bdstatic.com/7Po3dSag_xI4khGkpoWK1HF6hhy/baike/c0%3Dbaike180%2C5%2C5%2C180%2C60/sign=ab338dac3a292df583cea447dd583705/d0c8a786c9177f3e58d4b48e70cf3bc79e3d5654.jpg
https://gss0.bdstatic.com/94o3dSag_xI4khGkpoWK1HF6hhy/baike/c0%3Dbaike116%2C5%2C5%2C116%2C38/sign=cd6cb6a049540923be646b2cf331ba6c/a686c9177f3e670989e00d7c3bc79f3df9dc5554.jpg
https://gss1.bdstatic.com/9vo3dSag_xI4khGkpoWK1HF6hhy/baike/c0%3Dbaike116%2C5%2C5%2C116%2C38/sign=8ace34e70923dd54357eaf3ab060d8bb/c8177f3e6709c93d311246749f3df8dcd0005454.jpg
https://gss1.bdstatic.com/-vo3dSag_xI4khGkpoWK1HF6hhy/baike/c0%3Dbaike92%2C5%2C5%2C92%2C30/sign=02db558b1f30e924dba994632d610563/7aec54e736d12f2ebcebe6e34fc2d56284356842.jpg
https://gss2.bdstatic.com/-fo3dSag_xI4khGkpoWK1HF6hhy/baike/c0%3Dbaike116%2C5%2C5%2C116%2C38/sign=b4c2eea0b07eca80060831b5f04afcb8/55e736d12f2eb9389d833271d5628535e4dd6f42.jpg

https://gss0.bdstatic.com/-4o3dSag_xI4khGkpoWK1HF6hhy/baike/c0%3Dbaike92%2C5%2C5%2C92%2C30/sign=6f212a4b500fd9f9b41a5d3b4444bf4f/a9d3fd1f4134970ab497151894cad1c8a7865d24.jpg
https://gss1.bdstatic.com/9vo3dSag_xI4khGkpoWK1HF6hhy/baike/c0%3Dbaike92%2C5%2C5%2C92%2C30/sign=123a4cde8c1001e95a311c5dd9671089/aa18972bd40735fa573b4b8e9f510fb30f240839.jpg
https://gss1.bdstatic.com/-vo3dSag_xI4khGkpoWK1HF6hhy/baike/c0%3Dbaike92%2C5%2C5%2C92%2C30/sign=6219fe1c9c16fdfacc61cebcd5e6e731/faedab64034f78f032c09fc478310a55b3191c39.jpg
https://gss3.bdstatic.com/-Po3dSag_xI4khGkpoWK1HF6hhy/baike/c0%3Dbaike92%2C5%2C5%2C92%2C30/sign=6fc76c6735a85edfee81f671283d6246/1f178a82b9014a9025f5438aa8773912b31bee3a.jpg
https://gss0.bdstatic.com/-4o3dSag_xI4khGkpoWK1HF6hhy/baike/c0%3Dbaike92%2C5%2C5%2C92%2C30/sign=408da4e9f11f3a294ec5dd9cf84cd754/0b55b319ebc4b7458f70b221cefc1e178a821524.jpg
https://gss0.bdstatic.com/-4o3dSag_xI4khGkpoWK1HF6hhy/baike/c0%3Dbaike92%2C5%2C5%2C92%2C30/sign=11e97133960a304e462fa8a8b0a1cce3/1e30e924b899a901a0fe5e011c950a7b0208f53a.jpg
https://gss3.bdstatic.com/-Po3dSag_xI4khGkpoWK1HF6hhy/baike/c0%3Dbaike92%2C5%2C5%2C92%2C30/sign=032ae107bba1cd1111bb7a72d87ba399/a8ec8a13632762d00cf5a188a1ec08fa513dc63a.jpg
https://gss1.bdstatic.com/9vo3dSag_xI4khGkpoWK1HF6hhy/baike/c0%3Dbaike92%2C5%2C5%2C92%2C30/sign=8e6394c57c1ed21b6dc426b7cc07b6a1/42166d224f4a20a44fd439f091529822720ed03a.jpg

https://gss2.bdstatic.com/-fo3dSag_xI4khGkpoWK1HF6hhy/baike/c0%3Dbaike92%2C5%2C5%2C92%2C30/sign=80a63fb40e2442a7ba03f5f7b02ac62e/1b4c510fd9f9d72a7eae152ad52a2834349bbb3a.jpg

https://gss2.bdstatic.com/-fo3dSag_xI4khGkpoWK1HF6hhy/baike/c0%3Dbaike92%2C5%2C5%2C92%2C30/sign=808b3fb40e2442a7ba03f5f7b02ac62e/1b4c510fd9f9d72a7e83152ad52a2834349bbb25.jpg
https://gss3.bdstatic.com/-Po3dSag_xI4khGkpoWK1HF6hhy/baike/c0%3Dbaike92%2C5%2C5%2C92%2C30/sign=f8ebb706a08b87d6444fa34d6661435d/7dd98d1001e939016ac888097aec54e736d1963a.jpg

https://gss2.bdstatic.com/-fo3dSag_xI4khGkpoWK1HF6hhy/baike/c0%3Dbaike80%2C5%2C5%2C80%2C26/sign=710a7e5a8f35e5dd8421ad8d17afcc8a/5bafa40f4bfbfbed95aca87772f0f736aec31fc4.jpg
https://gss2.bdstatic.com/-fo3dSag_xI4khGkpoWK1HF6hhy/baike/c0%3Dbaike80%2C5%2C5%2C80%2C26/sign=edf030badb58ccbf0fb1bd6878b1d75b/8ad4b31c8701a18bd9f88b47942f07082838fea3.jpg
https://gss2.bdstatic.com/9fo3dSag_xI4khGkpoWK1HF6hhy/baike/c0%3Dbaike80%2C5%2C5%2C80%2C26/sign=cbed1709566034a83defb0d3aa7a2231/4b90f603738da9776bda1823ba51f8198718e3c5.jpg
https://gss0.bdstatic.com/94o3dSag_xI4khGkpoWK1HF6hhy/baike/c0%3Dbaike80%2C5%2C5%2C80%2C26/sign=77f0b22f8082b90129a0cb6112e4c212/96dda144ad3459820abb7c9a06f431adcbef8481.jpg
https://gss2.bdstatic.com/9fo3dSag_xI4khGkpoWK1HF6hhy/baike/c0%3Dbaike80%2C5%2C5%2C80%2C26/sign=4b1b212b692762d09433acedc185639f/95eef01f3a292df50209321db6315c6035a873f4.jpg

https://gss1.bdstatic.com/9vo3dSag_xI4khGkpoWK1HF6hhy/baike/c0%3Dbaike92%2C5%2C5%2C92%2C30/sign=b0ec92016a59252db71a155655f2685e/960a304e251f95cab8dde2adc3177f3e67095284.jpg
https://gss0.bdstatic.com/-4o3dSag_xI4khGkpoWK1HF6hhy/baike/c0%3Dbaike92%2C5%2C5%2C92%2C30/sign=b545987f5c4e9258b2398ebcfdebba3d/3812b31bb051f8193a7e7351d0b44aed2e73e756.jpg
https://gss2.bdstatic.com/9fo3dSag_xI4khGkpoWK1HF6hhy/baike/c0%3Dbaike92%2C5%2C5%2C92%2C30/sign=3e05c2bfaec27d1eb12b33967abcc60b/b3fb43166d224f4aca9e030803f790529822d1a2.jpg
https://gss1.bdstatic.com/-vo3dSag_xI4khGkpoWK1HF6hhy/baike/c0%3Dbaike150%2C5%2C5%2C150%2C50/sign=667faeefbd4543a9e116f29e7f7ee1e7/0b7b02087bf40ad1b7bfb7f85d2c11dfa9ecce56.jpg
https://gss2.bdstatic.com/-fo3dSag_xI4khGkpoWK1HF6hhy/baike/c0%3Dbaike92%2C5%2C5%2C92%2C30/sign=97fc7c2a2b3fb80e18dc698557b8444b/34fae6cd7b899e5199a64a0f48a7d933c8950d84.jpg
