
http://img.boqiicdn.com/Data/BK/A/1601/18/imagick35131453098069_y.jpg	http://www.boqii.com/entry/detail/2436.html
http://img.boqiicdn.com/Data/BK/A/1601/18/imagick32161453101453_y.jpg	http://www.boqii.com/article/25982.html
http://www.baihuamen.com/d/file/2014/06-01/5927a36d468307e50cd575824fe1e084.jpg	http://www.baihuamen.com/chiyuandiaozhonghua/17438.html
http://pic1.huashichang.com/2016/0901/22/57c841c5e4973.jpg	http://www.aihuhua.com/tu/chiyuandiaozhonghua.html
http://www.baihuamen.com/d/file/2014/06-01/0c926fd3b419fe0ea4a4d579f25ac530.jpg	http://www.baihuamen.com/chiyuandiaozhonghua/
http://www.wed114.cn/jiehun/uploads/allimg/160906/52_160906162755_3.jpg	http://www.wed114.cn/jiehun/zhiwu/20160906154888_2.html
http://www.baihuamen.com/d/file/2014/06-01/fead88a1fa72f69b6f4b88ce207848b0.jpg	http://www.baihuamen.com/chiyuandiaozhonghua/17438_8.html
http://img.boqiicdn.com/Data/BK/A/1601/18/imagick5281453101419_y.jpg	http://www.boqii.com/article/25982.html
http://www.naturelib.net/sites/default/files/styles/larger/public/field/image/%E9%BD%BF%E7%BC%98%E5%90%8A%E9%92%9F%E8%8A%B1.jpg?itok=jM8QlIRF	http://www.naturelib.net/node/1131
http://www.naturelib.net/sites/default/files/styles/larger/public/field/image/%E9%BD%BF%E7%BC%98%E5%90%8A%E9%92%9F%E8%8A%B11.jpg?itok=nM95Phoc	http://www.naturelib.net/node/1131
http://pic1.huashichang.com/2016/0901/22/57c841d199584.jpg	http://www.aihuhua.com/tu/chiyuandiaozhonghua.html
http://pic1.huashichang.com/2016/0901/22/57c841c65c8ca.jpg	http://m.aihuhua.com/tupian/tupianqod.html
http://pic1.huashichang.com/2016/0901/22/57c841bc134ca.jpg	http://m.aihuhua.com/tupian/tupianqo8.html
http://www.baihuamen.com/d/file/2014/06-01/cb558dc89c9f9ec32005f6e48af5c507.jpg	http://www.baihuamen.com/chiyuandiaozhonghua/17438_7.html
http://pic1.huashichang.com/2016/0901/22/57c841bc98949.jpg	http://m.aihuhua.com/tupian/tupianqoa.html
http://www.huayugu.com.cn/uploads/allimg/160909/1-160ZZ300490-L.jpg	http://www.huayugu.com.cn/chiyuandiaozhonghua/
http://www.huaxianer.com/uploads/allimg/170427/2-1F42G60121R6.jpg	http://www.huaxianer.com/zhishi/04170.html
http://www.baihuamen.com/d/file/2014/06-01/762982fd4d4a4b797c0619af25462bee.jpg	http://www.baihuamen.com/chiyuandiaozhonghua/
http://img.boqiicdn.com/Data/BK/P/imagick90521453109126.jpg	http://www.boqii.com/entry/detail/2436.html
http://www.wed114.cn/jiehun/uploads/allimg/160906/52_160906162755_1.jpg	http://www.wed114.cn/jiehun/zhiwu/20160906154888.html
http://pic.xeeok.com/uploads/20170418/201704181338393918/260137_001.jpg	http://www.xeeok.com/wangluo_detail_19786_1.html
http://a3.att.hudong.com/21/45/20300000164151143304451542824_s.jpg	http://www.baike.com/wiki/%E9%BD%BF%E7%BC%98%E5%90%8A%E9%92%9F%E8%8A%B1
http://www.baihuamen.com/d/file/2014/06-01/4170fc4b5bec321c8c994ca47eaf3283.jpg	http://www.baihuamen.com/chiyuandiaozhonghua/17438_12.html
http://pic1.huashichang.com/2016/0901/22/57c841bf20e70.jpg	http://m.aihuhua.com/tupian/tupianqob.html
http://pic1.huashichang.com/2016/0901/22/57c841c7c3c10.jpg	http://www.aihuhua.com/tu/chiyuandiaozhonghua.html
http://img.boqiicdn.com/Data/BK/A/1601/18/imagick50361453098973_y.jpg	http://www.boqii.com/entry/detail/2436.html
http://www.naturelib.net/sites/default/files/styles/larger/public/field/image/%E9%BD%BF%E7%BC%98%E5%90%8A%E9%92%9F%E8%8A%B12.jpg?itok=QWTbXuHY	http://www.naturelib.net/node/1131
http://www.baihuamen.com/d/file/2014/06-01/3d18f5c316c827ce5d9a4c0982cfa977.jpg	http://www.baihuamen.com/chiyuandiaozhonghua/
http://www.huayugu.com.cn/uploads/allimg/160909/1-160ZZ259460-L.jpg	http://www.huayugu.com.cn/chiyuandiaozhonghua/
http://img003.mllres.com//images/upload/%E9%BD%BF%E7%BC%98%E5%90%8A%E9%92%9F%E8%8A%B102.jpg	http://www.meilele.com/article/shipin/37229.html
http://1.bp.blogspot.com/-euSj3ibaFYA/VVVNhBkcu4I/AAAAAAAAQPI/3PEWs3TmiiY/s1600/DSC00065.JPG	http://blog.xuite.net/aeni1203/blog/315803906-%E9%BD%92%E7%B7%A3%E5%90%8A%E9%90%98%E8%8A%B1
http://img.boqiicdn.com/Data/BK/A/1601/18/imagick45241453098908_y.jpg	http://www.boqii.com/tag/28839/
http://a1.att.hudong.com/10/89/01000000000000119088945321910_s.jpg	http://www.baike.com/wiki/%E9%BD%BF%E7%BC%98%E5%90%8A%E9%92%9F%E8%8A%B1
http://pic1.huashichang.com/2016/0901/22/57c841c76721d.jpg	http://m.aihuhua.com/tupian/tupianqof.html
http://3.bp.blogspot.com/-j5RI8VKKlxw/VVVNpenleRI/AAAAAAAAQP4/0kaZSZxB4Go/s1600/DSC00065%2B-%2B%E8%A4%87%E8%A3%BD%2B%282%29.JPG	http://blog.xuite.net/aeni1203/blog/315803906-%E9%BD%92%E7%B7%A3%E5%90%8A%E9%90%98%E8%8A%B1
http://s14.sinaimg.cn/middle/62267519ta2193a8843ed&690	http://blog.sina.com.cn/s/blog_622675190100t17p.html
http://www.baihuamen.com/d/file/2014/06-01/41db0745098aab8af5ee62996f9b6a58.jpg	http://www.baihuamen.com/chiyuandiaozhonghua/17438_15.html
http://www.baihuamen.com/d/file/2014/06-01/935f8b2b1ffa90cb2d78d30421dce728.jpg	http://www.baihuamen.com/chiyuandiaozhonghua/17438_10.html
https://gss1.bdstatic.com/-vo3dSag_xI4khGkpoWK1HF6hhy/baike/s%3D220/sign=60662ff7ed1190ef05fb95ddfe1b9df7/314e251f95cad1c842d5033d753e6709c93d51ba.jpg	https://baike.baidu.com/item/%E9%BD%BF%E7%BC%98%E5%90%8A%E9%92%9F%E8%8A%B1
http://img.boqiicdn.com/Data/BK/A/1601/18/imagick70611453097989_y.jpg	http://www.boqii.com/article/25979.html
http://www.baihuamen.com/d/file/2014/06-01/c46619d2ec9493d003561fab6d43fd0b.jpg	http://www.baihuamen.com/chiyuandiaozhonghua/17438_11.html
http://www.baihuamen.com/d/file/2014/06-01/71ecea7641060c7bc12b08e822d2cb97.jpg	http://www.baihuamen.com/chiyuandiaozhonghua/
http://www.baihuamen.com/d/file/2014/06-01/def8d70babb18bfa6cbfc17c6c399ca9.jpg	http://www.baihuamen.com/chiyuandiaozhonghua/17438_9.html
https://gss0.bdstatic.com/94o3dSag_xI4khGkpoWK1HF6hhy/baike/s%3D220/sign=b9cdd1e374094b36df921cef93cc7c00/0823dd54564e92585969a9d29e82d158ccbf4ea8.jpg	https://baike.baidu.com/item/%E9%BD%BF%E7%BC%98%E5%90%8A%E9%92%9F%E8%8A%B1
http://www.baihuamen.com/d/file/2014/06-01/6b811d016b6ffea39fb06c4de25fce1a.jpg	http://www.baihuamen.com/chiyuandiaozhonghua/17438_5.html
http://pic1.huashichang.com/2016/0901/22/57c841bc41995_200_140.JPG	http://m.aihuhua.com/tu/chiyuandiaozhonghua.html
http://www.wed114.cn/jiehun/uploads/allimg/160906/52_160906162755_4.jpg	http://www.wed114.cn/jiehun/zhiwu/20160906154888_2.html
http://s1.sinaimg.cn/mw690/49a4b55dh7b8c4a80cd70&690	http://blog.sina.com.cn/s/blog_49a4b55d0102e8p9.html
http://www.huaxianer.com/uploads/allimg/170427/2-1F42G60145U6.jpg	http://www.huaxianer.com/zhishi/04170.html
http://www.baihuamen.com/d/file/2014/06-01/ed53f52c56ba57bff71adf31fe25721c.jpg	http://www.baihuamen.com/chiyuandiaozhonghua/17438_13.html
http://1.bp.blogspot.com/-rjFSl4YpnZA/VVVNcFfwt3I/AAAAAAAAQOo/sCZ94HyY1as/s1600/DSC09931.JPG	http://blog.xuite.net/aeni1203/blog/315803906-%E9%BD%92%E7%B7%A3%E5%90%8A%E9%90%98%E8%8A%B1
http://spic.xeeok.com/uploads/20170418/201704181338393918/260137_007_s.jpg	http://www.xeeok.com/wangluo_detail_19786_1.html
http://spic.xeeok.com/uploads/20170418/201704181338393918/260137_002_s.jpg	http://www.xeeok.com/wangluo_detail_19786_1.html
http://spic.xeeok.com/uploads/20170418/201704181338393918/260137_004_s.jpg	http://www.xeeok.com/wangluo_detail_19786_1.html
http://s11.sinaimg.cn/mw690/002LGXingy6SZd4YSzo6a&690	http://blog.sina.com.cn/s/blog_973769bf0102w76w.html
http://img.boqiicdn.com/Data/BK/P/imagick22601453109260.jpg	http://www.boqii.com/entry/detail/2436.html
http://s14.sinaimg.cn/mw690/001qx77Vgy6RxNO8pyZ5d&690	http://blog.sina.com.cn/s/blog_4df9b27f0102vkzd.html
http://www.zhiwutong.com/tu/4/4296.jpg	http://www.zhiwutong.com/dan_tu/0/454.htm
http://a3.att.hudong.com/43/88/16300000044935129491888079974.jpg	http://www.zw2.cn/zhaotupian/JDGr8SPHbyt9Wcq3.html
http://s10.sinaimg.cn/mw690/5cac4ff4td8e3c4d8e169&690	http://www.zw2.cn/zhaotupian/JDGr8SPHbyt9Wcq3.html
http://frps.eflora.cn/QRCode.ashx?id=13725	http://frps.eflora.cn/frps/Enkianthus%20serrulatus
http://s7.sinaimg.cn/mw690/49a4b55dhd37af31a8266&690	http://blog.sina.com.cn/s/blog_49a4b55d0102e8p9.html
http://s16.sinaimg.cn/mw690/002LGXingy6SZd51Ip9af&690	http://blog.sina.com.cn/s/blog_973769bf0102w76w.html
http://2.bp.blogspot.com/-D0MB5-siVXs/VVVNiTYXLKI/AAAAAAAAQPQ/8QyhgPlpMBs/s1600/DSC00066.JPG	http://blog.xuite.net/aeni1203/blog/315803906-%E9%BD%92%E7%B7%A3%E5%90%8A%E9%90%98%E8%8A%B1
http://img.xunhai.com/2015/11/27/144858786959347.jpg	http://www.xunhai.com/chiyuandiaozhonghua/2015/1127/4787.html
http://3.bp.blogspot.com/-womQ0GZZU9M/VVVNlQhhGeI/AAAAAAAAQPg/DrelqvsdJTs/s1600/DSC00068.JPG	http://blog.xuite.net/aeni1203/blog/315803906-%E9%BD%92%E7%B7%A3%E5%90%8A%E9%90%98%E8%8A%B1
http://s6.sinaimg.cn/mw690/001qx77Vgy6RxNNYj1X95&690	http://blog.sina.com.cn/s/blog_4df9b27f0102vkzd.html
http://s12.sinaimg.cn/mw690/001qx77Vgy6RxNNYyVB4b&690	http://blog.sina.com.cn/s/blog_4df9b27f0102vkzd.html
http://s10.sinaimg.cn/mw690/001qx77Vgy6RxNO3if799&690	http://blog.sina.com.cn/s/blog_4df9b27f0102vkzd.html
http://s6.sinaimg.cn/mw690/001qx77Vgy6RxNNYwN735&690	http://blog.sina.com.cn/s/blog_4df9b27f0102vkzd.html
https://gss1.bdstatic.com/-vo3dSag_xI4khGkpoWK1HF6hhy/baike/w%3D400/sign=ab6365a1043387449cc52e7c610ed937/d1a20cf431adcbef2b4e45f7a4af2edda2cc9fcc.jpg	https://baike.baidu.com/item/%E9%BD%BF%E7%BC%98%E5%90%8A%E9%92%9F%E8%8A%B1
http://s12.sinaimg.cn/mw690/5cac4ff4td8e3b726d96b&690	http://www.zw2.cn/zhaotupian/JDGr8SPHbyt9Wcq3.html
http://s7.sinaimg.cn/mw690/001qx77Vgy6RxNO7SiGe6&690	http://blog.sina.com.cn/s/blog_4df9b27f0102vkzd.html
http://s5.sinaimg.cn/mw690/001qx77Vgy6RxNNYu6od4&690	http://blog.sina.com.cn/s/blog_4df9b27f0102vkzd.html
http://s15.sinaimg.cn/mw690/001qx77Vgy6RxNNYzxk6e&690	http://blog.sina.com.cn/s/blog_4df9b27f0102vkzd.html
http://image79.360doc.com/DownloadImg/2014/11/2511/47440530_39.jpg	http://www.360doc.com/content/14/1125/11/11849149_427890296.shtml
http://s3.sinaimg.cn/mw690/5cac4ff4td8e3cc0369d2&690	http://www.zw2.cn/zhaotupian/JDGr8SPHbyt9Wcq3.html
http://s3.sinaimg.cn/mw690/5cac4ff4td8e3ca4fa6d2&690	http://www.zw2.cn/zhaotupian/JDGr8SPHbyt9Wcq3.html
http://s4.sinaimg.cn/mw690/001qx77Vgy6RxNO3Dd973&690	http://blog.sina.com.cn/s/blog_4df9b27f0102vkzd.html
http://s12.sinaimg.cn/middle/62267519t769c1f75adfb&690	http://blog.sina.com.cn/s/blog_622675190100t17p.html
http://s5.sinaimg.cn/mw690/001qx77Vgy6RxNO4Qugc4&690	http://blog.sina.com.cn/s/blog_4df9b27f0102vkzd.html
http://s2.sinaimg.cn/middle/62267519ta2193a3416b1&690	http://blog.sina.com.cn/s/blog_622675190100t17p.html
http://img.xunhai.com/2015/11/27/144858797556520.jpg	http://www.xunhai.com/chiyuandiaozhonghua/
http://www.baihuamen.com/d/file/2014/04-02/8e50a0cea861aaf23b2b096ecbea41f5.jpg	http://www.baihuamen.com/chiyuandiaozhonghua/17438_5.html
http://image14-c.poco.cn/mypoco/qing/20130305/11/4328050751411797575_600x712_220.jpg	http://wo.poco.cn/66497433?tag=%BB%A8
http://img.xunhai.com/2015/11/27/144858796683528.jpg	http://www.xunhai.com/chiyuandiaozhonghua/
http://zscz0768.com//upload/2017/06/0.340506118880821.jpg	http://www.czbtv.com/htgapp/app/tw/tw426743.html
http://www.cfh.ac.cn/data/17b64a53-bc60-4986-8bb0-5907f377827a.photonormal	http://www.cfh.ac.cn/BioBook/SCList/1/276.html
http://www.baihuamen.com/d/file/2014/05-14/32742aa12db0abeea75edce767aea5c8.jpg	http://www.baihuamen.com/chiyuandiaozhonghua/17438_5.html
http://a2.att.hudong.com/67/00/01000000000000119090044325467_s.jpg	http://www.baike.com/wiki/%E6%AF%9B%E5%8F%B6%E5%90%8A%E9%92%9F%E8%8A%B1
http://img.xunhai.com/2015/11/27/144858788736692.jpg	http://www.xunhai.com/chiyuandiaozhonghua/2015/1127/4787.html
http://img.xunhai.com/2015/11/27/144858788773730.jpg	http://www.xunhai.com/chiyuandiaozhonghua/2015/1127/4787.html
https://gw.alicdn.com/bao/uploaded/i1/631836235/TB2X6NHoSXlpuFjy0FeXXcJbFXa_!!631836235.jpg_230x230.jpg	https://www.taobao.com/article/DNC_C5DkAlAsEzCF.html
http://img.xunhai.com/2015/11/27/144858788890935.jpg	http://www.xunhai.com/chiyuandiaozhonghua/2015/1127/4787.html
http://img.xunhai.com/2015/11/27/144858795687559.jpg	http://www.xunhai.com/chiyuandiaozhonghua/
http://zscz0768.com//upload/2017/06/0.517085389940574.jpg	http://www.czbtv.com/htgapp/app/tw/tw426743.html
http://img.xunhai.com/2015/11/27/144858789382995.jpg	http://www.xunhai.com/chiyuandiaozhonghua/
https://w6.sanwen8.cn/mmbiz/WDm7d7vMibarzHXmBibib7u84FRk5KuLXNqCIhuouFYXmFhqnNltg1jTV9HbrhDLhK0poibJIWnrzqxQaPZ8icNG4mw/640?wx_fmt=jpeg	https://sanwen8.cn/p/22f90zt.html
http://img.xunhai.com/2015/11/27/144858794141312.jpg	http://www.xunhai.com/chiyuandiaozhonghua/
https://w6.sanwen8.cn/mmbiz/WDm7d7vMibarzHXmBibib7u84FRk5KuLXNq57A03uPkIVoLBRokVrrxN0lkEqzUAcqrOTY7Ln0NdYEZSCtpvocDbw/640?wx_fmt=jpeg	https://sanwen8.cn/p/22f90zt.html
