
http://a0.att.hudong.com/30/32/19300001382667132137321174912.jpg	http://yanghua.baike.com/article-101359.html
http://a2.att.hudong.com/56/89/01300000241358134855898324388_s.jpg	http://www.baike.com/wiki/%E8%9D%B4%E8%9D%B6%E5%85%B0
http://www.zhongzi.net/files/2005110517441473620.jpg	http://www.zhongzi.net/zzzp/hhzz/hudielanzaipeiyaodian.htm
http://pic2.nipic.com/20090414/2385457_184335049_2.jpg	http://www.nipic.com/show/1/44/ec72ac3a86abbb14.html
http://pic.to8to.com/attch/day_140531/20140531_8c21361bf8e8afe42ec1fKSg4gGciIpq.jpg	http://blog.sina.com.cn/s/blog_5f7574490102vfif.html
http://www.yuhuagu.com/uploads/allimg/100328/1_100328102848_1.jpg	http://www.yuhuagu.com/qita/2010/0328/247.html
http://www.wdptj.com/wp-content/uploads/2015/12/%E8%9D%B4%E8%9D%B6%E5%85%B0%E8%8A%B11.jpg	http://www.wdptj.com/hudielan/
http://a3.att.hudong.com/25/04/20300001128119142398043231432_s.jpg	http://www.baike.com/wiki/%E8%9D%B4%E8%9D%B6%E5%85%B0
http://dashulin.com/wp-content/uploads/2016/02/hudielan5.jpg	http://dashulin.com/hudielan/
https://upload.wikimedia.org/wikipedia/commons/0/04/Hudielan.jpg	https://zh.wikipedia.org/wiki/%E8%9D%B4%E8%9D%B6%E8%98%AD%E5%B1%AC
http://www.wdptj.com/wp-content/uploads/2014/12/%E8%9D%B4%E8%9D%B6%E5%85%B03.jpg	http://www.wdptj.com/7226.html
http://a0.att.hudong.com/20/69/01300000241358134855697042904_s.jpg	http://www.baike.com/wiki/%E8%9D%B4%E8%9D%B6%E5%85%B0
http://img0.pchouse.com.cn/pchouse/1109/14/128347_1.jpg	http://www.pchouse.com.cn/baike/shenghuo/605/
http://file.ipadown.com/uploads/yangshenzhu/56/2x4ytlzm3fq.jpg	http://iapi.ipadown.com/api/news/detail.show.api.php?id=96039
http://www.globalbuy.cc/file/upload/201512/23/1450854564607546.png	http://blog.sina.com.cn/s/blog_148db8df10102vzju.html
http://img0.pchouse.com.cn/pchouse/1109/14/128349_2.jpg	http://www.pchouse.com.cn/baike/shenghuo/605/
http://www.wdptj.com/wp-content/uploads/2015/12/%E8%9D%B4%E8%9D%B6%E5%85%B0%E8%8A%B12.jpg	http://www.wdptj.com/hudielan/
http://img616.ph.126.net/XgB6C25SzhHirTdKLM5Hsg==/1990309560323337591.jpg	http://msf08.blog.163.com/blog/static/75455257201141313619920
http://img01.hua.com/uploadpic/newpic/6010611.jpg	http://www.hua.com/huayu/10869.html
http://www.52yhua.com/uploads/allimg/160710/1-160G0224552.jpg	http://www.52yhua.com/jishu/2890.html
http://image.xitek.com/forum/200602/904/90454/90454_1140896262.jpg	http://cnc.xitek.com/thread-386237-1-1-1.html
http://pic.nipic.com/2008-04-14/200841422555218_2.jpg	http://www.nipic.com/show/1/47/266ce618fa9014e9.html
https://gss3.bdstatic.com/-Po3dSag_xI4khGkpoWK1HF6hhy/baike/c0%3Dbaike60%2C5%2C5%2C60%2C20/sign=333d1a5e56e736d14c1e845afa3924a7/d043ad4bd11373f009313b1da60f4bfbfbed0421.jpg	https://baike.baidu.com/item/%E8%9D%B4%E8%9D%B6%E5%85%B0
http://pic.nipic.com/2008-02-22/200822220308922_2.jpg	http://www.nipic.com/show/2/42/9d3e77591252fd82.html
http://www.iyanghua.com/f/hudielan/2008123200332_2.jpg	http://www.iyanghua.com/f/hudielan/
http://www.wdptj.com/wp-content/uploads/2015/04/%E8%8D%A7%E5%85%89%E8%9D%B4%E8%9D%B6%E5%85%B0.jpg	http://www.wdptj.com/hudielan/
http://pic.baike.soso.com/p/20130628/20130628141412-521260398.jpg	http://baike.soso.com/ShowTitle.e?sp=S%E8%9D%B4%E8%9D%B6%E5%85%B0
http://www.wdptj.com/wp-content/uploads/2015/07/%E8%9D%B4%E8%9D%B6%E5%85%B0%E7%9A%84%E5%85%BB%E6%AE%96%E6%96%B9%E6%B3%95%E8%A7%86%E9%A2%914.jpg	http://www.wdptj.com/12355.html
http://www.biyimall.com/images/upload/image/20151121/20151121053224_30214.jpg	http://www.biyimall.com/article-192.html
http://image1.songhuaren.cn/UploadFile/2010/8/23/20100823074350968.jpg	http://www.songhuaren.cn/search.jsp?s1=%E8%9D%B4%E8%9D%B6%E5%85%B0
http://pic4.nipic.com/20090826/2032802_124113078675_2.jpg	http://www.nipic.com/show/1/44/b895aee1631b68d2.html
https://www.huabaike.com/uploads/allimg/artimg/201607/20160714124942_28715.jpg	https://www.huabaike.com/yhjq/4673.html
https://zilizeng95.files.wordpress.com/2012/04/orchid3.jpg	https://zilizeng95.wordpress.com/tag/%E8%9D%B4%E8%9D%B6%E5%85%B0%EF%BC%8Cphalaeonopsis%EF%BC%8Cmoth-orchid/
http://www.ew9z.com/wp-content/uploads/2010/03/Phalaenopsis_amabilis_6.jpg	http://www.ew9z.com/hudielan-pinzhong-ziliao.html
http://pic.to8to.com/attch/day_120417/20120417_f9b01c2a22b94ac13028Tcp29qPtRn7q.jpg	http://blog.sina.com.cn/s/blog_5f7574490102vfif.html
http://www.huayugu.com.cn/uploads/allimg/150623/1-1506231532390-L.jpg	http://www.huayugu.com.cn/hudielanhuayu/
http://zixun.rrs.com/uploads/allimg/140926/093313HV-0.jpg	http://zixun.rrs.com/jiashigonglue/2653.html
http://dashulin.com/wp-content/uploads/2016/02/hudielan2.jpg	http://dashulin.com/hudielan/
http://img0.pchouse.com.cn/pchouse/baike/decorate/1109/hudiehua.jpg	http://www.pchouse.com.cn/baike/shenghuo/605/
http://pic.nipic.com/2007-11-30/2007113019586445_2.jpg	http://www.nipic.com/show/1/44/0e29f4a728023ab6.html
http://i1.download.fd.pchome.net/g1/M00/10/1C/oYYBAFW-wAqIRW27AAPr0T_EOvsAACoBAOepOgAA-vp851.jpg	http://download.pchome.net/wallpaper/info-7703-3-1.html
http://pic3.nipic.com/20090522/510496_024114903_2.jpg	http://www.nipic.com/show/1860930.html
http://hudielan.yangzhiriji.com/wp-content/uploads/sites/9/2014/05/2.jpg	http://hudielan.yangzhiriji.com/
http://www.daisonghua.com/images/200812/goods_img/70_P_1228293388303.jpg	http://www.daisonghua.com/goods-70.html
http://img01.hua.com/uploadpic/images/6010606_b.jpg	http://www.hua.com/huayu/10869.html
http://img229.ph.126.net/3CkWnPLhoC_HhmtgegVBOA==/1464514303827275639.jpg	http://msf08.blog.163.com/blog/static/75455257201141313619920
https://zilizeng95.files.wordpress.com/2012/04/orchid2.jpg	https://zilizeng95.wordpress.com/tag/%E8%9D%B4%E8%9D%B6%E5%85%B0%EF%BC%8Cphalaeonopsis%EF%BC%8Cmoth-orchid/
http://img01.hua.com/uploadpic/images/20151115205376547381.jpg	http://www.hua.com/huayu/13286.html
http://pic6.nipic.com/20100422/3597098_190808059032_2.jpg	http://www.nipic.com/show/3/40/b211990352890a20.html
http://map1.zw3e.com:8080/zw_news_map/550/2017013/1485268112681632244.jpg	http://www.zw3e.com/14/e11159.html
http://img0.pchouse.com.cn/pchouse/1109/14/128358_4.jpg	http://www.pchouse.com.cn/baike/shenghuo/605/
http://www.iqiya.com/uploadfile/2014/1029/20141029114733222.jpg	http://www.iqiya.com/article/2015-04-06/7976.html
http://www.huajiang.cc/uploads/160420/15-160420105FL45.jpg	http://m.huajiang.cc/tag/540.html
http://z.xiziwang.net/uploads/allimg/140726/14_140726172135_1.jpg	http://z.xiziwang.net/hua/14049/
http://pic.to8to.com/attch/day_130518/20130518_6745f0121b9c7a205b90PQbzYjTHxLJ8.jpg	http://blog.sina.com.cn/s/blog_5f7574490102vfif.html
https://www.huabaike.com/uploads/allimg/artimg/201703/20170302164000_58045.jpg	https://www.huabaike.com/jtyh/7452.html
https://www.huabaike.com/uploads/allimg/artimg/201703/20170302163931_47935.jpg	https://www.huabaike.com/jtyh/7452.html
http://pic.nipic.com/2008-03-11/2008311203820901_2.jpg	http://www.nipic.com/show/1/44/71d48cbeb3440846.html
http://a0.att.hudong.com/06/90/01300000241358134855905789965_s.jpg	http://www.baike.com/wiki/%E8%9D%B4%E8%9D%B6%E5%85%B0
http://www.wed114.cn/jiehun/uploads/allimg/140123/36_140123140255_3.jpg	http://www.wed114.cn/jiehun/zhiwu/20140121118696_3.html
http://tupian.geimian.com/pic/2016/10/2016-10-20_122229.jpg	https://www.geimian.com/wx/74299.html
http://img.zwbk.org/baike/spic/2010/11/28/20101128075516229_1104.jpg	http://m.zwbk.org/lemma/90342
http://img01.hua.com/uploadpic/images/6010612_b.jpg	http://www.hua.com/huayu/11623.html
https://www.huabaike.com/uploads/allimg/sltimg/201607/5786fd911b697.jpg	https://www.huabaike.com/lkzw/640.html
http://www.iqiya.com/uploadfile/article/190/1_qcrrd__.jpg	http://www.iqiya.com/article/2015-04-06/7977.html
http://a0.att.hudong.com/77/90/01300000241358134855902624945_s.jpg	http://www.baike.com/wiki/%E8%9D%B4%E8%9D%B6%E5%85%B0
http://pic1.nipic.com/2008-10-08/2008108181255137_2.jpg	http://www.nipic.com/show/4/79/7c2de826e0faf0f7.html
http://www.wdptj.com/wp-content/uploads/2015/04/%E8%8D%A7%E5%85%89%E8%9D%B4%E8%9D%B6%E5%85%B04.jpg	http://www.wdptj.com/9789.html
http://pic2.nipic.com/20090429/2078491_133818064_2.jpg	http://www.nipic.com/zhuanti/406950.html
http://img1.tlw.com/content/2016/11/01/581837dec445a.jpg	http://m.tlw.com/detail/1224.html
http://pic.nipic.com/2007-12-20/2007122016926476_2.jpg	http://www.nipic.com/show/344150.html
http://pic1.nipic.com/20090326/2078491_102201086_2.jpg	http://www.nipic.com/zhuanti/406950.html
http://pic26.nipic.com/20130105/4908302_085510530000_2.jpg	http://www.nipic.com/show/2/42/7368118k65cb6a63.html
http://pic12.nipic.com/20110121/1642933_171317768000_2.jpg	http://www.nipic.com/show/4/79/4195285kb63ca767.html
http://hudielan.yangzhiriji.com/wp-content/uploads/sites/9/2014/05/3.jpg	http://hudielan.yangzhiriji.com/
https://www.huabaike.com/uploads/allimg/artimg/201612/20161201142543_31654.jpg	https://www.huabaike.com/jtyh/6021.html
http://wylanhua.com/20160816/14713072492539409.jpg	http://www.wylanhua.com/list/5-1.html
http://img0.pchouse.com.cn/pchouse/1109/14/128352_3.jpg	http://www.pchouse.com.cn/baike/shenghuo/605/
http://s16.sinaimg.cn/middle/66019f9eha7c6c89af65f&690	http://blog.sina.com.cn/s/blog_66019f9e0102dqsv.html
http://www.hhsq.net/oledit/UploadFile/200812/200812495821195.jpg	http://www.hhsq.net/new_view.asp?id=998
http://s6.sinaimg.cn/mw690/005B0NEEgy6Xp9vBE6Vb5	http://blog.sina.com.cn/s/blog_131a0a74c0102w0d0.html
http://www.pjcn.org/uploads/allimg/1703/1-1F30921545MJ.jpg	http://www.pjcn.org/gl/3905/
http://pic1.nipic.com/2008-10-27/2008102718256575_2.jpg	http://www.nipic.com/show/1/44/0e7acbaa20cedfbb.html
http://www.wdptj.com/wp-content/uploads/2014/12/%E8%9D%B4%E8%9D%B6%E5%85%B0.jpg	http://www.wdptj.com/7226.html
http://pic17.nipic.com/20111019/7675135_151509554000_2.jpg	http://www.nipic.com/show/1/44/5236086k77cf145a.html
http://www.srssn.com/myimg/article/373/1_2zvyq__.jpg	http://www.srssn.com/HaoCiHaoJu/467113.html
https://cbu01.alicdn.com/img/ibank/2015/903/359/1968953309_2124575670.400x400.jpg	http://detail.1688.com/offer/43932661272.html
http://www.pjcn.org/uploads/allimg/1606/1-160602215444432.jpg	http://www.pjcn.org/gl/1876/
http://img04.tooopen.com/images/20130111/tooopen_16145769.jpg	http://www.tooopen.com/view/338005.html
http://s2.sinaimg.cn/middle/66019f9eha7c6d841ddc1&690	http://blog.sina.com.cn/s/blog_66019f9e0102dqsv.html
http://a0.att.hudong.com/60/89/01300000241358134855899653670_s.jpg	http://www.baike.com/wiki/%E8%9D%B4%E8%9D%B6%E5%85%B0
http://www.mc566.com/small/1246430079.jpg	http://www.mc566.com/shop.php?catid=589&nowmenuid=29&cpath=0362:0363:0589:
http://image1.songhuaren.cn/UploadFile/2009/1/18/20090118034323656.jpg	http://www.songhuaren.cn/search.jsp?s1=%E8%9D%B4%E8%9D%B6%E5%85%B0
http://m.wanhuajing.com/pic/1601/0817/4403763/1_640_667.jpg	http://m.wanhuajing.com/d182434
http://img96.ph.126.net/HGVccijbMtWyxNErZ-KKng==/730709039542867395.jpg	http://msf08.blog.163.com/blog/static/75455257201121355057866
http://pic1.nipic.com/2009-02-17/2009217133758592_2.jpg	http://www.nipic.com/zhuanti/371778.html
http://www.pjcn.org/uploads/allimg/1705/1-1F503215320941.jpg	http://www.pjcn.org/gl/3408/
https://gss0.bdstatic.com/94o3dSag_xI4khGkpoWK1HF6hhy/baike/w%3D400/sign=9390be5207b30f24359aed03f895d192/377adab44aed2e7363cd931f8f01a18b87d6fad9.jpg	https://baike.baidu.com/item/%E8%9D%B4%E8%9D%B6%E5%85%B0
https://gss1.bdstatic.com/9vo3dSag_xI4khGkpoWK1HF6hhy/baike/s%3D220/sign=50fb00c6f403738dda4a0b20831ab073/279759ee3d6d55fb5b0109406f224f4a21a4dd95.jpg	https://baike.baidu.com/item/%E8%9D%B4%E8%9D%B6%E5%85%B0
https://www.huabaike.com/uploads/allimg/sltimg/201511/5646a51f0ff4d.jpg	https://www.huabaike.com/yhjq/4673.html
