
http://a2.att.hudong.com/12/65/01300000237386122509651222923.jpg	http://tupian.baike.com/a2_12_65_01300000237386122509651222923_jpg.html&prd=so_tupian
http://www.yuhuagu.com/uploads/allimg/120624/10-1206240K919.jpg	http://www.yuhuagu.com/ktsh/3427.html
http://www.baihuamen.com/d/file/2014/05-03/6ae81b0cd5cd878d2cacd302e31899ec.jpg	http://www.baihuamen.com/weishihua/
http://img.boqiicdn.com/Data/BK/A/1512/11/imagick19271449815809_y.jpg	http://www.boqii.com/entry/detail/2314.html
http://zsdhgs.51hm.cn/zwpic/%E7%8C%AC%E5%AE%9E1.jpg	http://zsdhgs.51hm.cn/zw/zwshow_m.asp?zwid=2439
http://s3.sinaimg.cn/mw690/002Upswfzy6ZyCrtBL402&690	http://blog.sina.com.cn/s/blog_9ee501b70102w5d3.html
http://www.weisanli.com/images/courtyard/upfile/20081127133247.jpg	http://www.weisanli.com/courtyard/617/kolkwitzia-amabilis
http://www.182230.com/uploads/allimg/160405/1-160405104030560.jpg	http://m.182230.com/shengtaihuanjing/bhzw/00000920.html
http://www.baihuamen.com/d/file/2014/05-03/6bbbeef4efdd34deaa2510d388062d2e.jpg	http://www.baihuamen.com/weishihua/
http://pic21.nipic.com/20120520/4224370_131139799000_2.jpg	http://www.nipic.com/show/6214452.html
http://1812.img.pp.sohu.com.cn/images/2011/5/8/11/12/u76028964_13087a65209g213.jpg	http://qindq.blog.sohu.com/172293088.html
https://5.share.photo.xuite.net/farmer.house/156b11d/9601247/419907646_m.jpg	http://blog.xuite.net/farmer.house/twblog/121271931-%E7%8C%AC%E5%AF%A6%28Beauty+Bush%2C+Kolkwitzia+amabilis%29
http://s7.sinaimg.cn/bmiddle/49a4b55dh6af728e4b476&690	http://blog.sina.com.cn/s/blog_49a4b55d0100dgga.html
http://1801.img.pp.sohu.com.cn/images/blog/2011/5/10/23/0/f2785056_130947ba204g214.jpg	http://bjgardener.blog.sohu.com/172488097.html
http://map1.zw3e.com:8080/zw_news_map/550/2016042/1460626285988287186.png	http://www.zw3e.com/561/e6666.html
http://a0.att.hudong.com/06/51/20300542856671143338518593164_s.jpg	http://www.baike.com/wiki/%E7%8C%AC%E5%AE%9E
http://img.xunhai.com/2015/11/26/144850047114682.jpg	http://www.xunhai.com/weishi/2015/1126/3904.html
http://www.tulaoer.org/5-Images/3-Bio/P/Kolkwitzia_amabilis/20140617_4568x.jpg	http://www.tulaoer.org/3-Biology/P/Kolkwitzia_amabilis.html
http://s14.sinaimg.cn/bmiddle/49a4b55dh6af72931012d&690	http://blog.sina.com.cn/s/blog_49a4b55d0100dgga.html
http://map1.zw3e.com:8080/zw_news_map/550/2016042/1460625915318299946.png	http://www.zw3e.com/561/e6666.html
http://img0.ph.126.net/57l9dFpjDvt2Meb3h8EW6w==/6630364078257251517.jpg	http://t34931509.lofter.com/tag/%E7%8C%AC%E5%AE%9E
http://img.itc.cn/photo/jRSkerQ9Etc	http://niaoniaolaoba.blog.sohu.com/308806700.html
http://b2b.image.yuanlin.com/Biz/2012-4/20124231542435338.jpg	http://syfchm.yuanlin.com/sell-m188238.html
http://s10.sinaimg.cn/mw690/001UnzBvgy6X3gNW56N39&690	http://blog.sina.com.cn/s/blog_684312490102vx6w.html
http://map1.zw3e.com:8080/zw_news_map/550/2016042/1460626276333654927.png	http://www.zw3e.com/561/e6666.html
http://img74.ph.126.net/L35DqrXCRv9XCbBJtHpWIg==/1851260921828132444.jpg	http://zhyh-1122.blog.163.com/blog/static/105469053201145104138456/
http://image.cn.made-in-china.com/2f0j01pCvEkyqcbUub/%E7%8C%AC%E5%AE%9E.jpg	http://cn.made-in-china.com/gongying/dzy1698-pbqEkyVchtRh.html
http://1873.img.pp.sohu.com.cn/images/blog/2011/5/10/23/2/f2785056_130947d6626g214.jpg	http://bjgardener.blog.sohu.com/172488097.html
http://www.yuhuagu.com/uploads/allimg/120624/10-1206240K937.jpg	http://www.yuhuagu.com/ktsh/3427.html
http://img.xunhai.com/2015/11/26/14485004467461.jpg	http://www.xunhai.com/weishi/2015/1126/3903.html
http://s7.sinaimg.cn/mw690/001KXk19zy7b3J27PXob6&690	http://blog.sina.com.cn/s/blog_5ff6627f0102wvff.html
http://www.baihuamen.com/d/file/2014/05-04/2ab2c5a82a5285896007ec5d2f864f71.jpg	http://www.baihuamen.com/weishihua/
http://a4.att.hudong.com/31/27/300000764046130577276787685_s.jpg	http://www.baike.com/wiki/%E7%8C%AC%E5%AE%9E
http://a2.att.hudong.com/75/32/01300533961406135121328468810_s.jpg	http://www.baike.com/wiki/%E7%8C%AC%E5%AE%9E
http://www.baihuamen.com/d/file/2014/05-03/2456933ef4128968cfb004451a5722e4.jpg	http://www.baihuamen.com/weishihua/
http://s13.sinaimg.cn/mw690/002TGzeDzy6IDBIvAL2dc&690	http://blog.sina.com.cn/s/blog_9e41c0f70101fopc.html
http://map1.zw3e.com:8080/zw_news_map/200/2014101/1412338469799964919.png	http://www.zw3e.com/561/
https://upload.wikimedia.org/wikipedia/commons/thumb/3/33/Kolkwitzia_amabilis4.jpg/1200px-Kolkwitzia_amabilis4.jpg	https://zh.wikipedia.org/wiki/%E7%8C%AC%E5%AE%9E
http://s8.sinaimg.cn/mw690/002Fv19Rzy6SNOdhJ1Z77&690	http://blog.sina.com.cn/s/blog_91c32fbf0102vr73.html
http://img.xunhai.com/2015/11/26/144850044547777.jpg	http://www.xunhai.com/weishi/2015/1126/3903.html
http://www.23tm.net/uploads/allimg/c150328/142K0UWLP-30B39.jpg	http://www.23tm.net/m/view.php?aid=15959
http://img617.ph.126.net/u-013eGrtV9XisFdZ-xvaA==/1908118867123362445.jpg	http://zhyh-1122.blog.163.com/blog/static/105469053201145104138456/
http://a1.att.hudong.com/58/66/01300000237386122509662412316_s.jpg	http://www.baike.com/wiki/%E7%8C%AC%E5%AE%9E
http://image.sciencenet.cn/album/201701/16/042636lkvqq8o1v8tvv66v.jpg	http://wap.sciencenet.cn/blogview.aspx?id=1027829
https://gss0.bdstatic.com/94o3dSag_xI4khGkpoWK1HF6hhy/baike/s%3D220/sign=171dcc6e8226cffc6d2ab8b089004a7d/63d0f703918fa0eca8a2defa269759ee3c6ddbe4.jpg	https://baike.baidu.com/item/%E7%8C%AC%E5%AE%9E%E5%B1%9E
http://img.boqiicdn.com/Data/BK/A/1512/11/imagick51561449816780_y.jpg	http://www.boqii.com/entry/detail/2314.html
https://cbu01.alicdn.com/img/ibank/2013/920/920/789029029_963009887.220x220.jpg	http://www.1688.com/jiage/-E2ACCAB5BBA8.html
http://pic28.nipic.com/20130427/4061979_142223244000_2.jpg	http://www.nipic.com/show/1/44/7964807kc686f5b5.html
http://s12.sinaimg.cn/mw690/001KXk19zy7b3J2H0Ir2b&690	http://blog.sina.com.cn/s/blog_5ff6627f0102wvff.html
http://s10.sinaimg.cn/mw690/001KXk19zy7b3J3hR4l29&690	http://blog.sina.com.cn/s/blog_5ff6627f0102wvff.html
http://www.neipet.com/wp-content/uploads/2016/06/%E7%8C%AC%E5%AE%9E.png	http://www.neipet.com/plant/25499.html
http://zsdhgs.51hm.cn/zwpic/%E7%8C%AC%E5%AE%9E2.jpg	http://zsdhgs.51hm.cn/zw/zwshow_m.asp?zwid=2439
http://www.huayugu.com.cn/uploads/allimg/160601/1-1606011201220-L.jpg	http://www.huayugu.com.cn/weishi/
https://upload.wikimedia.org/wikipedia/commons/thumb/5/58/Kolwitzia_amabilis_%E7%8C%A5%E5%AE%9E.jpg/250px-Kolwitzia_amabilis_%E7%8C%A5%E5%AE%9E.jpg	https://zh.wikipedia.org/wiki/%E7%8C%AC%E5%AE%9E
http://a2.att.hudong.com/31/24/300457303292133290246335751_s.jpg	http://www.baike.com/wiki/%E7%8C%A5%E5%AE%9E
http://s13.sinaimg.cn/mw690/001KXk19zy7b3J4bjnC8c&690	http://blog.sina.com.cn/s/blog_5ff6627f0102wvff.html
http://www.huayugu.com.cn/uploads/allimg/160601/1-160601115G70-L.jpg	http://www.huayugu.com.cn/weishi/
https://gw.alicdn.com/bao/uploaded/i2/T1kyz1XmXbXXaYCeTb_123633.jpg_230x230.jpg	https://www.taobao.com/article/F_CeC5DQFsCfDzDl.html
https://upload.wikimedia.org/wikipedia/commons/thumb/6/68/Kolkwitzia_amabilis5.jpg/220px-Kolkwitzia_amabilis5.jpg	https://zh.wikipedia.org/wiki/%E7%8C%AC%E5%AE%9E
http://s12.sinaimg.cn/mw690/001KXk19zy7b3J4x08zeb&690	http://blog.sina.com.cn/s/blog_5ff6627f0102wvff.html
http://www.huayugu.com.cn/uploads/allimg/160601/1-1606011203110-L.jpg	http://www.huayugu.com.cn/weishi/
http://p9.pstatp.com/origin/19fe0004ef7225e03247	http://www.tjfer.com/detail/g6404082780615835905/
http://www.huayugu.com.cn/uploads/allimg/160601/1-1606011204480-L.jpg	http://www.huayugu.com.cn/weishi/
http://img.aihuau.com/images/31101031/31121525t01f1d2ba0fa2c6f8f3.jpg	http://www.aihuau.com/qin/181/83100.html
http://www.huayugu.com.cn/uploads/allimg/160601/1-1606011152300-L.jpg	http://www.huayugu.com.cn/weishi/
http://img.boqiicdn.com/Data/BK/P/imagick92301449825126.jpg	http://www.boqii.com/entry/detail/2314.html
https://cbu01.alicdn.com/img/ibank/2012/105/470/618074501_1055620633.220x220.jpg	https://s.1688.com/kq/-E2ACCAB5.html
https://b-ssl.duitang.com/uploads/item/201703/30/20170330112630_HYuSG.thumb.224_0.jpeg	https://www.duitang.com/blogs/tag/?name=%E7%8C%AC%E5%AE%9E
http://pic1.win4000.com/pic/6/28/81851347527.jpg	http://www.win4000.com/meinv112961_3.html
https://gw.alicdn.com/bao/uploaded/i1/377259511/TB2OJhYdhqK.eBjSZJiXXaOSFXa_!!377259511.jpg_230x230.jpg	https://www.taobao.com/article/F_CeC5DQFsCfDzDl.html
https://b-ssl.duitang.com/uploads/item/201501/20/20150120225522_zQhWE.thumb.224_0.jpeg	https://www.duitang.com/blogs/tag/?name=%E7%8C%AC%E5%AE%9E
https://cbu01.alicdn.com/img/ibank/2014/911/381/1643183119_442438627.220x220.jpg	https://s.1688.com/kq/-E2ACCAB5.html
http://img3.itiexue.net/2565/25653723.jpg	http://bbs.tiexue.net/post2_12559199_1.html
http://s1.sinaimg.cn/mw690/501e4167gdba759c9fb90&690	http://blog.sina.com.cn/s/blog_501e41670102eqhx.html
https://cbu01.alicdn.com/img/ibank/2012/102/109/639901201_1844245494.220x220.jpg	https://s.1688.com/kq/-E2ACCAB5.html
https://gw.alicdn.com/bao/uploaded/i2/865592563/TB2_nRrvstnpuFjSZFKXXalFFXa_!!865592563.jpg_230x230.jpg	https://www.taobao.com/article/F_CeC5DQFsCfDzDl.html
http://s14.sinaimg.cn/mw690/002Fv19Rzy6SNO9ZFDLed&690	http://blog.sina.com.cn/s/blog_91c32fbf0102vr73.html
https://cbu01.alicdn.com/img/ibank/2015/373/186/2584681373_815507996.220x220.jpg	https://s.1688.com/kq/-E2ACCAB5.html
http://pic.showhua.com/pinzhong/201432151821.jpg	http://www.showhua.com/pinzhong/weishi/
http://img95.699pic.com/photo/00023/7113.jpg_wh300.jpg	http://699pic.com/tupian/74615.html
http://zsdhgs.51hm.cn/zwpic/%E7%8C%AC%E5%AE%9E3.jpg	http://zsdhgs.51hm.cn/zw/zwshow_m.asp?zwid=2439
http://s15.sinaimg.cn/mw690/001xgbsdzy7aYmUbmyi0e&690	http://blog.sina.com.cn/s/blog_53e669710102xdr6.html
http://513.img.pp.sohu.com.cn/images/2010/1/28/20/1/12725bf82d0g215.jpg	http://nanjingyuhua.blog.sohu.com/143414722.html
http://img.aihuau.com/images/c/09593004/5909043009592150619860.jpg	http://www.aihuau.com/qin/181/83100.html
http://s16.sinaimg.cn/mw690/501e4167gdba75bd5d30f&690	http://blog.sina.com.cn/s/blog_501e41670102eqhx.html
http://s8.sinaimg.cn/mw690/501e4167gdba75afe7fc7&690	http://blog.sina.com.cn/s/blog_501e41670102eqhx.html
https://b-ssl.duitang.com/uploads/item/201607/08/20160708201636_X5VHt.thumb.224_0.jpeg	https://www.duitang.com/blogs/tag/?name=%E7%8C%AC%E5%AE%9E
http://img0.itiexue.net/2565/25653732.jpg	http://bbs.tiexue.net/post2_12559199_1.html
http://img10.itiexue.net/2565/25653730.jpg	http://bbs.tiexue.net/post2_12559199_1.html
http://img1.itiexue.net/2565/25653733.jpg	http://bbs.tiexue.net/post2_12559199_1.html
http://img5.itiexue.net/2565/25653725.jpg	http://bbs.tiexue.net/post2_12559199_1.html
http://img2.ph.126.net/_k1_Ma1x_43V43cw_Ihzcg==/6630103494001466966.jpg	http://t34931509.lofter.com/tag/%E7%8C%AC%E5%AE%9E
http://s6.sinaimg.cn/mw690/003za9Pdty72lim69ORa5&690	http://blog.sina.com.cn/s/blog_c2c9970b0102wdki.html
https://cbu01.alicdn.com/img/ibank/2014/777/734/1872437777_615848930.310x310.jpg	http://www.1688.com/pic/-E2ACCAB5D6D6D7D3.html
http://s9.sinaimg.cn/mw690/002Fv19Rzy6SNO8IX6Ub8&690	http://blog.sina.com.cn/s/blog_91c32fbf0102vr73.html
http://gdyuanlin.cn/miaomuimages/%E7%8C%AC%E5%AE%9E.jpg	http://gdyuanlin.cn/wikipedia/10747397.html
http://s10.sinaimg.cn/mw690/501e4167gdba75d2199a9&690	http://blog.sina.com.cn/s/blog_501e41670102eqhx.html
http://pic1.win4000.com/pic/4/9f/f7a51347512.jpg_195.jpg	http://www.win4000.com/meinv112961.html
http://s13.sinaimg.cn/mw690/002Upswfzy6ZyCrz8Sg1c&690	http://blog.sina.com.cn/s/blog_9ee501b70102w5d3.html
http://img4.itiexue.net/2565/25653724.jpg	http://bbs.tiexue.net/post2_12559199_1.html
