
http://www.huajiang.cc/uploads/allimg/140805/10-140P523032Y30.jpg	http://www.huajiang.cc/yanghua/20140805/1597.html
http://www.wed114.cn/jiehun/uploads/allimg/160607/52_160607150246_1.jpg	http://www.wed114.cn/jiehun/zhiwu/20160607146886.html
https://gss3.bdstatic.com/-Po3dSag_xI4khGkpoWK1HF6hhy/baike/s%3D220/sign=d1ff2d0eacd3fd1f3209a538004e25ce/aa18972bd40735fab5b9f0999a510fb30f240840.jpg	https://baike.baidu.com/item/%E7%81%AB%E7%84%B0%E5%85%B0
http://pic55.nipic.com/file/20141210/13342293_122940221000_2.jpg	http://www.nipic.com/show/11544225.html
http://www.wed114.cn/jiehun/uploads/allimg/160607/52_160607150246_4.jpg	http://www.wed114.cn/jiehun/zhiwu/20160607146886.html
http://tu.qt3191.com/allimg/c110627/130916203Q6040-4M10.gif	http://www.qt3191.com/lankezhiwutupian/55871.html
http://www.52yhua.com/uploads/allimg/160721/1-160H1215524.jpg	http://www.52yhua.com/lanke/3074.html
http://a4.att.hudong.com/08/64/01200000023788136453642766932_s.jpg	http://www.baike.com/wiki/%E9%BA%92%E9%BA%9F%E7%81%AB%E7%84%B0%E5%85%B0
https://www.huabaike.com/uploads/huatuku/20160603/57511c7f2b13c.jpg	https://m.huabaike.com/lktp/320.html
http://www.huajiang.cc/uploads/allimg/140805/10-140P523000R59.jpg	http://baike.huajiang.cc/lk/huoyanlan/
http://www.huayugu.com.cn/uploads/allimg/160726/1-160H60P1040-L.jpg	http://www.huayugu.com.cn/yunnanhuoyanlan/
http://tu.qt3191.com/allimg/c110627/130916203Oc40-25A5.gif	http://www.qt3191.com/lankezhiwutupian/55871.html
http://s13.sinaimg.cn/mw690/001OqtwOgy6PKUa7ybiac&690	http://blog.sina.com.cn/s/blog_6304cf960102veeq.html
https://upload.wikimedia.org/wikipedia/commons/4/4a/Renanthera_imschootiana_01.jpg	https://zh.wikipedia.org/wiki/%E9%9B%B2%E5%8D%97%E7%81%AB%E7%84%B0%E8%98%AD
http://a4.att.hudong.com/80/90/01300001069159130396903907113_s.jpg	http://www.baike.com/wiki/%E7%81%AB%E7%84%B0%E5%85%B0%E5%B1%9E
http://www.huajiang.cc/uploads/allimg/140805/10-140P523224W33.jpg	http://baike.huajiang.cc/lk/huoyanlan/
http://www.huajiang.cc/uploads/allimg/140805/10-140P523151a10.jpg	http://baike.huajiang.cc/lk/huoyanlan/
http://www.tigerorchid.net/orph/ph/renanthera-imschootiana1.jpg	http://www.tigerorchid.net/orph/renanthera.htm
http://pic4.55jia.net/fengshuizhiwu/25/a256015.png	http://www.55jia.net/75/304548.html
http://www.52yhua.com/uploads/allimg/160721/1-160H1215I8.jpg	http://www.52yhua.com/lanke/3075.html
http://n.sinaimg.cn/news/transform/20170426/zFhZ-fyetwtt8882532.jpg	http://news.sina.com.cn/c/nd/2017-04-26/doc-ifyetwtf8223521.shtml
http://www.52yhua.com/uploads/allimg/160721/1-160H1215J6.jpg	http://www.52yhua.com/lanke/3075.html
http://1.bp.blogspot.com/-AziTDKJ_0-I/U_WOLh6eaJI/AAAAAAAAfzw/Ql_dTkETt38/s1600/P1090097.JPG	http://purplewhee.blogspot.com/2014/06/blog-post.html
http://www.gxyyzwy.com/Files/%E6%AF%8F%E6%9C%88%E8%8A%B1%E4%BA%8B/8%E6%9C%88%E7%9B%9B%E5%BC%80%E8%8A%B1%E5%8D%89/%E7%81%AB%E7%84%B0%E5%85%B0DSC_4734.JPG	http://www.gxyyzwy.com/html/by/0852334.html
http://pic4.55jia.net/fengshuizhiwu/33/a256066.png	http://www.55jia.net/75/304548.html
http://www.tigerorchid.net/orph/ph/renanthera-monachica.jpg	http://www.tigerorchid.net/orph/renanthera.htm
https://cdn.huaniaoy.cn/20151223/original/1450808650326.jpg@!picb	https://www.huaniaoy.com/yangzhifangfa/638/
http://www.52yhua.com/uploads/allimg/160721/1-160H1215J2.jpg	http://www.52yhua.com/lanke/3075.html
http://a1.att.hudong.com/46/92/20300001185439130412927624963_s.jpg	http://www.baike.com/wiki/%E4%BA%91%E5%8D%97%E7%81%AB%E7%84%B0%E5%85%B0
http://www.huajiang.cc/uploads/allimg/140805/10-140P523105J31.JPG	http://www.huajiang.cc/yanghua/20140805/1599.html
http://www.scib.cas.cn/lyfw/hx/201103/W020110328337884257391.jpg	http://www.scib.cas.cn/lyfw/hx/201103/t20110328_3095367.html
http://www.huafensi.com/uploads/allimg/141216/1-1412161GKO05.jpg	http://www.huafensi.com/huahui/yunnanhuoyanlan_616.html
https://gss2.bdstatic.com/9fo3dSag_xI4khGkpoWK1HF6hhy/baike/w%3D400/sign=167fa8e8aec27d1ea5263ac42bd4adaf/aec379310a55b3192984983949a98226cffc1778.jpg	https://baike.baidu.com/item/%E7%81%AB%E7%84%B0%E5%85%B0
http://s8.sinaimg.cn/mw690/001OqtwOgy6PyhImeb5d7&690	http://blog.sina.com.cn/s/blog_6304cf960102veeq.html
http://www.xiyuechina.com/Upfile2016/201629/2016020968258745.jpg	http://www.xiyuechina.com/html/lankehuahui/3337.html
http://tu.qt3191.com/allimg/c110627/13091620I0WZ-12JJ.gif	http://www.qt3191.com/lankezhiwutupian/55948.html
https://gss1.bdstatic.com/9vo3dSag_xI4khGkpoWK1HF6hhy/baike/s%3D220/sign=e3e1ba638fd4b31cf43c93b9b7d6276f/9922720e0cf3d7cad2c79e56f61fbe096b63a9d9.jpg	https://baike.baidu.com/item/%E4%BA%91%E5%8D%97%E7%81%AB%E7%84%B0%E5%85%B0
https://cdn.huaniaoy.cn/20160507/original/1462553370273.jpg@!pic280zw	https://www.huaniaoy.com/yangzhifangfa/638/
https://lh3.googleusercontent.com/-Bptw1CxxeCI/VnzAdvfxT7I/AAAAAAAA49E/ycyY3VVBmS8/w530-h792-p/%25E7%2581%25AB%25E7%2584%25B0%25E5%2585%25B0.jpg	https://plus.google.com/109324442892945267475/posts/i4MFhrUiRqd
http://i2.chinanews.com/simg/2017/170427//66351940.jpg	http://www.chinanews.com/sh/2017/04-27/8210572.shtml
http://p3.ifengimg.com/a/2017_17/36345d8f90cf62e_size187_w342_h186.png	http://www.wenxuecity.com/news/2017/04/26/6196292.html
http://www.52yhua.com/uploads/allimg/160721/1-160H1215534.jpg	http://www.52yhua.com/lanke/3074.html
https://cdn.huaniaoy.cn/20160814/original/1471145894759.jpg@!pic280zw	https://www.huaniaoy.com/yangzhifangfa/638/
http://a3.att.hudong.com/18/94/20200000013920144733943283923_s.jpg	http://www.baike.com/wiki/%E7%81%AB%E7%84%B0%E5%85%B0
http://p.nanrenwo.net/uploads/allimg/170427/8473-1F42F93A2.jpg	http://www.nanrenwo.net/zlht/116455.html
http://www.scib.cas.cn/kycg/kyjz_1/201205/W020120515522526229392.jpg	http://www.scpsrc.ac.cn/new.asp?id=481
https://gw.alicdn.com/bao/uploaded/i4/2664664814/TB2DZgLrgxlpuFjSszbXXcSVpXa_!!2664664814.png_230x230.jpg	https://www.taobao.com/article/G6EnFfDmCKDwDXBU.html
http://s13.sinaimg.cn/middle/6d35b6fdgaf6b7e55449c&690	http://blog.sina.com.cn/s/blog_6d35b6fd0100xeot.html
http://www.52yhua.com/uploads/allimg/160721/1-160H1215516.jpg	http://www.52yhua.com/lanke/3074.html
https://cdn.huaniaoy.cn/20160201/original/1454261760920.jpg@!picb	https://www.huaniaoy.com/yangzhifangfa/638/
http://www.huajiang.cc/uploads/allimg/140805/10-140P5231931922.jpg	http://www.huajiang.cc/life/20140805/1601.html
https://upload.wikimedia.org/wikipedia/commons/thumb/0/05/Renanthera_coccinea_%281830%29.jpg/1200px-Renanthera_coccinea_%281830%29.jpg	https://zh.wikipedia.org/wiki/%E7%81%AB%E7%84%B0%E5%85%B0%E5%B1%9E
http://www.huayugu.com.cn/uploads/allimg/160801/1-160P11401160-L.jpg	http://www.huayugu.com.cn/huoyanlan/
http://www.swfc.edu.cn/ContentData/UPLOAD_FILE/image/2017/04/28/4a227607-f5c4-4669-a36a-3f9ab0b9f4e2.jpg	http://www.swfc.edu.cn/Subject/XLXW/Article/079c5b95-03f1-4f51-af49-dc6b767f9c46.htm
http://img.bj.wezhan.cn/content/sitefiles/2018151/images/9547166_1cc900095dd961d28a45.jpeg	http://www.xkx.gov.cn/newsitem/277863828
http://www.xiyuechina.com/Upfile2016/201629/2016020968250417.jpg	http://www.xiyuechina.com/html/lankehuahui/3337.html
http://www.muhuagu.com/uploads/allimg/161108/152404HI-1.jpg	http://www.muhuagu.com/2016/11086754.html
http://s12.sinaimg.cn/middle/6714bb52gc0993b26140b&690	http://blog.sina.com.cn/s/blog_6714bb520100zk6w.html
http://s16.sinaimg.cn/middle/6d35b6fdgaf6b7f3a438f&690	http://blog.sina.com.cn/s/blog_6d35b6fd0100xeot.html
http://pic4.55jia.net/fengshuizhiwu/30/a256041.png	http://www.55jia.net/75/304548.html
http://www.huayugu.com.cn/uploads/allimg/160724/1-160H41045510-L.jpg	http://m.huayugu.com.cn/list.php?tid=1131
https://cdn.huaniaoy.cn/20160506/original/1462546738302.jpg@!pic280zw	https://www.huaniaoy.com/yangzhifangfa/638/
http://s8.sinaimg.cn/middle/6d35b6fdgaf6b7ce70f07&690	http://blog.sina.com.cn/s/blog_6d35b6fd0100xeot.html
http://www.52yhua.com/uploads/allimg/160721/1-160H1215K2.jpg	http://m.52yhua.com/lanke/3074.html
http://images.china.cn/attachement/jpg/site1000/20161101/002564ba9d4519829b8830.jpg	http://www.horti-expo2019.com/2016-11/01/content_39614641.htm
http://www.yunhuayuan.net/Files/hyl1.jpg	http://www.yunhuayuan.net/newsdetail_hyl.htm
http://www.huayugu.com.cn/uploads/allimg/160726/1-160H60K2130-L.jpg	http://www.huayugu.com.cn/yunnanhuoyanlan/
http://a4.att.hudong.com/78/34/01300000938914128470340837575_s.jpg	http://www.baike.com/wiki/%E7%81%AB%E7%84%B0%E5%85%B0
http://www.ezok.cn/pic/20/article_117920_122154f591195662.jpg	http://www.ezok.cn/gdgxhn/117920.html
http://www.wed114.cn/jiehun/uploads/allimg/160607/52_160607150246_3.jpg	http://www.wed114.cn/jiehun/zhiwu/20160607146886.html
http://a3.att.hudong.com/20/29/20300000237086143391295387532_s.jpg	http://www.baike.com/wiki/%E7%81%AB%E7%84%B0%E5%85%B0%E5%B1%9E
https://cdn.huaniaoy.cn/20151223/original/1450808650941.jpg@!picb	https://www.huaniaoy.com/yanghu/48712
http://s10.sinaimg.cn/middle/6714bb52gc08bd50b7339&690	http://blog.sina.com.cn/s/blog_6714bb520100zk6w.html
http://tu.qt3191.com/allimg/c110627/13091620I12960-1322H.gif	http://www.qt3191.com/lankezhiwutupian/55948.html
https://www.huabaike.com/uploads/huatuku/20160603/57511c7ddf124.jpg	https://m.huabaike.com/lktp/320.html
http://www.huayugu.com.cn/uploads/allimg/160726/1-160H60KR90-L.jpg	http://m.huayugu.com.cn/view.php?aid=15136
http://pic92.nipic.com/file/20160320/19192438_180941243000_2.jpg	http://www.nipic.com/show/14403910.html
http://www.huayugu.com.cn/uploads/allimg/160724/1-160H4105236359.jpg	http://m.huayugu.com.cn/list.php?tid=1131
http://hk.on.cc/cn/bkn/cnt/news/20170427/photo/bkncn-20170427000457675-0427_05011_001_01p.jpg?20170427093540	http://hk.on.cc/cn/bkn/cnt/news/20170427/bkncn-20170427000457675-0427_05011_001_cn.html
http://www.huayugu.com.cn/uploads/allimg/160724/1-160H41053530-L.jpg	http://m.huayugu.com.cn/list.php?tid=1131
http://www.xiyuechina.com/Upfile2013/20141019/2014101930900729.jpg	http://www.xiyuechina.com/html/lankehuahui/3337.html
https://www.huabaike.com/uploads/huatuku/20160603/57511c7fd32b3.jpg	https://m.huabaike.com/lktp/320.html
https://cdn.huaniaoy.cn/20170320/original/1489979626453.jpg@!pic280zw	https://www.huaniaoy.com/yangzhifangfa/1465/
http://img.mp.itc.cn/upload/20170508/5ef09687fe364927bb84d65e69398d43_th.png	http://www.sohu.com/a/139021724_273223
http://www.gdyuanlin.cn/miaomuimages/%E4%BA%91%E5%8D%97%E7%81%AB%E7%84%B0%E5%85%B0.jpg	http://www.gdyuanlin.cn/wikipedia/23980417.html
http://image.sciencenet.cn/album/201205/15/232817k9t1tk6rgggrkin1.jpg	http://blog.sciencenet.cn/blog-306678-571399.html
http://www.huayugu.com.cn/uploads/allimg/160801/1-160P1140S30-L.jpg	http://www.huayugu.com.cn/huoyanlan/15799.html
http://img.tulaoshi.com/201704/05/b34c82e47ca9e49c21d64a81575a35f2.jpg	http://www.tulaoshi.com/huoyanlan/
http://tu.qt3191.com/allimg/c110627/13091620HY230-R311.gif	http://www.qt3191.com/tags.php?/%BB%F0%D1%E6%C0%BC%CA%F4/
http://s3.sinaimg.cn/middle/6d35b6fdgaf6b86520ea2&690	http://blog.sina.com.cn/s/blog_6d35b6fd0100xeot.html
http://www.wed114.cn/jiehun/uploads/allimg/160607/52_160607150246_2.jpg	http://www.wed114.cn/jiehun/zhiwu/20160607146886_2.html
http://tu.qt3191.com/allimg/c110627/13091620Hb1Z-96046.gif	http://www.qt3191.com/lankezhiwutupian/55948.html
http://s12.sinaimg.cn/mw690/001OqtwOgy6PyhI3yc3fb&690	http://blog.sina.com.cn/s/blog_6304cf960102veeq.html
http://img01.sogoucdn.com/net/a/100520101/link?appid=100520101&url=http://mmbiz.qpic.cn/mmbiz_jpg/RHTcPGGAp56Ee8foSdHb7udmOVN7ZxcFVfhymRG93DunO4F3lSQd42anx8IkzT1hNr833yzwQ3Pjz4N5amJEjQ/0?wx_fmt=jpeg	http://baike.m.sogou.com/baike/weixinArticle?lid=10959461&title=%E7%81%AB%E7%84%B0%E5%85%B0&g_ut=3
http://www.huajiang.cc/uploads/allimg/140805/10-140P5230635B0.jpg	http://www.huajiang.cc/yanghua/20140805/1598.html
http://s3.sinaimg.cn/middle/6714bb52gc0995ec39382&690	http://blog.sina.com.cn/s/blog_6714bb520100zk6w.html
http://www.huayugu.com.cn/uploads/allimg/160801/1-160P11402380-L.jpg	http://www.huayugu.com.cn/huoyanlan/
http://www.huayugu.com.cn/uploads/allimg/160801/1-160P11406370-L.jpg	http://www.huayugu.com.cn/huoyanlan/
http://i2.chinanews.com/simg/2017/170427//66351950.jpg	http://www.chinanews.com/sh/2017/04-27/8210572.shtml
http://img.xunhai.com/2015/11/26/144853344928754.jpg	http://www.xunhai.com/huoyanlan/
