
http://www.baihuamen.com/d/file/2014/06-03/0817ec72caddcd49766778ee8e2269c2.jpg	http://www.baihuamen.com/dahuamachijian/
http://www.baihuamen.com/d/file/2014/06-03/169be0bf4d7334bbb30090ff60ea3ece.jpg	http://www.baihuamen.com/dahuamachijian/
http://pic16.nipic.com/20110826/4224370_120222648122_2.jpg	http://www.nipic.com/show/1/44/5025693k6e7422c8.html
http://www.huaqinggolf.com/HtmlEditor/uploadfile/20091209091107791.jpg	http://www.huaqinggolf.com/html/200912991118.html
http://pic.baike.soso.com/ugc/baikepic2/7735/cut-20160707161327-971719112.jpg/0	http://baike.soso.com/ShowTitle.e?sp=S%E5%A4%A7%E8%8A%B1%E9%A9%AC%E9%BD%BF%E8%8B%8B
http://pic16.nipic.com/20110830/4224370_101156169101_2.jpg	http://www.nipic.com/show/1/44/5034677keb148e0c.html
http://www.baihuamen.com/d/file/2014/06-03/1108c611d1e6279727412e2a44d40024.jpg	http://www.baihuamen.com/dahuamachijian/
http://flora.yuanlin365.com/uploadfile/2006-07-22/200511446697329.jpg	http://flora.yuanlin365.com/Htmls/144.html
http://pic9.nipic.com/20100916/4224370_053950065406_2.jpg	http://www.nipic.com/show/1/44/3678830k07169c27.html
http://www.twword.com/uploads/wiki/e4/6f/640680_1.jpg	http://www.twword.com/wiki/%E5%A4%A7%E8%8A%B1%E9%A6%AC%E9%BD%92%E8%8E%A7
http://www.baihuamen.com/d/file/2014/06-03/e7a1591ba2071bcea739d06954bbd35f.jpg	http://www.baihuamen.com/dahuamachijian/
http://pic8.nipic.com/20100808/4224370_064522026862_2.jpg	http://www.nipic.com/show/3507388.html
http://a0.att.hudong.com/24/74/20300001220069145922743707455_s.jpg	http://www.baike.com/wiki/%E5%A4%A7%E8%8A%B1%E9%A9%AC%E9%BD%BF%E8%8B%8B
https://image.zhongyibaike.com/image/%E5%8D%8A%E6%94%AF%E8%8E%B2/%E5%8D%8A%E6%94%AF%E8%8E%B2.jpg	https://zhongyibaike.com/wiki/%E5%A4%A7%E8%8A%B1%E9%A9%AC%E9%BD%BF%E8%8B%8B
http://www.yuhuagu.com/uploads/allimg/120321/1_120321210940_1.jpg	http://www.yuhuagu.com/caoben/2012/0321/2549.html
http://s12.sinaimg.cn/mw690/001nMd8vzy73ZsfdZUv6b&690	http://blog.sina.com.cn/s/blog_4b8c31130102wly4.html
http://img.ixiumei.com/uploadfile/2017/0517/20170517040156444.jpg	http://www.ixiumei.com/a/20170517/238428.shtml
http://www.yuhuagu.com/uploads/allimg/121225/10-121225211634.jpg	http://www.yuhuagu.com/ktsh/5441.html
http://www.baihuamen.com/d/file/2014/06-03/f775750c8806e386d2d9322d7c77ec89.jpg	http://www.baihuamen.com/dahuamachijian/17666_7.html
http://a3.att.hudong.com/18/93/01300000233280122089936747882.jpg	http://tupian.baike.com/a3_18_93_01300000233280122089936747882_jpg.html
http://pic16.nipic.com/20110826/4224370_111827385134_2.jpg	http://www.nipic.com/show/1/44/5025695k1b1d2415.html
http://www.baihuamen.com/d/file/2014/06-03/87c938108ce96b073214ed29fa992d4b.jpg	http://www.baihuamen.com/dahuamachijian/17666_10.html
http://e.share.photo.xuite.net/bruce0342/1e07db2/10988328/513069194_m.jpg	http://bruce0342.blogspot.com/2009/09/blog-post_6.html
http://www.baihuamen.com/d/file/2014/06-03/84e9222598bf6b03f13b649d78c085aa.jpg	http://www.baihuamen.com/dahuamachijian/17666_12.html
https://cbu01.alicdn.com/img/ibank/2016/372/608/3428806273_522624980.220x220.jpg	http://www.1688.com/jiage/-B4F3BBA8C2EDB3DDDCC8.html
http://pic23.nipic.com/20120904/4224370_185533691000_2.jpg	http://www.nipic.com/show/1/44/6766631kcde4b8ce.html
http://img.boqiicdn.com/Data/BK/A/1512/4/imagick29731449200755_y.jpg	http://www.boqii.com/entry/detail/2290.html
http://s16.sinaimg.cn/mw690/001nMd8vzy73ZshvL3xef&690	http://blog.sina.com.cn/s/blog_4b8c31130102wly4.html
http://img846.ph.126.net/e6ZxlnCJ_nv7s5NPYLdmpQ==/744219838424555195.jpg	http://blog.sina.com.cn/s/blog_a4ff34b001013zwz.html
http://pic21.nipic.com/20120613/8759743_133023593166_2.jpg	http://www.nipic.com/show/1/44/6345780kf95863ac.html
http://pic8.nipic.com/20100804/5016228_211420005339_2.jpg	http://www.htu.cn/bhy/2011/0528/c5592a64927/page.htm
http://www.sf-garden.cn/imageRepository/a82caa7e-2d92-42c9-87da-8230c3950530.jpg	http://www.sf-garden.cn/products_detail/productId=116.html
https://www.huabaike.com/uploads/allimg/sltimg/201707/595f0095608e0.jpg	https://www.huabaike.com/jtyh/9876.html
https://gss2.bdstatic.com/-fo3dSag_xI4khGkpoWK1HF6hhy/baike/s%3D220/sign=dced66da522c11dfdad1b82153276255/359b033b5bb5c9eaabfaa2dad039b6003af3b3fa.jpg	https://baike.baidu.com/item/%E5%A4%A7%E8%8A%B1%E9%A9%AC%E9%BD%BF%E8%8B%8B
http://s4.sinaimg.cn/middle/68c0bec3hc2658aa73803&690	http://blog.sina.com.cn/s/blog_907e6f3b0102vc14.html
http://www.yuhuagu.com/uploads/allimg/121225/10-121225211644.jpg	http://www.yuhuagu.com/ktsh/5441.html
https://upload.wikimedia.org/wikipedia/commons/0/0e/Portulaca.jpg	https://zh.wikipedia.org/wiki/%E5%A4%A7%E8%8A%B1%E9%A9%AC%E9%BD%BF%E8%8B%8B
http://img002.mllres.com//images/upload/%E5%A4%A7%E8%8A%B1%E9%A9%AC%E9%BD%BF%E8%8B%8B01.jpg	http://www.meilele.com/article/shipin/42442.html
http://pic16.nipic.com/20110830/4224370_100818187176_2.jpg	http://www.nipic.com/show/1/44/5034616k7ec4c506.html
http://s14.sinaimg.cn/mw690/001nMd8vzy73ZsdFKCpcd&690	http://blog.sina.com.cn/s/blog_4b8c31130102wly4.html
https://gss1.bdstatic.com/-vo3dSag_xI4khGkpoWK1HF6hhy/baike/w%3D268%3Bg%3D0/sign=ab795bbfbf014a90813e41bb914c5e2f/e61190ef76c6a7ef7b754c2bfbfaaf51f3de6668.jpg	https://baike.baidu.com/item/%E5%A4%A7%E8%8A%B1%E9%A9%AC%E9%BD%BF%E8%8B%8B
https://cbu01.alicdn.com/img/ibank/2017/925/597/4042795529_1593731460.220x220.jpg	http://www.1688.com/chanpin/-B4F3BBA8C2EDB3DDDCC8D6D6D7D3.html
http://pic21.nipic.com/20120613/8759743_131732691186_2.jpg	http://www.nipic.com/show/1/44/6345778ka694c54e.html
http://s1.sinaimg.cn/mw690/001nMd8vzy73Zse8IuI00&690	http://blog.sina.com.cn/s/blog_4b8c31130102wly4.html
http://pic.baike.soso.com/ugc/baikepic2/4421/20170606131348-1929198481.jpg/300	http://baike.soso.com/ShowTitle.e?sp=S%E5%A4%A7%E8%8A%B1%E9%A9%AC%E9%BD%BF%E8%8B%8B
http://pic21.nipic.com/20120613/8759743_150849611135_2.jpg	http://www.nipic.com/show/1/44/6345783ka13ddfdd.html
http://s13.sinaimg.cn/mw690/5a90e548gx6BgE77ygs3c&690	http://blog.sina.com.cn/s/blog_5a90e5480102e9xu.html
http://pic15.nipic.com/20110724/4224370_194100288147_2.jpg	http://www.nipic.com/show/1/44/4872551k41cd1539.html
http://s3.sinaimg.cn/mw690/001nPxoHzy6NMZLOLUCb2&690	http://blog.sina.com.cn/s/blog_4b984a370102v7e2.html
http://pic18.nipic.com/20111229/9088119_084010570000_2.jpg	http://www.nipic.com/show/1/44/5559997k2398c491.html
https://cbu01.alicdn.com/img/ibank/2016/865/432/3541234568_1256065128.220x220.jpg	http://www.1688.com/chanpin/-B4F3BBA8C2EDB3DDDCC8D6D6D7D3.html
http://pic12.nipic.com/20101224/4224370_073325008146_2.jpg	http://www.nipic.com/show/1/44/4083056ka2e11f35.html
http://img02.taobaocdn.com/imgextra/i2/115503257/TB2lBjimwxlpuFjSszgXXcJdpXa_!!115503257.jpg	http://nxtmarket.info/item/17380822854
http://s12.sinaimg.cn/mw690/001nPxoHzy6V6bMe9Htdb&690	http://blog.sina.com.cn/s/blog_4b984a370102vp10.html
http://pic32.nipic.com/20130831/8759743_134853457172_2.jpg	http://www.nipic.com/zhuanti/1164203.html
http://a2.att.hudong.com/40/41/01100000000000144727419141207_s.jpg	http://www.baike.com/wiki/%E5%A4%A7%E8%8A%B1%E9%A9%AC%E9%BD%BF%E8%8B%8B
http://img.35yst.com/uploadfile/2017/0517/20170517040445190.jpg	http://www.35yst.com/news/12035.html
http://s2.sinaimg.cn/mw690/5a90e548ge1fb850354f1&690	http://blog.sina.com.cn/s/blog_5a90e5480102e9xu.html
https://gw.alicdn.com/bao/uploaded/i1/222658477/TB2uzrMpVXXXXbjXXXXXXXXXXXX_!!222658477.jpg_230x230.jpg	https://www.taobao.com/article/BMFbDIAFDNFQDsGn.html
http://pic16.nipic.com/20110826/4224370_112222213176_2.jpg	http://www.nipic.com/show/1/44/5025694kd749af9d.html
https://cbu01.alicdn.com/img/ibank/2017/806/690/4086096608_1464452068.220x220.jpg	http://www.1688.com/chanpin/-B4F3BBA8C2EDB3DDDCC8.html
http://news.china-flower.com/Upload2005/2013-7-12/201371283425754.jpg	http://news.china-flower.com/paper/papernewsinfo.asp?n_id=231777
http://www.baihuamen.com/d/file/2014/06-03/99397b800601b9025d829e168e0a8046.jpg	http://www.baihuamen.com/dahuamachijian/17666.html
http://z.xiziwang.net/uploads/allimg/141202/30_141202221930_1.jpg	http://z.xiziwang.net/hua/17215/
http://nhjy.hzau.edu.cn/kech/hhx/piclib/upload/200572015224070862.jpg	http://nhjy.hzau.edu.cn/kech/hhx/piclib/display.asp?id=465
http://pic105.nipic.com/file/20160727/9006645_103051034429_2.jpg	http://www.nipic.com/show/15368035.html
http://pic16.nipic.com/20110823/4224370_074330348159_2.jpg	http://www.nipic.com/show/1/44/5000094k67dedd72.html
http://img.boqiicdn.com/Data/BK/A/1512/4/imagick86261449211041_y.jpg	http://www.boqii.com/article/25225.html
https://www.huabaike.com/uploads/allimg/artimg/201707/20170717172803_12793.jpg	https://www.huabaike.com/hyjk/10024.html
http://www.99.com.cn/uploads/170525/412-1F52513594OH.jpg	http://zyk.99.com.cn/baike/692858.htm
https://gw.alicdn.com/bao/uploaded/i2/TB19MFzLXXXXXc8XFXXXXXXXXXX_!!0-item_pic.jpg_230x230.jpg	https://www.taobao.com/oshtml/buy-cn/cp_tPO7qMLts93cyNbW19M.html
https://cbu01.alicdn.com/img/ibank/2016/391/536/2767635193_1317225705.220x220.jpg	http://www.1688.com/jiage/-B4F3BBA8C2EDB3DDDCC8D6D6D7D3.html
http://s15.sinaimg.cn/mw690/001nMd8vzy73ZsizEDk6e&690	http://blog.sina.com.cn/s/blog_4b8c31130102wly4.html
https://gss0.baidu.com/9vo3dSag_xI4khGko9WTAnF6hhy/zhidao/pic/item/b219ebc4b74543a9136ea2611e178a82b9011421.jpg	http://zhidao.baidu.com/question/444545216.html
https://cbu01.alicdn.com/img/ibank/2016/412/180/3062081214_1405491356.220x220.jpg	http://www.1688.com/chanpin/-B4F3BBA8C2EDB3DDDCC8D6D6D7D3.html
http://s14.sinaimg.cn/mw690/001nMd8vzy73Zsh0bsp5d&690	http://blog.sina.com.cn/s/blog_4b8c31130102wly4.html
http://news.china-flower.com/Upload2005/2013-9-9/201399105238893.jpg	http://news.china-flower.com/paper/papernewsinfo.asp?n_id=232810
https://gw.alicdn.com/bao/uploaded/i2/TB10Ur1GFXXXXceXXXXXXXXXXXX_!!0-item_pic.jpg_230x230.jpg	https://www.taobao.com/oshtml/buy-cn/cp_tPO7qMLts93cyNbW19M.html
http://pic1.win4000.com/pic/a/55/393d1333653.jpg_195.jpg	http://www.win4000.com/meinv111664.html
http://img.bimg.126.net/photo/DqYW0WJEo1mK5OKGZpIHgA==/4003700068749328480.jpg	http://cnflora.lofter.com/post/11d76c_c3f9d7
http://s7.sinaimg.cn/mw690/5a90e548gx6BgEGpsUK86&690	http://blog.sina.com.cn/s/blog_5a90e5480102e9xu.html
https://cbu01.alicdn.com/img/ibank/2015/862/527/2411725268_1638083837.220x220.jpg	http://www.1688.com/chanpin/-B4F3BBA8C2EDB3DDDCC8D6D6D7D3.html
http://img.xunhai.com/2015/12/01/144893376245897.jpg	http://www.xunhai.com/dahuamachiwan/2015/1201/9116.html
http://pic.baike.soso.com/ugc/baikepic2/89/cut-20160707161245-191496139.jpg/0	http://baike.soso.com/ShowTitle.e?sp=S%E5%A4%A7%E8%8A%B1%E9%A9%AC%E9%BD%BF%E8%8B%8B
https://cbu01.alicdn.com/img/ibank/2016/760/470/3534074067_590037822.220x220.jpg	https://s.1688.com/kq/-B4F3BBA8C2EDB3DDDCC8D6D6D7D3.html
http://www.huayugu.com.cn/uploads/allimg/161027/1-16102F055320-L.jpg	http://www.huayugu.com.cn/dahuamachiwan/
http://pic1.huashichang.com/2017/0415/22/58f230c821969_200_140.jpg	http://m.aihuhua.com/tu/dahuamachixian.html
http://www.minnanhuamu.com/photo/BR0aHltBRxwMCkRDHQwNBQBGFg9CAQsaDQEMQQFHTl9EWFlbWFlWXEFOOTdfBwYqFQEHY140LTk1LTVdNig5NjAtOTUtNTE2MUBPWkRUXUBbUVZaVUACBQYyRlxZFl1QXkYfEQo.webp	http://www.minnanhuamu.com/i/GQtbXVBZWkFTXUJYXFY.html
https://upload.wikimedia.org/wikipedia/commons/thumb/b/b9/Portulaca_grandiflora_flower.jpg/250px-Portulaca_grandiflora_flower.jpg	https://zh.wikipedia.org/wiki/%E5%A4%A7%E8%8A%B1%E9%A9%AC%E9%BD%BF%E8%8B%8B
https://cbu01.alicdn.com/img/ibank/2014/888/183/1587381888_1149981993.220x220.jpg	http://www.1688.com/chanpin/-B4F3BBA8C2EDB3DDDCC8D6D6D7D3.html
https://www.huabaike.com/uploads/allimg/artimg/201707/20170707113308_68222.jpg	https://www.huabaike.com/jtyh/9876.html
https://cbu01.alicdn.com/img/ibank/2016/361/387/3400783163_1550203176.220x220.jpg	https://s.1688.com/kq/-B4F3BBA8C2EDB3DDDCC8.html
http://www.minnanhuamu.com/photo/BR0aHltBRxwMCkdDHQwNBQBGFg9CAQsaDQEMQQFBTl9EWFlbWFlWXEFOOTdfWyMrCQEHY140LTk1LTUHY140NjY5NjAtOTUtNTE2MUBPWkRUXUBbUVZaVUACBQYyRlxZFl1QXkYfEQo.webp	http://www.minnanhuamu.com/i/GQtbXVBZWkFTXUJYXFY.html
http://gw.alicdn.com/bao/uploaded/i4/TB1Fe01PFXXXXb0aXXXXXXXXXXX_!!0-item_pic.jpg_230x230.jpg	http://www.taobao.com/article/CXCcAkFBEzCLC8FL.html
http://pic.baike.soso.com/ugc/baikepic2/12503/20160908083825-61268809.jpg/300	http://baike.soso.com/ShowTitle.e?sp=S%E5%A4%A7%E8%8A%B1%E9%A9%AC%E9%BD%BF%E8%8B%8B
https://gw.alicdn.com/bao/uploaded/i3/115503257/TB2SeecuSBjpuFjSsplXXa5MVXa_!!115503257.jpg_230x230.jpg	https://www.taobao.com/oshtml/buy-cn/cp_tPO7qMLts93cyNbW19M.html
https://cbu01.alicdn.com/img/ibank/2016/592/255/3638552295_246424275.220x220.jpg	http://www.1688.com/chanpin/-B4F3BBA8C2EDB3DDDCC8.html
http://www.chla.com.cn/upload/2008_07/080724125734712.jpg	http://www.chla.com.cn/html/c32/2008-07/14401p2.html
https://gss2.bdstatic.com/-fo3dSag_xI4khGkpoWK1HF6hhy/baike/w%3D400/sign=9ac157ba10d8bc3ec60807cab28aa6c8/d31b0ef41bd5ad6e2b84866a88cb39dbb6fd3c35.jpg	https://baike.baidu.com/item/%E5%A4%A7%E8%8A%B1%E9%A9%AC%E9%BD%BF%E8%8B%8B
http://img.mp.itc.cn/upload/20170423/a6cd3a27bd7f426bae80b6770d061819	http://www.sohu.com/a/135855007_382982
