
https://i1.read01.com/uploads/080MkW00.jpg	https://read01.com/DRneG8.html
https://img.imynest.com/uploads/3/33/333D320407.jpeg	https://www.imynest.com/content/46245.html
https://img.imynest.com/uploads/8/26/8268A1E304.jpeg	https://www.imynest.com/content/46245.html
http://www.baihuamen.com/d/file/2014/03-22/02af1169c186043fdad04de13a184612.jpg	http://www.baihuamen.com/hanxiaohua/
http://163.17.203.129/bakup/green/%E5%90%AB%E7%AC%91%E8%8A%B1/%E5%90%AB%E7%AC%91%E8%8A%B11.JPG	http://163.17.203.129/bakup/green/%E5%90%AB%E7%AC%91%E8%8A%B1/%E5%90%AB%E7%AC%91%E8%8A%B1.htm
http://www.hnhm.com/uploads/allimg/130520/1043140.jpg	http://www.hnhm.com/news/zaipei/201305/282957.html
http://pic.pimg.tw/andy988/1426664954-2221225762.jpg	http://andy988.pixnet.net/blog/post/320183905-%E5%90%AB%E7%AC%91%E8%8A%B1~%E9%A6%99%E8%95%89%E8%8A%B1~%E9%A6%99%E8%95%89%E9%A6%99%2B%E9%A6%99%E7%93%9C%E9%A6%99...%E5%90%AB%E7%AC%91%E6%A2%85%E3%80%81%E7%AC%91%E6%A2%85
http://img.wxrw123.com/201602/24/02/fzhdqjev0vu.jpg	http://www.wxrw123.com/zw/20160310/218440.html
http://a4.att.hudong.com/26/55/19300001382667133203551546766.jpg	http://yanghua.baike.com/article-229451.html
http://www.cnhua.net/uploads/allimg/c090104/1231063421J0-39619.jpg	http://www.cnhua.net/minghua/mbhh/13577.html
http://flower.dzvv.com/attachment/0801/e8d859d053.jpg	http://flower.dzvv.com/flower/7/2008-10/330.html
http://taibif.tw/vgd/%E8%AA%8D%E8%AD%98%E6%A4%8D%E7%89%A9/%E5%90%AB%E7%AC%91%E8%8A%B1/%E5%90%AB%E7%AC%91%E8%8A%B1-%E8%8A%B105.JPG	http://taibif.tw/vgd/%E8%AA%8D%E8%AD%98%E6%A4%8D%E7%89%A9/%E5%90%AB%E7%AC%91%E8%8A%B1/%E5%90%AB%E7%AC%91%E8%8A%B1.htm
https://b.share.photo.xuite.net/huang543955/1bda1fd/18635098/1025579939_l.jpg	http://blog.xuite.net/huang543955/twblog/211465406
https://c.share.photo.xuite.net/x1_jacky/1cc9eb3/10424683/480239688_m.jpg	http://blog.xuite.net/x1_jacky/home/127414175-%E5%90%AB%E7%AC%91%E8%8A%B1
http://a3.att.hudong.com/44/26/19300001382667132584268005332_950.jpg	http://yanghua.baike.com/article-130478.html
https://www.huabaike.com/uploads/allimg/artimg/201602/20160216170646_59963.jpg	https://www.huabaike.com/yhjq/1716.html
https://b.share.photo.xuite.net/huang543955/1bda101/18635098/1025579943_l.jpg	http://blog.xuite.net/huang543955/twblog/211465406
http://163.17.203.129/bakup/green/%E5%90%AB%E7%AC%91%E8%8A%B1/%E5%90%AB%E7%AC%91%E8%8A%B1-%E8%91%891.JPG	http://163.17.203.129/bakup/green/%E5%90%AB%E7%AC%91%E8%8A%B1/%E5%90%AB%E7%AC%91%E8%8A%B1.htm
http://163.21.42.13/plant/%E7%B8%BD%E6%AA%94/%E5%90%AB%E7%AC%91%E8%8A%B106.jpg	http://163.21.42.13/plant/hanxiao.html
https://img.imynest.com/uploads/B/78/B78FA78201.jpeg	https://www.imynest.com/content/15470.html
http://2.bp.blogspot.com/-wZ0zE8A9MRw/VZq1s29LAVI/AAAAAAAAi3I/eWChE3eMdrw/s1600/DSC00875.JPG	http://aeni1203.pixnet.net/blog/post/294571423-%E5%90%AB%E7%AC%91%E8%8A%B1%28%E7%B4%85%E8%8A%B1%29
http://1.bp.blogspot.com/-i8XqC4LVrys/U0DeJUpIQTI/AAAAAAAAYwk/rUN-9UWHiug/s1600/20140326+%25E8%25B2%2593%25E7%25A9%25BA-%25E5%2590%25AB%25E7%25AC%2591%25E8%258A%25B1+%252815%2529.jpg	http://chiaming0501.pixnet.net/blog/post/361802597-%E3%80%90%E8%8A%B1%E8%8A%B1%E8%8D%89%E8%8D%89%E3%80%91%E5%90%AB%E7%AC%91%E8%8A%B1~
https://e.share.photo.xuite.net/hortwu239/1e8667b/13080133/662971702_m.jpg	http://blog.xuite.net/hortwu239/wretch/143259719-%E5%90%AB%E7%AC%91%E8%8A%B1%E5%92%8C%E7%8E%89%E8%98%AD%E8%8A%B1
http://g.udn.com.tw/community/img/PSN_ARTICLE/anne74/f_2074423_1.jpg	http://blog.udn.com/anne74/2074423
http://www.1nongjing.com/uploads/allimg/151215/892-1512151645524A.jpg	http://net.1nongjing.com/a/201512/124437.html
http://www.huajiang.cc/uploads/allimg/140610/9-1406102210420-L.jpg	http://baike.huajiang.cc/qita/hanxiaohua/
http://t11.baidu.com/it/u=1988551287,2271760246&fm=72	http://www.wed114.cn/jiehun/z99465.html
http://www.huajiang.cc/uploads/allimg/140503/8-140503211431521.jpg	http://baike.huajiang.cc/qita/hanxiaohua/
http://kplant.biodiv.tw/%E5%8D%97%E6%B4%8B%E5%90%AB%E7%AC%91/%E5%8D%97%E6%B4%8B%E5%90%AB%E7%AC%91-%E8%8A%B12.jpg	http://kplant.biodiv.tw/%E5%8D%97%E6%B4%8B%E5%90%AB%E7%AC%91/%E5%8D%97%E6%B4%8B%E5%90%AB%E7%AC%91.htm
http://a2.att.hudong.com/71/23/01300000165470121143232581774.jpg	http://tupian.baike.com/a2_71_23_01300000165470121143232581774_jpg.html
http://www.52yhua.com/uploads/allimg/160921/1-160921221110.jpg	http://m.52yhua.com/jiating/3693.html
https://i1.kknews.cc/large/3640/1787337044	https://kknews.cc/other/jbny8y.html
http://img0.dili360.com/rw9/ga/M02/46/E9/wKgBy1ir8TmAXmF7AAvpTwyCWBM895.tub.jpg	http://www.dili360.com/nh/article/p58abf0bd94ce351.htm
https://blackwalnut.npust.edu.tw/wp-content/uploads/gallery/2/2-7446.jpg	https://blackwalnut.npust.edu.tw/archives/596
http://a4.att.hudong.com/70/22/01300000165470121143223253937_s.jpg	http://www.baike.com/wiki/%E5%90%AB%E7%AC%91%E8%8A%B1
http://blog.ilc.edu.tw/blog/gallery/4178/4178-345429.jpg	http://blog.ilc.edu.tw/blog/index.php?op=printView&articleId=74699&blogId=4178
http://www.028fuch.com/uploads/160615/1-160615135510L7.jpg	http://www.028fuch.com/a/news/jishuwenzhang/2016/0615/291.html
https://e.share.photo.xuite.net/hortwu239/1e8668e/13080133/662971721_m.jpg	http://blog.xuite.net/hortwu239/wretch/143259719-%E5%90%AB%E7%AC%91%E8%8A%B1%E5%92%8C%E7%8E%89%E8%98%AD%E8%8A%B1
https://img.imynest.com/uploads/1/2A/12A0275DA3.jpeg	https://www.imynest.com/content/46245.html
http://album.udn.com/community/img/PSN_PHOTO/connie1031/f_6169355_1.jpg	http://blog.udn.com/connie1031/5084445
https://img.imynest.com/uploads/F/B3/FB345A1CC5.jpeg	https://www.imynest.com/content/62690.html
http://pic.showhua.com/pinzhong/201432145822.jpg	http://www.showhua.com/pinzhong/hanxiaohua/
http://kkk426867.myweb.hinet.net/1/m92.jpg	http://kkk426867.myweb.hinet.net/a15.htm
https://pic.pimg.tw/ftliu3097/1432844362-3717528778.jpg	http://ftliu3097.pixnet.net/blog/post/425272931-%E5%90%AB%E7%AC%91%E8%8A%B1%E7%9A%84%E4%B8%96%E7%95%8C
http://pic20.nipic.com/20120505/9558353_142317286126_2.jpg	http://www.nipic.com/show/6138200.html
http://1.bp.blogspot.com/-ZEs9CwOCkP0/VZq19htvKiI/AAAAAAAAi4w/_RwArYOPFbY/s1600/DSC00912.JPG	http://aeni1203.pixnet.net/blog/post/294571423-%E5%90%AB%E7%AC%91%E8%8A%B1%28%E7%B4%85%E8%8A%B1%29
http://pic.pingguolv.com/uploads/allimg/170227/99-1F22GKU0.jpg	http://www.pingguolv.com/zy/gongxiao/88523.html
http://7.blog.xuite.net/7/4/e/4/11253733/blog_227360/txt/23449540/19.jpg	http://blog.xuite.net/e2202778/boaboa/23449540-%E5%90%AB%E7%AC%91%E8%8A%B1
http://i1.wp.com/inews.gtimg.com/newsapp_match/0/1118437928/0	http://www.ifuun.com/a2017291117362/
http://www.hanyi365.com/attach/userfiles/image/2013-09-25_18_21_50.png	http://www.hanyi365.com/article_260.html
https://gss2.bdstatic.com/9fo3dSag_xI4khGkpoWK1HF6hhy/baike/w%3D400/sign=c198a7a9f51fbe091c5ec2145b610c30/96dda144ad34598208e47d4d0bf431adcaef8487.jpg	https://baike.baidu.com/item/%E5%90%AB%E7%AC%91%E8%8A%B1/1012847
http://7.blog.xuite.net/7/4/e/4/11253733/blog_227360/txt/23449540/1.jpg	http://blog.xuite.net/e2202778/boaboa/23449540-%E5%90%AB%E7%AC%91%E8%8A%B1
http://1.bp.blogspot.com/-pNae_EaDF0c/VZq2AbGlFrI/AAAAAAAAi5A/gPsoPr2ou24/s1600/DSC00916.JPG	http://aeni1203.pixnet.net/blog/post/294571423-%E5%90%AB%E7%AC%91%E8%8A%B1%28%E7%B4%85%E8%8A%B1%29
http://www.wed114.cn/jiehun/uploads/allimg/170308/41_170308113340_1.jpg	http://www.wed114.cn/jiehun/zhiwu/20170308169443.html
http://163.17.203.129/bakup/green/%E5%90%AB%E7%AC%91%E8%8A%B1/%E5%90%AB%E7%AC%91%E8%8A%B1-%E8%91%892.JPG	http://163.17.203.129/bakup/green/%E5%90%AB%E7%AC%91%E8%8A%B1/%E5%90%AB%E7%AC%91%E8%8A%B1.htm
https://img.imynest.com/uploads/C/D2/CD238662C4.jpeg	https://www.imynest.com/content/56482.html
http://www.wdptj.com/wp-content/uploads/2016/04/%E6%B7%B1%E5%B1%B1%E5%90%AB%E7%AC%912.jpg	http://www.wdptj.com/18449.html
http://www.1nongjing.com/uploads/allimg/170622/1876-1F6221FQQ46.jpg	http://m.1nongjing.com/a/201706/186891.html
http://image.sciencenet.cn/album/201304/18/122030f29i031of4no24jy.jpg	http://wap.sciencenet.cn/blogview.aspx?id=681417
http://culture.tainan.gov.tw/ufiles/historic/tree_p2030390000854.jpg	http://culture.tainan.gov.tw/historic/tree_species/index-1.php?m2=203&id=390
http://icontent.nkps.tp.edu.tw/naturesci/files/9/26/201201131513476223.jpg	http://icontent.nkps.tp.edu.tw/naturesci/Intro.aspx?funcID=1&taxonID=26&specID=121
http://www.ew9z.com/wp-content/uploads/2010/02/Banana_Shrub_2.jpg	http://www.ew9z.com/hanxiaohua-pinzhong-zhiliao.html
https://blackwalnut.npust.edu.tw/wp-content/uploads/gallery/2/2-26725.jpg	https://blackwalnut.npust.edu.tw/archives/1360
http://www.ga.tcu.edu.tw/business/new_page_63.files/image002.jpg	http://www.ga.tcu.edu.tw/business/new_page_63.htm
http://hello.area.com.tw/upload_icard/uploads/nt_nt097_140301_0834.jpg	http://hello.area.com.tw/is_sa.cgi?areacode=nt097&ID=sa-1140304233904
http://163.27.96.196/campus/album/plant/images/D-010-1.jpg	http://163.27.96.196/campus/album/plant/D-010.htm
https://e.share.photo.xuite.net/hortwu239/1e8664f/13080133/662971658_m.jpg	http://blog.xuite.net/hortwu239/wretch/143259719-%E5%90%AB%E7%AC%91%E8%8A%B1%E5%92%8C%E7%8E%89%E8%98%AD%E8%8A%B1
https://i1.kknews.cc/large/18b00001f59c9459f21b	https://kknews.cc/home/nmk4jq3.html
http://farm6.static.flickr.com/5262/5549442860_d1861ab4db.jpg	http://blog.xuite.net/lij1208/wretch/111035978-%E9%AB%98%E5%A3%93%E6%B3%95%E7%B7%B4%E7%BF%92+-+%E5%90%AB%E7%AC%91%E8%8A%B1
https://i1.kknews.cc/large/1b7e0005bce3fcade448	https://kknews.cc/home/qyx54go.html
http://pic.baike.soso.com/ugc/baikepic2/9407/cut-20150425104713-697955670.jpg/0	http://baike.soso.com/ShowTitle.e?sp=S%E5%90%AB%E7%AC%91%E8%8A%B1
http://www.1078e.com/show/bk/IMG/2010824103550.jpg	http://www.1078e.com/photo/photoshow.asp?id=2410
http://nature.hl.gov.tw/meilun/upfile/www/Plant/%E7%81%8C%E6%9C%A8/173-2%E5%90%AB%E7%AC%91%E8%8A%B1.jpg	http://nature.hl.gov.tw/meilun/big5/DB/DB_view.asp?id=307&cid=7&urlID=&DBtype=1
https://upload.wikimedia.org/wikipedia/commons/thumb/7/7c/Michelia_figo_Purple_Queen1.jpg/250px-Michelia_figo_Purple_Queen1.jpg	https://zh.wikipedia.org/wiki/%E5%90%AB%E7%AC%91%E8%8A%B1
https://www.huabaike.com/uploads/allimg/sltimg/201602/56c2e657c3272.jpg	https://www.huabaike.com/yhjq/1716.html
http://img.ivsky.com/img/tupian/pre/201404/25/hanxiaohua-007.jpg	http://www.ivsky.com/tupian/hanxiaohua_v20845/
http://a3.att.hudong.com/82/55/19300001382667133203555441748.jpg	http://yanghua.baike.com/article-229451.html
http://3.bp.blogspot.com/-wjJs0V6iXLk/VZq1wxiWidI/AAAAAAAAi3g/5nE46f5ZQzY/s1600/DSC00881.JPG	http://aeni1203.pixnet.net/blog/post/294571423-%E5%90%AB%E7%AC%91%E8%8A%B1%28%E7%B4%85%E8%8A%B1%29
http://pic3.nipic.com/20090608/2150058_105527009_2.jpg	http://www.nipic.com/show/1/47/3143257a56af4fa7.html
http://163.21.42.13/plant/%E7%B8%BD%E6%AA%94/%E5%90%AB%E7%AC%91%E8%8A%B101.jpg	http://163.21.42.13/plant/hanxiao.html
http://img1.topshop.com.tw/twr/pic/%7BFBBF1E35-69B8-9D4E-90E7-DEA2E9904149%7D_1.jpg	http://www.twr.com.tw/product_one.asp?guid=FBBF1E35-69B8-9D4E-90E7-DEA2E9904149
https://b.share.photo.xuite.net/huang543955/1bda10c/18635098/1025579954_l.jpg	http://blog.xuite.net/huang543955/twblog/211465406
https://www.huabaike.com/uploads/allimg/sltimg/201603/56ebb8f27bb59.jpg	https://www.huabaike.com/yhjq/7545.html
http://www.52yhua.com/uploads/allimg/160921/1-160921221113.jpg	http://m.52yhua.com/jiating/3693.html
http://blog.ilc.edu.tw/blog/gallery/7919/7919-630850.jpg	http://blog.ilc.edu.tw/blog/index.php?op=printView&articleId=128645&blogId=7919
http://blog.ilc.edu.tw/blog/gallery/4178/4178-345428.jpg	http://blog.ilc.edu.tw/blog/index.php?op=printView&articleId=74699&blogId=4178
http://teacher.ckps.ntpc.edu.tw/geo/940501smilingflower/Images/Dsc03656.jpg	http://teacher.ckps.ntpc.edu.tw/geo/940501smilingflower/%E5%90%AB%E7%AC%91%E8%8A%B1%E8%A1%A8.htm
http://city.udn.com/community/img/PSN_ARTICLE/fan0522/f_489002_1.JPG	http://blog.udn.com/fan0522/779066
http://dashulin.com/wp-content/uploads/2008/03/sshx3.jpg	http://dashulin.com/hanxiaohua/
http://www.baihuamen.com/d/file/2014/03-20/44170598ad641b66fb4dd43f77bf8225.jpg	http://www.baihuamen.com/hanxiaohua/
http://image48.360doc.com/DownloadImg/2011/12/2321/20249847_5.jpg	http://www.360doc.com/content/11/1223/21/5846940_174561428.shtml
http://www.pjcn.org/uploads/allimg/1605/1-1605092221152H.jpg	http://www.pjcn.org/pz/js/1683/
http://www.wdptj.com/wp-content/uploads/2015/03/%E5%90%AB%E7%AC%91%E8%8A%B1%E6%80%8E%E4%B9%88%E5%85%BB4.jpg	http://www.wdptj.com/8702.html
https://www.huabaike.com/uploads/allimg/artimg/201602/20160216170620_30588.jpg	https://www.huabaike.com/yhjq/1716.html
https://d.share.photo.xuite.net/aqz2319188/1dd4344/9017112/381863980_m.jpg	http://blog.xuite.net/aqz2319188/twblog/116105972-%E5%A2%A8%E7%B4%AB%E7%B4%85%E8%89%B2%E5%90%AB%E7%AC%91%E8%8A%B1
http://img.niaolei.org.cn/wp-uploads/tag/0/B80jkqDl.jpg	http://niaolei.org.cn/tag/%E5%90%AB%E7%AC%91%E8%8A%B1
http://taibif.tw/vgd/%E8%AA%8D%E8%AD%98%E6%A4%8D%E7%89%A9/%E5%90%AB%E7%AC%91%E8%8A%B1/m/%E5%90%AB%E7%AC%91%E8%8A%B1-%E8%8A%B1%E7%93%A35.jpg	http://taibif.tw/vgd/%E8%AA%8D%E8%AD%98%E6%A4%8D%E7%89%A9/%E5%90%AB%E7%AC%91%E8%8A%B1/m/%E5%90%AB%E7%AC%91%E8%8A%B1m.htm
http://pic.pimg.tw/rachel570401/1378836162-1284487011.jpg	http://rachel570401.pixnet.net/blog/post/232178435-%E6%88%91%E5%AE%B6%E5%90%AB%E7%AC%91%E8%8A%B1vs%E5%B1%B1%E8%8C%B6%E8%8A%B1
http://6.blog.xuite.net/6/1/7/6/16970365/blog_1120766/txt/23259468/0.jpg	http://blog.xuite.net/a147b480c285/0325/23259468-%E5%90%AB%E7%AC%91%E8%8A%B1
https://pic.pimg.tw/ftliu3097/1432844362-2857604324.jpg	http://ftliu3097.pixnet.net/blog/post/425272931-%E5%90%AB%E7%AC%91%E8%8A%B1%E7%9A%84%E4%B8%96%E7%95%8C
