
https://gss0.bdstatic.com/94o3dSag_xI4khGkpoWK1HF6hhy/baike/s%3D220/sign=d15166db88025aafd73279c9cbedab8d/b999a9014c086e061dd71f5008087bf40ad1cba9.jpg	https://baike.baidu.com/item/%E9%9D%9E%E6%B4%B2%E5%87%A4%E4%BB%99
http://a3.att.hudong.com/23/27/01100000000000144740278844141_s.jpg	http://www.baike.com/wiki/%E9%9D%9E%E6%B4%B2%E5%87%A4%E4%BB%99%E8%8A%B1
http://pic16.nipic.com/20110908/4224370_070501560000_2.jpg	http://www.nipic.com/show/1/44/5071162k5eb89e01.html
http://pic16.nipic.com/20110901/4224370_074714240121_2.jpg	http://www.nipic.com/show/1/44/5039563k34a9c85a.html
http://a4.att.hudong.com/46/27/01100000000000144740279496444_s.jpg	http://www.baike.com/wiki/%E9%9D%9E%E6%B4%B2%E5%87%A4%E4%BB%99
http://pic25.nipic.com/20121130/8759743_110629235199_2.jpg	http://www.nipic.com/show/1/44/7211535k35255cbd.html
http://pic16.nipic.com/20110901/4224370_081057392188_2.jpg	http://www.nipic.com/show/1/44/5040436k9e50255f.html
http://www.youduo.com/forum/attachment.php?aid=11177&nothumb=yes	http://www.youduo.com/forum/thread-34819-1-1.html
http://a4.att.hudong.com/51/70/01300000208282122015707490805.jpg	http://tupian.baike.com/a4_51_70_01300000208282122015707490805_jpg.html
http://www.youduo.com/forum/attachments/month_1008/20100823_1db70de32eda6c32c109UuuQTxZ2RYBI.jpg	http://www.youduo.com/forum/thread-34819-1-1.html
http://a1.att.hudong.com/02/27/01100000000000144740279676503_s.jpg	http://www.baike.com/wiki/%E9%9D%9E%E6%B4%B2%E5%87%A4%E4%BB%99
http://www.apps.tn.edu.tw/html/tree/picture/44.JPG	http://www.apps.tn.edu.tw/html/tree/html/44.htm
http://www.52yhua.com/uploads/allimg/160705/1-160F5234351.jpg	http://www.52yhua.com/jishu/2797.html
http://www.wdptj.com/wp-content/uploads/2015/04/%E9%9D%9E%E6%B4%B2%E5%87%A4%E4%BB%99%E8%8A%B12.jpg	http://www.wdptj.com/8883.html
http://pic4.55jia.net/fengshuizhiwu/09/a371020.jpg	http://www.55jia.net/75/332065.html
http://pic19.nipic.com/20120326/8759743_145018394163_2.jpg	http://www.nipic.com/show/1/44/5894402ke309731d.html
http://misc.home.news.cn/public/images/original/00/3C/76/4A/4A.jpg	http://mobile.xhzwy2009.home.news.cn/blog/article.do?bid=2930585&aid=183619508
http://www.52ij.com/uploads/allimg/160317/0035163O9-0.png	http://www.52ij.com/gongxiao/446489.html
http://misc.home.news.cn/public/images/original/00/3C/76/51/51.jpg	http://mobile.xhzwy2009.home.news.cn/blog/article.do?bid=2930585&aid=183619508
http://www.52yhua.com/uploads/allimg/160705/1-160F5222222.jpg	http://www.52yhua.com/jishu/2783.html
http://www.wdptj.com/wp-content/uploads/2015/04/%E9%9D%9E%E6%B4%B2%E5%87%A4%E4%BB%99%E8%8A%B15.jpg	http://www.wdptj.com/8883.html
http://www.youduo.com/forum/attachment.php?aid=11178&nothumb=yes	http://www.youduo.com/forum/thread-34819-1-1.html
http://pic4.55jia.net/fengshuizhiwu/14/a75738.jpg	http://www.55jia.net/75/261904.html
http://chs.ebaomonthly.com/ebao/e1204/Impatiens_6.jpg	http://chs.ebaomonthly.com/ebao/readebao.php?a=20120411
http://pic19.nipic.com/20120326/8759743_145235667180_2.jpg	http://www.nipic.com/show/1/44/5894404kd8de721f.html
http://a3.att.hudong.com/25/27/01100000000000144740279737583_s.jpg	http://www.baike.com/wiki/%E9%9D%9E%E6%B4%B2%E5%87%A4%E4%BB%99%E8%8A%B1
https://www.huabaike.com/uploads/allimg/artimg/201706/20170606172314_89931.jpg	https://m.huabaike.com/hyjk/9327.html
http://a0.att.hudong.com/00/27/01100000000000144740279472602_s.jpg	http://www.baike.com/wiki/%E9%9D%9E%E6%B4%B2%E5%87%A4%E4%BB%99%E8%8A%B1
http://www.baihuamen.com/d/file/2014/05-27/1973f92de280dd9de27ea4d63870d8bf.jpg	http://www.baihuamen.com/feizhoufengxian/
http://a3.att.hudong.com/58/27/01100000000000144740279513380_s.jpg	http://www.baike.com/wiki/%E9%9D%9E%E6%B4%B2%E5%87%A4%E4%BB%99%E8%8A%B1
http://www.yuhuagu.com/uploads/allimg/100326/1_100326143204_1.jpg	http://www.yuhuagu.com/renshi/2010/0325/225.html
http://2.bp.blogspot.com/-Drir28of9pQ/UuIrjW1NgTI/AAAAAAAAA7w/Ai5flYiOWnc/s1600/%25E8%258A%25B1%25E5%259E%258B.jpg	http://blog.igarden.com.tw/2014/01/how-to-grow-impatients-plant-seeds.html
http://pic19.nipic.com/20120222/4224370_090140008000_2.jpg	http://www.nipic.com/show/1/44/5744472k61c3f698.html
http://pic16.nipic.com/20110908/4224370_070510082000_2.jpg	http://www.nipic.com/show/5071163.html
http://pic.baike.soso.com/ugc/baikepic2/17279/20161026173648-569211596.jpg/300	http://baike.soso.com/ShowTitle.e?sp=S%E9%9D%9E%E6%B4%B2%E5%87%A4%E4%BB%99
https://www.huabaike.com/uploads/allimg/sltimg/201706/594224bf0fedb.jpg	https://www.huabaike.com/cbzw/9316.html
http://a3.att.hudong.com/57/27/20200000013920144740278557655_s.jpg	http://www.baike.com/wiki/%E9%9D%9E%E6%B4%B2%E5%87%A4%E4%BB%99
http://news.china-flower.com/Upload2005/2014-3-14/201431492818318.jpg	http://news.china-flower.com/paper/papernewsinfo.asp?n_id=235302
http://a4.att.hudong.com/08/70/01300000208282122015705152782.jpg	http://tupian.baike.com/a4_08_70_01300000208282122015705152782_jpg.html&prd=so_tupian
http://www.52yhua.com/uploads/allimg/160304/1-160304223K3.jpg	http://www.52yhua.com/caobentp/1851.html
http://a1.att.hudong.com/04/70/01300000208282122015703981420.gif	http://tupian.baike.com/a1_04_70_01300000208282122015703981420_gif.html
http://old.pep.com.cn/zt/2008/xynwhay/lsay/201011/W020101116325848533769.jpg	http://old.pep.com.cn/zt/2008/xynwhay/lsay/201011/t20101116_970959.html
http://pic25.nipic.com/20121210/8759743_095520658168_2.jpg	http://www.nipic.com/show/1/44/7257246k39c4404b.html
http://210.240.131.84/stu/103/07/images/%E9%9D%9E%E6%B4%B2%E9%B3%B3%E4%BB%99.jpg	http://210.240.131.84/stu/103/07/new_page_3.htm
http://pic19.nipic.com/20120326/8759743_145944440111_2.jpg	http://www.nipic.com/show/1/44/5894408k28813747.html
http://pic16.nipic.com/20110901/4224370_074910708126_2.jpg	http://www.nipic.com/show/1/44/5040434kf746b593.html
http://www.chinagreenhouse.com/product/UploadFile/20099812504963051.jpg	http://www.chinagreenhouse.com/product/product.asp?ID=24
https://gw.alicdn.com/bao/uploaded/i4/TB1GWBkLpXXXXbMXFXXXXXXXXXX_!!0-item_pic.jpg_230x230.jpg	https://www.taobao.com/article/CfDlDlEaDsCAEVGh.html
http://www.52yhua.com/uploads/allimg/160705/1-160F5234402.jpg	http://www.52yhua.com/jishu/2797.html
http://www.52yhua.com/uploads/allimg/160705/1-160F5234353.jpg	http://www.52yhua.com/jishu/2797.html
http://img.aiuw.com//images/201410/14138762502051.jpg	http://www.aiuw.com/zhiwu/yangzhi/article-36728.html
http://www.wdptj.com/wp-content/uploads/2014/11/%E9%9D%9E%E6%B4%B2%E5%87%A4%E4%BB%99.jpg	http://www.wdptj.com/6051.html
http://a1.att.hudong.com/66/27/01100000000000144740279571831_s.jpg	http://www.baike.com/wiki/%E9%9D%9E%E6%B4%B2%E5%87%A4%E4%BB%99
http://pic19.nipic.com/20120326/8759743_145356595187_2.jpg	http://www.nipic.com/show/1/44/5894407kaf61e9e3.html
http://www.dnps.tc.edu.tw/plants/034.JPG	http://www.dnps.tc.edu.tw/plants/__11.html
http://pic15.nipic.com/20110814/4224370_084009311154_2.jpg	http://www.nipic.com/show/4969471.html
http://www.wdptj.com/wp-content/uploads/2015/01/%E9%9D%9E%E6%B4%B2%E5%87%A4%E4%BB%99%E8%8A%B14.jpg	http://www.wdptj.com/7815.html
http://pic16.nipic.com/20110905/4224370_065449577179_2.jpg	http://www.nipic.com/show/1/44/5053846k2c47463b.html
http://www.baihuamen.com/d/file/2014/05-27/2d3848ea2ec80959f092d902a370ac23.jpg	http://www.baihuamen.com/feizhoufengxian/
http://a2.att.hudong.com/04/70/01300000208282122015709893587.jpg	http://tupian.baike.com/a2_04_70_01300000208282122015709893587_jpg.html
http://img.qingmo.com/800x0/2017/3/23/155b6fe687df4a0e8a7b4da73545c58c.jpg	http://ps.qingmo.com/89117.html
http://www.linban.com/upload/2017/06/16/5cec0d4ebebd74e1.jpg	http://www.linban.com/550000/549764.shtml
http://www.ti29.com/tu/466421.jpg	http://www.ti29.com/hua/1559.html
http://s5.sinaimg.cn/mw690/001ROMKqgy6WrNyzB2sd4&690	http://blog.sina.com.cn/s/blog_66019f9e01017zs4.html
http://wiki.wpes.tc.edu.tw/images/thumb/0/09/%E9%9D%9E%E6%B4%B2%E9%B3%B3%E4%BB%993.jpg/300px-%E9%9D%9E%E6%B4%B2%E9%B3%B3%E4%BB%993.jpg	http://wiki.wpes.tc.edu.tw/index.php/%E9%9D%9E%E6%B4%B2%E9%B3%B3%E4%BB%99
http://www.rensheng2.com/upload/2015/11/19/6b129f0d-263a-406c-88d0-a095eae0545d.jpg	http://www.rensheng2.com/700000/697925.shtml
http://blog.roodo.com/helenna/ab801e3a.jpg	http://blog.roodo.com/helenna/archives/8852315.html
http://3.bp.blogspot.com/-9373UQVSrWs/VQgyXlYZLQI/AAAAAAAAn6o/m9mCTdI8UCM/s1600/P1590389.JPG	http://purplewhee.blogspot.com/2012/03/blog-post_07.html
http://www.52yhua.com/uploads/allimg/160511/1-160511221S7.jpg	http://m.52yhua.com/caobentp/2366.html
http://img3.redocn.com/20120220/Redocn_2012021820105433.jpg	http://sucai.redocn.com/tupian/536169.html
http://pic13.nipic.com/20110316/6569459_145331152120_2.jpg	http://www.nipic.com/show/1/44/4348106kee03548a.html
http://www.qnong.com.cn/uploadfile/2015/0722/20150722090811159.jpg	http://www.qnong.com.cn/zhongzhi/huahui/7103.html
https://cbu01.alicdn.com/img/ibank/2016/790/900/3578009097_1919137028.220x220.jpg	http://www.1688.com/chanpin/-B7C7D6DEB7EFCFC9.html
http://8.blog.xuite.net/8/a/6/9/12584523/blog_529092/txt/16723612/1.jpg	http://blog.xuite.net/tkfalysw/blog/16723612-%E9%9D%9E%E6%B4%B2%E9%B3%B3%E4%BB%99
http://s5.sinaimg.cn/mw690/002aXEAcgy6FqUg8b3Kd4&690	http://blog.sina.com.cn/s/blog_76ddc8ec0101agl9.html
http://www.12flower.com.taipei/upimg/%E9%B3%B3%E4%BB%99.jpg	http://www.12flower.com.taipei/store/productshow.asp?prodid=657
http://img.boqiicdn.com/Data/BK/P/imagick4431447061128.jpg	http://www.boqii.com/entry/detail/2199.html
http://s11.sinaimg.cn/middle/492c1b50h8e052211a13a&690	http://blog.sina.com.cn/s/blog_492c1b500100kqr6.html
http://2.bp.blogspot.com/-zx7w64cdmuQ/VQgyLTEaViI/AAAAAAAAn5E/K_A8ov9FJWs/s1600/IMG_7887.JPG	http://purplewhee.blogspot.com/2012/03/blog-post_07.html
http://a1.att.hudong.com/71/27/01100000000000144740279673021_s.jpg	http://www.baike.com/wiki/%E9%9D%9E%E6%B4%B2%E5%87%A4%E4%BB%99%E8%8A%B1
http://www.iqiya.com/uploadfile/2013/1018/20131018084930491.jpg	http://www.iqiya.com/article/2015-04-09/8057.html
https://cbu01.alicdn.com/img/ibank/2017/027/745/3785547720_998226175.220x220.jpg	https://www.1688.com/topic/feizhoufengxianhuatupian.html
http://pic4.55jia.net/fengshuizhiwu/19/a75772.jpg	http://www.55jia.net/75/261904.html
http://s8.sinaimg.cn/mw690/002Upswfzy6NrLT6eh1f7&690	http://blog.sina.com.cn/s/blog_9ee501b70102v88e.html
http://img.sczlb.com/uploads/pictures/2016/11/q4vmwx.png	http://www.sczlb.com/cate-news/151078.html
http://s15.sinaimg.cn/mw690/002aXEAcgy6FqUmGxoq7e&690	http://blog.sina.com.cn/s/blog_76ddc8ec0101agl9.html
http://163.30.140.4/plant/%E9%9D%9E%E6%B4%B2%E9%B3%B3%E4%BB%99%E8%8A%B1.jpg	http://163.30.140.4/plant/t5.htm
http://tu.qt3191.com/allimg/c110627/1309161YOW20-225322.gif	http://www.qt3191.com/huamutupian/55744.html
http://s8.sinaimg.cn/middle/49987ef1h87e4ecb85037&690&690	http://blog.sina.com.cn/s/blog_49987ef10100iwao.html
http://www.linban.com/upload/2017/06/16/ea71921e55ae9c76.jpg	http://www.linban.com/550000/549763.shtml
http://s8.sinaimg.cn/middle/492c1b50h8e0507b842c7&690	http://blog.sina.com.cn/s/blog_492c1b500100kqr6.html
http://s4.sinaimg.cn/mw690/002aXEAcgy6FqUgUxlV13&690	http://blog.sina.com.cn/s/blog_76ddc8ec0101agl9.html
http://www.52yhua.com/uploads/allimg/160511/1-160511221S6.jpg	http://m.52yhua.com/caobentp/2366.html
http://pic21.nipic.com/20120523/4224370_171539964000_2.jpg	http://www.nipic.com/show/6236981.html
http://pic.pimg.tw/devanaga/755c9fb41a50467a7eb2b2fea870fd61.jpg?v=1285858760	http://devanaga.pixnet.net/blog/post/77680-%E9%9D%9E%E6%B4%B2%E9%B3%B3%E4%BB%99-touch-me-not
https://cbu01.alicdn.com/img/ibank/2015/808/519/2196915808_1757106910.220x220.jpg	https://s.1688.com/kq/-B7C7D6DEB7EFCFC9BBA8.html
http://img14.hc360.cn/14/busin/102/990/b/14-102990284.jpg	http://b2b.hc360.com/supplyself/124332869.html
http://www.52yhua.com/uploads/allimg/160705/1-160F5222213.jpg	http://www.52yhua.com/jishu/2783.html
https://www.huabaike.com/uploads/allimg/artimg/201706/20170615140255_90535.jpg	https://www.huabaike.com/binghai/9486.html
http://s7.sinaimg.cn/middle/492c1b50h8e05213c0d36&690	http://blog.sina.com.cn/s/blog_492c1b500100kqr6.html
