
https://gss2.bdstatic.com/9fo3dSag_xI4khGkpoWK1HF6hhy/baike/c0%3Dbaike92%2C5%2C5%2C92%2C30/sign=e99690a82fdda3cc1fe9b07260805264/5366d0160924ab18358be80034fae6cd7b890b63.jpg
https://gss1.bdstatic.com/9vo3dSag_xI4khGkpoWK1HF6hhy/baike/c0%3Dbaike92%2C5%2C5%2C92%2C30/sign=2af073c5d462853586edda73f1861da3/d043ad4bd11373f033a266a8a50f4bfbfbed0463.jpg
https://gss1.bdstatic.com/-vo3dSag_xI4khGkpoWK1HF6hhy/baike/c0%3Dbaike92%2C5%2C5%2C92%2C30/sign=5403bdcc38dbb6fd3156ed74684dc07d/730e0cf3d7ca7bcb0f9fce18bf096b63f624a824.jpg
https://gss1.bdstatic.com/-vo3dSag_xI4khGkpoWK1HF6hhy/baike/c0%3Dbaike92%2C5%2C5%2C92%2C30/sign=9af2e80034fae6cd18b9a3336eda6441/f7246b600c338744e621264b500fd9f9d72aa024.jpg
https://gss2.bdstatic.com/-fo3dSag_xI4khGkpoWK1HF6hhy/baike/c0%3Dbaike92%2C5%2C5%2C92%2C30/sign=37689b81c8177f3e0439f45f11a650a2/1c950a7b02087bf4ec715edef3d3572c11dfcf6c.jpg
https://gss3.bdstatic.com/7Po3dSag_xI4khGkpoWK1HF6hhy/baike/c0%3Dbaike92%2C5%2C5%2C92%2C30/sign=8788c41e8718367ab984778f4f1ae0b1/0df431adcbef76097cef90a82fdda3cc7cd99e24.jpg
https://gss3.bdstatic.com/7Po3dSag_xI4khGkpoWK1HF6hhy/baike/c0%3Dbaike92%2C5%2C5%2C92%2C30/sign=3e7a8afa5366d0166a14967af642bf62/d6ca7bcb0a46f21fb9a85764f7246b600c33ae6c.jpg
https://gss2.bdstatic.com/-fo3dSag_xI4khGkpoWK1HF6hhy/baike/c0%3Dbaike92%2C5%2C5%2C92%2C30/sign=baae77fcfaedab64607f4592965fc4a6/14ce36d3d539b60024520680e850352ac65cb76c.jpg
https://gss2.bdstatic.com/-fo3dSag_xI4khGkpoWK1HF6hhy/baike/c0%3Dbaike92%2C5%2C5%2C92%2C30/sign=0fe41a9058ee3d6d36cb8f99227f0647/e1fe9925bc315c606a7162d88cb1cb1349547724.jpg
https://gss2.bdstatic.com/-fo3dSag_xI4khGkpoWK1HF6hhy/baike/c0%3Dbaike92%2C5%2C5%2C92%2C30/sign=b91347cc0b46f21fdd395601974d0005/d058ccbf6c81800a77018039b03533fa828b4724.jpg
https://gss1.bdstatic.com/9vo3dSag_xI4khGkpoWK1HF6hhy/baike/c0%3Dbaike92%2C5%2C5%2C92%2C30/sign=f13895064d086e067ea5371963611091/b8389b504fc2d562cc94d9dae61190ef76c66c6c.jpg
https://gss3.bdstatic.com/-Po3dSag_xI4khGkpoWK1HF6hhy/baike/c0%3Dbaike92%2C5%2C5%2C92%2C30/sign=ca2e9ceb09fa513d45a7648c5c043e9e/f11f3a292df5e0fec28480365d6034a85edf726c.jpg
https://gss0.bdstatic.com/-4o3dSag_xI4khGkpoWK1HF6hhy/baike/c0%3Dbaike92%2C5%2C5%2C92%2C30/sign=2e6eeca50df431ada8df4b6b2a5fc7ca/ac6eddc451da81cba5028afa5366d01609243124.jpg
https://gss0.bdstatic.com/-4o3dSag_xI4khGkpoWK1HF6hhy/baike/c0%3Dbaike92%2C5%2C5%2C92%2C30/sign=31ecd9dae61190ef15f69a8daf72f673/72f082025aafa40fff22c7eaaa64034f78f01924.jpg
https://gss2.bdstatic.com/-fo3dSag_xI4khGkpoWK1HF6hhy/baike/c0%3Dbaike92%2C5%2C5%2C92%2C30/sign=4d0788888d5494ee932f074b4c9c8b9b/aec379310a55b319551d8b4242a98226cffc1724.jpg

https://gss2.bdstatic.com/9fo3dSag_xI4khGkpoWK1HF6hhy/baike/c0%3Dbaike92%2C5%2C5%2C92%2C30/sign=03d08fd99d82d158af8f51e3e16372bd/8718367adab44aedfcaab7d3b21c8701a18bfb25.jpg
https://gss3.bdstatic.com/7Po3dSag_xI4khGkpoWK1HF6hhy/baike/c0%3Dbaike92%2C5%2C5%2C92%2C30/sign=2ab13dee3801213fdb3e468e358e5db4/d50735fae6cd7b8939f033b40e2442a7d9330e6c.jpg
https://gss2.bdstatic.com/9fo3dSag_xI4khGkpoWK1HF6hhy/baike/c0%3Dbaike92%2C5%2C5%2C92%2C30/sign=3fc84e8c4610b912abccfeaca2949766/63d0f703918fa0ecfa236d3a279759ee3d6ddb25.jpg
https://gss3.bdstatic.com/-Po3dSag_xI4khGkpoWK1HF6hhy/baike/c0%3Dbaike92%2C5%2C5%2C92%2C30/sign=4610f71448540923be646b2cf331ba6c/f703738da977391278ba8c56f9198618367ae26d.jpg
https://gss2.bdstatic.com/9fo3dSag_xI4khGkpoWK1HF6hhy/baike/c0%3Dbaike92%2C5%2C5%2C92%2C30/sign=8c8b33b40e2442a7ba03f5f7b02ac62e/1b4c510fd9f9d72a7283192ad52a2834349bbb25.jpg

https://gss1.bdstatic.com/9vo3dSag_xI4khGkpoWK1HF6hhy/baike/c0%3Dbaike92%2C5%2C5%2C92%2C30/sign=8abe3f4879f0f736ccf344536b3cd87c/b7003af33a87e95014f0fa5b11385343fbf2b425.jpg
https://gss2.bdstatic.com/9fo3dSag_xI4khGkpoWK1HF6hhy/baike/c0%3Dbaike92%2C5%2C5%2C92%2C30/sign=0ca0e6b34bed2e73e8e48e7ee668caee/77094b36acaf2edd991640de8c1001e939019325.jpg

https://gss2.bdstatic.com/-fo3dSag_xI4khGkpoWK1HF6hhy/baike/c0%3Dbaike92%2C5%2C5%2C92%2C30/sign=baad77fcfaedab64607f4592965fc4a6/14ce36d3d539b60024510680e850352ac65cb76d.jpg
https://gss0.bdstatic.com/-4o3dSag_xI4khGkpoWK1HF6hhy/baike/c0%3Dbaike92%2C5%2C5%2C92%2C30/sign=ae84f3fb1f178a82da3177f2976a18e8/b17eca8065380cd7bd81abdaa044ad345982816d.jpg
https://gss2.bdstatic.com/9fo3dSag_xI4khGkpoWK1HF6hhy/baike/c0%3Dbaike92%2C5%2C5%2C92%2C30/sign=c5741b789f2f07084b082252884dd3fc/3801213fb80e7bec16450ad62e2eb9389b506b6d.jpg

https://gss2.bdstatic.com/-fo3dSag_xI4khGkpoWK1HF6hhy/baike/c0%3Dbaike92%2C5%2C5%2C92%2C30/sign=9bb927ff2234349b600b66d7a8837eab/94cad1c8a786c917c1aa94dcc33d70cf3ac757ae.jpg
https://gss3.bdstatic.com/7Po3dSag_xI4khGkpoWK1HF6hhy/baike/crop%3D0%2C44%2C1000%2C660%3Bc0%3Dbaike116%2C5%2C5%2C116%2C38/sign=cffc3aa87a0e0cf3b4b814bb3776de2b/728da9773912b31befff5a938e18367adbb4e1fd.jpg
https://gss1.bdstatic.com/-vo3dSag_xI4khGkpoWK1HF6hhy/baike/c0%3Dbaike80%2C5%2C5%2C80%2C26/sign=a6642b2cddc451dae2fb04b9d7943903/0df3d7ca7bcb0a464fae384b6b63f6246b60af30.jpg

https://gss1.bdstatic.com/-vo3dSag_xI4khGkpoWK1HF6hhy/baike/c0%3Dbaike116%2C5%2C5%2C116%2C38/sign=73940251ce1b9d169eca923392b7dfea/9d82d158ccbf6c818558bc66bc3eb13532fa40d4.jpg
https://gss1.bdstatic.com/9vo3dSag_xI4khGkpoWK1HF6hhy/baike/c0%3Dbaike272%2C5%2C5%2C272%2C90/sign=c3808bcd8bd4b31ce4319ce9e6bf4c1a/622762d0f703918f2981ad44513d269758eec4e8.jpg
https://gss3.bdstatic.com/7Po3dSag_xI4khGkpoWK1HF6hhy/baike/c0%3Dbaike92%2C5%2C5%2C92%2C30/sign=7c99aff8f21fbe090853cb460a096756/cdbf6c81800a19d8bb6c148b33fa828ba71e46d4.jpg
https://gss2.bdstatic.com/9fo3dSag_xI4khGkpoWK1HF6hhy/baike/c0%3Dbaike116%2C5%2C5%2C116%2C38/sign=a41e2e6ab31c8701c2bbbab44616f54a/63d0f703918fa0ec8297f483269759ee3c6ddbe8.jpg
https://gss0.bdstatic.com/-4o3dSag_xI4khGkpoWK1HF6hhy/baike/c0%3Dbaike92%2C5%2C5%2C92%2C30/sign=cb7d1cacc8fcc3cea0cdc161f32cbded/908fa0ec08fa513daafafc503d6d55fbb3fbd9e8.jpg

https://gss3.bdstatic.com/-Po3dSag_xI4khGkpoWK1HF6hhy/baike/c0%3Dbaike150%2C5%2C5%2C150%2C50/sign=3882dfbd4b36acaf4ded9eae1db0e675/9825bc315c6034a8adb22405cb134954082376e6.jpg
https://gss1.bdstatic.com/-vo3dSag_xI4khGkpoWK1HF6hhy/baike/c0%3Dbaike150%2C5%2C5%2C150%2C50/sign=be5b051b2edda3cc1fe9b07260805264/5d6034a85edf8db13e7ee0e00923dd54574e74e6.jpg
https://gss2.bdstatic.com/9fo3dSag_xI4khGkpoWK1HF6hhy/baike/c0%3Dbaike116%2C5%2C5%2C116%2C38/sign=cb81888bb80e7bec37d70bb34e47d25d/e1fe9925bc315c60c628f76b8db1cb13485477f1.jpg
https://gss2.bdstatic.com/9fo3dSag_xI4khGkpoWK1HF6hhy/baike/c0%3Dbaike150%2C5%2C5%2C150%2C50/sign=777da85d3901213fdb3e468e358e5db4/48540923dd54564e683578bdb3de9c82d0584fe6.jpg
https://gss1.bdstatic.com/-vo3dSag_xI4khGkpoWK1HF6hhy/baike/c0%3Dbaike116%2C5%2C5%2C116%2C38/sign=f89406e5f3deb48fef64a98c9176514c/810a19d8bc3eb13536942b3fa61ea8d3fc1f44e6.jpg

https://gss3.bdstatic.com/-Po3dSag_xI4khGkpoWK1HF6hhy/baike/c0%3Dbaike180%2C5%2C5%2C180%2C60/sign=436465f5fbf2b211f0238d1cabe90e5d/d4628535e5dde711c3b34070a7efce1b9c1661d6.jpg
https://gss3.bdstatic.com/-Po3dSag_xI4khGkpoWK1HF6hhy/baike/c0%3Dbaike150%2C5%2C5%2C150%2C50/sign=0c791e8e1f30e924dba994632d610563/9922720e0cf3d7ca70ba3cf0f21fbe096a63a9e3.jpg
https://gss1.bdstatic.com/-vo3dSag_xI4khGkpoWK1HF6hhy/baike/c0%3Dbaike150%2C5%2C5%2C150%2C50/sign=061fcd44b2119313d34ef7e2045167b2/e4dde71190ef76c6f2b3f8ad9d16fdfaae5167d6.jpg
https://gss0.bdstatic.com/-4o3dSag_xI4khGkpoWK1HF6hhy/baike/c0%3Dbaike116%2C5%2C5%2C116%2C38/sign=77853c6762d9f2d3341c2cbdc885e176/730e0cf3d7ca7bcb0637c4a9be096b63f724a8e3.jpg
https://gss1.bdstatic.com/-vo3dSag_xI4khGkpoWK1HF6hhy/baike/c0%3Dbaike116%2C5%2C5%2C116%2C38/sign=7f680c31e950352aa56c2d5a322a9097/a2cc7cd98d1001e97c9a1789b80e7bec55e79795.jpg

https://gss1.bdstatic.com/9vo3dSag_xI4khGkpoWK1HF6hhy/baike/c0%3Dbaike150%2C5%2C5%2C150%2C50/sign=7d2972bd830a19d8df0e8c575293e9ee/d53f8794a4c27d1e638d10c818d5ad6eddc43816.jpg
https://gss3.bdstatic.com/-Po3dSag_xI4khGkpoWK1HF6hhy/baike/c0%3Dbaike80%2C5%2C5%2C80%2C26/sign=03e8d4bc66380cd7f213aabfc02dc651/a5c27d1ed21b0ef4a843b352dec451da81cb3e16.jpg
https://gss1.bdstatic.com/-vo3dSag_xI4khGkpoWK1HF6hhy/baike/c0%3Dbaike92%2C5%2C5%2C92%2C30/sign=8fa74f33daf9d72a0369184fb5434351/fc1f4134970a304eb0f48bf6d2c8a786c8175ce3.jpg
https://gss2.bdstatic.com/-fo3dSag_xI4khGkpoWK1HF6hhy/baike/c0%3Dbaike92%2C5%2C5%2C92%2C30/sign=c7e4c7c5d42a6059461de948495d5ffe/4034970a304e251f0321cff4a486c9177e3e53e3.jpg
https://gss0.bdstatic.com/-4o3dSag_xI4khGkpoWK1HF6hhy/baike/c0%3Dbaike80%2C5%2C5%2C80%2C26/sign=9a69cdd799529822113e3191b6a310ae/b2de9c82d158ccbfb0cb442a10d8bc3eb13541af.jpg
