
http://www.iqiya.com/uploadfile/article/291/1_6rjdh__.jpg	http://www.iqiya.com/article/2015-05-15/8715.html
http://a0.att.hudong.com/01/38/01300542684355141171388037987.jpg	http://www.baike.com/wiki/%E6%A0%80%E5%AD%90%E8%8A%B1
http://a2.att.hudong.com/46/74/01300000115459120875749849687_s.jpg	http://www.baike.com/wiki/%E6%A0%80%E5%AD%90%E8%8A%B1
http://img0.pchouse.com.cn/pchouse/baike/decorate/1109/zhizihua.jpg	http://www.pchouse.com.cn/baike/shenghuo/602/
http://a3.att.hudong.com/54/39/01300542684355141171390949007.jpg	http://www.baike.com/wiki/%E6%A0%80%E5%AD%90%E8%8A%B1
https://upload.wikimedia.org/wikipedia/commons/thumb/8/81/Gardenia_jasminoides1.jpg/250px-Gardenia_jasminoides1.jpg	https://zh.wikipedia.org/wiki/%E6%A0%80%E5%AD%90%E8%8A%B1
http://a2.att.hudong.com/22/26/19300001382667132175268605954.jpg	http://yanghua.baike.com/article-370809.html
http://jbmmw.com/webpage/default/jtyh/2015/images/151021_358_1.jpg	http://jbmmw.com/index.php?r=jtyh/6/358
http://www.hdchurch.org/sites/default/files/_012044K4_0.jpg	http://www.hdchurch.org/testimony/2082
http://a3.att.hudong.com/00/60/01300427142380133128609787640_s.jpg	http://www.baike.com/wiki/%E6%A0%80%E5%AD%90%E8%8A%B1
http://www.nyzy.com/UploadFiles/2015-12/admin1/2015120909074769780.jpg	http://www.nyzy.com/zhizihua/index.html
https://www.huabaike.com/uploads/allimg/sltimg/201511/56556410a2fd6.jpg	https://www.huabaike.com/jtyh/707.html
https://www.huabaike.com/uploads/allimg/sltimg/201511/565562c61615b.jpg	https://www.huabaike.com/jtyh/707.html
http://s15.sinaimg.cn/middle/5a5b888dgbba6a0df694e&690	http://blog.sina.com.cn/s/blog_939814250102uxx1.html
http://pic4.nipic.com/20091215/661401_170906073835_2.jpg	http://www.nipic.com/zhuanti/502015.html
https://gss0.bdstatic.com/-4o3dSag_xI4khGkpoWK1HF6hhy/baike/s%3D220/sign=6ca85d050cf79052eb1f403c3cf3d738/0dd7912397dda144e13842a4b7b7d0a20cf486f6.jpg	https://baike.baidu.com/item/%E6%A0%80%E5%AD%90%E8%8A%B1/77102
http://www.iqiya.com/uploadfile/article/291/1_bwlqk__.jpg	http://www.iqiya.com/article/2015-05-15/8715.html
https://www.huabaike.com/uploads/allimg/artimg/201606/20160621124447_48292.jpg	https://www.huabaike.com/hyjk/4364.html
http://a2.att.hudong.com/37/25/01300542684355141171252608561.jpg	http://www.baike.com/wiki/%E6%A0%80%E5%AD%90%E8%8A%B1
http://dl.bizhi.sogou.com/images/2013/05/07/337875.jpg	http://bizhi.sogou.com/detail/info/337872
http://pic.to8to.com/attch/day_120412/20120412_3e7efb3a4d039a787ed93OTFmET3KaZC.jpg	http://www.to8to.com/yezhu/z4401.html
http://www.zhiwutong.com/tu/yanghua/%E6%A0%80%E5%AD%90%E8%8A%B11.jpg	http://www.zhiwutong.com/gardens/09-28/9099.htm
http://a3.att.hudong.com/25/04/19300001382667132608043331201.jpg	http://yanghua.baike.com/article-131249.html
https://gss0.bdstatic.com/-4o3dSag_xI4khGkpoWK1HF6hhy/baike/s%3D220/sign=ed788c3e922bd40746c7d4ff4b899e9c/377adab44aed2e736f88943a8201a18b87d6fa47.jpg	https://baike.baidu.com/item/%E6%A0%80%E5%AD%90%E8%8A%B1/77102
http://www.nyzy.com/UploadFiles/2015-11/admin1/2015111317180991341.jpg	http://www.nyzy.com/zhizihua/zpjs.html
https://byfiles.storage.live.com/y1pL0Bi5qurYymimySIzuCd-Sg66o8egI95B-vg_JGaATK9BVynLycrFpBEpguwg_urnVY5Z7dOwPw/qiancha15.jpg?psid=1	http://www.360doc.com/content/11/1014/22/245870_156252262.shtml
http://s2.buzzhand.net/uploads/30/1/714272/14332205085796.jpg	http://www.buzzhand.com/post_714272.html
https://www.huabaike.com/uploads/allimg/sltimg/201606/5768c5238e2c0.jpg	https://www.huabaike.com/jtyh/707.html
http://pic16.nipic.com/20110816/4224370_185813441100_2.jpg	http://www.nipic.com/show/1/44/4978073k4f7d217d.html
http://pic4.nipic.com/20091217/661401_202339005489_2.jpg	http://www.nipic.com/zhuanti/502015.html
http://img0.pchouse.com.cn/pchouse/1109/13/128014_1.jpg	http://www.pchouse.com.cn/baike/shenghuo/602/
https://www.huabaike.com/uploads/allimg/artimg/201606/20160622145747_34653.jpg	https://www.huabaike.com/jtyh/3685.html
http://img0.pchouse.com.cn/pchouse/1109/13/128020_33.jpg	http://www.pchouse.com.cn/baike/shenghuo/602/
http://www.ew9z.com/wp-content/uploads/2010/02/Gardenia_jasminoides_6.jpg	http://www.ew9z.com/zhizihua-changjianpinzhong.html
http://pic4.nipic.com/20091216/661401_135155093505_2.jpg	http://www.nipic.com/zhuanti/502015.html
http://www.wdptj.com/wp-content/uploads/2014/12/%E6%A0%80%E5%AD%90%E8%8A%B15.jpg	http://www.wdptj.com/zhizihua/
http://www.iqiya.com/uploadfile/article/291/1_k1sin__.jpg	http://www.iqiya.com/article/2015-05-15/8715.html
http://i.epochtimes.com/assets/uploads/2006/08/608020146061481.jpg	http://www.epochtimes.com/gb/6/8/2/n1384781.htm
http://zixun.rrs.com/uploads/allimg/140926/09415L5M-0.jpg	http://zixun.rrs.com/jiashigonglue/2654.html
http://a0.att.hudong.com/33/73/19300001203917134066730875303.jpg	http://yanghua.baike.com/article-392455.html
http://img.zwbk.org/baike/spic/2010/11/24/20101124041323260_5140.jpg	http://m.zwbk.org/lemma/88756
https://cbu01.alicdn.com/img/ibank/2015/752/310/2531013257_1404327002.310x310.jpg	https://www.1688.com/pic/-C4B5B5A4E8D9D7D3BBA8.html
https://www.huabaike.com/uploads/allimg/artimg/201606/20160622145657_18055.jpg	https://www.huabaike.com/jtyh/3685.html
http://pic7.nipic.com/20100526/4986944_200052046399_2.jpg	https://tieba.baidu.com/p/1672667288
http://img.39yst.com/uploads/2015/0108/1420686988332.jpg	http://www.39yst.com/zycb/201501/216186.shtml
https://gss0.bdstatic.com/94o3dSag_xI4khGkpoWK1HF6hhy/baike/w%3D400/sign=1908b92431d3d539c13d0ec30a85e927/55e736d12f2eb9384bb2e328d2628535e4dd6f09.jpg	https://baike.baidu.com/item/%E6%A0%80%E5%AD%90%E8%8A%B1/77102
http://s2.buzzhand.net/uploads/30/1/714272/14332205096654.jpg	http://www.buzzhand.com/post_714272.html
http://upload-images.jianshu.io/upload_images/1216369-956377e112d2142d.jpg?imageMogr2/auto-orient/strip%7CimageView2/2/w/1240	http://www.jianshu.com/p/67e5648f0de6
http://img01.hua.com/uploadpic/images/20165121647534762515.jpg	http://www.hua.com/huayu/15885.html
http://www.wdptj.com/wp-content/uploads/2014/07/%E6%A0%80%E5%AD%90%E8%8A%B131.jpg	http://www.wdptj.com/915.html
http://www.iqiya.com/uploadfile/article/291/1_y1lsg__.jpg	http://www.iqiya.com/article/2015-05-15/8715.html
http://www.wdptj.com/wp-content/uploads/2014/08/%E6%A0%80%E5%AD%90%E8%8A%B111.jpg	http://www.wdptj.com/2362.html
http://imgs24.iaweg.com/pic/HTTP2ltZy56Y29vbC5jbi9jb21tdW5pdHkvMDE2YWJiNTU0OTk3M2UwMDAwMDE5YWU5ZWVjYTkyLmpwZwloglog.jpg	http://www.iaweg.com/tupian/gvzpltnrts
http://blog.creaders.net/upfile/20130421/20130421112710_85085.jpg	http://blog.creaders.net/u/2010/201304/146291.html
http://img0.pchouse.com.cn/pchouse/1109/09/127246_2.jpg	http://www.pchouse.com.cn/baike/shenghuo/602/
https://www.huabaike.com/uploads/allimg/sltimg/201605/573fb240c895a.jpg	https://www.huabaike.com/jtyh/707.html
http://a4.att.hudong.com/54/10/14300000924191128983107634610_950.jpg	http://w.baike.com/07c4d0e0a5cc49c89fffd71b78e6bf39.html
http://i.zgjm.org/uploads/allimg/141210/1_141210204834_1.png	http://www.zgjm.org/zhiwu/zhizihua.html
http://pic4.nipic.com/20091217/661401_202459094000_2.jpg	http://www.nipic.com/zhuanti/502015.html
https://www.ritagiang.com/files/articleFilesfinder/images/IMG_5519-1.jpg	https://www.ritagiang.com/article.php?id=192
https://img.91ddcc.com/14689183882857.jpg	https://zhongyi.91ddcc.com/c_32620.html
https://upload.wikimedia.org/wikipedia/commons/d/d1/Gardenia_jasminoides1MTFL.jpg	https://zh.wikipedia.org/wiki/%E6%A0%80%E5%AD%90%E8%8A%B1
https://www.huabaike.com/uploads/allimg/sltimg/201511/565559a474ddc.jpg	https://www.huabaike.com/mbzw/489.html
http://pic5.nipic.com/20091221/661401_182832017815_2.jpg	http://www.nipic.com/zhuanti/502015.html
http://www.yuhuagu.com/uploads/allimg/120614/43_120614050539_1.jpg	http://www.yuhuagu.com/muben/2012/0613/3274.html
http://s6.sinaimg.cn/mw690/001QRbUFgy6JMjOyqsl75&690	http://blog.sina.com.cn/s/blog_bf7562f50102uw83.html
http://img.aiuw.com//images/20121220/13559982793851.jpg	http://www.aiuw.com/zhiwu/hhyz/article-15303.html
http://img.tupianzj.com/uploads/allimg/161224/9-1612241401550-L.jpg	http://www.tupianzj.com/sheying/spc/zhizihua/
http://down1.sucaitianxia.com/cdr/27/cdr4784.jpg	http://www.sucaitianxia.com/AI/plant/201312/59394.html
http://img.zwbk.org/baike/spic/2010/11/24/20101124041629932_6922.jpg	http://www.zwbk.org/MyLemmaShow.aspx?zh=zh-tw&lid=88756
http://www.singtao.ca/estate/article_pic/flower20081127.jpg	http://re.singtao.ca/toronto/deco/index.php?ID=1000
http://www.wdptj.com/wp-content/uploads/2014/08/%E6%A0%80%E5%AD%90%E8%8A%B141.jpg	http://www.wdptj.com/2362.html
http://img.aiuw.com//images/201308/13771657541599.jpg	http://www.aiuw.com/zhiwu/hhyz/article-21450.html
http://s2.buzzhand.net/uploads/b7/0/764864/14372101714387.jpg	http://www.buzzhand.com/post_764864.html
http://a2.att.hudong.com/47/71/01300000832302127407717495265.jpg	http://tupian.baike.com/a2_47_71_01300000832302127407717495265_jpg.html
http://www.wdptj.com/wp-content/uploads/2014/12/%E6%A0%80%E5%AD%90%E8%8A%B13.jpg	http://www.wdptj.com/zhizihua/
http://www.wdptj.com/wp-content/uploads/2014/09/%E6%A0%80%E5%AD%90%E8%8A%B11.jpg	http://www.wdptj.com/zhizihua/
http://pic3.nipic.com/20090615/2721555_001502195_2.jpg	http://www.nipic.com/show/1/44/020f74f9b3aef0c2.html
https://www.huabaike.com/uploads/allimg/sltimg/201606/576a26ac41ab3.jpg	https://www.huabaike.com/hyjk/4384.html
http://img.sc115.com/uploads/sc/jpgs/04/xpic11584_sc115.com.jpg	http://m.sc115.com/tag/%E6%A0%80%E5%AD%90%E8%8A%B1/
http://pic12.nipic.com/20110212/947594_155557604151_2.jpg	http://www.nipic.com/show/3/40/4226876kc1adb5bc.html
https://simg314.magcasa.com/content_images/2016/05/05/312397/1462438878_7747.jpg	https://www.gigcasa.com/cn/articles/312397
http://image.meilele.com/zximages/images/20121220/13559816834816.jpg	http://zx.meilele.com/zhiwu/article-15287.html
http://img01.hua.com/uploadpic/images/20145121630114731753.jpg	http://www.hua.com/huayu/11502.html
http://i3.meishichina.com/attachment/recipe/2012/12/18/20121218111531119300322.jpg@!p800	http://home.meishichina.com/recipe-72702.html
http://p.ayxbk.com/images/thumb/6/62/Bkgcg.jpg/220px-Bkgcg.jpg	http://www.a-hospital.com/w/%E6%A0%80%E5%AD%90%E8%8A%B1
http://pic4.nipic.com/20091216/661401_135429064792_2.jpg	http://www.nipic.com/show/1/44/b72751455dfb8583.html
https://i2.kknews.cc/large/e4f0006e1fda4cb6fc9	https://kknews.cc/home/8pa29g.html
http://i.gtimg.cn/qqlive/img/jpgcache/files/qqvideo/c/cazlvxlrcsej7vn.jpg	http://yingping.qq.com/review/detail/cazlvxlrcsej7vn
http://7.blog.xuite.net/7/4/e/4/11253733/blog_227360/txt/34158251/0.jpg	http://blog.xuite.net/e2202778/boaboa/34158251-%E9%87%8D%E7%93%A3%E6%A2%94%E5%AD%90%E8%8A%B1
https://www.huabaike.com/uploads/allimg/artimg/201606/20160621124154_97088.jpg	https://www.huabaike.com/hyjk/4363.html
http://www.iqiya.com/uploadfile/article/69/1_oitfb__.jpg	http://www.iqiya.com/article/2015-06-07/64556.html
http://image5.poco.cn/mypoco/myphoto/20080603/15/198461200806031511432723313461135_000.jpg	http://dlls47.home.news.cn/blog/a/01010000BD2A031FE9B3DD1E.html
http://www.hnhm.com/uploads/allimg/130810/0920193.jpg	http://www.hnhm.com/news/zaipei/201308/295596.html
http://pic1.win4000.com/wallpaper/a/4ffe951d94221.jpg	http://www.win4000.com/wallpaper_big_22998.html
http://pic6.nipic.com/20100405/3623275_230957022296_2.jpg	http://www.nipic.com/show/1/44/834e36fc46070234.html
http://pic21.nipic.com/20120530/500622_155124237167_2.jpg	http://www.nipic.com/show/1/44/6279897k221799f6.html
http://pic20.nipic.com/20120417/7057320_110737241106_2.jpg	http://www.nipic.com/show/1/44/6035016kf22584fa.html
http://a2.att.hudong.com/36/61/300001155968130284616026078.jpg	http://tupian.baike.com/78377/5.html
http://s13.sinaimg.cn/mw690/86c257bfte069b25cbfcc&690	http://blog.sina.com.cn/s/blog_b612308e0101a7k4.html
