
https://www.huabaike.com/uploads/allimg/sltimg/201607/578ed7fd66924.jpg	https://www.huabaike.com/jtyh/1006.html
http://www.yuhuagu.com/uploads/allimg/130914/43_130914102154_1.jpg	http://www.yuhuagu.com/jiating/2013/0912/9408.html
https://img.imynest.com/uploads/4/AA/4AAC747DA4.jpeg	https://www.imynest.com/content/25512.html
http://img0.pchouse.com.cn/pchouse/baike/decorate/1108/201009211625371850.jpg	http://www.pchouse.com.cn/baike/shenghuo/529/
https://www.huabaike.com/uploads/allimg/artimg/201512/20151221151828_35949.jpg	https://www.huabaike.com/yhjq/1005.html
https://img.imynest.com/uploads/1/E7/1E7BF806BD_800x600.jpeg	https://www.imynest.com/content/42138.html
http://image57.360doc.com/DownloadImg/2012/12/0409/28667491_1.jpg	http://www.360doc.com/content/12/1204/09/1913639_252006051.shtml
http://www.1nongjing.com/uploads/allimg/150722/892-150H214560K22.jpg	http://www.1nongjing.com/zt/zz/104602.html
https://i1.kknews.cc/large/e1d0007fc83a2f3b97f	https://kknews.cc/home/j9yz26.html
https://www.huabaike.com/uploads/allimg/sltimg/201512/5677a94dbab74.jpg	https://www.huabaike.com/hyjk/1008.html
http://pic21.nipic.com/20120508/7960243_122658963000_2.jpg	http://www.nipic.com/show/1/44/6155832k2de13084.html
http://www.1nongjing.com/uploads/allimg/150722/892-150H2150930433.jpg	http://m.1nongjing.com/a/201507/104596.html
http://www.yuhuagu.com/uploads/allimg/130914/10_130914095940_1.JPG	http://www.yuhuagu.com/hhly/2013/0914/9416.html
http://www.huajiang.cc/uploads/161010/15-161010111536212.jpg	http://baike.huajiang.cc/cb/baizhang/
https://img.imynest.com/uploads/8/BE/8BE7A84764.jpeg	https://www.imynest.com/content/42138.html
http://www.yunzhonglai.com/uploadfile/2015/0529/20150529025719702.jpg	http://www.yunzhonglai.com/show-102-394-1.html
https://www.huabaike.com/uploads/allimg/artimg/201512/20151221151902_34222.jpg	https://www.huabaike.com/yhjq/1005.html
http://www.whlvdao.com/Uploads/picture/2016-06-28/57724bf378802.jpg	http://www.whlvdao.com/detail/71.html
http://www.52yhua.com/uploads/allimg/161103/1-161103232055.jpg	http://www.52yhua.com/jishu/5940.html
https://i2.kknews.cc/large/e1b0007dbde11cc4da5	https://kknews.cc/home/j9yz26.html
http://www.yuhuagu.com/uploads/allimg/130914/10_130914101356_1.JPG	http://www.yuhuagu.com/changshi/2013/0914/9417.html
http://www.ttpaihang.com/image/vote/20120921104442528296.jpg	http://www.ttpaihang.com/vote/rankdetail-33803.html
http://www.52yhua.com/uploads/allimg/161120/1-161120211441.jpg	http://m.52yhua.com/zhuanti/6393.html
http://www.chinabaike.com/article/UploadPic/2007-7/200771819255869.jpg	http://www.chinabaike.com/article/316/331/2007/20070718143030.html
http://www.nywangyuan.com/zhongmiao/zb_users/upload/2013/4/2013041643472921.jpeg	http://www.nywangyuan.com/zhongmiao/catalog.asp?page=37
https://www.xianhehuahui.com/uploads/allimg/160112/1-160112104136349.jpg	https://www.xianhehuahui.com/a/chanpinzhongxin/jiudianchuanglian/43.html
http://www.52yhua.com/uploads/allimg/161103/1-161103232057.jpg	http://www.52yhua.com/jishu/5940.html
http://www.52yhua.com/uploads/allimg/161103/1-161103232054.jpg	http://www.52yhua.com/jishu/5940.html
http://pic1.znjz.80data.com/pic/maomao123/201111051741214044.jpg	http://www.hfgelin.com/main/20081219532034/Page/200721413493158/ProsDetail.asp?ProId=20120326151629734
https://www.huabaike.com/uploads/allimg/sltimg/201512/5677b3db551d0.jpg	https://www.huabaike.com/sphh/1019.html
http://www.1nongjing.com/uploads/allimg/160426/902-160426163231953.jpg	http://m.1nongjing.com/a/201604/137948.html
http://www.52yhua.com/uploads/allimg/160813/1-160Q3222532.jpg	http://www.52yhua.com/jishu/3271.html
https://i2.kknews.cc/large/e1d0007fc823599ca81	https://kknews.cc/home/j9yz26.html
http://img05.tooopen.com/images/20140725/sy_67416214498.jpg	http://so.tooopen.com/search/%E7%99%BD%E6%8E%8C%E8%8A%B1_0_0_0_9_0_1_1.aspx
http://www.huayugu.com.cn/uploads/allimg/150906/1-150Z61031540-L.jpg	http://www.huayugu.com.cn/baizhanghua/
https://www.huabaike.com/uploads/allimg/artimg/201607/20160720111446_14515.jpg	http://www.huabaike.com/hyjk/4726.html
http://s15.sinaimg.cn/mw690/001usvPnzy7c08Gv1sWae&690	http://blog.sina.com.cn/s/blog_516ed6cd010300z2.html
http://www.pyzubai.com/UploadFiles/image/20150606/20150606220623502350.jpg	http://www.pyzubai.com/article.asp?ID=373
https://www.huabaike.com/uploads/allimg/sltimg/201601/569d8c61ed1fb.jpg	https://www.huabaike.com/jtyh/1516.html
http://a3.att.hudong.com/84/29/01300000202398121869290179023_s.jpg	http://www.baike.com/wiki/%E8%8B%9E%E5%8F%B6%E8%8A%8B
http://www.mihuyuan.com/pics/original/20140813/1407913956882713.jpg	http://www.mihuyuan.com/guidedetail.do?guide_id=1407914004257714
http://www.china-gift.com/showFileServlet?path=uploadpic/images/20120926/20120926134301.jpg	http://www.china-gift.com/product/5369.html
https://img.imynest.com/uploads/B/3C/B3CF27F79C.jpeg	https://www.imynest.com/content/153078.html
http://www.1nongjing.com/uploads/allimg/150722/892-150H2152410b2.jpg	http://www.1nongjing.com/zt/zz/104602.html
http://hxhmjyw.com/imgUpload/201603/20160330/97/%E7%99%BD%E6%8E%8C12.webp_p1af2g720bkrkq68k4t2to13pk5.jpg	http://www.hxhmjyw.com/productDetail.html?itemId=846
https://img.imynest.com/uploads/6/77/6770A36E0B.jpeg	https://www.imynest.com/content/15527.html
http://www.qqpk.cn/collect/newss/201703/2017030122513866.jpg	http://www.qqpk.cn/collect/64373.htm
http://www.ebaomonthly.com/ebao/e1006/Spathiphyllum_1.jpg	http://www.ebaomonthly.com/ebao/readebao.php?a=20100613
http://www.38fan.com/uploads/allimg/140613/23-1406131I9300-L.jpg	http://www.38fan.com/zhiwu/20170613163986.html
https://cbu01.alicdn.com/img/ibank/2015/085/419/2501914580_52798488.220x220.jpg	http://www.1688.com/jiage/-B0D7D5C6.html
http://img3.007swz.com/cpimg/shineiguanhuazhiwu/0BwASR8XP_1317199910.jpg	http://www.007swz.com/t/%B0%D7%D5%C6
http://www.yiranlive.com/data/upload/image/2015/05/14/20150514181131_2558.jpg	http://www.yiranlive.com/Goods/View/goods_id-42212.html
https://i1.kknews.cc/large/a780000747063864bef	https://kknews.cc/home/m3mg4p.html
http://hxhmjyw.com/imgUpload/201603/20160329/91/6_p1aevuqggp1oqo1opb1oriqv8klg1.jpg	http://www.hxhmjyw.com/productDetail.html?itemId=797
https://www.huabaike.com/uploads/allimg/sltimg/201512/5677a82c0f703.jpg	https://www.huabaike.com/jtyh/1006.html
https://www.huabaike.com/uploads/allimg/artimg/201601/20160119090827_97165.jpg	https://www.huabaike.com/jtyh/1516.html
http://static.guanhuaju.com/uploadfiles/2016/0301/gHzHa3ligpasrkbe.png	http://pic.guanhuaju.com/a/2016/0301/207510.html
https://cdn.pixabay.com/photo/2015/05/13/11/53/the-white-hand-765363_960_720.jpg	https://pixabay.com/zh/%E7%99%BD%E6%8E%8C-%E9%B2%9C%E8%8A%B1-%E6%A4%8D%E7%89%A9-765363/
https://www.huabaike.com/uploads/allimg/artimg/201512/20151221154656_19744.jpg	https://www.huabaike.com/qita/1012.html
http://img01.hua.com/uploadpic/images/201651417067679248.jpg	http://www.hua.com/huayu/15923.html
http://a2.att.hudong.com/42/62/01300540460625137011621652146_s.jpg	http://www.baike.com/wiki/%E7%A2%A7%E7%BB%BF%E7%99%BD%E6%8E%8C
https://www.huabaike.com/uploads/allimg/artimg/201512/20151221154502_71064.jpg	https://www.huabaike.com/qita/1012.html
https://www.huabaike.com/uploads/allimg/sltimg/201512/5677b05040ed6.jpg	https://www.huabaike.com/yhjq/1005.html
http://p.blog.csdn.net/images/p_blog_csdn_net/feng_sundy/242776/o_%E7%99%BD%E6%8E%8C.gif	http://ycool.com/post/9pjn9u6
https://img.imynest.com/uploads/D/46/D4693328FC.jpeg	https://www.imynest.com/content/42138.html
http://www.p750.com/uploads/allimg/2016-09/12212007-1-A295.jpg	http://www.p750.com/huahuipenjingtupian/shinahuahuitupian/310.html
http://a1.att.hudong.com/23/69/19300001306689133836692216447_950.png	http://yanghua.baike.com/article-344835.html
http://www.pjcn.org/uploads/allimg/1612/1-161202213430955.jpg	http://www.pjcn.org/tag/baizhang_8096_1.html
http://www.pykeyi.com/d/file/product/yszwxl/xbz/2014-12-08/00333dedcbeb825c90f633663bbfb44c.jpg	http://www.pykeyi.com/xbz111.html
https://www.huabaike.com/uploads/allimg/artimg/201607/20160720102117_17294.jpg	https://www.huabaike.com/hyjk/1008.html
http://www.twword.com/uploads/wiki/51/ca/96370_8.jpg	http://www.twword.com/wiki/%E7%99%BD%E6%8E%8C
http://img1.tlw.com/content/2016/11/07/58204ed63a7d0.png	http://linye.tlw.com/detail/1390.html
http://p0.ifengimg.com/pmop/2017/0626/3C9EF54A334756635E28F8079B08CA3D5ADFA8D8_size35_w576_h598.jpeg	http://news.ifeng.com/a/20170626/51324463_0.shtml
http://www.linban.com/upload/2015/12/02/ba3ce01b-78d2-44d5-aaad-7660fc03e91c.jpg	http://www.linban.com/230000/225076.shtml
http://www.huayugu.com.cn/uploads/allimg/150906/1-150Z6101J90-L.jpg	http://www.huayugu.com.cn/baizhanghua/5613.html
http://hxhmjyw.com/imgUpload/201603/20160326/89/%E7%99%BD%E6%8E%8C8.webp_p1aeobtaqm1i3e1qsn1v41gou149t5.jpg	http://www.hxhmjyw.com/productDetail.html?itemId=689
http://www.38fan.com/uploads/allimg/170613/51-1F6131041450-L.png	http://www.38fan.com/zhiwu/20170613163986.html
https://www.huabaike.com/uploads/allimg/sltimg/201512/5677a74c175a2.jpg	https://www.huabaike.com/yhjq/1005.html
http://www.huawufang.com/uploadfile/2017/0308/20170308052606505.jpg	http://www.huawufang.com/show-8-10-1.html
http://www.huayugu.com.cn/uploads/allimg/150906/1-150Z6102Q40-L.jpg	http://m.huayugu.com.cn/view.php?aid=5613
http://pic.5tu.cn/uploads/allimg/1507/3014414250.jpg	http://pic.5tu.cn/photo/201507/huacao-1535329.html
http://www.cyone.com.cn/yangzhi/UploadFiles_9223/201705/2017052311004328.jpg	http://www.cyone.com.cn/yangzhi/42205.html
http://www.pyzubai.com/UploadFiles/image/20150801/20150801202968476847.jpg	http://www.pyzubai.com/article.asp?ID=400
http://www.52yhua.com/uploads/allimg/161105/1-161105195321.jpg	http://www.52yhua.com/caoben/6300.html
http://img2.readhouse.net/14767819572477178.jpg	http://www.readhouse.net/post/692082/
https://i2.kknews.cc/large/191b000413a01fb32e5c	https://kknews.cc/home/b2l9jxn.html
http://chy18.com/ProImages/uploadfile/20110413173811.jpg	http://chy18.com/product.asp?id=845
https://img.imynest.com/uploads/0/D9/0D90E5B0F8_300x200.jpeg	https://www.imynest.com/tag/%E7%99%BD%E6%8E%8C.html
http://pic25.nipic.com/20121121/10976425_095934509184_2.jpg	http://www.nipic.com/show/1/44/7153877ka1236113.html
https://gw.alicdn.com/bao/uploaded/i1/2925355970/TB1Zu64QFXXXXbTaXXXXXXXXXXX_!!1-item_pic.gif_230x230.jpg	https://www.taobao.com/article/F5DBGqDfEWBgBYCo.html
http://img1.wutuojia.com/cms/articleDetail/20150923/233721_613667.jpg	http://www.wutuojia.com/zixun/article/6187.html
http://www.plantsword.com/bbs/upload/data/attachment/portal/201703/27/140309v6zska1fkpcmowc2.jpg	http://www.plantsword.com/bbs/upload/article4361.html
http://www.huajiang.cc/uploads/allimg/140414/9-1404142041550-L.jpg	http://baike.huajiang.cc/cb/baizhang/
http://www.haochu.com/uploads/newimg/20160613/14657489377026.jpg	http://m.haochu.com/jiankang/105339.html
http://www.twword.com/uploads/wiki/51/ca/96370_6.jpg	http://www.twword.com/wiki/%E7%99%BD%E6%8E%8C
http://img.boqiicdn.com/Data/BK/A/1509/10/imagick12011441864847_y.jpg	http://m.boqii.com/entry/detail/2025.html
http://www.huayisi.com/images/201601/goods_img/498_P_1452629955140.jpg	http://www.huayisi.com/goods-498.html
http://img.jiuzheng.com/baike/s/59/5c/595cb6868f1e03863c8b4583.jpg	http://m.jiuzheng.com/baike-detail/id-84774
http://map1.zw3e.com:8080/zw_news_map/550/2014081/1407841401509785384.jpg	http://www.zw3e.com/m92/p2710.html
http://www.ilvbao.com/images/201311/goods_img/216_P_1385705739002.jpg	http://www.ilvbao.com/goods-216-%E4%B8%80%E5%B8%86%E9%A3%8E%E9%A1%BA%E7%99%BD%E6%8E%8C+%E5%87%80%E5%8C%96%E7%A9%BA%E6%B0%94%E9%AB%98%E6%89%8B.html
