
http://images.meishij.net/p/20110707/439666af2bfceba0fe332a5320955ea8_180x180.jpg	http://www.meishij.net/%E8%8C%BC%E8%92%BF
http://www.mingpaocanada.com/healthnet/gallery_image/20161223006.jpg	http://www.mingpaocanada.com/healthnet/content.php?artid=5762
http://img.ltn.com.tw/Upload/food/page/2016/04/14/160414-1282-01-3bvkJ.jpg	http://food.ltn.com.tw/article/1282
http://images.meishij.net/p/20100607/7dde08cc891e0f1f188f0a85a0b607aa_150x150.jpg	http://www.meishij.net/%E8%8C%BC%E8%92%BF
http://m1.ablwang.com/uploadfile/2015/1201/20151201013508636.jpg	http://www.aboluowang.com/2015/1201/653803.html
http://img.ltn.com.tw/Upload/food/page/2016/04/14/160414-1282-4-8YDVy.jpg	http://food.ltn.com.tw/article/1282
http://m1.ablwang.com/uploadfile/2015/1201/20151201013508747.jpg	http://www.aboluowang.com/2015/1201/653803.html
http://img.msysg.com/allimg/160711/4-160G1153558.jpg	http://www.msysg.com/tuku/guoshu/92428.html
https://www.twfood.cc/img/code/LL1/_.jpg	https://www.twfood.cc/vege/LL1/%E8%8C%BC%E8%92%BF
http://163.17.203.129/bakup/green/%E8%8C%BC%E8%92%BF/%E8%8C%BC%E8%92%BF29.JPG	http://163.17.203.129/bakup/green/%E8%8C%BC%E8%92%BF/%E8%8C%BC%E8%92%BF.htm
https://www.cookingnow.com.tw/tback/ingredient/600.jpg	https://www.cookingnow.com.tw/foodmapSelect.php?class=vegetable&ingredientNo=100
https://upload.wikimedia.org/wikipedia/commons/thumb/7/71/T%E1%BA%A7n_%C3%B4.jpg/250px-T%E1%BA%A7n_%C3%B4.jpg	https://zh.wikipedia.org/wiki/%E8%8C%BC%E8%92%BF
http://www.knowchinesefood.com/uploads/allimg/150304/163523I09-0.jpg	http://www.knowchinesefood.com/value/37131.html
http://www.hyd.ie/images/201602/goods_img/69_P_1456101977378.jpg	http://www.hyd.ie/goods.php?id=69
http://www.vmo.org/images//vegetables/big/11.jpg	http://www.vmo.org/tc/index/lang_sc/page_vegeknowdtl/sec_intro/vid_21/
http://www.wacaopi.com/images/health/wcp009.JPG	http://www.wacaopi.com/Lore_Of_Health/LoreOfHealth002.html
http://china168.hk/res/2015/10-21/13/2d9f9d23ed03ffdad7acda5bbd52eb45.jpg	http://china168.hk/nutrition/2015/1021/16392.html
http://3.bp.blogspot.com/-9D_AIryOtac/VIkIiVGfumI/AAAAAAAAH_M/Etp5JKXXnF0/s1600/IMG_3216.JPG	http://283liya.blogspot.com/2014/12/blog-post_15.html
https://top1health.blob.core.windows.net/cdn/am/21927/68859.jpg	https://www.top1health.com/Article/21927
https://gss3.bdstatic.com/-Po3dSag_xI4khGkpoWK1HF6hhy/baike/s%3D220/sign=c433bd3aa0ec08fa220014a569ef3d4d/3bf33a87e950352af56c3c8d5343fbf2b2118b21.jpg	https://baike.baidu.com/item/%E8%8C%BC%E8%92%BF
https://img3.doubanio.com/lpic/s10425502.jpg	https://www.douban.com/review/5634531/
http://media.bayvoice.net/uploads/2013/10/tonghao_vagetables.jpg	https://www.bayvoice.net/gb/keyword/%E8%8C%BC%E8%92%BF
http://www.nice-green.com.tw/upload/images/%E8%8C%BC%E8%92%BF.jpg	http://www.nice-green.com.tw/product-info.asp?id=718
http://fooding.hmgcdn.com/images/article/103321/s_m111100_103321_1445937443.jpg	https://www.fooding.com.tw/article-content.php?aid=103321
http://china168.hk/res/2015/10-21/13/1af633ff8199beb2f4c8603dd384e922.jpg	http://china168.hk/nutrition/2015/1021/16392.html
http://fooding.hmgcdn.com//images/article/102155/a102155_106739_1419235971.jpg	https://www.fooding.com.tw/article-content.php?aid=103322
http://www.nyzy.com/UploadFiles/2015-12/admin3/2015122513295965434.jpg	http://www.nyzy.com/tonghao/
http://www.xiaotangshan.com.cn/uploadFile/fckuploads/image/CC010097%E5%A4%A7%E5%8F%B6%E8%8C%BC%E8%92%BF-320130410182740.JPG	http://www.photon365.com/product_detail-969.aspx
http://1.blog.xuite.net/1/4/e/d/11905070/blog_2414753/txt/66473353/0.jpg	http://blog.xuite.net/linry34/GreenParadise/66473353-%E8%8C%BC%E8%92%BF
http://i1.sinaimg.cn/lx/zc/2011/0123/U5086P8T1D1042884F917DT20101229181802.jpg	http://eladies.sina.com.cn/zc/2011/0123/09421042884_2.shtml
http://static.chinacaipu.com/d/file/menu/shicaijiagong/2013-11-07/d25bff9d0f5e93dd0ee9c8e8010efe5b.jpg	http://www.chinacaipu.com/menu/shicaijiagong/126.html
https://upload.wikimedia.org/wikipedia/commons/thumb/8/89/Chrysanthemum_coronarium_May_2008.jpg/1200px-Chrysanthemum_coronarium_May_2008.jpg	https://zh.wikipedia.org/wiki/%E8%8C%BC%E8%92%BF
http://a3.att.hudong.com/01/21/01300000214583122173212328863.jpg	http://tupian.baike.com/a3_01_21_01300000214583122173212328863_jpg.html
https://images-blogger-opensocial.googleusercontent.com/gadgets/proxy?url=http%3A%2F%2F4.bp.blogspot.com%2F-ytLA7GICjpY%2FVIkHvRSwnHI%2FAAAAAAAAH_A%2F6yapiZeDGgA%2Fs1600%2FIMG_1388.JPG&container=blogger&gadget=a&rewriteMime=image%2F*	http://283liya.blogspot.com/2014/12/blog-post_15.html
http://img.redocn.com/sheying/20150720/caigenjing_4689698.jpg	http://sucai.redocn.com/canyinmeishi_4689694.html
https://www.supermarket.com.tw/Content/images/%E8%8C%BC%E8%92%BF1.jpg	https://www.supermarket.com.tw/%E5%83%8F%E7%85%A7%E9%A1%A7%E8%87%AA%E5%B7%B1%E5%B0%8F%E5%AD%A9%E4%B8%80%E6%A8%A3%E7%9A%84%E8%8C%BC%E8%92%BF%E8%8F%9C-news3-144.html
http://pic.pingguolv.com/uploads/allimg/130627/49-13062G13011.jpg	http://www.pingguolv.com/sl/yingyang/4466.html
http://1.bp.blogspot.com/-ABlpGnob630/VIkG0XWytbI/AAAAAAAAH-g/0CUyehLTIZI/s1600/IMG_1384.JPG	http://283liya.blogspot.com/2014/12/blog-post_15.html
http://pic25.nipic.com/20121107/10603465_211006580108_2.jpg	http://www.nipic.com/show/1/43/7085206kf39da9ec.html
http://pic.pimg.tw/nest0130/4a3e1d3568301d3216c42f27daef49b5.jpg?v=1290317412	http://nest0130.pixnet.net/blog/post/34747802-%E8%94%A5%E6%B2%B9%E5%B1%B1%E8%8C%BC%E8%92%BF
http://s2.cdn.xiachufang.com/11248f94877311e6a9a10242ac110002_1536w_1152h.jpg?imageView2/1/w/300/h/140/interlace/1/q/90	https://www.xiachufang.com/category/981/
http://2.bp.blogspot.com/-WlOoajlDbbQ/Vqy_17BJljI/AAAAAAAApi8/t9PQZlqO2DM/s1600/DSC07317.JPG	http://blog.xuite.net/aeni1203/blog/378591578-%E8%8C%BC%E8%92%BF
https://img.ys137.com/uploads/allimg/160218/3276-16021Q05106.jpg	https://www.ys137.com/shicai/996774.html
http://images.meishij.net/p/20100521/23cc6768c88e85af4d5e38e1ef67357d.jpg	http://www.meishij.net/%E8%8C%BC%E8%92%BF
http://www.banyuetan.org/chcontent/upload/2015/3/10/10135621129.jpg	http://www.banyuetan.org/chcontent/jk/jkys/ysjk/2015310/127707.shtml
http://z.xiziwang.net/uploads/allimg/160602/14_160602202515_1.png	http://z.xiziwang.net/special/22894.html
https://dbjdsnch130xu.cloudfront.net/uploads/recipe/cover/173683/large_7ff47e7dacf4f1d4.jpg	https://icook.tw/recipes/search?q=%E8%8C%BC%E8%92%BF
http://www.weshare.hk/img_upload/07d286834c505d0574be0de374824993images/1928.JPG	http://www.weshare.hk/cityfarmer/articles/4517833
http://a3.att.hudong.com/48/75/01300000180919124235751635165_s.jpg	http://www.baike.com/wiki/%E8%8C%BC%E8%92%BF
http://1.bp.blogspot.com/-NfHi-qtr9jI/UO320ZJ7UHI/AAAAAAAAL3U/jTRedSmete4/s640/%E8%8C%BC%E8%92%BF02.JPG	http://lilylu59.blogspot.com/2013/01/blog-post_12.html
http://www.retire.tw/img/article/218/1.jpg	http://www.retire.tw/column_id_218.php
https://dbjdsnch130xu.cloudfront.net/uploads/recipe/cover/129227/large_22dbb94c1f37a044.jpg	https://icook.tw/recipes/129227
http://chuangxinlife.com/images/201512/goods_img/40_P_1451428979727.jpg	http://chuangxinlife.com/goods.php?id=40
http://1.blog.xuite.net/1/4/e/d/11905070/blog_2414753/txt/66473353/2.jpg	http://blog.xuite.net/linry34/GreenParadise/66473353-%E8%8C%BC%E8%92%BF
https://www.cookingnow.com.tw/tback/news/images/2245800857_8e32158b40_b.jpg	https://www.cookingnow.com.tw/foodmapSelect.php?class=vegetable&ingredientNo=100
http://img.ltn.com.tw/Upload/food/page/2016/04/14/160414-1282-02-Osyal.jpg	http://food.ltn.com.tw/article/1282
https://images-blogger-opensocial.googleusercontent.com/gadgets/proxy?url=http%3A%2F%2F2.bp.blogspot.com%2F-vnA7N2_vSkw%2FVI6F0Tj7jdI%2FAAAAAAAAIFY%2Fdp4DkIv_kqw%2Fs1600%2FIMG_4211.JPG&container=blogger&gadget=a&rewriteMime=image%2F*	http://283liya.blogspot.com/2014/12/blog-post_15.html
http://pic.pimg.tw/chineseherb/ad9d977f52ae690430ad6a7283f2672e.jpg	http://chineseherb.pixnet.net/blog/post/27806533-%E8%8C%BC%E8%92%BF
https://s1.cdn.xiangha.com/caipu/201304/2823/282318512148.jpg/MjUweDI1MA	https://www.xiangha.com/shicai/%E8%8C%BC%E8%92%BF
https://s1.cdn.xiangha.com/caipu/201207/1821/182137342389.jpg/MjUweDI1MA	https://www.xiangha.com/shicai/%E8%8C%BC%E8%92%BF
http://s1.cdn.xiachufang.com/37f575a2874111e6b87c0242ac110003_600w_450h.jpg@2o_50sh_1pr_1l_620w_90q_1wh	https://www.xiachufang.com/category/981/
http://163.17.203.129/bakup/green/%E8%8C%BC%E8%92%BF/%E8%8C%BC%E8%92%BF18.JPG	http://163.17.203.129/bakup/green/%E8%8C%BC%E8%92%BF/%E8%8C%BC%E8%92%BF.htm
http://1.bp.blogspot.com/-Kl5ase4aSGw/UO320W0eEeI/AAAAAAAAL3Q/HfW25PKeEYY/s1600/%E8%8C%BC%E8%92%BF03.JPG	http://lilylu59.blogspot.com/2013/01/blog-post_12.html
https://dbjdsnch130xu.cloudfront.net/uploads/recipe/cover/96892/large_474ab81a840724f5.jpg	https://icook.tw/recipes/96892
http://pic.pingguolv.com/uploads/allimg/130627/49-13062G12153.jpg	http://www.pingguolv.com/sl/yingyang/4466.html
http://img.pcbaby.com.cn/images/upload/upc/tx/baby_baike/1603/02/c0/18796588_1456903944148_295x220.jpg	http://baike.pcbaby.com.cn/qzbd/1029260.html
http://a1.att.hudong.com/58/74/20200000013920144736747719867_s.jpg	http://www.baike.com/wiki/%E8%8C%BC%E8%92%BF%E8%8F%9C
https://s1.cdn.xiangha.com/caipu/201211/1323/1323474941.jpg/MjUweDI1MA	https://www.xiangha.com/xiangke/info-61096.html
https://gss0.bdstatic.com/-4o3dSag_xI4khGkpoWK1HF6hhy/baike/s%3D220/sign=e311d0a4aaec08fa220014a569ee3d4d/3bf33a87e950352ad24e51135943fbf2b2118bf9.jpg	https://baike.baidu.com/item/%E8%8C%BC%E8%92%BF%E5%B1%9E
http://static.i3.xywy.com/cms/caipu/uplode/1384503113441.jpg	http://www.xywy.com/caipu/main_719.html
http://cncdn.ar-cdn.com/recipes/xlarge/788c0758-6745-4b69-af49-3d3595334078.jpg	http://allrecipes.cn/caipu/7086/----.aspx
http://i3.meishichina.com/attachment/recipe/2016/04/26/2016042614616079185428600904.jpg@!p800	http://home.meishichina.com/recipe-262171.html
http://6.share.photo.xuite.net/sifone05/1612070/9631680/421819568_m.jpg	http://blog.xuite.net/sifone05/twblog/119521837-%E8%8C%BC%E8%92%BF%E6%88%90%E9%95%B7%E8%A8%98
http://img.msysg.com/allimg/160711/4-160G1153P3.jpg	http://www.msysg.com/tuku/guoshu/92428.html
http://img.ltn.com.tw/Upload/food/page/2016/04/14/160414-1286-1-iYsAv.jpg	http://food.ltn.com.tw/article/1286
https://dbjdsnch130xu.cloudfront.net/uploads/recipe/cover/156403/large_d53643e232696440.jpg	https://icook.tw/recipes/156403
http://www.bjgseed.com/images/201409/thumb_img/203_thumb_G_1410237403658.jpg	http://www.bjgseed.com/category.php?id=310
http://pic.pimg.tw/farmdirect01/1385615375-3465248733_m.jpg	http://farmdirect01.pixnet.net/blog/post/24670135-%E6%9C%89%E6%A9%9F%E6%97%A5%E6%9C%AC%E8%8C%BC%E8%92%BF
https://dbjdsnch130xu.cloudfront.net/uploads/recipe/cover/188870/large_f8752d129deae995.jpg	https://icook.tw/recipes/search?q=%E8%8C%BC%E8%92%BF
http://ali.xinshipu.cn/20110625/original/1308968790095.jpg	http://www.xinshipu.com/zuofa/11841
http://img.cnys.com/upload/thumb/2014/10/0-Nhlvei.jpg	http://www.cnys.com/shicai/33240.html
http://www.lohasbeauty.com.tw/images/article-photo/2014/20141125_crowndaisy_benefit_2.jpg	http://www.lohasbeauty.com.tw/nature/season-food/item/449-%E9%A0%90%E9%98%B2%E4%B8%AD%E9%A2%A8-%E8%B6%85%E7%B4%9A%E7%87%83%E8%84%82%E8%94%AC%E8%8F%9C-%E8%8C%BC%E8%92%BF
http://m1.ablwang.com/uploadfile/2015/1201/20151201013508457.jpg	http://www.aboluowang.com/2015/1201/653803.html
http://img.everpod.com/image/04/681e122193bb177a59911aeb2903ec1a.jpg	http://m.everpod.com/cook-141885.html
http://www.retire.tw/img/article/218/2.jpg	http://www.retire.tw/column_id_218.php
https://d3l76hx23vw40a.cloudfront.net/recipe/whk048-083.jpg	https://www.ytower.com.tw/recipe/recipe-search.asp?keyword=%D3%A6%BBU
https://c.share.photo.xuite.net/taiwangrow/1c0e2bc/13428146/692549130_m.jpg	http://blog.xuite.net/taiwangrow/twblog/146719489
http://kids.coa.gov.tw/files/kids_cooking/166/A06_1.jpg	http://kids.coa.gov.tw/view.php?func=kids_school&category=A01&season=S4&id=78&print=1
http://img.39yst.com/uploads/2016/0511/1462965234808.jpg	http://www.39yst.com/zhuanti/tonghaodyyjz/
https://ali.xinshipu.cn/20110625/original/1308949842245.jpg@288w_216h_99q_1e_1c.jpg	https://www.xinshipu.com/zuofa/63469
http://3.bp.blogspot.com/-JKSYwVnoLz8/VOx4yLADSMI/AAAAAAAAbP8/vaRD-6PSVxg/s1600/IMG_20150222_144143.jpg	http://normanswords.blogspot.com/2015/02/blog-post_14.html
http://i3.meishichina.com/attachment/recipe/2013/02/17/20130217103112801704090.jpg@!p800	http://www.meishichina.com/YuanLiao/TongHao/
https://img.ys137.com/data/upload/ueditor/20161228/58635fcb3e39e.jpg	https://www.ys137.com/shicai/1692868.html
https://s1.cdn.xiangha.com/shicai/201508/061000231727.jpg/MTUweDE1MA	https://www.xiangha.com/shicai/%E8%8C%BC%E8%92%BF
https://cbu01.alicdn.com/img/ibank/2016/958/147/2756741859_871157949.220x220.jpg	http://www.1688.com/jiage/-B1B1BEA9DCEDDDEF.html
http://ali.xinshipu.cn/20100325/original/1269470280254.jpg@288w_216h_99q_1e_1c.jpg	http://www.xinshipu.com/zuofa/11841
https://img.sub.tw/s98GjlJoAF3QkWBK60Bze3U9MhfSn2h3acy_xnI_ay-w/https://dbjdsnch130xu.cloudfront.net/uploads/recipe/cover/97526/large_10378fdb3d5afc18.jpg	https://cook.sub.tw/s/%E5%B1%B1%E8%8C%BC%E8%92%BF/
http://pic.pingguolv.com/uploads/allimg/130627/49-13062G13601.jpg	http://www.pingguolv.com/sl/yingyang/4466.html
http://img.39yst.com/uploads/uedit/2017/0116/20170116053321256.jpg	http://www.39yst.com/zhuanti/tonghao/
https://gss1.bdstatic.com/-vo3dSag_xI4khGkpoWK1HF6hhy/baike/s%3D220/sign=9cd32871b80e7bec27da04e31f2fb9fa/810a19d8bc3eb13596288bc5a61ea8d3fc1f44e4.jpg	https://baike.baidu.com/item/%E8%8C%BC%E8%92%BF
