
http://img.boqiicdn.com/Data/BK/A/1601/13/imagick22531452670829_y.jpg	http://www.boqii.com/entry/detail/2421.html
http://www.huayugu.com.cn/uploads/allimg/160725/1-160H51001350-L.jpg	http://www.huayugu.com.cn/biyulan/
http://www.huayugu.com.cn/uploads/allimg/160725/1-160H51005350-L.jpg	http://www.huayugu.com.cn/biyulan/
http://a1.att.hudong.com/04/25/20300000164151143332255985532_s.jpg	http://www.baike.com/wiki/%E7%A2%A7%E7%8E%89%E5%85%B0
http://www.chinabaike.com/article/396/hm/2008/20080318/mm/img/20083191243443777801.jpg	http://www.chinabaike.com/article/396/hm/2008/200803191202068.html
http://img.tulaoshi.com/201704/10/6155c7423a6a2dd3137c10f9b1fe27e6.jpg	http://www.tulaoshi.com/biyulan/
https://gss3.bdstatic.com/-Po3dSag_xI4khGkpoWK1HF6hhy/baike/s%3D220/sign=dfb14b9678cb0a4681228c3b5b62f63e/b3b7d0a20cf431ad18adea554836acaf2edd985b.jpg	https://baike.baidu.com/item/%E7%A2%A7%E7%8E%89%E5%85%B0
http://www.baihuamen.com/d/file/2014/05-26/812dd6e547e752b33c7ca7768272cf14.jpg	http://www.baihuamen.com/biyulan/16319_8.html
http://www.baihuamen.com/d/file/2014/05-26/bd4cd904f99d0d53691e6d3370811e20.jpg	http://www.baihuamen.com/biyulan/16319_11.html
http://img.mp.itc.cn/upload/20170309/5711f42c5e114c7cbb3ad01dacc45a5b_th.jpg	http://www.sohu.com/a/128293063_376237
http://img.tulaoshi.com/ueditor/201706/26/0087d0e823a611d3eed0cb6a22ffcd85.jpg	http://www.tulaoshi.com/n/20170626/2654928.html
http://www.huaxiangyu.net/picture/img/biyulan.jpg	http://www.huaxiangyu.net/h/biyulan/
http://www.baihuamen.com/d/file/2014/05-26/841a50c9cfc3c3b4f214846708bb0c85.jpg	http://www.baihuamen.com/biyulan/16319_10.html
http://www.baihuamen.com/d/file/2014/05-26/59d9a25dc7ada7d7b879cbb6e5d4c689.jpg	http://www.baihuamen.com/biyulan/
http://www.huayugu.com.cn/uploads/allimg/160725/1-160H51004180-L.jpg	http://www.huayugu.com.cn/biyulan/
http://www.baihuamen.com/d/file/2014/05-26/1c52370e72fc0eb8a88691750b9259b9.jpg	http://www.baihuamen.com/biyulan/16319_14.html
http://www.huayugu.com.cn/uploads/allimg/160725/1-160H51002320-L.jpg	http://www.huayugu.com.cn/biyulan/
http://img.tulaoshi.com/ueditor/201704/21/af76ad909b2f54ad1e698d10e99a275a.jpg	http://www.tulaoshi.com/n/20170421/2643400.html
http://www.baihuamen.com/d/file/2014/05-26/845c1c9c3ceb6c85fdf8d08548ced5a1.jpg	http://www.baihuamen.com/biyulan/
http://www.baihuamen.com/d/file/2014/05-26/5b803ef459d110ad8f3fff5d0de99796.jpg	http://www.baihuamen.com/biyulan/16319_18.html
http://pic1.win4000.com/pic/6/1d/67081344148.jpg	http://www.win4000.com/meinv112647_4.html
http://www.baihuamen.com/d/file/2014/05-26/918c899f2908bffef8e98806f1faa3da.jpg	http://www.baihuamen.com/biyulan/16319_15.html
http://pic4.55jia.net/fengshuizhiwu/59/a255269.png	http://www.55jia.net/75/304421.html
http://www.baihuamen.com/d/file/2014/05-26/6d56e5d37a11dd23375bb764847f263e.jpg	http://www.baihuamen.com/biyulan/
http://www.huayugu.com.cn/uploads/allimg/160725/1-160H51000290-L.jpg	http://www.huayugu.com.cn/biyulan/
https://cdn.huaniaoy.cn/20160905/original/1473032913145.jpg@!qwidth300	https://www.huaniaoy.com/zhiwu/1513
http://uploads.xuexila.com/allimg/1701/887-1F1141G450317.png	http://m.keyupusa.com/liyi/huayu/2430552.html
http://s9.sinaimg.cn/bmiddle/001JV0cnzy79EdcA9v228&690	http://blog.sina.com.cn/s/blog_5f0c7ae70102x6dw.html
http://s1.sinaimg.cn/mw690/001JV0cnzy70AFBXUqYc0&690	http://blog.sina.com.cn/s/blog_5f0c7ae70102wawh.html
http://www.baihuamen.com/d/file/2014/05-26/09b6160620bf6939784e0ec54edab4d5.jpg	http://www.baihuamen.com/biyulan/
https://gss2.bdstatic.com/9fo3dSag_xI4khGkpoWK1HF6hhy/baike/w%3D400/sign=0d7e0ad68dd6277fe912333818391f63/08f790529822720e868c7c9771cb0a46f21fab19.jpg	https://baike.baidu.com/item/%E7%A2%A7%E7%8E%89%E5%85%B0
http://www.huajiang.cc/uploads/140802/10-140P2203K4U9.jpg	http://www.huajiang.cc/yanghua/20140802/1588.html
http://a3.att.hudong.com/02/66/01300001193754130345668604554_s.jpg	http://www.baike.com/wiki/%E7%A2%A7%E7%8E%89%E5%85%B0
http://s14.sinaimg.cn/mw690/001JV0cnzy7bywbPrSRcd&690	http://blog.sina.com.cn/s/blog_5f0c7ae70102xasc.html
http://s15.sinaimg.cn/mw690/001JV0cnzy79EdgklcOae&690	http://blog.sina.com.cn/s/blog_5f0c7ae70102x6dw.html
http://s13.sinaimg.cn/mw690/001JV0cnzy79EdgEcIA9c&690	http://blog.sina.com.cn/s/blog_5f0c7ae70102x6dw.html
http://s2.sinaimg.cn/bmiddle/001JV0cnzy7bywbx47n81&690	http://blog.sina.com.cn/s/blog_5f0c7ae70102xasc.html
http://www.baihuamen.com/d/file/2014/05-26/597ee3391d3e33ffbdf2b25aa18572c3.jpg	http://www.baihuamen.com/biyulan/16319_13.html
http://www.baihuamen.com/d/file/2014/05-26/1390276b654447b147b79e9eb86c8c81.jpg	http://www.baihuamen.com/biyulan/16319_17.html
http://www.baihuamen.com/d/file/2014/05-26/8186fd2edaa9dbcefbb0399304d984fd.jpg	http://www.baihuamen.com/biyulan/
http://www.neipet.com/wp-content/uploads/2016/07/biyulan.png	http://www.neipet.com/plant/29044.html
http://www.baihuamen.com/d/file/2014/05-26/13caa5c12d74caba73694db2d4d2d723.jpg	http://www.baihuamen.com/biyulan/
http://images.china.cn/attachement/jpg/site1000/20170105/002564ba9d4519d7e8ff39.jpg	http://www.horti-expo2019.com/2017-01/05/content_40042542.htm
http://www.21miaomu.com/file/upload/201611/22/13-48-56-96-5337.jpg	http://www.21miaomu.com/news/lanhua/2016/11/19283.html
http://www.baihuamen.com/d/file/2014/05-26/bf9a5c41af925039ab58dae645a8ef1c.jpg	http://www.baihuamen.com/biyulan/
http://n.sinaimg.cn/default/5_img/uplaod/3933d981/20170710/rCvG-fyhwret0359259.jpg	http://slide.tech.sina.com.cn/slide_5_86453_93309.html
http://pic1.win4000.com/pic/6/1d/67081344155.jpg_195.jpg	http://www.win4000.com/meinv112647_4.html
http://img.xunhai.com/2015/11/26/144853769659478.jpg	http://www.xunhai.com/biyulan/
http://s1.sinaimg.cn/mw690/001JV0cnzy70AHAyxws30&690	http://blog.sina.com.cn/s/blog_5f0c7ae70102wawh.html
http://s7.sinaimg.cn/mw690/001JV0cnzy70AHeoXH016&690	http://blog.sina.com.cn/s/blog_5f0c7ae70102wawh.html
http://userimage8.360doc.com/16/0708/13/18903586_2016070813223701339PUEJLB59EMTIX6KHN.jpg	http://www.360doc.com/content/16/0708/13/18903586_574002687.shtml
http://z.xiziwang.net/uploads/allimg/160622/38_160622093649_1.jpg	http://z.xiziwang.net/hua/28130/
http://img.mp.itc.cn/upload/20161011/5c0eb24e1e9748aa9b87b412d0e58cdd_th.jpg	http://www.sohu.com/a/115812440_228000
http://s10.sinaimg.cn/middle/5f0c7ae7x9f0a82c2c449&690	http://blog.sina.com.cn/s/blog_5f0c7ae70100q2a9.html
http://s2.sinaimg.cn/mw690/001JV0cnzy70AHgriOB51&690	http://blog.sina.com.cn/s/blog_5f0c7ae70102wawh.html
http://img.xunhai.com/2015/11/26/144853770193563.jpg	http://www.xunhai.com/biyulan/
http://img.boqiicdn.com/Data/BK/A/1601/13/imagick99121452666749_y.png	http://www.boqii.com/article/25901.html
http://s5.sinaimg.cn/mw690/001JV0cnzy70AHihvCcf4&690	http://blog.sina.com.cn/s/blog_5f0c7ae70102wawh.html
http://s4.sinaimg.cn/mw690/001JV0cnzy70AHDVkwX93&690	http://blog.sina.com.cn/s/blog_5f0c7ae70102wawh.html
http://pic4.55jia.net/fengshuizhiwu/02/a255285.png	http://www.55jia.net/75/304421.html
http://img.boqiicdn.com/Data/BK/A/1601/13/imagick23681452666789_y.jpg	http://www.boqii.com/entry/detail/2421.html
http://s16.sinaimg.cn/mw690/001JV0cnzy79Edg4ypF7f&690	http://blog.sina.com.cn/s/blog_5f0c7ae70102x6dw.html
http://www.zhongyuanplywood.com/UploadFile/Photo/2015-7/2015071511134491968.jpg	http://www.zhongyuanplywood.com/Product/Show.asp?ID=284&cID=1
http://img.boqiicdn.com/Data/BK/P/imagick75601452677466.jpg	http://www.boqii.com/entry/detail/2421.html
http://s14.sinaimg.cn/mw690/001JV0cnzy70AHPbYuxcd&690	http://blog.sina.com.cn/s/blog_5f0c7ae70102wawh.html
http://s8.sinaimg.cn/bmiddle/001JV0cnzy70AHvFc1hc7&690	http://blog.sina.com.cn/s/blog_5f0c7ae70102wawh.html
http://s11.sinaimg.cn/bmiddle/001JV0cnzy70AHCd9Me6a&690	http://blog.sina.com.cn/s/blog_5f0c7ae70102wawh.html
http://s10.sinaimg.cn/middle/5f0c7ae7x9f0a84f75449&690	http://blog.sina.com.cn/s/blog_5f0c7ae70100q2a9.html
http://s9.sinaimg.cn/mw690/001JV0cnzy70AIe0LWM58&690	http://blog.sina.com.cn/s/blog_5f0c7ae70102wawh.html
http://pic4.55jia.net/fengshuizhiwu/05/a255305.png	http://www.55jia.net/75/304421.html
http://s3.sinaimg.cn/bmiddle/001JV0cnzy70AHR0atA42&690	http://blog.sina.com.cn/s/blog_5f0c7ae70102wawh.html
http://n.sinaimg.cn/default/5_img/uplaod/3933d981/20170710/Btj8-fyhwret0359311.jpg	http://slide.tech.sina.com.cn/slide_5_86453_93309.html
http://s13.sinaimg.cn/bmiddle/001JV0cnzy70AIfCwDq4c&690	http://blog.sina.com.cn/s/blog_5f0c7ae70102wawh.html
http://s1.sinaimg.cn/mw690/001JV0cngy6NW3ra9uE90&690	http://blog.sina.com.cn/s/blog_5f0c7ae70102v8as.html
http://s2.sinaimg.cn/mw690/001JV0cnzy79EdktQ5341&690	http://blog.sina.com.cn/s/blog_5f0c7ae70102x6dw.html
http://n.sinaimg.cn/default/5_img/uplaod/3933d981/20170710/tUEY-fyhwret0359354.jpg	http://slide.tech.sina.com.cn/slide_5_86453_93309.html
http://img.xunhai.com/2015/11/26/144853775196172.jpg	http://www.xunhai.com/biyulan/
http://n.sinaimg.cn/default/5_img/uplaod/3933d981/20170710/DQUh-fyhwret0359370.jpg	http://slide.tech.sina.com.cn/slide_5_86453_93309.html
http://s1.sinaimg.cn/middle/5f0c7ae7x9f0a8768f6a0&690	http://blog.sina.com.cn/s/blog_5f0c7ae70100q2a9.html
http://img.boqiicdn.com/Data/BK/A/1601/13/imagick1131452668433_y.jpg	http://www.boqii.com/entry/detail/2421.html
http://pic4.55jia.net/fengshuizhiwu/09/a255327.png	http://www.55jia.net/75/304421.html
http://www.hkminibaobei.com/upLoad/slide/month_1707/201707100853007755.jpg	http://www.hkminibaobei.com/content/?195.html
http://www.huajiang.cc/uploads/140802/10-140P2204200V2.jpg	http://www.huajiang.cc/yanghua/20140802/1589.html
http://img.mp.itc.cn/upload/20161011/02392859e6b2443db474ee9833cb2a83_th.jpg	http://www.sohu.com/a/115812440_228000
http://img.xunhai.com/2015/11/26/144853773910038.jpg	http://www.xunhai.com/biyulan/
http://pic1.win4000.com/pic/c/84/2bc21344167.jpg_195.jpg	http://www.win4000.com/meinv112647_4.html
http://pic1.win4000.com/pic/9/e7/de691342148.jpg_195.jpg	http://www.win4000.com/meinv112647_4.html
http://userimage8.360doc.com/16/0708/13/18903586_2016070813223701797H3Q6F5EGTV2L5NJNK.jpg	http://www.360doc.com/content/16/0708/13/18903586_574002687.shtml
http://img.boqiicdn.com/Data/BK/A/1601/13/imagick96941452668398_y.jpg	http://www.boqii.com/article/25902.html
http://userimage8.360doc.com/16/0708/13/18903586_2016070813223702422S3PWKR25VS3OSPM3L.jpg	http://www.360doc.com/content/16/0708/13/18903586_574002687.shtml
http://zhanqun-con.oss-cn-hongkong.aliyuncs.com/ssgaj/1/299.jpg	http://www.ssgaj.com/t1204d21.html
http://zhanqun-con.oss-cn-hongkong.aliyuncs.com/ssgaj/1/2181.jpg	http://www.ssgaj.com/t1204d21.html
http://img.xunhai.com/2015/12/08/144953213245599.jpg	http://www.xunhai.com/changhuilan/2015/1208/17803.html
http://img.xunhai.com/2015/12/08/144953213236718.jpg	http://www.xunhai.com/changhuilan/2015/1208/17803.html
http://www.csnbgsh.cn/warehouse/upload/20140320183125067.jpg	http://www.csnbgsh.cn/sites/chenshan/ImgList.aspx?CtgId=4b631dab-5a44-4bd1-86ee-2eb8f408b45d&page=2&limit=15
http://tu.qt3191.com/allimg/c110627/130916202463A0-31208.gif	http://www.qt3191.com/lankezhiwutupian/55841.html
http://www.1988.tv/Upload_Map/2015nian/1/15/2015-01-15-09-13-51.jpg	http://www.1988.tv/news/93386
http://zhanqun-con.oss-cn-hongkong.aliyuncs.com/ssgaj/1/3354.jpg	http://www.ssgaj.com/t1204d21.html
http://static.panoramio.com/photos/large/121466076.jpg	http://mapio.net/pic/p-2154692/
http://s3.sinaimg.cn/mw690/001JV0cngy6NW3xiH8Ce2&690	http://blog.sina.com.cn/s/blog_5f0c7ae70102v8as.html
