
https://gss0.bdstatic.com/94o3dSag_xI4khGkpoWK1HF6hhy/baike/c0%3Dbaike180%2C5%2C5%2C180%2C60/sign=c896f582d42a283457ab3e593adca28f/4a36acaf2edda3ccd4165dbf01e93901203f92bb.jpg
https://gss1.bdstatic.com/-vo3dSag_xI4khGkpoWK1HF6hhy/baike/c0%3Dbaike180%2C5%2C5%2C180%2C60/sign=920d05cd8535e5dd8421ad8d17afcc8a/6d81800a19d8bc3e6cfae355828ba61ea9d345bb.jpg
https://gss0.bdstatic.com/-4o3dSag_xI4khGkpoWK1HF6hhy/baike/c0%3Dbaike150%2C5%2C5%2C150%2C50/sign=ddc7af916709c93d13ff06a5fe5493b9/d50735fae6cd7b898a81df1c0f2442a7d8330ebb.jpg
https://gss2.bdstatic.com/9fo3dSag_xI4khGkpoWK1HF6hhy/baike/c0%3Dbaike180%2C5%2C5%2C180%2C60/sign=012b2b42ab64034f1bc0ca54ceaa1254/9f2f070828381f30a3f46836a9014c086f06f044.jpg
https://gss2.bdstatic.com/9fo3dSag_xI4khGkpoWK1HF6hhy/baike/c0%3Dbaike150%2C5%2C5%2C150%2C50/sign=70abd2a77bf40ad101e9cfb136457aba/f7246b600c3387449128cae3510fd9f9d62aa044.jpg
https://gss0.bdstatic.com/-4o3dSag_xI4khGkpoWK1HF6hhy/baike/c0%3Dbaike150%2C5%2C5%2C150%2C50/sign=d51fedc255fbb2fb202650402e234bc1/37d3d539b6003af3b67639ff352ac65c1138b665.jpg
https://gss3.bdstatic.com/-Po3dSag_xI4khGkpoWK1HF6hhy/baike/c0%3Dbaike220%2C5%2C5%2C220%2C73/sign=0b8f1a2f65380cd7f213aabfc02dc651/e4dde71190ef76c61c1e1eb49d16fdfaae516765.jpg
https://gss1.bdstatic.com/9vo3dSag_xI4khGkpoWK1HF6hhy/baike/c0%3Dbaike180%2C5%2C5%2C180%2C60/sign=541303b40ef41bd5ce5ee0a630b3eaae/f636afc379310a559a143a6bb74543a982261078.jpg
https://gss2.bdstatic.com/9fo3dSag_xI4khGkpoWK1HF6hhy/baike/c0%3Dbaike150%2C5%2C5%2C150%2C50/sign=d25c29b68618367ab984778f4f1ae0b1/09fa513d269759ee5f608454b2fb43166d22df79.jpg
https://gss0.bdstatic.com/94o3dSag_xI4khGkpoWK1HF6hhy/baike/c0%3Dbaike116%2C5%2C5%2C116%2C38/sign=1f493a571a4c510fbac9ea4801304e48/b17eca8065380cd7092e4672a144ad3459828179.jpg
https://gss3.bdstatic.com/7Po3dSag_xI4khGkpoWK1HF6hhy/baike/c0%3Dbaike180%2C5%2C5%2C180%2C60/sign=485f2271b48f8c54f7decd7d5b404690/960a304e251f95ca36c67629c9177f3e6709527a.jpg
https://gss2.bdstatic.com/-fo3dSag_xI4khGkpoWK1HF6hhy/baike/c0%3Dbaike180%2C5%2C5%2C180%2C60/sign=6efdab4354e736d14c1e845afa3924a7/574e9258d109b3de4a7101f7ccbf6c81810a4c67.jpg
https://gss2.bdstatic.com/-fo3dSag_xI4khGkpoWK1HF6hhy/baike/c0%3Dbaike220%2C5%2C5%2C220%2C73/sign=edc4dbe9f21fbe090853cb460a096756/b3119313b07eca80f337dd78912397dda144837b.jpg
https://gss0.bdstatic.com/-4o3dSag_xI4khGkpoWK1HF6hhy/baike/c0%3Dbaike180%2C5%2C5%2C180%2C60/sign=cd7f5779277f9e2f6438155a7e598241/4e4a20a4462309f7fca6488d720e0cf3d6cad660.jpg
https://gss2.bdstatic.com/9fo3dSag_xI4khGkpoWK1HF6hhy/baike/c0%3Dbaike180%2C5%2C5%2C180%2C60/sign=e13fdae9f21fbe090853cb460a096756/cb8065380cd791230d2971ebad345982b3b78060.jpg
https://gss1.bdstatic.com/-vo3dSag_xI4khGkpoWK1HF6hhy/baike/c0%3Dbaike220%2C5%2C5%2C220%2C73/sign=e421193ad143ad4bb2234e92e36b31ca/f9198618367adab477ffffdc8bd4b31c8701e406.jpg
https://gss1.bdstatic.com/-vo3dSag_xI4khGkpoWK1HF6hhy/baike/c0%3Dbaike116%2C5%2C5%2C116%2C38/sign=ff1cdd5cd7ca7bcb6976cf7ddf600006/b7003af33a87e950b83817f310385343fbf2b406.jpg
https://gss0.bdstatic.com/-4o3dSag_xI4khGkpoWK1HF6hhy/baike/c0%3Dbaike180%2C5%2C5%2C180%2C60/sign=f5190856d72a6059461de948495d5ffe/30adcbef76094b3608b9ff72a3cc7cd98d109d02.jpg
https://gss2.bdstatic.com/-fo3dSag_xI4khGkpoWK1HF6hhy/baike/c0%3Dbaike116%2C5%2C5%2C116%2C38/sign=eb039ee520a446236ac7ad30f94b196b/359b033b5bb5c9ea93efe77cd539b6003af3b315.jpg
https://gss0.bdstatic.com/-4o3dSag_xI4khGkpoWK1HF6hhy/baike/c0%3Dbaike180%2C5%2C5%2C180%2C60/sign=af228a1ac9ea15ce55e3e85bd7695196/8c1001e93901213f1417aa4354e736d12f2e950d.jpg
https://gss2.bdstatic.com/9fo3dSag_xI4khGkpoWK1HF6hhy/baike/c0%3Dbaike92%2C5%2C5%2C92%2C30/sign=6b724383203fb80e18dc698557b8444b/34fae6cd7b899e51652875a643a7d933c9950dd9.jpg
https://gss1.bdstatic.com/9vo3dSag_xI4khGkpoWK1HF6hhy/baike/c0%3Dbaike150%2C5%2C5%2C150%2C50/sign=adf85cbf01e93901420f856c1a853f82/ca1349540923dd54876f43f7d109b3de9c824815.jpg
https://gss1.bdstatic.com/-vo3dSag_xI4khGkpoWK1HF6hhy/baike/c0%3Dbaike80%2C5%2C5%2C80%2C26/sign=e739e883b27eca80060831b5f04afcb8/d53f8794a4c27d1e8733756419d5ad6eddc4387c.jpg

https://gss2.bdstatic.com/-fo3dSag_xI4khGkpoWK1HF6hhy/baike/c0%3Dbaike92%2C5%2C5%2C92%2C30/sign=fd2271a93312b31bd361c57be7715d1f/ac345982b2b7d0a2825be973c1ef76094a369a4a.jpg
https://gss3.bdstatic.com/7Po3dSag_xI4khGkpoWK1HF6hhy/baike/crop%3D0%2C42%2C950%2C627%3Bc0%3Dbaike116%2C5%2C5%2C116%2C38/sign=c01e6fa40f0828387c42865485a98535/d1160924ab18972b3366c471eecd7b899e510a29.jpg
https://gss0.bdstatic.com/94o3dSag_xI4khGkpoWK1HF6hhy/baike/c0%3Dbaike72%2C5%2C5%2C72%2C24/sign=3c80ba035bb5c9ea76fe0bb1b450dd65/c83d70cf3bc79f3df0c76838baa1cd11728b2997.jpg
https://gss3.bdstatic.com/7Po3dSag_xI4khGkpoWK1HF6hhy/baike/c0%3Dbaike150%2C5%2C5%2C150%2C50/sign=2103fdb80f33874488c8272e3066b29c/ac345982b2b7d0a2dbd3a775c8ef76094a369ac4.jpg
https://gss1.bdstatic.com/9vo3dSag_xI4khGkpoWK1HF6hhy/baike/c0%3Dbaike150%2C5%2C5%2C150%2C50/sign=e0ee5d24c0cec3fd9f33af27b7e1bf5a/72f082025aafa40f12076e35a864034f79f01910.jpg
https://gss0.bdstatic.com/94o3dSag_xI4khGkpoWK1HF6hhy/baike/c0%3Dbaike150%2C5%2C5%2C150%2C50/sign=d4aa109ce8f81a4c323fe49bb6430b3c/b3b7d0a20cf431ad1376e1d14836acaf2fdd98b6.jpg
https://gss2.bdstatic.com/9fo3dSag_xI4khGkpoWK1HF6hhy/baike/c0%3Dbaike150%2C5%2C5%2C150%2C50/sign=030a1f0e247f9e2f6438155a7e598241/21a4462309f790523aa3ead60ff3d7ca7acbd59e.jpg
https://gss1.bdstatic.com/-vo3dSag_xI4khGkpoWK1HF6hhy/baike/c0%3Dbaike116%2C5%2C5%2C116%2C38/sign=73540880d209b3deffb2ec3aadd607e4/71cf3bc79f3df8dcf41a2079ce11728b47102836.jpg
https://gss0.bdstatic.com/-4o3dSag_xI4khGkpoWK1HF6hhy/baike/c0%3Dbaike80%2C5%2C5%2C80%2C26/sign=8eb7f4000cd79123f4ed9c26cc5d32e7/7c1ed21b0ef41bd5e9594cfc51da81cb39db3dab.jpg
https://gss1.bdstatic.com/-vo3dSag_xI4khGkpoWK1HF6hhy/baike/c0%3Dbaike116%2C5%2C5%2C116%2C38/sign=81ea114ca7c27d1eb12b33967abcc60b/d043ad4bd11373f0d7d7cc77a70f4bfbfaed0469.jpg
https://gss2.bdstatic.com/-fo3dSag_xI4khGkpoWK1HF6hhy/baike/c0%3Dbaike92%2C5%2C5%2C92%2C30/sign=fc5ffde00fd79123f4ed9c26cc5d32e7/d788d43f8794a4c24bc14ac30df41bd5ac6e3973.jpg
https://gss0.bdstatic.com/-4o3dSag_xI4khGkpoWK1HF6hhy/baike/c0%3Dbaike220%2C5%2C5%2C220%2C73/sign=841fee1ea4efce1bfe26c098ce3898bb/18d8bc3eb13533fa967b3ec6abd3fd1f40345b0c.jpg
https://gss0.bdstatic.com/94o3dSag_xI4khGkpoWK1HF6hhy/baike/c0%3Dbaike80%2C5%2C5%2C80%2C26/sign=05c4441c52da81cb5aeb8b9f330fbb73/d6ca7bcb0a46f21f16a3f2bbf5246b600d33ae47.jpg

https://gss3.bdstatic.com/-Po3dSag_xI4khGkpoWK1HF6hhy/baike/c0%3Dbaike80%2C5%2C5%2C80%2C26/sign=514dde9162d0f703f2bf9d8e69933a58/f11f3a292df5e0fe427b01875c6034a85fdf72d1.jpg
https://gss3.bdstatic.com/-Po3dSag_xI4khGkpoWK1HF6hhy/baike/c0%3Dbaike80%2C5%2C5%2C80%2C26/sign=00a69b03c9ea15ce55e3e85bd7695196/3ac79f3df8dcd100b93c0da7728b4710b8122f97.jpg
https://gss1.bdstatic.com/9vo3dSag_xI4khGkpoWK1HF6hhy/baike/c0%3Dbaike80%2C5%2C5%2C80%2C26/sign=a019b3793bc79f3d9becec62dbc8a674/a8ec8a13632762d09e275239a0ec08fa513dc61f.jpg
https://gss3.bdstatic.com/-Po3dSag_xI4khGkpoWK1HF6hhy/baike/c0%3Dbaike80%2C5%2C5%2C80%2C26/sign=7ca1a011d933c895b2739029b07a1895/d52a2834349b033b28302b5c15ce36d3d439bdf8.jpg
https://gss2.bdstatic.com/-fo3dSag_xI4khGkpoWK1HF6hhy/baike/c0%3Dbaike80%2C5%2C5%2C80%2C26/sign=57dc3b9dc65c10383073c690d378f876/c9fcc3cec3fdfc032cc9d83fd43f8794a5c22687.jpg
https://gss3.bdstatic.com/-Po3dSag_xI4khGkpoWK1HF6hhy/baike/c0%3Dbaike80%2C5%2C5%2C80%2C26/sign=71179ca4b07eca80060831b5f04afcb8/d53f8794a4c27d1e111d01431bd5ad6eddc43879.jpg
https://gss0.bdstatic.com/-4o3dSag_xI4khGkpoWK1HF6hhy/baike/c0%3Dbaike80%2C5%2C5%2C80%2C26/sign=4b731f9342a7d933aba5ec21cc22ba76/242dd42a2834349b47fb4b02c9ea15ce37d3beb3.jpg
https://gss1.bdstatic.com/9vo3dSag_xI4khGkpoWK1HF6hhy/baike/c0%3Dbaike80%2C5%2C5%2C80%2C26/sign=efe5d706cb1349546a13e0363727f93d/3812b31bb051f81937226ccddab44aed2e73e736.jpg
https://gss2.bdstatic.com/9fo3dSag_xI4khGkpoWK1HF6hhy/baike/c0%3Dbaike80%2C5%2C5%2C80%2C26/sign=b5683bee252dd42a4b0409f9625230d0/a686c9177f3e6709ab7f2b783bc79f3df8dc553d.jpg
https://gss3.bdstatic.com/-Po3dSag_xI4khGkpoWK1HF6hhy/baike/c0%3Dbaike80%2C5%2C5%2C80%2C26/sign=49dfb63fd43f8794c7f2407cb3726591/6c224f4a20a44623d26df0e59822720e0df3d796.jpg
https://gss1.bdstatic.com/-vo3dSag_xI4khGkpoWK1HF6hhy/baike/c0%3Dbaike80%2C5%2C5%2C80%2C26/sign=a75dc5b84bfbfbedc8543e2d19999c53/b7003af33a87e950c8d8a7eb10385343faf2b46e.jpg
https://gss0.bdstatic.com/-4o3dSag_xI4khGkpoWK1HF6hhy/baike/c0%3Dbaike80%2C5%2C5%2C80%2C26/sign=34d4b5b7baa1cd1111bb7a72d87ba399/f603918fa0ec08fa9d35422059ee3d6d55fbda04.jpg
https://gss0.bdstatic.com/94o3dSag_xI4khGkpoWK1HF6hhy/baike/c0%3Dbaike80%2C5%2C5%2C80%2C26/sign=fc4a5d1f5edf8db1a8237436684ab631/728da9773912b31b107b91ae8618367adab4e126.jpg
https://gss3.bdstatic.com/-Po3dSag_xI4khGkpoWK1HF6hhy/baike/c0%3Dbaike80%2C5%2C5%2C80%2C26/sign=3aa8bc22d143ad4bb2234e92e36b31ca/359b033b5bb5c9eaf6554264d539b6003bf3b397.jpg
https://gss0.bdstatic.com/94o3dSag_xI4khGkpoWK1HF6hhy/baike/c0%3Dbaike80%2C5%2C5%2C80%2C26/sign=054f7a60912397ddc274905638ebd9d2/d31b0ef41bd5ad6ebdb3276d81cb39dbb7fd3cea.jpg
https://gss2.bdstatic.com/9fo3dSag_xI4khGkpoWK1HF6hhy/baike/c0%3Dbaike80%2C5%2C5%2C80%2C26/sign=ce07f6bd19d8bc3ed2050e98e3e2cd7b/86d6277f9e2f07088abe6987e924b899a801f2fa.jpg
https://gss3.bdstatic.com/7Po3dSag_xI4khGkpoWK1HF6hhy/baike/c0%3Dbaike80%2C5%2C5%2C80%2C26/sign=c7035281afc3793169658e7b8aaddc20/11385343fbf2b2112ce015c9ca8065380dd78e6f.jpg
https://gss2.bdstatic.com/-fo3dSag_xI4khGkpoWK1HF6hhy/baike/c0%3Dbaike80%2C5%2C5%2C80%2C26/sign=c6ea5181afc3793169658e7b8aaddc20/11385343fbf2b2112d0916c9ca8065380cd78e16.jpg
https://gss2.bdstatic.com/9fo3dSag_xI4khGkpoWK1HF6hhy/baike/c0%3Dbaike92%2C5%2C5%2C92%2C30/sign=efd96da449540923be646b2cf331ba6c/f703738da9773912d17316e6f8198618377ae2e4.jpg
https://gss3.bdstatic.com/7Po3dSag_xI4khGkpoWK1HF6hhy/baike/c0%3Dbaike80%2C5%2C5%2C80%2C26/sign=76646022d143ad4bb2234e92e36b31ca/359b033b5bb5c9eaba999e64d539b6003bf3b3cb.jpg

https://gss1.bdstatic.com/9vo3dSag_xI4khGkpoWK1HF6hhy/baike/c0%3Dbaike150%2C5%2C5%2C150%2C50/sign=dde282688db1cb132a643441bc3d3d2b/f9dcd100baa1cd119bc19ba7b912c8fcc2ce2dc6.jpg
https://gss1.bdstatic.com/-vo3dSag_xI4khGkpoWK1HF6hhy/baike/c0%3Dbaike150%2C5%2C5%2C150%2C50/sign=ac6f144bc3cec3fd9f33af27b7e1bf5a/72f082025aafa40f5e86275aab64034f79f019f0.jpg
https://gss2.bdstatic.com/-fo3dSag_xI4khGkpoWK1HF6hhy/baike/c0%3Dbaike150%2C5%2C5%2C150%2C50/sign=4eb0c387e924b899ca31716a0f6f76f0/730e0cf3d7ca7bcb6cce2ea8be096b63f724a884.jpg
https://gss1.bdstatic.com/-vo3dSag_xI4khGkpoWK1HF6hhy/baike/c0%3Dbaike150%2C5%2C5%2C150%2C50/sign=81a40b7d7bcb0a46912f836b0a0a9d41/b17eca8065380cd71c744b6aa144ad34588281cb.jpg
https://gss1.bdstatic.com/-vo3dSag_xI4khGkpoWK1HF6hhy/baike/c0%3Dbaike150%2C5%2C5%2C150%2C50/sign=05a94592bc315c60579863bdecd8a076/c83d70cf3bc79f3d1d8b0db7baa1cd11738b29cb.jpg

https://gss1.bdstatic.com/9vo3dSag_xI4khGkpoWK1HF6hhy/baike/c0%3Dbaike150%2C5%2C5%2C150%2C50/sign=a9cb638295cad1c8c4b6f4751e570c6c/5366d0160924ab180eae929a35fae6cd7a890be6.jpg
https://gss1.bdstatic.com/9vo3dSag_xI4khGkpoWK1HF6hhy/baike/c0%3Dbaike180%2C5%2C5%2C180%2C60/sign=c6a1043ad933c895b2739029b07a1895/8718367adab44aede7f6cd49b31c8701a08bfbe7.jpg
https://gss2.bdstatic.com/9fo3dSag_xI4khGkpoWK1HF6hhy/baike/c0%3Dbaike150%2C5%2C5%2C150%2C50/sign=a164c416a61ea8d39e2f7c56f6635b2b/1ad5ad6eddc451da13557f46b6fd5266d11632ff.jpg
https://gss3.bdstatic.com/-Po3dSag_xI4khGkpoWK1HF6hhy/baike/c0%3Dbaike150%2C5%2C5%2C150%2C50/sign=76a409d720a446236ac7ad30f94b196b/e850352ac65c103848c5bd6fb2119313b17e89e7.jpg
https://gss1.bdstatic.com/9vo3dSag_xI4khGkpoWK1HF6hhy/baike/c0%3Dbaike150%2C5%2C5%2C150%2C50/sign=0804f42ad0a20cf4529df68d17602053/95eef01f3a292df5b178dfb8bc315c6035a873e7.jpg
https://gss3.bdstatic.com/7Po3dSag_xI4khGkpoWK1HF6hhy/baike/c0%3Dbaike150%2C5%2C5%2C150%2C50/sign=6d4fb19e918fa0ec6bca6c5f47fe328b/d52a2834349b033b542a8f7715ce36d3d439bdf8.jpg

https://gss0.bdstatic.com/94o3dSag_xI4khGkpoWK1HF6hhy/baike/c0%3Dbaike150%2C5%2C5%2C150%2C50/sign=400f552565380cd7f213aabfc02dc651/a6efce1b9d16fdfa5f206c7bb48f8c5495ee7bd3.jpg
https://gss2.bdstatic.com/-fo3dSag_xI4khGkpoWK1HF6hhy/baike/c0%3Dbaike150%2C5%2C5%2C150%2C50/sign=aa710de0d688d43fe4a499a01c77b97e/4afbfbedab64034f2e826893afc379310b551dd3.jpg
https://gss1.bdstatic.com/-vo3dSag_xI4khGkpoWK1HF6hhy/baike/c0%3Dbaike150%2C5%2C5%2C150%2C50/sign=7b3d0dfdd109b3deffb2ec3aadd607e4/c9fcc3cec3fdfc03bf36492dd43f8794a5c226dc.jpg
https://gss2.bdstatic.com/-fo3dSag_xI4khGkpoWK1HF6hhy/baike/c0%3Dbaike150%2C5%2C5%2C150%2C50/sign=f43352b4728b4710da22f59ea2a7a898/c995d143ad4bd1133d621da75aafa40f4afb05f3.jpg
https://gss0.bdstatic.com/94o3dSag_xI4khGkpoWK1HF6hhy/baike/c0%3Dbaike150%2C5%2C5%2C150%2C50/sign=cbdd1d83cffc1e17e9b284632bf99d66/0bd162d9f2d3572c99ab36498a13632763d0c3de.jpg
https://gss0.bdstatic.com/-4o3dSag_xI4khGkpoWK1HF6hhy/baike/c0%3Dbaike150%2C5%2C5%2C150%2C50/sign=65570878a144ad343ab28fd5b1cb6791/ae51f3deb48f8c54609a6fba3a292df5e1fe7fde.jpg
https://gss1.bdstatic.com/-vo3dSag_xI4khGkpoWK1HF6hhy/baike/c0%3Dbaike150%2C5%2C5%2C150%2C50/sign=968863a69245d688b70fbaf6c5ab167b/a50f4bfbfbedab64563ae755f736afc378311ede.jpg
https://gss1.bdstatic.com/9vo3dSag_xI4khGkpoWK1HF6hhy/baike/c0%3Dbaike150%2C5%2C5%2C150%2C50/sign=289f8a6b36d3d539d53007915bee8235/203fb80e7bec54e7d7a4b08bb9389b504ec26adf.jpg

https://gss0.bdstatic.com/-4o3dSag_xI4khGkpoWK1HF6hhy/baike/c0%3Dbaike150%2C5%2C5%2C150%2C50/sign=859ddcf75982b2b7b392319650c4a08a/b58f8c5494eef01f1ef05c36e0fe9925bd317d58.jpg
https://gss1.bdstatic.com/-vo3dSag_xI4khGkpoWK1HF6hhy/baike/c0%3Dbaike150%2C5%2C5%2C150%2C50/sign=0287326a8226cffc7d27b7e0d86821f5/7af40ad162d9f2d3e2ee601ca9ec8a136227cc42.jpg
https://gss0.bdstatic.com/-4o3dSag_xI4khGkpoWK1HF6hhy/baike/c0%3Dbaike150%2C5%2C5%2C150%2C50/sign=1e9620ccd9f9d72a0369184fb5434351/30adcbef76094b36a8755f1ea3cc7cd98c109d59.jpg
https://gss1.bdstatic.com/-vo3dSag_xI4khGkpoWK1HF6hhy/baike/c0%3Dbaike150%2C5%2C5%2C150%2C50/sign=7201a4a18535e5dd8421ad8d17afcc8a/810a19d8bc3eb1350e39f348a61ea8d3fc1f4442.jpg
https://gss2.bdstatic.com/-fo3dSag_xI4khGkpoWK1HF6hhy/baike/c0%3Dbaike150%2C5%2C5%2C150%2C50/sign=bffe010c3bc79f3d9becec62dbc8a674/7a899e510fb30f243464a8f0c895d143ac4b0342.jpg
https://gss1.bdstatic.com/9vo3dSag_xI4khGkpoWK1HF6hhy/baike/c0%3Dbaike150%2C5%2C5%2C150%2C50/sign=d3a173cb7bf40ad101e9cfb136457aba/f7246b600c33874432226b8f510fd9f9d62aa05a.jpg
https://gss0.bdstatic.com/-4o3dSag_xI4khGkpoWK1HF6hhy/baike/c0%3Dbaike150%2C5%2C5%2C150%2C50/sign=606d2f1c8db1cb132a643441bc3d3d2b/f9dcd100baa1cd11264e36d3b912c8fcc2ce2d4c.jpg
https://gss2.bdstatic.com/-fo3dSag_xI4khGkpoWK1HF6hhy/baike/c0%3Dbaike150%2C5%2C5%2C150%2C50/sign=91767ee742a7d933aba5ec21cc22ba76/8718367adab44aedb0b6fa17b31c8701a08bfb4d.jpg
https://gss2.bdstatic.com/9fo3dSag_xI4khGkpoWK1HF6hhy/baike/c0%3Dbaike150%2C5%2C5%2C150%2C50/sign=79c0f6c2a18b87d6444fa34d6661435d/6c224f4a20a44623c32be1919822720e0df3d764.jpg
https://gss3.bdstatic.com/7Po3dSag_xI4khGkpoWK1HF6hhy/baike/c0%3Dbaike150%2C5%2C5%2C150%2C50/sign=22f7b79f1038534398c28f73f27adb1b/4ec2d5628535e5ddf0cce12c76c6a7efcf1b6264.jpg
https://gss1.bdstatic.com/9vo3dSag_xI4khGkpoWK1HF6hhy/baike/c0%3Dbaike150%2C5%2C5%2C150%2C50/sign=2d040cddd21b0ef478e5900cbcad3abf/f636afc379310a553adf9a07b74543a98326104d.jpg
https://gss1.bdstatic.com/9vo3dSag_xI4khGkpoWK1HF6hhy/baike/c0%3Dbaike150%2C5%2C5%2C150%2C50/sign=a7cafb41b9014a9095334eefc81e5277/562c11dfa9ec8a13dafa1313f703918fa1ecc065.jpg
https://gss3.bdstatic.com/-Po3dSag_xI4khGkpoWK1HF6hhy/baike/c0%3Dbaike150%2C5%2C5%2C150%2C50/sign=b2334cae55fbb2fb202650402e234bc1/37d3d539b6003af3d15a9893352ac65c1138b665.jpg
https://gss0.bdstatic.com/94o3dSag_xI4khGkpoWK1HF6hhy/baike/c0%3Dbaike150%2C5%2C5%2C150%2C50/sign=118a78e0dd54564ef168ec6bd2b7f7e7/738b4710b912c8fc9b10b23efc039245d7882165.jpg
https://gss2.bdstatic.com/-fo3dSag_xI4khGkpoWK1HF6hhy/baike/c0%3Dbaike150%2C5%2C5%2C150%2C50/sign=9ad61fc51d950a7b613846966bb809bc/f31fbe096b63f624bdbe7df08744ebf81b4ca366.jpg

https://gss0.bdstatic.com/94o3dSag_xI4khGkpoWK1HF6hhy/baike/c0%3Dbaike150%2C5%2C5%2C150%2C50/sign=6c3b47122f2eb938f86072a0b40bee50/b2de9c82d158ccbf545df1c919d8bc3eb035415b.jpg
https://gss2.bdstatic.com/9fo3dSag_xI4khGkpoWK1HF6hhy/baike/c0%3Dbaike150%2C5%2C5%2C150%2C50/sign=af26970e7b899e516c83324623ceb256/3812b31bb051f8191cc447b9dab44aed2f73e764.jpg
https://gss3.bdstatic.com/7Po3dSag_xI4khGkpoWK1HF6hhy/baike/c0%3Dbaike150%2C5%2C5%2C150%2C50/sign=8d315fb08bd4b31ce4319ce9e6bf4c1a/54fbb2fb43166d2288965167462309f79152d264.jpg
https://gss1.bdstatic.com/-vo3dSag_xI4khGkpoWK1HF6hhy/baike/c0%3Dbaike150%2C5%2C5%2C150%2C50/sign=b827c33843166d222c7a1dc6274a6292/b7003af33a87e950d8f6b79f10385343faf2b464.jpg
https://gss0.bdstatic.com/-4o3dSag_xI4khGkpoWK1HF6hhy/baike/c0%3Dbaike150%2C5%2C5%2C150%2C50/sign=2e2e4b44e950352aa56c2d5a322a9097/2e2eb9389b504fc2c1bff4f6e5dde71191ef6d64.jpg
https://gss0.bdstatic.com/94o3dSag_xI4khGkpoWK1HF6hhy/baike/c0%3Dbaike150%2C5%2C5%2C150%2C50/sign=431aeefef8dcd100d991f07313e22c75/0eb30f2442a7d933b048a080ad4bd11372f00164.jpg
https://gss0.bdstatic.com/94o3dSag_xI4khGkpoWK1HF6hhy/baike/c0%3Dbaike150%2C5%2C5%2C150%2C50/sign=f8657d3731adcbef15397654cdc645b8/3b292df5e0fe992594f62da334a85edf8cb1714e.jpg
https://gss2.bdstatic.com/-fo3dSag_xI4khGkpoWK1HF6hhy/baike/c0%3Dbaike150%2C5%2C5%2C150%2C50/sign=23b0ac0751da81cb5aeb8b9f330fbb73/eac4b74543a9822641226fd48a82b9014b90eb66.jpg
https://gss0.bdstatic.com/94o3dSag_xI4khGkpoWK1HF6hhy/baike/c0%3Dbaike150%2C5%2C5%2C150%2C50/sign=c5527bb802087bf469e15fbb93ba3c49/6a63f6246b600c335f839a3b1a4c510fd8f9a14f.jpg
https://gss1.bdstatic.com/-vo3dSag_xI4khGkpoWK1HF6hhy/baike/c0%3Dbaike150%2C5%2C5%2C150%2C50/sign=2f4f9893352ac65c73086e219a9bd974/b8389b504fc2d56290fd941ee71190ef77c66c4f.jpg
https://gss2.bdstatic.com/9fo3dSag_xI4khGkpoWK1HF6hhy/baike/c0%3Dbaike150%2C5%2C5%2C150%2C50/sign=879c278d9258d109d0eea1e0b031a7da/b812c8fcc3cec3fda6cbe386d688d43f8694274f.jpg
https://gss3.bdstatic.com/-Po3dSag_xI4khGkpoWK1HF6hhy/baike/c0%3Dbaike150%2C5%2C5%2C150%2C50/sign=e3d5681bbc3eb13550cabfe9c777c3b6/a5c27d1ed21b0ef4780adcadddc451da80cb3e66.jpg
https://gss0.bdstatic.com/94o3dSag_xI4khGkpoWK1HF6hhy/baike/c0%3Dbaike150%2C5%2C5%2C150%2C50/sign=c55d7bb802087bf469e15fbb93ba3c49/6a63f6246b600c335f8c9a3b1a4c510fd8f9a148.jpg
https://gss3.bdstatic.com/-Po3dSag_xI4khGkpoWK1HF6hhy/baike/c0%3Dbaike150%2C5%2C5%2C150%2C50/sign=e8316b8f510fd9f9b41a5d3b4444bf4f/0df431adcbef760948ffdd6c2edda3cc7dd99e48.jpg
https://gss0.bdstatic.com/94o3dSag_xI4khGkpoWK1HF6hhy/baike/c0%3Dbaike150%2C5%2C5%2C150%2C50/sign=68b954eed42a283457ab3e593adca28f/adaf2edda3cc7cd985f0702a3901213fb90e9167.jpg

https://gss1.bdstatic.com/-vo3dSag_xI4khGkpoWK1HF6hhy/baike/c0%3Dbaike116%2C5%2C5%2C116%2C38/sign=0ae9b66b79310a55d029d6a6d62c28cc/8601a18b87d6277f63f01ea028381f30e824fc4c.jpg
https://gss2.bdstatic.com/-fo3dSag_xI4khGkpoWK1HF6hhy/baike/c0%3Dbaike116%2C5%2C5%2C116%2C38/sign=511c60990a55b31988f48a2722c0e943/a08b87d6277f9e2ff9d731901f30e924b999f34c.jpg
https://gss3.bdstatic.com/7Po3dSag_xI4khGkpoWK1HF6hhy/baike/c0%3Dbaike116%2C5%2C5%2C116%2C38/sign=86ee13fdb319ebc4d4757ecbe34fa499/86d6277f9e2f0708d7e70698e924b899a801f24c.jpg
https://gss0.bdstatic.com/-4o3dSag_xI4khGkpoWK1HF6hhy/baike/c0%3Dbaike150%2C5%2C5%2C150%2C50/sign=301ae9b73a292df583cea447dd583705/a686c9177f3e67096dc969673bc79f3df9dc5558.jpg
https://gss2.bdstatic.com/-fo3dSag_xI4khGkpoWK1HF6hhy/baike/c0%3Dbaike150%2C5%2C5%2C150%2C50/sign=9cdd345de0fe9925df01610255c135ba/7e3e6709c93d70cf9d338695f8dcd100bba12b58.jpg
https://gss1.bdstatic.com/9vo3dSag_xI4khGkpoWK1HF6hhy/baike/c0%3Dbaike116%2C5%2C5%2C116%2C38/sign=b2f9f26cb74543a9e116f29e7f7ee1e7/9f2f070828381f30e8c4a131a9014c086f06f04c.jpg
https://gss3.bdstatic.com/7Po3dSag_xI4khGkpoWK1HF6hhy/baike/c0%3Dbaike150%2C5%2C5%2C150%2C50/sign=8a01f9569925bc313f5009ca3fb6e6d4/6609c93d70cf3bc738c9e174d100baa1cc112a58.jpg
https://gss1.bdstatic.com/9vo3dSag_xI4khGkpoWK1HF6hhy/baike/c0%3Dbaike150%2C5%2C5%2C150%2C50/sign=30d1a5995c6034a83defb0d3aa7a2231/71cf3bc79f3df8dc78f4a309cd11728b46102858.jpg

https://gss1.bdstatic.com/-vo3dSag_xI4khGkpoWK1HF6hhy/baike/c0%3Dbaike92%2C5%2C5%2C92%2C30/sign=b4b256c937d3d539d53007915bee8235/c83d70cf3bc79f3d85849207bba1cd11728b299b.jpg
https://gss0.bdstatic.com/94o3dSag_xI4khGkpoWK1HF6hhy/baike/c0%3Dbaike92%2C5%2C5%2C92%2C30/sign=017bd4daa044ad343ab28fd5b1cb6791/a5c27d1ed21b0ef48b8dee69dcc451da81cb3e9b.jpg
https://gss0.bdstatic.com/94o3dSag_xI4khGkpoWK1HF6hhy/baike/c0%3Dbaike92%2C5%2C5%2C92%2C30/sign=20d435c1a6efce1bfe26c098ce3898bb/a50f4bfbfbedab64b3743bf7f636afc379311e86.jpg
https://gss3.bdstatic.com/7Po3dSag_xI4khGkpoWK1HF6hhy/baike/c0%3Dbaike92%2C5%2C5%2C92%2C30/sign=91896c29b8389b502cf2e800e45c8eb8/43a7d933c895d1430a13921472f082025aaf079b.jpg
https://gss2.bdstatic.com/-fo3dSag_xI4khGkpoWK1HF6hhy/baike/c0%3Dbaike92%2C5%2C5%2C92%2C30/sign=1909b0d9b58f8c54f7decd7d5b404690/f636afc379310a550541a8c3b64543a98226109b.jpg

https://gss1.bdstatic.com/9vo3dSag_xI4khGkpoWK1HF6hhy/baike/c0%3Dbaike92%2C5%2C5%2C92%2C30/sign=24240233960a304e462fa8a8b0a1cce3/1e30e924b899a90195332d011c950a7b0208f587.jpg

https://gss0.bdstatic.com/94o3dSag_xI4khGkpoWK1HF6hhy/baike/c0%3Dbaike92%2C5%2C5%2C92%2C30/sign=708bbe184034970a537e187df4a3baad/29381f30e924b89971590f0f6f061d950a7bf6a4.jpg
https://gss1.bdstatic.com/-vo3dSag_xI4khGkpoWK1HF6hhy/baike/c0%3Dbaike92%2C5%2C5%2C92%2C30/sign=959778c09e3df8dcb23087c3ac7819ee/f3d3572c11dfa9ec6f4b202063d0f703918fc1a4.jpg
https://gss3.bdstatic.com/-Po3dSag_xI4khGkpoWK1HF6hhy/baike/c0%3Dbaike92%2C5%2C5%2C92%2C30/sign=d32a4a23aa18972bb737089887a410ec/f31fbe096b63f624685c4f348644ebf81a4ca387.jpg
https://gss1.bdstatic.com/-vo3dSag_xI4khGkpoWK1HF6hhy/baike/c0%3Dbaike92%2C5%2C5%2C92%2C30/sign=209c12dd80cb39dbd5cd6f04b17f6241/9922720e0cf3d7ca86934941f31fbe096b63a9a4.jpg
https://gss2.bdstatic.com/9fo3dSag_xI4khGkpoWK1HF6hhy/baike/c0%3Dbaike92%2C5%2C5%2C92%2C30/sign=71d0dd560eb30f242197e451a9fcba26/eaf81a4c510fd9f9dd73235e242dd42a2834a4a4.jpg
https://gss2.bdstatic.com/-fo3dSag_xI4khGkpoWK1HF6hhy/baike/c0%3Dbaike92%2C5%2C5%2C92%2C30/sign=4cf6e7084afbfbedc8543e2d19999c53/c8ea15ce36d3d539a05979f43b87e950352ab0a4.jpg
https://gss3.bdstatic.com/7Po3dSag_xI4khGkpoWK1HF6hhy/baike/c0%3Dbaike92%2C5%2C5%2C92%2C30/sign=17045c37e824b899ca31716a0f6f76f0/55e736d12f2eb938a46c0cc5d4628535e5dd6f87.jpg
https://gss1.bdstatic.com/-vo3dSag_xI4khGkpoWK1HF6hhy/baike/c0%3Dbaike92%2C5%2C5%2C92%2C30/sign=7fb46d748ad4b31ce4319ce9e6bf4c1a/adaf2edda3cc7cd9b84942ee3801213fb80e91a4.jpg
https://gss1.bdstatic.com/9vo3dSag_xI4khGkpoWK1HF6hhy/baike/c0%3Dbaike92%2C5%2C5%2C92%2C30/sign=00d27e6a54fbb2fb202650402e234bc1/bd315c6034a85edfd48d881448540923dd547587.jpg
https://gss0.bdstatic.com/-4o3dSag_xI4khGkpoWK1HF6hhy/baike/c0%3Dbaike92%2C5%2C5%2C92%2C30/sign=c5d6e3eb09fa513d45a7648c5c043e9e/f11f3a292df5e0fecd7cff365d6034a85edf72a4.jpg
https://gss3.bdstatic.com/-Po3dSag_xI4khGkpoWK1HF6hhy/baike/c0%3Dbaike92%2C5%2C5%2C92%2C30/sign=f30bdb25730e0cf3b4fa46a96b2f997a/9358d109b3de9c82b2018fb86d81800a19d843a4.jpg
https://gss0.bdstatic.com/94o3dSag_xI4khGkpoWK1HF6hhy/baike/c0%3Dbaike92%2C5%2C5%2C92%2C30/sign=f71da8ff1b4c510fbac9ea4801304e48/a71ea8d3fd1f4134e7537349241f95cad1c85ea4.jpg
https://gss3.bdstatic.com/7Po3dSag_xI4khGkpoWK1HF6hhy/baike/c0%3Dbaike92%2C5%2C5%2C92%2C30/sign=83ebd22496dda144ce0464e0d3debbc7/8694a4c27d1ed21b81c858d2ac6eddc451da3f87.jpg
https://gss1.bdstatic.com/9vo3dSag_xI4khGkpoWK1HF6hhy/baike/c0%3Dbaike92%2C5%2C5%2C92%2C30/sign=a0d57a06203fb80e18dc698557b8444b/34fae6cd7b899e51ae8f4c2343a7d933c8950d87.jpg
https://gss1.bdstatic.com/9vo3dSag_xI4khGkpoWK1HF6hhy/baike/c0%3Dbaike92%2C5%2C5%2C92%2C30/sign=c7fae4e8cf1b9d169eca923392b7dfea/4afbfbedab64034fc9ccb431aec379310a551d87.jpg
https://gss2.bdstatic.com/-fo3dSag_xI4khGkpoWK1HF6hhy/baike/c0%3Dbaike92%2C5%2C5%2C92%2C30/sign=8f684a24dc54564ef168ec6bd2b7f7e7/a8773912b31bb0513e25c51f377adab44aede080.jpg
https://gss2.bdstatic.com/-fo3dSag_xI4khGkpoWK1HF6hhy/baike/c0%3Dbaike92%2C5%2C5%2C92%2C30/sign=54b7e519a9d3fd1f2204aa6851274e7a/9f2f070828381f303f18fb9ea8014c086e06f080.jpg
https://gss1.bdstatic.com/9vo3dSag_xI4khGkpoWK1HF6hhy/baike/c0%3Dbaike92%2C5%2C5%2C92%2C30/sign=383cf9a6cc11728b24208470a995a8ab/8b13632762d0f70378b3e3eb09fa513d2697c580.jpg
https://gss0.bdstatic.com/94o3dSag_xI4khGkpoWK1HF6hhy/baike/c0%3Dbaike92%2C5%2C5%2C92%2C30/sign=8522911c0ff41bd5ce5ee0a630b3eaae/4e4a20a4462309f7686edb25730e0cf3d7cad680.jpg
https://gss3.bdstatic.com/7Po3dSag_xI4khGkpoWK1HF6hhy/baike/c0%3Dbaike92%2C5%2C5%2C92%2C30/sign=27a580c9c2fdfc03f175ebeab556ecf1/09fa513d269759eed23416fcb3fb43166d22dfa5.jpg
https://gss3.bdstatic.com/7Po3dSag_xI4khGkpoWK1HF6hhy/baike/c0%3Dbaike92%2C5%2C5%2C92%2C30/sign=7e927adcb7fd5266b3263446ca71fc4e/0df3d7ca7bcb0a460d46fd0e6a63f6246b60afa5.jpg
https://gss3.bdstatic.com/7Po3dSag_xI4khGkpoWK1HF6hhy/baike/c0%3Dbaike92%2C5%2C5%2C92%2C30/sign=d6698b92d043ad4bb2234e92e36b31ca/6159252dd42a28343bc1403c5ab5c9ea15cebfa5.jpg
https://gss1.bdstatic.com/9vo3dSag_xI4khGkpoWK1HF6hhy/baike/c0%3Dbaike92%2C5%2C5%2C92%2C30/sign=c924c51f377adab429dd1311eabdd879/30adcbef76094b369d926ddaa2cc7cd98d109d80.jpg
https://gss1.bdstatic.com/9vo3dSag_xI4khGkpoWK1HF6hhy/baike/c0%3Dbaike92%2C5%2C5%2C92%2C30/sign=be3ce28c86d6277ffd1f3a6a49517455/8c1001e93901213f813338eb55e736d12f2e9580.jpg
https://gss3.bdstatic.com/7Po3dSag_xI4khGkpoWK1HF6hhy/baike/c0%3Dbaike92%2C5%2C5%2C92%2C30/sign=4d21410f7af40ad101e9cfb136457aba/e4dde71190ef76c6e0b58d1c9c16fdfaaf5167a5.jpg

https://gss1.bdstatic.com/9vo3dSag_xI4khGkpoWK1HF6hhy/baike/c0%3Dbaike180%2C5%2C5%2C180%2C60/sign=7e5adc13d933c895b2739029b07a1895/8718367adab44aed5f0d1560b31c8701a08bfbf7.jpg
https://gss1.bdstatic.com/-vo3dSag_xI4khGkpoWK1HF6hhy/baike/c0%3Dbaike272%2C5%2C5%2C272%2C90/sign=4cd233805982b2b7b392319650c4a08a/e4dde71190ef76c64a7950af9d16fdfaae51678f.jpg
https://gss2.bdstatic.com/-fo3dSag_xI4khGkpoWK1HF6hhy/baike/c0%3Dbaike220%2C5%2C5%2C220%2C73/sign=2416fb8c0cd79123f4ed9c26cc5d32e7/e61190ef76c6a7ef208d03a2fdfaaf51f2de668f.jpg
https://gss3.bdstatic.com/7Po3dSag_xI4khGkpoWK1HF6hhy/baike/c0%3Dbaike150%2C5%2C5%2C150%2C50/sign=5d870da7b07eca80060831b5f04afcb8/91ef76c6a7efce1b7280634eaf51f3deb58f658f.jpg
https://gss2.bdstatic.com/9fo3dSag_xI4khGkpoWK1HF6hhy/baike/c0%3Dbaike180%2C5%2C5%2C180%2C60/sign=30d94787c895d143ce7bec711299e967/377adab44aed2e73f9aa2da88701a18b86d6faf7.jpg

https://gss2.bdstatic.com/-fo3dSag_xI4khGkpoWK1HF6hhy/baike/c0%3Dbaike92%2C5%2C5%2C92%2C30/sign=16f323972df5e0fefa1581533d095fcd/eac4b74543a98226291007a98a82b9014b90eb6f.jpg
https://gss3.bdstatic.com/-Po3dSag_xI4khGkpoWK1HF6hhy/baike/c0%3Dbaike92%2C5%2C5%2C92%2C30/sign=2eb84ff09258d109d0eea1e0b031a7da/b21bb051f8198618c596c30a4aed2e738ad4e66f.jpg
https://gss2.bdstatic.com/-fo3dSag_xI4khGkpoWK1HF6hhy/baike/c0%3Dbaike92%2C5%2C5%2C92%2C30/sign=42d2a88b33fa828bc52e95b19c762a51/a08b87d6277f9e2ff9e431861f30e924b999f36f.jpg
https://gss1.bdstatic.com/-vo3dSag_xI4khGkpoWK1HF6hhy/baike/c0%3Dbaike80%2C5%2C5%2C80%2C26/sign=8766bfa0a8d3fd1f2204aa6851274e7a/e824b899a9014c086beb042b0a7b02087af4f46f.jpg
https://gss3.bdstatic.com/-Po3dSag_xI4khGkpoWK1HF6hhy/baike/c0%3Dbaike92%2C5%2C5%2C92%2C30/sign=ac6bd0a97f3e6709aa0d4dad5aaef458/0b7b02087bf40ad16934eb6d572c11dfa8ecce6f.jpg
https://gss0.bdstatic.com/94o3dSag_xI4khGkpoWK1HF6hhy/baike/c0%3Dbaike92%2C5%2C5%2C92%2C30/sign=5ffda0acc8fcc3cea0cdc161f32cbded/908fa0ec08fa513d3e7a40503d6d55fbb3fbd96f.jpg
https://gss0.bdstatic.com/94o3dSag_xI4khGkpoWK1HF6hhy/baike/c0%3Dbaike92%2C5%2C5%2C92%2C30/sign=f4d29e2aa4c27d1eb12b33967abcc60b/b3fb43166d224f4a00495f9d09f790529922d16f.jpg
https://gss0.bdstatic.com/94o3dSag_xI4khGkpoWK1HF6hhy/baike/c0%3Dbaike80%2C5%2C5%2C80%2C26/sign=b300b2da034f78f0940692a118586130/e850352ac65c10381baee24cb2119313b17e896f.jpg
https://gss2.bdstatic.com/-fo3dSag_xI4khGkpoWK1HF6hhy/baike/c0%3Dbaike92%2C5%2C5%2C92%2C30/sign=89ee8831a0ec08fa320d1bf538875608/95eef01f3a292df59e13809bbc315c6035a8736f.jpg
https://gss3.bdstatic.com/-Po3dSag_xI4khGkpoWK1HF6hhy/baike/c0%3Dbaike92%2C5%2C5%2C92%2C30/sign=cd25134990529822113e3191b6a310ae/dc54564e9258d10938d8863cd158ccbf6c814d00.jpg
https://gss2.bdstatic.com/-fo3dSag_xI4khGkpoWK1HF6hhy/baike/c0%3Dbaike92%2C5%2C5%2C92%2C30/sign=cfe2c047d72a6059461de948495d5ffe/4034970a304e251f0b27c876a786c9177e3e536f.jpg
https://gss0.bdstatic.com/-4o3dSag_xI4khGkpoWK1HF6hhy/baike/c0%3Dbaike92%2C5%2C5%2C92%2C30/sign=1aed234d3a87e950561afb3e71513826/f9dcd100baa1cd11de665eaeb912c8fcc2ce2d6f.jpg
https://gss2.bdstatic.com/-fo3dSag_xI4khGkpoWK1HF6hhy/baike/c0%3Dbaike80%2C5%2C5%2C80%2C26/sign=b23494ae01e93901420f856c1a853f82/7a899e510fb30f248c4ac08dc895d143ac4b036f.jpg
https://gss0.bdstatic.com/-4o3dSag_xI4khGkpoWK1HF6hhy/baike/c0%3Dbaike92%2C5%2C5%2C92%2C30/sign=4f56557cd562853586edda73f1861da3/d043ad4bd11373f056044011a40f4bfbfbed0400.jpg
https://gss1.bdstatic.com/9vo3dSag_xI4khGkpoWK1HF6hhy/baike/c0%3Dbaike92%2C5%2C5%2C92%2C30/sign=12d8ae318c5494ee932f074b4c9c8b9b/aec379310a55b3190ac2adfb43a98226cffc1700.jpg
https://gss1.bdstatic.com/-vo3dSag_xI4khGkpoWK1HF6hhy/baike/c0%3Dbaike92%2C5%2C5%2C92%2C30/sign=7103e9a13a292df583cea447dd583705/b219ebc4b74543a967cbd6421e178a82b801146f.jpg
https://gss0.bdstatic.com/94o3dSag_xI4khGkpoWK1HF6hhy/baike/c0%3Dbaike80%2C5%2C5%2C80%2C26/sign=6f397db7c93d70cf58f7a25f99b5ba65/562c11dfa9ec8a137320786ef703918fa0ecc001.jpg
https://gss1.bdstatic.com/-vo3dSag_xI4khGkpoWK1HF6hhy/baike/c0%3Dbaike80%2C5%2C5%2C80%2C26/sign=24d5ebc29a22720e6fc3eaa81aa26123/9d82d158ccbf6c81ad286248be3eb13533fa4076.jpg
https://gss2.bdstatic.com/9fo3dSag_xI4khGkpoWK1HF6hhy/baike/c0%3Dbaike80%2C5%2C5%2C80%2C26/sign=d0371d0bc895d143ce7bec711299e967/2934349b033b5bb55b7ad1f636d3d539b600bc0d.jpg
https://gss2.bdstatic.com/9fo3dSag_xI4khGkpoWK1HF6hhy/baike/c0%3Dbaike72%2C5%2C5%2C72%2C24/sign=51aa70d215ce36d3b6098b625b9a51e2/3ac79f3df8dcd100b0be7429728b4710b9122f93.jpg
