
https://gss0.bdstatic.com/-4o3dSag_xI4khGkpoWK1HF6hhy/baike/c0%3Dbaike80%2C5%2C5%2C80%2C26/sign=248e2351269759ee5e5d6899d3922873/5d6034a85edf8db1e7673b380923dd54564e7424.jpg
https://gss2.bdstatic.com/-fo3dSag_xI4khGkpoWK1HF6hhy/baike/c0%3Dbaike80%2C5%2C5%2C80%2C26/sign=08e32b823d6d55fbd1cb7e740c4b242f/5fdf8db1cb1349542757af38564e9258d1094a24.jpg
https://gss0.bdstatic.com/94o3dSag_xI4khGkpoWK1HF6hhy/baike/c0%3Dbaike80%2C5%2C5%2C80%2C26/sign=0d192797b2fb43160e12722841cd2d46/ca1349540923dd54663ae034d109b3de9c824824.jpg
https://gss2.bdstatic.com/-fo3dSag_xI4khGkpoWK1HF6hhy/baike/c0%3Dbaike80%2C5%2C5%2C80%2C26/sign=ebad94a17b899e516c83324623ceb256/500fd9f9d72a6059fb7aa6462834349b033bba00.jpg
https://gss1.bdstatic.com/9vo3dSag_xI4khGkpoWK1HF6hhy/baike/c0%3Dbaike80%2C5%2C5%2C80%2C26/sign=7f067ddf0f2442a7ba03f5f7b02ac62e/6159252dd42a2834d5cc71575bb5c9ea15cebf00.jpg
https://gss3.bdstatic.com/7Po3dSag_xI4khGkpoWK1HF6hhy/baike/c0%3Dbaike80%2C5%2C5%2C80%2C26/sign=3614df27d11373f0e13267cdc566209e/5ab5c9ea15ce36d3326ec46c3af33a87e950b100.jpg
https://gss3.bdstatic.com/-Po3dSag_xI4khGkpoWK1HF6hhy/baike/c0%3Dbaike80%2C5%2C5%2C80%2C26/sign=497a7e9fd7ca7bcb6976cf7ddf600006/6d81800a19d8bc3e8a414196828ba61ea8d34524.jpg
https://gss2.bdstatic.com/-fo3dSag_xI4khGkpoWK1HF6hhy/baike/c0%3Dbaike80%2C5%2C5%2C80%2C26/sign=a5ac8981ab64034f1bc0ca54ceaa1254/3b87e950352ac65cfe6f212ffbf2b21193138a00.jpg
https://gss0.bdstatic.com/94o3dSag_xI4khGkpoWK1HF6hhy/baike/c0%3Dbaike80%2C5%2C5%2C80%2C26/sign=5b33712378f0f736ccf344536b3cd87c/342ac65c103853430ba5c07d9313b07eca808800.jpg
https://gss1.bdstatic.com/9vo3dSag_xI4khGkpoWK1HF6hhy/baike/c0%3Dbaike80%2C5%2C5%2C80%2C26/sign=f2180a9cf736afc31a013737d27080a1/c75c10385343fbf24346e17fb07eca8065388f00.jpg
https://gss2.bdstatic.com/-fo3dSag_xI4khGkpoWK1HF6hhy/baike/c0%3Dbaike80%2C5%2C5%2C80%2C26/sign=fc02c175ebc4b7452099bf44ae957572/9213b07eca806538fa80e34f97dda144ad348200.jpg
https://gss0.bdstatic.com/-4o3dSag_xI4khGkpoWK1HF6hhy/baike/c0%3Dbaike80%2C5%2C5%2C80%2C26/sign=33ab6c7b8a82b90129a0cb6112e4c212/96dda144ad3459824ee0a2ce0cf431adcbef8400.jpg
https://gss1.bdstatic.com/9vo3dSag_xI4khGkpoWK1HF6hhy/baike/c0%3Dbaike80%2C5%2C5%2C80%2C26/sign=524f29d9c9ea15ce55e3e85bd7695196/3ac79f3df8dcd100ebd5bf7d728b4710b9122f24.jpg
https://gss3.bdstatic.com/-Po3dSag_xI4khGkpoWK1HF6hhy/baike/c0%3Dbaike80%2C5%2C5%2C80%2C26/sign=9a9e67a236d3d539d53007915bee8235/f9dcd100baa1cd1121ff357cb912c8fcc3ce2d24.jpg
https://gss1.bdstatic.com/9vo3dSag_xI4khGkpoWK1HF6hhy/baike/c0%3Dbaike80%2C5%2C5%2C80%2C26/sign=63f39b3c352ac65c73086e219a9bd974/b812c8fcc3cec3fda577e029d688d43f87942724.jpg
https://gss0.bdstatic.com/94o3dSag_xI4khGkpoWK1HF6hhy/baike/c0%3Dbaike80%2C5%2C5%2C80%2C26/sign=b1d3f5ba277f9e2f6438155a7e598241/7aec54e736d12f2ea960e93c4fc2d56285356800.jpg
https://gss2.bdstatic.com/9fo3dSag_xI4khGkpoWK1HF6hhy/baike/c0%3Dbaike80%2C5%2C5%2C80%2C26/sign=3527ec43070828387c00d446d9f0c264/37d12f2eb9389b505d9aa70e8535e5dde7116e00.jpg
https://gss0.bdstatic.com/-4o3dSag_xI4khGkpoWK1HF6hhy/baike/c0%3Dbaike80%2C5%2C5%2C80%2C26/sign=13505a541f30e924dba994632d610563/b8389b504fc2d562916d97b1e71190ef76c66c00.jpg
https://gss0.bdstatic.com/94o3dSag_xI4khGkpoWK1HF6hhy/baike/c0%3Dbaike80%2C5%2C5%2C80%2C26/sign=a0c1db6d4c086e067ea5371963611091/8435e5dde71190ef6e9ed583ce1b9d16fdfa6000.jpg
https://gss0.bdstatic.com/94o3dSag_xI4khGkpoWK1HF6hhy/baike/c0%3Dbaike80%2C5%2C5%2C80%2C26/sign=2aac10b5f2d3572c72ef948eeb7a0842/fcfaaf51f3deb48fac29e682f01f3a292df5782d.jpg
https://gss2.bdstatic.com/9fo3dSag_xI4khGkpoWK1HF6hhy/baike/c0%3Dbaike80%2C5%2C5%2C80%2C26/sign=d0ae254011dfa9ece9235e4503b99c66/f2deb48f8c5494eed26248452df5e0fe99257e2d.jpg
https://gss1.bdstatic.com/-vo3dSag_xI4khGkpoWK1HF6hhy/baike/c0%3Dbaike80%2C5%2C5%2C80%2C26/sign=8c91f87f632762d09433acedc185639f/95eef01f3a292df5c583eb49bc315c6034a8732d.jpg
https://gss2.bdstatic.com/9fo3dSag_xI4khGkpoWK1HF6hhy/baike/c0%3Dbaike80%2C5%2C5%2C80%2C26/sign=bbf2d28008fa513d45a7648c5c043e9e/9825bc315c6034a874a2ffddcb1349540923762d.jpg
https://gss2.bdstatic.com/-fo3dSag_xI4khGkpoWK1HF6hhy/baike/c0%3Dbaike80%2C5%2C5%2C80%2C26/sign=08ea2b823d6d55fbd1cb7e740c4b242f/5fdf8db1cb134954275eaf38564e9258d1094a2d.jpg
https://gss3.bdstatic.com/7Po3dSag_xI4khGkpoWK1HF6hhy/baike/c0%3Dbaike80%2C5%2C5%2C80%2C26/sign=e176489f3a87e950561afb3e71513826/738b4710b912c8fc94b8b191fc039245d6882126.jpg
https://gss3.bdstatic.com/-Po3dSag_xI4khGkpoWK1HF6hhy/baike/c0%3Dbaike80%2C5%2C5%2C80%2C26/sign=706b1f4e4f4a20a425133495f13bf347/dc54564e9258d10980a3eeeed158ccbf6c814d2d.jpg
https://gss2.bdstatic.com/-fo3dSag_xI4khGkpoWK1HF6hhy/baike/c0%3Dbaike80%2C5%2C5%2C80%2C26/sign=16d9344f09f79052fb124f6c6d9abcaf/d009b3de9c82d158fac21eed800a19d8bc3e422d.jpg
https://gss0.bdstatic.com/94o3dSag_xI4khGkpoWK1HF6hhy/baike/c0%3Dbaike80%2C5%2C5%2C80%2C26/sign=d267e17fb07eca80060831b5f04afcb8/d53f8794a4c27d1eb26d7c981bd5ad6eddc43826.jpg
https://gss0.bdstatic.com/94o3dSag_xI4khGkpoWK1HF6hhy/baike/c0%3Dbaike80%2C5%2C5%2C80%2C26/sign=318ae23e9822720e6fc3eaa81aa26123/9d82d158ccbf6c81b8776bb4bc3eb13533fa402d.jpg
https://gss2.bdstatic.com/9fo3dSag_xI4khGkpoWK1HF6hhy/baike/c0%3Dbaike80%2C5%2C5%2C80%2C26/sign=a25f00620cf3d7ca18fb37249376d56c/cdbf6c81800a19d88643c35933fa828ba61e462d.jpg
https://gss2.bdstatic.com/-fo3dSag_xI4khGkpoWK1HF6hhy/baike/c0%3Dbaike80%2C5%2C5%2C80%2C26/sign=45b6782af21fbe090853cb460a096756/bd3eb13533fa828b9863dabffd1f4134970a5a2d.jpg
https://gss3.bdstatic.com/7Po3dSag_xI4khGkpoWK1HF6hhy/baike/c0%3Dbaike80%2C5%2C5%2C80%2C26/sign=353b8073be096b63951456026d5aec21/b03533fa828ba61e97ae8f734134970a304e592d.jpg
https://gss3.bdstatic.com/-Po3dSag_xI4khGkpoWK1HF6hhy/baike/c0%3Dbaike80%2C5%2C5%2C80%2C26/sign=d9c1a2ce0cf431ada8df4b6b2a5fc7ca/38dbb6fd5266d0166252d974972bd40735fa3526.jpg
https://gss2.bdstatic.com/-fo3dSag_xI4khGkpoWK1HF6hhy/baike/c0%3Dbaike80%2C5%2C5%2C80%2C26/sign=5fdbb98376094b36cf9f13bfc2a517bc/d1160924ab18972bba714796e6cd7b899e510a26.jpg
https://gss3.bdstatic.com/-Po3dSag_xI4khGkpoWK1HF6hhy/baike/c0%3Dbaike80%2C5%2C5%2C80%2C26/sign=5dabd1a07cd98d1062d904634056d36b/34fae6cd7b899e517cc57d4842a7d933c8950d26.jpg
https://gss0.bdstatic.com/94o3dSag_xI4khGkpoWK1HF6hhy/baike/c0%3Dbaike80%2C5%2C5%2C80%2C26/sign=41775353b80e7bec37d70bb34e47d25d/0e2442a7d933c895a935df27d11373f082020026.jpg
https://gss3.bdstatic.com/7Po3dSag_xI4khGkpoWK1HF6hhy/baike/c0%3Dbaike80%2C5%2C5%2C80%2C26/sign=c64ee93c4fc2d562e605d8bf8678fb8a/72f082025aafa40f348d8981ab64034f78f01926.jpg
https://gss1.bdstatic.com/9vo3dSag_xI4khGkpoWK1HF6hhy/baike/c0%3Dbaike80%2C5%2C5%2C80%2C26/sign=ceb4a70e8535e5dd8421ad8d17afcc8a/5bafa40f4bfbfbed2a12712378f0f736afc31f26.jpg
https://gss0.bdstatic.com/-4o3dSag_xI4khGkpoWK1HF6hhy/baike/c0%3Dbaike80%2C5%2C5%2C80%2C26/sign=61ab957d90ef76c6c4dff379fc7f969f/faedab64034f78f07340ddaf79310a55b3191c26.jpg
https://gss0.bdstatic.com/-4o3dSag_xI4khGkpoWK1HF6hhy/baike/c0%3Dbaike116%2C5%2C5%2C116%2C38/sign=4b8ec8db251f95cab2f89ae4a87e145b/a5c27d1ed21b0ef4c75155fbddc451da80cb3ede.jpg
https://gss2.bdstatic.com/9fo3dSag_xI4khGkpoWK1HF6hhy/baike/c0%3Dbaike116%2C5%2C5%2C116%2C38/sign=6f67fb7991ef76c6c4dff379fc7f969f/9358d109b3de9c825be2d0d76d81800a18d843e6.jpg

https://gss3.bdstatic.com/-Po3dSag_xI4khGkpoWK1HF6hhy/baike/c0%3Dbaike92%2C5%2C5%2C92%2C30/sign=a12616cf0cf431ada8df4b6b2a5fc7ca/ac6eddc451da81cb2a4a70905266d0160924313a.jpg
https://gss3.bdstatic.com/7Po3dSag_xI4khGkpoWK1HF6hhy/baike/c0%3Dbaike92%2C5%2C5%2C92%2C30/sign=6c476d09034f78f0940692a118586130/d439b6003af33a877efaf347c65c10385243b5dc.jpg
https://gss1.bdstatic.com/-vo3dSag_xI4khGkpoWK1HF6hhy/baike/c0%3Dbaike92%2C5%2C5%2C92%2C30/sign=1965f7c0cbef7609280691cd4fb4c8a9/50da81cb39dbb6fd47f7167b0924ab18972b373a.jpg
https://gss1.bdstatic.com/9vo3dSag_xI4khGkpoWK1HF6hhy/baike/c0%3Dbaike80%2C5%2C5%2C80%2C26/sign=3da58d96fbedab64607f4592965fc4a6/3bf33a87e950352a5ff6d6555343fbf2b3118bdc.jpg
https://gss2.bdstatic.com/9fo3dSag_xI4khGkpoWK1HF6hhy/baike/c0%3Dbaike80%2C5%2C5%2C80%2C26/sign=d1513d80ab64034f1bc0ca54ceaa1254/3b87e950352ac65c8a92952efbf2b21192138adc.jpg
https://gss1.bdstatic.com/9vo3dSag_xI4khGkpoWK1HF6hhy/baike/c0%3Dbaike80%2C5%2C5%2C80%2C26/sign=1565f7c0cbef7609280691cd4fb4c8a9/5366d0160924ab188eba126a35fae6cd7b890b3a.jpg
https://gss2.bdstatic.com/-fo3dSag_xI4khGkpoWK1HF6hhy/baike/c0%3Dbaike80%2C5%2C5%2C80%2C26/sign=e65a315bafc3793169658e7b8aaddc20/11385343fbf2b2110db97613ca8065380dd78edc.jpg
https://gss2.bdstatic.com/-fo3dSag_xI4khGkpoWK1HF6hhy/baike/c0%3Dbaike220%2C5%2C5%2C220%2C73/sign=6e5efdaa9f3df8dcb23087c3ac7819ee/d50735fae6cd7b8980c0c9de0f2442a7d9330e3a.jpg
https://gss0.bdstatic.com/94o3dSag_xI4khGkpoWK1HF6hhy/baike/c0%3Dbaike80%2C5%2C5%2C80%2C26/sign=835dbab48d1001e95a311c5dd9671089/e7cd7b899e510fb32fb584cad933c895d1430c3a.jpg
https://gss2.bdstatic.com/9fo3dSag_xI4khGkpoWK1HF6hhy/baike/c0%3Dbaike80%2C5%2C5%2C80%2C26/sign=a8ff7574ebc4b7452099bf44ae957572/9213b07eca806538ae7d574e97dda144ac3482dc.jpg
https://gss0.bdstatic.com/94o3dSag_xI4khGkpoWK1HF6hhy/baike/c0%3Dbaike92%2C5%2C5%2C92%2C30/sign=e23a306e738da9775a228e79d138937c/96dda144ad3459821a1d16cf0cf431adcaef84dc.jpg
https://gss2.bdstatic.com/9fo3dSag_xI4khGkpoWK1HF6hhy/baike/c0%3Dbaike92%2C5%2C5%2C92%2C30/sign=fff34358e5dde711f3df4ba4c686a57e/d01373f082025aaf8e9e8d96fbedab64034f1a3a.jpg
https://gss3.bdstatic.com/7Po3dSag_xI4khGkpoWK1HF6hhy/baike/c0%3Dbaike92%2C5%2C5%2C92%2C30/sign=57b34075367adab429dd1311eabdd879/30adcbef76094b360305e8b0a3cc7cd98c109ddc.jpg
https://gss2.bdstatic.com/9fo3dSag_xI4khGkpoWK1HF6hhy/baike/c0%3Dbaike92%2C5%2C5%2C92%2C30/sign=681e8c802e738bd4d02cba63c0e2ecb3/4a36acaf2edda3ccce734b7d01e93901203f92dc.jpg
https://gss1.bdstatic.com/-vo3dSag_xI4khGkpoWK1HF6hhy/baike/c0%3Dbaike92%2C5%2C5%2C92%2C30/sign=3e7e75718701a18be4e61a1dff466c6d/a2cc7cd98d1001e98cabe752b80e7bec55e797dc.jpg
https://gss0.bdstatic.com/-4o3dSag_xI4khGkpoWK1HF6hhy/baike/c0%3Dbaike92%2C5%2C5%2C92%2C30/sign=9bc035b3b48f8c54f7decd7d5b404690/f636afc379310a5587882da9b74543a98226103a.jpg
https://gss3.bdstatic.com/-Po3dSag_xI4khGkpoWK1HF6hhy/baike/c0%3Dbaike92%2C5%2C5%2C92%2C30/sign=166426939925bc313f5009ca3fb6e6d4/42a98226cffc1e17b1137f6c4a90f603738de93b.jpg
https://gss0.bdstatic.com/-4o3dSag_xI4khGkpoWK1HF6hhy/baike/c0%3Dbaike92%2C5%2C5%2C92%2C30/sign=bba2ee551f30e924dba994632d610563/7aec54e736d12f2e05925d3d4fc2d562843568dc.jpg
https://gss3.bdstatic.com/7Po3dSag_xI4khGkpoWK1HF6hhy/baike/c0%3Dbaike92%2C5%2C5%2C92%2C30/sign=568e7ef4a9014c080d3620f76b12696d/2e2eb9389b504fc26ac84358e5dde71191ef6ddc.jpg
https://gss0.bdstatic.com/94o3dSag_xI4khGkpoWK1HF6hhy/baike/c0%3Dbaike80%2C5%2C5%2C80%2C26/sign=c817ca9931adcbef15397654cdc645b8/b7fd5266d0160924b3ad5146d40735fae7cd34e6.jpg
https://gss0.bdstatic.com/94o3dSag_xI4khGkpoWK1HF6hhy/baike/c0%3Dbaike92%2C5%2C5%2C92%2C30/sign=f322583c0fb30f242197e451a9fcba26/eaf81a4c510fd9f95f81a634252dd42a2934a4dd.jpg
https://gss2.bdstatic.com/9fo3dSag_xI4khGkpoWK1HF6hhy/baike/c0%3Dbaike92%2C5%2C5%2C92%2C30/sign=b61ae8b0a3cc7cd9ee203c8b58684a5a/d1160924ab18972bceb2f397e6cd7b899f510ae6.jpg
https://gss3.bdstatic.com/7Po3dSag_xI4khGkpoWK1HF6hhy/baike/c0%3Dbaike92%2C5%2C5%2C92%2C30/sign=5ee86b26d11373f0e13267cdc566209e/d52a2834349b033bd41e0f8715ce36d3d439bddd.jpg
https://gss3.bdstatic.com/7Po3dSag_xI4khGkpoWK1HF6hhy/baike/c0%3Dbaike92%2C5%2C5%2C92%2C30/sign=1e5cff6c213fb80e18dc698557b8444b/34fae6cd7b899e511006c94942a7d933c9950de6.jpg
https://gss1.bdstatic.com/9vo3dSag_xI4khGkpoWK1HF6hhy/baike/c0%3Dbaike80%2C5%2C5%2C80%2C26/sign=48980ef8d143ad4bb2234e92e36b31ca/359b033b5bb5c9ea8465f0bed539b6003bf3b3dd.jpg
https://gss0.bdstatic.com/-4o3dSag_xI4khGkpoWK1HF6hhy/baike/c0%3Dbaike92%2C5%2C5%2C92%2C30/sign=ce0462624bfbfbedc8543e2d19999c53/c8ea15ce36d3d53922abfc9e3a87e950342ab0dd.jpg
https://gss1.bdstatic.com/-vo3dSag_xI4khGkpoWK1HF6hhy/baike/c0%3Dbaike92%2C5%2C5%2C92%2C30/sign=1364e943b9389b502cf2e800e45c8eb8/43a7d933c895d14388fe177e73f082025baf07e6.jpg
https://gss1.bdstatic.com/9vo3dSag_xI4khGkpoWK1HF6hhy/baike/c0%3Dbaike92%2C5%2C5%2C92%2C30/sign=9ae4be9df736afc31a013737d27080a1/3bf33a87e950352a5ff7d6555343fbf2b3118bdd.jpg
https://gss3.bdstatic.com/7Po3dSag_xI4khGkpoWK1HF6hhy/baike/c0%3Dbaike92%2C5%2C5%2C92%2C30/sign=9e8d5d3d4fc2d562e605d8bf8678fb8a/c995d143ad4bd1135445446f5aafa40f4afb05e6.jpg
https://gss2.bdstatic.com/9fo3dSag_xI4khGkpoWK1HF6hhy/baike/c0%3Dbaike92%2C5%2C5%2C92%2C30/sign=ffd74358e5dde711f3df4ba4c686a57e/d01373f082025aaf8eba8d96fbedab64024f1ae6.jpg

https://gss0.bdstatic.com/-4o3dSag_xI4khGkpoWK1HF6hhy/baike/c0%3Dbaike92%2C5%2C5%2C92%2C30/sign=8d0c0f84b251f819e5280b18bbdd2188/b3b7d0a20cf431ad7ff1ca964936acaf2edd987a.jpg
https://gss3.bdstatic.com/7Po3dSag_xI4khGkpoWK1HF6hhy/baike/c0%3Dbaike116%2C5%2C5%2C116%2C38/sign=3159f62a0e33874488c8272e3066b29c/faf2b2119313b07e0dfdf8720ed7912397dd8c0c.jpg
https://gss1.bdstatic.com/-vo3dSag_xI4khGkpoWK1HF6hhy/baike/c0%3Dbaike80%2C5%2C5%2C80%2C26/sign=e797da5abb12c8fca0fefe9f9d6af920/503d269759ee3d6dc0e72fb141166d224f4adea3.jpg
https://gss3.bdstatic.com/7Po3dSag_xI4khGkpoWK1HF6hhy/baike/c0%3Dbaike150%2C5%2C5%2C150%2C50/sign=56b3fbc4b119ebc4d4757ecbe34fa499/6f061d950a7b02085476fb4060d9f2d3562cc8d0.jpg

https://gss3.bdstatic.com/-Po3dSag_xI4khGkpoWK1HF6hhy/baike/c0%3Dbaike220%2C5%2C5%2C220%2C73/sign=801a83b4a18b87d6444fa34d6661435d/3c6d55fbb2fb43165e244bff20a4462309f7d37f.jpg
https://gss0.bdstatic.com/-4o3dSag_xI4khGkpoWK1HF6hhy/baike/c0%3Dbaike116%2C5%2C5%2C116%2C38/sign=1c3e1b85e924b899ca31716a0f6f76f0/54fbb2fb43166d227b4c2411462309f79052d27f.jpg
https://gss1.bdstatic.com/9vo3dSag_xI4khGkpoWK1HF6hhy/baike/c0%3Dbaike150%2C5%2C5%2C150%2C50/sign=43c6666cf2d3572c72ef948eeb7a0842/8644ebf81a4c510f90eed39f6059252dd42aa508.jpg
https://gss2.bdstatic.com/9fo3dSag_xI4khGkpoWK1HF6hhy/baike/c0%3Dbaike150%2C5%2C5%2C150%2C50/sign=28cef666572c11dfcadcb771024e09b5/eaf81a4c510fd9f99d3d64ec252dd42a2834a408.jpg
https://gss2.bdstatic.com/-fo3dSag_xI4khGkpoWK1HF6hhy/baike/c0%3Dbaike150%2C5%2C5%2C150%2C50/sign=bdd2b7a98701a18be4e61a1dff466c6d/42166d224f4a20a470250d4290529822720ed07f.jpg
https://gss3.bdstatic.com/-Po3dSag_xI4khGkpoWK1HF6hhy/baike/c0%3Dbaike150%2C5%2C5%2C150%2C50/sign=b9c4539911dfa9ece9235e4503b99c66/1b4c510fd9f9d72a2b4e2198d42a2834349bbb08.jpg

https://gss1.bdstatic.com/-vo3dSag_xI4khGkpoWK1HF6hhy/baike/c0%3Dbaike80%2C5%2C5%2C80%2C26/sign=102af765d539b60059c307e588395e4f/d000baa1cd11728b42f478a4c8fcc3cec2fd2c5e.jpg
https://gss1.bdstatic.com/-vo3dSag_xI4khGkpoWK1HF6hhy/baike/c0%3Dbaike80%2C5%2C5%2C80%2C26/sign=7267284e1a4c510fbac9ea4801304e48/960a304e251f95ca24eb6430c9177f3e6709521e.jpg
https://gss2.bdstatic.com/9fo3dSag_xI4khGkpoWK1HF6hhy/baike/c0%3Dbaike80%2C5%2C5%2C80%2C26/sign=039acd95dd54564ef168ec6bd2b7f7e7/f9198618367adab40023eac58bd4b31c8601e441.jpg
https://gss2.bdstatic.com/9fo3dSag_xI4khGkpoWK1HF6hhy/baike/c0%3Dbaike80%2C5%2C5%2C80%2C26/sign=bbed704b5266d0166a14967af642bf62/bf096b63f6246b608e0541f2ebf81a4c510fa229.jpg
https://gss1.bdstatic.com/9vo3dSag_xI4khGkpoWK1HF6hhy/baike/c0%3Dbaike80%2C5%2C5%2C80%2C26/sign=f65f3e6ad100baa1ae214fe92679d277/63d0f703918fa0ec6198978b269759ee3c6ddbdd.jpg
https://gss3.bdstatic.com/-Po3dSag_xI4khGkpoWK1HF6hhy/baike/c0%3Dbaike80%2C5%2C5%2C80%2C26/sign=45606159ce1b9d169eca923392b7dfea/79f0f736afc3793139f375afebc4b74542a91198.jpg
https://gss0.bdstatic.com/-4o3dSag_xI4khGkpoWK1HF6hhy/baike/c0%3Dbaike80%2C5%2C5%2C80%2C26/sign=9d2274689c82d158af8f51e3e16372bd/2f738bd4b31c8701eda04060277f9e2f0708ff26.jpg
https://gss0.bdstatic.com/94o3dSag_xI4khGkpoWK1HF6hhy/baike/c0%3Dbaike80%2C5%2C5%2C80%2C26/sign=7630a980acaf2eddc0fc41bbec796a8c/aa18972bd40735fae6f4993f9e510fb30f24082b.jpg
https://gss2.bdstatic.com/9fo3dSag_xI4khGkpoWK1HF6hhy/baike/c0%3Dbaike80%2C5%2C5%2C80%2C26/sign=87291f4caf51f3ded7bfb136f5879b7a/78310a55b319ebc4ad7aa11f8226cffc1e171631.jpg
https://gss0.bdstatic.com/-4o3dSag_xI4khGkpoWK1HF6hhy/baike/c0%3Dbaike92%2C5%2C5%2C92%2C30/sign=5927ba34b2b7d0a26fc40ccfaa861d6c/0ff41bd5ad6eddc4a5c9627d39dbb6fd5266330e.jpg
https://gss1.bdstatic.com/9vo3dSag_xI4khGkpoWK1HF6hhy/baike/c0%3Dbaike80%2C5%2C5%2C80%2C26/sign=86047d99070828387c00d446d9f0c264/37d12f2eb9389b50eeb936d48535e5dde6116ef6.jpg
https://gss3.bdstatic.com/7Po3dSag_xI4khGkpoWK1HF6hhy/baike/c0%3Dbaike80%2C5%2C5%2C80%2C26/sign=3d915dbf6b63f62408503151e62d809d/32fa828ba61ea8d33291a282970a304e241f5881.jpg
https://gss1.bdstatic.com/-vo3dSag_xI4khGkpoWK1HF6hhy/baike/c0%3Dbaike80%2C5%2C5%2C80%2C26/sign=c538a4b64c086e067ea5371963611091/8435e5dde71190ef0b67aa58ce1b9d16fcfa609c.jpg
https://gss1.bdstatic.com/9vo3dSag_xI4khGkpoWK1HF6hhy/baike/c0%3Dbaike80%2C5%2C5%2C80%2C26/sign=083bd3e3564e9258b2398ebcfdebba3d/8718367adab44aed2f6b8563b31c8701a18bfb0b.jpg
https://gss0.bdstatic.com/-4o3dSag_xI4khGkpoWK1HF6hhy/baike/c0%3Dbaike80%2C5%2C5%2C80%2C26/sign=a2c74581acaf2eddc0fc41bbec796a8c/aa18972bd40735fa3203753e9e510fb30e240841.jpg
https://gss1.bdstatic.com/9vo3dSag_xI4khGkpoWK1HF6hhy/baike/c0%3Dbaike80%2C5%2C5%2C80%2C26/sign=eaaccc4afc039245b5b8e95de6fdcfa7/54fbb2fb43166d2266282f13462309f79152d2dd.jpg
https://gss1.bdstatic.com/9vo3dSag_xI4khGkpoWK1HF6hhy/baike/c0%3Dbaike80%2C5%2C5%2C80%2C26/sign=45d353d734a85edfee81f671283d6246/f703738da97739124af9bfe6f8198618377ae25e.jpg
https://gss0.bdstatic.com/-4o3dSag_xI4khGkpoWK1HF6hhy/baike/c0%3Dbaike80%2C5%2C5%2C80%2C26/sign=248a35a895cad1c8c4b6f4751e570c6c/0b7b02087bf40ad1761de264572c11dfa8eccebf.jpg
https://gss1.bdstatic.com/-vo3dSag_xI4khGkpoWK1HF6hhy/baike/c0%3Dbaike80%2C5%2C5%2C80%2C26/sign=c4c7b531c9177f3e0439f45f11a650a2/0bd162d9f2d3572c04d0bb5b8a13632762d0c302.jpg
https://gss2.bdstatic.com/-fo3dSag_xI4khGkpoWK1HF6hhy/baike/c0%3Dbaike80%2C5%2C5%2C80%2C26/sign=690ffb93b899a9012f3853647cfc611e/4ec2d5628535e5dd912e825876c6a7efce1b6232.jpg
https://gss3.bdstatic.com/-Po3dSag_xI4khGkpoWK1HF6hhy/baike/c0%3Dbaike92%2C5%2C5%2C92%2C30/sign=ecbf33c89e2f07084b082252884dd3fc/3801213fb80e7bec3f8e22662f2eb9389a506be4.jpg
https://gss3.bdstatic.com/-Po3dSag_xI4khGkpoWK1HF6hhy/baike/c0%3Dbaike80%2C5%2C5%2C80%2C26/sign=cbff933765380cd7f213aabfc02dc651/a5c27d1ed21b0ef46054f4d9ddc451da80cb3efc.jpg
https://gss3.bdstatic.com/-Po3dSag_xI4khGkpoWK1HF6hhy/baike/c0%3Dbaike80%2C5%2C5%2C80%2C26/sign=9aa16c9dc65c10383073c690d378f876/c9fcc3cec3fdfc03e1b48f3fd43f8794a5c2266c.jpg
https://gss2.bdstatic.com/-fo3dSag_xI4khGkpoWK1HF6hhy/baike/c0%3Dbaike80%2C5%2C5%2C80%2C26/sign=0ea92c71a7efce1bfe26c098ce3898bb/024f78f0f736afc3e77750e2b319ebc4b7451239.jpg
https://gss1.bdstatic.com/9vo3dSag_xI4khGkpoWK1HF6hhy/baike/c0%3Dbaike80%2C5%2C5%2C80%2C26/sign=f9927ea895cad1c8c4b6f4751e570c6c/0b7b02087bf40ad1ab05a964572c11dfa8ecce50.jpg
https://gss1.bdstatic.com/9vo3dSag_xI4khGkpoWK1HF6hhy/baike/c0%3Dbaike80%2C5%2C5%2C80%2C26/sign=25368defccbf6c81e33a24badd57da50/b21c8701a18b87d69ecbc298070828381e30fda8.jpg
https://gss1.bdstatic.com/9vo3dSag_xI4khGkpoWK1HF6hhy/baike/c0%3Dbaike80%2C5%2C5%2C80%2C26/sign=7af415e30923dd54357eaf3ab060d8bb/b151f8198618367a6b53165a2e738bd4b21ce55b.jpg
https://gss2.bdstatic.com/9fo3dSag_xI4khGkpoWK1HF6hhy/baike/c0%3Dbaike80%2C5%2C5%2C80%2C26/sign=629a0ef4fbf2b211f0238d1cabe90e5d/fd039245d688d43ff536f9757d1ed21b0ff43b9d.jpg
https://gss1.bdstatic.com/-vo3dSag_xI4khGkpoWK1HF6hhy/baike/c0%3Dbaike80%2C5%2C5%2C80%2C26/sign=66390502c9ea15ce55e3e85bd7695196/3ac79f3df8dcd100dfa393a6728b4710b9122f7d.jpg
https://gss0.bdstatic.com/94o3dSag_xI4khGkpoWK1HF6hhy/baike/c0%3Dbaike80%2C5%2C5%2C80%2C26/sign=ba108784c895d143ce7bec711299e967/2934349b033b5bb5315d4b7936d3d539b700bcab.jpg

https://gss0.bdstatic.com/94o3dSag_xI4khGkpoWK1HF6hhy/baike/c0%3Dbaike116%2C5%2C5%2C116%2C38/sign=90b710a995cad1c8c4b6f4751e570c6c/7c1ed21b0ef41bd50d97e87251da81cb38db3d6b.jpg
https://gss1.bdstatic.com/9vo3dSag_xI4khGkpoWK1HF6hhy/baike/c0%3Dbaike150%2C5%2C5%2C150%2C50/sign=1dc7848333fa828bc52e95b19c762a51/d31b0ef41bd5ad6e7c3d646c81cb39dbb7fd3c6b.jpg
https://gss2.bdstatic.com/9fo3dSag_xI4khGkpoWK1HF6hhy/baike/c0%3Dbaike116%2C5%2C5%2C116%2C38/sign=3733e47ea786c9171c0e5a6ba8541baa/0ff41bd5ad6eddc4f323b47d39dbb6fd5366336b.jpg
https://gss2.bdstatic.com/9fo3dSag_xI4khGkpoWK1HF6hhy/baike/c0%3Dbaike150%2C5%2C5%2C150%2C50/sign=c2cd0d719f3df8dcb23087c3ac7819ee/9f510fb30f2442a76b31fe23d143ad4bd113027c.jpg
https://gss0.bdstatic.com/-4o3dSag_xI4khGkpoWK1HF6hhy/baike/c0%3Dbaike150%2C5%2C5%2C150%2C50/sign=267293a8a8d3fd1f2204aa6851274e7a/ac6eddc451da81cb9d22834b5266d0160824316b.jpg

https://gss0.bdstatic.com/94o3dSag_xI4khGkpoWK1HF6hhy/baike/c0%3Dbaike220%2C5%2C5%2C220%2C73/sign=c312b1e24f4a20a425133495f13bf347/37d3d539b6003af3ba833590352ac65c1038b601.jpg
https://gss1.bdstatic.com/9vo3dSag_xI4khGkpoWK1HF6hhy/baike/c0%3Dbaike180%2C5%2C5%2C180%2C60/sign=d4ff6e3b43166d222c7a1dc6274a6292/d439b6003af33a876854e9eac65c10385343b501.jpg
https://gss2.bdstatic.com/9fo3dSag_xI4khGkpoWK1HF6hhy/baike/c0%3Dbaike150%2C5%2C5%2C150%2C50/sign=d7ff6e3b43166d222c7a1dc6274a6292/b7003af33a87e950b72e1a9c10385343fbf2b401.jpg
https://gss0.bdstatic.com/-4o3dSag_xI4khGkpoWK1HF6hhy/baike/c0%3Dbaike150%2C5%2C5%2C150%2C50/sign=617b10d349540923be646b2cf331ba6c/bba1cd11728b471055d8133cc3cec3fdfd03234f.jpg
https://gss2.bdstatic.com/-fo3dSag_xI4khGkpoWK1HF6hhy/baike/c0%3Dbaike116%2C5%2C5%2C116%2C38/sign=824b5bca19d8bc3ed2050e98e3e2cd7b/738b4710b912c8fc2d04183dfc039245d788214f.jpg

https://gss2.bdstatic.com/9fo3dSag_xI4khGkpoWK1HF6hhy/baike/c0%3Dbaike92%2C5%2C5%2C92%2C30/sign=236401b476094b36cf9f13bfc2a517bc/80cb39dbb6fd5266c2dfc37fab18972bd50736e0.jpg
https://gss1.bdstatic.com/-vo3dSag_xI4khGkpoWK1HF6hhy/baike/c0%3Dbaike92%2C5%2C5%2C92%2C30/sign=3cf672557bec54e755e1124cd851f035/7a899e510fb30f245f6e1368c895d143ac4b03e0.jpg
https://gss0.bdstatic.com/-4o3dSag_xI4khGkpoWK1HF6hhy/baike/c0%3Dbaike92%2C5%2C5%2C92%2C30/sign=3fadc91478f0f736ccf344536b3cd87c/b7003af33a87e950a1e30c0710385343faf2b4e1.jpg
https://gss2.bdstatic.com/-fo3dSag_xI4khGkpoWK1HF6hhy/baike/c0%3Dbaike92%2C5%2C5%2C92%2C30/sign=5f466ab708fa513d45a7648c5c043e9e/f11f3a292df5e0fe57ec766a5c6034a85fdf72e1.jpg
https://gss1.bdstatic.com/9vo3dSag_xI4khGkpoWK1HF6hhy/baike/c0%3Dbaike92%2C5%2C5%2C92%2C30/sign=d508b745d21b0ef478e5900cbcad3abf/6c224f4a20a44623783d5a099822720e0df3d7e2.jpg
https://gss0.bdstatic.com/94o3dSag_xI4khGkpoWK1HF6hhy/baike/c0%3Dbaike92%2C5%2C5%2C92%2C30/sign=dd5fc02002087bf469e15fbb93ba3c49/8435e5dde71190efb60c6db4ce1b9d16fcfa60e2.jpg
https://gss2.bdstatic.com/9fo3dSag_xI4khGkpoWK1HF6hhy/baike/c0%3Dbaike92%2C5%2C5%2C92%2C30/sign=ba24bc9da7efce1bfe26c098ce3898bb/a50f4bfbfbedab642984b2abf736afc378311ee2.jpg
https://gss3.bdstatic.com/-Po3dSag_xI4khGkpoWK1HF6hhy/baike/c0%3Dbaike92%2C5%2C5%2C92%2C30/sign=52ef72c2a9014c080d3620f76b12696d/2e2eb9389b504fc26ea94f6ee5dde71191ef6de3.jpg
https://gss0.bdstatic.com/-4o3dSag_xI4khGkpoWK1HF6hhy/baike/c0%3Dbaike80%2C5%2C5%2C80%2C26/sign=d6476c45a8d3fd1f2204aa6851274e7a/e824b899a9014c083acad7ce0a7b02087af4f4ec.jpg
https://gss0.bdstatic.com/94o3dSag_xI4khGkpoWK1HF6hhy/baike/c0%3Dbaike92%2C5%2C5%2C92%2C30/sign=d91363b78a13632701e0ca61f0e6cb89/fcfaaf51f3deb48f44985eb5f01f3a292cf578ec.jpg
https://gss2.bdstatic.com/9fo3dSag_xI4khGkpoWK1HF6hhy/baike/c0%3Dbaike92%2C5%2C5%2C92%2C30/sign=a90309a6fc039245b5b8e95de6fdcfa7/503d269759ee3d6d3f3678a043166d224e4adeed.jpg
https://gss3.bdstatic.com/7Po3dSag_xI4khGkpoWK1HF6hhy/baike/c0%3Dbaike92%2C5%2C5%2C92%2C30/sign=6f21c2a1513d26973ade000f3492d99e/3b292df5e0fe992573fc963b34a85edf8cb171ed.jpg
https://gss1.bdstatic.com/9vo3dSag_xI4khGkpoWK1HF6hhy/baike/c0%3Dbaike92%2C5%2C5%2C92%2C30/sign=bfd940d9b9014a9095334eefc81e5277/64380cd7912397dd008a676f5982b2b7d1a287ee.jpg
https://gss0.bdstatic.com/94o3dSag_xI4khGkpoWK1HF6hhy/baike/c0%3Dbaike92%2C5%2C5%2C92%2C30/sign=ed00fc88d539b60059c307e588395e4f/71cf3bc79f3df8dc29ce70facd11728b461028ee.jpg
https://gss2.bdstatic.com/9fo3dSag_xI4khGkpoWK1HF6hhy/baike/c0%3Dbaike92%2C5%2C5%2C92%2C30/sign=a90109a6fc039245b5b8e95de6fdcfa7/503d269759ee3d6d3f3478a043166d224e4adeef.jpg
https://gss2.bdstatic.com/-fo3dSag_xI4khGkpoWK1HF6hhy/baike/c0%3Dbaike92%2C5%2C5%2C92%2C30/sign=a6deb1b754e736d14c1e845afa3924a7/9f510fb30f2442a7c7e302ced143ad4bd01302ef.jpg
https://gss2.bdstatic.com/9fo3dSag_xI4khGkpoWK1HF6hhy/baike/c0%3Dbaike92%2C5%2C5%2C92%2C30/sign=01cc4d5aa18b87d6444fa34d6661435d/7dd98d1001e9390193ef72557bec54e737d196e8.jpg
https://gss0.bdstatic.com/-4o3dSag_xI4khGkpoWK1HF6hhy/baike/c0%3Dbaike92%2C5%2C5%2C92%2C30/sign=ff58540a0fb30f242197e451a9fcba26/eaf81a4c510fd9f953fbaa02252dd42a2934a4e9.jpg
https://gss1.bdstatic.com/-vo3dSag_xI4khGkpoWK1HF6hhy/baike/c0%3Dbaike92%2C5%2C5%2C92%2C30/sign=6e046735ddc451dae2fb04b9d7943903/08f790529822720e79221d917bcb0a46f31fabe9.jpg
https://gss0.bdstatic.com/-4o3dSag_xI4khGkpoWK1HF6hhy/baike/c0%3Dbaike92%2C5%2C5%2C92%2C30/sign=b6c35948b07eca80060831b5f04afcb8/c2fdfc039245d688d0ed4dcfa4c27d1ed31b24e9.jpg

https://gss0.bdstatic.com/-4o3dSag_xI4khGkpoWK1HF6hhy/baike/c0%3Dbaike116%2C5%2C5%2C116%2C38/sign=33a5c6a742a7d933aba5ec21cc22ba76/8b82b9014a90f6034f9b60f43912b31bb051ed5e.jpg
https://gss3.bdstatic.com/7Po3dSag_xI4khGkpoWK1HF6hhy/baike/c0%3Dbaike116%2C5%2C5%2C116%2C38/sign=e6250116d143ad4bb2234e92e36b31ca/f703738da97739128c0d79d2f8198618367ae25e.jpg
https://gss2.bdstatic.com/9fo3dSag_xI4khGkpoWK1HF6hhy/baike/c0%3Dbaike116%2C5%2C5%2C116%2C38/sign=ef5d189073f08202399f996d2a929088/3812b31bb051f819c40efff9dab44aed2e73e75e.jpg
https://gss0.bdstatic.com/-4o3dSag_xI4khGkpoWK1HF6hhy/baike/c0%3Dbaike116%2C5%2C5%2C116%2C38/sign=37e64b815aafa40f28cbc68fca0d682a/b151f8198618367a9ea2836e2e738bd4b31ce55e.jpg
https://gss0.bdstatic.com/-4o3dSag_xI4khGkpoWK1HF6hhy/baike/c0%3Dbaike116%2C5%2C5%2C116%2C38/sign=b518fa79828ba61ecbe3c07d205dfc6f/c2cec3fdfc039245d2a51dbc8794a4c27d1e2574.jpg
https://gss0.bdstatic.com/94o3dSag_xI4khGkpoWK1HF6hhy/baike/c0%3Dbaike116%2C5%2C5%2C116%2C38/sign=a0fe349c4134970a537e187df4a3baad/d788d43f8794a4c275331b980ef41bd5ad6e3974.jpg
https://gss0.bdstatic.com/94o3dSag_xI4khGkpoWK1HF6hhy/baike/c0%3Dbaike116%2C5%2C5%2C116%2C38/sign=b0e68fa009f79052fb124f6c6d9abcaf/5ab5c9ea15ce36d3457b7f833af33a87e950b102.jpg
https://gss2.bdstatic.com/-fo3dSag_xI4khGkpoWK1HF6hhy/baike/c0%3Dbaike116%2C5%2C5%2C116%2C38/sign=9ab11e497bcb0a46912f836b0a0a9d41/3bf33a87e950352a501ed9bb5343fbf2b2118b02.jpg
https://gss3.bdstatic.com/-Po3dSag_xI4khGkpoWK1HF6hhy/baike/c0%3Dbaike116%2C5%2C5%2C116%2C38/sign=ad2dba0ea9773912d02b8d339970ed7d/0b7b02087bf40ad139f73b50572c11dfa9ecce76.jpg
https://gss1.bdstatic.com/-vo3dSag_xI4khGkpoWK1HF6hhy/baike/c0%3Dbaike116%2C5%2C5%2C116%2C38/sign=6b66a2e30c33874488c8272e3066b29c/faf2b2119313b07e57c2acbb0cd7912397dd8c02.jpg
https://gss0.bdstatic.com/-4o3dSag_xI4khGkpoWK1HF6hhy/baike/c0%3Dbaike116%2C5%2C5%2C116%2C38/sign=be9a836e2e738bd4d02cba63c0e2ecb3/8b13632762d0f703f5a1696f08fa513d2697c576.jpg
https://gss3.bdstatic.com/-Po3dSag_xI4khGkpoWK1HF6hhy/baike/c0%3Dbaike116%2C5%2C5%2C116%2C38/sign=f24d107ad72a6059461de948495d5ffe/0dd7912397dda1440e769001b2b7d0a20cf48602.jpg
https://gss1.bdstatic.com/9vo3dSag_xI4khGkpoWK1HF6hhy/baike/c0%3Dbaike150%2C5%2C5%2C150%2C50/sign=da3579d2f8198618554ae7d62b844516/a1ec08fa513d269730c0f4ee55fbb2fb4316d876.jpg
https://gss0.bdstatic.com/94o3dSag_xI4khGkpoWK1HF6hhy/baike/c0%3Dbaike150%2C5%2C5%2C150%2C50/sign=c322c5b08744ebf8797c6c6db890bc4f/5882b2b7d0a20cf499ef026c76094b36acaf9902.jpg
https://gss0.bdstatic.com/-4o3dSag_xI4khGkpoWK1HF6hhy/baike/c0%3Dbaike150%2C5%2C5%2C150%2C50/sign=b60e988cd9f9d72a0369184fb5434351/30adcbef76094b3600ede75ea3cc7cd98d109d02.jpg
https://gss3.bdstatic.com/-Po3dSag_xI4khGkpoWK1HF6hhy/baike/c0%3Dbaike150%2C5%2C5%2C150%2C50/sign=9b76fd18033b5bb5aada28ac57babe5c/7dd98d1001e93901927d718d7bec54e736d19602.jpg
https://gss2.bdstatic.com/9fo3dSag_xI4khGkpoWK1HF6hhy/baike/c0%3Dbaike150%2C5%2C5%2C150%2C50/sign=6f7b7f833af33a878a600848a7357b5d/55e736d12f2eb93821128641d5628535e5dd6f02.jpg
https://gss1.bdstatic.com/-vo3dSag_xI4khGkpoWK1HF6hhy/baike/c0%3Dbaike150%2C5%2C5%2C150%2C50/sign=87c520d3352ac65c73086e219a9bd974/b8389b504fc2d56238772c5ee71190ef76c66c02.jpg
https://gss2.bdstatic.com/9fo3dSag_xI4khGkpoWK1HF6hhy/baike/c0%3Dbaike150%2C5%2C5%2C150%2C50/sign=8026b2770ad162d991e36a4e70b6c289/6a600c338744ebf89862988cd9f9d72a6059a776.jpg
https://gss2.bdstatic.com/9fo3dSag_xI4khGkpoWK1HF6hhy/baike/c0%3Dbaike150%2C5%2C5%2C150%2C50/sign=003daaa462d0f703f2bf9d8e69933a58/6159252dd42a2834beb5cab85bb5c9ea15cebf76.jpg
https://gss0.bdstatic.com/-4o3dSag_xI4khGkpoWK1HF6hhy/baike/c0%3Dbaike150%2C5%2C5%2C150%2C50/sign=6d0664b75982b2b7b392319650c4a08a/b58f8c5494eef01ff66be476e0fe9925bc317d02.jpg
https://gss3.bdstatic.com/7Po3dSag_xI4khGkpoWK1HF6hhy/baike/c0%3Dbaike180%2C5%2C5%2C180%2C60/sign=1fe0c57731adcbef15397654cdc645b8/f11f3a292df5e0fe566775b25c6034a85edf7202.jpg
https://gss3.bdstatic.com/7Po3dSag_xI4khGkpoWK1HF6hhy/baike/c0%3Dbaike180%2C5%2C5%2C180%2C60/sign=748eb55a8d1001e95a311c5dd9671089/5fdf8db1cb134954de6114d7564e9258d1094a02.jpg
https://gss3.bdstatic.com/7Po3dSag_xI4khGkpoWK1HF6hhy/baike/c0%3Dbaike180%2C5%2C5%2C180%2C60/sign=8ba5ff522f2eb938f86072a0b40bee50/d009b3de9c82d15813fda502800a19d8bc3e4202.jpg
https://gss0.bdstatic.com/-4o3dSag_xI4khGkpoWK1HF6hhy/baike/c0%3Dbaike220%2C5%2C5%2C220%2C73/sign=43133a5db48f8c54f7decd7d5b404690/a9d3fd1f4134970adc0cec9c95cad1c8a7865d02.jpg
https://gss0.bdstatic.com/94o3dSag_xI4khGkpoWK1HF6hhy/baike/c0%3Dbaike220%2C5%2C5%2C220%2C73/sign=ccea975c8db1cb132a643441bc3d3d2b/c83d70cf3bc79f3d009e1883baa1cd11728b2902.jpg

https://gss0.bdstatic.com/-4o3dSag_xI4khGkpoWK1HF6hhy/baike/c0%3Dbaike150%2C5%2C5%2C150%2C50/sign=d5c124738a13632701e0ca61f0e6cb89/d8f9d72a6059252d1034a5ab349b033b5bb5b97a.jpg
https://gss3.bdstatic.com/7Po3dSag_xI4khGkpoWK1HF6hhy/baike/c0%3Dbaike150%2C5%2C5%2C150%2C50/sign=5e153506a9014c080d3620f76b12696d/d6ca7bcb0a46f21f0938e6fcf6246b600c33ae15.jpg
https://gss0.bdstatic.com/94o3dSag_xI4khGkpoWK1HF6hhy/baike/c0%3Dbaike150%2C5%2C5%2C150%2C50/sign=51ea31a1b13533fae1bb9b7cc9ba967a/7c1ed21b0ef41bd5e55c505b51da81cb39db3d15.jpg
https://gss0.bdstatic.com/94o3dSag_xI4khGkpoWK1HF6hhy/baike/c0%3Dbaike180%2C5%2C5%2C180%2C60/sign=5921fe6f82025aafc73f76999a84c001/b21c8701a18b87d6af4d13b0070828381f30fd16.jpg
https://gss3.bdstatic.com/7Po3dSag_xI4khGkpoWK1HF6hhy/baike/c0%3Dbaike150%2C5%2C5%2C150%2C50/sign=b23fccab970a304e462fa8a8b0a1cce3/80cb39dbb6fd52669f3684bbab18972bd407367b.jpg
https://gss2.bdstatic.com/-fo3dSag_xI4khGkpoWK1HF6hhy/baike/c0%3Dbaike150%2C5%2C5%2C150%2C50/sign=a91064bbb899a9012f3853647cfc611e/0df3d7ca7bcb0a46443f33966b63f6246b60af04.jpg

https://gss1.bdstatic.com/9vo3dSag_xI4khGkpoWK1HF6hhy/baike/c0%3Dbaike92%2C5%2C5%2C92%2C30/sign=41ef4adfbd3eb13550cabfe9c777c3b6/b21c8701a18b87d6e69acd28060828381f30fd29.jpg
https://gss0.bdstatic.com/-4o3dSag_xI4khGkpoWK1HF6hhy/baike/c0%3Dbaike92%2C5%2C5%2C92%2C30/sign=9b12ed15c9fcc3cea0cdc161f32cbded/908fa0ec08fa513dfa950de93c6d55fbb2fbd9ce.jpg
https://gss1.bdstatic.com/9vo3dSag_xI4khGkpoWK1HF6hhy/baike/c0%3Dbaike92%2C5%2C5%2C92%2C30/sign=e7f64fd2ac6eddc432eabca958b2dd98/472309f7905298229b0c58f4d6ca7bcb0a46d4ce.jpg

https://gss0.bdstatic.com/-4o3dSag_xI4khGkpoWK1HF6hhy/baike/c0%3Dbaike92%2C5%2C5%2C92%2C30/sign=f32616a0d833c895b2739029b07a1895/d8f9d72a6059252d28287c33359b033b5bb5b9ce.jpg

https://gss0.bdstatic.com/94o3dSag_xI4khGkpoWK1HF6hhy/baike/c0%3Dbaike92%2C5%2C5%2C92%2C30/sign=f3eeff63024f78f0940692a118586130/d439b6003af33a87e153612dc75c10385343b5ce.jpg
https://gss1.bdstatic.com/9vo3dSag_xI4khGkpoWK1HF6hhy/baike/c0%3Dbaike92%2C5%2C5%2C92%2C30/sign=fac7e34242a98226accc2375ebebd264/faf2b2119313b07edb83313f0dd7912397dd8cce.jpg
https://gss3.bdstatic.com/-Po3dSag_xI4khGkpoWK1HF6hhy/baike/c0%3Dbaike92%2C5%2C5%2C92%2C30/sign=ede5208aa8773912d02b8d339970ed7d/a044ad345982b2b7cb445ff330adcbef76099b29.jpg

https://gss3.bdstatic.com/-Po3dSag_xI4khGkpoWK1HF6hhy/baike/c0%3Dbaike92%2C5%2C5%2C92%2C30/sign=fa26ff1f962bd40756cadbaf1ae0f534/bf096b63f6246b60ff31d343eaf81a4c510fa2ce.jpg

https://gss3.bdstatic.com/7Po3dSag_xI4khGkpoWK1HF6hhy/baike/c0%3Dbaike150%2C5%2C5%2C150%2C50/sign=dd54ab87c895d143ce7bec711299e967/dbb44aed2e738bd42ceff5b5a18b87d6267ff96c.jpg
https://gss2.bdstatic.com/-fo3dSag_xI4khGkpoWK1HF6hhy/baike/c0%3Dbaike150%2C5%2C5%2C150%2C50/sign=f6ac7f4031adcbef15397654cdc645b8/3b292df5e0fe99259a3f2fd434a85edf8db17106.jpg
https://gss0.bdstatic.com/-4o3dSag_xI4khGkpoWK1HF6hhy/baike/c0%3Dbaike116%2C5%2C5%2C116%2C38/sign=05467a97dd54564ef168ec6bd2b7f7e7/7e3e6709c93d70cf77d5ec89f8dcd100baa12b02.jpg
https://gss1.bdstatic.com/-vo3dSag_xI4khGkpoWK1HF6hhy/baike/c0%3Dbaike116%2C5%2C5%2C116%2C38/sign=4431aee0564e9258b2398ebcfdebba3d/6609c93d70cf3bc7d22f8b68d100baa1cd112a02.jpg
https://gss2.bdstatic.com/-fo3dSag_xI4khGkpoWK1HF6hhy/baike/c0%3Dbaike150%2C5%2C5%2C150%2C50/sign=79e66da38a82b90129a0cb6112e4c212/f3d3572c11dfa9ec3c09109362d0f703918fc10b.jpg

https://gss2.bdstatic.com/9fo3dSag_xI4khGkpoWK1HF6hhy/baike/c0%3Dbaike150%2C5%2C5%2C150%2C50/sign=30ec17aa6963f62408503151e62d809d/902397dda144ad349b711b14d2a20cf430ad8553.jpg
https://gss1.bdstatic.com/-vo3dSag_xI4khGkpoWK1HF6hhy/baike/c0%3Dbaike150%2C5%2C5%2C150%2C50/sign=a9819c722d2eb938f86072a0b40bee50/b2de9c82d158ccbf91e72aa91bd8bc3eb03541ce.jpg

https://gss3.bdstatic.com/-Po3dSag_xI4khGkpoWK1HF6hhy/baike/c0%3Dbaike92%2C5%2C5%2C92%2C30/sign=57649ab179cb0a46912f836b0a0a9d41/9d82d158ccbf6c81db9d54a3be3eb13532fa40d6.jpg
https://gss0.bdstatic.com/-4o3dSag_xI4khGkpoWK1HF6hhy/baike/c0%3Dbaike150%2C5%2C5%2C150%2C50/sign=73b9f44399504fc2b652b85784b48c74/d058ccbf6c81800a454ff145b33533fa838b47d6.jpg

https://gss3.bdstatic.com/7Po3dSag_xI4khGkpoWK1HF6hhy/baike/c0%3Dbaike92%2C5%2C5%2C92%2C30/sign=12427f04d1c8a786aa27425c0660a258/4d086e061d950a7b3555913a0ad162d9f3d3c9e8.jpg
https://gss3.bdstatic.com/7Po3dSag_xI4khGkpoWK1HF6hhy/baike/c0%3Dbaike116%2C5%2C5%2C116%2C38/sign=7a1138d50ef41bd5ce5ee0a630b3eaae/72f082025aafa40f4cf41123ab64034f78f01919.jpg
https://gss1.bdstatic.com/9vo3dSag_xI4khGkpoWK1HF6hhy/baike/c0%3Dbaike116%2C5%2C5%2C116%2C38/sign=6286749f0fb30f242197e451a9fcba26/cefc1e178a82b901539f1ccd738da9773912ef1a.jpg
https://gss3.bdstatic.com/-Po3dSag_xI4khGkpoWK1HF6hhy/baike/c0%3Dbaike150%2C5%2C5%2C150%2C50/sign=d0cb5d8b43a98226accc2375ebebd264/03087bf40ad162d9c9dcbde211dfa9ec8a13cd1a.jpg
https://gss2.bdstatic.com/9fo3dSag_xI4khGkpoWK1HF6hhy/baike/c0%3Dbaike150%2C5%2C5%2C150%2C50/sign=3d804b8aad345982d187edc06d9d5ac8/f2deb48f8c5494ee5a42d0e72df5e0fe98257ee8.jpg
https://gss3.bdstatic.com/-Po3dSag_xI4khGkpoWK1HF6hhy/baike/c0%3Dbaike116%2C5%2C5%2C116%2C38/sign=f2804a2208fa513d45a7648c5c043e9e/8644ebf81a4c510fbaf63de46059252dd42aa51a.jpg
https://gss0.bdstatic.com/-4o3dSag_xI4khGkpoWK1HF6hhy/baike/c0%3Dbaike116%2C5%2C5%2C116%2C38/sign=e1a80a309925bc313f5009ca3fb6e6d4/fc1f4134970a304ee9427f04d1c8a786c8175ce8.jpg
https://gss3.bdstatic.com/-Po3dSag_xI4khGkpoWK1HF6hhy/baike/c0%3Dbaike116%2C5%2C5%2C116%2C38/sign=d0ba232415ce36d3b6098b625b9a51e2/30adcbef76094b3627a0c413a3cc7cd98d109d1a.jpg
https://gss2.bdstatic.com/-fo3dSag_xI4khGkpoWK1HF6hhy/baike/c0%3Dbaike150%2C5%2C5%2C150%2C50/sign=6c8f8ff60cd79123f4ed9c26cc5d32e7/cf1b9d16fdfaaf5155d15e418c5494eef01f7a1a.jpg
https://gss3.bdstatic.com/-Po3dSag_xI4khGkpoWK1HF6hhy/baike/c0%3Dbaike116%2C5%2C5%2C116%2C38/sign=14ede5ea42a7d933aba5ec21cc22ba76/8b82b9014a90f60368d343b93912b31bb151ede9.jpg
https://gss3.bdstatic.com/-Po3dSag_xI4khGkpoWK1HF6hhy/baike/c0%3Dbaike272%2C5%2C5%2C272%2C90/sign=526bd934828ba61ecbe3c07d205dfc6f/c2cec3fdfc03924535d63ef18794a4c27c1e25e9.jpg
https://gss2.bdstatic.com/-fo3dSag_xI4khGkpoWK1HF6hhy/baike/c0%3Dbaike92%2C5%2C5%2C92%2C30/sign=d33d6ffbe5dde711f3df4ba4c686a57e/d01373f082025aafa250a135fbedab64024f1ae9.jpg
https://gss2.bdstatic.com/9fo3dSag_xI4khGkpoWK1HF6hhy/baike/c0%3Dbaike92%2C5%2C5%2C92%2C30/sign=a6d0669a94eef01f591910978197f240/78310a55b319ebc4a51aa9678226cffc1f1716e9.jpg
https://gss2.bdstatic.com/-fo3dSag_xI4khGkpoWK1HF6hhy/baike/c0%3Dbaike150%2C5%2C5%2C150%2C50/sign=ef28d3dcb31bb0519b29bb7a5713b1d1/f603918fa0ec08fa1762cc5959ee3d6d54fbdaea.jpg
https://gss0.bdstatic.com/-4o3dSag_xI4khGkpoWK1HF6hhy/baike/c0%3Dbaike150%2C5%2C5%2C150%2C50/sign=0686181d572c11dfcadcb771024e09b5/eaf81a4c510fd9f9b3758a97252dd42a2934a4ea.jpg
https://gss2.bdstatic.com/-fo3dSag_xI4khGkpoWK1HF6hhy/baike/c0%3Dbaike92%2C5%2C5%2C92%2C30/sign=1daf68cc5aafa40f28cbc68fca0d682a/023b5bb5c9ea15ce588c3ff7b6003af33b87b2ea.jpg
https://gss3.bdstatic.com/-Po3dSag_xI4khGkpoWK1HF6hhy/baike/c0%3Dbaike220%2C5%2C5%2C220%2C73/sign=212c4e2c1e178a82da3177f2976a18e8/0b7b02087bf40ad1c1d37303572c11dfa9ecce1f.jpg
https://gss1.bdstatic.com/-vo3dSag_xI4khGkpoWK1HF6hhy/baike/c0%3Dbaike92%2C5%2C5%2C92%2C30/sign=c77bf899d7ca7bcb6976cf7ddf600006/b2de9c82d158ccbfd9f4746019d8bc3eb1354124.jpg
https://gss1.bdstatic.com/-vo3dSag_xI4khGkpoWK1HF6hhy/baike/c0%3Dbaike92%2C5%2C5%2C92%2C30/sign=de61bd3e0923dd54357eaf3ab060d8bb/728da9773912b31ba5230c738618367adab4e119.jpg
https://gss3.bdstatic.com/7Po3dSag_xI4khGkpoWK1HF6hhy/baike/c0%3Dbaike150%2C5%2C5%2C150%2C50/sign=4dda13d56a63f62408503151e62d809d/902397dda144ad34e6471f6bd1a20cf430ad8566.jpg
https://gss0.bdstatic.com/94o3dSag_xI4khGkpoWK1HF6hhy/baike/c0%3Dbaike80%2C5%2C5%2C80%2C26/sign=d5c6715fe5dde711f3df4ba4c686a57e/a50f4bfbfbedab6403eb8c9af736afc378311eca.jpg
https://gss1.bdstatic.com/9vo3dSag_xI4khGkpoWK1HF6hhy/baike/c0%3Dbaike150%2C5%2C5%2C150%2C50/sign=352313efe5cd7b89fd6132d16e4d29c2/a8773912b31bb051193da00d357adab44aede0fe.jpg

https://gss1.bdstatic.com/-vo3dSag_xI4khGkpoWK1HF6hhy/baike/c0%3Dbaike150%2C5%2C5%2C150%2C50/sign=cff9a1bdb3de9c82b268f1dd0de8eb6f/c2cec3fdfc0392458b29a48b8794a4c27c1e2591.jpg
https://gss3.bdstatic.com/7Po3dSag_xI4khGkpoWK1HF6hhy/baike/c0%3Dbaike272%2C5%2C5%2C272%2C90/sign=dd2ad6aaa8d3fd1f2204aa6851274e7a/fd039245d688d43fd835d4767d1ed21b0ff43b91.jpg
https://gss3.bdstatic.com/-Po3dSag_xI4khGkpoWK1HF6hhy/baike/c0%3Dbaike116%2C5%2C5%2C116%2C38/sign=22aee7be304e251ff6faecaac6efa272/8694a4c27d1ed21b6d6e6b61ad6eddc450da3f8a.jpg
https://gss2.bdstatic.com/-fo3dSag_xI4khGkpoWK1HF6hhy/baike/c0%3Dbaike92%2C5%2C5%2C92%2C30/sign=a6fed147d42a283457ab3e593adca28f/241f95cad1c8a7860fb08b546709c93d71cf50d6.jpg
https://gss2.bdstatic.com/-fo3dSag_xI4khGkpoWK1HF6hhy/baike/c0%3Dbaike92%2C5%2C5%2C92%2C30/sign=4d4e88b38d1001e95a311c5dd9671089/aa18972bd40735fa084f8fe39e510fb30f240829.jpg
