
http://www.mchh688.com/pic1/084.jpg	http://www.mchh688.com/cp18.htm
http://pic3.nipic.com/20090617/2721555_012931612_2.jpg	http://www.nipic.com/show/1/44/0763ab7431eea0ae.html
http://pic3.nipic.com/20090617/2721555_011354852_2.jpg	http://www.nipic.com/show/1/44/8cc5baa4debb45db.html
http://www.51hm.cn/zwpic/%E7%BE%8E%E5%9B%BD%E8%96%84%E8%8D%B73.jpg	http://www.51hm.cn/zw/zwshow.asp?zwid=2020
https://www.huabaike.com/uploads/allimg/sltimg/201605/5732f5345e6dc.jpg	https://www.huabaike.com/cbzw/3321.html
http://pic3.nipic.com/20090617/2721555_012805794_2.jpg	http://www.nipic.com/show/1/44/2d9dfea34c6aab18.html
https://www.huabaike.com/uploads/allimg/20130227/13022G02S7978280-L.jpg	https://www.huabaike.com/huahuidaquan/201302/1504.html
http://a1.att.hudong.com/46/05/20200000013920144736053955347_s.jpg	http://www.baike.com/wiki/%E7%BE%8E%E5%9B%BD%E8%96%84%E8%8D%B7
http://www.mchh688.com/pic1/083.jpg	http://www.mchh688.com/cp18.htm
https://www.huabaike.com/uploads/allimg/sltimg/201612/58637943e50ea.jpg	https://www.huabaike.com/cbzw/3321.html
https://myfoodandflowers.files.wordpress.com/2014/07/beebalm-1-2-medium-2.jpg	https://myfoodandflowers.wordpress.com/2014/07/20/beebalm-monarda-%E7%BE%8E%E5%9C%8B%E8%96%84%E8%8D%B7/
https://www.huabaike.com/uploads/allimg/artimg/201605/20160511170153_25696.jpg	https://www.huabaike.com/hyjk/3329.html
http://gate.sinovision.net:82/gate/big5/cdnwww.sinovision.net/data/attachment/album/201308/06/183750jtjjt383r87dd24j.jpg	http://gate.sinovision.net:82/gate/big5/blog.sinovision.net/space/do/blog/uid/30435/id/208186.html
http://s2.zimgs.cn/ims?kt=url&at=ori&key=aHR0cDovL2guaGlwaG90b3MuYmFpZHUuY29tL2JhaWtlL3MlM0QyMjAvc2lnbj1kOGQzY2I5NDg3MzVlNWRkOTQyY2EyZGQ0NmM3YTdmNS80MDM0OTcwYTMwNGUyNTFmMDJkYmNmM2VhNTg2YzkxNzdlM2U1M2MzLmpwZw==&sign=yx:iQ7DhTzPnEADlGod_wvMV7sAXEE=&tv=0_0&x.jpg	http://www.baike.com/wiki/%E7%BE%8E%E5%9B%BD%E8%96%84%E8%8D%B7
http://www.51hm.cn/zwpic/%E7%BE%8E%E5%9B%BD%E8%96%84%E8%8D%B72.jpg	http://www.51hm.cn/zw/zwshow.asp?zwid=2020
https://www.huabaike.com/uploads/allimg/artimg/201605/20160511170013_66997.jpg	https://www.huabaike.com/jtyh/3327.html
https://www.huabaike.com/uploads/allimg/sltimg/201605/5732f4e301a2e.jpg	https://www.huabaike.com/cbzw/3321.html
http://www.senmeimiaomu.com/UploadFiles/201591791521800.jpg	http://www.senmeimiaomu.com/exhibit.asp?BigClassName=%C3%C0%B9%FA%B1%A1%BA%C9
http://img.028hmw.com/baike/pic/090525511482200957175047017[1].jpg	http://www.028hmw.com/baike/view/741.html
http://www.hi.chinanews.com/zt/2012/1214/U57P16T37D28432F689DT20121214090915.jpg	http://www.hi.chinanews.com/zt/2012/1214/28431_2.html
https://i2.read01.com/uploads/0EbaFzy9Za.jpg	https://read01.com/OxA52G.html
http://b2b.image.yuanlin.com/Biz/2007-11/200711301544359998.jpg	http://www.770790.net/%E8%96%84%E8%8D%B7%E8%93%9D%E8%8A%B1/
https://www.huabaike.com/uploads/allimg/artimg/201612/20161228163638_39731.jpg	https://www.huabaike.com/jtyh/6518.html
http://image.yuanlin.com/News/UploadFiles/2012/2/6b434c5e-3895-4b15-b13a-773a1bb739d5.jpg	http://news.yuanlin.com/detail/2012210/95823.htm
http://www.iyanghua.com/f/meiguobaohe/200914211832_2.jpg	http://www.iyanghua.com/f/meiguobaohe/
https://www.huabaike.com/uploads/allimg/artimg/201605/20160511165646_70715.jpg	https://www.huabaike.com/jtyh/3323.html
http://tupian.enterdesk.com/uploadfile/2013/1009/20131009083314450.jpg	http://tu.enterdesk.com/pic/1511.html
http://opic.tbscache.com/manage/articles/2014/07-31/08A354C0-EA95-53F6-6A84-47A4EF28F33F.jpg	http://www.tobosu.com/article/2014-07-31/114380.html
http://img002.mllres.com//images/upload/%E7%BE%8E%E5%9B%BD%E8%96%84%E8%8D%B703.jpg	http://www.meilele.com/article/shipin/38813.html
https://img.alicdn.com/bao/uploaded/i1/TB16mrrQVXXXXXzXpXXXXXXXXXX_!!0-item_pic.jpg_b.jpg	https://www.tmall.com/mlist/cp_w8C5-rGhusnP47Ld.html
http://www.zhongzi.net/files/allimg/151126/1-151126025923252.jpg	http://m.zhongzi.net/herbs/meiguobohe.htm
http://img17.3lian.com/d/file/201703/16/a8dbeee6957bf5b4a475ea802bc61719.jpg	http://www.rwxzc.com/gif/2017/03-16/154792.html
https://upload.wikimedia.org/wikipedia/commons/3/3a/Wild_Bergamot%2C_Ottawa.jpg	https://zh.wikipedia.org/wiki/%E6%8B%9F%E7%BE%8E%E5%9B%BD%E8%96%84%E8%8D%B7
https://www.huabaike.com/uploads/allimg/artimg/201605/20160511170202_90804.jpg	https://www.huabaike.com/hyjk/3329.html
http://www-img1.kyp.com/image/0000/0216/216417.jpg	http://www.kyp.com/brand-news/805/847.html
https://gw.alicdn.com/bao/uploaded/i4/2500275520/TB2fI96bwwjyKJjSsppXXaxUpXa_!!2500275520.jpg_230x230.jpg	https://www.taobao.com/oshtml/buy-cn/cp_w8C5-rGhusm_2s_jzMc.html
http://sygxyl.com/upLoad/product/month_1606/201606071514389870.jpg	http://sygxyl.com/content/?980.html
https://cbu01.alicdn.com/img/ibank/2016/927/266/3032662729_1300944875.220x220.jpg	http://www.1688.com/chanpin/-C3C0B9FAB1A1BAC9D6D6D7D3.html
http://www.sannxx.com/uploads/allimg/160404/1-160404145611952.jpg	http://www.sannxx.com/zhongzhi/huahui/2253.html
https://gw.alicdn.com/bao/uploaded/i2/118639370/TB2d_aFckUkyKJjy1zjXXX1wFXa_!!118639370.jpg_230x230.jpg	https://www.taobao.com/oshtml/buy-cn/cp_w8C5-rGhusnRwM_f.html
http://sygxyl.com/upLoad/product/month_1606/201606071514227449.jpg	http://sygxyl.com/content/?980.html
https://gw.alicdn.com/bao/uploaded/i2/TB1_C_OSpXXXXa9apXXYXGcGpXX_M2.SS2_230x230.jpg	https://www.taobao.com/oshtml/buy-cn/cp_w8C5-rGhusnOttHM080.html
https://cbu01.alicdn.com/img/ibank/2017/316/257/4150752613_1259148201.220x220.jpg	http://www.1688.com/chanpin/-C3C0B9FAB1A1BAC9D6D6D7D3.html
https://b-ssl.duitang.com/uploads/blog/201411/16/20141116185006_EHTKM.thumb.700_0.jpeg	https://www.duitang.com/blog/?id=245028317
https://gw.alicdn.com/bao/uploaded/i4/2574975049/TB2WvYsrChlpuFjSspkXXa1ApXa_!!2574975049.jpg_230x230.jpg	https://www.taobao.com/oshtml/buy-cn/cp_w8C5-rGhusnLrLf0y64.html
http://www.hxzyy.com.cn/uploadfile/20102715481797023.jpg	http://www.hxzyy.com.cn/product_detail_1256.html
https://gw.alicdn.com/bao/uploaded/i3/TB1ipNBGFXXXXXxXVXXXXXXXXXX_!!0-item_pic.jpg_230x230.jpg	https://www.taobao.com/oshtml/buy-cn/cp_w8C5-rGhusnW1tfT.html
http://sygxyl.com/upLoad/product/month_1606/201606071514107671.jpg	http://sygxyl.com/content/?980.html
http://b2b.image.yuanlin.com/Biz/2014-9/201409100256213301.jpg	http://bantrx.yuanlin.com/sell-m950334.html
https://cbu01.alicdn.com/img/ibank/2016/705/343/3094343507_898270456.400x400.jpg	http://detail.1688.com/offer/532924046896.html
http://www.hllhz.com/Mobile/UploadFiles/Others/201608200937594531412.jpg_250X168.jpg	http://www.hllhz.com/Mobile/MProducts/mgbhhhzz_page1.html
https://cbu01.alicdn.com/img/ibank/2017/870/558/4184855078_128663992.220x220.jpg	http://www.1688.com/chanpin/-C3C0B9FAB1A1BAC9D6D6D7D3.html
https://gw.alicdn.com/bao/uploaded/i4/207138864/TB2YTjrX.3iyKJjy1zeXXbxZFXa_!!207138864.jpg_230x230.jpg	https://www.taobao.com/oshtml/buy-cn/cp_w8C5-rGhusmy6A.html
https://gw.alicdn.com/bao/uploaded/i2/281961465/TB2bZsZqipnpuFjSZFkXXc4ZpXa_!!281961465.jpg_230x230.jpg	https://www.taobao.com/oshtml/buy-cn/cp_w8C5-rGhusnLrLf0y64.html
https://gw.alicdn.com/bao/uploaded/i3/370581544/TB2Xv5koHtlpuFjSspfXXXLUpXa_!!370581544.jpg_230x230.jpg	https://www.taobao.com/oshtml/buy-cn/cp_z-O428PAufqxobrJzMc.html
https://cbu01.alicdn.com/img/ibank/2016/925/498/3738894529_1158769872.220x220.jpg	http://www.1688.com/chanpin/-C3C0B9FAB1A1BAC9D6D6D7D3.html
http://www.baidahuahui.com/Upload/thumb_58cb8198ea288_bateditor.jpg	http://www.baidahuahui.com/chanpin/hfd/show704.html
https://gw.alicdn.com/bao/uploaded/i3/209666/TB2ejwtaiPlJuJjSZFmXXckVXXa_!!209666.jpg_230x230.jpg	https://www.taobao.com/oshtml/buy-cn/cp_w8C5-rGhusm_2s_jzMc.html
https://gw.alicdn.com/bao/uploaded/i2/906816309/TB29nB6iUlnpuFjSZFjXXXTaVXa_!!906816309.jpg_230x230.jpg	https://www.taobao.com/oshtml/buy-cn/cp_w8C5-rGhusnLrLf0y64.html
https://cbu01.alicdn.com/img/ibank/2015/650/114/1932411056_788509921.400x400.jpg	http://detail.1688.com/offer/43538729595.html
https://cbu01.alicdn.com/img/ibank/2016/343/422/3171224343_1366802945.220x220.jpg	http://www.1688.com/jiage/-C3C0B9FAB1A1BAC9.html
http://sygxyl.com/upLoad/product/month_1606/201606071514171293.jpg	http://sygxyl.com/content/?980.html
http://s15.sinaimg.cn/mw690/001znw5Pzy7coIpG6gSee&690	http://blog.sina.com.cn/s/blog_55c404410102xnl2.html
https://gw.alicdn.com/bao/uploaded/i2/115503257/TB2voA9yOpnpuFjSZFkXXc4ZpXa_!!115503257.jpg_230x230.jpg	https://www.taobao.com/oshtml/buy-cn/cp_w8C5-rGhusnW1tfT.html
https://gw.alicdn.com/bao/uploaded/i4/T1rrdLXclpXXaz7eAU_014403.jpg_460x460xz.jpg	https://www.taobao.com/oshtml/imagelist-cn/guang-576O5Zu96JaE6I2356eN5a2Q.htm
https://cbu01.alicdn.com/img/ibank/2015/811/240/2221042118_1374213954.220x220.jpg	http://www.1688.com/chanpin/-C3C0B9FAB1A1BAC9D6D6D7D3.html
http://www.iyanghua.com/f/meiguobaohe/200928122806_2.jpg	http://www.iyanghua.com/f/meiguobaohe/
https://cbu01.alicdn.com/img/ibank/2016/977/798/3016897779_1188526775.220x220.jpg	http://www.1688.com/jiage/-C3C0B9FAB1A1BAC9.html
https://cbu01.alicdn.com/img/ibank/2016/663/315/3412513366_1381555548.220x220.jpg	http://www.1688.com/chanpin/-C3C0B9FAB1A1BAC9CCC7.html
https://gw.alicdn.com/bao/uploaded/i1/TB1NBWwGpXXXXXgXFXXXXXXXXXX_!!0-item_pic.jpg_460x460xz.jpg	https://www.taobao.com/oshtml/imagelist-cn/guang-576O5Zu96JaE6I2356eN5a2Q.htm
https://gw.alicdn.com/bao/uploaded/i4/TB1Twz1RVXXXXXvXpXXXXXXXXXX_!!0-item_pic.jpg_230x230.jpg	https://www.taobao.com/oshtml/buy-cn/cp_w8C5-rGhusnD5sSk.html
http://s2.zimgs.cn/ims?kt=url&at=ori&key=aHR0cDovL2QuaGlwaG90b3MuYmFpZHUuY29tL2JhaWtlL3MlM0QyMjAvc2lnbj0wM2E0MDFjNmViMjRiODk5ZGEzYzdlM2E1ZTA0MWQ1OS82YTYwMGMzMzg3NDRlYmY4MzFkMDRmZjlkYmY5ZDcyYTYxNTlhNzU2LmpwZw==&sign=yx:n5XIoOkGR-9HZvDYrJtBqpuq2k4=&tv=0_0&x.jpg	http://www.baike.com/wiki/%E7%BE%8E%E5%9B%BD%E8%96%84%E8%8D%B7
https://gw.alicdn.com/bao/uploaded/i2/311903763/TB2oMz1q.lnpuFjSZFjXXXTaVXa_!!311903763.jpg_230x230.jpg	https://www.taobao.com/oshtml/buy-cn/cp_w8C5-rGhusm67czH.html
https://upload.wikimedia.org/wikipedia/commons/thumb/4/4a/Monarda_punctata.jpg/240px-Monarda_punctata.jpg	https://zh.wikipedia.org/wiki/%E7%BE%8E%E5%9C%8B%E8%96%84%E8%8D%B7%E5%B1%AC
https://w8.sanwen8.cn/mmbiz_png/LDyFamCDWBloSTI6gicUgxRQDtnsLqwINW0B3fnGtiag9eIg7iaGTlmccT7kXGyibsVQQRhoCXyUY1hWoXcsGSR6uw/0?	https://sanwen8.cn/p/62bD7uJ.html
https://gw.alicdn.com/bao/uploaded/i3/115503257/TB2QO5cuSJjpuFjy0FdXXXmoFXa_!!115503257.jpg_230x230.jpg	https://www.taobao.com/oshtml/buy-cn/cp_w8C5-rGhusnW1tfT.html
https://gw.alicdn.com/bao/uploaded/i3/50386434/TB2PQBbXhDBK1JjSZFxXXXHlFXa_!!50386434.jpg_230x230.jpg	https://www.taobao.com/oshtml/buy-cn/cp_w8C5-rGhusnD5sSk.html
https://gw.alicdn.com/bao/uploaded/i1/T1P8d1FyJeXXXXXXXX_!!2-item_pic.png_460x460xz.jpg	https://www.taobao.com/oshtml/imagelist-cn/guang-576O5Zu96JaE6I2356eN5a2Q.htm
http://www.huayugu.com.cn/uploads/allimg/160805/1-160P5100P10-L.jpg	http://www.huayugu.com.cn/meiguobohe/
http://www.kuailea.com/wiki/uploads/201212/1355495241bzEBDnAn.jpg	http://www.kuailea.com/wiki/doc-view-426.html
https://www.huabaike.com/uploads/allimg/artimg/201605/20160511170345_95017.jpg	https://www.huabaike.com/yhjq/3330.html
http://b2b.image.yuanlin.com/biz/2013-4/2013410122952816.jpg	http://www.yuanlin.com/b2b/sell_detail_507582.html
http://img.xunhai.com/2015/12/01/144893120973129.jpg	http://www.xunhai.com/meiguobohe/2015/1201/9082.html
https://gw.alicdn.com/bao/uploaded/i3/11511899/TB2ZGUxaoHB11BjSspeXXan0FXa_!!11511899.jpg_230x230.jpg	https://www.taobao.com/oshtml/buy-cn/cp_w8C5-rGhusnLrLf0y64.html
http://www.huayugu.com.cn/uploads/allimg/160805/1-160P5101R30-L.jpg	http://www.huayugu.com.cn/meiguobohe/
http://pic101.nipic.com/file/20160622/19192438_190319083000_2.jpg	http://www.nipic.com/show/15117019.html
http://www.senmeimiaomu.com/UploadFiles/201591791637279.jpg	http://www.senmeimiaomu.com/exhibit.asp?BigClassName=%C3%C0%B9%FA%B1%A1%BA%C9
https://gw.alicdn.com/bao/uploaded/i2/1044390768/TB2meGMck7OyuJjSspbXXXZuXXa_!!1044390768.jpg_230x230.jpg	https://www.taobao.com/oshtml/buy-cn/cp_w8C5-rGhusnRwM_f.html
https://w4.sanwen8.cn/mmbiz_png/LDyFamCDWBkfKme2nF5gibUZibsTwgVGRFaTPRJZLVWABAwU47NW64iazBtIPro0diaBoj9OyIR9TwKupibkYKs97pQ/0?wx_fmt=png	https://sanwen8.cn/p/62bD7uJ.html
http://image.meilele.com//images/upload/%E7%BE%8E%E5%9B%BD%E8%96%84%E8%8D%B704.jpg	http://www.meilele.com/article/shipin/38813.html
http://www.huayugu.com.cn/uploads/allimg/160805/1-160P51016110-L.jpg	http://www.huayugu.com.cn/meiguobohe/
https://cbu01.alicdn.com/img/ibank/2017/140/031/4161130041_292859740.220x220xz.jpg	http://www.1688.com/jinkou/-C3C0B9FAB1A1BAC9BFDACFE3CCC7.html
https://gw.alicdn.com/bao/uploaded/i1/645972993/TB2BHKCwm0jpuFjy0FlXXc0bpXa_!!645972993.jpg_230x230.jpg	https://www.taobao.com/oshtml/buy-cn/cp_w8C5-rGhusnW1tfT.html
https://www.huabaike.com/uploads/allimg/artimg/201612/20161228163626_72094.jpg	https://www.huabaike.com/jtyh/6518.html
https://cbu01.alicdn.com/img/ibank/2016/440/782/2901287044_410367398.310x310.jpg	https://www.1688.com/pic/-CFE3CBAEB1A1BAC9.html
https://cbu01.alicdn.com/img/ibank/2016/393/849/3082948393_1377962721.220x220.jpg	http://www.1688.com/chanpin/-C3C0B9FAB1A1BAC9C7C9BFCBC1A6.html
https://cbu01.alicdn.com/img/ibank/2016/281/184/3294481182_1775735838.220x220xz.jpg	http://www.1688.com/jinkou/-C3C0B9FAB1A1BAC9BFDACFE3CCC7.html
https://gw.alicdn.com/bao/uploaded/i3/23910088/TB27GqhX03nyKJjSZFEXXXTTFXa_!!23910088.jpg_230x230.jpg	https://www.taobao.com/oshtml/buy-cn/cp_w8C5-rGhusnj5dShwrY.html
https://gss2.bdstatic.com/-fo3dSag_xI4khGkpoWK1HF6hhy/baike/s%3D220/sign=6f57091aa144ad342abf8085e0a30c08/9825bc315c6034a8a0ab1376cb134954082376f8.jpg	https://baike.baidu.com/item/%E7%BE%8E%E5%9B%BD%E8%96%84%E8%8D%B7%E6%97%8F
https://gw.alicdn.com/bao/uploaded/i2/3168204305/TB2Ib.BqC0mpuFjSZPiXXbssVXa_!!3168204305.jpg_230x230.jpg	https://www.taobao.com/oshtml/buy-cn/cp_w8C5-rGhusnOttOyzMc.html
