
https://gss2.bdstatic.com/-fo3dSag_xI4khGkpoWK1HF6hhy/baike/c0%3Dbaike220%2C5%2C5%2C220%2C73/sign=260e8edaa6efce1bfe26c098ce3898bb/18d8bc3eb13533fa346a5e02a9d3fd1f41345b3a.jpg
https://gss2.bdstatic.com/-fo3dSag_xI4khGkpoWK1HF6hhy/baike/c0%3Dbaike150%2C5%2C5%2C150%2C50/sign=5873c792b4003af359b7d4325443ad39/7aec54e736d12f2ed79889fb4dc2d5628435688f.jpg
https://gss0.bdstatic.com/94o3dSag_xI4khGkpoWK1HF6hhy/baike/c0%3Dbaike272%2C5%2C5%2C272%2C90/sign=2192a11cd2a20cf4529df68d17602053/91ef76c6a7efce1be506ee51ad51f3deb48f657f.jpg
https://gss1.bdstatic.com/9vo3dSag_xI4khGkpoWK1HF6hhy/baike/c0%3Dbaike80%2C5%2C5%2C80%2C26/sign=64e319d000087bf469e15fbb93ba3c49/77c6a7efce1b9d16848cbcfaf1deb48f8d5464e5.jpg
https://gss3.bdstatic.com/-Po3dSag_xI4khGkpoWK1HF6hhy/baike/c0%3Dbaike116%2C5%2C5%2C116%2C38/sign=0670fb334b540923be646b2cf331ba6c/a686c9177f3e670942fc40ef39c79f3df8dc5525.jpg
https://gss3.bdstatic.com/7Po3dSag_xI4khGkpoWK1HF6hhy/baike/c0%3Dbaike92%2C5%2C5%2C92%2C30/sign=a857adfe79310a55d029d6a6d62c28cc/e850352ac65c10380c22f9cfb2119313b07e895a.jpg

https://gss3.bdstatic.com/-Po3dSag_xI4khGkpoWK1HF6hhy/baike/c0%3Dbaike116%2C5%2C5%2C116%2C38/sign=92e9ed97dd54564ef168ec6bd2b7f7e7/7e3e6709c93d70cfe07a7b89f8dcd100bba12bb6.jpg
https://gss0.bdstatic.com/-4o3dSag_xI4khGkpoWK1HF6hhy/baike/c0%3Dbaike116%2C5%2C5%2C116%2C38/sign=cc42277ac3fdfc03f175ebeab556ecf1/9f510fb30f2442a7dd8d2c21d143ad4bd01302b6.jpg
https://gss3.bdstatic.com/-Po3dSag_xI4khGkpoWK1HF6hhy/baike/c0%3Dbaike150%2C5%2C5%2C150%2C50/sign=177eca69a3cc7cd9ee203c8b58684a5a/35a85edf8db1cb13f285ed97dd54564e93584b42.jpg
https://gss2.bdstatic.com/9fo3dSag_xI4khGkpoWK1HF6hhy/baike/c0%3Dbaike116%2C5%2C5%2C116%2C38/sign=d7ce717ed1c8a786aa27425c0660a258/d31b0ef41bd5ad6e2f15b56e81cb39dbb7fd3c42.jpg
https://gss2.bdstatic.com/-fo3dSag_xI4khGkpoWK1HF6hhy/baike/c0%3Dbaike116%2C5%2C5%2C116%2C38/sign=654c56a59313b07ea9b0585a6dbefa46/7aec54e736d12f2e27867fe44fc2d562843568b7.jpg
https://gss0.bdstatic.com/94o3dSag_xI4khGkpoWK1HF6hhy/baike/c0%3Dbaike150%2C5%2C5%2C150%2C50/sign=f1d3ae24f603738dca470470d272db34/a8ec8a13632762d0bfd1753ba0ec08fa503dc643.jpg
https://gss3.bdstatic.com/7Po3dSag_xI4khGkpoWK1HF6hhy/baike/c0%3Dbaike116%2C5%2C5%2C116%2C38/sign=ef4b4db54c086e067ea5371963611091/6c224f4a20a446235e2574e69822720e0df3d743.jpg
https://gss0.bdstatic.com/94o3dSag_xI4khGkpoWK1HF6hhy/baike/c0%3Dbaike116%2C5%2C5%2C116%2C38/sign=9fd1753ba0ec08fa320d1bf538875608/0d338744ebf81a4c39dd3d4dd72a6059242da643.jpg

https://gss3.bdstatic.com/7Po3dSag_xI4khGkpoWK1HF6hhy/baike/c0%3Dbaike92%2C5%2C5%2C92%2C30/sign=5621e28bdd54564ef168ec6bd2b7f7e7/a8773912b31bb051e76c6db0367adab44bede0da.jpg
https://gss0.bdstatic.com/-4o3dSag_xI4khGkpoWK1HF6hhy/baike/c0%3Dbaike150%2C5%2C5%2C150%2C50/sign=5f8569aa5aafa40f28cbc68fca0d682a/a08b87d6277f9e2f2b7dc3901f30e924b999f3da.jpg
https://gss0.bdstatic.com/-4o3dSag_xI4khGkpoWK1HF6hhy/baike/c0%3Dbaike150%2C5%2C5%2C150%2C50/sign=7fdc698ecffc1e17e9b284632bf99d66/0bd162d9f2d3572c2daa42448a13632763d0c3da.jpg
https://gss2.bdstatic.com/-fo3dSag_xI4khGkpoWK1HF6hhy/baike/c0%3Dbaike116%2C5%2C5%2C116%2C38/sign=4ed1ad8b09f79052fb124f6c6d9abcaf/5ab5c9ea15ce36d3bb4c5da83af33a87e850b1da.jpg
https://gss3.bdstatic.com/7Po3dSag_xI4khGkpoWK1HF6hhy/baike/c0%3Dbaike116%2C5%2C5%2C116%2C38/sign=08a84aecad345982d187edc06d9d5ac8/8435e5dde71190efe9b34c47ce1b9d16fcfa60da.jpg

https://gss0.bdstatic.com/94o3dSag_xI4khGkpoWK1HF6hhy/baike/c0%3Dbaike92%2C5%2C5%2C92%2C30/sign=1efb36d2ac6eddc432eabca958b2dd98/472309f790529822620121f4d6ca7bcb0a46d4d2.jpg
https://gss2.bdstatic.com/-fo3dSag_xI4khGkpoWK1HF6hhy/baike/c0%3Dbaike92%2C5%2C5%2C92%2C30/sign=2bf5cbca7a899e516c83324623ceb256/0d338744ebf81a4c4f00f4fed62a6059252da6d2.jpg

https://gss0.bdstatic.com/94o3dSag_xI4khGkpoWK1HF6hhy/baike/c0%3Dbaike116%2C5%2C5%2C116%2C38/sign=f9cb974482025aafc73f76999a84c001/b21bb051f81986181ea23e004aed2e738ad4e649.jpg
https://gss0.bdstatic.com/94o3dSag_xI4khGkpoWK1HF6hhy/baike/c0%3Dbaike116%2C5%2C5%2C116%2C38/sign=54d9558133fa828bc52e95b19c762a51/c9fcc3cec3fdfc037aa2323cd43f8794a5c22658.jpg
https://gss1.bdstatic.com/9vo3dSag_xI4khGkpoWK1HF6hhy/baike/c0%3Dbaike116%2C5%2C5%2C116%2C38/sign=15d08ab21d950a7b613846966bb809bc/21a4462309f79052c1fa96ba0cf3d7ca7acbd549.jpg
https://gss1.bdstatic.com/-vo3dSag_xI4khGkpoWK1HF6hhy/baike/c0%3Dbaike116%2C5%2C5%2C116%2C38/sign=281202797b899e516c83324623ceb256/42a98226cffc1e17976a5db54a90f603728de959.jpg
https://gss3.bdstatic.com/7Po3dSag_xI4khGkpoWK1HF6hhy/baike/c0%3Dbaike116%2C5%2C5%2C116%2C38/sign=848ce7fb78f0f736ccf344536b3cd87c/2f738bd4b31c87018e636362277f9e2f0608ff59.jpg
https://gss3.bdstatic.com/7Po3dSag_xI4khGkpoWK1HF6hhy/baike/c0%3Dbaike116%2C5%2C5%2C116%2C38/sign=ad2bde33e950352aa56c2d5a322a9097/a2cc7cd98d1001e9aed9c58bb80e7bec55e79749.jpg

https://gss0.bdstatic.com/-4o3dSag_xI4khGkpoWK1HF6hhy/baike/c0%3Dbaike92%2C5%2C5%2C92%2C30/sign=627da6d3b21c8701c2bbbab44616f54a/2fdda3cc7cd98d104de71406203fb80e7bec90d1.jpg
https://gss0.bdstatic.com/94o3dSag_xI4khGkpoWK1HF6hhy/baike/c0%3Dbaike92%2C5%2C5%2C92%2C30/sign=92637c08d8f9d72a0369184fb5434351/fc1f4134970a304ead30b8cdd0c8a786c9175cf2.jpg
https://gss0.bdstatic.com/-4o3dSag_xI4khGkpoWK1HF6hhy/baike/c0%3Dbaike92%2C5%2C5%2C92%2C30/sign=5a733d3f5243fbf2d121ae71d117a1e5/4610b912c8fcc3ce5fd2d1049345d688d43f20f2.jpg
https://gss0.bdstatic.com/94o3dSag_xI4khGkpoWK1HF6hhy/baike/c0%3Dbaike80%2C5%2C5%2C80%2C26/sign=8cfdfacd7acb0a46912f836b0a0a9d41/810a19d8bc3eb135b3f4af8ca71ea8d3fd1f44d1.jpg
https://gss3.bdstatic.com/-Po3dSag_xI4khGkpoWK1HF6hhy/baike/c0%3Dbaike92%2C5%2C5%2C92%2C30/sign=461ac8dae61190ef15f69a8daf72f673/72f082025aafa40f88d4d6eaaa64034f78f019f2.jpg
https://gss2.bdstatic.com/9fo3dSag_xI4khGkpoWK1HF6hhy/baike/c0%3Dbaike92%2C5%2C5%2C92%2C30/sign=735e182dc75c10383073c690d378f876/cc11728b4710b91252f2eec9c2fdfc03924522d1.jpg
https://gss2.bdstatic.com/-fo3dSag_xI4khGkpoWK1HF6hhy/baike/c0%3Dbaike92%2C5%2C5%2C92%2C30/sign=037b7b499358d109d0eea1e0b031a7da/b21bb051f8198618e855f7b34bed2e738bd4e6f3.jpg
https://gss2.bdstatic.com/9fo3dSag_xI4khGkpoWK1HF6hhy/baike/c0%3Dbaike92%2C5%2C5%2C92%2C30/sign=5718d0fdae51f3ded7bfb136f5879b7a/024f78f0f736afc3b33f2752b219ebc4b74512d1.jpg
https://gss3.bdstatic.com/-Po3dSag_xI4khGkpoWK1HF6hhy/baike/c0%3Dbaike92%2C5%2C5%2C92%2C30/sign=101d64530823dd54357eaf3ab060d8bb/728da9773912b31b6b5fd51e8718367adab4e1d2.jpg
https://gss0.bdstatic.com/94o3dSag_xI4khGkpoWK1HF6hhy/baike/c0%3Dbaike92%2C5%2C5%2C92%2C30/sign=f1d69139b03533fae1bb9b7cc9ba967a/8601a18b87d6277f76212a0f29381f30e924fcd2.jpg
https://gss2.bdstatic.com/-fo3dSag_xI4khGkpoWK1HF6hhy/baike/c0%3Dbaike92%2C5%2C5%2C92%2C30/sign=2bcacbca7a899e516c83324623ceb256/0d338744ebf81a4c4f3ff4fed62a6059252da6f3.jpg
https://gss2.bdstatic.com/9fo3dSag_xI4khGkpoWK1HF6hhy/baike/c0%3Dbaike92%2C5%2C5%2C92%2C30/sign=70846a17b812c8fca0fefe9f9d6af920/f603918fa0ec08fa53320b9058ee3d6d55fbdad2.jpg
