
https://gss3.bdstatic.com/-Po3dSag_xI4khGkpoWK1HF6hhy/baike/c0%3Dbaike116%2C5%2C5%2C116%2C38/sign=8a2c9fca304e251ff6faecaac6efa272/8694a4c27d1ed21bc5ec1315ad6eddc451da3f1c.jpg
https://gss1.bdstatic.com/-vo3dSag_xI4khGkpoWK1HF6hhy/baike/c0%3Dbaike116%2C5%2C5%2C116%2C38/sign=0eea9442d158ccbf0fb1bd6878b1d75b/f9dcd100baa1cd11cfbf4fd0b912c8fcc3ce2d30.jpg
https://gss2.bdstatic.com/-fo3dSag_xI4khGkpoWK1HF6hhy/baike/c0%3Dbaike180%2C5%2C5%2C180%2C60/sign=1709780f3bc79f3d9becec62dbc8a674/e7cd7b899e510fb3d1104a67d933c895d1430c30.jpg
https://gss3.bdstatic.com/7Po3dSag_xI4khGkpoWK1HF6hhy/baike/c0%3Dbaike116%2C5%2C5%2C116%2C38/sign=6033dcc735fae6cd18b9a3336eda6441/eac4b74543a9822638e416d78a82b9014a90eb1d.jpg
https://gss2.bdstatic.com/9fo3dSag_xI4khGkpoWK1HF6hhy/baike/c0%3Dbaike150%2C5%2C5%2C150%2C50/sign=7bff311bb6fd5266b3263446ca71fc4e/8326cffc1e178a8243354250f603738da977e831.jpg
https://gss1.bdstatic.com/-vo3dSag_xI4khGkpoWK1HF6hhy/baike/c0%3Dbaike92%2C5%2C5%2C92%2C30/sign=bd01c1e4bc3eb13550cabfe9c777c3b6/b21c8701a18b87d61a744613070828381f30fd8c.jpg
https://gss0.bdstatic.com/94o3dSag_xI4khGkpoWK1HF6hhy/baike/c0%3Dbaike72%2C5%2C5%2C72%2C24/sign=56cc7fd3ce1b9d169eca923392b7dfea/024f78f0f736afc3593bd269b319ebc4b7451282.jpg

https://gss2.bdstatic.com/9fo3dSag_xI4khGkpoWK1HF6hhy/baike/c0%3Dbaike150%2C5%2C5%2C150%2C50/sign=70ce58c1b07eca80060831b5f04afcb8/91ef76c6a7efce1b5fc93628af51f3deb58f6576.jpg
https://gss3.bdstatic.com/7Po3dSag_xI4khGkpoWK1HF6hhy/baike/c0%3Dbaike72%2C5%2C5%2C72%2C24/sign=afd6093cbaa1cd1111bb7a72d87ba399/63d0f703918fa0ec5ff08901269759ee3d6ddb83.jpg

https://gss1.bdstatic.com/9vo3dSag_xI4khGkpoWK1HF6hhy/baike/c0%3Dbaike116%2C5%2C5%2C116%2C38/sign=c3dba144d7ca7bcb6976cf7ddf600006/b7003af33a87e95084ff6beb10385343faf2b449.jpg
https://gss1.bdstatic.com/-vo3dSag_xI4khGkpoWK1HF6hhy/baike/c0%3Dbaike150%2C5%2C5%2C150%2C50/sign=fa9f8d13462309f7f362a54013676796/342ac65c103853434e271fa69313b07ecb808849.jpg
https://gss0.bdstatic.com/94o3dSag_xI4khGkpoWK1HF6hhy/baike/c0%3Dbaike180%2C5%2C5%2C180%2C60/sign=5fee3c38a0ec08fa320d1bf538875608/d52a2834349b033bf358645d15ce36d3d439bd61.jpg
https://gss1.bdstatic.com/-vo3dSag_xI4khGkpoWK1HF6hhy/baike/c0%3Dbaike150%2C5%2C5%2C150%2C50/sign=c9e62af3ebf81a4c323fe49bb6430b3c/b3b7d0a20cf431ad0e3adbbe4b36acaf2fdd9849.jpg
https://gss1.bdstatic.com/9vo3dSag_xI4khGkpoWK1HF6hhy/baike/c0%3Dbaike150%2C5%2C5%2C150%2C50/sign=e4161f4c43166d222c7a1dc6274a6292/b7003af33a87e95084c76beb10385343faf2b461.jpg
https://gss0.bdstatic.com/-4o3dSag_xI4khGkpoWK1HF6hhy/baike/c0%3Dbaike180%2C5%2C5%2C180%2C60/sign=e9f8799d2834349b600b66d7a8837eab/adaf2edda3cc7cd941c5ac5e3901213fb90e9149.jpg

https://gss1.bdstatic.com/9vo3dSag_xI4khGkpoWK1HF6hhy/baike/c0%3Dbaike220%2C5%2C5%2C220%2C73/sign=e8b198455266d0166a14967af642bf62/eac4b74543a982261e9630af8a82b9014b90ebe7.jpg
https://gss2.bdstatic.com/9fo3dSag_xI4khGkpoWK1HF6hhy/baike/c0%3Dbaike116%2C5%2C5%2C116%2C38/sign=066d1b42e6cd7b89fd6132d16e4d29c2/b64543a98226cffccc7da43ab9014a90f703eae7.jpg
https://gss3.bdstatic.com/-Po3dSag_xI4khGkpoWK1HF6hhy/baike/c0%3Dbaike220%2C5%2C5%2C220%2C73/sign=810cfeae0924ab18f41be96554938da8/42a98226cffc1e1759e897b94a90f603728de9e7.jpg
https://gss0.bdstatic.com/-4o3dSag_xI4khGkpoWK1HF6hhy/baike/c0%3Dbaike220%2C5%2C5%2C220%2C73/sign=047c279cab18972bb737089887a410ec/8326cffc1e178a826d6b6428f603738da877e8e7.jpg
https://gss0.bdstatic.com/94o3dSag_xI4khGkpoWK1HF6hhy/baike/c0%3Dbaike116%2C5%2C5%2C116%2C38/sign=d215fe1a0cf431ada8df4b6b2a5fc7ca/77c6a7efce1b9d169d5881e9f3deb48f8d54649e.jpg

https://gss3.bdstatic.com/7Po3dSag_xI4khGkpoWK1HF6hhy/baike/c0%3Dbaike116%2C5%2C5%2C116%2C38/sign=9f7963f7ad4bd11310c0bf603bc6cf6a/728da9773912b31be7bd4aad8618367adbb4e165.jpg
https://gss1.bdstatic.com/9vo3dSag_xI4khGkpoWK1HF6hhy/baike/c0%3Dbaike150%2C5%2C5%2C150%2C50/sign=221d4959ab64034f1bc0ca54ceaa1254/060828381f30e924d17f1bb54c086e061c95f75f.jpg
https://gss2.bdstatic.com/9fo3dSag_xI4khGkpoWK1HF6hhy/baike/c0%3Dbaike150%2C5%2C5%2C150%2C50/sign=910b19d0034f78f0940692a118586130/29381f30e924b899c3e7febc6e061d950b7bf65f.jpg
https://gss1.bdstatic.com/9vo3dSag_xI4khGkpoWK1HF6hhy/baike/c0%3Dbaike150%2C5%2C5%2C150%2C50/sign=6c1654797b899e516c83324623ceb256/3812b31bb051f819dff484cedab44aed2f73e765.jpg
https://gss2.bdstatic.com/9fo3dSag_xI4khGkpoWK1HF6hhy/baike/c0%3Dbaike180%2C5%2C5%2C180%2C60/sign=21652ce50fb30f242197e451a9fcba26/b21bb051f81986186c9668004aed2e738ad4e665.jpg

https://gss2.bdstatic.com/9fo3dSag_xI4khGkpoWK1HF6hhy/baike/c0%3Dbaike220%2C5%2C5%2C220%2C73/sign=d3aa968bb80e7bec37d70bb34e47d25d/8cb1cb134954092337ffe1fa9258d109b2de49a4.jpg
https://gss3.bdstatic.com/-Po3dSag_xI4khGkpoWK1HF6hhy/baike/c0%3Dbaike220%2C5%2C5%2C220%2C73/sign=ca940fba7bec54e755e1124cd851f035/ca1349540923dd54bde525ecd109b3de9d8248a4.jpg
https://gss0.bdstatic.com/-4o3dSag_xI4khGkpoWK1HF6hhy/baike/c0%3Dbaike220%2C5%2C5%2C220%2C73/sign=54a5cc5854e736d14c1e845afa3924a7/48540923dd54564e7ef366bdb3de9c82d0584fa4.jpg

https://gss1.bdstatic.com/-vo3dSag_xI4khGkpoWK1HF6hhy/baike/c0%3Dbaike150%2C5%2C5%2C150%2C50/sign=cb8ddecfdab44aed4d43b6b6d275ec64/279759ee3d6d55fbff6eaba36d224f4a21a4dd8f.jpg
https://gss1.bdstatic.com/9vo3dSag_xI4khGkpoWK1HF6hhy/baike/c0%3Dbaike220%2C5%2C5%2C220%2C73/sign=089745815982b2b7b392319650c4a08a/9c16fdfaaf51f3de1d5c64e194eef01f3b29794d.jpg
https://gss0.bdstatic.com/-4o3dSag_xI4khGkpoWK1HF6hhy/baike/c0%3Dbaike150%2C5%2C5%2C150%2C50/sign=3b0e49f1ad345982d187edc06d9d5ac8/f2deb48f8c5494ee5cccd29c2df5e0fe98257e4d.jpg
https://gss1.bdstatic.com/9vo3dSag_xI4khGkpoWK1HF6hhy/baike/c0%3Dbaike150%2C5%2C5%2C150%2C50/sign=7fe66361b31c8701c2bbbab44616f54a/b3fb43166d224f4a7131ae9609f790529922d18f.jpg
https://gss2.bdstatic.com/-fo3dSag_xI4khGkpoWK1HF6hhy/baike/c0%3Dbaike116%2C5%2C5%2C116%2C38/sign=800e4b797cd98d1062d904634056d36b/8d5494eef01f3a298326084b9925bc315d607c4d.jpg

https://gss0.bdstatic.com/-4o3dSag_xI4khGkpoWK1HF6hhy/baike/c0%3Dbaike92%2C5%2C5%2C92%2C30/sign=03bde01dad345982d187edc06d9d5ac8/7c1ed21b0ef41bd5390e9c9d51da81cb39db3d7d.jpg
https://gss2.bdstatic.com/-fo3dSag_xI4khGkpoWK1HF6hhy/baike/c0%3Dbaike92%2C5%2C5%2C92%2C30/sign=875ff9577bec54e755e1124cd851f035/7a899e510fb30f24e4c7986ac895d143ad4b037d.jpg
https://gss2.bdstatic.com/9fo3dSag_xI4khGkpoWK1HF6hhy/baike/c0%3Dbaike80%2C5%2C5%2C80%2C26/sign=747bdc4ffdfaaf5190ee89eded3dff8b/aec379310a55b31951a4f61c43a98226cffc177d.jpg
https://gss3.bdstatic.com/7Po3dSag_xI4khGkpoWK1HF6hhy/baike/c0%3Dbaike80%2C5%2C5%2C80%2C26/sign=dc23baabb2119313d34ef7e2045167b2/9345d688d43f87942ba23c47d21b0ef41bd53a7d.jpg
https://gss2.bdstatic.com/9fo3dSag_xI4khGkpoWK1HF6hhy/baike/c0%3Dbaike92%2C5%2C5%2C92%2C30/sign=c3439c0d564e9258b2398ebcfdebba3d/3812b31bb051f8194c787723dab44aed2e73e77e.jpg
https://gss3.bdstatic.com/7Po3dSag_xI4khGkpoWK1HF6hhy/baike/c0%3Dbaike92%2C5%2C5%2C92%2C30/sign=ef2e644695cad1c8c4b6f4751e570c6c/a8014c086e061d95d51b43517bf40ad162d9ca7e.jpg
https://gss0.bdstatic.com/-4o3dSag_xI4khGkpoWK1HF6hhy/baike/c0%3Dbaike92%2C5%2C5%2C92%2C30/sign=e78cea3d034f78f0940692a118586130/d439b6003af33a87f5317473c65c10385343b57e.jpg
https://gss0.bdstatic.com/94o3dSag_xI4khGkpoWK1HF6hhy/baike/c0%3Dbaike92%2C5%2C5%2C92%2C30/sign=1a6f4daad7ca7bcb6976cf7ddf600006/b2de9c82d158ccbf04e0c15319d8bc3eb135417e.jpg

https://gss1.bdstatic.com/9vo3dSag_xI4khGkpoWK1HF6hhy/baike/c0%3Dbaike92%2C5%2C5%2C92%2C30/sign=fa022d548744ebf8797c6c6db890bc4f/32fa828ba61ea8d36c7d6053970a304e251f580d.jpg
https://gss3.bdstatic.com/-Po3dSag_xI4khGkpoWK1HF6hhy/baike/c0%3Dbaike80%2C5%2C5%2C80%2C26/sign=22698a7f972bd40756cadbaf1ae0f534/0d338744ebf81a4c7a42f89ed72a6059252da670.jpg
https://gss2.bdstatic.com/-fo3dSag_xI4khGkpoWK1HF6hhy/baike/c0%3Dbaike92%2C5%2C5%2C92%2C30/sign=e75d99697bec54e755e1124cd851f035/7a899e510fb30f2484c5f854c895d143ad4b030d.jpg
https://gss3.bdstatic.com/-Po3dSag_xI4khGkpoWK1HF6hhy/baike/c0%3Dbaike80%2C5%2C5%2C80%2C26/sign=66d3ea7449540923be646b2cf331ba6c/b21bb051f8198618dd18fbd34aed2e738bd4e60e.jpg
https://gss3.bdstatic.com/-Po3dSag_xI4khGkpoWK1HF6hhy/baike/c0%3Dbaike80%2C5%2C5%2C80%2C26/sign=332d047895cad1c8c4b6f4751e570c6c/0b7b02087bf40ad161bad3b4572c11dfa9ecce0e.jpg
https://gss3.bdstatic.com/-Po3dSag_xI4khGkpoWK1HF6hhy/baike/c0%3Dbaike80%2C5%2C5%2C80%2C26/sign=08caa341cffc1e17e9b284632bf99d66/0dd7912397dda144e65778e5b2b7d0a20cf4860e.jpg
https://gss0.bdstatic.com/94o3dSag_xI4khGkpoWK1HF6hhy/baike/c0%3Dbaike80%2C5%2C5%2C80%2C26/sign=739b3b2b510fd9f9b41a5d3b4444bf4f/314e251f95cad1c83fe5e8707f3e6709c93d510e.jpg
https://gss3.bdstatic.com/-Po3dSag_xI4khGkpoWK1HF6hhy/baike/c0%3Dbaike92%2C5%2C5%2C92%2C30/sign=e44d985f9b504fc2b652b85784b48c74/d833c895d143ad4b1a70529782025aafa40f060e.jpg
https://gss1.bdstatic.com/-vo3dSag_xI4khGkpoWK1HF6hhy/baike/c0%3Dbaike80%2C5%2C5%2C80%2C26/sign=e8576e2d20a446236ac7ad30f94b196b/574e9258d109b3de19f7f03fccbf6c81800a4c18.jpg
https://gss0.bdstatic.com/94o3dSag_xI4khGkpoWK1HF6hhy/baike/c0%3Dbaike92%2C5%2C5%2C92%2C30/sign=699f34a936d3d539d53007915bee8235/c83d70cf3bc79f3d58a9f067baa1cd11728b2918.jpg
https://gss0.bdstatic.com/94o3dSag_xI4khGkpoWK1HF6hhy/baike/c0%3Dbaike92%2C5%2C5%2C92%2C30/sign=7af5445f0cd79123f4ed9c26cc5d32e7/d788d43f8794a4c2cd6bf37c0ef41bd5ad6e3918.jpg
https://gss1.bdstatic.com/9vo3dSag_xI4khGkpoWK1HF6hhy/baike/c0%3Dbaike92%2C5%2C5%2C92%2C30/sign=9d9217b62f2eb938f86072a0b40bee50/0e2442a7d933c89518368c2cd11373f082020018.jpg
https://gss2.bdstatic.com/9fo3dSag_xI4khGkpoWK1HF6hhy/baike/c0%3Dbaike92%2C5%2C5%2C92%2C30/sign=cd2e01c3462309f7f362a54013676796/48540923dd54564e103cf06eb3de9c82d1584f0f.jpg
https://gss1.bdstatic.com/-vo3dSag_xI4khGkpoWK1HF6hhy/baike/c0%3Dbaike92%2C5%2C5%2C92%2C30/sign=07e6d764738da9775a228e79d138937c/96dda144ad345982ffc1f1c50cf431adcbef8419.jpg
https://gss3.bdstatic.com/-Po3dSag_xI4khGkpoWK1HF6hhy/baike/c0%3Dbaike92%2C5%2C5%2C92%2C30/sign=1432ca9f1a4c510fbac9ea4801304e48/a71ea8d3fd1f4134047c1129251f95cad1c85e19.jpg
https://gss2.bdstatic.com/-fo3dSag_xI4khGkpoWK1HF6hhy/baike/c0%3Dbaike80%2C5%2C5%2C80%2C26/sign=ef56e9f2d143ad4bb2234e92e36b31ca/359b033b5bb5c9ea23ab17b4d539b6003af3b308.jpg
https://gss1.bdstatic.com/9vo3dSag_xI4khGkpoWK1HF6hhy/baike/c0%3Dbaike92%2C5%2C5%2C92%2C30/sign=8596f6ad7bcb0a46912f836b0a0a9d41/9d82d158ccbf6c81096f38bfbc3eb13533fa4008.jpg
https://gss3.bdstatic.com/-Po3dSag_xI4khGkpoWK1HF6hhy/baike/c0%3Dbaike92%2C5%2C5%2C92%2C30/sign=708cda8aab64034f1bc0ca54ceaa1254/37d3d539b6003af301f0c837352ac65c1038b61a.jpg

https://gss0.bdstatic.com/-4o3dSag_xI4khGkpoWK1HF6hhy/baike/c0%3Dbaike220%2C5%2C5%2C220%2C73/sign=6ce7ee454134970a537e187df4a3baad/0ff41bd5ad6eddc495ee929139dbb6fd5266334a.jpg
https://gss2.bdstatic.com/-fo3dSag_xI4khGkpoWK1HF6hhy/baike/c0%3Dbaike220%2C5%2C5%2C220%2C73/sign=87008450304e251ff6faecaac6efa272/ac6eddc451da81cbffefa5a75266d0160924314a.jpg
https://gss0.bdstatic.com/94o3dSag_xI4khGkpoWK1HF6hhy/baike/c0%3Dbaike220%2C5%2C5%2C220%2C73/sign=f87a364595cad1c8c4b6f4751e570c6c/50da81cb39dbb6fd9a52c34c0924ab18972b374a.jpg
https://gss1.bdstatic.com/9vo3dSag_xI4khGkpoWK1HF6hhy/baike/c0%3Dbaike92%2C5%2C5%2C92%2C30/sign=f899d8b576094b36cf9f13bfc2a517bc/80cb39dbb6fd526619221a7eab18972bd407364a.jpg
https://gss2.bdstatic.com/9fo3dSag_xI4khGkpoWK1HF6hhy/baike/c0%3Dbaike92%2C5%2C5%2C92%2C30/sign=01db65534b36acaf4ded9eae1db0e675/38dbb6fd5266d016c310b842972bd40735fa354a.jpg
https://gss0.bdstatic.com/-4o3dSag_xI4khGkpoWK1HF6hhy/baike/c0%3Dbaike92%2C5%2C5%2C92%2C30/sign=8702bff52edda3cc1fe9b07260805264/5366d0160924ab185b1fc75d35fae6cd7b890b4a.jpg
https://gss2.bdstatic.com/-fo3dSag_xI4khGkpoWK1HF6hhy/baike/c0%3Dbaike92%2C5%2C5%2C92%2C30/sign=e0e9b0967cd98d1062d904634056d36b/0824ab18972bd407fbcef5977b899e510fb3094a.jpg
https://gss0.bdstatic.com/94o3dSag_xI4khGkpoWK1HF6hhy/baike/c0%3Dbaike92%2C5%2C5%2C92%2C30/sign=aced9e4a01e93901420f856c1a853f82/962bd40735fae6cdabbd8d0b0fb30f2442a70f4a.jpg
https://gss2.bdstatic.com/9fo3dSag_xI4khGkpoWK1HF6hhy/baike/c0%3Dbaike92%2C5%2C5%2C92%2C30/sign=d3dd2a5b213fb80e18dc698557b8444b/34fae6cd7b899e51dd871c7e42a7d933c8950d4a.jpg
https://gss0.bdstatic.com/-4o3dSag_xI4khGkpoWK1HF6hhy/baike/c0%3Dbaike92%2C5%2C5%2C92%2C30/sign=f50bab547bec54e755e1124cd851f035/7a899e510fb30f249693ca69c895d143ad4b034a.jpg
https://gss2.bdstatic.com/-fo3dSag_xI4khGkpoWK1HF6hhy/baike/c0%3Dbaike92%2C5%2C5%2C92%2C30/sign=add847bd36d12f2eda08a6322eabbe07/0eb30f2442a7d9331ea1c219ad4bd11373f0014a.jpg
https://gss0.bdstatic.com/94o3dSag_xI4khGkpoWK1HF6hhy/baike/c0%3Dbaike92%2C5%2C5%2C92%2C30/sign=eee53c74b9389b502cf2e800e45c8eb8/43a7d933c895d143757fc24973f082025aaf074a.jpg
https://gss2.bdstatic.com/9fo3dSag_xI4khGkpoWK1HF6hhy/baike/c0%3Dbaike92%2C5%2C5%2C92%2C30/sign=630c880a4fc2d562e605d8bf8678fb8a/c995d143ad4bd113a9c491585aafa40f4bfb054a.jpg
https://gss0.bdstatic.com/-4o3dSag_xI4khGkpoWK1HF6hhy/baike/c0%3Dbaike92%2C5%2C5%2C92%2C30/sign=93f6c6388535e5dd8421ad8d17afcc8a/ac4bd11373f08202869bb7554bfbfbedab641b4a.jpg
https://gss2.bdstatic.com/-fo3dSag_xI4khGkpoWK1HF6hhy/baike/c0%3Dbaike80%2C5%2C5%2C80%2C26/sign=670c880a4fc2d562e605d8bf8678fb8a/72f082025aafa40f95cfe8b7ab64034f78f0194a.jpg
https://gss0.bdstatic.com/94o3dSag_xI4khGkpoWK1HF6hhy/baike/c0%3Dbaike92%2C5%2C5%2C92%2C30/sign=072583b576c6a7efad2ba0749c93c434/5bafa40f4bfbfbed4b50101578f0f736afc31f4a.jpg
https://gss2.bdstatic.com/9fo3dSag_xI4khGkpoWK1HF6hhy/baike/c0%3Dbaike92%2C5%2C5%2C92%2C30/sign=94f2b4b5ce1b9d169eca923392b7dfea/4afbfbedab64034f9ac4e46cafc379310a551d4a.jpg
https://gss0.bdstatic.com/-4o3dSag_xI4khGkpoWK1HF6hhy/baike/c0%3Dbaike92%2C5%2C5%2C92%2C30/sign=2a2f8e4cfdfaaf5190ee89eded3dff8b/aa64034f78f0f7364bf76a6b0a55b319ebc4134a.jpg

https://gss0.bdstatic.com/94o3dSag_xI4khGkpoWK1HF6hhy/baike/c0%3Dbaike150%2C5%2C5%2C150%2C50/sign=ccca86ad5bb5c9ea76fe0bb1b450dd65/8c1001e93901213f405ffe7a54e736d12f2e952c.jpg
https://gss2.bdstatic.com/9fo3dSag_xI4khGkpoWK1HF6hhy/baike/c0%3Dbaike150%2C5%2C5%2C150%2C50/sign=a1e44c7c15ce36d3b6098b625b9a51e2/3801213fb80e7becaeb6b3472f2eb9389b506b2c.jpg
https://gss1.bdstatic.com/-vo3dSag_xI4khGkpoWK1HF6hhy/baike/c0%3Dbaike180%2C5%2C5%2C180%2C60/sign=7c0ecbc6d11373f0e13267cdc566209e/2f738bd4b31c87010cc6e15b277f9e2f0708ff1f.jpg
https://gss0.bdstatic.com/94o3dSag_xI4khGkpoWK1HF6hhy/baike/c0%3Dbaike150%2C5%2C5%2C150%2C50/sign=615e157d82025aafc73f76999a84c001/8601a18b87d6277f2e62618528381f30e924fc1f.jpg
https://gss3.bdstatic.com/-Po3dSag_xI4khGkpoWK1HF6hhy/baike/c0%3Dbaike150%2C5%2C5%2C150%2C50/sign=367843ca1038534398c28f73f27adb1b/4ec2d5628535e5dde443157976c6a7efce1b622c.jpg
https://gss1.bdstatic.com/-vo3dSag_xI4khGkpoWK1HF6hhy/baike/c0%3Dbaike150%2C5%2C5%2C150%2C50/sign=feb69d60ab64034f1bc0ca54ceaa1254/060828381f30e9240dd4cf8c4c086e061d95f71f.jpg
https://gss3.bdstatic.com/-Po3dSag_xI4khGkpoWK1HF6hhy/baike/c0%3Dbaike150%2C5%2C5%2C150%2C50/sign=148e1fbc0a55b31988f48a2722c0e943/4d086e061d950a7bb9451d790ad162d9f2d3c91f.jpg

https://gss2.bdstatic.com/-fo3dSag_xI4khGkpoWK1HF6hhy/baike/c0%3Dbaike92%2C5%2C5%2C92%2C30/sign=4cfef7110824ab18f41be96554938da8/0b46f21fbe096b63e8bc4c670d338744ebf8ac5b.jpg
https://gss1.bdstatic.com/-vo3dSag_xI4khGkpoWK1HF6hhy/baike/c0%3Dbaike92%2C5%2C5%2C92%2C30/sign=fcdb8a4cd01373f0e13267cdc566209e/d52a2834349b033b762deeed14ce36d3d539bd5b.jpg
https://gss0.bdstatic.com/94o3dSag_xI4khGkpoWK1HF6hhy/baike/c0%3Dbaike92%2C5%2C5%2C92%2C30/sign=18fe55090df3d7ca18fb37249376d56c/d009b3de9c82d1584c634b86810a19d8bc3e4227.jpg

https://gss0.bdstatic.com/-4o3dSag_xI4khGkpoWK1HF6hhy/baike/c0%3Dbaike92%2C5%2C5%2C92%2C30/sign=0b98ccff1b4c510fbac9ea4801304e48/a71ea8d3fd1f41341bd61749241f95cad1c85e27.jpg

https://gss2.bdstatic.com/9fo3dSag_xI4khGkpoWK1HF6hhy/baike/c0%3Dbaike92%2C5%2C5%2C92%2C30/sign=8f1211d4d439b60059c307e588395e4f/71cf3bc79f3df8dc4bdc9da6cc11728b47102827.jpg

https://gss3.bdstatic.com/7Po3dSag_xI4khGkpoWK1HF6hhy/baike/c0%3Dbaike80%2C5%2C5%2C80%2C26/sign=643fb92d50afa40f28cbc68fca0d682a/37d3d539b6003af32d48d27f3f2ac65c1038b63a.jpg
https://gss2.bdstatic.com/9fo3dSag_xI4khGkpoWK1HF6hhy/baike/c0%3Dbaike92%2C5%2C5%2C92%2C30/sign=6036eda7de3f8794c7f2407cb3726591/3c6d55fbb2fb43169f5174652aa4462309f7d367.jpg
https://gss2.bdstatic.com/9fo3dSag_xI4khGkpoWK1HF6hhy/baike/c0%3Dbaike92%2C5%2C5%2C92%2C30/sign=eb75772764061d95694b3f6a1a9d61b4/9a504fc2d5628535a7a9dc3e9aef76c6a7ef6367.jpg
https://gss3.bdstatic.com/7Po3dSag_xI4khGkpoWK1HF6hhy/baike/c0%3Dbaike220%2C5%2C5%2C220%2C73/sign=4eb8023db91bb0519b29bb7a5713b1d1/a8ec8a13632762d010ccaaa0aaec08fa513dc63b.jpg
https://gss3.bdstatic.com/7Po3dSag_xI4khGkpoWK1HF6hhy/baike/c0%3Dbaike80%2C5%2C5%2C80%2C26/sign=0bd4552917950a7b613846966bb809bc/e61190ef76c6a7ef89c7a639f7faaf51f2de66cf.jpg

https://gss3.bdstatic.com/-Po3dSag_xI4khGkpoWK1HF6hhy/baike/c0%3Dbaike92%2C5%2C5%2C92%2C30/sign=65af6182bc014a9095334eefc81e5277/64380cd7912397dddafc46345c82b2b7d0a2877d.jpg
https://gss0.bdstatic.com/94o3dSag_xI4khGkpoWK1HF6hhy/baike/c0%3Dbaike80%2C5%2C5%2C80%2C26/sign=0a3a52014f90f60310bd9415587bd87e/ac345982b2b7d0a28c4cdaadceef76094b369a7d.jpg
https://gss2.bdstatic.com/9fo3dSag_xI4khGkpoWK1HF6hhy/baike/c0%3Dbaike92%2C5%2C5%2C92%2C30/sign=fb5523fcc6cec3fd9f33af27b7e1bf5a/a1ec08fa513d26971ba9d66d50fbb2fb4316d88c.jpg
https://gss0.bdstatic.com/-4o3dSag_xI4khGkpoWK1HF6hhy/baike/c0%3Dbaike80%2C5%2C5%2C80%2C26/sign=f73542773c12b31bd361c57be7715d1f/0df431adcbef7609cf8e47af2bdda3cc7cd99e7d.jpg
https://gss3.bdstatic.com/7Po3dSag_xI4khGkpoWK1HF6hhy/baike/c0%3Dbaike72%2C5%2C5%2C72%2C24/sign=e19e81d23d6d55fbd1cb7e740c4b242f/35a85edf8db1cb138e5dd11fdd54564e92584b82.jpg
https://gss3.bdstatic.com/7Po3dSag_xI4khGkpoWK1HF6hhy/baike/c0%3Dbaike72%2C5%2C5%2C72%2C24/sign=e19e81d23d6d55fbd1cb7e740c4b242f/35a85edf8db1cb138e5dd11fdd54564e92584b82.jpg

https://gss3.bdstatic.com/7Po3dSag_xI4khGkpoWK1HF6hhy/baike/c0%3Dbaike80%2C5%2C5%2C80%2C26/sign=ab4bdcd12a2eb938f86072a0b40bee50/d043ad4bd11373f07daeb0afa10f4bfbfbed0469.jpg
https://gss1.bdstatic.com/9vo3dSag_xI4khGkpoWK1HF6hhy/baike/c0%3Dbaike92%2C5%2C5%2C92%2C30/sign=417d91ec51e736d14c1e845afa3924a7/9f510fb30f2442a720402295d443ad4bd11302b0.jpg
https://gss0.bdstatic.com/94o3dSag_xI4khGkpoWK1HF6hhy/baike/c0%3Dbaike92%2C5%2C5%2C92%2C30/sign=4f6f3f628035e5dd8421ad8d17afcc8a/ac4bd11373f082025a024e0f4efbfbedab641b69.jpg

https://gss2.bdstatic.com/9fo3dSag_xI4khGkpoWK1HF6hhy/baike/c0%3Dbaike150%2C5%2C5%2C150%2C50/sign=b1787e2bd10735fa85fd46ebff3864d6/f703738da9773912a97b5951fd198618367ae2a5.jpg
https://gss0.bdstatic.com/-4o3dSag_xI4khGkpoWK1HF6hhy/baike/c0%3Dbaike80%2C5%2C5%2C80%2C26/sign=891dbcfbb7fb43160e12722841cd2d46/ca1349540923dd54e23e7b58d409b3de9c8248b5.jpg
https://gss1.bdstatic.com/-vo3dSag_xI4khGkpoWK1HF6hhy/baike/c0%3Dbaike220%2C5%2C5%2C220%2C73/sign=0d7e92ec51e736d14c1e845afa3924a7/48540923dd54564e27283809b6de9c82d1584fb5.jpg
https://gss3.bdstatic.com/-Po3dSag_xI4khGkpoWK1HF6hhy/baike/c0%3Dbaike72%2C5%2C5%2C72%2C24/sign=29839f2cb912c8fca0fefe9f9d6af920/09fa513d269759ee66658dc7b2fb43166d22df81.jpg
