
http://a1.att.hudong.com/58/46/20300542501520139770461267962_s.jpg	http://www.baike.com/wiki/%E8%94%B7%E8%96%87%E8%8A%B1
http://pic.pingguolv.com/uploads/allimg/131210/49-131210152930.jpg	http://www.pingguolv.com/zy/gongxiao/8159.html
http://www.baihuamen.com/d/file/2014/03-14/7f34203a951168e00d2fea14c18cbd65.jpg	http://www.baihuamen.com/qianghua/
http://www.wdptj.com/wp-content/uploads/2014/10/%E8%94%B7%E8%96%87%E8%8A%B1.jpg	http://www.wdptj.com/qiangweihua/
http://img01.hua.com/uploadpic/images/20144181634521304706.jpg	http://www.hua.com/huayu/11470.html
https://www.huabaike.com/uploads/allimg/sltimg/201604/5721d3e6078f0.jpg	https://www.huabaike.com/yhjq/2946.html
http://pic31.nipic.com/20130716/12518746_231948323149_2.jpg	http://www.nipic.com/show/1/44/8491208k1ed3e0c9.html
http://piccdn.pptfans.cn/2016/11/30/pptfans_201611301251311b991c0d74.jpg	http://tupian.pptfans.cn/p/15518.html
http://pic22.nipic.com/20120622/491534_080904295129_2.jpg	http://www.nipic.com/show/6396189.html
http://pic11.nipic.com/20101120/3101644_205410421884_2.jpg	http://www.nipic.com/show/1/44/3952836k1a736b4c.html
http://www.baihuamen.com/d/file/2014/03-12/de1de829ca67a45ffc6df3d77c2aed61.jpg	http://www.baihuamen.com/qianghua/
http://pic.pingguolv.com/uploads/allimg/131210/49-131210153044.jpg	http://www.pingguolv.com/zy/gongxiao/8159.html
http://pic.nipic.com/2008-01-19/2008119171929612_2.jpg	http://www.nipic.com/show/1/44/6c604402260a11e8.html
http://www.iqiya.com/uploadfile/article/322/1_d4vmj020140210_104fe8ef5af837a50ad23KQnamzcoUfb.jpg	http://www.iqiya.com/article/2015-05-22/63091.html
http://pic.pingguolv.com/uploads/allimg/131210/49-131210153108.jpg	http://www.pingguolv.com/zy/gongxiao/8159.html
https://www.huabaike.com/uploads/allimg/artimg/201612/20161209135443_52346.jpg	https://www.huabaike.com/hyjk/6181.html
http://www.wdptj.com/wp-content/uploads/2015/11/%E9%87%8E%E8%94%B7%E8%96%87%E8%8A%B15.jpg	http://www.wdptj.com/qiangweihua/
http://img.wxrw123.com/201602/24/02/ypyust2pja5.jpg	http://www.wxrw123.com/zw/20160310/220275.html
http://img01.hua.com/uploadpic/images/20161111931392027057.jpg	http://www.hua.com/huayu/14063.html
http://www.yixue.com/images/c/c1/Bk3bk.jpg	http://www.yixue.com/%E8%94%B7%E8%96%87%E8%8A%B1
https://www.huabaike.com/uploads/allimg/sltimg/201604/57231ecdd24b6.jpg	https://www.huabaike.com/mbzw/2939.html
https://www.huabaike.com/uploads/allimg/sltimg/201604/5721d09d3c3c2.jpg	https://www.huabaike.com/mbzw/2939.html
http://pic12.nipic.com/20110107/4224370_092230095106_2.jpg	http://www.nipic.com/show/1/44/4136992k703a85f1.html
http://p.ayxbk.com/images/thumb/f/f9/Bk3bl.jpg/200px-Bk3bl.jpg	http://www.a-hospital.com/w/%E8%94%B7%E8%96%87%E8%8A%B1
http://i.zgjm.org/uploads/allimg/c140424/13b32C2E9430-JK6.png	http://www.zgjm.org/yuce/huayu/42109.html
http://www.baihuamen.com/d/file/2014/03-14/cd36744152b66a4149968a14134253b5.jpg	http://www.baihuamen.com/qianghua/
http://pic.pingguolv.com/uploads/allimg/131210/49-131210153018.jpg	http://www.pingguolv.com/zy/gongxiao/8159.html
http://idoimg.3mt.com.cn/Article/upload/201006/100621120821230.jpg	http://ido.3mt.com.cn/Article/201006/picview1927391c33p8.html
http://pic30.nipic.com/20130613/12518746_204629239123_2.jpg	http://www.nipic.com/show/1/44/8255863k451b7ee4.html
https://payposter.com/poster_preview/img365-636317.jpg	https://payposter.com/poster/img365-636317
http://www.iqiya.com/uploadfile/article/322/1_kbnmsl20140210_69f8e9c65761a6b4d7e2ZfUf2kEHYgME.jpg	http://www.iqiya.com/article/2015-05-22/63091.html
http://pic1.nipic.com/2008-09-12/200891291849910_2.jpg	http://www.nipic.com/show/1/44/73aefc1e3f97313b.html
http://img03.tooopen.com/images/20131024/sy_43945165646.jpg	http://www.tooopen.com/view/439451.html
http://a1.att.hudong.com/15/00/19300026827739135798008112188_950.jpg	http://fangwusheji.baike.com/article-1194543.html
http://d.5857.com/lmqwbz_150608/004.jpg	http://m.5857.com/wall/44538_4.html
http://image5.tuku.cn/wallpaper/Flower%20Wallpapers/11662_1280x800.jpg	http://www.tuku.cn/wallpapers/wallpapers.aspx?typeid=11662
https://www.huabaike.com/uploads/allimg/sltimg/201612/584a73cfd6fad.jpg	https://www.huabaike.com/mbzw/2939.html
https://www.huabaike.com/uploads/allimg/sltimg/201604/5721d1b4e0071.jpg	https://www.huabaike.com/yhjq/2946.html
http://pic4.55jia.net/fengshuizhiwu/58/a74797.jpg	http://www.55jia.net/75/261732.html
http://www.1818hm.com/file/upload/201609/03/113759755.jpg	http://www.1818hm.com/huamu/show-4821.html
http://pic14.nipic.com/20110509/6863287_233230224117_2.jpg	http://www.nipic.com/show/1/44/4551362kd27f884a.html
http://hua-img.fengqiaoju.com/yanghua/201512/yanghua-5666b7b442a3b34_500_500.png	http://huahui.fengqiaoju.com/huahui-jiaoliu/qiangweihuayangfa/
http://www.huajiang.cc/uploads/image/20160921/1474428270121637.jpg	http://www.huajiang.cc/yanghua/20160921/7535.html
https://image.zhongyibaike.com/image/%E8%94%B7%E8%96%87%E8%8A%B1/%E8%94%B7%E8%96%87%E8%8A%B1.jpg	https://zhongyibaike.com/wiki/%E8%94%B7%E8%96%87%E8%8A%B1
http://pic20.nipic.com/20120503/9988764_184103747000_2.jpg	http://www.nipic.com/show/1/44/6130340k5859c6dc.html
http://s3.sinaimg.cn/large/0040FxKYzy7aXaDlSx422&690	http://weibo.com/p/230418db03641c0102x3k6?from=page_100505_profile&wvr=6&mod=wenzhangmod
http://pic.pingguolv.com/uploads/allimg/170401/99-1F401135051.jpg	http://www.pingguolv.com/zy/gongxiao/92336.html
http://www.iqiya.com/uploadfile/2014/1106/20141106123512516.jpg	http://www.iqiya.com/article/2014-11-06/6500.html
http://img12.3lian.com/gaoqing02/01/10/02/18.jpg	http://www.1008610086.com/qianghua/%E8%94%B7%E8%96%87%E8%8A%B1.html
http://img05.tooopen.com/images/20141024/sy_73421163551.jpg	http://www.tooopen.com/view/734211.html
http://img01.hua.com/uploadpic/images/20151127147496361300.jpg	http://www.hua.com/huayu/13451.html
http://www.wdptj.com/wp-content/uploads/2015/10/%E8%94%B7%E8%96%87%E8%8A%B15.jpg	http://www.wdptj.com/qiangweihua/
http://image29.360doc.com/DownloadImg/2011/05/2516/12112950_4.jpg	http://www.360doc.com/content/11/0525/16/831885_119321082.shtml
http://www.wdptj.com/wp-content/uploads/2015/11/%E9%87%8E%E8%94%B7%E8%96%87%E8%8A%B11.jpg	http://www.wdptj.com/qiangweihua/
http://www.gzhphb.com/gpPic/600/0/mmbiz.qpic.cn/mmbiz/smTXuMjGrVicQ2XYe0I2vre8qF6tmjs5shkZLxsiaTUeb0WD8JKWPjXFCAjoZukOEUgbHeuCPo26ia23l1xftNwYw/0?wx_fmt=jpeg	http://m.gzhphb.com/article/49/490379.html
http://img0.pclady.com.cn/pclady/1206/15/838957_2.jpg	http://emotion.pclady.com.cn/zxzq/1206/838957.html
http://www.xxdao.com/upload/2017/05/18/fc6f24b4ed78dd29.jpg	http://www.xxdao.com/530000/528647.shtml
https://www.huabaike.com/uploads/allimg/sltimg/201604/5721d236e1f63.jpg	https://www.huabaike.com/mbzw/2939.html
http://pic17.nipic.com/20110909/8336686_085542298123_2.jpg	http://www.nipic.com/show/1/44/5404010k5f15f0b9.html
http://pic29.nipic.com/20130521/8716187_154806771000_2.png	http://www.nipic.com/show/2/27/8124959kba03fd08.html
http://pic1.nipic.com/2008-09-18/200891814730467_2.jpg	http://www.nipic.com/show/1/44/c432da572577d732.html
http://pic1.nipic.com/2008-09-19/2008919131545997_2.jpg	http://www.nipic.com/show/1084829.html
http://pic.wenwen.soso.com/p/20091025/20091025093241-1114459856.jpg	http://blog.udn.com/kirarin3723/5844963
http://www.wdptj.com/wp-content/uploads/2015/10/%E8%94%B7%E8%96%87%E8%8A%B11.jpg	http://www.wdptj.com/qiangweihua/
http://img3.3lian.com/2006/009/20/008.jpg	http://www.3lian.com/gif/2006/3-17/21460429010.html
http://www.wdptj.com/wp-content/uploads/2014/11/%E8%94%B7%E8%96%87%E8%8A%B13.jpg	http://www.wdptj.com/5395.html
https://www.huabaike.com/uploads/allimg/artimg/201604/20160429164257_14595.jpg	https://m.huabaike.com/jtyh/2988.html
http://pic.nipic.com/2008-01-19/200811917236538_2.jpg	http://www.nipic.com/show/1/44/bbc60c7d8aaa9846.html
http://pic1.nipic.com/2008-09-18/200891814656219_2.jpg	http://www.nipic.com/show/1080910.html
http://pic17.nipic.com/20110909/8336686_085508390118_2.jpg	http://www.nipic.com/show/1/44/5404009k92ca23b8.html
http://img3.redocn.com/tupian/20150107/qianghuapsdsucai_3803534.jpg	http://so.redocn.com/hua/cad6bbe6c7bedeb1bba8.htm
http://pic1.nipic.com/2008-09-12/20089129188692_2.jpg	http://www.nipic.com/show/1064663.html
http://pic4.55jia.net/fengshuizhiwu/16/a363706.jpg	http://www.55jia.net/75/330187.html
http://pic1.nipic.com/2008-09-19/2008919131653824_2.jpg	http://www.nipic.com/show/1/44/59808742c1a6d081.html
http://img0.pchouse.com.cn/pchouse/1111/01/142856_211.jpg	http://www.pchouse.com.cn/baike/shenghuo/740/
http://pic8.nipic.com/20100419/4079902_225855073055_2.jpg	http://www.nipic.com/show/1/44/f12e902fbcb17a53.html
http://img0.pchouse.com.cn/pchouse/baike/decorate/1111/0905212309e29a5ce4ac10b01d2.jpg	http://www.pchouse.com.cn/baike/shenghuo/740/
http://img01.tooopen.com/Downs/images/2010/1/30/sy_20100130234021421027.jpg	http://www.tooopen.com/view/41423.html
http://img.007swz.com/cpimg/guanmu/JYcfQ70T5S_1239524348.jpg	http://www.007swz.com/t/%C7%BE%DE%B1%BB%A8%BE%B5%D7%D3
http://hua-img.fengqiaoju.com/yanghua/201512/yanghua-5666b7d0a144046_500_500.png	http://huahui.fengqiaoju.com/huahui-jiaoliu/qiangweihuayangfa/
http://image87.360doc.com/DownloadImg/2015/08/1207/57032976_7.jpg	http://www.360doc.com/content/15/0812/07/10371983_491099796.shtml
http://pic6.nipic.com/20100331/4255910_090942001969_2.jpg	http://www.nipic.com/show/1/44/9d122b4ffd06545c.html
https://img.imynest.com/uploads/F/15/F15331BE09.jpeg	https://www.imynest.com/content/26449.html
http://www.pjcn.org/uploads/allimg/1702/1-1F22R2111B60.jpg	http://www.pjcn.org/hg/3612/
http://www.wdptj.com/wp-content/uploads/2014/10/%E8%94%B7%E8%96%87%E8%8A%B11.jpg	http://www.wdptj.com/5293.html
http://www.vsread.com/iconograph1/14d6d0709a7b55232314d889c5a7eb21.jpg	http://www.vsread.com/article-532461.html
https://www.huabaike.com/uploads/allimg/sltimg/201604/57231e5cc6447.jpg	https://m.huabaike.com/jtyh/2988.html
http://www.china5080.com/activity/1/2010_7_17_9_50_50_191.jpg	http://www.china5080.com/sheying/view/325.html
http://www.wed114.cn/jiehun/uploads/allimg/160421/39_160421153646_1.jpg	http://www.wed114.cn/jiehun/zhiwu/20160421145183.html
http://hua-img.fengqiaoju.com/yanghua/201512/yanghua-5666b783587ff32_500_500.png	http://huahui.fengqiaoju.com/huahui-jiaoliu/qiangweihuayangfa/
http://www.xxdao.com/upload/2017/05/18/0bf9830e8391b0c8.jpg	http://www.xxdao.com/530000/528662.shtml
http://www.ipgexpo.com/cms_upload/20150824/20150824095350_676.bmp	http://www.ipgexpo.com/huahui/751.html
http://www.38fan.com/uploads/allimg/170113/41_170113163255_1.jpg	http://www.38fan.com/zhiwu/20170113153368.html
http://www.52yhua.com/uploads/allimg/170320/1-1F320222525.jpg	http://m.52yhua.com/qiangwei/6756.html
http://huayu.huabaike.com/wp-content/uploads/2016/06/Tp11.jpg	http://huayu.huabaike.com/201.html
https://img.ys137.com/data/upload/ueditor/20170123/5885c448c982f.jpg	https://www.ys137.com/zyys/1697517.html
http://qiang.hvbao.com/uploadfile/2013/0606/20130606113533795.jpg	http://qiang.hvbao.com/2013/0606/8506.html
http://a1.att.hudong.com/44/40/19300543752775146070409896381_950.jpg	http://huayu.baike.com/article-1836927.html
https://www.huabaike.com/uploads/allimg/artimg/201604/20160429163921_88802.jpg	https://www.huabaike.com/yhjq/2983.html
http://www.1nongjing.com/uploads/allimg/151027/892-15102GFS4F1.jpg	http://net.1nongjing.com/a/201510/118221.html
