
http://huamu.aweb.com.cn/upfile/1/1/20071029/154816141.jpg	http://huamu.aweb.com.cn/2007/10/29/11200710291550230.shtml
http://www.ew9z.com/wp-content/uploads/2010/06/Thevetia_peruviana_flowers_01.jpg	http://www.ew9z.com/huanghuajiazhutao-tupian.html
http://web3.fimmu.com/lnyzwzy/uploadfile/20101209/20101209141658197.jpg	http://blog.sina.com.cn/s/blog_4c6479c60102vdpz.html
http://s12.sinaimg.cn/mw690/001nPxoHzy6XeqMaQ1t9b&690	http://blog.sina.com.cn/s/blog_4b984a370102vvy0.html
http://a0.att.hudong.com/67/84/01300000356220125645844446657.jpg	http://www.baike.com/wiki/%E9%BB%84%E8%8A%B1%E5%A4%B9%E7%AB%B9%E6%A1%83%E5%B1%9E
http://jpkc.sysu.edu.cn/zhiwuxue/web2004/source/bys/hua/%E5%A4%B9%E7%AB%B9%E6%A1%83%E7%A7%91%20%E9%BB%84%E8%8A%B1%E5%A4%B9%E7%AB%B9%E6%A1%83.jpg	http://jpkc.sysu.edu.cn/zhiwuxue/web2004/source/bys/hua/page_03.htm
http://map1.zw3w.com:8080/zw_news_map/350/2014061/1402456670227938538.jpg	http://zwbk.idwoo.com/archives/tag/%E9%BB%84%E8%8A%B1%E5%A4%B9%E7%AB%B9%E6%A1%83%E5%9B%BE%E7%89%87-%E9%BB%84%E8%8A%B1%E5%A4%B9%E7%AB%B9%E6%A1%83%E8%8A%B1%E6%9C%9F%E5%9B%BE
http://img1.3lian.com/2015/w7/95/d/4.jpg	http://www.rwxzc.com/gif/2015/07-08/88444.html
http://image.sciencenet.cn/album/201606/17/082623v762zhn222dva5xa.jpg	http://blog.sciencenet.cn/blog-827932-985129.html
http://www.baihuamen.com/d/file/2014/04-28/7aa91f3ba7dfe1c03e19a763cfda2279.jpg	http://www.baihuamen.com/huanghuajiazhutao/
http://img.redocn.com/sheying/20150922/huanghuajiazhutao_5004852.jpg	http://sucai.redocn.com/dongwuzhiwu_7292547.html
https://gss0.bdstatic.com/94o3dSag_xI4khGkpoWK1HF6hhy/baike/s%3D220/sign=4a9b252767224f4a5399741139f69044/9213b07eca806538f4b7f7129ddda144ad348256.jpg	https://baike.baidu.com/item/%E9%BB%84%E8%8A%B1%E5%A4%B9%E7%AB%B9%E6%A1%83
http://202.116.160.98:8000/course/ylshmx/tpzy/%E5%8D%8E%E5%8D%97%E5%9C%B0%E5%8C%BA/%E5%8D%8E%E5%8D%97%E5%9C%B0%E5%8C%BA/%E7%81%8C%E6%9C%A8/nEO_IMG_%E9%BB%84%E8%8A%B1%E5%A4%B9%E7%AB%B9%E6%A1%83.jpg	http://202.116.160.98:8000/course/ylshmx/tpzy/%E5%8D%8E%E5%8D%97%E5%9C%B0%E5%8C%BA/%E5%8D%8E%E5%8D%97%E5%9C%B0%E5%8C%BA/%E7%81%8C%E6%9C%A8/index.htm
http://www.hs818.com/upimg/pbi/20094229142_0.jpg	http://www.hs818.com/Pic671Show.html
https://cbu01.alicdn.com/img/ibank/2016/076/057/3366750670_1780290704.310x310.jpg	http://www.1688.com/pic/-B5D8B1BB20BCD0D6F1CCD2.html
http://s6.sinaimg.cn/mw690/001nPxoHzy6Xeq3XjNP75&690	http://blog.sina.com.cn/s/blog_4b984a370102vvy0.html
https://gss0.bdstatic.com/94o3dSag_xI4khGkpoWK1HF6hhy/baike/c0%3Dbaike60%2C5%2C5%2C60%2C20/sign=9381fe6f0923dd54357eaf3ab060d8bb/8718367adab44aed76e13cefb31c8701a18bfb0a.jpg	https://baike.baidu.com/item/%E9%BB%84%E8%8A%B1%E5%A4%B9%E7%AB%B9%E6%A1%83
http://www.gxyyzwy.com/Files/%E6%AF%8F%E6%9C%88%E8%8A%B1%E4%BA%8B/6%E6%9C%88%E7%9B%9B%E5%BC%80%E8%8A%B1%E5%8D%89/%E9%BB%84%E8%8A%B1%E5%A4%B9%E7%AB%B9%E6%A1%83%EF%BC%886%E6%9C%88%EF%BC%89.JPG	http://www.gxyyzwy.com/html/zwdly/1707958.htm
http://www.dgzwy.com/publicfiles///business/htmlfiles/dgzwy/cmsmedia/image/img145374original.png	http://www.dgzwy.com/publicfiles/business/htmlfiles/dgzwy/kpzs/201301/610208.htm
http://img.boqiicdn.com/Data/BK/A/1512/24/imagick53931450924299_y.jpg	http://www.boqii.com/entry/detail/2362.html
https://gss0.bdstatic.com/-4o3dSag_xI4khGkpoWK1HF6hhy/baike/s%3D220/sign=8aef1517b31c8701d2b6b5e4177e9e6e/730e0cf3d7ca7bcbaeda6cdcbe096b63f724a8a4.jpg	https://baike.baidu.com/item/%E9%BB%84%E8%8A%B1%E5%A4%B9%E7%AB%B9%E6%A1%83
http://s9.sinaimg.cn/mw690/001nPxoHzy6XepODQBqa8&690	http://blog.sina.com.cn/s/blog_4b984a370102vvy0.html
http://img.39yst.com/uploads/2015/0619/1434709947156.jpg	http://www.39yst.com/wyy/281063.shtml
http://s13.sinaimg.cn/mw690/001nPxoHzy6Xeq7jriY9c&690	http://blog.sina.com.cn/s/blog_4b984a370102vvy0.html
https://gss2.bdstatic.com/9fo3dSag_xI4khGkpoWK1HF6hhy/baike/s%3D220/sign=97e8af8c90ef76c6d4d2fc29ad17fdf6/241f95cad1c8a786bb2237a36709c93d70cf5016.jpg	https://baike.baidu.com/item/%E9%BB%84%E8%8A%B1%E5%A4%B9%E7%AB%B9%E6%A1%83
http://img.boqiicdn.com/Data/BK/P/imagick60721450949713.jpg	http://www.boqii.com/entry/detail/2362.html
http://s5.sinaimg.cn/mw690/001nPxoHzy6O4mKERaA44&690	http://blog.sina.com.cn/s/blog_4b984a370102v88c.html
http://img.39yst.com/uploads/2015/0316/1426499446313.jpg	http://www.39yst.com/wly/201503/246902.shtml
http://img.boqiicdn.com/Data/BK/A/1512/24/imagick86051450926768_y.jpg	http://www.boqii.com/entry/detail/2362.html
https://gss3.bdstatic.com/-Po3dSag_xI4khGkpoWK1HF6hhy/baike/s%3D220/sign=a2bb0fc53dc79f3d8be1e3328aa0cdbc/d01373f082025aafcf8934f1fdedab64034f1a54.jpg	https://baike.baidu.com/item/%E9%BB%84%E8%8A%B1%E5%A4%B9%E7%AB%B9%E6%A1%83
http://s5.sinaimg.cn/mw690/001nPxoHzy6O4lEEkwkc4&690	http://blog.sina.com.cn/s/blog_4b984a370102v88c.html
http://a1.att.hudong.com/44/80/01300000356220125645801712603_s.jpg	http://www.baike.com/wiki/%E9%BB%84%E8%8A%B1%E5%A4%B9%E7%AB%B9%E6%A1%83%E5%B1%9E
http://a2.att.hudong.com/07/86/01300543767256146528860043161_s.jpg	http://www.baike.com/wiki/%E9%BB%84%E8%8A%B1%E5%A4%B9%E7%AB%B9%E6%A1%83
http://a0.att.hudong.com/61/87/300000764046131346872962540_s.jpg	http://www.baike.com/wiki/%E9%BB%84%E8%8A%B1%E5%A4%B9%E7%AB%B9%E6%A1%83
http://www.23book.com/upload/2016/03/26/5a2e2e78-25e7-4a4a-a9aa-6cbe06d8abf1.jpg	http://www.23book.com/160000/155245.shtml
https://cbu01.alicdn.com/img/ibank/2014/824/380/1784083428_617608698.310x310.jpg	https://www.1688.com/pic/-BBC6BBA8BCD0D6F1CCD2.html
http://s6.sinaimg.cn/mw690/001nPxoHzy6O4n46If385&690	http://blog.sina.com.cn/s/blog_4b984a370102v88c.html
http://img.xunhai.com/2015/11/26/144851247949359.jpg	http://www.xunhai.com/huanghuajiazhutao/2015/1126/4138.html
http://img.boqiicdn.com/Data/BK/A/1512/24/imagick18941450924988_y.jpg	http://www.boqii.com/entry/detail/2362.html
http://s11.sinaimg.cn/mw690/001nPxoHzy6O4mxmmwOea&690	http://blog.sina.com.cn/s/blog_4b984a370102v88c.html
http://a3.att.hudong.com/80/84/01300000356220125645847370400_s.jpg	http://www.baike.com/wiki/%E9%BB%84%E8%8A%B1%E5%A4%B9%E7%AB%B9%E6%A1%83%E5%B1%9E
http://www.zxhm2.com/upLoadFile/20169177230.jpg	http://www.zxhm2.com/pro_detail76.html
https://gss2.bdstatic.com/9fo3dSag_xI4khGkpoWK1HF6hhy/baike/s%3D220/sign=d1b8ba1b8d44ebf86971633de9f8d736/2fdda3cc7cd98d10bb318f292b3fb80e7aec90c5.jpg	https://baike.baidu.com/item/%E9%BB%84%E8%8A%B1%E5%A4%B9%E7%AB%B9%E6%A1%83%E5%B1%9E
http://file1.youboy.com/e/2015/6/4/93/202819.jpg	http://www.xn--wbwr93i.com/s204066133.html
http://a0.att.hudong.com/30/96/01300000111348120980968946857.jpg	http://tupian.baike.com/a0_30_96_01300000111348120980968946857_jpg.html
http://www.39world.com/upimg/zyphoto/200791314174826577801.jpg	http://www.39world.com/zyphoto/0913546020075460.html
http://p.ayxbk.com/images/thumb/f/f4/Bkhj6.jpg/220px-Bkhj6.jpg	http://www.a-hospital.com/w/%E9%BB%84%E8%8A%B1%E5%A4%B9%E7%AB%B9%E6%A1%83%E5%8F%B6
http://a0.att.hudong.com/71/86/01300543767256146528861930576_s.jpg	http://www.baike.com/wiki/%E9%BB%84%E8%8A%B1%E5%A4%B9%E7%AB%B9%E6%A1%83
http://p.ayxbk.com/images/thumb/7/76/Bkdae.jpg/220px-Bkdae.jpg	http://www.a-hospital.com/w/%E9%BB%84%E8%8A%B1%E5%A4%B9%E7%AB%B9%E6%A1%83
http://info.qingdaoexpo2014.org/pic/img/img/2013/9/11/u123/97DinN.jpg	http://info.qingdaoexpo2014.org/en/baike/view_24.html
http://www.66mm6.com/product/pics/20160526/201605261464273884541.jpg	http://www.66mm6.com/product/html/83.html
http://file.youboy.com/a/119/9/49/6/22479926.gif	http://www.xn--wbwr93i.com/s204066133.html
https://cbu01.alicdn.com/img/ibank/2014/810/026/1378620018_470420139.310x310.jpg	https://www.1688.com/pic/-BBC6BBA8BCD0D6F1CCD2.html
http://a0.att.hudong.com/56/88/300000764046131346880052985_s.jpg	http://www.baike.com/wiki/%E9%BB%84%E8%8A%B1%E5%A4%B9%E7%AB%B9%E6%A1%83
http://1.bp.blogspot.com/-uwj35TuSh_0/U-Dfm2oAGGI/AAAAAAAAAKw/1703wjhRd9s/s1600/IMG_1044.jpg	http://alittlebitofsilence.blogspot.com/2014/08/thevetia-peruviana.html
https://cbu01.alicdn.com/img/ibank/2014/029/500/1375005920_1896239033.jpg	https://www.1688.com/topic/jiazhutaosharen.html
http://www.pjcn.org/uploads/allimg/1611/1-16112H20533Y1.jpg	http://www.pjcn.org/zs/2914/
http://oss.p.t262.com/cpic/99/4b/44936003b4fd4f7db6d4d4cee9514b99.jpg	http://www.t262.com/read/480531.html
http://img.redocn.com/sheying/20161019/huanghuajiazhutao_7292547.jpg	http://sucai.redocn.com/dongwuzhiwu_7292547.html
http://s10.sinaimg.cn/mw690/001nPxoHzy755FfLtG1b9&690	http://blog.sina.com.cn/s/blog_4b984a370102wk1k.html
http://map1.zw3w.com:8080/zw_news_map/350/2014061/1402402194572876119.png	http://zwbk.idwoo.com/archives/tag/%E9%BB%84%E8%8A%B1%E5%A4%B9%E7%AB%B9%E6%A1%83%E5%9B%BE%E7%89%87-%E9%BB%84%E8%8A%B1%E5%A4%B9%E7%AB%B9%E6%A1%83%E8%8A%B1%E6%9C%9F%E5%9B%BE
http://a4.att.hudong.com/20/30/01300000356220125629301823050_s.jpg	http://www.baike.com/wiki/%E9%BB%84%E8%8A%B1%E5%A4%B9%E7%AB%B9%E6%A1%83%E5%B1%9E
http://s13.sinaimg.cn/mw690/001TWJuZgy6TnoaAcMYcc&690	http://blog.sina.com.cn/s/blog_67e176b50102w0lw.html
http://map1.zw3w.com:8080/zw_news_map/350/2014061/1402402675505010735.png	http://zwbk.idwoo.com/archives/tag/%E9%BB%84%E8%8A%B1%E5%A4%B9%E7%AB%B9%E6%A1%83%E5%9B%BE%E7%89%87-%E9%BB%84%E8%8A%B1%E5%A4%B9%E7%AB%B9%E6%A1%83%E8%8A%B1%E6%9C%9F%E5%9B%BE
http://www.hugbear.net/hugbear/album/plant/album/72/5.jpg	http://www.hugbear.net/hugbear/viewinfoplant141.html
http://map1.zw3w.com:8080/zw_news_map/350/2014061/1402457080889142753.jpg	http://zwbk.idwoo.com/archives/tag/%E9%BB%84%E8%8A%B1%E5%A4%B9%E7%AB%B9%E6%A1%83%E5%9B%BE%E7%89%87-%E9%BB%84%E8%8A%B1%E5%A4%B9%E7%AB%B9%E6%A1%83%E8%8A%B1%E6%9C%9F%E5%9B%BE
http://a0.att.hudong.com/23/85/01300543767256146528850646411_s.jpg	http://www.baike.com/wiki/%E9%BB%84%E8%8A%B1%E5%A4%B9%E7%AB%B9%E6%A1%83
http://s4.sinaimg.cn/mw690/003sae9dzy76T26TvF193&690	http://blog.sina.com.cn/s/blog_bc9f8f830102wlwq.html
https://cbu01.alicdn.com/img/ibank/2016/784/469/3665964487_1529362379.310x310.jpg	https://www.1688.com/pic/-BCD0D6F1CCD2CCE1C8A1CEEF.html
http://s6.sinaimg.cn/middle/66019f9ehadcd6e627de5&690	http://blog.sina.com.cn/s/blog_66019f9e0102dukn.html
http://zw3wmap1.zw3e.com:8080/zw_news_map/350/2014053/1400894762432292991.jpg	http://www.zw3e.com/bk/guanyezhiwu/wcdac.html
http://imgupload3.youboy.com/imagestore20160330bb6d8bfe-9d6a-4d07-8a74-1437cd9c2dad.jpg?360*300	http://www.xn--tnyp4tflm.com/s501627137.html
https://cbu01.alicdn.com/img/ibank/2016/698/140/3328041896_1461477896.310x310.jpg	https://www.1688.com/pic/-BCD0D6F1CCD2CAF7.html
http://www.yuhuagu.com/uploads/allimg/120526/10-120526215U8.jpg	http://www.yuhuagu.com/ktsh/3054.html
http://s12.sinaimg.cn/mw690/001nPxoHzy6O4ll8iTx2b&690	http://blog.sina.com.cn/s/blog_4b984a370102v88c.html
https://upload.wikimedia.org/wikipedia/commons/thumb/1/14/Thevetia_peruviana.JPG/240px-Thevetia_peruviana.JPG	https://zh.wikipedia.org/zh-hans/%E9%BB%83%E8%8A%B1%E5%A4%BE%E7%AB%B9%E6%A1%83
http://s16.sinaimg.cn/mw690/0028tD2Wgy6SRbl7Kvd3f&690	http://blog.sina.com.cn/s/blog_74ada8aa0102vs5k.html
http://imgupload2.youboy.com/imagestore201603300729e4f4-e26d-4476-94bf-9fce0a09e31e.jpg?360*300	http://www.xn--tnyp4tflm.com/s501627137.html
https://gss1.bdstatic.com/-vo3dSag_xI4khGkpoWK1HF6hhy/baike/w%3D268%3Bg%3D0/sign=4be1096aa56eddc426e7b3fd01e0d1c0/3bf33a87e950352a834902875b43fbf2b2118b10.jpg	http://baike.baidu.com/item/%E9%BB%84%E8%8A%B1%E5%A4%B9%E7%AB%B9%E6%A1%83%E5%8F%B6
https://cbu01.alicdn.com/img/ibank/2014/777/460/1524064777_110972606.310x310.jpg	https://www.1688.com/pic/-BCD0D6F1CCD2CCE1C8A1CEEF.html
http://imgupload1.youboy.com/imagestore201603302d22e84e-6d0c-4cd0-b887-62855af6ec57.jpg?360*300	http://www.xn--tnyp4tflm.com/s501627137.html
http://img.xunhai.com/2015/11/26/1448512495685.jpg	http://www.xunhai.com/huanghuajiazhutao/2015/1126/4141.html
http://s16.sinaimg.cn/mw690/001nPxoHzy6XeqcMzsr6f&690	http://blog.sina.com.cn/s/blog_4b984a370102vvy0.html
http://www.baihuamen.com/d/file/2014/04-27/36c1b689bfff0d7208104f1febe98e99.jpg	http://www.baihuamen.com/huanghuajiazhutao/
http://xpower.51hm.cn/zwpic/%E9%BB%84%E8%8A%B1%E5%A4%B9%E7%AB%B9%E6%A1%831.jpg	http://xpower.51hm.cn/zw/default.asp?kw=%BC%D0%D6%F1%CC%D2
http://www.shucity.cn/wordpress/wp-content/uploads/2016/08/%E9%BB%84%E8%8A%B1%E5%A4%B9%E7%AB%B9%E6%A1%832-300x300.jpg	http://www.shucity.cn/wordpress/category/%E5%B8%B8%E7%BB%BF%E7%81%8C%E6%9C%A8/%E5%A4%B9%E7%AB%B9%E6%A1%83
http://www.66mm6.com/product/pics/20160526/201605261464273875629.jpg	http://www.66mm6.com/product/html/83.html
http://s12.sinaimg.cn/mw690/001nPxoHzy755Feqtjtdb&690	http://blog.sina.com.cn/s/blog_4b984a370102wk1k.html
https://st2.depositphotos.com/3875813/11964/i/950/depositphotos_119645822-stock-photo-a-bouquet-of-flowers-chrysanthemums.jpg	http://cn.depositphotos.com/119645822/stock-photo-a-bouquet-of-flowers-chrysanthemums.html
http://pic68.nipic.com/file/20150518/217797_163359994000_2.jpg	http://www.nipic.com/show/12537906.html
http://202.116.160.98:8000/course/ylshmx/tpzy/%E5%8D%8E%E5%8D%97%E5%9C%B0%E5%8C%BA/%E5%8D%8E%E5%8D%97%E5%9C%B0%E5%8C%BA/%E7%81%8C%E6%9C%A8/nEO_IMG_%E9%BB%84%E8%8A%B1%E5%A4%B9%E7%AB%B9%E6%A1%83%20%E8%8A%B1.jpg	http://202.116.160.98:8000/course/ylshmx/tpzy/%E5%8D%8E%E5%8D%97%E5%9C%B0%E5%8C%BA/%E5%8D%8E%E5%8D%97%E5%9C%B0%E5%8C%BA/%E7%81%8C%E6%9C%A8/index.htm
https://st2.depositphotos.com/3875813/11782/i/950/depositphotos_117826588-stock-photo-a-bouquet-of-flowers-of.jpg	https://cn.depositphotos.com/117826588/stock-photo-a-bouquet-of-flowers-of.html
http://img.redocn.com/sheying/20160810/yiduohuanghuajiazhutao_6898917.jpg	http://sucai.redocn.com/dongwuzhiwu_7292547.html
http://pic68.nipic.com/file/20150518/217797_163019582001_2.jpg	http://www.nipic.com/show/12537907.html
https://cbu01.alicdn.com/img/ibank/2014/052/046/1620640250_617608698.310x310.jpg	https://www.1688.com/pic/-BBC6BBA8BCD0D6F1CCD2.html
http://s15.sinaimg.cn/mw690/0028tD2Wgy6SRblPTSCae&690	http://blog.sina.com.cn/s/blog_74ada8aa0102vs5k.html
http://s16.sinaimg.cn/mw690/001nPxoHzy754SwMgDZ2f&690	http://blog.sina.com.cn/s/blog_4b984a370102wk1k.html
http://s10.sinaimg.cn/mw690/001nPxoHzy754SA5GCBd9&690	http://blog.sina.com.cn/s/blog_4b984a370102wk1k.html
http://s2.sinaimg.cn/mw690/001nPxoHzy754SHbqcVa1&690	http://blog.sina.com.cn/s/blog_4b984a370102wk1k.html
http://s10.sinaimg.cn/mw690/0028tD2Wgy6SRbmyLlD29&690	http://blog.sina.com.cn/s/blog_74ada8aa0102vs5k.html
