
https://gss0.bdstatic.com/94o3dSag_xI4khGkpoWK1HF6hhy/baike/c0%3Dbaike92%2C5%2C5%2C92%2C30/sign=d34db41e4836acaf4ded9eae1db0e675/38dbb6fd5266d0161186690f942bd40735fa357d.jpg
https://gss1.bdstatic.com/9vo3dSag_xI4khGkpoWK1HF6hhy/baike/c0%3Dbaike92%2C5%2C5%2C92%2C30/sign=6d8f98c92c2eb938f86072a0b40bee50/0e2442a7d933c895e82b0353d21373f082020044.jpg
https://gss3.bdstatic.com/-Po3dSag_xI4khGkpoWK1HF6hhy/baike/c0%3Dbaike116%2C5%2C5%2C116%2C38/sign=c71dc11e1e950a7b613846966bb809bc/21a4462309f790521337dd160ff3d7ca7bcbd5ea.jpg
https://gss3.bdstatic.com/-Po3dSag_xI4khGkpoWK1HF6hhy/baike/c0%3Dbaike92%2C5%2C5%2C92%2C30/sign=a1a2df1378f40ad101e9cfb136457aba/e4dde71190ef76c60c3613009e16fdfaaf516731.jpg
https://gss1.bdstatic.com/9vo3dSag_xI4khGkpoWK1HF6hhy/baike/c0%3Dbaike92%2C5%2C5%2C92%2C30/sign=e611ccc4aaec8a1300175fb2966afaea/9c16fdfaaf51f3de05b2514f97eef01f3a29799d.jpg

https://gss2.bdstatic.com/9fo3dSag_xI4khGkpoWK1HF6hhy/baike/c0%3Dbaike92%2C5%2C5%2C92%2C30/sign=044828d2ac6eddc432eabca958b2dd98/472309f79052982278b23ff4d6ca7bcb0a46d407.jpg
https://gss3.bdstatic.com/-Po3dSag_xI4khGkpoWK1HF6hhy/baike/c0%3Dbaike80%2C5%2C5%2C80%2C26/sign=8f9478fcfaedab64607f4592965fc4a6/3bf33a87e950352aedc7233f5243fbf2b2118b66.jpg
https://gss0.bdstatic.com/94o3dSag_xI4khGkpoWK1HF6hhy/baike/c0%3Dbaike92%2C5%2C5%2C92%2C30/sign=f0cacb1e8718367ab984778f4f1ae0b1/0df431adcbef76090bad9fa82fdda3cc7cd99e66.jpg
https://gss1.bdstatic.com/-vo3dSag_xI4khGkpoWK1HF6hhy/baike/c0%3Dbaike92%2C5%2C5%2C92%2C30/sign=94cb0a15b21bb0519b29bb7a5713b1d1/5882b2b7d0a20cf40c11f8e877094b36acaf9907.jpg
https://gss2.bdstatic.com/-fo3dSag_xI4khGkpoWK1HF6hhy/baike/c0%3Dbaike92%2C5%2C5%2C92%2C30/sign=49b41b3f1e30e924dba994632d610563/7aec54e736d12f2ef784a8574ec2d56285356807.jpg
https://gss1.bdstatic.com/9vo3dSag_xI4khGkpoWK1HF6hhy/baike/c0%3Dbaike92%2C5%2C5%2C92%2C30/sign=73ddc118bf096b63951456026d5aec21/6d81800a19d8bc3ec8ae00fd838ba61ea8d34566.jpg

https://gss0.bdstatic.com/-4o3dSag_xI4khGkpoWK1HF6hhy/baike/c0%3Dbaike80%2C5%2C5%2C80%2C26/sign=26eb979a11dfa9ece9235e4503b99c66/f2deb48f8c5494ee2427fa9f2df5e0fe99257e2b.jpg
https://gss2.bdstatic.com/-fo3dSag_xI4khGkpoWK1HF6hhy/baike/c0%3Dbaike80%2C5%2C5%2C80%2C26/sign=36954d9ad42a283457ab3e593adca28f/c8177f3e6709c93d260353709f3df8dcd0005447.jpg
https://gss1.bdstatic.com/9vo3dSag_xI4khGkpoWK1HF6hhy/baike/c0%3Dbaike80%2C5%2C5%2C80%2C26/sign=09d1399409f79052fb124f6c6d9abcaf/d009b3de9c82d158e5ca1336800a19d8bd3e42e8.jpg
https://gss2.bdstatic.com/9fo3dSag_xI4khGkpoWK1HF6hhy/baike/c0%3Dbaike80%2C5%2C5%2C80%2C26/sign=52a657b7baa1cd1111bb7a72d87ba399/f603918fa0ec08fafb47a02059ee3d6d54fbdaf6.jpg
https://gss1.bdstatic.com/9vo3dSag_xI4khGkpoWK1HF6hhy/baike/c0%3Dbaike80%2C5%2C5%2C80%2C26/sign=57d285040f2442a7ba03f5f7b02ac62e/6159252dd42a2834fd18898c5bb5c9ea14cebfff.jpg
https://gss2.bdstatic.com/-fo3dSag_xI4khGkpoWK1HF6hhy/baike/c0%3Dbaike80%2C5%2C5%2C80%2C26/sign=5f59b72059ee3d6d36cb8f99227f0647/35a85edf8db1cb1347309894dd54564e93584bdf.jpg

https://gss2.bdstatic.com/9fo3dSag_xI4khGkpoWK1HF6hhy/baike/c0%3Dbaike92%2C5%2C5%2C92%2C30/sign=98d76208d8f9d72a0369184fb5434351/fc1f4134970a304ea784a6cdd0c8a786c9175c66.jpg
https://gss3.bdstatic.com/-Po3dSag_xI4khGkpoWK1HF6hhy/baike/c0%3Dbaike92%2C5%2C5%2C92%2C30/sign=a91cda57342ac65c73086e219a9bd974/bba1cd11728b47102a89fbfbc2cec3fdfc032366.jpg

https://gss3.bdstatic.com/-Po3dSag_xI4khGkpoWK1HF6hhy/baike/c0%3Dbaike92%2C5%2C5%2C92%2C30/sign=888768b2c8ea15ce55e3e85bd7695196/7e3e6709c93d70cfb07bac3af9dcd100baa12b07.jpg
https://gss0.bdstatic.com/94o3dSag_xI4khGkpoWK1HF6hhy/baike/c0%3Dbaike92%2C5%2C5%2C92%2C30/sign=3d8b32ee3801213fdb3e468e358e5db4/d50735fae6cd7b892eca3cb40e2442a7d9330e66.jpg
https://gss1.bdstatic.com/9vo3dSag_xI4khGkpoWK1HF6hhy/baike/c0%3Dbaike92%2C5%2C5%2C92%2C30/sign=b0550a06203fb80e18dc698557b8444b/34fae6cd7b899e51be0f3c2343a7d933c8950d07.jpg

https://gss2.bdstatic.com/-fo3dSag_xI4khGkpoWK1HF6hhy/baike/c0%3Dbaike150%2C5%2C5%2C150%2C50/sign=29efa813d933c895b2739029b07a1895/377adab44aed2e73ad1f59a88701a18b86d6fa44.jpg
https://gss1.bdstatic.com/-vo3dSag_xI4khGkpoWK1HF6hhy/baike/c0%3Dbaike150%2C5%2C5%2C150%2C50/sign=fc6f4a5808fa513d45a7648c5c043e9e/359b033b5bb5c9ea782edc67d539b6003bf3b351.jpg
https://gss2.bdstatic.com/9fo3dSag_xI4khGkpoWK1HF6hhy/baike/c0%3Dbaike220%2C5%2C5%2C220%2C73/sign=eb96d3a6b31bb0519b29bb7a5713b1d1/a8ec8a13632762d0b5e27b3ba0ec08fa503dc652.jpg
https://gss3.bdstatic.com/7Po3dSag_xI4khGkpoWK1HF6hhy/baike/c0%3Dbaike150%2C5%2C5%2C150%2C50/sign=60b0196ab48f8c54f7decd7d5b404690/314e251f95cad1c8686723a37f3e6709c83d5152.jpg
https://gss2.bdstatic.com/-fo3dSag_xI4khGkpoWK1HF6hhy/baike/c0%3Dbaike150%2C5%2C5%2C150%2C50/sign=ee48ce99d42a283457ab3e593adca28f/adaf2edda3cc7cd90301ea5d3901213fb80e9102.jpg
