
http://img.boqiicdn.com/Data/BK/A/1601/20/imagick76471453273630_y.jpg	http://www.boqii.com/entry/detail/2440.html
http://imgs.bzw315.com/UploadFiles/Version2/0/20160829/201608291548173873.jpg	http://www.bzw315.com/zx/zhiwu/342528.html
http://www.huayugu.com.cn/uploads/allimg/160817/1-160QG209550-L.jpg	http://www.huayugu.com.cn/houelingxiao/
http://img.redocn.com/sheying/20160805/houlingxiao_6877621.jpg	http://sucai.redocn.com/dongwuzhiwu_6877621.html
http://map1.zw3w.com:8080/zw_news_map/350/2014062/1403235193490445005.jpg	http://zwbk.idwoo.com/archives/tag/%E8%AE%A4%E8%AF%86%E5%8E%9A%E8%90%BC%E5%87%8C%E9%9C%84%E5%8E%9A%E8%90%BC%E5%87%8C%E9%9C%84%E7%9F%A5%E5%A4%9A%E5%B0%91
http://s12.sinaimg.cn/middle/5ff3202dg7a06a1726c0b&690	http://blog.sina.com.cn/s/blog_5ff3202d0100u11a.html
http://www.zhiwutong.com/tu/cvh/2006/5/30/12310.jpg	http://www.zhiwutong.com/dan_tu/81/65200.htm
http://img.xunhai.com/2015/11/27/144858864241636.jpg	http://www.xunhai.com/houelingxiao/2015/1127/4805.html
http://www.huayugu.com.cn/uploads/allimg/160817/1-160QG20R90-L.jpg	http://www.huayugu.com.cn/houelingxiao/
http://www.chla.com.cn/uploadfile/2011/new2011617/images/2017/04/20170427130423.jpg	http://www.chla.com.cn/htm/2017/0427/259372.html
http://s14.sinaimg.cn/mw690/0022rybyzy7bveU6Oq9ed&690	http://blog.sina.com.cn/s/blog_6f5d495c0102x2p1.html
http://img.redocn.com/sheying/20160920/houlingxiao_7143021.jpg	http://sucai.redocn.com/dongwuzhiwu_6877621.html
https://i2.kknews.cc/large/9760006eb9512f2f583	https://kknews.cc/science/y8bb8n.html
https://farm5.static.flickr.com/4121/4761191558_24645d77f9.jpg	http://www.djibnet.com/photo/campsisradicans/campsis-radicans-4761191558.html
http://www.21cbi.com/upload/201611/18/147947691689.jpg	http://m.21cbi.com/s/14/355292.html
http://www.zhiwutong.com/tu/cvh/2006/5/30/12346.jpg	http://www.zhiwutong.com/dan_tu/81/65202.htm
http://www.neipet.com/wp-content/uploads/2016/08/helx.png	http://www.neipet.com/helx/
https://gss1.bdstatic.com/9vo3dSag_xI4khGkpoWK1HF6hhy/baike/s%3D220/sign=f9ad3831b0a1cd1101b675228913c8b0/a50f4bfbfbedab64023e91c1fd36afc379311e66.jpg	https://baike.baidu.com/item/%E5%8E%9A%E8%90%BC%E5%87%8C%E9%9C%84
http://img.tulaoshi.com/ueditor/201706/21/fd3f0d81e30facf35cbd2e438169cdd2.jpg	http://www.tulaoshi.com/n/20170621/2654377.html
http://www.huayugu.com.cn/uploads/allimg/160817/1-160QG204270-L.jpg	http://www.huayugu.com.cn/houelingxiao/
http://s10.sinaimg.cn/mw690/0066bzNfzy7bgCcIieJf9&690	http://blog.sina.com.cn/s/blog_14d1561c10102x891.html
http://img.tulaoshi.com/ueditor/201706/21/0c961df059c0bddb2e1a14ffb46cd3d1.jpg	http://www.tulaoshi.com/n/20170621/2654377.html
https://upload.wikimedia.org/wikipedia/commons/thumb/5/5f/Campsis_radicans-600px.jpg/250px-Campsis_radicans-600px.jpg	https://zh.wikipedia.org/wiki/%E5%8E%9A%E8%90%BC%E5%87%8C%E9%9C%84
http://img.tulaoshi.com/ueditor/201706/21/1c9f2f0b74edcea24978261fb7f7c686.jpg	http://www.tulaoshi.com/n/20170621/2654377.html
http://www.huayugu.com.cn/uploads/allimg/160817/1-160QG205430-L.jpg	http://www.huayugu.com.cn/houelingxiao/
https://cdn.huaniaoy.cn/20160201/original/1454261229747.jpg@!pic280zw	https://www.huaniaoy.com/yangzhifangfa/158/
http://s15.sinaimg.cn/mw690/001U36l5zy74h4nVkBgbe&690	http://blog.sina.com.cn/s/blog_67f89f7b0102w98p.html
http://pic1.win4000.com/pic/9/ac/695f1351729.jpg_195.jpg	http://www.win4000.com/meinv113375.html
http://img.xunhai.com/2015/11/27/144858868046236.jpg	http://www.xunhai.com/houelingxiao/2015/1127/4810.html
http://www.yuhuagu.com/uploads/allimg/130313/10-130313202F4.jpg	http://www.yuhuagu.com/tengben/2013/0313/6843.html
http://www.chla.com.cn/uploadfile/2011/new2011617/images/2017/04/20170427130508.jpg	http://www.chla.com.cn/htm/2017/0427/259372.html
http://img.boqiicdn.com/Data/BK/A/1601/20/imagick54801453275645_y.jpg	http://www.boqii.com/entry/detail/2440.html
http://s6.sinaimg.cn/mw690/003sae9dgy6N0gOHGSN35&690	http://blog.sina.com.cn/s/blog_bc9f8f830102v26y.html
http://img004.mllres.com//images/upload/%E5%8E%9A%E8%90%BC%E5%87%8C%E9%9C%8404.jpg	http://www.meilele.com/article/shipin/38702.html
https://cdn.huaniaoy.cn/20160123/original/1453512122730.jpg@!picb	https://www.huaniaoy.com/yangzhifangfa/158/
http://img.xunhai.com/2015/11/27/144858868168739.jpg	http://www.xunhai.com/houelingxiao/2015/1127/4810.html
http://s7.sinaimg.cn/mw690/58ceb575gx6Be0Bonem66&690	http://blog.sina.com.cn/s/blog_58ceb5750101dk3m.html
https://cdn.huaniaoy.cn/20160201/original/1454261060156.jpg@!pic280zw	https://www.huaniaoy.com/yangzhifangfa/158/
http://img.boqiicdn.com/Data/BK/A/1601/20/imagick23431453274338_y.jpg	http://www.boqii.com/entry/detail/2440.html
http://img.mp.sohu.com/upload/20170703/1e831a480845414f8cf0bb8d2c640716_th.png	http://www.sohu.com/a/153964289_383728
https://i2.kknews.cc/large/972000966fa3a37cca5	https://kknews.cc/science/y8bb8n.html
http://www.21cbi.com/upload/201609/28/147501064038.jpg	http://m.21cbi.com/s/14/199421.html
https://cdn.huaniaoy.cn/20160131/original/1454253696675.jpg@!picb	https://www.huaniaoy.com/yangzhifangfa/158/
http://pic1.win4000.com/pic/9/ac/695f1351727.jpg	http://www.win4000.com/meinv113375.html
http://pic76.nipic.com/file/20150822/13032459_071006187000_2.jpg	http://www.nipic.com/show/13156001.html
https://farm5.static.flickr.com/4114/4761190660_7f6beeb9d8.jpg	http://www.djibnet.com/photo/%E5%8E%9A%E8%90%BC%E5%87%8C%E9%9C%84/campsis-radicans-4761190660.html
http://s4.sinaimg.cn/mw690/003sae9dgy6N0gOiPDR83&690	http://blog.sina.com.cn/s/blog_bc9f8f830102v26y.html
http://yanyuanplants.pku.edu.cn/upfile/image/20150415134427_728555_98481.jpg	http://yanyuanplants.pku.edu.cn/display.php?id=85
http://img.redocn.com/sheying/20160801/bankaidehoulingxiao_6810693.jpg	http://sucai.redocn.com/dongwuzhiwu_6810693.html
http://img.redocn.com/sheying/20160801/xuanzaikongzhongdehoulingxiao_6810591.jpg	http://sucai.redocn.com/dongwuzhiwu_6810591.html
http://img.redocn.com/sheying/20160801/guamanshuizhudehoulingxiao_6810643.jpg	http://sucai.redocn.com/dongwuzhiwu_6810643.html
http://s4.sinaimg.cn/mw690/001U36l5zy74h4n435x73&690	http://blog.sina.com.cn/s/blog_67f89f7b0102w98p.html
https://myfoodandflowers.files.wordpress.com/2014/08/trumpet-vine-campsis-e58e9ae890bce5878ce99c84-1-medium.jpg?w=300&h=282	https://myfoodandflowers.wordpress.com/2014/08/11/trumpet-vine-campsis-%E5%8E%9A%E8%90%BC%E5%87%8C%E9%9C%84/
http://s7.sinaimg.cn/mw690/001U36l5zy74h4mYCsSd6&690	http://blog.sina.com.cn/s/blog_67f89f7b0102w98p.html
http://z.xiziwang.net/uploads/allimg/141108/30_141108151400_1.jpg	http://z.xiziwang.net/hua/16403/
https://upload.wikimedia.org/wikipedia/commons/thumb/b/bb/Campsis_radicans-leaf.jpg/220px-Campsis_radicans-leaf.jpg	https://zh.wikipedia.org/wiki/%E5%8E%9A%E8%90%BC%E5%87%8C%E9%9C%84
http://s6.sinaimg.cn/mw690/0022rybyzy7bveVsRFP25&690	http://blog.sina.com.cn/s/blog_6f5d495c0102x2p1.html
https://farm5.static.flickr.com/4075/4761189846_b47f89c976.jpg	http://www.djibnet.com/photo/cow+itch+vine/campsis-radicans-4761189846.html
http://s3.sinaimg.cn/mw690/0066bzNfzy7bgBZqEG6b2&690	http://blog.sina.com.cn/s/blog_14d1561c10102x891.html
http://s1.sinaimg.cn/mw690/0066bzNfzy7bgBYTE8Ub0&690	http://blog.sina.com.cn/s/blog_14d1561c10102x891.html
http://www.chla.com.cn/uploadfile/2011/new2011617/images/2017/04/20170427130539.jpg	http://www.chla.com.cn/htm/2017/0427/259372.html
http://s2.sinaimg.cn/mw690/0066bzNfzy7bgCcQHiV21&690	http://blog.sina.com.cn/s/blog_14d1561c10102x891.html
http://www.yuhuagu.com/uploads/allimg/130313/10-130313202F8.jpg	http://www.yuhuagu.com/tengben/2013/0313/6843.html
http://img.redocn.com/sheying/20160805/hongsehoulingxiao_6876937.jpg	http://sucai.redocn.com/dongwuzhiwu_6876937.html
http://s9.sinaimg.cn/mw690/0022rybyzy7bvf6dAPm58&690	http://blog.sina.com.cn/s/blog_6f5d495c0102x2p1.html
http://s10.sinaimg.cn/mw690/0022rybyzy7bvf9DeLD79&690	http://blog.sina.com.cn/s/blog_6f5d495c0102x2p1.html
http://s1.sinaimg.cn/mw690/0022rybyzy7bveYBf2wf0&690	http://blog.sina.com.cn/s/blog_6f5d495c0102x2p1.html
http://s12.sinaimg.cn/mw690/001U36l5zy74h4nx1Nx2b&690	http://blog.sina.com.cn/s/blog_67f89f7b0102w98p.html
http://s12.sinaimg.cn/mw690/0066bzNfzy7bgBZ6C155b&690	http://blog.sina.com.cn/s/blog_14d1561c10102x891.html
http://s4.sinaimg.cn/mw690/001U36l5zy74h4nBtlha3&690	http://blog.sina.com.cn/s/blog_67f89f7b0102w98p.html
http://s6.sinaimg.cn/mw690/001U36l5zy74h4mU9mtf5&690	http://blog.sina.com.cn/s/blog_67f89f7b0102w98p.html
http://s1.sinaimg.cn/mw690/001U36l5zy74h4nMBSU90&690	http://blog.sina.com.cn/s/blog_67f89f7b0102w98p.html
http://s13.sinaimg.cn/mw690/001U36l5zy74h4ochcM3c&690	http://blog.sina.com.cn/s/blog_67f89f7b0102w98p.html
http://s7.sinaimg.cn/mw690/001U36l5zy74h4nIDHM06&690	http://blog.sina.com.cn/s/blog_67f89f7b0102w98p.html
http://s12.sinaimg.cn/mw690/001U36l5zy74h4qDMan6b&690	http://blog.sina.com.cn/s/blog_67f89f7b0102w98p.html
http://www.chla.com.cn/uploadfile/2011/new2011617/images/2017/04/20170427130556.jpg	http://www.chla.com.cn/htm/2017/0427/259372.html
http://www.summerpalace-china.com/plants/treeplate/img/013.jpg	http://www.summerpalace-china.com/plants/013.html
http://img.redocn.com/sheying/20160801/shengkaidedaishuizhuhoulingxiao_6810561.jpg	http://sucai.redocn.com/dongwuzhiwu_6810561.html
http://www.yuhuagu.com/uploads/allimg/130313/10-130313202G2.jpg	http://www.yuhuagu.com/tengben/2013/0313/6843.html
https://img.ruten.com.tw/s1/9/29/f3//21620737749491_826.jpg	http://goods.ruten.com.tw/item/show?21620737749491
http://s4.sinaimg.cn/mw690/0066bzNfzy7bgCd1wbNe3&690	http://blog.sina.com.cn/s/blog_14d1561c10102x891.html
https://i1.kknews.cc/large/2c3100015f273307cdb0	https://kknews.cc/news/8m8ya94.html
http://s3.sinaimg.cn/mw690/58ceb575gx6Be0siIlI22&690	http://blog.sina.com.cn/s/blog_58ceb5750101dk3m.html
http://s5.sinaimg.cn/bmiddle/001PAkYlzy6U7tWc0iod4&690	http://blog.sina.com.cn/s/blog_640a24dd0102vnnb.html
http://s6.sinaimg.cn/mw690/001N5F9xgy6UY2j8AK165&690	http://blog.sina.com.cn/s/blog_61d7a7bb0100kljt.html
https://i1.kknews.cc/large/2c3100015f286dbe702b	https://kknews.cc/news/8m8ya94.html
http://s16.sinaimg.cn/mw690/58ceb575gx6Be0ssmnBef&690	http://blog.sina.com.cn/s/blog_58ceb5750101dk3m.html
http://i2.wp.com/inews.gtimg.com/newsapp_match/0/1408515056/0	http://www.ifuun.com/a20174151758153/
http://img.mp.sohu.com/upload/20170703/61eb0c4f3c0542df84f5960d5b3006e8_th.png	http://www.sohu.com/a/153964289_383728
http://s1.sinaimg.cn/mw690/58ceb575gx6Be0sUvVC70&690	http://blog.sina.com.cn/s/blog_58ceb5750101dk3m.html
https://i1.kknews.cc/large/31c300020b61f8d424a4	https://kknews.cc/zh-hk/news/qjbypao.html
https://myfoodandflowers.files.wordpress.com/2014/08/2014-11-30trumpet-vine-seeds-medium.jpg?w=300&h=214	https://myfoodandflowers.wordpress.com/2014/08/11/trumpet-vine-campsis-%E5%8E%9A%E8%90%BC%E5%87%8C%E9%9C%84/
http://imgs.bzw315.com/UploadFiles/Version2/0/20160829/201608291549241038.jpg	http://www.bzw315.com/zx/zhiwu/342528.html
http://img.boqiicdn.com/Data/BK/A/1601/20/imagick861453273598_y.jpg	http://www.boqii.com/article/26004.html
http://img.mp.sohu.com/upload/20170703/c66cd786de824f99b62afd3a11485ed8_th.png	http://www.sohu.com/a/153964289_383728
http://s13.sinaimg.cn/mw690/58ceb575gx6Be0C62Sg5c&690	http://blog.sina.com.cn/s/blog_58ceb5750101dk3m.html
https://b-ssl.duitang.com/uploads/item/201402/17/20140217103842_xWH8J.jpeg	https://www.duitang.com/blog/?id=121813972
http://s1.sinaimg.cn/mw690/003yiNRZgy6JyGgNBrW90&690	http://blog.sina.com.cn/s/blog_c20790070102uwz5.html
http://s9.sinaimg.cn/mw690/001iVkI3zy7bJJnttZmf8&690	http://blog.sina.com.cn/s/blog_474605330102xk0q.html
http://img.xunhai.com/2015/11/27/144858868814745.jpg	http://www.xunhai.com/houelingxiao/2015/1127/4810.html
