
http://a4.att.hudong.com/58/71/01300001180758130527717021716_s.jpg	http://www.baike.com/wiki/%E5%8D%88%E6%97%B6%E8%8A%B1%E5%B1%9E
http://s11.sinaimg.cn/mw690/001ROMKqgy6TFEvWlDkba&690	http://blog.sina.com.cn/s/blog_66019f9e0102vjpo.html
https://gss0.bdstatic.com/94o3dSag_xI4khGkpoWK1HF6hhy/baike/s%3D220/sign=be511fe6f5246b607f0eb576dbf91a35/77094b36acaf2edda394085c8e1001e939019319.jpg	https://baike.baidu.com/item/%E5%8D%88%E6%97%B6%E8%8A%B1
http://img001.mllres.com/zximages/images/201601/14531967226762.jpg	http://zx.meilele.com/zhiwu/article-43152.html
http://www.neipet.com/wp-content/uploads/2016/06/%E5%8D%88%E6%97%B6%E8%8A%B1.png	http://www.neipet.com/wushihua/
http://www.wdptj.com/wp-content/uploads/2015/11/%E5%8D%88%E6%97%B6%E8%8A%B12.jpg	http://www.wdptj.com/15098.html
http://a1.att.hudong.com/07/73/01300001180758130527734157060_s.jpg	http://www.baike.com/wiki/%E5%8D%88%E6%97%B6%E8%8A%B1%E5%B1%9E
http://www.wdptj.com/wp-content/uploads/2015/11/%E5%8D%88%E6%97%B6%E8%8A%B14.jpg	http://www.wdptj.com/15098.html
http://img.redocn.com/sheying/20151010/mifengyuwushihua_5066236.jpg	http://sucai.redocn.com/dongwuzhiwu_2866831.html
https://gss1.bdstatic.com/9vo3dSag_xI4khGkpoWK1HF6hhy/baike/s%3D220/sign=3b4e79eef8d3572c62e29bdeba126352/2934349b033b5bb5f8750ef93cd3d539b600bc12.jpg	https://baike.baidu.com/item/%E5%8D%88%E6%97%B6%E8%8A%B1
http://www.1988.tv/Upload_Map/2016nian/6/22/2016-06-22-09-27-24.jpg	http://www.1988.tv/baike/zhongzhi/22843
http://www.baihuamen.com/d/file/2014/04-23/179f4eff6a08cd2c30a08d684f1ea456.jpg	http://www.baihuamen.com/wushihua/
http://s9.sinaimg.cn/mw690/001ROMKqgy6TFEy6GoM58&690	http://blog.sina.com.cn/s/blog_66019f9e0102vjpo.html
https://gss3.bdstatic.com/7Po3dSag_xI4khGkpoWK1HF6hhy/baike/s%3D220/sign=046577ca7bf0f736dcfe4b033a55b382/7af40ad162d9f2d3f82d655aaaec8a136327cc43.jpg	https://baike.baidu.com/item/%E5%8D%88%E6%97%B6%E8%8A%B1
http://www.wdptj.com/wp-content/uploads/2014/11/%E5%8D%88%E6%97%B6%E8%8A%B13.jpg	http://www.wdptj.com/wushihua/
http://pic.baike.soso.com/ugc/baikepic2/10828/20170602132105-1655730951.jpg/300	http://baike.soso.com/ShowTitle.e?sp=S%E5%8D%88%E6%97%B6%E8%8A%B1
http://www.ynipo.gov.cn/uploadfile/document/20091027104725167.jpg	http://blog.sina.com.cn/s/blog_734eefb2010164wx.html
http://www.wdptj.com/wp-content/uploads/2014/11/%E5%8D%88%E6%97%B6%E8%8A%B1.jpg	http://www.wdptj.com/wushihua/
http://www.52ij.com/uploads/allimg/160317/1156124260-1.jpg	http://www.52ij.com/gongxiao/456617.html
http://s8.sinaimg.cn/mw690/49af7f46gx6CCKe0nTV87&690	http://blog.sina.com.cn/s/blog_49af7f460101bamm.html
http://119.img.pp.sohu.com/images/blog/2008/1/5/22/3/117e727fd87.jpg	http://huangsaiji.blog.sohu.com/75739956.html
http://img.pconline.com.cn/images/upload/upc/tx/photoblog/1207/27/c1/12567083_12567083_1343354350781_mthumb.jpg	http://dp.pconline.com.cn/photo/list_2340847.html
https://gw.alicdn.com/bao/uploaded/i3/825742367/TB2EI_DasaK.eBjSspjXXXL.XXa_!!825742367.jpg_230x230.jpg	https://www.taobao.com/oshtml/buy-cn/cp_zufKsbuo1tbX0w.html
http://www.1988.tv/Upload_Map/2016nian/6/22/2016-06-22-09-27-03.jpg	http://www.1988.tv/baike/zhongzhi/22843
http://tgi13.jia.com/113/626/13626149.jpg	http://zixun.jia.com/article/335425.html
http://www.baihuamen.com/d/file/2014/04-23/c776a6cbd941735e4bc5b69fa2974fc6.jpg	http://www.baihuamen.com/wushihua/16499_12.html
http://www.wdptj.com/wp-content/uploads/2014/11/%E5%8D%88%E6%97%B6%E8%8A%B14.jpg	http://www.wdptj.com/wushihua/
https://image.zhongyibaike.com/image/%E5%8D%8A%E6%94%AF%E8%8E%B2/%E5%8D%8A%E6%94%AF%E8%8E%B2.jpg	https://zhongyibaike.com/wiki/%E5%8D%88%E6%97%B6%E8%8A%B1
http://img01.tobosu.net/manage/articles/2014/07-25/7CEA4EB3-1BED-F64B-1407-FDEF4EBD07A7.jpg	http://blog.sina.com.cn/s/blog_6bd3aa2a0102v6oo.html
http://www.52ij.com/uploads/allimg/160317/054ZR457-0.jpg	http://www.52ij.com/gongxiao/451452.html
http://www.jiaokedu.com/youer/UploadFiles_8503/200810/2008105114119948.jpg	http://m.jiaokedu.com/article/84136.html
https://gss2.bdstatic.com/9fo3dSag_xI4khGkpoWK1HF6hhy/baike/s%3D220/sign=0cecf0288594a4c20e23e0293ef41bac/b64543a98226cffcc473ae95bb014a90f603eab8.jpg	https://baike.baidu.com/item/%E5%8D%88%E6%97%B6%E8%8A%B1
http://www.wdptj.com/wp-content/uploads/2015/11/%E5%8D%88%E6%97%B6%E8%8A%B16.jpg	http://www.wdptj.com/15098.html
https://gw.alicdn.com/bao/uploaded/i1/2266413854/TB2cy7isSBjpuFjy1XdXXaooVXa_!!2266413854.jpeg_230x230.jpg	https://www.taobao.com/article/DBFmDkFWG_DaCcD2.html
http://www.wdptj.com/wp-content/uploads/2015/11/%E5%8D%88%E6%97%B6%E8%8A%B15.jpg	http://www.wdptj.com/15098.html
http://s6.sinaimg.cn/mw690/001ROMKqgy6TFEylEfb85&690	http://blog.sina.com.cn/s/blog_66019f9e0102vjpo.html
http://www.baihuamen.com/d/file/2014/04-23/e7c876226e8fcc8067576cda411e56d8.jpg	http://www.baihuamen.com/wushihua/
https://cbu01.alicdn.com/img/ibank/2016/412/387/3386783214_1158769872.220x220.jpg	http://www.1688.com/jiage/-CEE7CAB1BBA8.html
https://cbu01.alicdn.com/img/ibank/2016/302/399/3712993203_1158769872.220x220.jpg	http://www.1688.com/jiage/-CEE7CAB1BBA8.html
http://www.baihuamen.com/d/file/2014/04-23/3893362d929e6ba4d88a5f2554e42f26.jpg	http://www.baihuamen.com/wushihua/
http://oss.p.t262.com/cpic/cf/86/d12235de3557474f25606ec8f94286cf.jpg	http://www.t262.com/read/231900.html
http://www.baihuamen.com/d/file/2014/04-23/dd9a30bca22a5dc7bd1128730fdcadb7.jpg	http://www.baihuamen.com/wushihua/
http://s10.sinaimg.cn/mw690/001ROMKqgy6TFEvZyeRe9&690	http://blog.sina.com.cn/s/blog_66019f9e0102vjpo.html
http://www.baihuamen.com/d/file/2014/04-23/5c65cd135556e9b124edf3b2975f304b.jpg	http://www.baihuamen.com/wushihua/16499_5.html
https://gw.alicdn.com/bao/uploaded/i3/220532755/TB2yOKDjhBmpuFjSZFDXXXD8pXa_!!220532755.jpg_230x230.jpg	https://www.taobao.com/oshtml/buy-cn/cp_zufKsbuo1tbX0w.html
http://img.laozongyi.com/portal/201701/13/145646jehlrgr1sig6os9v.jpg	http://www.laozongyi.com/shenghuo/314395.html
http://www.baihuamen.com/d/file/2014/04-23/f1a7cb20620cb2be160ba30b61fe49e0.jpg	http://www.baihuamen.com/wushihua/
https://2.share.photo.xuite.net/s2583641/124bd96/9836162/436929812_m.jpg	http://blog.xuite.net/s2583641/twblog/122723391-%E9%87%91%E5%8D%88%E6%99%82%E8%8A%B1%E9%96%8B%E8%8A%B1%E4%BA%86
http://www.1818hm.com/file/upload/201508/24/10-32-32-62-5.jpg	http://wap.1818hm.com/24-0-3759-1.html
http://img001.mllres.com/zximages/images/201601/145319671197.jpg	http://zx.meilele.com/zhiwu/article-43152.html
https://gw.alicdn.com/bao/uploaded/i2/2256821711/TB12sIRRFXXXXbOapXXXXXXXXXX_!!0-item_pic.jpg_230x230.jpg	https://www.taobao.com/article/BfG_CEEDB_FDFHCW.html
https://gw.alicdn.com/bao/uploaded/i1/1906893473/TB2vD09pB4lpuFjy1zjXXcAKpXa_!!1906893473.jpg_230x230.jpg	https://www.taobao.com/oshtml/buy-cn/cp_zufKsbuo1tbX0w.html
http://www.52ij.com/uploads/allimg/160317/054ZRX2-5.jpg	http://www.52ij.com/gongxiao/451452.html
http://img.bimg.126.net/photo/1E5K7c4eLDk-WNi7gnjW9Q==/3717440017418177841.jpg	http://zrb50.blog.163.com/blog/static/47963493200961641840113
http://7.blog.xuite.net/7/4/e/4/11253733/blog_227360/txt/18170998/0.jpg	http://blog.xuite.net/e2202778/boaboa/18170998-%E9%87%91%E5%8D%88%E6%99%82%E8%8A%B1
http://s13.sinaimg.cn/mw690/001ROMKqgy6TFEyzJBa7c&690	http://blog.sina.com.cn/s/blog_66019f9e0102vjpo.html
https://gw.alicdn.com/bao/uploaded/i2/TB1s621FVXXXXcnXpXXXXXXXXXX_!!0-item_pic.jpg_230x230.jpg	https://www.taobao.com/article/E5CXBQEPF4BXC-B7.html
https://img.ys137.com/data/upload/ueditor/20170211/589e6ec0928cc.jpg	http://www.wolaima.com/76943.html
http://img.tupianzj.com/uploads/allimg/141024/3-141024113030.jpg	http://www.tupianzj.com/sheying/huahui/20141024/14391.html
http://img.pconline.com.cn/images/upload/upc/tx/photoblog/1207/27/c1/12567083_12567083_1343354343281_mthumb.jpg	http://dp.pconline.com.cn/photo/list_2340847.html
http://img.sczlb.com/uploads/pictures/2016/09/snicpx.png	http://www.sczlb.com/cate-news/145531.html
https://gw.alicdn.com/bao/uploaded/i4/135979529/TB2gVFDaheK.eBjSZFlXXaywXXa_!!135979529.jpg_230x230.jpg	https://www.taobao.com/article/DBFmDkFWG_DaCcD2.html
http://img.sczlb.com/uploads/pictures/2016/09/krhEKX.png	http://www.sczlb.com/cate-news/145533.html
http://www.yangtaizhongcai.cn/ytfile/pictures/2016/06/SrRbOs.png	http://m.yangtaizhongcai.cn/arctile/618.html
https://gw.alicdn.com/bao/uploaded/i3/TB1dTtOSXXXXXafXXXXXXXXXXXX_!!0-item_pic.jpg_230x230.jpg	https://www.taobao.com/article/BfG_CEEDB_FDFHCW.html
https://gw.alicdn.com/bao/uploaded/i3/2176548490/TB2jzueAS0mpuFjSZPiXXbssVXa_!!2176548490.jpg_230x230.jpg	https://www.taobao.com/article/E5CXBQEPF4BXC-B7.html
http://reso2.yiihuu.com/882019-z.jpg	http://m.yiihuu.com/w/pl-21820/
http://img001.mllres.com/zximages/images/201601/1453196731998.jpg	http://zx.meilele.com/zhiwu/article-43152.html
http://www.wolaima.com/wp-content/uploads/2017/04/20170412_58edf9dc1dfb3.jpg	http://www.wolaima.com/76943.html
http://img001.mllres.com/zximages/images/201601/14531967496392.jpg	http://zx.meilele.com/zhiwu/article-43152.html
http://pic.baike.soso.com/ugc/baikepic2/13897/20160913030204-254826857.jpg/300	http://baike.soso.com/ShowTitle.e?sp=S%E5%8D%88%E6%97%B6%E8%8A%B1
http://www.pibaosi.net/uploads/allimg/160210/1-160210213K80-L.jpg	http://huahui.pibaosi.net/20160210/117358.html
http://img.redocn.com/sheying/20140809/zisedewushihua_2866831.jpg	http://m.redocn.com/dongwuzhiwu_2866831.html
http://www.yljh.mlc.edu.tw/flower/flower/%E7%B4%B0%E8%91%89%E9%87%91%E5%8D%88%E6%99%82%E8%8A%B1001.jpg	http://www.yljh.mlc.edu.tw/flower/photos_view.asp?title=%B2%D3%B8%AD%AA%F7%A4%C8%AE%C9%AA%E1&aserior=45&address=flower/
https://img.haikudeck.com/mg/464AF6BF-93A0-41EF-8E2B-DAD92A4B84BA.jpg	https://www.haikudeck.com/13-education-presentation-s3JntGuvEB
http://www.21cbi.com/upload/201703/08/148896671938.jpg	http://m.21cbi.com/s/14/484765.html
http://img.sczlb.com/uploads/pictures/2016/09/KwmU8p.png	http://www.sczlb.com/cate-news/145532.html
https://cbu01.alicdn.com/img/ibank/2016/170/806/3604608071_1158769872.220x220.jpg	http://www.1688.com/jiage/-CEE7CAB1BBA8.html
http://pic.baike.soso.com/ugc/baikepic2/20680/20160921121416-1599610251.jpg/300	http://baike.soso.com/ShowTitle.e?sp=S%E5%8D%88%E6%97%B6%E8%8A%B1
http://www.yixue.com/images/1/1e/Bkfq1.jpg	http://www.yixue.com/%E5%8D%88%E6%97%B6%E8%8A%B1
http://www.yayaliyi.com/flowernews/uploads/allimg/c150519/143203F51ab0-5K30.jpg	http://www.yayaliyi.com/huayu/8711.html
http://img.redocn.com/sheying/20151020/yuhoudewushihua_5122897.jpg	http://sucai.redocn.com/dongwuzhiwu_5122897.html
https://b-ssl.duitang.com/uploads/item/201503/30/20150330115927_dadBa.thumb.700_0.png	http://www.duitang.com/blog/?id=497011657
http://oss.p.t262.com/cpic/6b/11/4e2522da1af9772c2f42a655e18e116b.jpg	http://www.t262.com/read/231900.html
http://www.cnnews.com.tw/cnnews/0208tn/w3/images/08.jpg	http://www.cnnews.com.tw/cnnews/0208tn/w3/images/hea-08.htm
http://www.xingzuomm.com/d/file/20170128/3cf42f2c2ad8db12b719369a336ad1d9.jpg	http://www.xingzuomm.com/xingzuo/20170128/94705.html
http://www.52ij.com/uploads/allimg/160317/054ZS016-2.jpg	http://www.52ij.com/gongxiao/451452.html
http://oss.p.t262.com/cpic/76/cc/9fad4213efa9df0bcbe44f61a426cc76.jpg	http://www.t262.com/read/231900.html
http://img.xunhai.com/2015/11/26/144849795523320.jpg	http://www.xunhai.com/wushihua/
https://img.haikudeck.com/mg/15466817-2181-40FD-96AB-918B3AF9F90A.jpg	https://www.haikudeck.com/--education-presentation-SoTx7YOkx9
https://img.lrgarden.com/feed_pic/123/13/1000278139_2002003199_1499363725.jpg	https://www.lrgarden.com/topic/view/id-1000004653.html
http://www.biyebi.com/Attachments/baike/201601/56a088e488ca2.jpg	http://www.biyebi.com/baike/article_5376.html
http://gw.alicdn.com/bao/uploaded/i1/TB1RqnVPVXXXXXyaXXXXXXXXXXX_!!0-item_pic.jpg_230x230.jpg	http://www.taobao.com/article/ESDZFJF3FMBQG4Dl.html
http://s15.sinaimg.cn/mw690/001ROMKqgy6TFEyNCPk5e&690	http://blog.sina.com.cn/s/blog_66019f9e0102vjpo.html
http://img.redocn.com/sheying/20140702/liuguangyicaidewushihua_2682903.jpg	http://sucai.redocn.com/dongwuzhiwu_2682903.html
http://img.sczlb.com/uploads/pictures/2016/09/Yi18r0.png	http://www.sczlb.com/cate-news/145532.html
http://c.blog.xuite.net/c/f/8/f/13396183/blog_1400131/txt/33239336/0.jpg	http://blog.xuite.net/nnhsrf/blog/67781067-%E9%87%91%E5%8D%88%E6%99%82%E8%8A%B1
https://gw.alicdn.com/bao/uploaded/i1/73831770/TB2iI7vsXXXXXaVXXXXXXXXXXXX_!!73831770.jpg_230x230.jpg	https://www.taobao.com/article/D9C3DODzDbD-GqAE.html
http://www.baihuamen.com/d/file/2014/04-23/213fa378a0f9503c77a271e98320e4bf.jpg	http://www.baihuamen.com/wushihua/16499_11.html
http://zw3wmap1.zw3e.com:8080/zw_news_map/350/2014062/1402891307156382174.jpg	http://www.zw3e.com/bk/guanhuazhiwu/wdddf.html
