
http://www.52yhua.com/uploads/allimg/160703/1-160F3220951.jpg	http://www.52yhua.com/caobentp/2749.html
http://gate.sinovision.net:82/gate/big5/cdnwww.sinovision.net/data/attachment/album/201308/14/2112359yg192tgd9jc99d9.jpg	http://gate.sinovision.net:82/gate/big5/blog.sinovision.net/space/do/blog/uid/30435/id/208568.html
http://a4.att.hudong.com/45/20/01300000250165122423208676501_s.jpg	http://www.baike.com/wiki/%E7%B4%AB%E8%90%BC
http://www.yuhuagu.com/uploads/allimg/120821/10-120R1210000.jpg	http://www.yuhuagu.com/ktsh/4110.html
https://upload.wikimedia.org/wikipedia/commons/1/13/ZiE.JPG	https://zh.wikipedia.org/wiki/%E7%B4%AB%E8%90%BC
http://www.cnhua.net/uploads/090603/1_174817_1.jpg	http://www.cnhua.net/zhiwu/baiheke/ziyuzan/
https://i2.kknews.cc/large/e4f00077622588e99ac	https://kknews.cc/news/34py5o.html
http://a3.att.hudong.com/33/88/300001051406132522889776458_s.jpg	http://www.baike.com/wiki/%E7%B4%AB%E8%90%BC
http://file.55df.com/2014-07-15/aaeed7189421c8296836a01137d6dc00.jpg	http://www.55df.com/c/3932.shtml
http://a0.att.hudong.com/78/23/01300000250165122423230793488_s.jpg	http://www.baike.com/wiki/%E7%B4%AB%E8%90%BC
https://gss2.bdstatic.com/-fo3dSag_xI4khGkpoWK1HF6hhy/baike/s%3D220/sign=ab6ffcbf0ef41bd5de53eff661db81a0/1f178a82b9014a9020725d29a9773912b21beed2.jpg	https://baike.baidu.com/item/%E7%B4%AB%E8%90%BC
http://img.zwbk.org/baike/spic/2011/03/19/20110319104738719_1598.jpg	http://m.zwbk.org/lemma/131754
http://www.huamu.cn/upload/Supply/201703141534010222.jpg	http://www.huamu.cn/Product/S_zie_____1.html
http://liu558.51hm.cn/zwpic/%E7%B4%AB%E8%90%BC2.jpg	http://liu558.51hm.cn/zw/zwshow.asp?zwid=2024
http://pic22.nipic.com/20120702/4224370_083611530000_2.jpg	http://www.nipic.com/show/1/44/6448854k9456a772.html
http://pic10.nipic.com/20101022/4224370_073058066347_2.jpg	http://www.nipic.com/show/3816775.html
http://www.cnhua.net/uploads/090603/1_174343_1.jpg	http://www.cnhua.net/zhiwu/baiheke/ziyuzan/
https://www.cmeii.com/uploads/allimg/160912/1-1609121425033E.jpg	https://www.cmeii.com/sugencaobenlei/2600.html
http://www.52yhua.com/uploads/allimg/160703/1-160F3220944.jpg	http://www.52yhua.com/caobentp/2749.html
http://www.huayugu.com.cn/uploads/allimg/160724/1-160H40H0450-L.jpg	http://www.huayugu.com.cn/zie/
http://www.huayugu.com.cn/uploads/allimg/160724/1-160H40H9260-L.jpg	http://www.huayugu.com.cn/zie/
http://pic14.nipic.com/20110522/4224370_104432230196_2.jpg	http://www.nipic.com/show/4601131.html
http://a0.att.hudong.com/44/21/01300000250165122423217246061_s.jpg	http://www.baike.com/wiki/%E7%B4%AB%E8%90%BC
http://gate.sinovision.net:82/gate/big5/cdnwww.sinovision.net/data/attachment/album/201308/14/210823lffcsl9snsoonqbf.jpg	http://gate.sinovision.net:82/gate/big5/blog.sinovision.net/space/do/blog/uid/30435/id/208568.html
http://www.huayugu.com.cn/uploads/allimg/160724/1-160H40H5460-L.jpg	http://www.huayugu.com.cn/zie/
https://upload.wikimedia.org/wikipedia/commons/thumb/5/58/Geum_rivale_2015-06-01_OB_110.jpg/220px-Geum_rivale_2015-06-01_OB_110.jpg	https://zh.wikipedia.org/wiki/%E7%B4%AB%E8%90%BC%E8%B7%AF%E8%BE%B9%E9%9D%92
http://img.xunhai.com/2016/01/11/145247336412554.jpg	http://www.xunhai.com/ziyuzan/2016/0111/28357.html
http://img.mp.itc.cn/upload/20170623/9dc13fcce3b64ffd9855eb69f491c0dc_th.jpg	http://www.sohu.com/a/151202255_611496
http://img.aihuahui.com/d/2016/10/580b1f39e2e63.jpg	http://www.aihuahui.com/huahuichuangyi/sugen/1937.html
http://pic22.nipic.com/20120627/4061979_091350174000_2.jpg	http://www.nipic.com/show/1/44/6417585k6da6a570.html
https://gss1.bdstatic.com/9vo3dSag_xI4khGkpoWK1HF6hhy/baike/s%3D220/sign=1ce06004efdde711e3d244f497eecef4/960a304e251f95ca184a42b7c3177f3e67095270.jpg	https://baike.baidu.com/item/%E7%B4%AB%E8%90%BC
http://www.huayugu.com.cn/uploads/allimg/160724/1-160H40GA10-L.jpg	http://m.huayugu.com.cn/list.php?tid=1123
http://www.fc312.com/web_manage/manage/wenedit/UploadFile/2015110111431355.JPG	http://www.fc312.com/pro_info.asp?id=1582
https://www.cmeii.com/uploads/allimg/160912/1-16091214244HP.jpg	https://www.cmeii.com/sugencaobenlei/2600.html
http://p.d1xz.net/2015/10/8/162159865986.jpg	http://3g.d1xz.net/astro/huayu/art104612.aspx
http://s12.sinaimg.cn/middle/66019f9ena78d432115bb&690	http://blog.sina.com.cn/s/blog_502659e80100ywwg.html
https://www.cmeii.com/uploads/allimg/160912/1-16091214245C36.jpg	https://www.cmeii.com/sugencaobenlei/2600.html
https://www.cmeii.com/uploads/allimg/160912/1-160912142510328.jpg	https://www.cmeii.com/sugencaobenlei/2600.html
http://pic22.nipic.com/20120627/4061979_091744326000_2.jpg	http://www.nipic.com/show/1/44/6417581k101d5727.html
http://www.rensheng2.com/upload/2017/05/28/18661bb0a7e6adb5.jpg	http://www.rensheng2.com/1760000/1752847.shtml
http://www.chantuguan.com/ueditor/php/upload/image/20170630/1498798654775389.jpg	http://www.chantuguan.com/baike/921.html
http://www.pjcn.org/uploads/allimg/1612/1-16120622515TS.jpg	http://www.pjcn.org/gl/3009/
http://a0.att.hudong.com/74/99/01200000032153136323996809451_s.jpg	http://www.baike.com/wiki/%E7%B4%AB%E8%90%BC
http://www.rensheng2.com/upload/2017/05/28/4714cd511a57dc23.jpg	http://www.rensheng2.com/1760000/1752847.shtml
https://i2.kknews.cc/large/e500000f3ecc45487f9	https://kknews.cc/news/34py5o.html
http://s13.sinaimg.cn/mw690/b2b50fe9gx6CoyTq8m8dc&690	http://blog.sina.com.cn/s/blog_b2b50fe90101pgnt.html
http://a3.att.hudong.com/26/44/20300543532588144669444253303_s.jpg	http://www.baike.com/wiki/%E7%B4%AB%E8%90%BC%E8%80%81%E9%B9%B3%E8%8D%89
https://gss2.bdstatic.com/-fo3dSag_xI4khGkpoWK1HF6hhy/baike/s%3D220/sign=47740f146a59252da7171a06049a032c/203fb80e7bec54e7a85cf710b3389b504fc26a08.jpg	https://baike.baidu.com/item/%E7%B4%AB%E8%90%BC%E8%97%93
http://www.rensheng2.com/upload/2017/05/28/62e9ab1d3382e1bd.jpg	http://www.rensheng2.com/1760000/1752847.shtml
http://img.redocn.com/sheying/20170801/zihuaduotexie_8511881.jpg	http://sucai.redocn.com/dongwuzhiwu_8511881.html
https://gss3.bdstatic.com/-Po3dSag_xI4khGkpoWK1HF6hhy/baike/s%3D220/sign=0d8ce2e4a76eddc422e7b3f909dab6a2/b8014a90f603738daa0fc023b91bb051f819ec6e.jpg	https://baike.baidu.com/item/%E7%B4%AB%E8%90%BC%E9%A6%99%E8%8C%B6%E8%8F%9C
http://www.yuhuagu.com/uploads/allimg/130803/10-130P3212345.jpg	http://www.yuhuagu.com/ktsh/8990.html
http://s8.sinaimg.cn/mw690/001nPxoHzy6U17CrGrd27&690	http://blog.sina.com.cn/s/blog_4b984a370102vmhp.html
http://s11.sinaimg.cn/mw690/001nPxoHzy6YmI0ceoiba&690	http://blog.sina.com.cn/s/blog_4b984a370102vyx9.html
http://s11.sinaimg.cn/mw690/001nPxoHzy6U184nSyufa&690	http://blog.sina.com.cn/s/blog_4b984a370102vmhp.html
http://www.rensheng2.com/upload/2017/05/28/1e5349e000ec568b.jpg	http://www.rensheng2.com/1760000/1752852.shtml
http://s12.sinaimg.cn/mw690/001nPxoHzy6YmHboSTN6b&690	http://blog.sina.com.cn/s/blog_4b984a370102vyx9.html
http://s1.sinaimg.cn/mw690/001nPxoHzy6YmHLEEIo30&690	http://blog.sina.com.cn/s/blog_4b984a370102vyx9.html
http://userimage8.360doc.com/16/0722/08/18903586_201607220802570489THDI57NYBC49Y4F65V.jpg	http://www.360doc.com/content/16/0815/12/178233_583350953.shtml
http://www.naturephoto-cz.com/photos/bilek/%E7%B4%AB%E8%90%BC%E8%B7%AF%E8%BE%B9%E9%9D%92-0761.jpg	http://www.naturephoto-cz.com/%E7%B4%AB%E8%90%BC%E8%B7%AF%E8%BE%B9%E9%9D%92-picture_cn-8598.html
http://s9.sinaimg.cn/middle/5ea63bc6ga5f70e426128&690&690	http://blog.sina.com.cn/s/blog_5ea63bc60100sp74.html
http://www.zjxw56.com/uploads/allimg/1704/1-1F4201102002J.jpg	http://www.zjxw56.com/sugencaobenlei/2600.html
http://www.bjjjlyzz.com/images/dd2.jpg	http://www.bjjjlyzz.com/page14.html
http://s4.sinaimg.cn/mw690/b2b50fe9gx6CoyTXgmD13&690	http://blog.sina.com.cn/s/blog_b2b50fe90101pgnt.html
http://s2.sinaimg.cn/mw690/001nPxoHzy6YmIJnGgNd1&690	http://blog.sina.com.cn/s/blog_4b984a370102vyx9.html
http://s1.sinaimg.cn/mw690/b2b50fe9gx6CoyUjkJif0&690	http://blog.sina.com.cn/s/blog_b2b50fe90101pgnt.html
http://img.mp.itc.cn/upload/20170623/f1134a6faa734aaa94abbd748bcfa1c7_th.jpg	http://www.sohu.com/a/151202255_611496
http://s16.sinaimg.cn/mw690/001nPxoHzy6U18lk8y34f&690	http://blog.sina.com.cn/s/blog_4b984a370102vmhp.html
http://s6.sinaimg.cn/mw690/001nPxoHzy6U180Yk4Jd5&690	http://blog.sina.com.cn/s/blog_4b984a370102vmhp.html
http://a4.att.hudong.com/32/31/01300544157529148842318462462_s.jpg	http://www.baike.com/wiki/%E7%B4%AB%E8%90%BC%E9%A6%99%E8%8C%B6%E8%8F%9C&prd=button_doc_jinru
http://userimage8.360doc.com/16/0722/08/18903586_201607220802570552B5P7GU5S4UTU5HF4YP.jpg	http://www.360doc.com/content/16/0815/12/178233_583350953.shtml
http://images.nongmiao.com/big/baike/2014/08/20/21/1408202114542735.jpg	http://www.nongmiao.com/keywords/47041.html
http://s9.sinaimg.cn/mw690/001nPxoHzy73AyAxdb258&690	http://blog.sina.com.cn/s/blog_4b984a370102wf5i.html
http://www.naturephoto-cz.com/photos/bilek/%E7%B4%AB%E8%90%BC%E8%B7%AF%E8%BE%B9%E9%9D%92-0764.jpg	http://www.naturephoto-cz.com/%E7%B4%AB%E8%90%BC%E8%B7%AF%E8%BE%B9%E9%9D%92-picture_cn-8601.html
http://s4.sinaimg.cn/mw690/001MoBF2ty6FkodO3hV23&690	http://blog.sina.com.cn/s/blog_613b13a40101pinb.html
https://w4.sanwen8.cn/mmbiz_jpg/kQia1rrXQkYeG5Lrd9QTgm5wruYbOWfCCEar4fAbewLLXzcTK1gFR2v7OQSAicTgAiaN89EW3afMsCNnc4rzLI0SA/0?wx_fmt=jpeg	https://sanwen8.cn/p/5bbfCCt.html
http://www.pjcn.org/uploads/allimg/1703/1-1F301142G0F0.jpg	http://www.pjcn.org/gl/3009/
http://userimage8.360doc.com/16/0722/08/18903586_201607220802570427X8YFT3GRFXJQK42X8E.jpg	http://www.360doc.com/content/16/0815/12/178233_583350953.shtml
http://s1.sinaimg.cn/mw690/b2b50fe9gx6CoyTMiY080&690	http://blog.sina.com.cn/s/blog_b2b50fe90101pgnt.html
https://w4.sanwen8.cn/mmbiz_jpg/kQia1rrXQkYeG5Lrd9QTgm5wruYbOWfCCV4kz59Xav6sibFwFVsleicVicfJ07slRslooRxlZbvZm2dh54efDicibcZA/0?wx_fmt=jpeg	https://sanwen8.cn/p/5bbfCCt.html
http://www.rensheng2.com/upload/2017/05/28/6230ae9dfbaedcc5.jpg	http://www.rensheng2.com/1760000/1752852.shtml
http://www.yuhuagu.com/uploads/allimg/130803/10-130P3212349.jpg	http://www.yuhuagu.com/ktsh/8990.html
http://www.zjxw56.com/uploads/allimg/1704/1-1F4201102003N.jpg	http://www.zjxw56.com/sugencaobenlei/2600.html
http://www.huajiang.cc/uploads/allimg/140814/10-140Q419521U40.jpg	http://www.huajiang.cc/yanghua/20140814/1674.html
http://s11.sinaimg.cn/mw690/001KWqsdgy6ZpRLSqp4da&690	http://blog.sina.com.cn/s/blog_5ff3202d0102wcji.html
https://img.lrgarden.com/feed_pic/99/31/1000171107_24298_1494141279.jpg	https://www.lrgarden.com/topic/view/id-1000005156.html
http://s10.sinaimg.cn/mw690/001nPxoHzy6U17NyNjrd9&690	http://blog.sina.com.cn/s/blog_4b984a370102vmhp.html
http://s13.sinaimg.cn/mw690/b2b50fe9gx6CoyVyuuw1c&690	http://blog.sina.com.cn/s/blog_b2b50fe90101pgnt.html
http://image.sciencenet.cn/album/201706/16/0912466sevds3e9z1kv9f7.jpg	http://blog.sciencenet.cn/blog-3319332-1061072.html
http://www.naturephoto-cz.com/photos/bilek/%E7%B4%AB%E8%90%BC%E8%B7%AF%E8%BE%B9%E9%9D%92-0762.jpg	http://www.naturephoto-cz.com/%E7%B4%AB%E8%90%BC%E8%B7%AF%E8%BE%B9%E9%9D%92-picture_cn-8599.html
http://img.redocn.com/sheying/20160809/yiduoshengkaidezihuayuluzhu_6896667.jpg	http://sucai.redocn.com/dongwuzhiwu_5941296.html
http://img.mp.itc.cn/upload/20170623/42fa2ff1bb684f08831bb232e67a0add_th.jpg	http://www.sohu.com/a/151202255_611496
http://pic24.nipic.com/20120923/4224370_090041355000_2.jpg	http://www.nipic.com/show/1/44/6869908k44c7059b.html
http://s15.sinaimg.cn/mw690/001ROMKqgy6UwLhJJ0i8e&690	http://blog.sina.com.cn/s/blog_66019f9e0102vlw5.html
http://gdyuanlin.cn/miaomuimages/%E7%B4%AB%E8%90%BC.jpg	http://gdyuanlin.cn/wikipedia/41290076.html
http://www.rensheng2.com/upload/2017/05/28/373b805f66d69724.jpg	http://www.rensheng2.com/1760000/1752850.shtml
http://s10.sinaimg.cn/mw690/001KWqsdgy6ZpRRyJnPd9&690	http://blog.sina.com.cn/s/blog_5ff3202d0102wcji.html
http://s3.sinaimg.cn/bmiddle/4b984a37t6e197887a762&690	http://blog.sina.com.cn/s/blog_4b984a370100e5ga.html
http://pic10.nipic.com/20101022/4224370_070210091430_2.jpg	http://www.nipic.com/show/1/44/3811742k60a2e4d2.html
http://s2.sinaimg.cn/mw690/003gNCYXzy6ULmsW8CJ71&690	http://blog.sina.com.cn/s/blog_b29d37730102vv10.html
