
https://gss2.bdstatic.com/9fo3dSag_xI4khGkpoWK1HF6hhy/baike/c0%3Dbaike92%2C5%2C5%2C92%2C30/sign=09f810d663d9f2d3341c2cbdc885e176/91ef76c6a7efce1bef1ae7fdae51f3deb48f65d7.jpg
https://gss0.bdstatic.com/94o3dSag_xI4khGkpoWK1HF6hhy/baike/c0%3Dbaike92%2C5%2C5%2C92%2C30/sign=c7463aa3472309f7f362a54013676796/48540923dd54564e1a54cb0eb2de9c82d1584fd7.jpg
https://gss2.bdstatic.com/-fo3dSag_xI4khGkpoWK1HF6hhy/baike/c0%3Dbaike92%2C5%2C5%2C92%2C30/sign=3e20ee31aec3793169658e7b8aaddc20/3b87e950352ac65c56e84a44faf2b21193138a13.jpg
https://gss2.bdstatic.com/9fo3dSag_xI4khGkpoWK1HF6hhy/baike/c0%3Dbaike92%2C5%2C5%2C92%2C30/sign=d852a0064b90f60310bd9415587bd87e/0dd7912397dda144ffe44085b3b7d0a20cf48613.jpg
https://gss3.bdstatic.com/7Po3dSag_xI4khGkpoWK1HF6hhy/baike/c0%3Dbaike92%2C5%2C5%2C92%2C30/sign=d23416d0902397ddc274905638ebd9d2/d53f8794a4c27d1e651714f31ad5ad6eddc438d7.jpg
https://gss3.bdstatic.com/-Po3dSag_xI4khGkpoWK1HF6hhy/baike/c0%3Dbaike92%2C5%2C5%2C92%2C30/sign=e4d1b88c86d6277ffd1f3a6a49517455/8c1001e93901213fdbde62eb55e736d12f2e9513.jpg
https://gss2.bdstatic.com/9fo3dSag_xI4khGkpoWK1HF6hhy/baike/c0%3Dbaike92%2C5%2C5%2C92%2C30/sign=70d862f30bd162d991e36a4e70b6c289/e61190ef76c6a7efbccb8411fcfaaf51f3de6613.jpg
https://gss2.bdstatic.com/-fo3dSag_xI4khGkpoWK1HF6hhy/baike/c0%3Dbaike92%2C5%2C5%2C92%2C30/sign=342b5a116c224f4a43947b41689efb37/5fdf8db1cb1349548ff3c453574e9258d1094a13.jpg
https://gss1.bdstatic.com/9vo3dSag_xI4khGkpoWK1HF6hhy/baike/c0%3Dbaike92%2C5%2C5%2C92%2C30/sign=461a62cc0b46f21fdd395601974d0005/d058ccbf6c81800a8808a539b03533fa828b4713.jpg
https://gss1.bdstatic.com/-vo3dSag_xI4khGkpoWK1HF6hhy/baike/c0%3Dbaike92%2C5%2C5%2C92%2C30/sign=a6eb42b2c8ea15ce55e3e85bd7695196/7e3e6709c93d70cf9e17863af9dcd100baa12b13.jpg
https://gss2.bdstatic.com/-fo3dSag_xI4khGkpoWK1HF6hhy/baike/c0%3Dbaike92%2C5%2C5%2C92%2C30/sign=06aed38764380cd7f213aabfc02dc651/9345d688d43f879412126419d31b0ef41bd53a13.jpg
https://gss1.bdstatic.com/-vo3dSag_xI4khGkpoWK1HF6hhy/baike/c0%3Dbaike92%2C5%2C5%2C92%2C30/sign=8ee6b5a82fdda3cc1fe9b07260805264/5366d0160924ab1852fbcd0034fae6cd7b890b13.jpg
https://gss1.bdstatic.com/-vo3dSag_xI4khGkpoWK1HF6hhy/baike/c0%3Dbaike92%2C5%2C5%2C92%2C30/sign=2429b11f962bd40756cadbaf1ae0f534/bf096b63f6246b60213e9d43eaf81a4c510fa2d0.jpg
https://gss0.bdstatic.com/94o3dSag_xI4khGkpoWK1HF6hhy/baike/c0%3Dbaike92%2C5%2C5%2C92%2C30/sign=e13ed292d043ad4bb2234e92e36b31ca/6159252dd42a28340c96193c5ab5c9ea15cebfd0.jpg
https://gss3.bdstatic.com/-Po3dSag_xI4khGkpoWK1HF6hhy/baike/c0%3Dbaike92%2C5%2C5%2C92%2C30/sign=a0c9ad4242a98226accc2375ebebd264/faf2b2119313b07e818d7f3f0dd7912397dd8cd0.jpg
https://gss3.bdstatic.com/-Po3dSag_xI4khGkpoWK1HF6hhy/baike/c0%3Dbaike92%2C5%2C5%2C92%2C30/sign=7bda00dfbd3eb13550cabfe9c777c3b6/b21c8701a18b87d6dcaf8728060828381f30fd1c.jpg
https://gss2.bdstatic.com/-fo3dSag_xI4khGkpoWK1HF6hhy/baike/c0%3Dbaike92%2C5%2C5%2C92%2C30/sign=369f3c1894cad1c8c4b6f4751e570c6c/a8014c086e061d950caa1b0f7af40ad162d9ca1c.jpg
https://gss1.bdstatic.com/9vo3dSag_xI4khGkpoWK1HF6hhy/baike/c0%3Dbaike92%2C5%2C5%2C92%2C30/sign=d12ddac9c2fdfc03f175ebeab556ecf1/09fa513d269759ee24bc4cfcb3fb43166d22df1c.jpg
https://gss3.bdstatic.com/-Po3dSag_xI4khGkpoWK1HF6hhy/baike/c0%3Dbaike92%2C5%2C5%2C92%2C30/sign=9d2c4b61d1160924c828aa49b56e5e9f/7acb0a46f21fbe0940b2ef236a600c338744ad1c.jpg
https://gss1.bdstatic.com/9vo3dSag_xI4khGkpoWK1HF6hhy/baike/c0%3Dbaike92%2C5%2C5%2C92%2C30/sign=e5d62cfde7cd7b89fd6132d16e4d29c2/6a600c338744ebf82b9d4808d8f9d72a6059a71c.jpg
https://gss3.bdstatic.com/-Po3dSag_xI4khGkpoWK1HF6hhy/baike/c0%3Dbaike92%2C5%2C5%2C92%2C30/sign=ea92b44cd01373f0e13267cdc566209e/d52a2834349b033b6064d0ed14ce36d3d539bd1c.jpg
https://gss2.bdstatic.com/9fo3dSag_xI4khGkpoWK1HF6hhy/baike/c0%3Dbaike92%2C5%2C5%2C92%2C30/sign=092ae2eaaa64034f1bc0ca54ceaa1254/37d3d539b6003af37856f057342ac65c1038b61c.jpg
https://gss0.bdstatic.com/94o3dSag_xI4khGkpoWK1HF6hhy/baike/c0%3Dbaike92%2C5%2C5%2C92%2C30/sign=9f2d07108b82b90129a0cb6112e4c212/cb8065380cd79123c70cb843ac345982b2b7801c.jpg
https://gss1.bdstatic.com/-vo3dSag_xI4khGkpoWK1HF6hhy/baike/c0%3Dbaike92%2C5%2C5%2C92%2C30/sign=e48fa8b0d1a20cf4529df68d17602053/1ad5ad6eddc451da3cc623dcb7fd5266d01632d0.jpg
https://gss0.bdstatic.com/-4o3dSag_xI4khGkpoWK1HF6hhy/baike/c0%3Dbaike92%2C5%2C5%2C92%2C30/sign=c55a9ed1267f9e2f6438155a7e598241/00e93901213fb80e1f3d4de037d12f2eb938941c.jpg

https://gss3.bdstatic.com/-Po3dSag_xI4khGkpoWK1HF6hhy/baike/c0%3Dbaike92%2C5%2C5%2C92%2C30/sign=485d55c5d462853586edda73f1861da3/d043ad4bd11373f0510f40a8a50f4bfbfbed04d0.jpg
https://gss0.bdstatic.com/94o3dSag_xI4khGkpoWK1HF6hhy/baike/c0%3Dbaike92%2C5%2C5%2C92%2C30/sign=13d3ae888d5494ee932f074b4c9c8b9b/aec379310a55b3190bc9ad4242a98226cffc17d0.jpg
https://gss1.bdstatic.com/9vo3dSag_xI4khGkpoWK1HF6hhy/baike/c0%3Dbaike92%2C5%2C5%2C92%2C30/sign=c69b39a3472309f7f362a54013676796/48540923dd54564e1b89c80eb2de9c82d1584f1c.jpg

https://gss0.bdstatic.com/-4o3dSag_xI4khGkpoWK1HF6hhy/baike/c0%3Dbaike80%2C5%2C5%2C80%2C26/sign=b857298356df8db1a8237436684ab631/728da9773912b31b5466e5328e18367adab4e1a7.jpg
https://gss2.bdstatic.com/-fo3dSag_xI4khGkpoWK1HF6hhy/baike/c0%3Dbaike80%2C5%2C5%2C80%2C26/sign=1e2ed4ab6d380cd7f213aabfc02dc651/a5c27d1ed21b0ef4b585b345d5c451da81cb3ebf.jpg
https://gss0.bdstatic.com/-4o3dSag_xI4khGkpoWK1HF6hhy/baike/c0%3Dbaike80%2C5%2C5%2C80%2C26/sign=a8101d1053b5c9ea76fe0bb1b450dd65/71cf3bc79f3df8dc4d8ba48ac511728b47102872.jpg

https://gss0.bdstatic.com/-4o3dSag_xI4khGkpoWK1HF6hhy/baike/c0%3Dbaike92%2C5%2C5%2C92%2C30/sign=869d4808d8f9d72a0369184fb5434351/fc1f4134970a304eb9ce8ccdd0c8a786c9175c1c.jpg
https://gss1.bdstatic.com/9vo3dSag_xI4khGkpoWK1HF6hhy/baike/c0%3Dbaike92%2C5%2C5%2C92%2C30/sign=ae88d3107e3e6709aa0d4dad5aaef458/0b7b02087bf40ad16bd7e8d4562c11dfa9ecced1.jpg
https://gss1.bdstatic.com/9vo3dSag_xI4khGkpoWK1HF6hhy/baike/c0%3Dbaike92%2C5%2C5%2C92%2C30/sign=b506882496dda144ce0464e0d3debbc7/8694a4c27d1ed21bb72502d2ac6eddc451da3f1c.jpg
https://gss0.bdstatic.com/-4o3dSag_xI4khGkpoWK1HF6hhy/baike/c0%3Dbaike92%2C5%2C5%2C92%2C30/sign=b2d85231adaf2eddc0fc41bbec796a8c/b7fd5266d01609246fc98e2cd50735fae6cd341c.jpg
https://gss0.bdstatic.com/-4o3dSag_xI4khGkpoWK1HF6hhy/baike/c0%3Dbaike92%2C5%2C5%2C92%2C30/sign=fc181323aa18972bb737089887a410ec/f31fbe096b63f624476e16348644ebf81a4ca3d1.jpg
https://gss2.bdstatic.com/9fo3dSag_xI4khGkpoWK1HF6hhy/baike/c0%3Dbaike92%2C5%2C5%2C92%2C30/sign=4a3e6fc1a6efce1bfe26c098ce3898bb/a50f4bfbfbedab64d99e61f7f636afc379311e1c.jpg

https://gss0.bdstatic.com/94o3dSag_xI4khGkpoWK1HF6hhy/baike/c0%3Dbaike220%2C5%2C5%2C220%2C73/sign=c40199ee87b1cb132a643441bc3d3d2b/c83d70cf3bc79f3d08751631b0a1cd11728b291f.jpg
https://gss2.bdstatic.com/9fo3dSag_xI4khGkpoWK1HF6hhy/baike/c0%3Dbaike150%2C5%2C5%2C150%2C50/sign=e9883cc3b8119313d34ef7e2045167b2/e4dde71190ef76c61d24092a9716fdfaaf516739.jpg
https://gss2.bdstatic.com/9fo3dSag_xI4khGkpoWK1HF6hhy/baike/c0%3Dbaike92%2C5%2C5%2C92%2C30/sign=c5633feddb00baa1ae214fe92679d277/10dfa9ec8a136327388e30329b8fa0ec08fac754.jpg
https://gss2.bdstatic.com/-fo3dSag_xI4khGkpoWK1HF6hhy/baike/c0%3Dbaike150%2C5%2C5%2C150%2C50/sign=6c218021b312c8fca0fefe9f9d6af920/ac4bd11373f082024405633e41fbfbedab641b1f.jpg
https://gss3.bdstatic.com/7Po3dSag_xI4khGkpoWK1HF6hhy/baike/c0%3Dbaike180%2C5%2C5%2C180%2C60/sign=7e7046fa33dbb6fd3156ed74684dc07d/b64543a98226cffc31bd4db3b3014a90f603ea18.jpg

https://gss0.bdstatic.com/94o3dSag_xI4khGkpoWK1HF6hhy/baike/c0%3Dbaike150%2C5%2C5%2C150%2C50/sign=03b4285cab64034f1bc0ca54ceaa1254/060828381f30e924f0d67ab04c086e061c95f7c5.jpg
https://gss2.bdstatic.com/-fo3dSag_xI4khGkpoWK1HF6hhy/baike/c0%3Dbaike92%2C5%2C5%2C92%2C30/sign=6b50467bd1c8a786aa27425c0660a258/4d086e061d950a7b4c47a8450ad162d9f3d3c9c5.jpg
https://gss2.bdstatic.com/9fo3dSag_xI4khGkpoWK1HF6hhy/baike/c0%3Dbaike92%2C5%2C5%2C92%2C30/sign=531d7efad11373f0e13267cdc566209e/d52a2834349b033bd9eb1a5b15ce36d3d439bdd4.jpg
https://gss2.bdstatic.com/9fo3dSag_xI4khGkpoWK1HF6hhy/baike/c0%3Dbaike92%2C5%2C5%2C92%2C30/sign=71b378d5034f78f0940692a118586130/d439b6003af33a87630ee69bc65c10385243b5d4.jpg
https://gss1.bdstatic.com/9vo3dSag_xI4khGkpoWK1HF6hhy/baike/c0%3Dbaike92%2C5%2C5%2C92%2C30/sign=a281104cfc039245b5b8e95de6fdcfa7/503d269759ee3d6d34b4614a43166d224e4adec5.jpg
https://gss1.bdstatic.com/-vo3dSag_xI4khGkpoWK1HF6hhy/baike/c0%3Dbaike92%2C5%2C5%2C92%2C30/sign=d6f75197cffc1e17e9b284632bf99d66/9213b07eca8065389989429297dda144ac3482d4.jpg
https://gss1.bdstatic.com/9vo3dSag_xI4khGkpoWK1HF6hhy/baike/c0%3Dbaike92%2C5%2C5%2C92%2C30/sign=13dc6ab04a90f60310bd9415587bd87e/0dd7912397dda144346a8a33b2b7d0a20df486d4.jpg
https://gss1.bdstatic.com/9vo3dSag_xI4khGkpoWK1HF6hhy/baike/c0%3Dbaike92%2C5%2C5%2C92%2C30/sign=145101aa0ef41bd5ce5ee0a630b3eaae/4e4a20a4462309f7f91d4b93720e0cf3d6cad6c5.jpg
https://gss2.bdstatic.com/-fo3dSag_xI4khGkpoWK1HF6hhy/baike/c0%3Dbaike80%2C5%2C5%2C80%2C26/sign=bc54dd451bd5ad6ebef46cb8e0a252be/9922720e0cf3d7ca1584d9f7f21fbe096a63a9c5.jpg
https://gss3.bdstatic.com/7Po3dSag_xI4khGkpoWK1HF6hhy/baike/c0%3Dbaike92%2C5%2C5%2C92%2C30/sign=892d5865b31c8701c2bbbab44616f54a/2fdda3cc7cd98d10a6b7eab0213fb80e7aec90d4.jpg
https://gss3.bdstatic.com/-Po3dSag_xI4khGkpoWK1HF6hhy/baike/c0%3Dbaike92%2C5%2C5%2C92%2C30/sign=00c64de00fb30f242197e451a9fcba26/eaf81a4c510fd9f9ac65b3e8252dd42a2934a4c5.jpg
https://gss3.bdstatic.com/-Po3dSag_xI4khGkpoWK1HF6hhy/baike/c0%3Dbaike92%2C5%2C5%2C92%2C30/sign=0bc77ab04c086e067ea5371963611091/b8389b504fc2d562366b366ce71190ef77c66cd4.jpg
https://gss1.bdstatic.com/-vo3dSag_xI4khGkpoWK1HF6hhy/baike/c0%3Dbaike92%2C5%2C5%2C92%2C30/sign=f6bf51b35aafa40f28cbc68fca0d682a/023b5bb5c9ea15ceb39c0688b6003af33b87b2c5.jpg
https://gss1.bdstatic.com/9vo3dSag_xI4khGkpoWK1HF6hhy/baike/c0%3Dbaike150%2C5%2C5%2C150%2C50/sign=d0a1eedc55fbb2fb202650402e234bc1/37d3d539b6003af3b3c83ae1352ac65c1138b6c5.jpg
https://gss1.bdstatic.com/-vo3dSag_xI4khGkpoWK1HF6hhy/baike/c0%3Dbaike150%2C5%2C5%2C150%2C50/sign=77deb6890cd79123f4ed9c26cc5d32e7/cf1b9d16fdfaaf514e80673e8c5494eef11f7ad4.jpg
https://gss0.bdstatic.com/-4o3dSag_xI4khGkpoWK1HF6hhy/baike/c0%3Dbaike80%2C5%2C5%2C80%2C26/sign=e53db060d91373f0e13267cdc566209e/5ab5c9ea15ce36d3e147ab2b32f33a87e950b16d.jpg
