
https://gss1.bdstatic.com/9vo3dSag_xI4khGkpoWK1HF6hhy/baike/c0%3Dbaike92%2C5%2C5%2C92%2C30/sign=c8ff690f6f061d95694b3f6a1a9d61b4/9a504fc2d56285358423c21691ef76c6a6ef63c1.jpg
https://gss0.bdstatic.com/94o3dSag_xI4khGkpoWK1HF6hhy/baike/c0%3Dbaike92%2C5%2C5%2C92%2C30/sign=122ed204908fa0ec6bca6c5f47fe328b/8d5494eef01f3a295d0bc5f99825bc315d607cc1.jpg
https://gss1.bdstatic.com/9vo3dSag_xI4khGkpoWK1HF6hhy/baike/c0%3Dbaike92%2C5%2C5%2C92%2C30/sign=11acbd25730e0cf3b4fa46a96b2f997a/9358d109b3de9c8250a6e9b86d81800a18d843c1.jpg

https://gss3.bdstatic.com/7Po3dSag_xI4khGkpoWK1HF6hhy/baike/c0%3Dbaike92%2C5%2C5%2C92%2C30/sign=96c7d4c4888ba61ecbe3c07d205dfc6f/86d6277f9e2f07080fcaf80ee324b899a801f2f5.jpg
https://gss1.bdstatic.com/9vo3dSag_xI4khGkpoWK1HF6hhy/baike/c0%3Dbaike92%2C5%2C5%2C92%2C30/sign=b60ef9298082b90129a0cb6112e4c212/cb8065380cd79123ee2f467aa7345982b3b780f5.jpg
https://gss3.bdstatic.com/7Po3dSag_xI4khGkpoWK1HF6hhy/baike/c0%3Dbaike92%2C5%2C5%2C92%2C30/sign=435dc9e3a9cc7cd9ee203c8b58684a5a/d1160924ab18972b3bf5d2c4eccd7b899f510af5.jpg
https://gss3.bdstatic.com/7Po3dSag_xI4khGkpoWK1HF6hhy/baike/c0%3Dbaike92%2C5%2C5%2C92%2C30/sign=14ca6ab5ac1ea8d39e2f7c56f6635b2b/267f9e2f070828383800011ab299a9014c08f1ab.jpg
https://gss2.bdstatic.com/-fo3dSag_xI4khGkpoWK1HF6hhy/baike/c0%3Dbaike92%2C5%2C5%2C92%2C30/sign=35af6a18c5fc1e17e9b284632bf99d66/9213b07eca8065387ad1791d9ddda144ad348281.jpg

https://gss1.bdstatic.com/9vo3dSag_xI4khGkpoWK1HF6hhy/baike/c0%3Dbaike80%2C5%2C5%2C80%2C26/sign=11839173bda1cd1111bb7a72d87ba399/f603918fa0ec08fab86266e45eee3d6d55fbda17.jpg

https://gss1.bdstatic.com/-vo3dSag_xI4khGkpoWK1HF6hhy/baike/c0%3Dbaike150%2C5%2C5%2C150%2C50/sign=b8fa0b4f4710b912abccfeaca2949766/d043ad4bd11373f0f7e9236ba40f4bfbfaed046b.jpg
https://gss2.bdstatic.com/-fo3dSag_xI4khGkpoWK1HF6hhy/baike/c0%3Dbaike150%2C5%2C5%2C150%2C50/sign=2b85a40051da81cb5aeb8b9f330fbb73/eac4b74543a98226491767d38a82b9014b90eb74.jpg
https://gss2.bdstatic.com/9fo3dSag_xI4khGkpoWK1HF6hhy/baike/c0%3Dbaike150%2C5%2C5%2C150%2C50/sign=364ef9ce19d8bc3ed2050e98e3e2cd7b/8694a4c27d1ed21b543b6211ad6eddc450da3f57.jpg
https://gss3.bdstatic.com/7Po3dSag_xI4khGkpoWK1HF6hhy/baike/c0%3Dbaike150%2C5%2C5%2C150%2C50/sign=1de9236ba40f4bfb98dd960662261395/86d6277f9e2f0708b7d366f4e924b899a801f274.jpg
https://gss3.bdstatic.com/7Po3dSag_xI4khGkpoWK1HF6hhy/baike/c0%3Dbaike116%2C5%2C5%2C116%2C38/sign=86d25f5359ee3d6d36cb8f99227f0647/500fd9f9d72a6059f2c2adee2834349b023bba70.jpg
https://gss1.bdstatic.com/-vo3dSag_xI4khGkpoWK1HF6hhy/baike/c0%3Dbaike72%2C5%2C5%2C72%2C24/sign=a6752184b2119313d34ef7e2045167b2/fd039245d688d43f72a27eb47d1ed21b0ef43b69.jpg
https://gss3.bdstatic.com/-Po3dSag_xI4khGkpoWK1HF6hhy/baike/c0%3Dbaike116%2C5%2C5%2C116%2C38/sign=8886b7e3a964034f1bc0ca54ceaa1254/dbb44aed2e738bd47061cb0fa38b87d6277ff948.jpg
https://gss3.bdstatic.com/-Po3dSag_xI4khGkpoWK1HF6hhy/baike/c0%3Dbaike92%2C5%2C5%2C92%2C30/sign=eefe4ca4962397ddc274905638ebd9d2/d53f8794a4c27d1e59dd4e871cd5ad6edcc438fd.jpg
https://gss3.bdstatic.com/-Po3dSag_xI4khGkpoWK1HF6hhy/baike/c0%3Dbaike80%2C5%2C5%2C80%2C26/sign=edcf0b45abaf2eddc0fc41bbec796a8c/aa18972bd40735fa7d0b3bfa99510fb30e2408fd.jpg
https://gss1.bdstatic.com/-vo3dSag_xI4khGkpoWK1HF6hhy/baike/c0%3Dbaike92%2C5%2C5%2C92%2C30/sign=9d33b86a8118367ab984778f4f1ae0b1/0df431adcbef76096654ecdc29dda3cc7cd99e11.jpg
https://gss1.bdstatic.com/-vo3dSag_xI4khGkpoWK1HF6hhy/baike/c0%3Dbaike80%2C5%2C5%2C80%2C26/sign=48148b604e540923be646b2cf331ba6c/b21bb051f8198618f3df9ac74ded2e738ad4e6dd.jpg
https://gss2.bdstatic.com/9fo3dSag_xI4khGkpoWK1HF6hhy/baike/c0%3Dbaike92%2C5%2C5%2C92%2C30/sign=2ff3a5aee01190ef15f69a8daf72f673/72f082025aafa40fe13dbb9eac64034f79f019fd.jpg
https://gss3.bdstatic.com/7Po3dSag_xI4khGkpoWK1HF6hhy/baike/c0%3Dbaike92%2C5%2C5%2C92%2C30/sign=08298e689a16fdfacc61cebcd5e6e731/faedab64034f78f058f0efb07e310a55b2191cfd.jpg
https://gss3.bdstatic.com/-Po3dSag_xI4khGkpoWK1HF6hhy/baike/c0%3Dbaike92%2C5%2C5%2C92%2C30/sign=5b38d956bb315c60579863bdecd8a076/8326cffc1e178a8202c70ae3f103738da877e8fe.jpg
https://gss1.bdstatic.com/9vo3dSag_xI4khGkpoWK1HF6hhy/baike/c0%3Dbaike92%2C5%2C5%2C92%2C30/sign=289830bc3cc79f3d9becec62dbc8a674/63d9f2d3572c11df4849ca60642762d0f603c2dd.jpg
https://gss2.bdstatic.com/9fo3dSag_xI4khGkpoWK1HF6hhy/baike/c0%3Dbaike92%2C5%2C5%2C92%2C30/sign=5644912bcbbf6c81e33a24badd57da50/dbb44aed2e738bd479dac772a68b87d6267ff9fe.jpg
https://gss3.bdstatic.com/-Po3dSag_xI4khGkpoWK1HF6hhy/baike/c0%3Dbaike92%2C5%2C5%2C92%2C30/sign=8a364950da54564ef168ec6bd2b7f7e7/a8773912b31bb0513b7bc66b317adab44aede012.jpg
https://gss3.bdstatic.com/7Po3dSag_xI4khGkpoWK1HF6hhy/baike/c0%3Dbaike92%2C5%2C5%2C92%2C30/sign=553a917ab4de9c82b268f1dd0de8eb6f/f9198618367adab48d8f6e008cd4b31c8701e412.jpg
https://gss3.bdstatic.com/-Po3dSag_xI4khGkpoWK1HF6hhy/baike/c0%3Dbaike92%2C5%2C5%2C92%2C30/sign=36840f3927a446236ac7ad30f94b196b/ca1349540923dd540de8d22bd609b3de9d8248dd.jpg
https://gss1.bdstatic.com/9vo3dSag_xI4khGkpoWK1HF6hhy/baike/c0%3Dbaike92%2C5%2C5%2C92%2C30/sign=02c5b6576c600c33e474d69a7b253a6a/bd3eb13533fa828bcfb8e8a0fa1f4134960a5add.jpg
https://gss0.bdstatic.com/-4o3dSag_xI4khGkpoWK1HF6hhy/baike/c0%3Dbaike92%2C5%2C5%2C92%2C30/sign=4ebc427b7cf40ad101e9cfb136457aba/e4dde71190ef76c6e3288e689a16fdfaae5167fe.jpg
https://gss1.bdstatic.com/-vo3dSag_xI4khGkpoWK1HF6hhy/baike/c0%3Dbaike92%2C5%2C5%2C92%2C30/sign=d63abb81b5119313d34ef7e2045167b2/c9fcc3cec3fdfc03173c96fbd33f8794a4c22628.jpg
https://gss3.bdstatic.com/-Po3dSag_xI4khGkpoWK1HF6hhy/baike/c0%3Dbaike92%2C5%2C5%2C92%2C30/sign=43db4c8736adcbef15397654cdc645b8/dcc451da81cb39db25841215d7160924ab183028.jpg
https://gss0.bdstatic.com/-4o3dSag_xI4khGkpoWK1HF6hhy/baike/c0%3Dbaike92%2C5%2C5%2C92%2C30/sign=d0647589e1cd7b89fd6132d16e4d29c2/6a600c338744ebf81e2f117cdef9d72a6059a712.jpg
https://gss2.bdstatic.com/9fo3dSag_xI4khGkpoWK1HF6hhy/baike/c0%3Dbaike92%2C5%2C5%2C92%2C30/sign=054702d4de33c895b2739029b07a1895/d8f9d72a6059252dde496847339b033b5bb5b912.jpg
https://gss1.bdstatic.com/9vo3dSag_xI4khGkpoWK1HF6hhy/baike/c0%3Dbaike92%2C5%2C5%2C92%2C30/sign=19773b9f53e736d14c1e845afa3924a7/9f510fb30f2442a7784a88e6d643ad4bd1130228.jpg
https://gss2.bdstatic.com/-fo3dSag_xI4khGkpoWK1HF6hhy/baike/c0%3Dbaike92%2C5%2C5%2C92%2C30/sign=9f4f7972263fb80e18dc698557b8444b/34fae6cd7b899e5191154f5745a7d933c9950ddd.jpg
https://gss3.bdstatic.com/-Po3dSag_xI4khGkpoWK1HF6hhy/baike/c0%3Dbaike92%2C5%2C5%2C92%2C30/sign=b4a039420d55b31988f48a2722c0e943/342ac65c10385343e091f2629413b07eca808812.jpg
https://gss2.bdstatic.com/-fo3dSag_xI4khGkpoWK1HF6hhy/baike/c0%3Dbaike92%2C5%2C5%2C92%2C30/sign=2b660147900a304e462fa8a8b0a1cce3/1e30e924b899a9019a712e751a950a7b0208f529.jpg
https://gss0.bdstatic.com/-4o3dSag_xI4khGkpoWK1HF6hhy/baike/c0%3Dbaike92%2C5%2C5%2C92%2C30/sign=248583bdc4fdfc03f175ebeab556ecf1/09fa513d269759eed1141588b5fb43166d22df29.jpg
