
http://img.312green.com/img/product/40/39093/119401109946.jpg	http://www.312green.com/price/detail-98241.html
http://www.hnhmw.cn/pic/digi/20079229329637.jpg	http://www.hnhmw.cn/list.asp?ProdId=0079
http://b2b.image.yuanlin.com/Biz/2012-5/20125141238163107.jpg	http://syhry1.yuanlin.com/sell-m205437.html
http://www.1818hm.com/file/upload/201610/09/101357195.jpg	http://www.1818hm.com/huamu/show-4921.html
http://town.xsnet.cn/xinjie/xncw/sdc/bcts/images/2009/8/14/A65DF2D4CEB442389A2E5A4D659A2EBB.jpg	http://town.xsnet.cn/xinjie/xncw/sdc/bcts/2009/8/14/960308.shtml
https://gw.alicdn.com/bao/uploaded/i3/1088595732/TB221hhXqa5V1Bjy0FaXXaXvpXa_!!1088595732.jpg_230x230.jpg	https://www.taobao.com/article/BcD6DnCxFhEAD-CG.html
http://b2b.image.yuanlin.com/Biz/2008-6/2008616618347666.jpg	http://my0397.yuanlin.com/sell-m51295.html
https://gss1.bdstatic.com/9vo3dSag_xI4khGkpoWK1HF6hhy/baike/s%3D220/sign=a96546d15b3d26972ad30f5f65fab24f/e850352ac65c10385acab5d9b8119313b07e8970.jpg	https://baike.baidu.com/item/%E6%AF%9B%E9%B9%83
http://b2b.image.yuanlin.com/Biz/2008-6/200994650188054.jpg	http://my0397.yuanlin.com/sell-m51295.html
http://image.sciencenet.cn/album/201304/25/221543oz5i9rhmoxtm55xe.jpg	http://wap.sciencenet.cn/blogview.aspx?id=684010
http://img.bj.wezhan.cn/content/sitefiles/2060798/images/9029690_%E6%AF%9B%E9%B9%832.jpeg	http://www.thlhmm.com/product/277718622
http://img.bj.wezhan.cn/content/sitefiles/2060798/images/9029691_%E6%AF%9B%E9%B9%833.jpeg	http://www.thlhmm.com/product/277718622
http://img.bj.wezhan.cn/content/sitefiles/2060798/images/9029692_%E6%AF%9B%E9%B9%834.jpeg	http://www.thlhmm.com/product/277718622
http://img.bj.wezhan.cn/content/sitefiles/2060798/images/9029693_%E6%AF%9B%E9%B9%835.jpeg	http://www.thlhmm.com/product/277718622
http://pic.to8to.com/attch/day_150629/20150629_bfc31efb61122fc179d0mxr3vpWgokih.jpg	http://360m.to8to.com/yezhu/z37022.html
https://cbu01.alicdn.com/img/ibank/2017/130/247/3943742031_1530692097.jpg	https://www.1688.com/topic/maojuantupian-C3ABBEE9CDBCC6AC.html
https://cbu01.alicdn.com/img/ibank/2016/442/173/2900371244_952950626.jpg	https://www.1688.com/topic/maojuantupian-C3ABBEE9CDBCC6AC.html
http://www.sysnmm.top/upfile/files/%E6%AF%9B%E9%B9%83-11.jpg	http://www.sysnmm.top/557/0/71
https://gss1.bdstatic.com/9vo3dSag_xI4khGkpoWK1HF6hhy/baike/s%3D220/sign=5027cc55828ba61edbeecf2d713597cc/d1160924ab18972b3515ca55e6cd7b899e510a06.jpg	https://baike.baidu.com/item/%E6%AF%9B%E9%B9%83
http://imgupload.youboy.com/imagestore20160530cab551e1-79c4-4eb2-8cd8-8506a766255f.jpg	http://www.jhchxm.com/s501819995.html
http://imgupload.youboy.com/imagestore20160530cab551e1-79c4-4eb2-8cd8-8506a766255f.jpg?360*300	http://www.jhchxm.com/s501819995.html
http://img.bj.wezhan.cn/content/sitefiles/2060798/images/9043479_%E6%AF%9B%E9%B9%83.jpeg	http://www.thlhmm.com/product/277718622
http://www.huayugu.com.cn/uploads/allimg/160720/1-160H01629280-L.jpg	http://www.huayugu.com.cn/maojuan/
http://www.neipet.com/wp-content/uploads/2016/06/%E6%AF%9B%E9%B9%83-210x210.png	http://www.neipet.com/maojuan/
https://cbu01.alicdn.com/img/ibank/2015/991/018/2211810199_834742544.310x310.jpg	https://www.1688.com/pic/-C3ABBEE9.html
http://www.haojing888.com/uploadfiles/pictures/product/20160606092122_4687.jpg	http://www.haojing888.com/Products/djmj.html
http://www.haojing888.com/uploadfiles/pictures/product/20160606092121_0468.jpg	http://www.haojing888.com/Products/djmj.html
https://gss1.bdstatic.com/-vo3dSag_xI4khGkpoWK1HF6hhy/baike/w%3D400/sign=8582337839adcbef01347f069cae2e0e/9825bc315c6034a80bffb23dc313495409237668.jpg	https://baike.baidu.com/item/%E6%AF%9B%E9%B9%83
http://www.haojing888.com/uploadfiles/pictures/product/20160606092122_8437.jpg	http://www.haojing888.com/Products/djmj.html
http://www.syqslh.top/upfile/images/%E7%AB%B9%E7%B1%BB/%E6%AF%9B%E9%B9%83.jpg	http://www.syqslh.top/556/0/132
http://www.haojing888.com/uploadfiles/pictures/product/20160606092121_3281.jpg	http://www.haojing888.com/Products/djmj.html
https://gss3.bdstatic.com/-Po3dSag_xI4khGkpoWK1HF6hhy/baike/s%3D220/sign=f39e030ac3fdfc03e178e4bae43e87a9/aec379310a55b319d0a6778143a98226cefc17e2.jpg	https://baike.baidu.com/item/%E6%AF%9B%E9%B9%83
https://gss3.bdstatic.com/-Po3dSag_xI4khGkpoWK1HF6hhy/baike/w%3D268%3Bg%3D0/sign=6785a4301fd8bc3ec60801ccbab0c123/279759ee3d6d55fbb9ff672c6b224f4a20a4ddfa.jpg	https://baike.baidu.com/item/%E6%AF%9B%E9%B9%83
http://www.itaomiao.com/img/nursery/2017/03/27/18/1490609239039NdhU.jpg	http://www.itaomiao.com/supply/supplyInfo.itm?code=0000000000501178
http://www.haojing888.com/Mobile/uploadfiles/pictures/product/20160606092121_6875.jpg_280.jpg	http://www.haojing888.com/Mobile/MProducts/djmj.html
http://www.itaomiao.com/img/nursery/2017/03/27/18/1490609303146MOGF.jpg	http://www.itaomiao.com/supply/supplyInfo.itm?code=0000000000501178
http://www.itaomiao.com/img/nursery/2016/12/20/11/1482206167002v0ap.jpg	http://www.itaomiao.com/supply/supplyInfo.itm?code=0000000000507729
http://www.haojing888.com/uploadfiles/pictures/product/20170619150814_5098.jpg	http://www.haojing888.com/Article/mjdxbmzxjg.html
http://www.yuhuagu.com/uploads/allimg/160905/43_160905075948_1.jpg	http://www.yuhuagu.com/renshi/2016/0905/13265.html
http://www.itaomiao.com/img/nursery/2017/04/29/11/1493437755077QnrN.png	http://www.itaomiao.com/supply/supplyInfo.itm?code=0000000000462619
http://pic4.55jia.net/fengshuizhiwu/18/a327233.jpg	http://www.55jia.net/75/321620.html
http://imgupload.youboy.com/imagestore20160530952a077c-bdb2-4a1e-b624-aa439b17f822.jpg?360*300	http://www.jhchxm.com/s501819995.html
http://www.itaomiao.com/img/nursery/2016/11/26/12/1480134767593b7iw.jpg	http://www.itaomiao.com/supply/supplyInfo.itm?code=0000000000387833
http://www.huayugu.com.cn/uploads/allimg/160720/1-160H01625160-L.jpg	http://www.huayugu.com.cn/maojuan/
https://cbu01.alicdn.com/img/ibank/2017/385/133/3878331583_2019116346.310x310.jpg	https://www.1688.com/pic/-C3ABBEE9.html
https://cbu01.alicdn.com/img/ibank/2012/525/475/592574525_773142959.400x400.jpg	http://detail.1688.com/offer/1174430184.html
https://cbu01.alicdn.com/img/ibank/2015/116/387/1942783611_839180933.jpg	https://www.1688.com/topic/maojuantupian-C3ABBEE9CDBCC6AC.html
http://imgupload3.youboy.com/imagestore201605300b1aabfb-30db-4c9b-b271-ce53ed27644b.jpg?360*300	http://www.jhchxm.com/s501819995.html
http://pic4.55jia.net/fengshuizhiwu/35/a370659.jpg	http://www.55jia.net/75/331984.html
http://www.itaomiao.com/img/nursery/2017/03/27/18/1490609382045zEzn.jpg	http://www.itaomiao.com/supply/supplyInfo.itm?code=0000000000501178
http://www.haojing888.com/uploadfiles/pictures/product/20170619150814_6817.jpg	http://www.haojing888.com/Article/mjdxbmzxjg.html
http://www.haojing888.com/Mobile/uploadfiles/pictures/product/20170619150814_9005.jpg_280.jpg	http://www.haojing888.com/Mobile/MArticles/mjdxbmzxjg.html
http://pic4.55jia.net/fengshuizhiwu/16/a327221.jpg	http://www.55jia.net/75/321620.html
https://cbu01.alicdn.com/img/ibank/2016/655/320/3090023556_834742544.220x220.jpg	http://www.1688.com/chanpin/-C3ABBEE9B6C5BEE9.html
https://cbu01.alicdn.com/img/ibank/2016/914/758/3412857419_99864327.jpg	https://www.1688.com/topic/maojuantupian-C3ABBEE9CDBCC6AC.html
http://www.haocaimm.com/uFile/20963/product/s201751791421201.jpg	http://www.haocaimm.com/product_157.html
http://www.haocaimm.com/uFile/20963/product/s20175179144975.jpg	http://www.haocaimm.com/product_157.html
http://www.haocaimm.com/uFile/20963/product/s20175151741137.jpg	http://www.haocaimm.com/product_157.html
http://imgupload.youboy.com/imagestore2016053094b46997-bfdc-453a-88cf-a164ca555408.jpg?220*220	http://www.jhchxm.com/spzsf2850151.html
http://www.itaomiao.com/img/nursery/2016/11/26/12/1480134768635mrl0.jpg	http://www.itaomiao.com/supply/supplyInfo.itm?code=0000000000387833
http://files.b2b.cn/product/ProductImages/2017_04/20/090/20090907572_b.jpg	http://jhxymm.com/product/product-725633679.htm
http://www.haojing888.com/uploadfiles/pictures/product/20170619150345_1036.png	http://www.haojing888.com/Article/mjdxbmzxjg.html
http://imgupload2.youboy.com/imagestore2016053090861f25-d554-4661-8031-800466598ce2.jpg?360*300	http://www.jhchxm.com/s501819995.html
http://www.1818hm.com/file/upload/201610/09/101340135.jpg	http://www.1818hm.com/huamu/show-4921.html
https://cbu01.alicdn.com/img/ibank/2015/519/991/2422199915_1686866314.jpg	https://www.1688.com/topic/maojuantupian-C3ABBEE9CDBCC6AC.html
http://www.1818hm.com/file/upload/201610/09/101350675.jpg	http://www.1818hm.com/huamu/show-4921.html
https://gw.alicdn.com/bao/uploaded/i3/415597430/TB23K3OaeZkyKJjSszbXXblwFXa_!!415597430.jpg_230x230.jpg	https://www.taobao.com/article/BcD6DnCxFhEAD-CG.html
http://www.itaomiao.com/img/nursery/2016/11/26/12/1480134769946qkeJ.jpg	http://www.itaomiao.com/supply/supplyInfo.itm?code=0000000000387833
http://www.huayugu.com.cn/uploads/allimg/160720/1-160H01630320-L.jpg	http://www.huayugu.com.cn/maojuan/
http://sygxyl.com/upLoad/product/month_1705/201705121243432853.jpg	http://sygxyl.com/content/?1232.html
http://www.itaomiao.com/img/nursery/2016/11/26/12/1480134771991dj1M.jpg	http://www.itaomiao.com/supply/supplyInfo.itm?code=0000000000387833
http://www.itaomiao.com/img/nursery/2016/11/27/16/1480234400555pGRZ.jpg	http://www.itaomiao.com/supply/supplyInfo.itm?code=0000000000374083
http://www.1818hm.com/file/upload/201610/09/101404135.jpg	http://www.1818hm.com/huamu/show-4921.html
http://image82.360doc.com/DownloadImg/2015/02/1320/50157894_1.jpg	http://www.360doc.com/content/15/0213/20/16967035_448434003.shtml
http://www.itaomiao.com/img/nursery/2016/12/20/11/1482206177516NtzY.jpg	http://www.itaomiao.com/supply/supplyInfo.itm?code=0000000000507729
https://cbu01.alicdn.com/img/ibank/2017/521/164/4309461125_1593731460.220x220.jpg	http://www.1688.com/fanyi/-C3ABBEE9.html
https://img.lrgarden.com/feed_pic/3/53/1000300803_1000014626_1501426421.jpg	https://www.lrgarden.com/topic/view/id-1000010310.html
http://sygxyl.com/upLoad/product/month_1705/201705121243496312.jpg	http://sygxyl.com/content/?1232.html
http://sygxyl.com/upLoad/product/month_1705/201705121244053882.jpg	http://sygxyl.com/content/?1232.html
http://pic.miaomudi.com/upload/gongyingsmall/2016/06/20/18870_20160620080921.jpg	http://www.miaomudi.com/gongying/1069238.html
http://www.jhypmm.com/uploads/161210/1-161210155333V8.jpg	http://www.jhypmm.com/cpzs/maojuan/
http://sygxyl.com/upLoad/product/month_1705/201705121243542397.jpg	http://sygxyl.com/content/?1232.html
http://sygxyl.com/upLoad/product/month_1705/201705121244107637.jpg	http://sygxyl.com/content/?1232.html
http://www.pjcn.org/uploads/allimg/1703/1-1F30421330V41.jpg	http://www.pjcn.org/pz/ym/2678/
http://www.baihuamen.com/d/file/2014/05-24/0999df796462ed8415c768977fe2e657.jpg	http://www.baihuamen.com/maojuan/16119.html
http://img.aihuau.com/images/31101031/31053253t0166b000315562be70.jpg	http://www.aihuau.com/a/25101011/80930.html
https://cbu01.alicdn.com/img/ibank/2013/359/435/1014534953_952950626.310x310.jpg	https://www.1688.com/pic/-C3ABBEE9.html
http://img3.epanshi.com/7189/product/w-51008d3cdc5c5.jpg	http://www.hzguifu.com/67209-6402/137281_94277.html
http://img.yuanew.com/uploads/product/20160223/d80dbdb35d114e94c57f775f2ec78867_505x335.jpg	http://www.yuanew.com/buy_detail/nursery?id=1729
http://pic28.nipic.com/20130411/9942197_143426699106_2.jpg	http://www.nipic.com/show/1/44/7853229k67eaa171.html
http://www.hnpjw.com.cn/pic/digi/0079.jpg	http://www.hnpjw.com.cn/list.asp?ProdId=0035
http://imgupload2.youboy.com/imagestore201605300b9ed813-b3bf-40c5-af2c-8534bb7f4327.jpg	http://www.jhchxm.com/s502930389.html
https://cbu01.alicdn.com/img/ibank/2011/627/730/269037726_1169870852.310x310.jpg	https://www.1688.com/pic/-C3ABBEE9.html
https://cbu01.alicdn.com/img/ibank/2016/571/672/2858276175_278260875.jpg	https://www.1688.com/topic/maojuantupian-C3ABBEE9CDBCC6AC.html
http://img.yuanew.com/uploads/product/20160411/dfdfaaba5658c4c00124a4da6614771c_290x225.jpg	http://www.yuanew.com/buy_detail/nursery?id=1729
http://file5.youboy.com/e/2015/1/27/63/265799.jpg	http://www.jhchxm.com/s502930389.html
https://cbu01.alicdn.com/img/ibank/2016/502/715/3155517205_1148069982.220x220.jpg	http://www.1688.com/chanpin/-C3ABBEE9B6C5BEE9.html
https://cbu01.alicdn.com/img/ibank/2016/840/744/3642447048_246424275.220x220.jpg	http://www.1688.com/fanyi/-C3ABBEE9.html
https://cbu01.alicdn.com/img/ibank/2014/825/202/1880202528_909551110.310x310.jpg	https://www.1688.com/pic/-C3ABBEE9.html
https://cbu01.alicdn.com/img/ibank/2016/474/913/2933319474_1493512727.220x220.jpg	http://www.1688.com/chanpin/-C3ABBEE9B6C5BEE9.html
