
https://gss3.bdstatic.com/7Po3dSag_xI4khGkpoWK1HF6hhy/baike/c0%3Dbaike92%2C5%2C5%2C92%2C30/sign=c8601952cafcc3cea0cdc161f32cbded/908fa0ec08fa513da9e7f9ae3f6d55fbb2fbd975.jpg
https://gss0.bdstatic.com/-4o3dSag_xI4khGkpoWK1HF6hhy/baike/c0%3Dbaike116%2C5%2C5%2C116%2C38/sign=1f4522cba41ea8d39e2f7c56f6635b2b/c2fdfc039245d688f88027d4a6c27d1ed21b243b.jpg

https://gss3.bdstatic.com/7Po3dSag_xI4khGkpoWK1HF6hhy/baike/c0%3Dbaike80%2C5%2C5%2C80%2C26/sign=c467ee07f8039245b5b8e95de6fdcfa7/54fbb2fb43166d2248e30d5e422309f79152d267.jpg
https://gss1.bdstatic.com/9vo3dSag_xI4khGkpoWK1HF6hhy/baike/c0%3Dbaike92%2C5%2C5%2C92%2C30/sign=bcd099cd930a304e462fa8a8b0a1cce3/1e30e924b899a9010dc7b6ff19950a7b0308f50d.jpg
https://gss3.bdstatic.com/7Po3dSag_xI4khGkpoWK1HF6hhy/baike/c0%3Dbaike92%2C5%2C5%2C92%2C30/sign=e80818ee7b3e6709aa0d4dad5aaef458/0b7b02087bf40ad12d57232a532c11dfa8ecce4c.jpg
https://gss3.bdstatic.com/-Po3dSag_xI4khGkpoWK1HF6hhy/baike/c0%3Dbaike92%2C5%2C5%2C92%2C30/sign=a2516b4ed4a20cf4529df68d17602053/1ad5ad6eddc451da7a18e022b2fd5266d1163209.jpg
https://gss2.bdstatic.com/9fo3dSag_xI4khGkpoWK1HF6hhy/baike/c0%3Dbaike92%2C5%2C5%2C92%2C30/sign=b970d0ca8344ebf8797c6c6db890bc4f/32fa828ba61ea8d32f0f9dcd930a304e241f58ce.jpg
https://gss1.bdstatic.com/-vo3dSag_xI4khGkpoWK1HF6hhy/baike/c0%3Dbaike92%2C5%2C5%2C92%2C30/sign=166643a80bb30f242197e451a9fcba26/eaf81a4c510fd9f9bac5bda0212dd42a2934a42d.jpg
https://gss3.bdstatic.com/-Po3dSag_xI4khGkpoWK1HF6hhy/baike/c0%3Dbaike72%2C5%2C5%2C72%2C24/sign=8a769ec76309c93d13ff06a5fe5493b9/63d9f2d3572c11dfea8d6bea672762d0f603c29f.jpg
https://gss2.bdstatic.com/-fo3dSag_xI4khGkpoWK1HF6hhy/baike/c0%3Dbaike272%2C5%2C5%2C272%2C90/sign=4c83324bb1de9c82b268f1dd0de8eb6f/3ac79f3df8dcd100647a2e53708b4710b8122fda.jpg

https://gss2.bdstatic.com/-fo3dSag_xI4khGkpoWK1HF6hhy/baike/c0%3Dbaike92%2C5%2C5%2C92%2C30/sign=338524ee3801213fdb3e468e358e5db4/d50735fae6cd7b8920c42ab40e2442a7d9330e58.jpg
https://gss1.bdstatic.com/9vo3dSag_xI4khGkpoWK1HF6hhy/baike/c0%3Dbaike92%2C5%2C5%2C92%2C30/sign=1f8eb811fcfaaf5190ee89eded3dff8b/aa64034f78f0f7367e565c360b55b319ebc41358.jpg
https://gss0.bdstatic.com/94o3dSag_xI4khGkpoWK1HF6hhy/baike/c0%3Dbaike92%2C5%2C5%2C92%2C30/sign=8abb7408d8f9d72a0369184fb5434351/fc1f4134970a304eb5e8b0cdd0c8a786c9175c3a.jpg
https://gss2.bdstatic.com/-fo3dSag_xI4khGkpoWK1HF6hhy/baike/c0%3Dbaike92%2C5%2C5%2C92%2C30/sign=4183cc23b999a9012f3853647cfc611e/37d12f2eb9389b501171f0658435e5dde7116e7e.jpg
https://gss3.bdstatic.com/-Po3dSag_xI4khGkpoWK1HF6hhy/baike/c0%3Dbaike92%2C5%2C5%2C92%2C30/sign=3c9f34d8a8ec8a1300175fb2966afaea/9c16fdfaaf51f3dedf3ca95395eef01f3a29797e.jpg
https://gss2.bdstatic.com/-fo3dSag_xI4khGkpoWK1HF6hhy/baike/c0%3Dbaike92%2C5%2C5%2C92%2C30/sign=5e17632408f79052fb124f6c6d9abcaf/0823dd54564e9258afba96d99d82d158ccbf4e7e.jpg
https://gss2.bdstatic.com/9fo3dSag_xI4khGkpoWK1HF6hhy/baike/c0%3Dbaike92%2C5%2C5%2C92%2C30/sign=e1d0d3236a600c33e474d69a7b253a6a/bd3eb13533fa828b2cad8dd4fc1f4134970a5a7e.jpg
https://gss3.bdstatic.com/7Po3dSag_xI4khGkpoWK1HF6hhy/baike/c0%3Dbaike92%2C5%2C5%2C92%2C30/sign=29b31ff43b87e950561afb3e71513826/f9dcd100baa1cd11ed386217b812c8fcc3ce2d7e.jpg
https://gss3.bdstatic.com/-Po3dSag_xI4khGkpoWK1HF6hhy/baike/c0%3Dbaike92%2C5%2C5%2C92%2C30/sign=6133403f0dd79123f4ed9c26cc5d32e7/d788d43f8794a4c2d6adf71c0ff41bd5ad6e397e.jpg
https://gss1.bdstatic.com/9vo3dSag_xI4khGkpoWK1HF6hhy/baike/c0%3Dbaike92%2C5%2C5%2C92%2C30/sign=66f1ec3a71cf3bc7fc0dc5beb069d1c4/0bd162d9f2d3572c10278ceb8b13632762d0c33b.jpg
https://gss2.bdstatic.com/-fo3dSag_xI4khGkpoWK1HF6hhy/baike/c0%3Dbaike92%2C5%2C5%2C92%2C30/sign=e99d9c3f9a504fc2b652b85784b48c74/d833c895d143ad4b17a056f783025aafa40f067e.jpg

https://gss0.bdstatic.com/94o3dSag_xI4khGkpoWK1HF6hhy/baike/c0%3Dbaike220%2C5%2C5%2C220%2C73/sign=21d14869a144ad343ab28fd5b1cb6791/a6efce1b9d16fdfa1fa32c6ab48f8c5495ee7b63.jpg
https://gss0.bdstatic.com/-4o3dSag_xI4khGkpoWK1HF6hhy/baike/c0%3Dbaike180%2C5%2C5%2C180%2C60/sign=232f7ef0ad345982d187edc06d9d5ac8/ae51f3deb48f8c54201c2fab3a292df5e1fe7f63.jpg
https://gss1.bdstatic.com/9vo3dSag_xI4khGkpoWK1HF6hhy/baike/c0%3Dbaike150%2C5%2C5%2C150%2C50/sign=b4ded667d539b60059c307e588395e4f/b90e7bec54e736d18e3e598c9b504fc2d5626901.jpg

https://gss3.bdstatic.com/7Po3dSag_xI4khGkpoWK1HF6hhy/baike/c0%3Dbaike150%2C5%2C5%2C150%2C50/sign=98192c7f72cf3bc7fc0dc5beb069d1c4/e7cd7b899e510fb3f034a7e5db33c895d1430c97.jpg
https://gss0.bdstatic.com/-4o3dSag_xI4khGkpoWK1HF6hhy/baike/c0%3Dbaike80%2C5%2C5%2C80%2C26/sign=3eca5a4b6963f62408503151e62d809d/32fa828ba61ea8d331caa576950a304e241f58dc.jpg
https://gss1.bdstatic.com/9vo3dSag_xI4khGkpoWK1HF6hhy/baike/c0%3Dbaike80%2C5%2C5%2C80%2C26/sign=ba8def718544ebf8797c6c6db890bc4f/fc1f4134970a304ef4f27688d3c8a786c8175cf4.jpg
https://gss0.bdstatic.com/94o3dSag_xI4khGkpoWK1HF6hhy/baike/c0%3Dbaike92%2C5%2C5%2C92%2C30/sign=ba3b2298ba12c8fca0fefe9f9d6af920/f603918fa0ec08fa998d431f5aee3d6d54fbdafd.jpg
https://gss1.bdstatic.com/-vo3dSag_xI4khGkpoWK1HF6hhy/baike/c0%3Dbaike92%2C5%2C5%2C92%2C30/sign=be0813814836acaf4ded9eae1db0e675/38dbb6fd5266d0167cc3ce90942bd40734fa35ab.jpg
https://gss2.bdstatic.com/-fo3dSag_xI4khGkpoWK1HF6hhy/baike/c0%3Dbaike92%2C5%2C5%2C92%2C30/sign=9d45fbd90cb30f242197e451a9fcba26/eaf81a4c510fd9f931e605d1262dd42a2934a491.jpg
https://gss2.bdstatic.com/-fo3dSag_xI4khGkpoWK1HF6hhy/baike/c0%3Dbaike92%2C5%2C5%2C92%2C30/sign=5f35de8678ec54e755e1124cd851f035/7a899e510fb30f243cadbfbbcb95d143ad4b0356.jpg
https://gss3.bdstatic.com/-Po3dSag_xI4khGkpoWK1HF6hhy/baike/c0%3Dbaike180%2C5%2C5%2C180%2C60/sign=48a9c3f8b74543a9e116f29e7f7ee1e7/1c950a7b02087bf4f1614ae5f2d3572c11dfcf29.jpg

https://gss2.bdstatic.com/-fo3dSag_xI4khGkpoWK1HF6hhy/baike/c0%3Dbaike80%2C5%2C5%2C80%2C26/sign=b3faf8c350da81cb5aeb8b9f330fbb73/d6ca7bcb0a46f21fa09d4e64f7246b600c33ae5f.jpg
https://gss3.bdstatic.com/-Po3dSag_xI4khGkpoWK1HF6hhy/baike/c0%3Dbaike80%2C5%2C5%2C80%2C26/sign=cd595e8e9f510fb36c147fc5b85aa3f0/d8f9d72a6059252dffbe0d33359b033b5bb5b95f.jpg
https://gss3.bdstatic.com/-Po3dSag_xI4khGkpoWK1HF6hhy/baike/c0%3Dbaike92%2C5%2C5%2C92%2C30/sign=969be35b1138534398c28f73f27adb1b/738b4710b912c8fc607fe6fafd039245d688217c.jpg
https://gss3.bdstatic.com/-Po3dSag_xI4khGkpoWK1HF6hhy/baike/c0%3Dbaike92%2C5%2C5%2C92%2C30/sign=e2e31c15b21bb0519b29bb7a5713b1d1/5882b2b7d0a20cf47a39eee877094b36acaf995f.jpg
https://gss0.bdstatic.com/94o3dSag_xI4khGkpoWK1HF6hhy/baike/c0%3Dbaike92%2C5%2C5%2C92%2C30/sign=53e16ac5d462853586edda73f1861da3/d043ad4bd11373f04ab37fa8a50f4bfbfbed047c.jpg
https://gss3.bdstatic.com/-Po3dSag_xI4khGkpoWK1HF6hhy/baike/c0%3Dbaike92%2C5%2C5%2C92%2C30/sign=f644c5f99825bc313f5009ca3fb6e6d4/42a98226cffc1e1751339c064b90f603738de97d.jpg
https://gss0.bdstatic.com/94o3dSag_xI4khGkpoWK1HF6hhy/baike/c0%3Dbaike92%2C5%2C5%2C92%2C30/sign=7ae9f40eb2de9c82b268f1dd0de8eb6f/f9198618367adab4a25c0b748ad4b31c8701e47d.jpg
https://gss0.bdstatic.com/-4o3dSag_xI4khGkpoWK1HF6hhy/baike/c0%3Dbaike92%2C5%2C5%2C92%2C30/sign=e7f429348644ebf8797c6c6db890bc4f/32fa828ba61ea8d3718b6433960a304e251f585f.jpg
https://gss3.bdstatic.com/-Po3dSag_xI4khGkpoWK1HF6hhy/baike/c0%3Dbaike92%2C5%2C5%2C92%2C30/sign=527e30c937d3d539d53007915bee8235/c83d70cf3bc79f3d6348f407bba1cd11728b295f.jpg
https://gss1.bdstatic.com/-vo3dSag_xI4khGkpoWK1HF6hhy/baike/c0%3Dbaike92%2C5%2C5%2C92%2C30/sign=c54ee6c9c2fdfc03f175ebeab556ecf1/09fa513d269759ee30df70fcb3fb43166d22df7d.jpg
https://gss1.bdstatic.com/-vo3dSag_xI4khGkpoWK1HF6hhy/baike/c0%3Dbaike92%2C5%2C5%2C92%2C30/sign=b96014aacaef7609280691cd4fb4c8a9/50da81cb39dbb6fde7f2f5110824ab18972b375f.jpg
https://gss3.bdstatic.com/-Po3dSag_xI4khGkpoWK1HF6hhy/baike/c0%3Dbaike92%2C5%2C5%2C92%2C30/sign=249667a0d833c895b2739029b07a1895/d8f9d72a6059252dff980d33359b033b5bb5b97d.jpg
https://gss3.bdstatic.com/-Po3dSag_xI4khGkpoWK1HF6hhy/baike/c0%3Dbaike92%2C5%2C5%2C92%2C30/sign=2e6e8a56f2deb48fef64a98c9176514c/79f0f736afc37931d9c1961eeac4b74543a9115f.jpg
https://gss1.bdstatic.com/-vo3dSag_xI4khGkpoWK1HF6hhy/baike/c0%3Dbaike92%2C5%2C5%2C92%2C30/sign=212b4986810a19d8df0e8c575293e9ee/2f738bd4b31c87014c1fa2d1267f9e2f0708ff58.jpg
https://gss3.bdstatic.com/7Po3dSag_xI4khGkpoWK1HF6hhy/baike/c0%3Dbaike92%2C5%2C5%2C92%2C30/sign=36835a396609c93d13ff06a5fe5493b9/03087bf40ad162d90d47722b10dfa9ec8a13cd58.jpg
https://gss1.bdstatic.com/-vo3dSag_xI4khGkpoWK1HF6hhy/baike/c0%3Dbaike92%2C5%2C5%2C92%2C30/sign=c569e6c9c2fdfc03f175ebeab556ecf1/09fa513d269759ee30f870fcb3fb43166d22df58.jpg
https://gss3.bdstatic.com/-Po3dSag_xI4khGkpoWK1HF6hhy/baike/c0%3Dbaike92%2C5%2C5%2C92%2C30/sign=c65174dd80cb39dbd5cd6f04b17f6241/9922720e0cf3d7ca605e2f41f31fbe096b63a958.jpg
https://gss2.bdstatic.com/-fo3dSag_xI4khGkpoWK1HF6hhy/baike/c0%3Dbaike92%2C5%2C5%2C92%2C30/sign=09f6ceff1b4c510fbac9ea4801304e48/a71ea8d3fd1f413419b81549241f95cad1c85e7d.jpg
https://gss1.bdstatic.com/9vo3dSag_xI4khGkpoWK1HF6hhy/baike/c0%3Dbaike92%2C5%2C5%2C92%2C30/sign=9a897eb2c8ea15ce55e3e85bd7695196/7e3e6709c93d70cfa275ba3af9dcd100baa12b7d.jpg
https://gss1.bdstatic.com/9vo3dSag_xI4khGkpoWK1HF6hhy/baike/c0%3Dbaike92%2C5%2C5%2C92%2C30/sign=3aa19579cb8065386fe7ac41f6b4ca21/fd039245d688d43f2e2681c57c1ed21b0ef43b7d.jpg
https://gss0.bdstatic.com/-4o3dSag_xI4khGkpoWK1HF6hhy/baike/c0%3Dbaike92%2C5%2C5%2C92%2C30/sign=1f7e59de8c1001e95a311c5dd9671089/aa18972bd40735fa5a7f5e8e9f510fb30f24087d.jpg
https://gss3.bdstatic.com/7Po3dSag_xI4khGkpoWK1HF6hhy/baike/c0%3Dbaike92%2C5%2C5%2C92%2C30/sign=1c612fd663d9f2d3341c2cbdc885e176/91ef76c6a7efce1bfa83d8fdae51f3deb48f6558.jpg
https://gss1.bdstatic.com/-vo3dSag_xI4khGkpoWK1HF6hhy/baike/c0%3Dbaike92%2C5%2C5%2C92%2C30/sign=449799365d6034a83defb0d3aa7a2231/cefc1e178a82b9019722d304728da9773912ef7e.jpg
https://gss0.bdstatic.com/94o3dSag_xI4khGkpoWK1HF6hhy/baike/c0%3Dbaike92%2C5%2C5%2C92%2C30/sign=7a8a9b0e6a63f62408503151e62d809d/810a19d8bc3eb135bb6fa78ca71ea8d3fd1f4458.jpg
https://gss0.bdstatic.com/94o3dSag_xI4khGkpoWK1HF6hhy/baike/c0%3Dbaike92%2C5%2C5%2C92%2C30/sign=7f8d420ec83d70cf58f7a25f99b5ba65/7af40ad162d9f2d3579f34d8a8ec8a136327cc7e.jpg
https://gss2.bdstatic.com/9fo3dSag_xI4khGkpoWK1HF6hhy/baike/c0%3Dbaike92%2C5%2C5%2C92%2C30/sign=c43bf1388694a4c21e2eef796f9d70b0/54fbb2fb43166d225df905a3472309f79052d27e.jpg

https://gss3.bdstatic.com/-Po3dSag_xI4khGkpoWK1HF6hhy/baike/c0%3Dbaike80%2C5%2C5%2C80%2C26/sign=b050e904f01fbe090853cb460a096756/bd3eb13533fa828b6d854b91ff1f4134970a5a1a.jpg
https://gss1.bdstatic.com/-vo3dSag_xI4khGkpoWK1HF6hhy/baike/c0%3Dbaike80%2C5%2C5%2C80%2C26/sign=8eadbf17d40735fa85fd46ebff3864d6/8644ebf81a4c510ffc4cff166059252dd42aa535.jpg
https://gss3.bdstatic.com/7Po3dSag_xI4khGkpoWK1HF6hhy/baike/c0%3Dbaike92%2C5%2C5%2C92%2C30/sign=5269058f79899e516c83324623ceb256/0d338744ebf81a4c369c3abbd52a6059252da612.jpg
https://gss1.bdstatic.com/9vo3dSag_xI4khGkpoWK1HF6hhy/baike/c0%3Dbaike72%2C5%2C5%2C72%2C24/sign=9b6b12bbe950352aa56c2d5a322a9097/738b4710b912c8fc6256ebc1fc039245d6882110.jpg
https://gss1.bdstatic.com/-vo3dSag_xI4khGkpoWK1HF6hhy/baike/c0%3Dbaike116%2C5%2C5%2C116%2C38/sign=4f9c354bb1de9c82b268f1dd0de8eb6f/3ac79f3df8dcd10067652953708b4710b8122fc3.jpg

https://gss1.bdstatic.com/-vo3dSag_xI4khGkpoWK1HF6hhy/baike/c0%3Dbaike72%2C5%2C5%2C72%2C24/sign=3e55b701f8dcd100d991f07313e22c75/8b13632762d0f703941d88d008fa513d2697c50a.jpg
https://gss2.bdstatic.com/-fo3dSag_xI4khGkpoWK1HF6hhy/baike/c0%3Dbaike80%2C5%2C5%2C80%2C26/sign=0c84a7546f224f4a43947b41689efb37/0823dd54564e92586f76579c9e82d158ccbf4e06.jpg
