
http://www.huajiang.cc/uploads/allimg/140414/9-1404142024370-L.jpg	http://baike.huajiang.cc/qita/tanhua/
https://www.huabaike.com/uploads/allimg/sltimg/201605/573ed17218977.jpg	https://www.huabaike.com/jtyh/1844.html
https://gss1.bdstatic.com/-vo3dSag_xI4khGkpoWK1HF6hhy/baike/w%3D400/sign=a564df69043b5bb5bed721fe06d2d523/3801213fb80e7becd9b7dd23282eb9389a506b87.jpg	https://baike.baidu.com/item/%E6%98%99%E8%8A%B1/9779247
http://a0.att.hudong.com/31/70/01300000347923132039705969401.jpg	http://tupian.baike.com/a0_31_70_01300000347923132039705969401_jpg.html
http://a1.att.hudong.com/68/79/01300542527395139973795941875_s.jpg	http://www.baike.com/wiki/%E6%98%99%E8%8A%B1
http://www.wdptj.com/wp-content/uploads/2015/06/%E6%98%99%E8%8A%B1%E4%BB%80%E4%B9%88%E6%97%B6%E5%80%99%E5%BC%801.jpg	http://www.wdptj.com/tanhua/
http://img0.pchouse.com.cn/pchouse/1110/31/142252_1.jpg	http://www.pchouse.com.cn/baike/shenghuo/746/
http://pic.pingguolv.com/uploads/allimg/161212/109-161212144K4.jpg	http://www.pingguolv.com/zy/gongxiao/78937.html
http://img.pconline.com.cn/images/upload/upc/tx/photoblog/1109/12/c5/8942474_8942474_1315837095984.jpg	http://dp.pconline.com.cn/sphoto/2172477.html
http://img74.ph.126.net/PZIoG_PTrX-Ev1dXKVrBig==/852587704458749075.jpg	http://54chend188.blog.163.com/blog/static/118564443201487105420856
http://a4.att.hudong.com/45/76/28300309316150150166766533122_s.jpg	http://www.baike.com/wiki/%E6%98%99%E8%8A%B1
https://www.huabaike.com/uploads/allimg/sltimg/201605/573ed23b86d94.jpg	https://www.huabaike.com/yhjq/6735.html
https://gss0.baidu.com/7Po3dSag_xI4khGko9WTAnF6hhy/zhidao/pic/item/c83d70cf3bc79f3d97fb9e00b9a1cd11728b29e3.jpg	http://zhidao.baidu.com/question/583237928368379445.html
http://www.wed114.cn/jiehun/uploads/allimg/151215/52_151215140404_3.jpg	http://www.wed114.cn/jiehun/zhiwu/20151215140998.html
http://www.pp3.cn/uploads/20120524BZ-YB/66q.jpg	http://blog.sina.com.cn/s/blog_4e023ae30102ee3r.html
http://a4.att.hudong.com/48/10/20300542888708141605108299574_s.jpg	http://www.baike.com/wiki/%E6%98%99%E8%8A%B1
http://p.ayxbk.com/images/thumb/2/26/Bkfc9.jpg/200px-Bkfc9.jpg	http://www.a-hospital.com/w/%E6%98%99%E8%8A%B1
http://p.ayxbk.com/images/thumb/6/6f/Bkfc6.jpg/220px-Bkfc6.jpg	http://www.a-hospital.com/w/%E6%98%99%E8%8A%B1
http://www.wdptj.com/wp-content/uploads/2014/07/%E6%98%99%E8%8A%B13.jpg	http://www.wdptj.com/tanhua/
http://s11.sinaimg.cn/middle/66c24b36gc49e49544f9a&690	http://blog.sina.com.cn/s/blog_66c24b360102e5r6.html
http://www.yuhuagu.com/uploads/allimg/100329/1_100329161313_1.jpg	http://www.yuhuagu.com/jiating/2010/0329/292.html
https://www.huabaike.com/uploads/allimg/artimg/201605/20160520165901_14735.jpg	https://www.huabaike.com/jtyh/3667.html
http://www.wdptj.com/wp-content/uploads/2014/07/%E6%98%99%E8%8A%B13-%E5%89%AF%E6%9C%AC.jpg	http://www.wdptj.com/tanhua/
http://a3.att.hudong.com/65/74/01300000347923132039744624402_s.jpg	http://www.baike.com/wiki/%E6%98%99%E8%8A%B1
https://www.huabaike.com/uploads/allimg/sltimg/201605/573d82ea214e3.jpg	http://www.huabaike.com/jtyh/3625.html
https://gss0.baidu.com/94o3dSag_xI4khGko9WTAnF6hhy/zhidao/pic/item/902397dda144ad3411d9978dd0a20cf431ad8551.jpg	http://zhidao.baidu.com/question/152592262.html
http://images.nongmiao.com/big/baike/2014/08/20/21/1408202116091852.jpg	http://www.nongmiao.com/baike/tanhua.html
https://upload.wikimedia.org/wikipedia/commons/thumb/b/bb/Wei%C3%9FeNachtbl%C3%BCte.jpg/220px-Wei%C3%9FeNachtbl%C3%BCte.jpg	https://zh.wikipedia.org/wiki/%E6%9B%87%E8%8A%B1%E5%B1%AC
http://img.zuihua.com/data/attachment/portal/201607/12/113845dp71d1i1pzd5ni7p.jpg	http://www.backchina.com/forum/20160712/info-1395274-1-1.html
https://gss3.bdstatic.com/7Po3dSag_xI4khGkpoWK1HF6hhy/baike/s%3D220/sign=cf8ac12a90cad1c8d4bbfb254f3f67c4/9f510fb30f2442a726f72ca0d443ad4bd113023e.jpg	https://baike.baidu.com/item/%E6%98%99%E8%8A%B1/9779247
http://www.sjkc.com.my/edu/UploadFiles/200742574849326.jpg	http://www.sjkc.com.my/edu/Article_Show.asp-ArticleID=6893.html
http://image98.360doc.com/DownloadImg/2016/08/0609/77331731_1.jpg	http://www.360doc.com/content/16/0806/09/8801485_581174548.shtml
http://www.wdptj.com/wp-content/uploads/2014/09/%E6%98%99%E8%8A%B1.jpg	http://www.wdptj.com/tanhua/
http://a1.att.hudong.com/68/33/01300001218100130527339137450.jpg	http://tupian.baike.com/a1_68_33_01300001218100130527339137450_jpg.html
http://www.365azw.com/Attachments/share/201606/574e841360e26.png	http://www.365azw.com/share/s-212674
http://pic21.nipic.com/20120606/9332784_193350562170_2.jpg	http://www.nipic.com/show/6302546.html
http://pic.nipic.com/2007-12-24/200712249648119_2.jpg	http://www.nipic.com/show/1/44/cf2cc5de9b350a75.html
http://www.wed114.cn/jiehun/uploads/allimg/140118/1443552417-1.jpg	http://www.wed114.cn/jiehun/zhiwu/20140117118483.html
http://image2081-c.poco.cn/mypoco/myphoto/20110818/21/63127715201108182116552862273539356_002.jpg	http://wo.poco.cn/63127715/post/id/1704544
http://www.huajiang.cc/uploads/161015/15-161015105443107.jpg	http://baike.huajiang.cc/qita/tanhua/
http://img002.mllres.com//images/upload/1(6810).jpg	http://www.meilele.com/article/shipin/8982.html
http://p.ayxbk.com/images/thumb/c/c5/Bkfc8.jpg/200px-Bkfc8.jpg	http://www.a-hospital.com/w/%E6%98%99%E8%8A%B1
http://www.chinapoesy.com/UploadFiles/List/20140329_8a1c71a3-8093-4c05-87dd-b2b4b29ddf5c.jpg	http://www.chinapoesy.com/gongxiangListbaa5f3c4-18a0-4b82-8635-ec1e3d563500.html
https://m.liciwang.com/upload/i01.pictn.sogoucdn.com/4d24944d6ef7582a.jpg	https://m.liciwang.com/tupian/%E6%98%99%E8%8A%B1.html
https://www.huabaike.com/uploads/allimg/sltimg/201605/573d8493dbafe.jpg	https://www.huabaike.com/jtyh/1844.html
http://img.jiuzheng.com/baike/s/59/5c/595cb6a28f1e037a4e8b45a7.jpg	http://www.jiuzheng.com/baike-detail/id-84775.html
http://www.iqiya.com/uploadfile/article/322/1_nsg65m20130918_a77e34e6ea4d078ee7f723kKIKvpqQyg.jpg	http://www.iqiya.com/article/2015-06-11/64579.html
http://www.iyanghua.com/f/tanhua/200924111656_2.jpg	http://www.iyanghua.com/f/tanhua/
http://tc.sinaimg.cn/maxwidth.2048/tc.service.weibo.com/p/mmbiz_qpic_cn/530e26769f44bd52e31367db49bd124c.jpg	http://blog.sina.com.cn/s/blog_13fa17c150102wa18.html
http://i1.qhimg.com/t01a75ff4d761d9e269.jpg	http://blog.sina.com.cn/s/blog_5a01156f0102wbr2.html
https://www.huabaike.com/uploads/allimg/artimg/201701/20170104170017_33123.jpg	https://www.huabaike.com/yhjq/6621.html
https://www.huabaike.com/uploads/allimg/artimg/201605/20160520165836_17270.jpg	https://www.huabaike.com/jtyh/3667.html
http://www.yuhuagu.com/uploads/allimg/120722/43_120722061432_1.jpg	http://www.yuhuagu.com/fanzhi/2012/0722/3736.html
http://s3.sinaimg.cn/middle/66c24b36g7a1005defa92&690	http://blog.sina.com.cn/s/blog_66c24b360102e5r6.html
https://www.huabaike.com/uploads/allimg/artimg/201605/20160520165913_20313.jpg	https://www.huabaike.com/jtyh/3667.html
http://www.wed114.cn/jiehun/uploads/allimg/151215/52_151215140413_1.jpg	http://www.wed114.cn/jiehun/zhiwu/20151215140998.html
http://ww4.sinaimg.cn/large/5a5b8f33gw1e5lpia8b2rj21kw11ynct.jpg	http://m.guokr.com/post/474801/
http://202.75.216.136/frontuserfiles/%E7%AC%AC%E4%B8%89%E5%8F%AA%E7%9C%BC%E7%9D%9B%E8%A7%82%E4%B8%96%E7%95%8C/image/8872900_8872900_1315193120562_mthumb.jpg	http://202.75.216.136/photo/156732.html
http://files.chuanxi.com.cn/files/image/20160925/2da53f41979d405c8f2f2964a4af5c17.jpg	http://www.chuanxi.com.cn/Article/Content/11424
http://blogfile.ifeng.com/uploadfiles/blog_attachment/1308/86/2719086_13762756303370.jpg	http://blog.ifeng.com/article/29628648.html
http://img.mp.itc.cn/upload/20170331/154e9ab08f4d401c967a2d4553e84397_th.jpeg	http://www.sohu.com/a/131394419_372531
http://a0.att.hudong.com/38/81/01300542527395139973817642314_s.jpg	http://www.baike.com/wiki/%E6%98%99%E8%8A%B1
http://pic.pingguolv.com/uploads/allimg/161212/109-161212144F2.jpg	http://www.pingguolv.com/zy/gongxiao/78937.html
http://pic4.nipic.com/20091106/3515549_205935071307_2.jpg	http://www.nipic.com/show/2496352.html
https://www.huabaike.com/uploads/allimg/artimg/201605/20160519171535_18618.jpg	https://www.huabaike.com/jtyh/3628.html
http://www.tianyaxiaozhan.com/home/attachment/200909/4/72_1252040640mVaT.jpg	http://wxs.hi2net.com/home/blog_read.asp?id=146&blogid=38882
http://img1.3lian.com/2015/a1/47/d/55.jpg	http://www.3lian.com/gif/2015/05-20/82825.html
http://image2081-c.poco.cn/mypoco/myphoto/20110818/21/63127715201108182116552862273539356_008.jpg	http://wo.poco.cn/63127715/post/id/1704544
http://www.wdptj.com/wp-content/uploads/2014/07/%E6%98%99%E8%8A%B1-%E5%89%AF%E6%9C%AC.jpg	http://www.wdptj.com/tanhua/
http://www.52yhua.com/uploads/allimg/160326/1-160326203944.jpg	http://www.52yhua.com/jishu/2080.html
http://www.hschinese.com/sites/default/files/attached/image/201524/20150609091551_64847.jpeg	http://www.hschinese.com/zh-hans/node/9039
https://www.huabaike.com/uploads/allimg/artimg/201611/20161117104749_92913.jpg	https://www.huabaike.com/jtyh/5747.html
http://image91.360doc.com/DownloadImg/2015/11/2023/61825687_1.jpg	http://www.360doc.com/content/15/1120/23/3426256_514687880.shtml
http://wap.yunmencraft.com/Upload/20160302000655wCgm.jpg	http://wap.yunmencraft.com/index.php/tanhua.html
http://www.ivsky.com/img/bizhi/pic/201108/09/epiphyllum_oxypetalum-005.jpg	http://www.ivsky.com/bizhi/tanhua_t9964/
http://pic11.nipic.com/20101204/3672108_204743048136_2.jpg	http://www.nipic.com/show/1/44/4009148k4b73bcfb.html
http://cimg2.163.com/cnews/2007/4/25/200704251328475e8ad.jpg	http://discover.163.com/07/0424/13/3CRJVHK9000125LI.html
http://s5.sinaimg.cn/mw690/001UnzBvgy6ZEmu9tD644&690	http://blog.sina.com.cn/s/blog_684312490102w3eb.html
http://hua-img.fengqiaoju.com/huahui/tanhua/tanhua-5384b08faf10651_500_500.jpg	http://hua.fengqiaoju.com/duoniansheng/tanhua/
http://www.jk3721.com/uploads/allimg/170521/104H63V6-1.png	http://www.jk3721.com/html/jiankangyinshi/jiankangshipu/2017/0521/261720.html
http://cp1.douguo.net/upload/stepimage/9/b/4/yuan_661834.jpg	http://www.douguo.com/cookbook/66183.html
https://www.huabaike.com/uploads/allimg/sltimg/201605/573d840c0e53d.jpg	https://www.huabaike.com/jtyh/1844.html
http://img0.pchouse.com.cn/pchouse/baike/decorate/1110/6.jpg	http://www.pchouse.com.cn/baike/shenghuo/746/
https://i1.kknews.cc/large/ddd00055ea216cc2a06	https://kknews.cc/zh-cn/culture/mrxnap.html
http://p.ayxbk.com/images/thumb/5/57/Bkfcc.jpg/200px-Bkfcc.jpg	http://www.a-hospital.com/w/%E6%98%99%E8%8A%B1
http://zixun.rrs.com/uploads/allimg/140913/121S133a-1.jpg	http://zixun.rrs.com/jiashigonglue/2483.html
http://www.1nongjing.com/uploads/allimg/160725/902-160H5160244205.jpg	http://net.1nongjing.com/a/201607/145506.html
https://img3.doubanio.com/lpic/s25804662.jpg	https://www.douban.com/subject/21683407/
http://www.wed114.cn/jiehun/uploads/allimg/151215/52_151215140550_1.jpg	http://www.wed114.cn/jiehun/zhiwu/20151215140998.html
http://pic2.nipic.com/20090402/2369887_211759002_2.jpg	http://www.nipic.com/show/1/44/93a132cd7bbbb165.html
http://p.ayxbk.com/images/thumb/0/0a/Bkfcb.jpg/200px-Bkfcb.jpg	http://www.a-hospital.com/w/%E6%98%99%E8%8A%B1
http://img0.pchouse.com.cn/pchouse/1110/31/142254_2.jpg	http://www.pchouse.com.cn/baike/shenghuo/746/
http://a0.att.hudong.com/48/31/01300000167299124963319038936_s.jpg	http://www.baike.com/wiki/%E5%81%87%E6%98%99%E8%8A%B1
http://www.pjcn.org/uploads/allimg/1606/1-1606062129392E.jpg	http://www.pjcn.org/hy/1900/
https://www.huabaike.com/uploads/allimg/artimg/201605/20160520165803_48669.jpg	https://www.huabaike.com/jtyh/3667.html
http://a4.att.hudong.com/82/33/01300000167299124963330689358_s.jpg	http://www.baike.com/wiki/%E5%81%87%E6%98%99%E8%8A%B1
http://img.wxrw123.com/201602/24/02/15gdyttvzb3.jpg	http://www.wxrw123.com/zw/20160308/212121.html
http://a0.att.hudong.com/74/96/19300001338703134268969716360_950.jpg	http://huayu.baike.com/article-435723.html
http://pic88.nipic.com/file/20160122/9252468_120137660117_2.jpg	http://www.nipic.com/show/14093005.html
http://pan.xici.com/group5/M03/76/8D/rBABqFXIoQqEE1tFAAAAABbmDvE823.jpg/1010	http://www.xici.net/d221056074.htm
