
http://www.baihuamen.com/d/file/2014/05-25/34bb9385a3fc6827e96163a415e7b805.jpg	http://www.baihuamen.com/duzhanchun/
http://www.baihuamen.com/d/file/2014/05-25/06afde2061dd236a5979a2a132249db9.jpg	http://www.baihuamen.com/duzhanchun/
http://sinicaorchid.gzit.net/qywin/upload/07111914544e8j3.jpg	http://sinicaorchid.gzit.net/PictureView.Asp?Id=171
http://www.baihuamen.com/d/file/2014/05-25/4832fd9199b9c8851e8a74456aa96158.jpg	http://www.baihuamen.com/duzhanchun/
http://pic1.huashichang.com/2015/0628/11/558f689b4b2bb.jpg	http://m.aihuhua.com/tu/duzhanchun.html
http://www.baihuamen.com/d/file/2014/05-25/a0109a6f2edf753bba500367c2ae9f44.jpg	http://www.baihuamen.com/duzhanchun/
http://img.boqiicdn.com/Data/BK/A/1601/15/imagick27441452839633_y.jpg	http://www.boqii.com/article/25954.html
http://i2.bbs.fd.zol-img.com.cn/t_s1200x5000/g1/M08/0E/02/Cg-4jVM5CjiIAzS6AARZy53CjO0AAL4NgB0WJkABFnj212.jpg	http://bbs.zol.com.cn/dcbbs/d657_70610.html
https://www.huabaike.com/uploads/allimg/sltimg/201704/58e9085c22aad.jpg	https://www.huabaike.com/jtyh/8182.html
http://img.xunhai.com/2015/11/27/144858466143441.jpg	http://www.xunhai.com/duzhanchun/
http://i0.bbs.fd.zol-img.com.cn/t_s1200x5000/g1/M08/0E/02/Cg-4jVM5CjaIChIJAAVm6cUqOa0AAL4NgBaPn0ABWcB020.jpg	http://bbs.zol.com.cn/dcbbs/d657_70610.html
http://img.aihuahui.com/d/2017/04/58ec465fc9495.gif	http://www.aihuahui.com/huahuizhenliao/chonghai/5001.html
http://s6.sinaimg.cn/middle/4d4f1f87gbd2ae6c46765&690	http://blog.sina.com.cn/s/blog_443438c201012rka.html
http://pic1.win4000.com/pic/6/9b/05b11347801.jpg	http://www.win4000.com/meinv112985_6.html
http://pic1.huashichang.com/2015/0628/11/558f6899e9be8.jpg	http://www.aihuhua.com/tu/duzhanchun.html
http://www.zhongyao360.com/uploads/160301/31_141910_1.jpg	http://www.zhongyao360.com/gongxiao/0164105.html
https://www.huabaike.com/uploads/allimg/artimg/201704/20170408234834_72751.jpg	https://www.huabaike.com/hyjk/8183.html
https://www.huabaike.com/uploads/allimg/artimg/201704/20170408234921_84792.jpg	https://www.huabaike.com/hyjk/8183.html
https://www.huabaike.com/uploads/allimg/artimg/201704/20170409000103_80620.jpg	https://www.huabaike.com/binghai/8184.html
http://pic1.win4000.com/pic/e/cf/92d41344751.jpg	http://www.win4000.com/meinv112688.html
https://www.huabaike.com/uploads/allimg/artimg/201704/20170408234044_61528.jpg	https://www.huabaike.com/jtyh/8182.html
http://www.neipet.com/wp-content/uploads/2016/07/duzhanchun-210x210.png	http://www.neipet.com/duzhanchun/
http://pic1.win4000.com/pic/e/cf/92d41344763.jpg_195.jpg	http://www.win4000.com/meinv112688.html
http://map1.zw3w.com:8080/zw_news_map/350/2014053/1400907524943584624.jpg	http://zwbk.idwoo.com/archives/tag/%E8%AE%A4%E8%AF%86%E7%8B%AC%E5%8D%A0%E6%98%A5%E7%8B%AC%E5%8D%A0%E6%98%A5%E7%9F%A5%E5%A4%9A%E5%B0%91
http://pic1.huashichang.com/2015/0628/11/558f689aea2ef.jpg	http://m.aihuhua.com/tu/duzhanchun.html
http://a0.att.hudong.com/60/18/20300000164151143286183800616_s.jpg	http://www.baike.com/wiki/%E7%8B%AC%E5%8D%A0%E6%98%A5
https://www.huabaike.com/uploads/allimg/sltimg/201704/58e905fa481aa.jpg	https://www.huabaike.com/jtyh/8182.html
https://www.huabaike.com/uploads/allimg/artimg/201704/20170418162537_11389.jpg	https://www.huabaike.com/hyjk/8303.html
http://pic1.huashichang.com/2015/0628/11/558f689a9be3d.jpg	http://m.aihuhua.com/tupian/tupianc8i.html
https://www.huabaike.com/uploads/allimg/artimg/201704/20170408234900_38015.jpg	https://www.huabaike.com/hyjk/8183.html
http://a3.att.hudong.com/04/78/01000000000000119087806346504_s.jpg	http://www.baike.com/wiki/%E7%8B%AC%E5%8D%A0%E6%98%A5
http://www.lieshuo.com/uploads/allimg/20170524-dq4/14c0qdvcdcf.jpg	http://www.lieshuo.com/huahui/4180.html
http://www.baihuamen.com/d/file/2014/05-25/84cddf5ebd98ffa702a58a757af2336f.jpg	http://www.baihuamen.com/duzhanchun/16298_10.html
http://userimage8.360doc.com/16/0708/20/18903586_201607082018530157SJQ5XB2GU1X24718TF.jpg	http://www.360doc.com/content/16/0708/20/18903586_574096325.shtml
https://cdn.huaniaoy.cn/20160905/original/1473026182164.jpg@!qwidth300	https://www.huaniaoy.com/zhiwu/1498
http://img1.artron.net/artist/A0004012/brt000401200246.jpg	http://luoguoshi.artron.net/works_detail_brt000401200246
http://img.aihuahui.com/d/2017/04/58ec45c657f56.gif	http://m.aihuahui.com/huahuizhenliao/binghai/5000.html
https://www.huabaike.com/uploads/allimg/artimg/201704/20170409000043_60105.jpg	https://www.huabaike.com/binghai/8184.html
http://a2.att.hudong.com/47/23/01300001209552130381232565588_s.jpg	http://www.baike.com/wiki/%E7%8B%AC%E5%8D%A0%E6%98%A5
https://www.huabaike.com/uploads/allimg/artimg/201704/20170408235824_48399.jpg	https://www.huabaike.com/binghai/8184.html
http://www.baihuamen.com/d/file/2014/05-25/eeaf363ca36680b0cab45fdafacc775e.jpg	http://www.baihuamen.com/duzhanchun/16298_8.html
http://www.baihuamen.com/d/file/2014/05-25/3717cb41c9b00b122642673d23c9392e.jpg	http://www.baihuamen.com/duzhanchun/16298_2.html
https://gss2.bdstatic.com/-fo3dSag_xI4khGkpoWK1HF6hhy/baike/w%3D400/sign=47726df1fc03738dde4a0d22831ab073/63d0f703918fa0ecf689765c2c9759ee3d6ddb11.jpg	https://baike.baidu.com/item/%E7%8B%AC%E5%8D%A0%E6%98%A5
http://img1.artron.net/artist/A0004012/brt000401200241.jpg	http://luoguoshi.artron.net/works_detail_brt000401200246
http://pic1.huashichang.com/2015/0628/11/558f689994ff8.jpg	http://www.aihuhua.com/tupian/tupianc8f.html
http://www.chinabaike.com/article/396/hm/2008/20080318/mm/img/200831913362787577801.jpg	http://www.chinabaike.com/article/396/hm/2008/200803191201385.html
http://pic1.win4000.com/pic/6/9b/05b11347803.jpg	http://www.win4000.com/meinv112985_8.html
http://pic1.win4000.com/pic/6/9b/05b11347802.jpg	http://www.win4000.com/meinv112985_7.html
http://www.1988.tv/Upload_Map/2016nian/8/22/2016-08-22-09-20-20.jpg	http://www.1988.tv/news/114714
http://img1.artron.net/artist/A0004012/brt000401200209.jpg	http://luoguoshi.artron.net/works_detail_brt000401200245
http://p.060s.com/2014/11/19/42c9ec4e14ed1d811094d16ece636f2f.gif	http://new.060s.com/article_pic/2014/11/19/10062.3.htm
https://www.huabaike.com/uploads/allimg/artimg/201704/20170413163330_67227.jpg	https://www.huabaike.com/yhjq/8258.html
https://www.huabaike.com/uploads/allimg/artimg/201704/20170413163342_90161.jpg	https://www.huabaike.com/yhjq/8258.html
http://f.nfjing.com/lkzw/e4a667fd161be8e2ace36f4d060b4ee3.jpg	http://nfjing.com/lkzw/88.html
http://img1.artron.net/auction/2015/art0052461/d/art00524613765.jpg	http://auction.artron.net/paimai-art00524613765/
http://img1.artron.net/artist/A0004012/brt000401200199.jpg	http://luoguoshi.artron.net/works_detail_brt000401200245
http://pic1.huashichang.com/2015/0628/11/558f689da9a2c.jpg	http://www.aihuhua.com/tupian/tupianc8n.html
http://blog.sciencenet.cn/upload/blog/images/2010/4/201041013165294.jpg	http://blog.sciencenet.cn/blog-38998-310621.html
http://img4.artron.net/auction/2016/art508815/d/art5088155172.jpg	http://auction.artron.net/paimai-art5088155172/
http://s16.sinaimg.cn/bmiddle/001JV0cnzy70WVZ4FRRbf&690	http://blog.sina.com.cn/s/blog_5f0c7ae70102wc8p.html
https://www.huabaike.com/uploads/allimg/sltimg/201704/58f5cd651ed59.jpg	https://www.huabaike.com/hyjk/8303.html
http://img.boqiicdn.com/Data/BK/A/1601/15/imagick28231452841430_y.jpg	http://www.boqii.com/entry/detail/2431.html
http://p.060s.com/2014/11/19/7a14f641dfe7432141d0979392c51aeb.gif	http://new.060s.com/article_pic/2014/11/19/10062.6.htm
http://pic1.win4000.com/pic/8/d2/1e901347408.jpg_195.jpg	http://www.win4000.com/meinv112688.html
http://img1.artron.net/artist/A0004012/brt000401200247.jpg	http://luoguoshi.artron.net/works_detail_brt000401200246
http://img.xunhai.com/2015/11/27/144858465563410.jpg	http://www.xunhai.com/duzhanchun/
http://img03.sogoucdn.com/net/a/100520101/link?appid=100520101&url=http://mmbiz.qpic.cn/mmbiz_png/GnyIg1cYh371CsictmxIs4HaghFZJcBgUiapPCHDcibicZfic93w45KBqPVibic6ffjQRYAxBN37Z5TeuPFRjj8jgIb8w/0?wx_fmt=png	http://baike.m.sogou.com/baike/weixinArticle.jsp?lid=825627&title=%E7%8B%AC%E5%8D%A0%E6%98%A5&g_ut=3
http://img1.artron.net/artist/A0004012/brt000401200033.jpg	http://luoguoshi.artron.net/works_detail_brt000401200245
http://img.xunhai.com/2015/11/27/144858463284505.jpg	http://www.xunhai.com/duzhanchun/
http://www.1988.tv/Upload_Map/2016nian/8/22/2016-08-22-09-20-34.jpg	http://www.1988.tv/news/114714
http://img1.artron.net/artist/A0004012/brt000401200248.jpg	http://luoguoshi.artron.net/works_detail_brt000401200246
https://ae01.alicdn.com/kf/HTB1W_.ELXXXXXXzXpXXq6xXFXXXk/2016%E6%96%B0%E3%81%97%E3%81%84%E5%AD%90%E4%BE%9B%E3%83%91%E3%83%B3%E3%82%B9%E3%83%88%E3%83%99%E3%83%93%E3%83%BC%E7%8B%AC%E5%8D%A0%E6%98%A5%E7%88%86%E7%99%BA%E5%AD%90%E4%BE%9B%E3%82%B3%E3%83%BC%E3%83%9E%E7%B6%BF%E3%83%91%E3%83%B3%E3%83%84%E3%83%AC%E3%82%AE%E3%83%B3%E3%82%B9%E3%82%B7%E3%82%A7%E3%83%AB%E3%82%B5%E3%83%BC%E3%82%AF%E3%83%AB%E3%83%91%E3%82%BF%E3%83%BC.jpg	https://ja.aliexpress.com/popular/exclusive-pantyhose.html
http://img.xunhai.com/2015/11/27/144858464996112.jpg	http://www.xunhai.com/duzhanchun/
https://ae01.alicdn.com/kf/HTB13GqvOVXXXXX1XFXXq6xXFXXXb/%E3%83%95%E3%82%A1%E3%83%83%E3%82%B7%E3%83%A7%E3%83%B3%E8%A5%BF%E6%B4%8B%E9%A2%A8%E7%8B%AC%E5%8D%A0%E6%98%A5%E6%96%B0%E3%81%97%E3%81%84%E3%82%B9%E3%82%BF%E3%82%A4%E3%83%AB%E3%83%AC%E3%83%87%E3%82%A3%E3%83%BC%E3%82%B9%E3%82%A2%E3%82%AF%E3%82%BB%E3%82%B5%E3%83%AA%E3%83%BC%E3%82%B7%E3%83%B3%E3%83%97%E3%83%AB%E3%81%95%E3%83%93%E3%83%BC%E3%82%BA%E3%82%AD%E3%83%A3%E3%83%A9%E3%82%AF%E3%82%BF%E3%83%BC%E5%BD%AB%E5%88%BB%E3%83%96%E3%83%AC%E3%82%B9%E3%83%AC%E3%83%83%E3%83%88l204.jpg	https://ja.aliexpress.com/cheap/cheap-thai-silver-spring.html
http://userimage8.360doc.com/16/0708/20/18903586_201607082018530220VJE9Q5HDSQORW0PMFX.jpg	http://www.360doc.com/content/16/0708/20/18903586_574096325.shtml
http://s12.sinaimg.cn/bmiddle/001JV0cnzy70WWgoII3db&690	http://blog.sina.com.cn/s/blog_5f0c7ae70102wc8p.html
http://s8.sinaimg.cn/bmiddle/001JV0cnzy70WWnAIyb87&690	http://blog.sina.com.cn/s/blog_5f0c7ae70102wc8p.html
http://s5.sinaimg.cn/bmiddle/001JV0cnzy70WW91Xxic4&690	http://blog.sina.com.cn/s/blog_5f0c7ae70102wc8p.html
http://img04.sogoucdn.com/net/a/100520101/link?appid=100520101&url=http://mmbiz.qpic.cn/mmbiz_jpg/yxtbLqeLREJv5wgLic3OauCcic6XiawrKbuu0y2ic6UFX69UbJ1GgUxagPGKccuzxdCyrnfia0ax0DsBsMia4se2wynA/0?wx_fmt=jpeg	http://baike.m.sogou.com/baike/weixinArticle.jsp?lid=825627&title=%E7%8B%AC%E5%8D%A0%E6%98%A5&g_ut=3
http://img3.tbcdn.cn/tfscom/i1/TB1Z6yxJFXXXXX6XVXXXXXXXXXX_!!0-item_pic.jpg	http://www.greenseawood.com/maimaimai/%E7%8B%AC%E5%8D%A0%E6%98%A5.html
http://i3.bbs.fd.zol-img.com.cn/t_s1200x5000/g1/M08/0E/02/Cg-4jVM5CjeIIn1KAAbfW4_gKNoAAL4NgBnJa8ABt9z819.jpg	http://bbs.zol.com.cn/dcbbs/d657_70610.html
http://img1.artron.net/artist/A0004012/guang960.jpg?cd0ec17793b2c29ac136d47d57541d95	http://luoguoshi.artron.net/works_detail_brt000401200245
https://ae01.alicdn.com/kf/HTB1A.GzRFXXXXX7XFXXq6xXFXXXa/-font-b-2015-b-font-new-5-pairs-font-b-exclusive-b-font-Spring-summer.jpg	https://ja.aliexpress.com/popular/exclusive-2015-men.html
http://s7.sinaimg.cn/middle/4d4f1f87gbd2ae5d9e936&690	http://blog.sina.com.cn/s/blog_443438c201012rka.html
http://yy.yuanlin.com/uppic/201012/20101213104836131.jpg	http://yy.yuanlin.com/detail/20400.html
http://www.csnbgsh.cn/warehouse/upload/20140320183032764.jpg	http://www.csnbgsh.cn/sites/chenshan/InfoContent.aspx?ctgId=4b631dab-5a44-4bd1-86ee-2eb8f408b45d&infoId=7eb855e9-cd85-4077-986f-e8745121462f
http://slidesplayer.com/11168535/60/images/7/%E5%8F%B6%EF%BC%9A+%E2%91%A0%E5%A4%8D%E8%8C%8E%E6%80%A7%E5%85%B0%E8%8A%B1%EF%BC%8C%E5%8F%B6%E7%89%87%E6%9C%89%E4%B8%80%E5%AE%9A%E6%95%B0%E7%9B%AE%EF%BC%9A+%E6%98%A5%E5%85%B02~4%E7%89%87%EF%BC%8C%E5%B0%91%E6%95%B08~9%E7%89%87.+%E8%95%99%E5%85%B05~6%E7%89%87.+%E7%8B%AC%E5%8D%A0%E6%98%A516%E7%89%87..jpg	http://slidesplayer.com/slide/11168535/
http://i5.bbs.fd.zol-img.com.cn/t_s1200x5000/g1/M08/0E/02/Cg-4jVM5CjqIKPnMAAYwYANuRIwAAL4NgCQSXAABjB4305.jpg	http://bbs.zol.com.cn/dcbbs/d657_70610.html
http://www.csnbgsh.cn/warehouse/upload/20140320183022250.jpg	http://www.csnbgsh.cn/sites/chenshan/InfoContent.aspx?ctgId=4b631dab-5a44-4bd1-86ee-2eb8f408b45d&infoId=7eb855e9-cd85-4077-986f-e8745121462f
http://img04.sogoucdn.com/net/a/100520101/link?appid=100520101&url=http://mmbiz.qpic.cn/mmbiz_jpg/oKsPD65L2LxKv7IjzzcxczCHdv2q1w9zv64RqGFQ4OCTfEicaxz0o2HbawXzRUdvxV6OC4Hup1H0qibv0ibtWEV2A/0?wx_fmt=jpeg	http://baike.m.sogou.com/baike/weixinArticle.jsp?lid=825627&title=%E7%8B%AC%E5%8D%A0%E6%98%A5&g_ut=3
http://i3.bbs.fd.zol-img.com.cn/t_s1200x5000/g1/M08/0E/02/Cg-4jVM5CjuIU16fAAXl26TuNQQAAL4NgCWeegABeXz033.jpg	http://bbs.zol.com.cn/dcbbs/d657_70610.html
http://www.csnbgsh.cn/warehouse/upload/20140320183027565.jpg	http://www.csnbgsh.cn/sites/chenshan/InfoContent.aspx?ctgId=4b631dab-5a44-4bd1-86ee-2eb8f408b45d&infoId=7eb855e9-cd85-4077-986f-e8745121462f
http://img1.tbcdn.cn/tfscom/i3/T1GqYRFC4cXXXXXXXX_!!0-item_pic.jpg	http://www.greenseawood.com/maimaimai/%E7%8B%AC%E5%8D%A0%E6%98%A5.html
http://www.csnbgsh.cn/warehouse/upload/20140320183111868.jpg	http://www.csnbgsh.cn/sites/chenshan/InfoContent.aspx?ctgId=4b631dab-5a44-4bd1-86ee-2eb8f408b45d&infoId=7eb855e9-cd85-4077-986f-e8745121462f
https://ae01.alicdn.com/kf/HTB1fgmyMpXXXXcIXFXXq6xXFXXXo/-font-b-2016-b-font-%E6%98%A5%E6%96%B0%E3%81%97%E3%81%84-%E3%82%BA%E3%83%9C%E3%83%B3-%E3%82%B8%E3%83%BC%E3%83%B3%E3%82%BA-%E3%83%99%E3%83%93%E3%83%BC-%E3%83%91%E3%83%B3%E3%83%84%E7%8B%AC%E5%8D%A0%E3%82%AB%E3%82%B9%E3%82%BF%E3%83%9E%E3%82%A4%E3%82%BA%E3%83%91%E3%83%BC%E3%82%BD%E3%83%8A%E3%83%A9%E3%82%A4%E3%82%BA-%E3%81%95-%E3%82%8C-%E3%81%9F-%E3%83%95%E3%82%A1%E3%83%83%E3%82%B7%E3%83%A7%E3%83%B3-%E3%83%87%E3%82%B6%E3%82%A4%E3%83%B3.jpg	https://ja.aliexpress.com/popular/2016-spring-exclusive.html
http://s3.sinaimg.cn/middle/4a33ad57gbb2ce8e19c02&690	http://m.dzsyq.com/2017-08-04-7234448180.html
https://ae01.alicdn.com/kf/HTB1Z8wtLpXXXXbFXVXXq6xXFXXX1/%E7%8B%AC%E5%8D%A0%E3%83%AF%E3%82%A4%E3%83%B3%E8%B5%A4%E3%83%96%E3%83%AB%E3%82%B4%E3%83%BC%E3%83%8B%E3%83%A5-%E3%82%AF%E3%83%AA%E3%82%B9%E3%82%BF%E3%83%AB-%E3%83%96%E3%83%A9%E3%82%A4%E3%83%80%E3%83%AB-%E3%82%AE%E3%83%95%E3%83%88-%E3%82%A4%E3%83%B3%E3%83%89-%E3%82%A2%E3%83%95%E3%83%AA%E3%82%AB-%E3%81%AE-%E3%83%95%E3%82%A1%E3%83%83%E3%82%B7%E3%83%A7%E3%83%B3-%E3%82%B8%E3%83%A5%E3%82%A8%E3%83%AA%E3%83%BC-%E3%82%BB%E3%83%83%E3%83%88-font-b-2016-b-font-%E6%98%A5%E5%A5%B3%E6%80%A7%E3%83%8D%E3%83%83%E3%82%AF%E3%83%AC%E3%82%B9.jpg	https://ja.aliexpress.com/popular/2016-spring-exclusive.html
http://www.baihuamen.com/d/file/2014/04-24/75cbbf939e579ba7859b5b5022edd356.jpg	http://www.baihuamen.com/duzhanchun/16298_7.html
http://s13.sinaimg.cn/mw690/001nK3Wlgy70H5jyIxu0c&690	http://blog.sina.com.cn/s/blog_4b84610d0102wq0e.html
https://ae01.alicdn.com/kf/HTB1VzwBKXXXXXapXpXXq6xXFXXXL/-font-b-2016-b-font-%E6%98%A5%E5%A4%8F%E6%96%B0%E7%8B%AC%E5%8D%A0%E9%95%B7%E3%81%84%E7%B8%81%E5%8F%96%E3%82%89%E3%82%8C%E3%81%9F%E5%88%BA%E7%B9%8D%E5%85%A5%E3%82%8A%E3%83%87%E3%83%8B%E3%83%A0%E3%83%99%E3%82%B9%E3%83%88%E5%A5%B3.jpg	https://ja.aliexpress.com/popular/2016-spring-exclusive.html
