
http://a2.att.hudong.com/43/78/01300001122666129645785628183.jpg	http://www.baike.com/wiki/%E7%B4%AB%E8%8A%B1%E5%9C%B0%E4%B8%81
http://www.tcm100.com/Images_ZhongYaoXue/Zihuadiding-YuanTai.jpg	http://www.tcm100.com/userReg/JiaoCai/ZhongYaoXue/zzZhongYao62.htm
http://www.zhongyaoyi.com/d/file/fuzuoyong/2015-12-28/bf0aa5d5b463e571bf84dc8aad0635f9.jpg	http://www.zhongyaoyi.com/t/zihuadiding/
http://a3.att.hudong.com/58/88/20300001385827133913889940608_s.jpg	http://www.baike.com/wiki/%E7%B4%AB%E8%8A%B1%E5%9C%B0%E4%B8%81
http://attach.wzdsb.net/blog_attachment/201002/20/83055_1266672997D4E0.jpg	http://blog.wendu.cn/space-83055-do-blog-id-6394.html
http://www.dianshu119.com/uploads/201404/1397651582IaIihefT.jpg	http://www.dianshu119.com/index.php?doc-view-2162.html
http://www.zhongyaoyi.com/d/file/tupian/2015-12-28/33778abf1f357a80cca5e50bafea8a93.jpg	http://www.zhongyaoyi.com/t/zihuadiding/
http://www.mchh688.com/pic1/147.jpg	http://www.mchh688.com/cp35.htm
http://3.im.guokr.com/gkimage/uf/u1/dx/ufu1dx.jpg	http://www.guokr.com/question/139421/
http://www.chinabaike.com/uploads/allimg/150909/0043112a4-2.jpg	http://www.chinabaike.com/t/9509/2015/0909/3198054.html
http://www.dianshu119.com/uploads/201404/1397651557DCKH0oRu.jpg	http://www.dianshu119.com/index.php?doc-view-2162.html
http://www.zhongyao1.com/uploads/201412/1419995884obQTSANo.jpg	http://www.zhongyao1.com/doc-view-477.html
https://upload.wikimedia.org/wikipedia/commons/9/9a/Purpleflower_Violet.JPG	https://zh.wikipedia.org/wiki/%E7%B4%AB%E8%8A%B1%E5%9C%B0%E4%B8%81
http://img.39yst.com/uploads/e/83/60/e8360d19cecd24315031031c6e931217.jpg	http://www.39yst.com/20141024/187898.shtml
http://dashulin.com/wp-content/uploads/2011/06/zihuadiding1.jpg	http://dashulin.com/zihuadiding/
http://flora.yuanlin365.com/uploadfile/2006-07-22/200511153362110.jpg	http://flora.yuanlin365.com/Htmls/1168.html
http://www.dianshu119.com/uploads/201404/1397651744oYdnIKZY.jpg	http://www.dianshu119.com/index.php?doc-view-2162.html
http://pic.pingguolv.com/uploads/allimg/140112/49-140112161036.jpg	http://www.pingguolv.com/zy/gongxiao/8923.html
http://pic.nipic.com/2008-03-05/200835224242822_2.jpg	http://www.nipic.com/show/1/44/d8c2fd3e7e33f736.html
http://pic4.nipic.com/20090901/1873663_233722734776_2.jpg	http://www.nipic.com/show/1/44/fe7612bc091da951.html
http://a2.att.hudong.com/17/92/01300000091274121007921926851.jpg	http://tupian.baike.com/a2_17_92_01300000091274121007921926851_jpg.html
http://a1.att.hudong.com/43/91/01300000091274121007911711363_s.jpg	http://www.baike.com/wiki/%E7%B4%AB%E8%8A%B1%E5%9C%B0%E4%B8%81
http://img.zwbk.org/baike/spic/2011/03/24/20110324102122630_6283.jpg	http://www.zwbk.org/MyLemmaShow.aspx?zh=zh-tw&lid=133319
http://pic.pimg.tw/cleyera08/1379722480-3291965704.jpg	http://cleyera08.pixnet.net/blog/post/248114609-%E7%B4%AB%E8%8A%B1%E5%9C%B0%E4%B8%81
http://img01.tooopen.com/downs/images/2011/3/25/sy_20110325163446548751.jpg	http://www.tooopen.com/view/151655.html
http://image.sciencenet.cn/album/201105/12/110014s9cvkp23e28cq2pe.jpg	http://blog.sciencenet.cn/home.php?mod=space&uid=252763&do=blog&id=443284
http://intra.tpml.edu.tw/gb/200493AA/2379912.jpg	http://intra.tpml.edu.tw/gb/200493AA/2379912.htm
http://www.zhongyao1.com/uploads/201412/1419995939ievNDAhZ.jpg	http://www.zhongyao1.com/doc-view-477.html
https://0.share.photo.xuite.net/tracysung2002/103be83/14709944/780128971_m.jpg	http://blog.xuite.net/tracysung2002/twblog1/165855576
http://image.sciencenet.cn/album/201404/11/001539d33gudvngn3nunhu.jpg	http://blog.sciencenet.cn/blog-437607-783792.html
http://www.qzyurun.com/images/UpFile/2015-4/201541958540.jpg	http://www.qzyurun.com/zhsh.asp?id=390
http://www.cnhua.net/uploads/allimg/c090104/1231063Tc0-21103.jpg	http://www.cnhua.net/minghua/yhyc/4347266335.html
https://bbs.pku.edu.cn/attach/5f/92/5f92ebb7f86dd328/%E8%BD%A6%E5%89%8D%E5%AD%90%24%E7%B4%AB%E8%8A%B1%E5%9C%B0%E4%B8%81.JPG	https://bbs.pku.edu.cn/v2/post-read-single.php?bid=426&postid=4102300
http://www.zhongyaoyi.com/d/file/gongxiao/2015-12-28/cfaab8010f4115d7bd0aa52a1c5bdb8d.jpg	http://www.zhongyaoyi.com/t/zihuadiding/
http://goodshepherd.catholic.org.tw/Rose_Garden/images/1/92575452_ced90acb86.jpg	http://goodshepherd.catholic.org.tw/Rose_Garden/ant_1.htm
https://image.zhongyibaike.com/image/%E7%B4%AB%E8%8A%B1%E5%9C%B0%E4%B8%81/%E7%B4%AB%E8%8A%B1%E5%9C%B0%E4%B8%812.jpg	https://zhongyibaike.com/wiki/%E5%9C%B0%E4%B8%81%E8%8D%89
http://pic.pimg.tw/peter19731112/1425472500-751252167_n.jpg	http://peter19731112.pixnet.net/blog/post/412444210-%E7%B4%AB%E8%8A%B1%E5%9C%B0%E4%B8%81
http://www.zhmf5.com/uploads/allimg/120410/3-1204101H4395G.jpg	http://www.zhmf5.com/html/zhongcaoyaotupian/waikeyongyao/2012/0410/4765.html
http://www.18ladys.com/tupian4/diding4.jpg	http://www.18ladys.com/post/2261.html
http://www.zhongyaoyi.com/d/file/tupian/2015-12-28/7f5be33bb8cf9a0d326657206dd8ad35.jpg	http://www.zhongyaoyi.com/t/zihuadiding/
https://i2.kknews.cc/large/17f0000312ccedb0d243	https://kknews.cc/health/vmzz4jy.html
http://a.blog.xuite.net/a/d/8/b/10569103/blog_239542/txt/10662246/0.gif	http://blog.xuite.net/pocket.h2198/505/10660612-%E7%B4%AB%E8%8A%B1%E5%9C%B0%E4%B8%81%E8%88%87%E8%9E%9E%E8%9F%BB
http://a3.att.hudong.com/31/01/01300000091274120928012728104_s.jpg	http://www.baike.com/gwiki/%E7%B4%AB%E8%8A%B1%E5%9C%B0%E4%B8%81
http://img.zhzyw.org/2009090213582313173.jpg	http://www.zhzyw.org/zycs/zytp/zy/099213HIKDDB4B2722FG67K.html
http://a3.att.hudong.com/02/76/01300000091274121007764820968.jpg	http://tupian.baike.com/a3_02_76_01300000091274121007764820968_jpg.html
http://jpkc2.cdutcm.edu.cn/zyx/zyxkc/zyx/zyxkc/qr/image/jdzha1.jpg	http://jpkc2.cdutcm.edu.cn/zyx/zyxkc/zyx/zyxkc/qr/jdzhindex.htm
http://i12.photobucket.com/albums/a242/sunwaves2015/1.1_zpsmutdbrfi.jpg	http://www.jjwxc.net/oneauthor.php?authorid=1605352
http://www1.zgycsc.com/affix/salebuy/2012/4_14/352154_4362%D7%CF%BB%A8%B5%D8%B6%A1.jpg	http://www1.zgycsc.com/sbinfo-htm-sbid-1018283.html
http://image.sciencenet.cn/album/201204/15/153613wkuufz40obb3w6vo.jpg	http://blog.sciencenet.cn/blog-236900-559504.html
http://imgx.xiawu.com/xzimg/i4/i1/19167023508923658/T1rzR.XzpcXXXXXXXX_!!0-item_pic.jpg	http://www.manman123.com/article/122881.html
http://www.dianshu119.com/uploads/201404/1397651651pj8yU8W1.jpg	http://www.dianshu119.com/index.php?doc-view-2162.html
https://img.imynest.com/uploads/E/53/E5316F80C1.jpeg	https://www.imynest.com/content/15512.html
http://static.panoramio.com/photos/large/36746185.jpg	http://www.panoramio.com/photo/36746185
http://www.linban.com/upload/2017/06/26/7365508875e67c03.jpg	http://www.linban.com/560000/555904.shtml
https://www.huabaike.com/uploads/allimg/artimg/201603/20160322220524_51261.jpg	https://m.huabaike.com/hyjk/2119.html
http://goodshepherd.catholic.org.tw/Rose_Garden/images/1/untitled16.jpg	http://goodshepherd.catholic.org.tw/Rose_Garden/ant_1.htm
http://www.yuhuagu.com/uploads/allimg/120604/43-120604055121.jpg	http://www.yuhuagu.com/ktsh/3072.html
http://www.rensheng2.com/upload/2015/10/15/81f1e3db-dbf6-4904-ab0f-d51666d7aff8.jpg	http://www.rensheng2.com/540000/538779.shtml
http://00.imgmini.eastday.com/mobile/20161217/20161217164921_6a7f4c0dfe68c387fba1e249dca8e93e_1.jpeg	http://toutiao.china.com/jksy/xwgd/13000138/20161217/30088275_all.html
https://www.huabaike.com/uploads/allimg/artimg/201703/20170320161345_78961.jpg	https://www.huabaike.com/jtyh/7753.html
https://www.huabaike.com/uploads/allimg/sltimg/201703/58cf8eeca283c.jpg	https://www.huabaike.com/hyjk/2116.html
http://www.pjcn.org/uploads/allimg/1607/1-160I121262H19.jpg	http://www.pjcn.org/hy/2071/
http://a1.att.hudong.com/53/35/01300000928884127980350227712_s.jpg	http://www.baike.com/wiki/%E7%B4%AB%E8%8A%B1%E5%9C%B0%E4%B8%81
http://goodshepherd.catholic.org.tw/Rose_Garden/images/1/92575454_3624c676ec.jpg	http://goodshepherd.catholic.org.tw/Rose_Garden/ant_1.htm
https://i1.kknews.cc/large/b4c00057cdad98aa8b4	https://kknews.cc/health/jmzy6q.html
http://www.zhongyao1.com/uploads/201412/1419995786RYnCT15Q.jpg	http://www.zhongyao1.com/doc-view-477.html
http://www.zhongyao360.com/uploads/170111/31_093401_1.jpg	http://m.zhongyao360.com/article/84948.html
http://wap.yunmencraft.com/Upload/20160327002416QYWz.jpg	http://wap.yunmencraft.com/index.php/zihuadidin/4250.html
https://www.huabaike.com/uploads/allimg/artimg/201603/20160322214240_36911.jpg	https://www.huabaike.com/hyjk/2116.html
http://2.im.guokr.com/gkimage/5f/is/r2/5fisr2.jpg	http://www.guokr.com/question/139421/
http://www.zhongyixueyuan.com/uploads/allimg/160226/11-160226161S3B2.jpg	http://www.zhongyixueyuan.com/zihuadiding/
http://www.pjcn.org/uploads/allimg/1607/1-160I121115bA.jpg	http://www.pjcn.org/hy/2071/
http://wap.yunmencraft.com/Upload/16-47-51-25-1.jpg	http://wap.yunmencraft.com/index.php/wap/zihuadidin.html
http://goodshepherd.catholic.org.tw/Rose_Garden/images/1/untitled1.jpg	http://goodshepherd.catholic.org.tw/Rose_Garden/ant.htm
https://cbu01.alicdn.com/img/ibank/2016/953/094/2832490359_1193334308.310x310.jpg	https://www.1688.com/pic/-D7CFBBA8B5D8B6A1.html
http://tc.sinaimg.cn/maxwidth.2048/tc.service.weibo.com/pic_dr_wenwo_com/d3a9bb1d25e60dc1c8d853b2aed8a511.jpg	http://weibo.com/p/230418147a734880102wnm2?from=page_100505_profile&wvr=6&mod=wenzhangmod
http://b2b.image.yuanlin.com/biz/2012-5/20125221530407278.jpg	http://www.yuanlin.com/b2b/sell_detail_212178.html
http://www.zhongyixueyuan.com/uploads/allimg/160226/11-160226161R3Y0.jpg	http://www.zhongyixueyuan.com/zihuadiding/
http://www.zhongyao1.com/uploads/201412/14199959281dgnPO64.jpg	http://www.zhongyao1.com/doc-view-477.html
http://i1.wp.com/inews.gtimg.com/newsapp_match/0/616279304/0	http://www.ifuun.com/a2016926386011/
http://www.yuhuagu.com/uploads/allimg/160524/43_160524170913_1.jpg	http://www.yuhuagu.com/caoben/2016/0524/13040.html
http://www.1988.tv/Upload_Map/2015nian/11/2/2015-11-02-09-53-41.jpg	http://www.1988.tv/baike/zhongzhi/20424
http://www.hxzyy.com.cn/uploadfile/20107210421973540.jpg	http://www.hxzyy.com.cn/product_detail_647.html
http://www.hanyi365.com/attach/userfiles/image/2013-09-14_17_01_21.png	http://www.hanyi365.com/article_154.html
http://www.xjsghm.cn/pic/172.jpg	http://www.xjsghm.cn/product16.html
http://img.redocn.com/sheying/20160325/baibeijingshangdezhongyaozihuadiding1_6015606.jpg	http://sucai.redocn.com/hangyebaitai_6015606.html
http://s12.sinaimg.cn/bmiddle/4e73e5cag9feebe38278b&690	http://blog.sina.com.cn/s/blog_4e73e5ca0100q0os.html
https://i2.kknews.cc/large/1855000512f6616b092c	https://kknews.cc/health/x5qeoao.html
https://upload.wikimedia.org/wikipedia/commons/0/01/Zihuadiding.jpg	https://zh.wikipedia.org/zh/Talk:%E8%AF%B8%E8%91%9B%E8%8F%9C
http://1813.img.pp.sohu.com.cn/images/blog/2009/4/11/0/15/1213be60bf4g214.jpg	http://qing-putao.blog.sohu.com/114148177.html
http://www.sdxhmp.com/images/UpFile/2010-9/201094115940.jpg	http://www.sdxhmp.com/zhsh.asp?id=224
http://zhongyao.qqfabu.net/pic/head/10/article_7064110_pic.jpeg	http://zhongyao.qqfabu.net/jiedu/ZiHuaDiDing.html
http://www.21cbi.com/upload/201609/22/147449440912.jpg	http://www.21cbi.com/s/42/54341.html
http://img.redocn.com/sheying/20140709/zihuadiding_2706728.jpg	http://sucai.redocn.com/hangyebaitai_6015606.html
http://119.img.pp.sohu.com/images/blog/2008/4/9/15/29/119d0ccbf38.jpg	http://benzhitang.blog.sohu.com/84190209.html
http://www.dianshu119.com/uploads/201404/1397651642bgSrShze.jpg	http://www.dianshu119.com/index.php?doc-view-2162.html
http://upload-images.jianshu.io/upload_images/1556025-5e51ff84da5e8bd9.jpg?imageMogr2/auto-orient/strip%7CimageView2/2/w/1240	http://www.jianshu.com/p/1250ea308a9c
http://e.share.photo.xuite.net/bruce0342/1e07df7/10988502/513030689_m.jpg	http://bruce0342.blogspot.com/2011/04/blog-post_18.html
http://www.baihuamen.com/d/file/2014/05-20/48c240d948bdece35bcb7eb41768fa88.jpg	http://www.baihuamen.com/zihuadiding/
https://cbu01.alicdn.com/img/ibank/2014/534/353/1138353435_871157949.220x220.jpg	http://www.1688.com/jiage/-D7CFBBA8B5D8B6A1D6D6D7D3.html
