
https://gss0.bdstatic.com/94o3dSag_xI4khGkpoWK1HF6hhy/baike/c0%3Dbaike92%2C5%2C5%2C92%2C30/sign=87df5d479b2f07084b082252884dd3fc/3801213fb80e7bec54ee4ce92a2eb9389b506b85.jpg

https://gss3.bdstatic.com/-Po3dSag_xI4khGkpoWK1HF6hhy/baike/c0%3Dbaike92%2C5%2C5%2C92%2C30/sign=a86a954242a98226accc2375ebebd264/faf2b2119313b07e892e473f0dd7912397dd8c71.jpg

https://gss3.bdstatic.com/-Po3dSag_xI4khGkpoWK1HF6hhy/baike/c0%3Dbaike92%2C5%2C5%2C92%2C30/sign=4fabd2183b292df583cea447dd583705/b219ebc4b74543a95963edfb1f178a82b9011488.jpg
https://gss2.bdstatic.com/9fo3dSag_xI4khGkpoWK1HF6hhy/baike/c0%3Dbaike92%2C5%2C5%2C92%2C30/sign=724f3bdfbd3eb13550cabfe9c777c3b6/b21c8701a18b87d6d53abc28060828381f30fd89.jpg
https://gss0.bdstatic.com/-4o3dSag_xI4khGkpoWK1HF6hhy/baike/c0%3Dbaike92%2C5%2C5%2C92%2C30/sign=c157508c4610b912abccfeaca2949766/63d0f703918fa0ec04bc733a279759ee3d6ddb89.jpg
https://gss1.bdstatic.com/9vo3dSag_xI4khGkpoWK1HF6hhy/baike/c0%3Dbaike92%2C5%2C5%2C92%2C30/sign=189d94fa5366d0166a14967af642bf62/d6ca7bcb0a46f21f9f4f4964f7246b600c33ae89.jpg
https://gss3.bdstatic.com/-Po3dSag_xI4khGkpoWK1HF6hhy/baike/c0%3Dbaike92%2C5%2C5%2C92%2C30/sign=19beb114b17eca80060831b5f04afcb8/c2fdfc039245d6887f90a593a5c27d1ed21b2472.jpg
https://gss1.bdstatic.com/9vo3dSag_xI4khGkpoWK1HF6hhy/baike/c0%3Dbaike92%2C5%2C5%2C92%2C30/sign=8802e9e877094b36cf9f13bfc2a517bc/80cb39dbb6fd526669b92b23aa18972bd4073672.jpg
https://gss1.bdstatic.com/9vo3dSag_xI4khGkpoWK1HF6hhy/baike/c0%3Dbaike80%2C5%2C5%2C80%2C26/sign=04cda732e4dde711f3df4ba4c686a57e/a50f4bfbfbedab64d2e05af7f636afc379311e72.jpg

https://gss2.bdstatic.com/-fo3dSag_xI4khGkpoWK1HF6hhy/baike/c0%3Dbaike92%2C5%2C5%2C92%2C30/sign=1c430c748ad4b31ce4319ce9e6bf4c1a/adaf2edda3cc7cd9dbbe23ee3801213fb80e9171.jpg

https://gss1.bdstatic.com/-vo3dSag_xI4khGkpoWK1HF6hhy/baike/c0%3Dbaike80%2C5%2C5%2C80%2C26/sign=6e099c7ef71fbe090853cb460a096756/bd3eb13533fa828bb3dc3eebf81f4134970a5a3e.jpg
https://gss3.bdstatic.com/-Po3dSag_xI4khGkpoWK1HF6hhy/baike/c0%3Dbaike92%2C5%2C5%2C92%2C30/sign=256fe4b5ac773912d02b8d339970ed7d/a044ad345982b2b703ce9bcc34adcbef76099b61.jpg
https://gss2.bdstatic.com/9fo3dSag_xI4khGkpoWK1HF6hhy/baike/c0%3Dbaike92%2C5%2C5%2C92%2C30/sign=3f24c2c3b7fb43160e12722841cd2d46/5d6034a85edf8db1c95ade6c0c23dd54564e7445.jpg
https://gss2.bdstatic.com/-fo3dSag_xI4khGkpoWK1HF6hhy/baike/c0%3Dbaike92%2C5%2C5%2C92%2C30/sign=138146f0a286c9171c0e5a6ba8541baa/6f061d950a7b0208fdbf9de967d9f2d3572cc840.jpg
https://gss3.bdstatic.com/-Po3dSag_xI4khGkpoWK1HF6hhy/baike/c0%3Dbaike92%2C5%2C5%2C92%2C30/sign=1c5f425a8035e5dd8421ad8d17afcc8a/ac4bd11373f08202093233374efbfbedab641b11.jpg
https://gss2.bdstatic.com/9fo3dSag_xI4khGkpoWK1HF6hhy/baike/c0%3Dbaike80%2C5%2C5%2C80%2C26/sign=424fb215d12a283457ab3e593adca28f/c8177f3e6709c93d52d9acff9a3df8dcd100548a.jpg
https://gss3.bdstatic.com/-Po3dSag_xI4khGkpoWK1HF6hhy/baike/c0%3Dbaike80%2C5%2C5%2C80%2C26/sign=0c6e6fe4d400baa1ae214fe92679d277/63d0f703918fa0ec9ba9c605239759ee3d6ddb48.jpg
https://gss0.bdstatic.com/-4o3dSag_xI4khGkpoWK1HF6hhy/baike/c0%3Dbaike80%2C5%2C5%2C80%2C26/sign=c14596d13c01213fdb3e468e358e5db4/9f510fb30f2442a795665fadd443ad4bd1130249.jpg
https://gss0.bdstatic.com/94o3dSag_xI4khGkpoWK1HF6hhy/baike/c0%3Dbaike92%2C5%2C5%2C92%2C30/sign=8b416cd5ae64034f1bc0ca54ceaa1254/37d3d539b6003af3fa3d7e68302ac65c1038b637.jpg

https://gss3.bdstatic.com/7Po3dSag_xI4khGkpoWK1HF6hhy/baike/c0%3Dbaike92%2C5%2C5%2C92%2C30/sign=3f51bb22bd315c60579863bdecd8a076/8326cffc1e178a8266ae6897f703738da977e873.jpg
https://gss2.bdstatic.com/9fo3dSag_xI4khGkpoWK1HF6hhy/baike/c0%3Dbaike92%2C5%2C5%2C92%2C30/sign=cc63598e9f510fb36c147fc5b85aa3f0/8644ebf81a4c510ff357f52d6159252dd42aa571.jpg
