
http://www.twword.com/uploads/wiki/6c/46/44611_6.jpg	http://www.twword.com/wiki/%E9%BB%91%E5%BF%83%E8%8F%8A
https://img.imynest.com/uploads/9/E9/9E988D37EC.jpeg	https://www.imynest.com/content/32428.html
https://www.huabaike.com/uploads/allimg/sltimg/201610/580885d729a8d.jpg	https://www.huabaike.com/jtyh/5411.html
http://www.twword.com/uploads/wiki/6c/46/44611_5.jpg	http://www.twword.com/wiki/%E9%BB%91%E5%BF%83%E8%8F%8A
http://www.twword.com/uploads/wiki/6c/46/44611_1.jpg	http://www.twword.com/wiki/%E9%BB%91%E5%BF%83%E8%8F%8A
http://www.twword.com/uploads/wiki/6c/46/44611_7.jpg	http://www.twword.com/wiki/%E9%BB%91%E5%BF%83%E8%8F%8A
https://www.huabaike.com/uploads/allimg/artimg/201610/20161023162350_67774.jpg	https://www.huabaike.com/jtyh/5411.html
https://img.imynest.com/uploads/B/DB/BDBB516AD7.jpeg	https://www.imynest.com/content/39399.html
http://www.singtao.ca/estate/article_pic/flower20090312.jpg	http://re.singtao.ca/toronto/deco/index.php?ID=1127
http://s10.sinaimg.cn/mw690/001m5oeLzy7baayGbJDc9&690	http://blog.sina.com.cn/s/blog_4a0f000b0102x592.html
http://www.qzcaohua.com/uploads/cp/20160812101352.jpg	http://www.qzcaohua.com/supply/155.html
http://www.fc312.com/web_manage/manage/Upload/2015112131456200.jpg	http://www.fc312.com/pro_info.asp?id=1614
https://www.huabaike.com/uploads/allimg/artimg/201703/20170327112055_47650.jpg	https://m.huabaike.com/yhjq/7944.html
http://pic20.nipic.com/20120406/290250_193125188000_2.jpg	http://www.nipic.com/show/5957648.html
http://www.xinshengcaohua.com/images/UpFile/2015-5/201558111380.jpg	http://www.xinshengcaohua.com/zhsh.asp?id=179431
https://www.huabaike.com/uploads/allimg/artimg/201610/20161020172326_88700.jpg	https://www.huabaike.com/yhjq/5402.html
http://pic72.nipic.com/file/20150711/19192438_182355580000_2.jpg	http://www.nipic.com/show/12880636.html
https://www.huabaike.com/uploads/allimg/sltimg/201610/58088cdc7ed37.jpg	https://www.huabaike.com/jtyh/5411.html
http://attach.wzdsb.net/blog_attachment/201306/29/84792_1372482434RNYk.jpg	http://blog.wendu.cn/space-84792-do-blog-id-431185.html
https://img.imynest.com/uploads/A/7C/A7C1953B13.jpeg	https://www.imynest.com/content/32428.html
http://www.rensheng2.com/upload/2017/03/23/6ffe7f6c-ce9c-4ffb-9d16-62780b23ba24.jpg	http://www.rensheng2.com/1670000/1663415.shtml
http://www.ldhh.cn/pic1/046.jpg	http://www.ldhh.cn/cp6.htm
http://www.wdptj.com/wp-content/uploads/2014/11/%E9%BB%91%E5%BF%83%E8%8F%8A.jpg	http://www.wdptj.com/6060.html
http://www.bjoneflower.com/Photo/UploadPhotos/Flowers/Rudbeckia_hirta/DSC_0109.jpg	http://www.bjoneflower.com/Photo/ShowPhoto.asp?PhotoID=44
http://www.wdptj.com/wp-content/uploads/2014/11/%E9%BB%91%E5%BF%83%E8%8F%8A4.jpg	http://www.wdptj.com/6060.html
http://www.chunhui365.com/upLoad/product/month_1506/201506041844389124.jpg	http://www.chunhui365.com/content/indexd4af.html?618.html
https://img.imynest.com/uploads/6/0D/60DEABBB4F.jpeg	https://www.imynest.com/content/39399.html
http://www.huameixuan.top/upfile/files/%E9%BB%91%E5%BF%83%E8%8F%8A%20(1).png	http://www.huameixuan.top/556/561/107
http://www.lzz188.top/upfile/editor/image/2017050211340750750.jpg	http://www.lzz188.top/556/560/226
https://img.imynest.com/uploads/9/07/907B33A603.jpeg	https://www.imynest.com/content/32428.html
http://www.bjoneflower.com/Photo/UploadPhotos/Flowers/Rudbeckia_hirta/DSC_0011.jpg	http://www.bjoneflower.com/Photo/ShowPhoto.asp?PhotoID=44
http://www.chla.com.cn/uploadfile/2011/new2011617/images/2014/01/20140127141254.jpg	http://www.chla.com.cn/htm/2014/0127/199885.html
https://cbu01.alicdn.com/img/ibank/2016/878/390/3586093878_1737000097.220x220.jpg	https://s.1688.com/kq/-BADAD0C4BED5D6D6D7D3.html
https://www.huabaike.com/uploads/allimg/artimg/201608/20160831172108_65030.jpg	https://www.huabaike.com/jtyh/5093.html
https://www.huabaike.com/uploads/allimg/sltimg/201610/5809d7682e607.jpg	https://www.huabaike.com/jtyh/5411.html
http://www.cnhua.net/uploads/allimg/090720/1649322924-0.jpg	http://huahui.h.baike.com/category-214018-5.html
https://gss0.bdstatic.com/-4o3dSag_xI4khGkpoWK1HF6hhy/baike/s%3D220/sign=9f01f332f736afc30a0c38678318eb85/0bd162d9f2d3572c8d91222e8a13632763d0c3d5.jpg	https://baike.baidu.com/item/%E9%BB%91%E5%BF%83%E8%8F%8A
https://cbu01.alicdn.com/img/ibank/2015/340/576/2614675043_275374095.310x310.jpg	https://www.1688.com/pic/-BADAD0C4BED5D6D6D7D3.html
https://www.huabaike.com/uploads/allimg/artimg/201610/20161020172315_18635.jpg	https://www.huabaike.com/yhjq/5402.html
http://www.syxyzy.top/upfile/files/%E8%8D%89%E8%8A%B1%E7%A7%8D%E5%AD%90/%E9%BB%91%E5%BF%83%E8%8F%8A.jpg	http://www.syxyzy.top/557/557/74
https://www.huabaike.com/uploads/allimg/artimg/201610/20161023162131_11032.jpg	https://www.huabaike.com/jtyh/5410.html
https://www.huabaike.com/uploads/allimg/sltimg/201608/57c6a113abdfc.jpg	https://www.huabaike.com/jtyh/5093.html
http://pic27.nipic.com/20130329/8759743_114959166156_2.jpg	http://www.nipic.com/show/7783463.html
http://www.snzy888.com/upfile/images/%E8%8F%8A%E8%8A%B1%E7%A7%8D%E5%AD%90/jh5.jpg	http://www.snzy888.com/556/575/78
https://www.huabaike.com/uploads/allimg/artimg/201610/20161021165345_82221.jpg	https://www.huabaike.com/binghai/5408.html
http://www.jsmbzy.com/upfile/files/%E7%89%A7%E8%8D%89%E7%A7%8D%E5%AD%90/QQ%E6%88%AA%E5%9B%BE20160826183628.jpg	http://www.jsmbzy.com/558/558/124
https://www.huabaike.com/uploads/allimg/artimg/201610/20161020165310_78477.jpg	https://www.huabaike.com/hyjk/5399.html
http://b2b.image.yuanlin.com/biz/2012-8/20128201911466308.jpg	http://www.yuanlin.com/b2b/sell_detail_294214_pic.html
http://www.sylgzy.top/upfile/images/%E8%8D%89%E8%8A%B1%E7%A7%8D%E5%AD%902/%E9%BB%91%E5%BF%83%E8%8F%8A.JPG	http://www.sylgzy.top/570/570/255
https://www.huabaike.com/uploads/allimg/sltimg/201610/580c72c404398.jpg	https://www.huabaike.com/jtyh/5411.html
https://cbu01.alicdn.com/img/ibank/2017/440/873/4232378044_355603588.310x310.jpg	https://www.1688.com/pic/-BADAD0C4BED5D6D6D7D3.html
https://www.huabaike.com/uploads/allimg/artimg/201610/20161020165550_60234.jpg	https://www.huabaike.com/jtyh/5400.html
http://pic1.win4000.com/pic/e/fb/62bf1356792.jpg	http://www.win4000.com/meinv113856.html
http://www.twword.com/uploads/wiki/6c/46/44611_4.jpg	http://www.twword.com/wiki/%E9%BB%91%E5%BF%83%E8%8F%8A
http://www.huameixuan.top/upfile/files/%E9%BB%91%E5%BF%83%E8%8F%8A%20(3).jpg	http://www.huameixuan.top/556/561/107
http://jszz888.com/upLoad/product/month_1701/201701221748377635.jpg	http://jszz888.com/content/?225.html
https://www.huabaike.com/uploads/allimg/artimg/201608/20160831172138_91320.jpg	https://www.huabaike.com/jtyh/5093.html
http://qhg777.com/upLoad/product/month_1602/201602191305501516.jpg	http://qhg777.com/aspcms/product/2016-2-19/169.html
http://yjyzhy.com/upfile/files/%E9%BB%91%E5%BF%83%E8%8F%8A.jpg	http://yjyzhy.com/557/580/300
http://s10.sinaimg.cn/mw690/001I6HHGty6TQZWC3zP09&690	http://blog.sina.com.cn/s/blog_5d7418b00102vlps.html
http://s6.sinaimg.cn/mw690/001I6HHGty6TQZYAjfTa5&690	http://blog.sina.com.cn/s/blog_5d7418b00102vlps.html
http://s9.sinaimg.cn/mw690/001I6HHGty6TQZZSPlS18&690	http://blog.sina.com.cn/s/blog_5d7418b00102vlps.html
http://lvpu.net/SuGenHuaHui/HeiXinJu/pic/HeiXinJu2.jpg	http://lvpu.net/SuGenHuaHui/HeiXinJu/
http://s15.sinaimg.cn/mw690/001I6HHGty6TR0e1LIO2e&690	http://blog.sina.com.cn/s/blog_5d7418b00102vlps.html
http://www.cuibohuahui.com/images/UpFile/2017-2/201725156160.jpg	http://www.cuibohuahui.com/zhsh1.asp?id=180741
http://s2.sinaimg.cn/mw690/001I6HHGty6TR04qhfH41&690	http://blog.sina.com.cn/s/blog_5d7418b00102vlps.html
http://www.sdjiayue.com/images/UpFile/2016-12/20161251626380.jpg	http://www.sdjiayue.com/zhsh.asp?id=179485
http://www.yanminghuahui.com/datacache/pic/598_448_b496cc46426587dcf95234021377d3db.jpg	http://www.yanminghuahui.com/index.php?ac=article&at=read&did=643
https://img.imynest.com/uploads/2/6D/26D8D9E6C4.jpeg	https://www.imynest.com/content/32428.html
http://www.bjoneflower.com/Photo/UploadPhotos/Flowers/Rudbeckia_hirta/DSC_0113.jpg	http://www.bjoneflower.com/Photo/ShowPhoto.asp?PhotoID=44
https://cbu01.alicdn.com/img/ibank/2015/670/947/2159749076_910841364.310x310.jpg	https://www.1688.com/pic/-BADAD0C4BED5.html
http://pic.files.mozhan.com/mozhan/20160922/c61cf656f668978ff3ca39ba740e87b9.jpg	http://www.qzwchhmm.com/Product-detail-id-274655.html
http://www.38fan.com/uploads/allimg/170118/41_170118135659_2.jpg	http://www.38fan.com/zhiwu/20170118153661.html
http://zhongzixs.com/upLoad/product/month_1604/20160420175019771.jpg	http://zhongzixs.com/content/?564.html
http://www.jlmiaomuwang.com/upfile/isClass/pic/20150527093602-652624284_thumb.jpg	http://www.jlmiaomuwang.com/knowledge.php?tid=96
http://www.qzwenlin.com/images/UpFile/2017-2/20172161049160.jpg	http://www.qzwenlin.com/zhsh.asp?id=912
http://s10.sinaimg.cn/mw690/001I6HHGty6TQZW8Ysh09&690	http://blog.sina.com.cn/s/blog_5d7418b00102vlps.html
http://www.bjoneflower.com/Photo/UploadPhotos/Flowers/Rudbeckia_hirta/DSC_0160.jpg	http://www.bjoneflower.com/Photo/ShowPhoto.asp?PhotoID=44
http://www.qzyurun.com/images/UpFile/2014-2/201422315360.jpg	http://www.qzyurun.com/zhsh.asp?id=378
http://www.baihuajian.com/uploads/201207/1342967800lbN7WqpM.jpg	http://www.baihuajian.com/doc-view-106.html
https://img.imynest.com/uploads/2/F5/2F53D47A96.jpeg	https://www.imynest.com/content/39399.html
http://mmzz118.com/3g/Templates/green/images/dddd.png	http://mmzz118.com/3g/content/?496.html
http://pic.files.mozhan.com/mozhan/20160310/8d67048be9aeb759aa2f86b6605130e6.jpg	http://www.qzzhmm.com/Product-detail-id-124374.html
http://www.bjoneflower.com/Photo/UploadPhotos/Flowers/Rudbeckia_hirta/DSC_0373.jpg	http://www.bjoneflower.com/Photo/ShowPhoto.asp?PhotoID=44
http://www.qzbeitai.com/uploads/170209/1-1F209144120195.jpg	http://www.qzbeitai.com/a/zhuyingyewu/yuanlingongcheng/115.html
http://www.qzjthh.com/images/UpFile/2017-2/201723156560.jpg	http://www.qzjthh.com/zhsh.asp?id=182540
http://img.excnote.com/mmbiz/LFic3DsXjGUG1bUuibqlFCibB6jsvyMcdian33ibFd6Xdredv5gebn4ILqiaIV8OU1LAzAvp8SzHQP1R7mcvIejARuIg/0?wx_fmt=jpeg	https://www.suibi8.com/essay/2cee23-2944547.html
http://www.yanguangmiaomu.com/uploadfile/20154/2015-4-13-12-5-12.jpg	http://www.yanguangmiaomu.com/news_view.asp?newsid=1301
http://pic4.nipic.com/20091202/2685384_223744583670_2.jpg	http://www.nipic.com/show/2585492.html
http://mgy188.com/upLoad/product/month_1703/201703201259104245.jpg	http://mgy188.com/content/?159.html
http://www.wanjiahuahui.com/product/2017282115387647.jpg	http://www.wanjiahuahui.com/product_1897.html
http://www.pjcn.org/uploads/allimg/1611/1-16110222500NC.jpg	http://www.pjcn.org/hg/2734/
http://www.rensheng2.com/upload/2017/03/23/87b3cae5-9909-4903-9e39-cf0a522f5851.jpg	http://www.rensheng2.com/1670000/1663422.shtml
http://www.hongwei8888.com/upload/image/heixinju_lit.jpg	http://www.hongwei8888.com/index.php?_m=mod_product&_a=prdlist&cap_id=235
http://www.yafenghh.com/images/UpFile/2016-8/20168271131130.jpg	http://www.yafenghh.com/zhsh.asp?id=181960
https://www.huabaike.com/uploads/allimg/artimg/201610/20161023162153_45689.jpg	https://www.huabaike.com/jtyh/5410.html
http://p.d1xz.net/2014/7/5/16060916916.jpg	http://3g.d1xz.net/astro/huayu/art56139.aspx
http://www.rensheng2.com/upload/2017/03/23/96b0b1f0-dd37-45b0-98ef-5942a6c075ff.jpg	http://www.rensheng2.com/1670000/1663422.shtml
http://k.zol-img.com.cn/dcbbs/22575/a22574261_01000.jpg	http://www.huangloucaohua.com/product_view_58_152.html
http://img.warting.com/allimg/2016/0412/ljbpoxrl4pu-203.jpg	http://m.sdmy168.com/index/6buR5b%2BD6I%2BK.html
