
http://a0.att.hudong.com/80/59/01300000165470121619593535200.jpg	http://www.baike.com/wiki/%E7%9F%B3%E6%A6%B4%E8%8A%B1
https://www.huabaike.com/uploads/allimg/artimg/201612/20161206172602_98890.jpg	https://www.huabaike.com/hyjk/6127.html
https://gss1.bdstatic.com/-vo3dSag_xI4khGkpoWK1HF6hhy/baike/s%3D220/sign=d69dcd16f21fbe09185ec4165b610c30/0df431adcbef7609e6606bff2edda3cc7cd99e63.jpg	https://baike.baidu.com/item/%E7%9F%B3%E6%A6%B4%E8%8A%B1
https://www.huabaike.com/uploads/allimg/sltimg/201603/56f39e451c5a5.jpg	https://www.huabaike.com/yhjq/2159.html
http://gmimg.geimian.com/pic/2016/05/2016-05-30_211325.jpg	https://www.geimian.com/wx/66959.html
http://www.hanyi365.com/attach/userfiles/image/2013-11-09_12_51_52.png	http://www.hanyi365.com/article_1192.html
https://img.imynest.com/uploads/5/6A/56A7C5836D.jpeg	https://www.imynest.com/content/25514.html
https://www.huabaike.com/uploads/allimg/sltimg/201612/5857a5183ead2.jpg	https://www.huabaike.com/mbzw/2153.html
http://gate.sinovision.net:82/gate/big5/cdnwww.sinovision.net/data/attachment/album/201605/24/214710eq99fm8qmoi5moj8.jpg	http://gate.sinovision.net:82/gate/big5/blog.sinovision.net/home/space/do/blog/uid/208187/id/286834.html
http://www.jieju.cn/baikeimages/images/162040833.jpg	http://www.jieju.cn/baike/detail2232.html
http://img0.pchouse.com.cn/pchouse/baike/decorate/1110/110520162858-001phot.jpg	http://www.pchouse.com.cn/baike/shenghuo/736/
https://www.huabaike.com/uploads/allimg/sltimg/201612/584fb9e594e8c.jpg	https://m.huabaike.com/yhjq/6262.html
http://store.sunshineinbottles.com/wp-content/uploads/2015/07/pomegranate.jpg	http://store.sunshineinbottles.com/shop/fepome10-%E7%9F%B3%E6%A6%B4%E8%8A%B1%E7%B2%BE
http://tech.nf1000.com/u/cms/www/201504/132037502fxq.jpg	http://tech.nf1000.com/yansghenghuahui/24553.jhtml
http://pica.nipic.com/2008-07-23/20087239341456_2.jpg	https://tieba.baidu.com/p/1507002285
http://image82.360doc.com/DownloadImg/2015/02/0820/49984178_1.jpg	http://www.360doc.com/content/15/0208/20/16967035_447296009.shtml
http://img04.tooopen.com/images/20130114/tooopen_19441613.jpg	http://www.tooopen.com/view/337680.html
http://a0.att.hudong.com/84/30/01300542684355141109307187210_s.jpg	http://www.baike.com/wiki/%E7%9F%B3%E6%A6%B4
http://www.hizahizi.com/uploadfile/2009/0925/20090925102954798.jpg	http://www.hizahizi.com/tag.php?tag=%BB%A8&page=1
https://www.huabaike.com/uploads/allimg/artimg/201612/20161206172617_29198.jpg	https://www.huabaike.com/hyjk/6127.html
http://www.wdptj.com/wp-content/uploads/2016/07/%E7%9F%B3%E6%A6%B4%E8%8A%B1%E7%9A%84%E4%BD%9C%E7%94%A82.jpg	http://www.wdptj.com/shiliuhua/
http://img.zwbk.org/baike/spic/2011/12/14/20111214035533000_5442.jpg	http://www.zwbk.org/MyLemmaShow.aspx?zh=zh-tw&lid=226168
http://hb.zwbk.org/edit/file/20120619033723709_5723.jpg	http://hb.zwbk.org/PictureShow.aspx?pid=20120619033723709_5723.jpg&title=%u77F3%u69B4%u82B1&lid=853
http://hua-img.fengqiaoju.com/yanghua/201508/yanghua-55c0de129aa1781_500_500.jpg	http://huahui.fengqiaoju.com/huahui-jiaoliu/shiliuyangzhi/
http://www.wdptj.com/wp-content/uploads/2016/07/%E7%9F%B3%E6%A6%B4%E8%8A%B15.jpg	http://www.wdptj.com/shiliuhua/
http://pic3.nipic.com/20090520/267232_021847354_2.jpg	http://www.nipic.com/show/1847992.html
http://image.sciencenet.cn/album/201206/10/154013vorrapv5povvyrv7.jpg	http://wap.sciencenet.cn/blogview.aspx?id=580706
http://pic.nipic.com/2008-05-21/2008521105014390_2.jpg	http://www.nipic.com/show/1/44/341e60217e520dc8.html
http://pic7.nipic.com/20100615/1753633_092818902139_2.jpg	http://www.nipic.com/zhuanti/694204.html
http://misc.home.news.cn/public/images/original/00/41/DC/C5/C5.jpg	http://08577746.home.news.cn/blog/a/0101000004B40BF886BE6CE4.html
https://img.imynest.com/uploads/C/6C/C6CF064F8C.jpeg	https://www.imynest.com/content/25514.html
http://pic3.nipic.com/20090521/215817_183126032_2.jpg	http://www.nipic.com/show/1/44/7edc5a555f48fd2f.html
http://images.gongxiaozhijia.com/allimg/1509/1_150923152918_1.jpg	http://www.gongxiaozhijia.com/gongxiao/shiliuhua.html
http://www.nyzy.com/UploadFiles/User/lizhixiu/201507/2015071509062588662.jpg	http://www.nyzy.com/shiliu/34.html
http://1801.img.pp.sohu.com.cn/images/blog/2010/8/7/9/10/12afd5fed3eg215.jpg	http://huaweng-0354.blog.sohu.com/157639737.html
https://www.huabaike.com/uploads/allimg/sltimg/201603/56f3a38f20b6b.jpg	https://www.huabaike.com/yhjq/2161.html
http://www.wdptj.com/wp-content/uploads/2016/07/%E7%9F%B3%E6%A6%B4%E8%8A%B1%E7%9A%84%E4%BD%9C%E7%94%A83.jpg	http://www.wdptj.com/23569.html
http://gate.sinovision.net:82/gate/big5/cdnwww.sinovision.net/data/attachment/album/201605/24/2147009u0n2v5s9t9gjsmz.jpg	http://gate.sinovision.net:82/gate/big5/blog.sinovision.net/home/space/do/blog/uid/208187/id/286834.html
http://pic3.nipic.com/20090511/2404354_124739004_2.jpg	http://www.nipic.com/show/1/44/7b1dc628a4e378c9.html
http://www.wed114.cn/jiehun/uploads/allimg/160614/52_160614161050_2.jpg	http://www.wed114.cn/jiehun/zhiwu/20160614147100.html
https://www.huabaike.com/uploads/allimg/sltimg/201603/56f4fa773fb43.jpg	https://www.huabaike.com/yhjq/2159.html
https://img.imynest.com/uploads/F/99/F99E63424C.jpeg	https://www.imynest.com/content/56478.html
http://tupian.geimian.com/pic/2016/05/2016-05-30_215305.jpg	https://www.geimian.com/wx/66959.html
http://image.tupian114.com/20120420/05491403.jpg	http://www.tupian114.com/tupian/shiliuhua.html
http://pic3.nipic.com/20090529/2714799_133004007_2.jpg	http://www.nipic.com/show/1/7/6335f85cdbf8d908.html
http://www.wed114.cn/jiehun/uploads/allimg/160614/52_160614161050_5.jpg	http://www.wed114.cn/jiehun/zhiwu/20160614147100.html
https://gss2.bdstatic.com/9fo3dSag_xI4khGkpoWK1HF6hhy/baike/c0%3Dbaike60%2C5%2C5%2C60%2C20/sign=760d50b203e93901420f856c1a853f82/0eb30f2442a7d933c2410ce1af4bd11372f001b2.jpg	https://baike.baidu.com/item/%E7%9F%B3%E6%A6%B4
https://www.huabaike.com/uploads/allimg/artimg/201603/20160324155342_70671.jpg	https://www.huabaike.com/hyjk/2154.html
http://www.wdptj.com/wp-content/uploads/2016/07/%E7%9F%B3%E6%A6%B4%E8%8A%B13.jpg	http://www.wdptj.com/shiliuhua/
http://www.wed114.cn/jiehun/uploads/allimg/160614/52_160614161050_1.jpg	http://www.wed114.cn/jiehun/zhiwu/20160614147100.html
http://img0.pchouse.com.cn/pchouse/1110/31/141014_2005510120505.jpg	http://www.pchouse.com.cn/baike/shenghuo/736/
http://pic122.nipic.com/file/20170211/7004902_135334453605_2.jpg	http://www.nipic.com/show/16636784.html
http://s3.sinaimg.cn/mw690/002Upswfzy6K8doLi4Gd2&690	http://blog.sina.com.cn/s/blog_9ee501b70102uw78.html
http://www.wed114.cn/jiehun/uploads/allimg/160614/52_160614161050_3.jpg	http://www.wed114.cn/jiehun/zhiwu/20160614147100_2.html
http://www.shw365.com/sycx/UploadFiles_1251/200709/20070928110125786.jpg	http://www.shw365.com/sycx/hua/200709/30737.html
http://pic6.nipic.com/20100322/2529398_151921289437_2.jpg	http://www.nipic.com/show/4/105/603dd67489e87336.html
https://www.huabaike.com/uploads/allimg/sltimg/201603/56f3a48e511ee.jpg	https://www.huabaike.com/mbzw/2153.html
https://img.imynest.com/uploads/2/82/2821245396.jpeg	https://www.imynest.com/content/25514.html
https://img.imynest.com/uploads/E/D7/ED7FD1A00C.jpeg	https://www.imynest.com/content/45390.html
http://gate.sinovision.net:82/gate/big5/cdnwww.sinovision.net/data/attachment/album/201608/20/032507be1bzfjbfrhrqzby.jpg	http://gate.sinovision.net:82/gate/big5/blog.sinovision.net/home/space/do/blog/uid/526433/id/294520.html
http://www.jbhdq.com/uploadfile/2016/1205/thumb_255_0_20161205094042476.jpg	http://wap.jbhdq.com/tags/%E7%9F%B3%E6%A6%B4%E8%8A%B1/
http://1832.img.pp.sohu.com.cn/images/blog/2010/8/7/9/17/12afd667456g213.jpg	http://huaweng-0354.blog.sohu.com/157639737.html
https://www.huabaike.com/uploads/allimg/artimg/201612/20161214114443_63267.jpg	https://m.huabaike.com/hyjk/6276.html
http://www.sduod.com/Attachments/baike/201603/617e40d6d33ea520aa5791bc71d1af62.png	http://www.sduod.com/baike/article_6079.html
http://gate.sinovision.net:82/gate/big5/cdnwww.sinovision.net/data/attachment/album/201605/24/214703ngx55k25naz5an25.jpg	http://gate.sinovision.net:82/gate/big5/blog.sinovision.net/home/space/do/blog/uid/208187/id/286834.html
http://s16.sinaimg.cn/mw690/001nPxoHzy7c3YWiegD8f&690	http://blog.sina.com.cn/s/blog_4b984a370102xc8i.html
http://img16.3lian.com/gif2016/q10/1/21.jpg	http://www.3lian.com/gif/2016/05-24/127239.html
http://www.unls.cn/uploadfile/p/5599886622.jpg	http://www.holatoda.com/news/html/?88.html
https://b-ssl.duitang.com/uploads/item/201605/22/20160522202737_y8PFv.jpeg	https://www.duitang.com/blog/?id=578986781
http://img.boqiicdn.com/Data/BK/A/1508/19/imagick49331439971272_y.jpg	http://www.boqii.com/entry/detail/1959.html
http://p.d1xz.net/2014/5/19/113922402240.jpg	http://www.d1xz.net/astro/huayu/art49547.aspx
http://gate.sinovision.net:82/gate/big5/cdnwww.sinovision.net/data/attachment/album/201605/24/214657pe29p6yee4bf4sry.jpg	http://gate.sinovision.net:82/gate/big5/blog.sinovision.net/home/space/do/blog/uid/208187/id/286834.html
http://img01.hua.com/uploadpic/images/20162231452203883746.jpg	http://www.hua.com/huayu/14702.html
https://thumbs.dreamstime.com/z/%E8%91%A1%E8%90%84%E9%85%92%E7%9F%B3-%E3%80%81%E8%8A%B1%E5%92%8C%E5%8F%B6%E5%AD%90-%E5%BD%A9%E6%A0%B7%E5%BC%8F%E6%9E%9C%E5%AD%90-75093984.jpg	https://cn.dreamstime.com/%E5%BA%93%E5%AD%98%E4%BE%8B%E8%AF%81-%E8%91%A1%E8%90%84%E9%85%92%E7%9F%B3-%E3%80%81%E8%8A%B1%E5%92%8C%E5%8F%B6%E5%AD%90%E5%9C%A8-%E5%BD%A9%E6%A0%B7%E5%BC%8F-image75093946
http://image17.poco.cn/mypoco/myphoto/20150522/21/56131364201505222115114005580238441_004.jpg?2560x1920_120	http://www.wylnw.com/forum.php?mod=viewthread&tid=41733
http://tgi1.jia.com/114/775/14775760.jpg	http://www.jia.com/baike/bdetail-1571/
http://img.zwbk.org/baike/spic/2011/12/14/20111214035502921_528.jpg	http://www.zwbk.org/MyLemmaShow.aspx?zh=zh-tw&lid=226168
http://kplant.biodiv.tw/%E7%9F%B3%E6%A5%A0/%E7%9F%B3%E6%A6%B4-%E8%8A%B1/%E7%9F%B3%E6%A6%B4-%E8%8A%B11.jpg	http://kplant.biodiv.tw/%E7%9F%B3%E6%A5%A0/%E7%9F%B3%E6%A6%B4-%E8%8A%B1/%E7%9F%B3%E6%A6%B4-%E8%8A%B1.htm
http://img5.iqilu.com/c/u/2014/0624/1403573563267.jpg	http://news.iqilu.com/shandong/shandonggedi/20140624/2038139.shtml
http://www.rensheng2.com/upload/2015/08/01/023f5ef3-6eaf-4b5f-938d-cb93ac188863.jpg	http://www.rensheng2.com/310000/306336.shtml
http://image.bao315.com/upload/image/201707/12/aeef3888-b548-0974-b75b-9dcdbe859d42.jpg	http://www.bao315.com/baike/zwzs/208116.html
https://img.imynest.com/uploads/F/6F/F6FA185A20.jpeg	https://www.imynest.com/content/16551.html
http://pic8.nipic.com/20100702/2104317_192435014941_2.jpg	http://www.nipic.com/zhuanti/721878.html
https://i2.kknews.cc/large/e25000aba7802dafe89	https://kknews.cc/zh-hk/home/rgoamr.html
http://hua-img.fengqiaoju.com/yanghua/201508/yanghua-55c0de26db43730_500_500.jpg	http://huahui.fengqiaoju.com/huahui-jiaoliu/shiliuyangzhi/
http://www.dajiazhao.com/uploads/allimg/150126/2-15012612093b15.jpg	http://www.dajiazhao.com/fengshui/fengshuizhiwu/20085.html
http://img3.redocn.com/tupian/20141229/shiliuhuagongbihua_3707422.jpg	http://so.redocn.com/bi/cad6bbe6b9a4b1cabbadcaafc1f1bba8.htm
http://p.d1xz.net/2015/11/16/170679147914.jpg	http://3g.d1xz.net/fsml/kyhs/art110517.aspx
https://www.huabaike.com/uploads/allimg/sltimg/201612/5850c1283f3f9.jpg	https://www.huabaike.com/mbzw/2153.html
http://image.sciencenet.cn/album/201105/24/170321cd0dk0du6n7thczy.jpg	http://blog.sciencenet.cn/home.php?mod=space&uid=544716&do=blog&id=447500
http://5.26923.com/download/pic/000/249/4bbc73dc7a444d048445e1fa22e21137.jpg	http://www.8825.com/bizhi/249139.htm
http://pic1.huashichang.com/2015/1101/14/5635af6c2fd10_200_140.jpg	http://www.aihuhua.com/tu/shiliuhua.html
http://www.md2001.com/UploadFiles/2012-08/admin/2012082815223521669.jpg	http://www.md2001.com/html/hh_1274_119.html
http://img.bimg.126.net/photo/wFpdZqtKD-IFW1TOqyuI1w==/3942901473779935409.jpg	http://jingtaiyang888.lofter.com/tag/%E7%9F%B3%E6%A6%B4%E8%8A%B1
http://img01.hua.com/uploadpic/images/20162231439265058871.jpg	http://www.hua.com/huayu/14702.html
http://www.39ynt.com/wp-content/uploads/2016/03/7d1ed21b0ef41bd57aa8207853da81cb38db3d47.jpg	http://www.39ynt.com/25489.html
http://a4.att.hudong.com/11/06/01300000201825121578065309117_s.jpg	http://www.baike.com/wiki/%E7%9F%B3%E6%A6%B4%E8%8A%B1
http://pic21.nipic.com/20120531/6863287_054551057000_2.jpg	http://www.nipic.com/show/1/44/6289405k36e5ca55.html
http://a0.att.hudong.com/62/00/01300542527310139908007204022_s.jpg	http://www.baike.com/wiki/%E7%9F%B3%E6%A6%B4%E8%8A%B1
http://pic3.nipic.com/20090609/2493573_091504087_2.jpg	http://www.nipic.com/show/3/40/18f42d5b5f06f9a5.html
