
http://a3.att.hudong.com/34/05/01300001193754130923056446370.jpg	http://tupian.baike.com/a3_34_05_01300001193754130923056446370_jpg.html&prd=so_tupian
http://www.yuhuagu.com/uploads/allimg/140325/43_140325152731_1.jpg	http://www.yuhuagu.com/changshi/2014/0325/10434.html
http://a0.att.hudong.com/35/16/01100000000000144739163300213_s.jpg	http://www.baike.com/wiki/%E9%87%91%E9%92%9F%E8%8A%B1
http://p.d1xz.net/2014/6/26/201510961096.jpg	http://www.d1xz.net/astro/huayu/art54794.aspx
http://www.yuhuagu.com/uploads/allimg/120923/10-120923200632.jpg	http://www.yuhuagu.com/ktsh/4381.html
http://pic57.nipic.com/file/20141230/17961491_113205476000_2.jpg	http://www.nipic.com/show/11692035.html
http://www.ynhmw.com/file/upload/201206/27/11-04-20-78-1.jpg	http://www.ynhmw.com/photo/show-117.html
http://www.huayugu.com.cn/uploads/allimg/160322/1-1603221451320-L.jpg	http://www.huayugu.com.cn/jinzhonghua/
http://a1.att.hudong.com/26/16/20200000013920144739163223832_s.jpg	http://www.baike.com/wiki/%E9%87%91%E9%92%9F%E8%8A%B1
http://www.cnhua.net/uploads/allimg/090628/2116434U9-0.JPG	http://www.cnhua.net/zhiwu/muxike/jinzhonghua/
http://www.fei123.com/upload/2017/06/19/68f876e8cad90a88.jpg	http://www.fei123.com/2000000/1999999.shtml
http://img.bimg.126.net/photo/-_BCeWW436hMkLIEmU_-aA==/5643573283049887972.jpg	http://bd1560.blog.163.com/blog/static/831637200981191414547/
http://s7.sinaimg.cn/middle/4bee54c944c47c9c57e46&000	http://blog.sina.com.cn/s/blog_4bee54c9010091xq.html
http://www.fei123.com/upload/2017/06/19/aec8d0724baf0841.jpg	http://www.fei123.com/2010000/2000000.shtml
http://s14.sinaimg.cn/middle/4bee54c944c47c9c567dd&000	http://blog.sina.com.cn/s/blog_4bee54c9010091xq.html
http://tgi12.jia.com/114/928/14928066.jpg	http://www.jia.com/baike/xartile/353989.html
https://image.zhongyibaike.com/image/%E9%87%91%E9%92%9F%E8%8A%B1/%E9%87%91%E9%92%9F%E8%8A%B1.jpg	https://zhongyibaike.com/wiki/%E9%87%91%E9%92%9F%E8%8A%B1
http://www.fei123.com/upload/2017/06/19/f81a2c0a65577e76.jpg	http://www.fei123.com/2000000/1999978.shtml
http://www.ti29.com/tu/1188327.jpg	http://www.ti29.com/hua/4778.html
http://pic.nipic.com/2008-06-10/200861084431580_2.jpg	http://www.nipic.com/show/1/47/a28079ef03726824.html
http://pic4.55jia.net/fengshuizhiwu/34/a300163.png	http://www.55jia.net/75/315094.html
http://www.fei123.com/upload/2017/06/19/70c942dac9425b8d.jpg	http://www.fei123.com/2000000/1999999.shtml
https://gss3.bdstatic.com/-Po3dSag_xI4khGkpoWK1HF6hhy/baike/w%3D268%3Bg%3D0/sign=d6992a08d139b6004dce08b1d16b5217/962bd40735fae6cdb8de828a0bb30f2443a70ff6.jpg	https://baike.baidu.com/item/%E9%87%91%E9%92%9F%E8%8A%B1
http://tuzhizhijia.com/uploads/allimg/161228/1_161228122435_1.jpg	http://tuzhizhijia.com/tingyuan/2598.html
http://www.fei123.com/upload/2017/06/19/1ebd7fa004420158.jpg	http://www.fei123.com/2010000/2000000.shtml
http://pic4.55jia.net/fengshuizhiwu/39/a300189.png	http://www.55jia.net/75/315094.html
http://www.fei123.com/upload/2017/06/19/b1b26a757d8a1a05.jpg	http://www.fei123.com/2000000/1999988.shtml
http://www.52yhua.com/uploads/allimg/170627/1-1F62H34243.jpg	http://www.52yhua.com/mubentp/7610.html
http://img.szhk.com/Image/2014/10/14/1413274398932.jpg	http://sz.szhk.com/2014/10/14/282888144141441.html
http://www.cnhua.net/uploads/allimg/090628/211HBb5-0.JPG	http://www.cnhua.net/zhiwu/muxike/jinzhonghua/
http://www.51hm.cn/zwpic/%E9%87%91%E9%92%9F%E8%8A%B11.jpg	http://www.51hm.cn/zw/zwshow.asp?zwid=3256
http://www.fei123.com/upload/2017/06/19/bd2ac520a73a83c6.jpg	http://www.fei123.com/2010000/2000000.shtml
http://www.fei123.com/upload/2017/06/19/0458ec289f7a44e5.jpg	http://www.fei123.com/2010000/2000000.shtml
http://www.fei123.com/upload/2017/06/19/f1721a6d4d4745e2.jpg	http://www.fei123.com/2010000/2000000.shtml
http://www.huayugu.com.cn/uploads/allimg/160322/1-1603221504100-L.jpg	http://www.huayugu.com.cn/jinzhonghua/
http://www.fei123.com/upload/2017/06/19/13db71bf2933d9f3.jpg	http://www.fei123.com/2000000/1999976.shtml
http://www.fei123.com/upload/2017/06/19/3406c89b7f7a9d43.jpg	http://www.fei123.com/2010000/2000000.shtml
http://tuzhizhijia.com/uploads/allimg/161228/1_161228122954_1.jpg	http://tuzhizhijia.com/tingyuan/2598.html
http://www.ti29.com/tu/1396107.jpg	http://www.ti29.com/hua/5886.html
http://www.fei123.com/upload/2017/06/19/43fb821c60ed5517.jpg	http://www.fei123.com/2000000/1999988.shtml
http://www.huayugu.com.cn/uploads/allimg/160322/1-1603221450140-L.jpg	http://www.huayugu.com.cn/jinzhonghua/
http://www.baihuamen.com/d/file/2014/04-01/0ccfe69754174d8c10a41e2804af8cef.jpg	http://www.baihuamen.com/jinzhonghua/
http://www.fei123.com/upload/2017/06/19/37a8801bd1287bfe.jpg	http://www.fei123.com/2000000/1999978.shtml
http://www.fei123.com/upload/2017/06/19/781ca519b697f84a.jpg	http://www.fei123.com/2000000/1999994.shtml
http://www.fei123.com/upload/2017/06/19/1a7fa596bfbe9588.jpg	http://www.fei123.com/2000000/1999999.shtml
http://www.1nongjing.com/uploads/allimg/150514/886-150514145430.jpg	http://m.1nongjing.com/a/201505/90263.html
http://tuzhizhijia.com/uploads/allimg/161228/1_161228122628_1.jpg	http://tuzhizhijia.com/tingyuan/2598.html
http://www.21cbi.com/upload/201610/01/14752647238.jpg	http://m.21cbi.com/s/14/209893.html
http://www.fei123.com/upload/2017/06/19/fe428f048ff09804.jpg	http://www.fei123.com/2000000/1999978.shtml
http://www.yuhuagu.com/uploads/allimg/120923/10-120923200620.jpg	http://www.yuhuagu.com/ktsh/4381.html
http://www.fei123.com/upload/2017/06/19/2ab9a3f47795e2ad.jpg	http://www.fei123.com/2000000/1999982.shtml
http://www.52yhua.com/uploads/allimg/161117/1-16111H35441.jpg	http://m.52yhua.com/zhuanti/6380.html
http://image.sciencenet.cn/album/201707/06/223908ysyjmzasmaa3dzzm.jpg	http://blog.sciencenet.cn/blog-252763-1064992.html
http://www.fei123.com/upload/2017/06/19/c1eeaab429223fc7.jpg	http://www.fei123.com/2000000/1999978.shtml
http://www.52yhua.com/uploads/allimg/170627/1-1F62H34241.jpg	http://www.52yhua.com/mubentp/7610.html
http://www.fei123.com/upload/2017/06/19/810bde55d43bc4e3.jpg	http://www.fei123.com/2000000/1999996.shtml
http://www.baihuamen.com/d/file/2014/04-01/ec273eb84dc90b36bc4967aea840f887.jpg	http://www.baihuamen.com/jinzhonghua/
http://www.fei123.com/upload/2017/06/19/94ebee719f0ad6a9.jpg	http://www.fei123.com/2000000/1999978.shtml
http://www.fei123.com/upload/2017/06/19/0448e451b33a42c6.jpg	http://www.fei123.com/2000000/1999999.shtml
http://www.ti29.com/tu/451431.jpg	http://www.ti29.com/hua/1547.html
http://www.21cbi.com/upload/201610/01/147526472499.jpg	http://m.21cbi.com/s/14/209893.html
http://www.fei123.com/upload/2017/06/19/36f582123fe34478.jpg	http://www.fei123.com/2010000/2000000.shtml
http://www.fei123.com/upload/2017/06/19/1d5526df62d84fa5.jpg	http://www.fei123.com/2000000/1999982.shtml
http://www.ti29.com/tu/451731.jpg	http://www.ti29.com/hua/1547.html
http://www.yuhuagu.com/uploads/allimg/140325/43_140325152909_1.jpg	http://www.yuhuagu.com/changshi/2014/0325/10434.html
http://www.1nongjing.com/uploads/allimg/150514/886-150514145432.jpg	http://m.1nongjing.com/a/201505/90263.html
https://gw.alicdn.com/bao/uploaded/i4/TB1.NZ0LVXXXXa4XVXXXXXXXXXX_!!0-item_pic.jpg_230x230.jpg	https://www.taobao.com/oshtml/buy-cn/cp_tfW98NbTu6i1xsH9u6g.html
http://www.52yhua.com/uploads/allimg/161117/1-16111H35436.jpg	http://m.52yhua.com/zhuanti/6380.html
http://tuzhizhijia.com/uploads/allimg/161228/1_161228122918_1.jpg	http://tuzhizhijia.com/tingyuan/2598.html
http://www.fei123.com/upload/2017/06/19/2ccd36b4a14dc79e.jpg	http://www.fei123.com/2000000/1999984.shtml
http://www.fei123.com/upload/2017/06/19/41ad137b6ca5f55b.jpg	http://www.fei123.com/2000000/1999999.shtml
http://www.ti29.com/tu/433452.jpg	http://www.ti29.com/hua/1535.html
http://www.yangtaizhongcai.cn/ytfile/pictures/2016/06/v6ly1w.png	http://m.yangtaizhongcai.cn/arctile/611.html
http://s4.sinaimg.cn/middle/4bee54c944c47c9c5a403&000	http://blog.sina.com.cn/s/blog_4bee54c9010091xq.html
http://img1.tlw.com/content/2017/07/20/59704b21d331d.jpg	http://linye.tlw.com/detail/5580.html
https://gss1.bdstatic.com/9vo3dSag_xI4khGkpoWK1HF6hhy/baike/s%3D220/sign=ea060936f5039245a5b5e60db796a4a8/78310a55b319ebc49e8d89628b26cffc1f171657.jpg	https://baike.baidu.com/item/%E9%BB%84%E9%87%91%E6%9D%A1/4433404
http://www.fei123.com/upload/2017/06/19/ec1df983d056c8af.jpg	http://www.fei123.com/2000000/1999984.shtml
http://img.tupianzj.com/uploads/allimg/160325/15-160325223335.jpg	http://www.tupianzj.com/sheying/huahui/20160325/44724.html
http://www.21cbi.com/upload/201610/01/14752647216.jpg	http://m.21cbi.com/s/14/209893.html
https://puui.qpic.cn/qqvideo_ori/0/c018926i7yc_496_280/0	https://v.qq.com/x/search/?q=%E9%87%91%E9%92%9F%E8%8A%B1&stag=txt.playpage.vppdesc
https://timg02.bdimg.com/timg?wapbaike&quality=80&size=b411_528&sec=1349839550&di=7e2c7986114d4d7a27e545924edad084&src=http://imgsrc.baidu.com/baike/pic/item/72f082025aafa40ff444d536af64034f79f0195e.jpg	https://wapbaike.baidu.com/item/%E9%87%91%E9%92%9F%E8%8A%B1/17192356
https://gw.alicdn.com/bao/uploaded/i1/TB1lrQzKVXXXXarXXXXXXXXXXXX_!!0-item_pic.jpg_230x230.jpg	https://www.taobao.com/article/DyCpD4BtCGC5CMAT.html
http://www.emeiyin.com/uploads/allimg/161015/1-16101514235S05.jpg	http://www.emeiyin.com/mei/3299.html
http://www.21cbi.com/upload/201609/22/147454698272.jpg	http://m.21cbi.com/s/14/69694.html
http://www.iqiya.com/uploadfile/article/322/1_shmcr920150417_2177031638abf464ae39Mv0ZgUaaS9Ut.png	http://m.iqiya.com/article/2015-05-22/63945.html
https://gw.alicdn.com/bao/uploaded/i1/2749596755/TB2qTMAaA.OyuJjSszeXXXY.VXa_!!2749596755.jpg_230x230.jpg	https://www.taobao.com/oshtml/buy-cn/cp_tbm50r3w1tO7qNbW19M.html
http://www.ti29.com/tu/451831.jpg	http://www.ti29.com/hua/1547.html
http://www.iqiya.com/uploadfile/2015/0326/20150326102915966.jpg	http://www.iqiya.com/article/2015-03-26/6797.html
http://www.fei123.com/upload/2017/06/19/e2c10257a68a9600.jpg	http://www.fei123.com/2000000/1999988.shtml
http://www.99.com.cn/uploads/170608/412-1F60Q53ZH22.jpg	http://zyk.99.com.cn/baike/695354.htm
http://www.99.com.cn/uploads/170612/412-1F612141620964.jpg	http://zyk.99.com.cn/baike/695354.htm
http://static.jstv.com/gather/zxc/2015/11/5/20151151446713830861_8.jpg	http://news.jstv.com/a/20141116/71737.shtml
http://www.szy2007.com/upfiles/contentfiles/201304/20130424162940623.jpg	http://www.szy2007.com/Specimens_View.asp?ProID=2494
http://www.huajiang.cc/uploads/140610/9-140610212312F6.jpg	http://baike.huajiang.cc/qita/jinzhonghua/
http://image.sciencenet.cn/album/201707/06/223909z26h16ck10nbwb2i.jpg	http://blog.sciencenet.cn/blog-252763-1064992.html
http://www.baihuamen.com/d/file/2014/04-03/2211eb812c19fb83b1cb0ef4697d5737.jpg	http://www.baihuamen.com/jinzhonghua/6783.html
http://www.szy2007.com/upfiles/contentfiles/201304/20130424162947977.jpg	http://www.szy2007.com/Specimens_View.asp?ProID=2494
http://www.wdptj.com/wp-content/uploads/2014/09/%E5%80%92%E6%8C%82%E9%87%91%E9%92%9F.jpg	http://www.wdptj.com/3771.html
https://gss0.bdstatic.com/94o3dSag_xI4khGkpoWK1HF6hhy/baike/w%3D268%3Bg%3D0/sign=5ba44b40af1ea8d38a227302af315773/42166d224f4a20a42e7dc03c99529822730ed0ee.jpg	https://baike.baidu.com/item/%E9%BB%84%E9%87%91%E6%9D%A1/4433404
http://www.iqiya.com/uploadfile/article/322/1_vmt8yi20140801_b6fe844aa411a754e291DIr7vF9DWDCx.jpg	http://m.iqiya.com/article/2015-05-22/63401.html
