
http://image51.360doc.com/DownloadImg/2012/05/0411/23714719_4.jpg	http://www.360doc.com/content/12/0504/11/7130239_208564452.shtml
http://s1.1zoom.me/big3/738/405013-svetik.jpg	http://www.1zoom.me/zh/wallpaper/405013/z2798/%26original=1
http://a4.att.hudong.com/33/95/01300000243622122527955950257_s.gif	http://www.baike.com/wiki/%E5%8B%8B%E7%AB%A0%E8%8F%8A
http://pic15.nipic.com/20110522/6113138_100005414174_2.jpg	http://www.nipic.com/show/1/44/4813316k46d23c76.html
http://a2.att.hudong.com/81/96/01300000243622122527965591553_s.jpg	http://www.baike.com/wiki/%E5%8B%8B%E7%AB%A0%E8%8F%8A
http://www.zhiwutong.com/tu/yanghua/%E5%8B%8B%E7%AB%A0%E8%8F%8A.jpg	http://www.zhiwutong.com/gardens/09-28/9332.htm
http://www.baihuamen.com/d/file/2014/04-15/cf5d8f1f8da657cc6d9269afeefbbfdf.jpg	http://www.baihuamen.com/xunzhangju/
http://img1.ph.126.net/8VqjKZox1zlF7JsD2yCsUg==/2810809117450567456.jpg	http://dang2117.lofter.com/post/1d031470_6c9d4d0
http://blog.js0573.com/u/599247297/album/2011043015145396.jpg	http://blog.js0573.com/u/599247297/file/86596.htm
http://www.cnhua.net/uploads/allimg/090720/1K4225920-0.JPG	http://www.cnhua.net/zhiwu/juke/xunzhangju/
http://www.baihuamen.com/d/file/2014/04-15/1b7855bb947cfffb852afb8f48e0cc1c.jpg	http://www.baihuamen.com/xunzhangju/
http://www.baihuamen.com/d/file/2014/04-15/c26ae48906cf61473c558f245fa90b74.jpg	http://www.baihuamen.com/xunzhangju/
http://userimage3.360doc.com/13/0616/20/11532035_201306162039270214.jpg	http://www.360doc.com/content/13/0616/20/11532035_293334656.shtml
http://pic11.nipic.com/20101121/263716_225625023283_2.jpg	http://www.nipic.com/show/3954056.html
http://a3.att.hudong.com/80/73/300001155968130284736056146_950.jpg	http://tupian.baike.com/78382/2.html
http://bbs.cfh.ac.cn/attachment.aspx?attachmentid=711	http://bbs.cfh.ac.cn/showtopic-575.aspx
http://upload.wikimedia.org/wikipedia/commons/thumb/1/1e/Colourful_flowers.JPG/800px-Colourful_flowers.JPG	https://forum.doctorvoice.org/viewtopic.php?f=152&t=46346
http://pic17.nipic.com/20111108/8753228_204305698115_2.jpg	http://www.nipic.com/show/1/44/5331512ke2639d43.html
http://a1.att.hudong.com/63/96/01300000243622122527966936955.jpg	http://www.baike.com/wiki/%E5%8B%8B%E7%AB%A0%E8%8F%8A
http://www.baihuamen.com/d/file/2014/04-15/0f15731a6b82b30fca667c7c2080b9c8.jpg	http://www.baihuamen.com/xunzhangju/8945_4.html
https://8.share.photo.xuite.net/brday1257/180658c/8136581/321455367_m.jpg	http://blog.xuite.net/brday1257/twblog/112195076-%E5%8B%B3%E7%AB%A0%E8%8F%8A
http://img2.ph.126.net/APjKh7UFGkiD0mSIHLcElg==/1633680764928888380.jpg	http://dang2117.blog.163.com/blog/static/8161303320140912434650
http://a4.att.hudong.com/64/97/01300000243622122527974524765_s.jpg	http://www.baike.com/wiki/%E5%8B%8B%E7%AB%A0%E8%8F%8A
http://2.bp.blogspot.com/-U-BlJk8T2cY/URZmsWMWZbI/AAAAAAAA8xY/RuDg12a65s0/s1600/DSF_7163.jpg	http://136136s.blogspot.com/2013/02/blog-post_9.html
http://image2.tuhip.net/pictures/201511/27/20151127213553586931759.jpg	http://www.tuhip.com/tuku/detail-4055638.html
http://s11.sinaimg.cn/mw690/001j45rxzy73u0xLFAC1a&690	http://blog.sina.com.cn/s/blog_4765daaf0102wfii.html
http://www.yuhuagu.com/uploads/allimg/100711/1_100711075646_1.jpg	http://www.yuhuagu.com/jiating/2010/0711/1038.html
http://www.zhiwutong.com/tu/yanghua/%E5%8B%8B%E7%AB%A0%E8%8F%8A1.jpg	http://www.zhiwutong.com/gardens/09-28/9332.htm
http://7.blog.xuite.net/7/4/e/4/11253733/blog_227360/txt/31708276/1.jpg	http://blog.xuite.net/e2202778/boaboa/31708276-%E5%8B%B3%E7%AB%A0%E8%8F%8A
http://img.boqiicdn.com/Data/BK/P/imagick52011451984995.jpg	http://www.boqii.com/entry/detail/2393.html
http://www.51hm.cn/zwpic/%E5%8B%8B%E7%AB%A0%E8%8F%8A1.jpg	http://www.51hm.cn/zw/zwshow.asp?zwid=1636
http://img.blog.163.com/photo/fEfOPbETq1Ztc2UUvob8tA==/873979802687315929.jpg	http://up-go.blog.163.com/blog/static/22320844200822101013734/
https://www.huabaike.com/uploads/allimg/sltimg/201611/582ae326af84a.jpg	https://www.huabaike.com/yhjq/5742.html
http://img0.dreamhy.com/upload/20130705/0432005350.jpg	http://www.dreamhy.com/xuetang/detail-9073.aspx
http://1.bp.blogspot.com/-XdpW35b29pI/U0gY5Z4H8VI/AAAAAAAAaJY/P51Rsx8U0Ak/s1600/P1390522.JPG	http://purplewhee.blogspot.com/2012/07/blog-post.html
http://imglf1.ph.126.net/atmw9J9GkPKq8Y41c-az2w==/1828179973836025327.jpg	http://mengs.lofter.com/post/1cd803_cd279f
http://s7.sinaimg.cn/mw690/76ddc8ecgd8469cb3b466&690	http://blog.sina.com.cn/s/blog_76ddc8ec01014zdz.html
http://img02.taobaocdn.com/imgextra/i2/886299707/TB2xApmlSVmpuFjSZFFXXcZApXa_!!886299707.jpg_480x480.jpg	http://nxtmarket.info/item/45155846160
http://7.blog.xuite.net/7/4/e/4/11253733/blog_227360/txt/31708276/21.jpg	http://blog.xuite.net/e2202778/boaboa/31708276-%E5%8B%B3%E7%AB%A0%E8%8F%8A
http://4.bp.blogspot.com/-6wZFSWWbSZk/VNocDkubwlI/AAAAAAAAEpA/iBTS-s9x6iY/s1600/img_show%2B(2).jpg	http://blog.igarden.com.tw/2001/11/5M11103.html
http://3.bp.blogspot.com/-6OI89GopvvI/UK8cvY3AiVI/AAAAAAAAAJQ/sa80GsQYTn0/s1600/%25E5%258B%25B3%25E7%25AB%25A0%25E8%258F%258A+%25E5%2596%259C%25E6%2582%2585+Mix.jpg	http://blog.igarden.com.tw/2012/11/gazania-.html
http://4.bp.blogspot.com/-R_3IXDh8tvU/URZmmRkytbI/AAAAAAAA8xQ/ORGPzvl_3fs/s1600/DSF_7164.jpg	http://136136s.blogspot.com/2013/02/blog-post_9.html
http://s4.sinaimg.cn/mw690/76ddc8ecgd846ae526983&690	http://blog.sina.com.cn/s/blog_76ddc8ec01014zdz.html
http://www.wdptj.com/wp-content/uploads/2014/11/%E5%8B%8B%E7%AB%A0%E8%8F%8A.jpg	http://www.wdptj.com/6154.html
http://yy.yuhuagu.com/images/201301/goods_img/146_P_1357621860795.PNG	http://yy.yuhuagu.com/goods.php?id=146
http://f.blog.xuite.net/f/5/0/7/238644362/blog_3606271/txt/389547977/0.jpg	http://blog.xuite.net/shiaoyuanchiu/twblog/389547977-%E5%8B%B3%E7%AB%A0%E8%8F%8A
http://wuwow.com/wu/wu/wp-content/uploads/2012/09/gazania_20120922_03.jpg	http://wuwow.com/wu/wu/tag/%E5%8B%8B%E7%AB%A0%E8%8F%8A
http://c.blog.xuite.net/c/8/6/b/11765317/blog_609541/txt/22408710/1.jpg	http://blog.xuite.net/shuying.lihming/travel/22408710-%5B%E5%BA%AD%E9%99%A2%E6%A4%8D%E7%89%A9%5D%E5%8B%B3%E7%AB%A0%E8%8F%8A
http://img.boqiicdn.com/Data/BK/A/1601/5/imagick89321451963978_y.jpg	http://www.boqii.com/article/25742.html
http://1.bp.blogspot.com/-ED5NC_oGwV4/URZmtvLpdVI/AAAAAAAA8xg/a9h2bG9KB9c/s1600/DSF_7167.jpg	http://136136s.blogspot.com/2013/02/blog-post_9.html
http://s6.sinaimg.cn/mw690/001j45rxzy73u0mo49nf5&690	http://blog.sina.com.cn/s/blog_4765daaf0102wfii.html
http://www.yuhuagu.com/uploads/allimg/160620/43_160620141305_1.jpg	http://www.yuhuagu.com/ju/2016/0620/13117.html
http://img001.mllres.com/zximages/images/201601/14538865301861.jpg	http://zx.meilele.com/zhiwu/article-43448.html
http://userimage3.360doc.com/13/0616/20/11532035_201306162038590714.jpg	http://www.360doc.com/content/13/0616/20/11532035_293334656.shtml
http://www.zhiwu365.com/uploads/plant/202_xunzhangju/default/original/3_xunzhangju.jpg	http://www.zhiwu365.com/plant/231
http://image211-c.poco.cn/mypoco/myphoto/20081110/14/3986812200811101438171599588235375_007_640.jpg	http://blog1.poco.cn/myBlogDetail-htx-id-2982256-userid-3986812-pri--n-0.xhtml
http://pic45.nipic.com/20140812/11119342_174918043000_2.jpg	http://www.nipic.com/show/10782785.html
http://pic1.huashichang.com/2015/0414/22/552d28da65566.jpg	http://www.aihuhua.com/tupian/tupian9sk.html
http://www.zhongzi6.com/uploadfile/product/b/1/572_1441975745.jpg	http://www.zhongzi6.com/html/product-1/572.html
http://img0.dreamhy.com/upload/20131230/0225412764.jpg	http://www.dreamhy.com/xuetang/detail-23913.aspx
http://pic.pimg.tw/srj5557/1379820464-1815532977.jpg	http://srj5557.pixnet.net/blog/post/162260366-%E6%A2%85%E5%B3%B0%E8%BE%B2%E5%A0%B4%E8%A3%A1%E7%9A%84%E5%8B%B3%E7%AB%A0%E8%8F%8A
http://www.ivsky.com/img/bizhi/pic/201105/10/xunzhangju-001.jpg	http://www.ivsky.com/bizhi/xunzhangju_v5892/pic_186478.html
http://pic.to8to.com/attch/day_150729/20150729_4bc7fc3658e5f4b3789bn5mtbTe1bs1D.jpg	http://360m.to8to.com/yezhu/z42076.html
http://p.d1xz.net/2015/5/28/10300269269.jpg	http://3g.d1xz.net/astro/huayu/art91632.aspx
http://yy.yuhuagu.com/images/201212/goods_img/146_P_1356738798980.jpg	http://yy.yuhuagu.com/goods.php?id=146
http://pic40.nipic.com/20140410/11469034_195116732119_2.jpg	http://www.nipic.com/show/10089644.html
http://opic.tbscache.com/manage/articles/2014/07-25/13D8CD1E-DE91-7A4F-F90E-83A56D5748FC.jpg	http://www.tobosu.com/article/2014-07-25/114221.html
http://www.jxveg.net/sphh/upfiles/image/20150530213218.jpg	http://www.jxveg.net/sphh/show.asp?id=1809
http://51faya.net/images/200801/1200673874238993489.JPG	http://51faya.net/goods-139.html
https://0.share.photo.xuite.net/tracysung2002/103be44/14697922/779377026_m.jpg	http://blog.xuite.net/tracysung2002/twblog1/165850666-%E5%8B%B3%E7%AB%A0%E8%8F%8A
http://s1.1zoom.me/big3/633/347981-sepik.jpg	http://www.1zoom.me/zh/wallpaper/347981/z1086.8/%26original=1
http://bid.apnec.com/zen-cart/images/gift_certificates/tiger.jpg	http://bbs.apnec.com/phpbb/viewtopic.php?f=14&t=396
http://img.ivsky.com/img/bizhi/pre/201105/10/xunzhangju-004.jpg	http://www.ivsky.com/bizhi/xunzhangju_v5892/pic_186481.html
http://pic1.huashichang.com/2015/0421/00/553526ff8bf80.jpg	http://www.aihuhua.com/riji/224-4.html
http://img0.ph.126.net/KbpgOgd7LhnY8CbdaDE7YA==/1054123787799435891.jpg	http://dang2117.lofter.com/post/1d031470_6c9d4d0
http://album.udn.com/community/img/PSN_PHOTO/changerose/f_2680702_1.jpg	http://blog.udn.com/changerose/2560658
http://www.baihuamen.com/d/file/2014/04-15/64d74d308bff7f84afffaf0dd5a63ed4.jpg	http://www.baihuamen.com/xunzhangju/8945_11.html
http://img0.dreamhy.com/upload/20130812/1157288858.jpg	http://www.dreamhy.com/xuetang/detail-32493.aspx
http://www.baihuamen.com/d/file/2014/04-15/df36a4a96b6933732878c5ba229b3316.jpg	http://www.baihuamen.com/xunzhangju/8945_13.html
http://www.52yhua.com/uploads/allimg/160315/1-160315211351.jpg	http://m.52yhua.com/juketp/1960.html
https://www.huabaike.com/uploads/allimg/artimg/201611/20161121082321_64769.jpg	https://www.huabaike.com/yhjq/5742.html
http://www.1988.tv/Upload_Map/2015nian/10/10/2015-10-10-10-44-01.jpg	http://www.1988.tv/news/102952
http://a0.att.hudong.com/57/78/01200000307188117687843843557_s.jpg	http://www.baike.com/wiki/%E5%8B%8B%E7%AB%A0%E8%8F%8A
http://data.sj.mlc.edu.tw/sj/%E6%A0%A1%E5%9C%92%E6%A4%8D%E7%89%A9%E7%85%A7%E7%89%87/%E5%8B%B3%E7%AB%A0%E8%8F%8A.JPG	http://data.sj.mlc.edu.tw/sj/%E6%A0%A1%E5%9C%92%E6%A4%8D%E7%89%A9%E7%85%A7%E7%89%87/page_18.bak
http://4.bp.blogspot.com/-bSPNns94Jc0/VMnnqsKhH5I/AAAAAAAADdA/jyZZMFCqMZo/s1600/150119_%E5%8B%B3%E7%AB%A0%E8%8F%8A%2B%E6%97%A5%E6%96%B0-%E8%8D%89%E8%8E%93%E7%94%9C%E6%B4%BE.JPG	http://blog.igarden.com.tw/2001/11/5M11103.html
http://s1.1zoom.me/big0/229/Verbena_Gazania_Many_489014.jpg	http://www.1zoom.me/zh/wallpaper/489014/z4161.3/
http://s7.sinaimg.cn/mw690/3f3fdcc7tda4f5d1448a6&690	http://blog.sina.com.cn/s/blog_3f3fdcc70101e75v.html
http://link.photo.pchome.com.tw/s08/slinwang/135/133077947352/	http://mypaper.pchome.com.tw/slinwang/post/1299641561
http://c.blog.xuite.net/c/8/6/b/11765317/blog_609541/txt/22408710/3.jpg	http://blog.xuite.net/shuying.lihming/travel/22408710-%5B%E5%BA%AD%E9%99%A2%E6%A4%8D%E7%89%A9%5D%E5%8B%B3%E7%AB%A0%E8%8F%8A
http://img04.tooopen.com/images/20130723/tooopen_18205709.jpg	http://www.tooopen.com/view/398493.html
http://a0.att.hudong.com/21/98/01300000243622122527981705978_s.jpg	http://www.baike.com/wiki/%E5%8B%8B%E7%AB%A0%E8%8F%8A
http://image155-c.poco.cn/mypoco/myphoto/20090511/00/398681220090511001959762_006_640.jpg	http://blog1.poco.cn/myBlogDetail-htx-id-3496857-userid-3986812-pri--n-0.xhtml
http://universegarden.com/userFile/images/dispthumb%20(3)(5).jpg	http://universegarden.com/xunzhangju-58.html
http://link.photo.pchome.com.tw/s08/huangshuzhen0407/111/129078375143/	http://mypaper.pchome.com.tw/huangshuzhen0407/post/1321692392
https://cbu01.alicdn.com/img/ibank/2016/009/226/2806622900_1853833916.310x310.jpg	https://www.1688.com/pic/-D1ABD5C2BED5D6D6D7D3.html
http://img.redocn.com/sheying/20150917/huangsexiangyangxunzhangju_4983088.jpg	http://sucai.redocn.com/dongwuzhiwu_4941550.html
http://www.38fan.com/uploads/allimg/140924/23_140924152408_3.jpg	http://www.38fan.com/zhiwu/20140924132649_2.html
http://a2.att.hudong.com/37/21/20300000164151143378212501015_s.jpg	http://www.baike.com/wiki/%E5%8B%8B%E7%AB%A0%E8%8F%8A%E5%B1%9E
http://www.hepgds.com/wp-content/uploads/2012/06/6.260101.jpg	http://www.hepgds.com/1803.html
http://img.redocn.com/sheying/20150916/lubianhuangsexunzhangju_4967446.jpg	http://sucai.redocn.com/dongwuzhiwu_4978458.html
