
https://gss0.bdstatic.com/-4o3dSag_xI4khGkpoWK1HF6hhy/baike/s%3D220/sign=ed54e3ba5d82b2b7a39f3ec601accb0a/5d6034a85edf8db1870307da0d23dd54564e745a.jpg	https://baike.baidu.com/item/%E6%9D%BE%E6%9E%9C%E8%8F%8A
https://www.huabaike.com/uploads/allimg/sltimg/201606/574e72778ff4d.jpg	https://www.huabaike.com/yhjq/3886.html
https://cdn.pixabay.com/photo/2016/01/13/11/10/sun-hat-1137560_960_720.jpg	https://pixabay.com/zh/%E5%A4%AA%E9%98%B3%E5%B8%BD%E5%AD%90-%E8%8A%B1-%E7%99%BD-%E9%BB%84%E8%89%B2-%E5%AE%8F-%E6%9D%BE%E6%9E%9C%E8%8F%8A-%E5%BC%80%E8%8A%B1-%E5%85%B3%E9%97%AD-%E5%A4%8F%E5%AD%A3-1137560/
http://a4.att.hudong.com/38/22/01100000000000144732220272921_s.jpg	http://www.baike.com/wiki/%E6%9D%BE%E6%9E%9C%E8%8F%8A
https://gss3.bdstatic.com/7Po3dSag_xI4khGkpoWK1HF6hhy/baike/s%3D220/sign=a8e22e4f0e0828386c0ddb168898a964/bf096b63f6246b6083ae3724e2f81a4c510fa23a.jpg	https://baike.baidu.com/item/%E6%9D%BE%E6%9E%9C%E8%8F%8A
https://www.huabaike.com/uploads/allimg/sltimg/201605/574d20bdd5d52.jpg	https://www.huabaike.com/hyjk/3885.html
https://gss1.bdstatic.com/-vo3dSag_xI4khGkpoWK1HF6hhy/baike/s%3D220/sign=3b789909f6246b607f0eb576dbf91a35/77094b36acaf2edd26bd8eb38d1001e939019318.jpg	https://baike.baidu.com/item/%E6%9D%BE%E6%9E%9C%E8%8F%8A
http://pic21.nipic.com/20120616/9299139_153747775000_2.jpg	http://www.nipic.com/show/1/44/6368118k318682c3.html
http://www.zhiwutong.com/tu/yanghua/%E6%9D%BE%E6%9E%9C%E8%8F%8A1.jpg	http://www.zhiwutong.com/gardens/09-28/9424.htm
https://www.huabaike.com/uploads/allimg/sltimg/201606/574e71ed3ac80.jpg	https://www.huabaike.com/hyjk/3885.html
http://pic15.nipic.com/20110619/4224370_070202725153_2.jpg	http://www.nipic.com/show/1/44/4739357k0047a72b.html
http://www.zhiwu365.com/uploads/plant/261_songguoju/default/original/1_songguoju.jpg	http://www.zhiwu365.com/plant/299
http://www.baihuamen.com/d/file/2014/04-24/dcfd0f703d60ac618d855a19e138c2e7.jpg	http://www.baihuamen.com/zisongguoju/
http://img004.mllres.com//images/upload/%E6%9D%BE%E6%9E%9C%E8%8F%8A02.jpg	http://www.meilele.com/article/shipin/42617.html
https://www.huabaike.com/uploads/allimg/sltimg/201606/574e72f7765ab.jpg	https://www.huabaike.com/hyjk/3885.html
http://p.d1xz.net/2014/5/26/160718391839.jpg	http://www.d1xz.net/astro/huayu/art50411.aspx
http://pic15.nipic.com/20110718/4224370_201000508149_2.jpg	http://www.nipic.com/show/4846578.html
http://tshhly.com/uploads/allimg/150828/2-150RP94611.jpg	http://tshhly.com/a/chanpinzhanshi/sugenhuahui/71.html
https://cdn.pixabay.com/photo/2016/06/07/13/12/echinacea-1441623_960_720.jpg	https://pixabay.com/zh/photos/%E6%9D%BE%E6%9E%9C%E8%8F%8A/
http://gmimg.geimian.com/pic/2016/06/20160608_185003_001.jpg	https://www.geimian.com/wx/67393.html
http://www.baihuamen.com/d/file/2014/04-20/00cb8021fe1507ee0a2c6171334a2678.jpg	http://www.baihuamen.com/zisongguoju/
http://z.xiziwang.net/uploads/allimg/141226/30_141226095610_1.jpg	http://z.xiziwang.net/hua/18140/
http://img.pconline.com.cn/images/upload/upc/tx/photoblog/1307/09/c1/23105549_23105549_1373328193280_mthumb.jpg	http://itbbs.pconline.com.cn/dc/50393193.html
https://www.huabaike.com/uploads/allimg/sltimg/201701/586e0f2dea25e.jpg	https://www.huabaike.com/hyjk/3885.html
http://pic15.nipic.com/20110619/4224370_065741662148_2.jpg	http://www.nipic.com/show/1/44/4739356k6b55d24f.html
http://lvpu.net/SuGenHuaHui/SongGuoJu/002.jpg	http://lvpu.net/SuGenHuaHui/SongGuoJu/
http://www.pjcn.org/uploads/allimg/1603/1-160331221505M8.jpg	http://www.pjcn.org/pz/zz/1365/
http://tupian.geimian.com/pic/2016/06/20160608_185003_043.jpg	https://www.geimian.com/wx/67393.html
https://gss3.bdstatic.com/-Po3dSag_xI4khGkpoWK1HF6hhy/baike/s%3D220/sign=3bc15994063b5bb5bad727fc06d2d523/2e2eb9389b504fc2c697e83ae0dde71191ef6dc0.jpg	https://baike.baidu.com/item/%E6%9D%BE%E6%9E%9C%E8%8F%8A
https://cdn.pixabay.com/photo/2015/08/17/11/31/echinacea-892303_960_720.jpg	https://pixabay.com/zh/%E6%9D%BE%E6%9E%9C%E8%8F%8A-%E8%8D%89%E6%9C%AC%E5%BC%80%E8%8A%B1%E6%A4%8D%E7%89%A9-%E5%A4%AA%E9%98%B3%E5%B8%BD%E5%AD%90-%E8%8A%B1-%E5%BC%80%E8%8A%B1-%E9%BB%84%E8%89%B2-%E5%AE%8F-%E5%85%B3%E9%97%AD-892303/
http://www.baihuamen.com/d/file/2014/04-24/68a97c60fe0afc051eba9a6e93725c96.jpg	http://www.baihuamen.com/zisongguoju/
http://www.xjsghm.cn/pic/035.jpg	http://www.xjsghm.cn/product3.html
https://www.huabaike.com/uploads/huatuku/20160601/574e97efd965e.jpg	https://www.huabaike.com/jktu/273.html
http://pic15.nipic.com/20110621/4224370_082351508181_2.jpg	http://www.nipic.com/show/1/44/4739388kb891fdd8.html
https://upload.wikimedia.org/wikipedia/commons/thumb/4/40/Yellow_Coneflower_Echinacea_paradoxa_Twisted_Pair_Bee_2000px.jpg/220px-Yellow_Coneflower_Echinacea_paradoxa_Twisted_Pair_Bee_2000px.jpg	https://zh.wikipedia.org/wiki/%E9%BB%84%E8%8A%B1%E6%9D%BE%E6%9E%9C%E8%8F%8A
http://a2.att.hudong.com/17/22/01100000000000144732220409575_s.jpg	http://www.baike.com/wiki/%E6%9D%BE%E6%9E%9C%E8%8F%8A
https://cdn.pixabay.com/photo/2016/08/24/02/33/cone-flower-1615989_960_720.jpg	https://pixabay.com/zh/%E9%94%A5%E8%8A%B1-%E7%B4%AB%E9%94%A5%E8%8A%B1-%E8%8A%B1-%E6%A4%8D%E7%89%A9-%E5%BC%80%E8%8A%B1-%E8%8A%B1%E7%93%A3-%E6%9D%BE%E6%9E%9C%E8%8F%8A-%E5%8C%BB%E8%8D%AF-%E8%8F%8A-%E8%83%8C%E5%85%89-1615989/
https://gss2.bdstatic.com/9fo3dSag_xI4khGkpoWK1HF6hhy/baike/s%3D220/sign=712196fdb7119313c343f8b255380c10/f2deb48f8c5494eed27d572628f5e0fe99257eb5.jpg	https://baike.baidu.com/item/%E6%9D%BE%E6%9E%9C%E8%8F%8A
http://pic31.nipic.com/20130801/11624852_152414594180_2.jpg	http://www.nipic.com/show/1/44/8591887kdafdc150.html
http://s10.sinaimg.cn/middle/001DR5LKgy6VlUnQBL389&690	http://blog.sina.com.cn/s/blog_59b5724c0102w3bg.html
http://img.redocn.com/sheying/20151107/fensesongguojufupai_5268005.jpg	http://sucai.redocn.com/dongwuzhiwu_7162665.html
http://s15.sinaimg.cn/mw690/001sXXrFzy76X0qIzQW5e&690	http://blog.sina.com.cn/s/blog_501e41670102wtk1.html
https://www.huabaike.com/uploads/allimg/artimg/201701/20170105171806_33145.jpg	https://www.huabaike.com/yhjq/6658.html
https://cdn.pixabay.com/photo/2013/03/31/12/19/sun-hat-98210_960_720.jpg	https://pixabay.com/zh/%E5%A4%AA%E9%98%B3%E5%B8%BD%E5%AD%90-%E6%9D%BE%E6%9E%9C%E8%8F%8A-%E6%8A%98%E6%89%A3-%E5%BE%88%E6%97%A0%E8%81%8A-%E9%B2%9C%E8%8A%B1-%E5%BA%8A-%E5%BC%BA-%E7%B4%AB-%E5%85%89%E6%98%8E-98210/
http://www.52yhua.com/uploads/allimg/151228/1-15122R12F0.jpg	http://m.52yhua.com/caobentp/1389.html
https://cdn.pixabay.com/photo/2014/07/05/08/53/coneflower-384657_960_720.jpg	https://pixabay.com/zh/photos/%E6%9D%BE%E6%9E%9C%E8%8F%8A/
http://tupian.geimian.com/pic/2016/06/20160608_185003_031.jpg	https://www.geimian.com/wx/67393.html
http://tupian.geimian.com/pic/2016/06/20160608_185003_044.jpg	https://www.geimian.com/wx/67393.html
https://www.huabaike.com/uploads/allimg/artimg/201605/20160531132815_84102.jpg	https://www.huabaike.com/jtyh/3869.html
https://i1.kknews.cc/large/7fb000565233493aee6	https://kknews.cc/health/9aj4qq.html
http://www.zhongzi.net/files/allimg/151130/1-15113014433T28.jpg	http://m.zhongzi.net/huahui/zisongguoju.htm
http://pic43.nipic.com/20140709/9448607_171335308000_2.jpg	http://www.nipic.com/show/10573841.html
https://cbu01.alicdn.com/img/ibank/2016/824/386/3441683428_1995821605.310x310.jpg	https://www.1688.com/pic/-CBC9B9FBBED5.html
https://cbu01.alicdn.com/img/ibank/2016/788/988/3346889887_462704874.310x310.jpg	https://www.1688.com/pic/-CBC9B9FBBED5D6D6D7D3.html
http://img2.ph.126.net/ENeBCY4MwaXbSc36tk1hsg==/6630192554443617386.jpg	http://www.lofter.com/tag/%E6%9D%BE%E6%9E%9C%E8%8F%8A
http://pic15.nipic.com/20110713/4224370_121120389172_2.jpg	http://www.nipic.com/show/1/44/4831223k8210fd55.html
https://img.diytrade.com/smimg/150664/7806240-2175676-0/nn/d15.jpg	http://www.diseasefreetea.com/sdp/150664/2/pd-942492/4993904-472104/%E7%B4%AB%E9%94%A5%E8%8F%8A_%E6%9D%BE%E6%9E%9C%E8%8F%8A_%E7%B4%AB%E9%94%A5%E8%8A%B1_Echinacea_purpurea.html
https://cdn.pixabay.com/photo/2017/06/27/17/54/monarch-2448263_960_720.jpg	https://pixabay.com/zh/photos/%E6%9D%BE%E6%9E%9C%E8%8F%8A/
http://pic5.nipic.com/20091221/794601_231605003531_2.jpg	http://www.nipic.com/show/1/44/a3ea56234dc6d4a2.html
http://www.chantuguan.com/ueditor/php/upload/image/20170615/1497513138688594.jpg	http://www.chantuguan.com/baike/743.html
http://www.huameixuan.top/upfile/files/%E6%9D%BE%E6%9E%9C%E8%8F%8A%20(4).jpg	http://www.huameixuan.top/556/561/80
http://a4.att.hudong.com/35/21/01100000000000144732219934123_s.jpg	http://www.baike.com/wiki/%E6%9D%BE%E6%9E%9C%E8%8F%8A
http://gate.sinovision.net:82/gate/big5/cdnwww.sinovision.net/data/attachment/album/201307/26/211546echjkcnzxgehjako.jpg	http://gate.sinovision.net:82/gate/big5/blog.sinovision.net/space/do/blog/uid/30435/id/207691.html
https://cbu01.alicdn.com/img/ibank/2017/201/116/4129611102_475216762.310x310.jpg	https://www.1688.com/pic/-CBC9B9FBBED5.html
https://www.huabaike.com/uploads/huatuku/20160601/574e7fe5d2a9d.jpg	https://www.huabaike.com/ghzw/248.html
http://i1.wp.com/inews.gtimg.com/newsapp_match/0/277075595/0	http://www.ifuun.com/a20165143423/
http://www.cuibohuahui.com/images/UpFile/2017-2/2017251449270.jpg	http://www.cuibohuahui.com/zhsh1.asp?id=180724
http://6.share.photo.xuite.net/fredchen2429/1675623/9877608/439608251_m.jpg	http://blog.xuite.net/fredchen2429/twblog1/123165357-%E5%AF%B6%E7%9F%B3%E6%9D%BE%E6%9E%9C%E8%8F%8A%E5%BE%9E%E6%92%A5%E7%A8%AE%E5%88%B0%E9%96%8B%E8%8A%B1
https://cdn.pixabay.com/photo/2016/07/29/15/26/purple-coneflower-1553975__340.jpg	https://pixabay.com/zh/photos/%E6%9D%BE%E6%9E%9C%E8%8F%8A/
http://img001.mllres.com//images/upload/%E6%9D%BE%E6%9E%9C%E8%8F%8A04.jpg	http://www.meilele.com/article/shipin/42617.html
http://jgw58.com/upLoad/product/month_1603/201603300015217917.jpg	http://jgw58.com/content/?930.html
http://a2.att.hudong.com/57/32/01000000000000119093297773357_s.jpg	http://www.baike.com/wiki/%E7%B4%AB%E6%9D%BE%E6%9E%9C%E8%8F%8A
https://cbu01.alicdn.com/img/ibank/2017/454/203/3824302454_1000380416.220x220.jpg	http://www.1688.com/jiage/-CBC9B9FBBED5.html
https://cdn.pixabay.com/photo/2014/10/01/14/06/echinacea-468437_960_720.jpg	https://pixabay.com/zh/%E6%9D%BE%E6%9E%9C%E8%8F%8A-%E8%8D%AF%E7%94%A8%E6%A4%8D%E7%89%A9-%E5%A4%AA%E9%98%B3%E5%B8%BD%E5%AD%90-%E7%B4%AB-468437/
https://cbu01.alicdn.com/img/ibank/2016/178/090/3608090871_614006717.310x310.jpg	https://www.1688.com/pic/-CBC9B9FBBED5.html
http://pic43.nipic.com/20140709/9448607_170819446000_2.jpg	http://www.nipic.com/show/10573600.html
http://pic122.nipic.com/file/20170217/3420027_191952310033_2.jpg	http://www.nipic.com/show/16661736.html
https://cdn.pixabay.com/photo/2016/07/29/15/26/purple-coneflower-1553972__340.jpg	https://pixabay.com/zh/photos/%E6%9D%BE%E6%9E%9C%E8%8F%8A/
http://yy.yuhuagu.com/images/201301/goods_img/675_P_1357792834246.JPG	http://yy.yuhuagu.com/goods.php?id=675
https://cdn.pixabay.com/photo/2015/03/30/14/01/sun-hat-699249_960_720.jpg	https://pixabay.com/zh/%E5%A4%AA%E9%98%B3%E5%B8%BD%E5%AD%90-%E8%8A%B1-%E5%BC%80%E8%8A%B1-%E9%BB%84%E8%89%B2-%E5%9B%AD%E6%9E%97%E6%A4%8D%E7%89%A9-%E6%9D%BE%E6%9E%9C%E8%8F%8A-699249/
http://jsmmzz88.com/upLoad/product/month_1610/20161027150258957.jpg	http://jsmmzz88.com/content/?13.html
https://cbu01.alicdn.com/img/ibank/2013/341/223/881322143_108100054.220x220.jpg	http://www.1688.com/jiage/-CBC9B9FBBED5.html
https://static6.depositphotos.com/1004070/603/i/950/depositphotos_6039242-stock-photo-echinacea-flowers.jpg	http://cn.depositphotos.com/6039242/stock-photo-echinacea-flowers.html
http://www.xwwzsty.com/uploads/img1/20160527/5748378e3cb7f.jpg	http://www.xwwzsty.com/shengtainongye/47.html
https://i2.kknews.cc/large/7f900056290e277179a	https://kknews.cc/health/9aj4qq.html
http://www.weisanli.com/images/flowerbed/upfile/1254217806720.jpg	http://www.weisanli.com/flowerbed/758/ratibida-columnifera
https://i2.kknews.cc/large/e4f000524a4794656a3	https://kknews.cc/agriculture/oexyp5.html
https://gw.alicdn.com/bao/uploaded/i1/TB1s1VEOVXXXXcuXXXXXXXXXXXX_!!0-item_pic.jpg_230x230.jpg	https://www.taobao.com/article/DlAfFUC4GBDPBRFm.html
https://cdn.pixabay.com/photo/2017/06/03/20/39/pink-echinacea-2369736_960_720.jpg	https://pixabay.com/zh/%E7%B2%89%E7%BA%A2%E8%89%B2%E7%9A%84%E6%9D%BE%E6%9E%9C-%E6%9D%BE%E6%9E%9C%E8%8F%8A-%E9%94%A5%E8%8A%B1-%E8%8D%AF%E7%94%A8-%E8%8A%B1%E5%9B%AD-%E5%A4%8F%E5%A4%A9-%E5%BC%80%E8%8A%B1-%E7%9B%9B%E5%BC%80-2369736/
http://imglf1.nosdn.127.net/img/aVNBTWxQeGRpMHZqVFdOcFhZc0h6Y1U4WTdSL2gvSHc2SGI3Rmp0MEYvND0.jpg?imageView&thumbnail=500x0&quality=96&stripmeta=0&type=jpg	http://www.lofter.com/tag/%E6%9D%BE%E6%9E%9C%E8%8F%8A
http://www.cuibohuahui.com/images/UpFile/2017-2/2017251449400.jpg	http://www.cuibohuahui.com/zhsh1.asp?id=180724
https://cdn.pixabay.com/photo/2016/05/26/00/29/cone-flower-1416151_960_720.jpg	https://pixabay.com/zh/%E9%94%A5%E8%8A%B1-%E6%9D%BE%E6%9E%9C%E8%8F%8A-%E7%B2%89%E7%BA%A2%E8%89%B2-%E8%8B%B1%E5%BC%8F%E8%8A%B1%E5%9B%AD-%E8%87%AA%E7%84%B6-1416151/
http://www.cuibohuahui.com/images/UpFile/2017-2/2017251449340.jpg	http://www.cuibohuahui.com/zhsh1.asp?id=180724
https://cbu01.alicdn.com/img/ibank/2016/639/745/3414547936_417154905.310x310.jpg	https://www.1688.com/pic/-CBC9B9FBBED5D6D6D7D3.html
https://cdn.pixabay.com/photo/2017/06/03/20/39/pink-echinacea-2369733_960_720.jpg	https://pixabay.com/zh/%E7%B2%89%E7%BA%A2%E8%89%B2%E7%9A%84%E6%9D%BE%E6%9E%9C-%E6%9D%BE%E6%9E%9C%E8%8F%8A-%E9%94%A5%E8%8A%B1-%E8%8D%AF%E7%94%A8-%E8%8A%B1%E5%9B%AD-%E5%A4%8F%E5%A4%A9-%E5%BC%80%E8%8A%B1-%E7%9B%9B%E5%BC%80-2369733/
http://www.52yhua.com/uploads/allimg/151228/1-15122R13200.jpg	http://m.52yhua.com/caobentp/1389.html
http://img004.mllres.com//images/upload/%E6%9D%BE%E6%9E%9C%E8%8F%8A03.jpg	http://www.meilele.com/article/shipin/42617.html
https://www.huabaike.com/uploads/allimg/artimg/201606/20160601132921_97349.jpg	https://www.huabaike.com/yhjq/3886.html
https://gw.alicdn.com/bao/uploaded/i2/TB16C_pIFXXXXbuaXXXXXXXXXXX_!!0-item_pic.jpg_230x230.jpg	https://www.taobao.com/article/DlAfFUC4GBDPBRFm.html
http://www.huangloucaohua.com/uFile/21399/product/201711211715346.jpg	http://www.huangloucaohua.com/product_view_47_154.html
