
https://gss1.bdstatic.com/-vo3dSag_xI4khGkpoWK1HF6hhy/baike/c0%3Dbaike72%2C5%2C5%2C72%2C24/sign=ba7a7adc050828387c00d446d9f0c264/55e736d12f2eb9380655ab31d7628535e5dd6f3d.jpg
https://gss3.bdstatic.com/-Po3dSag_xI4khGkpoWK1HF6hhy/baike/crop%3D0%2C0%2C500%2C330%3Bc0%3Dbaike80%2C5%2C5%2C80%2C26/sign=2c14ee560a55b31988b6d8357e99ae16/9f2f070828381f306af32ffea9014c086f06f0fb.jpg

https://gss1.bdstatic.com/-vo3dSag_xI4khGkpoWK1HF6hhy/baike/c0%3Dbaike80%2C5%2C5%2C80%2C26/sign=7039cd61912397ddc274905638ebd9d2/d31b0ef41bd5ad6ec8c5906c81cb39dbb6fd3c73.jpg
https://gss3.bdstatic.com/-Po3dSag_xI4khGkpoWK1HF6hhy/baike/c0%3Dbaike80%2C5%2C5%2C80%2C26/sign=03637e9ad42a283457ab3e593adca28f/c8177f3e6709c93d13f560709f3df8dcd1005435.jpg
https://gss0.bdstatic.com/-4o3dSag_xI4khGkpoWK1HF6hhy/baike/c0%3Dbaike80%2C5%2C5%2C80%2C26/sign=adb5bd9dc65c10383073c690d378f876/c9fcc3cec3fdfc03d6a05e3fd43f8794a5c22658.jpg

https://gss1.bdstatic.com/9vo3dSag_xI4khGkpoWK1HF6hhy/baike/c0%3Dbaike116%2C5%2C5%2C116%2C38/sign=3799a28fb6003af359b7d4325443ad39/4a36acaf2edda3cc7d93faa601e93901203f92c4.jpg
https://gss3.bdstatic.com/-Po3dSag_xI4khGkpoWK1HF6hhy/baike/c0%3Dbaike180%2C5%2C5%2C180%2C60/sign=1c64ce8e9b504fc2b652b85784b48c74/9d82d158ccbf6c81b3406e6ebc3eb13532fa40c4.jpg
https://gss0.bdstatic.com/94o3dSag_xI4khGkpoWK1HF6hhy/baike/c0%3Dbaike116%2C5%2C5%2C116%2C38/sign=8d7338fc20a446236ac7ad30f94b196b/359b033b5bb5c9eaf59f4165d539b6003bf3b3cc.jpg
https://gss2.bdstatic.com/-fo3dSag_xI4khGkpoWK1HF6hhy/baike/c0%3Dbaike180%2C5%2C5%2C180%2C60/sign=108dfa07cb1349546a13e0363727f93d/f9dcd100baa1cd113cd930a6b912c8fcc2ce2dcc.jpg
https://gss0.bdstatic.com/94o3dSag_xI4khGkpoWK1HF6hhy/baike/c0%3Dbaike116%2C5%2C5%2C116%2C38/sign=d188f67d39dbb6fd3156ed74684dc07d/aa64034f78f0f7362f910e870a55b319eac413cc.jpg
https://gss3.bdstatic.com/7Po3dSag_xI4khGkpoWK1HF6hhy/baike/c0%3Dbaike116%2C5%2C5%2C116%2C38/sign=2c53e09dd40735fa85fd46ebff3864d6/b219ebc4b74543a9056db84a1e178a82b80114c5.jpg
https://gss0.bdstatic.com/94o3dSag_xI4khGkpoWK1HF6hhy/baike/c0%3Dbaike180%2C5%2C5%2C180%2C60/sign=825c7b45d7ca7bcb6976cf7ddf600006/b3119313b07eca80956a7b61912397dda04483cd.jpg

https://gss1.bdstatic.com/-vo3dSag_xI4khGkpoWK1HF6hhy/baike/c0%3Dbaike150%2C5%2C5%2C150%2C50/sign=329edd9142a7d933aba5ec21cc22ba76/8718367adab44aed135e5961b31c8701a18bfb27.jpg
https://gss3.bdstatic.com/7Po3dSag_xI4khGkpoWK1HF6hhy/baike/c0%3Dbaike150%2C5%2C5%2C150%2C50/sign=1d9976ba4bfbfbedc8543e2d19999c53/267f9e2f0708283858063b91b899a9014c08f128.jpg
https://gss2.bdstatic.com/-fo3dSag_xI4khGkpoWK1HF6hhy/baike/c0%3Dbaike150%2C5%2C5%2C150%2C50/sign=cd20bf974f4a20a425133495f13bf347/3b87e950352ac65c9e0e81f6fbf2b21193138a28.jpg
https://gss1.bdstatic.com/9vo3dSag_xI4khGkpoWK1HF6hhy/baike/c0%3Dbaike150%2C5%2C5%2C150%2C50/sign=246284fb9258d109d0eea1e0b031a7da/b812c8fcc3cec3fd053540f0d688d43f87942728.jpg
https://gss1.bdstatic.com/9vo3dSag_xI4khGkpoWK1HF6hhy/baike/c0%3Dbaike150%2C5%2C5%2C150%2C50/sign=89a203f6ad4bd11310c0bf603bc6cf6a/2f738bd4b31c8701e0bc5563277f9e2f0708ff29.jpg

https://gss3.bdstatic.com/7Po3dSag_xI4khGkpoWK1HF6hhy/baike/c0%3Dbaike220%2C5%2C5%2C220%2C73/sign=b2bbfa850ef41bd5ce5ee0a630b3eaae/aa64034f78f0f736606651af0a55b319eac41387.jpg
https://gss1.bdstatic.com/9vo3dSag_xI4khGkpoWK1HF6hhy/baike/c0%3Dbaike150%2C5%2C5%2C150%2C50/sign=ab02f1adc895d143ce7bec711299e967/dbb44aed2e738bd45ab9af9fa18b87d6267ff980.jpg
https://gss3.bdstatic.com/7Po3dSag_xI4khGkpoWK1HF6hhy/baike/c0%3Dbaike150%2C5%2C5%2C150%2C50/sign=30d9b6b1070828387c00d446d9f0c264/08f790529822720e1b55ff547bcb0a46f31fab80.jpg
https://gss2.bdstatic.com/9fo3dSag_xI4khGkpoWK1HF6hhy/baike/c0%3Dbaike150%2C5%2C5%2C150%2C50/sign=038394af5c6034a83defb0d3aa7a2231/71cf3bc79f3df8dc4ba6923fcd11728b46102880.jpg
https://gss1.bdstatic.com/-vo3dSag_xI4khGkpoWK1HF6hhy/baike/c0%3Dbaike180%2C5%2C5%2C180%2C60/sign=6726c1ce352ac65c73086e219a9bd974/2e2eb9389b504fc288c3adabe5dde71191ef6dfb.jpg
https://gss1.bdstatic.com/9vo3dSag_xI4khGkpoWK1HF6hhy/baike/c0%3Dbaike150%2C5%2C5%2C150%2C50/sign=ce5b36898a82b90129a0cb6112e4c212/f3d3572c11dfa9ec8bb44bb962d0f703908fc181.jpg
https://gss3.bdstatic.com/-Po3dSag_xI4khGkpoWK1HF6hhy/baike/c0%3Dbaike180%2C5%2C5%2C180%2C60/sign=4eb869aa970a304e462fa8a8b0a1cce3/50da81cb39dbb6fde1c1f8880924ab18962b3781.jpg

https://gss2.bdstatic.com/9fo3dSag_xI4khGkpoWK1HF6hhy/baike/c0%3Dbaike92%2C5%2C5%2C92%2C30/sign=c89ed1fb1f178a82da3177f2976a18e8/b17eca8065380cd7db9b89daa044ad345982817b.jpg
https://gss1.bdstatic.com/-vo3dSag_xI4khGkpoWK1HF6hhy/baike/c0%3Dbaike92%2C5%2C5%2C92%2C30/sign=302348499358d109d0eea1e0b031a7da/b21bb051f8198618db0dc4b34bed2e738bd4e6bb.jpg
https://gss0.bdstatic.com/94o3dSag_xI4khGkpoWK1HF6hhy/baike/c0%3Dbaike92%2C5%2C5%2C92%2C30/sign=c1b9520f6f061d95694b3f6a1a9d61b4/9a504fc2d56285358d65f91691ef76c6a7ef637b.jpg
https://gss0.bdstatic.com/94o3dSag_xI4khGkpoWK1HF6hhy/baike/c0%3Dbaike92%2C5%2C5%2C92%2C30/sign=8fbb8f88a1ec08fa320d1bf538875608/95eef01f3a292df598468722bd315c6034a8737b.jpg
https://gss3.bdstatic.com/7Po3dSag_xI4khGkpoWK1HF6hhy/baike/c0%3Dbaike92%2C5%2C5%2C92%2C30/sign=8e4f8e559922720e6fc3eaa81aa26123/574e9258d109b3de1b3acf5fcdbf6c81800a4c7b.jpg
https://gss1.bdstatic.com/9vo3dSag_xI4khGkpoWK1HF6hhy/baike/c0%3Dbaike92%2C5%2C5%2C92%2C30/sign=4041c92d6159252db71a155655f2685e/960a304e251f95ca4870b981c8177f3e6709527b.jpg

https://gss1.bdstatic.com/9vo3dSag_xI4khGkpoWK1HF6hhy/baike/c0%3Dbaike92%2C5%2C5%2C92%2C30/sign=3988e931aec3793169658e7b8aaddc20/3b87e950352ac65c51404d44faf2b21193138abb.jpg
https://gss1.bdstatic.com/-vo3dSag_xI4khGkpoWK1HF6hhy/baike/c0%3Dbaike92%2C5%2C5%2C92%2C30/sign=48a81fee3801213fdb3e468e358e5db4/d50735fae6cd7b895be911b40e2442a7d9330e7b.jpg
https://gss3.bdstatic.com/7Po3dSag_xI4khGkpoWK1HF6hhy/baike/c0%3Dbaike92%2C5%2C5%2C92%2C30/sign=dfe1b7064d086e067ea5371963611091/b8389b504fc2d562e24dfbdae61190ef76c66cbb.jpg

https://gss1.bdstatic.com/9vo3dSag_xI4khGkpoWK1HF6hhy/baike/c0%3Dbaike92%2C5%2C5%2C92%2C30/sign=6409d51448540923be646b2cf331ba6c/f703738da97739125aa3ae56f9198618367ae204.jpg
https://gss1.bdstatic.com/-vo3dSag_xI4khGkpoWK1HF6hhy/baike/c0%3Dbaike92%2C5%2C5%2C92%2C30/sign=123cf5ff1b4c510fbac9ea4801304e48/a71ea8d3fd1f413402722e49241f95cad1c85ebb.jpg
https://gss1.bdstatic.com/-vo3dSag_xI4khGkpoWK1HF6hhy/baike/c0%3Dbaike92%2C5%2C5%2C92%2C30/sign=fe3be5f5b3119313d34ef7e2045167b2/c9fcc3cec3fdfc033f3dc88fd53f8794a4c226bb.jpg
https://gss1.bdstatic.com/-vo3dSag_xI4khGkpoWK1HF6hhy/baike/c0%3Dbaike92%2C5%2C5%2C92%2C30/sign=8cd5d5e877094b36cf9f13bfc2a517bc/80cb39dbb6fd52666d6e1723aa18972bd40736bb.jpg
https://gss2.bdstatic.com/-fo3dSag_xI4khGkpoWK1HF6hhy/baike/c0%3Dbaike92%2C5%2C5%2C92%2C30/sign=774085574ec2d562e605d8bf8678fb8a/c995d143ad4bd113bd889c055bafa40f4bfb05bb.jpg
https://gss2.bdstatic.com/-fo3dSag_xI4khGkpoWK1HF6hhy/baike/c0%3Dbaike92%2C5%2C5%2C92%2C30/sign=522c8ae9f11f3a294ec5dd9cf84cd754/0b55b319ebc4b7459dd19c21cefc1e178a8215bb.jpg
https://gss3.bdstatic.com/-Po3dSag_xI4khGkpoWK1HF6hhy/baike/c0%3Dbaike92%2C5%2C5%2C92%2C30/sign=75ca95d3b21c8701c2bbbab44616f54a/2fdda3cc7cd98d105a502706203fb80e7bec9004.jpg
https://gss0.bdstatic.com/94o3dSag_xI4khGkpoWK1HF6hhy/baike/c0%3Dbaike92%2C5%2C5%2C92%2C30/sign=c1b8520f6f061d95694b3f6a1a9d61b4/9a504fc2d56285358d64f91691ef76c6a7ef6304.jpg
https://gss3.bdstatic.com/-Po3dSag_xI4khGkpoWK1HF6hhy/baike/c0%3Dbaike92%2C5%2C5%2C92%2C30/sign=aa6bd6fbc2cec3fd9f33af27b7e1bf5a/a1ec08fa513d26974a97236a54fbb2fb4316d844.jpg
https://gss1.bdstatic.com/9vo3dSag_xI4khGkpoWK1HF6hhy/baike/c0%3Dbaike92%2C5%2C5%2C92%2C30/sign=33425d116c224f4a43947b41689efb37/5fdf8db1cb134954889ac353574e9258d1094a04.jpg

https://gss2.bdstatic.com/9fo3dSag_xI4khGkpoWK1HF6hhy/baike/c0%3Dbaike116%2C5%2C5%2C116%2C38/sign=bd334665462309f7f362a54013676796/023b5bb5c9ea15cec4aab3f8b6003af33b87b2ff.jpg
https://gss2.bdstatic.com/-fo3dSag_xI4khGkpoWK1HF6hhy/baike/c0%3Dbaike150%2C5%2C5%2C150%2C50/sign=07a946feb80e7bec37d70bb34e47d25d/dc54564e9258d1098d76fb43d158ccbf6d814dad.jpg
https://gss3.bdstatic.com/7Po3dSag_xI4khGkpoWK1HF6hhy/baike/c0%3Dbaike150%2C5%2C5%2C150%2C50/sign=0177ea70cb1349546a13e0363727f93d/d000baa1cd11728b18b8ded3c8fcc3cec2fd2cad.jpg
https://gss1.bdstatic.com/9vo3dSag_xI4khGkpoWK1HF6hhy/baike/c0%3Dbaike150%2C5%2C5%2C150%2C50/sign=e34302f90cd79123f4ed9c26cc5d32e7/cf1b9d16fdfaaf51da1dd34e8c5494eef11f7a40.jpg
https://gss0.bdstatic.com/94o3dSag_xI4khGkpoWK1HF6hhy/baike/c0%3Dbaike150%2C5%2C5%2C150%2C50/sign=c950b0eb6059252db71a155655f2685e/77094b36acaf2eddb3651b188d1001e9380193ae.jpg
https://gss2.bdstatic.com/9fo3dSag_xI4khGkpoWK1HF6hhy/baike/c0%3Dbaike180%2C5%2C5%2C180%2C60/sign=9685f23be6cd7b89fd6132d16e4d29c2/728da9773912b31bf2d33fd88618367adbb4e180.jpg
https://gss1.bdstatic.com/9vo3dSag_xI4khGkpoWK1HF6hhy/baike/c0%3Dbaike150%2C5%2C5%2C150%2C50/sign=0334a2f90cd79123f4ed9c26cc5d32e7/cf1b9d16fdfaaf513a6a734e8c5494eef11f7ab2.jpg
https://gss0.bdstatic.com/-4o3dSag_xI4khGkpoWK1HF6hhy/baike/c0%3Dbaike150%2C5%2C5%2C150%2C50/sign=7c6db107a7efce1bfe26c098ce3898bb/838ba61ea8d3fd1fadb650cb304e251f94ca5f80.jpg
https://gss2.bdstatic.com/9fo3dSag_xI4khGkpoWK1HF6hhy/baike/c0%3Dbaike150%2C5%2C5%2C150%2C50/sign=93a70f3dc3cec3fd9f33af27b7e1bf5a/72f082025aafa40f614e3c2cab64034f79f019b2.jpg
https://gss3.bdstatic.com/7Po3dSag_xI4khGkpoWK1HF6hhy/baike/c0%3Dbaike150%2C5%2C5%2C150%2C50/sign=e56c3512572c11dfcadcb771024e09b5/eaf81a4c510fd9f9509fa798252dd42a2934a4b3.jpg
https://gss2.bdstatic.com/9fo3dSag_xI4khGkpoWK1HF6hhy/baike/c0%3Dbaike116%2C5%2C5%2C116%2C38/sign=8a231682ad4bd11310c0bf603bc6cf6a/728da9773912b31bf2e73fd88618367adbb4e1bc.jpg
https://gss0.bdstatic.com/-4o3dSag_xI4khGkpoWK1HF6hhy/baike/c0%3Dbaike116%2C5%2C5%2C116%2C38/sign=9d4157939822720e6fc3eaa81aa26123/14ce36d3d539b600ae45fd46e950352ac75cb7bc.jpg
https://gss1.bdstatic.com/9vo3dSag_xI4khGkpoWK1HF6hhy/baike/c0%3Dbaike116%2C5%2C5%2C116%2C38/sign=1a68734e8c5494ee932f074b4c9c8b9b/bd3eb13533fa828b4fa86f12fd1f4134960a5abc.jpg
https://gss1.bdstatic.com/-vo3dSag_xI4khGkpoWK1HF6hhy/baike/c0%3Dbaike116%2C5%2C5%2C116%2C38/sign=e5a1cee5ab18972bb737089887a410ec/78310a55b319ebc482f284688226cffc1f1716bc.jpg

https://gss1.bdstatic.com/-vo3dSag_xI4khGkpoWK1HF6hhy/baike/c0%3Dbaike60%2C5%2C5%2C60%2C20/sign=c64509360fb30f242197e451a9fcba26/242dd42a2834349bbef7ccd2c9ea15ce37d3bef0.jpg
https://gss0.bdstatic.com/94o3dSag_xI4khGkpoWK1HF6hhy/baike/c0%3Dbaike80%2C5%2C5%2C80%2C26/sign=784e78dba5efce1bfe26c098ce3898bb/024f78f0f736afc391900448b119ebc4b745127a.jpg
https://gss0.bdstatic.com/-4o3dSag_xI4khGkpoWK1HF6hhy/baike/c0%3Dbaike92%2C5%2C5%2C92%2C30/sign=c56ac486b4fd5266b3263446ca71fc4e/0df3d7ca7bcb0a46b6be43546963f6246b60af3b.jpg
https://gss1.bdstatic.com/-vo3dSag_xI4khGkpoWK1HF6hhy/baike/c0%3Dbaike92%2C5%2C5%2C92%2C30/sign=2f4b419f6c224f4a43947b41689efb37/5fdf8db1cb1349549493dfdd574e9258d0094afd.jpg
https://gss1.bdstatic.com/9vo3dSag_xI4khGkpoWK1HF6hhy/baike/c0%3Dbaike72%2C5%2C5%2C72%2C24/sign=01e2a3fc033b5bb5aada28ac57babe5c/6609c93d70cf3bc7b6eb6fbbd100baa1cc112af9.jpg
https://gss0.bdstatic.com/-4o3dSag_xI4khGkpoWK1HF6hhy/baike/c0%3Dbaike80%2C5%2C5%2C80%2C26/sign=3964dccee71190ef15f69a8daf72f673/4afbfbedab64034fc4a1ce25afc379310a551da0.jpg
https://gss3.bdstatic.com/-Po3dSag_xI4khGkpoWK1HF6hhy/baike/c0%3Dbaike80%2C5%2C5%2C80%2C26/sign=9a0f2b59b13533fae1bb9b7cc9ba967a/9f2f070828381f306af32ffea9014c086f06f0fb.jpg
https://gss2.bdstatic.com/-fo3dSag_xI4khGkpoWK1HF6hhy/baike/c0%3Dbaike92%2C5%2C5%2C92%2C30/sign=3d113c03034f78f0940692a118586130/d439b6003af33a872faca24dc65c10385243b5a0.jpg
https://gss0.bdstatic.com/-4o3dSag_xI4khGkpoWK1HF6hhy/baike/c0%3Dbaike116%2C5%2C5%2C116%2C38/sign=4018fe6659b5c9ea76fe0bb1b450dd65/d1a20cf431adcbef028ab66baeaf2edda3cc9f25.jpg

https://gss0.bdstatic.com/94o3dSag_xI4khGkpoWK1HF6hhy/baike/c0%3Dbaike150%2C5%2C5%2C150%2C50/sign=8818330233adcbef15397654cdc645b8/3b292df5e0fe9925e48b639636a85edf8cb17174.jpg
https://gss3.bdstatic.com/-Po3dSag_xI4khGkpoWK1HF6hhy/baike/c0%3Dbaike92%2C5%2C5%2C92%2C30/sign=737ac2e94334970a537e187df4a3baad/29381f30e924b89972a873fe6c061d950b7bf664.jpg
