
http://pic.pimg.tw/a780615/1423362297-1123922277.jpg	http://a780615.pixnet.net/blog/post/409309573-%E6%B8%85%E9%BA%97%E8%84%AB%E4%BF%97%E9%83%81%E6%9D%8E%E8%8A%B1
http://e.share.photo.xuite.net/bruce0342/1e07d0b/10988487/512922436_m.jpg	http://bruce0342.blogspot.com/2009/02/blog-post_19.html
http://pic.pimg.tw/airmoven/b075f985eb3635af02c02fcc5f419fdf.jpg?v=1294811878	http://airmoven.pixnet.net/blog/post/41357594-%E9%83%81%E6%9D%8E
http://a4.att.hudong.com/25/79/01300000171642121791797370588_s.jpg	http://www.baike.com/wiki/%E9%83%81%E6%9D%8E
http://pic.pimg.tw/je8836/1383675043-1552356112.jpg	http://je8836.pixnet.net/blog/post/166803063-%E7%94%9F%E6%B4%BB%E9%9A%A8%E6%89%8B%E6%8B%8D~%E4%B8%8D%E6%9C%9F%E8%80%8C%E9%81%87%E7%9A%84%E9%A9%9A%E5%A5%87%28%E9%83%81%E6%9D%8E%E8%8A%B1%26%E6%AB%BB%E8%8A%B1%29
http://kplant.biodiv.tw/%E9%83%81%E6%9D%8E/%E9%83%81%E6%9D%8E-%E8%8A%B107.jpg	http://kplant.biodiv.tw/%E9%83%81%E6%9D%8E/%E9%83%81%E6%9D%8E.htm
http://pic.pimg.tw/a780615/1423362374-401781623.jpg	http://a780615.pixnet.net/blog/post/409309573-%E6%B8%85%E9%BA%97%E8%84%AB%E4%BF%97%E9%83%81%E6%9D%8E%E8%8A%B1
http://www.yuhuagu.com/uploads/allimg/120623/10-120623133450.jpg	http://www.yuhuagu.com/ktsh/3397.html
http://www.baihuamen.com/d/file/2014/03-11/a74a8e014bcc8b4c41b37fe77b630ccc.jpg	http://www.baihuamen.com/yuli/
https://i1.kknews.cc/large/242b00026872a724f998	https://kknews.cc/agriculture/vakn6ml.html
http://a.share.photo.xuite.net/shakylee66/1a87950/13086675/667136125_m.jpg	http://blog.xuite.net/shakylee66/twblog/143711801-%E9%83%81%E6%9D%8E_%E4%B8%AD%E5%BA%AD%E7%9A%84%E6%A4%8D%E6%A0%BD
http://www.yljh.mlc.edu.tw/flower/flower/%E9%83%81%E6%9D%8E010.jpg	http://www.yljh.mlc.edu.tw/flower/photos_view.asp?title=%AD%A7%A7%F5&aserior=40&address=flower/
https://7.share.photo.xuite.net/p160418/17eea5c/10590827/490314737_m.jpg	http://blog.xuite.net/p160418/twblog/131027898-%E9%83%81%E6%9D%8E%E8%8A%B1~%E7%BE%8E%E9%BA%97%E7%9A%84%E5%B0%8F%E8%8A%B1~2
https://1.share.photo.xuite.net/chkt3388/117221f/11646864/548745871_m.jpg	http://blog.xuite.net/chkt3388/twblog/134506227-%E9%83%81%E6%9D%8E
http://pic.pimg.tw/airmoven/90696bb989bd717ce5dbdccb00719810.jpg?v=1294811878	http://airmoven.pixnet.net/blog/post/41357594-%E9%83%81%E6%9D%8E
http://pic.pimg.tw/yhcchc/1391138828-3607708346_n.jpg	http://yhcchc.pixnet.net/blog/post/349490168-%E9%83%81%E6%9D%8E%E8%8A%B1%E9%96%8B%E8%BF%8E%E6%96%B0%E6%98%A5
https://c.share.photo.xuite.net/adslee/1c80615/9323899/403832986_m.jpg	http://blog.xuite.net/adslee/hkblog/117976613-%E9%83%81%E6%9D%8E%EF%BC%8E%E8%A5%BF%E6%B4%8B%E6%A2%85
http://a0.att.hudong.com/73/82/01300000171642121791820493073_s.jpg	http://www.baike.com/wiki/%E9%83%81%E6%9D%8E
http://garden.ibcas.ac.cn/4/yuli.jpg	http://garden.ibcas.ac.cn/4/yuli.htm
http://blog.sina.com.tw/myimages/192/5568/images/20100102154644272.jpg	http://blog.sina.com.tw/5568/article.php?pbgid=5568&entryid=584835
http://www.baihuamen.com/d/file/2014/03-11/e1c220093db798aa36f361606a24b981.jpg	http://www.baihuamen.com/yuli/
http://farm4.static.flickr.com/3453/3281241726_bd1f8b7768.jpg	https://www.peopo.org/news/28892
http://kplant.biodiv.tw/%E9%83%81%E6%9D%8E/%E9%83%81%E6%9D%8E3.jpg	http://kplant.biodiv.tw/%E9%83%81%E6%9D%8E/%E9%83%81%E6%9D%8E.htm
http://pic7.nipic.com/20100529/3377909_205720041486_2.jpg	http://www.nipic.com/show/1/44/6585a3fbb0999797.html
http://pic.pimg.tw/teddy0409/1387334891-3860361846.jpg	http://teddy0409.pixnet.net/blog/post/330589175-%E5%8C%97%E5%8F%B0%E7%81%A3%E9%9B%A3%E5%BE%97%E8%A6%8B%E5%88%B0%E7%9A%84-%E9%83%81%E6%9D%8E
http://a4.att.hudong.com/43/79/01300000171642121791795222680_s.jpg	http://www.baike.com/wiki/%E9%83%81%E6%9D%8E
http://fs1.shop123.com.tw/200443/upload/product/2004433551pic_big_558969.jpg	http://www.gp-garden.com/product.php?pid_for_show=3551
http://163.30.200.21/plant/sites/default/files/1.%E6%96%B0%E5%9D%A1%E5%9C%8B%E5%B0%8F%E5%85%A7%E7%9A%84%E9%83%81%E6%9D%8E.JPG	http://163.30.200.21/plant/node/127
http://web.kinmen.gov.tw/MultiMedia_ImageResize.ashx?guid=a5ade5f0-f45c-47e4-80c3-b150902a9111&max=550&mode=Max	http://web.kinmen.gov.tw/Layout/sub_F/ArtHtml_Show.aspx?ID=23ec7afc-eff5-435f-819e-de614780b447&path=10247
http://a0.att.hudong.com/16/80/01300000171642121791800695632_s.jpg	http://www.baike.com/wiki/%E9%83%81%E6%9D%8E
http://www.gdyuanlin.cn/miaomuimages/%E9%83%81%E6%9D%8E.jpg	http://www.gdyuanlin.cn/wikipedia/57371274.html
http://pic.pimg.tw/dawnchorus/5b8677da32e1a660a8f6138f3099fbf0.jpg	http://dawnchorus.pixnet.net/blog/post/33912339-%E9%83%81%E6%9D%8E
http://pic.pimg.tw/arthur5320/1378863179-321652858.jpg	http://arthur5320.pixnet.net/blog/post/36940129-%E9%83%81%E6%9D%8E
http://www.mhlib.sh.cn/eweb/uploadfile/20110905053515516.jpg	http://www.mhlib.sh.cn/blog/xiangxi.asp?fid=19593
https://1.share.photo.xuite.net/chkt3388/11722f5/11646864/548742757_m.jpg	http://blog.xuite.net/chkt3388/twblog/134506227-%E9%83%81%E6%9D%8E
http://i1010.photobucket.com/albums/af223/Simon9588/DY8A6375_zpsyoeglnui.jpg	http://www.dchome.net/forum.php?mod=viewthread&tid=1317369
http://pic.pimg.tw/papilio0204/1427625401-1708745125.jpg	http://papilio0204.pixnet.net/blog/post/60387418-%E5%AF%8C%E8%B2%B4%E8%8A%B1%E5%AE%B9%E5%8B%9D%E7%89%A1%E4%B8%B9%EF%BC%8D%E9%87%91%E9%96%80%E7%93%8A%E6%9E%97%E9%A2%A8%E7%8D%85%E7%88%BA%E6%97%81%E9%87%8D%E7%93%A3%E9%83%81%E6%9D%8E
http://www.168hm.com/Public/2015/05/20/58631gjMWNRPx023609.jpg	http://www.168hm.com/Category/item_1231.html
http://blog.sina.com.tw/myimages/192/5568/images/20110316101603370.jpg	http://blog.sina.com.tw/5568/article.php?entryid=601448
https://upload.wikimedia.org/wikipedia/commons/thumb/8/8d/Prunus_japonica_flower.jpg/250px-Prunus_japonica_flower.jpg	https://zh.wikipedia.org/wiki/%E9%83%81%E6%9D%8E
http://2.bp.blogspot.com/-u1QfNMwm_BM/VPBPHDIYm9I/AAAAAAAA9lI/M8zlC7pbPfs/s1600/20150216%2B%E6%B3%B0%E5%AE%89%E6%B4%BE%E5%87%BA%E6%89%80-%E9%83%81%E6%9D%8E%2B(6).jpg	http://chiaming0501.blogspot.com/2015/03/blog-post_25.html
http://a.share.photo.xuite.net/cshuang2/1ae6518/12707444/638648228_m.jpg	http://blog.xuite.net/cshuang2/twblog/140173360-%E9%83%81%E6%9D%8E
http://pic1.huashichang.com/2016/0724/22/5794d7ce52855.jpg	http://m.aihuhua.com/tu/yuli.html
http://4.bp.blogspot.com/-ulXplbPNeYo/VPBOmdgKDPI/AAAAAAAA9lI/TtX7x8PHgyQ/s1600/20150216%2B%E6%B3%B0%E5%AE%89%E6%B4%BE%E5%87%BA%E6%89%80-%E9%83%81%E6%9D%8E%2B(1).jpg	http://chiaming0501.blogspot.com/2015/03/blog-post_25.html
http://www.yljh.mlc.edu.tw/flower/flower/%E9%83%81%E6%9D%8E012.jpg	http://www.yljh.mlc.edu.tw/flower/photos_view.asp?title=%AD%A7%A7%F5&aserior=40&address=flower/
https://pic.pimg.tw/lwc737/1457436854-2386318832.jpg	http://lwc737.pixnet.net/blog/post/445111007-%E9%83%81%E6%9D%8E
http://www.huacaoshumu.net/attached/tupian/Y23/20140309-0.jpg	http://www.huacaoshumu.net/zhiwu/yuli.php
http://kplant.biodiv.tw/%E9%83%81%E6%9D%8E/%E9%83%81%E6%9D%8E-%E8%91%890.jpg	http://kplant.biodiv.tw/%E9%83%81%E6%9D%8E/%E9%83%81%E6%9D%8E.htm
http://pic.pimg.tw/papilio0204/4add85cdad1bd.jpg	http://papilio0204.pixnet.net/blog/post/1465574-%E5%B8%B8%E6%A3%A3%E4%B9%8B%E8%8F%AF%EF%BC%8D%E9%87%91%E9%96%80%E5%A4%AA%E6%AD%A6%E5%B1%B1%E9%83%81%E6%9D%8E
http://www.zhiwu365.com/uploads/plant/118_yuli/default/original/3_yuli.jpg	http://www.zhiwu365.com/plant/126
http://www.baihuamen.com/d/file/2014/03-11/3d631458c5295684a99471a9adabc73c.jpg	http://www.baihuamen.com/yuli/
https://www.huabaike.com/uploads/allimg/sltimg/201608/57ac45443afab.jpg	https://m.huabaike.com/binghai/4969.html
http://farm9.staticflickr.com/8213/8396537269_ce0187e033.jpg	https://yuo.nidbox.com/diary/read/8361769
http://pic.pimg.tw/visitkinmen/1329557692-2240060905.jpg?v=1329557693	http://visitkinmen.pixnet.net/blog/post/42805231-%E5%9C%A8%E9%87%91%E9%96%80%E8%88%87%E6%A4%8D%E7%89%A9%E5%B0%8D%E8%A9%B1-%E5%96%AE%E7%93%A3%E9%83%81%E6%9D%8E
https://www.huabaike.com/uploads/allimg/artimg/201608/20160811171200_61171.jpg	https://www.huabaike.com/jtyh/4962.html
http://www.clmmc.top/upfile/images/%E5%9C%B0%E8%A2%AB/%E9%83%81%E6%9D%8E.jpg	http://www.clmmc.top/557/0/128
https://www.huabaike.com/uploads/allimg/sltimg/201608/57ac41f09a6ad.jpg	https://www.huabaike.com/hyjk/4966.html
http://img.xunhai.com/2015/11/25/144846541930986.jpg	http://www.xunhai.com/yuli/2015/1125/3296.html
https://www.huabaike.com/uploads/allimg/sltimg/201608/57ac428583bba.jpg	https://www.huabaike.com/hyjk/4966.html
http://a1.att.hudong.com/87/83/01300000171642121791833328253_s.jpg	http://www.baike.com/wiki/%E9%83%81%E6%9D%8E
http://pic.pimg.tw/peter19731112/1424868562-719549814_n.jpg	http://peter19731112.pixnet.net/blog/post/411576496-%E9%83%81%E6%9D%8E%28%E8%A5%BF%E6%B4%8B%E6%A2%85%29
http://ww3.sinaimg.cn/large/506c59dajw1ereewnse3uj215o0q2ai3.jpg	http://blog.sina.com.cn/s/blog_506c59da0102vxj8.html
http://pic.pimg.tw/zinkou/499d5dbab0bdd.jpg	http://zinkou.pixnet.net/blog/post/24368357-%E9%83%81%E6%9D%8E%28%E4%BA%8C%29
https://www.huabaike.com/uploads/allimg/sltimg/201608/bp_57ac436a8ccb5.jpg	https://m.huabaike.com/binghai/4969.html
https://gss0.bdstatic.com/-4o3dSag_xI4khGkpoWK1HF6hhy/baike/s%3D220/sign=b0317bfe71cb0a4681228c3b5b62f63e/b3b7d0a20cf431ad772dda3d4136acaf2edd9833.jpg	https://baike.baidu.com/item/%E9%83%81%E6%9D%8E
http://s3.sinaimg.cn/middle/640a24ddhc44d4f704242&690	http://blog.sina.com.cn/s/blog_640a24dd0102dyoc.html
http://pic.pimg.tw/zinkou/499d5cc53572e.jpg	http://zinkou.pixnet.net/blog/post/24368383-%E9%83%81%E6%9D%8E%28%E4%B8%80%29
http://img.boqiicdn.com/Data/BK/A/1511/3/imagick75511446535022_y.jpg	http://m.boqii.com/entry/detail/2178.html
http://e.share.photo.xuite.net/bruce0342/1e07dc1/10988487/512918266_m.jpg	http://bruce0342.blogspot.com/2009/02/blog-post_19.html
http://2.bp.blogspot.com/-CEDKuSt9_5s/UvDyXzAdPPI/AAAAAAAACXE/C_eQnLS7bvg/s1600/DSCN1826.JPG	http://blog.xuite.net/flora700712/hkblog/200359483
http://pic4.55jia.net/fengshuizhiwu/26/a331067.jpg	http://www.55jia.net/75/322555.html
http://lhsr.sh.gov.cn/Plugins/ueditor1_2_3_0-utf8-net/net/upload/2013-04-03/ae1f80bc-0aec-4c31-8520-e6af993e0a70.jpg	http://lhsr.sh.gov.cn/sites/wuzhangai_lhsr/neirong/9d99a135-2438-4e21-bbd4-34a52407f5ca/145dd0ee-6152-44b3-85a6-dab91857c56b/
https://www.huabaike.com/uploads/allimg/artimg/201608/20160811171537_28775.jpg	https://www.huabaike.com/hyjk/4964.html
http://kplant.biodiv.tw/%E9%83%81%E6%9D%8E/%E9%83%81%E6%9D%8E-%E8%8A%B1%E8%8B%9E2.jpg	http://kplant.biodiv.tw/%E9%83%81%E6%9D%8E/%E9%83%81%E6%9D%8E.htm
http://web.kinmen.gov.tw/MultiMedia_ImageResize.ashx?guid=8113fde5-2b18-44e6-ba13-88dcb72d40c9&max=550&mode=Max	http://web.kinmen.gov.tw/Layout/sub_F/ArtHtml_Show.aspx?ID=23ec7afc-eff5-435f-819e-de614780b447&path=10247
http://www.yljh.mlc.edu.tw/flower/flower/%E9%83%81%E6%9D%8E004.jpg	http://www.yljh.mlc.edu.tw/flower/photos_view.asp?title=%AD%A7%A7%F5&aserior=40&address=flower/
http://www.naturelib.net/sites/default/files/styles/larger/public/field/image/DSC_0390%E9%83%81%E6%9D%8E.jpg?itok=hAxJZ-cn	http://www.naturelib.net/node/300
http://pic.pimg.tw/taconet/1391053716-3652610808.jpg	http://taconet.pixnet.net/blog/post/42844591-%E8%96%94%E8%96%87%E7%A7%91-%E9%83%81%E6%9D%8E
http://a2.att.hudong.com/84/04/20300543498568144639047103106_s.jpg	http://www.baike.com/wiki/%E9%83%81%E6%9D%8E%E8%8A%B1
https://www.huabaike.com/uploads/allimg/sltimg/201702/589880420be48.jpg	https://www.huabaike.com/hyjk/4966.html
http://www.51hm.cn/zwpic/%E9%83%81%E6%9D%8E1.jpg	http://www.51hm.cn/zw/zwshow.asp?zwid=1086
https://c.share.photo.xuite.net/a780615/1cbbb77/10446211/481851124_m.jpg	http://blog.xuite.net/a780615/twblog/127836250-%E6%B8%85%E9%BA%97%E7%9A%84%E9%83%81%E6%9D%8E%E8%8A%B1
http://link.photo.pchome.com.tw/s12/rocky_16888/572/132976205973/	http://mypaper.pchome.com.tw/rocky16888/post/1322786731
http://www.yljh.mlc.edu.tw/flower/flower/%E9%83%81%E6%9D%8E005.jpg	http://www.yljh.mlc.edu.tw/flower/photos_view.asp?title=%AD%A7%A7%F5&aserior=40&address=flower/
http://8.share.photo.xuite.net/brday1257/18065ec/9358718/1117377134_l.jpg	http://blog.xuite.net/brday1257/twblog/112196536-%E9%83%81%E6%9D%8E
http://4.bp.blogspot.com/-mZPnOXNNCK0/VPBOpyC9q0I/AAAAAAAA9lI/jOVADH17yZY/s1600/20150216%2B%E6%B3%B0%E5%AE%89%E6%B4%BE%E5%87%BA%E6%89%80-%E9%83%81%E6%9D%8E%2B(16).jpg	http://chiaming0501.blogspot.com/2015/03/blog-post_25.html
http://blog.sina.com.tw/myimages/192/5568/images/20100102154644973.jpg	http://blog.sina.com.tw/5568/article.php?pbgid=5568&entryid=584835
http://www.weshare.hk/uploads/17674/XvOn5mrflvutyeGnAyeuXQ.jpg	http://weshare.com.hk/leunggillian/articles/2343635
http://www.yuhuagu.com/uploads/allimg/120625/43-120625052341.jpg	http://www.yuhuagu.com/ktsh/3397.html
https://7.share.photo.xuite.net/p160418/17eea70/10590827/490311685_m.jpg	http://blog.xuite.net/p160418/twblog/131027898-%E9%83%81%E6%9D%8E%E8%8A%B1~%E7%BE%8E%E9%BA%97%E7%9A%84%E5%B0%8F%E8%8A%B1~2
http://b2b.image.yuanlin.com/biz/2012-2/2012221527269704.jpg	http://www.yuanlin.com/b2b/sell_detail_167011.html
https://img1.doubanio.com/lpic/s25808488.jpg	https://www.douban.com/subject/21805763/?dcs=sim
http://pic.pimg.tw/a780615/1423362436-3257050884.jpg	http://a780615.pixnet.net/blog/post/409309573-%E6%B8%85%E9%BA%97%E8%84%AB%E4%BF%97%E9%83%81%E6%9D%8E%E8%8A%B1
http://www.baihuamen.com/d/file/2014/03-11/4d111dca3ef1a1e44536824d770e7847.jpg	http://www.baihuamen.com/yuli/
https://gss1.bdstatic.com/-vo3dSag_xI4khGkpoWK1HF6hhy/baike/s%3D220/sign=4236c5ea73310a55c024d9f687454387/f3d3572c11dfa9ec3f13090e68d0f703918fc1ee.jpg	https://baike.baidu.com/item/%E9%95%BF%E6%A2%97%E9%83%81%E6%9D%8E
http://pic.pimg.tw/visitkinmen/1329704283-1420216696.jpg	http://visitkinmen.pixnet.net/blog/post/42805231-%E5%9C%A8%E9%87%91%E9%96%80%E8%88%87%E6%A4%8D%E7%89%A9%E5%B0%8D%E8%A9%B1-%E5%96%AE%E7%93%A3%E9%83%81%E6%9D%8E
http://4.share.photo.xuite.net/bu9525/14d8e37/9699787/426918508_m.jpg	http://blog.xuite.net/bu9525/twblog/120166681-%E9%83%81%E6%9D%8E
http://wiki.diphda.info/lib/exe/fetch.php/%E6%A4%8D%E7%89%A9/%E9%87%8D%E7%93%A3%E9%83%81%E6%9D%8E.jpg	http://wiki.diphda.info/doku.php/%E6%A4%8D%E7%89%A9/%E9%83%81%E6%9D%8E
http://p.d1xz.net/2014/6/26/210342804280.jpg	http://www.d1xz.net/astro/huayu/art54819.aspx
http://8.share.photo.xuite.net/brday1257/18065d2/9358718/1117377620_l.jpg	http://blog.xuite.net/brday1257/twblog/112196536-%E9%83%81%E6%9D%8E
