
https://gss1.bdstatic.com/9vo3dSag_xI4khGkpoWK1HF6hhy/baike/c0%3Dbaike92%2C5%2C5%2C92%2C30/sign=1e0cbbd9b58f8c54f7decd7d5b404690/f636afc379310a550244a3c3b64543a9822610a0.jpg
https://gss1.bdstatic.com/-vo3dSag_xI4khGkpoWK1HF6hhy/baike/c0%3Dbaike92%2C5%2C5%2C92%2C30/sign=89f516d88cb1cb132a643441bc3d3d2b/b8014a90f603738d142a7115b21bb051f819eca1.jpg

https://gss1.bdstatic.com/9vo3dSag_xI4khGkpoWK1HF6hhy/baike/c0%3Dbaike116%2C5%2C5%2C116%2C38/sign=72897615454a20a425133495f13bf347/2934349b033b5bb5f8750ef93cd3d539b600bc12.jpg
https://gss3.bdstatic.com/-Po3dSag_xI4khGkpoWK1HF6hhy/baike/c0%3Dbaike116%2C5%2C5%2C116%2C38/sign=8a841162b919ebc4d4757ecbe34fa499/86d6277f9e2f0708db8d0407e324b899a901f229.jpg
https://gss0.bdstatic.com/-4o3dSag_xI4khGkpoWK1HF6hhy/baike/c0%3Dbaike116%2C5%2C5%2C116%2C38/sign=130fd220753e6709aa0d4dad5aaef458/ac6eddc451da81cb8d52adca5866d01609243104.jpg
https://gss1.bdstatic.com/9vo3dSag_xI4khGkpoWK1HF6hhy/baike/c0%3Dbaike92%2C5%2C5%2C92%2C30/sign=523f856605b30f242197e451a9fcba26/eaf81a4c510fd9f9fe9c7b6e2f2dd42a2834a429.jpg
https://gss1.bdstatic.com/-vo3dSag_xI4khGkpoWK1HF6hhy/baike/c0%3Dbaike116%2C5%2C5%2C116%2C38/sign=631e4951da160924c828aa49b56e5e9f/f636afc379310a5566faf0f3bd4543a9832610de.jpg

https://gss3.bdstatic.com/7Po3dSag_xI4khGkpoWK1HF6hhy/baike/c0%3Dbaike92%2C5%2C5%2C92%2C30/sign=9d4ba4930a24ab18f41be96554938da8/0b46f21fbe096b6339091fe50f338744ebf8ac77.jpg
https://gss2.bdstatic.com/-fo3dSag_xI4khGkpoWK1HF6hhy/baike/c0%3Dbaike116%2C5%2C5%2C116%2C38/sign=a5e2bd6f16ce36d3b6098b625b9a51e2/30adcbef76094b3652f85a58a0cc7cd98d109d19.jpg
https://gss3.bdstatic.com/7Po3dSag_xI4khGkpoWK1HF6hhy/baike/c0%3Dbaike80%2C5%2C5%2C80%2C26/sign=c645c79eb351f819e5280b18bbdd2188/caef76094b36acafd18ad7497fd98d1001e99c19.jpg
https://gss0.bdstatic.com/94o3dSag_xI4khGkpoWK1HF6hhy/baike/c0%3Dbaike80%2C5%2C5%2C80%2C26/sign=b343c4d4fb198618554ae7d62b844516/77094b36acaf2edda394085c8e1001e939019319.jpg

https://gss1.bdstatic.com/9vo3dSag_xI4khGkpoWK1HF6hhy/baike/c0%3Dbaike92%2C5%2C5%2C92%2C30/sign=466537e88026cffc7d27b7e0d86821f5/b3119313b07eca8094187896932397dda14483a6.jpg

https://gss0.bdstatic.com/-4o3dSag_xI4khGkpoWK1HF6hhy/baike/c0%3Dbaike150%2C5%2C5%2C150%2C50/sign=8449c96dbc3eb13550cabfe9c777c3b6/a5c27d1ed21b0ef41f967ddbddc451da81cb3e3c.jpg
https://gss2.bdstatic.com/9fo3dSag_xI4khGkpoWK1HF6hhy/baike/c0%3Dbaike150%2C5%2C5%2C150%2C50/sign=8490058cb6003af359b7d4325443ad39/7aec54e736d12f2e0b7b4be54fc2d5628535683d.jpg
https://gss1.bdstatic.com/-vo3dSag_xI4khGkpoWK1HF6hhy/baike/c0%3Dbaike150%2C5%2C5%2C150%2C50/sign=17f726b6738da9775a228e79d138937c/8b13632762d0f703cce8705908fa513d2797c5d9.jpg
https://gss0.bdstatic.com/-4o3dSag_xI4khGkpoWK1HF6hhy/baike/c0%3Dbaike220%2C5%2C5%2C220%2C73/sign=76d000170cf431ada8df4b6b2a5fc7ca/f2deb48f8c5494ee3478ea9c2df5e0fe98257ed9.jpg
https://gss3.bdstatic.com/7Po3dSag_xI4khGkpoWK1HF6hhy/baike/c0%3Dbaike220%2C5%2C5%2C220%2C73/sign=7543ab410ad162d991e36a4e70b6c289/f31fbe096b63f6241c2bdc868744ebf81b4ca3c5.jpg
https://gss1.bdstatic.com/9vo3dSag_xI4khGkpoWK1HF6hhy/baike/c0%3Dbaike150%2C5%2C5%2C150%2C50/sign=81928188269759ee5e5d6899d3922873/5ab5c9ea15ce36d35c5166b53af33a87e850b1da.jpg

https://gss0.bdstatic.com/94o3dSag_xI4khGkpoWK1HF6hhy/baike/c0%3Dbaike80%2C5%2C5%2C80%2C26/sign=475f64a30a46f21fdd395601974d0005/18d8bc3eb13533fa121eb976a8d3fd1f41345b39.jpg
https://gss0.bdstatic.com/94o3dSag_xI4khGkpoWK1HF6hhy/baike/c0%3Dbaike80%2C5%2C5%2C80%2C26/sign=94a6982cebf81a4c323fe49bb6430b3c/4034970a304e251f0d5fcea0a786c9177f3e5339.jpg
https://gss3.bdstatic.com/7Po3dSag_xI4khGkpoWK1HF6hhy/baike/c0%3Dbaike80%2C5%2C5%2C80%2C26/sign=ffcc3a45d42a283457ab3e593adca28f/c8177f3e6709c93def5a24af9f3df8dcd1005439.jpg
https://gss2.bdstatic.com/-fo3dSag_xI4khGkpoWK1HF6hhy/baike/c0%3Dbaike80%2C5%2C5%2C80%2C26/sign=6f7f0aa636d3d539d53007915bee8235/f9dcd100baa1cd11d41e5878b912c8fcc3ce2d39.jpg
https://gss1.bdstatic.com/-vo3dSag_xI4khGkpoWK1HF6hhy/baike/c0%3Dbaike80%2C5%2C5%2C80%2C26/sign=2198716e1d950a7b613846966bb809bc/e61190ef76c6a7efa38b827efdfaaf51f3de663c.jpg
https://gss3.bdstatic.com/7Po3dSag_xI4khGkpoWK1HF6hhy/baike/c0%3Dbaike80%2C5%2C5%2C80%2C26/sign=6f37139c31adcbef15397654cdc645b8/b7fd5266d0160924148d8843d40735fae6cd3439.jpg
https://gss1.bdstatic.com/9vo3dSag_xI4khGkpoWK1HF6hhy/baike/c0%3Dbaike80%2C5%2C5%2C80%2C26/sign=44851e813901213fdb3e468e358e5db4/9f510fb30f2442a710a6d7fdd143ad4bd1130239.jpg
https://gss2.bdstatic.com/9fo3dSag_xI4khGkpoWK1HF6hhy/baike/c0%3Dbaike80%2C5%2C5%2C80%2C26/sign=98d6ed77be096b63951456026d5aec21/b03533fa828ba61e3a43e2774134970a304e593c.jpg
https://gss0.bdstatic.com/-4o3dSag_xI4khGkpoWK1HF6hhy/baike/c0%3Dbaike80%2C5%2C5%2C80%2C26/sign=128e827efdfaaf5190ee89eded3dff8b/aec379310a55b3193751a82d43a98226cffc1739.jpg
https://gss1.bdstatic.com/-vo3dSag_xI4khGkpoWK1HF6hhy/baike/c0%3Dbaike80%2C5%2C5%2C80%2C26/sign=fe25d68215ce36d3b6098b625b9a51e2/9e3df8dcd100baa168816de34710b912c8fc2e3c.jpg
https://gss1.bdstatic.com/-vo3dSag_xI4khGkpoWK1HF6hhy/baike/c0%3Dbaike80%2C5%2C5%2C80%2C26/sign=05eed5e865380cd7f213aabfc02dc651/a5c27d1ed21b0ef4ae45b206ddc451da81cb3e3c.jpg
https://gss3.bdstatic.com/7Po3dSag_xI4khGkpoWK1HF6hhy/baike/c0%3Dbaike80%2C5%2C5%2C80%2C26/sign=6f32139c31adcbef15397654cdc645b8/b7fd5266d016092414888843d40735fae6cd343c.jpg
https://gss0.bdstatic.com/-4o3dSag_xI4khGkpoWK1HF6hhy/baike/c0%3Dbaike80%2C5%2C5%2C80%2C26/sign=8fa6b3c72edda3cc1fe9b07260805264/962bd40735fae6cdbf1981390fb30f2442a70f3c.jpg
https://gss1.bdstatic.com/-vo3dSag_xI4khGkpoWK1HF6hhy/baike/c0%3Dbaike80%2C5%2C5%2C80%2C26/sign=c4ab6fa73bc79f3d9becec62dbc8a674/a8ec8a13632762d0fa958ee7a0ec08fa513dc63a.jpg
https://gss2.bdstatic.com/9fo3dSag_xI4khGkpoWK1HF6hhy/baike/c0%3Dbaike80%2C5%2C5%2C80%2C26/sign=d96be36b9245d688b70fbaf6c5ab167b/b3fb43166d224f4a3a32594b09f790529822d13a.jpg

https://gss3.bdstatic.com/-Po3dSag_xI4khGkpoWK1HF6hhy/baike/c0%3Dbaike92%2C5%2C5%2C92%2C30/sign=ec58a3ff1b4c510fbac9ea4801304e48/a71ea8d3fd1f4134fc167849241f95cad1c85ee7.jpg

https://gss1.bdstatic.com/-vo3dSag_xI4khGkpoWK1HF6hhy/baike/c0%3Dbaike92%2C5%2C5%2C92%2C30/sign=0a87bd927c3e6709aa0d4dad5aaef458/0b7b02087bf40ad1cfd88656542c11dfa9ecce43.jpg
https://gss3.bdstatic.com/7Po3dSag_xI4khGkpoWK1HF6hhy/baike/c0%3Dbaike80%2C5%2C5%2C80%2C26/sign=3acba54da486c9171c0e5a6ba8541baa/7af40ad162d9f2d3f82d655aaaec8a136327cc43.jpg
https://gss0.bdstatic.com/94o3dSag_xI4khGkpoWK1HF6hhy/baike/c0%3Dbaike92%2C5%2C5%2C92%2C30/sign=d708bdb873cf3bc7fc0dc5beb069d1c4/0bd162d9f2d3572ca1dedd698913632762d0c343.jpg

https://gss1.bdstatic.com/-vo3dSag_xI4khGkpoWK1HF6hhy/baike/c0%3Dbaike92%2C5%2C5%2C92%2C30/sign=441d98265e6034a83defb0d3aa7a2231/cefc1e178a82b90197a8d214718da9773912ef94.jpg
https://gss2.bdstatic.com/9fo3dSag_xI4khGkpoWK1HF6hhy/baike/c0%3Dbaike92%2C5%2C5%2C92%2C30/sign=e04d09e2e2fe9925df01610255c135ba/b64543a98226cffcc473ae95bb014a90f603eab8.jpg
https://gss1.bdstatic.com/9vo3dSag_xI4khGkpoWK1HF6hhy/baike/c0%3Dbaike92%2C5%2C5%2C92%2C30/sign=f20f88b82cdda3cc1fe9b07260805264/5366d0160924ab182e12f01037fae6cd7b890b94.jpg
https://gss1.bdstatic.com/9vo3dSag_xI4khGkpoWK1HF6hhy/baike/c0%3Dbaike80%2C5%2C5%2C80%2C26/sign=f311114f6963f62408503151e62d809d/32fa828ba61ea8d3fc11ee72950a304e251f5890.jpg
https://gss2.bdstatic.com/-fo3dSag_xI4khGkpoWK1HF6hhy/baike/c0%3Dbaike150%2C5%2C5%2C150%2C50/sign=092c89399c2f07084b082252884dd3fc/472309f790529822fcf4a2b5d5ca7bcb0b46d485.jpg
https://gss2.bdstatic.com/9fo3dSag_xI4khGkpoWK1HF6hhy/baike/c0%3Dbaike116%2C5%2C5%2C116%2C38/sign=96e05f5938292df583cea447dd583705/838ba61ea8d3fd1f433a384c324e251f95ca5f90.jpg
https://gss2.bdstatic.com/-fo3dSag_xI4khGkpoWK1HF6hhy/baike/c0%3Dbaike92%2C5%2C5%2C92%2C30/sign=6a3afcf88bb1cb132a643441bc3d3d2b/b8014a90f603738df7e59b35b51bb051f819ec7e.jpg
https://gss0.bdstatic.com/94o3dSag_xI4khGkpoWK1HF6hhy/baike/c0%3Dbaike116%2C5%2C5%2C116%2C38/sign=665b28a5bf014a9095334eefc81e5277/a8014c086e061d957237a02f7df40ad162d9cab0.jpg
https://gss0.bdstatic.com/94o3dSag_xI4khGkpoWK1HF6hhy/baike/c0%3Dbaike92%2C5%2C5%2C92%2C30/sign=1a41f50b17dfa9ece9235e4503b99c66/cf1b9d16fdfaaf511b4c16a88a5494eef01f7a7e.jpg
https://gss1.bdstatic.com/-vo3dSag_xI4khGkpoWK1HF6hhy/baike/c0%3Dbaike92%2C5%2C5%2C92%2C30/sign=d9e936c9f61f3a294ec5dd9cf84cd754/0b55b319ebc4b74516142001c9fc1e178a821520.jpg
https://gss3.bdstatic.com/7Po3dSag_xI4khGkpoWK1HF6hhy/baike/c0%3Dbaike80%2C5%2C5%2C80%2C26/sign=03bb2563edf81a4c323fe49bb6430b3c/4034970a304e251f9a4273efa186c9177f3e536b.jpg
https://gss0.bdstatic.com/94o3dSag_xI4khGkpoWK1HF6hhy/baike/c0%3Dbaike92%2C5%2C5%2C92%2C30/sign=63f754036d600c33e474d69a7b253a6a/bd3eb13533fa828bae8a0af4fb1f4134970a5a7f.jpg
https://gss0.bdstatic.com/-4o3dSag_xI4khGkpoWK1HF6hhy/baike/c0%3Dbaike92%2C5%2C5%2C92%2C30/sign=6b901b1f9d504fc2b652b85784b48c74/d833c895d143ad4b95add1d784025aafa40f0621.jpg
https://gss0.bdstatic.com/-4o3dSag_xI4khGkpoWK1HF6hhy/baike/c0%3Dbaike92%2C5%2C5%2C92%2C30/sign=b91af4699458d109d0eea1e0b031a7da/b21bb051f8198618523478934ced2e738bd4e6b2.jpg
