
https://gss3.bdstatic.com/-Po3dSag_xI4khGkpoWK1HF6hhy/baike/c0%3Dbaike116%2C5%2C5%2C116%2C38/sign=886071d9a18b87d6444fa34d6661435d/908fa0ec08fa513d1debaf363d6d55fbb3fbd991.jpg

https://gss2.bdstatic.com/9fo3dSag_xI4khGkpoWK1HF6hhy/baike/c0%3Dbaike116%2C5%2C5%2C116%2C38/sign=8294e172a7efce1bfe26c098ce3898bb/b2de9c82d158ccbf7efa17be19d8bc3eb03541eb.jpg
https://gss0.bdstatic.com/-4o3dSag_xI4khGkpoWK1HF6hhy/baike/c0%3Dbaike150%2C5%2C5%2C150%2C50/sign=a7c26c46b2119313d34ef7e2045167b2/e4dde71190ef76c6536e59af9d16fdfaae5167f2.jpg
https://gss1.bdstatic.com/-vo3dSag_xI4khGkpoWK1HF6hhy/baike/c0%3Dbaike150%2C5%2C5%2C150%2C50/sign=0e7325a59313b07ea9b0585a6dbefa46/e61190ef76c6a7ef3b9a0aa2fdfaaf51f2de66f2.jpg
https://gss1.bdstatic.com/-vo3dSag_xI4khGkpoWK1HF6hhy/baike/c0%3Dbaike150%2C5%2C5%2C150%2C50/sign=ac430ce44fc2d562e605d8bf8678fb8a/cdbf6c81800a19d8a945268133fa828ba71e46eb.jpg
https://gss2.bdstatic.com/-fo3dSag_xI4khGkpoWK1HF6hhy/baike/c0%3Dbaike116%2C5%2C5%2C116%2C38/sign=8b6d6a4eaf51f3ded7bfb136f5879b7a/6d81800a19d8bc3ea74ea44e828ba61ea9d345eb.jpg

https://gss0.bdstatic.com/94o3dSag_xI4khGkpoWK1HF6hhy/baike/c0%3Dbaike80%2C5%2C5%2C80%2C26/sign=d1955fbf6e061d95694b3f6a1a9d61b4/e4dde71190ef76c6df7bddac9d16fdfaae51678f.jpg
https://gss2.bdstatic.com/-fo3dSag_xI4khGkpoWK1HF6hhy/baike/c0%3Dbaike80%2C5%2C5%2C80%2C26/sign=c1bf22f3ad345982d187edc06d9d5ac8/ac6eddc451da81cb6fb9354a5266d016082431dd.jpg
https://gss3.bdstatic.com/7Po3dSag_xI4khGkpoWK1HF6hhy/baike/c0%3Dbaike80%2C5%2C5%2C80%2C26/sign=dd4ac2a7b912c8fca0fefe9f9d6af920/503d269759ee3d6dfa3a374c43166d224e4adebd.jpg
https://gss3.bdstatic.com/7Po3dSag_xI4khGkpoWK1HF6hhy/baike/c0%3Dbaike80%2C5%2C5%2C80%2C26/sign=25d75ea6728b4710da22f59ea2a7a898/a1ec08fa513d2697c698aeda55fbb2fb4216d8ea.jpg
https://gss2.bdstatic.com/-fo3dSag_xI4khGkpoWK1HF6hhy/baike/c0%3Dbaike80%2C5%2C5%2C80%2C26/sign=439cd73c4710b912abccfeaca2949766/09fa513d269759eeb3e0f04cb2fb43166c22df81.jpg

https://gss0.bdstatic.com/94o3dSag_xI4khGkpoWK1HF6hhy/baike/c0%3Dbaike150%2C5%2C5%2C150%2C50/sign=ea328f47e950352aa56c2d5a322a9097/2e2eb9389b504fc205a330f5e5dde71191ef6d46.jpg
https://gss2.bdstatic.com/-fo3dSag_xI4khGkpoWK1HF6hhy/baike/c0%3Dbaike116%2C5%2C5%2C116%2C38/sign=7591fa02d562853586edda73f1861da3/48540923dd54564e7c9964c9b3de9c82d0584f46.jpg
https://gss3.bdstatic.com/-Po3dSag_xI4khGkpoWK1HF6hhy/baike/c0%3Dbaike116%2C5%2C5%2C116%2C38/sign=081f014f8c5494ee932f074b4c9c8b9b/bd3eb13533fa828b5ddf1d13fd1f4134960a5a46.jpg
https://gss1.bdstatic.com/9vo3dSag_xI4khGkpoWK1HF6hhy/baike/c0%3Dbaike150%2C5%2C5%2C150%2C50/sign=56717cfd70cf3bc7fc0dc5beb069d1c4/e7cd7b899e510fb33e5cf767d933c895d0430cfc.jpg
https://gss1.bdstatic.com/-vo3dSag_xI4khGkpoWK1HF6hhy/baike/c0%3Dbaike116%2C5%2C5%2C116%2C38/sign=ef63bb341bd5ad6ebef46cb8e0a252be/83025aafa40f4bfbc6951ea4034f78f0f63618fc.jpg
https://gss0.bdstatic.com/94o3dSag_xI4khGkpoWK1HF6hhy/baike/c0%3Dbaike180%2C5%2C5%2C180%2C60/sign=c629ba730f2442a7ba03f5f7b02ac62e/b151f8198618367a82ccff2d2e738bd4b21ce5fd.jpg

https://gss3.bdstatic.com/7Po3dSag_xI4khGkpoWK1HF6hhy/baike/c0%3Dbaike116%2C5%2C5%2C116%2C38/sign=34ebbb81d562853586edda73f1861da3/48540923dd54564e3de3254ab3de9c82d1584f3b.jpg
https://gss2.bdstatic.com/-fo3dSag_xI4khGkpoWK1HF6hhy/baike/c0%3Dbaike80%2C5%2C5%2C80%2C26/sign=2e255d424c086e067ea5371963611091/8435e5dde71190efe07a53acce1b9d16fcfa60c4.jpg
https://gss3.bdstatic.com/7Po3dSag_xI4khGkpoWK1HF6hhy/baike/c0%3Dbaike92%2C5%2C5%2C92%2C30/sign=69aa7ec1b9014a9095334eefc81e5277/64380cd7912397ddd6f959775982b2b7d1a287c5.jpg

https://gss0.bdstatic.com/-4o3dSag_xI4khGkpoWK1HF6hhy/baike/c0%3Dbaike80%2C5%2C5%2C80%2C26/sign=8e35337a728b4710da22f59ea2a7a898/a1ec08fa513d26976d7ac30655fbb2fb4216d8c4.jpg
https://gss3.bdstatic.com/7Po3dSag_xI4khGkpoWK1HF6hhy/baike/c0%3Dbaike80%2C5%2C5%2C80%2C26/sign=70844779c8fcc3cea0cdc161f32cbded/279759ee3d6d55fb856fbd7d6d224f4a21a4ddc4.jpg
https://gss1.bdstatic.com/9vo3dSag_xI4khGkpoWK1HF6hhy/baike/c0%3Dbaike80%2C5%2C5%2C80%2C26/sign=188a233f564e9258b2398ebcfdebba3d/8718367adab44aed3fda75bfb31c8701a08bfbd1.jpg
https://gss3.bdstatic.com/-Po3dSag_xI4khGkpoWK1HF6hhy/baike/c0%3Dbaike92%2C5%2C5%2C92%2C30/sign=efab79ffa4c27d1eb12b33967abcc60b/b3fb43166d224f4a1b30b84809f790529922d1c4.jpg
https://gss3.bdstatic.com/7Po3dSag_xI4khGkpoWK1HF6hhy/baike/c0%3Dbaike80%2C5%2C5%2C80%2C26/sign=8b2b2f33ccbf6c81e33a24badd57da50/b21c8701a18b87d630d66044070828381e30fdd1.jpg
https://gss0.bdstatic.com/94o3dSag_xI4khGkpoWK1HF6hhy/baike/c0%3Dbaike80%2C5%2C5%2C80%2C26/sign=c7005aa97d1ed21b6dc426b7cc07b6a1/472309f790529822329af298d7ca7bcb0b46d4c4.jpg
https://gss0.bdstatic.com/-4o3dSag_xI4khGkpoWK1HF6hhy/baike/c0%3Dbaike80%2C5%2C5%2C80%2C26/sign=05714255b13533fae1bb9b7cc9ba967a/9f2f070828381f30f58d46f2a9014c086f06f0d1.jpg
https://gss0.bdstatic.com/-4o3dSag_xI4khGkpoWK1HF6hhy/baike/c0%3Dbaike80%2C5%2C5%2C80%2C26/sign=4a60e5bead6eddc432eabca958b2dd98/730e0cf3d7ca7bcb4ed20c74be096b63f724a8c4.jpg
https://gss1.bdstatic.com/9vo3dSag_xI4khGkpoWK1HF6hhy/baike/c0%3Dbaike80%2C5%2C5%2C80%2C26/sign=87b756b8fd1f4134f43a0d2c4476feaf/b999a9014c086e063c3cf41002087bf40bd1cbd1.jpg
https://gss2.bdstatic.com/9fo3dSag_xI4khGkpoWK1HF6hhy/baike/c0%3Dbaike92%2C5%2C5%2C92%2C30/sign=43b05573972bd40756cadbaf1ae0f534/bf096b63f6246b6046a7792febf81a4c500fa2c4.jpg
https://gss0.bdstatic.com/-4o3dSag_xI4khGkpoWK1HF6hhy/baike/c0%3Dbaike80%2C5%2C5%2C80%2C26/sign=659d6961304e251ff6faecaac6efa272/6f061d950a7b02085f5df4ba62d9f2d3562cc8d1.jpg
https://gss3.bdstatic.com/7Po3dSag_xI4khGkpoWK1HF6hhy/baike/c0%3Dbaike80%2C5%2C5%2C80%2C26/sign=e48c6940d40735fa85fd46ebff3864d6/8644ebf81a4c510f966d29416059252dd52aa5c4.jpg
https://gss1.bdstatic.com/9vo3dSag_xI4khGkpoWK1HF6hhy/baike/c0%3Dbaike92%2C5%2C5%2C92%2C30/sign=cfc5f1d80f2442a7ba03f5f7b02ac62e/1b4c510fd9f9d72a31cddb46d42a2834359bbbc4.jpg
https://gss3.bdstatic.com/-Po3dSag_xI4khGkpoWK1HF6hhy/baike/c0%3Dbaike80%2C5%2C5%2C80%2C26/sign=e2be81556709c93d13ff06a5fe5493b9/f3d3572c11dfa9eca1ba9d4c62d0f703908fc1d1.jpg
https://gss3.bdstatic.com/-Po3dSag_xI4khGkpoWK1HF6hhy/baike/c0%3Dbaike80%2C5%2C5%2C80%2C26/sign=b55985e29e510fb36c147fc5b85aa3f0/d8f9d72a6059252d87bed65f349b033b5ab5b9c4.jpg
https://gss1.bdstatic.com/-vo3dSag_xI4khGkpoWK1HF6hhy/baike/c0%3Dbaike80%2C5%2C5%2C80%2C26/sign=cbc5f1d80f2442a7ba03f5f7b02ac62e/6159252dd42a2834610ffd505bb5c9ea14cebfc4.jpg
https://gss3.bdstatic.com/7Po3dSag_xI4khGkpoWK1HF6hhy/baike/c0%3Dbaike116%2C5%2C5%2C116%2C38/sign=e56fbd7d6d224f4a43947b41689efb37/d52a2834349b033b0c21378115ce36d3d439bdc4.jpg
https://gss3.bdstatic.com/-Po3dSag_xI4khGkpoWK1HF6hhy/baike/c0%3Dbaike116%2C5%2C5%2C116%2C38/sign=7b30b84809f79052fb124f6c6d9abcaf/5ab5c9ea15ce36d38ead486b3af33a87e850b1c4.jpg
https://gss3.bdstatic.com/7Po3dSag_xI4khGkpoWK1HF6hhy/baike/c0%3Dbaike80%2C5%2C5%2C80%2C26/sign=dd96a4c4a40f4bfb98dd960662261395/d439b6003af33a87b6c4cb41c65c10385243b5c4.jpg
https://gss1.bdstatic.com/-vo3dSag_xI4khGkpoWK1HF6hhy/baike/c0%3Dbaike150%2C5%2C5%2C150%2C50/sign=4212377c7f3e6709aa0d4dad5aaef458/962bd40735fae6cd9e1d603a0fb30f2443a70fc4.jpg
https://gss1.bdstatic.com/9vo3dSag_xI4khGkpoWK1HF6hhy/baike/c0%3Dbaike72%2C5%2C5%2C72%2C24/sign=7f65a702b31c8701c2bbbab44616f54a/8c1001e93901213fe918573a54e736d12f2e9528.jpg
