
https://gss2.bdstatic.com/-fo3dSag_xI4khGkpoWK1HF6hhy/baike/c0%3Dbaike116%2C5%2C5%2C116%2C38/sign=17997f685a82b2b7b392319650c4a08a/e4dde71190ef76c611321c479e16fdfaae5167fe.jpg
https://gss0.bdstatic.com/-4o3dSag_xI4khGkpoWK1HF6hhy/baike/crop%3D0%2C13%2C563%2C371%3Bc0%3Dbaike80%2C5%2C5%2C80%2C26/sign=d6d1859c68d0f703f2fdcf9c35ca7d0c/0d338744ebf81a4c0dcd3f42dd2a6059242da6ba.jpg
https://gss0.bdstatic.com/94o3dSag_xI4khGkpoWK1HF6hhy/baike/c0%3Dbaike220%2C5%2C5%2C220%2C73/sign=b5cba92a3af33a878a600848a7357b5d/3801213fb80e7bec341529fb2f2eb9389a506bd8.jpg

https://gss2.bdstatic.com/-fo3dSag_xI4khGkpoWK1HF6hhy/baike/c0%3Dbaike116%2C5%2C5%2C116%2C38/sign=9d279eea3912b31bd361c57be7715d1f/03087bf40ad162d91c7960b111dfa9ec8b13cd8c.jpg
https://gss3.bdstatic.com/7Po3dSag_xI4khGkpoWK1HF6hhy/baike/c0%3Dbaike92%2C5%2C5%2C92%2C30/sign=5dfce78b0924ab18f41be96554938da8/0b46f21fbe096b63f9be5cfd0c338744eaf8acf3.jpg
https://gss3.bdstatic.com/7Po3dSag_xI4khGkpoWK1HF6hhy/baike/c0%3Dbaike80%2C5%2C5%2C80%2C26/sign=8084e39a35fae6cd18b9a3336eda6441/eaf81a4c510fd9f9c08557c4252dd42a2934a488.jpg

https://gss2.bdstatic.com/-fo3dSag_xI4khGkpoWK1HF6hhy/baike/c0%3Dbaike72%2C5%2C5%2C72%2C24/sign=c16aefb4a9ec8a1300175fb2966afaea/f2deb48f8c5494ee6659c4422df5e0fe99257e76.jpg
https://gss0.bdstatic.com/-4o3dSag_xI4khGkpoWK1HF6hhy/baike/c0%3Dbaike80%2C5%2C5%2C80%2C26/sign=9269b55dacaf2eddc0fc41bbec796a8c/aa18972bd40735fa02ad85e29e510fb30f240808.jpg
https://gss3.bdstatic.com/7Po3dSag_xI4khGkpoWK1HF6hhy/baike/c0%3Dbaike80%2C5%2C5%2C80%2C26/sign=c9bd5da77cd98d1062d904634056d36b/34fae6cd7b899e51e8d3f14f42a7d933c8950d08.jpg
https://gss1.bdstatic.com/9vo3dSag_xI4khGkpoWK1HF6hhy/baike/c0%3Dbaike80%2C5%2C5%2C80%2C26/sign=95b9737b01e93901420f856c1a853f82/7a899e510fb30f24abc72758c895d143ad4b0308.jpg
https://gss2.bdstatic.com/-fo3dSag_xI4khGkpoWK1HF6hhy/baike/c0%3Dbaike92%2C5%2C5%2C92%2C30/sign=b8d1a7853d6d55fbd1cb7e740c4b242f/9825bc315c6034a8c09973dacb13495409237676.jpg
https://gss1.bdstatic.com/9vo3dSag_xI4khGkpoWK1HF6hhy/baike/c0%3Dbaike92%2C5%2C5%2C92%2C30/sign=39146649720e0cf3b4fa46a96b2f997a/9358d109b3de9c82781e32d46c81800a19d84376.jpg
https://gss0.bdstatic.com/-4o3dSag_xI4khGkpoWK1HF6hhy/baike/c0%3Dbaike92%2C5%2C5%2C92%2C30/sign=a0b529a17bcb0a46912f836b0a0a9d41/9d82d158ccbf6c812c4ce7b3bc3eb13533fa4076.jpg
https://gss0.bdstatic.com/94o3dSag_xI4khGkpoWK1HF6hhy/baike/c0%3Dbaike116%2C5%2C5%2C116%2C38/sign=ab796940d40735fa85fd46ebff3864d6/b219ebc4b74543a9824731971e178a82b9011408.jpg
https://gss2.bdstatic.com/9fo3dSag_xI4khGkpoWK1HF6hhy/baike/c0%3Dbaike150%2C5%2C5%2C150%2C50/sign=dfa5afb181cb39dbd5cd6f04b17f6241/b64543a98226cffc1c7674e9b9014a90f603ea09.jpg
https://gss1.bdstatic.com/9vo3dSag_xI4khGkpoWK1HF6hhy/baike/c0%3Dbaike150%2C5%2C5%2C150%2C50/sign=64247b5ee5dde711f3df4ba4c686a57e/18d8bc3eb13533fa33cd5875a8d3fd1f41345b76.jpg
https://gss2.bdstatic.com/-fo3dSag_xI4khGkpoWK1HF6hhy/baike/c0%3Dbaike150%2C5%2C5%2C150%2C50/sign=b09cac0dd0160924c828aa49b56e5e9f/1f178a82b9014a90f0628de6a9773912b31bee09.jpg
https://gss1.bdstatic.com/9vo3dSag_xI4khGkpoWK1HF6hhy/baike/c0%3Dbaike150%2C5%2C5%2C150%2C50/sign=00455573972bd40756cadbaf1ae0f534/4b90f603738da97730734d70b051f8198618e309.jpg
https://gss0.bdstatic.com/94o3dSag_xI4khGkpoWK1HF6hhy/baike/c0%3Dbaike150%2C5%2C5%2C150%2C50/sign=765d637dfdfaaf5190ee89eded3dff8b/fc1f4134970a304e9d596ba1d1c8a786c9175c76.jpg
https://gss1.bdstatic.com/-vo3dSag_xI4khGkpoWK1HF6hhy/baike/c0%3Dbaike150%2C5%2C5%2C150%2C50/sign=09c9723f94eef01f591910978197f240/94cad1c8a786c917c2789962c93d70cf3bc75776.jpg
https://gss1.bdstatic.com/9vo3dSag_xI4khGkpoWK1HF6hhy/baike/c0%3Dbaike150%2C5%2C5%2C150%2C50/sign=1ed2f14f42a7d933aba5ec21cc22ba76/8718367adab44aed3f1275bfb31c8701a18bfb09.jpg
https://gss2.bdstatic.com/9fo3dSag_xI4khGkpoWK1HF6hhy/baike/c0%3Dbaike150%2C5%2C5%2C150%2C50/sign=efb31e959925bc313f5009ca3fb6e6d4/6609c93d70cf3bc75d7b06b7d100baa1cd112a76.jpg
https://gss3.bdstatic.com/-Po3dSag_xI4khGkpoWK1HF6hhy/baike/c0%3Dbaike150%2C5%2C5%2C150%2C50/sign=41ce5a644bfbfbedc8543e2d19999c53/267f9e2f070828380451174fb899a9014c08f109.jpg
https://gss2.bdstatic.com/-fo3dSag_xI4khGkpoWK1HF6hhy/baike/c0%3Dbaike272%2C5%2C5%2C272%2C90/sign=174f4db59c82d158af8f51e3e16372bd/9e3df8dcd100baa10b578ce04710b912c8fc2e76.jpg
https://gss0.bdstatic.com/-4o3dSag_xI4khGkpoWK1HF6hhy/baike/c0%3Dbaike180%2C5%2C5%2C180%2C60/sign=a6e3476a4a90f60310bd9415587bd87e/562c11dfa9ec8a134f469cbbf703918fa0ecc009.jpg
https://gss2.bdstatic.com/-fo3dSag_xI4khGkpoWK1HF6hhy/baike/c0%3Dbaike180%2C5%2C5%2C180%2C60/sign=9f60df54b80e7bec37d70bb34e47d25d/0823dd54564e925877684db59c82d158ccbf4e09.jpg
