
https://gss1.bdstatic.com/-vo3dSag_xI4khGkpoWK1HF6hhy/baike/c0%3Dbaike60%2C5%2C5%2C60%2C20/sign=d557daea2df5e0fefa1581533d095fcd/8b82b9014a90f60356c549b43912b31bb151edc8.jpg	https://baike.baidu.com/item/%E7%81%B0%E8%8E%89
http://img.diytrade.com/cdimg/403509/1898460/0/1140156019.jpg	http://diogodan.diytrade.com/sdp/403509/2/pd-2159366/1894183/%E7%81%B0%E8%8E%89_%E9%9D%9E%E6%B4%B2%E8%8C%89%E8%8E%89.html
http://pic21.nipic.com/20120528/8759743_145846567198_2.jpg	http://www.nipic.com/show/1/44/6266580k63618915.html
http://a0.att.hoodong.com/09/98/01200000307188117879822904409_s.gif	http://www.baike.com/wiki/%E7%81%B0%E8%8E%89
http://pic21.nipic.com/20120528/8759743_152338217101_2.jpg	http://www.nipic.com/show/1/44/6266584kf4bf5ce8.html
https://2.bp.blogspot.com/-0qQloiuZ7qQ/Vu37M_9YEyI/AAAAAAAAZ_o/mAPLyRaynKgnttMsEw-nQeOiS5-LXshDw/s1600/%25E9%25BE%258D%25E8%2586%25BD_%25E7%2581%25B0%25E8%258E%2589%2B%25281%2529.JPG	http://bruce0342.blogspot.com/2016/03/blog-post_22.html
http://www.huacaoshumu.net/attached/tupian/H12/20130420-1.jpg	http://www.huacaoshumu.net/zhiwu/huahuilimu.php
http://pic.pimg.tw/cleyera08/1392280447-1479421409.jpg	http://cleyera08.pixnet.net/blog/post/351870041-%E7%81%B0%E8%8E%89
http://images4.fotop.net/albums4/senyung/Stephanotis/P1260454s.sized.jpg	http://www.hkwildlife.net/Forum/viewthread.php?tid=12885
http://pic21.nipic.com/20120528/8759743_150103274121_2.jpg	http://www.nipic.com/show/1/44/6266581k11efb31f.html
http://img.diytrade.com/cdimg/403509/3304152/0/1172715656.jpg	http://diogodan.diytrade.com/sdp/403509/3/pd-2159366/2702496-1082285/%E7%81%B0%E8%8E%89%E7%90%83_%E9%9D%9E%E6%B4%B2%E8%8C%89%E8%8E%89_%E9%9D%9E%E8%8E%89.html
http://digimuse.nmns.edu.tw/DigiMuse/NEWXML/files/000001/81/c7/23/0900000181c723a5_ps.jpg	http://digimuse.nmns.edu.tw/Demo_2011/showMetadata.aspx?ObjectId=0b00000181c72382&TypeKind=kuUK&Type=bundle&Part=&Domain=bb&Field=v0
http://s9.sinaimg.cn/mw690/003sae9dzy6ZwvmnY3C18&690	http://blog.sina.com.cn/s/blog_bc9f8f830102w322.html
http://pic1.win4000.com/pic/9/95/09521344536.jpg	http://www.win4000.com/meinv112670_27.html
http://www.cas.cn/kxcb/kpwz/201305/W020130521403777689788.jpg	http://www.cas.cn/kxcb/kpwz/201305/t20130521_3843700.shtml
http://img.boqiicdn.com/Data/BK/P/imagick95071449826176.jpg	http://www.boqii.com/entry/detail/2315.html
http://img.diytrade.com/cdimg/403509/1950068/0/1141271892.jpg	http://diogodan.diytrade.com/sdp/403509/2/pd-2159366/1920040-1082285/%E7%81%B0%E8%8E%89_%E9%9D%9E%E6%B4%B2%E8%8C%89%E8%8E%89_%E9%9D%9E%E8%8E%89.html
http://img.diytrade.com/cdimg/403509/1909637/0/1140427722.jpg	http://diogodan.diytrade.com/sdp/403509/2/pd-2159366/1900177-1082285/%E9%9D%9E%E6%B4%B2%E8%8C%89%E8%8E%89_%E7%81%B0%E8%8E%89.html
http://jpkc.sysu.edu.cn/zhiwuxue/web2004/source/bys/guan/huili.jpg	http://jpkc.sysu.edu.cn/zhiwuxue/web2004/source/bys/guan/ppguan038.htm
http://pic1.huashichang.com/2016/0414/20/570f916b4e9e5.jpg	http://www.aihuhua.com/tu/huili.html
https://1.share.photo.xuite.net/y1420u/11ca6e1/10469146/482990279_m.jpg	http://blog.xuite.net/y1420u/twblog/127781945-%E7%81%B0%E8%8E%89
http://farm6.static.flickr.com/5268/5733730000_f0e742de61.jpg	http://www.flickriver.com/photos/tags/%E7%81%B0%E8%8E%89/interesting/
https://upload.wikimedia.org/wikipedia/commons/thumb/a/a6/Fagraea_ceilanica_1.jpg/250px-Fagraea_ceilanica_1.jpg	https://zh-yue.wikipedia.org/wiki/%E7%81%B0%E8%8E%89
http://img.007swz.com/cpimg/zongleizhiwu/sN5T3vtqq3_1259257443.jpg	http://www.007swz.com/yunnanmiaomu/products/zongleizhiwu_396.html
https://pic.pimg.tw/raywang1016/1454239036-4161895992_m.jpg	http://raywang1016.pixnet.net/blog/post/443597867-%E7%81%B0%E8%8E%89
http://farm3.static.flickr.com/2099/5733181853_2350153795.jpg	http://www.flickriver.com/photos/tags/%E7%81%B0%E8%8E%89/interesting/
http://plantjdx.com/fagraea_variegata.jpg	http://plantjdx.com/fagraea_variegata.htm
http://www.baihuamen.com/d/file/2014/05-12/81e55840882117090f46b9c98d6a2d62.jpg	http://www.baihuamen.com/huili/
http://pic.pimg.tw/cleyera08/1392280447-3026912416.jpg?v=1392280449	http://cleyera08.pixnet.net/blog/post/351870041-%E7%81%B0%E8%8E%89
http://a0.att.hudong.com/00/97/01100000000000144733974819613_s.jpg	http://www.baike.com/wiki/%E7%81%B0%E8%8E%89
http://z.xiziwang.net/uploads/allimg/141221/30_141221092624_1.jpg	http://z.xiziwang.net/hua/17902/
http://img01.hua.com/uploadpic/images/20166131835128905459.jpg	http://www.hua.com/huayu/16238.html
https://pic.pimg.tw/raywang1016/1467810374-532791003_m.jpg?v=1467810378	http://raywang1016.pixnet.net/blog/post/443597867-%E7%81%B0%E8%8E%89
http://www.bbioo.com/uploadfile/2014/0509/201405090140105685.jpg	http://www.bbioo.com/experiment/24-64889-1.html
http://www.fanfuyingyi.com/uploadfile/2011/0623/20110623024619529.jpg	http://www.fanfuyingyi.com/2011/0623/884.html
https://5.share.photo.xuite.net/wmwm5600/15762ab/11026196/515368343_m.jpg	http://blog.xuite.net/wmwm5600/blog/131247369
https://c1.staticflickr.com/9/8420/8706462410_a9ca231f28_b.jpg	https://www.flickr.com/photos/judymonkey/8706462410
http://img.boqiicdn.com/Data/BK/A/1512/11/imagick93181449805214_y.jpg	http://www.boqii.com/entry/detail/2315.html
https://1.bp.blogspot.com/-D19_hKXa_dQ/Vu37eZxRLYI/AAAAAAAAZ_4/UnXloyqKfSUDNV4BRf2vL56N-scvh3zJw/s1600/%25E9%25BE%258D%25E8%2586%25BD_%25E7%2581%25B0%25E8%258E%2589%2B%25282%2529.JPG	http://bruce0342.blogspot.com/2016/03/blog-post_22.html
https://2.bp.blogspot.com/-hPem9WUPrTI/Vu37fbYiOrI/AAAAAAAAaAI/ybY2kY8c_WM7dWNtgBv2bBjoEQuHbwkZQ/s1600/%25E9%25BE%258D%25E8%2586%25BD_%25E7%2581%25B0%25E8%258E%2589%2B%25286%2529.jpg	http://bruce0342.blogspot.com/2016/03/blog-post_22.html
http://img.boqiicdn.com/Data/BK/A/1512/11/imagick37401449805167_y.jpg	http://www.boqii.com/article/25348.html
http://www.cas.cn/kxcb/kpwz/201305/W020130521403777678146.jpg	http://www.cas.cn/kxcb/kpwz/201305/t20130521_3843700.shtml
http://www.baihuamen.com/d/file/2014/05-20/eb1d3a1f18a40bfffa4884e3980d1252.jpg	http://www.baihuamen.com/huili/15244_9.html
https://1.share.photo.xuite.net/y1420u/11ca629/10469146/482991375_m.jpg	http://blog.xuite.net/y1420u/twblog/127781945-%E7%81%B0%E8%8E%89
http://202.116.160.98:8000/course/ylshmx/tpzy/%E6%A0%A1%E5%9B%AD%E6%A4%8D%E7%89%A9/%E6%A0%A1%E5%9B%AD%E6%A4%8D%E7%89%A9/nEO_IMG_%E9%A9%AC%E9%92%B1%E7%A7%91-%E7%81%B0%E8%8E%89.jpg	http://202.116.160.98:8000/course/ylshmx/tpzy/%E6%A0%A1%E5%9B%AD%E6%A4%8D%E7%89%A9/%E6%A0%A1%E5%9B%AD%E6%A4%8D%E7%89%A9/page_7.htm
http://img.ph.126.net/m1w0b18c_3XA9coTjOjr2A==/1545297622158301395.jpg	http://jason-kk.blog.163.com/blog/static/24146710201161351322302/
http://blog.sciencenet.cn/upload/blog/images/2010/6/2010692135374.jpg	http://blog.sciencenet.cn/blog-38998-333872.html
http://img.xunhai.com/2015/11/26/144850012370882.jpg	http://www.xunhai.com/huili/2015/1126/3897.html
https://gss2.bdstatic.com/9fo3dSag_xI4khGkpoWK1HF6hhy/baike/w%3D400/sign=bbf99042bb3533faf5b6922e98d2fdca/1ad5ad6eddc451da23ea15a7bcfd5266d0163259.jpg	https://baike.baidu.com/item/%E7%81%B0%E8%8E%89
http://www.scib.cas.cn/lyfw/hx/201506/W020150623731382712091.jpg	http://www.scib.cas.cn/lyfw/hx/201506/t20150623_4378380.html
http://s13.sinaimg.cn/mw690/002Z9IpGgy6XvmWSGfydc&690	http://blog.sina.com.cn/s/blog_a31319300102w3ox.html
http://www.zhiwutong.com/tu/cvh/2006/6/8/220325.jpg	http://www.zhiwutong.com/dan_tu/80/64439.htm
http://pic21.nipic.com/20120528/8759743_151157442123_2.jpg	http://www.nipic.com/show/1/44/6266583kb6d9844c.html
http://s13.sinaimg.cn/mw690/003sae9dzy6ZwvmueNC4c&690	http://blog.sina.com.cn/s/blog_bc9f8f830102w322.html
http://s14.sinaimg.cn/mw690/002Z9IpGgy6XvmNI4tD6d&690	http://blog.sina.com.cn/s/blog_a31319300102w3ox.html
http://s13.sinaimg.cn/middle/049d4760gc1f2a66f904c&690	http://blog.sina.com.cn/s/blog_049d476001014oek.html
http://pic21.nipic.com/20120528/8759743_153706678126_2.jpg	http://www.nipic.com/show/1/44/6266586kae79f0f7.html
http://s7.sinaimg.cn/mw690/002Z9IpGgy6XvmXkrb0a6&690	http://blog.sina.com.cn/s/blog_a31319300102w3ox.html
http://pic.pimg.tw/cleyera08/1392280447-2596022973.jpg	http://cleyera08.pixnet.net/blog/post/351870041-%E7%81%B0%E8%8E%89
http://pic1.huashichang.com/2016/0414/20/570f9165a92fa.jpg	http://www.aihuhua.com/tu/huili.html
http://plantjdx.com/fagraea_ceilanica1.jpg	http://plantjdx.com/fagraea_ceilanica.htm
http://img02.sogoucdn.com/net/a/100520101/link?appid=100520101&url=http://mmbiz.qpic.cn/mmbiz_jpg/AiaOXcVV4UT3oer8RhsZGFYokSasRtJjiao4VXdtSXicSuibfyft3MOw8YLLqFY8JfhG6vMCyfPvMqfYrcHIb9hXfw/0?wx_fmt=jpeg	http://baike.m.sogou.com/baike/weixinArticle.jsp?lid=10399013&g_ut=3&title=%E7%81%B0%E8%8E%89%E5%B1%9E
http://img01.hua.com/uploadpic/images/201661318342757895.jpg	http://www.hua.com/huayu/16238.html
http://www.51hm.cn/zwpic/%B7%C7%D6%DE%DC%D4%C0%F21.jpg	http://m.bljrzb.com/2017-07-14-6753889782.html
http://pic.pimg.tw/cleyera08/1392280447-2446620586.jpg	http://cleyera08.pixnet.net/blog/post/351870041-%E7%81%B0%E8%8E%89
http://pic1.huashichang.com/2016/0414/20/570f915ec2aad.jpg	http://www.aihuhua.com/tu/huili.html
http://pic.pimg.tw/cleyera08/1392280447-3172282801.jpg?v=1392280450	http://cleyera08.pixnet.net/blog/post/351870041-%E7%81%B0%E8%8E%89
http://a2.att.hudong.com/48/77/20200000013920144725777611905_s.jpg	http://www.baike.com/wiki/%E5%8D%8E%E7%81%B0%E8%8E%89%E6%9C%A8
http://www.huayugu.com.cn/uploads/allimg/160421/1-1604211054230-L.jpg	http://www.huayugu.com.cn/huili/
http://s16.sinaimg.cn/mw690/004i42i6zy72FZznRgPff&690	http://blog.sina.com.cn/s/blog_ea556eea0102whbt.html
http://www.baihuamen.com/d/file/2014/05-20/3f9f03c58535f71ee0b7e89023dba4ce.jpg	http://www.baihuamen.com/huili/
http://www.scib.cas.cn/lyfw/hx/201506/W020150623731382720875.jpg	http://www.scib.cas.cn/lyfw/hx/201506/t20150623_4378380.html
http://img.diytrade.com/cdimg/403509/16696589/0/1288619921.jpg	http://cn.diytrade.com/china/pd/7582498/%E7%81%B0%E8%8E%89.html
http://s9.sinaimg.cn/mw690/001BUu0Xgy6Ec3oUbxe98&690	http://blog.sina.com.cn/s/blog_57fed7230101o2wz.html
http://www.baihuamen.com/d/file/2014/05-20/e0e27a6179378697cc8cc4243ac52731.jpg	http://www.baihuamen.com/huili/
http://s16.sinaimg.cn/mw690/001KskmKzy7bRUJnYLB4f&690	http://blog.sina.com.cn/s/blog_5f85abb20102ybol.html
http://www.huayugu.com.cn/uploads/allimg/160421/1-1604211050510-L.jpg	http://www.huayugu.com.cn/huili/10662.html
http://www.itaomiao.com/img/nursery/2016/06/18/10/1466216063491m7Wq.png	http://www.itaomiao.com/supply/supplyInfo.itm?code=0000000000365393
http://s4.sinaimg.cn/mw690/001KskmKzy7bRUJho2ff3&690	http://blog.sina.com.cn/s/blog_5f85abb20102ybol.html
http://s8.sinaimg.cn/mw690/001KskmKzy7bRUJpClx97&690	http://blog.sina.com.cn/s/blog_5f85abb20102ybol.html
http://plant.cila.cn/uploadfiles/zhiwutu/201703/huili2.jpg	http://plant.cila.cn/zhiwuku/huili/
http://s8.sinaimg.cn/middle/66019f9eha7ea2e7c2cb7&690	http://blog.sina.com.cn/s/blog_66019f9e0102dqy2.html
http://www.huayugu.com.cn/uploads/allimg/160421/1-1604211052400-L.jpg	http://www.huayugu.com.cn/huili/
http://www.twword.com/uploads/wiki/38/cb/753383_0.jpg	http://www.twword.com/wiki/%E8%8F%AF%E7%81%B0%E8%8E%89%E6%9C%A8
http://pic21.nipic.com/20120528/8759743_150237184146_2.jpg	http://www.nipic.com/show/1/44/6266582k876007ef.html
https://cbu01.alicdn.com/img/ibank/2017/710/304/4106403017_1579898738.220x220.jpg	http://www.1688.com/jiage/-BBD2C0F2C7F2.html
http://s12.sinaimg.cn/middle/049d4760gc1f255113b4b&690	http://blog.sina.com.cn/s/blog_049d476001014oek.html
http://pic21.nipic.com/20120528/8759743_153028448163_2.jpg	http://www.nipic.com/show/1/44/6266588kcbd47f3d.html
http://q0760.com/attachment/products/big/201312/98937_0_1385966106.jpg	http://m.bjzxrt.com/index/6aOf5Lq6576O5aWz.html
http://www.pjcn.org/uploads/allimg/1612/1-16120H04224156.jpg	http://www.pjcn.org/hy/3012/
http://s2.sinaimg.cn/mw690/004i42i6zy72FZolSaRf1&690	http://blog.sina.com.cn/s/blog_ea556eea0102whbt.html
http://www.huaxianer.com/uploads/allimg/170427/2-1F42GPZ2326.jpg	http://www.huaxianer.com/jishu/04194.html
http://s5.sinaimg.cn/mw690/004i42i6gy72FW0vKJeb4&690	http://blog.sina.com.cn/s/blog_ea556eea0102whbt.html
http://www.szcfyl.com/upfiles/proimages/20107811584727884.jpg	http://www.szcfyl.com/product/huiliqiu10044_pro.html
http://s1.sinaimg.cn/middle/66019f9enaf5514794000&690	http://blog.sina.com.cn/s/blog_66019f9e0102dqy2.html
https://img.lrgarden.com/flower_pic/p300/96/36/1000007776_1000000745_1471130596.jpg	https://www.lrgarden.com/statuses/1000003182.html
http://img.aihuahui.com/d/2017/05/591288cdba56a.jpg	http://www.aihuahui.com/huahuizhishi/huahuifengshui/6111.html
http://jpkc.sysu.edu.cn/zhiwuxue/ziyuan/Ang/Dic/maqianke/bigimage/huili.jpg	http://jpkc.sysu.edu.cn/zhiwuxue/ziyuan/Ang/Dic/maqianke/huili.htm
http://s7.sinaimg.cn/mw690/004i42i6zy72FZmMcJga6&690	http://blog.sina.com.cn/s/blog_ea556eea0102whbt.html
http://s13.sinaimg.cn/mw690/002Z9IpGgy6YkMVAWFC6c&690	http://blog.sina.com.cn/s/blog_a31319300102w70l.html
