
http://www.zhiwu365.com/uploads/plant/183_yichuanhong/default/original/6_yichuanhong.jpg	http://www.zhiwu365.com/plant/208
http://www.zhiwu365.com/uploads/plant/183_yichuanhong/default/original/1_yichuanhong.jpg	http://www.zhiwu365.com/plant/208
https://www.huabaike.com/uploads/allimg/sltimg/201511/5646d4c7847a3.jpg	https://www.huabaike.com/hyjk/6365.html
https://upload.wikimedia.org/wikipedia/commons/d/d6/Salvia_splendens1.jpg	https://zh.wikipedia.org/wiki/%E4%B8%80%E4%B8%B2%E7%BA%A2
http://www.iyanghua.com/f/yichuanhong/200931193918_2.jpg	http://www.iyanghua.com/f/yichuanhong/
http://www.zhiwu365.com/uploads/plant/183_yichuanhong/default/original/3_yichuanhong.jpg	http://www.zhiwu365.com/plant/208
https://www.huabaike.com/uploads/allimg/sltimg/201511/5646d45cce943.jpg	https://www.huabaike.com/hyjk/6365.html
http://www.zhiwu365.com/uploads/plant/183_yichuanhong/default/original/5_yichuanhong.jpg	http://www.zhiwu365.com/plant/208
https://img3.doubanio.com/lpic/s9118594.jpg	https://www.douban.com/subject/10752229/
http://www.wanhonglvhua.com/uploads/cp/20160802111436.jpg	http://www.wanhonglvhua.com/supply/131.html
http://www.pjcn.org/uploads/allimg/1610/1-161030213Z5312.jpg	http://www.pjcn.org/hg/2684/
https://www.huabaike.com/uploads/allimg/sltimg/201511/564859e0e0549.jpg	https://www.huabaike.com/hyjk/6365.html
http://www.czy312.com/Upjpeg/20165114501273499.jpg	http://www.czy312.com/display.asp?id=151
http://a4.att.hudong.com/08/59/19300001382667132849599709802.jpg	http://yanghua.baike.com/article-144304.html
http://p.img.eol.cn/images/1022/2013/1224/1387885452_12_t8sc.jpg	http://teacher.eol.cn/jiao_shi_tu_pian_6149/20071218/t20071218_271439.shtml
http://jpkc.sysu.edu.cn/zhiwuxue/web2004/source/yhg/images/55%E4%B8%80%E4%B8%B2%E7%BA%A2.jpg	http://jpkc.sysu.edu.cn/zhiwuxue/web2004/source/yhg/pages/55%E4%B8%80%E4%B8%B2%E7%BA%A2.htm
http://a4.att.hudong.com/70/60/19300001382667132849603826310_950.jpg	http://yanghua.baike.com/article-144304.html
https://www.huabaike.com/uploads/allimg/sltimg/201511/5646d34fc9e94.jpg	https://www.huabaike.com/hyjk/6365.html
https://www.huabaike.com/uploads/allimg/artimg/201612/20161219171342_66708.jpg	https://www.huabaike.com/hyjk/6365.html
http://2.im.guokr.com/ySip5CrytG69baGD1TQN3axm95_CvXzwjlELw9srlrPQBwAAMQUAAEpQ.jpg?imageView2/1/w/590/h/392	http://www.guokr.com/post/642390/
http://www.hnhm.com/uploads/allimg/130711/0829490.jpg	http://www.hnhm.com/news/zaipei/201307/291415.html
http://www.tpml.edu.tw/public/MMO/PKL/%E4%B8%80%E4%B8%B2%E7%B4%8510012-01.jpg	http://www.tpml.edu.tw/fp.asp?fpage=cp&xItem=11641825&ctNode=8957&mp=104021
http://pic.nipic.com/2008-01-15/2008115125313979_2.jpg	http://www.nipic.com/show/1/44/a1c0d7aa3a9b07a3.html
http://pic31.nipic.com/20130704/9824286_002935213000_2.jpg	http://www.nipic.com/show/1/44/8413247k3b984012.html
http://imglf1.nosdn.127.net/img/SytXbDlncE5makRoQ1lwN0FlWkk4TGJqNC92ZG54SWd2a2ZOVXhHYUErSXo2Z1ZFc1dhZUJRPT0.jpg?imageView&thumbnail=500x0&quality=96&stripmeta=0&type=jpg	http://www.lofter.com/tag/%E4%B8%80%E4%B8%B2%E7%BA%A2
http://www.yzlmhh.com/UploadFiles/201131885159207.jpg	http://www.yzlmhh.com/ProductShow.asp?ID=184&ClassID=0
http://photo.fhl.net/img/plant/17.jpg	http://photo.fhl.net/gb/plant/plant17.html
http://www.qingzhouflower.com/pic/digi/0083.gif	http://www.qingzhouflower.com/class.asp?LarCode=%C2%CC%BB%AF%BB%A8%BB%DC&MidCode=%D2%BB%B4%AE%BA%EC
http://www.nctyhm.com/upload/image/20160428102306_18116.jpg	http://www.nctyhm.com/index.php?_m=mod_product&_a=view&p_id=169
http://www.lyhhjd.com/uploads/allimg/160829/1-160R91KZ80-L.jpg	http://www.lyhhjd.com/a/products/yichuanhong/
http://img1.ph.126.net/4HlTsx_8_ctyCfpG79Qniw==/6597931783774441030.jpg	http://dang2117.blog.163.com/blog/static/8161303320135343139545/
http://image1.nowec.com/2011/9/23/cfhhzz/1/1-1040295-21660025.jpg	http://china.nowec.com/supply/detail/21660025.html
http://www.huacaoshumu.net/attached/tupian/Y41/20150720-5.jpg	http://www.huacaoshumu.net/zhiwu/yichuanhong.php
http://www.cnhua.net/uploads/allimg/090606/20001Q456-0.JPG	http://www.cnhua.net/zhiwu/chunxingke/yichuanhong/
http://image.cn.made-in-china.com/2f0j01SesTLYEJbfgw/%E4%B8%80%E4%B8%B2%E7%BA%A2.jpg	http://cn.made-in-china.com/gongying/chunzhenyuanyi-SevmLaEOhfYw.html
http://www.hzxsyl.cn/ImgNewsup/20120312174801%E4%B8%80%E4%B8%B2%E7%BA%A2.jpg	http://www.hzxsyl.cn/cpzx/cpzx_cp.aspx?id=347
http://images.china.cn/attachement/jpg/site1000/20110215/001ec949ffcb0ec4be9a31.jpg	http://lianghui.china.com.cn/info/2011-02/15/content_21929092.htm
http://gate.sinovision.net:82/gate/big5/cdnwww.sinovision.net/data/attachment/album/201608/19/2158097fdw9ywvx8gv1y45.jpg	http://gate.sinovision.net:82/gate/big5/blog.sinovision.net/home/space/uid/526433/do/blog/id/294466.html
http://p.d1xz.net/2014/5/27/151586258625.jpg	http://www.d1xz.net/astro/huayu/art50576.aspx
http://a2.att.hudong.com/71/59/19300001382667132849597244608.jpg	http://yanghua.baike.com/article-144304.html
http://www.52yhua.com/uploads/allimg/151101/1-151101195649.jpg	http://m.52yhua.com/caoben/938.html
http://www.shiy.net/d/file/ylzw/hhzw/yens/2007-05-08/c60925565f51328b9460772f0736a8ad.jpg	http://www.shiy.net/ylzw/hhzw/yens/20070306/1.html
http://www.qzlxyyc.com/xz14/products/small/2016611114055.jpg	http://www.qzlxyyc.com/xz14/Product_info.asp?id=1058
http://img4.114pifa.com/5585/A6TZ6bWq1_1401689128.jpg	http://www.114pifa.com/p5585/6471823.html
http://pic16.nipic.com/20110902/7871340_143243134000_2.jpg	http://www.nipic.com/show/1/44/5042178k172bf1ba.html
http://img0.dreamhy.com/upload/20141005/1056334255.jpg	http://www.dreamhy.com/xuetang/detail-30225.aspx
http://www.weifangmiaomu.com/uploads/allimg/170512/1-1F5121II3132.jpg	http://www.weifangmiaomu.com/huahuimiaomu/2017/0512/33.html
http://pic.pingguolv.com/uploads/allimg/170119/109-1F119230523.png	http://www.pingguolv.com/zy/gongxiao/84183.html
http://pic1.huashichang.com/2015/0706/23/559aa2d640bf9_200_140.jpg	http://www.aihuhua.com/tu/yichuanhong.html
http://3.bp.blogspot.com/-QUPrsE8Ugg4/UkVH6kOoWWI/AAAAAAAAA0Q/axlhtCqbhk4/s1600/%25E4%25B8%2580%25E4%25B8%25B2%25E7%25B4%2585+%25E8%25A1%2597%25E6%2599%25AF+2.jpg	http://blog.igarden.com.tw/2001/08/5M10803.html
http://z.xiziwang.net/uploads/allimg/160407/14_160407195324_1.png	http://z.xiziwang.net/hua/26239/
http://a3.att.hudong.com/31/23/16300000080242125424231330574.jpg	http://tupian.baike.com/a3_31_23_16300000080242125424231330574_jpg.html?prd=zhengwenye_left_futu_miaoshu
http://pic1.huashichang.com/2015/0706/23/559aa2d8c66f0_200_140.jpg	http://www.aihuhua.com/tu/yichuanhong.html
http://pic7.nipic.com/20100506/4224370_084936051404_2.jpg	http://www.nipic.com/show/3116947.html
http://www.qzlxyyc.com/xz14/products/small/2016611115221.jpg	http://www.qzlxyyc.com/xz14/product.asp?type=%C7%E0%D6%DD%D2%BB%B4%AE%BA%EC
http://pic21.nipic.com/20120606/829122_192745674000_2.jpg	http://www.nipic.com/show/6315399.html
http://pic8.nipic.com/20100616/2202504_193711402601_2.jpg	http://www.nipic.com/show/1/44/4d872eb5b9e610a0.html
http://images.nongmiao.com/small/trade/2015/03/17/1503171042082404.jpg	http://www.nongmiao.com/supply/yichuangong352.html
http://2.bp.blogspot.com/-e0LSe8m1J_E/UkVHrqDhpCI/AAAAAAAAA0A/P0BUQFHt2Qo/s1600/%25E4%25B8%2580%25E4%25B8%25B2%25E7%25B4%2585+%25E8%25A1%2597%25E6%2599%25AF+%25E4%25B8%25BB.jpg	http://blog.igarden.com.tw/2013/09/salvia-vista-formula-mixture.html
http://pic.pimg.tw/jeannike/7da1f8e855b8555818d909a7abad58b8_n.jpg	http://jeannike.pixnet.net/blog/post/26984385-%E7%8F%8A%E7%91%9A%E7%8F%A0%28%E7%8F%8D%E7%8F%A0%E4%B8%80%E4%B8%B2%E7%B4%85%29
http://www.yzlmhh.com/UploadFiles/201131885218652.jpg	http://www.yzlmhh.com/ProductShow.asp?ID=185
http://www.baihuamen.com/d/file/2014/03-13/965ea3b31c9c9e2ecf6c65dc4e8028b4.jpg	http://www.baihuamen.com/yichuanhong/
http://www.lyhhjd.com/uploads/allimg/160829/1-160R91P0060-L.jpg	http://www.lyhhjd.com/a/products/yichuanhong/
http://images.hisupplier.com/var/userImages/200810/30/228982986.jpg	http://www.597mm.com/news/show.php?itemid=13262
https://www.huabaike.com/uploads/allimg/sltimg/201612/5857a484b574d.jpg	https://www.huabaike.com/yhjq/505.html
https://cbu01.alicdn.com/img/ibank/2016/760/660/3336066067_2033318448.220x220.jpg	http://www.1688.com/chanpin/-D2BBB4AEBAEC.html
http://hbjnhh.com/u/9f8a2882-dd8b-419f-aeae-b8d139d89040/image/636086618783779919.jpg	http://hbjnhh.com/3g/display/244335.html
http://a1.att.hudong.com/36/73/20300542517436140015732024921_s.jpg	http://www.baike.com/wiki/%E4%B8%80%E4%B8%B2%E7%BA%A2
http://www.taes.chc.edu.tw/~plant/photo/920312%20248.jpg	http://www.taes.chc.edu.tw/~plant/3.1.htm
https://cbu01.alicdn.com/img/ibank/2017/841/034/3813430148_834742544.220x220.jpg	http://www.1688.com/chanpin/-D2BBB4AEBAEC.html
http://pic5.nipic.com/20100222/3531024_202624651775_2.jpg	http://www.nipic.com/show/1/44/d3baafc68288c3c1.html
http://www.yunzhonglai.com/uploadfile/2015/0120/20150120023059448.jpg	http://www.yunzhonglai.com/show-100-102-1.html
http://www.huacaoshumu.net/attached/tupian/Y41/20150720-3.jpg	http://www.huacaoshumu.net/zhiwu/yichuanhong.php
https://www.huabaike.com/uploads/allimg/sltimg/201703/58c7a2264f17d.jpg	https://www.huabaike.com/yhjq/7633.html
http://www.rensheng2.com/upload/2015/08/14/7b677eea-4425-4b92-87bb-f5f8fc8701fc.jpg	http://www.rensheng2.com/350000/349836.shtml
https://b-ssl.duitang.com/uploads/item/201606/02/20160602215326_WHev2.thumb.700_0.jpeg	https://www.duitang.com/blog/?id=583363229
https://e.share.photo.xuite.net/hortwu239/1e86695/13080159/662958902_m.jpg	http://blog.xuite.net/hortwu239/wretch/143259577-%E4%B8%80%E4%B8%B2%E7%B4%85%E5%92%8C%E9%BC%A0%E5%B0%BE%E8%8D%89
http://img01.hua.com/uploadpic/images/20163171941272765475.jpg	http://www.hua.com/huayu/15088.html
http://yjyzhy.com/upfile/files/%E4%B8%80%E4%B8%B2%E7%BA%A21.jpg	http://yjyzhy.com/557/0/168
http://www.p750.com/uploads/allimg/2016-09/27141J0-1-25V3.jpg	http://www.p750.com/m/view.php?aid=357
http://www.xinyuzhongye.top/upfile/images/%E8%8A%B1%E5%8D%89/66%E4%B8%80%E4%B8%B2%E7%BA%A2.JPG	http://www.xinyuzhongye.top/557/563/43
https://www.huabaike.com/uploads/allimg/sltimg/201511/5646d3dc38d6a.jpg	https://www.huabaike.com/chonghai/502.html
http://bpic.588ku.com/element_pic/00/16/10/1357fefa5ea1889.jpg	http://588ku.com/image/yichuanhong.html
http://www.baihuamen.com/d/file/2014/03-13/137be212a036efc0689fdc281f4828bc.jpg	http://www.baihuamen.com/yichuanhong/
http://yjyzhy.com/upfile/images/%E8%8D%89%E8%8A%B1%E7%A7%8D%E5%AD%90/%E4%B8%80%E4%B8%B2%E7%BA%A22.jpg	http://yjyzhy.com/557/0/168
https://www.huabaike.com/uploads/allimg/artimg/201703/20170314155652_66252.jpg	https://www.huabaike.com/yhjq/7633.html
https://www.huabaike.com/uploads/allimg/artimg/201612/20161223100438_73630.jpg	https://m.huabaike.com/binghai/6453.html
https://cbu01.alicdn.com/img/ibank/2015/035/897/2440798530_1841328824.310x310.jpg	https://www.1688.com/pic/-D2BBB4AEBAECC3E7.html
https://cbu01.alicdn.com/img/ibank/2015/637/072/2621270736_48728449.310x310.jpg	https://www.1688.com/pic/-D2BBB4AEBAECC3E7.html
https://www.huabaike.com/uploads/allimg/sltimg/201612/58638004eef55.jpg	https://www.huabaike.com/yhjq/505.html
http://pic4.nipic.com/20090730/3103896_124943079_2.jpg	http://www.nipic.com/show/1/62/7386d15d66a696f7.html
http://pic10.nipic.com/20101011/4277294_093742086804_2.jpg	http://www.nipic.com/show/1/44/3771841k99370d2c.html
http://www.xgyyhhc.com/UploadFiles/2011518204314897.jpg	http://www.xgyyhhc.com/ProductShow.asp?ID=394
http://www.syxyzy.top/upfile/files/%E8%8A%B1%E5%8D%89%E7%A7%8D%E8%8B%97/%E4%B8%80%E4%B8%B2%E7%BA%A2.JPG	http://www.syxyzy.top/557/557/19
http://www.baihuamen.com/d/file/2014/03-13/c98902462ed0dbf4a3e92cd5f59ba95a.jpg	http://www.baihuamen.com/yichuanhong/4752_7.html
http://www.zhongzi315.com/upLoad/product/month_1505/201505011646059154.jpg	http://www.zhongzi315.com/content/?348.html
http://www.wed114.cn/jiehun/uploads/allimg/170719/1F632J28-1.jpg	http://m.zx.wed114.cn/zhiwu/20170719190791.html
http://a2.att.hudong.com/15/98/01300000012653118889884970415_s.jpg	http://www.baike.com/wiki/%E4%B8%80%E4%B8%B2%E7%BA%A2%E5%94%87
http://a4.att.hudong.com/40/59/19300001382667132849594297880_950.jpg	http://yanghua.baike.com/article-144304.html
https://cbu01.alicdn.com/img/ibank/2015/586/354/2165453685_1704571906.310x310.jpg	https://www.1688.com/pic/-D2BBB4AEBAECC3E7.html
