
http://www.baihuamen.com/d/file/2014/04-17/406f9d3f805bdf8990eb87f2f169962e.jpg	http://www.baihuamen.com/cejinzhanhua/
http://a1.att.hudong.com/08/01/20300542518076139982016082207_s.jpg	http://www.baike.com/wiki/%E4%BE%A7%E9%87%91%E7%9B%8F%E8%8A%B1
http://www.baihuamen.com/d/file/2014/04-17/b5e1fb02d444d10c82de282a375770d7.jpg	http://www.baihuamen.com/cejinzhanhua/
http://www.baihuamen.com/d/file/2014/04-16/4fea4cd495a7bd73b133570af3b25171.jpg	http://www.baihuamen.com/cejinzhanhua/
http://www.huayugu.com.cn/uploads/allimg/160706/1-160F61040000-L.jpg	http://www.huayugu.com.cn/cejinzhanhua/
http://www.baihuamen.com/d/file/2014/04-17/59575b4a1692975c524d1807de6905e2.jpg	http://www.baihuamen.com/cejinzhanhua/
http://www.baihuamen.com/d/file/2014/04-17/c82c77b7fea678ddd808cfc48591cfbc.jpg	http://www.baihuamen.com/cejinzhanhua/
https://en.pimg.jp/014/071/698/1/14071698.jpg	https://cn.pixtastock.com/photo/14071698
http://www.baihuamen.com/d/file/2014/04-17/b6973b0e401357f42d27a9fb6f1c813b.jpg	http://www.baihuamen.com/cejinzhanhua/9656_8.html
http://a2.att.hudong.com/80/52/01200000023788136447524161083_s.jpg	http://www.baike.com/wiki/%E8%9C%80%E4%BE%A7%E9%87%91%E7%9B%8F%E8%8A%B1
http://www.52yhua.com/uploads/allimg/170621/1-1F621201110.jpg	http://www.52yhua.com/jishu/7471.html
http://a3.att.hudong.com/63/29/01300544035094147878295092717_s.jpg	http://www.baike.com/wiki/%E4%BE%A7%E9%87%91%E7%9B%8F%E8%8A%B1%E5%B1%9E
http://blog-imgs-42-origin.fc2.com/e/u/r/euroflora/2010031913453762d.jpg	http://euroflora.blog127.fc2blog.us/blog-entry-56.html
http://a3.att.hudong.com/07/29/20300544035094147878292619046_s.jpg	http://www.baike.com/wiki/%E4%BE%A7%E9%87%91%E7%9B%8F%E8%8A%B1%E5%B1%9E
http://www.baihuamen.com/d/file/2014/04-17/f269cddaeb72694106a0f3de8501c3ba.jpg	http://www.baihuamen.com/cejinzhanhua/9656_9.html
https://t13.pimg.jp/027/828/843/1/27828843.jpg	https://cn.pixtastock.com/tags/%E4%BE%A7%E9%87%91%E7%9B%8F%E8%8A%B1
http://123.57.40.217:8082/downloadimage/20090726164254/20090726164254(5)_200909092041515.JPG	http://123.57.40.217:8082/image_show.asp?Image_id=4269
http://www.21cbi.com/upload/201611/19/147951199767.jpg	http://m.21cbi.com/s/14/356047.html
http://img.mp.itc.cn/upload/20170308/3984ca89d7bc4d898dd549160507fcbe_th.jpeg	http://www.sohu.com/a/128170022_409069
http://pic4.55jia.net/fengshuizhiwu/33/a256363.png	http://www.55jia.net/75/304607.html
http://a1.att.hudong.com/00/74/300001062059132391749952246_s.jpg	http://www.baike.com/wiki/%E4%BE%A7%E9%87%91%E7%9B%8F%E8%8A%B1
http://www.52yhua.com/uploads/allimg/170621/1-1F621201110-50.jpg	http://www.52yhua.com/jishu/7471.html
http://www.baihuamen.com/d/file/2014/04-17/00713725b3b058a1dec1f74f4f84ddbe.jpg	http://www.baihuamen.com/cejinzhanhua/9656_6.html
https://t17.pimg.jp/032/576/497/1/32576497.jpg	https://cn.pixtastock.com/tags/%E4%BE%A7%E9%87%91%E7%9B%8F%E8%8A%B1
https://t17.pimg.jp/032/576/487/1/32576487.jpg	https://cn.pixtastock.com/tags/%E4%BE%A7%E9%87%91%E7%9B%8F%E8%8A%B1
http://www.chla.com.cn/upload/2008_10/08102317385512.jpg	http://www.chla.com.cn/html/2008-10/20710.html
https://b-ssl.duitang.com/uploads/item/201512/09/20151209220318_iZtLf.jpeg	https://www.duitang.com/blog/?id=495061456
https://t19.pimg.jp/032/868/589/1/32868589.jpg	https://cn.pixtastock.com/tags/%E4%BE%A7%E9%87%91%E7%9B%8F%E8%8A%B1
https://upload.wikimedia.org/wikipedia/commons/f/f6/Adonis_aestivalis_1.jpg	https://zh.wikipedia.org/wiki/%E5%A4%8F%E4%BE%A7%E9%87%91%E7%9B%8F%E8%8A%B1
http://s11.sinaimg.cn/middle/62a6efe5n97999bec1b9a&690&690	http://blog.sina.com.cn/s/blog_62a6efe50100ozqi.html
https://t17.pimg.jp/030/085/397/1/30085397.jpg	https://cn.pixtastock.com/tags/%E4%BE%A7%E9%87%91%E7%9B%8F%E8%8A%B1
http://img.xietui.com/med-images/201411/26/71/201411267138830826748_300.jpg	http://m.xietui.com/yaocai/5080.html
http://s16.sinaimg.cn/mw690/001nnUKcgy6Gzd0ekvJaf&690	http://blog.sina.com.cn/s/blog_55f667880102vj17.html
http://pic1.win4000.com/pic/c/4d/c0511344196.jpg	http://www.win4000.com/meinv112651.html
http://www.naturephoto-cz.com/photos/bilek/%E5%A4%8F%E4%BE%A7%E9%87%91%E7%9B%8F%E8%8A%B1-0758.jpg	http://www.naturephoto-cz.com/%E5%A4%8F%E4%BE%A7%E9%87%91%E7%9B%8F%E8%8A%B1-picture_cn-8594.html
http://www.naturephoto-cz.com/photos/bilek/%E5%A4%8F%E4%BE%A7%E9%87%91%E7%9B%8F%E8%8A%B1-0759.jpg	http://www.naturephoto-cz.com/%E5%A4%8F%E4%BE%A7%E9%87%91%E7%9B%8F%E8%8A%B1-picture_cn-8595.html
https://t12.pimg.jp/027/828/842/1/27828842.jpg	https://cn.pixtastock.com/tags/%E4%BE%A7%E9%87%91%E7%9B%8F%E8%8A%B1
http://s14.sinaimg.cn/middle/66019f9eha7acefe65ccd&690	http://blog.sina.com.cn/s/blog_66019f9e0102dqor.html
http://www.wed114.cn/jiehun/uploads/allimg/160804/54_160804175617_1.jpg	http://www.wed114.cn/jiehun/zhiwu/20160804151677.html
http://3.im.guokr.com/Cwf0dxWEKzOkXkj4u14mi1L9ne_QzEwHGQlCNkskne7wAwAA9AIAAEpQ.jpg?imageView2/1/w/590/h/442	http://www.guokr.com/post/756291/
http://www.huayugu.com.cn/uploads/allimg/160706/1-160F61041330-L.jpg	http://www.huayugu.com.cn/cejinzhanhua/
http://www.huayugu.com.cn/uploads/allimg/160706/1-160F61035510-L.jpg	http://www.huayugu.com.cn/cejinzhanhua/
http://a0.att.hudong.com/15/46/20300543494169144655461483665_s.jpg	http://www.baike.com/wiki/%E9%87%91%E9%BB%84%E4%BE%A7%E9%87%91%E7%9B%8F%E8%8A%B1
https://upload.wikimedia.org/wikipedia/commons/thumb/3/38/Adonis_aestivalis_150504.jpg/290px-Adonis_aestivalis_150504.jpg	https://zh.wikipedia.org/wiki/%E5%81%B4%E9%87%91%E7%9B%9E%E8%8A%B1%E5%B1%AC
http://www.21cbi.com/upload/201611/19/147951199827.jpg	http://m.21cbi.com/s/14/356047.html
http://www.naturephoto-cz.com/photos/bilek/%E5%A4%8F%E4%BE%A7%E9%87%91%E7%9B%8F%E8%8A%B1-0756.jpg	http://www.naturephoto-cz.com/%E5%A4%8F%E4%BE%A7%E9%87%91%E7%9B%8F%E8%8A%B1-picture_cn-8592.html
https://gss0.bdstatic.com/94o3dSag_xI4khGkpoWK1HF6hhy/baike/s%3D220/sign=00ed47f0afc379317968812bdbc5b784/63d9f2d3572c11dfd1f13ad5632762d0f703c220.jpg	https://baike.baidu.com/item/%E4%BE%A7%E9%87%91%E7%9B%8F%E8%8A%B1%E5%B1%9E
http://www.huayugu.com.cn/uploads/allimg/160706/1-160F61031400-L.jpg	http://www.huayugu.com.cn/cejinzhanhua/
https://t11.pimg.jp/006/029/071/1/6029071.jpg	https://cn.pixtastock.com/tags/%E8%BE%BD%E5%90%89%E4%BE%A7%E9%87%91%E7%9B%8F%E8%8A%B1?search_type=2
http://www.52yhua.com/uploads/allimg/170621/1-1F621200Z5.jpg	http://m.52yhua.com/juketp/7470.html
http://a4.att.hudong.com/71/64/01300537870228138833644887181_s.jpg	http://www.baike.com/wiki/%E9%87%91%E9%BB%84%E4%BE%A7%E9%87%91%E7%9B%8F%E8%8A%B1
http://frps.eflora.cn/QRCode.ashx?id=35485	http://frps.eflora.cn/frps/Sect.%20Consiligo
https://b-ssl.duitang.com/uploads/item/201506/11/20150611115016_X2KNY.thumb.700_0.jpeg	https://www.duitang.com/blog/?id=542664645
http://frps.eflora.cn/QRCode.ashx?id=27373	http://frps.eflora.cn/frps/Adonis
http://www.cxs08.com/UploadFiles/Others/201408116JD4422JX2.jpg	http://www.cxs08.com/Mobile/MProducts/cjzh06030166_page1.html
https://t17.pimg.jp/030/153/407/1/30153407.jpg	https://cn.pixtastock.com/tags/%E8%BE%BD%E5%90%89%E4%BE%A7%E9%87%91%E7%9B%8F%E8%8A%B1
http://www.naturephoto-cz.com/photos/bilek/%E5%A4%8F%E4%BE%A7%E9%87%91%E7%9B%8F%E8%8A%B1-0757.jpg	http://www.naturephoto-cz.com/%E5%A4%8F%E4%BE%A7%E9%87%91%E7%9B%8F%E8%8A%B1-picture_cn-8593.html
https://b-ssl.duitang.com/uploads/item/201507/09/20150709001806_hvnGf.jpeg	https://www.duitang.com/blog/?id=712943803
http://a1.att.hudong.com/85/04/01300542518076139982046799463_s.jpg	http://www.baike.com/wiki/%E4%BE%A7%E9%87%91%E7%9B%8F%E8%8A%B1
http://www.yeehua.net/pic/2016/IMG2016_3888.jpg	http://www.yeehua.net/zwdetail.asp?cs=6&zw_id=20437
https://t17.pimg.jp/031/392/117/1/31392117.jpg	https://cn.pixtastock.com/tags/%E8%BE%BD%E5%90%89%E4%BE%A7%E9%87%91%E7%9B%8F%E8%8A%B1?search_type=2
http://s7.sinaimg.cn/middle/66019f9eha7acecc0cf16&690	http://blog.sina.com.cn/s/blog_66019f9e0102dqor.html
https://t15.pimg.jp/029/551/425/1/29551425.jpg	https://cn.pixtastock.com/tags/%E8%BE%BD%E5%90%89%E4%BE%A7%E9%87%91%E7%9B%8F%E8%8A%B1
http://www.tjnhm.com/uploadfile/image/20170526/20170526030913_89274.jpg	http://www.tjnhm.com/index.php?p=kxyj_show&id=706
https://img.moegirl.org/common/thumb/b/bf/%E3%83%95%E3%82%AF%E3%82%B8%E3%83%A5%E3%82%BD%E3%82%A62.jpg/250px-%E3%83%95%E3%82%AF%E3%82%B8%E3%83%A5%E3%82%BD%E3%82%A62.jpg	https://zh.moegirl.org/%E7%BE%8E%E5%B0%91%E5%A5%B3%E8%8A%B1%E9%AA%91%E5%A3%AB:%E4%BE%A7%E9%87%91%E7%9B%8F%E8%8A%B1
http://image.yuanlin.com/yuanyi/uppic/2014/10/a3dd3c47-045a-4196-becb-e2e8e54361b3.jpg	http://yy.yuanlin.com/detail/47112.html
https://en.pimg.jp/022/437/191/1/22437191.jpg	https://cn.pixtastock.com/illustration/22437191
https://gss2.bdstatic.com/9fo3dSag_xI4khGkpoWK1HF6hhy/baike/w%3D400/sign=4236a072cbfdfc03e578e2b8e43e87a9/4afbfbedab64034ff23a948aa7c379310b551d42.jpg	https://baike.baidu.com/item/%E4%BE%A7%E9%87%91%E7%9B%8F%E8%8A%B1
http://www.huayugu.com.cn/uploads/allimg/160706/1-160F6101T70-L.jpg	http://www.huayugu.com.cn/cejinzhanhua/13339.html
http://www.pdhg.net/images/201610/goods_img/2234_P_1475360915010.jpg	http://www.pdhg.net/goods.php?id=2234
http://a4.att.hudong.com/51/96/01300000044935128213962828032_02_250_250.jpg	http://fenlei.baike.com/%E4%BE%A7%E9%87%91%E7%9B%8F%E8%8A%B1%E5%B1%9E/?prd=zhengwenye_left_kuozhan_kaifangfenlei
http://www.huayugu.com.cn/uploads/allimg/160706/1-160F61042540-L.jpg	http://www.huayugu.com.cn/cejinzhanhua/
http://www.21cbi.com/upload/201701/10/148401414013.jpg	http://m.21cbi.com/s/14/438994.html
https://gss1.bdstatic.com/-vo3dSag_xI4khGkpoWK1HF6hhy/baike/w%3D268%3Bg%3D0/sign=f9e914cec4bf6c81f7372bee8405d608/a1ec08fa513d26973c85f8fb5dfbb2fb4216d8c6.jpg	https://baike.baidu.com/item/%E4%BE%A7%E9%87%91%E7%9B%8F%E8%8A%B1
https://b-ssl.duitang.com/uploads/item/201206/01/20120601104428_wGseX.thumb.700_0.jpeg	https://www.duitang.com/blog/?id=30171717
https://en.pimg.jp/021/972/179/1/21972179.jpg	https://cn.pixtastock.com/illustration/21972179
https://en.pimg.jp/004/757/789/1/4757789.jpg	https://cn.pixtastock.com/illustration/4757789
http://s2.sinaimg.cn/mw690/001KWqsdgy6OB8q7jih61&690	http://blog.sina.com.cn/s/blog_5ff3202d0102vd71.html
http://www.yeehua.net/pic/2015/aw100s_9232.jpg	http://www.yeehua.net/picview.asp?tpid=13608
http://www.yeehua.net/pic/2015/aw100s_9452.jpg	http://www.yeehua.net/picview.asp?tpid=13656
http://www.yeehua.net/pic/2015/aw100s_9237.jpg	http://www.yeehua.net/picview.asp?tpid=13609
https://upload.wikimedia.org/wikipedia/commons/1/11/W_hukujusou6031.jpg	https://zh.wikipedia.org/wiki/%E5%81%B4%E9%87%91%E7%9B%9E%E8%8A%B1
https://en.pimg.jp/006/029/072/1/6029072.jpg	https://cn.pixtastock.com/illustration/6029072
http://www.yeehua.net/pic/2015/aw100s_9248.jpg	http://www.yeehua.net/picview.asp?tpid=13610
http://img.xunhai.com/2015/11/26/144853889588642.jpg	http://www.xunhai.com/cejinzhanhua/2015/1126/4633.html
http://img.redocn.com/sheji/20160808/cejinzhanhuafushoucaomaoke_6903481.jpg	http://sucai.redocn.com/yixiang_6903481.html
http://www.yeehua.net/pic/2015/aw100s_9214.jpg	http://www.yeehua.net/picview.asp?tpid=13605
https://en.pimg.jp/000/587/767/1/587767.jpg	https://cn.pixtastock.com/illustration/587767
http://pic1.win4000.com/pic/c/84/2bc21344167.jpg_195.jpg	http://www.win4000.com/meinv112651.html
http://www.huayugu.com.cn/uploads/allimg/160706/1-160F61023280-L.jpg	http://www.huayugu.com.cn/cejinzhanhua/13341.html
https://gss3.bdstatic.com/7Po3dSag_xI4khGkpoWK1HF6hhy/baike/w%3D268%3Bg%3D0/sign=45786147b67eca8012053ee1a918f0e0/ac4bd11373f08202adc6565b4dfbfbedab641b7a.jpg	http://baike.baidu.com/item/%E4%BE%A7%E9%87%91%E7%9B%8F%E8%8A%B1%E7%BB%84/14362657
http://www.huayugu.com.cn/uploads/allimg/160706/1-160F61033540-L.jpg	http://www.huayugu.com.cn/cejinzhanhua/13347.html
http://a3.att.hudong.com/38/36/01300001160503130640368596067.jpg	http://tupian.baike.com/a3_38_36_01300001160503130640368596067_jpg.html&prd=so_tupian
http://www.yeehua.net/pic/2015/aw100s_9259.jpg	http://www.yeehua.net/picview.asp?tpid=13611
http://footage.framepool.com/shotimg/qf/754605879-%E6%98%A5%E4%BE%A7%E9%87%91%E7%9B%8F%E8%8A%B1-%E6%9C%89%E6%AF%92-%E9%87%8E%E7%94%9F%E4%BF%84%E7%BD%97%E6%96%AF:%E8%A5%BF%E4%BC%AF%E5%88%A9%E4%BA%9A-%E9%87%8E%E8%8A%B1.jpg	http://footage.framepool.com/zh/shot/577440642-adonis-vernalis-poisonous-wildflower-water-drop
http://www.baihuajian.com/uploads/201511/14476862447JyZfvyh.jpg	http://www.baihuajian.com/doc-view-377.html
http://www.yuhuagu.com/uploads/allimg/130616/10-130616205I9.jpg	http://www.yuhuagu.com/ktsh/8359.html
http://www.cxs08.com/UploadFiles/Others/20140811202VVHPD4V.jpg	http://www.cxs08.com/Mobile/MProducts/cjzh06030166_page1.html
http://img.xunhai.com/2015/11/26/144853885491330.jpg	http://www.xunhai.com/cejinzhanhua/2015/1126/4628.html
http://footage.framepool.com/shotimg/350475633-%E6%98%A5%E4%BE%A7%E9%87%91%E7%9B%8F%E8%8A%B1-%E9%87%87%E9%9B%86%E8%8A%B1%E7%B2%89-%E6%9C%89%E6%AF%92-%E9%87%8E%E7%94%9F%E4%BF%84%E7%BD%97%E6%96%AF:%E8%A5%BF%E4%BC%AF%E5%88%A9%E4%BA%9A.jpg	http://footage.framepool.com/zh/shot/754605879-adonis-vernalis-poisonous-wildflower-siberia
