
http://www.zhongyaoyi.com/d/file/tupian/2015-05-12/40d21d0c07377113f701f1d1aa483fd6.jpg	http://www.zhongyaoyi.com/t/qianrihong/
http://www.zhongyaoyi.com/d/file/jiazhi/2015-05-12/596ce77800837aa6e89e61121931dbd2.jpg	http://www.zhongyaoyi.com/t/qianrihong/
http://www.zhongyaoyi.com/d/file/gongxiao/2015-05-12/436960dd5959e74545f99bf4ac091b5b.jpg	http://www.zhongyaoyi.com/t/qianrihong/
http://www.hllhz.com/UploadFiles/Others/201410271621065527784.jpg	http://www.hllhz.com/yensh/qrhhzz.html
http://a1.att.hudong.com/76/71/01100000000000144725710676240_s.jpg	http://www.baike.com/wiki/%E5%8D%83%E6%97%A5%E7%BA%A2
http://www.dianshu119.com/uploads/201301/1358041396litjCGWz.jpg	http://www.dianshu119.com/index.php?doc-view-932.html
http://www.zhongyaoyi.com/d/file/shiyong/2015-05-12/436848a14580bdb4d21f2faf76bfe0a8.jpg	http://www.zhongyaoyi.com/t/qianrihong/
http://a0.att.hudong.com/60/71/01100000000000144725710655747_s.jpg	http://www.baike.com/wiki/%E5%8D%83%E6%97%A5%E7%BA%A2
http://www.cnhua.net/uploads/allimg/c090103/1230c064VF-3L37.jpg	http://www.cnhua.net/minghua/ynhh/17964547773623.html
http://a1.att.hudong.com/82/71/20200000013920144725710426410_s.jpg	http://www.baike.com/wiki/%E5%8D%83%E6%97%A5%E7%BA%A2
http://plantabc.com/wp-content/uploads/2013/08/q%E5%8D%83%E6%97%A5%E7%BA%A2.jpg	http://plantabc.com/%E8%8B%8B%E7%A7%91/%E5%8D%83%E6%97%A5%E7%BA%A2%E5%B1%9E/%E5%8D%83%E6%97%A5%E7%BA%A2.plant
http://www.huajiang.cc/uploads/allimg/140402/8-1404022055542S.jpg	http://www.huajiang.cc/huayu/20140402/257.html
http://a1.att.hudong.com/81/97/16300000637152125983970269253.jpg	http://tupian.baike.com/a1_81_97_16300000637152125983970269253_jpg.html?prd=zhengwenye_left_futu_miaoshu
http://www.51etong.com/upload/images/3(200).jpg	http://www.51etong.com/s/jkbj/70201.shtml
http://www.baihuamen.com/d/file/2014/04-28/4401e0610dcd84c27fa0fe4016d5d18b.jpg	http://www.baihuamen.com/qianrihong/
http://www.ws9g.com/upload/201701/12/201701121712566320.jpg	http://www.ws9g.com/products/show/1088.html
http://www.wdptj.com/wp-content/uploads/2016/08/%E5%8D%83%E6%97%A5%E7%BA%A2%E7%9A%84%E5%8A%9F%E6%95%88%E4%B8%8E%E4%BD%9C%E7%94%A85.jpg	http://www.wdptj.com/25445.html
http://www.cnzyao.com/uploads/allimg/120617/1-12061H111200-L.jpg	http://www.cnzyao.com/yaocai/hua/3216.html
http://www.zhongyaoyi.com/d/file/chandi/2015-05-12/542cb2bc234972c36aa36ab15ac1bc87.jpg	http://www.zhongyaoyi.com/t/qianrihong/
http://www.zhiwu365.com/uploads/plant/218_qianrihong/default/original/4_qianrihong.jpg	http://www.zhiwu365.com/plant/248
http://www.dianshu119.com/uploads/201301/1358041510wE7qIKXW.jpg	http://www.dianshu119.com/index.php?doc-view-932.html
http://ys.fh21.com.cn/uploads/allimg/140919/12_140919163457_1.jpg	http://ys.fh21.com.cn/baike/81790.html
http://a3.att.hudong.com/14/71/01100000000000144725710906414_s.jpg	http://www.baike.com/wiki/%E5%8D%83%E6%97%A5%E7%BA%A2
http://www.baihuamen.com/d/file/2014/04-27/b8d6c9d57e0b38c7937656ac0643e4f0.jpg	http://www.baihuamen.com/qianrihong/
https://m.uooyoo.com/img2017/3/15/2017031536092205.jpg	https://m.uooyoo.com/a/39783939.html
https://www.huabaike.com/uploads/allimg/sltimg/201605/5731a5a2b1593.jpg	https://www.huabaike.com/jtyh/3280.html
http://img01.hua.com/uploadpic/images/20163171934216340564.jpg	http://www.hua.com/huayu/15087.html
http://b0.att.hudong.com/21/52/300000081395125531524814660_1024.jpg	http://www.zw234.cn/xintu/11729/qianrihongtupian/
http://www.zhiwu365.com/uploads/plant/218_qianrihong/default/original/1_qianrihong.jpg	http://www.zhiwu365.com/plant/248
http://www.zhongzi.net/files/allimg/151130/1-151130001Zb59.jpg	http://m.zhongzi.net/huahui/dahuaqianrihong.htm
http://www.dianshu119.com/uploads/201301/1358041476Usyg8mFK.jpg	http://www.dianshu119.com/index.php?doc-view-932.html
http://pic26.nipic.com/20121222/11671875_214300535118_2.jpg	http://www.nipic.com/show/7342792.html
https://www.huabaike.com/uploads/allimg/20120604/120604131H0607210-L.png	https://www.huabaike.com/huashihuayu/201206/497.html
http://a0.att.hudong.com/13/63/300001204714130362630330938.jpg	http://tupian.baike.com/79395/1.html
http://www.wdptj.com/wp-content/uploads/2016/08/%E5%8D%83%E6%97%A5%E7%BA%A2%E7%9A%84%E5%8A%9F%E6%95%88%E4%B8%8E%E4%BD%9C%E7%94%A82.jpg	http://www.wdptj.com/25445.html
http://a0.att.hudong.com/22/64/01300534883917136966642936321_s.jpg	http://www.baike.com/wiki/%E5%8D%83%E6%97%A5%E7%BA%A2%E8%8A%B1
http://www.yuhuagu.com/uploads/allimg/120722/43_120722055939_1.jpg	http://www.yuhuagu.com/jiating/2010/0708/1032.html
http://a3.att.hudong.com/62/71/01100000000000144725711161471_s.jpg	http://www.baike.com/wiki/%E5%8D%83%E6%97%A5%E7%BA%A2
http://www.xincha.com/pic/1?src=http://mmbiz.qpic.cn/mmbiz_jpg/GhlznRVUuyPu2RkFp41pHkrOnLD1EQiaOLNQBF9FeSHx7rDCNMsDANpHLPFkPhXyK2m0MHerC0xTIO3Mv9dArtg/0?wx_fmt=jpeg	http://www.xincha.com/p/629442
http://p.d1xz.net/2014/7/5/141586048604.jpg	http://3g.d1xz.net/astro/huayu/art56088.aspx
http://a3.att.hudong.com/50/04/20300396105035148878040952058_s.jpg	http://www.baike.com/wiki/%E5%8D%83%E6%97%A5%E7%BA%A2%E8%8A%B1%E8%8C%B6
http://img.sczlb.com/uploads/pictures/2016/02/7nYE8t.png	http://www.sczlb.com/cate-news/91672.html
http://wap.yunmencraft.com/Upload/20160718210016ieVr.jpg	http://wap.yunmencraft.com/index.php/wap/qrh.html
http://www.qyzyc.com/UploadFiles/2012-12/0/2012120719490711236.jpg	http://www.qyzyc.com/huacaocha/qianrihong.html
http://a0.att.hudong.com/81/32/300000764046131726325903867_s.jpg	http://www.baike.com/wiki/%E5%8D%83%E6%97%A5%E7%BA%A2
https://www.huabaike.com/uploads/allimg/artimg/201605/20160511164843_47059.png	https://www.huabaike.com/binghai/3316.html
http://www.51faya.net/images/200801/1200755076867890605.jpg	http://www.51faya.net/goods-166.html
http://pic.pingguolv.com/uploads/allimg/161217/109-16121G41115.jpg	http://www.pingguolv.com/zy/gongxiao/79716.html
http://jpkc.sysu.edu.cn/zhiwuxue/web2004/source/bys/hua/%E8%8B%8B%E7%A7%91%EF%BC%9A%E5%8D%83%E6%97%A5%E7%BA%A2.jpg	http://blog.sina.com.cn/s/blog_598249330100dtov.html
https://thumbs.dreamstime.com/z/%E5%8D%83%E6%97%A5%E7%BA%A2%E8%8A%B1-72914571.jpg	https://cn.dreamstime.com/%E5%BA%93%E5%AD%98%E4%BE%8B%E8%AF%81-%E5%8D%83%E6%97%A5%E7%BA%A2%E8%8A%B1-image57250870
https://gss0.bdstatic.com/94o3dSag_xI4khGkpoWK1HF6hhy/baike/s%3D220/sign=8d4a033fa786c9170c03553bf93c70c6/0e2442a7d933c895c9c37fbcd11373f0830200b3.jpg	https://baike.baidu.com/item/%E5%8D%83%E6%97%A5%E7%BA%A2/199816
http://www.huajiang.cc/uploads/image/20151127/1448595611787481.jpg	http://www.huajiang.cc/huayu/20151127/5768.html
http://image99.360doc.com/DownloadImg/2016/08/1409/77837930_1.jpg	http://www.360doc.com/content/16/0814/09/22010781_583094497.shtml
http://www.wdptj.com/wp-content/uploads/2016/01/%E5%8D%83%E6%97%A5%E7%BA%A21.jpg	http://www.wdptj.com/16154.html
http://www.dianshu119.com/uploads/201301/13580414578vMFo6fC.jpg	http://www.dianshu119.com/index.php?doc-view-932.html
https://thumbs.dreamstime.com/z/%E5%85%B3%E9%97%AD%E5%8D%83%E6%97%A5%E7%BA%A2%E8%8A%B1%E5%B0%84-45191139.jpg	https://cn.dreamstime.com/%E5%BA%93%E5%AD%98%E7%85%A7%E7%89%87-%E5%85%B3%E9%97%AD%E5%8D%83%E6%97%A5%E7%BA%A2%E8%8A%B1%E5%B0%84-image45191139
http://www.18zhongyao.com/pic/1/qianrihong.jpg	http://www.18zhongyao.com/zydq/hl/560.html
http://pic15.nipic.com/20110625/3101644_224952947556_2.jpg	http://www.nipic.com/show/1/44/4762246k54e94e10.html
http://file1.cucdc.com/cwfiles/89/37789/%E4%B8%80%E4%BA%8C%E5%B9%B4%E7%94%9F%E8%8A%B1%E5%8D%89/%E5%8D%83%E6%97%A5%E7%BA%A2.jpg	http://read.cucdc.com/cw/37789/57438.html
https://gss2.bdstatic.com/-fo3dSag_xI4khGkpoWK1HF6hhy/baike/s%3D220/sign=2959178c9b504fc2a65fb707d5dce7f0/a71ea8d3fd1f4134917d9efa251f95cad0c85eef.jpg	https://baike.baidu.com/item/%E5%8D%83%E6%97%A5%E7%BA%A2/199816
https://img5.yxlady.com/Flowers/UploadFiles_9965/2015096/20150906144650156.jpg	http://m.yxlady.com/Flowers/201509/217337.shtml
https://gss1.bdstatic.com/-vo3dSag_xI4khGkpoWK1HF6hhy/baike/s%3D220/sign=63ebe6bab5003af349badb62052bc619/e4dde71190ef76c6f2d7fd989e16fdfaaf51677f.jpg	https://baike.baidu.com/item/%E5%8D%83%E6%97%A5%E7%BA%A2/199816
http://newbbs.023cqzq.com/attachment.aspx?attachmentid=164255	http://newbbs.023cqzq.com/showtopic-15456.aspx
http://www.37jg.com/img/pictures/2017/05/2gIrlT.png	http://www.37jg.com/show/256133.html
http://www.huayugu.com.cn/uploads/allimg/161026/1-1610261634100-L.jpg	http://www.huayugu.com.cn/qianrihong/
http://www.wdptj.com/wp-content/uploads/2016/01/%E5%8D%83%E6%97%A5%E7%BA%A25.jpg	http://www.wdptj.com/16154.html
https://www.huabaike.com/uploads/allimg/sltimg/201605/5731a4818c4e3.jpg	https://www.huabaike.com/jtyh/3280.html
http://www.ysw.com/uploads/151201/23-1512011K91bT.png	http://www.ysw.com/hualei/qianrihong.html
http://img01.hua.com/uploadpic/images/20163171934323844195.jpg	http://www.hua.com/huayu/15087.html
http://www.1nongjing.com/uploads/allimg/151119/892-151119112Qb58.jpg	http://net.1nongjing.com/a/201511/121108.html
http://www.kmsjh.com/imageRepository/e85e190b-72ce-43fe-989b-c7d49f185ac4.jpg	http://www.kmsjh.com/products_detail/productId=59.html
http://mall.cyw51.com/images/upload/Image/qianrihong.jpg	http://mall.cyw51.com/goods-242.html
http://www.syyjlhmm.com/upLoad/product/month_1402/20140217134426916.jpg	http://www.syyjlhmm.com/content/?618.html
http://www.ysnflower.com/UploadFiles/Others/201509010940444394346.jpg	http://www.ysnflower.com/Products/qrh.html
http://pic.pingguolv.com/uploads/allimg/161217/109-16121G41105.jpg	http://www.pingguolv.com/zy/gongxiao/79716.html
http://img.xunhai.com/2015/11/26/144849356896151.jpg	http://www.xunhai.com/qianrihong/2015/1126/3769.html
https://cdn.pixabay.com/photo/2016/12/27/09/35/globe-amaranth-1933599_960_720.jpg	https://pixabay.com/zh/%E5%8D%83%E6%97%A5%E7%BA%A2-%E9%B2%9C%E8%8A%B1-%E6%A4%8D%E7%89%A9-%E5%B9%BF%E8%A7%92-1933599/
http://www.huafensi.com/uploads/allimg/141012/1-141012194G3B1.jpg	http://www.huafensi.com/huahui/qianrihong_26.html
http://www.yangshengpu.com/uploads/allimg/1602/1-16022510012Y50.jpg	http://www.yangshengpu.com/zy/zhong-yao/7888.html
http://img.39yst.com/uploads/2016/0622/1466580514919.jpg	http://www.39yst.com/zycb/426696.shtml
http://www.baihuamen.com/d/file/2014/04-28/66ddd24cc4d34ed0f754f8efd6bd2141.jpg	http://www.baihuamen.com/qianrihong/
https://thumbs.dreamstime.com/z/%E5%8D%83%E6%97%A5%E7%BA%A2%E8%8A%B1-16999074.jpg	https://cn.dreamstime.com/%E5%BA%93%E5%AD%98%E5%9B%BE%E7%89%87-%E5%8D%83%E6%97%A5%E7%BA%A2%E8%8A%B1-image16999074
http://www.zhongyaoyi.com/d/file/gongxiao/2015-05-12/8408c9f9c701df4b7ddfbc2f4d61ea21.jpg	http://www.zhongyaoyi.com/gongxiao/495.html
http://www.bjp321.com/file/upload/201605/17/17-34-58-72-1.jpg	http://www.gncmall.net/news/2016/0606/6385.html
http://img.zhzyw.org/2009103013581925842.jpg	http://www.zhzyw.org/zycs/zytp/zy/09103013C6K6928GI782AK4D4.html
http://img.39yst.com/uploads/2016/0622/1466580514618.jpg	http://www.39yst.com/zycb/426696.shtml
https://www.huabaike.com/uploads/allimg/sltimg/201605/5731a50eb403a.jpg	https://www.huabaike.com/hyjk/3283.html
http://wap.yunmencraft.com/Upload/20160718210132WHjI.jpg	http://wap.yunmencraft.com/index.php/wap/qrh.html
http://www.wdptj.com/wp-content/uploads/2016/08/%E5%8D%83%E6%97%A5%E7%BA%A2%E7%9A%84%E5%8A%9F%E6%95%88%E4%B8%8E%E4%BD%9C%E7%94%A83.jpg	http://www.wdptj.com/25445.html
http://s5.sinaimg.cn/mw690/68c0bec3hd6dd8fc690f4&690	http://blog.sina.com.cn/s/blog_68c0bec301018uc2.html
http://www.yuhuagu.com/uploads/allimg/120714/10-120G4154332.jpg	http://www.yuhuagu.com/ktsh/3633.html
http://file.cnkang.com/cnkfile1/M00/02/98/o4YBAFh50-GAPJOnAAKaiqVr6Rw35.jpeg	http://www.cnkang.com/tags/15261.html
http://www.zhiwuw.com/d/file/changjianhuahui/yierniansheng/cea950e4463935d2513350b84d75affe.gif	http://www.zhiwuw.com/changjianhuahui/yierniansheng/347.html
https://www.huabaike.com/uploads/allimg/artimg/201605/20160511165051_34279.jpg	https://m.huabaike.com/yhjq/3317.html
https://thumbs.dreamstime.com/z/%E8%89%B2%E5%8D%83%E6%97%A5%E7%BA%A2-85592607.jpg	https://cn.dreamstime.com/%E5%BA%93%E5%AD%98%E7%85%A7%E7%89%87-%E8%89%B2%E5%8D%83%E6%97%A5%E7%BA%A2-image85592607
http://i30.tinypic.com/313rmex.jpg	http://blog.wenxuecity.com/myblog/33747/200909/12608.html
http://www.ynhmw.com/file/upload/201304/27/09-14-44-89-1.jpg	http://www.ynhmw.com/photo/show-344-3.html
http://s7.sinaimg.cn/mw690/68c0bec3hd6dd815b2b46&690	http://blog.sina.com.cn/s/blog_68c0bec301018uc2.html
http://www.baihuamen.com/d/file/2014/04-28/74bb959529687e73db0d83cdace730b1.jpg	http://www.baihuamen.com/qianrihong/
http://m.21cbi.com/data/img.php?ref=http://blog.sina.com.cn&url=http://s15.sinaimg.cn/middle/66019f9eha165f26787be&690	http://m.21cbi.com/s/1/417096.html
