
https://gss3.bdstatic.com/7Po3dSag_xI4khGkpoWK1HF6hhy/baike/c0%3Dbaike92%2C5%2C5%2C92%2C30/sign=2e2630c83ac79f3d9becec62dbc8a674/63d9f2d3572c11df4ef7ca14622762d0f703c2e7.jpg
https://gss2.bdstatic.com/9fo3dSag_xI4khGkpoWK1HF6hhy/baike/c0%3Dbaike92%2C5%2C5%2C92%2C30/sign=0bed8c1cb151f819e5280b18bbdd2188/b3b7d0a20cf431adf910490e4a36acaf2fdd98c2.jpg

https://gss2.bdstatic.com/9fo3dSag_xI4khGkpoWK1HF6hhy/baike/c0%3Dbaike92%2C5%2C5%2C92%2C30/sign=83d779dcb7fd5266b3263446ca71fc4e/0df3d7ca7bcb0a46f003fe0e6a63f6246b60afe7.jpg
https://gss2.bdstatic.com/9fo3dSag_xI4khGkpoWK1HF6hhy/baike/c0%3Dbaike92%2C5%2C5%2C92%2C30/sign=be130bfcfaedab64607f4592965fc4a6/14ce36d3d539b60020ef7a80e850352ac65cb7e7.jpg
https://gss2.bdstatic.com/9fo3dSag_xI4khGkpoWK1HF6hhy/baike/c0%3Dbaike92%2C5%2C5%2C92%2C30/sign=52056e3a279759ee5e5d6899d3922873/2cf5e0fe9925bc31069f0baf5fdf8db1ca1370c2.jpg
https://gss0.bdstatic.com/-4o3dSag_xI4khGkpoWK1HF6hhy/baike/c0%3Dbaike92%2C5%2C5%2C92%2C30/sign=bb1de18c86d6277ffd1f3a6a49517455/8c1001e93901213f84123beb55e736d12f2e95e7.jpg
https://gss1.bdstatic.com/-vo3dSag_xI4khGkpoWK1HF6hhy/baike/c0%3Dbaike92%2C5%2C5%2C92%2C30/sign=9e07254b500fd9f9b41a5d3b4444bf4f/a9d3fd1f4134970a45b11a1894cad1c8a6865dc2.jpg
https://gss2.bdstatic.com/-fo3dSag_xI4khGkpoWK1HF6hhy/baike/c0%3Dbaike92%2C5%2C5%2C92%2C30/sign=a11fd188a1ec08fa320d1bf538875608/95eef01f3a292df5b6e2d922bd315c6034a873e7.jpg
https://gss1.bdstatic.com/9vo3dSag_xI4khGkpoWK1HF6hhy/baike/c0%3Dbaike92%2C5%2C5%2C92%2C30/sign=0c3e0f4d21a446236ac7ad30f94b196b/ca1349540923dd543752d25fd009b3de9c8248e7.jpg

https://gss1.bdstatic.com/9vo3dSag_xI4khGkpoWK1HF6hhy/baike/c0%3Dbaike92%2C5%2C5%2C92%2C30/sign=75ede1488bb1cb132a643441bc3d3d2b/b8014a90f603738de8328685b51bb051f819ec19.jpg
https://gss2.bdstatic.com/9fo3dSag_xI4khGkpoWK1HF6hhy/baike/crop%3D0%2C45%2C1024%2C676%3Bc0%3Dbaike116%2C5%2C5%2C116%2C38/sign=a670e85bd01b0ef478a7c21ee0f47dee/3b292df5e0fe9925be83c92536a85edf8db17133.jpg
https://gss0.bdstatic.com/94o3dSag_xI4khGkpoWK1HF6hhy/baike/c0%3Dbaike150%2C5%2C5%2C150%2C50/sign=bdbd68bfad51f3ded7bfb136f5879b7a/4034970a304e251fb561448da586c9177f3e5334.jpg

https://gss2.bdstatic.com/-fo3dSag_xI4khGkpoWK1HF6hhy/baike/c0%3Dbaike150%2C5%2C5%2C150%2C50/sign=3397f442af51f3ded7bfb136f5879b7a/4034970a304e251f3b4bd870a786c9177e3e53fd.jpg
https://gss3.bdstatic.com/7Po3dSag_xI4khGkpoWK1HF6hhy/baike/c0%3Dbaike150%2C5%2C5%2C150%2C50/sign=527ba6e9f3deb48fef64a98c9176514c/960a304e251f95ca7e49ae3ec9177f3e660952fd.jpg
https://gss0.bdstatic.com/94o3dSag_xI4khGkpoWK1HF6hhy/baike/c0%3Dbaike272%2C5%2C5%2C272%2C90/sign=0cb055d834a85edfee81f671283d6246/314e251f95cad1c81707c0af7f3e6709c83d51fd.jpg
https://gss1.bdstatic.com/9vo3dSag_xI4khGkpoWK1HF6hhy/baike/c0%3Dbaike150%2C5%2C5%2C150%2C50/sign=425fbd378c5494ee932f074b4c9c8b9b/241f95cad1c8a786789676866709c93d71cf50fd.jpg
https://gss2.bdstatic.com/9fo3dSag_xI4khGkpoWK1HF6hhy/baike/c0%3Dbaike150%2C5%2C5%2C150%2C50/sign=060e85ec94eef01f591910978197f240/94cad1c8a786c917cdbf6eb1c93d70cf3ac757fd.jpg
https://gss3.bdstatic.com/-Po3dSag_xI4khGkpoWK1HF6hhy/baike/c0%3Dbaike150%2C5%2C5%2C150%2C50/sign=3fd59d56f01f3a294ec5dd9cf84cd754/d0c8a786c9177f3ed488c08570cf3bc79e3d56fd.jpg
https://gss0.bdstatic.com/-4o3dSag_xI4khGkpoWK1HF6hhy/baike/c0%3Dbaike150%2C5%2C5%2C150%2C50/sign=f702befd43a98226accc2375ebebd264/03087bf40ad162d9ee155e9411dfa9ec8b13cdba.jpg

https://gss1.bdstatic.com/-vo3dSag_xI4khGkpoWK1HF6hhy/baike/c0%3Dbaike80%2C5%2C5%2C80%2C26/sign=82cc08ee252dd42a4b0409f9625230d0/a686c9177f3e67099cdb18783bc79f3df9dc5559.jpg
https://gss0.bdstatic.com/94o3dSag_xI4khGkpoWK1HF6hhy/baike/c0%3Dbaike80%2C5%2C5%2C80%2C26/sign=4a6783a8be096b63951456026d5aec21/b03533fa828ba61ee8f28ca84134970a304e591c.jpg

https://gss0.bdstatic.com/-4o3dSag_xI4khGkpoWK1HF6hhy/baike/c0%3Dbaike116%2C5%2C5%2C116%2C38/sign=c03a996b8db1cb132a643441bc3d3d2b/94cad1c8a786c9178baca0bdc93d70cf3ac75783.jpg
https://gss3.bdstatic.com/7Po3dSag_xI4khGkpoWK1HF6hhy/baike/c0%3Dbaike116%2C5%2C5%2C116%2C38/sign=6668d27a36d3d539d53007915bee8235/caef76094b36acaf815f64787cd98d1000e99cf3.jpg
https://gss1.bdstatic.com/-vo3dSag_xI4khGkpoWK1HF6hhy/baike/c0%3Dbaike116%2C5%2C5%2C116%2C38/sign=2c9b746a9c82d158af8f51e3e16372bd/9e3df8dcd100baa13083b53f4710b912c9fc2e83.jpg
https://gss0.bdstatic.com/-4o3dSag_xI4khGkpoWK1HF6hhy/baike/c0%3Dbaike116%2C5%2C5%2C116%2C38/sign=434a09af9d16fdfacc61cebcd5e6e731/d058ccbf6c81800afd7d7b8ab13533fa838b479e.jpg
https://gss0.bdstatic.com/-4o3dSag_xI4khGkpoWK1HF6hhy/baike/c0%3Dbaike116%2C5%2C5%2C116%2C38/sign=4da750be304e251ff6faecaac6efa272/8694a4c27d1ed21b0267dc61ad6eddc450da3f83.jpg
https://gss2.bdstatic.com/-fo3dSag_xI4khGkpoWK1HF6hhy/baike/c0%3Dbaike116%2C5%2C5%2C116%2C38/sign=3edde2ab95cad1c8c4b6f4751e570c6c/7c1ed21b0ef41bd5a3fd1a7051da81cb38db3d83.jpg

https://gss2.bdstatic.com/-fo3dSag_xI4khGkpoWK1HF6hhy/baike/c0%3Dbaike92%2C5%2C5%2C92%2C30/sign=442f5ddef3d3572c72ef948eeb7a0842/77c6a7efce1b9d16b3049056f2deb48f8d5464c1.jpg
https://gss2.bdstatic.com/9fo3dSag_xI4khGkpoWK1HF6hhy/baike/c0%3Dbaike92%2C5%2C5%2C92%2C30/sign=8100f056f9198618554ae7d62b844516/d1a20cf431adcbef44120b31adaf2edda3cc9fe6.jpg
https://gss1.bdstatic.com/9vo3dSag_xI4khGkpoWK1HF6hhy/baike/c0%3Dbaike92%2C5%2C5%2C92%2C30/sign=4613683f1e30e924dba994632d610563/7aec54e736d12f2ef823db574ec2d562853568e6.jpg
https://gss2.bdstatic.com/9fo3dSag_xI4khGkpoWK1HF6hhy/baike/c0%3Dbaike92%2C5%2C5%2C92%2C30/sign=fbf7ca14622762d09433acedc185639f/ae51f3deb48f8c54c6f5b0183b292df5e0fe7fe6.jpg
https://gss3.bdstatic.com/7Po3dSag_xI4khGkpoWK1HF6hhy/baike/c0%3Dbaike92%2C5%2C5%2C92%2C30/sign=3aca6685b3b7d0a26fc40ccfaa861d6c/0ff41bd5ad6eddc4c624becc38dbb6fd536633c1.jpg
https://gss1.bdstatic.com/-vo3dSag_xI4khGkpoWK1HF6hhy/baike/c0%3Dbaike92%2C5%2C5%2C92%2C30/sign=a4170606203fb80e18dc698557b8444b/34fae6cd7b899e51aa4d302343a7d933c9950dc1.jpg
https://gss1.bdstatic.com/9vo3dSag_xI4khGkpoWK1HF6hhy/baike/c0%3Dbaike92%2C5%2C5%2C92%2C30/sign=4f47503f5243fbf2d121ae71d117a1e5/4610b912c8fcc3ce4ae6bc049345d688d43f20e6.jpg
https://gss2.bdstatic.com/9fo3dSag_xI4khGkpoWK1HF6hhy/baike/c0%3Dbaike92%2C5%2C5%2C92%2C30/sign=03a6f3b86d81800a7ae8815cd05c589f/4bed2e738bd4b31c55ff9e8c86d6277f9f2ff8c2.jpg
https://gss1.bdstatic.com/-vo3dSag_xI4khGkpoWK1HF6hhy/baike/c0%3Dbaike92%2C5%2C5%2C92%2C30/sign=20e17e33960a304e462fa8a8b0a1cce3/1e30e924b899a90191f651011c950a7b0308f5c2.jpg
https://gss1.bdstatic.com/9vo3dSag_xI4khGkpoWK1HF6hhy/baike/c0%3Dbaike92%2C5%2C5%2C92%2C30/sign=21e5d922bd315c60579863bdecd8a076/8326cffc1e178a82781a0a97f703738da977e8e7.jpg
https://gss1.bdstatic.com/9vo3dSag_xI4khGkpoWK1HF6hhy/baike/c0%3Dbaike92%2C5%2C5%2C92%2C30/sign=a2e7a82cd50735fa85fd46ebff3864d6/6a63f6246b600c338ebbd4ff1b4c510fd8f9a1c2.jpg
https://gss2.bdstatic.com/-fo3dSag_xI4khGkpoWK1HF6hhy/baike/c0%3Dbaike92%2C5%2C5%2C92%2C30/sign=b59b3c4879f0f736ccf344536b3cd87c/b7003af33a87e9502bd5f95b11385343faf2b4c2.jpg

https://gss1.bdstatic.com/9vo3dSag_xI4khGkpoWK1HF6hhy/baike/c0%3Dbaike92%2C5%2C5%2C92%2C30/sign=894e1615b6315c60579863bdecd8a076/8326cffc1e178a82d0b1c5a0fc03738da977e825.jpg
https://gss1.bdstatic.com/-vo3dSag_xI4khGkpoWK1HF6hhy/baike/c0%3Dbaike92%2C5%2C5%2C92%2C30/sign=ffa55f260324ab18f41be96554938da8/0b46f21fbe096b635be7e45006338744ebf8ac30.jpg
https://gss0.bdstatic.com/-4o3dSag_xI4khGkpoWK1HF6hhy/baike/c0%3Dbaike150%2C5%2C5%2C150%2C50/sign=beabede9f8d3572c72ef948eeb7a0842/8644ebf81a4c510f6d83581a6a59252dd42aa56f.jpg
https://gss1.bdstatic.com/-vo3dSag_xI4khGkpoWK1HF6hhy/baike/c0%3Dbaike150%2C5%2C5%2C150%2C50/sign=d7a37de35d2c11dfcadcb771024e09b5/eaf81a4c510fd9f96250ef692f2dd42a2834a46f.jpg
https://gss2.bdstatic.com/-fo3dSag_xI4khGkpoWK1HF6hhy/baike/c0%3Dbaike220%2C5%2C5%2C220%2C73/sign=3c69ec1768d0f703f2bf9d8e69933a58/1b4c510fd9f9d72ad623aa1dde2a2834349bbb6f.jpg

https://gss3.bdstatic.com/-Po3dSag_xI4khGkpoWK1HF6hhy/baike/c0%3Dbaike72%2C5%2C5%2C72%2C24/sign=5d3264048794a4c21e2eef796f9d70b0/6c224f4a20a44623824d20699822720e0cf3d732.jpg
https://gss1.bdstatic.com/9vo3dSag_xI4khGkpoWK1HF6hhy/baike/s%3D200/sign=858437afa4c27d1ea1263cc42bd4adaf/42a98226cffc1e17db39093a4a90f603738de933.jpg

https://gss2.bdstatic.com/9fo3dSag_xI4khGkpoWK1HF6hhy/baike/c0%3Dbaike150%2C5%2C5%2C150%2C50/sign=d21099b133adcbef15397654cdc645b8/3b292df5e0fe9925be83c92536a85edf8db17133.jpg
https://gss1.bdstatic.com/9vo3dSag_xI4khGkpoWK1HF6hhy/baike/c0%3Dbaike150%2C5%2C5%2C150%2C50/sign=6c5b008fd3c8a786aa27425c0660a258/d1160924ab18972b9d43a0bfe4cd7b899e510a4d.jpg
https://gss2.bdstatic.com/9fo3dSag_xI4khGkpoWK1HF6hhy/baike/c0%3Dbaike150%2C5%2C5%2C150%2C50/sign=cacf0c60be315c60579863bdecd8a076/c83d70cf3bc79f3dd2ed4445b8a1cd11728b29b2.jpg
https://gss3.bdstatic.com/-Po3dSag_xI4khGkpoWK1HF6hhy/baike/c0%3Dbaike72%2C5%2C5%2C72%2C24/sign=43e1952495cad1c8c4b6f4751e570c6c/1c950a7b02087bf4797ed2e2f2d3572c11dfcf2f.jpg
