
http://www.yuhuagu.com/uploads/allimg/100326/1_100326120121_1.jpg	http://www.yuhuagu.com/renshi/2010/0325/231.html
http://a1.att.hudong.com/67/15/01300001214426130387153323607_s.jpg	http://www.baike.com/wiki/%E8%91%B1%E8%8E%B2%E5%B1%9E
http://file.55df.com/2014-07-09/dbbe97a8185ff6fdcb2654c4ba196c2b.jpg	http://www.55df.com/c/3551.shtml
http://pic18.nipic.com/20120103/2185838_212135636163_2.jpg	http://www.nipic.com/show/1/44/5589890k5a3b2983.html
http://plant.hytc.edu.cn/plant/uploads/Photo/%E8%91%B1%E8%8E%B2/%E8%91%B1%E8%8E%B206.JPG	http://plant.hytc.edu.cn/plantview.aspx?id=63
http://www.zzczhh.com.cn/newspic/20084116243824.jpg	https://tieba.baidu.com/p/596092731
http://www.52yhua.com/uploads/allimg/160229/1-160229222333.jpg	http://m.52yhua.com/caobentp/1802.html
http://map1.zw3e.com:8080/zw_news_map/550/2016082/1471606657677141269.jpg	http://www.zw3e.com/1452/e11044.html
http://img.ph.126.net/rMPKcymEx0HcQIiuED4EsQ==/2360167679719595541.jpg	http://hsqlxy.blog.163.com/blog/static/941173662011529327944/
https://cbu01.alicdn.com/img/ibank/2017/730/094/4319490037_1686866314.220x220.jpg	http://www.1688.com/jiage/-B4D0C1AB.html
http://pic1.win4000.com/pic/3/49/7a841370310.jpg	http://www.win4000.com/meinv115149_16.html
http://img.redocn.com/sheying/20160715/baihuaconglanconglian_6696731.jpg	http://sucai.redocn.com/dongwuzhiwu_6696711.html
http://img.bimg.126.net/photo/jZYkwvsYp0vtM6tehRbvVw==/4259279347586744148.jpg	http://bd1560.blog.163.com/blog/static/831637200962411252189/
https://www.cmeii.com/uploads/allimg/1703/1-1F32015500HZ.jpg	https://www.cmeii.com/sugencaobenlei/2617.html
http://img.tuwenba.com/get/http://mmbiz.qpic.cn/mmbiz_jpg/JIAo6slNsS7r1fqNChtpCXDNibGNQwDsEDwuheHXsb7xktUJk3poiaR75zrGWtqaOQUFdwdzS4d6HSuia7ZpEaefw/0?wx_fmt=jpeg	http://www.tuwenba.com/article/MDAzNzY0M5DM1.html
http://s4.sinaimg.cn/middle/6078383fhaa84eaa45143&690	http://blog.sina.com.cn/s/blog_6078383f0100whi3.html
http://www.huayugu.com.cn/uploads/allimg/161017/1-16101G422090-L.jpg	http://www.huayugu.com.cn/conglian/
http://www.neipet.com/wp-content/uploads/2016/06/conglian.png	http://www.neipet.com/plant/26152.html
http://images.china.cn/attachement/jpg/site1000/20161207/002564ba9d4519b201dd61.jpg	http://www.horti-expo2019.com/2016-10/19/content_39521836.htm
http://www.52yhua.com/uploads/allimg/160229/1-160229222332.jpg	http://m.52yhua.com/caobentp/1802.html
http://www.huayugu.com.cn/uploads/allimg/161017/1-16101G420170-L.jpg	http://www.huayugu.com.cn/conglian/21024.html
http://1813.img.pp.sohu.com.cn/images/blog/2008/9/25/23/0/11d41263d93g215.jpg	http://lyxdw.blog.sohu.com/101220458.html
http://read.html5.qq.com/image?src=forum&q=5&r=0&imgflag=7&imageUrl=http://mmbiz.qpic.cn/mmbiz/Kzd5ljwqrvDh8hMYZOneoP2cfjZPWVGs4M29d314YTNuVBjIAlP3JXm1fdU3cWp5xVGQpMuiafbXtvzZRW6kIXg/0?wx_fmt=jpeg	http://chuansong.me/n/367667151347
http://img.redocn.com/sheying/20160715/baihuaconglanconglian_6696711.jpg	http://sucai.redocn.com/dongwuzhiwu_6696715.html
http://img.redocn.com/sheying/20160715/baihuaconglanconglian_6696741.jpg	http://sucai.redocn.com/dongwuzhiwu_6696711.html
http://img.redocn.com/sheying/20160715/baihuaconglanconglian_6696725.jpg	http://sucai.redocn.com/dongwuzhiwu_6696715.html
http://www.gzhphb.com/gpPic/600/0/mmbiz.qpic.cn/mmbiz/wqVAswCYVoKULybBxoXCDskFPw0iaek6kXBm8FZT4uYCKFKiaIOYZnHMmUa75AbxwxBO8MoHw1jKQT0cxlKmcMVg/0?wx_fmt=jpeg	http://www.gzhphb.com/article/48/485153.html
http://www.52yhua.com/uploads/allimg/160229/1-160229222334.jpg	http://m.52yhua.com/caobentp/1802.html
http://s8.sinaimg.cn/mw690/001sXXrFgy6V4l8VwMvd7&690	http://blog.sina.com.cn/s/blog_501e41670102vr6q.html
http://www.huayugu.com.cn/uploads/allimg/161017/1-16101G410560-L.jpg	http://www.huayugu.com.cn/conglian/21018.html
http://www.chantuguan.com/ueditor/php/upload/image/20170630/1498813864101206.jpg	http://www.chantuguan.com/baike/933.html
http://read.html5.qq.com/image?src=forum&q=5&r=0&imgflag=7&imageUrl=http://mmbiz.qpic.cn/mmbiz/Kzd5ljwqrvDh8hMYZOneoP2cfjZPWVGs3YKUmn5fl6B8m4leKlop0lglUr0VogLicUYNicepWf3mJmZ9TaYds3kA/0?wx_fmt=jpeg	http://chuansong.me/n/367667151347
https://gss0.bdstatic.com/94o3dSag_xI4khGkpoWK1HF6hhy/baike/s%3D220/sign=d5d0778ba386c9170c03553bf93d70c6/0e2442a7d933c89591590b08d51373f082020099.jpg	https://baike.baidu.com/item/%E8%91%B1%E8%8E%B2
http://img95.699pic.com/photo/50040/4593.jpg_wh300.jpg	http://699pic.com/tupian/conglian.html
http://www.weisanli.com/images/balcony/upfile/20070708094953.jpg	http://www.weisanli.com/balcony/97/zephyranthes-candida
http://b2b.image.yuanlin.com/biz/2012-1/20121111614491749.jpg	http://www.yuanlin.com/b2b/sell_detail_165673.html
https://upload.wikimedia.org/wikipedia/commons/thumb/b/b6/Zephyranthes_candida.jpg/220px-Zephyranthes_candida.jpg	https://zh.wikipedia.org/wiki/%E8%91%B1%E8%8E%B2
http://a4.att.hudong.com/14/57/01300001214935130443571048504_s.jpg	http://www.baike.com/wiki/%E8%91%B1%E8%8E%B2%E5%B1%9E
http://read.html5.qq.com/image?src=forum&q=5&r=0&imgflag=7&imageUrl=http://mmbiz.qpic.cn/mmbiz/Kzd5ljwqrvDh8hMYZOneoP2cfjZPWVGs65DhhYzrj6rnEyhsMD5chFJpmEVPUvvzy2PyybKkmkicjaVNfZNg3Zg/0?wx_fmt=jpeg	http://chuansong.me/n/367667151347
http://b2b.image.yuanlin.com/Biz/2014-3/201403110245451264.jpg	http://wuyuxinmeng.yuanlin.com/sell-m815262.html
http://s13.sinaimg.cn/mw690/001sXXrFgy6VbygxhqQbc&690	http://blog.sina.com.cn/s/blog_501e41670102vr6q.html
http://mmbiz.qpic.cn/mmbiz/5tk43VCQic67NgGplxmBibKZonex6MAYDSBbEbJTkqPppccYp2GkRGlXQ1w1fdM8mDFQMZ1TdIsP75zJNjDxaC7w/0	http://www.weixinquanquan.com/wa/meitidaren/show_57966.html
http://www.huaxianer.com/uploads/allimg/170422/2-1F42216314R19.jpg	http://www.huaxianer.com/zhishi/0453.html
http://s8.sinaimg.cn/middle/6078383fhaa84e60d77c7&690	http://blog.sina.com.cn/s/blog_6078383f0100whi3.html
http://s8.sinaimg.cn/middle/6078383fhaa84e8236dd7&690	http://blog.sina.com.cn/s/blog_6078383f0100whi3.html
http://img.redocn.com/sheying/20160715/baihuaconglanconglian_6696713.jpg	http://sucai.redocn.com/dongwuzhiwu_6696713.html
http://img.redocn.com/sheying/20150723/conglian_4709794.jpg	http://sucai.redocn.com/dongwuzhiwu_4709794.html
http://img95.699pic.com/photo/50040/4592.jpg_wh300.jpg	http://699pic.com/tupian/conglian.html
http://img95.699pic.com/photo/50040/4590.jpg_wh300.jpg	http://699pic.com/tupian/conglian.html
https://gss2.bdstatic.com/-fo3dSag_xI4khGkpoWK1HF6hhy/baike/s%3D220/sign=a54a7d1462d9f2d3241123ed99ed8a53/d52a2834349b033b850bbe2f15ce36d3d439bd40.jpg	https://baike.baidu.com/item/%E8%91%B1%E8%8E%B2%E5%B1%9E
http://www.weshare.hk/uploads/17674/L7bM6n5SC5EM_tlJNfZTqw.jpg	http://www.weshare.hk/leunggillian/articles/2342968
http://map1.zw3e.com:8080/zw_news_map/550/2016082/1471606235418499575.jpg	http://www.zw3e.com/1452/e11044.html
http://img.ph.126.net/VeIVD9RJeHBqUmnabrAK7Q==/2310628083818426641.jpg	http://skorpionas.blog.163.com/blog/static/1692836372011017105053442/
http://map1.zw3e.com:8080/zw_news_map/550/2016082/1471607504995016450.jpg	http://www.zw3e.com/1452/e11044.html
http://www.lrx.me/usr/uploads/2016/08/596969805.jpg	http://www.lrx.me/archives/64/
http://www.lrx.me/usr/uploads/2016/08/1534089247.jpg	http://www.lrx.me/archives/64/
https://www.cmeii.com/uploads/allimg/1703/1-1F320155013123.jpg	https://www.cmeii.com/sugencaobenlei/2617.html
http://7i.danxie.org:802/pic/ytimg/zhutu/2016-12/2016120101123462046686.jpg	http://www.7izw.com/dr/spi.html
https://cbu01.alicdn.com/img/ibank/2013/764/491/889194467_1121777562.220x220.jpg	http://www.1688.com/jiage/-B4D0C1AB.html
http://www.fei123.com/upload/2017/07/21/2eed37a1507f4040.jpg	http://www.fei123.com/2070000/2064301.shtml
http://www.chantuguan.com/ueditor/php/upload/image/20170519/1495157515795829.jpg	http://www.chantuguan.com/baike/531.html
http://s12.sinaimg.cn/mw690/001sXXrFgy6VbyfGNPJeb&690	http://blog.sina.com.cn/s/blog_501e41670102vr6q.html
http://s2.sinaimg.cn/middle/6078383fhaa84e5df9511&690	http://blog.sina.com.cn/s/blog_6078383f0100whi3.html
https://gss3.bdstatic.com/-Po3dSag_xI4khGkpoWK1HF6hhy/baike/w%3D400/sign=282befff0b4f78f0800b9bf349300a83/b999a9014c086e06ce534ee00a087bf40bd1cba6.jpg	https://baike.baidu.com/item/%E8%91%B1%E8%8E%B2
http://www.huayugu.com.cn/uploads/allimg/161017/1-16101G41A10-L.jpg	http://www.huayugu.com.cn/conglian/
https://scontent-dft4-2.cdninstagram.com/t51.2885-15/e15/10665954_706027586143077_1525965868_n.jpg	http://www.instawebgram.com/tags/%E7%99%BD%E8%8A%B1%E8%8F%96%E8%92%B2%E8%8E%B2
http://image48.360doc.com/DownloadImg/2012/01/1001/20642753_27	http://www.360doc.com/content/12/0110/01/5733130_178429283.shtml
http://www.gzhphb.com/gpPic/600/0/mmbiz.qpic.cn/mmbiz/JEt4ibia0dFV2Vp0zvKL6L3tzhPqAq3NKQ4kHOoqQIhy5XetEvfIGdfboUlICx7T7fvKYUPbDzoMQnSBo1kqMzGA/640?wx_fmt=jpeg	http://www.gzhphb.com/article/48/487985.html
http://img95.699pic.com/photo/00048/3116.jpg_wh300.jpg	http://699pic.com/tupian/conglian.html
https://gw.alicdn.com/bao/uploaded/i3/TB1GlpIQFXXXXbSXVXXXXXXXXXX_!!0-item_pic.jpg_230x230.jpg	https://www.taobao.com/article/E2DEDUGBDWDOD9EK.html
https://cbu01.alicdn.com/img/ibank/2016/740/289/3177982047_1026556056.220x220.jpg	http://www.1688.com/fanyi/-B4D0C1AB.html
http://www.fei123.com/upload/2017/07/21/620d63ffab3c67d0.jpg	http://www.fei123.com/2070000/2064301.shtml
http://s6.sinaimg.cn/mw690/001iVkI3zy73Qk2Ppyd35&690	http://blog.sina.com.cn/s/blog_474605330102wzzo.html
https://gw.alicdn.com/bao/uploaded/i2/14720019359658084/T1m63hXXBhXXXXXXXX_!!0-item_pic.jpg_230x230.jpg	https://www.taobao.com/article/E2DEDUGBDWDOD9EK.html
http://scontent.cdninstagram.com/t51.2885-15/s320x320/sh0.08/e35/c180.0.720.720/19624696_1402399656511202_7795825001877209088_n.jpg	http://www.pictaram.org/hashtag/%E8%91%B1%E8%8E%B2
http://www.zgny.com.cn/eweb/uploadfile/20090928104649335.jpg	http://www.dianliwenmi.com/postimg_5545583.html
http://www.fei123.com/upload/2017/07/21/e32b7544a1a5e3ed.jpg	http://www.fei123.com/2070000/2064301.shtml
http://www.huayugu.com.cn/uploads/allimg/161017/1-16101G409500-L.jpg	http://www.huayugu.com.cn/conglian/21017.html
http://img.tuwenba.com/get/http://mmbiz.qpic.cn/mmbiz_jpg/JIAo6slNsS7r1fqNChtpCXDNibGNQwDsE7C65GwQLLNuCopbKKUms3bA07YwEbOwC3jBiaIlFVJpv2tgJhuMekaQ/0?wx_fmt=jpeg	http://www.tuwenba.com/article/MDAzNzY0M5DM1.html
https://cbu01.alicdn.com/img/ibank/2015/422/116/2247611224_696860059.220x220.jpg	https://s.1688.com/kq/-B4D0C1AB.html
http://s10.sinaimg.cn/mw690/001Ss5EVgy6UPyY6DKpe9&690	http://blog.sina.com.cn/s/blog_66908f5d0102vzm4.html
https://b-ssl.duitang.com/uploads/item/201512/03/20151203222321_dsFC8.thumb.224_0.jpeg	https://www.duitang.com/blogs/tag/?name=%E8%91%B1%E8%8E%B2
http://www.52yhua.com/uploads/allimg/160229/1-160229222330.jpg	http://m.52yhua.com/caobentp/1802.html
http://scontent.cdninstagram.com/t51.2885-15/s320x320/sh0.08/e35/c0.134.1080.1080/14269068_117244142069514_1879956449_n.jpg	http://www.pictaram.org/hashtag/%E8%91%B1%E8%8E%B2
http://www.fei123.com/upload/2017/07/21/fad480d30351533d.jpg	http://www.fei123.com/2070000/2064301.shtml
http://www.zhiwutong.com/tu/yanghua/%E8%91%B1%E5%85%B06.jpg	http://www.zhiwutong.com/gardens/09-28/9348.htm
https://cbu01.alicdn.com/img/ibank/2014/873/622/1307226378_102418363.220x220.jpg	http://www.1688.com/jiage/-BEC2B2CBC1AB.html
http://www.lrxianed.com/wp-content/uploads/2016/08/MG_5371-e1471854097129.jpg	http://www.lrxianed.com/?p=2023
https://cbu01.alicdn.com/img/ibank/2015/359/157/2337751953_744110363.220x220.jpg	https://s.1688.com/kq/-B4D0C1AB.html
http://www.fei123.com/upload/2017/07/21/16750012650f7a3a.jpg	http://www.fei123.com/2070000/2064301.shtml
https://gw.alicdn.com/bao/uploaded/i3/TB1Dl1_OVXXXXXqapXXXXXXXXXX_!!0-item_pic.jpg_230x230.jpg	https://www.taobao.com/article/DmCrDvBPBYCbCKEH.html
http://z.xiziwang.net/uploads/allimg/141220/30_141220130251_1.jpg	http://z.xiziwang.net/hua/17891/
http://img.redocn.com/sheying/20170303/shengkaideconglian_7939209.jpg	http://sucai.redocn.com/dongwuzhiwu_7939209.html
http://scontent.cdninstagram.com/t51.2885-15/s320x320/sh0.08/e35/14597244_266356643764558_5064357743016542208_n.jpg	http://www.pictaram.org/hashtag/%E8%91%B1%E8%8E%B2
https://cbu01.alicdn.com/img/ibank/2014/387/623/1644326783_465228817.220x220.jpg	http://www.1688.com/jiage/-B4D0C1AB.html
https://gw.alicdn.com/bao/uploaded/i4/17246027881780972/T1XwuWFlhbXXXXXXXX_!!0-item_pic.jpg_230x230.jpg	https://www.taobao.com/article/E2DEDUGBDWDOD9EK.html
http://www.yiyigreen.com:8078/web/app/upload/product/yiyid20160613151840759.jpg	http://www.yiyigreen.com/Product/Detail/index/id/35849.html
http://www.yiyigreen.com:8078/web/app/upload/product/yiyid20160613150906035.jpg	http://www.yiyigreen.com/Product/Detail/index/id/35848.html
http://img.tuwenba.com/get/http://mmbiz.qpic.cn/mmbiz_jpg/JIAo6slNsS7r1fqNChtpCXDNibGNQwDsEh489wibCjeqWElNFFgAXHKXhCMuhOslgSiaRFuPW3krnmThkTP4IuDFQ/0?wx_fmt=jpeg	http://www.tuwenba.com/article/MDAzNzY0M5DM1.html
https://www.cmeii.com/uploads/allimg/1703/1-1F32015500T00.jpg	https://www.cmeii.com/sugencaobenlei/2617.html
