
http://www.baihuamen.com/d/file/2014/03-23/602e58173f3984f0bd5e7f74391a0121.jpg	http://www.baihuamen.com/biqiaojiang/
http://www.weisanli.com/images/novelflower/upfile/20120120163649.jpg	http://www.weisanli.com/novelflower/1314/costus-woodsonii
http://www.baihuamen.com/d/file/2014/03-23/d5839dc9ed3839863b54e5af3a6c798b.jpg	http://www.baihuamen.com/biqiaojiang/
http://s12.sinaimg.cn/middle/7a5f7d46gc99e20f1bb5b&690	http://blog.sina.com.cn/s/blog_7a5f7d460101a4w7.html
http://image82.360doc.com/DownloadImg/2015/02/1322/50160793_1.jpg	http://www.360doc.com/content/15/0213/22/16967035_448450994.shtml
http://img242.ph.126.net/2LTfxeIuE7cVzfWa4rC2lg==/2134143273421830148.jpg	http://tsui.fl.blog.163.com/blog/static/47969685201062943452835/
https://b-ssl.duitang.com/uploads/item/201512/10/20151210011349_Ea2zH.jpeg	https://www.duitang.com/blog/?id=495158532
http://www.chylxh.com/UploadFile/News_Title/20151161121436226.jpg	http://www.chylxh.com/newsshow.asp?id=2397&big=25
http://img229.ph.126.net/RowUW5cfBy4WqlDR2Gu_qg==/2143713422629694452.jpg	http://tsui.fl.blog.163.com/blog/static/47969685201062943452835/
http://www.cnhaoshu.com/file/upload/201609/16/10-43-52-68-1.png	http://www.cnhaoshu.com/news/show/4128/
https://upload.wikimedia.org/wikipedia/commons/thumb/d/d2/Cheilocostus_speciosus.jpg/220px-Cheilocostus_speciosus.jpg	https://zh.wikipedia.org/wiki/%E9%97%AD%E9%9E%98%E5%A7%9C
http://www.cas.cn/kxcb/kpwz/201006/W020100604308365362501.jpg	http://www.cas.cn/kxcb/kpwz/201006/t20100603_2873488.shtml
http://s12.sinaimg.cn/mw690/002n6cJzgy6GX1QAfur5b&690	http://blog.sina.com.cn/s/blog_818e82390101fw8d.html
http://pic1.huashichang.com/2016/0219/23/56c7318917810.jpg	http://www.aihuhua.com/tu/biqiaojiang.html
http://img.39yst.com/uploads/allimg/130326/135G41X2-0.jpg	http://www.39yst.com/20120601/110489.shtml
http://blog.sciencenet.cn/upload/blog/images/2009/8/2009821102632765.jpg	http://blog.sciencenet.cn/blog-273976-250649.html
http://tu.qt3191.com/allimg/c110627/1309161354041Z-35530.gif	http://www.qt3191.com/penzaitupian/54461.html
http://www.fpcn.net/uploads/allimg/131110/2-1311101912141K.JPG	http://www.fpcn.net/a/caobenhuahui/20131110/Costus_malortieanus.html
http://img.ivsky.com/img/tupian/pre/201211/27/d-001.jpg	http://www.ivsky.com/tupian/biqiaojiang_t16755/
http://www.baihuamen.com/d/file/2014/03-23/67be7e902147555920c9e49af2b14651.jpg	http://www.baihuamen.com/biqiaojiang/
https://3.bp.blogspot.com/-6P7i32mvZSQ/VumNqyx0JzI/AAAAAAAAvcE/A92gYiUbBwIVET7EVc7TxX0ReRW62eOYw/s1600/P1610941.jpg	http://purplewhee.blogspot.com/2012/12/blog-post_18.html
http://blog.sciencenet.cn/upload/blog/images/2010/7/201071922100934.jpg	http://blog.sciencenet.cn/blog-38998-345576.html
https://farm8.staticflickr.com/7078/7255100634_2b24722f0f_b.jpg	http://picssr.com/tags/%E9%96%89%E9%9E%98%E5%A7%9C%E7%A7%91
http://img.ph.126.net/8R5aP5FvWLd-nJKnU6mf7Q==/1281837043957270992.jpg	http://blog.163.com/gzxmq@126/blog/static/1145140382010949813532
https://www.huabaike.com/uploads/allimg/artimg/201609/20160908170121_61789.jpg	http://www.huabaike.com/jtyh/5156.html
http://s13.sinaimg.cn/mw690/001HdLBqty6RCsELSkA5c&690	http://blog.sina.com.cn/s/blog_5cac4ff40102viut.html
http://pic1.huashichang.com/2016/0219/23/56c73189d4908.jpg	http://www.aihuhua.com/tu/biqiaojiang.html
http://s12.sinaimg.cn/mw690/002n6cJzgy6GX1P1g1B6b&690	http://blog.sina.com.cn/s/blog_818e82390101fw8d.html
http://pic.pingguolv.com/uploads/allimg/161201/109-161201152P8.jpg	http://www.pingguolv.com/zy/gongxiao/77130.html
https://b-ssl.duitang.com/uploads/item/201411/18/20141118005044_XiY2K.jpeg	https://www.duitang.com/blog/?id=253405421
http://2.bp.blogspot.com/-keQwuCnUxIo/VQaTgBrCgwI/AAAAAAAAnvg/h5kfRSYuogo/s1600/P1520866.JPG	http://purplewhee.blogspot.com/2012/12/blog-post_12.html
http://s2.sinaimg.cn/middle/7a5f7d46g7a8fd1251e11&690	http://blog.sina.com.cn/s/blog_7a5f7d460101a4w7.html
http://s10.sinaimg.cn/mw690/001wbFZtgy6YUN6Zx8te9&690	http://blog.sina.com.cn/s/blog_52f48d0f0102wbwv.html
http://www.huayugu.com.cn/uploads/allimg/160220/1-1602201059370-L.jpg	http://www.huayugu.com.cn/biqiaojiang/
https://2.bp.blogspot.com/-5RD5Qjtkcqg/VumNr7fQz7I/AAAAAAAAvcE/rbHacZ49ruEMHW1tyqKraCAiSepqGF-QA/s1600/P1610949.jpg	http://purplewhee.blogspot.com/2012/12/blog-post_18.html
http://file.youboy.com/d/90/54/71/7/603337.jpg	http://www.youboy.com/pics85956531.html
http://www.scib.cas.cn/lyfw/hx/201607/W020160712523914462270.jpg	http://www.scib.cas.cn/lyfw/hx/201607/t20160712_4639206.html
https://b-ssl.duitang.com/uploads/item/201208/22/20120822094757_ZcdGM.thumb.224_0.jpeg	http://www.duitang.com/blogs/tag/?name=%E9%97%AD%E9%9E%98%E5%A7%9C
http://www.51hm.cn/zwpic/%E9%97%AD%E9%9E%98%E5%A7%9C1.jpg	http://www.51hm.cn/zw/zwshow.asp?zwid=1317
http://www.yuhuagu.com/uploads/allimg/130831/10-130S1152933.jpg	http://www.yuhuagu.com/ktsh/9329.html
http://www.baihuamen.com/d/file/2014/03-23/188d1314e6590d12e88b1801d6d58be6.jpg	http://www.baihuamen.com/biqiaojiang/
https://gss1.bdstatic.com/9vo3dSag_xI4khGkpoWK1HF6hhy/baike/s%3D220/sign=6de73ddf3a292df593c3ab178c305ce2/d000baa1cd11728bbe1974d2c8fcc3cec3fd2c0e.jpg	https://baike.baidu.com/item/%E9%97%AD%E9%9E%98%E5%A7%9C
https://gss3.bdstatic.com/7Po3dSag_xI4khGkpoWK1HF6hhy/baike/s%3D220/sign=66a3aae1dd54564ee165e33b83dc9cde/d53f8794a4c27d1efdecad361bd5ad6edcc4387d.jpg	https://baike.baidu.com/item/%E9%97%AD%E9%9E%98%E5%A7%9C
http://www.bbioo.com/uploadfile/2014/0509/201405090138515613.jpg	http://www.bbioo.com/experiment/24-64841-1.html
https://www.huabaike.com/uploads/allimg/sltimg/201706/592facfc47a6a.jpg	http://www.huabaike.com/jtyh/5156.html
http://www.cas.cn/kxcb/kpwz/201410/W020141030310519643603.jpg	http://www.cas.cn/kxcb/kpwz/201410/t20141030_4233260.shtml
https://image.zhongyibaike.com/image/%E6%A8%9F%E6%9F%B3%E5%A4%B4/%E6%A8%9F%E6%9F%B3%E5%A4%B4.jpg	https://zhongyibaike.com/wiki/%E9%97%AD%E9%9E%98%E5%A7%9C
https://b-ssl.duitang.com/uploads/item/201412/18/20141218003654_anejS.jpeg	https://www.duitang.com/blog/?id=264654559
http://a0.att.hudong.com/31/21/01300543364049147762210731717_s.jpg	http://www.baike.com/wiki/%E9%97%AD%E9%9E%98%E5%A7%9C
http://blog.sciencenet.cn/upload/blog/images/2010/8/201084213923494.jpg	http://blog.sciencenet.cn/blog-38998-350040.html
http://zyc.360bzl.com/uploadfile/201504241/1629.jpg	http://zyc.360bzl.com/view22945.html
http://a4.att.hudong.com/33/35/300000764046131700352865876_950.jpg	http://tupian.baike.com/92834/8.html?prd=zutu_thumbs
http://photos.pchome.com.tw/s11/h/p/hps/book18/p128624858555.jpg	http://mypaper.pchome.com.tw/hps654/post/1321502892
http://1.bp.blogspot.com/-Er9NxZLHY8U/VQaTcKiZLhI/AAAAAAAAnvA/AiL7u_wreCg/s1600/IMG_2816.jpg	http://purplewhee.blogspot.com/2012/12/blog-post_12.html
http://img.xjlz365.com/zhongcaoyao/img_list/2016032712201520.jpg	http://yc.xjlz365.com/zhongcaoyao/biqiaojiang.html
http://pic1.huashichang.com/2016/0219/23/56c731871e02a.jpg	http://www.aihuhua.com/tupian/tupiankoj.html
http://a2.att.hudong.com/07/17/20300543364049147762177046247_s.jpg	http://www.baike.com/wiki/%E9%97%AD%E9%9E%98%E5%A7%9C
https://1.bp.blogspot.com/-XIk7hb_8L_8/VumNp3__RRI/AAAAAAAAvcE/3OG8xqGrHnI6_2Ny9N8uC_R73J42juhTw/s1600/P1560841.jpg	http://purplewhee.blogspot.com/2012/12/blog-post_18.html
http://piccdn.pptfans.cn/2016/11/20/pptfans_201611200954126d4c5f50cb.jpg	http://tupian.pptfans.cn/p/17952.html
http://s16.sinaimg.cn/mw690/002n6cJzgy6GX1Q5qI7cf&690	http://blog.sina.com.cn/s/blog_818e82390101fw8d.html
http://s10.sinaimg.cn/middle/049d4760g8686a4b365e9&690	http://blog.sina.com.cn/s/blog_049d47600100il04.html
http://s13.sinaimg.cn/middle/7a5f7d46gc99e2372927c&690	http://blog.sina.com.cn/s/blog_7a5f7d460101a4w7.html
http://img.xjlz365.com/zhongcaoyao/img_list/2017031713549457.jpg	http://yc.xjlz365.com/zhongcaoyao/biqiaojiang.html
http://3.bp.blogspot.com/-Xmhu4twwDjk/TXLcRajplzI/AAAAAAAAAXc/A81VPYBlp3Q/s374/F014%2B%25E7%25BA%25A2%25E8%258A%25B1%25E9%2597%25AD%25E9%259E%2598%25E5%25A7%259C%2B%2BOrange%2BTulip%2BGinger%2B01.jpg	http://kennethyee22plantsf014.blogspot.com/
http://mmbiz.qpic.cn/mmbiz/3qqWhcFjo3MdsanjPCS5kGg7pq5GBVfUiaKNCkmCE3zDtzFvueMI6oRMzY5GCFX2oUar6vLRpeFxE3kRbehcbSQ/0?wx_fmt=jpeg	http://baike.m.sogou.com/baike/weixinArticle.jsp?lid=9616691&title=%E9%97%AD%E9%9E%98%E5%A7%9C%E5%B1%9E&g_ut=3
https://www.huabaike.com/uploads/allimg/sltimg/201609/57d128a3ea3d8.jpg	http://www.huabaike.com/jtyh/5156.html
http://pic1.huashichang.com/2016/0219/23/56c731867db1e.jpg	http://www.aihuhua.com/tupian/tupiankoi.html
http://pic1.huashichang.com/2016/0219/23/56c7318348cb6.jpg	http://www.aihuhua.com/tu/biqiaojiang.html
https://www.huabaike.com/uploads/allimg/artimg/201609/20160908170059_15309.jpg	http://www.huabaike.com/jtyh/5156.html
http://s13.sinaimg.cn/mw690/002n6cJzgy6GX1NuV9W0c&690	http://blog.sina.com.cn/s/blog_818e82390101fw8d.html
http://pic1.huashichang.com/2016/0219/23/56c73185646da.jpg	http://m.aihuhua.com/tu/biqiaojiang.html
https://www.huabaike.com/uploads/allimg/sltimg/201706/592fac992d10f.jpg	http://www.huabaike.com/jtyh/5156.html
http://www.baihuamen.com/d/file/2014/03-23/841c33f380d2deb5c5de7855eb0eb3e0.jpg	http://www.baihuamen.com/biqiaojiang/5593_5.html
http://www.cas.cn/kxcb/kpwz/201310/W020131030427179459174.jpg	http://www.cas.cn/kxcb/kpwz/201310/t20131030_3965087.shtml
http://pic1.huashichang.com/2016/0219/23/56c731823bbb2.jpg	http://www.aihuhua.com/tupian/tupiankoa.html
https://thumbs.dreamstime.com/z/%E9%97%AD%E9%9E%98%E5%A7%9C%E7%A7%91costus-woodsonii%E8%8A%B1%E5%9C%A8%E5%90%8E%E9%99%A2%E5%BA%AD%E9%99%A2%E9%87%8C-73959799.jpg	https://cn.dreamstime.com/%E5%BA%93%E5%AD%98%E7%85%A7%E7%89%87-%E9%97%AD%E9%9E%98%E5%A7%9C%E7%A7%91costus-woodsonii%E8%8A%B1%E5%9C%A8%E5%90%8E%E9%99%A2%E5%BA%AD%E9%99%A2%E9%87%8C-image73959799
https://upload.wikimedia.org/wikipedia/commons/3/33/Costus_pulverulentus.jpg	https://zh.wikipedia.org/wiki/%E9%97%AD%E9%9E%98%E5%A7%9C%E5%B1%9E
http://a4.att.hudong.com/18/34/300000764046131700348555273_s.jpg	http://www.baike.com/wiki/%E9%97%AD%E9%9E%98%E5%A7%9C
https://gss3.bdstatic.com/7Po3dSag_xI4khGkpoWK1HF6hhy/baike/s%3D220/sign=8d4a3c33e0fe9925cf0c6e5204a95ee4/cc11728b4710b9127f9fd208c3fdfc03934522ed.jpg	https://baike.baidu.com/item/%E9%97%AD%E9%9E%98%E5%A7%9C%E5%B1%9E
http://pic1.huashichang.com/2016/0219/23/56c7318109625.jpg	http://www.aihuhua.com/tu/biqiaojiang.html
http://pic.pingguolv.com/uploads/allimg/161201/109-161201152J6.jpg	http://www.pingguolv.com/zy/gongxiao/77130.html
http://photos.pchome.com.tw/s11/h/p/hps/book18/p128624858670.jpg	http://mypaper.pchome.com.tw/hps654/post/1321502892
http://www.scib.cas.cn/lyfw/hx/201607/W020160712523914477109.jpg	http://www.scib.cas.cn/lyfw/hx/201607/t20160712_4639206.html
http://www.huayugu.com.cn/uploads/allimg/160220/1-160220104940303.jpg	http://www.huayugu.com.cn/biqiaojiang/
http://www.cnhua.net/uploads/allimg/100911/1_100911125417_1.jpg	http://www.cnhua.net/m/view.php?aid=8103
http://www.baihuamen.com/d/file/2014/03-23/f31b04e9b70c14c3c9b933065c2b0bbb.jpg	http://www.baihuamen.com/biqiaojiang/5593_8.html
http://3.bp.blogspot.com/-c6TuP8iUAGw/UwK-jx_wv7I/AAAAAAAAG10/jeoYUyuuekA/s1600/DSC_8434.JPG	http://kimhong-flower.blogspot.com/2014/02/blog-post_8288.html
http://s13.sinaimg.cn/mw690/001nJ4brgy6XPMSkaQYfc&690	http://blog.sina.com.cn/s/blog_4b80c1bd0102w3ka.html
http://s7.sinaimg.cn/mw690/002n6cJzgy6GX1RbwVw06&690	http://blog.sina.com.cn/s/blog_818e82390101fw8d.html
http://zw3wmap1.zw3e.com:8080/zw_news_map/350/2014053/1400907664388655558.jpg	http://www.zw3e.com/bk/guanyezhiwu/wccdb.html
https://thumbs.dreamstime.com/z/%E7%8E%B0%E5%AE%9E%E8%8A%B1%E7%9A%84-%E5%BD%A9%E9%97%AD%E9%9E%98%E5%A7%9C%E7%A7%91%E8%8A%B1%E7%9A%84-%E8%89%B2%EF%BC%8C%E6%A1%83%E7%BA%A2%E8%89%B2%E9%A2%9C%E8%89%B2-74078924.jpg	https://cn.dreamstime.com/%E5%BA%93%E5%AD%98%E4%BE%8B%E8%AF%81-%E7%8E%B0%E5%AE%9E%E8%8A%B1%E7%9A%84-%E5%BD%A9%E9%97%AD%E9%9E%98%E5%A7%9C%E7%A7%91%E8%8A%B1%E7%9A%84-%E8%89%B2%EF%BC%8C%E6%A1%83%E7%BA%A2%E8%89%B2%E9%A2%9C%E8%89%B2-image74078924
http://www.yuhuagu.com/uploads/allimg/130831/10-130S1152936.jpg	http://www.yuhuagu.com/ktsh/9329.html
http://s12.sinaimg.cn/mw690/001KskmKzy7byFAdQ713b&690	http://blog.sina.com.cn/s/blog_5f85abb20102yb2b.html
http://img9.ph.126.net/KozZyW4zUKI2FhLRE3AQ8w==/1584422643921355899.jpg	http://tsui.fl.blog.163.com/blog/static/47969685201191781338891/
http://www.zhongyao360.com/uploads/170616/27_081409_1.png	http://m.zhongyao360.com/article/95969.html
http://pic1.huashichang.com/2016/0219/23/56c73181aa369.jpg	http://www.aihuhua.com/tupian/tupianko9.html
http://pic1.huashichang.com/2016/0219/23/56c73187ccc32.jpg	http://www.aihuhua.com/tupian/tupiankok.html
https://b-ssl.duitang.com/uploads/item/201506/26/20150626221830_SWZJh.jpeg	https://www.duitang.com/blog/?id=390857451
http://pic1.huashichang.com/2016/0219/23/56c73182bb138.jpg	http://www.aihuhua.com/tupian/tupiankob.html
http://www.cnhua.net/uploads/allimg/100911/1_100911125036_1.jpg	http://www.cnhua.net/m/view.php?aid=8100
