
http://www.ew9z.com/wp-content/uploads/2010/03/phlox_paniculata_miss_pepper_1.jpg	http://www.ew9z.com/sugenfulukao-pinzhong-ziliao.html
http://a1.att.hudong.com/28/16/01200000307188118121625460528_s.jpg	http://www.baike.com/wiki/%E5%AE%BF%E6%A0%B9%E7%A6%8F%E7%A6%84%E8%80%83
http://www.tasshm.com/UploadFile/Product/2010011538710797.jpg	http://www.tasshm.com/pic.htm
http://p.d1xz.net/2014/6/10/101523582358.jpg	http://www.d1xz.net/astro/huayu/art52283.aspx
http://www.iyanghua.com/f/xiugenfulukao/2009124212714_2.jpg	http://www.iyanghua.com/f/xiugenfulukao/
http://www.zhiwutong.com/tu/yanghua/%E7%A6%8F%E7%A6%84%E8%80%83.jpg	http://www.zhiwutong.com/gardens/09-28/9404.htm
http://s5.sinaimg.cn/middle/66019f9eha78accd3fa64&690	http://blog.sina.com.cn/s/blog_66019f9e0102dqkw.html
http://7.blog.xuite.net/7/4/e/4/11253733/blog_227360/txt/17185651/9.jpg	http://blog.xuite.net/e2202778/boaboa/17185651-%E7%A6%8F%E7%A5%BF%E8%80%83
http://www.baihuamen.com/d/file/2014/03-26/7359f0457c54f5f162f6acb04b608fa6.jpg	http://www.baihuamen.com/fulukao/
http://lvpu.net/SuGenHuaHui/FuLuKao/pic/FuLuKao2.jpg	http://lvpu.net/SuGenHuaHui/FuLuKao/
http://7.blog.xuite.net/7/4/e/4/11253733/blog_227360/txt/17185651/5.jpg	http://blog.xuite.net/e2202778/boaboa/17185651-%E7%A6%8F%E7%A5%BF%E8%80%83
http://www.yuhuagu.com/uploads/allimg/120526/10-120526200Q9.jpg	http://www.yuhuagu.com/ktsh/3050.html
http://www.zhiwu365.com/uploads/plant/184_fulukao/default/original/4_fulukao.jpg	http://www.zhiwu365.com/plant/210
http://www.zhiwutong.com/tu/yanghua/%E7%A6%8F%E7%A6%84%E8%80%831.jpg	http://www.zhiwutong.com/gardens/09-28/9404.htm
http://img2.ph.126.net/3__GI5I86IN0mKo666pv-g==/3097632118718561984.jpg	http://www.lofter.com/tag/%E7%A6%8F%E7%A6%84%E8%8A%B1
http://garden.ibcas.ac.cn/7/fulukao.jpg	http://garden.ibcas.ac.cn/7/fulukao.htm
http://www.ew9z.com/wp-content/uploads/2010/03/Phlox_drummondii_6.jpg	http://www.ew9z.com/fulukao-pinzhong-ziliao.html
http://www.xjsghm.cn/pic/004.jpg	http://www.xjsghm.cn/product.html
http://img0.dreamhy.com/upload/20131218/0555333444.jpg	http://www.dreamhy.com/xuetang/detail-23525.aspx
http://b2b.image.yuanlin.com/Biz/2013-1/2013181516388248.jpg	http://wuyuxinmeng.yuanlin.com/sell-m425952.html
http://www.zhiwu365.com/uploads/plant/184_fulukao/default/original/2_fulukao.jpg	http://www.zhiwu365.com/plant/210
http://www.baihuamen.com/d/file/2014/03-26/ec7cc5ed3d4855746d2e650c5f11db84.jpg	http://www.baihuamen.com/fulukao/
http://taibif.org.tw/biomap/flora/stage1/79/79_2.jpg	http://taibif.tw/flower/detail.php?sc=Phlox+drummondii
http://s11.sinaimg.cn/mw690/003sae9dzy746GXmc4y8a&690	http://blog.sina.com.cn/s/blog_bc9f8f830102wfa6.html
http://www.zhiwu365.com/uploads/plant/184_fulukao/default/original/5_fulukao.jpg	http://www.zhiwu365.com/plant/210
http://www.qzzexin.com/upLoad/product/month_1706/201706210947513210.jpg	http://www.qzzexin.com/content/?1368.html
https://thumbs.dreamstime.com/z/%E6%A1%83%E7%BA%A2%E8%89%B2%E9%9D%92%E8%8B%94%E7%A6%8F%E7%A6%84%E8%80%83-47191295.jpg	https://cn.dreamstime.com/%E5%BA%93%E5%AD%98%E7%85%A7%E7%89%87-%E6%A1%83%E7%BA%A2%E8%89%B2%E9%9D%92%E8%8B%94%E7%A6%8F%E7%A6%84%E8%80%83-image47191295
http://s16.sinaimg.cn/mw690/001TWJuZgy70BucaI9hdf&690	http://blog.sina.com.cn/s/blog_67e176b50102wnc3.html
http://a2.att.hudong.com/35/31/01100000000000144735312953058_s.jpg	http://www.baike.com/wiki/%E7%A6%8F%E7%A6%84%E8%80%83
http://www.lvhua.com/chinese/biz/..%2Fpicture%2Fproduction%2FC00000010678%2F33882%2F33882200932514256.jpg	http://www.lvhua.com/chinese/biz/mach_pd_list.asp?id=1071
http://img1.ph.126.net/yGpItNvOkTiqey4kxerC5w==/1174876552808251864.jpg	http://zmffbk.lofter.com/tag/%E7%A6%8F%E7%A6%84%E8%80%83
http://images.nongmiao.com/big/baike/2014/08/20/21/1408202115335763.jpg	http://www.nongmiao.com/keywords/42800.html
http://www.weisanli.com/images/perennial/upfile/1213147877.jpg	http://www.weisanli.com/perennial/1523/phlox-paniculata
http://www.tyfmy.com/MyWeb/tianyefeng/633761899700411250/20090508110518432_big.jpg	http://www.tyfmy.com/product/productshow/829/2893.html
http://www.xjsghm.cn/pic/013.jpg	http://www.xjsghm.cn/product1.html
http://p9.qhimg.com/t01755c3bff99d83efb.jpg	http://www.360doc.com/content/14/1010/21/18618073_415893776.shtml
http://a1.att.hudong.com/83/31/01100000000000144735312538861_s.jpg	http://www.baike.com/wiki/%E7%A6%8F%E7%A6%84%E8%80%83
http://www.51hm.cn/zwpic/%E4%B8%9B%E7%94%9F%E7%A6%8F%E7%A6%84%E8%80%831.jpg	http://www.51hm.cn/zw/zwshow.asp?zwid=2629
https://thumbs.dreamstime.com/z/%E7%A6%8F%E7%A6%84%E8%80%83subulata%E8%83%8C%E6%99%AF%E5%BC%80%E8%8A%B1-%E7%88%AC%E8%A1%8C%E7%A6%8F%E7%A6%84%E8%80%83%EF%BC%8C-%E4%BA%8B%E5%9B%AD%E8%89%BA-72288133.jpg	https://cn.dreamstime.com/%E5%BA%93%E5%AD%98%E7%85%A7%E7%89%87-%E7%88%AC%E8%A1%8C%E7%A6%8F%E7%A6%84%E8%80%83%E8%83%8C%E6%99%AF-image45218826
https://thumbs.dreamstime.com/z/%E7%A6%8F%E7%A6%84%E8%80%83-750821.jpg	https://cn.dreamstime.com/%E5%BA%93%E5%AD%98%E5%9B%BE%E7%89%87-%E7%A6%8F%E7%A6%84%E8%80%83-image750821
http://classweb.loxa.edu.tw/clockloxa/plant/html/a/a023.jpg	http://classweb.loxa.edu.tw/clockloxa/plant/html/a/a023.htm
http://b2b.image.yuanlin.com/biz/2012-2/20122201333134271.jpg	http://www.yuanlin.com/b2b/sell_detail_170231.html
https://www.huabaike.com/uploads/allimg/sltimg/201604/5721caa30b815.jpg	https://www.huabaike.com/yhjq/2932.html
http://garden.ibcas.ac.cn/7/fulukao1.jpg	http://garden.ibcas.ac.cn/7/fulukao.htm
https://9.share.photo.xuite.net/a0710291/1900837/10166494/462219353_m.jpg	http://blog.xuite.net/a0710291/twblog/125155674-%E6%98%9F%E8%8A%B1%E7%A6%8F%E7%A5%BF%E8%80%83
http://s14.sinaimg.cn/middle/66019f9eha78acc4ab2bd&690	http://blog.sina.com.cn/s/blog_66019f9e0102dqkw.html
https://thumbs.dreamstime.com/z/%E7%A6%8F%E7%A6%84%E8%80%83drummondii-%E2%80%98sternenzauber%E2%80%99-63447736.jpg	https://cn.dreamstime.com/%E5%BA%93%E5%AD%98%E7%85%A7%E7%89%87-%E7%A6%8F%E7%A6%84%E8%80%83drummondii-%E2%80%98sternenzauber%E2%80%99-image63447736
http://lnhuahui.com/upload/image/20161201/20161201082438_46535.jpg	http://lnhuahui.com/xx.php?Id=582&SortID=244&Pid=243
http://www.baihuamen.com/d/file/2014/03-26/2867e8d44d7b957722ec6ebda8b5f4c8.jpg	http://www.baihuamen.com/fulukao/
http://www.qzscmm.com/Upfile/2015103/2015100365002585.jpg	http://www.qzscmm.com/html/chanpinzhanshi/sugenhuahuixilie/323.Html
http://s4.sinaimg.cn/mw690/001TWJuZgy70Bu87ZIf73&690	http://blog.sina.com.cn/s/blog_67e176b50102wnc3.html
http://s2.sinaimg.cn/mw690/001TWJuZgy70BugRYe531&690	http://blog.sina.com.cn/s/blog_67e176b50102wnc3.html
http://www.imagewa.com/PhotoPreview/358/358_30961.jpg	http://www.imagewa.com/Photo/358/30961.html
http://s10.sinaimg.cn/mw690/001TWJuZgy70BugkNbb59&690	http://blog.sina.com.cn/s/blog_67e176b50102wnc3.html
http://img2.ph.126.net/Z5hkcCYyI6IItDKAc0_oSQ==/3680003845615512851.jpeg	http://zmffbk.lofter.com/tag/%E7%A6%8F%E7%A6%84%E8%80%83
http://a0.att.hudong.com/42/40/01300543998734147913404147082_s.jpg	http://www.baike.com/wiki/%E5%AE%BF%E6%A0%B9%E7%A6%8F%E7%A6%84%E8%80%83
http://www.tiandamp.com/upLoad/product/month_1401/2014010712571226.jpg	http://www.tiandamp.com/td/fulukao.html
http://www.cnhua.net/uploads/allimg/100311/1_100311125608_1.jpg	http://www.cnhua.net/zhiwu/hua_ke/congshengfulukao/
http://z.xiziwang.net/uploads/allimg/140810/14_140810192130_1.jpg	http://z.xiziwang.net/hua/14468/
http://www.iyanghua.com/f/xiugenfulukao/2009124212436_2.jpg	http://www.iyanghua.com/f/xiugenfulukao/
https://gss2.bdstatic.com/-fo3dSag_xI4khGkpoWK1HF6hhy/baike/s%3D220/sign=1f6f9d54d143ad4ba22e41c2b2035a89/060828381f30e9247ec5fcc04c086e061c95f7da.jpg	https://baike.baidu.com/item/%E7%A6%8F%E7%A6%84%E8%80%83/151822
http://img0.ph.126.net/YqYOPQ67U0ewT1GHOheX3A==/6630826972653069510.jpg	http://xinhunbangh.lofter.com/tag/%E7%A6%8F%E7%A6%84%E8%80%83%E4%BB%B7%E6%A0%BC
http://www.1nongjing.com/uploads/allimg/160518/902-16051Q44422Z2.jpg	http://m.1nongjing.com/a/201605/139939.html
http://a0.att.hudong.com/86/31/01100000000000144735312804776_s.jpg	http://www.baike.com/wiki/%E7%A6%8F%E7%A6%84%E8%80%83
http://web.img.dns4.cn/pic/135179/csflk/20160531112018_3750_zs_sy.jpg	http://www.13616460579.com/uks_list_29.html
http://s11.sinaimg.cn/mw690/001TWJuZgy70BufAf0Kba&690	http://blog.sina.com.cn/s/blog_67e176b50102wnc3.html
http://a0.att.hudong.com/44/31/20200000013920144735311820047_s.jpg	http://www.baike.com/wiki/%E7%A6%8F%E7%A6%84%E8%80%83
http://m.yanminghuahui.com/upLoad/product/month_1603/201603171521199975.jpg	http://m.yanminghuahui.com/content/?901.html
http://s9.sinaimg.cn/mw690/001TWJuZgy70Bu9cuEge8&690	http://blog.sina.com.cn/s/blog_67e176b50102wnc3.html
http://web.img.dns4.cn/pic/135179/csflk/20160531112039_3632_zs_sy.jpg	http://www.13616460579.com/uks_list_29.html
http://a0.att.hudong.com/86/31/01100000000000144735312834170_s.jpg	http://www.baike.com/wiki/%E7%A6%8F%E7%A6%84%E8%80%83
https://www.huabaike.com/uploads/allimg/sltimg/201604/5721cd6665583.jpg	https://www.huabaike.com/sgzw/2916.html
http://image99.360doc.com/DownloadImg/2016/08/1623/78118976_1	http://www.360doc.com/content/16/0816/23/10533595_583731019.shtml
https://gw.alicdn.com/bao/uploaded/i1/760491406/TB2Yd4SbE.jyKJjy0FpXXX2wVXa_!!760491406.jpg_230x230.jpg	https://www.taobao.com/article/CwBTFMFhGcEOCrDE.html
http://www.sycsnf.com/upfile/isClass/pic/20150303101616-87841429980471728.jpg	http://www.sycsnf.com/product.php?tid=95
http://pic.baike.soso.com/ugc/baikepic/31787/cut-20140428155432-527472245.jpg/0	http://baike.sogou.com/v125250.htm
http://s14.sinaimg.cn/mw690/003sae9dzy746HbQTZred&690	http://blog.sina.com.cn/s/blog_bc9f8f830102wfa6.html
https://www.huabaike.com/uploads/allimg/artimg/201604/20160428163758_67365.jpg	https://www.huabaike.com/jtyh/2922.html
http://www.sdshuchun.com/imageRepository/0f1ea149-a072-43d7-9fa6-57ae4b745fb4.jpg	http://www.sdshuchun.com/products_detail/productId=142.html
https://cdn.pixabay.com/photo/2017/06/25/21/33/creeping-phlox-2442047_960_720.jpg	https://pixabay.com/zh/photos/%E7%A6%8F%E7%A6%84%E8%80%83/
http://www.iyanghua.com/f/xiugenfulukao/2009124212550_2.jpg	http://www.iyanghua.com/f/xiugenfulukao/
http://www.baihuamen.com/d/file/2014/03-26/d1e6721e3ac6d65ae37f26e4b4a8263f.jpg	http://www.baihuamen.com/fulukao/
https://cbu01.alicdn.com/img/ibank/2016/240/929/2707929042_594427568.220x220.jpg	http://www.1688.com/jiage/-B4D4C9FAB8A3C2BBBFBC.html
http://www.baihuamen.com/d/file/2014/05-07/f7908db97f47faaaedd32ccfa8305c82.jpg	http://www.baihuamen.com/sugenfulukao/
http://zixun.rrs.com/uploads/allimg/140917/140611CL-1.jpg	http://zixun.rrs.com/jiashigonglue/2468.html
https://gss3.bdstatic.com/7Po3dSag_xI4khGkpoWK1HF6hhy/baike/w%3D400/sign=82c3258e06f41bd5da53e9f461db81a0/b219ebc4b74543a97dfb386916178a82b80114b7.jpg	https://baike.baidu.com/item/%E7%A6%8F%E7%A6%84%E8%80%83/151822
http://www.chinabaike.com/uploads/allimg/151007/220P1N41-1.jpg	http://www.chinabaike.com/t/9509/2015/1007/3508415.html
https://cdn.pixabay.com/photo/2016/03/09/19/38/phlox-1247255_960_720.jpg	https://pixabay.com/zh/photos/%E7%A6%8F%E7%A6%84%E8%80%83/
https://cbu01.alicdn.com/img/ibank/2015/205/390/2639093502_520055079.310x310.jpg	https://www.1688.com/pic/-B8A3C2BBBFBCD6D6D7D3.html
http://img.files.swws.258.com/1/2016/0926/19/57e90788d553c.jpg!h.450.338	http://www.yxhhyyc.com/Product-detail-id-271689.html
http://pic31.nipic.com/20130722/9448607_204549205000_2.jpg	http://www.nipic.com/show/8510322.html
http://img.xunhai.com/2015/12/02/144900689864365.jpg	http://www.xunhai.com/sugenfulukao/2015/1202/9872.html
http://www.ycyxghh.com/upload/__product/14%E4%B8%9B%E7%94%9F%E7%A6%8F%E7%A6%84%E8%80%83/%E4%B8%9B%E7%94%9F%E7%A6%8F%E7%A6%84%E8%80%83(%E7%B4%AB%E6%AF%AF).jpg	http://www.ycyxghh.com/cn/products_view.asp?id=25
https://www.huabaike.com/uploads/allimg/artimg/201604/20160428164920_95844.jpg	https://www.huabaike.com/yhjq/2932.html
http://www.sdshuchun.com/imageRepository/ec6fe57a-1424-4e77-b3f6-93ec73a5d9eb.JPG	http://www.sdshuchun.com/news_detail/newsId=50.html
https://cbu01.alicdn.com/img/ibank/2016/293/247/2802742392_1528286416.220x220.jpg	http://www.1688.com/jiage/-B4D4C9FAB8A3C2BBBFBC.html
http://www.1nongjing.com/uploads/allimg/170612/1876-1F61215404a15.jpg	http://net.1nongjing.com/a/201706/185071.html
http://www.hmpzy.cn/pic/011.jpg	http://www.hxhhy.com/pd.jsp?id=11
https://cdn.pixabay.com/photo/2015/05/11/16/04/tufted-phlox-762651_960_720.jpg	https://pixabay.com/zh/photos/%E7%A6%8F%E7%A6%84%E8%80%83/
https://thumbs.dreamstime.com/z/%E7%A6%8F%E7%A6%84%E8%80%83-52430297.jpg	https://cn.dreamstime.com/%E5%BA%93%E5%AD%98%E7%85%A7%E7%89%87-%E7%A6%8F%E7%A6%84%E8%80%83-image52430297
