
http://www.baihuamen.com/d/file/2014/03-30/eeed298509b9b5af0b5e926d53009280.jpg	http://www.baihuamen.com/huojushu/
http://www.168hm.com/Public/2015/04/03/153788lmfoybWu110023.jpg	http://www.168hm.com/Category/item_545.html
http://pic22.nipic.com/20120620/10216394_203635362000_2.jpg	http://www.nipic.com/show/1/63/6388427kb98363e6.html
http://pic21.nipic.com/20120616/9299139_154008657000_2.jpg	http://www.nipic.com/show/1/63/6368116k533f365d.html
http://pic8.nipic.com/20100714/4224370_060534007842_2.jpg	http://www.nipic.com/show/1/63/bfb893f460737dd4.html
http://pic8.nipic.com/20100714/4224370_055734029284_2.jpg	http://www.nipic.com/show/1/63/acc52932e1bcf216.html
http://www.yuhuagu.com/uploads/allimg/121122/10-121122204426.jpg	http://www.yuhuagu.com/ktsh/4835.html
http://a0.att.hudong.com/40/69/20300000432220138137698785981_s.jpg	http://www.baike.com/wiki/%E7%81%AB%E7%82%AC%E6%A0%91
https://gss3.bdstatic.com/-Po3dSag_xI4khGkpoWK1HF6hhy/baike/s%3D220/sign=1254a27db80e7bec27da04e31f2fb9fa/810a19d8bc3eb13518af01c9a61ea8d3fd1f4453.jpg	https://baike.baidu.com/item/%E7%81%AB%E7%82%AC%E6%A0%91
http://www.yyqbj.com/UploadFiles/2012-09/admin/201209092102524190.jpg	http://www.yyqbj.com/Products/View_42.html
http://www.51eim.com/uploadfiles/huojushu.jpg	http://www51eim.kuaiguo.net/datian2/product_view_12922.html
http://www.sjqmm.com/pic/%E7%81%AB%E7%82%AC%E6%A0%91.jpg	http://www.sjqmm.com/info/info_30.html
http://a0.att.hudong.com/44/84/01300000243622122475842702565_s.jpg	http://www.baike.com/wiki/%E7%81%AB%E7%82%AC%E6%A0%91
http://a2.att.hudong.com/23/87/01300000243622122439879799223.jpg	http://tupian.baike.com/a2_23_87_01300000243622122439879799223_jpg.html
http://www.yyqbj.com/UploadFiles/2012-08/admin/2012081718235576076.jpg	http://www.yyqbj.com/Products/View_21.html
http://pic17.nipic.com/20111109/8134670_140723261000_2.jpg	http://www.nipic.com/show/1/63/5341305k17df3a74.html
https://timg05.bdimg.com/timg?wapbaike&quality=80&size=b800_600&sec=1349839550&di=f1fed42b1781428ea28e548739065b30&src=http://imgsrc.baidu.com/baike/pic/item/6c224f4a20a44623381b984b9a22720e0df3d7c1.jpg	https://wapbaike.baidu.com/item/%E7%81%AB%E7%82%AC%E6%A0%91
http://pic4.55jia.net/fengshuizhiwu/34/a367763.jpg	http://www.55jia.net/75/331238.html
http://www.pjcn.org/uploads/allimg/1609/1-160Z6225911Y8.jpg	http://www.pjcn.org/hy/2391/
http://www.qnong.com.cn/uploadfile/2016/0918/20160918054228152.jpg	http://www.qnong.com.cn/zhongzhi/huahui/13811.html
http://www.alimiaopu.com/upload/News/1/201210/20121024715597798.jpg	http://www.alimiaopu.com/t_4134/
http://www.wdptj.com/wp-content/uploads/2016/05/%E7%81%AB%E7%82%AC%E6%A0%913.jpg	http://www.wdptj.com/19930.html
https://gss2.bdstatic.com/9fo3dSag_xI4khGkpoWK1HF6hhy/baike/c0%3Dbaike60%2C5%2C5%2C60%2C20/sign=da02d108347adab429dd1311eabdd879/a2cc7cd98d1001e91b1a762fba0e7bec54e797ef.jpg	https://baike.baidu.com/item/%E7%81%AB%E7%82%AC%E6%A0%91
http://www.52ij.com/uploads/allimg/160317/1210131B9-0.jpg	http://www.52ij.com/gongxiao/456818.html
http://www.baihuamen.com/d/file/2014/03-30/571f7d8cba56d7e3ef1abd4d40e49aff.jpg	http://www.baihuamen.com/huojushu/
http://www.51eim.com/uploadfiles/huojishu1.jpg	http://www51eim.kuaiguo.net/datian2/product_view_12922.html
http://img9.ph.126.net/UglkGGyYNT3NAHk-00ZzeA==/1176565402667523389.jpg	http://syqinsheng.blog.163.com/blog/static/14066227020119464253276/
http://www.huojushu.com/UploadFiles/2015-11/admin/2015112007591695994.jpg	http://www.huojushu.com/?thread-831-1.html
http://a0.att.hudong.com/85/97/01300000243622122439977379876.jpg	http://www.597mm.com/news/show.php?itemid=13171
http://b2b.image.yuanlin.com/biz/2013-3/20133261014148345.jpg	http://www.yuanlin.com/b2b/sell_detail_492773.html
http://www.yt160.com/uploads/allimg/110221/2023222311-0.jpg	http://www.yt160.com/a/news/37877.html
http://pic8.nipic.com/20100730/4224370_075016019856_2.jpg	http://www.nipic.com/show/1/63/50f29117ee90837c.html
http://www.kuoerchang.com/upload/product/2017022360267045.jpg	http://www.kuoerchang.com/list/?153_1.html
http://www.naturephoto-cz.com/photos/others/%E7%81%AB%E7%82%AC%E6%A0%91-32020.jpg	http://www.naturephoto-cz.com/%E7%81%AB%E7%82%AC%E6%A0%91-picture_cn-13759.html
http://www.hbmmjd.com/zb_users/upload/2016/02/201602171455690184526239.png	http://www.hbmmjd.com/huojushu/
http://www.yongchengmiaopu.com/upfile/isClass/150520000000.jpg	http://www.yongchengmiaopu.com/product.php?tid=25
http://wap.yunmencraft.com/Upload/2015/1104/20151104huojushu001.jpg	http://wap.yunmencraft.com/index.php/wap/huojushu.html
http://a0.att.hudong.com/43/88/01300000243622122439889336488_s.jpg	http://www.baike.com/wiki/%E7%81%AB%E7%82%AC%E6%A0%91
http://www.neipet.com/wp-content/uploads/2016/06/%E7%81%AB%E7%82%AC%E6%A0%91.png	http://www.neipet.com/plant/25692.html
http://pic4.55jia.net/fengshuizhiwu/14/a382283.jpg	http://www.55jia.net/75/334973.html
https://gw.alicdn.com/bao/uploaded/i1/2692344543/TB2DJHhvlNkpuFjy0FaXXbRCVXa_!!2692344543.jpg_230x230.jpg	https://www.taobao.com/article/AuC9AsEyCrFtA0Fs.html
http://image.sciencenet.cn/album/201512/02/155309ozuuq8zlffn5oiqu.jpg	http://blog.sciencenet.cn/blog-5889-940546.html
https://cdn.pixabay.com/photo/2015/07/15/16/15/rhus-typhina-846429_960_720.jpg	https://pixabay.com/zh/%E7%81%AB%E7%82%AC%E6%A0%91-%E5%AD%BD-%E7%89%A1%E9%B9%BF%E7%9A%84%E8%A7%92%E9%BB%84%E6%A0%8C-%E7%81%8C%E6%9C%A8-%E6%A0%91-%E6%A4%8D%E7%89%A9%E5%8C%BA%E7%B3%BB-%E6%A4%8D%E7%89%A9-%E6%A4%8D%E7%89%A9%E5%AD%A6-846429/
http://www.baihuamen.com/d/file/2014/03-30/e567d4a3b34d6c8512d35eafb7021977.jpg	http://www.baihuamen.com/huojushu/
http://imgupload2.youboy.com/imagestore20161219728febb7-1ea5-44dd-8a67-0e400f87064b.jpg?360*300	http://www.tianlvmm.com/s45820140.html
http://www.1818hm.com/file/upload/201509/02/11-44-02-61-904.jpg	http://wap.1818hm.com/24-0-3815-1.html
http://pic4.55jia.net/fengshuizhiwu/46/a367795.jpg	http://www.55jia.net/75/331238.html
http://www.baihuamen.com/d/file/2014/03-30/3b00f98251ced9c5d1cceb035765ca1f.jpg	http://www.baihuamen.com/huojushu/
http://imgupload4.youboy.com/imagestore20161219a726e67f-4841-4797-8434-d7581f22c9a5.jpg?360*300	http://www.tianlvmm.com/s45820140.html
http://www.52yhua.com/uploads/allimg/170627/1-1F62H32530.jpg	http://m.52yhua.com/mubentp/7601.html
http://imgupload.youboy.com/imagestore2016121954d2b9a1-1df5-4543-a606-4cc7fcbee291.jpg?360*300	http://www.tianlvmm.com/s45820140.html
http://www.tongyuanmm.com/wzq1/products/small/2016128103921.jpg	http://www.tongyuanmm.com/wzq1/product.asp?type=%BB%F0%BE%E6%CA%F7
http://www.cnhaoshu.com/file/upload/201608/13/06-41-55-58-1.png	http://www.cnhaoshu.com/news/show/3752/
http://www.fei123.com/upload/2017/06/16/5a6b60bdd7fb1129.jpg	http://www.fei123.com/2000000/1994500.shtml
http://imgupload.youboy.com/imagestore20161219dfaa4fa2-7860-436d-8467-82b12b4324cb.jpg?360*300	http://www.tianlvmm.com/s45820140.html
http://www.quanpingmp.com/images/UpFile/2014-9/2014912162970.jpg	http://www.quanpingmp.com/zhsh.asp?id=651
http://www.naturephoto-cz.com/photos/others/%E7%81%AB%E7%82%AC%E6%A0%91-23836.jpg	http://www.naturephoto-cz.com/%E7%81%AB%E7%82%AC%E6%A0%91-picture_cn-13758.html
http://www.chinabaike.com/article/UploadPic/2007-6/2007624104930788.jpg	http://www.chinabaike.com/article/396/503/508/2007/20070624135971.html
http://wap.qiaoyuanpark.com/Uploads/kindeditor/image/20160411/728da9773912b31b8f5a30198418367adab4e1c8.jpg	http://wap.qiaoyuanpark.com/article/content/view?id=167
http://www.kuoerchang.com/upload/product/2017022360267237.jpg	http://www.kuoerchang.com/list/?153_1.html
http://www.wdptj.com/wp-content/uploads/2016/05/%E7%81%AB%E7%82%AC%E6%A0%912.jpg	http://www.wdptj.com/19930.html
http://www.huanqiuhuamu.com/file/upload/201610/11/201908571.jpg	http://www.huanqiuhuamu.com/article/show-htm-itemid-1785.html
http://www.bdhualin.com/uploads/cp/20160926101102.jpg	http://www.bdhualin.com/supply/110.html
http://www.hbmmjd.com/zb_users/upload/2015/12/201512081449571968535769.jpg	http://www.hbmmjd.com/huojushu/
http://www.52ij.com/uploads/allimg/160317/1210134F5-1.jpg	http://www.52ij.com/gongxiao/456818.html
http://www.92ttz.com/uploads/image/131007050051.jpg	http://www.92ttz.com/category/huojushu/
https://cdn.pixabay.com/photo/2015/07/17/09/02/rhus-typhina-848802_960_720.jpg	https://pixabay.com/zh/%E7%81%AB%E7%82%AC%E6%A0%91-%E5%AD%BD-%E7%89%A1%E9%B9%BF%E7%9A%84%E8%A7%92%E9%BB%84%E6%A0%8C-%E7%81%8C%E6%9C%A8-%E6%A0%91-%E6%A4%8D%E7%89%A9%E5%8C%BA%E7%B3%BB-%E6%A4%8D%E7%89%A9%E5%AD%A6-%E6%A4%8D%E7%89%A9-848802/
http://s3.sinaimg.cn/mw690/002kMqH5gy6ZAGdlM8W52&690	http://blog.sina.com.cn/s/blog_7f83a8570102xpou.html
http://plant.cila.cn/uploadfiles/zhiwutu/201705/huojushu3.jpg	http://m.cila.cn/remen/huojushu.html
http://file.youboy.com/a/31/44/52/7/7572247.jpg?360*300	http://www.khmp8.com/s46191901.html
https://cdn.pixabay.com/photo/2015/07/17/09/01/rhus-typhina-848801_960_720.jpg	https://pixabay.com/zh/%E7%81%AB%E7%82%AC%E6%A0%91-%E5%AD%BD-%E7%89%A1%E9%B9%BF%E7%9A%84%E8%A7%92%E9%BB%84%E6%A0%8C-%E7%81%8C%E6%9C%A8-%E6%A0%91-%E6%A4%8D%E7%89%A9%E5%8C%BA%E7%B3%BB-%E6%A4%8D%E7%89%A9%E5%AD%A6-%E6%A4%8D%E7%89%A9-848801/
http://www.hbmmjd.com/zb_users/upload/2016/03/201603171458186499336551.png	http://www.hbmmjd.com/884.html
https://cbu01.alicdn.com/img/ibank/2016/167/659/2817956761_1622911429.310x310.jpg	http://www.1688.com/pic/-BBF0BEE6BBF0BEE6CAF7BBF0BEE6CAF7.html
http://img852.ph.126.net/g91uIyem3y4CpmTy1InyHQ==/2730588749071270943.jpg	http://blog.163.com/hesanlin_123/blog/static/49678472010111013417772
https://www.cmeii.com/uploads/allimg/1703/1-1F320141Z9214.jpg	https://www.cmeii.com/xingdaoshulei/425.html
http://www.fatong66.com/uploads/image/150810091808.jpg	http://www.fatong66.com/category/huojushu/
http://pic4.55jia.net/fengshuizhiwu/38/a367782.jpg	http://www.55jia.net/75/331238.html
http://img.mp.itc.cn/upload/20170524/bfa909a0fd144ab09bcb012426d20576_th.jpg	https://www.sohu.com/a/142992208_163278
http://pic4.55jia.net/fengshuizhiwu/31/a367754.jpg	http://www.55jia.net/75/331238.html
http://www.whslsl.com/dcmm/products/small/2017569113.jpg	http://www.whslsl.com/dcmm/product.asp?type=%BB%F0%BE%E6%CA%F7
http://s16.sinaimg.cn/mw690/0023TJcAzy7bf0EaXQr0f&690	http://blog.sina.com.cn/s/blog_70a539f80102xmy6.html
http://www.tongyuanmm.com/wzq1/products/small/2016128104014.jpg	http://www.tongyuanmm.com/wzq1/product.asp?type=%BB%F0%BE%E6%CA%F7
http://www.hbmmjd.com/zb_users/upload/2016/08/201608301472524729226071.jpg	http://www.hbmmjd.com/huojushu/
http://hbmiaomu888.com/upfile/isClass/pic/20160319102550-1501414200.jpg	http://hbmiaomu888.com/product.php?tid=76
http://www.huayugu.com.cn/uploads/allimg/160719/1-160G91I02T51.jpg	http://www.huayugu.com.cn/huojushu/14265.html
http://www.bdmm88.com/uploads/151022/1-151022151U09C-lp.jpg	http://www.bdmm88.com/huojushu/111.html
http://s15.sinaimg.cn/mw690/003hlkfTgy6X34B8D3E4e&690	http://blog.sina.com.cn/s/blog_61498ce90102wmjf.html
http://www.bdkhmm.com/Upload/shop/B1513223BED1C468D8EB9117642878E4.jpg	http://www.bdkhmm.com/index.php/cn/Product/view/id/112.html
http://www.yongmao.com/editor/UploadFile/201171219252974.jpg	http://www.yongmao.com/products.asp?id=8
http://www.52ij.com/uploads/allimg/160317/09464525T-0.jpg	http://www.52ij.com/gongxiao/454940.html
http://www.kuoerchang.com/upload/product/2017022360267449.jpg	http://www.kuoerchang.com/list/?153_1.html
http://www.tongyuanmm.com/wzq1/products/small/2016128104022.jpg	http://www.tongyuanmm.com/
http://www.jlmiaomuwang.com/upfile/isClass/pic/20150610190921-80077627673745152_thumb.jpg	http://www.jlmiaomuwang.com/product.php?tid=134
http://www.qnong.com.cn/uploadfile/2016/0918/20160918054154329.jpg	http://www.qnong.com.cn/zhongzhi/huahui/13811.html
http://pic9.nipic.com/20100924/4224370_062138077522_2.jpg	http://www.nipic.com/show/1/63/3713209kf93a58b5.html
https://cbu01.alicdn.com/img/ibank/2012/999/692/485296999_1976693707.220x220.jpg	http://www.1688.com/jiage/-BAD3B1B1BBF0BEE6CAF7.html
https://cdn.pixabay.com/photo/2015/07/17/09/02/rhus-typhina-848804_960_720.jpg	https://pixabay.com/zh/%E7%81%AB%E7%82%AC%E6%A0%91-%E5%AD%BD-%E7%89%A1%E9%B9%BF%E7%9A%84%E8%A7%92%E9%BB%84%E6%A0%8C-%E7%81%8C%E6%9C%A8-%E6%A0%91-%E6%A4%8D%E7%89%A9%E5%8C%BA%E7%B3%BB-%E6%A4%8D%E7%89%A9%E5%AD%A6-%E6%A4%8D%E7%89%A9-848804/
http://www.ikexue.org/wp-content/uploads/2015/11/torch-tree%E7%82%AC%E6%A0%91.jpg	http://www.ikexue.org/archives/36961
http://image.sciencenet.cn/album/201512/02/155308poeuhdec6cew0u2u.jpg	http://blog.sciencenet.cn/blog-5889-940546.html
http://www.bdmm88.com/uploads/151022/1-1510221523293O-lp.jpg	http://www.bdmm88.com/huojushu/
