
https://gss0.bdstatic.com/-4o3dSag_xI4khGkpoWK1HF6hhy/baike/c0%3Dbaike80%2C5%2C5%2C80%2C26/sign=587b877971cb0a46912f836b0a0a9d41/810a19d8bc3eb1356772d238ac1ea8d3fc1f44ff.jpg
https://gss0.bdstatic.com/94o3dSag_xI4khGkpoWK1HF6hhy/baike/crop%3D0%2C0%2C719%2C476%3Bc0%3Dbaike92%2C5%2C5%2C92%2C30/sign=0edd817afd1f4134f4785f3e182fb9fa/d788d43f8794a4c2d5ddfbb20ef41bd5ac6e39a8.jpg

https://gss0.bdstatic.com/94o3dSag_xI4khGkpoWK1HF6hhy/baike/c0%3Dbaike150%2C5%2C5%2C150%2C50/sign=5d79d25e3901213fdb3e468e358e5db4/48540923dd54564e423102beb3de9c82d0584fe5.jpg
https://gss0.bdstatic.com/-4o3dSag_xI4khGkpoWK1HF6hhy/baike/c0%3Dbaike150%2C5%2C5%2C150%2C50/sign=0cfd193765380cd7f213aabfc02dc651/a6efce1b9d16fdfa13d22069b48f8c5495ee7bff.jpg
https://gss0.bdstatic.com/94o3dSag_xI4khGkpoWK1HF6hhy/baike/c0%3Dbaike150%2C5%2C5%2C150%2C50/sign=b7ec1aa07f3e6709aa0d4dad5aaef458/962bd40735fae6cd6be34de60fb30f2443a70fe5.jpg
https://gss2.bdstatic.com/9fo3dSag_xI4khGkpoWK1HF6hhy/baike/c0%3Dbaike150%2C5%2C5%2C150%2C50/sign=249ec862ad6eddc432eabca958b2dd98/0b55b319ebc4b74569c35191cffc1e178b8215e5.jpg
https://gss0.bdstatic.com/94o3dSag_xI4khGkpoWK1HF6hhy/baike/c0%3Dbaike150%2C5%2C5%2C150%2C50/sign=a0572ea84134970a537e187df4a3baad/50da81cb39dbb6fd5ae203a10924ab18962b37ff.jpg
https://gss3.bdstatic.com/7Po3dSag_xI4khGkpoWK1HF6hhy/baike/c0%3Dbaike150%2C5%2C5%2C150%2C50/sign=88b92b6bd100baa1ae214fe92679d277/0e2442a7d933c895c6c77efcd11373f0830200ff.jpg

https://gss1.bdstatic.com/9vo3dSag_xI4khGkpoWK1HF6hhy/baike/c0%3Dbaike92%2C5%2C5%2C92%2C30/sign=d6948a8c86d6277ffd1f3a6a49517455/8c1001e93901213fe99b50eb55e736d12f2e9558.jpg
https://gss1.bdstatic.com/9vo3dSag_xI4khGkpoWK1HF6hhy/baike/c0%3Dbaike92%2C5%2C5%2C92%2C30/sign=1a6121d663d9f2d3341c2cbdc885e176/91ef76c6a7efce1bfc83d6fdae51f3deb48f6558.jpg
https://gss1.bdstatic.com/9vo3dSag_xI4khGkpoWK1HF6hhy/baike/c0%3Dbaike92%2C5%2C5%2C92%2C30/sign=3fb622f091529822113e3191b6a310ae/dc54564e9258d109ca4bb785d058ccbf6c814d58.jpg

https://gss1.bdstatic.com/-vo3dSag_xI4khGkpoWK1HF6hhy/baike/c0%3Dbaike92%2C5%2C5%2C92%2C30/sign=73b140670d33874488c8272e3066b29c/b03533fa828ba61e2d46d6184034970a304e5958.jpg

https://gss2.bdstatic.com/9fo3dSag_xI4khGkpoWK1HF6hhy/baike/c0%3Dbaike92%2C5%2C5%2C92%2C30/sign=595fb5560eb30f242197e451a9fcba26/eaf81a4c510fd9f9f5fc4b5e242dd42a2834a419.jpg
https://gss3.bdstatic.com/7Po3dSag_xI4khGkpoWK1HF6hhy/baike/c0%3Dbaike92%2C5%2C5%2C92%2C30/sign=8bd960fcfaedab64607f4592965fc4a6/14ce36d3d539b60015251180e850352ac65cb719.jpg
https://gss2.bdstatic.com/9fo3dSag_xI4khGkpoWK1HF6hhy/baike/c0%3Dbaike92%2C5%2C5%2C92%2C30/sign=c49c6031adaf2eddc0fc41bbec796a8c/b7fd5266d0160924198dbc2cd50735fae6cd3458.jpg
https://gss0.bdstatic.com/94o3dSag_xI4khGkpoWK1HF6hhy/baike/c0%3Dbaike92%2C5%2C5%2C92%2C30/sign=f887d31e8718367ab984778f4f1ae0b1/0df431adcbef760903e087a82fdda3cc7cd99e19.jpg
https://gss3.bdstatic.com/7Po3dSag_xI4khGkpoWK1HF6hhy/baike/c0%3Dbaike92%2C5%2C5%2C92%2C30/sign=3c4b9f888d5494ee932f074b4c9c8b9b/aec379310a55b31924519c4242a98226cffc1758.jpg
https://gss0.bdstatic.com/94o3dSag_xI4khGkpoWK1HF6hhy/baike/c0%3Dbaike92%2C5%2C5%2C92%2C30/sign=e2c5482063d0f703f2bf9d8e69933a58/f2deb48f8c5494ee98c9112e2cf5e0fe99257e19.jpg

https://gss3.bdstatic.com/-Po3dSag_xI4khGkpoWK1HF6hhy/baike/c0%3Dbaike80%2C5%2C5%2C80%2C26/sign=395cc5d524738bd4d02cba63c0e2ecb3/7dd98d1001e93901c2d7373671ec54e737d196e5.jpg
https://gss0.bdstatic.com/-4o3dSag_xI4khGkpoWK1HF6hhy/baike/c0%3Dbaike80%2C5%2C5%2C80%2C26/sign=77439c0b8d44ebf8797c6c6db890bc4f/fc1f4134970a304e393c05f2dbc8a786c9175c9f.jpg
https://gss0.bdstatic.com/-4o3dSag_xI4khGkpoWK1HF6hhy/baike/c0%3Dbaike80%2C5%2C5%2C80%2C26/sign=ef82ece1871001e95a311c5dd9671089/e7cd7b899e510fb3436ad29fd333c895d1430c42.jpg
https://gss2.bdstatic.com/9fo3dSag_xI4khGkpoWK1HF6hhy/baike/c0%3Dbaike80%2C5%2C5%2C80%2C26/sign=82bb171a780e0cf3b4fa46a96b2f997a/d058ccbf6c81800a0b313306bb3533fa838b47e5.jpg
https://gss0.bdstatic.com/94o3dSag_xI4khGkpoWK1HF6hhy/baike/c0%3Dbaike80%2C5%2C5%2C80%2C26/sign=12af7d27b4096b63951456026d5aec21/b03533fa828ba61eb03a72274b34970a314e59e5.jpg

https://gss1.bdstatic.com/9vo3dSag_xI4khGkpoWK1HF6hhy/baike/c0%3Dbaike92%2C5%2C5%2C92%2C30/sign=5b4e80b8728b4710da22f59ea2a7a898/622762d0f703918f41034553513d269758eec45d.jpg
https://gss1.bdstatic.com/-vo3dSag_xI4khGkpoWK1HF6hhy/baike/c0%3Dbaike92%2C5%2C5%2C92%2C30/sign=2dfc8d67c3fdfc03f175ebeab556ecf1/09fa513d269759eed86d1b52b2fb43166d22df6e.jpg
https://gss2.bdstatic.com/-fo3dSag_xI4khGkpoWK1HF6hhy/baike/c0%3Dbaike92%2C5%2C5%2C92%2C30/sign=2ae87853e6cd7b89fd6132d16e4d29c2/6a600c338744ebf8e4a31ca6d9f9d72a6159a75d.jpg
https://gss1.bdstatic.com/-vo3dSag_xI4khGkpoWK1HF6hhy/baike/c0%3Dbaike92%2C5%2C5%2C92%2C30/sign=a90e0552fbedab64607f4592965fc4a6/14ce36d3d539b60037f2742ee950352ac65cb76e.jpg
https://gss0.bdstatic.com/94o3dSag_xI4khGkpoWK1HF6hhy/baike/c0%3Dbaike92%2C5%2C5%2C92%2C30/sign=3b04477862d9f2d3341c2cbdc885e176/91ef76c6a7efce1bdde6b053af51f3deb58f655d.jpg
https://gss0.bdstatic.com/94o3dSag_xI4khGkpoWK1HF6hhy/baike/c0%3Dbaike92%2C5%2C5%2C92%2C30/sign=1ed3445e90529822113e3191b6a310ae/dc54564e9258d109eb2ed12bd158ccbf6d814d5d.jpg
https://gss2.bdstatic.com/9fo3dSag_xI4khGkpoWK1HF6hhy/baike/c0%3Dbaike92%2C5%2C5%2C92%2C30/sign=0962b88d6b600c33e474d69a7b253a6a/bd3eb13533fa828bc41fe67afd1f4134970a5a6e.jpg
https://gss3.bdstatic.com/7Po3dSag_xI4khGkpoWK1HF6hhy/baike/c0%3Dbaike92%2C5%2C5%2C92%2C30/sign=2cb3b65bb2119313d34ef7e2045167b2/c9fcc3cec3fdfc03edb59b21d43f8794a5c2265d.jpg

https://gss2.bdstatic.com/9fo3dSag_xI4khGkpoWK1HF6hhy/baike/c0%3Dbaike80%2C5%2C5%2C80%2C26/sign=f51f6a008226cffc7d27b7e0d86821f5/64380cd7912397dde31e849d5982b2b7d1a287c7.jpg
https://gss0.bdstatic.com/-4o3dSag_xI4khGkpoWK1HF6hhy/baike/c0%3Dbaike80%2C5%2C5%2C80%2C26/sign=c67ce6551e178a82da3177f2976a18e8/902397dda144ad341dd89b1ed0a20cf430ad85c7.jpg
https://gss2.bdstatic.com/-fo3dSag_xI4khGkpoWK1HF6hhy/baike/c0%3Dbaike80%2C5%2C5%2C80%2C26/sign=584da32bb9014a9095334eefc81e5277/a044ad345982b2b796f8255d31adcbef77099bc7.jpg
https://gss0.bdstatic.com/-4o3dSag_xI4khGkpoWK1HF6hhy/baike/c0%3Dbaike92%2C5%2C5%2C92%2C30/sign=5f819bb89313b07ea9b0585a6dbefa46/c2cec3fdfc03924572fbfd968794a4c27c1e25d8.jpg
https://gss0.bdstatic.com/94o3dSag_xI4khGkpoWK1HF6hhy/baike/c0%3Dbaike80%2C5%2C5%2C80%2C26/sign=7ba233e5510fd9f9b41a5d3b4444bf4f/314e251f95cad1c837dce0be7f3e6709c83d51c7.jpg
https://gss2.bdstatic.com/9fo3dSag_xI4khGkpoWK1HF6hhy/baike/c0%3Dbaike80%2C5%2C5%2C80%2C26/sign=9961721cc9ea15ce55e3e85bd7695196/3ac79f3df8dcd10020fbe4b8728b4710b8122fc7.jpg
https://gss1.bdstatic.com/-vo3dSag_xI4khGkpoWK1HF6hhy/baike/c0%3Dbaike150%2C5%2C5%2C150%2C50/sign=5f36ff21d43f8794c7f2407cb3726591/faedab64034f78f03a45866a79310a55b2191cd8.jpg
https://gss0.bdstatic.com/-4o3dSag_xI4khGkpoWK1HF6hhy/baike/c0%3Dbaike80%2C5%2C5%2C80%2C26/sign=298986f8f3deb48fef64a98c9176514c/0b55b319ebc4b74597daab8fcffc1e178b8215d8.jpg
https://gss1.bdstatic.com/9vo3dSag_xI4khGkpoWK1HF6hhy/baike/c0%3Dbaike92%2C5%2C5%2C92%2C30/sign=7e0bda77b48f8c54f7decd7d5b404690/f636afc379310a556243c26db74543a9832610c7.jpg
https://gss2.bdstatic.com/-fo3dSag_xI4khGkpoWK1HF6hhy/baike/c0%3Dbaike92%2C5%2C5%2C92%2C30/sign=264513802df5e0fefa1581533d095fcd/eac4b74543a9822619a637be8a82b9014b90ebc0.jpg
https://gss1.bdstatic.com/9vo3dSag_xI4khGkpoWK1HF6hhy/baike/c0%3Dbaike92%2C5%2C5%2C92%2C30/sign=a827208add54564ef168ec6bd2b7f7e7/a8773912b31bb051196aafb1367adab44bede0d9.jpg
https://gss1.bdstatic.com/9vo3dSag_xI4khGkpoWK1HF6hhy/baike/c0%3Dbaike92%2C5%2C5%2C92%2C30/sign=382be5166c81800a7ae8815cd05c589f/4bed2e738bd4b31c6e72882287d6277f9f2ff8d9.jpg
https://gss3.bdstatic.com/7Po3dSag_xI4khGkpoWK1HF6hhy/baike/c0%3Dbaike92%2C5%2C5%2C92%2C30/sign=5e461a53828ba61ecbe3c07d205dfc6f/86d6277f9e2f0708c74b3699e924b899a801f2d9.jpg
https://gss3.bdstatic.com/-Po3dSag_xI4khGkpoWK1HF6hhy/baike/c0%3Dbaike92%2C5%2C5%2C92%2C30/sign=5cf5e0be7f3e6709aa0d4dad5aaef458/0b7b02087bf40ad199aadb7a572c11dfa8ecced9.jpg
https://gss2.bdstatic.com/-fo3dSag_xI4khGkpoWK1HF6hhy/baike/c0%3Dbaike92%2C5%2C5%2C92%2C30/sign=9c1eff21d43f8794c7f2407cb3726591/3c6d55fbb2fb4316637966e320a4462308f7d3c0.jpg
https://gss2.bdstatic.com/9fo3dSag_xI4khGkpoWK1HF6hhy/baike/c0%3Dbaike92%2C5%2C5%2C92%2C30/sign=b6b654b7d21b0ef478e5900cbcad3abf/6c224f4a20a446231b83b9fb9822720e0df3d7d9.jpg
https://gss0.bdstatic.com/94o3dSag_xI4khGkpoWK1HF6hhy/baike/c0%3Dbaike92%2C5%2C5%2C92%2C30/sign=62434c910cd79123f4ed9c26cc5d32e7/d788d43f8794a4c2d5ddfbb20ef41bd5ac6e39a8.jpg
https://gss0.bdstatic.com/94o3dSag_xI4khGkpoWK1HF6hhy/baike/c0%3Dbaike92%2C5%2C5%2C92%2C30/sign=0274f90b0cf431ada8df4b6b2a5fc7ca/ac6eddc451da81cb89189f545266d016082431a8.jpg
https://gss0.bdstatic.com/-4o3dSag_xI4khGkpoWK1HF6hhy/baike/c0%3Dbaike92%2C5%2C5%2C92%2C30/sign=0961689d970a304e462fa8a8b0a1cce3/1e30e924b899a901b87647af1d950a7b0308f5ec.jpg
https://gss1.bdstatic.com/-vo3dSag_xI4khGkpoWK1HF6hhy/baike/c0%3Dbaike92%2C5%2C5%2C92%2C30/sign=bfdee4b8728b4710da22f59ea2a7a898/622762d0f703918fa5932153513d269758eec4ec.jpg
https://gss3.bdstatic.com/-Po3dSag_xI4khGkpoWK1HF6hhy/baike/c0%3Dbaike92%2C5%2C5%2C92%2C30/sign=674ca5fd94eef01f591910978197f240/78310a55b319ebc464866a008226cffc1f1716a8.jpg
https://gss2.bdstatic.com/9fo3dSag_xI4khGkpoWK1HF6hhy/baike/c0%3Dbaike92%2C5%2C5%2C92%2C30/sign=b66854b7d21b0ef478e5900cbcad3abf/6c224f4a20a446231b5db9fb9822720e0df3d797.jpg
https://gss1.bdstatic.com/-vo3dSag_xI4khGkpoWK1HF6hhy/baike/c0%3Dbaike92%2C5%2C5%2C92%2C30/sign=4fccf9bf0924ab18f41be96554938da8/0b46f21fbe096b63eb8e42c90c338744eaf8ac97.jpg
https://gss0.bdstatic.com/94o3dSag_xI4khGkpoWK1HF6hhy/baike/c0%3Dbaike92%2C5%2C5%2C92%2C30/sign=7441f8f1ccbf6c81e33a24badd57da50/dbb44aed2e738bd45bdfaea8a18b87d6267ff9a9.jpg
https://gss3.bdstatic.com/7Po3dSag_xI4khGkpoWK1HF6hhy/baike/c0%3Dbaike92%2C5%2C5%2C92%2C30/sign=2819268d42a7d933aba5ec21cc22ba76/500fd9f9d72a60590287fd832834349b023bba97.jpg
https://gss2.bdstatic.com/9fo3dSag_xI4khGkpoWK1HF6hhy/baike/c0%3Dbaike92%2C5%2C5%2C92%2C30/sign=2b0b8e2fc9177f3e0439f45f11a650a2/1c950a7b02087bf4f0124b70f2d3572c10dfcfa9.jpg
https://gss1.bdstatic.com/-vo3dSag_xI4khGkpoWK1HF6hhy/baike/c0%3Dbaike80%2C5%2C5%2C80%2C26/sign=3e03b694f8dcd100d991f07313e22c75/622762d0f703918fa5282153513d269758eec4a9.jpg
https://gss3.bdstatic.com/-Po3dSag_xI4khGkpoWK1HF6hhy/baike/c0%3Dbaike80%2C5%2C5%2C80%2C26/sign=794f6eb9b912c8fca0fefe9f9d6af920/503d269759ee3d6d5e3f9b5243166d224e4adea9.jpg
https://gss1.bdstatic.com/-vo3dSag_xI4khGkpoWK1HF6hhy/baike/c0%3Dbaike80%2C5%2C5%2C80%2C26/sign=7bd9a27db31c8701c2bbbab44616f54a/00e93901213fb80e2e467d4e36d12f2eb8389497.jpg
https://gss2.bdstatic.com/9fo3dSag_xI4khGkpoWK1HF6hhy/baike/c0%3Dbaike80%2C5%2C5%2C80%2C26/sign=011184c7ddc451dae2fb04b9d7943903/0df3d7ca7bcb0a46e8db97a06b63f6246a60afa9.jpg
