
http://image.sciencenet.cn/album/201402/18/164908c5tmc6zcadk5zaqt.jpg	http://wap.sciencenet.cn/blogview.aspx?id=768650
http://s14.sinaimg.cn/middle/513c4da4h91e6e5c6e6fd&690&690	http://blog.sina.com.cn/s/blog_513c4da40100lzmp.html
http://img.xunhai.com/2015/11/26/144852721526144.jpg	http://www.xunhai.com/huoshaohua/2015/1126/4414.html
http://img14.3lian.com/201508/20/2676a64a612d0cfa62bf1af8e86668fa.jpg	http://www.3lian.com/zl/2015/08-20/356885.html
http://www.52yhua.com/uploads/allimg/160306/1-160306220A9.jpg	http://m.52yhua.com/mubentp/1867.html
http://jbmmw.com/webpage/default/ylzp/2015/images/150602_285_1.jpg	http://jbmmw.com/index.php?r=ylzp/9/285
http://s8.sinaimg.cn/middle/513c4da4h91e6e4fefe97&690&690	http://blog.sina.com.cn/s/blog_513c4da40100lzmp.html
http://www.baihuamen.com/d/file/2014/05-24/1e8d7ba34496e4b06041ccf5fb2327e7.jpg	http://www.baihuamen.com/huoshaohua/
http://www.xtbg.ac.cn/xwzx/kpbd/201402/W020140221638462366713.jpg	http://www.xtbg.ac.cn/xwzx/kpbd/201402/t20140221_4037671.html
http://www.52yhua.com/uploads/allimg/160306/1-160306220A8.jpg	http://m.52yhua.com/mubentp/1867.html
http://www.baihuamen.com/d/file/2014/05-26/1b694379bb862802a9ac1b63b43ec715.jpg	http://www.baihuamen.com/huoshaohua/16352_6.html
http://a1.att.hudong.com/67/94/01300000224159123777947320878.jpg	https://tieba.baidu.com/p/743042516
http://www.xtbg.ac.cn/xwzx/ylxx/201103/W020110302364741197056.jpg	http://www.xtbg.ac.cn/xwzx/ylxx/201103/t20110302_3077977.html
http://a1.att.hudong.com/15/42/01300000349330123927423829266.jpg	https://tieba.baidu.com/p/743042516
http://image15-c.poco.cn/mypoco/myphoto/20140414/22/7989723201404142232112999310842173_000_640.jpg	http://my.poco.cn/myBlogDetail.htx&id=8654603&userid=7989723
http://blog.sciencenet.cn/upload/blog/images/2010/3/2010314152052421.jpg	http://blog.sciencenet.cn/blog-38998-302878.html
https://gss2.bdstatic.com/-fo3dSag_xI4khGkpoWK1HF6hhy/baike/s%3D220/sign=380e54d5fdfaaf5180e386bdbc5594ed/7e3e6709c93d70cfcdd256fef8dcd100baa12b1d.jpg	https://baike.baidu.com/item/%E7%81%AB%E7%83%A7%E8%8A%B1
http://www.chla.com.cn/uploadfile/2011/0531/20110531100242125.jpg	http://www.chla.com.cn/htm/2011/0531/86927.html
http://img.xunhai.com/2015/11/26/144852720312600.jpg	http://www.xunhai.com/huoshaohua/2015/1126/4414.html
http://www.scib.cas.cn/lyfw/hx/201104/W020110412370301421444.jpg	http://www.scib.cas.cn/lyfw/hx/201104/t20110412_3110706.html
http://img004.mllres.com//images/upload/%E7%81%AB%E7%83%A7%E8%8A%B105.jpg	http://www.meilele.com/article/shipin/40675.html
https://gss0.bdstatic.com/94o3dSag_xI4khGkpoWK1HF6hhy/baike/s%3D220/sign=7ca84744800a19d8cf03830703fb82c9/50da81cb39dbb6fde271fbd30924ab18972b3718.jpg	https://baike.baidu.com/item/%E7%81%AB%E7%83%A7%E8%8A%B1%E5%B1%9E
http://pic1.nipic.com/2008-10-08/200810894922547_2.jpg	http://www.nipic.com/show/1/72/c849c46deca0404c.html
https://scontent-sea1-1.cdninstagram.com/t51.2885-15/s480x480/e35/14031620_1765103860396790_1745159038_n.jpg?ig_cache_key=MTMyMDg2NzQ5MjIxODIwNzI4MA%3D%3D.2	http://www.imgrum.org/tag/%E7%81%AB%E7%83%A7%E8%8A%B1
http://plantjdx.com/radermachera_ignea2.jpg	http://plantjdx.com/radermachera_ignea.htm
http://s11.sinaimg.cn/mw690/bc9f8f83ge146b389233a&690	http://blog.sina.com.cn/s/blog_bc9f8f8301019o4r.html
http://www.chla.com.cn/uploadfile/2011/0531/20110531100237330.jpg	http://www.chla.com.cn/htm/2011/0531/86927.html
http://www.xincha.com/system/articles/covers/001/091/882/original/open-uri20170316-7775-di6xjq?1489673799	http://www.xincha.com/p/1091882
http://s2.sinaimg.cn/mw690/a3131930gda9afd8cd0c1&690	http://blog.sina.com.cn/s/blog_a31319300101b7h8.html
http://img.tulaoshi.com/201703/31/03ca8c21fb6f35330adec93528908cdc.jpg	http://www.tulaoshi.com/huoshaohua/
http://plantjdx.com/radermachera_ignea1.jpg	http://plantjdx.com/radermachera_ignea.htm
http://www.chantuguan.com/ueditor/php/upload/image/20170608/1496903843775475.jpg	http://www.chantuguan.com/baike/672.html
http://www.huayugu.com.cn/uploads/allimg/160722/1-160H20042300-L.jpg	http://www.huayugu.com.cn/huoshaohua/
http://pic1.win4000.com/pic/6/be/c7b11331418.jpg	http://www.win4000.com/meinv111482.html
http://s8.sinaimg.cn/mw690/a3131930gda9afee63e17&690	http://blog.sina.com.cn/s/blog_a31319300101b7h8.html
http://www.huayugu.com.cn/uploads/allimg/160722/1-160H2003T30-L.jpg	http://www.huayugu.com.cn/huoshaohua/
http://www.zhongkehuayu.com/uploads/allimg/170310/1-1F3101T054a7.png	http://m.zhongkehuayu.com/zuoyong/2017/0310/1771.html
http://www.baihuamen.com/d/file/2014/05-26/a64593699e7fd480c42a545747ad0f3c.jpg	http://www.baihuamen.com/huoshaohua/16352.html
http://www.huayugu.com.cn/uploads/allimg/160722/1-160H20043580-L.jpg	http://www.huayugu.com.cn/huoshaohua/
http://www.chantuguan.com/ueditor/php/upload/image/20170608/1496902859105556.jpg	http://www.chantuguan.com/baike/671.html
https://www.huabaike.com/uploads/allimg/artimg/201704/20170424131937_75420.jpg	https://www.huabaike.com/yhjq/8461.html
http://pic10.nipic.com/20101101/508691_110602086362_2.jpg	http://www.nipic.com/show/1/44/3865283k52cbafaf.html
https://www.huabaike.com/uploads/allimg/artimg/201704/20170424132237_64275.jpg	https://www.huabaike.com/hyjk/8462.html
http://www.chantuguan.com/ueditor/php/upload/image/20170608/1496903851313443.jpg	http://www.chantuguan.com/baike/672.html
http://www.baihuamen.com/d/file/2014/05-26/38cb4b50b88ed59dfdde0a92bd531b99.jpg	http://www.baihuamen.com/huoshaohua/
http://img004.mllres.com//images/upload/%E7%81%AB%E7%83%A7%E8%8A%B102.jpg	http://www.meilele.com/article/shipin/40675.html
http://tu.qt3191.com/allimg/c110626/130Z6032c9150-364O.gif	http://www.qt3191.com/changjianqiaomu/35133.html
http://p.d1xz.net/2014/7/7/170830523052.jpg	http://3g.d1xz.net/astro/huayu/art56378.aspx
https://upload.wikimedia.org/wikipedia/commons/thumb/9/9d/Mayodendron_igneum.jpg/220px-Mayodendron_igneum.jpg	https://zh.wikipedia.org/wiki/%E7%81%AB%E7%83%A7%E8%8A%B1
http://www.1688hdd.com/uploadfiles/pictures/news/20170216085826_6907.jpg	http://www.1688hdd.com/Article/yrhshsdgwk.html
http://blog.sciencenet.cn/upload/blog/images/2010/3/201031415211171.jpg	http://blog.sciencenet.cn/blog-38998-302878.html
https://www.huabaike.com/uploads/allimg/artimg/201609/20160920155745_21983.jpg	https://www.huabaike.com/jtyh/5198.html
http://www.huayugu.com.cn/uploads/allimg/160722/1-160H20050550-L.jpg	http://www.huayugu.com.cn/huoshaohua/
http://s13.sinaimg.cn/middle/66019f9ena81b19b5743c&690	http://blog.sina.com.cn/s/blog_515359c40102ecb1.html
http://image.sciencenet.cn/album/201402/18/164104dzj9ndroyr2orq5n.jpg	http://blog.sciencenet.cn/blog-300114-768650.html
https://c1.staticflickr.com/8/7245/7218747754_ec22b29fee_b.jpg	https://www.flickr.com/photos/75936958@N03/7218747754
http://s2.sinaimg.cn/mw690/a3131930gda9b03be8131&690	http://blog.sina.com.cn/s/blog_6b2046ad0102v5gc.html
http://s8.sinaimg.cn/middle/505394dax7fa69b67cc17&690	http://blog.sina.com.cn/s/blog_6901a7c00102wvqn.html
http://tu.qt3191.com/allimg/c110626/130Z6032c5420-2KE.gif	http://www.qt3191.com/changjianqiaomu/35133.html
http://img.pconline.com.cn/images/upload/upc/tx/photoblog/1702/21/c12/37851142_1487677163517_mthumb.jpg	http://dp.pconline.com.cn/photo/3737256.html
https://www.huabaike.com/uploads/allimg/artimg/201704/20170424132259_65980.jpg	https://www.huabaike.com/hyjk/8462.html
http://haihuai888.com/images/uploadfile2017032424050736780.png	http://haihuai888.com/html/html2017wenyuantiandi_032411365.html
http://www.baihuamen.com/d/file/2014/05-26/caa908906ed767f4eede92bbd27abc24.jpg	http://www.baihuamen.com/huoshaohua/16352_13.html
http://s8.sinaimg.cn/middle/505394dax7fa68dc2d707&690	http://blog.sina.com.cn/s/blog_6901a7c00102wvqn.html
http://www.baihuamen.com/d/file/2014/05-26/371c7aa130a114d13a01e43b83a893e4.jpg	http://www.baihuamen.com/huoshaohua/16352_5.html
http://www.baihuamen.com/d/file/2014/05-26/0a8965814f214d2ce9131f55247d9c43.jpg	http://www.baihuamen.com/huoshaohua/16352_2.html
http://www.yiyigreen.com:8078/web/app/upload/yiyid5633201502041006481423015608896_MG_5001.jpg	http://haoxuan.yiyigreen.com/Product/Detail/index/id/29420.html
http://www.baihuamen.com/d/file/2014/05-26/ca9095429a4dcacd5ffd596ff190a251.jpg	http://www.baihuamen.com/huoshaohua/16352_4.html
http://www.baihuamen.com/d/file/2014/05-26/a0ff3b1d9736e2ee306eb2931ffb4f41.jpg	http://www.baihuamen.com/huoshaohua/16352_14.html
http://s6.sinaimg.cn/mw690/a3131930gda9b01c34535&690	http://blog.sina.com.cn/s/blog_6b2046ad0102v5gc.html
http://s3.sinaimg.cn/mw690/a3131930gda9b08462962&690	http://blog.sina.com.cn/s/blog_6b2046ad0102v5gc.html
http://img.mp.itc.cn/upload/20170204/57d52f07f5d54920ab64f7806e655a92_th.jpg	http://www.sohu.com/a/125425795_385536
http://haihuai888.com/images/uploadfile2017032424050816194.png	http://haihuai888.com/html/html2017wenyuantiandi_032411365.html
http://s4.sinaimg.cn/mw690/a3131930g7c42b2dc6973&690	http://blog.sina.com.cn/s/blog_6b2046ad0102v5gc.html
http://s11.sinaimg.cn/middle/505394dax7fa690f8b5ba&690	http://blog.sina.com.cn/s/blog_6901a7c00102wvqn.html
http://pic95.nipic.com/file/20160420/22170260_100807842837_2.jpg	http://www.nipic.com/show/14643468.html
http://s1.sinaimg.cn/mw690/a3131930gda9b02d11f60&690	http://blog.sina.com.cn/s/blog_6b2046ad0102v5gc.html
http://www.huayugu.com.cn/uploads/allimg/160722/1-160H20033050-L.jpg	http://m.huayugu.com.cn/list.php?tid=1103
http://pic95.nipic.com/file/20160420/22170260_100842466655_2.jpg	http://www.nipic.com/show/14643467.html
http://imgs.shougongke.com//course/17829691/415945/170517163639_cover.jpg@!web_course_593	http://www.shougongke.com/course/415945.html
http://www.huayugu.com.cn/uploads/allimg/160722/1-160H20036080-L.jpg	http://m.huayugu.com.cn/list.php?tid=1103
http://www.baihuamen.com/d/file/2014/05-26/37d6909f98373638ba93b37e8333620e.jpg	http://www.baihuamen.com/huoshaohua/16352_8.html
http://www.huayugu.com.cn/uploads/allimg/160722/1-160H2003H80-L.jpg	http://m.huayugu.com.cn/list.php?tid=1103
http://s2.sinaimg.cn/middle/505394dax7fa69a242751&690	http://blog.sina.com.cn/s/blog_6901a7c00102wvqn.html
http://s7.sinaimg.cn/middle/505394dax7fa69ce34466&690	http://blog.sina.com.cn/s/blog_6901a7c00102wvqn.html
https://www.huabaike.com/uploads/allimg/artimg/201704/20170424131958_36878.jpg	https://www.huabaike.com/yhjq/8461.html
http://www.xincha.com/pic/1?src=http://mmbiz.qpic.cn/mmbiz_jpg/ickT2kU8e978SLOGrmIG3TTJoZ8icXY4vQG1cjKiaIhficbtNJjTN8Giad0VbQfYvrI3A8TMtTuFsM5eYAmziatf9B7g/0?wx_fmt=jpeg	http://www.xincha.com/p/1091882
http://s11.sinaimg.cn/mw690/001LPod7gy6HStcULFM3a&690	http://blog.sina.com.cn/s/blog_60bb01c50101s7o1.html
http://4.bp.blogspot.com/-fycK2orpOGg/VQbClBZqH1I/AAAAAAAAnw0/4ge8oCKDKBY/s1600/P1240060.JPG	http://purplewhee.blogspot.com/2014/11/blog-post_9.html
http://s3.sinaimg.cn/middle/505394dax7fa68f2e6772&690	http://blog.sina.com.cn/s/blog_6901a7c00102wvqn.html
http://www.scib.cas.cn/lyfw/hx/201604/W020160414370017780194.jpg	http://www.scib.cas.cn/lyfw/hx/201604/t20160414_4583541.html
http://s4.sinaimg.cn/middle/505394dax7fa694572d93&690	http://blog.sina.com.cn/s/blog_6901a7c00102wvqn.html
http://www.xincha.com/pic/1?src=http://mmbiz.qpic.cn/mmbiz_jpg/ickT2kU8e978SLOGrmIG3TTJoZ8icXY4vQZib3gMkH72YhPTYgguIC5JHtr3eiatKdK126ibc6g5ybm2sEoL86me5jA/0?wx_fmt=jpeg	http://www.xincha.com/p/1091882
http://sh.lhsr.cn/Plugins/ueditor1_2_5_1-utf8-net/net/upload/2015-08-14/61b470fe-c858-45ad-8068-96f6da7f4c45.jpg	http://www.csnbgsh.cn/sites/chenshan/InfoContent.aspx?ctgId=5a6ea5fd-6f1d-46f9-a116-846526fd4cbb&infoId=b0c13a3a-f38a-4b6d-819b-0a428e918f8a
http://s3.sinaimg.cn/mw690/0028patzzy7abuRl2dY12&690	http://blog.sina.com.cn/s/blog_749d6fc90102wvns.html
http://s8.sinaimg.cn/mw690/a3131930gda9afe2b7637&690	http://blog.sina.com.cn/s/blog_6b2046ad0102v5gc.html
http://www.zzsfjylxh.com/data/upload/home/20170302/58b77a4ecbeac.jpg	http://www.zzsfjylxh.com/index.php?g=&m=article&a=index&id=154&cid=9
http://www.zhiwutong.com/tu/5/5624.jpg	http://www.zhiwutong.com/latin/Bignoniaceae/Mayodendron-igneum-Kurz-Kurz.htm
http://hua36.com/tupian/huoshaohua/1.jpg	http://hua36.com/huahui/qiaomuhuahui/173.html
https://scontent-sea1-1.cdninstagram.com/t51.2885-15/s480x480/e35/c0.32.1080.1080/13658800_531829923688947_2018284267_n.jpg?ig_cache_key=MTMyMDg2NTc2NDU0MjM2MTI1Ng%3D%3D.2.c	http://www.imgrum.org/tag/%E7%81%AB%E7%83%A7%E8%8A%B1
