
https://gss2.bdstatic.com/-fo3dSag_xI4khGkpoWK1HF6hhy/baike/c0%3Dbaike272%2C5%2C5%2C272%2C90/sign=a1d529c89e2f07084b082252884dd3fc/503d269759ee3d6d73f8bc4c43166d224f4ade7e.jpg
https://gss3.bdstatic.com/-Po3dSag_xI4khGkpoWK1HF6hhy/baike/c0%3Dbaike150%2C5%2C5%2C150%2C50/sign=41b8d784c895d143ce7bec711299e967/dbb44aed2e738bd4b00389b6a18b87d6277ff912.jpg
https://gss0.bdstatic.com/-4o3dSag_xI4khGkpoWK1HF6hhy/baike/c0%3Dbaike150%2C5%2C5%2C150%2C50/sign=dd2cc622d143ad4bb2234e92e36b31ca/4bed2e738bd4b31c831eaf3c87d6277f9e2ff812.jpg
https://gss1.bdstatic.com/-vo3dSag_xI4khGkpoWK1HF6hhy/baike/c0%3Dbaike180%2C5%2C5%2C180%2C60/sign=d45ca3fcd11373f0e13267cdc566209e/2f738bd4b31c8701a4948961277f9e2f0708ff12.jpg
https://gss0.bdstatic.com/94o3dSag_xI4khGkpoWK1HF6hhy/baike/c0%3Dbaike180%2C5%2C5%2C180%2C60/sign=f2b7445a2e738bd4d02cba63c0e2ecb3/58ee3d6d55fbb2fb6b1563954f4a20a44623dc7e.jpg

https://gss0.bdstatic.com/94o3dSag_xI4khGkpoWK1HF6hhy/baike/c0%3Dbaike180%2C5%2C5%2C180%2C60/sign=69421b8cb319ebc4d4757ecbe34fa499/4d086e061d950a7b127b6a2d0ad162d9f3d3c988.jpg
https://gss0.bdstatic.com/-4o3dSag_xI4khGkpoWK1HF6hhy/baike/c0%3Dbaike80%2C5%2C5%2C80%2C26/sign=f7235a365aafa40f28cbc68fca0d682a/37d3d539b6003af3be543164352ac65c1138b6cc.jpg
https://gss2.bdstatic.com/-fo3dSag_xI4khGkpoWK1HF6hhy/baike/c0%3Dbaike52%2C5%2C5%2C52%2C17/sign=d02ff5af3d6d55fbd1cb7e740c4b242f/ca1349540923dd54a0f63e19d109b3de9c82483e.jpg
https://gss1.bdstatic.com/-vo3dSag_xI4khGkpoWK1HF6hhy/baike/c0%3Dbaike52%2C5%2C5%2C52%2C17/sign=736b836fb9389b502cf2e800e45c8eb8/72f082025aafa40f0e4157acab64034f78f0193f.jpg
https://gss3.bdstatic.com/-Po3dSag_xI4khGkpoWK1HF6hhy/baike/c0%3Dbaike52%2C5%2C5%2C52%2C17/sign=40412ecaa61ea8d39e2f7c56f6635b2b/b999a9014c086e066e2ea63a02087bf40ad1cb39.jpg
https://gss0.bdstatic.com/94o3dSag_xI4khGkpoWK1HF6hhy/baike/c0%3Dbaike52%2C5%2C5%2C52%2C17/sign=32606150728b4710da22f59ea2a7a898/503d269759ee3d6ddd3a1eba43166d224e4adec7.jpg
https://gss2.bdstatic.com/-fo3dSag_xI4khGkpoWK1HF6hhy/baike/c0%3Dbaike80%2C5%2C5%2C80%2C26/sign=fb3d3f2590ef76c6c4dff379fc7f969f/faedab64034f78f0e9d677f779310a55b2191cd0.jpg
https://gss3.bdstatic.com/-Po3dSag_xI4khGkpoWK1HF6hhy/baike/c0%3Dbaike52%2C5%2C5%2C52%2C17/sign=385af8a636d12f2eda08a6322eabbe07/ac4bd11373f082021919084e4bfbfbedab641b33.jpg
https://gss2.bdstatic.com/-fo3dSag_xI4khGkpoWK1HF6hhy/baike/c0%3Dbaike52%2C5%2C5%2C52%2C17/sign=e28ef02134a85edfee81f671283d6246/a8773912b31bb051a6a62a59367adab44bede0c5.jpg

https://gss2.bdstatic.com/9fo3dSag_xI4khGkpoWK1HF6hhy/baike/c0%3Dbaike116%2C5%2C5%2C116%2C38/sign=2b938e9dc65c10383073c690d378f876/8c1001e93901213f7acdc05b54e736d12e2e95bf.jpg
https://gss0.bdstatic.com/-4o3dSag_xI4khGkpoWK1HF6hhy/baike/c0%3Dbaike116%2C5%2C5%2C116%2C38/sign=7f66c76e8d1001e95a311c5dd9671089/95eef01f3a292df53c542292bc315c6035a873a6.jpg
https://gss2.bdstatic.com/9fo3dSag_xI4khGkpoWK1HF6hhy/baike/c0%3Dbaike116%2C5%2C5%2C116%2C38/sign=8b410900d0a20cf4529df68d17602053/91ef76c6a7efce1b4fd5464daf51f3deb58f65bf.jpg
https://gss3.bdstatic.com/7Po3dSag_xI4khGkpoWK1HF6hhy/baike/c0%3Dbaike116%2C5%2C5%2C116%2C38/sign=1c2ccdbe4b36acaf4ded9eae1db0e675/fcfaaf51f3deb48f5b972f59f01f3a292cf578bf.jpg
https://gss1.bdstatic.com/-vo3dSag_xI4khGkpoWK1HF6hhy/baike/c0%3Dbaike116%2C5%2C5%2C116%2C38/sign=0abb2b5876c6a7efad2ba0749c93c434/d009b3de9c82d1582115d736800a19d8bd3e42a6.jpg

https://gss2.bdstatic.com/9fo3dSag_xI4khGkpoWK1HF6hhy/baike/c0%3Dbaike150%2C5%2C5%2C150%2C50/sign=e03f12350ad162d991e36a4e70b6c289/6a600c338744ebf8f87b38ced9f9d72a6059a73d.jpg
https://gss1.bdstatic.com/9vo3dSag_xI4khGkpoWK1HF6hhy/baike/c0%3Dbaike272%2C5%2C5%2C272%2C90/sign=52d4c2a5034f78f0940692a118586130/4bed2e738bd4b31c2e38c84a87d6277f9e2ff83f.jpg
https://gss1.bdstatic.com/9vo3dSag_xI4khGkpoWK1HF6hhy/baike/c0%3Dbaike180%2C5%2C5%2C180%2C60/sign=b819fe1ca144ad343ab28fd5b1cb6791/fcfaaf51f3deb48fa56efd2ff01f3a292df5783f.jpg
https://gss1.bdstatic.com/9vo3dSag_xI4khGkpoWK1HF6hhy/baike/c0%3Dbaike272%2C5%2C5%2C272%2C90/sign=3871d158a9014c080d3620f76b12696d/42166d224f4a20a49776603690529822730ed0d3.jpg
https://gss1.bdstatic.com/-vo3dSag_xI4khGkpoWK1HF6hhy/baike/c0%3Dbaike180%2C5%2C5%2C180%2C60/sign=9034ecf4e5dde711f3df4ba4c686a57e/810a19d8bc3eb13576aceb4aa61ea8d3fc1f44d3.jpg
https://gss0.bdstatic.com/-4o3dSag_xI4khGkpoWK1HF6hhy/baike/c0%3Dbaike116%2C5%2C5%2C116%2C38/sign=9b0ea1da9d16fdfacc61cebcd5e6e731/d058ccbf6c81800a2539d3ffb13533fa838b4766.jpg
https://gss3.bdstatic.com/7Po3dSag_xI4khGkpoWK1HF6hhy/baike/c0%3Dbaike150%2C5%2C5%2C150%2C50/sign=0cd93474c9ea15ce55e3e85bd7695196/00e93901213fb80e740e3b2636d12f2eb8389467.jpg
https://gss0.bdstatic.com/94o3dSag_xI4khGkpoWK1HF6hhy/baike/c0%3Dbaike150%2C5%2C5%2C150%2C50/sign=123138ed11dfa9ece9235e4503b99c66/1b4c510fd9f9d72a80bb4aecd42a2834359bbb60.jpg
https://gss3.bdstatic.com/7Po3dSag_xI4khGkpoWK1HF6hhy/baike/c0%3Dbaike150%2C5%2C5%2C150%2C50/sign=47f566e5ab18972bb737089887a410ec/b8014a90f603738d3e9456d3b31bb051f919ec61.jpg
https://gss0.bdstatic.com/-4o3dSag_xI4khGkpoWK1HF6hhy/baike/c0%3Dbaike272%2C5%2C5%2C272%2C90/sign=25cbf8cb304e251ff6faecaac6efa272/8694a4c27d1ed21b6a0b7414ad6eddc450da3f04.jpg
https://gss0.bdstatic.com/94o3dSag_xI4khGkpoWK1HF6hhy/baike/c0%3Dbaike150%2C5%2C5%2C150%2C50/sign=41ce2458a9014c080d3620f76b12696d/d6ca7bcb0a46f21f16e3f7a2f6246b600d33ae68.jpg
https://gss1.bdstatic.com/-vo3dSag_xI4khGkpoWK1HF6hhy/baike/c0%3Dbaike150%2C5%2C5%2C150%2C50/sign=a627e0188d1001e95a311c5dd9671089/8cb1cb1349540923d8bfca8f9258d109b2de4968.jpg
https://gss3.bdstatic.com/7Po3dSag_xI4khGkpoWK1HF6hhy/baike/c0%3Dbaike150%2C5%2C5%2C150%2C50/sign=056925c04a90f60310bd9415587bd87e/10dfa9ec8a136327ed3b6bc2918fa0ec09fac769.jpg
https://gss0.bdstatic.com/94o3dSag_xI4khGkpoWK1HF6hhy/baike/c0%3Dbaike150%2C5%2C5%2C150%2C50/sign=748ca8695edf8db1a8237436684ab631/9e3df8dcd100baa1e5fdee4a4710b912c9fc2e69.jpg
https://gss1.bdstatic.com/9vo3dSag_xI4khGkpoWK1HF6hhy/baike/c0%3Dbaike150%2C5%2C5%2C150%2C50/sign=db3c6bc2918fa0ec6bca6c5f47fe328b/d52a2834349b033be259552b15ce36d3d439bd6a.jpg
https://gss2.bdstatic.com/9fo3dSag_xI4khGkpoWK1HF6hhy/baike/c0%3Dbaike272%2C5%2C5%2C272%2C90/sign=736814f55982b2b7b392319650c4a08a/e4dde71190ef76c675c377da9d16fdfaaf51672a.jpg
https://gss0.bdstatic.com/94o3dSag_xI4khGkpoWK1HF6hhy/baike/c0%3Dbaike180%2C5%2C5%2C180%2C60/sign=c9e5801ab6fd5266b3263446ca71fc4e/42a98226cffc1e17c2ac00c04a90f603738de934.jpg
https://gss3.bdstatic.com/7Po3dSag_xI4khGkpoWK1HF6hhy/baike/c0%3Dbaike180%2C5%2C5%2C180%2C60/sign=bbc98f102f2eb938f86072a0b40bee50/d009b3de9c82d1582391d540800a19d8bc3e4234.jpg
https://gss3.bdstatic.com/7Po3dSag_xI4khGkpoWK1HF6hhy/baike/c0%3Dbaike220%2C5%2C5%2C220%2C73/sign=14facfc84b36acaf4ded9eae1db0e675/f11f3a292df5e0fe463005f05c6034a85edf7213.jpg
https://gss3.bdstatic.com/-Po3dSag_xI4khGkpoWK1HF6hhy/baike/c0%3Dbaike150%2C5%2C5%2C150%2C50/sign=98fa12a5034f78f0940692a118586130/29381f30e924b899ca16f5c96e061d950a7bf61d.jpg
https://gss0.bdstatic.com/94o3dSag_xI4khGkpoWK1HF6hhy/baike/c0%3Dbaike150%2C5%2C5%2C150%2C50/sign=46c16d3590529822113e3191b6a310ae/11385343fbf2b21193f1d4bcca8065380dd78e60.jpg
https://gss3.bdstatic.com/-Po3dSag_xI4khGkpoWK1HF6hhy/baike/c0%3Dbaike150%2C5%2C5%2C150%2C50/sign=ca9751e8c65c10383073c690d378f876/9a504fc2d5628535c61a83d390ef76c6a6ef634d.jpg
https://gss0.bdstatic.com/94o3dSag_xI4khGkpoWK1HF6hhy/baike/c0%3Dbaike150%2C5%2C5%2C150%2C50/sign=d311d6d39313b07ea9b0585a6dbefa46/e61190ef76c6a7efe6f8f9d4fdfaaf51f2de6661.jpg
https://gss0.bdstatic.com/94o3dSag_xI4khGkpoWK1HF6hhy/baike/c0%3Dbaike150%2C5%2C5%2C150%2C50/sign=93176e1362d9f2d3341c2cbdc885e176/0d338744ebf81a4cb9ecbd3bd72a6059242da662.jpg
https://gss1.bdstatic.com/-vo3dSag_xI4khGkpoWK1HF6hhy/baike/c0%3Dbaike150%2C5%2C5%2C150%2C50/sign=120b1df30a55b31988f48a2722c0e943/4d086e061d950a7bbfc01f360ad162d9f3d3c94f.jpg

https://gss2.bdstatic.com/9fo3dSag_xI4khGkpoWK1HF6hhy/baike/c0%3Dbaike150%2C5%2C5%2C150%2C50/sign=bbea07ffd11373f0e13267cdc566209e/8ad4b31c8701a18bed7f8dcb9e2f07082938fe9a.jpg
https://gss3.bdstatic.com/-Po3dSag_xI4khGkpoWK1HF6hhy/baike/c0%3Dbaike116%2C5%2C5%2C116%2C38/sign=13595d82afc3793169658e7b8aaddc20/b21c8701a18b87d64cd6349b070828381e30fd9a.jpg
https://gss0.bdstatic.com/-4o3dSag_xI4khGkpoWK1HF6hhy/baike/c0%3Dbaike272%2C5%2C5%2C272%2C90/sign=9b9f057779310a55d029d6a6d62c28cc/8601a18b87d6277ff286adbc28381f30e824fc9a.jpg
https://gss1.bdstatic.com/-vo3dSag_xI4khGkpoWK1HF6hhy/baike/c0%3Dbaike272%2C5%2C5%2C272%2C90/sign=c26ad3850a55b31988f48a2722c0e943/a08b87d6277f9e2f6aa1828c1f30e924b999f39a.jpg
https://gss2.bdstatic.com/9fo3dSag_xI4khGkpoWK1HF6hhy/baike/c0%3Dbaike150%2C5%2C5%2C150%2C50/sign=ec41f8d2d0160924c828aa49b56e5e9f/1f178a82b9014a90acbfd939a9773912b21beeb5.jpg
https://gss3.bdstatic.com/-Po3dSag_xI4khGkpoWK1HF6hhy/baike/c0%3Dbaike272%2C5%2C5%2C272%2C90/sign=540fa59042a7d933aba5ec21cc22ba76/8b82b9014a90f603283103c33912b31bb151edb5.jpg
https://gss1.bdstatic.com/-vo3dSag_xI4khGkpoWK1HF6hhy/baike/c0%3Dbaike116%2C5%2C5%2C116%2C38/sign=1f1b7387c895d143ce7bec711299e967/4b90f603738da97764ae19afb051f8198718e3b5.jpg

https://gss0.bdstatic.com/94o3dSag_xI4khGkpoWK1HF6hhy/baike/c0%3Dbaike116%2C5%2C5%2C116%2C38/sign=5a2efad3b912c8fca0fefe9f9d6af920/34fae6cd7b899e512716b2e742a7d933c9950dac.jpg
https://gss2.bdstatic.com/-fo3dSag_xI4khGkpoWK1HF6hhy/baike/c0%3Dbaike116%2C5%2C5%2C116%2C38/sign=749f2ed0b07eca80060831b5f04afcb8/55e736d12f2eb9385ddef201d5628535e4dd6f96.jpg
https://gss1.bdstatic.com/-vo3dSag_xI4khGkpoWK1HF6hhy/baike/c0%3Dbaike150%2C5%2C5%2C150%2C50/sign=c6be0d92f8198618554ae7d62b844516/a1ec08fa513d26972c4b80ae55fbb2fb4216d8ad.jpg
https://gss3.bdstatic.com/7Po3dSag_xI4khGkpoWK1HF6hhy/baike/c0%3Dbaike116%2C5%2C5%2C116%2C38/sign=d6860e1d9c82d158af8f51e3e16372bd/9e3df8dcd100baa1ca9ecf484710b912c9fc2e96.jpg
https://gss3.bdstatic.com/7Po3dSag_xI4khGkpoWK1HF6hhy/baike/c0%3Dbaike180%2C5%2C5%2C180%2C60/sign=dea49cfcb80e7bec37d70bb34e47d25d/0823dd54564e925836ac0e1d9c82d158cdbf4ead.jpg

https://gss3.bdstatic.com/7Po3dSag_xI4khGkpoWK1HF6hhy/baike/c0%3Dbaike150%2C5%2C5%2C150%2C50/sign=f3bbbd617bcb0a46912f836b0a0a9d41/b17eca8065380cd76e6bfd76a144ad3459828130.jpg
https://gss1.bdstatic.com/-vo3dSag_xI4khGkpoWK1HF6hhy/baike/c0%3Dbaike150%2C5%2C5%2C150%2C50/sign=5bd9be948794a4c21e2eef796f9d70b0/aa64034f78f0f7362292139a0a55b319ebc41338.jpg
https://gss1.bdstatic.com/-vo3dSag_xI4khGkpoWK1HF6hhy/baike/c0%3Dbaike150%2C5%2C5%2C150%2C50/sign=cda19d9dafc3793169658e7b8aaddc20/b999a9014c086e06a8c460d002087bf40ad1cb39.jpg
https://gss3.bdstatic.com/7Po3dSag_xI4khGkpoWK1HF6hhy/baike/c0%3Dbaike150%2C5%2C5%2C150%2C50/sign=e13ae17fb31c8701c2bbbab44616f54a/b3fb43166d224f4aefed2c8809f790529822d131.jpg
https://gss3.bdstatic.com/-Po3dSag_xI4khGkpoWK1HF6hhy/baike/c0%3Dbaike150%2C5%2C5%2C150%2C50/sign=c7bc9ab43a292df583cea447dd583705/a686c9177f3e67099a6f1a643bc79f3df8dc5539.jpg
https://gss2.bdstatic.com/9fo3dSag_xI4khGkpoWK1HF6hhy/baike/c0%3Dbaike92%2C5%2C5%2C92%2C30/sign=33ffd9418a13632701e0ca61f0e6cb89/fcfaaf51f3deb48fae74e443f01f3a292df57809.jpg

https://gss1.bdstatic.com/9vo3dSag_xI4khGkpoWK1HF6hhy/baike/c0%3Dbaike272%2C5%2C5%2C272%2C90/sign=f652b983b899a9012f3853647cfc611e/b3fb43166d224f4ac9c6168409f790529922d1ce.jpg
https://gss0.bdstatic.com/94o3dSag_xI4khGkpoWK1HF6hhy/baike/c0%3Dbaike150%2C5%2C5%2C150%2C50/sign=5d62b0599925bc313f5009ca3fb6e6d4/6609c93d70cf3bc7efaaa87bd100baa1cc112afa.jpg
https://gss0.bdstatic.com/94o3dSag_xI4khGkpoWK1HF6hhy/baike/c0%3Dbaike150%2C5%2C5%2C150%2C50/sign=96644d320a7b020818c437b303b099b6/bf096b63f6246b60f451d7e3ebf81a4c500fa2ce.jpg
https://gss0.bdstatic.com/94o3dSag_xI4khGkpoWK1HF6hhy/baike/c0%3Dbaike150%2C5%2C5%2C150%2C50/sign=53753d854f4a20a425133495f13bf347/3b87e950352ac65c005b03e4fbf2b21192138ace.jpg
https://gss0.bdstatic.com/94o3dSag_xI4khGkpoWK1HF6hhy/baike/c0%3Dbaike180%2C5%2C5%2C180%2C60/sign=25ad6674d539b60059c307e588395e4f/203fb80e7bec54e706b27f89b9389b504ec26ace.jpg
https://gss2.bdstatic.com/9fo3dSag_xI4khGkpoWK1HF6hhy/baike/c0%3Dbaike116%2C5%2C5%2C116%2C38/sign=8d47ae4576c6a7efad2ba0749c93c434/d009b3de9c82d158a6e9522b800a19d8bd3e42c4.jpg

https://gss1.bdstatic.com/9vo3dSag_xI4khGkpoWK1HF6hhy/baike/c0%3Dbaike92%2C5%2C5%2C92%2C30/sign=f7da1d20a9773912d02b8d339970ed7d/a044ad345982b2b7d17b625931adcbef77099b42.jpg
https://gss2.bdstatic.com/-fo3dSag_xI4khGkpoWK1HF6hhy/baike/c0%3Dbaike92%2C5%2C5%2C92%2C30/sign=1165a7ba7f3e6709aa0d4dad5aaef458/0b7b02087bf40ad1d43a9c7e572c11dfa8ecce55.jpg
https://gss0.bdstatic.com/-4o3dSag_xI4khGkpoWK1HF6hhy/baike/c0%3Dbaike92%2C5%2C5%2C92%2C30/sign=3506c7418a13632701e0ca61f0e6cb89/fcfaaf51f3deb48fa88dfa43f01f3a292cf57842.jpg
https://gss2.bdstatic.com/-fo3dSag_xI4khGkpoWK1HF6hhy/baike/c0%3Dbaike92%2C5%2C5%2C92%2C30/sign=167d288e09f79052fb124f6c6d9abcaf/0823dd54564e9258e7d0dd739c82d158cdbf4e42.jpg
https://gss3.bdstatic.com/-Po3dSag_xI4khGkpoWK1HF6hhy/baike/c0%3Dbaike92%2C5%2C5%2C92%2C30/sign=75e273380a7b020818c437b303b099b6/d4628535e5dde7118b0b186ba7efce1b9c166155.jpg
https://gss3.bdstatic.com/7Po3dSag_xI4khGkpoWK1HF6hhy/baike/c0%3Dbaike92%2C5%2C5%2C92%2C30/sign=cbb95a055edf8db1a8237436684ab631/8b82b9014a90f603e454c7da3912b31bb151ed43.jpg
https://gss3.bdstatic.com/-Po3dSag_xI4khGkpoWK1HF6hhy/baike/c0%3Dbaike92%2C5%2C5%2C92%2C30/sign=00083a4a36d12f2eda08a6322eabbe07/0eb30f2442a7d933b371bfeead4bd11372f00155.jpg
https://gss3.bdstatic.com/7Po3dSag_xI4khGkpoWK1HF6hhy/baike/c0%3Dbaike150%2C5%2C5%2C150%2C50/sign=59d3259bacaf2eddc0fc41bbec796a8c/bd315c6034a85edfa26ba5be49540923dc547543.jpg
https://gss1.bdstatic.com/-vo3dSag_xI4khGkpoWK1HF6hhy/baike/c0%3Dbaike92%2C5%2C5%2C92%2C30/sign=434f9b97b6003af359b7d4325443ad39/3ac79f3df8dcd100cf3d83bf728b4710b8122f8e.jpg
https://gss2.bdstatic.com/-fo3dSag_xI4khGkpoWK1HF6hhy/baike/c0%3Dbaike92%2C5%2C5%2C92%2C30/sign=7625088d09f79052fb124f6c6d9abcaf/0823dd54564e92588788fd709c82d158cdbf4eeb.jpg
https://gss2.bdstatic.com/-fo3dSag_xI4khGkpoWK1HF6hhy/baike/c0%3Dbaike92%2C5%2C5%2C92%2C30/sign=3c95355a0ad162d991e36a4e70b6c289/e61190ef76c6a7eff086d3b8fdfaaf51f2de668f.jpg
https://gss1.bdstatic.com/9vo3dSag_xI4khGkpoWK1HF6hhy/baike/c0%3Dbaike92%2C5%2C5%2C92%2C30/sign=128efed0ca8065386fe7ac41f6b4ca21/fd039245d688d43f0609ea6c7d1ed21b0ff43b8f.jpg
https://gss1.bdstatic.com/9vo3dSag_xI4khGkpoWK1HF6hhy/baike/c0%3Dbaike92%2C5%2C5%2C92%2C30/sign=41bd74872df5e0fefa1581533d095fcd/eac4b74543a982267e5e50b98a82b9014b90eb95.jpg
https://gss3.bdstatic.com/7Po3dSag_xI4khGkpoWK1HF6hhy/baike/c0%3Dbaike92%2C5%2C5%2C92%2C30/sign=0eaaf40fcd11728b24208470a995a8ab/8b13632762d0f7034e25ee4208fa513d2797c59d.jpg
https://gss2.bdstatic.com/-fo3dSag_xI4khGkpoWK1HF6hhy/baike/c0%3Dbaike92%2C5%2C5%2C92%2C30/sign=e1e7a5561a4c510fbac9ea4801304e48/a71ea8d3fd1f4134f1a97ee0251f95cad0c85e95.jpg

https://gss1.bdstatic.com/-vo3dSag_xI4khGkpoWK1HF6hhy/baike/c0%3Dbaike92%2C5%2C5%2C92%2C30/sign=11e70cdaa2cc7cd9ee203c8b58684a5a/d1160924ab18972b694f17fde7cd7b899e510a8b.jpg

https://gss3.bdstatic.com/7Po3dSag_xI4khGkpoWK1HF6hhy/baike/c0%3Dbaike92%2C5%2C5%2C92%2C30/sign=793ba9d3b21c8701c2bbbab44616f54a/2fdda3cc7cd98d1056a11b06203fb80e7bec908b.jpg
https://gss2.bdstatic.com/9fo3dSag_xI4khGkpoWK1HF6hhy/baike/c0%3Dbaike92%2C5%2C5%2C92%2C30/sign=f8ff422063d0f703f2bf9d8e69933a58/f2deb48f8c5494ee82f31b2e2cf5e0fe99257e37.jpg
https://gss1.bdstatic.com/9vo3dSag_xI4khGkpoWK1HF6hhy/baike/c0%3Dbaike92%2C5%2C5%2C92%2C30/sign=fb5b412063d0f703f2bf9d8e69933a58/f2deb48f8c5494ee8157182e2cf5e0fe99257e8b.jpg
https://gss0.bdstatic.com/-4o3dSag_xI4khGkpoWK1HF6hhy/baike/c0%3Dbaike92%2C5%2C5%2C92%2C30/sign=3f5b9279cb8065386fe7ac41f6b4ca21/fd039245d688d43f2bdc86c57c1ed21b0ef43b8b.jpg

https://gss2.bdstatic.com/-fo3dSag_xI4khGkpoWK1HF6hhy/baike/c0%3Dbaike92%2C5%2C5%2C92%2C30/sign=4b7dc7dae61190ef15f69a8daf72f673/72f082025aafa40f85b3d9eaaa64034f78f0198b.jpg
https://gss0.bdstatic.com/-4o3dSag_xI4khGkpoWK1HF6hhy/baike/c0%3Dbaike92%2C5%2C5%2C92%2C30/sign=2c57182e2cf5e0fefa1581533d095fcd/eac4b74543a9822613b43c108b82b9014a90eb94.jpg
https://gss3.bdstatic.com/7Po3dSag_xI4khGkpoWK1HF6hhy/baike/c0%3Dbaike92%2C5%2C5%2C92%2C30/sign=ae1c2b24dc54564ef168ec6bd2b7f7e7/a8773912b31bb0511f51a41f377adab44aede094.jpg
https://gss2.bdstatic.com/9fo3dSag_xI4khGkpoWK1HF6hhy/baike/c0%3Dbaike92%2C5%2C5%2C92%2C30/sign=a56be8107e3e6709aa0d4dad5aaef458/0b7b02087bf40ad16034d3d4562c11dfa9ecce30.jpg
https://gss1.bdstatic.com/9vo3dSag_xI4khGkpoWK1HF6hhy/baike/c0%3Dbaike92%2C5%2C5%2C92%2C30/sign=d911e2c9c2fdfc03f175ebeab556ecf1/09fa513d269759ee2c8074fcb3fb43166d22df30.jpg
https://gss1.bdstatic.com/-vo3dSag_xI4khGkpoWK1HF6hhy/baike/c0%3Dbaike92%2C5%2C5%2C92%2C30/sign=c3c1f6388694a4c21e2eef796f9d70b0/54fbb2fb43166d225a0302a3472309f79052d294.jpg
https://gss2.bdstatic.com/-fo3dSag_xI4khGkpoWK1HF6hhy/baike/c0%3Dbaike92%2C5%2C5%2C92%2C30/sign=215e2e2343a7d933aba5ec21cc22ba76/500fd9f9d72a60590bc0f52d2934349b033bba30.jpg
https://gss1.bdstatic.com/-vo3dSag_xI4khGkpoWK1HF6hhy/baike/c0%3Dbaike92%2C5%2C5%2C92%2C30/sign=22fa2d2343a7d933aba5ec21cc22ba76/500fd9f9d72a60590864f62d2934349b033bba94.jpg
https://gss3.bdstatic.com/-Po3dSag_xI4khGkpoWK1HF6hhy/baike/c0%3Dbaike92%2C5%2C5%2C92%2C30/sign=f2ec6b97f703738dca470470d272db34/902397dda144ad34126f93b0d1a20cf431ad8530.jpg
https://gss2.bdstatic.com/9fo3dSag_xI4khGkpoWK1HF6hhy/baike/c0%3Dbaike92%2C5%2C5%2C92%2C30/sign=e2bcd91e8718367ab984778f4f1ae0b1/0df431adcbef760919db8da82fdda3cc7cd99e30.jpg
https://gss1.bdstatic.com/9vo3dSag_xI4khGkpoWK1HF6hhy/baike/c0%3Dbaike92%2C5%2C5%2C92%2C30/sign=49d53e37e824b899ca31716a0f6f76f0/55e736d12f2eb938fabd6ec5d4628535e5dd6f30.jpg
https://gss1.bdstatic.com/-vo3dSag_xI4khGkpoWK1HF6hhy/baike/c0%3Dbaike92%2C5%2C5%2C92%2C30/sign=0f34d3d4562c11dfcadcb771024e09b5/a6efce1b9d16fdfac2bcd2d9b58f8c5494ee7b30.jpg
https://gss3.bdstatic.com/7Po3dSag_xI4khGkpoWK1HF6hhy/baike/c0%3Dbaike92%2C5%2C5%2C92%2C30/sign=126b6d4d21a446236ac7ad30f94b196b/ca1349540923dd542907b05fd009b3de9c824894.jpg
https://gss0.bdstatic.com/94o3dSag_xI4khGkpoWK1HF6hhy/baike/c0%3Dbaike92%2C5%2C5%2C92%2C30/sign=fb8d2d348644ebf8797c6c6db890bc4f/32fa828ba61ea8d36df26033960a304e251f5830.jpg
https://gss3.bdstatic.com/7Po3dSag_xI4khGkpoWK1HF6hhy/baike/c0%3Dbaike92%2C5%2C5%2C92%2C30/sign=6115323f5243fbf2d121ae71d117a1e5/4610b912c8fcc3ce64b4de049345d688d43f2094.jpg
https://gss0.bdstatic.com/-4o3dSag_xI4khGkpoWK1HF6hhy/baike/c0%3Dbaike92%2C5%2C5%2C92%2C30/sign=fdec0038b90e7bec37d70bb34e47d25d/e7cd7b899e510fb3cbc963a0d833c895d1430c30.jpg
https://gss2.bdstatic.com/-fo3dSag_xI4khGkpoWK1HF6hhy/baike/c0%3Dbaike92%2C5%2C5%2C92%2C30/sign=4bfbdcfdae51f3ded7bfb136f5879b7a/024f78f0f736afc3afdc2b52b219ebc4b7451230.jpg
