
https://gss0.bdstatic.com/-4o3dSag_xI4khGkpoWK1HF6hhy/baike/c0%3Dbaike92%2C5%2C5%2C92%2C30/sign=f794b006a08b87d6444fa34d6661435d/7dd98d1001e9390165b78f097aec54e736d1964b.jpg
https://gss0.bdstatic.com/-4o3dSag_xI4khGkpoWK1HF6hhy/baike/c0%3Dbaike92%2C5%2C5%2C92%2C30/sign=595e81073bf33a878a600848a7357b5d/9e3df8dcd100baa14176458c4610b912c8fc2eaa.jpg
https://gss2.bdstatic.com/9fo3dSag_xI4khGkpoWK1HF6hhy/baike/c0%3Dbaike92%2C5%2C5%2C92%2C30/sign=72c53bf330adcbef15397654cdc645b8/dcc451da81cb39db149a6561d1160924ab1830aa.jpg

https://gss0.bdstatic.com/-4o3dSag_xI4khGkpoWK1HF6hhy/baike/c0%3Dbaike116%2C5%2C5%2C116%2C38/sign=2e26c0716263f62408503151e62d809d/c75c10385343fbf26e28ed6bb97eca8065388f76.jpg
https://gss1.bdstatic.com/-vo3dSag_xI4khGkpoWK1HF6hhy/baike/c0%3Dbaike80%2C5%2C5%2C80%2C26/sign=a5c9894ea6c3793169658e7b8aaddc20/11385343fbf2b2114e2ace06c38065380cd78e76.jpg
https://gss2.bdstatic.com/-fo3dSag_xI4khGkpoWK1HF6hhy/baike/c0%3Dbaike116%2C5%2C5%2C116%2C38/sign=b55a885c62600c33e474d69a7b253a6a/5243fbf2b21193136e47b4f86c380cd791238d76.jpg

https://gss3.bdstatic.com/7Po3dSag_xI4khGkpoWK1HF6hhy/baike/c0%3Dbaike80%2C5%2C5%2C80%2C26/sign=1b3f519597dda144ce0464e0d3debbc7/0ff41bd5ad6eddc44632417d39dbb6fd5366335a.jpg
https://gss1.bdstatic.com/9vo3dSag_xI4khGkpoWK1HF6hhy/baike/c0%3Dbaike80%2C5%2C5%2C80%2C26/sign=088e7ab87bec54e755e1124cd851f035/43a7d933c895d14384fa13a573f082025baf07a3.jpg
https://gss1.bdstatic.com/9vo3dSag_xI4khGkpoWK1HF6hhy/baike/c0%3Dbaike80%2C5%2C5%2C80%2C26/sign=8631d569a9ec8a1300175fb2966afaea/b58f8c5494eef01feb34e943e0fe9925bc317d10.jpg
https://gss0.bdstatic.com/94o3dSag_xI4khGkpoWK1HF6hhy/baike/c0%3Dbaike80%2C5%2C5%2C80%2C26/sign=52fb87a06d224f4a43947b41689efb37/0823dd54564e9258310977689c82d158ccbf4e73.jpg
https://gss2.bdstatic.com/-fo3dSag_xI4khGkpoWK1HF6hhy/baike/c0%3Dbaike80%2C5%2C5%2C80%2C26/sign=c316bf4c43166d222c7a1dc6274a6292/48540923dd54564e04b5dcbeb3de9c82d0584f60.jpg
https://gss2.bdstatic.com/9fo3dSag_xI4khGkpoWK1HF6hhy/baike/c0%3Dbaike80%2C5%2C5%2C80%2C26/sign=821bdff4ad4bd11310c0bf603bc6cf6a/023b5bb5c9ea15ce7c5ddb8eb6003af33b87b281.jpg
https://gss0.bdstatic.com/-4o3dSag_xI4khGkpoWK1HF6hhy/baike/c0%3Dbaike80%2C5%2C5%2C80%2C26/sign=565757a7b912c8fca0fefe9f9d6af920/503d269759ee3d6d7127a24c43166d224e4ade57.jpg
https://gss1.bdstatic.com/9vo3dSag_xI4khGkpoWK1HF6hhy/baike/c0%3Dbaike80%2C5%2C5%2C80%2C26/sign=6fc9c7a1fdfaaf5190ee89eded3dff8b/aec379310a55b3194a16edf243a98226cefc174d.jpg
https://gss3.bdstatic.com/7Po3dSag_xI4khGkpoWK1HF6hhy/baike/c0%3Dbaike80%2C5%2C5%2C80%2C26/sign=b93159bf28381f308a1485fbc868276d/2e2eb9389b504fc2f27cdb82e5dde71190ef6d11.jpg
https://gss3.bdstatic.com/-Po3dSag_xI4khGkpoWK1HF6hhy/baike/c0%3Dbaike80%2C5%2C5%2C80%2C26/sign=dc19b5d58535e5dd8421ad8d17afcc8a/5bafa40f4bfbfbed38bf63f878f0f736aec31f56.jpg
https://gss2.bdstatic.com/9fo3dSag_xI4khGkpoWK1HF6hhy/baike/c0%3Dbaike80%2C5%2C5%2C80%2C26/sign=07f59f4daf51f3ded7bfb136f5879b7a/78310a55b319ebc42da6211e8226cffc1f17165e.jpg
https://gss3.bdstatic.com/-Po3dSag_xI4khGkpoWK1HF6hhy/baike/c0%3Dbaike80%2C5%2C5%2C80%2C26/sign=3322b4b7baa1cd1111bb7a72d87ba399/f603918fa0ec08fa9ac3432059ee3d6d54fbda72.jpg
https://gss2.bdstatic.com/9fo3dSag_xI4khGkpoWK1HF6hhy/baike/c0%3Dbaike80%2C5%2C5%2C80%2C26/sign=e5e2c6f3ad345982d187edc06d9d5ac8/ac6eddc451da81cb4be4d14a5266d01609243132.jpg
https://gss1.bdstatic.com/-vo3dSag_xI4khGkpoWK1HF6hhy/baike/c0%3Dbaike80%2C5%2C5%2C80%2C26/sign=bdda7d4331adcbef15397654cdc645b8/b7fd5266d0160924c660e69cd40735fae7cd34eb.jpg
https://gss0.bdstatic.com/94o3dSag_xI4khGkpoWK1HF6hhy/baike/c0%3Dbaike80%2C5%2C5%2C80%2C26/sign=59ffcbb97bec54e755e1124cd851f035/43a7d933c895d143d58ba2a473f082025baf07b3.jpg
https://gss0.bdstatic.com/-4o3dSag_xI4khGkpoWK1HF6hhy/baike/c0%3Dbaike80%2C5%2C5%2C80%2C26/sign=c8cbf4bd19d8bc3ed2050e98e3e2cd7b/86d6277f9e2f07088c726b87e924b899a801f2c6.jpg
https://gss1.bdstatic.com/9vo3dSag_xI4khGkpoWK1HF6hhy/baike/c0%3Dbaike80%2C5%2C5%2C80%2C26/sign=04777fcc02087bf469e15fbb93ba3c49/77c6a7efce1b9d16e418dae6f3deb48f8d54645d.jpg
https://gss3.bdstatic.com/7Po3dSag_xI4khGkpoWK1HF6hhy/baike/c0%3Dbaike80%2C5%2C5%2C80%2C26/sign=54607b848744ebf8797c6c6db890bc4f/fc1f4134970a304e1a1fe27dd1c8a786c9175c73.jpg
https://gss3.bdstatic.com/7Po3dSag_xI4khGkpoWK1HF6hhy/baike/c0%3Dbaike80%2C5%2C5%2C80%2C26/sign=4c4073f1f21fbe090853cb460a096756/bd3eb13533fa828b9195d164fd1f4134960a5a86.jpg
https://gss2.bdstatic.com/-fo3dSag_xI4khGkpoWK1HF6hhy/baike/c0%3Dbaike80%2C5%2C5%2C80%2C26/sign=bb39a8ac0ef41bd5ce5ee0a630b3eaae/91529822720e0cf311ed017c0a46f21fbe09aa1b.jpg
https://gss3.bdstatic.com/7Po3dSag_xI4khGkpoWK1HF6hhy/baike/c0%3Dbaike80%2C5%2C5%2C80%2C26/sign=ace30cbe4b36acaf4ded9eae1db0e675/0824ab18972bd40752f69c7a7b899e510fb30907.jpg
https://gss2.bdstatic.com/-fo3dSag_xI4khGkpoWK1HF6hhy/baike/c0%3Dbaike80%2C5%2C5%2C80%2C26/sign=092eb3a07f3e6709aa0d4dad5aaef458/63d9f2d3572c11df0744f0a4632762d0f603c2a4.jpg
https://gss3.bdstatic.com/-Po3dSag_xI4khGkpoWK1HF6hhy/baike/c0%3Dbaike80%2C5%2C5%2C80%2C26/sign=6b094a2c033b5bb5aada28ac57babe5c/c83d70cf3bc79f3dbbe1afb7baa1cd11728b2930.jpg
https://gss0.bdstatic.com/94o3dSag_xI4khGkpoWK1HF6hhy/baike/c0%3Dbaike80%2C5%2C5%2C80%2C26/sign=99eda2e3564e9258b2398ebcfdebba3d/8718367adab44aedbebdf463b31c8701a08bfb42.jpg
https://gss0.bdstatic.com/94o3dSag_xI4khGkpoWK1HF6hhy/baike/c0%3Dbaike80%2C5%2C5%2C80%2C26/sign=09ba2cfcd11373f0e13267cdc566209e/5ab5c9ea15ce36d30dc037b73af33a87e850b175.jpg
https://gss2.bdstatic.com/-fo3dSag_xI4khGkpoWK1HF6hhy/baike/c0%3Dbaike80%2C5%2C5%2C80%2C26/sign=6f48495876094b36cf9f13bfc2a517bc/d1160924ab18972b8ae2b74de6cd7b899f510a58.jpg
https://gss0.bdstatic.com/-4o3dSag_xI4khGkpoWK1HF6hhy/baike/c0%3Dbaike80%2C5%2C5%2C80%2C26/sign=9340135876c6a7efad2ba0749c93c434/aa64034f78f0f736db92fa860a55b319eac413cc.jpg
https://gss0.bdstatic.com/-4o3dSag_xI4khGkpoWK1HF6hhy/baike/c0%3Dbaike80%2C5%2C5%2C80%2C26/sign=4519ba6cb6fd5266b3263446ca71fc4e/f31fbe096b63f624afb28f848744ebf81b4ca34e.jpg
https://gss0.bdstatic.com/-4o3dSag_xI4khGkpoWK1HF6hhy/baike/c0%3Dbaike80%2C5%2C5%2C80%2C26/sign=6d2dfa896709c93d13ff06a5fe5493b9/f3d3572c11dfa9ec2e29e69062d0f703918fc136.jpg
https://gss0.bdstatic.com/-4o3dSag_xI4khGkpoWK1HF6hhy/baike/c0%3Dbaike80%2C5%2C5%2C80%2C26/sign=27ac2ed3034f78f0940692a118586130/e850352ac65c10388f027e45b2119313b07e893d.jpg

https://gss3.bdstatic.com/-Po3dSag_xI4khGkpoWK1HF6hhy/baike/c0%3Dbaike220%2C5%2C5%2C220%2C73/sign=5aa1dbd4692762d09433acedc185639f/eaf81a4c510fd9f92467319e2f2dd42a2934a4d1.jpg
https://gss0.bdstatic.com/-4o3dSag_xI4khGkpoWK1HF6hhy/baike/c0%3Dbaike92%2C5%2C5%2C92%2C30/sign=6445bdb6cafdfc03f175ebeab556ecf1/09fa513d269759ee91d42b83bbfb43166c22dff6.jpg
https://gss0.bdstatic.com/94o3dSag_xI4khGkpoWK1HF6hhy/baike/c0%3Dbaike92%2C5%2C5%2C92%2C30/sign=1ae6ac71bade9c82b268f1dd0de8eb6f/f9198618367adab4c253530b82d4b31c8601e4f3.jpg
https://gss3.bdstatic.com/7Po3dSag_xI4khGkpoWK1HF6hhy/baike/c0%3Dbaike80%2C5%2C5%2C80%2C26/sign=a6c2f56b6a2762d09433acedc185639f/95eef01f3a292df5efd0e65db5315c6034a87362.jpg
https://gss2.bdstatic.com/-fo3dSag_xI4khGkpoWK1HF6hhy/baike/c0%3Dbaike150%2C5%2C5%2C150%2C50/sign=b3f74b6b40540923be646b2cf331ba6c/bba1cd11728b471087544884cacec3fdfc03237a.jpg
https://gss2.bdstatic.com/9fo3dSag_xI4khGkpoWK1HF6hhy/baike/c0%3Dbaike150%2C5%2C5%2C150%2C50/sign=bd3756401630e924dba994632d610563/9922720e0cf3d7cac1f4743efb1fbe096b63a97c.jpg

https://gss2.bdstatic.com/-fo3dSag_xI4khGkpoWK1HF6hhy/baike/c0%3Dbaike150%2C5%2C5%2C150%2C50/sign=35947cfb78f0f736ccf344536b3cd87c/1e30e924b899a901d2f811b21d950a7b0308f561.jpg
https://gss0.bdstatic.com/94o3dSag_xI4khGkpoWK1HF6hhy/baike/c0%3Dbaike150%2C5%2C5%2C150%2C50/sign=a6049d210a7b020818c437b303b099b6/bf096b63f6246b60c43107f0ebf81a4c510fa273.jpg
https://gss1.bdstatic.com/9vo3dSag_xI4khGkpoWK1HF6hhy/baike/c0%3Dbaike150%2C5%2C5%2C150%2C50/sign=8c20cffe20a446236ac7ad30f94b196b/e850352ac65c1038b2417b46b2119313b07e8973.jpg
https://gss3.bdstatic.com/-Po3dSag_xI4khGkpoWK1HF6hhy/baike/c0%3Dbaike272%2C5%2C5%2C272%2C90/sign=d15b51bdb3de9c82b268f1dd0de8eb6f/3ac79f3df8dcd100f9a24da5728b4710b9122f73.jpg
https://gss2.bdstatic.com/9fo3dSag_xI4khGkpoWK1HF6hhy/baike/c0%3Dbaike116%2C5%2C5%2C116%2C38/sign=af1cc180970a304e462fa8a8b0a1cce3/d53f8794a4c27d1e80188e401bd5ad6eddc43873.jpg

https://gss0.bdstatic.com/94o3dSag_xI4khGkpoWK1HF6hhy/baike/c0%3Dbaike150%2C5%2C5%2C150%2C50/sign=f06eef91ab18972bb737089887a410ec/b8014a90f603738d890fdfa7b31bb051f919ecea.jpg
https://gss3.bdstatic.com/-Po3dSag_xI4khGkpoWK1HF6hhy/baike/c0%3Dbaike150%2C5%2C5%2C150%2C50/sign=5c70ce8d1f30e924dba994632d610563/9922720e0cf3d7ca20b3ecf3f21fbe096a63a9ea.jpg
https://gss0.bdstatic.com/94o3dSag_xI4khGkpoWK1HF6hhy/baike/c0%3Dbaike180%2C5%2C5%2C180%2C60/sign=4928d39fc65c10383073c690d378f876/b8389b504fc2d562254d0368e71190ef77c66cea.jpg
https://gss0.bdstatic.com/-4o3dSag_xI4khGkpoWK1HF6hhy/baike/c0%3Dbaike150%2C5%2C5%2C150%2C50/sign=255cc02259ee3d6d36cb8f99227f0647/c8ea15ce36d3d539c261dc463a87e950342ab0d3.jpg
https://gss0.bdstatic.com/-4o3dSag_xI4khGkpoWK1HF6hhy/baike/c0%3Dbaike116%2C5%2C5%2C116%2C38/sign=1167a781970a304e462fa8a8b0a1cce3/d53f8794a4c27d1e3e63e8411bd5ad6edcc438ea.jpg

https://gss2.bdstatic.com/9fo3dSag_xI4khGkpoWK1HF6hhy/baike/c0%3Dbaike80%2C5%2C5%2C80%2C26/sign=60fb4d72ebc4b7452099bf44ae957572/9213b07eca80653866796f4897dda144ac3482de.jpg
https://gss2.bdstatic.com/9fo3dSag_xI4khGkpoWK1HF6hhy/baike/c0%3Dbaike80%2C5%2C5%2C80%2C26/sign=60cc4d72ebc4b7452099bf44ae957572/9213b07eca806538664e6f4897dda144ac3482c1.jpg
https://gss0.bdstatic.com/94o3dSag_xI4khGkpoWK1HF6hhy/baike/c0%3Dbaike80%2C5%2C5%2C80%2C26/sign=bf52e07c8a82b90129a0cb6112e4c212/96dda144ad345982c2192ec90cf431adcaef84de.jpg
https://gss0.bdstatic.com/-4o3dSag_xI4khGkpoWK1HF6hhy/baike/c0%3Dbaike80%2C5%2C5%2C80%2C26/sign=3e3e0868738da9775a228e79d138937c/b3b7d0a20cf431adbf4188624b36acaf2fdd98de.jpg
https://gss2.bdstatic.com/-fo3dSag_xI4khGkpoWK1HF6hhy/baike/c0%3Dbaike80%2C5%2C5%2C80%2C26/sign=0514571c3912b31bd361c57be7715d1f/0df431adcbef76093daf52c42edda3cc7dd99ec1.jpg
https://gss3.bdstatic.com/7Po3dSag_xI4khGkpoWK1HF6hhy/baike/c0%3Dbaike80%2C5%2C5%2C80%2C26/sign=deeec779b31bb0519b29bb7a5713b1d1/30adcbef76094b36db36d0b6a3cc7cd98c109dc1.jpg
https://gss0.bdstatic.com/94o3dSag_xI4khGkpoWK1HF6hhy/baike/c0%3Dbaike80%2C5%2C5%2C80%2C26/sign=418b4d70b051f819e5280b18bbdd2188/caef76094b36acaf56445da77cd98d1000e99cc1.jpg
https://gss0.bdstatic.com/-4o3dSag_xI4khGkpoWK1HF6hhy/baike/c0%3Dbaike116%2C5%2C5%2C116%2C38/sign=caaec4983a87e950561afb3e71513826/2fdda3cc7cd98d107d47c76a213fb80e7aec90de.jpg
https://gss2.bdstatic.com/-fo3dSag_xI4khGkpoWK1HF6hhy/baike/c0%3Dbaike80%2C5%2C5%2C80%2C26/sign=a42db4862e738bd4d02cba63c0e2ecb3/7dd98d1001e939015fa646657bec54e737d196c1.jpg
https://gss2.bdstatic.com/9fo3dSag_xI4khGkpoWK1HF6hhy/baike/c0%3Dbaike80%2C5%2C5%2C80%2C26/sign=3185796aa18b87d6444fa34d6661435d/203fb80e7bec54e7b448d145b9389b504ec26ac1.jpg
https://gss0.bdstatic.com/-4o3dSag_xI4khGkpoWK1HF6hhy/baike/c0%3Dbaike80%2C5%2C5%2C80%2C26/sign=251279bd277f9e2f6438155a7e598241/7aec54e736d12f2e3da1653b4fc2d562843568c1.jpg
https://gss2.bdstatic.com/-fo3dSag_xI4khGkpoWK1HF6hhy/baike/c0%3Dbaike80%2C5%2C5%2C80%2C26/sign=a1d16044070828387c00d446d9f0c264/37d12f2eb9389b50c96c2b098535e5dde6116ede.jpg
https://gss3.bdstatic.com/7Po3dSag_xI4khGkpoWK1HF6hhy/baike/c0%3Dbaike116%2C5%2C5%2C116%2C38/sign=37d034eb65380cd7f213aabfc02dc651/2e2eb9389b504fc252cc7b5ee5dde71191ef6dde.jpg
https://gss3.bdstatic.com/-Po3dSag_xI4khGkpoWK1HF6hhy/baike/c0%3Dbaike92%2C5%2C5%2C92%2C30/sign=e5a8e3fe0a7b020818c437b303b099b6/d4628535e5dde7111b4188ada7efce1b9c1661de.jpg
https://gss3.bdstatic.com/7Po3dSag_xI4khGkpoWK1HF6hhy/baike/c0%3Dbaike92%2C5%2C5%2C92%2C30/sign=f45af4ba62d9f2d3341c2cbdc885e176/91ef76c6a7efce1b12b80391af51f3deb58f65de.jpg
https://gss0.bdstatic.com/-4o3dSag_xI4khGkpoWK1HF6hhy/baike/c0%3Dbaike92%2C5%2C5%2C92%2C30/sign=857157878a13632701e0ca61f0e6cb89/fcfaaf51f3deb48f18fa6a85f01f3a292cf578de.jpg
https://gss0.bdstatic.com/94o3dSag_xI4khGkpoWK1HF6hhy/baike/c0%3Dbaike92%2C5%2C5%2C92%2C30/sign=9a489cb2f2d3572c72ef948eeb7a0842/77c6a7efce1b9d166d63513af3deb48f8d5464c1.jpg
https://gss3.bdstatic.com/7Po3dSag_xI4khGkpoWK1HF6hhy/baike/c0%3Dbaike116%2C5%2C5%2C116%2C38/sign=b57ca94711dfa9ece9235e4503b99c66/7acb0a46f21fbe092ccc084f6b600c338644addf.jpg
https://gss3.bdstatic.com/-Po3dSag_xI4khGkpoWK1HF6hhy/baike/c0%3Dbaike80%2C5%2C5%2C80%2C26/sign=fd67ac0dd0160924c828aa49b56e5e9f/6a63f6246b600c33ccde15931a4c510fd8f9a1c2.jpg
https://gss2.bdstatic.com/9fo3dSag_xI4khGkpoWK1HF6hhy/baike/c0%3Dbaike92%2C5%2C5%2C92%2C30/sign=5d1cf14f42a7d933aba5ec21cc22ba76/500fd9f9d72a605977822a412834349b023bbadf.jpg
https://gss0.bdstatic.com/-4o3dSag_xI4khGkpoWK1HF6hhy/baike/c0%3Dbaike116%2C5%2C5%2C116%2C38/sign=0d74c30655fbb2fb202650402e234bc1/d62a6059252dd42a7caecaf0033b5bb5c8eab8c2.jpg
https://gss2.bdstatic.com/-fo3dSag_xI4khGkpoWK1HF6hhy/baike/c0%3Dbaike116%2C5%2C5%2C116%2C38/sign=03614c9043166d222c7a1dc6274a6292/242dd42a2834349b55a1a5dec9ea15ce37d3bec2.jpg
https://gss2.bdstatic.com/9fo3dSag_xI4khGkpoWK1HF6hhy/baike/c0%3Dbaike92%2C5%2C5%2C92%2C30/sign=296a7c695aafa40f28cbc68fca0d682a/023b5bb5c9ea15ce6c492b52b6003af33b87b2c2.jpg
https://gss3.bdstatic.com/7Po3dSag_xI4khGkpoWK1HF6hhy/baike/c0%3Dbaike80%2C5%2C5%2C80%2C26/sign=dd98a4c4a40f4bfb98dd960662261395/d439b6003af33a87b6cacb41c65c10385243b5c2.jpg
https://gss2.bdstatic.com/9fo3dSag_xI4khGkpoWK1HF6hhy/baike/c0%3Dbaike92%2C5%2C5%2C92%2C30/sign=1a6a095dafc3793169658e7b8aaddc20/3b87e950352ac65c72a2ad28fbf2b21192138ac2.jpg
https://gss1.bdstatic.com/-vo3dSag_xI4khGkpoWK1HF6hhy/baike/c0%3Dbaike92%2C5%2C5%2C92%2C30/sign=1cabf43eb319ebc4d4757ecbe34fa499/c75c10385343fbf2d78b6d78b07eca8064388fc2.jpg
https://gss1.bdstatic.com/9vo3dSag_xI4khGkpoWK1HF6hhy/baike/c0%3Dbaike92%2C5%2C5%2C92%2C30/sign=87ac8de6a9773912d02b8d339970ed7d/a044ad345982b2b7a10df29f31adcbef77099bdf.jpg
https://gss2.bdstatic.com/9fo3dSag_xI4khGkpoWK1HF6hhy/baike/c0%3Dbaike80%2C5%2C5%2C80%2C26/sign=f82d476a4a90f60310bd9415587bd87e/ac345982b2b7d0a27e5bcfc6cbef76094a369adf.jpg
https://gss1.bdstatic.com/-vo3dSag_xI4khGkpoWK1HF6hhy/baike/c0%3Dbaike180%2C5%2C5%2C180%2C60/sign=67dc0c74be096b63951456026d5aec21/64380cd7912397ddccde535f5982b2b7d1a287c2.jpg
https://gss3.bdstatic.com/7Po3dSag_xI4khGkpoWK1HF6hhy/baike/c0%3Dbaike92%2C5%2C5%2C92%2C30/sign=8fb67873367adab429dd1311eabdd879/30adcbef76094b36db00d0b6a3cc7cd98c109ddf.jpg

https://gss1.bdstatic.com/9vo3dSag_xI4khGkpoWK1HF6hhy/baike/c0%3Dbaike150%2C5%2C5%2C150%2C50/sign=68fffe2c08fa513d45a7648c5c043e9e/359b033b5bb5c9eaecbe6813d539b6003bf3b3f5.jpg
https://gss0.bdstatic.com/-4o3dSag_xI4khGkpoWK1HF6hhy/baike/c0%3Dbaike180%2C5%2C5%2C180%2C60/sign=eea025340ad162d991e36a4e70b6c289/f7246b600c3387440750448c510fd9f9d62aa0ad.jpg
https://gss1.bdstatic.com/-vo3dSag_xI4khGkpoWK1HF6hhy/baike/c0%3Dbaike150%2C5%2C5%2C150%2C50/sign=efa025340ad162d991e36a4e70b6c289/6a600c338744ebf8f7e40fcfd9f9d72a6159a7ad.jpg
https://gss2.bdstatic.com/-fo3dSag_xI4khGkpoWK1HF6hhy/baike/c0%3Dbaike116%2C5%2C5%2C116%2C38/sign=19abcf4fa0ec08fa320d1bf538875608/0d338744ebf81a4cbfa78739d72a6059242da6ad.jpg
https://gss3.bdstatic.com/-Po3dSag_xI4khGkpoWK1HF6hhy/baike/c0%3Dbaike150%2C5%2C5%2C150%2C50/sign=7b2a7bedd42a283457ab3e593adca28f/adaf2edda3cc7cd996635f293901213fb90e91f7.jpg

https://gss3.bdstatic.com/-Po3dSag_xI4khGkpoWK1HF6hhy/baike/c0%3Dbaike92%2C5%2C5%2C92%2C30/sign=610643640cd79123f4ed9c26cc5d32e7/d788d43f8794a4c2d698f4470ef41bd5ad6e3926.jpg
https://gss0.bdstatic.com/94o3dSag_xI4khGkpoWK1HF6hhy/baike/c0%3Dbaike92%2C5%2C5%2C92%2C30/sign=b9b2b156304e251ff6faecaac6efa272/e824b899a9014c0896803bc90a7b02087bf4f427.jpg
https://gss2.bdstatic.com/9fo3dSag_xI4khGkpoWK1HF6hhy/baike/c0%3Dbaike92%2C5%2C5%2C92%2C30/sign=cbba56933bc79f3d9becec62dbc8a674/63d9f2d3572c11dfab6bac4f632762d0f703c227.jpg
https://gss0.bdstatic.com/94o3dSag_xI4khGkpoWK1HF6hhy/baike/c0%3Dbaike92%2C5%2C5%2C92%2C30/sign=ec84b419d688d43fe4a499a01c77b97e/58ee3d6d55fbb2fb53914b7e4f4a20a44623dc27.jpg

https://gss0.bdstatic.com/-4o3dSag_xI4khGkpoWK1HF6hhy/baike/c0%3Dbaike92%2C5%2C5%2C92%2C30/sign=b57e2f03d143ad4bb2234e92e36b31ca/6159252dd42a283458d6e4ad5bb5c9ea15cebf20.jpg
https://gss1.bdstatic.com/-vo3dSag_xI4khGkpoWK1HF6hhy/baike/c0%3Dbaike150%2C5%2C5%2C150%2C50/sign=0e6a8546f703918fc3dc359830544df2/242dd42a2834349b6e76bc23c9ea15ce36d3be20.jpg
https://gss2.bdstatic.com/-fo3dSag_xI4khGkpoWK1HF6hhy/baike/c0%3Dbaike116%2C5%2C5%2C116%2C38/sign=dcb6a4806d224f4a43947b41689efb37/d52a2834349b033b35f82e7c15ce36d3d539bd20.jpg
https://gss2.bdstatic.com/-fo3dSag_xI4khGkpoWK1HF6hhy/baike/c0%3Dbaike116%2C5%2C5%2C116%2C38/sign=150211b26b600c33e474d69a7b253a6a/5243fbf2b2119313ce1f2d1665380cd791238d3c.jpg
https://gss3.bdstatic.com/7Po3dSag_xI4khGkpoWK1HF6hhy/baike/c0%3Dbaike116%2C5%2C5%2C116%2C38/sign=2c5b8ab44f4a20a425133495f13bf347/2934349b033b5bb5a6a7f25836d3d539b600bc20.jpg
https://gss0.bdstatic.com/94o3dSag_xI4khGkpoWK1HF6hhy/baike/c0%3Dbaike116%2C5%2C5%2C116%2C38/sign=1d6fa8dc20a446236ac7ad30f94b196b/359b033b5bb5c9ea6583d145d539b6003af3b320.jpg
https://gss2.bdstatic.com/9fo3dSag_xI4khGkpoWK1HF6hhy/baike/c0%3Dbaike116%2C5%2C5%2C116%2C38/sign=52e9a1b509f79052fb124f6c6d9abcaf/5ab5c9ea15ce36d3a77451963af33a87e950b120.jpg
https://gss1.bdstatic.com/9vo3dSag_xI4khGkpoWK1HF6hhy/baike/c0%3Dbaike116%2C5%2C5%2C116%2C38/sign=8d5260d2ebf81a4c323fe49bb6430b3c/9213b07eca8065388db676b597dda144ad34823c.jpg
https://gss0.bdstatic.com/-4o3dSag_xI4khGkpoWK1HF6hhy/baike/c0%3Dbaike116%2C5%2C5%2C116%2C38/sign=7dba77c49822720e6fc3eaa81aa26123/14ce36d3d539b6004ebedd11e950352ac65cb720.jpg

https://gss3.bdstatic.com/7Po3dSag_xI4khGkpoWK1HF6hhy/baike/c0%3Dbaike150%2C5%2C5%2C150%2C50/sign=8a3d24f5970a304e462fa8a8b0a1cce3/80cb39dbb6fd5266a7346ce5ab18972bd4073627.jpg
https://gss0.bdstatic.com/-4o3dSag_xI4khGkpoWK1HF6hhy/baike/c0%3Dbaike150%2C5%2C5%2C150%2C50/sign=e9e8b409a786c9171c0e5a6ba8541baa/0824ab18972bd40749d8830c7b899e510fb30927.jpg
https://gss2.bdstatic.com/-fo3dSag_xI4khGkpoWK1HF6hhy/baike/c0%3Dbaike150%2C5%2C5%2C150%2C50/sign=7df66f87f21fbe090853cb460a096756/64380cd7912397dda779c8f55982b2b7d0a2873a.jpg
https://gss1.bdstatic.com/-vo3dSag_xI4khGkpoWK1HF6hhy/baike/c0%3Dbaike150%2C5%2C5%2C150%2C50/sign=010ee285ebf81a4c323fe49bb6430b3c/b3b7d0a20cf431adc6d213c84b36acaf2edd983a.jpg

https://gss3.bdstatic.com/7Po3dSag_xI4khGkpoWK1HF6hhy/baike/c0%3Dbaike92%2C5%2C5%2C92%2C30/sign=c0b110789f2f07084b082252884dd3fc/3801213fb80e7bec138001d62e2eb9389b506baa.jpg
https://gss0.bdstatic.com/-4o3dSag_xI4khGkpoWK1HF6hhy/baike/c0%3Dbaike92%2C5%2C5%2C92%2C30/sign=d674542063d0f703f2bf9d8e69933a58/f2deb48f8c5494eeac780d2e2cf5e0fe99257eaa.jpg

https://gss0.bdstatic.com/94o3dSag_xI4khGkpoWK1HF6hhy/baike/c0%3Dbaike92%2C5%2C5%2C92%2C30/sign=da9c74116c224f4a43947b41689efb37/5fdf8db1cb1349546144ea53574e9258d1094aaa.jpg

https://gss3.bdstatic.com/-Po3dSag_xI4khGkpoWK1HF6hhy/baike/c0%3Dbaike80%2C5%2C5%2C80%2C26/sign=eabfc5e1a0014c080d3620f76b12696d/d4628535e5dde71193740bbeaeefce1b9c1661d7.jpg
https://gss0.bdstatic.com/94o3dSag_xI4khGkpoWK1HF6hhy/baike/c0%3Dbaike150%2C5%2C5%2C150%2C50/sign=5eb20ef5a0773912d02b8d339970ed7d/622762d0f703918f085d7582583d269758eec4ee.jpg
https://gss2.bdstatic.com/-fo3dSag_xI4khGkpoWK1HF6hhy/baike/c0%3Dbaike80%2C5%2C5%2C80%2C26/sign=4a93137e14950a7b613846966bb809bc/e61190ef76c6a7efc880e06ef4faaf51f2de66d7.jpg
https://gss2.bdstatic.com/9fo3dSag_xI4khGkpoWK1HF6hhy/baike/c0%3Dbaike80%2C5%2C5%2C80%2C26/sign=526dac78b3a1cd1111bb7a72d87ba399/f603918fa0ec08fafb8c5bef50ee3d6d54fbdaee.jpg
https://gss3.bdstatic.com/7Po3dSag_xI4khGkpoWK1HF6hhy/baike/c0%3Dbaike150%2C5%2C5%2C150%2C50/sign=fc06e32906b30f242197e451a9fcba26/b151f8198618367a5d3b379527738bd4b21ce5cc.jpg
https://gss0.bdstatic.com/94o3dSag_xI4khGkpoWK1HF6hhy/baike/c0%3Dbaike116%2C5%2C5%2C116%2C38/sign=756be8b2d8c8a786aa27425c0660a258/d31b0ef41bd5ad6e8db02ca288cb39dbb6fd3c28.jpg

https://gss2.bdstatic.com/-fo3dSag_xI4khGkpoWK1HF6hhy/baike/c0%3Dbaike92%2C5%2C5%2C92%2C30/sign=30862496346d55fbd1cb7e740c4b242f/9825bc315c6034a848cef0c9c21349540923764d.jpg
https://gss0.bdstatic.com/94o3dSag_xI4khGkpoWK1HF6hhy/baike/c0%3Dbaike180%2C5%2C5%2C180%2C60/sign=e3dbff7a53afa40f28cbc68fca0d682a/8601a18b87d6277f0e047a7021381f30e924fc60.jpg
https://gss3.bdstatic.com/7Po3dSag_xI4khGkpoWK1HF6hhy/baike/c0%3Dbaike92%2C5%2C5%2C92%2C30/sign=85fd1f5f6bd0f703f2bf9d8e69933a58/f2deb48f8c5494eefff1465124f5e0fe98257ea2.jpg
https://gss1.bdstatic.com/9vo3dSag_xI4khGkpoWK1HF6hhy/baike/c0%3Dbaike272%2C5%2C5%2C272%2C90/sign=4df64ba9262eb938f86072a0b40bee50/35a85edf8db1cb135045745bd454564e92584b4d.jpg
https://gss3.bdstatic.com/-Po3dSag_xI4khGkpoWK1HF6hhy/baike/c0%3Dbaike116%2C5%2C5%2C116%2C38/sign=997ece61e2c4b7452099bf44ae957572/267f9e2f070828388c1b945cb199a9014c08f160.jpg
