
http://www.baihuamen.com/d/file/2014/05-23/08aefa6a98feab720b3f021691574bd7.jpg	http://www.baihuamen.com/hequehua/
http://a1.att.hudong.com/78/18/01300001330461143730182492923_s.jpg	http://www.baike.com/wiki/%E7%A6%BE%E9%9B%80%E8%8A%B1
http://www.china5080.com/activity/3/2011_4_4_9_58_40_949.JPG	http://www.china5080.com/sheyingtwo/view/2491.html
http://images.takungpao.com/2015/0403/20150403073759610.jpg	http://fashion.takungpao.com/bk/q/2015/0403/2963915.html
https://www.huabaike.com/uploads/allimg/20141210/141210140U4215020-L.jpg	https://www.huabaike.com/yanghuazhishi/201412/2990.html
https://qiniu-cdn6.jinxidao.com/uploads/201503/5510ce040d1f1.jpg?imageMogr2/interlace/1/q/100	https://m.yaochufa.com/funny/v_982
http://tupian.geimian.com/pic/2015/05/20150509_152657_000.jpg	https://www.geimian.com/wx/32884.html
http://edit.jgospel.net/media/59920/.77656.jpg	http://jgospel.net/fashion-life/travel/%E5%BB%A3%E6%9D%B1%E8%B3%9E%E7%A6%BE%E9%9B%80%E8%8A%B1%E5%8F%B1%E7%9F%B3%E8%8A%B1%E6%B5%B7%E6%9C%80%E7%9B%9B.c59920.aspx
http://www.wed114.cn/jiehun/uploads/allimg/160226/52_160226164636_5.jpg	http://www.wed114.cn/jiehun/zhiwu/20170419178833_2.html
http://www.baihuamen.com/d/file/2014/05-23/816fe0bc39a8617bb96260d97628b39b.jpg	http://www.baihuamen.com/hequehua/
http://www.xiyuechina.com/Upfile2016/2016116/2016110676810121.jpg	http://www.xiyuechina.com/html/yangzhizhinan/zhongzhifangfa/4961.html
http://www.baihuamen.com/d/file/2014/05-23/fdd41eec76706c78feb3bdb23064a52a.jpg	http://www.baihuamen.com/hequehua/
https://www.huabaike.com/uploads/allimg/20141210/141210134G5870850-L.jpg	https://www.huabaike.com/huahuidaquan/201412/2984.html
http://gmimg.geimian.com/pic/2015/06/2015-06-14_172543.jpg	https://www.geimian.com/wx/39491.html
http://pic1.nipic.com/2009-03-09/20093993515221_2.jpg	http://www.nipic.com/show/1/7/1172281b977871b0.html
http://m1.ablwang.com/uploadfile/2013/0301/20130301090113546.jpg	http://www.aboluowang.com/2013/0301/287707.html
http://bbs.creaders.net/upfile/images/20130531/20130531210701_32708.jpg	http://blog.creaders.net/u/7277/201306/150146.html
http://pic13.nipic.com/20100804/5464096_173113013423_2.jpg	http://www.nipic.com/show/1/44/4397739ke82cfae5.html
http://edit.jgospel.net/media/59920/.77654.jpg	http://jgospel.net/fashion-life/travel/%E5%BB%A3%E6%9D%B1%E8%B3%9E%E7%A6%BE%E9%9B%80%E8%8A%B1%E5%8F%B1%E7%9F%B3%E8%8A%B1%E6%B5%B7%E6%9C%80%E7%9B%9B.c59920.aspx
http://photocdn.sohu.com/20150312/Img409708047.jpg	http://roll.sohu.com/20150312/n409708044.shtml
https://i.ytimg.com/vi/VDFwMF524Q4/maxresdefault.jpg	https://www.youtube.com/watch?v=VDFwMF524Q4
https://www.huabaike.com/uploads/allimg/20141210/14121013464629090-L.jpg	https://www.huabaike.com/huahuidaquan/201412/2984.html
http://s8.sinaimg.cn/mw690/001nAfXigy6QrpaASKr37&690	http://blog.sina.com.cn/s/blog_4b60b7c80102vlh0.html
http://a1.att.hudong.com/85/17/01300001330461143730176684537_s.jpg	http://www.baike.com/wiki/%E7%A6%BE%E9%9B%80%E8%8A%B1
http://img623.ph.126.net/KuKGT3SHc0RUVtqfIsL5LQ==/1678998236080802094.jpg	http://lxc66188.blog.163.com/blog/static/917649862011215102850429/
https://www.huabaike.com/uploads/allimg/sltimg/201701/5890719e7e246.jpg	https://www.huabaike.com/jtyh/5500.html
http://bbs.creaders.net/upfile/images/20130531/20130531210736_54504.jpg	http://blog.creaders.net/u/7277/201306/150146.html
http://pic1.nipic.com/2008-09-04/2008941033222_2.jpg	http://www.nipic.com/show/1/74/993d274bba0e27ce.html
http://m1.ablwang.com/uploadfile/2013/0301/20130301090113482.jpg	http://www.aboluowang.com/2013/0301/287707.html
http://edit.jgospel.net/media/61245/.78997.jpg	http://jgospel.net/family-taste/travel/%E5%BB%A3%E5%B7%9E%E5%A4%A9%E9%B9%BF%E6%B9%96%E6%A3%AE%E6%9E%97%E5%85%AC%E5%9C%92%E8%B3%9E%E7%A6%BE%E9%9B%80%E8%8A%B1._gc61245.aspx
http://i.weather.com.cn/i/c/images/2010/20100317/4ba06d78_8adce.jpg	http://www.weather.com.cn/static/html/article/20100317/203917.shtml
http://www.baihuamen.com/d/file/2014/05-23/0620745b6af1f4d10089bfcbbe2baedb.jpg	http://www.baihuamen.com/hequehua/
https://gss1.bdstatic.com/-vo3dSag_xI4khGkpoWK1HF6hhy/baike/s%3D220/sign=8470f6d46259252da7171a06049a032c/203fb80e7bec54e76b580ed0bb389b504ec26a43.jpg	https://baike.baidu.com/item/%E7%A6%BE%E9%9B%80%E8%8A%B1
http://imgbdb2.bendibao.com/tour/20133/12/2013312145543145.jpg	http://ly.sz.bendibao.com/tour/2013312/ly493900.html
http://www.china5080.com/activity/3/2011_4_4_9_55_9_761.jpg	http://www.china5080.com/sheyingtwo/view/2489.html
https://gss1.bdstatic.com/9vo3dSag_xI4khGkpoWK1HF6hhy/baike/s%3D220/sign=d059cc1da144ad342abf8085e0a30c08/9825bc315c6034a81fa5d671cb134954082376fe.jpg	https://baike.baidu.com/item/%E7%A6%BE%E9%9B%80%E8%8A%B1
http://p.qpic.cn/areabbs/0/bbsgd_forum_201404_01_174630idwl6ldz5c24z539.jpg/0	http://mygd.qq.com/t-400504-1.htm
http://photocdn.sohu.com/20080313/Img255695284.jpg	http://gd.sohu.com/20080313/n255695283.shtml
https://i2.kknews.cc/large/1927000197ac5b55ec51	https://kknews.cc/travel/p82z682.html
https://www.huabaike.com/uploads/allimg/artimg/201610/20161029152104_90845.jpg	https://www.huabaike.com/jtyh/5501.html
https://cbu01.alicdn.com/img/ibank/2017/630/959/3860959036_158689796.220x220.jpg	http://www.1688.com/jiage/-BACCC8B8BBA8.html
http://i3.sinaimg.cn/travel/ul/2010/0316/U3405P704DT20100316143303.jpg	http://travel.sina.com.cn/china/2010-03-16/1440130847.shtml
https://w7.sanwen8.cn/mmbiz/7bDLNemJqrv72NjBUeLRu7zLoJciacuMxqXZSiaiaTIOpoOEO5T0weZGVa1wAM9p9L2BicYg1ygFcoXBBkzvnO8ymQ/640?wx_fmt=png	https://sanwen8.cn/p/18cD6wy.html
http://sucimg.itc.cn/sblog/jfe15e2b6d458063d6623cf638fc2c763	http://huaweng-0354.blog.sohu.com/307357126.html
http://images.takungpao.com/2015/0403/20150403073823417.jpg	http://fashion.takungpao.com/bk/q/2015/0403/2963915.html
http://photocdn.sohu.com/20110421/Img280366973.jpg	http://gd.sohu.com/20110421/n280366972.shtml
http://a3.att.hudong.com/18/85/01300000176742122116859205621_s.jpg	http://www.baike.com/wiki/%E7%A6%BE%E9%9B%80%E8%8A%B1
http://a2.att.hudong.com/33/86/01200000221985134427866887304_s.jpg	http://www.baike.com/wiki/%E5%B9%BF%E4%B8%9C%E5%9B%9B%E5%A4%A7%E7%A6%BE%E9%9B%80%E8%8A%B1%E8%A7%82%E8%B5%8F%E5%9C%B0
http://c4-q.mafengwo.net/s1/M00/3C/C2/wKgBm04J1wSmjFf3AAFTEJuBw0w23.jpeg?imageView2%2F2%2Fw%2F2000%2Fh%2F600%2Fq%2F90%7Cwatermark%2F3%2Fimage%2FaHR0cDovL2MyLXEubWFmZW5nd28ubmV0L3M5L00wMC82My84RS93S2dCczFaTmVzV0FZb29JQUFBU2JNMElpRjQyNDEucG5n%2Fgravity%2FSouthEast%2Fdx%2F20%2Fdy%2F20%2Fimage%2FaHR0cDovL2MyLXEubWFmZW5nd28ubmV0L3M5L00wMC82My84RS93S2dCczFaTmVzV0FZb29JQUFBU2JNMElpRjQyNDEucG5n%2Fgravity%2FSouthEast%2Fdx%2F20%2Fdy%2F20	http://www.mafengwo.cn/travel-news/112411.html
https://i2.kknews.cc/large/46f000b5651bdb6aa01	https://kknews.cc/travel/geonl.html
https://www.huabaike.com/uploads/allimg/artimg/201610/20161029154929_66002.jpg	https://www.huabaike.com/jtyh/5500.html
http://www.mrrao.com/photo/http://mmbiz.qpic.cn/mmbiz/P3czzfSKjpfP2ib23gqpYgia2T1mFU96BTbX01WpiablMnMjz66phIbBWvB2rH9U7lrGLC4ibLdNy6EvAfWzX6uXFQ/640?	http://www.mrrao.com/article/1989462.html
http://mmbiz.qpic.cn/mmbiz_jpg/kSmZhJUF9JlAN4UibT4QicoWIibOClMLsCf8N06pGlAnNU9HvmZYAvoCedqibvLfqQ4JNJZYibP4dJicdr0DvBm0mkgQ/0?wx_fmt=jpeg	https://freewechat.com/a/MzIyNzgwMjE1Mg==/2247483650/1
http://photocdn.sohu.com/20100331/Img271239883.jpg	http://travel.sohu.com/20100331/n271239877_5.shtml
http://a4.att.hudong.com/21/86/01200000221985134427866846010_s.jpg	http://www.baike.com/wiki/%E5%B9%BF%E4%B8%9C%E5%9B%9B%E5%A4%A7%E7%A6%BE%E9%9B%80%E8%8A%B1%E8%A7%82%E8%B5%8F%E5%9C%B0
https://www.huabaike.com/uploads/allimg/sltimg/201610/58144a2fa72ea.jpg	https://www.huabaike.com/jtyh/5500.html
http://www.mihuyuan.com/pics/original/20150626/1435324463117703.jpg	http://www.mihuyuan.com/advisorydetail.do?ady_id=1435324513151705
http://a0.att.hudong.com/04/18/01300001330461143730180079773_s.jpg	http://www.baike.com/wiki/%E7%A6%BE%E9%9B%80%E8%8A%B1
http://cache.tuwenba.com/KOy6P2PvLFA0piacymnCoLNicykCD8QcSe8HMZJnSicl9XSAfWzP5UDcGAsC7wOic9KZPJNzFmbQTa0VEsnICKjbQw/0	http://www.tuwenba.com/content/MDU5MjA1M9zY5.html
http://www.jm-tour.com/html/content/attachement/jpg/site42/20160405/001fc6756d6a186d5f7b09.jpg	http://www.jm-tour.com/html/content/2016-04/02/content_1955201.htm
https://www.huabaike.com/uploads/allimg/sltimg/201611/bp_582e637fd4dcf.jpg	https://www.huabaike.com/tbzw/4424.html
http://www.wed114.cn/jiehun/uploads/allimg/160226/52_160226164636_3.jpg	http://www.wed114.cn/jiehun/zhiwu/20160226143495.html
http://i1.sinaimg.cn/travel/ul/2010/0316/U3405P704DT20100316143417.jpg	http://travel.sina.com.cn/china/2010-03-16/1440130847.shtml
https://www.huabaike.com/uploads/allimg/sltimg/201610/5814478e7e9b8.jpg	https://www.huabaike.com/hyjk/5498.html
http://y0.ifengimg.com/7c505bf8929bc4ca/2015/0305/rdn_54f7cbf4c2b3d.jpg	http://jx.ifeng.com/travel/dt/detail_2015_03/05/3618836_0.shtml
http://a4.att.hudong.com/26/61/20300001330461143728614035627_s.jpg	http://www.baike.com/wiki/%E7%A6%BE%E9%9B%80%E8%8A%B1
http://www.szhuodong.com/uploadfile/2016/0412/20160412012722974.jpg	http://www.szhuodong.com/html/2016/dzcx_0412/18350.html
http://gmimg.geimian.com/pic/2016/01/2016-01-15_100356.jpg	https://www.geimian.com/wx/58855.html
http://tour.sun0769.com/world/gd/info/W020100317322625789101.jpg	http://xichengloudajie0769.fang.com/bbs/2819235982~-1/186376297_186376297.htm
http://www.zhiwutong.com/tu/yanghua/%E7%A6%BE%E9%9B%80%E8%8A%B1.jpg	http://www.zhiwutong.com/gardens/09-28/9391.htm
http://sucimg.itc.cn/sblog/jd434667d6c0afc2c13e3f9a6a5a215ea	http://huaweng-0354.blog.sohu.com/307357126.html
http://img1.3lian.com/2015/w9/76/d/81.jpg	http://www.3lian.com/gif/2015/07-29/91456.html
http://imgbdb2.bendibao.com/guangzhou/20143/4/201434112749763.jpg	http://gz.bendibao.com/tour/201434/ly153274.shtml
http://image82.360doc.com/DownloadImg/2015/02/1320/50157319_1.jpg	http://www.360doc.com/content/15/0213/20/16967035_448430949.shtml
http://cache.tuwenba.com/1Eqr2w28EVovBLqdDLaaArPkV8I9KianCiaoszeibOMMWYsVthAkRebqz4DJsibXiapQzToWqOc604CFWLLYViaxib0DQ/0	http://www.tuwenba.com/content/MDQ0NTM3M6zg2.html
http://blog.sciencenet.cn/upload/blog/images/2010/2/2010218142951730.jpg	http://blog.sciencenet.cn/blog-38998-295827.html
http://pic1.win4000.com/wallpaper/6/58ef1d4a4d52d.jpg	http://www.win4000.com/wallpaper_detail_125838.html
http://pic2.nipic.com/20090416/277182_231353009_2.jpg	http://www.nipic.com/show/1/44/ae08246aeef37024.html
http://www.hsdys.com/uploads/allimg/150325/2-15032509300E24.jpg	http://www.hsdys.com/news/jqdt/2015/0325/594.html
http://travel.heshan.gov.cn/Article/UploadFiles/201503/2015032509413999.jpg	http://travel.heshan.gov.cn/Article/ShowArticle.asp?ArticleID=1288
http://www.gzhphb.com/gpPic/600/0/mmbiz.qpic.cn/mmbiz_jpg/j2A2wdZFH1GbQj3tpAcicB9a8CRuy6AzcNibGZggyUobzhwmE3Ya8ee3tnDUic3E92pBrc1XZXpTvh9qcLUqqian8A/0?wx_fmt=jpeg	http://www.gzhphb.com/article/69/692835.html
http://pic41.nipic.com/20140510/2348580_185919557000_2.jpg	http://www.nipic.com/show/10259879.html
http://www.gzzxws.gov.cn/xiyd/xxzhydts/xxydsd/xxqwxd/201303/W020130313332802204735.jpg	http://www.gzzxws.gov.cn/xiyd/xxzhydts/xxydsd/xxqwxd/201303/t20130313_30946.htm
http://img1.dayoo.com/www/201703/20/b351889e-56d6-4f5e-b7a3-914c15bea5e6.jpg	http://news.dayoo.com/guangzhou/201703/20/139995_51001537.html
http://www.baihuamen.com/d/file/2014/05-23/d88b8eedc9a9cc203f05a9027675ec40.jpg	http://www.baihuamen.com/hequehua/
https://www.huabaike.com/uploads/allimg/artimg/201612/20161204162348_33315.jpg	https://m.huabaike.com/yhjq/6079.html
http://img05.tooopen.com/images/20150407/tooopen_sy_84413165923.jpg	http://www.tooopen.com/view/844131.html
http://gate.sinovision.net:82/gate/big5/cdnwww.sinovision.net/data/attachment/album/201303/13/1942123hgywq24aq4h0v9h.jpg	http://gate.sinovision.net:82/gate/big5/blog.sinovision.net/space/do/blog/uid/265572/id/196814.html
http://img.trip.elong.com/home/attachment/201110/11/4875990_13183014078hpW.jpg.big.jpg	http://lvyou.elong.com/4875990/tour/a0a9bl48.html
http://www.cas.cn/kxcb/kpwz/201403/W020140304557301544669.jpg	http://www.cas.cn/kxcb/kpwz/201403/t20140304_4045400.shtml
http://photocdn.sohu.com/20150312/Img409708065.jpg	http://roll.sohu.com/20150312/n409708044.shtml
http://c4-q.mafengwo.net/s1/M00/3C/C0/wKgBm04J1wLLk8tUAAEzQle6Bno76.jpeg?imageView2%2F2%2Fw%2F2000%2Fh%2F600%2Fq%2F90%7Cwatermark%2F3%2Fimage%2FaHR0cDovL2MyLXEubWFmZW5nd28ubmV0L3M5L00wMC82My84RS93S2dCczFaTmVzV0FZb29JQUFBU2JNMElpRjQyNDEucG5n%2Fgravity%2FSouthEast%2Fdx%2F20%2Fdy%2F20%2Fimage%2FaHR0cDovL2MyLXEubWFmZW5nd28ubmV0L3M5L00wMC82My84RS93S2dCczFaTmVzV0FZb29JQUFBU2JNMElpRjQyNDEucG5n%2Fgravity%2FSouthEast%2Fdx%2F20%2Fdy%2F20	http://www.mafengwo.cn/travel-news/112411.html
http://a1.att.hudong.com/33/86/01200000221985134427866800586_s.jpg	http://www.baike.com/wiki/%E5%B9%BF%E4%B8%9C%E5%9B%9B%E5%A4%A7%E7%A6%BE%E9%9B%80%E8%8A%B1%E8%A7%82%E8%B5%8F%E5%9C%B0
http://gmimg.geimian.com/pic/2015/05/20150509_152657_007.jpg	https://www.geimian.com/wx/32884.html
https://i1.kknews.cc/large/4750005cc0a5ce09710	https://kknews.cc/travel/o2qg5.html
http://www.sztvu.net/oblog/UploadFiles/2010-3/16160281271.jpg	http://www.sztvu.net/oblog/user1/tangguisheng/archives/2010/6737.html
https://www.huabaike.com/uploads/allimg/artimg/201610/20161029151323_24463.png	https://www.huabaike.com/jtyh/5500.html
http://ly.sz.bendibao.com/upload/fckEditor/image/admin/201103011011118593.jpg	http://ly.sz.bendibao.com/tour/201131/ly286079.html
http://www.wdptj.com/wp-content/uploads/2014/07/%E7%A6%BE%E9%9B%80%E8%8A%B131.jpg	http://www.wdptj.com/hequehua/
http://pic28.nipic.com/20130416/12261297_112223531100_2.jpg	http://www.nipic.com/show/7879787.html
