
http://www.pibaosi.net/uploads/allimg/160218/1-16021Q62Z70-L.jpg	http://huahui.pibaosi.net/20160218/117861.html
http://pic1.win4000.com/pic/8/58/21921347839.jpg	http://www.win4000.com/meinv112988_2.html
http://image.sciencenet.cn/album/201211/23/2021159iiyifhmhyyshehy.jpg	http://blog.sciencenet.cn/blog-629259-638451.html
http://pic1.win4000.com/pic/8/58/21921347855.jpg	http://www.win4000.com/meinv112988_18.html
http://www.mihuyuan.com/pics/middle/20140821/1408594611429217.jpg	http://www.mihuyuan.com/plantdetail.do?plant_id=1406794369820557
http://img.redocn.com/sheying/20161122/feizhoulingxiaoshu_7488139.jpg	http://sucai.redocn.com/dongwuzhiwu_7488139.html
https://upload.wikimedia.org/wikipedia/commons/thumb/1/16/Podranea.jpg/250px-Podranea.jpg	https://zh.wikipedia.org/wiki/%E9%9D%9E%E6%B4%B2%E5%87%8C%E9%9C%84%E5%B1%9E
http://pic1.win4000.com/pic/9/5d/e3a91351564.jpg	http://www.win4000.com/meinv113361.html
http://pic1.win4000.com/pic/8/58/21921347847.jpg	http://www.win4000.com/meinv112988_10.html
http://pic1.win4000.com/pic/8/58/21921347856.jpg	http://www.win4000.com/meinv112988_19.html
http://s4.sinaimg.cn/mw690/003JRQNKgy6SBnQBK8323&690	http://blog.sina.com.cn/s/blog_cc372ca40102vmk1.html
http://img.aihuahui.com/d/2016/09/57e2462f4618c.jpg	http://m.aihuahui.com/aitengbenhuahui/1713.html
http://pic1.win4000.com/pic/8/58/21921347838.jpg	http://www.win4000.com/meinv112988.html
http://pic1.win4000.com/pic/9/5d/e3a91351577.jpg	http://www.win4000.com/meinv113361_8.html
http://7.blog.xuite.net/7/4/e/4/11253733/blog_227360/txt/31681166/15.jpg	http://blog.xuite.net/e2202778/boaboa/31681166-%E6%B4%8B%E5%87%8C%E9%9C%84
https://gss0.bdstatic.com/94o3dSag_xI4khGkpoWK1HF6hhy/baike/s%3D220/sign=470a10dd9d16fdfadc6cc1ec848d8cea/c8177f3e6709c93d902ae5019f3df8dcd0005468.jpg	https://baike.baidu.com/item/%E9%9D%9E%E6%B4%B2%E5%87%8C%E9%9C%84%E5%B1%9E
http://a1.att.hudong.com/66/09/01300001100634129800091227025_s.jpg	http://www.baike.com/wiki/%E5%87%8C%E9%9C%84%E5%B1%9E
http://img.tulaoshi.com/ueditor/201706/22/fe963772c75049f4d8233de0055e82e6.jpg	http://www.tulaoshi.com/n/20170622/2654535.html
http://pic1.win4000.com/pic/9/5d/e3a91351575.jpg	http://www.palmedazur.com/meinv113361_7.html
https://gss1.bdstatic.com/-vo3dSag_xI4khGkpoWK1HF6hhy/baike/s%3D220/sign=2c098d6345c2d562f608d7efd71190f3/a9d3fd1f4134970aa57f332c9fcad1c8a7865da0.jpg	https://baike.baidu.com/item/%E9%9D%9E%E6%B4%B2%E5%87%8C%E9%9C%84%E5%B1%9E
http://img.tulaoshi.com/201704/12/c3a9b6b0e516d11d97c76041fc21717c.jpg	http://www.jnquanye.com/feizhoulingxiaoshu/
http://spic.xeeok.com/uploads/20170413/201704131847407401/259138_002_s.jpg	http://www.xeeok.com/wangluo_detail_17206_2.html
http://www.neipet.com/wp-content/uploads/2016/07/%E9%9D%9E%E6%B4%B2%E5%87%8C%E9%9C%84%E5%B1%9E.jpg	http://www.neipet.com/plant/28464.html
http://pic1.win4000.com/pic/8/58/21921347854.jpg	http://www.win4000.com/meinv112988_17.html
http://img.tulaoshi.com/ueditor/201706/22/1b53749f93ba412e256c1911ff49ca3e.jpg	http://www.tulaoshi.com/n/20170622/2654535.html
http://pic1.win4000.com/pic/8/58/21921347848.jpg	http://www.win4000.com/meinv112988_11.html
http://pic.xeeok.com/uploads/20170413/201704131830372326/259225_007.jpg	http://www.xeeok.com/wangluo_detail_17119_7.html
http://pic.xeeok.com/uploads/20170413/201704131830372326/259225_004.jpg	http://www.xeeok.com/wangluo_detail_17119_4.html
http://pic1.win4000.com/pic/8/58/21921347840.jpg	http://www.win4000.com/meinv112988_3.html
http://pic.xeeok.com/uploads/20170413/201704131830372326/259225_003.jpg	http://www.xeeok.com/wangluo_detail_17119_3.html
http://s16.sinaimg.cn/middle/5ff3202dgadddb88cc2df&690	http://blog.sina.com.cn/s/blog_5ff3202d0102vvgi.html
http://z.xiziwang.net/uploads/allimg/141108/30_141108142404_1.jpg	http://z.xiziwang.net/hua/16402/
http://img.tulaoshi.com/ueditor/201706/22/6e930eb543477460dcabc272e18a8f4e.jpg	http://www.tulaoshi.com/n/20170622/2654535.html
http://pic1.win4000.com/pic/8/58/21921347844.jpg	http://www.win4000.com/meinv112988_7.html
http://spic.xeeok.com/uploads/20170413/201704131830372326/259225_002_s.jpg	http://www.xeeok.com/wangluo_detail_17119_7.html
http://img.bimg.126.net/photo/LIgZI3lrtM8Uk-1SBxv8yw==/3949375398244097538.jpg	http://cnflora.lofter.com/tag/vines?page=2&t=1376887740154
http://img.xunhai.com/2015/11/27/144858940660854.jpg	http://www.xunhai.com/feizhoulingxiaoshu/2015/1127/4820.html
http://s5.sinaimg.cn/mw690/003JRQNKgy6SBnSa1x274&690	http://blog.sina.com.cn/s/blog_cc372ca40102vmk1.html
https://pic.pimg.tw/moon4085/1463834908-3874537222.jpg?v=1463834934	http://blog.xuite.net/b030805/twblog/435485065-%E5%B1%B1%E5%B1%85~~%E6%A8%B9%E4%B8%8D%E5%AD%90%E7%94%B0%E5%9C%92%E5%B1%B1%E8%8E%8A
http://pic1.win4000.com/pic/9/5d/e3a91351574.jpg	http://www.palmedazur.com/meinv113361_6.html
http://spic.xeeok.com/uploads/20170413/201704131847407401/259138_001_s.jpg	http://www.xeeok.com/wangluo_detail_17206_2.html
http://temp4.jinnong.cn/201403/20160317030907377.jpg	https://www.ltzg.com.cn/news/148602.html
http://s2.sinaimg.cn/mw690/a5bce8acgx6DmmvDCsV91&690	http://blog.sina.com.cn/s/blog_a5bce8ac0101h5ph.html
http://pic1.win4000.com/pic/9/5d/e3a91351569.jpg	http://www.palmedazur.com/meinv113361_3.html
http://image.sciencenet.cn/album/201211/23/202240jp5jchhp7hk35jb3.jpg	http://blog.sciencenet.cn/blog-629259-638451.html
http://spic.xeeok.com/uploads/20170413/201704131830372326/259225_006_s.jpg	http://www.xeeok.com/wangluo_detail_17119_7.html
https://farm6.staticflickr.com/5061/5597250697_3549b84dd6_b.jpg	http://picssr.com/tags/%E9%9D%9E%E6%B4%B2%E5%87%8C%E9%9C%84
http://pic1.win4000.com/pic/9/5d/e3a91351572.jpg	http://www.palmedazur.com/meinv113361_5.html
http://a2.att.hudong.com/01/18/01300001069159130457180919005_s.jpg	http://www.baike.com/wiki/%E9%9D%9E%E6%B4%B2%E5%87%8C%E9%9C%84%E5%B1%9E
http://7.blog.xuite.net/7/4/e/4/11253733/blog_227360/txt/31681166/13.jpg	http://blog.xuite.net/e2202778/boaboa/31681166-%E6%B4%8B%E5%87%8C%E9%9C%84
http://s11.sinaimg.cn/mw690/001xiLqHzy78hZayp3Y8a&690	http://blog.sina.com.cn/s/blog_53efcb930102x0e0.html
http://s7.sinaimg.cn/mw690/a5bce8acgx6DmmvGs0C76&690	http://blog.sina.com.cn/s/blog_a5bce8ac0101h5ph.html
http://s4.sinaimg.cn/mw690/001zhYH3gy6TxVcJQEHa3&690	http://blog.sina.com.cn/s/blog_55afdfe50102vl2c.html
http://img2.007swz.com/cpimg/qitahuahui/vwUDpKGXA9_1308556149.jpg	http://www.007swz.com/lzh0905/products/qitahuahui_130429.html
http://s4.sinaimg.cn/mw690/001zhYH3gy6TxVd1coH93&690	http://blog.sina.com.cn/s/blog_55afdfe50102vl2c.html
http://s12.sinaimg.cn/mw690/001zhYH3gy6TxVdiMEH7b&690	http://blog.sina.com.cn/s/blog_55afdfe50102vl2c.html
https://farm5.staticflickr.com/4090/5192890757_545a827901_b.jpg	http://picssr.com/tags/%E7%B4%AB%E8%8A%B8%E8%97%A4/interesting
http://img.bimg.126.net/photo/OnsEFCBJr5QCnoUyMdPMog==/3949375398244097539.jpg	http://cnflora.lofter.com/post/11d76c_5bbb30
http://img.ph.126.net/DApSCxpgg_pj3-W-P0hs6Q==/3384455119970056966.jpg	http://szsyjh.blog.163.com/blog/static/1996953201101010490492/
http://img.xunhai.com/2015/11/27/144858940875309.jpg	http://www.xunhai.com/feizhoulingxiaoshu/2015/1127/4820.html
http://link.photo.pchome.com.tw/s12/qiufeng540/130/138207568075/	http://mypaper.pchome.com.tw/qiufeng540/post/1325875597
https://pic.pimg.tw/fwubiao/1444744518-776068271_n.jpg?v=1444744811	http://fwubiao.pixnet.net/blog/post/437873287-%E7%B4%AB%E9%9B%B2%E8%97%A4%EF%BC%8E%E6%B1%90%E6%AD%A2%E5%9F%BA%E9%9A%86%E6%B2%B3
http://frps.eflora.cn/QRCode.ashx?id=66457	http://frps.eflora.cn/frps/Podranea
http://0.blog.xuite.net/0/4/c/e/238847289/blog_3703400/txt/362383346/141.jpg	http://blog.xuite.net/chaoli167/twblog/362383346-%E6%96%B0%E5%BA%97%E5%B1%88%E5%B0%BA%EF%BC%9A%E6%A2%85%E8%8A%B1%E6%B9%96%E3%80%81%E6%BF%9B%E6%BF%9B%E8%B0%B7%26%E5%B2%90%E5%B1%B1%E5%B7%96
http://img.pconline.com.cn/images/upload/upc/tx/photoblog/1208/28/c5/13238893_13238893_1346122978203_mthumb.jpg	http://dp.pconline.com.cn/sphoto/2355562.html
http://img0.dili360.com/rw9/ga/M02/01/4F/wKgBzFQ2kZaALYMuAAG-HQh69ms164.jpg	http://www.dili360.com/nh/article/p5350c3d8b592045.htm
https://farm6.staticflickr.com/5061/5597251221_7c7874813b_b.jpg	http://picssr.com/tags/%E9%9D%9E%E6%B4%B2%E5%87%8C%E9%9C%84
https://farm6.staticflickr.com/5284/5356560003_5e7f7ef46d_b.jpg	http://picssr.com/tags/%E9%9D%9E%E6%B4%B2%E5%87%8C%E9%9C%84
https://farm6.staticflickr.com/5104/5597248877_7cda982065_b.jpg	http://picssr.com/tags/%E9%9D%9E%E6%B4%B2%E5%87%8C%E9%9C%84
https://farm1.staticflickr.com/560/19355777550_ffc81b24b8_b.jpg	http://picssr.com/tags/podranea/page2
http://map1.zw3e.com:8080/zw_news_map/550/2014101/1412236799160476032.jpg	http://www.zw3e.com/551/e6131.html
https://farm6.staticflickr.com/5067/5597249683_3a52744f8c_b.jpg	http://picssr.com/tags/%E9%9D%9E%E6%B4%B2%E5%87%8C%E9%9C%84
http://farm3.static.flickr.com/2603/4096338649_d0266f0695.jpg	http://www.flickriver.com/photos/33623636@N08/tags/bignoniaceae/
https://farm1.staticflickr.com/471/19355766328_25844743dd_b.jpg	http://picssr.com/tags/podranea/page2
http://img.mp.itc.cn/upload/20170323/c5b64308d66147b89d6dbccc4a1e04b1_th.jpeg	http://www.sohu.com/a/129884451_679308
http://s15.sinaimg.cn/mw690/001xiLqHzy78hZayp8q9e&690	http://blog.sina.com.cn/s/blog_53efcb930102x0e0.html
https://farm4.staticflickr.com/3899/15366576011_b080869858_b.jpg	http://picssr.com/tags/podranea/page2
http://s5.sinaimg.cn/mw690/001xiLqHzy78hZayt1y04&690	http://blog.sina.com.cn/s/blog_53efcb930102x0e0.html
http://s16.sinaimg.cn/mw690/a5bce8acgx6DmmvVBnNbf&690	http://blog.sina.com.cn/s/blog_a5bce8ac0101h5ph.html
http://s2.sinaimg.cn/mw690/001xiLqHzy78hZayoXT11&690	http://blog.sina.com.cn/s/blog_53efcb930102x0e0.html
http://s3.sinaimg.cn/mw690/001xiLqHzy78hZaCWHM92&690	http://blog.sina.com.cn/s/blog_53efcb930102x0e0.html
http://s11.sinaimg.cn/mw690/001KskmKty6Yl5Q2Cj80a&690	http://blog.sina.com.cn/s/blog_5f85abb20102wtjb.html
https://farm7.staticflickr.com/6232/6305574172_d049a754dd_b.jpg	http://picssr.com/tags/%E9%9D%9E%E6%B4%B2%E5%87%8C%E9%9C%84
http://img535.ph.126.net/eeAkNFBLfbYQ-SI3Ixwb8A==/1297318167660579476.jpg	http://szsyjh.blog.163.com/blog/static/1996953201101010490492/
http://img.mp.itc.cn/upload/20170323/ab5cab6a6f2445e39791c999de888b78_th.jpeg	http://www.sohu.com/a/129884451_679308
https://flora.megaview.com.tw/images/_cache/magic_toolbox/ec8358a7a7f6eb317732ea13a6fd8d83/7/4/744/original/3561592415/P2139.jpg	https://flora.megaview.com.tw/product_info.php?products_id=744
http://s2.sinaimg.cn/middle/049d4760gb6b2c5a4d0a1&690	http://blog.sina.com.cn/s/blog_049d476001011e8o.html
http://a0.att.hudong.com/20/11/01300544013340147870112148011_s.jpg	http://www.baike.com/wiki/%E5%87%8C%E9%9C%84%E5%B1%9E
http://image.sciencenet.cn/album/201211/23/202203l1ir1bt9l8pr6lb6.jpg	http://blog.sciencenet.cn/blog-629259-638451.html
http://image.sciencenet.cn/album/201211/23/202151c1n4vd1340z3ozu2.jpg	http://blog.sciencenet.cn/blog-629259-638451.html
http://image.sciencenet.cn/album/201211/23/202220c52ygcjl925zsj08.jpg	http://blog.sciencenet.cn/blog-629259-638451.html
http://s1.sinaimg.cn/mw690/001KskmKty6Yl5QfdfO70&690	http://blog.sina.com.cn/s/blog_5f85abb20102wtjb.html
http://a2.att.hudong.com/87/20/20300543523714147593201791058_s.jpg	http://www.baike.com/wiki/%E5%87%8C%E9%9C%84%E5%B1%9E
http://s7.sinaimg.cn/mw690/001KskmKty6Yl5QbOLkc6&690	http://blog.sina.com.cn/s/blog_5f85abb20102wtjb.html
http://s5.sinaimg.cn/mw690/001KskmKty6Yl5Q3VPK34&690	http://blog.sina.com.cn/s/blog_5f85abb20102wtjb.html
http://s9.sinaimg.cn/middle/049d4760gb6b2c3ee6218&690	http://blog.sina.com.cn/s/blog_049d476001011e8o.html
http://s2.sinaimg.cn/middle/049d4760gb6b2ae9031d1&690	http://blog.sina.com.cn/s/blog_049d476001011e8o.html
http://s1.sinaimg.cn/middle/049d4760gb6b2c1c407b0&690	http://blog.sina.com.cn/s/blog_049d476001011e8o.html
http://s14.sinaimg.cn/middle/049d4760gb6b264a4148d&690	http://blog.sina.com.cn/s/blog_049d476001011e8o.html
https://farm8.staticflickr.com/7625/16635715799_d3225922e3_b.jpg	https://picssr.com/tags/%E9%9D%9E%E6%B4%B2%E5%87%8C%E9%9C%84%E5%B1%AC
