
https://gss0.bdstatic.com/94o3dSag_xI4khGkpoWK1HF6hhy/baike/c0%3Dbaike80%2C5%2C5%2C80%2C26/sign=492d62190afa513d45a7648c5c043e9e/9825bc315c6034a8867d4f44c91349540823765c.jpg

https://gss0.bdstatic.com/-4o3dSag_xI4khGkpoWK1HF6hhy/baike/c0%3Dbaike92%2C5%2C5%2C92%2C30/sign=ce3d2ef31ad5ad6ebef46cb8e0a252be/21a4462309f79052840452090df3d7ca7bcbd5e9.jpg
https://gss0.bdstatic.com/94o3dSag_xI4khGkpoWK1HF6hhy/baike/c0%3Dbaike92%2C5%2C5%2C92%2C30/sign=833eb72cd50735fa85fd46ebff3864d6/6a63f6246b600c33af62cbff1b4c510fd9f9a1e9.jpg
https://gss1.bdstatic.com/9vo3dSag_xI4khGkpoWK1HF6hhy/baike/c0%3Dbaike92%2C5%2C5%2C92%2C30/sign=638984084afbfbedc8543e2d19999c53/c8ea15ce36d3d5398f261af43b87e950352ab0e9.jpg
https://gss2.bdstatic.com/-fo3dSag_xI4khGkpoWK1HF6hhy/baike/c0%3Dbaike92%2C5%2C5%2C92%2C30/sign=b825538aa8773912d02b8d339970ed7d/a044ad345982b2b79e842cf330adcbef76099be9.jpg
https://gss0.bdstatic.com/-4o3dSag_xI4khGkpoWK1HF6hhy/baike/c0%3Dbaike92%2C5%2C5%2C92%2C30/sign=01176133960a304e462fa8a8b0a1cce3/1e30e924b899a901b0004e011c950a7b0208f5d4.jpg
https://gss2.bdstatic.com/9fo3dSag_xI4khGkpoWK1HF6hhy/baike/c0%3Dbaike92%2C5%2C5%2C92%2C30/sign=9534d8dbd000baa1ae214fe92679d277/10dfa9ec8a13632768d9d704908fa0ec08fac7d4.jpg
https://gss0.bdstatic.com/-4o3dSag_xI4khGkpoWK1HF6hhy/baike/c0%3Dbaike92%2C5%2C5%2C92%2C30/sign=d7f4dc049345d688b70fbaf6c5ab167b/279759ee3d6d55fba6f263116c224f4a20a4ddd4.jpg
https://gss3.bdstatic.com/7Po3dSag_xI4khGkpoWK1HF6hhy/baike/c0%3Dbaike92%2C5%2C5%2C92%2C30/sign=e445d6236a600c33e474d69a7b253a6a/bd3eb13533fa828b293888d4fc1f4134970a5ae9.jpg
https://gss3.bdstatic.com/7Po3dSag_xI4khGkpoWK1HF6hhy/baike/c0%3Dbaike92%2C5%2C5%2C92%2C30/sign=20ba2f2343a7d933aba5ec21cc22ba76/500fd9f9d72a60590a24f42d2934349b033bbad4.jpg
https://gss0.bdstatic.com/94o3dSag_xI4khGkpoWK1HF6hhy/baike/c0%3Dbaike92%2C5%2C5%2C92%2C30/sign=b73f8fc478310a55d029d6a6d62c28cc/e850352ac65c1038134adbf5b3119313b07e89d4.jpg

https://gss0.bdstatic.com/-4o3dSag_xI4khGkpoWK1HF6hhy/baike/c0%3Dbaike92%2C5%2C5%2C92%2C30/sign=23fb8143ac345982d187edc06d9d5ac8/7c1ed21b0ef41bd51948fdc350da81cb39db3de9.jpg
https://gss0.bdstatic.com/-4o3dSag_xI4khGkpoWK1HF6hhy/baike/c0%3Dbaike92%2C5%2C5%2C92%2C30/sign=db08818c86d6277ffd1f3a6a49517455/8c1001e93901213fe4075beb55e736d12f2e95d4.jpg

https://gss2.bdstatic.com/-fo3dSag_xI4khGkpoWK1HF6hhy/baike/c0%3Dbaike92%2C5%2C5%2C92%2C30/sign=183dbd11fcfaaf5190ee89eded3dff8b/aa64034f78f0f73679e559360b55b319ebc413e9.jpg
https://gss3.bdstatic.com/7Po3dSag_xI4khGkpoWK1HF6hhy/baike/c0%3Dbaike92%2C5%2C5%2C92%2C30/sign=6a97eb1448540923be646b2cf331ba6c/f703738da9773912543d9056f9198618367ae2ea.jpg
https://gss0.bdstatic.com/94o3dSag_xI4khGkpoWK1HF6hhy/baike/c0%3Dbaike92%2C5%2C5%2C92%2C30/sign=6ca4f15fcdbf6c81e33a24badd57da50/dbb44aed2e738bd4433aa706a08b87d6277ff9ea.jpg
https://gss0.bdstatic.com/94o3dSag_xI4khGkpoWK1HF6hhy/baike/c0%3Dbaike92%2C5%2C5%2C92%2C30/sign=4f23405e242dd42a4b0409f9625230d0/314e251f95cad1c83f8fe9107e3e6709c93d51d4.jpg
https://gss2.bdstatic.com/9fo3dSag_xI4khGkpoWK1HF6hhy/baike/c0%3Dbaike92%2C5%2C5%2C92%2C30/sign=94daf53eb7003af359b7d4325443ad39/3ac79f3df8dcd10018a8ed16738b4710b9122fd4.jpg
https://gss2.bdstatic.com/-fo3dSag_xI4khGkpoWK1HF6hhy/baike/c0%3Dbaike92%2C5%2C5%2C92%2C30/sign=3d1a9079cb8065386fe7ac41f6b4ca21/fd039245d688d43f299d84c57c1ed21b0ef43bd4.jpg
https://gss2.bdstatic.com/9fo3dSag_xI4khGkpoWK1HF6hhy/baike/c0%3Dbaike92%2C5%2C5%2C92%2C30/sign=a3ec19dcb7fd5266b3263446ca71fc4e/0df3d7ca7bcb0a46d0389e0e6a63f6246b60afea.jpg
https://gss1.bdstatic.com/9vo3dSag_xI4khGkpoWK1HF6hhy/baike/c0%3Dbaike92%2C5%2C5%2C92%2C30/sign=be0cf40034fae6cd18b9a3336eda6441/f7246b600c338744c2df3a4b500fd9f9d72aa0ea.jpg
https://gss1.bdstatic.com/9vo3dSag_xI4khGkpoWK1HF6hhy/baike/c0%3Dbaike92%2C5%2C5%2C92%2C30/sign=7380f934c995d143ce7bec711299e967/d62a6059252dd42a1913149c023b5bb5c9eab8ea.jpg
https://gss3.bdstatic.com/7Po3dSag_xI4khGkpoWK1HF6hhy/baike/c0%3Dbaike92%2C5%2C5%2C92%2C30/sign=e5200df2e1fe9925df01610255c135ba/b64543a98226cffcc11eaa85b8014a90f603ead5.jpg
https://gss1.bdstatic.com/-vo3dSag_xI4khGkpoWK1HF6hhy/baike/c0%3Dbaike92%2C5%2C5%2C92%2C30/sign=7f51f10eb2de9c82b268f1dd0de8eb6f/f9198618367adab4a7e40e748ad4b31c8701e4d5.jpg
https://gss0.bdstatic.com/94o3dSag_xI4khGkpoWK1HF6hhy/baike/c0%3Dbaike92%2C5%2C5%2C92%2C30/sign=cbf3a28ca71ea8d39e2f7c56f6635b2b/267f9e2f07082838e739c923b999a9014c08f1d5.jpg
https://gss1.bdstatic.com/9vo3dSag_xI4khGkpoWK1HF6hhy/baike/c0%3Dbaike92%2C5%2C5%2C92%2C30/sign=32cdbf3af9dcd100d991f07313e22c75/562c11dfa9ec8a136a2d42d7f603918fa0ecc0d5.jpg
https://gss0.bdstatic.com/-4o3dSag_xI4khGkpoWK1HF6hhy/baike/c0%3Dbaike92%2C5%2C5%2C92%2C30/sign=25c91d6a54fbb2fb202650402e234bc1/bd315c6034a85edff196eb1448540923dd5475ea.jpg
https://gss0.bdstatic.com/94o3dSag_xI4khGkpoWK1HF6hhy/baike/c0%3Dbaike92%2C5%2C5%2C92%2C30/sign=8312b72cd50735fa85fd46ebff3864d6/6a63f6246b600c33af4ecbff1b4c510fd9f9a1d5.jpg
https://gss1.bdstatic.com/-vo3dSag_xI4khGkpoWK1HF6hhy/baike/c0%3Dbaike92%2C5%2C5%2C92%2C30/sign=9841f11472f08202399f996d2a929088/2934349b033b5bb5fce035c937d3d539b600bcd5.jpg
https://gss3.bdstatic.com/-Po3dSag_xI4khGkpoWK1HF6hhy/baike/c0%3Dbaike92%2C5%2C5%2C92%2C30/sign=70f1dbeaaa64034f1bc0ca54ceaa1254/37d3d539b6003af3018dc957342ac65c1038b6d5.jpg
https://gss1.bdstatic.com/-vo3dSag_xI4khGkpoWK1HF6hhy/baike/c0%3Dbaike92%2C5%2C5%2C92%2C30/sign=079ad604728da9775a228e79d138937c/96dda144ad345982ffbdf0a50df431adcbef84d5.jpg
https://gss0.bdstatic.com/-4o3dSag_xI4khGkpoWK1HF6hhy/baike/c0%3Dbaike92%2C5%2C5%2C92%2C30/sign=8d2e989ea8014c080d3620f76b12696d/2e2eb9389b504fc2b168a532e4dde71190ef6dd5.jpg
https://gss1.bdstatic.com/-vo3dSag_xI4khGkpoWK1HF6hhy/baike/c0%3Dbaike92%2C5%2C5%2C92%2C30/sign=67db42def3d3572c72ef948eeb7a0842/77c6a7efce1b9d1690f08f56f2deb48f8c5464d5.jpg

https://gss0.bdstatic.com/94o3dSag_xI4khGkpoWK1HF6hhy/baike/c0%3Dbaike92%2C5%2C5%2C92%2C30/sign=e4ca4eb1e9f81a4c323fe49bb6430b3c/838ba61ea8d3fd1fa9cd5eff324e251f94ca5f2b.jpg
https://gss2.bdstatic.com/9fo3dSag_xI4khGkpoWK1HF6hhy/baike/c0%3Dbaike80%2C5%2C5%2C80%2C26/sign=2db670e7cafcc3cea0cdc161f32cbded/279759ee3d6d55fbd85d8ae36f224f4a21a4dd58.jpg
https://gss2.bdstatic.com/-fo3dSag_xI4khGkpoWK1HF6hhy/baike/c0%3Dbaike92%2C5%2C5%2C92%2C30/sign=0ca4935aa60f4bfb98dd960662261395/5ab5c9ea15ce36d35b9f7ff538f33a87e850b158.jpg
https://gss1.bdstatic.com/-vo3dSag_xI4khGkpoWK1HF6hhy/baike/c0%3Dbaike92%2C5%2C5%2C92%2C30/sign=0fcee400e2fe9925df01610255c135ba/b64543a98226cffc2bf04377bb014a90f703ea19.jpg
https://gss3.bdstatic.com/-Po3dSag_xI4khGkpoWK1HF6hhy/baike/c0%3Dbaike80%2C5%2C5%2C80%2C26/sign=ce2d183da586c9171c0e5a6ba8541baa/7af40ad162d9f2d30ccbd82aabec8a136227cc19.jpg
https://gss3.bdstatic.com/7Po3dSag_xI4khGkpoWK1HF6hhy/baike/c0%3Dbaike92%2C5%2C5%2C92%2C30/sign=e8d11df237fae6cd18b9a3336eda6441/f7246b600c3387449402d3b9530fd9f9d62aa034.jpg
https://gss2.bdstatic.com/9fo3dSag_xI4khGkpoWK1HF6hhy/baike/c0%3Dbaike80%2C5%2C5%2C80%2C26/sign=594b9d1234d12f2eda08a6322eabbe07/c995d143ad4bd11351574bf758afa40f4afb0558.jpg
https://gss2.bdstatic.com/-fo3dSag_xI4khGkpoWK1HF6hhy/baike/c0%3Dbaike80%2C5%2C5%2C80%2C26/sign=051fd3b9530fd9f9b41a5d3b4444bf4f/314e251f95cad1c8496100e27d3e6709c83d5119.jpg
https://gss3.bdstatic.com/7Po3dSag_xI4khGkpoWK1HF6hhy/baike/c0%3Dbaike92%2C5%2C5%2C92%2C30/sign=e234ff26d739b60059c307e588395e4f/71cf3bc79f3df8dc26fa7354cf11728b46102834.jpg
