
https://gss0.bdstatic.com/94o3dSag_xI4khGkpoWK1HF6hhy/baike/c0%3Dbaike150%2C5%2C5%2C150%2C50/sign=ea3e4d0e2e738bd4d02cba63c0e2ecb3/3c6d55fbb2fb43165da848a920a4462308f7d3a9.jpg
https://gss2.bdstatic.com/-fo3dSag_xI4khGkpoWK1HF6hhy/baike/c0%3Dbaike116%2C5%2C5%2C116%2C38/sign=975b7ea1c0cec3fd9f33af27b7e1bf5a/7a899e510fb30f246cee6f6ecb95d143ad4b0362.jpg
https://gss0.bdstatic.com/-4o3dSag_xI4khGkpoWK1HF6hhy/baike/c0%3Dbaike80%2C5%2C5%2C80%2C26/sign=bcef8e742ef5e0fefa1581533d095fcd/cefc1e178a82b9010660425e708da9773812ef8a.jpg
https://gss2.bdstatic.com/-fo3dSag_xI4khGkpoWK1HF6hhy/baike/c0%3Dbaike116%2C5%2C5%2C116%2C38/sign=29e082597f3e6709aa0d4dad5aaef458/ac6eddc451da81cbb7bdfdb35266d01609243170.jpg
https://gss0.bdstatic.com/94o3dSag_xI4khGkpoWK1HF6hhy/baike/c0%3Dbaike116%2C5%2C5%2C116%2C38/sign=6301480178f0f736ccf344536b3cd87c/2f738bd4b31c870169eecc98277f9e2f0708ff70.jpg
https://gss2.bdstatic.com/9fo3dSag_xI4khGkpoWK1HF6hhy/baike/c0%3Dbaike272%2C5%2C5%2C272%2C90/sign=f114495e9145d688b70fbaf6c5ab167b/0e2442a7d933c895e3aa1816d21373f083020082.jpg
https://gss1.bdstatic.com/-vo3dSag_xI4khGkpoWK1HF6hhy/baike/c0%3Dbaike116%2C5%2C5%2C116%2C38/sign=54556dd959ee3d6d36cb8f99227f0647/500fd9f9d72a605920459f642834349b033bba72.jpg

https://gss2.bdstatic.com/-fo3dSag_xI4khGkpoWK1HF6hhy/baike/c0%3Dbaike150%2C5%2C5%2C150%2C50/sign=7f71417a3bc79f3d9becec62dbc8a674/7a899e510fb30f24f4ebe886c895d143ac4b03c5.jpg
https://gss3.bdstatic.com/-Po3dSag_xI4khGkpoWK1HF6hhy/baike/c0%3Dbaike150%2C5%2C5%2C150%2C50/sign=cd2da3edd109b3deffb2ec3aadd607e4/c9fcc3cec3fdfc030926e73dd43f8794a5c226dc.jpg
https://gss3.bdstatic.com/-Po3dSag_xI4khGkpoWK1HF6hhy/baike/c0%3Dbaike150%2C5%2C5%2C150%2C50/sign=3136c3aabe096b63951456026d5aec21/0dd7912397dda14496446837b2b7d0a20df486e1.jpg
https://gss3.bdstatic.com/7Po3dSag_xI4khGkpoWK1HF6hhy/baike/c0%3Dbaike150%2C5%2C5%2C150%2C50/sign=4d891fc68bd4b31ce4319ce9e6bf4c1a/54fbb2fb43166d22482e1111462309f79152d2dd.jpg
https://gss3.bdstatic.com/-Po3dSag_xI4khGkpoWK1HF6hhy/baike/c0%3Dbaike150%2C5%2C5%2C150%2C50/sign=6a708b14cd11728b24208470a995a8ab/d833c895d143ad4b6a63424582025aafa50f06e1.jpg
https://gss3.bdstatic.com/7Po3dSag_xI4khGkpoWK1HF6hhy/baike/c0%3Dbaike150%2C5%2C5%2C150%2C50/sign=7c63a69ed40735fa85fd46ebff3864d6/f703738da9773912646081e4f8198618377ae2f5.jpg
https://gss0.bdstatic.com/94o3dSag_xI4khGkpoWK1HF6hhy/baike/c0%3Dbaike150%2C5%2C5%2C150%2C50/sign=b8d33d4131adcbef15397654cdc645b8/3b292df5e0fe9925d4406dd534a85edf8cb171e2.jpg
https://gss1.bdstatic.com/-vo3dSag_xI4khGkpoWK1HF6hhy/baike/c0%3Dbaike150%2C5%2C5%2C150%2C50/sign=3a7601fb251f95cab2f89ae4a87e145b/b7fd5266d01609240664a69ed40735fae7cd34f5.jpg
https://gss2.bdstatic.com/9fo3dSag_xI4khGkpoWK1HF6hhy/baike/c0%3Dbaike150%2C5%2C5%2C150%2C50/sign=9e571981349b033b3885f48874a75db6/a2cc7cd98d1001e9737c108ab80e7bec55e797f6.jpg
https://gss0.bdstatic.com/-4o3dSag_xI4khGkpoWK1HF6hhy/baike/c0%3Dbaike150%2C5%2C5%2C150%2C50/sign=1893c1aa3a292df583cea447dd583705/a686c9177f3e67094540417a3bc79f3df9dc55f6.jpg
https://gss2.bdstatic.com/9fo3dSag_xI4khGkpoWK1HF6hhy/baike/c0%3Dbaike150%2C5%2C5%2C150%2C50/sign=a860529262d0f703f2bf9d8e69933a58/6159252dd42a283416e8328e5bb5c9ea14cebfec.jpg
https://gss3.bdstatic.com/7Po3dSag_xI4khGkpoWK1HF6hhy/baike/c0%3Dbaike150%2C5%2C5%2C150%2C50/sign=f86388a7c8fcc3cea0cdc161f32cbded/d01373f082025aaf1b7c7a4efbedab64024f1aec.jpg

https://gss3.bdstatic.com/7Po3dSag_xI4khGkpoWK1HF6hhy/baike/c0%3Dbaike150%2C5%2C5%2C150%2C50/sign=cd8547ec11dfa9ece9235e4503b99c66/1b4c510fd9f9d72a5f0f35edd42a2834359bbbd2.jpg
https://gss0.bdstatic.com/-4o3dSag_xI4khGkpoWK1HF6hhy/baike/c0%3Dbaike150%2C5%2C5%2C150%2C50/sign=a70efb04b74543a9e116f29e7f7ee1e7/0b7b02087bf40ad176cee213572c11dfa9ecce13.jpg
https://gss1.bdstatic.com/9vo3dSag_xI4khGkpoWK1HF6hhy/baike/c0%3Dbaike150%2C5%2C5%2C150%2C50/sign=cdb026112f2eb938f86072a0b40bee50/b2de9c82d158ccbff5d690ca19d8bc3eb03541d3.jpg
https://gss0.bdstatic.com/-4o3dSag_xI4khGkpoWK1HF6hhy/baike/c0%3Dbaike150%2C5%2C5%2C150%2C50/sign=3e6e1e341bd5ad6ebef46cb8e0a252be/78310a55b319ebc45b3053698226cffc1f1716f1.jpg
https://gss3.bdstatic.com/-Po3dSag_xI4khGkpoWK1HF6hhy/baike/c0%3Dbaike150%2C5%2C5%2C150%2C50/sign=9668c2db0ef41bd5ce5ee0a630b3eaae/aec379310a55b31900b2a78543a98226cefc17f2.jpg
https://gss1.bdstatic.com/-vo3dSag_xI4khGkpoWK1HF6hhy/baike/c0%3Dbaike150%2C5%2C5%2C150%2C50/sign=8dc3b9c14c086e067ea5371963611091/7acb0a46f21fbe095e39e6e46b600c338644adde.jpg
