
https://gss1.bdstatic.com/9vo3dSag_xI4khGkpoWK1HF6hhy/baike/c0%3Dbaike80%2C5%2C5%2C80%2C26/sign=6a17c5eaaa64034f1bc0ca54ceaa1254/3b87e950352ac65c31d46d44faf2b21193138a37.jpg
https://gss0.bdstatic.com/94o3dSag_xI4khGkpoWK1HF6hhy/baike/c0%3Dbaike92%2C5%2C5%2C92%2C30/sign=cecf5564f7246b606f03ba268a917129/18d8bc3eb13533faf24d9819a9d3fd1f41345b09.jpg

https://gss1.bdstatic.com/-vo3dSag_xI4khGkpoWK1HF6hhy/baike/c0%3Dbaike150%2C5%2C5%2C150%2C50/sign=cd29e090ab18972bb737089887a410ec/b8014a90f603738db448d0a6b31bb051f819ec30.jpg
https://gss3.bdstatic.com/-Po3dSag_xI4khGkpoWK1HF6hhy/baike/c0%3Dbaike150%2C5%2C5%2C150%2C50/sign=bd964e5bce1b9d169eca923392b7dfea/a71ea8d3fd1f41345c5ad9fa251f95cad0c85ec1.jpg
https://gss3.bdstatic.com/7Po3dSag_xI4khGkpoWK1HF6hhy/baike/c0%3Dbaike220%2C5%2C5%2C220%2C73/sign=f9f2923d9e510fb36c147fc5b85aa3f0/f703738da9773912ac2459e5f8198618367ae230.jpg
https://gss0.bdstatic.com/-4o3dSag_xI4khGkpoWK1HF6hhy/baike/c0%3Dbaike116%2C5%2C5%2C116%2C38/sign=f679c441e0fe9925df01610255c135ba/a9d3fd1f4134970afc1eccab95cad1c8a6865dc1.jpg
https://gss1.bdstatic.com/-vo3dSag_xI4khGkpoWK1HF6hhy/baike/c0%3Dbaike150%2C5%2C5%2C150%2C50/sign=034b74a2fdfaaf5190ee89eded3dff8b/fc1f4134970a304ee84f7c7ed1c8a786c8175cc1.jpg
https://gss2.bdstatic.com/-fo3dSag_xI4khGkpoWK1HF6hhy/baike/c0%3Dbaike150%2C5%2C5%2C150%2C50/sign=5346144eaf51f3ded7bfb136f5879b7a/4034970a304e251f5b9a387ca786c9177e3e53c1.jpg
https://gss0.bdstatic.com/94o3dSag_xI4khGkpoWK1HF6hhy/baike/c0%3Dbaike180%2C5%2C5%2C180%2C60/sign=f438dc4ee6cd7b89fd6132d16e4d29c2/728da9773912b31b906e11ad8618367adab4e130.jpg
https://gss3.bdstatic.com/7Po3dSag_xI4khGkpoWK1HF6hhy/baike/c0%3Dbaike116%2C5%2C5%2C116%2C38/sign=567555855c6034a83defb0d3aa7a2231/960a304e251f95ca1e984e32c9177f3e660952c1.jpg
https://gss0.bdstatic.com/94o3dSag_xI4khGkpoWK1HF6hhy/baike/c0%3Dbaike150%2C5%2C5%2C150%2C50/sign=7f011a6ab48f8c54f7decd7d5b404690/314e251f95cad1c877d620a37f3e6709c83d51c1.jpg
https://gss1.bdstatic.com/9vo3dSag_xI4khGkpoWK1HF6hhy/baike/c0%3Dbaike116%2C5%2C5%2C116%2C38/sign=f07c44ffd11373f0e13267cdc566209e/a8773912b31bb051d9266fac367adab44aede030.jpg
https://gss2.bdstatic.com/9fo3dSag_xI4khGkpoWK1HF6hhy/baike/c0%3Dbaike180%2C5%2C5%2C180%2C60/sign=c4f2923d9e510fb36c147fc5b85aa3f0/3812b31bb051f819a427dfcedab44aed2e73e730.jpg

https://gss1.bdstatic.com/-vo3dSag_xI4khGkpoWK1HF6hhy/baike/c0%3Dbaike92%2C5%2C5%2C92%2C30/sign=6adfe81846a7d933aba5ec21cc22ba76/500fd9f9d72a6059404133162c34349b033bba6d.jpg
https://gss3.bdstatic.com/-Po3dSag_xI4khGkpoWK1HF6hhy/baike/c0%3Dbaike180%2C5%2C5%2C180%2C60/sign=1fdfb506c9ef7609280691cd4fb4c8a9/3b292df5e0fe9925af1ad8cb36a85edf8db17112.jpg
https://gss2.bdstatic.com/-fo3dSag_xI4khGkpoWK1HF6hhy/baike/c0%3Dbaike92%2C5%2C5%2C92%2C30/sign=cc1bebcfd3ca7bcb6976cf7ddf600006/b2de9c82d158ccbfd29467361dd8bc3eb1354196.jpg
https://gss2.bdstatic.com/9fo3dSag_xI4khGkpoWK1HF6hhy/baike/c0%3Dbaike92%2C5%2C5%2C92%2C30/sign=1927552d9713b07ea9b0585a6dbefa46/c2cec3fdfc039245345d33038394a4c27c1e25d6.jpg

https://gss2.bdstatic.com/-fo3dSag_xI4khGkpoWK1HF6hhy/baike/c0%3Dbaike150%2C5%2C5%2C150%2C50/sign=f6923c8c95cad1c8c4b6f4751e570c6c/5366d0160924ab1851f7cd9435fae6cd7a890bab.jpg
https://gss0.bdstatic.com/94o3dSag_xI4khGkpoWK1HF6hhy/baike/c0%3Dbaike80%2C5%2C5%2C80%2C26/sign=a31d2b589045d688b70fbaf6c5ab167b/b3fb43166d224f4a404491780bf790529922d1f8.jpg
https://gss0.bdstatic.com/-4o3dSag_xI4khGkpoWK1HF6hhy/baike/c0%3Dbaike92%2C5%2C5%2C92%2C30/sign=f4793693c1fdfc03f175ebeab556ecf1/09fa513d269759ee01e8a0a6b0fb43166d22df27.jpg
https://gss0.bdstatic.com/-4o3dSag_xI4khGkpoWK1HF6hhy/baike/c0%3Dbaike72%2C5%2C5%2C72%2C24/sign=9ae0cf03b6003af359b7d4325443ad39/d000baa1cd11728beb23a328c8fcc3cec3fd2ca9.jpg
https://gss2.bdstatic.com/-fo3dSag_xI4khGkpoWK1HF6hhy/baike/c0%3Dbaike92%2C5%2C5%2C92%2C30/sign=555fef11530fd9f9b41a5d3b4444bf4f/a9d3fd1f4134970a8ee9d04297cad1c8a6865dc1.jpg
https://gss1.bdstatic.com/9vo3dSag_xI4khGkpoWK1HF6hhy/baike/c0%3Dbaike116%2C5%2C5%2C116%2C38/sign=9d7d647e95dda144ce0464e0d3debbc7/4ec2d5628535e5dd76bb65b274c6a7efcf1b62cc.jpg

https://gss1.bdstatic.com/9vo3dSag_xI4khGkpoWK1HF6hhy/baike/c0%3Dbaike150%2C5%2C5%2C150%2C50/sign=eccc0c35b2b7d0a26fc40ccfaa861d6c/8d5494eef01f3a296c0db5499925bc315d607c6b.jpg
https://gss0.bdstatic.com/94o3dSag_xI4khGkpoWK1HF6hhy/baike/c0%3Dbaike150%2C5%2C5%2C150%2C50/sign=c9ccc2bd304e251ff6faecaac6efa272/38dbb6fd5266d01681dcfeaf972bd40734fa356b.jpg
https://gss1.bdstatic.com/-vo3dSag_xI4khGkpoWK1HF6hhy/baike/c0%3Dbaike150%2C5%2C5%2C150%2C50/sign=61ff604de6cd7b89fd6132d16e4d29c2/a8773912b31bb0514de1d3af367adab44bede074.jpg
https://gss2.bdstatic.com/-fo3dSag_xI4khGkpoWK1HF6hhy/baike/c0%3Dbaike150%2C5%2C5%2C150%2C50/sign=6e8fadae8618367ab984778f4f1ae0b1/09fa513d269759eee3b3004cb2fb43166c22df52.jpg
https://gss3.bdstatic.com/7Po3dSag_xI4khGkpoWK1HF6hhy/baike/c0%3Dbaike150%2C5%2C5%2C150%2C50/sign=0fcd612c033b5bb5aada28ac57babe5c/7dd98d1001e9390106c6edb97bec54e737d19674.jpg

https://gss0.bdstatic.com/94o3dSag_xI4khGkpoWK1HF6hhy/baike/c0%3Dbaike150%2C5%2C5%2C150%2C50/sign=5b4d41fff21fbe090853cb460a096756/64380cd7912397dd81c2e68d5982b2b7d1a287fb.jpg
https://gss2.bdstatic.com/9fo3dSag_xI4khGkpoWK1HF6hhy/baike/c0%3Dbaike150%2C5%2C5%2C150%2C50/sign=d099f5b06b63f62408503151e62d809d/902397dda144ad347b04f90ed0a20cf430ad85fb.jpg
https://gss3.bdstatic.com/-Po3dSag_xI4khGkpoWK1HF6hhy/baike/c0%3Dbaike116%2C5%2C5%2C116%2C38/sign=ed9d20d90c33874488c8272e3066b29c/faf2b2119313b07ed1392e810cd7912396dd8cb6.jpg
https://gss3.bdstatic.com/-Po3dSag_xI4khGkpoWK1HF6hhy/baike/c0%3Dbaike150%2C5%2C5%2C150%2C50/sign=9d8f20daf6246b606f03ba268a917129/96dda144ad34598291319b1b0cf431adcaef84fb.jpg
https://gss1.bdstatic.com/-vo3dSag_xI4khGkpoWK1HF6hhy/baike/c0%3Dbaike150%2C5%2C5%2C150%2C50/sign=6fb7474ad7ca7bcb6976cf7ddf600006/9213b07eca806538116eda9a97dda144ac3482b6.jpg

https://gss3.bdstatic.com/7Po3dSag_xI4khGkpoWK1HF6hhy/baike/c0%3Dbaike150%2C5%2C5%2C150%2C50/sign=6bfa08f8ccbf6c81e33a24badd57da50/9345d688d43f879453baa4bed21b0ef41ad53add.jpg
https://gss3.bdstatic.com/7Po3dSag_xI4khGkpoWK1HF6hhy/baike/c0%3Dbaike150%2C5%2C5%2C150%2C50/sign=1559f7d38bd4b31ce4319ce9e6bf4c1a/54fbb2fb43166d2210fef904462309f79152d291.jpg
https://gss2.bdstatic.com/9fo3dSag_xI4khGkpoWK1HF6hhy/baike/c0%3Dbaike150%2C5%2C5%2C150%2C50/sign=094e224dab64034f1bc0ca54ceaa1254/060828381f30e924fa2c70a14c086e061c95f792.jpg
https://gss2.bdstatic.com/-fo3dSag_xI4khGkpoWK1HF6hhy/baike/c0%3Dbaike150%2C5%2C5%2C150%2C50/sign=6a1af77da3cc7cd9ee203c8b58684a5a/35a85edf8db1cb138fe1d083dd54564e93584b92.jpg
https://gss0.bdstatic.com/-4o3dSag_xI4khGkpoWK1HF6hhy/baike/c0%3Dbaike150%2C5%2C5%2C150%2C50/sign=73a5bea9c93d70cf58f7a25f99b5ba65/34fae6cd7b899e510328d68442a7d933c9950dff.jpg
https://gss2.bdstatic.com/9fo3dSag_xI4khGkpoWK1HF6hhy/baike/c0%3Dbaike150%2C5%2C5%2C150%2C50/sign=ad1a10b77f3e6709aa0d4dad5aaef458/962bd40735fae6cd711547f10fb30f2443a70ff8.jpg
https://gss1.bdstatic.com/9vo3dSag_xI4khGkpoWK1HF6hhy/baike/c0%3Dbaike116%2C5%2C5%2C116%2C38/sign=f0c19330f603738dca470470d272db34/6f061d950a7b02083234d37162d9f2d3562cc8a5.jpg

https://gss0.bdstatic.com/94o3dSag_xI4khGkpoWK1HF6hhy/baike/c0%3Dbaike92%2C5%2C5%2C92%2C30/sign=03d68e79cb8065386fe7ac41f6b4ca21/fd039245d688d43f17519ac57c1ed21b0ef43b08.jpg
https://gss3.bdstatic.com/7Po3dSag_xI4khGkpoWK1HF6hhy/baike/c0%3Dbaike80%2C5%2C5%2C80%2C26/sign=4f6732f330adcbef15397654cdc645b8/b7fd5266d016092434dda92cd50735fae6cd3408.jpg
https://gss0.bdstatic.com/-4o3dSag_xI4khGkpoWK1HF6hhy/baike/c0%3Dbaike92%2C5%2C5%2C92%2C30/sign=4f1b8a888d5494ee932f074b4c9c8b9b/aec379310a55b3195701894242a98226cffc1708.jpg
https://gss3.bdstatic.com/7Po3dSag_xI4khGkpoWK1HF6hhy/baike/c0%3Dbaike92%2C5%2C5%2C92%2C30/sign=5d9def0eb2de9c82b268f1dd0de8eb6f/f9198618367adab4852810748ad4b31c8701e409.jpg
https://gss0.bdstatic.com/-4o3dSag_xI4khGkpoWK1HF6hhy/baike/c0%3Dbaike92%2C5%2C5%2C92%2C30/sign=7adb96d4fc1f4134f43a0d2c4476feaf/060828381f30e924645c97064d086e061d95f709.jpg
https://gss0.bdstatic.com/94o3dSag_xI4khGkpoWK1HF6hhy/baike/c0%3Dbaike92%2C5%2C5%2C92%2C30/sign=8fccf73a71cf3bc7fc0dc5beb069d1c4/0bd162d9f2d3572cf91a97eb8b13632762d0c309.jpg
https://gss0.bdstatic.com/94o3dSag_xI4khGkpoWK1HF6hhy/baike/c0%3Dbaike92%2C5%2C5%2C92%2C30/sign=6a80e88fd53f8794c7f2407cb3726591/3c6d55fbb2fb431695e7714d21a4462309f7d309.jpg
https://gss2.bdstatic.com/9fo3dSag_xI4khGkpoWK1HF6hhy/baike/c0%3Dbaike92%2C5%2C5%2C92%2C30/sign=01f877530823dd54357eaf3ab060d8bb/728da9773912b31b7abac61e8718367adab4e137.jpg

https://gss0.bdstatic.com/94o3dSag_xI4khGkpoWK1HF6hhy/baike/c0%3Dbaike92%2C5%2C5%2C92%2C30/sign=c9d54df783025aafc73f76999a84c001/359b033b5bb5c9ea0d0808d4d439b6003af3b309.jpg
https://gss0.bdstatic.com/94o3dSag_xI4khGkpoWK1HF6hhy/baike/c0%3Dbaike92%2C5%2C5%2C92%2C30/sign=9f837dae8326cffc7d27b7e0d86821f5/b3119313b07eca804dfe32d0902397dda1448309.jpg
https://gss1.bdstatic.com/-vo3dSag_xI4khGkpoWK1HF6hhy/baike/c0%3Dbaike92%2C5%2C5%2C92%2C30/sign=8597c61e8718367ab984778f4f1ae0b1/0df431adcbef76097ef092a82fdda3cc7cd99e09.jpg
https://gss3.bdstatic.com/-Po3dSag_xI4khGkpoWK1HF6hhy/baike/c0%3Dbaike92%2C5%2C5%2C92%2C30/sign=9cc7ea0034fae6cd18b9a3336eda6441/f7246b600c338744e014244b500fd9f9d72aa037.jpg
