
https://upload.wikimedia.org/wikipedia/commons/0/03/%E5%8F%B0%E7%81%A3%E8%80%81%E6%9D%BE%E5%9C%8B%E5%B0%8F%E4%BD%BF%E5%90%9B%E5%AD%90DSC_6979.JPG	https://zh.wikipedia.org/wiki/%E4%BD%BF%E5%90%9B%E5%AD%90
https://upload.wikimedia.org/wikipedia/commons/thumb/9/90/Quisqualis_indica_0003.jpg/250px-Quisqualis_indica_0003.jpg	https://zh.wikipedia.org/wiki/%E4%BD%BF%E5%90%9B%E5%AD%90
http://serv.oga.ncku.edu.tw/ezfiles/72/1072/img/1561/P1110591.jpg	http://serv.oga.ncku.edu.tw/m/412-1072-12068.php?Lang=zh-tw
https://upload.wikimedia.org/wikipedia/commons/thumb/9/9e/Quisqualis_indica_MS4133.JPG/250px-Quisqualis_indica_MS4133.JPG	https://zh.wikipedia.org/wiki/%E4%BD%BF%E5%90%9B%E5%AD%90
http://163.17.203.129/bakup/green/%E4%BD%BF%E5%90%9B%E5%AD%90/%E4%BD%BF%E5%90%9B%E5%AD%9012.JPG	http://163.17.203.129/bakup/green/%E4%BD%BF%E5%90%9B%E5%AD%90/%E4%BD%BF%E5%90%9B%E5%AD%90.htm
http://163.17.203.129/bakup/green/%E4%BD%BF%E5%90%9B%E5%AD%90/%E4%BD%BF%E5%90%9B%E5%AD%901.JPG	http://163.17.203.129/bakup/green/%E4%BD%BF%E5%90%9B%E5%AD%90/%E4%BD%BF%E5%90%9B%E5%AD%90.htm
http://4.bp.blogspot.com/-GlAa9JxNi1o/U-IoMx6mvtI/AAAAAAAA8Fw/pukKxrR7-0Y/s1600/Rangoon+Creeper+3+(sm).JPG	http://cshuang2.blogspot.com/2014/08/rangoon-creeper.html
http://icontent.nkps.tp.edu.tw/naturesci/files/12/28/201208151614582192.jpg	http://icontent.nkps.tp.edu.tw/naturesci/Intro.aspx?specID=371&TaxonID=28&funcID=0
http://www.zhongyaoyi.com/d/file/tupian/2015-08-16/3f562d2ef18b0b21a8f47c120293aa79.jpg	http://www.zhongyaoyi.com/t/shijunzi/
http://163.17.203.129/bakup/green/%E4%BD%BF%E5%90%9B%E5%AD%90/%E4%BD%BF%E5%90%9B%E5%AD%9013.JPG	http://163.17.203.129/bakup/green/%E4%BD%BF%E5%90%9B%E5%AD%90/%E4%BD%BF%E5%90%9B%E5%AD%90.htm
https://i.ytimg.com/vi/sDbYejo81oo/maxresdefault.jpg	https://www.youtube.com/watch?v=sDbYejo81oo
http://www.bst.nutn.edu.tw/chi/public_html/plant/column/column08_clip_image002.jpg	http://www.bst.nutn.edu.tw/chi/public_html/plant/column/column08.htm
http://blog.udn.com/community/img/PSN_PHOTO/fan0522/f_1828696_1.jpg	http://blog.udn.com/fan0522/1923484
http://file.cnkang.com/cnkfile1/M00/12/47/ooYBAFkIdNyADiqwAAD4CSgLYK492.jpeg	http://www.cnkang.com/cm/197001/1580927.html
https://lh6.googleusercontent.com/-GprVih_WLDM/UDft-Vb9gUI/AAAAAAAASYk/Jq4HEIQg17M/s800/0542-01.jpg	http://blog.xuite.net/herandsheandme/twblog/152302183-%E4%BD%BF%E5%90%9B%E5%AD%90
http://fhk.nmns.edu.tw/files/c/%E4%BD%BF%E5%90%9B%E5%AD%90-1.jpg	http://fhk.nmns.edu.tw/evey/index.asp?m=99&m1=3&m2=97&id=169
http://serv.oga.ncku.edu.tw/ezfiles/72/1072/img/1561/P1040641.jpg	http://serv.oga.ncku.edu.tw/m/412-1072-12068.php?Lang=zh-tw
http://gate.sinovision.net:82/gate/big5/cdnwww.sinovision.net/data/attachment/album/201308/03/170204qyazxe20ojy0qaxw.jpg	http://gate.sinovision.net:82/gate/big5/blog.sinovision.net/space/do/blog/uid/30435/id/208063.html
https://pic.pimg.tw/a780615/1470387414-3127330234.jpg	http://a780615.pixnet.net/blog/post/450503672-%E4%BD%BF%E5%90%9B%E5%AD%90
http://4.bp.blogspot.com/-Ir99V2TV9Vo/U-IoTi_tW5I/AAAAAAAA8F4/H8zGLVqMi3A/s1600/Rangoon+Creeper+2+(sm).JPG	http://cshuang2.blogspot.com/2014/08/rangoon-creeper.html
http://farm3.staticflickr.com/2872/11112407104_c7a11981c9.jpg	http://e-info.org.tw/node/95338
http://pic.pimg.tw/obsmurmur/1311671123-8a89a49006df8ab04344c50569630ba7_l.jpg	http://obsmurmur.pixnet.net/blog/post/69464621-%E7%AB%B9%E5%8C%97-%E4%BB%81%E6%84%9B%E5%9C%8B%E4%B8%AD-%E4%BD%BF%E5%90%9B%E5%AD%90
http://pic3.nipic.com/20090708/1993003_203155016_2.jpg	http://www.nipic.com/show/1/44/a4421dab97b29c7b.html
http://5.blog.xuite.net/5/e/1/e/23192616/blog_2170861/txt/46243562/0.jpg	http://blog.xuite.net/c117113/blog/46243562-%E4%BD%BF%E5%90%9B%E5%AD%90
http://163.17.203.129/bakup/green/%E4%BD%BF%E5%90%9B%E5%AD%90/%E4%BD%BF%E5%90%9B%E5%AD%90-%E8%91%8901.JPG	http://163.17.203.129/bakup/green/%E4%BD%BF%E5%90%9B%E5%AD%90/%E4%BD%BF%E5%90%9B%E5%AD%90.htm
https://upload.wikimedia.org/wikipedia/commons/thumb/8/89/%E5%8F%B0%E7%81%A3%E8%80%81%E6%9D%BE%E5%9C%8B%E5%B0%8F%E4%BD%BF%E5%90%9B%E5%AD%90DSC_6977.JPG/250px-%E5%8F%B0%E7%81%A3%E8%80%81%E6%9D%BE%E5%9C%8B%E5%B0%8F%E4%BD%BF%E5%90%9B%E5%AD%90DSC_6977.JPG	https://zh.wikipedia.org/wiki/%E4%BD%BF%E5%90%9B%E5%AD%90
http://pic.pimg.tw/bv4kf/1386207548-3308568116.jpg	http://bv4kf.pixnet.net/blog/post/39415141-%E8%8A%B1%E5%A7%BF%E6%98%8E%E8%89%B7%E9%A6%99%E5%91%B3%E8%BF%B7%E4%BA%BA.......%E4%BD%BF%E5%90%9B%E5%AD%90
http://farm5.static.flickr.com/4101/4736082250_185e80f500.jpg	http://blog.roodo.com/abun3/archives/12796729.html
http://dn4geg.bay.livefilestore.com/y1ppnfjx0HBXAu3fY3MxIaQYLRDTtC0FeunzWofKdqqSftKvOgnRTfL1hxjgyU7v7ckoTMV2DZAxI8/0711-D2092.jpg	http://blog.udn.com/vincent1070/2062830
https://gss0.bdstatic.com/-4o3dSag_xI4khGkpoWK1HF6hhy/baike/s%3D220/sign=bbf6af1791504fc2a65fb707d5dce7f0/a71ea8d3fd1f413403d226612f1f95cad0c85ec3.jpg	https://baike.baidu.com/item/%E4%BD%BF%E5%90%9B%E5%AD%90
http://p.d1xz.net/2014/7/4/103059645964.jpg	http://www.d1xz.net/astro/huayu/art55869.aspx
https://www.jiankangti.com/uploads/201407/1405910990O72glB2u.jpg	https://www.jiankangti.com/doc-view-411.html
https://www.huabaike.com/uploads/allimg/sltimg/201611/58202506dd66a.jpg	https://www.huabaike.com/tbzw/5571.html
http://163.17.203.129/bakup/green/%E4%BD%BF%E5%90%9B%E5%AD%90/%E4%BD%BF%E5%90%9B%E5%AD%90-%E8%91%8902.JPG	http://163.17.203.129/bakup/green/%E4%BD%BF%E5%90%9B%E5%AD%90/%E4%BD%BF%E5%90%9B%E5%AD%90.htm
http://dn4geg.bay.livefilestore.com/y1pQIfaWE-sqcdamEKV5ebIPTPmj7ilc7Y8clnU7U0107CF7-D0-ETmwXzk09xRnOaTBQC5qaI8S7U/0711-D2080.jpg	http://blog.udn.com/vincent1070/2062830
http://kplant.biodiv.tw/%E4%BD%BF%E5%90%9B%E5%AD%90/%E4%BD%BF%E5%90%9B%E5%AD%90-%E8%8A%B112.JPG	http://kplant.biodiv.tw/%E4%BD%BF%E5%90%9B%E5%AD%90/%E4%BD%BF%E5%90%9B%E5%AD%90.htm
http://kplant.biodiv.tw/%E4%BD%BF%E5%90%9B%E5%AD%90/%E4%BD%BF%E5%90%9B%E5%AD%9004.JPG	http://kplant.biodiv.tw/%E4%BD%BF%E5%90%9B%E5%AD%90/%E4%BD%BF%E5%90%9B%E5%AD%90.htm
https://www.hrd.gov.tw/UpFile/_userfiles/EDM75-0805.JPG	https://www.hrd.gov.tw/content/about/about06in.aspx?sid=32
http://farm4.static.flickr.com/3188/2681651806_346edd5eb5.jpg	https://www.peopo.org/news/20687
http://4.bp.blogspot.com/-mWwuGLJZ7xM/Urbf8X4ajPI/AAAAAAAAAFs/proafKODEzQ/s1600/1044703_656651894346862_1917486344_n.jpg	http://yoreherb.blogspot.com/2013/12/blog-post_8036.html
https://a.share.photo.xuite.net/pearlmelody/1ac9b10/12809001/647282663_m.jpg	http://blog.xuite.net/pearlmelody/twblog/140993665-%E4%BD%BF%E5%90%9B%E5%AD%90%E7%A8%AE%E6%A4%8D%E6%B3%A8%E6%84%8F%E4%BA%8B%E9%A0%85
http://pic.pimg.tw/chingmaio/7bfb84648691b2052492461249605461.jpg	http://chingmaio.pixnet.net/blog/post/27378750-%E8%8A%B1%E6%9E%B6%E6%A4%8D%E7%89%A9%E5%A5%BD%E9%81%B8%E6%93%87--%E4%BD%BF%E5%90%9B%E5%AD%90
http://www.scib.cas.cn/lyfw/hx/201205/W020120525340859579631.jpg	http://www.scib.cas.cn/lyfw/hx/201205/t20120525_3584900.html
http://pic.pimg.tw/m665/1418481464-3245372288_n.jpg	http://m665.pixnet.net/blog/post/191436765-%E9%A6%96%E6%AC%A1%E7%B6%BB%E6%94%BE-%E4%BD%BF%E5%90%9B%E5%AD%90
https://www.hrd.gov.tw/UpFile/_userfiles/EDM75-0807.JPG	https://www.hrd.gov.tw/content/about/about06in.aspx?sid=32
http://serv.oga.ncku.edu.tw/ezfiles/72/1072/img/1561/P1040640.jpg	http://serv.oga.ncku.edu.tw/m/412-1072-12068.php?Lang=zh-tw
http://kplant.biodiv.tw/%E4%BD%BF%E5%90%9B%E5%AD%90/%E4%BD%BF%E5%90%9B%E5%AD%90-%E8%8A%B102.JPG	http://kplant.biodiv.tw/%E4%BD%BF%E5%90%9B%E5%AD%90/%E4%BD%BF%E5%90%9B%E5%AD%90.htm
http://kplant.biodiv.tw/%E4%BD%BF%E5%90%9B%E5%AD%90/%E4%BD%BF%E5%90%9B%E5%AD%90-%E8%8A%B104.JPG	http://kplant.biodiv.tw/%E4%BD%BF%E5%90%9B%E5%AD%90/%E4%BD%BF%E5%90%9B%E5%AD%90.htm
https://7.share.photo.xuite.net/ccapollo/17819da/11129773/520653101_m.jpg	http://blog.xuite.net/ccapollo/twblog/131749524-%E4%BD%BF%E5%90%9B%E5%AD%90
http://pic.pingguolv.com/uploads/allimg/131027/53-13102G45115.jpg	http://www.pingguolv.com/zy/gongxiao/6928.html
http://www.zhongyaoyi.com/d/file/tupian/2015-08-16/43784c53398706e1d5654743fe2b5249.jpg	http://www.zhongyaoyi.com/t/shijunzi/
https://www.huabaike.com/uploads/allimg/artimg/201611/20161104173908_53764.jpg	https://www.huabaike.com/yhjq/5586.html
http://pic.pimg.tw/patvickpig/1383880639-2264627724.jpg?v=1383880640	http://patvickpig.pixnet.net/blog/post/296918393-%E5%BE%88%E9%A6%99%E7%9A%84%E5%96%AE%E7%93%A3%E4%BD%BF%E5%90%9B%E5%AD%90
http://www.zhongyaoyi.com/d/file/tupian/2015-08-16/498ca415bc8154c29e0943291e94e589.jpg	http://www.zhongyaoyi.com/t/shijunzi/
http://g.udn.com.tw/upfiles/B_YS/ysc2011/PSN_PHOTO/479/f_12437479_1.JPG	http://blog.udn.com/ysc2011/25710736
https://www.huabaike.com/uploads/allimg/artimg/201611/20161106172842_38644.jpg	https://www.huabaike.com/hyjk/5602.html
http://www.zcyzcy.com/pic/20121018092937957.jpg	http://www.zcyzcy.com/zhongyao/quchong/222.html
https://d.share.photo.xuite.net/yuhyng/1d630cd/6378013/260245680_l.jpg	http://blog.xuite.net/yuhyng/twblog/120516788-%E4%BD%BF%E5%90%9B%E5%AD%90%E8%8A%B1
https://upload.wikimedia.org/wikipedia/commons/0/02/%E5%8F%B0%E7%81%A3%E8%80%81%E6%9D%BE%E5%9C%8B%E5%B0%8F%E4%BD%BF%E5%90%9B%E5%AD%90DSC_6978.JPG	https://zh.wikipedia.org/zh-cn/%E4%BD%BF%E5%90%9B%E5%AD%90
http://www.bst.nutn.edu.tw/chi/public_html/plant/column/column08_clip_image002_0001.jpg	http://www.bst.nutn.edu.tw/chi/public_html/plant/column/column08.htm
https://d.share.photo.xuite.net/yuhyng/1d630bd/6378013/260245664_l.jpg	http://blog.xuite.net/yuhyng/twblog/120516788-%E4%BD%BF%E5%90%9B%E5%AD%90%E8%8A%B1
https://6.share.photo.xuite.net/lccpruns/166d871/7268952/279928089_m.jpg	http://blog.xuite.net/lccpruns/wretch/103256234-%E9%87%8D%E7%93%A3%E4%BD%BF%E5%90%9B%E5%AD%90
http://dn4geg.bay.livefilestore.com/y1p_Mt9j-ejSJik-yjRzuXDOVMA4T85cQbgfrVMDd5NRQGqSMWwGYxrWu1Hn1HRVvjzjn3Wkm_mNQQ/0711-D2117.jpg	http://blog.udn.com/vincent1070/2062830
http://pic.pimg.tw/zinkou/a32708c13da00e05f0401c17c4b07fb5.jpg	http://zinkou.pixnet.net/blog/post/26872158-%E4%BD%BF%E5%90%9B%E5%AD%90%E7%9A%84%E6%B0%A3%E6%A0%B9
https://d.share.photo.xuite.net/m899518/1d2dd83/13519815/700702652_m.jpg	http://blog.xuite.net/m899518/spring/126330819-%E8%8A%B1%E7%80%91%E5%B8%83%E2%80%A7%E4%BD%BF%E5%90%9B%E5%AD%90
https://a.share.photo.xuite.net/pearlmelody/1ac9b8c/12809001/647282787_m.jpg	http://blog.xuite.net/pearlmelody/twblog/140993665-%E4%BD%BF%E5%90%9B%E5%AD%90%E7%A8%AE%E6%A4%8D%E6%B3%A8%E6%84%8F%E4%BA%8B%E9%A0%85
https://i.ytimg.com/vi/S5BcJMkYjDg/maxresdefault.jpg	https://www.youtube.com/watch?v=S5BcJMkYjDg
http://163.21.34.20/small/P/pic0221-0230/%E4%BD%BF%E5%90%9B%E5%AD%90-%E5%AF%8C%E9%99%BD-p12-2.jpg	http://163.21.34.20/small/P/0228.HTM
http://img.zhongyixueyuan.com/2015/12/19/145053827492119.jpg	http://www.zhongyixueyuan.com/shijunzi/2015/1219/931.html
http://pic.pimg.tw/obsmurmur/1311671124-3f5094fa6400552e286d07f2d6cc958a_l.jpg	http://obsmurmur.pixnet.net/blog/post/69464621-%E7%AB%B9%E5%8C%97-%E4%BB%81%E6%84%9B%E5%9C%8B%E4%B8%AD-%E4%BD%BF%E5%90%9B%E5%AD%90
http://2017.wanpi.tw/wp-content/uploads/2017/03/%E4%BD%BF%E5%90%9B%E5%AD%90.jpg	http://2017.wanpi.tw/%E5%AE%A4%E5%85%A7%E5%B1%95%E5%8D%80/%E4%BD%BF%E5%90%9B%E5%AD%90/
http://www.newdruginfo.com/sms/images/shijunzi.jpg	http://www.newdruginfo.com/sms/cs022.htm
http://pic.pimg.tw/pcw9478/1403572615-3664026351.jpg	http://pcw9478.pixnet.net/blog/post/373495529-%E4%BD%BF%E5%90%9B%E5%AD%90%E2%80%94%E5%9D%A6%E7%8E%87%E3%80%81%E5%9D%A6%E8%AA%A0
https://www.knownyou.com.tw/upload/shopproduct/Sim4h84af0L.jpg	https://www.knownyou.com.tw/index.jsp?bodyinclude=PRODUCTDETAIL&pid=900EA676F33C357E817444488E4F5ECCP761&tagname=12
https://d.share.photo.xuite.net/yuhyng/1d630c6/6378013/260245673_l.jpg	http://blog.xuite.net/yuhyng/twblog/120516788-%E4%BD%BF%E5%90%9B%E5%AD%90%E8%8A%B1
https://0.share.photo.xuite.net/amipong/103799e/12293851/600572611_m.jpg	http://blog.xuite.net/amipong/twblog/137661528-%E4%BB%B2%E5%A4%8F%E2%80%9C%E7%B4%85%E9%80%8F%E5%8D%8A%E9%82%8A%E5%A4%A9%E2%80%9D%E7%9A%84%E2%80%9C%E4%BD%BF%E5%90%9B%E5%AD%90%E2%80%9D%E8%8A%B1
http://farm4.static.flickr.com/3177/2681642072_aae16e66cc.jpg	https://www.peopo.org/news/20687
https://www.jiankangti.com/uploads/201407/1405911153LNgAGwQK.jpg	https://www.jiankangti.com/doc-view-411.html
https://www.jiankangti.com/uploads/201407/1405911171XBuTwfVx.jpg	https://www.jiankangti.com/doc-view-411.html
http://www.tcm100.com/Images_ZhongYaoXue/Shijunzi-YuanTai.jpg	http://www.tcm100.com/userReg/JiaoCai/ZhongYaoXue/zzZhongYao234.htm
https://www.huabaike.com/uploads/allimg/artimg/201611/20161104173844_44719.jpg	https://www.huabaike.com/yhjq/5586.html
http://163.19.121.2/kmportal-deluxe/skweb/04plant/plants/30/22-1.jpg	http://163.19.121.2/kmportal-deluxe/skweb/04plant/plants/30/22.htm
http://1.bp.blogspot.com/-EkoiiSssHi8/UrFVNUVEjqI/AAAAAAAAFTg/_L4j7TZThbw/s1600/DSC_0571.JPG	http://kimhong-flower.blogspot.com/2013/12/blog-post_18.html
http://pic.pingguolv.com/uploads/allimg/131027/53-13102G45427.jpg	http://www.pingguolv.com/zy/gongxiao/6928.html
http://pic.pimg.tw/junan9396/1398991756-3066294648_m.jpg	http://junan9396.pixnet.net/blog/post/365897093-%E4%BD%BF%E5%90%9B%E5%AD%90%E8%8A%B1%E6%BC%AB%E5%A6%99%E6%B8%85%E9%9D%88
http://pic.pimg.tw/a780615/1404482421-4015306060.jpg	http://a780615.pixnet.net/blog/post/375709748-%E4%BD%BF%E5%90%9B%E5%AD%90
http://link.photo.pchome.com.tw/s08/slinwang/115/128175216388/	http://blog.udn.com/article/article_print.jsp?uid=amisgin&f_ART_ID=5564571
https://i3.read01.com/uploads/0Eb5jTajr5.jpg	https://read01.com/EA3kAa.html
http://link.photo.pchome.com.tw/s12/qiufeng540/104/134845076687/	http://mypaper.pchome.com.tw/qiufeng540/post/1323248222
http://pic.pimg.tw/patvickpig/1383880647-717111658.jpg	http://patvickpig.pixnet.net/blog/post/296918393-%E5%BE%88%E9%A6%99%E7%9A%84%E5%96%AE%E7%93%A3%E4%BD%BF%E5%90%9B%E5%AD%90
http://farm9.staticflickr.com/8315/8015581966_dcbfb5320c.jpg	https://yuo.nidbox.com/diary/read/8361808
https://gss0.bdstatic.com/-4o3dSag_xI4khGkpoWK1HF6hhy/baike/s%3D220/sign=7ecbf9c74a90f60300b09b450913b370/503d269759ee3d6da1b2f23d43166d224e4aded4.jpg	https://baike.baidu.com/item/%E4%BD%BF%E5%90%9B%E5%AD%90%E7%A7%91
http://pic.pingguolv.com/uploads/allimg/131027/53-13102G44H0.jpg	http://www.pingguolv.com/zy/gongxiao/6928.html
http://www.zhongyao360.com/uploads/allimg/160621/31-1606211H641-50.jpg	http://www.zhongyao360.com/z/shijunzi/
http://www.fasuje.com.tw/images/96/D147.jpg	http://www.fasuje.com.tw/9600/D_1-147.htm
http://2.bp.blogspot.com/-HgxsMVQykCU/U-IoYdNbdCI/AAAAAAAA8GA/AszNRGNNrh0/s1600/Rangoon+Creeper+5+(sm).JPG	http://cshuang2.blogspot.com/2014/08/rangoon-creeper.html
https://www.hrd.gov.tw/UpFile/_userfiles/EDM75-0804.JPG	https://www.hrd.gov.tw/content/about/about06in.aspx?sid=32
https://www.jiankangti.com/uploads/201407/14059111334Rgx6f18.jpg	https://www.jiankangti.com/doc-view-411.html
http://163.21.34.20/small/P/pic0221-0230/%E4%BD%BF%E5%90%9B%E5%AD%90-%E8%8A%B1-%E5%BF%A0%E7%BE%A9%E5%B7%B73%E5%BC%84-p73-12.jpg	http://163.21.34.20/small/P/0228.HTM
http://pic.pimg.tw/caspar328/1407484408-3746345407.jpg	http://taiwanking68.pixnet.net/blog/post/384115124-%E8%B3%9E%E8%8A%B1%E7%B3%BB%E5%88%97%E2%80%93%E7%B4%85%E8%91%89%E9%87%91%E8%8A%B1%E3%80%81%E9%87%8E%E7%89%A1%E4%B8%B9%E3%80%81%E9%A6%AC%E6%AB%BB%E4%B8%B9%E5%92%8C%E4%BD%BF%E5%90%9B
