
http://www.baihuamen.com/d/file/2014/05-28/44e3917bd656a830c0b903003e82cfa6.jpg	http://www.baihuamen.com/douchunshihu/
https://pic.pimg.tw/raywang1016/1444719546-3794247687_m.jpg?v=1444719551	http://raywang1016.pixnet.net/blog/post/319127618-%E5%A4%A9%E5%AE%AE%E7%9F%B3%E6%96%9B-%E5%80%92%E5%9E%82%E6%98%A5%E7%9F%B3%E6%96%9B-%E7%80%91%E5%B8%83%E7%9F%B3%E6%96%9B-%E5%85%9C%E5%94%87%E7%9F%B3%E6%96%9B
http://img.boqiicdn.com/Data/BK/P/imagick60481450776524.jpg	http://www.boqii.com/entry/detail/2351.html
http://www.huayugu.com.cn/uploads/allimg/160817/1-160QG143340-L.jpg	http://www.huayugu.com.cn/douchunshihu/
http://pic.pimg.tw/luku100/1178000797.jpg	http://luku100.pixnet.net/album/photo/52532689
http://www.huayugu.com.cn/uploads/allimg/160817/1-160QG144420-L.jpg	http://www.huayugu.com.cn/douchunshihu/
http://pic.baike.soso.com/p/20120416/20120416150721-891419049.jpg	http://baike.sogou.com/GetLemmaRelationTablePageV2.v?lemmaId=826119&lemmaTitle=%E5%85%9C%E5%94%87%E7%9F%B3%E6%96%9B
http://pic.pimg.tw/luku100/1209295913.jpg	http://luku100.pixnet.net/album/photo/88115703
http://i1313.photobucket.com/albums/t546/sam22222/DSC_0902a_zpsshppr32k.jpg	http://hkplants.com/thread-179868-1-1.html
http://www.baihuamen.com/d/file/2014/05-28/970d8b03c58ff768b0699f17b55694d6.jpg	http://www.baihuamen.com/douchunshihu/
http://img.mp.sohu.com/upload/20170701/88947029ed9545f49c7f73e9b805746c_th.png	http://www.sohu.com/a/153513111_676730
http://img.redocn.com/sheying/20170411/douchunshilan_8088147.jpg	http://sucai.redocn.com/dongwuzhiwu_8088147.html
http://a4.att.hudong.com/87/71/01300001213816130399718405220_s.jpg	http://www.baike.com/wiki/%E5%85%9C%E5%94%87%E7%9F%B3%E6%96%9B
http://image82.360doc.com/DownloadImg/2015/02/1321/50159946_1.jpg	http://www.360doc.com/content/15/0213/21/16967035_448445796.shtml
http://img.boqiicdn.com/Data/BK/P/imagick38131450776421.jpg	http://www.boqii.com/entry/detail/2351.html
http://www.21miaomu.com/file/upload/201302/23/21-28-08-58-1.jpg	http://www.21miaomu.com/news/lanhua/2013/02/1116.html
http://www.baihuamen.com/d/file/2014/05-28/b311815591bc25560dcef5928dad318e.jpg	http://www.baihuamen.com/douchunshihu/
http://www.52yhua.com/uploads/allimg/160718/1-160GR23128.jpg	http://www.52yhua.com/lanketp/3032.html
http://a1.att.hudong.com/75/71/01300000668094128382713377080_s.jpg	http://www.baike.com/wiki/%E5%85%9C%E5%94%87%E7%9F%B3%E6%96%9B
http://www.xiangcun.com.cn/file/upload/201304/26/11-12-40-69-68.jpg	http://www.xiangcun.com.cn/shihu/201304/26/970.html
https://4.share.photo.xuite.net/css5333/14ca026/9703820/427954586_m.jpg	http://blog.xuite.net/css5333/twblog/120252122
https://4.share.photo.xuite.net/css5333/14ca0b6/9703820/428289066_m.jpg	http://blog.xuite.net/css5333/twblog/120252122
http://tu.qt3191.com/allimg/c110627/13091620420XF-204N2.gif	http://www.qt3191.com/lankezhiwutupian/55879.html
http://pic1.win4000.com/pic/9/d9/d5971337710.jpg_195.jpg	http://www.win4000.com/meinv112025.html
http://www.baihuamen.com/d/file/2014/05-28/c50f6a2db8ab13b5f26b2526e344546f.jpg	http://www.baihuamen.com/douchunshihu/16806.html
http://image66.360doc.com/DownloadImg/2013/10/2315/36184516_1.jpg	http://www.360doc.com/content/13/1023/15/1630322_323534516.shtml
https://pic.pimg.tw/raywang1016/1444719546-609420265_m.jpg?v=1444719555	http://raywang1016.pixnet.net/blog/post/319127618-%E5%A4%A9%E5%AE%AE%E7%9F%B3%E6%96%9B-%E5%80%92%E5%9E%82%E6%98%A5%E7%9F%B3%E6%96%9B-%E7%80%91%E5%B8%83%E7%9F%B3%E6%96%9B-%E5%85%9C%E5%94%87%E7%9F%B3%E6%96%9B
http://pic1.win4000.com/pic/9/d9/d5971337709.jpg	http://www.win4000.com/meinv112025.html
http://www.52yhua.com/uploads/allimg/160718/1-160GR23132.jpg	http://www.52yhua.com/lanketp/3032.html
http://www.tylsh.cn/Upload/Pic/2014043055894189.jpg	http://www.tylsh.cn/cpzx/show-14-10-1.html
http://g-search1.alicdn.com/bao/uploaded/i1/TB1FVtcRVXXXXasXpXXXXXXXXXX_!!0-item_pic.jpg_240x240q50	http://tw.taobao.com/product/%E5%85%9C%E5%94%87%E7%9F%B3%E6%96%9B.htm
http://www.huayugu.com.cn/uploads/allimg/160817/1-160QG153010-L.jpg	http://www.huayugu.com.cn/douchunshihu/
https://4.share.photo.xuite.net/css5333/14ca0cb/9703820/427364671_m.jpg	http://blog.xuite.net/css5333/twblog/120252122
http://www.baihuamen.com/d/file/2014/05-28/169b960aa2962da8871408cedbba5be8.jpg	http://www.baihuamen.com/douchunshihu/
http://www.yn999.cn/wp-content/uploads/2015/08/%E5%85%9C%E5%94%87%E7%9F%B3%E6%96%9B%E5%9F%BA%E5%9C%B004-600x371.jpg	http://www.yn999.cn/?tag=%E7%9F%B3%E6%96%9B
http://pic.wit0.com/pic/gd3/alicdn/server/bao/uploaded/i3/10653030034498655/T1YW6pFcJjXXXXXXXX_!!0-item_pic.jpg_310x310.jpg	http://simao.wit0.com/shop/c72/tc568b98e665.html
http://www.shihu360.com/UploadFiles/shzs/2013/3/201303291035146386.jpg	http://www.shihu360.com/zhishi/wx/3200
http://pic1.win4000.com/pic/6/78/d0be1337703.jpg_195.jpg	http://www.win4000.com/meinv112025.html
http://xshihu.com/wp-content/uploads/2015/05/B9161218581.jpg	http://xshihu.com/tupian/222.html
http://s6.sinaimg.cn/mw690/001LPod7zy7ac0Biepv25&690	http://blog.sina.com.cn/s/blog_60bb01c50102wwmy.html
http://s15.sinaimg.cn/mw690/002W2hjBgy6Sf3cn9703e&690	http://blog.sina.com.cn/s/blog_a053a5530102vria.html
http://www.52yhua.com/uploads/allimg/160718/1-160GR23116.jpg	http://www.52yhua.com/lanketp/3032.html
https://pic.pimg.tw/raywang1016/1444719546-2357448416_m.jpg	http://raywang1016.pixnet.net/blog/post/319127618-%E5%A4%A9%E5%AE%AE%E7%9F%B3%E6%96%9B-%E5%80%92%E5%9E%82%E6%98%A5%E7%9F%B3%E6%96%9B-%E7%80%91%E5%B8%83%E7%9F%B3%E6%96%9B-%E5%85%9C%E5%94%87%E7%9F%B3%E6%96%9B
http://www.21miaomu.com/file/upload/201302/15/00-13-01-22-1.png	http://www.21miaomu.com/news/lanhua/2013/02/960.html
http://xshihu.com/wp-content/uploads/2015/05/10-130202220T8.jpg	http://xshihu.com/tupian/222.html
http://g-search2.alicdn.com/bao/uploaded/i4/2083793831/TB2j2qNbU3iyKJjy1zeXXbxZFXa_!!2083793831.jpg_240x240q50	http://tw.taobao.com/product/%E5%85%9C%E5%94%87%E7%9F%B3%E6%96%9B.htm
http://www.huayugu.com.cn/uploads/allimg/160817/1-160QG14H20-L.jpg	http://www.huayugu.com.cn/douchunshihu/18040.html
http://s5.sinaimg.cn/mw690/002W2hjBgy6Sf3ckf3Ka4&690	http://blog.sina.com.cn/s/blog_a053a5530102vria.html
http://s8.sinaimg.cn/mw690/002eWvsOgy6ImCjF9kPd7&690	http://blog.sina.com.cn/s/blog_7a5f7d460101swhm.html
http://s3.sinaimg.cn/mw690/002W2hjBgy6Sf3clF8612&690	http://blog.sina.com.cn/s/blog_a053a5530102vria.html
https://4.share.photo.xuite.net/css5333/14ca0f7/9703820/427800683_m.jpg	http://blog.xuite.net/css5333/twblog/120252122
http://s12.sinaimg.cn/mw690/002W2hjBgy6Sf3ciaTh1b&690	http://blog.sina.com.cn/s/blog_a053a5530102vria.html
http://s1.sinaimg.cn/mw690/002W2hjBgy6Sf3clcm400&690	http://blog.sina.com.cn/s/blog_a053a5530102vria.html
https://4.share.photo.xuite.net/css5333/14ca0fa/9703820/428129390_m.jpg	http://blog.xuite.net/css5333/twblog/120252122
https://pic.pimg.tw/raywang1016/1493728747-3519890845_n.jpg	http://raywang1016.pixnet.net/blog/post/319127618-%E5%A4%A9%E5%AE%AE%E7%9F%B3%E6%96%9B-%E5%80%92%E5%9E%82%E6%98%A5%E7%9F%B3%E6%96%9B-%E7%80%91%E5%B8%83%E7%9F%B3%E6%96%9B-%E5%85%9C%E5%94%87%E7%9F%B3%E6%96%9B
http://img.xunhai.com/2015/11/26/144850955486932.jpg	http://www.xunhai.com/douchunshihu/
https://gss2.bdstatic.com/-fo3dSag_xI4khGkpoWK1HF6hhy/baike/s%3D220/sign=731f05bed2c8a786ba2a4d0c5709c9c7/0eb30f2442a7d9339e954137ae4bd11373f001b0.jpg	https://baike.baidu.com/item/%E5%85%9C%E5%94%87%E7%9F%B3%E6%96%9B
http://www.yn999.cn/wp-content/uploads/2015/08/%E5%85%9C%E5%94%87%E7%9F%B3%E6%96%9B%E5%9F%BA%E5%9C%B018.jpg	http://www.yn999.cn/?p=754
http://s7.sinaimg.cn/mw690/001LPod7zy7ac0DydD006&690	http://blog.sina.com.cn/s/blog_60bb01c50102wwmy.html
http://s4.sinaimg.cn/mw690/001LPod7zy7ac0IjrTt03&690	http://blog.sina.com.cn/s/blog_60bb01c50102wwmy.html
http://s5.sinaimg.cn/mw690/002eWvsOgy6ImCgz2ZKa4&690	http://blog.sina.com.cn/s/blog_7a5f7d460101swhm.html
http://g-search2.alicdn.com/bao/uploaded/i2/474570653/TB2jMp4nXXXXXXEXXXXXXXXXXXX_!!474570653.jpg_240x240q50	http://tw.taobao.com/product/%E5%85%9C%E5%94%87%E7%9F%B3%E6%96%9B.htm
http://a4.att.hudong.com/81/78/01300001214397130382787429764_s.jpg	http://www.baike.com/wiki/%E5%85%9C%E5%94%87%E7%9F%B3%E6%96%9B
http://s7.sinaimg.cn/bmiddle/4eb3616d44b611a14b536	http://blog.sina.com.cn/s/blog_4eb3616d010090gm.html
http://upload-images.jianshu.io/upload_images/5617835-412fc2acfd2f178e.jpg?imageMogr2/auto-orient/strip%7CimageView2/2/w/1080/q/50	http://www.jianshu.com/p/638f89ad3b6e
http://s7.sinaimg.cn/mw690/001LPod7zy7ac0L2csee6&690	http://blog.sina.com.cn/s/blog_60bb01c50102wwmy.html
http://g-search3.alicdn.com/bao/uploaded/i3/TB1Yl9UIXXXXXbEXXXXXXXXXXXX_!!0-item_pic.jpg_240x240q50	http://tw.taobao.com/product/%E5%85%9C%E5%94%87%E7%9F%B3%E6%96%9B.htm
http://pics9.hmlan.com/hmlan_pics_2011_2/auction/middle/2012/4/9/fc7a9a17-86c4-48ed-950d-98cc0cd38d28.jpg	http://www.hmlan.com/auction/auction_item_20124931341906.htm
http://www.yn999.cn/wp-content/uploads/2015/08/%E5%85%9C%E5%94%87%E7%9F%B3%E6%96%9B%E5%9F%BA%E5%9C%B011.jpg	http://www.yn999.cn/?p=754
http://pics8.hmlan.com/hmlan_pics9/batch_auction/middle/2010/6/3/d87ca4126b2740bcea29528a977678ed127556920632813.jpg	http://www.hmlan.com/auction/auction_item_201063204552421.htm
http://img.boqiicdn.com/Data/BK/A/1512/22/imagick94301450764303_y.jpg	http://www.boqii.com/entry/detail/2351.html
http://www.tpsh.cn/htdocs/a/4/tpsh35/resource/product/44ebc74c6912d98d1d6372f546d5b171_500.jpg	http://www.tpsh.cn/chanpinzhongxin-123081-34065.html
http://s14.sinaimg.cn/bmiddle/4eb3616d44b611b65652d	http://blog.sina.com.cn/s/blog_4eb3616d010090gm.html
http://a0.att.hudong.com/70/72/300001213816130399725988170_140.jpg	http://www.baike.com/wiki/%E5%85%9C%E5%94%87%E7%9F%B3%E6%96%9B
http://f.rimg.com.tw/s1/0/e6/e3/21642059462371_65_m.jpg	http://goods.ruten.com.tw/item/show?21642059462371
http://tu.qt3191.com/allimg/c110627/130916204221B0-231635.gif	http://www.qt3191.com/lankezhiwutupian/55879.html
https://img.ruten.com.tw/s1/9/61/b3/21309111691699_32.jpg	http://goods.ruten.com.tw/item/show?21309111691699
http://xshihu.com/wp-content/uploads/2015/05/A2161228671.jpg	http://xshihu.com/tupian/222.html
http://bbs.yuanlin.com/DotBBSUploads/Pub/2014/10-29/c9239da3-691b-4f21-ac4c-b373f81197cf.jpg	http://bbs.yuanlin.com/Topic-39246.htm
http://s11.sinaimg.cn/mw690/002W2hjBgy6Sf3cxLAe9a&690	http://blog.sina.com.cn/s/blog_a053a5530102vria.html
https://img.ruten.com.tw/s1/d/56/0f/21720331175439_942.jpg	http://goods.ruten.com.tw/item/show?21720331175439
http://img03.sogoucdn.com/net/a/100520101/link?appid=100520101&url=http://mmbiz.qpic.cn/mmbiz/eIiaYWtM9EGicrSUriaGVbaSFBC6zOAYhPQMaLyJfTdqYuSOg2rnpyKkc1EOLiale7mzKQfzicjNW3GSQat5dVrAADA/0	http://baike.m.sogou.com/baike/weixinArticle.jsp?lid=826119&g_ut=3&title=%E5%85%9C%E5%94%87%E7%9F%B3%E6%96%9B
http://www.huayugu.com.cn/uploads/allimg/160817/1-160QG14Z30-L.jpg	http://www.huayugu.com.cn/douchunshihu/
https://gw.alicdn.com/bao/uploaded/i3/386838227/TB2F21HkXXXXXajXXXXXXXXXXXX_!!386838227.jpg_230x230.jpg	https://www.taobao.com/article/GxC1AxCOCmFWERGD.html
http://img.xunhai.com/2015/11/26/144850956533180.jpg	http://www.xunhai.com/douchunshihu/
https://img.biggo.com.tw/sOs8PvfoW6dxoY5EEGHA4Byl1fzxsdMzgSsSSrRrNK4U/https://f.rimg.com.tw/s1/3/f7/d9/21529114482649_199.jpg	https://biggo.com.tw/s/%E5%A4%A9%E5%AE%AE%E7%9F%B3%E6%96%9B/
http://s11.sinaimg.cn/mw690/001J7UWfzy6QstyTEw22a&690	http://blog.sina.com.cn/s/blog_5e59fa730102vklw.html
http://www.yn999.cn/wp-content/uploads/2015/08/%E5%85%9C%E5%94%87%E7%9F%B3%E6%96%9B%E5%9F%BA%E5%9C%B023.jpg	http://www.yn999.cn/?p=754
http://www.21miaomu.com/file/upload/201302/23/21-28-08-77-1.jpg	http://www.21miaomu.com/news/lanhua/2013/02/1116.html
http://s4.sinaimg.cn/bmiddle/4eb3616d44b611cd301b3	http://blog.sina.com.cn/s/blog_4eb3616d010090gm.html
http://www.neipet.com/wp-content/uploads/2016/08/dcsh1.png	http://www.neipet.com/page/106/
http://s8.sinaimg.cn/mw690/001LPod7zy7ac0z0Sknf7&690	http://blog.sina.com.cn/s/blog_60bb01c50102wwmy.html
http://s9.sinaimg.cn/mw690/001LPod7zy7ac0LoR1C68&690	http://blog.sina.com.cn/s/blog_60bb01c50102wwmy.html
http://www.tylsh.cn/Upload/Pic/2014042944364089.jpg	http://www.tylsh.cn/cpzx/show-14-10-1.html
http://img.xunhai.com/2015/11/26/144850969185442.jpg	http://www.xunhai.com/douchunshihu/
http://s7.sinaimg.cn/middle/691fb83dga2c2085b2e46&690	http://blog.sina.com.cn/s/blog_691fb83d0100tus5.html
http://upload-images.jianshu.io/upload_images/5617835-14824bdc5dad9f1f.jpg?imageMogr2/auto-orient/strip%7CimageView2/2/w/1080/q/50	http://www.jianshu.com/p/638f89ad3b6e
http://www.baihuamen.com/d/file/2014/05-28/956e1130d72c8f652b1468965bba3a4a.jpg	http://www.baihuamen.com/douchunshihu/16806_9.html
http://tu.qt3191.com/allimg/c110627/13091620421LZ-223U2.gif	http://www.qt3191.com/lankezhiwutupian/55879.html
http://wap.yunmencraft.com/Upload/20150815224149fHjC.jpg	http://wap.yunmencraft.com/index.php/shihu/550.html
