
http://www.baihuamen.com/d/file/2014/05-26/afc9129a60bee1220740010f7af39caa.jpg	http://www.guokr.com/post/753812/
http://www.baihuamen.com/d/file/2014/05-26/fb68e8416a05ec80863e7ba348f06de7.jpg	http://www.baihuamen.com/jiasuanjiang/
http://www.baihuamen.com/d/file/2014/05-26/7f926c709b097d84395b6f9082076ad9.jpg	http://www.baihuamen.com/jiasuanjiang/
http://www.baihuamen.com/d/file/2014/05-26/47d28873f85eb97859ada0b92b95deb2.jpg	http://www.baihuamen.com/jiasuanjiang/
http://www.youduo.com/forum/attachments/month_0808/20080810_f5a86cd7df638ef885e6Onj3y40ARlBC.jpg	http://www.youduo.com/forum/thread-30993-1-1.html
http://a1.att.hudong.com/27/50/01300000109321120814508322786_s.jpg	http://www.baike.com/wiki/%E5%81%87%E9%85%B8%E6%B5%86%E5%AD%90
http://www.cnhua.net/uploads/allimg/090616/2209333W8-0.jpg	http://www.cnhua.net/zhiwu/qieke/jiasuanjiang/59072803121.html
http://p.ayxbk.com/images/thumb/1/13/Bkdfz.jpg/220px-Bkdfz.jpg	http://www.a-hospital.com/w/%E5%81%87%E9%85%B8%E6%B5%86
https://upload.wikimedia.org/wikipedia/commons/thumb/e/e0/Nicandra_physalodes_blackspots_leaf_and_flower.JPG/220px-Nicandra_physalodes_blackspots_leaf_and_flower.JPG	https://zh.wikipedia.org/wiki/%E5%81%87%E9%85%B8%E6%B5%86
http://a0.att.hudong.com/74/66/20200000013920144724664048702_s.jpg	http://www.baike.com/wiki/%E5%81%87%E9%85%B8%E6%B5%86
http://img.zwbk.org/baike/spic/2014/04/10/20140410113256020_6664.jpg	http://m.zwbk.org/lemma/433312
http://tu.qt3191.com/allimg/c110627/13091613524460-39291.gif	http://www.qt3191.com/shuipeihuahuitupian/55001.html
http://www.baihuamen.com/d/file/2014/05-26/8f38e4d6370273c9db7af309bcf77d27.jpg	http://www.baihuamen.com/jiasuanjiang/
http://www.baihuamen.com/d/file/2014/05-26/4c58359a17d4fd1620e1b9fb96b27fa2.jpg	http://www.baihuamen.com/jiasuanjiang/16488_10.html
http://img.39yst.com/uploads/2015/0303/1425355003214.jpg	http://www.39yst.com/qry/201503/240055.shtml
http://www.paiwan.com.tw/2b448cdfe2c59339d3b56e5640d1607a.jpg	http://paiwan.com.tw/yellowpage/product_706060-cn.html
http://www.gz-ncp.com/uploadfiles/title/2016y8m27d11h41m48s177.jpg	http://www.gz-ncp.com/product.asp?Cla=23
http://hua36.com/tupian/jiasuanjiang/1.jpg	http://hua36.com/huahui/guanmu/271.html
http://p9.pstatp.com/large/96c000132a3af98977d?123.jpg	http://m.dian321.com/lvyou/1106715.html
https://i1.kknews.cc/large/96e0002adfb3198db2f	https://kknews.cc/zh-my/travel/8me8g.html
http://www.sioc.cas.cn/kxcb/kxtp/tryw/201608/W020160822582279394533.jpg	http://www.sioc.cas.cn/kxcb/kxtp/tryw/201608/t20160822_4653945.html
https://b-ssl.duitang.com/uploads/item/201510/29/20151029190400_yZYJS.thumb.224_0.jpeg	https://www.duitang.com/blogs/tag/?name=%E5%81%87%E9%85%B8%E6%B5%86%E5%B1%9E
http://tu.qt3191.com/allimg/c110627/13091613523KZ-22634.gif	http://www.qt3191.com/shuipeihuahuitupian/55001.html
http://img.xunhai.com/2015/11/26/144849763441905.jpg	http://www.xunhai.com/jiasuanjiang/
http://www.baihuamen.com/d/file/2014/05-26/ab77c69e9c1b5b67b9bc4514c838eef0.jpg	http://www.baihuamen.com/jiasuanjiang/16488.html
http://2.im.guokr.com/FSdW2VHMPJVKTuDolr3YAtemViX1WF12g2CmZXxMOKwgAwAAEgIAAEpQ.jpg?imageView2/1/w/590/h/390	http://www.guokr.com/post/753812/
http://pic15.nipic.com/20110803/4224370_190442442157_2.jpg	http://www.nipic.com/show/1/44/4915986k48885610.html
https://gss2.bdstatic.com/-fo3dSag_xI4khGkpoWK1HF6hhy/baike/s%3D220/sign=af7c3876db1373f0f13f689d940f4b8b/1e30e924b899a9013237fb3b17950a7b0208f5b9.jpg	https://baike.baidu.com/item/%E5%81%87%E9%85%B8%E6%B5%86
http://a3.att.hudong.com/06/66/01100000000000144724664096527_s.jpg	http://www.baike.com/wiki/%E5%81%87%E9%85%B8%E6%B5%86
http://pic15.nipic.com/20110803/4224370_193632466128_2.jpg	http://www.nipic.com/show/1/44/4915987k7f9c067b.html
http://img02.sogoucdn.com/net/a/100520101/link?appid=100520101&url=http://mmbiz.qpic.cn/mmbiz_jpg/AsGUyrx8yEiafewXHVaAapryTKWxvVV6lZic6W7FN9WBx8oDp4LMrpc3EhfA48hS5Ee0MY3VAY3ZpC7brib3riajgw/0?wx_fmt=jpeg	http://baike.m.sogou.com/baike/weixinArticle?lid=6260855&title=%E5%81%87%E9%85%B8%E6%B5%86&g_ut=3
http://img.supfree.net/zhongyao/images/4089_1.jpg	http://zhongyao.m.supfree.net/hao.asp?id=%BC%D9%CB%E1%BD%AC%D7%D3
http://yizitong.org/upload/images11/cache/40b80052cb487e5ab97cb4e0865705cb.jpg	http://www.yizitong.com/china/baike.php?o=%E5%81%87%E9%85%B8%E6%B5%86
http://s2.sinaimg.cn/middle/66019f9ehaf7353242cd1&690	http://blog.sina.com.cn/s/blog_66019f9e0102dvaq.html
http://s7.sinaimg.cn/mw690/bf983511gd2fc33293c66&690	http://blog.sina.com.cn/s/blog_95b767780102vyrk.html
http://www.baihuamen.com/d/file/2014/03-10/4faee9a5852542b1841e8c4c8e21cd9f.jpg	http://www.baihuamen.com/kongquecao1/
http://s9.sinaimg.cn/mw690/bf983511gd2fc32c8c738&690	http://blog.sina.com.cn/s/blog_95b767780102vyrk.html
http://s2.sinaimg.cn/mw690/bf983511gd2fc37a04ff1&690	http://blog.sina.com.cn/s/blog_95b767780102vyrk.html
https://gss2.bdstatic.com/-fo3dSag_xI4khGkpoWK1HF6hhy/baike/s%3D220/sign=edce0d38fc039245a5b5e60db795a4a8/78310a55b319ebc499458d6c8226cffc1e171601.jpg	https://baike.baidu.com/item/%E5%81%87%E9%85%B8%E6%B5%86
http://img.bimg.126.net/photo/WZYBEvhBge5fPhXv21sU3Q==/3949656873220806022.jpg	http://cnflora.lofter.com/post/11d76c_5bbf09
http://s15.sinaimg.cn/mw690/bf983511gd2fc22f9af7e&690	http://blog.sina.com.cn/s/blog_95b767780102vyrk.html
https://s9.rr.itc.cn/r/wapChange/20166_25_8/a54pmc2222511854855.JPEG	https://m.sohu.com/n/456216685/
https://b-ssl.duitang.com/uploads/item/201510/29/20151029190430_SU2AW.thumb.700_0.jpeg	https://www.duitang.com/blogs/tag/?name=%E5%81%87%E9%85%B8%E6%B5%86%E5%B1%9E
http://pic34.nipic.com/20131029/10361790_010405980133_2.jpg	http://www.nipic.com/show/9106069.html
http://img845.ph.126.net/odTYzER9XWzwOOYJ92B7yA==/910290074684102770.jpg	http://blog.163.com/mulin8610@126/blog/static/24969897201010995520573
https://gss1.bdstatic.com/-vo3dSag_xI4khGkpoWK1HF6hhy/baike/w%3D400/sign=97cbbd627b8da9774e2f872b8050f872/f603918fa0ec08fa8c666df651ee3d6d55fbda79.jpg	https://baike.baidu.com/item/%E5%81%87%E9%85%B8%E6%B5%86
http://a1.att.hudong.com/55/66/01100000000000144724664182712_s.jpg	http://www.baike.com/wiki/%E5%81%87%E9%85%B8%E6%B5%86
https://timg02.bdimg.com/timg?wapbaike&quality=60&size=b1000_658crop=&cut_x=0&cut_y=0&cut_w=1000&cut_h=658&sec=1349839550&di=d1d296aa4cbc6c1e439d8b9f517bcf42&src=http://imgsrc.baidu.com/baike/pic/item/ac6eddc451da81cb5b70d9725a66d016082431fe.jpg	https://wapbaike.baidu.com/item/%E5%81%87%E9%85%B8%E6%B5%86
http://pic1.win4000.com/pic/0/7e/862f1344319.jpg	http://www.win4000.com/meinv112660.html
https://b-ssl.duitang.com/uploads/item/201206/22/20120622144700_iWsFA.thumb.224_0.jpeg	https://www.duitang.com/blogs/tag/?name=%E5%81%87%E9%85%B8%E6%B5%86%E5%B1%9E
http://3.im.guokr.com/gkimage/0c/wr/wp/0cwrwp.png	http://www.guokr.com/article/6196/?page=3
http://www.huayugu.com.cn/uploads/allimg/160724/1-160H40920540-L.jpg	http://www.huayugu.com.cn/jiasuanjiang/
http://paiwan.com.tw/yellowpage/images/product_l_706060.jpg	http://paiwan.com.tw/yellowpage/product_706060-cn.html
https://gss0.bdstatic.com/-4o3dSag_xI4khGkpoWK1HF6hhy/baike/s%3D220/sign=f582dde433dbb6fd215be2243924aba6/a8773912b31bb0515c41da373c7adab44aede04c.jpg	https://baike.baidu.com/item/%E5%81%87%E9%85%B8%E6%B5%86%E5%B1%9E
http://www.gz-ncp.com/uploadfiles/title/2016y8m27d11h9m57s378.jpg	http://www.gz-ncp.com/product.asp?Cla=23
http://pic15.nipic.com/20110809/4224370_073303240122_2.jpg	http://www.zw2.cn/zhaotupian/uurTTmMgRB9AvFIU.html
http://www.huayugu.com.cn/uploads/allimg/160724/1-160H40916470-L.jpg	http://www.huayugu.com.cn/jiasuanjiang/
http://pic1.win4000.com/pic/0/7e/862f1344322.jpg	http://www.win4000.com/meinv112660_4.html
http://www.gxyyzwy.com/Files/%E6%AF%8F%E6%9C%88%E8%8A%B1%E4%BA%8B/7%E6%9C%88%E7%9B%9B%E5%BC%80%E8%8A%B1%E5%8D%89/%E5%81%87%E9%85%B8%E6%B5%86DSC_4477.JPG	http://www.gxyyzwy.com/html/qy/1034154.html
http://www.huayugu.com.cn/uploads/allimg/160724/1-160H40914410-L.jpg	http://www.huayugu.com.cn/jiasuanjiang/15017.html
http://www.zhiwutong.com/tu/cvh/liubing/007/02000010.jpg	http://www.zhiwutong.com/dan_tu/70/56447.htm
http://www.huayugu.com.cn/uploads/allimg/160724/1-160H40923360-L.jpg	http://www.huayugu.com.cn/jiasuanjiang/
https://cbu01.alicdn.com/img/ibank/2017/167/702/4413207761_1885968002.220x220.jpg	http://www.1688.com/chanpin/-BCD9CBE1BDAC.html
http://img02.sogoucdn.com/net/a/100520101/link?appid=100520101&url=http://mmbiz.qpic.cn/mmbiz_jpg/uD71Vv2jT9ObYicLbzVFndJJKAGPPrx8ibZXhcIr8KzbdPv6tvdia5HPria4eDAXZtW4hE4iaSnNyookoXWvsLOFqNg/0?wx_fmt=jpeg	http://baike.m.sogou.com/baike/weixinArticle?lid=6260855&title=%E5%81%87%E9%85%B8%E6%B5%86&g_ut=3
http://i.epochtimes.com/assets/uploads/2006/02/18700285_1497469560290498_6523599655514140270_n.jpg	http://www.epochtimes.com/gb/6/2/20/n1230529.htm
http://zyc.360bzl.com/uploadfile/20150601/6042.jpg	http://zyc.360bzl.com/zyzt/suanjiang/
http://www.cbxm.com/uploads/201405/1399870616XMGvwZpl.jpg	http://www.cbxm.com/doc-view-6171.html
http://s2.sinaimg.cn/mw690/001iVkI3zy7bUT5J3upf1&690	http://blog.sina.com.cn/s/blog_474605330102xkf1.html
http://img2.tbcdn.cn/tfscom/i3/34160216/TB2H0LbnpXXXXaHXXXXXXXXXXXX_!!34160216.jpg	http://www.greenseawood.com/maimaimai/%E5%81%87%E9%85%B8%E6%B5%86%E7%B1%BD.html
http://s13.sinaimg.cn/mw690/002n6cJzzy75NrPLkaEfc&690	http://blog.sina.com.cn/s/blog_818e82390102wpf3.html
http://www.gdyuanlin.cn/miaomuimages/%E5%81%87%E9%85%B8%E6%B5%86.jpg	http://www.gdyuanlin.cn/wikipedia/83080032.html
https://a-ssl.duitang.com/uploads/item/201510/29/20151029190443_Pt2Ye.thumb.224_0.jpeg	https://www.duitang.com/blogs/tag/?name=%E5%81%87%E9%85%B8%E6%B5%86%E5%B1%9E
http://img.supfree.net/zhongyao/images/4088_1.jpg	http://zhongyao.m.supfree.net/hao.asp?id=%BC%D9%CB%E1%BD%AC%BB%A8
http://oldflora.linedin.cn/UpLoadFile/Images/52520130618021353%E5%81%87%E9%85%B8%E6%B5%86.jpg	http://wzflora.linedin.cn/ImageTree.aspx?CategoryID=438
https://b-ssl.duitang.com/uploads/item/201510/29/20151029190415_tSiHK.thumb.224_0.jpeg	https://www.duitang.com/blogs/tag/?name=%E5%81%87%E9%85%B8%E6%B5%86%E5%B1%9E
http://www.baihuamen.com/d/file/2014/05-26/2904cb48834c9fdd7d38c0b7c8f606b6.jpg	http://www.baihuamen.com/jiasuanjiang/16488_7.html
http://www.baihuamen.com/d/file/2014/05-26/7e8b04cbc3ffa45ca26d70ea5dbb576c.jpg	http://www.baihuamen.com/jiasuanjiang/16488_2.html
http://img.niaolei.org.cn/wp-uploads/50/rPMgV7MV.jpg	http://niaolei.org.cn/posts/49957
http://img.niaolei.org.cn/wp-uploads/50/FyE6insP.jpg	http://niaolei.org.cn/posts/49960
http://www.baihuamen.com/d/file/2014/05-26/3afe8a20de95aa9ab7b425c5d5aa9b31.jpg	http://www.baihuamen.com/jiasuanjiang/16488_12.html
http://img.niaolei.org.cn/wp-uploads/50/d7uagaXG.jpg	http://niaolei.org.cn/posts/49956
https://gss3.bdstatic.com/-Po3dSag_xI4khGkpoWK1HF6hhy/baike/w%3D268%3Bg%3D0/sign=f9a1cf4a8dd4b31cf03c93bdbfed4042/2cf5e0fe9925bc31ef2cd59158df8db1cb137042.jpg	https://baike.baidu.com/item/%E5%81%87%E9%85%B8%E6%B5%86/18275365
https://gw.alicdn.com/bao/uploaded/i2/351756185/TB2A9rVoNBmpuFjSZFDXXXD8pXa_!!351756185.jpg_230x230.jpg	https://www.taobao.com/article/DkG0CWE-E8DiB9C8.html
http://oldflora.linedin.cn/Images/Update/small_99720130902030817%E5%81%87%E9%85%B8%E6%B5%86.jpg	http://wzflora.linedin.cn/ImageTree.aspx?CategoryID=438
http://s1.sinaimg.cn/middle/4f5e34a244de8d00496e0&000	http://blog.sina.com.cn/s/blog_537896f60102wqjq.html
http://img.xunhai.com/2015/11/26/144849761143815.jpg	http://www.xunhai.com/jiasuanjiang/
https://gw.alicdn.com/bao/uploaded/i2/402821849/TB2TEpuaX95V1Bjy0FfXXXvlFXa_!!402821849.jpg_230x230.jpg	https://www.taobao.com/article/DkG0CWE-E8DiB9C8.html
http://m.huafensi.com/uploads/allimg/141230/1-141230145000924.jpg	http://m.huafensi.com/huahui/jiasuanjiang_769.html
http://pic15.nipic.com/20110803/4224370_194832407156_2.jpg	http://www.nipic.com/show/1/44/4915988kbb2698bc.html
http://zw3wmap1.zw3e.com:8080/zw_news_map/350/2014053/1400898055909195025.jpg	http://www.zw3e.com/bk/guanyezhiwu/wcdbg.html
http://pic1.win4000.com/pic/9/7d/18ea1344355.jpg_195.jpg	http://www.win4000.com/meinv112660.html
https://gw.alicdn.com/bao/uploaded/i3/2176931196/TB20RFEaX55V1Bjy0FnXXc5XFXa_!!2176931196.jpg_230x230.jpg	https://www.taobao.com/article/DkG0CWE-E8DiB9C8.html
http://www.paiwan.com.tw/2de61f8d61e690c24797091cd4cbf239.jpg	http://paiwan.com.tw/yellowpage/product_706060-cn.html
http://s9.sinaimg.cn/mw690/001TVMgvgy71UCp9FEs78&690	http://blog.sina.com.cn/s/blog_67ddfd470102wlq8.html
http://s3.sinaimg.cn/mw690/001TVMgvgy71UCkwJgKc2&690	http://blog.sina.com.cn/s/blog_67ddfd470102wlq8.html
http://frps.eflora.cn/QRCode.ashx?id=67678	http://frps.eflora.cn/frps/Nicandra%20physalodes
https://w9.sanwen8.cn/mmbiz_jpg/uD71Vv2jT9ObYicLbzVFndJJKAGPPrx8ibcdlj5BEvTxCl35r6O2KZmXicw3M9rZbp39IRRPPPZFdsII20iapRcFAw/0?wx_fmt=jpeg	https://sanwen8.cn/p/68bI9uk.html
http://pic1.huashichang.com/2014/0717/11/53c73de211045_140_120.jpg	http://www.aihuhua.com/huahui/jiasuanjiang.html
http://www.paiwan.com.tw/99b1b51aa884cca5164b876e37819396.jpg	http://paiwan.com.tw/yellowpage/product_687850-cn.html
http://tu.qt3191.com/allimg/c110627/130916135226430-1D51.gif	http://www.qt3191.com/shuipeihuahuitupian/55001.html
