
https://gss3.bdstatic.com/7Po3dSag_xI4khGkpoWK1HF6hhy/baike/c0%3Dbaike80%2C5%2C5%2C80%2C26/sign=8e8be62159ee3d6d36cb8f99227f0647/35a85edf8db1cb1396e2c995dd54564e93584ba9.jpg
https://gss0.bdstatic.com/94o3dSag_xI4khGkpoWK1HF6hhy/baike/c0%3Dbaike80%2C5%2C5%2C80%2C26/sign=86ca4ccddab44aed4d43b6b6d275ec64/2fdda3cc7cd98d10013b43b6213fb80e7aec904d.jpg
https://gss2.bdstatic.com/9fo3dSag_xI4khGkpoWK1HF6hhy/baike/c0%3Dbaike80%2C5%2C5%2C80%2C26/sign=35cf5fa07f3e6709aa0d4dad5aaef458/63d9f2d3572c11df3ba51ca4632762d0f603c2c5.jpg

https://gss1.bdstatic.com/-vo3dSag_xI4khGkpoWK1HF6hhy/baike/c0%3Dbaike92%2C5%2C5%2C92%2C30/sign=9aefe80034fae6cd18b9a3336eda6441/f7246b600c338744e63c264b500fd9f9d72aa00f.jpg
https://gss2.bdstatic.com/9fo3dSag_xI4khGkpoWK1HF6hhy/baike/c0%3Dbaike92%2C5%2C5%2C92%2C30/sign=3294062e2cf5e0fefa1581533d095fcd/eac4b74543a982260d7722108b82b9014a90eb57.jpg

https://gss1.bdstatic.com/-vo3dSag_xI4khGkpoWK1HF6hhy/baike/c0%3Dbaike150%2C5%2C5%2C150%2C50/sign=0b03737bfefaaf5190ee89eded3dff8b/fc1f4134970a304ee0077ba7d2c8a786c9175c42.jpg
https://gss0.bdstatic.com/-4o3dSag_xI4khGkpoWK1HF6hhy/baike/c0%3Dbaike92%2C5%2C5%2C92%2C30/sign=fd3691536409c93d13ff06a5fe5493b9/03087bf40ad162d9c6f2b94112dfa9ec8a13cd4b.jpg
https://gss2.bdstatic.com/9fo3dSag_xI4khGkpoWK1HF6hhy/baike/c0%3Dbaike150%2C5%2C5%2C150%2C50/sign=5eb5c659379b033b3885f48874a75db6/a2cc7cd98d1001e9b39ecf52bb0e7bec55e797c9.jpg
https://gss1.bdstatic.com/9vo3dSag_xI4khGkpoWK1HF6hhy/baike/c0%3Dbaike150%2C5%2C5%2C150%2C50/sign=f2f05e3cfb198618554ae7d62b844516/a1ec08fa513d26971805d30056fbb2fb4216d89d.jpg
https://gss1.bdstatic.com/9vo3dSag_xI4khGkpoWK1HF6hhy/baike/c0%3Dbaike92%2C5%2C5%2C92%2C30/sign=a69b1db3b78f8c54f7decd7d5b404690/f636afc379310a55bad305a9b44543a9832610f3.jpg
https://gss3.bdstatic.com/-Po3dSag_xI4khGkpoWK1HF6hhy/baike/c0%3Dbaike92%2C5%2C5%2C92%2C30/sign=b2574226d21373f0e13267cdc566209e/d52a2834349b033b38a1268716ce36d3d539bd46.jpg

https://gss2.bdstatic.com/-fo3dSag_xI4khGkpoWK1HF6hhy/baike/c0%3Dbaike92%2C5%2C5%2C92%2C30/sign=1a345086810a19d8df0e8c575293e9ee/2f738bd4b31c87017700bbd1267f9e2f0708ff57.jpg

https://gss1.bdstatic.com/-vo3dSag_xI4khGkpoWK1HF6hhy/baike/c0%3Dbaike92%2C5%2C5%2C92%2C30/sign=42cc143f1e30e924dba994632d610563/7aec54e736d12f2efcfca7574ec2d5628535680f.jpg

https://gss1.bdstatic.com/9vo3dSag_xI4khGkpoWK1HF6hhy/baike/c0%3Dbaike150%2C5%2C5%2C150%2C50/sign=c8b5edaf972bd40756cadbaf1ae0f534/4b90f603738da977f883f5acb051f8198718e38d.jpg
https://gss1.bdstatic.com/9vo3dSag_xI4khGkpoWK1HF6hhy/baike/c0%3Dbaike150%2C5%2C5%2C150%2C50/sign=a161b181afc3793169658e7b8aaddc20/b999a9014c086e06c4044ccc02087bf40bd1cb8d.jpg
https://gss2.bdstatic.com/-fo3dSag_xI4khGkpoWK1HF6hhy/baike/c0%3Dbaike150%2C5%2C5%2C150%2C50/sign=6d88ad73b74543a9e116f29e7f7ee1e7/0b7b02087bf40ad1bc48b464572c11dfa8ecce8d.jpg
https://gss2.bdstatic.com/-fo3dSag_xI4khGkpoWK1HF6hhy/baike/c0%3Dbaike220%2C5%2C5%2C220%2C73/sign=938de9e6f3deb48fef64a98c9176514c/a71ea8d3fd1f4134f97d76f9251f95cad0c85eea.jpg
https://gss0.bdstatic.com/94o3dSag_xI4khGkpoWK1HF6hhy/baike/c0%3Dbaike150%2C5%2C5%2C150%2C50/sign=dea8cb06cb1349546a13e0363727f93d/d000baa1cd11728bc767ffa5c8fcc3cec2fd2cea.jpg
https://gss0.bdstatic.com/-4o3dSag_xI4khGkpoWK1HF6hhy/baike/c0%3Dbaike150%2C5%2C5%2C150%2C50/sign=40c82a36800a19d8df0e8c575293e9ee/d53f8794a4c27d1e5e6c48431bd5ad6edcc438ea.jpg
https://gss0.bdstatic.com/94o3dSag_xI4khGkpoWK1HF6hhy/baike/c0%3Dbaike150%2C5%2C5%2C150%2C50/sign=2c49f78233fa828bc52e95b19c762a51/d31b0ef41bd5ad6e4db3176d81cb39dbb7fd3cea.jpg
https://gss2.bdstatic.com/9fo3dSag_xI4khGkpoWK1HF6hhy/baike/c0%3Dbaike150%2C5%2C5%2C150%2C50/sign=a18dc43ca61ea8d39e2f7c56f6635b2b/1ad5ad6eddc451da13bc7f6cb6fd5266d11632ea.jpg
https://gss1.bdstatic.com/9vo3dSag_xI4khGkpoWK1HF6hhy/baike/c0%3Dbaike150%2C5%2C5%2C150%2C50/sign=a93963a895cad1c8c4b6f4751e570c6c/5366d0160924ab180e5c92b035fae6cd7a890bea.jpg

https://gss2.bdstatic.com/-fo3dSag_xI4khGkpoWK1HF6hhy/baike/c0%3Dbaike80%2C5%2C5%2C80%2C26/sign=aca777a0a60f4bfb98dd960662261395/d439b6003af33a87c7f51825c45c10385343b570.jpg
https://gss3.bdstatic.com/7Po3dSag_xI4khGkpoWK1HF6hhy/baike/c0%3Dbaike72%2C5%2C5%2C72%2C24/sign=694dc4359c510fb36c147fc5b85aa3f0/500fd9f9d72a6059aaad6b962a34349b023bbaf9.jpg
