
https://gss1.bdstatic.com/9vo3dSag_xI4khGkpoWK1HF6hhy/baike/c0%3Dbaike116%2C5%2C5%2C116%2C38/sign=3efde8f0b78f8c54f7decd7d5b404690/18d8bc3eb13533fa1327bd30abd3fd1f41345b1e.jpg
https://gss0.bdstatic.com/-4o3dSag_xI4khGkpoWK1HF6hhy/baike/c0%3Dbaike80%2C5%2C5%2C80%2C26/sign=201073281e950a7b613846966bb809bc/e61190ef76c6a7efa2038038fefaaf51f3de6682.jpg
https://gss0.bdstatic.com/-4o3dSag_xI4khGkpoWK1HF6hhy/baike/c0%3Dbaike220%2C5%2C5%2C220%2C73/sign=01b569a54410b912abccfeaca2949766/0e2442a7d933c8951de7b665d21373f082020016.jpg
https://gss0.bdstatic.com/-4o3dSag_xI4khGkpoWK1HF6hhy/baike/c0%3Dbaike92%2C5%2C5%2C92%2C30/sign=17f714ff61d9f2d3341c2cbdc885e176/91ef76c6a7efce1bf115e3d4ac51f3deb48f65f5.jpg

https://gss2.bdstatic.com/9fo3dSag_xI4khGkpoWK1HF6hhy/baike/c0%3Dbaike180%2C5%2C5%2C180%2C60/sign=3337857e4cc2d562e605d8bf8678fb8a/d058ccbf6c81800a93d7a210b23533fa828b47f9.jpg
https://gss3.bdstatic.com/7Po3dSag_xI4khGkpoWK1HF6hhy/baike/c0%3Dbaike150%2C5%2C5%2C150%2C50/sign=6c1c577a0a23dd54357eaf3ab060d8bb/cc11728b4710b9126ff3dde0c0fdfc03924522f9.jpg
https://gss1.bdstatic.com/-vo3dSag_xI4khGkpoWK1HF6hhy/baike/c0%3Dbaike92%2C5%2C5%2C92%2C30/sign=407d4bd5b1fb43160e12722841cd2d46/5d6034a85edf8db1b603577a0a23dd54564e74fa.jpg
https://gss3.bdstatic.com/7Po3dSag_xI4khGkpoWK1HF6hhy/baike/c0%3Dbaike150%2C5%2C5%2C150%2C50/sign=cd6b57c32d738bd4d02cba63c0e2ecb3/3c6d55fbb2fb43167afd526423a4462308f7d3c9.jpg
https://gss3.bdstatic.com/-Po3dSag_xI4khGkpoWK1HF6hhy/baike/c0%3Dbaike80%2C5%2C5%2C80%2C26/sign=66f4d53d4a540923be646b2cf331ba6c/b21bb051f8198618dd3fc49a49ed2e738bd4e6b0.jpg
https://gss0.bdstatic.com/94o3dSag_xI4khGkpoWK1HF6hhy/baike/c0%3Dbaike92%2C5%2C5%2C92%2C30/sign=10fd6f200ff3d7ca18fb37249376d56c/d009b3de9c82d158446071af830a19d8bd3e42c9.jpg
https://gss3.bdstatic.com/7Po3dSag_xI4khGkpoWK1HF6hhy/baike/c0%3Dbaike92%2C5%2C5%2C92%2C30/sign=1f646c200ff3d7ca18fb37249376d56c/d009b3de9c82d1584bf972af830a19d8bc3e42b0.jpg
https://gss0.bdstatic.com/94o3dSag_xI4khGkpoWK1HF6hhy/baike/c0%3Dbaike92%2C5%2C5%2C92%2C30/sign=78dc25e99c3df8dcb23087c3ac7819ee/f3d3572c11dfa9ec82007d0961d0f703918fc185.jpg
https://gss3.bdstatic.com/-Po3dSag_xI4khGkpoWK1HF6hhy/baike/c0%3Dbaike92%2C5%2C5%2C92%2C30/sign=d0ddddd3ff039245b5b8e95de6fdcfa7/503d269759ee3d6d46e8acd540166d224f4ade85.jpg

https://gss2.bdstatic.com/-fo3dSag_xI4khGkpoWK1HF6hhy/baike/c0%3Dbaike92%2C5%2C5%2C92%2C30/sign=34d0ad8ab912c8fca0fefe9f9d6af920/f603918fa0ec08fa1766cc0d59ee3d6d55fbda32.jpg
https://gss3.bdstatic.com/7Po3dSag_xI4khGkpoWK1HF6hhy/baike/c0%3Dbaike80%2C5%2C5%2C80%2C26/sign=965b503bcd11728b24208470a995a8ab/908fa0ec08fa513d61ccb3743d6d55fbb2fbd932.jpg

https://gss3.bdstatic.com/-Po3dSag_xI4khGkpoWK1HF6hhy/baike/c0%3Dbaike92%2C5%2C5%2C92%2C30/sign=18da5b4f8d1001e95a311c5dd9671089/aa18972bd40735fa5ddb5c1f9e510fb30f240868.jpg
https://gss3.bdstatic.com/7Po3dSag_xI4khGkpoWK1HF6hhy/baike/c0%3Dbaike92%2C5%2C5%2C92%2C30/sign=f6ce9ba8b13533fae1bb9b7cc9ba967a/8601a18b87d6277f7139209e28381f30e924fc69.jpg
https://gss2.bdstatic.com/-fo3dSag_xI4khGkpoWK1HF6hhy/baike/c0%3Dbaike92%2C5%2C5%2C92%2C30/sign=28783061ce1b9d169eca923392b7dfea/4afbfbedab64034f264e60b8afc379310b551d88.jpg

https://gss0.bdstatic.com/-4o3dSag_xI4khGkpoWK1HF6hhy/baike/c0%3Dbaike80%2C5%2C5%2C80%2C26/sign=0c520de030adcbef15397654cdc645b8/b7fd5266d016092477e8963fd50735fae7cd34c0.jpg
https://gss0.bdstatic.com/-4o3dSag_xI4khGkpoWK1HF6hhy/baike/c0%3Dbaike92%2C5%2C5%2C92%2C30/sign=77814ed6d462853586edda73f1861da3/d043ad4bd11373f06ed35bbba50f4bfbfbed0421.jpg
https://gss0.bdstatic.com/-4o3dSag_xI4khGkpoWK1HF6hhy/baike/c0%3Dbaike80%2C5%2C5%2C80%2C26/sign=dcfa2439d52a283457ab3e593adca28f/c8177f3e6709c93dcc6c3ad39e3df8dcd1005473.jpg
https://gss2.bdstatic.com/-fo3dSag_xI4khGkpoWK1HF6hhy/baike/c0%3Dbaike80%2C5%2C5%2C80%2C26/sign=8155c8037e3e6709aa0d4dad5aaef458/63d9f2d3572c11df8f3f8b07622762d0f703c223.jpg
https://gss0.bdstatic.com/94o3dSag_xI4khGkpoWK1HF6hhy/baike/c0%3Dbaike80%2C5%2C5%2C80%2C26/sign=a29f501bd8f9d72a0369184fb5434351/241f95cad1c8a78671c47e2a6609c93d70cf5023.jpg
https://gss0.bdstatic.com/94o3dSag_xI4khGkpoWK1HF6hhy/baike/c0%3Dbaike80%2C5%2C5%2C80%2C26/sign=61f3961e314e251ff6faecaac6efa272/6f061d950a7b02085b330bc563d9f2d3572cc81f.jpg
https://gss3.bdstatic.com/7Po3dSag_xI4khGkpoWK1HF6hhy/baike/c0%3Dbaike80%2C5%2C5%2C80%2C26/sign=3406b3059213b07ea9b0585a6dbefa46/d788d43f8794a4c2b2ead30f0ff41bd5ac6e39cc.jpg
https://gss0.bdstatic.com/94o3dSag_xI4khGkpoWK1HF6hhy/baike/c0%3Dbaike80%2C5%2C5%2C80%2C26/sign=75325b96b3b7d0a26fc40ccfaa861d6c/50da81cb39dbb6fd8a60d2020824ab18972b37de.jpg
https://gss1.bdstatic.com/-vo3dSag_xI4khGkpoWK1HF6hhy/baike/c0%3Dbaike80%2C5%2C5%2C80%2C26/sign=c556fa0d8718367ab984778f4f1ae0b1/4a36acaf2edda3cc09de8f0400e93901213f92df.jpg
https://gss3.bdstatic.com/-Po3dSag_xI4khGkpoWK1HF6hhy/baike/c0%3Dbaike80%2C5%2C5%2C80%2C26/sign=8f58d04ccdbf6c81e33a24badd57da50/b21c8701a18b87d634a59f3b060828381f30fd2a.jpg
https://gss3.bdstatic.com/7Po3dSag_xI4khGkpoWK1HF6hhy/baike/c0%3Dbaike80%2C5%2C5%2C80%2C26/sign=a92d4922adaf2eddc0fc41bbec796a8c/aa18972bd40735fa39e9799d9f510fb30f2408fc.jpg
https://gss2.bdstatic.com/9fo3dSag_xI4khGkpoWK1HF6hhy/baike/c0%3Dbaike80%2C5%2C5%2C80%2C26/sign=6302d63e6159252db71a155655f2685e/d0c8a786c9177f3eddf2c82971cf3bc79e3d56cb.jpg
https://gss3.bdstatic.com/7Po3dSag_xI4khGkpoWK1HF6hhy/baike/c0%3Dbaike80%2C5%2C5%2C80%2C26/sign=a92c4922adaf2eddc0fc41bbec796a8c/aa18972bd40735fa39e8799d9f510fb30f2408fd.jpg
https://gss0.bdstatic.com/-4o3dSag_xI4khGkpoWK1HF6hhy/baike/c0%3Dbaike92%2C5%2C5%2C92%2C30/sign=f60cf617908fa0ec6bca6c5f47fe328b/8d5494eef01f3a29b929e1ea9825bc315c607c34.jpg
https://gss1.bdstatic.com/-vo3dSag_xI4khGkpoWK1HF6hhy/baike/c0%3Dbaike80%2C5%2C5%2C80%2C26/sign=b2c3f9c8d000baa1ae214fe92679d277/63d0f703918fa0ec25045029279759ee3c6ddbd6.jpg
https://gss3.bdstatic.com/-Po3dSag_xI4khGkpoWK1HF6hhy/baike/c0%3Dbaike80%2C5%2C5%2C80%2C26/sign=8a1ecae8c2cec3fd9f33af27b7e1bf5a/58ee3d6d55fbb2fb701a6f364e4a20a44623dce4.jpg
https://gss1.bdstatic.com/9vo3dSag_xI4khGkpoWK1HF6hhy/baike/c0%3Dbaike80%2C5%2C5%2C80%2C26/sign=deba42bd8326cffc7d27b7e0d86821f5/64380cd7912397ddc8bbac205882b2b7d1a287d7.jpg
https://gss0.bdstatic.com/-4o3dSag_xI4khGkpoWK1HF6hhy/baike/c0%3Dbaike80%2C5%2C5%2C80%2C26/sign=0c7d0de030adcbef15397654cdc645b8/b7fd5266d016092477c7963fd50735fae6cd3437.jpg
https://gss0.bdstatic.com/94o3dSag_xI4khGkpoWK1HF6hhy/baike/c0%3Dbaike80%2C5%2C5%2C80%2C26/sign=fd10709f4610b912abccfeaca2949766/09fa513d269759ee0d6c57efb3fb43166d22dfd1.jpg
https://gss0.bdstatic.com/94o3dSag_xI4khGkpoWK1HF6hhy/baike/c0%3Dbaike80%2C5%2C5%2C80%2C26/sign=2b689f450eb30f242197e451a9fcba26/d62a6059252dd42a78d5358f023b5bb5c9eab831.jpg
https://gss0.bdstatic.com/94o3dSag_xI4khGkpoWK1HF6hhy/baike/c0%3Dbaike80%2C5%2C5%2C80%2C26/sign=56f38fa5ca1349546a13e0363727f93d/3812b31bb051f8198e34346edbb44aed2e73e784.jpg
https://gss3.bdstatic.com/7Po3dSag_xI4khGkpoWK1HF6hhy/baike/c0%3Dbaike80%2C5%2C5%2C80%2C26/sign=5e78951e314e251ff6faecaac6efa272/6f061d950a7b020864b808c563d9f2d3572cc8a4.jpg
https://gss0.bdstatic.com/94o3dSag_xI4khGkpoWK1HF6hhy/baike/c0%3Dbaike80%2C5%2C5%2C80%2C26/sign=f2cbeb44342ac65c73086e219a9bd974/b812c8fcc3cec3fd344f9051d788d43f879427a4.jpg
https://gss1.bdstatic.com/-vo3dSag_xI4khGkpoWK1HF6hhy/baike/c0%3Dbaike80%2C5%2C5%2C80%2C26/sign=a118ed4ee4cd7b89fd6132d16e4d29c2/1b4c510fd9f9d72a1546fd99d62a2834349bbb10.jpg
