
http://www.wed114.cn/jiehun/uploads/allimg/151229/52_151229160354_1.jpg	http://www.wed114.cn/jiehun/zhiwu/20151229141387.html
http://p.d1xz.net/2014/5/19/11030464464.jpg	http://www.d1xz.net/astro/huayu/art49530.aspx
http://dashulin.com/wp-content/uploads/2011/03/aiqianniu1.jpg	http://dashulin.com/aiqianniu/
http://images.nongmiao.com/big/baike/2014/08/20/21/1408202116412671.jpg	http://www.nongmiao.com/baike/aiqianniu.html
http://pic1.nipic.com/2008-10-28/20081028174314844_2.jpg	http://www.nipic.com/show/1/44/5ec79e5cebcc5e49.html
http://pic12.nipic.com/20110215/3529927_160341544176_2.jpg	http://www.nipic.com/show/1/44/4241070ka367c012.html
http://www.yuhuagu.com/uploads/allimg/150922/43_150922073557_1.jpg	http://www.yuhuagu.com/caoben/2015/0922/12524.html
http://s4.sinaimg.cn/middle/a0ab533fhbd7e7c113b13&690	http://blog.sina.com.cn/s/blog_a0ab533f01014dyp.html
https://www.huabaike.com/uploads/allimg/artimg/201511/20151116171133_80361.jpg	https://www.huabaike.com/yhjq/287.html
https://www.huabaike.com/uploads/allimg/sltimg/201511/5645abb1ee163.jpg	https://www.huabaike.com/jtyh/266.html
http://img0.dreamhy.com/upload/20130923/1117056031.bmp	http://www.dreamhy.com/xuetang/tag-%E7%9F%AE%E7%89%B5%E7%89%9B.aspx
http://s8.sinaimg.cn/mw690/0027SafAty6Viby1NDV27&690	http://blog.sina.com.cn/s/blog_74256a6e0102w6p6.html
http://pic16.nipic.com/20110818/128199_190127678000_2.jpg	http://www.nipic.com/show/1/44/4979361k17e376f5.html
https://www.huabaike.com/uploads/allimg/artimg/201604/20160420140508_98115.jpg	https://www.huabaike.com/syjq/2638.html
http://pic.to8to.com/attch/day_131105/20131105_e8b4868b3d2204399f93SdTH9eUySQdO.jpg	http://www.to8to.com/baike/140
https://www.huabaike.com/uploads/allimg/sltimg/201511/56468a1868328.jpg	https://www.huabaike.com/jtyh/266.html
http://s2.sinaimg.cn/mw690/0027SafAty6VibRom3f51&690	http://blog.sina.com.cn/s/blog_74256a6e0102w6p6.html
http://img.xunhai.com/2015/11/26/144847426486823.jpg	http://www.xunhai.com/aiqianniu/
http://www.yuhuagu.com/uploads/allimg/120224/2326152058-0.jpg	http://www.yuhuagu.com/fanzhi/2012/0224/2413.html
http://dashulin.com/wp-content/uploads/2011/03/aiqianniu4.jpg	http://dashulin.com/aiqianniu/
http://img.zwbk.org/baike/spic/2010/12/31/2010123110275341_5507.jpeg	http://m.zwbk.org/lemma/101611
http://s6.sinaimg.cn/mw690/0027SafAty6VibR7S5fd5&690	http://blog.sina.com.cn/s/blog_74256a6e0102w6p6.html
https://gss0.bdstatic.com/-4o3dSag_xI4khGkpoWK1HF6hhy/baike/w%3D400/sign=26841b4b73f40ad115e4c6e3672d1151/8644ebf81a4c510ff506ce696859252dd52aa586.jpg	https://baike.baidu.com/item/%E7%9F%AE%E7%89%B5%E7%89%9B
http://b2b.image.yuanlin.com/Biz/2009-1/2009181533365797.jpg	http://txslrhmzx.yuanlin.com/sell-m74213.html
https://gss0.bdstatic.com/94o3dSag_xI4khGkpoWK1HF6hhy/baike/s%3D220/sign=e36b912843a98226bcc12c25ba83b97a/622762d0f703918fa8432e97513d269758eec4d8.jpg	https://baike.baidu.com/item/%E7%9F%AE%E7%89%B5%E7%89%9B
https://gss3.bdstatic.com/7Po3dSag_xI4khGkpoWK1HF6hhy/baike/s%3D220/sign=6d3dee647bf40ad111e4c0e1672d1151/6159252dd42a283453ddef575bb5c9ea15cebf77.jpg	https://baike.baidu.com/item/%E7%9F%AE%E7%89%B5%E7%89%9B
http://nhjy.hzau.edu.cn/kech/hhx/piclib/upload/20058417474468453.jpg	http://nhjy.hzau.edu.cn/kech/hhx/piclib/display.asp?id=630
http://www.52yhua.com/uploads/allimg/160410/1-160410213A9.jpg	http://www.52yhua.com/jishu/2204.html
http://file1.cucdc.com/cwfiles/89/37789/%E4%B8%80%E4%BA%8C%E5%B9%B4%E7%94%9F%E8%8A%B1%E5%8D%89/%E7%9F%AE%E7%89%B5%E7%89%9B2.jpg	http://read.cucdc.com/cw/37789/57512.html
http://www.cnhua.net/uploads/allimg/c090103/1230c0640J0-64362.jpg	http://www.cnhua.net/minghua/ynhh/636024.html
http://s5.sinaimg.cn/mw690/a7510fe3tcc179f7fff74&690	http://blog.sina.com.cn/s/blog_a7510fe301019ip5.html
http://www.0536huahui.com/userfiles/image/%E7%9F%AE%E7%89%B5%E7%89%9B.jpg	http://www.0536huahui.com/product_xx.asp?y_id=274
http://image.sciencenet.cn/album/201209/09/084656lbl66l3666lnvjns.jpg	http://blog.sciencenet.cn/blog-39070-610671.html
http://image.sciencenet.cn/album/201303/23/162843ke8utegjpgkbggw8.jpg	http://blog.sciencenet.cn/blog-39070-673168.html
http://s13.sinaimg.cn/bmiddle/5064cb6044fd5bac49bcc	http://blog.sina.com.cn/s/blog_5064cb6001009x8p.html
http://pic.to8to.com/attch/day_131105/20131105_47d5560f09344dc2d175oamMI3PxAl64.jpg	http://www.to8to.com/baike/140
http://www.fei123.com/upload/2017/06/16/e8185b9d5e452040.jpg	http://www.fei123.com/2000000/1994862.shtml
https://www.huabaike.com/uploads/allimg/sltimg/201511/56468e6c7aee0.jpg	https://www.huabaike.com/yhjq/275.html
http://www.sysjhh.com/images/caoben/%E7%9F%AE%E7%89%B5%E7%89%9B1.jpg	http://www.sysjhh.com/lzcp/index_cb_1.html
http://www.wed114.cn/jiehun/uploads/allimg/151229/52_151229160354_2.jpg	http://www.wed114.cn/jiehun/zhiwu/20151229141387.html
http://pic16.nipic.com/20110818/128199_190108784000_2.jpg	http://www.nipic.com/show/4979400.html
http://www.yuhuagu.com/uploads/allimg/160531/43_160531131806_1.jpg	http://www.yuhuagu.com/renshi/2016/0531/13056.html
http://pic1.nipic.com/2008-11-12/20081112174026336_2.jpg	http://www.nipic.com/show/1/44/2d429ff5559115f9.html
http://s2.sinaimg.cn/middle/a0ab533fhbd7e7e7d8b81&690	http://blog.sina.com.cn/s/blog_a0ab533f01014dyp.html
https://www.huabaike.com/uploads/allimg/artimg/201511/20151115105250_17503.jpg	https://www.huabaike.com/jtyh/266.html
http://www.huajiang.cc/uploads/image/20170514/1494768898146394.jpg	http://www.huajiang.cc/yanghua/20170514/7775.html
http://img14.3lian.com/201604/15/2decc0527cb2a12cd3a0e76eb743f38d.jpg	http://www.3lian.com/zl/2016/04-15/1460708252434825.html
http://a2.att.hudong.com/55/75/01300001024098148836754348015_s.jpg	http://www.baike.com/wiki/%E7%9F%AE%E7%89%B5%E7%89%9B
http://img313.ph.126.net/gUTCJ8d4oh5xnjT90x1g0A==/3669589271377433398.jpg	http://ningrui0315.blog.163.com/blog/static/117195536201081993316620
http://a1.att.hudong.com/18/76/01300001024098148836761710810_s.jpg	http://www.baike.com/wiki/%E7%9F%AE%E7%89%B5%E7%89%9B
https://www.huabaike.com/uploads/allimg/artimg/201511/20151115105329_95171.jpg	https://www.huabaike.com/jtyh/266.html
http://a0.att.hudong.com/15/76/01300001024098148836763617944_s.jpg	http://www.baike.com/wiki/%E7%9F%AE%E7%89%B5%E7%89%9B
http://3.im.guokr.com/7KEyHm2cLtmiW2hXGlwZTbsmhQCpEK-_4X-SCi-dJ2dhAwAAiAIAAFBO.png?imageView2/1/w/590/h/441	http://www.guokr.com/post/642383/
http://a4.att.hudong.com/26/69/20300001024098148836694200245_s.jpg	http://www.baike.com/wiki/%E7%9F%AE%E7%89%B5%E7%89%9B
http://s3.sinaimg.cn/middle/a7510fe3tc748e3b3f4e2&690	http://blog.sina.com.cn/s/blog_a7510fe301018n19.html
http://wap.yunmencraft.com/Upload/20150817221935qOMV.jpg	http://wap.yunmencraft.com/index.php/aiqianniu/581.html
http://2.im.guokr.com/Z33Hh5KZZynx-0RSVNPH3NXgYjFOLjACwFUTkJdykohhAwAAiAIAAFBO.png?imageView2/1/w/590/h/441	http://www.guokr.com/post/642383/
http://img04.taobaocdn.com/imgextra/i4/T1MV0DXfNyXXaQTdUY_025817.jpg_310x310.jpg	http://blog.sina.com.cn/s/blog_571febb30101anpn.html
http://s14.sinaimg.cn/middle/a0ab533fhbd7e950c1a6d&690	http://blog.sina.com.cn/s/blog_a0ab533f01014dyp.html
http://www.huayugu.com.cn/uploads/allimg/150822/1-150R2095T50-L.jpg	http://www.huayugu.com.cn/aiqianniu/
http://www.qnong.com.cn/uploadfile/2016/0315/20160315092019999.jpg	http://www.qnong.com.cn/zhidao/changshi/10347.html
http://pic4.55jia.net/fengshuizhiwu/14/a368923.jpg	http://www.55jia.net/75/331521.html
https://www.huabaike.com/uploads/allimg/artimg/201511/20151115105034_79197.jpg	https://www.huabaike.com/jtyh/266.html
http://pic17.nipic.com/20111115/8753228_220348230139_2.jpg	http://www.nipic.com/show/1/44/5362026k3635517d.html
https://cdn.pixabay.com/photo/2017/02/22/01/41/petunia-2088237_960_720.jpg	https://pixabay.com/zh/photos/%E8%8A%B1%E5%9B%AD%E7%9F%AE%E7%89%B5%E7%89%9B/
http://img.boqiicdn.com/Data/BK/A/1507/7/imagick1401436260047_y.jpg	http://www.boqii.com/article/22473.html
http://www.icanseed.com/files/fUpfiles/20120724053248.jpg	http://www.icanseed.com/product-more.php?ClassId=60&Unid=228
http://a0.att.hudong.com/45/76/01300001024098148836760804170_s.jpg	http://www.baike.com/wiki/%E7%9F%AE%E7%89%B5%E7%89%9B
http://s16.sinaimg.cn/mw690/0027SafAty6VibEt7vFff&690	http://blog.sina.com.cn/s/blog_74256a6e0102w6p6.html
http://gmimg.geimian.com/pic/2015/11/2015-11-17_190244.jpg	https://www.geimian.com/wx/54891.html
https://images-cn.ssl-images-amazon.com/images/G/28/hardline-asin/20101104-aajcc-09.jpg	https://www.amazon.cn/%E8%8A%B1%E4%BB%99%E5%AD%90-%E5%BD%A9%E6%98%9F%E7%9F%AE%E7%89%B5%E7%89%9B-%E8%8A%B1%E7%A7%8D-A045/dp/B004A15SY8
http://pic4.55jia.net/fengshuizhiwu/03/a368889.jpg	http://www.55jia.net/75/331521.html
http://s14.sinaimg.cn/mw690/0027SafAty6VibRu2U59d&690	http://blog.sina.com.cn/s/blog_74256a6e0102w6p6.html
http://s1.sinaimg.cn/mw690/0027SafAty6VibAGT3W60&690	http://blog.sina.com.cn/s/blog_74256a6e0102w6p6.html
http://www.fei123.com/upload/2017/06/16/b0363728ecbae318.jpg	http://www.fei123.com/2000000/1994855.shtml
http://www.wed114.cn/jiehun/uploads/allimg/151229/52_151229160354_4.jpg	http://www.wed114.cn/jiehun/zhiwu/20151229141387.html
http://pic13.nipic.com/20110318/6569459_161708697165_2.jpg	http://www.nipic.com/show/1/44/4360396kc7d448a4.html
http://www.flora001.com/cn/managesystem/uploadfiles/20127179535.jpg	http://www.flora001.com/cn/products.asp?pdid=02
http://img.sc115.com/uploads/sc/jpgs/1504/apic10611_sc115.com.jpg	http://www.sc115.com/tupian/518252.html
http://zixun.rrs.com/uploads/allimg/140917/1532142G8-0.jpg	http://zixun.rrs.com/jiashigonglue/2817.html
http://www.wdptj.com/wp-content/uploads/2016/09/13.jpg	http://www.wdptj.com/26104.html
http://www.haocaohua.com/uploads/zcaohua/%E8%93%9D%E8%89%B2%E7%9F%AE%E7%89%B5%E7%89%9B.jpg	http://www.haocaohua.com/huamuzhanshi/caohuaxilie/huahui-364.html
http://a1.att.hudong.com/75/43/01100000000000144728434375538_s.jpg	http://www.baike.com/wiki/%E5%B0%8F%E8%8A%B1%E7%9F%AE%E7%89%B5%E7%89%9B
http://www.pjcn.org/uploads/allimg/151118/1-15111R1553I11.jpg	http://www.pjcn.org/gl/457/
http://s8.sinaimg.cn/middle/a7510fe3tc7c144752707&690	http://blog.sina.com.cn/s/blog_a7510fe301018xxj.html
http://www.iyanghua.com/f/aiqianniu/2009419120355_2.jpg	http://www.iyanghua.com/f/aiqianniu/
http://image.sciencenet.cn/album/201604/25/09320221qnn211yz5j6w15.jpg	http://blog.sciencenet.cn/blog-634687-972586.html
http://a3.att.hudong.com/16/01/300000764046131709010806971_s.jpg	http://www.baike.com/wiki/%E7%9F%AE%E7%89%B5%E7%89%9B
http://image.sciencenet.cn/album/201302/16/174815r6keeesfxme6orr6.jpg	http://blog.sciencenet.cn/blog-39070-662323.html
http://www.yuhuagu.com/uploads/allimg/160531/43_160531131758_1.jpg	http://www.yuhuagu.com/renshi/2016/0531/13056.html
https://st2.depositphotos.com/1534655/7820/i/950/depositphotos_78205754-stock-photo-multicolored-petunia-flowers.jpg	http://cn.depositphotos.com/78205754/stock-photo-multicolored-petunia-flowers.html
http://www.pjcn.org/uploads/allimg/1611/1-161106205154429.jpg	http://www.pjcn.org/pz/zz/2748/
http://img0.dreamhy.com/upload/20140302/0827136196.jpg	http://www.dreamhy.com/xuetang/tag-%E7%9F%AE%E7%89%B5%E7%89%9B.aspx
http://www.cnbg.net/pic/200575_18965889.jpg	http://www.cnbg.net/inc/AArticleRead.aspx?ArticleID=767
http://img155.poco.cn/mypoco/myphoto/20110227/23/20110227235825_4282621615.jpg	http://my.poco.cn/myBlogDetail.htx&id=5816078&userid=41892678
http://s3.sinaimg.cn/middle/620540c9gc0728bb1c782&690	http://blog.sina.com.cn/s/blog_620540c901014kdn.html
http://www.pjcn.org/uploads/allimg/1704/1-1F404223F34A.jpg	http://www.pjcn.org/pz/xj/4329/
http://tu.qt3191.com/allimg/c090617/12452521Q34F-51C1.jpg	http://www.qt3191.com/penzaihuahui/34698.html
http://a0.att.hudong.com/33/91/01300000560404128236919021571.jpg	http://www.miaomu777.com/news/show-7371.html
http://www.baihuamen.com/d/file/2014/04-02/8fcfb0c5806757c19cb1ce6d588f9cda.jpg	http://www.baihuamen.com/aiqianniu/
