
http://www.baihuamen.com/d/file/2014/04-16/36e4896ba5e95c772b2887ecf0397008.jpg	http://www.baihuamen.com/furongkui/
http://www.yuhuagu.com/uploads/allimg/120515/43_120515062224_1.jpg	http://www.yuhuagu.com/caoben/2012/0515/2921.html
http://www.baihuamen.com/d/file/2014/04-16/e9ded0a314d87964abe59a7ec6fe8fbd.jpg	http://www.baihuamen.com/furongkui/
http://a4.att.hudong.com/51/50/300001051406132419500589758_s.jpg	http://www.baike.com/wiki/%E8%8A%99%E8%93%89%E8%91%B5
http://img.boqiicdn.com/Data/BK/P/imagick9331450864206.jpg	http://m.boqii.com/entry/detail/2355.html
http://www.baihuamen.com/d/file/2014/04-16/69d904cefc3d6ee3708a35b734ff2d36.jpg	http://www.baihuamen.com/furongkui/
http://www.baihuamen.com/d/file/2014/04-25/3df5abfb6d9bf1a3ddae650c481a0129.jpg	http://www.baihuamen.com/dahuafurongkui/
http://img.jktree.com/article/c3c/8767/4.jpg	http://www.jktree.com/man/article/223f.html
http://img.jktree.com/article/c3c/8767/7.jpg	http://www.jktree.com/man/article/223f.html
http://img.redocn.com/sheying/20150803/dahuarongkui_4761874.jpg	http://sucai.redocn.com/dongwuzhiwu_2729005.html
http://s11.sinaimg.cn/mw690/001m5oeLgy72ofNes8q3a&690	http://blog.sina.com.cn/s/blog_4a0f000b0102wnid.html
http://opic.tbscache.com/manage/articles/2014/07-24/0C36F517-C8B8-E1C9-DAEF-8E0EE90DF6DE.jpg	http://www.tobosu.com/article/2014-07-24/114156.html
http://www.wed114.cn/jiehun/uploads/allimg/160805/57_160805140002_2.jpg	http://www.wed114.cn/jiehun/zhiwu/20160805151759_2.html
http://s8.sinaimg.cn/mw690/001DUOhKgy71ZEB8NSvc7&690	http://blog.sina.com.cn/s/blog_59c2f7a40102wdcr.html
https://i1.kknews.cc/large/cb50009373617b72282	https://kknews.cc/news/rojjjx.html
http://img.redocn.com/sheying/20140714/hongsederongkui_2729005.jpg	http://sucai.redocn.com/dongwuzhiwu_2729005.html
http://img.yanquecao.com/img/flower/HibiscusMoscheutos/HibiscusMoscheutos1.jpg	http://www.yanquecao.com/detail/348
http://www.52yhua.com/uploads/allimg/160711/1-160G1221149.jpg	http://m.52yhua.com/caobentp/2895.html
http://www.baihuamen.com/d/file/2014/04-25/997aeea4d7af7371b0817e299b1c0826.jpg	http://www.baihuamen.com/dahuafurongkui/10968_10.html
http://img.tulaoshi.com/201704/21/29df0c1d6b472ebe41a8223a092a08fd.jpg	http://www.tulaoshi.com/furongkui/
http://a1.att.hudong.com/87/32/01000000000000119093295172587_s.jpg	http://www.baike.com/wiki/%E5%A4%A7%E8%8A%B1%E8%8A%99%E8%93%89%E8%91%B5
http://www.21cbi.com/upload/201609/27/14749635029.jpg	http://m.21cbi.com/s/14/186421.html
http://opic.tbscache.com/manage/articles/2014/07-24/F9F1EEAD-5EB3-2280-F337-50C98FCDC317.jpg	http://www.tobosu.com/article/2014-07-24/114156.html
http://pic.baike.soso.com/ugc/baikepic2/62844/20161026211824-2030069871.jpg/300	http://baike.sogou.com/v10649208.htm
http://www.baihuamen.com/d/file/2014/04-16/8a708594039b5c221b7de1f8e48299a8.jpg	http://www.baihuamen.com/furongkui/9431_3.html
http://www.huayugu.com.cn/uploads/allimg/160824/1-160R40942010-L.jpg	http://www.huayugu.com.cn/dahuafurongkui/
http://img.tulaoshi.com/ueditor/201704/22/8b7303c2ae761c3e313922d13fd3c6e9.jpg	http://www.tulaoshi.com/n/20170422/2643580.html
http://www.baihuamen.com/d/file/2014/04-16/46ade81444136306de6750080024e3d4.jpg	http://www.baihuamen.com/furongkui/
http://upload-images.jianshu.io/upload_images/1873759-3ac0b1b32b8a82e3.jpg?imageMogr2/auto-orient/strip%7CimageView2/2/w/1240	http://www.jianshu.com/p/db3aa9906663
http://img.redocn.com/sheying/20140716/yanlidongrenderongkui_2741615.jpg	http://sucai.redocn.com/dongwuzhiwu_2729005.html
http://www.bjyl.gov.cn/ztxx/bjhx/bzhz/201609/W020160913545863079012.jpg	http://www.bjyl.gov.cn/ztxx/bjhx/bzhz/201609/t20160913_184103.shtml
http://img.pconline.com.cn/images/upload/upc/tx/photoblog/1210/18/c6/14496700_14496700_1350547561471.jpg	http://itbbs.pconline.com.cn/15877488.html
https://gw.alicdn.com/bao/uploaded/i3/T1TnJSFApfXXXXXXXX_!!0-item_pic.jpg_230x230.jpg	https://www.taobao.com/oshtml/buy-cn/cp_3L3I2L_71tbX0w.html
http://imglf4.ph.126.net/hKb7uDpiypwcqudmfKztpg==/6597752563377908984.jpg	http://cd-garden.lofter.com/post/16e06a_41df25
http://1881.img.pp.sohu.com.cn/images/2011/10/14/19/9/u51841682_133bf3b586ag214.jpg	http://yiu69-xiu.blog.sohu.com/187507429.html
http://www.yulunhuahui.com/Skins/yulun/image/k4.jpg	http://www.yulunhuahui.com/html/chanpinzhanshi/sugenhuahuipian/50.Html
http://www.baihuamen.com/d/file/2014/04-16/41c12de3f506c22d35c2d4c1fd966a92.jpg	http://www.baihuamen.com/furongkui/
http://image5.poco.cn/mypoco/myphoto/20080804/23/45298768200808042340231823366676137_000.jpg	http://tianyablog.com/blogger/post_show.asp?BlogID=100121&PostID=14772510&idWriter=0&Key=0
http://www.baihuamen.com/d/file/2014/04-25/9a37a476db9cc52c7348858bbcdc8e18.jpg	http://www.baihuamen.com/dahuafurongkui/
http://img.boqiicdn.com/Data/BK/A/1512/23/imagick79631450855856_y.jpg	http://m.boqii.com/entry/detail/2355.html
http://www.baihuamen.com/d/file/2014/04-16/620291b142139f707d9e3a054c5a460b.jpg	http://www.baihuamen.com/furongkui/9431_14.html
http://s6.sinaimg.cn/mw690/003sae9dzy74xOGqdWR45&690	http://blog.sina.com.cn/s/blog_bc9f8f830102wgp5.html
http://s4.sinaimg.cn/mw690/001m5oeLgy72ofFGLrtc3&690	http://blog.sina.com.cn/s/blog_4a0f000b0102wnid.html
http://www.shumiao.com/upload/news/2013-10-30/2e6bad69-ca5f-4d89-ad57-aeee0dda3f52.jpg	http://www.shumiao.com/info/detail/0-44706.html
http://img17.3lian.com/201612/26/404f9b3eab2b89acfe36d92c8a8edbac.jpg	http://www.rwxzc.com/gif/2016/12-26/145211.html
http://s14.sinaimg.cn/middle/5a90e548h8ea0f5cfc71d&690&690	http://blog.sina.com.cn/s/blog_5a90e5480100l1sd.html
http://www.21cbi.com/upload/201609/27/147496350373.jpg	http://m.21cbi.com/s/14/186421.html
http://www.baihuamen.com/d/file/2014/04-25/e41dac51f530a1dda2840edf87f51a80.jpg	http://www.baihuamen.com/dahuafurongkui/10968_19.html
http://www.baihuamen.com/d/file/2014/04-25/47c312fad03a077a5849dce6e45d10a6.jpg	http://www.baihuamen.com/dahuafurongkui/10968_2.html
http://www.huayugu.com.cn/uploads/allimg/160824/1-160R4094H00-L.jpg	http://www.huayugu.com.cn/dahuafurongkui/
http://www.huayugu.com.cn/uploads/allimg/160824/1-160R4093S30-L.jpg	http://www.huayugu.com.cn/dahuafurongkui/
http://z.xiziwang.net/uploads/allimg/141119/31_141119172755_1_lit.jpg	http://z.xiziwang.net/hua/16786/
http://img.aihuahui.com/d/2016/12/5853a15d4b568.jpg	http://www.aihuahui.com/huahuichuangyi/sugen/2239.html
http://1841.img.pp.sohu.com.cn/images/blog/2011/8/15/9/3/u128026538_132872e07e7g215.jpg	http://huaweng-0354.blog.sohu.com/181342513.html
http://www.bjlulin.com/upfiles/images/fck_20140408155349.jpg	http://www.bjlulin.com/cp_show.php?id=31615
http://s1.sinaimg.cn/middle/5a90e548h8e7a35675910&690&690	http://blog.sina.com.cn/s/blog_5a90e5480100l1sd.html
http://img1.ph.126.net/iaP2l9CPNBkZihBOR3JrXQ==/6630612567886506055.jpg	http://dinglixin971.lofter.com/post/6ce3c_7a45945
http://www.zjgcjny.com/upLoad/product/month_1609/201609091118498706.jpg	http://www.zjgcjny.com/lvhua/1118.html
http://s10.sinaimg.cn/mw690/003sae9dzy74xOWExOV39&690	http://blog.sina.com.cn/s/blog_bc9f8f830102wgp5.html
http://img.tulaoshi.com/ueditor/201704/22/a1939872056cfdcc66e1fc31e51badbf.jpg	http://www.tulaoshi.com/n/20170422/2643580.html
http://s7.sinaimg.cn/mw690/001ROMKqgy6W7lZ73nM86&690	http://blog.sina.com.cn/s/blog_66019f9e0100rd5v.html
http://s8.sinaimg.cn/mw690/003sae9dzy74xOX04zZ77&690	http://blog.sina.com.cn/s/blog_bc9f8f830102wgp5.html
http://a2.att.hudong.com/57/33/01300000202398121907334097258_s.jpg	http://www.baike.com/wiki/%E8%8A%99%E8%93%89%E8%91%B5
http://s9.sinaimg.cn/mw690/003sae9dzy74xOW0Nlu98&690	http://blog.sina.com.cn/s/blog_bc9f8f830102wgp5.html
http://www.ny365.com.cn/productimg/2011-10/20111021111517.jpg	http://28907.365zhongzi.com/
http://s11.sinaimg.cn/mw690/003sae9dzy74xP432ae8a&690	http://blog.sina.com.cn/s/blog_bc9f8f830102wgp5.html
https://i2.kknews.cc/large/dd600002961d7e5e949	https://kknews.cc/home/xege98.html
http://s5.sinaimg.cn/mw690/003sae9dzy74xOVk0Kw34&690	http://blog.sina.com.cn/s/blog_bc9f8f830102wgp5.html
http://www.zz699.com/uploads/allimg/170228/1-1F22Q05938.jpg	http://www.zz699.com/a/chanpinzhanshi/chanpinyilei/guanyefurongkui/2017/0228/249.html
http://www.baihuamen.com/d/file/2014/04-25/b2ae309d96aafcafabfd93de72eaff92.jpg	http://www.baihuamen.com/dahuafurongkui/
http://a3.att.hudong.com/40/32/01300000202398121907321299761.jpg	http://wiki.21yyw.com/doc-view-3850.html
https://gw.alicdn.com/bao/uploaded/i1/581276298/TB2zRg0lDcCL1FjSZFPXXXZgpXa_!!581276298.jpg_230x230.jpg	https://www.taobao.com/oshtml/buy-cn/cp_3L3I2L_71tbX0w.html
http://www.bjyl.gov.cn/ztxx/bjhx/bzhz/201609/W020160913545862913283.jpg	http://www.bjyl.gov.cn/ztxx/bjhx/bzhz/201609/t20160913_184103.shtml
http://img.boqiicdn.com/Data/BK/P/imagick87411450864276.jpg	http://m.boqii.com/entry/detail/2355.html
http://s8.sinaimg.cn/middle/5a90e548h8ea10613f4a7&690&690	http://blog.sina.com.cn/s/blog_5a90e5480100l1sd.html
http://s11.sinaimg.cn/mw690/001DUOhKgy71ZEB11rQca&690	http://blog.sina.com.cn/s/blog_59c2f7a40102wdcr.html
http://a4.att.hudong.com/78/27/01300000202398121907271853557_s.jpg	http://www.baike.com/wiki/%E8%8A%99%E8%93%89%E8%91%B5
http://s3.sinaimg.cn/middle/5a90e548gc808bd4de462&690	http://blog.sina.com.cn/s/blog_5a90e5480102e3oq.html
http://img17.3lian.com/201612/26/40fc47fe8ca02b8d3add9cb02e1f26a5.jpg	http://www.rwxzc.com/gif/2016/12-26/145211.html
http://img.redocn.com/sheying/20170117/hongserongkui_7783207.jpg	http://m.redocn.com/dongwuzhiwu_7783207.html
http://www.zjgcjny.com/upLoad/product/month_1609/201609091111359616.jpg	http://www.zjgcjny.com/lvhua/1118.html
http://s16.sinaimg.cn/middle/66019f9ehadf7956d6dbf&690	http://blog.sina.com.cn/s/blog_66019f9e0100rd5v.html
http://a0.att.hudong.com/04/52/20300542493441139662520962713_s.jpg	http://www.baike.com/wiki/%E8%8A%99%E8%93%89%E8%91%B5
https://gw.alicdn.com/bao/uploaded/i1/52171750/TB2wX0dyItnpuFjSZFvXXbcTpXa_!!52171750.jpg_230x230.jpg	https://www.taobao.com/article/FUEnBeDeENCUEaD6.html
http://haomeihorti.com/images/201707/thumb_img/145_thumb_G_1499649252911.jpg	http://haomeihorti.com/category.php?id=179
http://s13.sinaimg.cn/middle/5a90e548gc90c484b863c&690	http://blog.sina.com.cn/s/blog_5a90e5480102e3oq.html
http://img17.3lian.com/201612/26/8dcf36dba08e0e2b496658d5811d6ae5.jpg	http://www.rwxzc.com/gif/2016/12-26/145211.html
http://www.zz699.com/uploads/allimg/170228/1-1F22Q05923.jpg	http://www.zz699.com/a/chanpinzhanshi/chanpinyilei/guanyefurongkui/2017/0228/249.html
http://s13.sinaimg.cn/mw690/001DUOhKgy71ZEBV4kc3c&690	http://blog.sina.com.cn/s/blog_59c2f7a40102wdcr.html
http://s9.sinaimg.cn/mw690/001DUOhKgy71ZEC9zle88&690	http://blog.sina.com.cn/s/blog_59c2f7a40102wdcr.html
http://s3.sinaimg.cn/middle/5a90e548h74a9ae1ab6f2&690&690	http://blog.sina.com.cn/s/blog_5a90e5480100l1sd.html
http://opic.tbscache.com/manage/articles/2014/07-24/38601976-8A16-8E59-B1C8-83BC9C17C04D.jpg	http://www.tobosu.com/article/2014-07-24/114156.html
http://s6.sinaimg.cn/middle/5a90e548gc90c3df800b5&690	http://blog.sina.com.cn/s/blog_5a90e5480102e3oq.html
http://gate.sinovision.net:82/gate/big5/cdnwww.sinovision.net/data/attachment/album/201510/09/185534zsccjkjeiiebzi33.jpg	http://gate.sinovision.net:82/gate/big5/blog.sinovision.net/home/space/do/blog/uid/30435/id/267482.html
http://s6.sinaimg.cn/mw690/0020BH1Nzy75pumVrdX65&690	http://blog.sina.com.cn/s/blog_6dbf3bb30102whea.html
http://img.tulaoshi.com/ueditor/201704/22/5f3bb13a416c74769595e3dc7d36873c.jpg	http://m.tulaoshi.com/n/20170422/2643580.html
http://s15.sinaimg.cn/middle/5a90e548gc90c33bd741e&690	http://blog.sina.com.cn/s/blog_5a90e5480102e3oq.html
https://gw.alicdn.com/bao/uploaded/i1/TB1j8WVQXXXXXcxXFXXXXXXXXXX_!!0-item_pic.jpg_230x230.jpg	https://www.taobao.com/article/BIB2CREqF_EfFmE3.html
http://img.tulaoshi.com/ueditor/201704/22/81d8f942c6d73dfbf9d9d76bb445638c.jpg	http://m.tulaoshi.com/n/20170422/2643580.html
http://1813.img.pp.sohu.com.cn/images/blog/2011/8/15/9/2/u128026538_132872cea8dg214.jpg	http://huaweng-0354.blog.sohu.com/181342513.html
