
https://www.huabaike.com/uploads/allimg/sltimg/201605/5731a589318e2.jpg	https://www.huabaike.com/tbzw/3282.html
https://www.huabaike.com/uploads/allimg/artimg/201605/20160510171116_22815.jpg	https://www.huabaike.com/jtyh/3286.html
https://www.huabaike.com/uploads/allimg/sltimg/201605/5731a714c0a4b.jpg	https://www.huabaike.com/tbzw/3282.html
http://www.1nongjing.com/uploads/allimg/160701/902-160F11J35LP.jpg	http://net.1nongjing.com/a/201607/144037.html
http://www.yuhuagu.com/uploads/allimg/120530/43-120530051132.jpg	http://www.yuhuagu.com/tengben/2012/0526/3056.html
http://www.wed114.cn/jiehun/uploads/allimg/160621/42_160621155604_1.jpg	http://www.wed114.cn/jiehun/zhiwu/20160621147401.html
http://www.yuhuagu.com/uploads/allimg/100724/1_100724153820_1.jpg	http://www.yuhuagu.com/qita/2010/0724/1070.html
http://www.baihuamen.com/d/file/2014/05-24/d6421cffce793a959d4356734c0340f5.jpg	http://www.baihuamen.com/piaoxiangteng/
http://image.sciencenet.cn/album/201211/10/0933061lhlxl3zzlh5zg23.jpg	http://blog.sciencenet.cn/blog-629259-631028.html
http://images.nongmiao.com/big/baike/2014/08/20/21/1408202115387874.jpg	http://www.nongmiao.com/baike/piaoxiangteng.html
http://img.boqiicdn.com/Data/BK/A/1511/17/imagick66621447741238_y.jpg	http://www.boqii.com/entry/detail/2228.html
http://www.baihuamen.com/d/file/2014/05-24/59ef21a03c7f63cbaf02dc1341486d68.jpg	http://www.baihuamen.com/piaoxiangteng/16187_3.html
http://www.yangzhifangfa.com/wp-content/uploads/2015/04/68c0bec3hba50fca7a72c690.jpg	http://www.yangzhifangfa.com/677
http://www.baihuamen.com/d/file/2014/05-24/7c847ce26de6d85817619686af9a8b5b.jpg	http://www.baihuamen.com/piaoxiangteng/
http://www.yuhuagu.com/uploads/allimg/160627/43_160627101900_1.jpg	http://www.yuhuagu.com/fanzhi/2016/0627/13135.html
https://www.huabaike.com/uploads/allimg/sltimg/201701/587896cd3d23d.jpg	https://www.huabaike.com/tbzw/3282.html
http://article.yszs360.com/UploadFiles/article/pictures/201701/0410080825684449.Jpeg	http://www.yszs360.com/Article/detail/15595
http://www.baihuamen.com/d/file/2014/05-24/58c50b308372d0db6cbea43be0c0b85f.jpg	http://www.baihuamen.com/piaoxiangteng/
https://gw.alicdn.com/bao/uploaded/i4/TB1Lhl3LXXXXXcCXVXXXXXXXXXX_!!0-item_pic.jpg_230x230.jpg	https://www.taobao.com/oshtml/buy-cn/cp_xq7P48zZxcDM2dayzu8.html
http://www.baihuamen.com/d/file/2014/05-24/588a79ad6371a249bbf5effe8160818d.jpg	http://www.baihuamen.com/piaoxiangteng/
http://img.xunhai.com/2015/11/26/14484782719046.jpg	http://www.xunhai.com/piaoxiangteng/2015/1126/3533.html
http://imglf1.ph.126.net/izBjenRcVUPYmpuv87WSXg==/6598220955332166847.jpg	http://www.lofter.com/tag/%E9%A3%98%E9%A6%99%E8%97%A4
https://www.huabaike.com/uploads/allimg/artimg/201605/20160510171805_44326.jpg	https://www.huabaike.com/jtyh/3292.html
http://a4.att.hudong.com/63/51/01100000000000144740514309587_s.jpg	http://www.baike.com/wiki/%E9%A3%98%E9%A6%99%E8%97%A4
https://www.huabaike.com/uploads/allimg/sltimg/201605/5731a6547164e.jpg	https://www.huabaike.com/hyjk/5998.html
http://img01.taobaocdn.com/imgextra/i1/1077147245/TB2_gGmqVXXXXXpXpXXXXXXXXXX_!!1077147245.jpg	http://nxtmarket.info/item/35468324129
http://www.huayugu.com.cn/uploads/allimg/161029/1-1610291I2440-L.jpg	http://www.huayugu.com.cn/piaoxiangteng/22266.html
https://admin.dushi.singtao.ca/toronto/wp-content/uploads/dushi_toronto/2017/06/2-13-700x515.jpg	https://dushi.singtao.ca/toronto/featured/%E5%8A%A0%E5%9B%BD%E5%9B%AD%E8%89%BA%EF%BC%9Amandevilla%E9%A3%98%E9%A6%99%E8%97%A4/
https://admin.dushi.singtao.ca/toronto/wp-content/uploads/dushi_toronto/2017/06/1-16-676x700.jpg	https://dushi.singtao.ca/toronto/featured/%E5%8A%A0%E5%9B%BD%E5%9B%AD%E8%89%BA%EF%BC%9Amandevilla%E9%A3%98%E9%A6%99%E8%97%A4/
https://dushi.singtao.ca/toronto/wp-content/uploads/dushi_toronto/2017/06/10-2-696x524.jpg	https://dushi.singtao.ca/toronto/featured/%E5%8A%A0%E5%9B%BD%E5%9B%AD%E8%89%BA%EF%BC%9Amandevilla%E9%A3%98%E9%A6%99%E8%97%A4/
http://a2.att.hudong.com/56/51/20200000013920144740514170642_s.jpg	http://www.baike.com/wiki/%E9%A3%98%E9%A6%99%E8%97%A4
https://gss0.bdstatic.com/94o3dSag_xI4khGkpoWK1HF6hhy/baike/s%3D220/sign=b9863208c3cec3fd8f3ea077e689d4b6/f636afc379310a55b38d1130b74543a98326104c.jpg	https://baike.baidu.com/item/%E9%A3%98%E9%A6%99%E8%97%A4
https://www.huabaike.com/uploads/allimg/artimg/201701/20170113165749_89741.jpg	https://www.huabaike.com/yhjq/6803.html
http://gc.yuanlin.com/UpLoadFile/201106/2011613155253914.jpg	http://gc.yuanlin.com/HTML/Article/2011-6/Yuanlin_Project_6953.HTML
http://img.boqiicdn.com/Data/BK/A/1511/17/imagick25651447744121_y.jpg	http://www.boqii.com/entry/detail/2228.html
https://admin.dushi.singtao.ca/toronto/wp-content/uploads/dushi_toronto/2017/06/9-1.jpg	https://dushi.singtao.ca/toronto/featured/%E5%8A%A0%E5%9B%BD%E5%9B%AD%E8%89%BA%EF%BC%9Amandevilla%E9%A3%98%E9%A6%99%E8%97%A4/
http://www.yangzhifangfa.com/wp-content/uploads/2015/04/2cf5e0fe9925bc310b44748f5ddf8db1cb13708f.jpg	http://www.yangzhifangfa.com/677
http://img.excnote.com/mmbiz/GFibSBrdnPFDNenYOII55jnXLAKfhCJBicky5RdSJUaqfn7zd42pw7n3sWzMuoeUyIic0CfY8YtbGGuUYhDRuV4Dg/0?wx_fmt=jpeg	https://www.suibi8.com/essay/2ced5b-2944347.html
http://b23.photo.store.qq.com/http_imgload.cgi?/rurl4_b=cbbd18982d15bdb10d35859b7e07e8daff4d4622f3ca59152c2ba773d614982d2f9ffc726e5b6057d261f0b6f8708135de8fca788366b6dcf231de704522e17f472bd21315b8698be22cae410bcfe078ef6f6942	http://blog.sina.com.cn/s/blog_470b685f0100oh16.html
https://www.huabaike.com/uploads/allimg/artimg/201605/20160510171453_63069.jpg	https://www.huabaike.com/hyjk/3289.html
https://img5.yxlady.com/Flowers/UploadFiles_9965/20161012/20161012222434310.jpg	https://life.yxlady.com/flowers/201610/477383.shtml
https://gss3.bdstatic.com/7Po3dSag_xI4khGkpoWK1HF6hhy/baike/s%3D220/sign=7e6348da8013632711edc531a18ea056/c8ea15ce36d3d539d9bcdbc53087e950352ab037.jpg	https://baike.baidu.com/item/%E9%A3%98%E9%A6%99%E8%97%A4
http://a1.att.hudong.com/00/51/01100000000000144740514292501_s.jpg	http://www.baike.com/wiki/%E9%A3%98%E9%A6%99%E8%97%A4
http://i1.wp.com/p3.pstatp.com/large/149a0007096f73533acc	http://www.ifuun.com/a201714880595/
http://image.sciencenet.cn/album/201211/10/093259v2y27tkvxxvcww5m.jpg	http://blog.sciencenet.cn/blog-629259-631028.html
http://www.wed114.cn/jiehun/uploads/allimg/160621/42_160621155557_1.jpg	http://www.wed114.cn/jiehun/zhiwu/20160621147401.html
http://www.mi-ho.com/upload/20150303141957126.jpg	http://www.mi-ho.com/shownews.aspx?id=214
http://img.boqiicdn.com/Data/BK/P/imagick48241447752354.jpg	http://www.boqii.com/entry/detail/2228.html
http://s16.sinaimg.cn/mw690/0032blSUzy761BQXAYf2f&690	http://blog.sina.com.cn/s/blog_a5bd75080102wpii.html
https://admin.dushi.singtao.ca/toronto/wp-content/uploads/dushi_toronto/2017/06/5-2-700x525.jpg	https://dushi.singtao.ca/toronto/featured/%E5%8A%A0%E5%9B%BD%E5%9B%AD%E8%89%BA%EF%BC%9Amandevilla%E9%A3%98%E9%A6%99%E8%97%A4/
https://www.huabaike.com/uploads/allimg/artimg/201605/20160510171747_78565.jpg	https://www.huabaike.com/jtyh/3292.html
https://admin.dushi.singtao.ca/toronto/wp-content/uploads/dushi_toronto/2017/06/2-12-467x700.jpg	https://dushi.singtao.ca/toronto/featured/%E5%8A%A0%E5%9B%BD%E5%9B%AD%E8%89%BA%EF%BC%9Amandevilla%E9%A3%98%E9%A6%99%E8%97%A4/
http://img.tulaoshi.com/201703/28/e970e6cde2746bac916f36c17e977c88.jpg	http://www.tulaoshi.com/piaoxiangteng/
http://s13.sinaimg.cn/mw690/001BUu0Xgy6ENtafow4ec&690	http://blog.sina.com.cn/s/blog_62f2fc9b0102v8uo.html
http://www.baihuamen.com/d/file/2014/05-24/927cac755b9705ad2f57680af7f7d4b3.jpg	http://www.baihuamen.com/piaoxiangteng/16187.html
http://img001.mllres.com//images/upload/3(24086).jpg	http://www.meilele.com/article/shipin/30198.html
http://gw.alicdn.com/bao/uploaded/i1/1744312569/TB2ELo_nl0kpuFjy1zdXXXuUVXa_!!1744312569.jpg_230x230.jpg	http://www.taobao.com/article/F5AKDbDeCNFiFSEi.html
http://article.yszs360.com/UploadFiles/article/pictures/201701/0410080872468904.Jpeg	http://www.yszs360.com/Article/detail/15595
http://img0.ph.126.net/tnKkI0u0-I_kOGxT7o4DPw==/6630254127095231775.jpg	http://yuanbaotadie.lofter.com/post/2fc747_768defa
http://www.baihuamen.com/d/file/2014/05-24/c631ff8a85d7eedb8954f9d34e4ca0f7.jpg	http://www.baihuamen.com/piaoxiangteng/16187_19.html
http://img.excnote.com/mmbiz/GFibSBrdnPFDNenYOII55jnXLAKfhCJBicHL0bI5jiaWDTDf5CFichevIwLEG1bqArkls4BTDpQSZWKLh4WiamVHUQQ/0?wx_fmt=jpeg	https://www.suibi8.com/essay/2ced5b-2944347.html
https://www.huabaike.com/uploads/allimg/artimg/201605/20160510171821_92326.jpg	https://www.huabaike.com/jtyh/3292.html
https://www.huabaike.com/uploads/allimg/artimg/201605/20160510171505_53970.jpg	https://www.huabaike.com/hyjk/3289.html
http://s9.sinaimg.cn/mw690/0032blSUzy761BGHgkU38&690	http://blog.sina.com.cn/s/blog_a5bd75080102wpii.html
http://www.52yhua.com/uploads/allimg/160302/1-160302222U9.jpg	http://m.52yhua.com/tengbentp/1819.html
http://imgs.bzw315.com/UploadFiles/Version2/0/20160808/201608081617517878.jpg	http://www.bzw315.com/zx/zhiwu/337438.html
http://img1.ph.126.net/wGjFL46vLVO2qOkSh7Rr-Q==/1349953988321321691.jpg	http://bd1560.blog.163.com/blog/static/831637201191785428365/
https://www.huabaike.com/uploads/huatuku/20160603/57511fdd7e807.jpg	https://www.huabaike.com/tbtp/321.html
http://img6.ph.126.net/7m5cAKc1l8WVkbGWZi90TQ==/1349953988321321736.jpg	http://bd1560.blog.163.com/blog/static/831637201191785428365/
http://news.china-flower.com/Upload2005/2010-8-2/201082145618493.jpg	http://news.china-flower.com/paper/papernewsinfo.asp?n_id=214865
http://s8.sinaimg.cn/mw690/0029Dvdfzy75ajuOtTNe7&690	http://blog.sina.com.cn/s/blog_75b308c90102wiga.html
https://img.alicdn.com/bao/uploaded/i2/TB1BzgnSXXXXXXKaFXXXXXXXXXX_!!0-item_pic.jpg_b.jpg	https://www.tmall.com/mlist/cp_xq7P48zZ.html
http://upload-images.jianshu.io/upload_images/2478127-a2244737ff5eda28?imageMogr2/auto-orient/strip%7CimageView2/2/w/1240	http://www.jianshu.com/p/b13d756649aa
http://s2.sinaimg.cn/mw690/0032blSUzy761BFHXOx01&690	http://blog.sina.com.cn/s/blog_a5bd75080102wpii.html
https://b-ssl.duitang.com/uploads/item/201606/23/20160623101642_YMJAd.thumb.224_0.jpeg	http://www.duitang.com/blogs/tag/?name=%E9%A3%98%E9%A6%99%E8%97%A4
http://wap.yunmencraft.com/Upload/20160724001750ayJe.jpg	http://wap.yunmencraft.com/index.php/pxt/6398.html
http://att2.citysbs.com/jiaju/2012/10/15/12/middle_120116_20721350273676802_8a79d4835f186b8a980f540ab0205e3a.jpg	http://home.19lou.com/forum-106-thread-17201350273688341-1-1.html
https://img.alicdn.com/imgextra/i8/TB16n16KVXXXXbdaXXXXXXXXXXX_!!0-item_pic.jpg_230x230.jpg	https://www.taobao.com/article/E9CCDJD4GECqFWBS.html
https://gw.alicdn.com/bao/uploaded/i4/676842545/TB2bTsKaUhnpuFjSZFPXXb_4XXa_!!676842545.jpg_230x230.jpg	https://www.taobao.com/article/C1CQG3FVB_DFEKEZ.html
http://s11.sinaimg.cn/mw690/001BUu0Xgy6ENtjgtp8da&690	http://blog.sina.com.cn/s/blog_62f2fc9b0102v8uo.html
https://gw.alicdn.com/bao/uploaded/i2/2589757467/TB2NdfxmXXXXXaaXpXXXXXXXXXX_!!2589757467.jpg_230x230.jpg	https://www.taobao.com/article/DjCtChEIDdFdA2C4.html
https://cbu01.alicdn.com/img/ibank/2017/170/241/4272142071_231395527.220x220.jpg	http://www.1688.com/jiage/-CCD9C6AECFE3CCD9.html
http://image49.360doc.com/DownloadImg/2012/02/1421/21515984_11	http://www.360doc.com/content/12/0214/21/5733130_186671668.shtml
http://paper.healthchinese.ca/wp-content/uploads/2016/08/dipladenia-diamantina-rouge.jpg	http://paper.healthchinese.ca/dipladenia/
https://gw.alicdn.com/bao/uploaded/i1/1770169414/TB2voEnwipnpuFjSZFIXXXh2VXa_!!1770169414.jpg_230x230.jpg	https://www.taobao.com/oshtml/buy-cn/cp_xq7P48zZxcDM2dayzu8.html
http://thumb.kantu.com/ts552963/6vdqt8m8/i1/img/4/TB1HpoSNXXXXXXsapXXXXXXXXXX_!!0-item_pic.jpg_250x250.jpg	http://www.kantu.com/tb552963/
http://pic1.huashichang.com/2017/0424/21/58fdfc716d69d_200_140.jpg	http://m.aihuhua.com/tu/piaoxiangteng.html
http://s8.sinaimg.cn/mw690/0029Dvdfzy75ajvcrZR97&690	http://blog.sina.com.cn/s/blog_75b308c90102wiga.html
https://gw.alicdn.com/bao/uploaded/i2/45544524/TB2CObwxHBnpuFjSZFGXXX51pXa_!!45544524.jpg_230x230.jpg	https://www.taobao.com/oshtml/buy-cn/cp_xq7P48zZy6vPsszZ.html
http://www.huayugu.com.cn/uploads/allimg/161029/1-1610291H9570-L.jpg	http://www.huayugu.com.cn/piaoxiangteng/
http://www.1nongjing.com/uploads/allimg/160701/902-160F11K150S4.jpg	http://net.1nongjing.com/a/201607/144040.html
https://cdn.huaniaoy.cn/20160507/original/1462552758502.jpg@!picb	https://www.huaniaoy.com/yanghu/124528
http://s15.sinaimg.cn/mw690/0029Dvdfzy75ajuxzIOde&690	http://blog.sina.com.cn/s/blog_75b308c90102wiga.html
http://file.youboy.com/a/48/77/51/3/3957633.jpg	http://www.youboy.com/s43548375.html
http://img.excnote.com/mmbiz/GFibSBrdnPFDNenYOII55jnXLAKfhCJBicibibeawwvTxbEBWa90FCudpYTw9iaePdrbZH1ib3WtcxuDrKicPlwyictDvw/0?wx_fmt=jpeg	https://www.suibi8.com/essay/2ced5b-2944347.html
http://s4.sinaimg.cn/mw690/0029Dvdfzy75ajuVMivf3&690	http://blog.sina.com.cn/s/blog_75b308c90102wiga.html
http://f10.baidu.com/it/u=3573219153,326978585&fm=72	http://www.wed114.cn/jiehun/zhiwu/20160621147401.html
https://gw.alicdn.com/bao/uploaded/i1/2738833380/TB24oiHXobA11BjSspiXXa7EXXa_!!2738833380.jpg_230x230.jpg	https://www.taobao.com/article/DjCtChEIDdFdA2C4.html
http://img.tulaoshi.com/ueditor/201703/29/860e1dbac0afe8eaf25e4aefea348aaf.jpg	http://m.tulaoshi.com/n/20170329/2631230.html
https://cbu01.alicdn.com/img/ibank/2017/574/320/3943023475_1189954028.220x220.jpg	http://www.1688.com/jiage/-CCD9C6AECFE3CCD9.html
