
http://p.d1xz.net/2014/6/24/185676537653.jpg	http://3g.d1xz.net/astro/huayu/art54259.aspx
http://img.tupianzj.com/uploads/allimg/160316/15-160316234422.jpg	http://www.tupianzj.com/sheying/huahui/20160316/43970.html
https://thumbs.dreamstime.com/z/%E6%9F%A5%E5%87%BA%E7%9A%84%E9%87%91%E7%BC%95%E6%A2%85-8388162.jpg	https://cn.dreamstime.com/photos-images/%E9%87%91%E7%BC%95%E6%A2%85.html
https://thumbs.dreamstime.com/z/%E9%87%91%E7%BC%95%E6%A2%85%EF%BC%8C%E8%8D%AF%E7%94%A8%E6%A4%8D%E7%89%A9%E9%87%91%E7%BC%95%E6%A2%85%E8%8A%B1%EF%BC%8C%E9%9A%94-%E5%9C%A8w-65741369.jpg	https://cn.dreamstime.com/%E5%BA%93%E5%AD%98%E7%85%A7%E7%89%87-%E9%87%91%E7%BC%95%E6%A2%85-%E9%87%91%E7%BC%95%E6%A2%85-image49499935
https://thumbs.dreamstime.com/z/%E6%9F%A5%E5%87%BA%E7%9A%84%E9%87%91%E7%BC%95%E6%A2%85-8388148.jpg	https://cn.dreamstime.com/%E5%BA%93%E5%AD%98%E7%85%A7%E7%89%87-%E9%87%91%E7%BC%95%E6%A2%85-image535723
https://www.purelyb.com/images/easyblog_shared/2e1ax_content_entry_witch-hazel.jpg	https://www.purelyb.com/zh/be-well/get-informed/the-wonders-of-witch-hazel-chi
http://a2.att.hudong.com/16/27/01300000164151121950270613525_s.jpg	http://www.baike.com/wiki/%E9%87%91%E7%BC%95%E6%A2%85
https://thumbs.dreamstime.com/z/%E9%87%91%E7%BC%95%E6%A2%85-%E9%87%91%E7%BC%95%E6%A2%85-62551686.jpg	https://cn.dreamstime.com/%E5%BA%93%E5%AD%98%E7%85%A7%E7%89%87-%E9%87%91%E7%BC%95%E6%A2%85-%E9%87%91%E7%BC%95%E6%A2%85-image49500208
http://a1.att.hudong.com/35/94/20300543364049146069942566165_s.jpg	http://www.baike.com/wiki/%E5%8C%97%E7%BE%8E%E9%87%91%E7%BC%95%E6%A2%85
http://a3.att.hudong.com/57/50/01300000091274120773504489827_s.jpg	http://www.baike.com/wiki/%E9%87%91%E7%BC%95%E6%A2%85
http://img.back2china.com/space/album/201203/18/124740twny5jj5vevneppt.jpg	http://www.backchina.com/blog/325712/article-142724.html
http://q8haircare.com/UpLoadFile/Article/20134811249296_%E9%87%91%E7%BC%95%E6%A2%85322.png	http://q8haircare.com/ElementInfo.aspx?id=41
http://s15.sinaimg.cn/mw690/001ROMKqgy6VrU2qheC5e&690	http://blog.sina.com.cn/s/blog_66019f9e0102vnpc.html
http://pic4.55jia.net/fengshuizhiwu/25/a367732.jpg	http://www.55jia.net/75/331235.html
http://www.shumiao.com/upload/news/2014-10-28/3093bc8e-7ac8-4520-8ba0-61a026531a55.png	http://www.shumiao.com/info/detail/51-52330.html
http://a4.att.hudong.com/37/96/01300543364049146069960457263_s.jpg	http://www.baike.com/wiki/%E5%8C%97%E7%BE%8E%E9%87%91%E7%BC%95%E6%A2%85
https://thumbs.dreamstime.com/z/%E6%9F%A5%E5%87%BA%E7%9A%84%E9%87%91%E7%BC%95%E6%A2%85-8388207.jpg	https://cn.dreamstime.com/photos-images/%E6%9F%A5%E5%87%BA%E7%9A%84%E9%87%91%E7%BC%95%E6%A2%85.html
http://a0.att.hudong.com/32/03/01300000091274121017032419122_s.jpg	http://www.baike.com/wiki/%E9%87%91%E7%BC%95%E6%A2%85
http://www.lechateaudubois.com/images/le-chateau-du-bois/illustrations-herbier/hamamelis-herbier-illustrations-miniature.jpg	http://www.lechateaudubois.com/tw/contact-medias-tw/25-herbier/72-hamamelis-hamamelis-virginiana
http://s11.sinaimg.cn/mw690/003sae9dgy6SfHkssYOea&690	http://blog.sina.com.cn/s/blog_bc9f8f830102vlon.html
https://gss0.bdstatic.com/-4o3dSag_xI4khGkpoWK1HF6hhy/baike/w%3D400/sign=b50c5130fe03738dde4a0d22831ab073/63d0f703918fa0ec04f74a9d2e9759ee3d6ddb69.jpg	https://baike.baidu.com/item/%E9%87%91%E7%BC%95%E6%A2%85
http://images.freeimages.com/images/premium/previews/1192/11924163-witch-hazel-hamamelis-virginiana-isolated-on-white.jpg	http://cn.freeimages.com/premium/witch-hazel-hamamelis-virginiana-isolated-on-white-621182
https://thumbs.dreamstime.com/z/%E4%B8%AD%E5%9B%BD%E9%87%91%E7%BC%95%E6%A2%85%E7%9A%84%E8%8A%B1-88381677.jpg	https://cn.dreamstime.com/%E5%BA%93%E5%AD%98%E7%85%A7%E7%89%87-%E4%B8%AD%E5%9B%BD%E9%87%91%E7%BC%95%E6%A2%85%E7%9A%84%E8%8A%B1-image88381677
http://a1.att.hudong.com/41/33/01300000164151121950337909277.jpg	http://tupian.baike.com/a1_41_33_01300000164151121950337909277_jpg.html
https://static9.depositphotos.com/1542879/1220/i/950/depositphotos_12203524-stock-photo-hamamelis-isolated-02.jpg	http://cn.depositphotos.com/12203524/stock-photo-hamamelis-isolated-02.html
https://thumbs.dreamstime.com/z/%E9%87%91%E7%BC%95%E6%A2%85-%E9%87%91%E7%BC%95%E6%A2%85-49499852.jpg	https://cn.dreamstime.com/%E5%BA%93%E5%AD%98%E7%85%A7%E7%89%87-%E9%87%91%E7%BC%95%E6%A2%85-%E9%87%91%E7%BC%95%E6%A2%85-image49499852
http://a0.att.hudong.com/20/02/20300544108051148773022136806_s.jpg	http://www.baike.com/wiki/%E9%87%91%E7%BC%95%E6%A2%85%E4%BA%9A%E7%BA%B2
https://thumbs.dreamstime.com/x/%E9%87%91%E7%BC%95%E6%A2%85%E7%9A%84%E8%8A%B1%E3%80%82-28626458.jpg	https://cn.dreamstime.com/%E5%85%8D%E7%89%88%E7%A8%8E%E5%BA%93%E5%AD%98%E7%85%A7%E7%89%87-%E9%87%91%E7%BC%95%E6%A2%85%E7%9A%84%E8%8A%B1%E3%80%82-image28626458
http://www.yuhuagu.com/uploads/allimg/120923/10-120923193046.jpg	http://www.yuhuagu.com/ktsh/4374.html
http://img.back2china.com/space/album/201203/17/115053v5gghmugz5imby1y.jpg	http://www.backchina.com/blog/325712/article-142581.html
https://www.huabaike.com/uploads/allimg/sltimg/201707/595f47ae08a32.jpg	https://www.huabaike.com/yhjq/9783.html
https://www.soapmaker.com.tw//upload_files/soapmaker/prodpic/%E9%87%91%E7%B8%B7%E6%A2%85(2).jpg	https://www.soapmaker.com.tw/%E9%87%91%E7%B8%B7%E6%A2%85%E7%B4%94%E9%9C%B2(%E8%92%B8%E9%A4%BE)(%E6%9C%89%E6%95%88%E6%97%A5%E6%9C%9F2017.08.21)/action-products_detail-did-8371-lid-2-cid-22.htm
http://omeyweixin.jemy.com/magento/media/wysiwyg/shangchengxiangqing/es/jinlvmei-hufa/_-__01.png	http://omeyweixin.jemy.com/magento/index.php/200ml-813.html
http://www.baihuamen.com/d/file/2014/03-31/bc85b7464e8950caaff3ffff67ddc7e0.jpg	http://www.baihuamen.com/jinlvmei/
https://thumbs.dreamstime.com/z/%E9%87%91%E7%BC%95%E6%A2%85%E7%9A%84%E8%8A%B1%E3%80%82-28626458.jpg	https://cn.dreamstime.com/%E5%BA%93%E5%AD%98%E7%85%A7%E7%89%87-%E9%87%91%E7%BC%95%E6%A2%85-image49500144
https://gw.alicdn.com/bao/uploaded/i4/T1oYGdFz0XXXXXXXXX_!!0-item_pic.jpg_460x460xz.jpg	https://www.taobao.com/oshtml/imagelist-cn/guang-6YeR57yV5qKF5bmz6KGh5rK56ISC.htm
https://gss2.bdstatic.com/-fo3dSag_xI4khGkpoWK1HF6hhy/baike/s%3D220/sign=ee2ad8e4ab18972ba73a07c8d6cc7b9d/8718367adab44aed104f5a14b31c8701a18bfb39.jpg	https://baike.baidu.com/item/%E5%8C%97%E7%BE%8E%E9%87%91%E7%BC%95%E6%A2%85
https://gss3.bdstatic.com/-Po3dSag_xI4khGkpoWK1HF6hhy/baike/s%3D220/sign=0c46a387ad345982c18ae2903cf5310b/bd315c6034a85edf162ac9d049540923dc54759a.jpg	https://baike.baidu.com/item/%E5%8C%97%E7%BE%8E%E9%87%91%E7%BC%95%E6%A2%85
http://tsz888.com/images/201212/goods_img/98210_P_1397212083.jpg	http://tsz888.com/goods.php?id=98752
https://thumbs.dreamstime.com/z/%E9%87%91%E7%BC%95%E6%A2%85-38293122.jpg	https://cn.dreamstime.com/%E5%9B%BE%E5%BA%93%E6%91%84%E5%BD%B1-%E9%87%91%E7%BC%95%E6%A2%85-image38293122
https://www.huabaike.com/uploads/allimg/sltimg/201707/59673224ab802.jpg	https://www.huabaike.com/cbzw/9685.html
https://thumbs.dreamstime.com/z/%E5%9C%A8%E7%99%BD%E8%89%B2%E8%83%8C%E6%99%AF%E9%9A%94-%E7%9A%84-%E6%94%BE%E7%9A%84%E9%87%91%E7%BC%95%E6%A2%85-49634480.jpg	https://cn.dreamstime.com/%E5%BA%93%E5%AD%98%E7%85%A7%E7%89%87-%E9%87%91%E7%BC%95%E6%A2%85-%E9%87%91%E7%BC%95%E6%A2%85-image49500042
https://www.huabaike.com/uploads/allimg/artimg/201707/20170707163532_26204.jpg	https://www.huabaike.com/yhjq/9891.html
https://thumbs.dreamstime.com/z/%E9%87%91%E7%BC%95%E6%A2%85-%E9%87%91%E7%BC%95%E6%A2%85-49500208.jpg	https://cn.dreamstime.com/%E5%BA%93%E5%AD%98%E7%85%A7%E7%89%87-%E9%87%91%E7%BC%95%E6%A2%85-%E9%87%91%E7%BC%95%E6%A2%85-image49500208
https://thumbs.dreamstime.com/z/%E9%87%91%E7%BC%95%E6%A2%85-%E9%87%91%E7%BC%95%E6%A2%85-62551577.jpg	https://cn.dreamstime.com/%E5%BA%93%E5%AD%98%E7%85%A7%E7%89%87-%E9%87%91%E7%BC%95%E6%A2%85-%E9%87%91%E7%BC%95%E6%A2%85-image62551577
https://thumbs.dreamstime.com/z/%E9%87%91%E7%BC%95%E6%A2%85-%E9%87%91%E7%BC%95%E6%A2%85-49499935.jpg	https://cn.dreamstime.com/%E5%BA%93%E5%AD%98%E7%85%A7%E7%89%87-%E9%87%91%E7%BC%95%E6%A2%85-%E9%87%91%E7%BC%95%E6%A2%85-image49499935
https://s9.rr.itc.cn/r/wapChange/20174_25_12/a56eam6412534381074.png	https://m.sohu.com/n/490634207/
https://thumbs.dreamstime.com/z/%E9%87%91%E7%BC%95%E6%A2%85%E5%92%8C%E5%9C%A8%E7%99%BD%E8%89%B2%E8%83%8C%E6%99%AF%E9%9A%94-%E7%9A%84%E5%A5%B6%E6%B2%B9%E7%BD%90-49634533.jpg	https://cn.dreamstime.com/%E5%BA%93%E5%AD%98%E7%85%A7%E7%89%87-%E9%87%91%E7%BC%95%E6%A2%85%E5%92%8C%E5%9C%A8%E7%99%BD%E8%89%B2%E8%83%8C%E6%99%AF%E9%9A%94-%E7%9A%84%E5%A5%B6%E6%B2%B9%E7%BD%90-image49634533
https://cdn.pixabay.com/photo/2015/07/18/19/28/hamamelis-virginiana-850735_960_720.jpg	https://pixabay.com/zh/%E9%87%91%E7%BC%95%E6%A2%85-%E5%B8%B8%E8%A7%81%E9%87%91%E7%BC%95%E6%A2%85-%E7%BE%8E%E5%9B%BD%E9%87%91%E7%BC%95%E6%A2%85-%E7%81%8C%E6%9C%A8-%E8%8A%B1%E5%BA%8F-%E6%A4%8D%E7%89%A9%E5%8C%BA%E7%B3%BB-%E6%A4%8D%E7%89%A9%E5%AD%A6-850735/
https://thumbs.dreamstime.com/z/%E9%87%91%E7%BC%95%E6%A2%85%E7%9A%84%E5%88%86%E6%94%AF-87654560.jpg	https://cn.dreamstime.com/%E5%BA%93%E5%AD%98%E4%BE%8B%E8%AF%81-%E9%87%91%E7%BC%95%E6%A2%85%E7%9A%84%E5%88%86%E6%94%AF-image87654560
https://thumbs.dreamstime.com/z/%E5%BC%80%E8%8A%B1%E7%9A%84%E9%87%91%E7%BC%95%E6%A2%85%E6%88%96%E9%87%91%E7%BC%95%E6%A2%85%E7%81%8C%E6%9C%A8%E6%98%BE%E7%A4%BA-%E8%89%B2%E8%8A%B1-86556584.jpg	https://cn.dreamstime.com/%E5%BA%93%E5%AD%98%E7%85%A7%E7%89%87-%E5%BC%80%E8%8A%B1%E7%9A%84%E9%87%91%E7%BC%95%E6%A2%85%E6%88%96%E9%87%91%E7%BC%95%E6%A2%85%E7%81%8C%E6%9C%A8%E6%98%BE%E7%A4%BA-%E8%89%B2%E8%8A%B1-image86556584
http://s5.sinaimg.cn/mw690/001ROMKqgy6VrU2c27ac4&690	http://blog.sina.com.cn/s/blog_66019f9e0102vnpc.html
http://images.freeimages.com/images/premium/previews/3562/35629230-chinesische-zaubernuss-hamamelis-mollis.jpg	http://cn.freeimages.com/premium/chinesische-zaubernuss-hamamelis-mollis-357177
http://img.pconline.com.cn/images/upload/upc/tx/lady_cosme/1311/11/zz/71444/71444-1.jpg	http://cosme.pclady.com.cn/INOHERB/s4875.html
https://thumbs.dreamstime.com/z/%E9%87%91%E7%BC%95%E6%A2%85-%E9%87%91%E7%BC%95%E6%A2%85-49500042.jpg	https://cn.dreamstime.com/%E5%BA%93%E5%AD%98%E7%85%A7%E7%89%87-%E9%87%91%E7%BC%95%E6%A2%85-%E9%87%91%E7%BC%95%E6%A2%85-image49500042
http://a2.att.hudong.com/50/15/20200000013920144739150124536_s.jpg	http://www.baike.com/wiki/%E9%87%91%E7%BC%95%E6%A2%85%E7%A7%91
http://www.1nongjing.com/uploads/allimg/170804/1876-1FP41P400915.jpg	http://net.1nongjing.com/a/201708/194581.html
http://img0.dreamhy.com/upload/20140508/0548464102.jpg	http://www.dreamhy.com/jingyan/detail-27735.aspx
https://cbu01.alicdn.com/img/ibank/2015/053/103/1961301350_1746495617.310x310.jpg	https://www.1688.com/pic/-BDF0C2C6C3B7CBACB7F4CBAE.html
https://st.depositphotos.com/1542879/3500/i/950/depositphotos_35006545-stock-photo-hamamelis-virginiana.jpg	http://cn.depositphotos.com/35006545/stock-photo-hamamelis-virginiana.html
https://www.huabaike.com/uploads/allimg/sltimg/201610/580345d877d77.jpg	https://www.huabaike.com/jtyh/5350.html
https://gw.alicdn.com/bao/uploaded/i4/16805025791470672/T1z_VWFjRaXXXXXXXX_!!0-item_pic.jpg_460x460xz.jpg	https://www.taobao.com/oshtml/imagelist-cn/guang-6YeR57yV5qKF5Lmz5ray.htm
https://thumbs.dreamstime.com/z/%E9%87%91%E7%BC%95%E6%A2%85-%E9%87%91%E7%BC%95%E6%A2%85-49502298.jpg	https://cn.dreamstime.com/%E5%BA%93%E5%AD%98%E7%85%A7%E7%89%87-%E9%87%91%E7%BC%95%E6%A2%85-%E9%87%91%E7%BC%95%E6%A2%85-image49502298
https://img.ys137.com/data/upload/ueditor/20170211/589ec11fd6e07.jpg	https://www.ys137.com/zyys/1695450.html
http://img14.360buyimg.com/n7/jfs/t3235/94/5841278213/261109/3fab11bc/588421a9Nfeba8ca2.jpg	http://www.jd.com/chanpin/115237.html
http://image.cn.made-in-china.com/2f0j01WCSTlaQPCmqO/%E9%87%91%E7%BC%95%E6%A2%85%E6%8F%90%E5%8F%96%E7%89%A9-%E9%87%91%E7%BC%95%E6%A2%85%E5%8D%95%E5%AE%81.jpg	http://cn.made-in-china.com/tupian/rongde88-geYEtlCAOsVa.html
https://www.huabaike.com/uploads/allimg/artimg/201707/20170713164159_20733.jpg	https://www.huabaike.com/yhjq/9970.html
https://static8.depositphotos.com/1542879/1028/i/950/depositphotos_10283190-stock-photo-osterstrauch-hamamelis-hamamelis-shrub-in.jpg	http://cn.depositphotos.com/10283190/stock-photo-osterstrauch-hamamelis-hamamelis-shrub-in.html
https://cbu01.alicdn.com/img/ibank/2016/457/494/3317494754_1817034821.310x310.jpg	https://www.1688.com/pic/-BDF0C2C6C3B7CCE1C8A1D2BA.html
http://hzp.rayliimg.cn/datas/uploadimage/brand/focus/20150513113430576.jpg	http://hzp.rayli.com.cn/thayer/index.html
https://img.alicdn.com/bao/uploaded/i2/TB12woESXXXXXbJaXXXXXXXXXXX_!!0-item_pic.jpg_b.jpg	https://www.tmall.com/mlist/cp_vfDCxsO3w6u_18ust_TLrg.html
https://www.huabaike.com/uploads/allimg/artimg/201707/20170701154228_93702.jpg	https://www.huabaike.com/yhjq/9783.html
http://www.huayugu.com.cn/uploads/allimg/160606/1-1606061449210-L.jpg	http://www.huayugu.com.cn/jinlvmei/
http://4.bp.blogspot.com/-5WCx4QWl5Ts/VRAaDsxECOI/AAAAAAAAPNQ/3m2-hr-ASXY/s1600/DSC07781.JPG	http://aeni1203.pixnet.net/blog/post/272534107-%E9%87%91%E7%B8%B7%E6%A2%85
http://www.2liangli.com/uploads/allimg/140328/24-14032Q34024202.jpg	http://www.2liangli.com/meirong/201403282701.html
http://www.pengshi15688.com/images/201606/goods_img/3388_P_1465865122092.png	http://www.pengshi15688.com/goods.php?id=3388
http://www.baihuamen.com/d/file/2014/03-31/5f2307c5c85113a92ea4477d2ab3dd14.jpg	http://www.baihuamen.com/jinlvmei/
http://www.neipet.com/wp-content/uploads/2016/06/%E9%87%91%E7%BC%95%E6%A2%85.jpg	http://www.neipet.com/jinlvmei/
https://t19.pimg.jp/028/548/439/1/28548439.jpg	https://cn.pixtastock.com/tags/%E9%87%91%E7%BC%95%E6%A2%85
http://www.51hm.cn/zwpic/%E9%87%91%E7%BC%95%E6%A2%851.jpg	http://www.51hm.cn/zw/zwshow.asp?zwid=2176
http://img3m5.ddimg.cn/3/23/1259359995-1_b.jpg	http://www.dangdang.com/brands/4779.html
https://cbu01.alicdn.com/img/ibank/2014/603/716/1262617306_1619651312.310x310.jpg	https://www.1688.com/pic/-BDF0C2C6C3B7CBAE.html
https://img.yzcdn.cn/upload_files/2016/12/26/Fs3siyOiQwmUkCR2WVTxE-aOnALY.jpg	https://shop.youzan.com/v2/query/d5sa9426d2
http://www.bjp321.com/file/upload/201605/30/10-21-42-38-1.jpg	http://www.gncmall.net/health/2016/0602/6283.html
http://s3.sinaimg.cn/mw690/001ROMKqgy6VrU2klmG92&690	http://blog.sina.com.cn/s/blog_66019f9e0102vnpc.html
http://images.zhiwo.com/product/2012/0905/8390852786761460966.jpg	http://m.zhiwo.com/product/1105193.html
https://gw.alicdn.com/bao/uploaded/i2/141735416/TB2frkFAtRopuFjSZFtXXcanpXa_!!141735416.jpg_230x230.jpg	https://www.taobao.com/oshtml/buy-cn/cp_z-DSy7G-st298MLGw7c.html
https://img.alicdn.com/bao/uploaded/i4/90919986/TB1b15oSFXXXXcIXpXXXXXXXXXX_!!0-item_pic.jpg_b.jpg	https://www.tmall.com/mlist/cp_z-DSy7G-st298MLGw7c.html
http://omeyweixin.jemy.com/magento/media/catalog/product/cache/1/image/9df78eab33525d08d6e5fb8d27136e95/f/i/file_19_115.jpg	http://omeyweixin.jemy.com/magento/index.php/300ml-731.html
http://img14.360buyimg.com/n7/jfs/t1747/151/623163464/151821/fac8f92f/55d53df8N65dffadd.jpg	http://www.jd.com/chanpin/595624.html
https://st.depositphotos.com/3020889/4163/i/950/depositphotos_41639857-stock-photo-blossom-of-a-wild-witch.jpg	https://cn.depositphotos.com/41639857/stock-photo-blossom-of-a-wild-witch.html
https://www.huabaike.com/uploads/allimg/sltimg/201707/59673118b8024.jpg	https://www.huabaike.com/yhjq/9783.html
https://upload.wikimedia.org/wikipedia/commons/thumb/a/aa/Hamamelis_virginiana_-_K%C3%B6hler%E2%80%93s_Medizinal-Pflanzen-070.jpg/240px-Hamamelis_virginiana_-_K%C3%B6hler%E2%80%93s_Medizinal-Pflanzen-070.jpg	https://zh.wikipedia.org/wiki/%E5%8C%97%E7%BE%8E%E9%87%91%E7%B8%B7%E6%A2%85
https://cbu01.alicdn.com/img/ibank/2016/717/362/3448263717_1676199400.220x220.jpg	http://www.1688.com/chanpin/-B1B1C3C0BDF0C2C6C3B7CCE1C8A1D2BA.html
https://cbu01.alicdn.com/img/ibank/2016/676/671/2743176676_886739145.310x310.jpg	https://www.1688.com/pic/-BDF0C2C6C3B7.html
https://www.soapmaker.com.tw//upload_files/soapmaker/prodpic/%E9%87%91%E7%B8%B7%E6%A2%85(4).jpg	https://www.soapmaker.com.tw/%E9%87%91%E7%B8%B7%E6%A2%85%E8%90%83%E5%8F%96%E6%B6%B2/action-products_detail-did-6915-lid-10-cid-56.htm
http://www.52yhua.com/uploads/allimg/170621/1-1F621212022.jpg	http://m.52yhua.com/jishu/7488.html
http://static.anywood.com/Uploads/Editor/2016-03-08/56de433b99708.jpg	http://anywood.com/news/detail/45496.html
http://a3.att.hudong.com/23/57/01300000164151121985573530412_s.jpg	http://www.baike.com/wiki/%E9%87%91%E7%BC%95%E6%A2%85
https://www.uooyoo.com/img2017/4/25/2017042534897205.png	https://www.uooyoo.com/a/170425/54145583.html
