
http://a0.att.hudong.com/32/70/01100000000000144765709476344_s.jpg	http://www.baike.com/wiki/%E9%A9%AC%E8%B9%84%E8%8E%B2
http://img0.pchouse.com.cn/pchouse/1109/25/131811_4.jpg	http://www.pchouse.com.cn/baike/shenghuo/621/
http://a0.att.hudong.com/24/70/01100000000000144765709597284_s.jpg	http://www.baike.com/wiki/%E9%A9%AC%E8%B9%84%E8%8E%B2
http://pic.baike.soso.com/p/20130704/20130704104156-1120522995.jpg	http://baike.sogou.com/lemma/ShowInnerLink.htm?lemmaId=410481
http://a2.att.hudong.com/76/70/20200000013920144765709416884_s.jpg	http://www.baike.com/wiki/%E9%A9%AC%E8%B9%84%E8%8E%B2
http://www.wed114.cn/jiehun/uploads/allimg/151217/52_151217163959_2.jpg	http://www.wed114.cn/jiehun/zhiwu/20151217141076.html
http://www.huajiang.cc/uploads/allimg/140327/1-14032H13201.jpg	http://baike.huajiang.cc/sp/matilian/
http://www.huajiang.cc/uploads/allimg/140618/9-14061Q949390-L.jpg	http://baike.huajiang.cc/sp/matilian/
https://gss0.bdstatic.com/-4o3dSag_xI4khGkpoWK1HF6hhy/baike/s%3D220/sign=8d0458ef50ee3d6d26c680c973176d41/c75c10385343fbf26e28ed6bb97eca8065388f76.jpg	https://baike.baidu.com/item/%E9%A9%AC%E8%B9%84%E8%8E%B2
http://www.iyanghua.com/f/matilian/20081114200755_2.jpg	http://www.iyanghua.com/f/matilian/
http://www.huajiang.cc/uploads/160128/13-16012R32910T4.png	http://baike.huajiang.cc/sp/matilian/
http://img0.pchouse.com.cn/pchouse/1109/25/131813_5.jpg	http://www.pchouse.com.cn/baike/shenghuo/621/
http://static.house.sina.com.cn/supportsjiaju/product/3b/6e/0.956910001227163253.jpg	http://jiancai.jiaju.sina.com.cn/jiaju/chanpin-detail-12776.html
http://www.wed114.cn/jiehun/uploads/allimg/151217/52_151217163959_3.jpg	http://www.wed114.cn/jiehun/zhiwu/20151217141076.html
http://a0.att.hudong.com/07/70/01100000000000144765709464246_s.jpg	http://www.baike.com/wiki/%E9%A9%AC%E8%B9%84%E8%8E%B2
http://www.iyanghua.com/f/matilian/20081114201024_2.jpg	http://www.iyanghua.com/f/matilian/
https://gss0.bdstatic.com/94o3dSag_xI4khGkpoWK1HF6hhy/baike/s%3D220/sign=4375ca3d4aa98226bcc12c25ba83b97a/622762d0f703918f085d7582583d269758eec4ee.jpg	https://baike.baidu.com/item/%E9%A9%AC%E8%B9%84%E8%8E%B2
http://huayu.huabaike.com/wp-content/uploads/2016/06/tp12.jpg	http://huayu.huabaike.com/285.html
http://pic2.nipic.com/20090417/2411556_195134016_2.jpg	http://www.nipic.com/show/1/44/900add92480d577e.html
http://a4.att.hudong.com/06/70/01100000000000144765709570023_s.jpg	http://www.baike.com/wiki/%E9%A9%AC%E8%B9%84%E8%8E%B2
http://www.zhiwu365.com/uploads/plant/293_matilian/default/original/5_matilian.jpg	http://www.zhiwu365.com/plant/337
http://img0.pclady.com.cn/pclady/1206/18/839479_8.png	http://emotion.pclady.com.cn/zxzq/1206/839479_all.html
http://pic1.nipic.com/2008-10-27/20081027121755710_2.jpg	http://www.nipic.com/show/1/65/011ca30b48bf1821.html
http://zixun.rrs.com/uploads/allimg/140924/1I54U133-0.jpg	http://zixun.rrs.com/jiashigonglue/2630.html
http://image8.360doc.com/DownloadImg/2010/04/0521/2776370_1.jpg	http://www.360doc.com/content/10/0405/21/777018_21739055.shtml
http://pic.nipic.com/2008-07-28/2008728194314762_2.jpg	http://www.nipic.com/show/1/44/9fe27e54fbb70cca.html
http://www.imagewa.com/PhotoPreview/230/230_9163.jpg	http://www.imagewa.com/Photo/230/9163.html
https://www.huabaike.com/uploads/allimg/sltimg/201511/56458d1eef730.jpg	https://www.huabaike.com/yhjq/99.html
https://www.huabaike.com/uploads/allimg/artimg/201606/20160615123840_34326.jpg	https://www.huabaike.com/yhjq/4268.html
http://www.imagewa.com/PhotoPreview/230/230_9160.jpg	http://www.imagewa.com/Photo/230/9160.html
http://img0.pchouse.com.cn/pchouse/1109/25/131815_6.jpg	http://www.pchouse.com.cn/baike/shenghuo/621/
http://pic.nipic.com/2008-05-15/2008515102554954_2.jpg	http://www.nipic.com/show/1/47/dd9611b41e62ef05.html
http://img0.pchouse.com.cn/pchouse/1109/25/131810_3.jpg	http://www.pchouse.com.cn/baike/shenghuo/621/
http://a1.att.hudong.com/13/66/01300000178518124305660157382_s.jpg	http://blog.sina.com.cn/s/blog_5923414c01015b0f.html
http://img0.pclady.com.cn/pclady/1206/18/839479_7.png	http://emotion.pclady.com.cn/zxzq/1206/839479_all.html
http://www.gzsonghua.com/pic/183.jpg	http://www.gzsonghua.com/sort.php?id=20
http://www.38fan.com/uploads/allimg/131226/16150241N-2.jpg	http://www.38fan.com/zhiwu/20131219115211_2.html
http://www.iyanghua.com/f/matilian/2008122083127_2.jpg	http://www.iyanghua.com/f/matilian/
http://www.imagewa.com/PhotoPreview/230/230_9161.jpg	http://www.imagewa.com/Photo/230/9161.html
http://www.wed114.cn/jiehun/uploads/allimg/151217/52_151217163959_4.jpg	http://www.wed114.cn/jiehun/zhiwu/20151217141076.html
http://pic5.nipic.com/20091225/4028741_105805018940_2.jpg	http://www.nipic.com/show/1/44/7f2b058d481d639e.html
http://p.d1xz.net/2016/02/22/14561231026175901.jpg	http://www.d1xz.net/astro/huayu/art123757.aspx
http://img0.pchouse.com.cn/pchouse/1109/25/131809_1.jpg	http://www.pchouse.com.cn/baike/shenghuo/621/
http://pic12.nipic.com/20110111/3101644_101224546251_2.jpg	http://www.nipic.com/show/1/44/4152680kaf82e555.html
http://www.38fan.com/uploads/allimg/140121/1206201456-0.jpg	http://www.38fan.com/z82145.html
http://a3.att.hudong.com/02/65/01300544058669148040657652161_s.jpg	http://www.baike.com/wiki/%E5%BD%A9%E8%89%B2%E9%A9%AC%E8%B9%84%E8%8E%B2
http://www.imagewa.com/PhotoPreview/230/230_9164.jpg	http://www.imagewa.com/Photo/230/9164.html
http://tgi13.jia.com/114/962/14962039.jpg	http://www.jia.com/baike/bdetail-3132/
http://www.52yhua.com/uploads/allimg/161019/1-161019212422.jpg	http://www.52yhua.com/jishu/5977.html
http://img01.hua.com/uploadpic/images/9010094_b.jpg	http://www.hua.com/huayu/10588.html
http://img01.hua.com/uploadpic/images/20164251916273425067.jpg	http://www.hua.com/huayu/15653.html
http://www.huajiang.cc/uploads/140326/1-140326211411494.jpg	http://baike.huajiang.cc/sp/matilian/
http://matilian.yangzhiriji.com/wp-content/uploads/sites/53/2014/05/2.jpg	http://matilian.yangzhiriji.com/
http://www.52yhua.com/uploads/allimg/161019/1-161019212424.jpg	http://www.52yhua.com/jishu/5977.html
http://pic24.nipic.com/20121015/11109688_132528800000_2.jpg	http://www.nipic.com/show/3/70/6956913k04c70631.html
http://www.huayugu.com.cn/uploads/allimg/161028/1-16102P025240-L.jpg	http://www.huayugu.com.cn/matilian/
http://www.wed114.cn/jiehun/uploads/allimg/160330/52_160330164528_1.jpg	http://www.wed114.cn/jiehun/zhiwu/20151217141076.html
http://www.52yhua.com/uploads/allimg/161019/1-161019212421.jpg	http://www.52yhua.com/jishu/5977.html
http://www.huayugu.com.cn/uploads/allimg/151028/1-15102Q105180-L.jpg	http://www.huayugu.com.cn/matilian.html
http://www.1nongjing.com/uploads/allimg/160315/902-160315150634X6.png	http://m.1nongjing.com/a/201603/132601.html
http://1.im.guokr.com/_iOKLjfaQDyHRpIIkQ8FxTPBcFQbFVv8yGm1COZ142MUAwAA_AEAAEpQ.jpg?imageView2/1/w/650/h/419	http://www.guokr.com/blog/767372/
http://image.sciencenet.cn/album//photo/upload/bigimg/2010928101143703.jpg	http://blog.sciencenet.cn/home.php?mod=space&uid=294352&do=album&id=37096
https://www.huabaike.com/uploads/allimg/artimg/201511/20151117102743_67238.jpg	https://www.huabaike.com/sphh/122.html
https://www.huabaike.com/uploads/allimg/sltimg/201511/56458b70d57b9.jpg	https://www.huabaike.com/jtyh/90.html
http://qhwenba.oss.aliyuncs.com/questions/20140410/KNC7VTKDM5CUGPZVABAQAAAA.jpeg	http://www.kujiale.com/wenba/question/5326
https://www.huabaike.com/uploads/allimg/artimg/201511/20151117105854_29489.jpg	https://www.huabaike.com/jtyh/87.html
https://www.uooyoo.com/img2016/5/8/2016050831957643.jpg	https://www.uooyoo.com/a/160508/50199683.html
http://zixun.rrs.com/uploads/allimg/140924/1I54V940-1.jpg	http://zixun.rrs.com/jiashigonglue/2630.html
http://a2.att.hudong.com/58/33/19300534058731143027335789930_950.jpg	http://huayu.baike.com/article-1683486.html
http://img.tupianzj.com/uploads/allimg/160924/9-1609241019200-L.jpg	http://www.tupianzj.com/sheying/huahui/20160924/matilian/
http://www.chinabaike.com/uploads/allimg/140525/014A43956-1.jpg	http://www.chinabaike.com/z/shenghuo/20140525/2280126.html
http://image.meilele.com//images/upload/%E9%A9%AC%E8%B9%84%E8%8E%B2%E5%9B%BE%E7%89%87%20(1).jpg	http://www.21cbi.com/s/127/230673.html
http://a1.att.hudong.com/47/61/19300001333271131667611848483.jpg	http://huayu.baike.com/article-70901.html
http://www.yuhuagu.com/uploads/allimg/161016/43_161016215845_1.jpg	http://www.yuhuagu.com/qiugen/2016/1016/13304.html
http://image51.360doc.com/DownloadImg/2012/05/0301/23678354_43	http://www.360doc.com/content/12/0503/01/5733130_208255462.shtml
http://img.aiuw.com//images/upload/Image/21751349859348.jpg	http://www.aiuw.com/zhiwu/huayu/article-12331.html
http://1.im.guokr.com/LgvWKENhMI32zA_daPW_ZRh4LQ9Rfxp5l3XEkDwIoEYnAwAABgIAAEpQ.jpg?imageView2/1/w/650/h/417	http://www.guokr.com/blog/767372/
http://tgi1.jia.com/114/829/14829542.jpg	http://www.jia.com/baike/bdetail-3132/
http://pic21.nipic.com/20120519/2034846_231542079301_2.jpg	http://www.nipic.com/show/4/79/6227568kc371b1b1.html
https://www.huabaike.com/uploads/allimg/artimg/201703/20170307162957_88412.jpg	https://www.huabaike.com/hyjk/7535.html
http://pic16.nipic.com/20110809/5252423_161941731278_2.jpg	http://www.nipic.com/show/5015782.html
http://pic.nipic.com/2008-01-04/20081411413214_2.jpg	http://www.nipic.com/show/2/74/c675cc0f0ccb5125.html
http://www.52yhua.com/uploads/allimg/160708/1-160FR33038.jpg	http://www.52yhua.com/jishu/2838.html
http://www.qzhhjt.com/images/pro/01-huahui/02-jinkou/03-matilian/matilian1.jpg	http://www.qzhhjt.com/jingpin/jingpinlipinhua/2013/1119/113.html
https://www.huabaike.com/uploads/allimg/artimg/201511/20151117103057_57282.jpg	https://www.huabaike.com/yzfh/120.html
http://www.huajiang.cc/uploads/allimg/140818/9-140QQ43359453.jpg	http://www.huajiang.cc/huayu/20140818/1745.html
http://img001.mllres.com//images/upload/%E9%BB%84%E8%89%B2%E9%A9%AC%E8%B9%84%E8%8E%B2.jpg	http://www.meilele.com/article/zhuangxiu-ruanzhuang/3157.html
http://i9.qhimg.com/t01cc491f0f54b183d2.jpg	http://www.360doc.com/content/16/0703/09/892164_572596546.shtml
https://www.huabaike.com/uploads/allimg/sltimg/201511/56458abfc4cd6.jpg	https://www.huabaike.com/jtyh/87.html
http://www.zhongdi168.com/Upload/InPic/457EB73C6C60C7FD46C07CE18748E477.jpg	http://www.zhongdi168.com/mtl.htm
http://www.shumiao.com/Upload/Other/MBJNX0$EE$PWR6T33ZR3PEU.jpg	http://www.shumiao.com/info/detail/0-42022.html
http://huayu.huabaike.com/wp-content/uploads/2016/06/tp42.jpg	http://huayu.huabaike.com/285.html
http://www.zhiwu365.com/uploads/plant/293_matilian/default/original/4_matilian.jpg	http://www.zhiwu365.com/plant/337
http://www.wdptj.com/wp-content/uploads/2015/01/%E9%A9%AC%E8%B9%84%E8%8E%B2%E8%8A%B1%E8%AF%AD.jpg	http://www.wdptj.com/matilian/
http://www.baihuamen.com/d/file/2014/03-21/f37c0de0360ac3dad905ea2c465efdb4.jpg	http://www.baihuamen.com/matilian/
http://p.d1xz.net/2014/4/17/135861566156.jpg	http://3g.d1xz.net/astro/huayu/art45887.aspx
http://img.pconline.com.cn/images/upload/upc/tx/housebbs6/1204/14/c0/11248515_1334386813386_1024x1024.jpg	http://bbs.pchouse.com.cn/topic-523776.html
https://cdn.pixabay.com/photo/2016/08/16/23/42/calla-lilly-1599319_960_720.jpg	https://pixabay.com/zh/photos/%E9%A9%AC%E8%B9%84%E8%8E%B2/
http://pic.nipic.com/2008-07-14/2008714125215604_2.jpg	http://www.nipic.com/show/4/105/13005bcf8c0c22b3.html
https://upload.wikimedia.org/wikipedia/commons/thumb/4/48/Zantedeschia_aethiopica_HRM.jpg/220px-Zantedeschia_aethiopica_HRM.jpg	https://zh.wikipedia.org/wiki/%E9%A9%AC%E8%B9%84%E8%8E%B2
