
https://gss1.bdstatic.com/9vo3dSag_xI4khGkpoWK1HF6hhy/baike/c0%3Dbaike150%2C5%2C5%2C150%2C50/sign=421cef89f8dcd100d991f07313e22c75/0eb30f2442a7d933b14ea1f7ad4bd11372f0014b.jpg
https://gss2.bdstatic.com/9fo3dSag_xI4khGkpoWK1HF6hhy/baike/c0%3Dbaike180%2C5%2C5%2C180%2C60/sign=8207a1b4baa1cd1111bb7a72d87ba399/0e2442a7d933c895ab98ddffd11373f08302004b.jpg
https://gss1.bdstatic.com/-vo3dSag_xI4khGkpoWK1HF6hhy/baike/c0%3Dbaike116%2C5%2C5%2C116%2C38/sign=9a7b7f9042a7d933aba5ec21cc22ba76/8b82b9014a90f603e645d9c33912b31bb151edb9.jpg
https://gss3.bdstatic.com/-Po3dSag_xI4khGkpoWK1HF6hhy/baike/c0%3Dbaike150%2C5%2C5%2C150%2C50/sign=8307a1b4baa1cd1111bb7a72d87ba399/43a7d933c895d143d690a1a773f082025baf074b.jpg
https://gss0.bdstatic.com/-4o3dSag_xI4khGkpoWK1HF6hhy/baike/c0%3Dbaike116%2C5%2C5%2C116%2C38/sign=ee9ea63cd43f8794c7f2407cb3726591/d833c895d143ad4badc8034482025aafa50f064b.jpg

https://gss2.bdstatic.com/9fo3dSag_xI4khGkpoWK1HF6hhy/baike/c0%3Dbaike150%2C5%2C5%2C150%2C50/sign=74e8d154a3773912d02b8d339970ed7d/622762d0f703918f2207aa235b3d269758eec401.jpg
https://gss1.bdstatic.com/-vo3dSag_xI4khGkpoWK1HF6hhy/baike/crop%3D0%2C3%2C1000%2C660%3Bc0%3Dbaike116%2C5%2C5%2C116%2C38/sign=35c469e9973df8dcb272d5d1f0215eb8/35a85edf8db1cb130c5f5b0dd554564e92584bfd.jpg
https://gss3.bdstatic.com/-Po3dSag_xI4khGkpoWK1HF6hhy/baike/c0%3Dbaike92%2C5%2C5%2C92%2C30/sign=e8c3dd2369600c33e474d69a7b253a6a/bd3eb13533fa828b25be83d4ff1f4134970a5a63.jpg
https://gss3.bdstatic.com/7Po3dSag_xI4khGkpoWK1HF6hhy/baike/c0%3Dbaike80%2C5%2C5%2C80%2C26/sign=db7e3907cbef7609280691cd4fb4c8a9/5366d0160924ab1840a1dcad35fae6cd7a890bf0.jpg
https://gss2.bdstatic.com/-fo3dSag_xI4khGkpoWK1HF6hhy/baike/c0%3Dbaike80%2C5%2C5%2C80%2C26/sign=69cfb2cd9e2f07084b082252884dd3fc/55e736d12f2eb9387549da70d5628535e5dd6f08.jpg
https://gss1.bdstatic.com/-vo3dSag_xI4khGkpoWK1HF6hhy/baike/c0%3Dbaike80%2C5%2C5%2C80%2C26/sign=5ec7623a2edda3cc1fe9b07260805264/962bd40735fae6cd6e7850c40fb30f2443a70f42.jpg
https://gss3.bdstatic.com/-Po3dSag_xI4khGkpoWK1HF6hhy/baike/c0%3Dbaike80%2C5%2C5%2C80%2C26/sign=28367c34ccfc1e17e9b284632bf99d66/0dd7912397dda144c6aba790b1b7d0a20cf48676.jpg
https://gss1.bdstatic.com/9vo3dSag_xI4khGkpoWK1HF6hhy/baike/c0%3Dbaike80%2C5%2C5%2C80%2C26/sign=c2f906208444ebf8797c6c6db890bc4f/fc1f4134970a304e8c869fd9d2c8a786c9175c68.jpg
https://gss0.bdstatic.com/-4o3dSag_xI4khGkpoWK1HF6hhy/baike/c0%3Dbaike80%2C5%2C5%2C80%2C26/sign=f577b0b2ce11728b24208470a995a8ab/908fa0ec08fa513d02e053fd3e6d55fbb2fbd94e.jpg

https://gss1.bdstatic.com/-vo3dSag_xI4khGkpoWK1HF6hhy/baike/c0%3Dbaike80%2C5%2C5%2C80%2C26/sign=328279a4c8fcc3cea0cdc161f32cbded/279759ee3d6d55fbc76983a06d224f4a21a4dd8d.jpg
https://gss3.bdstatic.com/-Po3dSag_xI4khGkpoWK1HF6hhy/baike/c0%3Dbaike80%2C5%2C5%2C80%2C26/sign=de1d109c2834349b600b66d7a8837eab/7e3e6709c93d70cfc0f75b8bf8dcd100baa12b23.jpg
https://gss0.bdstatic.com/-4o3dSag_xI4khGkpoWK1HF6hhy/baike/c0%3Dbaike80%2C5%2C5%2C80%2C26/sign=f72b77a79313b07ea9b0585a6dbefa46/d788d43f8794a4c271c717ad0ef41bd5ac6e394b.jpg
https://gss1.bdstatic.com/9vo3dSag_xI4khGkpoWK1HF6hhy/baike/c0%3Dbaike80%2C5%2C5%2C80%2C26/sign=394b409ad42a283457ab3e593adca28f/c8177f3e6709c93d29dd5e709f3df8dcd100540d.jpg
https://gss1.bdstatic.com/-vo3dSag_xI4khGkpoWK1HF6hhy/baike/c0%3Dbaike80%2C5%2C5%2C80%2C26/sign=94797d7936d3d539d53007915bee8235/f9dcd100baa1cd112f182fa7b912c8fcc2ce2d8e.jpg
https://gss0.bdstatic.com/94o3dSag_xI4khGkpoWK1HF6hhy/baike/c0%3Dbaike80%2C5%2C5%2C80%2C26/sign=103c95a84134970a537e187df4a3baad/a8014c086e061d95b2946abf7bf40ad163d9ca63.jpg
https://gss1.bdstatic.com/-vo3dSag_xI4khGkpoWK1HF6hhy/baike/c0%3Dbaike80%2C5%2C5%2C80%2C26/sign=00987bcc02087bf469e15fbb93ba3c49/77c6a7efce1b9d16e0f7dee6f3deb48f8c546400.jpg
https://gss2.bdstatic.com/-fo3dSag_xI4khGkpoWK1HF6hhy/baike/c0%3Dbaike80%2C5%2C5%2C80%2C26/sign=3f43b922d143ad4bb2234e92e36b31ca/359b033b5bb5c9eaf3be4764d539b6003bf3b3ec.jpg
https://gss1.bdstatic.com/9vo3dSag_xI4khGkpoWK1HF6hhy/baike/c0%3Dbaike80%2C5%2C5%2C80%2C26/sign=d7b70f06cb1349546a13e0363727f93d/3812b31bb051f8190f70b4cddab44aed2f73e7e4.jpg
https://gss1.bdstatic.com/-vo3dSag_xI4khGkpoWK1HF6hhy/baike/c0%3Dbaike80%2C5%2C5%2C80%2C26/sign=e2f5e8ee252dd42a4b0409f9625230d0/a686c9177f3e6709fce2f8783bc79f3df9dc5552.jpg
https://gss1.bdstatic.com/9vo3dSag_xI4khGkpoWK1HF6hhy/baike/c0%3Dbaike80%2C5%2C5%2C80%2C26/sign=e8975c9d6059252db71a155655f2685e/d0c8a786c9177f3e5667428a70cf3bc79e3d56e1.jpg
https://gss1.bdstatic.com/9vo3dSag_xI4khGkpoWK1HF6hhy/baike/c0%3Dbaike80%2C5%2C5%2C80%2C26/sign=3e7646a07f3e6709aa0d4dad5aaef458/63d9f2d3572c11df301c05a4632762d0f603c26c.jpg
https://gss2.bdstatic.com/9fo3dSag_xI4khGkpoWK1HF6hhy/baike/c0%3Dbaike80%2C5%2C5%2C80%2C26/sign=55de8268a9ec8a1300175fb2966afaea/b58f8c5494eef01f38dbbe42e0fe9925bd317d6d.jpg

https://gss3.bdstatic.com/-Po3dSag_xI4khGkpoWK1HF6hhy/baike/c0%3Dbaike180%2C5%2C5%2C180%2C60/sign=687db44ab2119313d34ef7e2045167b2/8435e5dde71190ef4df8e857ce1b9d16fdfa6032.jpg
https://gss2.bdstatic.com/9fo3dSag_xI4khGkpoWK1HF6hhy/baike/c0%3Dbaike180%2C5%2C5%2C180%2C60/sign=da1c5088e924b899ca31716a0f6f76f0/9922720e0cf3d7ca89ef45fef21fbe096b63a919.jpg
https://gss0.bdstatic.com/-4o3dSag_xI4khGkpoWK1HF6hhy/baike/c0%3Dbaike180%2C5%2C5%2C180%2C60/sign=5d2830866709c93d13ff06a5fe5493b9/962bd40735fae6cdefb6d1e90fb30f2442a70f33.jpg
https://gss2.bdstatic.com/9fo3dSag_xI4khGkpoWK1HF6hhy/baike/c0%3Dbaike220%2C5%2C5%2C220%2C73/sign=5c1abd878794a4c21e2eef796f9d70b0/5bafa40f4bfbfbed21f66af778f0f736aec31f8e.jpg
https://gss0.bdstatic.com/94o3dSag_xI4khGkpoWK1HF6hhy/baike/c0%3Dbaike220%2C5%2C5%2C220%2C73/sign=7113d586b13533fae1bb9b7cc9ba967a/d788d43f8794a4c215d5bba30ef41bd5ac6e3947.jpg

https://gss1.bdstatic.com/9vo3dSag_xI4khGkpoWK1HF6hhy/baike/c0%3Dbaike272%2C5%2C5%2C272%2C90/sign=a12cef9fbc315c60579863bdecd8a076/4034970a304e251fd418a772a786c9177e3e5348.jpg
https://gss2.bdstatic.com/9fo3dSag_xI4khGkpoWK1HF6hhy/baike/c0%3Dbaike150%2C5%2C5%2C150%2C50/sign=0423d5767cd98d1062d904634056d36b/5fdf8db1cb13495423ddabee564e9258d0094a7c.jpg
https://gss2.bdstatic.com/9fo3dSag_xI4khGkpoWK1HF6hhy/baike/c0%3Dbaike150%2C5%2C5%2C150%2C50/sign=bf28d9ebf3deb48fef64a98c9176514c/960a304e251f95ca931ad13cc9177f3e66095248.jpg
https://gss3.bdstatic.com/-Po3dSag_xI4khGkpoWK1HF6hhy/baike/c0%3Dbaike116%2C5%2C5%2C116%2C38/sign=ffe32ada34a85edfee81f671283d6246/314e251f95cad1c8e454bfad7f3e6709c83d5148.jpg
https://gss0.bdstatic.com/94o3dSag_xI4khGkpoWK1HF6hhy/baike/c0%3Dbaike116%2C5%2C5%2C116%2C38/sign=acebf12ea4c27d1eb12b33967abcc60b/d043ad4bd11373f0fad62c15a40f4bfbfaed044a.jpg

https://gss2.bdstatic.com/9fo3dSag_xI4khGkpoWK1HF6hhy/baike/c0%3Dbaike116%2C5%2C5%2C116%2C38/sign=1f990973d1c8a786aa27425c0660a258/d31b0ef41bd5ad6ee742cd6381cb39dbb7fd3cfb.jpg
https://gss0.bdstatic.com/94o3dSag_xI4khGkpoWK1HF6hhy/baike/c0%3Dbaike116%2C5%2C5%2C116%2C38/sign=f9802f679c82d158af8f51e3e16372bd/9e3df8dcd100baa1e598ee324710b912c9fc2e86.jpg
https://gss0.bdstatic.com/-4o3dSag_xI4khGkpoWK1HF6hhy/baike/c0%3Dbaike220%2C5%2C5%2C220%2C73/sign=a5ca31f2d11373f0e13267cdc566209e/377adab44aed2e73ff5d2fa58701a18b86d6fa87.jpg
https://gss2.bdstatic.com/-fo3dSag_xI4khGkpoWK1HF6hhy/baike/c0%3Dbaike116%2C5%2C5%2C116%2C38/sign=bf9e07e94fc2d562e605d8bf8678fb8a/ca1349540923dd5450e80ee1d109b3de9d82489b.jpg
https://gss2.bdstatic.com/9fo3dSag_xI4khGkpoWK1HF6hhy/baike/c0%3Dbaike116%2C5%2C5%2C116%2C38/sign=04899bb128381f308a1485fbc868276d/58ee3d6d55fbb2fbd9b0f19b4f4a20a44723dca4.jpg

https://gss2.bdstatic.com/9fo3dSag_xI4khGkpoWK1HF6hhy/baike/c0%3Dbaike150%2C5%2C5%2C150%2C50/sign=3f1840f120a446236ac7ad30f94b196b/e850352ac65c10380179f449b2119313b07e8931.jpg
https://gss0.bdstatic.com/94o3dSag_xI4khGkpoWK1HF6hhy/baike/c0%3Dbaike150%2C5%2C5%2C150%2C50/sign=53afa6cc3912b31bd361c57be7715d1f/63d0f703918fa0ec28d85e86269759ee3d6ddb19.jpg
https://gss0.bdstatic.com/94o3dSag_xI4khGkpoWK1HF6hhy/baike/c0%3Dbaike220%2C5%2C5%2C220%2C73/sign=6eb556553d6d55fbd1cb7e740c4b242f/359b033b5bb5c9ea5dec3968d539b6003af3b319.jpg
https://gss2.bdstatic.com/9fo3dSag_xI4khGkpoWK1HF6hhy/baike/c0%3Dbaike220%2C5%2C5%2C220%2C73/sign=c8339ca8b07eca80060831b5f04afcb8/d4628535e5dde711eacd797da7efce1b9d166119.jpg
https://gss3.bdstatic.com/7Po3dSag_xI4khGkpoWK1HF6hhy/baike/c0%3Dbaike150%2C5%2C5%2C150%2C50/sign=5f3d35922df5e0fefa1581533d095fcd/c8177f3e6709c93ddfed347c9f3df8dcd1005419.jpg
https://gss3.bdstatic.com/7Po3dSag_xI4khGkpoWK1HF6hhy/baike/c0%3Dbaike150%2C5%2C5%2C150%2C50/sign=58283ff5251f95cab2f89ae4a87e145b/b7fd5266d0160924643a9890d40735fae6cd3419.jpg

https://gss2.bdstatic.com/9fo3dSag_xI4khGkpoWK1HF6hhy/baike/c0%3Dbaike150%2C5%2C5%2C150%2C50/sign=5dcdebbf35fae6cd18b9a3336eda6441/728da9773912b31b7ab7c7a18618367adbb4e15b.jpg
https://gss3.bdstatic.com/-Po3dSag_xI4khGkpoWK1HF6hhy/baike/c0%3Dbaike116%2C5%2C5%2C116%2C38/sign=250344319e510fb36c147fc5b85aa3f0/8326cffc1e178a827acf7528f603738da877e843.jpg
https://gss0.bdstatic.com/-4o3dSag_xI4khGkpoWK1HF6hhy/baike/c0%3Dbaike150%2C5%2C5%2C150%2C50/sign=91d189b83af33a878a600848a7357b5d/55e736d12f2eb938dfb8707ad5628535e4dd6f64.jpg
https://gss3.bdstatic.com/7Po3dSag_xI4khGkpoWK1HF6hhy/baike/c0%3Dbaike116%2C5%2C5%2C116%2C38/sign=14f0a893d40735fa85fd46ebff3864d6/b219ebc4b74543a93dcef0441e178a82b8011464.jpg
https://gss3.bdstatic.com/-Po3dSag_xI4khGkpoWK1HF6hhy/baike/c0%3Dbaike150%2C5%2C5%2C150%2C50/sign=ba05b5ab632762d09433acedc185639f/d62a6059252dd42a3bdd0b23033b5bb5c8eab865.jpg

https://gss2.bdstatic.com/-fo3dSag_xI4khGkpoWK1HF6hhy/baike/c0%3Dbaike80%2C5%2C5%2C80%2C26/sign=a757ab46304e251ff6faecaac6efa272/6f061d950a7b02089d97369d62d9f2d3572cc874.jpg

https://gss0.bdstatic.com/-4o3dSag_xI4khGkpoWK1HF6hhy/baike/c0%3Dbaike220%2C5%2C5%2C220%2C73/sign=d21aab2cce1b9d169eca923392b7dfea/bd3eb13533fa828b02c2a410fd1f4134960a5a5b.jpg
https://gss2.bdstatic.com/9fo3dSag_xI4khGkpoWK1HF6hhy/baike/c0%3Dbaike116%2C5%2C5%2C116%2C38/sign=b4900bcb28381f308a1485fbc868276d/58ee3d6d55fbb2fb69a961e14f4a20a44723dc46.jpg
https://gss1.bdstatic.com/-vo3dSag_xI4khGkpoWK1HF6hhy/baike/c0%3Dbaike150%2C5%2C5%2C150%2C50/sign=4001ebd290ef76c6c4dff379fc7f969f/b03533fa828ba61e0d0ff1dc4134970a314e595b.jpg
https://gss2.bdstatic.com/-fo3dSag_xI4khGkpoWK1HF6hhy/baike/c0%3Dbaike272%2C5%2C5%2C272%2C90/sign=2a88982df01f3a294ec5dd9cf84cd754/32fa828ba61ea8d35bc34df7970a304e241f585b.jpg
https://gss3.bdstatic.com/-Po3dSag_xI4khGkpoWK1HF6hhy/baike/c0%3Dbaike220%2C5%2C5%2C220%2C73/sign=98a38bc2a18b87d6444fa34d6661435d/3c6d55fbb2fb4316469d438920a4462308f7d346.jpg

https://gss2.bdstatic.com/-fo3dSag_xI4khGkpoWK1HF6hhy/baike/c0%3Dbaike92%2C5%2C5%2C92%2C30/sign=a5035d302edda3cc1fe9b07260805264/5366d0160924ab18791e259835fae6cd7b890b11.jpg
https://gss2.bdstatic.com/9fo3dSag_xI4khGkpoWK1HF6hhy/baike/c0%3Dbaike80%2C5%2C5%2C80%2C26/sign=471ba81db2b7d0a26fc40ccfaa861d6c/50da81cb39dbb6fdb84921890924ab18972b370b.jpg
https://gss3.bdstatic.com/-Po3dSag_xI4khGkpoWK1HF6hhy/baike/c0%3Dbaike92%2C5%2C5%2C92%2C30/sign=7e3ff0763901213fdb3e468e358e5db4/d50735fae6cd7b896d7efe2c0f2442a7d9330e0b.jpg
https://gss3.bdstatic.com/-Po3dSag_xI4khGkpoWK1HF6hhy/baike/c0%3Dbaike150%2C5%2C5%2C150%2C50/sign=d45c482a87d6277ffd1f3a6a49517455/4e4a20a4462309f7c30f7183720e0cf3d7cad63b.jpg
https://gss3.bdstatic.com/7Po3dSag_xI4khGkpoWK1HF6hhy/baike/c0%3Dbaike80%2C5%2C5%2C80%2C26/sign=a3e765f594eef01f591910978197f240/b64543a98226cffc097f6323b9014a90f703eace.jpg
https://gss0.bdstatic.com/-4o3dSag_xI4khGkpoWK1HF6hhy/baike/c0%3Dbaike150%2C5%2C5%2C150%2C50/sign=f5d66e77277f9e2f6438155a7e598241/21a4462309f79052cc7f9baf0cf3d7ca7bcbd53b.jpg
https://gss1.bdstatic.com/-vo3dSag_xI4khGkpoWK1HF6hhy/baike/c0%3Dbaike150%2C5%2C5%2C150%2C50/sign=d28bcede9e2f07084b082252884dd3fc/472309f7905298222753e552d7ca7bcb0a46d43b.jpg
https://gss1.bdstatic.com/9vo3dSag_xI4khGkpoWK1HF6hhy/baike/c0%3Dbaike220%2C5%2C5%2C220%2C73/sign=c97ee085ab18972bb737089887a410ec/8326cffc1e178a82a069a331f603738da877e8ce.jpg

https://gss1.bdstatic.com/9vo3dSag_xI4khGkpoWK1HF6hhy/baike/c0%3Dbaike150%2C5%2C5%2C150%2C50/sign=7945e5f2720e0cf3b4fa46a96b2f997a/faf2b2119313b07e239718e80cd7912397dd8c2c.jpg
https://gss3.bdstatic.com/-Po3dSag_xI4khGkpoWK1HF6hhy/baike/c0%3Dbaike92%2C5%2C5%2C92%2C30/sign=b90f5025e0fe9925df01610255c135ba/b64543a98226cffc9d31f752b9014a90f603ea33.jpg
https://gss2.bdstatic.com/9fo3dSag_xI4khGkpoWK1HF6hhy/baike/c0%3Dbaike150%2C5%2C5%2C150%2C50/sign=c796b6c349540923be646b2cf331ba6c/bba1cd11728b4710f335b52cc3cec3fdfc032333.jpg
https://gss3.bdstatic.com/-Po3dSag_xI4khGkpoWK1HF6hhy/baike/c0%3Dbaike150%2C5%2C5%2C150%2C50/sign=542fd21379310a55d029d6a6d62c28cc/a8014c086e061d95a9627fd87bf40ad162d9ca2e.jpg
https://gss3.bdstatic.com/7Po3dSag_xI4khGkpoWK1HF6hhy/baike/c0%3Dbaike80%2C5%2C5%2C80%2C26/sign=e756b75065380cd7f213aabfc02dc651/a5c27d1ed21b0ef44cfdd0beddc451da81cb3e3c.jpg

https://gss0.bdstatic.com/94o3dSag_xI4khGkpoWK1HF6hhy/baike/c0%3Dbaike80%2C5%2C5%2C80%2C26/sign=f933948308fa513d45a7648c5c043e9e/9825bc315c6034a83663b9decb134954082376ef.jpg

https://gss3.bdstatic.com/7Po3dSag_xI4khGkpoWK1HF6hhy/baike/c0%3Dbaike116%2C5%2C5%2C116%2C38/sign=4c1e45128c5494ee932f074b4c9c8b9b/bd3eb13533fa828b19de594efd1f4134960a5a9a.jpg
https://gss0.bdstatic.com/-4o3dSag_xI4khGkpoWK1HF6hhy/baike/c0%3Dbaike92%2C5%2C5%2C92%2C30/sign=e4f4c506033b5bb5aada28ac57babe5c/a686c9177f3e670905fd81523bc79f3df9dc559a.jpg
https://gss1.bdstatic.com/-vo3dSag_xI4khGkpoWK1HF6hhy/baike/c0%3Dbaike150%2C5%2C5%2C150%2C50/sign=7abbc1d3251f95cab2f89ae4a87e145b/b7fd5266d016092446a966b6d40735fae7cd348b.jpg
https://gss2.bdstatic.com/9fo3dSag_xI4khGkpoWK1HF6hhy/baike/c0%3Dbaike150%2C5%2C5%2C150%2C50/sign=026d209dbaa1cd1111bb7a72d87ba399/43a7d933c895d14357fa208e73f082025baf078b.jpg
https://gss3.bdstatic.com/7Po3dSag_xI4khGkpoWK1HF6hhy/baike/c0%3Dbaike150%2C5%2C5%2C150%2C50/sign=cadf6457d1c8a786aa27425c0660a258/d1160924ab18972b3bc7c467e6cd7b899f510a9a.jpg

https://gss2.bdstatic.com/9fo3dSag_xI4khGkpoWK1HF6hhy/baike/c0%3Dbaike180%2C5%2C5%2C180%2C60/sign=e15b1359fc039245b5b8e95de6fdcfa7/83025aafa40f4bfbd9787bc0034f78f0f63618fd.jpg
https://gss3.bdstatic.com/-Po3dSag_xI4khGkpoWK1HF6hhy/baike/c0%3Dbaike272%2C5%2C5%2C272%2C90/sign=2d61cb71ad6eddc432eabca958b2dd98/5bafa40f4bfbfbed88f1d3eb78f0f736aec31ffd.jpg
https://gss0.bdstatic.com/94o3dSag_xI4khGkpoWK1HF6hhy/baike/c0%3Dbaike272%2C5%2C5%2C272%2C90/sign=858b048e2834349b600b66d7a8837eab/ac345982b2b7d0a2ac52e109cbef76094a369a8f.jpg
https://gss0.bdstatic.com/-4o3dSag_xI4khGkpoWK1HF6hhy/baike/c0%3Dbaike272%2C5%2C5%2C272%2C90/sign=3f407dcaddc451dae2fb04b9d7943903/a50f4bfbfbedab6427daa854f736afc378311efd.jpg
https://gss2.bdstatic.com/9fo3dSag_xI4khGkpoWK1HF6hhy/baike/c0%3Dbaike272%2C5%2C5%2C272%2C90/sign=8a92e43f033b5bb5aada28ac57babe5c/b3b7d0a20cf431ad6949a6ad4b36acaf2fdd988f.jpg

https://gss0.bdstatic.com/94o3dSag_xI4khGkpoWK1HF6hhy/baike/c0%3Dbaike150%2C5%2C5%2C150%2C50/sign=6e08c3687cd98d1062d904634056d36b/5fdf8db1cb13495449f6bdf0564e9258d0094abd.jpg
https://gss2.bdstatic.com/-fo3dSag_xI4khGkpoWK1HF6hhy/baike/c0%3Dbaike116%2C5%2C5%2C116%2C38/sign=5d1de22fa61ea8d39e2f7c56f6635b2b/c2fdfc039245d688bad8e730a4c27d1ed31b244f.jpg
https://gss3.bdstatic.com/7Po3dSag_xI4khGkpoWK1HF6hhy/baike/c0%3Dbaike150%2C5%2C5%2C150%2C50/sign=6e55d213d0a20cf4529df68d17602053/95eef01f3a292df5d729f981bc315c6035a873bf.jpg
https://gss3.bdstatic.com/-Po3dSag_xI4khGkpoWK1HF6hhy/baike/c0%3Dbaike92%2C5%2C5%2C92%2C30/sign=3fef555ee6cd7b89fd6132d16e4d29c2/6a600c338744ebf8f1a431abd9f9d72a6159a749.jpg
https://gss0.bdstatic.com/-4o3dSag_xI4khGkpoWK1HF6hhy/baike/c0%3Dbaike150%2C5%2C5%2C150%2C50/sign=450759a5213fb80e18dc698557b8444b/0823dd54564e925895e7d37a9c82d158cdbf4e56.jpg
https://gss3.bdstatic.com/-Po3dSag_xI4khGkpoWK1HF6hhy/baike/c0%3Dbaike150%2C5%2C5%2C150%2C50/sign=90270374f703918fc3dc359830544df2/242dd42a2834349bf03b3a11c9ea15ce36d3be61.jpg
https://gss3.bdstatic.com/7Po3dSag_xI4khGkpoWK1HF6hhy/baike/c0%3Dbaike150%2C5%2C5%2C150%2C50/sign=d6e8746a36d3d539d53007915bee8235/203fb80e7bec54e729d34e8ab9389b504fc26a62.jpg
https://gss1.bdstatic.com/-vo3dSag_xI4khGkpoWK1HF6hhy/baike/c0%3Dbaike150%2C5%2C5%2C150%2C50/sign=be431954f736afc31a013737d27080a1/e824b899a9014c08d30a7c310a7b02087bf4f475.jpg
https://gss1.bdstatic.com/-vo3dSag_xI4khGkpoWK1HF6hhy/baike/c0%3Dbaike150%2C5%2C5%2C150%2C50/sign=98303826b2b7d0a26fc40ccfaa861d6c/8d5494eef01f3a2918f1815a9925bc315c607c6c.jpg

https://gss0.bdstatic.com/-4o3dSag_xI4khGkpoWK1HF6hhy/baike/c0%3Dbaike80%2C5%2C5%2C80%2C26/sign=b3aced569b504fc2b652b85784b48c74/d01373f082025aaf388d1f95fbedab64034f1a34.jpg
https://gss0.bdstatic.com/-4o3dSag_xI4khGkpoWK1HF6hhy/baike/c0%3Dbaike80%2C5%2C5%2C80%2C26/sign=7428124d09f79052fb124f6c6d9abcaf/d009b3de9c82d158983338ef800a19d8bc3e423e.jpg
https://gss0.bdstatic.com/94o3dSag_xI4khGkpoWK1HF6hhy/baike/c0%3Dbaike80%2C5%2C5%2C80%2C26/sign=79b96794828ba61ecbe3c07d205dfc6f/29381f30e924b899618d18666e061d950a7bf63f.jpg
https://gss0.bdstatic.com/-4o3dSag_xI4khGkpoWK1HF6hhy/baike/c0%3Dbaike80%2C5%2C5%2C80%2C26/sign=c979b2a37b899e516c83324623ceb256/500fd9f9d72a6059d9ae80442834349b033bba36.jpg
https://gss3.bdstatic.com/-Po3dSag_xI4khGkpoWK1HF6hhy/baike/c0%3Dbaike80%2C5%2C5%2C80%2C26/sign=dabd9cfbd143ad4bb2234e92e36b31ca/359b033b5bb5c9ea164062bdd539b6003af3b338.jpg

https://gss1.bdstatic.com/-vo3dSag_xI4khGkpoWK1HF6hhy/baike/c0%3Dbaike180%2C5%2C5%2C180%2C60/sign=ecca4a39828ba61ecbe3c07d205dfc6f/d31b0ef41bd5ad6e803b281981cb39dbb7fd3c06.jpg
https://gss3.bdstatic.com/7Po3dSag_xI4khGkpoWK1HF6hhy/baike/c0%3Dbaike116%2C5%2C5%2C116%2C38/sign=8e37de45c9177f3e0439f45f11a650a2/1ad5ad6eddc451dade344018b6fd5266d1163206.jpg
https://gss1.bdstatic.com/9vo3dSag_xI4khGkpoWK1HF6hhy/baike/c0%3Dbaike272%2C5%2C5%2C272%2C90/sign=a8e806fd6709c93d13ff06a5fe5493b9/dcc451da81cb39dbd7022ba5d0160924aa183006.jpg
https://gss1.bdstatic.com/9vo3dSag_xI4khGkpoWK1HF6hhy/baike/c0%3Dbaike150%2C5%2C5%2C150%2C50/sign=266d02080a46f21fdd395601974d0005/cb8065380cd79123667ad887ad345982b3b780af.jpg
https://gss2.bdstatic.com/9fo3dSag_xI4khGkpoWK1HF6hhy/baike/c0%3Dbaike180%2C5%2C5%2C180%2C60/sign=9fe038f7970a304e462fa8a8b0a1cce3/50da81cb39dbb6fd3099a9d50924ab18962b3706.jpg
https://gss2.bdstatic.com/9fo3dSag_xI4khGkpoWK1HF6hhy/baike/c0%3Dbaike116%2C5%2C5%2C116%2C38/sign=e8eb28ccd9f9d72a0369184fb5434351/64380cd7912397dd53e3d4f75982b2b7d1a287af.jpg

https://gss2.bdstatic.com/9fo3dSag_xI4khGkpoWK1HF6hhy/baike/c0%3Dbaike150%2C5%2C5%2C150%2C50/sign=093044e3ca8065386fe7ac41f6b4ca21/77c6a7efce1b9d1667d95bccf3deb48f8c546405.jpg
https://gss0.bdstatic.com/94o3dSag_xI4khGkpoWK1HF6hhy/baike/c0%3Dbaike150%2C5%2C5%2C150%2C50/sign=44776073f01f3a294ec5dd9cf84cd754/d0c8a786c9177f3eaf2a3da070cf3bc79f3d5605.jpg
https://gss0.bdstatic.com/-4o3dSag_xI4khGkpoWK1HF6hhy/baike/c0%3Dbaike150%2C5%2C5%2C150%2C50/sign=0ef4daee8bd4b31ce4319ce9e6bf4c1a/54fbb2fb43166d220b53d439462309f79052d273.jpg
https://gss2.bdstatic.com/-fo3dSag_xI4khGkpoWK1HF6hhy/baike/c0%3Dbaike92%2C5%2C5%2C92%2C30/sign=a2c4c24c2f2eb938f86072a0b40bee50/0e2442a7d933c895276059d6d11373f082020005.jpg
https://gss0.bdstatic.com/94o3dSag_xI4khGkpoWK1HF6hhy/baike/c0%3Dbaike92%2C5%2C5%2C92%2C30/sign=23e20f70ab64034f1bc0ca54ceaa1254/37d3d539b6003af3529e1dcd352ac65c1038b673.jpg

https://gss0.bdstatic.com/-4o3dSag_xI4khGkpoWK1HF6hhy/baike/c0%3Dbaike92%2C5%2C5%2C92%2C30/sign=de355c2063d0f703f2bf9d8e69933a58/f2deb48f8c5494eea439052e2cf5e0fe99257ee9.jpg
https://gss1.bdstatic.com/9vo3dSag_xI4khGkpoWK1HF6hhy/baike/c0%3Dbaike92%2C5%2C5%2C92%2C30/sign=06472ed8a8ec8a1300175fb2966afaea/9c16fdfaaf51f3dee5e4b35395eef01f3a2979b6.jpg
https://gss1.bdstatic.com/-vo3dSag_xI4khGkpoWK1HF6hhy/baike/c0%3Dbaike92%2C5%2C5%2C92%2C30/sign=234836f091529822113e3191b6a310ae/dc54564e9258d109d6b5a385d058ccbf6c814db6.jpg
https://gss3.bdstatic.com/7Po3dSag_xI4khGkpoWK1HF6hhy/baike/c0%3Dbaike92%2C5%2C5%2C92%2C30/sign=d1625464f7246b606f03ba268a917129/18d8bc3eb13533faede09919a9d3fd1f41345bb6.jpg
https://gss1.bdstatic.com/9vo3dSag_xI4khGkpoWK1HF6hhy/baike/c0%3Dbaike92%2C5%2C5%2C92%2C30/sign=2b91efa50df431ada8df4b6b2a5fc7ca/ac6eddc451da81cba0fd89fa5366d016092431e9.jpg
https://gss3.bdstatic.com/7Po3dSag_xI4khGkpoWK1HF6hhy/baike/c0%3Dbaike92%2C5%2C5%2C92%2C30/sign=e0e4ea658435e5dd8421ad8d17afcc8a/ac4bd11373f08202f5899b084afbfbedab641be9.jpg
https://gss2.bdstatic.com/-fo3dSag_xI4khGkpoWK1HF6hhy/baike/c0%3Dbaike92%2C5%2C5%2C92%2C30/sign=f28e61d88cb1cb132a643441bc3d3d2b/b8014a90f603738d6f510615b21bb051f819ecea.jpg
https://gss3.bdstatic.com/7Po3dSag_xI4khGkpoWK1HF6hhy/baike/c0%3Dbaike92%2C5%2C5%2C92%2C30/sign=6b188e3232fa828bc52e95b19c762a51/a08b87d6277f9e2fd02e173f1e30e924b899f3ea.jpg
https://gss3.bdstatic.com/7Po3dSag_xI4khGkpoWK1HF6hhy/baike/c0%3Dbaike92%2C5%2C5%2C92%2C30/sign=99b4b2b6ca1349546a13e0363727f93d/4b90f603738da977fe798c1cb151f8198618e3b7.jpg
https://gss0.bdstatic.com/94o3dSag_xI4khGkpoWK1HF6hhy/baike/c0%3Dbaike92%2C5%2C5%2C92%2C30/sign=d0251a1894cad1c8c4b6f4751e570c6c/a8014c086e061d95ea103d0f7af40ad162d9cab7.jpg
https://gss1.bdstatic.com/9vo3dSag_xI4khGkpoWK1HF6hhy/baike/c0%3Dbaike92%2C5%2C5%2C92%2C30/sign=a23fa82cd50735fa85fd46ebff3864d6/6a63f6246b600c338e63d4ff1b4c510fd9f9a1ea.jpg
https://gss2.bdstatic.com/-fo3dSag_xI4khGkpoWK1HF6hhy/baike/c0%3Dbaike92%2C5%2C5%2C92%2C30/sign=b5433c4879f0f736ccf344536b3cd87c/b7003af33a87e9502b0df95b11385343fbf2b4ea.jpg
https://gss1.bdstatic.com/9vo3dSag_xI4khGkpoWK1HF6hhy/baike/c0%3Dbaike92%2C5%2C5%2C92%2C30/sign=1e487da0d833c895b2739029b07a1895/d8f9d72a6059252dc5461733359b033b5bb5b9b7.jpg
https://gss2.bdstatic.com/-fo3dSag_xI4khGkpoWK1HF6hhy/baike/c0%3Dbaike92%2C5%2C5%2C92%2C30/sign=b5083c4879f0f736ccf344536b3cd87c/b7003af33a87e9502b46f95b11385343fbf2b4b7.jpg
https://gss1.bdstatic.com/-vo3dSag_xI4khGkpoWK1HF6hhy/baike/c0%3Dbaike92%2C5%2C5%2C92%2C30/sign=ac03879ea8014c080d3620f76b12696d/2e2eb9389b504fc29045ba32e4dde71190ef6dea.jpg
https://gss2.bdstatic.com/-fo3dSag_xI4khGkpoWK1HF6hhy/baike/c0%3Dbaike92%2C5%2C5%2C92%2C30/sign=634a6afcb3fb43160e12722841cd2d46/5d6034a85edf8db1953476530823dd54564e74ea.jpg
https://gss3.bdstatic.com/7Po3dSag_xI4khGkpoWK1HF6hhy/baike/c0%3Dbaike92%2C5%2C5%2C92%2C30/sign=2db5cdd4562c11dfcadcb771024e09b5/a6efce1b9d16fdfae03dccd9b58f8c5494ee7bb7.jpg
https://gss3.bdstatic.com/-Po3dSag_xI4khGkpoWK1HF6hhy/baike/c0%3Dbaike92%2C5%2C5%2C92%2C30/sign=5e0aeb2d2934349b600b66d7a8837eab/94cad1c8a786c9170419580ec83d70cf3bc757ea.jpg
https://gss3.bdstatic.com/-Po3dSag_xI4khGkpoWK1HF6hhy/baike/c0%3Dbaike92%2C5%2C5%2C92%2C30/sign=9ff0ae2496dda144ce0464e0d3debbc7/8694a4c27d1ed21b9dd324d2ac6eddc451da3fea.jpg
https://gss0.bdstatic.com/94o3dSag_xI4khGkpoWK1HF6hhy/baike/c0%3Dbaike92%2C5%2C5%2C92%2C30/sign=2531c2fdae51f3ded7bfb136f5879b7a/024f78f0f736afc3c1163552b219ebc4b74512ea.jpg
https://gss3.bdstatic.com/7Po3dSag_xI4khGkpoWK1HF6hhy/baike/c0%3Dbaike92%2C5%2C5%2C92%2C30/sign=865387097aec54e755e1124cd851f035/7a899e510fb30f24e5cbe634c995d143ad4b03b7.jpg
https://gss2.bdstatic.com/9fo3dSag_xI4khGkpoWK1HF6hhy/baike/c0%3Dbaike92%2C5%2C5%2C92%2C30/sign=153dccd9b58f8c54f7decd7d5b404690/f636afc379310a550975d4c3b64543a9822610b7.jpg
https://gss3.bdstatic.com/-Po3dSag_xI4khGkpoWK1HF6hhy/baike/c0%3Dbaike92%2C5%2C5%2C92%2C30/sign=c24fe253574e9258b2398ebcfdebba3d/3812b31bb051f8194d74097ddbb44aed2e73e7b0.jpg

https://gss2.bdstatic.com/9fo3dSag_xI4khGkpoWK1HF6hhy/baike/c0%3Dbaike92%2C5%2C5%2C92%2C30/sign=97eb09d4d439b60059c307e588395e4f/71cf3bc79f3df8dc532585a6cc11728b471028e8.jpg
https://gss1.bdstatic.com/-vo3dSag_xI4khGkpoWK1HF6hhy/baike/c0%3Dbaike92%2C5%2C5%2C92%2C30/sign=9b46ad5fd009b3deffb2ec3aadd607e4/b151f8198618367a17bc75ea2f738bd4b31ce5d4.jpg
https://gss2.bdstatic.com/-fo3dSag_xI4khGkpoWK1HF6hhy/baike/c0%3Dbaike92%2C5%2C5%2C92%2C30/sign=9f3ca80d314e251ff6faecaac6efa272/e824b899a9014c08b00e22920b7b02087bf4f4d4.jpg
https://gss0.bdstatic.com/-4o3dSag_xI4khGkpoWK1HF6hhy/baike/c0%3Dbaike92%2C5%2C5%2C92%2C30/sign=14d4ee07bba1cd1111bb7a72d87ba399/a8ec8a13632762d01b0bae88a1ec08fa513dc6d4.jpg
https://gss1.bdstatic.com/-vo3dSag_xI4khGkpoWK1HF6hhy/baike/c0%3Dbaike92%2C5%2C5%2C92%2C30/sign=3171abe9f11f3a294ec5dd9cf84cd754/0b55b319ebc4b745fe8cbd21cefc1e178a8215e8.jpg
https://gss2.bdstatic.com/-fo3dSag_xI4khGkpoWK1HF6hhy/baike/c0%3Dbaike92%2C5%2C5%2C92%2C30/sign=546fef110824ab18f41be96554938da8/0b46f21fbe096b63f02d54670d338744ebf8acd4.jpg
https://gss2.bdstatic.com/-fo3dSag_xI4khGkpoWK1HF6hhy/baike/c0%3Dbaike92%2C5%2C5%2C92%2C30/sign=9f11a80d314e251ff6faecaac6efa272/e824b899a9014c08b02322920b7b02087bf4f4e9.jpg
https://gss3.bdstatic.com/-Po3dSag_xI4khGkpoWK1HF6hhy/baike/c0%3Dbaike92%2C5%2C5%2C92%2C30/sign=5a383552b219ebc4d4757ecbe34fa499/c75c10385343fbf29118ac14b17eca8065388fd4.jpg
https://gss2.bdstatic.com/-fo3dSag_xI4khGkpoWK1HF6hhy/baike/c0%3Dbaike92%2C5%2C5%2C92%2C30/sign=6499c904728da9775a228e79d138937c/96dda144ad3459829cbeefa50df431adcbef84d4.jpg
https://gss0.bdstatic.com/94o3dSag_xI4khGkpoWK1HF6hhy/baike/c0%3Dbaike92%2C5%2C5%2C92%2C30/sign=e2bd75ea2f738bd4d02cba63c0e2ecb3/4a36acaf2edda3cc44d0b21700e93901213f92d4.jpg
https://gss1.bdstatic.com/9vo3dSag_xI4khGkpoWK1HF6hhy/baike/c0%3Dbaike92%2C5%2C5%2C92%2C30/sign=9b2465a8a50f4bfb98dd960662261395/5ab5c9ea15ce36d3cc1f89073bf33a87e950b1e9.jpg
https://gss1.bdstatic.com/9vo3dSag_xI4khGkpoWK1HF6hhy/baike/c0%3Dbaike92%2C5%2C5%2C92%2C30/sign=221f52254e4a20a425133495f13bf347/8cb1cb1349540923bc5d69499358d109b3de49d4.jpg
https://gss3.bdstatic.com/-Po3dSag_xI4khGkpoWK1HF6hhy/baike/c0%3Dbaike92%2C5%2C5%2C92%2C30/sign=bcc344cc0b46f21fdd395601974d0005/d058ccbf6c81800a72d18339b03533fa828b47d4.jpg
https://gss2.bdstatic.com/9fo3dSag_xI4khGkpoWK1HF6hhy/baike/c0%3Dbaike92%2C5%2C5%2C92%2C30/sign=1455b4d3b21c8701c2bbbab44616f54a/2fdda3cc7cd98d103bcf0606203fb80e7bec90e9.jpg
https://gss2.bdstatic.com/-fo3dSag_xI4khGkpoWK1HF6hhy/baike/c0%3Dbaike92%2C5%2C5%2C92%2C30/sign=febf96064d086e067ea5371963611091/b8389b504fc2d562c313dadae61190ef76c66ce9.jpg
