
http://a1.att.hudong.com/32/70/01300001185702130450703936327.jpg	http://www.baike.com/wiki/%E7%BF%A0%E8%8F%8A
https://upload.wikimedia.org/wikipedia/commons/thumb/c/c2/Callistephus_chinensis_1.3_R.jpg/300px-Callistephus_chinensis_1.3_R.jpg	https://zh.wikipedia.org/wiki/%E7%BF%A0%E8%8F%8A
http://pic10.nipic.com/20100926/4224370_063416022122_2.jpg	http://www.nipic.com/show/1/44/3721735k23283bd0.html
http://pic11.nipic.com/20101212/4623651_214315056033_2.jpg	http://www.nipic.com/show/1/44/4040147k42a67403.html
http://img.zwbk.org/baike/spic/2010/12/07/20101207014911917_3362.jpg	http://www.zwbk.org/MyLemmaShow.aspx?zh=zh-tw&lid=93515
http://a4.att.hudong.com/04/29/01300000178518124279296700767_s.jpg	http://www.baike.com/wiki/%E7%BF%A0%E8%8F%8A
http://pic10.nipic.com/20100926/4224370_064448082820_2.jpg	http://www.nipic.com/show/1/44/3721738kd14fe74e.html
http://www.tyfmy.com/MyWeb/tianyefeng/633761899700411250/20090430122630072_big.jpg	http://www.tyfmy.com/product/productshow/825/2758.html
http://images.nongmiao.com/big/baike/2014/08/20/21/1408202115384517.jpg	http://www.nongmiao.com/baike/cuiju.html
http://7.blog.xuite.net/7/4/e/4/11253733/blog_227360/txt/33181377/0.jpg	http://blog.xuite.net/e2202778/boaboa/33181377-%E7%BF%A0%E8%8F%8A
http://www.wdptj.com/wp-content/uploads/2014/11/%E7%BF%A0%E8%8F%8A3.jpg	http://www.wdptj.com/6141.html
http://image84.360doc.com/DownloadImg/2015/04/1113/52264117_4.jpg	http://www.360doc.com/content/15/0411/13/7590279_462396032.shtml
http://pic10.nipic.com/20100926/4224370_064818085805_2.jpg	http://www.nipic.com/show/1/44/3721742k7fd4fd61.html
http://a4.att.hudong.com/85/07/01300000091274120965076678666.jpg	http://www.baike.com/wiki/%E7%BF%A0%E8%8F%8A
http://a1.att.hudong.com/52/69/01300001185702130450695832674_s.jpg	http://www.baike.com/wiki/%E7%BF%A0%E8%8F%8A
http://www.huadian360.com/upload/baike/2011-9/rbIjTLK9HwReY872hKf0.jpg	http://www.huadian360.com/baike/baike.asp?id=205
http://a0.att.hudong.com/02/29/01300000178518124279291633264.jpg	http://tupian.baike.com/a0_02_29_01300000178518124279291633264_jpg.html
https://www.huabaike.com/uploads/allimg/sltimg/201605/573ae1f667117.jpg	https://www.huabaike.com/hyjk/3526.html
http://1874.img.pp.sohu.com.cn/images/blog/2012/9/12/9/9/u128026538_13a7be49100g2_blog.jpg	http://huaweng-0354.blog.sohu.com/237451208.html
https://www.huabaike.com/uploads/allimg/sltimg/201605/573ae015e60ab.jpg	https://www.huabaike.com/jtyh/3523.html
http://www.iyanghua.com/f/cuiju/200933193937_2.jpg	http://www.iyanghua.com/f/DC1B360CFDAD42D39B86460D08675F88/
https://www.huabaike.com/uploads/allimg/sltimg/201605/573c29b82b555.jpg	https://www.huabaike.com/jtyh/3523.html
http://www.youduo.com/forum/attachment.php?aid=10229&nothumb=yes	http://www.youduo.com/forum/thread-33642-1-1.html
https://gss2.bdstatic.com/9fo3dSag_xI4khGkpoWK1HF6hhy/baike/s%3D220/sign=5771f97ca786c9170c03553bf93c70c6/0e2442a7d933c89513f885ffd11373f0830200ab.jpg	https://baike.baidu.com/item/%E7%BF%A0%E8%8F%8A
http://www.zhiwutong.com/tu/yanghua/%E7%BF%A0%E8%8F%8A1.jpg	http://www.zhiwutong.com/gardens/09-28/9435.htm
http://pic18.nipic.com/20120102/4224370_094245358000_2.jpg	http://www.nipic.com/show/5575195.html
http://www.yuhuagu.com/uploads/allimg/130318/53_130318103902_1.jpg	http://www.yuhuagu.com/ju/2013/0318/6933.html
http://www.baihuamen.com/d/file/2014/05-10/da28bc3b546f91bc2f811d6956c79833.jpg	http://www.baihuamen.com/cuiju/
https://www.huabaike.com/uploads/allimg/sltimg/201612/bp_58661d8cbee0a.jpg	https://www.huabaike.com/hyjk/3526.html
https://thumbs.dreamstime.com/z/%E7%BF%A0%E8%8F%8A%E6%8E%A5%E8%BF%91-27288489.jpg	https://cn.dreamstime.com/%E5%85%8D%E7%89%88%E7%A8%8E%E5%BA%93%E5%AD%98%E5%9B%BE%E7%89%87-%E7%BF%A0%E8%8F%8A%E6%8E%A5%E8%BF%91-image27288489
http://a2.att.hudong.com/76/09/01300000091274120965092300323_s.jpg	http://www.baike.com/wiki/%E7%BF%A0%E8%8F%8A
http://www.wdptj.com/wp-content/uploads/2014/11/%E7%BF%A0%E8%8F%8A1.jpg	http://www.wdptj.com/6141.html
https://thumbs.dreamstime.com/z/%E7%99%BD%E8%89%B2%E7%9A%84%E7%BF%A0%E8%8F%8A%E6%8E%A5%E8%BF%91%E7%9A%84%E8%8D%89%E7%BB%BF%E8%89%B2%E7%B4%AB%E8%89%B2-11290123.jpg	https://cn.dreamstime.com/%E5%BA%93%E5%AD%98%E7%85%A7%E7%89%87-%E8%89%B2%E7%BF%A0%E8%8F%8A%E7%89%B9%E5%86%99%E9%95%9C-image84675977
http://a2.att.hudong.com/70/28/01300000178518124279287656602.jpg	http://tupian.baike.com/a2_70_28_01300000178518124279287656602_jpg.html&prd=so_tupian
http://img3.jc001.cn/img/001/1/1602/1656c2d6f745389.jpg	http://baike.jc001.cn/words/53949.html
http://www.iyanghua.com/f/cuiju/2009419120849_2.jpg	http://www.iyanghua.com/f/DC1B360CFDAD42D39B86460D08675F88/
http://pic9.nipic.com/20100910/5400455_062642076007_2.jpg	http://www.nipic.com/show/1/44/3647699k4122ac63.html
http://img.007swz.com/cpimg/huahuizhongzizhongmiao/fNgCY6Y1x9_1254307125.jpg	http://www.007swz.com/t/%B4%E4%BE%D5
https://gss3.bdstatic.com/7Po3dSag_xI4khGkpoWK1HF6hhy/baike/s%3D220/sign=2a2e3b5e3af33a879a6d0718f65c1018/e61190ef76c6a7ef310c1048fdfaaf51f3de66b2.jpg	https://baike.baidu.com/item/%E7%BF%A0%E8%8F%8A
http://pic.pimg.tw/jemi7956844/1387179007-3784899143.jpg	http://jemi7956844.pixnet.net/blog/post/329537606-%E7%BF%A0%E8%8F%8A
http://b2b.image.yuanlin.com/Biz/2012-2/20122271731299412.jpg	http://syfchm.yuanlin.com/sell-m171822.html
https://thumbs.dreamstime.com/z/1%E7%BF%A0%E8%8F%8A-126834.jpg	https://cn.dreamstime.com/%E5%BA%93%E5%AD%98%E5%9B%BE%E7%89%87-1%E7%BF%A0%E8%8F%8A-image126834
http://a2.att.hudong.com/60/45/01300000307355124326459569656_s.jpg	http://www.baike.com/wiki/%E7%99%BD%E8%89%B2%E7%BF%A0%E8%8F%8A
http://img.zwbk.org/baike/spic/2010/12/07/20101207014840448_160.jpeg	http://www.zwbk.org/MyLemmaShow.aspx?zh=zh-tw&lid=93515
http://a3.att.hudong.com/61/79/01200000194728134392794732467_s.jpg	http://www.baike.com/wiki/%E5%8F%8C%E7%93%A3%E7%BF%A0%E8%8F%8A
http://7.blog.xuite.net/7/4/e/4/11253733/blog_227360/txt/33181377/1.jpg	http://blog.xuite.net/e2202778/boaboa/33181377-%E7%BF%A0%E8%8F%8A
http://www.iqiya.com/uploadfile/2015/0324/20150324043642366.jpg	http://www.iqiya.com/article/2015-04-02/7715.html
https://cdn.pixabay.com/photo/2011/05/18/16/44/smooth-leaf-aster-7399__340.jpg	https://pixabay.com/zh/photos/%E7%BF%A0%E8%8F%8A/
http://pic.baike.soso.com/ugc/baikepic2/26748/20170516093122-484891628.jpg/300	http://baike.soso.com/ShowTitle.e?sp=S%E7%BF%A0%E8%8F%8A
http://c.blog.xuite.net/c/f/8/f/13396183/blog_1400131/txt/36807308/20.jpg	http://blog.xuite.net/smile27/flower/36807308-%E7%BF%A0%E8%8F%8A
https://thumbs.dreamstime.com/t/%E7%99%BD%E8%89%B2%E5%92%8C%E8%93%9D%E8%89%B2%E8%8A%B1%E7%BF%A0%E8%8F%8A%E5%AE%8F%E6%8C%87-40104992.jpg	https://cn.dreamstime.com/%E5%85%8D%E7%89%88%E7%A8%8E%E5%9B%BE%E5%BA%93%E6%91%84%E5%BD%B1-%E7%99%BD%E8%8A%B1%E7%BF%A0%E8%8F%8A%E5%AE%8F%E6%8C%87-image32396097
http://www.wdptj.com/wp-content/uploads/2014/11/%E7%BF%A0%E8%8F%8A2.jpg	http://www.wdptj.com/6141.html
http://pic.files.mozhan.com/mozhan/20160328/9b9718da6444247e48c9dd694cf2a9f1.jpg	http://www.qzweifeng.com/Product-detail-id-137445.html
http://image84.360doc.com/DownloadImg/2015/04/1113/52264117_1.jpg	http://www.360doc.com/content/15/0411/13/7590279_462396032.shtml
http://4.bp.blogspot.com/-24kScLwJlZU/VNxkXnASTwI/AAAAAAAAE48/mL_3IcYzTzM/s1600/img_show.jpg	http://blog.igarden.com.tw/2004/03/5M40302.html
http://a4.att.hudong.com/32/09/01300000091274120965098998628.jpg	http://tupian.baike.com/a4_32_09_01300000091274120965098998628_jpg.html
http://images.nongmiao.com/small//trade/2012/09/14/04/10/144653230_571492345.310x310.jpg	http://www.nongmiao.com/zhonghuaba/supplydetail-48184.html
http://img.zwbk.org/baike/spic/2010/12/07/20101207014608120_5417.jpg	http://www.zwbk.org/MyLemmaShow.aspx?zh=zh-tw&lid=93515
http://www.huajiang.cc/uploads/140407/10-14040H0551c34.jpg	http://baike.huajiang.cc/jk/cuiju/
http://s15.sinaimg.cn/bmiddle/001lCa4Zzy7aK0TVz6m3e&690	http://blog.sina.com.cn/s/blog_49a4b55d0102x4oz.html
http://a1.att.hudong.com/43/29/01300000178518124279294894315.jpg	http://tupian.baike.com/a1_43_29_01300000178518124279294894315_jpg.html
http://www.hepgds.com/wp-content/uploads/2012/06/6.160402.jpg	http://www.hepgds.com/1619.html
http://pic20.nipic.com/20120419/5323881_143721763125_2.jpg	http://www.nipic.com/show/6052439.html
http://2.share.photo.xuite.net/jipp/123ac95/13011307/658929962_m.jpg	http://blog.xuite.net/jipp/twblog/142550540-%E7%BF%A0%E8%8F%8A%E9%96%8B%E8%8A%B1%E5%9B%89%EF%BC%81
http://a0.att.hudong.com/04/90/01300000195282124321900785174_s.jpg	http://www.baike.com/wiki/%E7%99%BD%E8%89%B2%E7%BF%A0%E8%8F%8A
http://www.cnhua.net/uploads/allimg/c090103/1230c0A3340-42113.jpg	http://www.cnhua.net/minghua/ynhh/828809207196.html
http://a4.att.hudong.com/02/81/01300000214000122269813841345_s.jpg	http://www.baike.com/wiki/%E5%85%AB%E6%9C%88%E8%8F%8A
https://thumbs.dreamstime.com/z/%E6%96%B0%E9%B2%9C%E7%BF%A0%E8%8F%8A%E7%9A%84%E8%8A%B1%E6%9D%9F-6425947.jpg	https://cn.dreamstime.com/%E5%BA%93%E5%AD%98%E7%85%A7%E7%89%87-%E7%BF%A0%E8%8F%8A%E8%8A%B1%E6%9D%9F%E6%9F%A5%E5%87%BA-image17766080
http://www.38fan.com/uploads/allimg/170512/51_170512105136_1.png	http://www.38fan.com/zhiwu/20170512161268.html
http://www.52yhua.com/uploads/allimg/160901/1-160Z1213031.jpg	http://m.52yhua.com/jiating/3494.html
http://1832.img.pp.sohu.com.cn/images/blog/2012/9/12/9/1/u128026538_13a7bdd8174g85_blog.jpg	http://huaweng-0354.blog.sohu.com/237451208.html
http://a4.att.hudong.com/52/76/200000033870126933764080752_s.jpg	http://www.baike.com/wiki/%E7%BF%A0%E8%8F%8A
http://www.zhongzi.net/files/allimg/151126/1-1511260Z4434H.jpg	http://m.zhongzi.net/huahui/penlicuiju.htm
http://a4.att.hudong.com/41/72/01300001185702130450726950987_s.jpg	http://niaolei.org.cn/tag/%E7%BF%A0%E8%8F%8A
http://img14.3lian.com/201604/09/7f8537c103080c9f7690e4dec8668e8c.jpg	http://www.3lian.com/zl/2016/04-09/1460181303432623.html
http://img.zwbk.org/baike/spic/2010/12/07/20101207014719542_8809.jpg	http://www.zwbk.org/MyLemmaShow.aspx?zh=zh-tw&lid=93515
https://www.huabaike.com/uploads/allimg/artimg/201605/20160518164034_33735.jpg	https://www.huabaike.com/yhjq/3551.html
https://cdn.pixabay.com/photo/2016/02/12/15/44/salsify-1196287_960_720.jpg	https://pixabay.com/zh/photos/%E7%BF%A0%E8%8F%8A/
https://thumbs.dreamstime.com/z/%E5%BC%80%E8%8A%B1%E7%9A%84-%E8%89%B2%E7%BF%A0%E8%8F%8A%E5%9C%A8%E5%BA%8A%E4%B8%8A%E7%9A%84%E5%BA%AD%E9%99%A2%E9%87%8C%EF%BC%8C-67284743.jpg	https://cn.dreamstime.com/%E5%BA%93%E5%AD%98%E7%85%A7%E7%89%87-%E5%BC%80%E8%8A%B1%E7%9A%84-%E8%89%B2%E7%BF%A0%E8%8F%8A%E5%9C%A8%E5%BA%8A%E4%B8%8A%E7%9A%84%E5%BA%AD%E9%99%A2%E9%87%8C%EF%BC%8C-image67284743
http://www.hepgds.com/wp-content/uploads/2012/06/6.160401.jpg	http://www.hepgds.com/1619.html
http://www.chla.com.cn/upload/2008_08/08082511561154.jpg	http://www.chla.com.cn/html/2008-08/17000p5.html
https://thumbs.dreamstime.com/z/%E7%BF%A0%E8%8F%8A%E8%93%9D%E8%89%B2%E8%8A%B1%E5%AE%8F%E6%8C%87%E4%BB%A4-25576600.jpg	https://cn.dreamstime.com/%E5%BA%93%E5%AD%98%E7%85%A7%E7%89%87-%E7%BF%A0%E8%8F%8A%E8%93%9D%E8%89%B2%E8%8A%B1%E5%AE%8F%E6%8C%87%E4%BB%A4-image25576600
http://www.iyanghua.com/f/cuiju/200933194053_2.jpg	http://www.iyanghua.com/f/cuiju/
http://s14.sinaimg.cn/bmiddle/001lCa4Zzy7aK0UfR6ted&690	http://blog.sina.com.cn/s/blog_49a4b55d0102x4oz.html
https://thumbs.dreamstime.com/z/%E6%AC%A7-michaelmas%E9%9B%8F%E8%8F%8A-%E7%BF%A0%E8%8F%8Aamellus-52098687.jpg	https://cn.dreamstime.com/%E5%BA%93%E5%AD%98%E7%85%A7%E7%89%87-%E6%AC%A7-michaelmas%E9%9B%8F%E8%8F%8A-%E7%BF%A0%E8%8F%8Aamellus-image52098687
http://s4.sinaimg.cn/mw690/001LnS0szy6SIpPgzAvf3&690	http://blog.sina.com.cn/s/blog_646239710102w3hh.html
http://www.huaqinggolf.com/HtmlEditor/uploadfile/20091208111921807.jpg	http://www.huaqinggolf.com/html/200912811945.html
https://thumbs.dreamstime.com/z/%E7%BF%A0%E8%8F%8A-30744600.jpg	https://cn.dreamstime.com/%E5%BA%93%E5%AD%98%E7%85%A7%E7%89%87-%E7%BF%A0%E8%8F%8A-image30744600
https://cdn.pixabay.com/photo/2015/05/05/22/04/callistephus-chinensis-754569_960_720.jpg	https://pixabay.com/zh/photos/%E7%BF%A0%E8%8F%8A/
http://www.openlife.com.hk/images/jreviews/_11.3_1289239641.jpg	http://www.openlife.com.hk/%E7%94%9F%E6%97%A5%E8%8A%B1%E8%AA%9E/8%E6%9C%8811%E6%97%A5%E7%94%9F%E6%97%A5%E8%8A%B1-%E7%BF%A0%E8%8F%8A
http://www.025hm.com/upfile/image/20160524/151134_89387.jpg	http://www.025hm.com/list-35/1274.html
http://www.hanyi365.com/attach/userfiles/image/2013-10-17_12_10_37.png	http://www.hanyi365.com/article_659.html
http://www.hxzyy.com.cn/uploadfile/20091131332865089.gif	http://www.hxzyy.com.cn/product_detail_299.html
http://www.chla.com.cn/upload/2008_08/08082512009404.jpg	https://tieba.baidu.com/p/665745159
https://www.huabaike.com/uploads/allimg/20120903/120Z3152129930820-L.jpg	https://www.huabaike.com/huahuidaquan/201209/1249.html
https://thumbs.dreamstime.com/z/%E7%99%BD%E8%8A%B1%E7%BF%A0%E8%8F%8A%E5%AE%8F%E6%8C%87-71655151.jpg	https://cn.dreamstime.com/%E5%85%8D%E7%89%88%E7%A8%8E%E5%9B%BE%E5%BA%93%E6%91%84%E5%BD%B1-%E7%99%BD%E8%8A%B1%E7%BF%A0%E8%8F%8A%E5%AE%8F%E6%8C%87-image32396097
http://www.hxzyy.com.cn/uploadfile/20107319262476339.jpg	http://www.hxzyy.com.cn/product_detail_1413.html
http://www.ew9z.com/wp-content/uploads/2010/02/Callistephus_chinensis_2.jpg	http://www.ew9z.com/cuiju-pinzhong-tupian.html
http://www.huajiang.cc/uploads/allimg/150414/9-1504141FI2.jpg	http://images.huajiang.cc/juke/4751.html
http://www.baihuamen.com/d/file/2014/05-10/95656b24ca5e0b9638e399c0da541489.jpg	http://www.baihuamen.com/cuiju/
