
http://a3.att.hudong.com/85/20/20300000164151143290209899067_s.jpg	http://www.baike.com/wiki/%E8%8A%B1%E6%9C%A8%E8%93%9D
http://www.baihuamen.com/d/file/2014/05-26/d389c97ed0ddee61c19e26941819db01.jpg	http://www.baihuamen.com/huamulan/
http://www.huayugu.com.cn/uploads/allimg/160626/1-160626132I70-L.jpg	http://www.huayugu.com.cn/huamulan/
http://www.baihuamen.com/d/file/2014/05-24/a11131c9358b543392c00d44a73f37ec.jpg	http://www.baihuamen.com/huamulan/
http://www.1818hm.com/file/upload/201509/22/08-24-07-97-904.jpg	http://wap.1818hm.com/21-0-1832-1.html
http://img.boqiicdn.com/Data/BK/P/imagick81411452245981.jpg	http://www.boqii.com/entry/detail/2408.html
http://www.wdptj.com/wp-content/uploads/2014/09/%E8%8A%B1%E6%9C%A8%E8%93%9D3.jpg	http://www.wdptj.com/3986.html
http://www.yuhuagu.com/uploads/allimg/130430/10-130430235925.jpg	http://www.yuhuagu.com/ktsh/7595.html
http://www.baihuamen.com/d/file/2014/05-26/211578a65c3a8d779bde04a2952d3027.jpg	http://www.baihuamen.com/huamulan/
http://s6.sinaimg.cn/mw690/001ROMKqgy6Vq8ElyqFd5&690	http://blog.sina.com.cn/s/blog_66019f9e0102vnjx.html
http://www.1688hdd.com/Mobile/uploadfiles/pictures/news/20170217090230_4582.jpg_280.jpg	http://www.1688hdd.com/Mobile/MArticles/shmlbshmlh.html
http://www.ti29.com/tu/775312.jpg	http://www.ti29.com/hua/2704.html
http://pic1.huashichang.com/2015/0504/21/55476eb15b116.jpg	http://www.aihuhua.com/tu/huamulan.html
http://ny.chinairn.com/userfiles/20160428/20160428101721_8353.jpg	http://ny.chinairn.com/news/20160428/101731823.shtml
http://www.huayugu.com.cn/uploads/allimg/160626/1-160626132Z90-L.jpg	http://www.huayugu.com.cn/huamulan/
http://www.neipet.com/wp-content/uploads/2016/07/%E8%8A%B1%E6%9C%A8%E8%93%9D.png	http://www.neipet.com/plant/27169.html
https://upload.wikimedia.org/wikipedia/commons/thumb/f/fd/Indigofera_kirilowii_GotBot_2015_004.jpg/220px-Indigofera_kirilowii_GotBot_2015_004.jpg	https://zh.wikipedia.org/wiki/%E8%8A%B1%E6%9C%A8%E8%93%9D
http://www.huayugu.com.cn/uploads/allimg/160626/1-1606261323230-L.jpg	http://www.huayugu.com.cn/huamulan/
http://www.yuhuagu.com/uploads/allimg/130430/10-130430235921.jpg	http://www.yuhuagu.com/ktsh/7595.html
https://www.huabaike.com/uploads/allimg/sltimg/201705/59071020b7d7e.jpg	https://www.huabaike.com/mbzw/8631.html
http://pic1.huashichang.com/2015/0504/21/55476eb81214b.jpg	http://www.aihuhua.com/tu/huamulan.html
http://a4.att.hudong.com/35/60/01300000172527121362609646672_s.jpg	http://www.baike.com/wiki/%E8%8A%B1%E6%9C%A8%E8%93%9D
http://pic1.huashichang.com/2015/0504/21/55476eb0cfac5.jpg	http://m.aihuhua.com/tupian/tupianaa8.html
https://gw.alicdn.com/bao/uploaded/i2/TB1hAPqJVXXXXaUXFXXXXXXXXXX_!!0-item_pic.jpg_230x230.jpg	https://www.taobao.com/article/CZDyAhDwEDCKElC4.html
http://www.huayugu.com.cn/uploads/allimg/160626/1-1606261322120-L.jpg	http://www.huayugu.com.cn/huamulan/
http://s6.sinaimg.cn/mw690/001Qkp6yzy7buTMFknbc5&690	http://blog.sina.com.cn/s/blog_64b1ab7a0102wzb0.html
https://gss3.bdstatic.com/7Po3dSag_xI4khGkpoWK1HF6hhy/baike/s%3D220/sign=8aa225029d0a304e5622a7f8e1c9a7c3/34fae6cd7b899e51780e6b1248a7d933c8950d37.jpg	http://bkso.baidu.com/item/%E5%A4%9A%E8%8A%B1%E6%9C%A8%E8%93%9D
http://a1.att.hudong.com/86/61/01300000172527121362618859028_s.jpg	http://www.baike.com/wiki/%E8%8A%B1%E6%9C%A8%E8%93%9D
http://shflora.ibiodiversity.net/Photos/normal/50c4cb57-48ff-4976-9934-6d73b9cb0c1e.jpg	http://shflora.ibiodiversity.net/pages/Indigofera_heterantha.html
http://s5.sinaimg.cn/mw690/001ROMKqgy6Vq8IgX2cb4&690	http://blog.sina.com.cn/s/blog_66019f9e0102vnjx.html
http://s6.sinaimg.cn/mw690/001Qkp6yzy7buTN4nJ355&690	http://blog.sina.com.cn/s/blog_64b1ab7a0102wzb0.html
http://s2.sinaimg.cn/mw690/001Qkp6yzy7buTM24o1f1&690	http://blog.sina.com.cn/s/blog_64b1ab7a0102wzb0.html
http://s5.sinaimg.cn/mw690/001Qkp6yzy7buTMlDYEc4&690	http://blog.sina.com.cn/s/blog_64b1ab7a0102wzb0.html
http://a2.att.hudong.com/65/36/01300000172527121362368821714_s.jpg	http://www.baike.com/wiki/%E8%8A%B1%E6%9C%A8%E8%93%9D
http://www.baihuamen.com/d/file/2014/05-26/1bf2e34c048db1f36eb7677b9fb55435.jpg	http://www.baihuamen.com/huamulan/16340_7.html
http://img.boqiicdn.com/Data/BK/A/1601/8/imagick95821452221292_y.jpg	http://www.boqii.com/entry/detail/2408.html
http://www.wdptj.com/wp-content/uploads/2014/09/%E8%8A%B1%E6%9C%A8%E8%93%9D1.jpg	http://www.wdptj.com/3986.html
http://www.baihuamen.com/d/file/2014/05-26/0ae86bacd20bc6ea4572943f0ff253a8.jpg	http://www.baihuamen.com/huamulan/
https://thumbs.dreamstime.com/z/%E6%9D%82%E8%89%B2%E8%8F%8A%E5%B1%9E%E6%A4%8D%E7%89%A9%E8%8A%B1%E7%9A%84%E5%BA%AD%E5%9B%AD%E8%8A%B1%E6%9C%A8-%E8%93%9D%E8%89%B2%E7%99%BD%E8%89%B2-90954753.jpg	https://cn.dreamstime.com/%E5%BA%93%E5%AD%98%E7%85%A7%E7%89%87-%E6%9D%82%E8%89%B2%E8%8F%8A%E5%B1%9E%E6%A4%8D%E7%89%A9%E8%8A%B1%E7%9A%84%E5%BA%AD%E5%9B%AD%E8%8A%B1%E6%9C%A8-%E8%93%9D%E8%89%B2%E7%99%BD%E8%89%B2-image90954753
https://gss3.bdstatic.com/7Po3dSag_xI4khGkpoWK1HF6hhy/baike/s%3D220/sign=4eaf6a6339dbb6fd215be2243925aba6/a8773912b31bb051e76c6db0367adab44bede0da.jpg	https://baike.baidu.com/item/%E5%A4%A7%E8%8A%B1%E6%9C%A8%E8%93%9D
http://imgbdb3.bendibao.com/tour/20157/28/2015728101122318.jpg	http://ly.sz.bendibao.com/shenzhen/yiriyougl/2015728/ly715286.html
http://www.huayugu.com.cn/uploads/allimg/160626/1-1606261331500-L.jpg	http://www.huayugu.com.cn/huamulan/
https://gss1.bdstatic.com/-vo3dSag_xI4khGkpoWK1HF6hhy/baike/w%3D400/sign=36694c5bae1ea8d38a227504a70b30cf/50da81cb39dbb6fd57f51ec60124ab18962b37a7.jpg	https://baike.baidu.com/item/%E4%BE%A7%E8%8A%B1%E6%9C%A8%E8%93%9D
https://www.huabaike.com/uploads/allimg/artimg/201705/20170501184048_67716.jpg	https://www.huabaike.com/yhjq/8632.html
http://img.yanquecao.com/img/grass/indigoferakirilowii/indigoferakirilowii1.jpg	http://www.yanquecao.com/detail/1244
https://gss3.bdstatic.com/7Po3dSag_xI4khGkpoWK1HF6hhy/baike/w%3D400/sign=89d6ff16346d55fbc5c677265d234f40/b7003af33a87e9509a6b60a419385343faf2b4fe.jpg	https://baike.baidu.com/item/%E8%BD%AE%E8%8A%B1%E6%9C%A8%E8%93%9D
http://img.boqiicdn.com/Data/BK/A/1601/8/imagick72261452220238_y.jpg	http://www.boqii.com/entry/detail/2408.html
http://www.yeehua.net/pic/2009/2009_6722.JPG	http://www.yeehua.net/picview.asp?tpid=8343
https://thumbs.dreamstime.com/z/%E8%83%8C%E6%99%AF%E9%83%81%E9%87%91%E9%A6%99%E6%98%A5%E5%A4%A9%E8%8A%B1%E6%9C%A8%E8%93%9D%E8%89%B2-29560075.jpg	https://cn.dreamstime.com/%E5%85%8D%E7%89%88%E7%A8%8E%E5%BA%93%E5%AD%98%E7%85%A7%E7%89%87-%E8%83%8C%E6%99%AF%E9%83%81%E9%87%91%E9%A6%99%E6%98%A5%E5%A4%A9%E8%8A%B1%E6%9C%A8%E8%93%9D%E8%89%B2-image29560075
http://img02.tooopen.com/Downs/images/2010/6/9/sy_20100609201235115049.jpg	http://www.tooopen.com/view/77263.html
http://www.baihuamen.com/d/file/2014/05-26/dc9123198cd3a2c213bba22a26aaac03.jpg	http://www.baihuamen.com/huamulan/16340_9.html
http://image.sciencenet.cn/album/201704/27/082627em3o69scmfiomofz.jpg	http://blog.sciencenet.cn/blog-3319332-1051436.html
http://pic1.huashichang.com/2015/0504/21/55476eb90bfee_200_140.jpg	http://www.aihuhua.com/tu/huamulan.html
http://img.yanquecao.com/img/grass/indigoferakirilowii/indigoferakirilowii4.jpg	http://www.yanquecao.com/detail/1244
http://img3.epanshi.com/11566/product/w-57996a74b72af.jpg	http://www.hzbsst.com/162843-14773/146617_401005.html
https://img.yunzhanggui.net/images/2016/20160727/45ed34a0-99ef-e20e-9b0c-be0c3274aaf9_big.jpg	http://wx.miot.cn/i-22168
http://img.yanquecao.com/img/grass/indigoferakirilowii/indigoferakirilowii3.jpg	http://www.yanquecao.com/detail/1244
http://a2.att.hudong.com/82/89/20300543523714147702897093843_s.jpg	http://www.baike.com/wiki/%E5%BC%82%E8%8A%B1%E6%9C%A8%E8%93%9D
http://5b0988e595225.cdn.sohucs.com/images/20170712/33c9b83edc174a62bf833d8424bec3a8.png	http://www.sohu.com/a/156427802_444728
http://www.huayugu.com.cn/uploads/allimg/160626/1-1606261320570-L.jpg	http://m.huayugu.com.cn/list.php?tid=904
http://www.baihuamen.com/d/file/2014/05-26/0558f529c449b06b0aa4566e56ea42a9.jpg	http://www.baihuamen.com/huamulan/16340_11.html
http://www.1688hdd.com/Mobile/uploadfiles/pictures/news/20170217090207_8265.jpg_280.jpg	http://www.1688hdd.com/Mobile/MArticles/shmlbshmlh.html
https://www.huabaike.com/uploads/allimg/artimg/201705/20170501184011_97212.jpg	https://www.huabaike.com/yhjq/8632.html
https://img.yunzhanggui.net/images/weiintl/20150411/55283125c458d.JPG.jpg	http://www.miot.cn/hshenzhen22168.html
http://pavo.elongstatic.com/i/Hotel795_325/nw_00052ZIP.jpg	http://hotel.elong.com/90800967/
https://www.huabaike.com/uploads/allimg/artimg/201705/20170501184030_72424.jpg	https://www.huabaike.com/yhjq/8632.html
http://shflora.ibiodiversity.net/Photos/normal/cb41757a-c732-4e0d-a9ee-38f15e5b0089.jpg	http://shflora.ibiodiversity.net/pages/Indigofera_heterantha.html
https://thumbs.dreamstime.com/z/%E6%9D%82%E8%89%B2%E8%8F%8A%E5%B1%9E%E6%A4%8D%E7%89%A9%E8%8A%B1%E7%9A%84%E5%BA%AD%E5%9B%AD%E8%8A%B1%E6%9C%A8-%E8%93%9D%E8%89%B2%E7%99%BD%E8%89%B2-90954565.jpg	https://cn.dreamstime.com/%E5%BA%93%E5%AD%98%E7%85%A7%E7%89%87-%E6%9D%82%E8%89%B2%E8%8F%8A%E5%B1%9E%E6%A4%8D%E7%89%A9%E8%8A%B1%E7%9A%84%E5%BA%AD%E5%9B%AD%E8%8A%B1%E6%9C%A8-%E8%93%9D%E8%89%B2%E7%99%BD%E8%89%B2-image90954565
http://img.yanquecao.com/img/grass/indigoferakirilowii/indigoferakirilowii7.jpg	http://www.yanquecao.com/detail/1244
https://img.yunzhanggui.net/images/weiintl/20150411/552832f41f8d0.JPG.jpg	http://www.miot.cn/hshenzhen22168.html
http://img.boqiicdn.com/Data/BK/A/1601/8/imagick32261452222218_y.jpg	http://www.boqii.com/entry/detail/2408.html
https://img.yunzhanggui.net/images/weiintl/20150411/55283334c64d7.jpg	http://www.miot.cn/hshenzhen22168.html
https://gss0.bdstatic.com/-4o3dSag_xI4khGkpoWK1HF6hhy/baike/w%3D400/sign=0e0b0b82d3f9d72a1764111de42b282a/4a36acaf2edda3cc689ed79d0be93901213f9210.jpg	https://baike.baidu.com/item/%E8%8A%B1%E6%9C%A8%E8%93%9D
https://img.yunzhanggui.net/images/weiintl/20150411/55283352639d6.jpg	http://www.miot.cn/hshenzhen22168.html
http://5b0988e595225.cdn.sohucs.com/images/20170712/c8fa12d4acdb4090978867c6045fb00a.png	http://www.sohu.com/a/156427802_444728
https://img.yunzhanggui.net/images/weiintl/20150411/552833722cd10.jpg	http://www.miot.cn/hshenzhen22168.html
http://qcloud.dpfile.com/pc/TKJD4tf3zzCbR4bECC4zeJ5KU0LIe4XyyR4mF_qquLIikEni-fuyAaWSlxWlmmXgF5u7J_jS4MuCaeLAHD0KTg.jpg	http://www.dianping.com/shop/27398331
https://thumbs.dreamstime.com/z/%E8%83%8C%E6%99%AF%E9%83%81%E9%87%91%E9%A6%99%E6%98%A5%E5%A4%A9%E8%8A%B1%E6%9C%A8%E8%93%9D%E8%89%B2-29560050.jpg	https://cn.dreamstime.com/%E5%BA%93%E5%AD%98%E5%9B%BE%E7%89%87-%E8%83%8C%E6%99%AF%E9%83%81%E9%87%91%E9%A6%99%E6%98%A5%E5%A4%A9%E8%8A%B1%E6%9C%A8%E8%93%9D%E8%89%B2-image29560124
https://img.yunzhanggui.net/images/20150717/62ef0d59-d2a0-957f-7690-475ebdbd0c99_big.jpg	http://www.miot.cn/hshenzhen22168.html
http://a0.att.hudong.com/15/91/20300543494469144652918723281_s.jpg	http://www.baike.com/wiki/%E8%BD%AE%E8%8A%B1%E6%9C%A8%E8%93%9D
http://qcloud.dpfile.com/pc/Pl8XuLMjnsr633cutxaCgPpCorb_v2YVAcGg2ybtV4h_kQU1XxpLvyT7Ek61DQZ1F5u7J_jS4MuCaeLAHD0KTg.jpg	http://www.dianping.com/shop/27398331
https://img.yunzhanggui.net/images/weiintl/20150411/552831643c813.JPG.jpg	http://www.miot.cn/hshenzhen22168.html
https://img.yunzhanggui.net/images/weiintl/20150521/555cd14916796.jpg	http://www.miot.cn/hshenzhen22168.html
http://qcloud.dpfile.com/pc/DzqQ28BSr99ZykBs21eQF2-oiKwDGCXocowv5jk-LUkuibHag4Dq350YHSnc6ip0F5u7J_jS4MuCaeLAHD0KTg.jpg	http://www.dianping.com/shop/27398331
https://q.bstatic.com/images/hotel/max1024x768/103/103473463.jpg	https://www.booking.com/hotel/cn/hua-mu-lan-ke-zhan.zh-cn.html
http://p0.meituan.net/320.0.a/deal/17d702992e663e6f66ea780fa8b58c6f65930.jpg	http://www.meituan.com/brand/huamulankezhan2haodian
http://qcloud.dpfile.com/pc/fxnu7a8qEhXWuWfEf8jq2lm-OsIWQUOo13XNCUSsxYhFEh9gDnVrGIULq943m8ZxF5u7J_jS4MuCaeLAHD0KTg.jpg	http://www.dianping.com/shop/27398331
https://thumbs.dreamstime.com/z/%E8%83%8C%E6%99%AF%E9%83%81%E9%87%91%E9%A6%99%E6%98%A5%E5%A4%A9%E8%8A%B1%E6%9C%A8%E8%93%9D%E8%89%B2-29560124.jpg	https://cn.dreamstime.com/%E5%BA%93%E5%AD%98%E5%9B%BE%E7%89%87-%E8%83%8C%E6%99%AF%E9%83%81%E9%87%91%E9%A6%99%E6%98%A5%E5%A4%A9%E8%8A%B1%E6%9C%A8%E8%93%9D%E8%89%B2-image29560124
https://q.bstatic.com/images/hotel/max1024x768/103/103473445.jpg	https://www.booking.com/hotel/cn/hua-mu-lan-ke-zhan.zh-cn.html
http://www.sghuamulan.com/uploads/allimg/170526/1-1F5261942100-L.jpg	http://www.sghuamulan.com/
http://qcloud.dpfile.com/pc/Oc2inCFpKYHSGpLmkIdfEqnleqlU4g_WUPEbOEDSATBmqETFiV-Q6Thx0PNeIZ6JF5u7J_jS4MuCaeLAHD0KTg.jpg	http://www.dianping.com/shop/27398331
https://cbu01.alicdn.com/img/ibank/2013/680/427/816724086_963009887.400x400.jpg	http://detail.1688.com/offer/1237561433.html
http://img.mp.itc.cn/upload/20160805/5d59e96640b84ef38951409dffcc1a0f_th.jpg	http://www.sohu.com/a/109273800_355783
http://a3.att.hudong.com/18/61/01300000172527121362614645072_s.jpg	http://www.baike.com/wiki/%E8%8A%B1%E6%9C%A8%E8%93%9D
http://s10.sinaimg.cn/mw690/001Im3ePgy6UIThI1HH69	http://blog.sina.com.cn/s/blog_5dabe8930102vwwi.html
https://st2.depositphotos.com/3224051/6226/i/950/depositphotos_62262679-stock-photo-abstract-colorful-geometric-background-design.jpg	https://cn.depositphotos.com/62262679/stock-photo-abstract-colorful-geometric-background-design.html
http://www.iminsu.com/uploadfiles/editor/image/20160119/1453189774694319.jpg	http://www.iminsu.com/mskz_xqy.php?id=318
https://thumbs.dreamstime.com/z/%E6%9D%82%E8%89%B2%E8%8F%8A%E5%B1%9E%E6%A4%8D%E7%89%A9%E8%8A%B1%E7%9A%84%E5%BA%AD%E5%9B%AD%E8%8A%B1%E6%9C%A8-%E8%93%9D%E8%89%B2%E7%99%BD%E8%89%B2-90955084.jpg	https://cn.dreamstime.com/%E5%BA%93%E5%AD%98%E7%85%A7%E7%89%87-%E6%9D%82%E8%89%B2%E8%8F%8A%E5%B1%9E%E6%A4%8D%E7%89%A9%E8%8A%B1%E7%9A%84%E5%BA%AD%E5%9B%AD%E8%8A%B1%E6%9C%A8-%E8%93%9D%E8%89%B2%E7%99%BD%E8%89%B2-image90955084
http://www.huayugu.com.cn/uploads/allimg/160626/1-160626132603260.jpg	http://m.huayugu.com.cn/list.php?tid=904
https://static4.depositphotos.com/1001643/345/i/950/depositphotos_3452661-stock-photo-tileable-blue-brick-texture.jpg	https://cn.depositphotos.com/3452661/stock-photo-tileable-blue-brick-texture.html
