
https://gss2.bdstatic.com/-fo3dSag_xI4khGkpoWK1HF6hhy/baike/c0%3Dbaike92%2C5%2C5%2C92%2C30/sign=27a5b21f962bd40756cadbaf1ae0f534/bf096b63f6246b6022b29e43eaf81a4c510fa24c.jpg

https://gss0.bdstatic.com/-4o3dSag_xI4khGkpoWK1HF6hhy/baike/c0%3Dbaike92%2C5%2C5%2C92%2C30/sign=aec5d416738b4710da22f59ea2a7a898/622762d0f703918fb48811fd503d269759eec4af.jpg
https://gss2.bdstatic.com/9fo3dSag_xI4khGkpoWK1HF6hhy/baike/c0%3Dbaike92%2C5%2C5%2C92%2C30/sign=5f7acb1c0ff41bd5ce5ee0a630b3eaae/4e4a20a4462309f7b2368125730e0cf3d7cad6af.jpg
https://gss0.bdstatic.com/94o3dSag_xI4khGkpoWK1HF6hhy/baike/c0%3Dbaike92%2C5%2C5%2C92%2C30/sign=9f7d07108b82b90129a0cb6112e4c212/cb8065380cd79123c75cb843ac345982b2b7804c.jpg
https://gss0.bdstatic.com/-4o3dSag_xI4khGkpoWK1HF6hhy/baike/c0%3Dbaike92%2C5%2C5%2C92%2C30/sign=912fc81472f08202399f996d2a929088/2934349b033b5bb5f58e0cc937d3d539b600bcaf.jpg
https://gss0.bdstatic.com/-4o3dSag_xI4khGkpoWK1HF6hhy/baike/c0%3Dbaike92%2C5%2C5%2C92%2C30/sign=a7a0ae4242a98226accc2375ebebd264/faf2b2119313b07e86e47c3f0dd7912397dd8caf.jpg
https://gss2.bdstatic.com/9fo3dSag_xI4khGkpoWK1HF6hhy/baike/c0%3Dbaike92%2C5%2C5%2C92%2C30/sign=a41640e93c6d55fbd1cb7e740c4b242f/9825bc315c6034a8dc5e94b6ca1349540923764c.jpg
https://gss3.bdstatic.com/7Po3dSag_xI4khGkpoWK1HF6hhy/baike/c0%3Dbaike92%2C5%2C5%2C92%2C30/sign=f94b1e0f29381f308a1485fbc868276d/b90e7bec54e736d1484aa03f9a504fc2d56269af.jpg
https://gss3.bdstatic.com/7Po3dSag_xI4khGkpoWK1HF6hhy/baike/c0%3Dbaike92%2C5%2C5%2C92%2C30/sign=204808d8a8ec8a1300175fb2966afaea/9c16fdfaaf51f3dec3eb955395eef01f3a2979af.jpg
https://gss0.bdstatic.com/-4o3dSag_xI4khGkpoWK1HF6hhy/baike/c0%3Dbaike92%2C5%2C5%2C92%2C30/sign=1dc5b4335882b2b7b392319650c4a08a/d31b0ef41bd5ad6e614548dd80cb39dbb6fd3c4c.jpg
https://gss2.bdstatic.com/9fo3dSag_xI4khGkpoWK1HF6hhy/baike/c0%3Dbaike92%2C5%2C5%2C92%2C30/sign=479118ee3801213fdb3e468e358e5db4/d50735fae6cd7b8954d016b40e2442a7d9330e4c.jpg
https://gss1.bdstatic.com/9vo3dSag_xI4khGkpoWK1HF6hhy/baike/c0%3Dbaike92%2C5%2C5%2C92%2C30/sign=b5b3882496dda144ce0464e0d3debbc7/8694a4c27d1ed21bb79002d2ac6eddc451da3faf.jpg

https://gss0.bdstatic.com/94o3dSag_xI4khGkpoWK1HF6hhy/baike/c0%3Dbaike116%2C5%2C5%2C116%2C38/sign=c4da911e38292df583cea447dd583705/838ba61ea8d3fd1f1100f60b324e251f95ca5ff1.jpg
https://gss0.bdstatic.com/-4o3dSag_xI4khGkpoWK1HF6hhy/baike/c0%3Dbaike80%2C5%2C5%2C80%2C26/sign=305d8204f9edab64607f4592965fc4a6/3bf33a87e950352a520ed9c75143fbf2b3118b96.jpg
https://gss1.bdstatic.com/-vo3dSag_xI4khGkpoWK1HF6hhy/baike/c0%3Dbaike80%2C5%2C5%2C80%2C26/sign=e8f6f12cd739b60059c307e588395e4f/d000baa1cd11728bba287eedcafcc3cec2fd2cfc.jpg
https://gss3.bdstatic.com/7Po3dSag_xI4khGkpoWK1HF6hhy/baike/c0%3Dbaike80%2C5%2C5%2C80%2C26/sign=bcd7c22e60d9f2d3341c2cbdc885e176/9c16fdfaaf51f3de73ac44ab96eef01f3b2979e7.jpg
https://gss3.bdstatic.com/-Po3dSag_xI4khGkpoWK1HF6hhy/baike/c0%3Dbaike80%2C5%2C5%2C80%2C26/sign=0a33c0dcdf54564ef168ec6bd2b7f7e7/f9198618367adab4098ae78c89d4b31c8601e4a3.jpg
https://gss2.bdstatic.com/9fo3dSag_xI4khGkpoWK1HF6hhy/baike/c0%3Dbaike80%2C5%2C5%2C80%2C26/sign=c4cadac75143fbf2d121ae71d117a1e5/c2fdfc039245d688d6a94d6ba6c27d1ed31b2451.jpg
https://gss1.bdstatic.com/9vo3dSag_xI4khGkpoWK1HF6hhy/baike/c0%3Dbaike80%2C5%2C5%2C80%2C26/sign=cc001a37a586c9171c0e5a6ba8541baa/7af40ad162d9f2d30ee6da20abec8a136227cc0e.jpg
https://gss1.bdstatic.com/-vo3dSag_xI4khGkpoWK1HF6hhy/baike/c0%3Dbaike80%2C5%2C5%2C80%2C26/sign=6af3199d8735e5dd8421ad8d17afcc8a/5bafa40f4bfbfbed8e55cfb07af0f736aec31ff4.jpg
https://gss0.bdstatic.com/-4o3dSag_xI4khGkpoWK1HF6hhy/baike/c0%3Dbaike80%2C5%2C5%2C80%2C26/sign=4df841cb5b82b2b7b392319650c4a08a/dcc451da81cb39db5a41be99d2160924aa183078.jpg
https://gss3.bdstatic.com/7Po3dSag_xI4khGkpoWK1HF6hhy/baike/c0%3Dbaike80%2C5%2C5%2C80%2C26/sign=c8ab493d7f1ed21b6dc426b7cc07b6a1/472309f7905298223d31e10cd5ca7bcb0b46d4fb.jpg
https://gss3.bdstatic.com/7Po3dSag_xI4khGkpoWK1HF6hhy/baike/c0%3Dbaike80%2C5%2C5%2C80%2C26/sign=c89c39f837fae6cd18b9a3336eda6441/eaf81a4c510fd9f9889d8da6272dd42a2934a473.jpg
https://gss2.bdstatic.com/9fo3dSag_xI4khGkpoWK1HF6hhy/baike/c0%3Dbaike80%2C5%2C5%2C80%2C26/sign=e699edc459b5c9ea76fe0bb1b450dd65/71cf3bc79f3df8dc0302545ecf11728b461028c6.jpg

https://gss2.bdstatic.com/9fo3dSag_xI4khGkpoWK1HF6hhy/baike/c0%3Dbaike80%2C5%2C5%2C80%2C26/sign=59953d44b2119313d34ef7e2045167b2/9345d688d43f8794ae14bba8d21b0ef41ad53a48.jpg
https://gss1.bdstatic.com/-vo3dSag_xI4khGkpoWK1HF6hhy/baike/c0%3Dbaike80%2C5%2C5%2C80%2C26/sign=3f93909a11dfa9ece9235e4503b99c66/f2deb48f8c5494ee3d5ffd9f2df5e0fe99257e33.jpg
https://gss0.bdstatic.com/94o3dSag_xI4khGkpoWK1HF6hhy/baike/c0%3Dbaike80%2C5%2C5%2C80%2C26/sign=5162564b5266d0166a14967af642bf62/bf096b63f6246b60648a67f2ebf81a4c500fa2b4.jpg
https://gss0.bdstatic.com/94o3dSag_xI4khGkpoWK1HF6hhy/baike/c0%3Dbaike80%2C5%2C5%2C80%2C26/sign=f9c6abb97bec54e755e1124cd851f035/43a7d933c895d14375b2c2a473f082025baf0774.jpg
https://gss3.bdstatic.com/-Po3dSag_xI4khGkpoWK1HF6hhy/baike/c0%3Dbaike80%2C5%2C5%2C80%2C26/sign=7ef10a4cb2fb43160e12722841cd2d46/ca1349540923dd5415d2cdefd109b3de9d824897.jpg
https://gss0.bdstatic.com/-4o3dSag_xI4khGkpoWK1HF6hhy/baike/c0%3Dbaike80%2C5%2C5%2C80%2C26/sign=bcbd5a709f3df8dcb23087c3ac7819ee/8b13632762d0f7035dfdc15b08fa513d2797c5ee.jpg
https://gss1.bdstatic.com/-vo3dSag_xI4khGkpoWK1HF6hhy/baike/c0%3Dbaike80%2C5%2C5%2C80%2C26/sign=d37d5e443a87e950561afb3e71513826/738b4710b912c8fca6b3a74afc039245d78821f0.jpg
https://gss2.bdstatic.com/-fo3dSag_xI4khGkpoWK1HF6hhy/baike/c0%3Dbaike80%2C5%2C5%2C80%2C26/sign=9fe1f97c39dbb6fd3156ed74684dc07d/0b46f21fbe096b63381f13d70c338744ebf8ac37.jpg
https://gss1.bdstatic.com/9vo3dSag_xI4khGkpoWK1HF6hhy/baike/c0%3Dbaike80%2C5%2C5%2C80%2C26/sign=d892d0af972bd40756cadbaf1ae0f534/0d338744ebf81a4c80b9a24ed72a6059242da6aa.jpg
https://gss0.bdstatic.com/94o3dSag_xI4khGkpoWK1HF6hhy/baike/c0%3Dbaike80%2C5%2C5%2C80%2C26/sign=49e1466cb6fd5266b3263446ca71fc4e/f31fbe096b63f624a34a73848744ebf81a4ca326.jpg
https://gss0.bdstatic.com/-4o3dSag_xI4khGkpoWK1HF6hhy/baike/c0%3Dbaike80%2C5%2C5%2C80%2C26/sign=db5e8f9342a7d933aba5ec21cc22ba76/242dd42a2834349bd7d6db02c9ea15ce37d3be61.jpg
https://gss0.bdstatic.com/94o3dSag_xI4khGkpoWK1HF6hhy/baike/c0%3Dbaike80%2C5%2C5%2C80%2C26/sign=031535f243a98226accc2375ebebd264/cb8065380cd791237f0c23f3ad345982b3b7804d.jpg
https://gss3.bdstatic.com/7Po3dSag_xI4khGkpoWK1HF6hhy/baike/c0%3Dbaike80%2C5%2C5%2C80%2C26/sign=b1b39862ad6eddc432eabca958b2dd98/730e0cf3d7ca7bcbb50171a8be096b63f624a83b.jpg
https://gss3.bdstatic.com/7Po3dSag_xI4khGkpoWK1HF6hhy/baike/c0%3Dbaike80%2C5%2C5%2C80%2C26/sign=baf9137dd1c8a786aa27425c0660a258/03087bf40ad162d96d35d19b11dfa9ec8b13cd5a.jpg
https://gss0.bdstatic.com/-4o3dSag_xI4khGkpoWK1HF6hhy/baike/c0%3Dbaike80%2C5%2C5%2C80%2C26/sign=87763f388c5494ee932f074b4c9c8b9b/eac4b74543a98226bb5495a08a82b9014b90eba4.jpg
https://gss1.bdstatic.com/9vo3dSag_xI4khGkpoWK1HF6hhy/baike/c0%3Dbaike80%2C5%2C5%2C80%2C26/sign=f4e66e4daf51f3ded7bfb136f5879b7a/78310a55b319ebc4deb5d01e8226cffc1f171663.jpg

https://gss3.bdstatic.com/-Po3dSag_xI4khGkpoWK1HF6hhy/baike/c0%3Dbaike92%2C5%2C5%2C92%2C30/sign=6a5b82574ec2d562e605d8bf8678fb8a/c995d143ad4bd113a0939b055bafa40f4bfb05ae.jpg
https://gss0.bdstatic.com/-4o3dSag_xI4khGkpoWK1HF6hhy/baike/c0%3Dbaike92%2C5%2C5%2C92%2C30/sign=73bf7e0ec83d70cf58f7a25f99b5ba65/7af40ad162d9f2d35bad08d8a8ec8a136327cc4c.jpg
https://gss1.bdstatic.com/9vo3dSag_xI4khGkpoWK1HF6hhy/baike/c0%3Dbaike92%2C5%2C5%2C92%2C30/sign=85436419d31b0ef478e5900cbcad3abf/6c224f4a20a44623287689559922720e0cf3d74c.jpg

https://gss1.bdstatic.com/9vo3dSag_xI4khGkpoWK1HF6hhy/baike/c0%3Dbaike150%2C5%2C5%2C150%2C50/sign=d8cbd3bf304e251ff6faecaac6efa272/38dbb6fd5266d01690dbefad972bd40734fa3570.jpg
https://gss3.bdstatic.com/-Po3dSag_xI4khGkpoWK1HF6hhy/baike/c0%3Dbaike220%2C5%2C5%2C220%2C73/sign=3c798da27f3e6709aa0d4dad5aaef458/5366d0160924ab180cd490b235fae6cd7a890b70.jpg
https://gss3.bdstatic.com/-Po3dSag_xI4khGkpoWK1HF6hhy/baike/c0%3Dbaike150%2C5%2C5%2C150%2C50/sign=f2e7507b36d3d539d53007915bee8235/203fb80e7bec54e70ddc6a9bb9389b504fc26a06.jpg
https://gss1.bdstatic.com/-vo3dSag_xI4khGkpoWK1HF6hhy/baike/c0%3Dbaike180%2C5%2C5%2C180%2C60/sign=e834f3b53af33a878a600848a7357b5d/7aec54e736d12f2e8435dee54fc2d56285356806.jpg
https://gss0.bdstatic.com/94o3dSag_xI4khGkpoWK1HF6hhy/baike/c0%3Dbaike272%2C5%2C5%2C272%2C90/sign=4b09b3916b600c33e474d69a7b253a6a/5243fbf2b211931390148f3565380cd790238ddb.jpg
