
http://www.ew9z.com/wp-content/uploads/2010/03/lampranthus_spectabilis_1.jpg	http://www.ew9z.com/songyeju-longxuhaitang.html
http://www.wed114.cn/jiehun/uploads/allimg/160128/52_160128152947_5.jpg	http://www.wed114.cn/jiehun/huayudaquan/20160128142627.html
http://pic21.nipic.com/20120616/4224370_161132133000_2.jpg	http://www.nipic.com/show/1/44/6362575k6fe920c5.html
http://www.sxyasw.com/Uploads/2015-05-20/555be9cbf3ffb.jpg	http://www.sxyasw.com/index.php/Product/show/catid/41/id/239
http://a4.att.hudong.com/70/95/01300534460353145793951774963_s.jpg	http://www.baike.com/wiki/%E6%9D%BE%E5%8F%B6%E8%8F%8A
http://www.iyanghua.com/f/songyeju/2009124212212_2.jpg	http://www.iyanghua.com/f/songyeju/
http://www.baihuamen.com/d/file/2014/06-10/ff63b457e0155edcdfbe4b01462b1701.jpg	http://www.baihuamen.com/songyeju/
http://yn.zwbk.org/edit/FileRelimg/20121204112156902_8356.jpg	http://yn.zwbk.org/lemma/4037
http://www.baihuamen.com/d/file/2014/06-10/47225f2888f7ccdfff9671caac06911d.jpg	http://www.baihuamen.com/songyeju/
http://tu.qt3191.com/allimg/c110626/130Z6446422260-N402.gif	http://www.qt3191.com/duorouzhiwutupian/36884.html
http://www.baihuamen.com/d/file/2014/06-10/fcf201a4b166c517ffe788a428538a0b.jpg	http://www.baihuamen.com/songyeju/
http://www.hanyi365.com/attach/userfiles/image/2013-11-05_09_52_44.jpg	http://www.hanyi365.com/article_1081.html
https://upload.wikimedia.org/wikipedia/commons/thumb/6/6a/Lampranthus_sp2.jpg/220px-Lampranthus_sp2.jpg	https://zh.wikipedia.org/wiki/%E6%9D%BE%E5%8F%B6%E8%8F%8A
http://pic1.huashichang.com/2015/1210/22/56698c253d807.jpg	http://m.aihuhua.com/tupian/tupiani8d.html
http://www.huayugu.com.cn/uploads/allimg/160311/1-1603111531410-L.jpg	http://www.huayugu.com.cn/songyeju/
http://a3.att.hudong.com/38/95/01300534460353145793958253268_s.jpg	http://www.baike.com/wiki/%E6%9D%BE%E5%8F%B6%E8%8F%8A
https://www.huabaike.com/uploads/allimg/artimg/201611/20161123174750_96382.jpg	https://www.huabaike.com/hyjk/5850.html
http://tu.qt3191.com/allimg/c110626/130Z64463I2F-3N96.gif	http://www.qt3191.com/duorouzhiwutupian/36884.html
https://www.huabaike.com/uploads/allimg/sltimg/201611/bp_5836707dab066.jpg	https://www.huabaike.com/panxing/5809.html
http://tu.qt3191.com/allimg/c110626/130Z644641B60-61922.gif	http://www.qt3191.com/duorouzhiwutupian/36884.html
http://a0.att.hudong.com/76/95/01300534460353145793953664846_s.jpg	http://www.baike.com/wiki/%E6%9D%BE%E5%8F%B6%E8%8F%8A
http://gw.alicdn.com/bao/uploaded/i3/352297312/TB2v_cJXlYxQeBjSspdXXb6QXXa_!!352297312.jpg_200x200.jpg_.webp	https://m.taobao.com/article/FJCHDNFvA-FGDSFg.html
http://a0.att.hudong.com/54/95/01300534460353145793955602608_s.jpg	http://www.baike.com/wiki/%E6%9D%BE%E5%8F%B6%E8%8F%8A
https://www.huabaike.com/uploads/allimg/sltimg/201611/5837ed4c7205c.jpg	https://www.huabaike.com/panxing/5809.html
https://gss0.bdstatic.com/94o3dSag_xI4khGkpoWK1HF6hhy/baike/s%3D220/sign=b14f1e0ab551f819f5250448eab44a76/42166d224f4a20a4ce7ea4e695529822720ed0ab.jpg	https://baike.baidu.com/item/%E6%9D%BE%E5%8F%B6%E8%8F%8A/14102
http://www.iyanghua.com/f/songyeju/2009124212052_2.jpg	http://www.iyanghua.com/f/songyeju/
http://www.baihuamen.com/d/file/2014/06-10/4007c84f20aaac622fecb0bbd5d2c0e9.jpg	http://www.baihuamen.com/songyeju/
http://a0.att.hudong.com/58/96/01300534460353145793962796661_s.jpg	http://www.baike.com/wiki/%E6%9D%BE%E5%8F%B6%E8%8F%8A
https://www.huabaike.com/uploads/allimg/artimg/201609/20160902161139_32420.jpg	https://www.huabaike.com/jtyh/5115.html
https://www.huabaike.com/uploads/allimg/sltimg/201611/58340873a6fc9.jpg	https://www.huabaike.com/jtyh/5115.html
https://gss0.bdstatic.com/-4o3dSag_xI4khGkpoWK1HF6hhy/baike/s%3D220/sign=72922b8c40ed2e73f8e9812eb700a16d/08f790529822720e481b26f271cb0a46f31fabe5.jpg	https://baike.baidu.com/item/%E6%9D%BE%E5%8F%B6%E8%8F%8A/14102
http://img2.mtime.cn/up/130/1130130/0DCE7A44-230A-4210-8638-9431691611D6_500.jpg	http://i.mtime.com/1130130/photo/2110734/
https://gss3.bdstatic.com/7Po3dSag_xI4khGkpoWK1HF6hhy/baike/s%3D220/sign=b6891ea6d5a20cf44290f9dd46094b0c/5fdf8db1cb134954e6287145534e9258d1094ad9.jpg	https://baike.baidu.com/item/%E6%9D%BE%E5%8F%B6%E8%8F%8A/14102
http://img4.114pifa.com/5593/fBsMAlhdV_1413305042.jpg	http://www.114pifa.com/p5593/9266108.html
http://a3.att.hudong.com/00/90/20300534460353145793908995368_s.jpg	http://www.baike.com/wiki/%E6%9D%BE%E5%8F%B6%E8%8F%8A
http://www.baihuamen.com/d/file/2014/06-10/1090a1a8495876a4871b61654669dd87.jpg	http://www.baihuamen.com/songyeju/
https://cbu01.alicdn.com/img/ibank/2016/467/563/3571365764_208660703.220x220.jpg	http://www.1688.com/chanpin/-CBC9D2B6BED5BCEE.html
https://gss2.bdstatic.com/9fo3dSag_xI4khGkpoWK1HF6hhy/baike/s%3D220/sign=632010c8b6fd5266a32b3b169b199799/3812b31bb051f81964f31f69dab44aed2e73e73b.jpg	https://baike.baidu.com/item/%E6%9D%BE%E5%8F%B6%E8%8F%8A/14102
https://www.huabaike.com/uploads/allimg/artimg/201701/20170104162340_72652.jpg	https://www.huabaike.com/jtyh/6609.html
http://www.baihuamen.com/d/file/2014/06-10/501313e98e0bdfc9fb06e88a5e8bfd86.jpg	http://www.baihuamen.com/songyeju/19300_14.html
http://image.tupian114.com/20120526/02555951.jpg	http://www.tupian114.com/photo_209167.html
http://img004.mllres.com//images/upload/%E6%9D%BE%E5%8F%B6%E8%8F%8A02.jpg	http://www.meilele.com/article/shipin/41656.html
https://cbu01.alicdn.com/img/ibank/2016/716/090/3330090617_212350675.220x220.jpg	http://www.1688.com/chanpin/-CBC9D2B6BED5BCEE.html
https://www.huabaike.com/uploads/allimg/artimg/201701/20170104162326_39555.jpg	https://www.huabaike.com/jtyh/6609.html
http://s13.sinaimg.cn/mw690/002KAVNMzy78TKIkZdO6c&690	http://blog.sina.com.cn/s/blog_964009720102x1w6.html
https://cbu01.alicdn.com/img/ibank/2016/160/327/3495723061_1795468063.220x220.jpg	http://www.1688.com/chanpin/-CBC9D2B6BED5BCEE.html
http://www.yuhuagu.com/uploads/allimg/170224/43_170224231450_1.jpg	http://www.yuhuagu.com/fanzhi/2017/0224/13469.html
https://cbu01.alicdn.com/img/ibank/2016/159/964/3601469951_988680647.220x220.jpg	http://www.1688.com/chanpin/-CBC9D2B6BED5BCEE.html
https://cbu01.alicdn.com/img/ibank/2016/885/116/3138611588_766399414.220x220.jpg	http://www.1688.com/chanpin/-CBC9D2B6BED5BCEE.html
http://img.xunhai.com/2015/11/26/144850629961421.jpg	http://www.xunhai.com/songyeju/2015/1126/4032.html
http://www.baihuamen.com/d/file/2014/05-04/5cbe525989abc46231271c526ee62a2e.jpg	http://www.baihuamen.com/songyeju/19300_9.html
http://img.jiuzheng.com/baike/s/56/e7/56e7ba588f1e037b5e8b4661.jpg	http://www.jiuzheng.com/baike-detail/id-58574.html
https://www.huabaike.com/uploads/allimg/artimg/201611/20161122164210_27525.jpg	https://www.huabaike.com/jtyh/5804.html
https://gss0.bdstatic.com/94o3dSag_xI4khGkpoWK1HF6hhy/baike/w%3D400/sign=af3f91dd2d1f95caa6f593b6f9167fc5/0824ab18972bd4070dcf475e73899e510fb3090c.jpg	https://baike.baidu.com/item/%E6%9D%BE%E5%8F%B6%E8%8F%8A/14102
http://www.huabaike.com/uploads/allimg/artimg/201611/20161124124644_20599.jpg	http://www.tulaoshi.com/n/20170414/2639188.html
http://s8.sinaimg.cn/mw690/002KAVNMzy78TJHFRiLe7&690	http://blog.sina.com.cn/s/blog_964009720102x1w6.html
http://www.pjcn.org/uploads/allimg/1701/1-1F10R20HUE.jpg	http://www.pjcn.org/gl/3214/
https://www.huabaike.com/uploads/allimg/artimg/201611/20161122170003_17190.png	https://www.huabaike.com/jtyh/5807.html
https://tshop.r10s.jp/chigusa/cabinet/01375442/01375703/01376040/img56877062.jpg?fitin=330:330	https://global.rakuten.com/zh-cn/store/chigusa/item/10005630/
http://img.aihuahui.com/d/2016/09/57e24c6c47f24.jpg	http://www.aihuahui.com/aixianrenzhanglei/1714.html
https://cbu01.alicdn.com/img/ibank/2016/115/856/3377658511_195130829.220x220.jpg	http://www.1688.com/chanpin/-CBC9D2B6BED5BCEE.html
https://cbu01.alicdn.com/img/ibank/2015/769/256/2543652967_10912699.220x220.jpg	http://www.1688.com/chanpin/-CBC9D2B6BED5BCEE.html
http://www.yuhuagu.com/uploads/allimg/121108/51-12110P94438.jpg	http://www.yuhuagu.com/duojiang/2012/1108/4628.html
https://www.huabaike.com/uploads/allimg/artimg/201611/20161123174731_13878.jpg	https://www.huabaike.com/hyjk/5850.html
http://www.iyanghua.com/f/mudan/20081110203604_2.jpg	http://www.iyanghua.com/f/songyeju/
http://gw.alicdn.com/bao/uploaded/i3/407762875/TB2lI_uXY4npuFjSZFmXXXl4FXa_!!407762875.jpg_200x200.jpg_.webp	https://m.taobao.com/article/FJCHDNFvA-FGDSFg.html
https://cbu01.alicdn.com/img/ibank/2015/594/127/2555721495_1917367368.220x220.jpg	http://www.1688.com/chanpin/-CBC9D2B6BED5BCEE.html
https://cbu01.alicdn.com/img/ibank/2015/363/442/2392244363_1162740493.220x220.jpg	http://www.1688.com/chanpin/-CBC9D2B6BED5BCEE.html
http://pic13.nipic.com/20110302/6750250_110011263900_2.jpg	http://www.nipic.com/show/1/44/4288068kf74af374.html
https://www.huabaike.com/uploads/allimg/artimg/201611/20161122164223_60630.jpg	https://www.huabaike.com/jtyh/5804.html
http://img3.21food.cn/img/album/2016/2/15/Wangjuansxbl1516054Vh.jpg	http://wangjuansxbl.21food.cn/company/pro-show3745760.html
http://www.baihuamen.com/d/file/2014/05-06/bc01e0cd2e426ccc3ceecfbb12e56e20.jpg	http://www.baihuamen.com/sansesongyeju/
http://www.baihuamen.com/d/file/2014/05-07/7ee4049de80730d8af78907a8c65d7a7.jpg	http://www.baihuamen.com/sansesongyeju/
http://pic21.nipic.com/20120527/4224370_173440647000_2.jpg	http://www.nipic.com/show/1/44/6273812k860ac778.html
https://cbu01.alicdn.com/img/ibank/2015/680/990/2617099086_1772861490.220x220.jpg	http://www.1688.com/chanpin/-CBC9D2B6BED5BCEE.html
http://img3.21food.cn/img/album/2016/10/31/tianyushengwu0011145025.jpg	http://tianyushengwu001.21food.cn/company/pro-show4065031.html
https://cbu01.alicdn.com/img/ibank/2015/989/558/2578855989_114226811.220x220.jpg	http://www.1688.com/chanpin/-CBC9D2B6BED5BCEE.html
http://mmbiz.qpic.cn/mmbiz_jpg/HFrQAiczwRsujicMAl7bc6bGCxM8wett4DtS5gCroMPX2UiaiapEHpNxDQNVtJaCiaxKiaNMdLqytnylibbCTVoOkxRPw/0?wx_fmt=jpeg	https://freewechat.com/a/MzI4ODI5MjY4OQ==/2247486753/3
http://mmbiz.qpic.cn/mmbiz_jpg/HFrQAiczwRsujicMAl7bc6bGCxM8wett4DgKx11uT798GEgP8AeLSicdicmpc1cbanSpcNmKBBRKYNK3REw5unYiaEg/0?wx_fmt=jpeg	https://freewechat.com/a/MzI4ODI5MjY4OQ==/2247486753/3
http://image82.360doc.com/DownloadImg/2015/02/1322/50162137_1.jpg	http://www.360doc.com/content/15/0213/22/16967035_448460081.shtml
http://www.baihuamen.com/d/file/2014/06-10/000c18e3d02050384b1a937fa7db56d0.jpg	http://www.baihuamen.com/songyeju/19300_12.html
https://cbu01.alicdn.com/img/ibank/2015/833/745/2308547338_859522940.220x220.jpg	https://s.1688.com/kq/-CBC9D2B6BED5.html
http://www.baihuamen.com/d/file/2014/06-10/54dd4ca72ca46c71235e7e666bcdfcd1.jpg	http://www.baihuamen.com/songyeju/19300_13.html
http://www.pjcn.org/uploads/allimg/1701/1-1F10R21633535.jpg	http://www.pjcn.org/hy/3211/
http://pic1.win4000.com/pic/6/9a/b9131337517.jpg_195.jpg	http://www.win4000.com/meinv112009.html
http://gw.alicdn.com/bao/uploaded/i4/2218138002/TB2ECz8kVXXXXabXXXXXXXXXXXX_!!2218138002.jpg_200x200.jpg_.webp	https://m.taobao.com/article/FJCHDNFvA-FGDSFg.html
http://pic1.win4000.com/pic/6/9a/b9131337509.jpg	http://www.win4000.com/meinv112009.html
http://www.baihuamen.com/d/file/2014/06-10/daa1e883748bd15a3315269b7455c6f7.jpg	http://www.baihuamen.com/songyeju/19300_5.html
http://mmbiz.qpic.cn/mmbiz_jpg/HFrQAiczwRsujicMAl7bc6bGCxM8wett4DJgibcM6VYp7uvfasFnLHd5EYQVGQlWEJprPZ1ZfUoIP2vPVNFVYSLcw/0?wx_fmt=jpeg	https://freewechat.com/a/MzI4ODI5MjY4OQ==/2247486753/3
http://www.yuhuagu.com/uploads/allimg/120519/10-120519211550.jpg	http://www.yuhuagu.com/plus/list.php?tid=30&TotalResult=6389&PageNo=310
http://jiemeng.daquan.la/images/jiemeng/jiemeng14144.jpg	http://jiemeng.daquan.la/neebmcfmmz.html
https://gw.alicdn.com/bao/uploaded/i2/194287344/TB2nqyMf3FkpuFjSspnXXb4qFXa_!!194287344.jpg_230x230.jpg	https://www.taobao.com/article/DiDbCUE8CYArDcFn.html
http://www.baihuamen.com/d/file/2014/06-10/6259bdaeea47ee7e70dc710f9be83c96.jpg	http://www.baihuamen.com/songyeju/19300_6.html
http://www.yuhuagu.com/uploads/allimg/170224/43_170224231615_1.jpg	http://www.yuhuagu.com/fanzhi/2017/0224/13469.html
http://www.yuhuagu.com/uploads/allimg/170224/43_170224231606_1.jpg	http://www.yuhuagu.com/fanzhi/2017/0224/13469.html
http://www.huabaike.com/uploads/allimg/artimg/201611/20161125155130_71366.jpg	http://www.tulaoshi.com/n/20170414/2639188.html
http://www.naturelib.net/sites/default/files/styles/larger/public/field/image/DSC_4473%E6%9D%BE%E5%8F%B6%E8%8F%8A%28%E9%BE%99%E9%A1%BB%E6%B5%B7%E6%A3%A0%29Lampranthus%20spectabilis.jpg?itok=LaH6ky_1	http://www.naturelib.net/node/838
https://img.lrgarden.com/flower_pic/p300/191/44/1000026047_1000000744_1471669804.jpg	https://www.lrgarden.com/feed/1000005680.html
http://gw.alicdn.com/bao/uploaded/i3/1892895311/TB2OIN6oSxjpuFjSszeXXaeMVXa_!!1892895311.jpg_200x200.jpg_.webp	https://m.taobao.com/article/FJCHDNFvA-FGDSFg.html
http://img04.taobaocdn.com/imgextra/i4/24163232/TB2f0WlkXXXXXbGXXXXXXXXXXXX_!!24163232.jpg	http://nxtmarket.info/item/526968594096
