
http://pic.pingguolv.com/uploads/allimg/170113/109-1F113131009.png	http://www.pingguolv.com/zy/gongxiao/83287.html
http://www.huayugu.com.cn/uploads/allimg/160811/1-160Q1131P40-L.jpg	http://www.huayugu.com.cn/shixiantao/
https://image.zhongyibaike.com/image/%E7%9F%B3%E4%BB%99%E6%A1%83/%E7%9F%B3%E4%BB%99%E6%A1%83.jpg	https://zhongyibaike.com/wiki/%E7%9F%B3%E4%BB%99%E6%A1%83
http://www.weisanli.com/images/orchid/upfile/1225101613754.jpg	http://www.weisanli.com/orchid/1390/pholidota-chinensis
https://3.bp.blogspot.com/-_bWcr-Ij0hE/V0QbXN18N2I/AAAAAAAAE8A/v_nXeV24p5ox19ILe_buoufTzO5JM9qaACLcB/s1600/%25E7%259F%25B3%25E4%25BB%2599%25E6%25A1%25833.JPG	http://malaysiawriting.blogspot.com/2016/06/ChinesePholidotaHerb.html
http://z.xiziwang.net/uploads/allimg/141121/30_141121153045_1.jpg	http://z.xiziwang.net/hua/16855/
https://cbu01.alicdn.com/img/ibank/2015/613/649/2031946316_1913006474.220x220.jpg	http://www.1688.com/chanpin/-CAAFCFC9CCD2.html
http://a1.att.hudong.com/57/52/01300001141980130374527229770_s.jpg	http://www.baike.com/wiki/%E7%9F%B3%E4%BB%99%E6%A1%83%E5%B1%9E
http://www.yellowman.cn/shenzhen/1/Pholidota_cantonensis4.JPG	http://www.yellowman.cn/shenzhen/1/pholidota_cantonensis.htm
http://a2.att.hudong.com/07/80/01100000000000144735803702063_s.jpg	http://www.baike.com/wiki/%E7%BB%86%E5%8F%B6%E7%9F%B3%E4%BB%99%E6%A1%83
http://www.yellowman.cn/shenzhen/1/Pholidota_cantonensis2.JPG	http://www.yellowman.cn/shenzhen/1/pholidota_cantonensis.htm
http://a4.att.hudong.com/62/68/01300001185707130406689686222_s.jpg	http://www.baike.com/wiki/%E4%BA%91%E5%8D%97%E7%9F%B3%E4%BB%99%E6%A1%83
http://pic.pimg.tw/rong152725/1423407758-979324906_n.jpg?v=1423407774	http://rong152725.pixnet.net/blog/post/409349821-%E7%83%8F%E4%BE%86%E7%9F%B3%E4%BB%99%E6%A1%83
http://img.zwbk.org/baike/spic/2011/12/20/20111220170746233_3435.jpg	http://www.zwbk.org/MyLemmaShow.aspx?zh=zh-tw&lid=226465
http://pic.pingguolv.com/uploads/allimg/170113/109-1F113131019.png	http://www.pingguolv.com/zy/gongxiao/83287.html
http://pic.pimg.tw/rong152725/1423407758-378253979_n.jpg?v=1423407763	http://rong152725.pixnet.net/blog/post/409349821-%E7%83%8F%E4%BE%86%E7%9F%B3%E4%BB%99%E6%A1%83
http://www.pjcn.org/uploads/allimg/1612/1-161206224155248.jpg	http://www.pjcn.org/hg/3008/
http://a0.att.hudong.com/11/90/20300543127931143338903140843_s.jpg	http://www.baike.com/wiki/%E7%B2%97%E8%84%89%E7%9F%B3%E4%BB%99%E6%A1%83
http://www.yellowman.cn/shenzhen/1/Pholidota_chinensis2.JPG	http://www.yellowman.cn/shenzhen/1/Pholidota_chinensis.htm
http://pic.pingguolv.com/uploads/allimg/170113/109-1F113130956.png	http://www.pingguolv.com/zy/gongxiao/83287.html
http://www.cndzys.com/zhongyao/images/zhongcaoyao_origin/2/2/2c142eebc06cb67ca8fb93dc12b7fa08.jpg	http://www.cndzys.com/zhongyao/picture-652.html
http://www.yellowman.cn/shenzhen/1/Pholidota_cantonensis.JPG	http://www.yellowman.cn/shenzhen/1/pholidota_cantonensis.htm
http://img.ziyimall.com/image/20160317/20160317212800_32396.jpg	http://www.ziyimall.com/tag/shixiantao/
http://img.wxrw123.com/201602/23/23/helpra4udm2.jpg	http://www.wxrw123.com/zw/20160303/160247.html
http://www.herbarium.gov.hk/PlantInfo/ORCHIDACEAE/Pholidota/chinensis/66850/389_Pholidota%20chinensis_%E7%9F%B3%E4%BB%99%E6%A1%83_06-05-2009_66850_LR_WM.JPG	http://herbarium.gov.hk/subpages.aspx?id=3625
http://pic.pingguolv.com/uploads/allimg/170113/109-1F113130945.png	http://www.pingguolv.com/zy/gongxiao/83287.html
https://upload.wikimedia.org/wikipedia/commons/thumb/d/dc/Pholidota_chinensis_-_Flickr_003_%281%29.jpg/220px-Pholidota_chinensis_-_Flickr_003_%281%29.jpg	https://zh.wikipedia.org/wiki/%E7%9F%B3%E4%BB%99%E6%A1%83
https://cbu01.alicdn.com/img/ibank/2017/573/658/4005856375_1773397640.220x220.jpg	http://www.1688.com/chanpin/-CAAFCFC9CCD2.html
https://cbu01.alicdn.com/img/ibank/2016/258/878/3175878852_1721051560.220x220.jpg	http://www.1688.com/chanpin/-CAAFCFC9CCD2.html
https://1.share.photo.xuite.net/h09091103/11d32c1/10620085/492157452_m.jpg	http://blog.xuite.net/h09091103/twblog/128868010-%E7%83%8F%E4%BE%86%E7%9F%B3%E4%BB%99%E6%A1%83
http://www.huayugu.com.cn/uploads/allimg/160811/1-160Q11316330-L.jpg	http://www.huayugu.com.cn/shixiantao/17109.html
http://www.365azw.com/Attachments/share/201507/5595ece89527f.jpg	http://www.365azw.com/share/s-177868
http://2.bp.blogspot.com/-bc48UJo4VaY/UtFUjNGyZ_I/AAAAAAAACvQ/RdU0_kBnPfY/s1600/0113_1.jpg	http://pwflora.blogspot.com/2014/01/pholidota-chinensis.html
http://pic.pingguolv.com/uploads/allimg/170113/109-1F113131043.png	http://www.pingguolv.com/zy/gongxiao/83287.html
http://www.39world.com/upimg/zyphoto/200791314171984377801.jpg	http://www.39world.com/zyphoto/0913543120075431.html
http://www.yellowman.cn/shenzhen/1/Pholidota_chinensis.JPG	http://www.yellowman.cn/shenzhen/1/Pholidota_chinensis.htm
https://cbu01.alicdn.com/img/ibank/2017/870/620/4266026078_1035282871.220x220.jpg	http://www.1688.com/chanpin/-CAAFCFC9CCD2.html
http://www.orchid.url.tw/myflowers/others/pholidotacantonensis1.jpg	http://www.orchid.url.tw/myflowers/others/pholidotauraiensis.htm
http://pic.to8to.com/attch/day_150812/20150812_151fa870825debbd472bjmCLKoolKKSv.jpg	http://caijisong999.lofter.com/post/39c26b_819350b
http://pic1.huashichang.com/2015/0702/22/559551811ecda.jpg	http://www.aihuhua.com/tu/shixiantao.html
http://3.bp.blogspot.com/-3I0_uqEFKgc/U2UCyCCaJ6I/AAAAAAAA6os/MUl57cNTQ9o/s1600/DSC03146-001.JPG	http://olivaryolio.blogspot.com/2014/05/blog-post_11.html
http://1.bp.blogspot.com/-g5uz7RqoaEg/U2UC9bEqjUI/AAAAAAAA6pE/X9YleiC4VM4/s1600/DSC03142-001.JPG	http://olivaryolio.blogspot.com/2014/05/blog-post_11.html
http://www.zycsc.com/affix/salebuy/2009/5_21/35518_5684%CF%C9%CC%D2%20%BF%BD%B1%B4.jpg	http://www.zycsc.com/sbinfo.php?sbid=85939
https://cbu01.alicdn.com/img/ibank/2015/008/216/2630612800_1773397640.220x220.jpg	http://www.1688.com/jiage/-D2B0C9FACAAFCFC9CCD2.html
http://z.xiziwang.net/uploads/allimg/160116/38_160116221540_1.jpg	http://z.xiziwang.net/zhongyao/24917/
http://3.bp.blogspot.com/-NCWPzerhpPM/U2UC-xU9r8I/AAAAAAAA6pM/M6mmOVw3K9U/s1600/DSC03144-001.JPG	http://olivaryolio.blogspot.com/2014/05/blog-post_11.html
http://a0.att.hudong.com/45/80/20200000013920144735803316572_s.jpg	http://www.baike.com/wiki/%E7%BB%86%E5%8F%B6%E7%9F%B3%E4%BB%99%E6%A1%83
http://a0.att.hudong.com/58/15/20300543283688143373157037641_s.jpg	http://www.baike.com/wiki/%E5%87%B9%E5%94%87%E7%9F%B3%E4%BB%99%E6%A1%83
http://www.52ij.com/uploads/allimg/160317/12235Vb7-2.jpg	http://www.52ij.com/gongxiao/457008.html
http://img1.homekoocdn.com/huxing_fangan/imgdata/htmlimg/20161210/bj2016_12_10_15_28_06.jpg	http://jiashi.homekoo.com/xinwen-2002
http://g-search2.alicdn.com/bao/uploaded/i1/T1IEp1FgFXXXXXXXXX_!!0-item_pic.jpg_210x210.jpg	http://www.86daigou.com/pinpai/shi-xian-tao-pen-zai
https://gw.alicdn.com/bao/uploaded/i1/785361420/TB28XcfuXXXXXXEXpXXXXXXXXXX_!!785361420.jpg_230x230.jpg	https://www.taobao.com/article/B8CjGGBREqCNF9D7.html
http://3.bp.blogspot.com/-C9kTK_9V5UE/VdHVz03s_UI/AAAAAAABb8o/ovjGZNErZLk/s1600/IMG_0651-001.JPG	http://wildlife-notes.blogspot.com/2015/08/pholidota-cantonensis.html
http://img.39yst.com/uploads/2015/0513/1431488687915.jpg	http://www.39yst.com/byy/266799.shtml
http://a2.att.hudong.com/51/03/20300000237086143351030517365_s.jpg	http://www.baike.com/wiki/%E5%B0%96%E5%8F%B6%E7%9F%B3%E4%BB%99%E6%A1%83
http://pic.pimg.tw/rong152725/1423407758-1620804960_n.jpg?v=1423407778	http://rong152725.pixnet.net/blog/post/409349821-%E7%83%8F%E4%BE%86%E7%9F%B3%E4%BB%99%E6%A1%83
http://pic.pimg.tw/mtff98/1393605211-267160192_n.jpg	http://mtff98.pixnet.net/album/photo/499478463
http://pic4.55jia.net/fengshuizhiwu/41/a372052.jpg	http://www.55jia.net/75/332344.html
http://www.huayugu.com.cn/uploads/allimg/160811/1-160Q11322240-L.jpg	http://www.huayugu.com.cn/shixiantao/
https://gw.alicdn.com/bao/uploaded/i1/3008739868/TB2hWGumrXlpuFjSszfXXcSGXXa_!!3008739868.jpg_230x230.jpg	https://www.taobao.com/article/EsE0DTD4DmFGC_Ca.html
http://www.52ij.com/uploads/allimg/160317/160F054F-1.jpg	http://www.52ij.com/gongxiao/459834.html
https://3.bp.blogspot.com/-bqkb4Z6SB5U/V0QbwR9jcOI/AAAAAAAAE8M/-a3-3WYoI5ASPfMrg7ftWZeiaZpycSMMgCLcB/s1600/%25E7%259F%25B3%25E4%25BB%2599%25E6%25A1%2583%25E6%25BB%258B%25E9%2598%25B4%25E5%2585%25BB%25E6%25B4%25A5%25E6%25B6%25A6%25E8%2582%25BA%25E6%25B1%25A4.JPG	http://malaysiawriting.blogspot.com/2016/06/ChinesePholidotaHerb.html
https://cbu01.alicdn.com/img/ibank/2015/576/876/2317678675_239638655.220x220.jpg	http://www.1688.com/jiage/-CAAFCFC9CCD2.html
https://cbu01.alicdn.com/img/ibank/2016/410/768/3005867014_1956552606.220x220.jpg	http://www.1688.com/jiage/-CAAFCFC9CCD2.html
https://cbu01.alicdn.com/img/ibank/2017/269/355/3809553962_508183356.220x220.jpg	http://www.1688.com/jiage/-CAAFCFC9CCD2.html
http://www.zhongyao.org.cn/daquan/lengbei/tupian/s/%E7%9F%B3%E4%BB%99%E6%A1%83.jpg	http://www.zhongyao.org.cn/daquan/lengbei/tupian/s/sxt.htm
http://2.im.guokr.com/kDzy4CBVNaFOITZgInWA3HmPS6rmLsUn8iqHfs-sbp8wDwAAIBQAAEpQ.jpg?imageView2/1/w/590/h/781	http://www.guokr.com/post/762859/
https://pic.pimg.tw/mtff98/1488015814-447525966_n.jpg?v=1488015848	http://mtff98.pixnet.net/blog/post/457658834-20170218-%E7%83%8F%E4%BE%86%E7%9F%B3%E4%BB%99%E6%A1%83-%28%E6%A1%83%E5%9C%92%E5%A4%A7%E6%BA%AA%29
http://2.bp.blogspot.com/-wWBLr3r4HAQ/VdHVz8tW0-I/AAAAAAABb80/aYsRS8KhYS0/s1600/IMG_0656-001.JPG	http://wildlife-notes.blogspot.com/2015/08/pholidota-cantonensis.html
http://a1.att.hudong.com/53/31/20300000164151143343313762387_s.jpg	http://www.baike.com/wiki/%E5%B2%A9%E7%94%9F%E7%9F%B3%E4%BB%99%E6%A1%83
https://cbu01.alicdn.com/img/ibank/2016/911/172/2772271119_1773397640.310x310.jpg	https://www.1688.com/pic/-CAAFCFC9CCD2.html
http://blog.sina.com.tw/myimages/54/14646/images/1331470639_0.jpg	http://blog.sina.com.tw/14646/article.php?pbgid=14646&entryid=621871
http://a4.att.hudong.com/31/41/01300000245463122448418261176_s.jpg	http://www.baike.com/wiki/%E4%BA%91%E5%8D%97%E7%9F%B3%E4%BB%99%E6%A1%83
http://s9.sinaimg.cn/mw690/001ssu7fgy6Je37Q6UM48&690	http://blog.sina.com.cn/s/blog_4fabccf90102ducz.html
http://www.38fan.com/uploads/allimg/170626/51_170626110449_1.png	http://www.38fan.com/qitashiwu/20170626165315.html
http://www.cndzys.com/zhongyao/images/zhongcaoyao_product/2/2/2c142eebc06cb67ca8fb93dc12b7fa08.jpg	http://www.cndzys.com/zhongyao/picture-652.html
https://gss0.bdstatic.com/94o3dSag_xI4khGkpoWK1HF6hhy/baike/s%3D220/sign=d763c717aaec8a13101a50e2c7029157/5ab5c9ea15ce36d3557660c839f33a87e850b1dc.jpg	http://baike.baidu.com/item/%E7%9F%B3%E4%BB%99%E6%A1%83/16610222
https://gw.alicdn.com/bao/uploaded/i2/179269519/TB2emJLpmBjpuFjy1XdXXaooVXa_!!179269519.jpg_230x230.jpg	https://www.taobao.com/article/B8CjGGBREqCNF9D7.html
http://www.38fan.com/uploads/allimg/170626/51-1F6261105100-L.png	http://www.38fan.com/qitashiwu/20170626165315.html
https://6.share.photo.xuite.net/r120896016/164481c/10997513/513807123_m.jpg	http://blog.xuite.net/r120896016/twblog/131017300-%E8%B6%85%E7%86%B1%E9%AC%A7%E7%9A%84%E7%83%8F%E4%BE%86%E7%9F%B3%E4%BB%99%E6%A1%83%E9%96%8B%E8%8A%B1%E7%85%A7
https://b-ssl.duitang.com/uploads/item/201707/05/20170705142729_CERyS.thumb.224_0.jpeg	https://www.duitang.com/blogs/tag/?name=%E7%9F%B3%E4%BB%99%E6%A1%83
http://g-search1.alicdn.com/bao/uploaded/i2/1803343165/TB2MAg_pYVkpuFjSspcXXbSMVXa_!!1803343165.jpg_210x210.jpg	http://www.86daigou.com/pinpai/shi-xian-tao-pen-zai
http://a1.att.hudong.com/08/40/300001185439130415404013108_s.jpg	http://www.baike.com/wiki/%E8%8A%82%E8%8C%8E%E7%9F%B3%E4%BB%99%E6%A1%83
http://s12.sinaimg.cn/middle/4fabccf9gb86b6dcb3afb&690	http://blog.sina.com.cn/s/blog_4fabccf90102ducz.html
https://cbu01.alicdn.com/img/ibank/2016/446/196/2909691644_1773397640.jpg	https://detail.1688.com/offer/524783764261.html
http://g-search4.alicdn.com/bao/uploaded/i1/1803343165/TB2VuoYeNdkpuFjy0FbXXaNnpXa_!!1803343165.jpg_210x210.jpg	http://www.86daigou.com/pinpai/shi-xian-tao-pen-zai
http://www.21cbi.com/upload/201609/22/14744812989.jpg	http://m.21cbi.com/s/14/50728.html
http://s6.sinaimg.cn/middle/4fabccf9gb86b6d645895&690	http://blog.sina.com.cn/s/blog_4fabccf90102ducz.html
https://gw.alicdn.com/bao/uploaded/i2/2434086521/TB27kbPXCFmpuFjSZFrXXayOXXa_!!2434086521.jpg_230x230.jpg	https://www.taobao.com/article/B8CjGGBREqCNF9D7.html
http://www.21cbi.com/upload/201609/22/147448129839.jpg	http://m.21cbi.com/s/14/50728.html
https://gw.alicdn.com/bao/uploaded/i4/277586979/TB2PTXLabslyKJjSZJiXXb1tFXa_!!277586979.jpg_230x230.jpg	https://www.taobao.com/article/B8CjGGBREqCNF9D7.html
http://g-search2.alicdn.com/bao/uploaded/i2/TB1h5ofSpXXXXX.XpXXXXXXXXXX_!!0-item_pic.jpg_210x210.jpg	http://www.86daigou.com/pinpai/shi-xian-tao-pen-zai
http://www.yuhuagu.com/uploads/allimg/130611/43-1306110U417.jpg	http://www.yuhuagu.com/tupian/lan/2013/0603/8121.html
http://pic.pimg.tw/rong152725/1423407758-1090235681_n.jpg?v=1423407776	http://rong152725.pixnet.net/blog/post/409349821-%E7%83%8F%E4%BE%86%E7%9F%B3%E4%BB%99%E6%A1%83
https://b-ssl.duitang.com/uploads/item/201412/07/20141207233731_uBPNt.jpeg	http://www.duitang.com/blog/?id=318549950
http://4.bp.blogspot.com/-4obtISk4Drw/VdHVz-KSWlI/AAAAAAABb8k/HdAXqjn_Um0/s1600/IMG_0655.JPG	http://wildlife-notes.blogspot.com/2015/08/pholidota-cantonensis.html
http://pic4.55jia.net/fengshuizhiwu/55/a372099.jpg	http://www.55jia.net/75/332344.html
http://a4.att.hudong.com/87/78/01200000032797136358786855063_s.jpg	http://www.baike.com/wiki/%E5%8D%95%E5%8F%B6%E7%9F%B3%E4%BB%99%E6%A1%83
https://cbu01.alicdn.com/img/ibank/2015/360/313/2628313063_1773397640.jpg	http://detail.1688.com/offer/524784260143.html
http://img.37jg.com/img/previews/2015/10/0-z4JjCv.png	http://www.37jg.com/bm/%E7%9F%B3%E4%BB%99%E6%A1%83/
