
http://a3.att.hudong.com/64/93/19300001382667132918939019735_950.jpg	http://yanghua.baike.com/article-149783.html
http://www.dianshu119.com/uploads/201405/1399547500OLvkSf07.jpg	http://www.dianshu119.com/index.php?doc-view-2178.html
http://a1.att.hudong.com/20/81/01100000000000144734813162551_s.jpg	http://www.baike.com/wiki/%E7%95%AA%E7%BA%A2%E8%8A%B1
http://old.bz55.com/uploads/allimg/121201/1-121201095355.jpg	http://m.bz55.com/4554_2.html
http://a4.att.hudong.com/08/81/20200000013920144734812682505_s.jpg	http://www.baike.com/wiki/%E7%95%AA%E7%BA%A2%E8%8A%B1
http://pic16.nipic.com/20110831/7980162_213211575199_2.jpg	http://www.nipic.com/show/1/44/5040826k6dee8f81.html
http://shtspain.com/wp-content/uploads/2015/09/AV_%E5%89%AF%E6%9C%AC1.jpg	http://shtspain.com/2015/09/%E8%A5%BF%E7%8F%AD%E7%89%99%E5%9B%BD%E8%B4%A7%E7%B2%BE%E5%93%81%EF%BC%9A%E7%95%AA%E7%BA%A2%E8%8A%B1azafran/
http://cdn.fanhonghua.net/uploads/2012/11/Crocuses-desktopsky-33.jpg	http://www.fanhonghua.net/image/hd-wallpapers-35.html
http://www.baihuamen.com/d/file/2014/05-06/4f2800d21cc08f9ae4039bcb1403cc04.jpg	http://www.baihuamen.com/fanhonghua/
http://www.wdptj.com/wp-content/uploads/2014/11/%E7%95%AA%E7%BA%A2%E8%8A%B1.jpg	http://www.wdptj.com/5760.html
http://p.ayxbk.com/images/thumb/6/63/Bkmre.jpg/220px-Bkmre.jpg	http://www.a-hospital.com/w/%E7%95%AA%E7%BA%A2%E8%8A%B1
http://cdn.fanhonghua.net/uploads/2010/04/beautiful-saffron-15.jpg	http://www.fanhonghua.net/image/beautiful-saffron-16.html
http://a0.att.hudong.com/82/81/01100000000000144734813085663_s.jpg	http://www.baike.com/wiki/%E7%95%AA%E7%BA%A2%E8%8A%B1
http://www.mihuyuan.com/pics/original/20150820/1440031885549186.jpg	http://www.mihuyuan.com/advisorydetail.do?ady_id=1440031976467190
http://static.meiguoshenpo.com/image/201209/16203622906.jpg	http://www.meiguoshenpo.com/jiemeng/d16564.html
http://www.ew9z.com/wp-content/uploads/2010/03/Crocus_sativus_14.jpg	http://www.ew9z.com/fanhonghua-canghonghua-pinzhong.html
http://img2.ph.126.net/rjPmLr0G9ExryeHSF04UOQ==/2809964692520400533.jpg	http://yq-wlike.lofter.com/post/3235b9_5f6598b
http://www.imagewa.com/PhotoPreview/358/358_52946.jpg	http://www.imagewa.com/Photo/358/52946.html
http://www.baihuamen.com/d/file/2014/05-05/2e670a63a1e8f04107bd66fe334d8df0.jpg	http://www.baihuamen.com/fanhonghua/
http://a1.att.hudong.com/26/81/01100000000000144734813572801_s.jpg	http://www.baike.com/wiki/%E7%95%AA%E7%BA%A2%E8%8A%B1
http://i.zgjm.org/uploads/allimg/150107/1_150107180029_1.jpg	http://www.zgjm.org/zhiwu/fanhonghua.html
http://www.ivsky.com/img/bizhi/pic/201210/14/fanhonghua-014.jpg	http://www.ivsky.com/bizhi/fanhonghua_v14481/pic_351463.html
https://gss0.bdstatic.com/-4o3dSag_xI4khGkpoWK1HF6hhy/baike/w%3D480/sign=4471fdd2bca1cd1105b673288913c8b0/d043ad4bd11373f03eaf767da20f4bfbfaed04bb.jpg	https://baike.baidu.com/item/%E7%95%AA%E7%BA%A2%E8%8A%B1
http://pic.jj20.com/up/allimg/512/101512122Z2/121015122Z2-9.jpg	http://www.jj20.com/bz/hhzw/xhtx/5060_9.html
http://img15.3lian.com/2015/f1/130/d/89.jpg	http://www.3lian.com/gif/2015/01-06/72276.html
https://cdn.pixabay.com/photo/2016/02/13/13/18/purple-1197805_960_720.jpg	https://pixabay.com/zh/photos/%E7%95%AA%E7%BA%A2%E8%8A%B1%E6%A4%8D%E7%89%A9/
https://cdn.pixabay.com/photo/2015/08/08/06/33/crocus-880140_960_720.jpg	https://pixabay.com/zh/%E7%95%AA%E7%BA%A2%E8%8A%B1-%E6%98%A5-%E8%87%AA%E7%84%B6-%E8%8A%B1-%E5%AD%A3%E8%8A%82-%E6%A4%8D%E7%89%A9-%E5%BC%80%E8%8A%B1-%E7%B4%AB%E8%89%B2-%E8%8A%B1%E7%9A%84-%E6%98%A5%E5%A4%A9-880140/
http://www.52yhua.com/uploads/allimg/161024/1-161024231036.jpg	http://www.52yhua.com/jishu/5946.html
http://a1.att.hudong.com/66/81/01100000000000144734813607421_s.jpg	http://www.baike.com/wiki/%E7%95%AA%E7%BA%A2%E8%8A%B1
http://img2.ph.126.net/e6xn_Sl-i0fxewnRexlpCw==/52354345686095984.jpg	http://yq-wlike.lofter.com/post/3235b9_5f6598b
http://images.nongmiao.com/small//trade/2012/09/14/03/11/430695610_302204170.310x310.jpg	http://www.nongmiao.com/zhxiu66/supplydetail-44270.html
http://www.dianshu119.com/uploads/201405/1399547663zgcEwZKq.jpg	http://www.dianshu119.com/index.php?doc-view-2178.html
http://img.pconline.com.cn/images/upload/upc/tx/wallpaper/1308/17/c5/24564257_1376704388125.jpg	http://itbbs.pconline.com.cn/50701867.html
https://thumbs.dreamstime.com/z/%E7%95%AA%E7%BA%A2%E8%8A%B1%E5%BC%80%E8%8A%B1-%E8%89%B2-53034594.jpg	https://cn.dreamstime.com/%E5%BA%93%E5%AD%98%E7%85%A7%E7%89%87-%E7%95%AA%E7%BA%A2%E8%8A%B1%E5%BC%80%E8%8A%B1-%E8%89%B2-image53034594
http://cdn.fanhonghua.net/uploads/2011/05/crocuses-in-park-3.jpg	http://www.fanhonghua.net/image/crocuses-in-park.html
http://pic6.nipic.com/20100427/2419558_191606001710_2.jpg	http://www.nipic.com/show/3081485.html
http://a1.att.hudong.com/37/97/20300000164151143314978389425_s.jpg	http://www.baike.com/wiki/%E9%BB%84%E7%95%AA%E7%BA%A2%E8%8A%B1
http://a1.att.hudong.com/61/65/20200000013920144735654765958.jpg	http://tupian.baike.com/doc/%E7%B4%AB%E7%95%AA%E7%BA%A2%E8%8A%B1/a1_61_65_20200000013920144735654765958_jpg.html
http://www.dianshu119.com/uploads/201405/13995475261TQCjvfW.jpg	http://www.dianshu119.com/index.php?doc-view-2178.html
http://img.pconline.com.cn/images/upload/upc/tx/wallpaper/1308/17/c5/24564257_1376704388132.jpg	http://itbbs.pconline.com.cn/50701867.html
http://a3.att.hudong.com/32/81/01100000000000144734813522668_s.jpg	http://www.baike.com/wiki/%E7%95%AA%E7%BA%A2%E8%8A%B1
http://pic2.16pic.com/00/24/36/16pic_2436370_b.jpg	http://www.16pic.com/photo/pic_2436370.html
http://www.huacaoshumu.net/attached/tupian/F15/20150208-5.jpg	http://www.huacaoshumu.net/zhiwu/fanhonghua.php
http://www.worldfoodlibrary.com/uploads/2/9/9/2/29923365/8786085_orig.jpg	http://www.worldfoodlibrary.com/300583241833457.html
http://cdn.fanhonghua.net/uploads/2013/02/germany-3.jpg	http://www.fanhonghua.net/image/germany.html
http://pic.pingguolv.com/uploads/allimg/161202/109-161202160344.jpg	http://www.pingguolv.com/zy/gongxiao/77403.html
http://www.tulaoer.org/5-Images/3-Bio/P/Lucifer/20080723_0674.jpg	http://www.tulaoer.org/3-Biology/P/Lucifer.html
http://pic.pingguolv.com/uploads/allimg/161202/109-161202160230.jpg	http://www.pingguolv.com/zy/gongxiao/77403.html
http://p.ayxbk.com/images/thumb/f/f5/Bkmri.jpg/200px-Bkmri.jpg	http://www.a-hospital.com/w/%E7%95%AA%E7%BA%A2%E8%8A%B1
https://upload.wikimedia.org/wikipedia/commons/thumb/d/d6/Crocus_sativus_-_K%C3%B6hler%E2%80%93s_Medizinal-Pflanzen-194.jpg/250px-Crocus_sativus_-_K%C3%B6hler%E2%80%93s_Medizinal-Pflanzen-194.jpg	https://zh.wikipedia.org/wiki/%E7%95%AA%E7%B4%85%E8%8A%B1
http://i9.download.fd.pchome.net/t_960x600/g1/M00/07/13/oYYBAFNLkTGIDOGgAAI1Ttw1HqcAABd2ABZOd4AAjVm221.jpg	http://download.pchome.net/wallpaper/info-1866-4-1.html
http://a2.att.hudong.com/76/80/01100000000000144734803957348_s.jpg	http://www.baike.com/wiki/%E7%95%AA%E7%BA%A2%E8%8A%B1
http://a2.att.hudong.com/31/92/19300001382667132918929538060.jpg	http://yanghua.baike.com/article-149783.html
https://gw.alicdn.com/bao/uploaded/i2/279801523/TB2KHsqll8kpuFjSspeXXc7IpXa_!!279801523.jpg_230x230.jpg	https://www.taobao.com/oshtml/buy-cn/cp_vfi_2resuuy7qNbWx_I.html
https://cdn.pixabay.com/photo/2015/06/28/14/05/crocus-824535_960_720.jpg	https://pixabay.com/zh/%E7%95%AA%E7%BA%A2%E8%8A%B1-%E8%8A%B1-%E5%AF%B9%E6%AF%94-%E7%B4%AB-824535/
https://media-cdn.tripadvisor.com/media/photo-s/09/b5/65/6e/caption.jpg	https://cn.tripadvisor.com/LocationPhotoDirectLink-g293913-d8275150-i162882926-Safranbolu_Turkish_Restaurant-Taipei.html
http://pic.pingguolv.com/uploads/allimg/161202/109-161202160251.jpg	http://www.pingguolv.com/zy/gongxiao/77403.html
http://a4.att.hudong.com/31/51/01300000121401121302510453877_s.jpg	http://www.baike.com/wiki/%E7%95%AA%E7%BA%A2%E8%8A%B1
http://img1.ph.126.net/ytB5HZ5FSrPGQEFMukgb_g==/6630830271187060768.jpg	http://yq-wlike.lofter.com/post/3235b9_5f6598b
http://img0.ph.126.net/QIj6bavoNd9UZyr98PdM3A==/6630242032466151114.jpg	http://yq-wlike.lofter.com/post/3235b9_5f6598b
http://images.china.cn/attachement/jpg/site1000/20081226/0019b91ec9440abeadba54.jpg	http://lianghui.china.com.cn/info/txt/2008-12/26/content_17013658.htm
http://img.zaoing.com/news/klqn6kyl/0.jpg	http://www.zaoing.com/news/klqn6kyl
http://www.jituwang.com/uploads/allimg/160324/257868-160324214G180.jpg	http://www.jituwang.com/tuku/201603/603716.html
http://www.huacaoshumu.net/attached/tupian/F15/20150208-7.jpg	http://www.huacaoshumu.net/zhiwu/fanhonghua.php
http://old.bz55.com/uploads/allimg/121201/1-121201095412.jpg	http://www.bz55.com/fengjingbizhi/4554_13.html
http://p.d1xz.net/2014/7/21/170272047204.jpg	http://www.d1xz.net/astro/huayu/art59193.aspx
https://www.huabaike.com/uploads/allimg/sltimg/201512/5677bf209df09.jpg	https://www.huabaike.com/hyjk/1034.html
http://www.neipet.com/wp-content/uploads/2016/06/%E7%95%AA%E7%BA%A2%E8%8A%B1.png	http://www.neipet.com/fanhonghua/
http://a3.att.hudong.com/42/81/01100000000000144734813637601_s.jpg	http://www.baike.com/wiki/%E7%95%AA%E7%BA%A2%E8%8A%B1
http://cdn.fanhonghua.net/uploads/2016/05/zootopia14.jpg	http://www.fanhonghua.net/news/zootopia.html
https://thumbs.dreamstime.com/z/%E8%89%B2%E7%8B%82%E6%94%BE%E7%9A%84%E7%95%AA%E7%BA%A2%E8%8A%B1-72213185.jpg	https://cn.dreamstime.com/%E5%BA%93%E5%AD%98%E7%85%A7%E7%89%87-%E8%89%B2%E7%8B%82%E6%94%BE%E7%9A%84%E7%95%AA%E7%BA%A2%E8%8A%B1-image72213185
http://gmimg.geimian.com/pic/2015/08/2015-08-28_143004.jpg	https://www.geimian.com/wx/47852.html
https://static7.depositphotos.com/1266001/755/i/950/depositphotos_7554464-stock-photo-early-spring-purple-crocus-flowers.jpg	https://cn.depositphotos.com/7554464/stock-photo-early-spring-purple-crocus-flowers.html
https://cdn.huaniaoy.cn/20160506/original/1462548131306.jpg@!picb	https://www.huaniaoy.com/yangzhifangfa/880/
https://cdn.pixabay.com/photo/2013/03/06/12/23/crocus-90865_960_720.jpg	https://pixabay.com/zh/%E7%95%AA%E7%BA%A2%E8%8A%B1-%E8%8A%B1-%E7%B4%AB%E7%BD%97%E5%85%B0%E8%89%B2-%E6%98%A5-%E5%BC%80%E8%8A%B1-%E6%A4%8D%E7%89%A9%E5%8C%BA%E7%B3%BB-%E8%8A%B1%E7%9A%84-%E5%AD%A3%E8%8A%82-%E8%8A%B1%E5%9B%AD-90865/
https://www.huabaike.com/uploads/allimg/sltimg/201512/5677c07f7fd9b.jpg	https://www.huabaike.com/jtyh/1038.html
http://image.ys0316.com/upload/9/1a/91a099f00efa7e4e7d7f1debd5a7e9c0.jpg	http://www.ys0316.com/6522946.htm
http://lvyou.4hw.com.cn/d/file/20121011/890cda31b0d52a6866703354aef6737e.jpg	http://lvyou.4hw.com.cn/guowai/443.html
https://www.huabaike.com/uploads/allimg/sltimg/201512/5677bbc2731fc.jpg	https://www.huabaike.com/yhjq/1028.html
https://thumbs.dreamstime.com/z/%E7%95%AA%E7%BA%A2%E8%8A%B1%E8%8A%B1-%E5%BD%A9-50098309.jpg	https://cn.dreamstime.com/%E5%BA%93%E5%AD%98%E4%BE%8B%E8%AF%81-%E7%95%AA%E7%BA%A2%E8%8A%B1%E8%8A%B1-%E5%BD%A9-image50098261
http://a4.att.hudong.com/23/30/01300000178518124151309515556.jpg	http://tupian.baike.com/a4_23_30_01300000178518124151309515556_jpg.html
https://sqr5.files.wordpress.com/2017/02/krokus.jpg?w=525	http://finance.wenxuecity.com/blog/frontend.php?act=articlePrint&blogId=65329&date=201703&postId=2743
http://www.wdptj.com/wp-content/uploads/2014/11/%E7%95%AA%E7%BA%A2%E8%8A%B11.jpg	http://www.wdptj.com/5760.html
http://cdn.fanhonghua.net/uploads/2012/03/isar-1.jpg	http://www.fanhonghua.net/image/isar.html
http://pic.pingguolv.com/uploads/allimg/161202/109-161202160313.jpg	http://www.pingguolv.com/zy/gongxiao/77403.html
http://dashulin.com/wp-content/uploads/2011/04/jiulan2.jpg	http://dashulin.com/jiulan/
http://seopic.699pic.com/photo/00015/2169.jpg_wh1200.jpg	http://699pic.com/tupian/fanhonghua.html
http://pic.sc.chinaz.com/files/pic/pic9/201409/apic6404.jpg	http://sc.chinaz.com/tupian/140923268323.htm
http://pic.pingguolv.com/uploads/allimg/161202/109-161202160323.jpg	http://www.pingguolv.com/zy/gongxiao/77403.html
http://www.huaxia.com/uniwaysimages/200803/bww1014585610.jpg	http://zhongyi.sina.com/baike/view/20107/462.shtml
https://cdn.pixabay.com/photo/2015/04/01/18/21/flowers-702793__340.jpg	https://pixabay.com/zh/photos/%E6%98%A5%E7%95%AA%E7%BA%A2%E8%8A%B1/
http://travel.cntv.cn/20120320/images/1332225059308_img214689188.jpg	http://travel.cntv.cn/20120320/113316.shtml
https://thumbs.dreamstime.com/z/%E7%95%AA%E7%BA%A2%E8%8A%B1-17996832.jpg	https://cn.dreamstime.com/%E5%9B%BE%E5%BA%93%E6%91%84%E5%BD%B1-%E7%95%AA%E7%BA%A2%E8%8A%B1-image17996832
http://a2.att.hudong.com/48/31/01300000178518124151310704176_s.jpg	http://www.baike.com/wiki/%E9%BB%84%E7%95%AA%E7%BA%A2%E8%8A%B1
http://images.nongmiao.com/big//trade/2012/09/14/03/11/430695608_302204170.310x310.jpg	http://www.nongmiao.com/zhxiu66/supplydetail-44270.html
http://www.shaoerw.com/02/images/122.jpg	http://www.shaoerw.com/02/pages/122.html
http://a2.att.hudong.com/01/80/01100000000000144734804181421_s.jpg	http://www.baike.com/wiki/%E7%95%AA%E7%BA%A2%E8%8A%B1
http://a1.att.hudong.com/25/81/01100000000000144734813313566_s.jpg	http://www.baike.com/wiki/%E7%95%AA%E7%BA%A2%E8%8A%B1
https://timg04.bdimg.com/timg?wapbaike&quality=60&size=b547_393&sec=1349839550&di=a09fb83f21de7412554800d0c565c96c&src=http://imgsrc.baidu.com/baike/pic/item/86d6277f9e2f07089b477d56ea24b899a901f222.jpg	https://wapbaike.baidu.com/item/%E8%97%8F%E7%BA%A2%E8%8A%B1
http://bbs.cfh.ac.cn/attachment.aspx?attachmentid=1448	http://bbs.cfh.ac.cn/showtopic-1221.aspx
