
http://a1.att.hudong.com/04/97/20300543549829144655972382780_s.jpg	http://www.baike.com/wiki/%E8%97%8F%E7%BA%A2%E8%8A%B1
http://static.cndzys.com/20160922/64ce45de36b4bf5439ee3b6caa65a45a.jpg	http://www.cndzys.com/zhongyi/zanghonghua.html
http://a4.att.hudong.com/07/63/01300000121401121159634827888_s.jpg	http://www.baike.com/wiki/%E8%97%8F%E7%BA%A2%E8%8A%B1
http://pic.pingguolv.com/uploads/allimg/130817/65-130QG45928.jpg	http://www.pingguolv.com/zy/zanghonghua/5628.html
http://img.39yst.com/uploads/2015/0422/1429668763290.jpg	http://www.39yst.com/zycb/259821.shtml
http://image83.360doc.com/DownloadImg/2015/03/1913/51345223_3.jpg	http://www.360doc.com/content/15/0319/13/14073080_456408041.shtml
http://www.38fan.com/uploads/allimg/c130515/13D5U256130-23928.jpg	http://www.38fan.com/qitashiwu/20160307139106.html
http://cdn.fanhonghua.net/uploads/2011/04/0.jpg	http://www.fanhonghua.net/health/gongxiao.html
http://pic.pingguolv.com/uploads/allimg/150921/96-150921152941.jpg	http://www.pingguolv.com/zy/zanghonghua/25119.html
http://daoyi.yuexinli.com/wp-content/uploads/2015/12/1421049751574.jpg	http://daoyi.yuexinli.com/2392.html
http://img.zaoing.com/news/nl88693l/0.jpg	http://www.zaoing.com/news/nl88693l
http://www.canyin88.com/uploads/image/20150515/1431669218124914.jpg	http://www.canyin88.com/shicai/2015/05/30180.html
http://news.xinhuanet.com/science/2016-03/07/135163811_14573393001701n.jpg	http://news.xinhuanet.com/science/2016-03/07/c_135163811.htm
http://www.40777.cn/upload/News/9/20117/20117910145050134.jpg	http://www.40777.cn/topics-1195/
https://www.huabaike.com/uploads/allimg/sltimg/201512/5677ba4c9185f.jpg	https://www.huabaike.com/qgzw/1022.html
http://www.168kk.com/uploads/allimg/151109/15-151109160S1.jpg	http://www.168kk.com/news/2015/1109/12966.html
http://cdn.fanhonghua.net/uploads/2010/12/delicious-saffron-1.jpg	http://www.fanhonghua.net/cate/delicious-saffron.html
http://img.mp.sohu.com/upload/20170510/cb8a9e86a1294a38a49089ed9723aab1_th.png	http://www.sohu.com/a/139550768_128283
http://www.52uyn.com/attachments/month_0812/20081231164730571.jpg	http://www.52uyn.com/destinations/detail10798.html
http://pic19.nipic.com/20120303/876920_154423942000_2.jpg	http://www.nipic.com/show/1/44/5788668kd8c945dd.html
http://www.meishi999.com/d/file/4c3bcdaa3157f8891db096d972f95fa3.jpg	http://www.meishi999.com/s/canghonghua/
http://cdn.fanhonghua.net/uploads/2016/09/fuzuoyong.jpg	http://www.fanhonghua.net/health/fuzuoyong.html
http://www.zhongyaoyi.com/d/file/gongxiao/2014-11-22/0056d022c2e4a9881a56a3a7ba120952.jpg	http://www.zhongyaoyi.com/t/zanghonghua/
http://img04.taobaocdn.com/imgextra/i4/39375515/T2hZaaXa4aXXXXXXXX_!!39375515.jpg	http://www.dcxc5.com/zanghonghua-36.html
http://www.huiyuanmingtang.com/uploads/allimg/140723/1-140H3112333U5.jpg	http://www.huiyuanmingtang.com/canghonghua/
http://s3.sinaimg.cn/middle/806eedd6ga4b1ab8e50b2&690&690	http://blog.sina.com.cn/s/blog_806eedd60100ukay.html
http://www.dcxc5.com/images/upload/Image/20140810042343603.jpg	http://www.dcxc5.com/article-781.html
http://pic.pingguolv.com/uploads/allimg/150905/100-150Z5195056.jpg	http://m.pingguolv.com/zy/zanghonghua/
http://www.wdptj.com/wp-content/uploads/2014/11/%E8%97%8F%E7%BA%A2%E8%8A%B1.jpg	http://www.wdptj.com/zanghonghua/
http://www.zhongyaoyi.com/d/file/gongxiao/2014-11-22/6840d8713fbbb122afe2258119e176f3.jpg	http://www.zhongyaoyi.com/t/zanghonghua/
http://img.zaoing.com/news/x2dg8e92/1.jpg	http://www.zaoing.com/news/x2dg8e92
http://a2.att.hudong.com/33/52/19300001186971130164523981754.jpg	http://yilang.baike.com/article-14755.html
http://www.ys137.com/uploads/allimg/150528/3098-15052Q64F5.jpg	http://www.nmglgbhdzx.com/ysybjShow.aspx?NID=731&IID=357
https://www.huabaike.com/uploads/allimg/sltimg/201701/587dd2b1b0722.jpg	https://www.huabaike.com/hyjk/1030.html
http://img04.taobaocdn.com/imgextra/i4/649057957/T2fgpFXXxbXXXXXXXX_!!649057957.jpg	http://excellentchoice2011.blogspot.com/2011/07/blog-post.html
http://s12.sinaimg.cn/middle/53109339ga131a3b9748b&690	http://blog.sina.com.cn/s/blog_531093390100s8aj.html
http://cdn.fanhonghua.net/uploads/2008/10/history-saffron-6.jpg	http://www.fanhonghua.net/health/saffron-tibetan-beauties.html
http://img.39yst.com/uploads/2015/0422/1429668763962.jpg	http://www.39yst.com/zycb/259821.shtml
http://health.china.com/uploads2009/allimg/160107/1159000.jpg	http://health.china.com/html/jiankang/laoren/shenghuozhidao/201601/07-312869.html
http://cdn.fanhonghua.net/uploads/2010/11/zhejiang-linan-saffron-2.jpg	http://www.fanhonghua.net/news/zhejiang-linan-saffron.html
http://www.zhi-de-mai.com/adminbak/Editor/attached/image/20151013/20151013212851185118.jpg	http://www.zhi-de-mai.com/pro.asp
http://pic6.nipic.com/20100417/2106524_102228536825_2.jpg	http://www.nipic.com/show/3/40/e04fc6a3806b5b95.html
http://img0.pclady.com.cn/pclady/1605/08/1501907_1368549_153353406.jpg	http://health.pclady.com.cn/healthzq/zhh/index_2.html
http://www.iyanghua.com/f/zanghonghua/20081113121934_2.jpg	http://www.iyanghua.com/f/zanghonghua/
http://img.39yst.com/uploads/2015/0802/1438488097268.jpg	http://www.39yst.com/zhuanti/zhhdgx/
http://www.ysw.com/uploads/allimg/160118/23-16011Q32018.jpg	http://www.ysw.com/nanxing/29640.html
http://cdn.fanhonghua.net/uploads/2016/06/10ke-1.jpg	http://www.fanhonghua.net/chanpin/yilang10.html
http://img.39yst.com/uploads/2015/0112/1421049752671.jpg	http://www.39yst.com/zycb/201501/218242_4.shtml
http://www.zhongyaoyi.com/d/file/tupian/2014-11-22/9d8dbf1e90e4cbb39376ecfd3d9640bb.jpg	http://www.zhongyaoyi.com/t/zanghonghua/
https://gss3.bdstatic.com/7Po3dSag_xI4khGkpoWK1HF6hhy/baike/s%3D220/sign=5b971cbf10d8bc3ec20801c8b28aa6c8/80cb39dbb6fd5266e7009591a218972bd407360f.jpg	https://baike.baidu.com/item/%E4%BC%8A%E6%9C%97%E8%97%8F%E7%BA%A2%E8%8A%B1
http://www.lady916.com/health/UploadFiles2012c/201104/2011040420125928.jpg	http://www.lady916.com/health/zhongyi/201104/17377.shtml
http://www.canyin88.com/uploads/image/20150512/1431393219680461.jpg	http://www.whms512.com/tuijian/206.html
http://3.im.guokr.com/iYtvKqA8fZV7H6Dkwsz4z12XkhjWwW_ihtLxg8tly4J-AgAAqQEAAEpQ.jpg?imageView2/1/w/590/h/393	http://www.guokr.com/post/446521/
http://img0.pclady.com.cn/pclady/1701/16/1656940_8827187.jpg	http://health.pclady.com.cn/healthzq/zhh/index_1.html
http://img.sqkk.com/static/images/2013/10/31/9b3c14bbfe134e9f93fdd134076ca285/0ec3a69e04184f0ca5ea2bb672deb57b/2013/11/29/d1803931bb1549908f93c51676d425c7.jpg	http://www.soyo360.com/article/22401
https://cdn.pixabay.com/photo/2017/03/16/13/57/crocus-2149297_960_720.jpg	https://pixabay.com/zh/%E8%97%8F%E7%BA%A2%E8%8A%B1-%E8%8A%B1-%E6%98%A5%E5%A4%A9-%E6%98%A5%E5%A4%A9%E7%9A%84%E8%8A%B1-%E5%BC%80%E8%8A%B1-%E7%B4%AB-%E6%97%A9%E5%B8%83%E5%8D%A2%E9%BB%98-b%C3%BChen-2149297/
http://cdn.fanhonghua.net/uploads/2016/12/huaban1.jpg	http://www.fanhonghua.net/
http://a2.att.hudong.com/64/67/01300000121401121159677671141_s.jpg	http://www.baike.com/wiki/%E8%97%8F%E7%BA%A2%E8%8A%B1
https://www.huabaike.com/uploads/allimg/artimg/201701/20170117161704_65785.jpg	https://www.huabaike.com/hyjk/6829.html
http://img03.taobaocdn.com/imgextra/i3/39375515/T2SsuaXjdXXXXXXXXX_!!39375515.jpg	http://www.dcxc5.com/zanghonghua-36.html
http://cdn.fanhonghua.net/uploads/img/s4.jpg	http://www.fanhonghua.net/
https://archive.is/r33Z9/142a4ce45ac15fe8af436046fae9f8a47d670182.jpg	http://archive.is/r33Z9
https://s9.rr.itc.cn/r/wapChange/201610_13_9/a4osu646130144135.png	https://m.sohu.com/n/470139463/
http://a1.att.hudong.com/74/77/01300000121401121159775389548_s.jpg	http://www.baike.com/wiki/%E8%97%8F%E7%BA%A2%E8%8A%B1
http://m.haochu.com/d/file/20121112/9c9d3ed184d5ec8976b1ee06abc1c454.jpg	http://m.haochu.com/baike/52134.html
http://img0.pclady.com.cn/pclady/1702/26/1676585_3568491.jpg	http://health.pclady.com.cn/healthzq/zhh/
https://gss0.bdstatic.com/-4o3dSag_xI4khGkpoWK1HF6hhy/baike/w%3D480/sign=4471fdd2bca1cd1105b673288913c8b0/d043ad4bd11373f03eaf767da20f4bfbfaed04bb.jpg	https://baike.baidu.com/item/%E8%97%8F%E7%BA%A2%E8%8A%B1
http://ir.chineseembassy.org/chn/zjyl/lyjd/W020060718625834383218.jpg	http://ir.chineseembassy.org/chn/zjyl/lyjd/t263737.htm
http://www.52babe.com/upFiles/infoImg/coll/20170315/OT20170315100002108.jpg	http://www.52babe.com/news/3415.html
http://img.soundofhope.org/2017/03/1-2230-600x400.jpg	http://www.soundofhope.org/gb/2017/03/08/n779157.html
http://www.zhi-de-mai.com/adminbak/Editor/attached/image/20150913/20150913013012261226.jpg	http://www.zhi-de-mai.com/mobile/
http://img.leha.com/eef/8ef7c095d7b12.jpg32.jpg	http://www.leha.com/health/0277
http://www.chinavegan.com/userfiles/image/2015-01-29/20150129184956_21348.jpg	http://www.chinavegan.com/2015/01/2015012918554879.htm
http://www.canyin88.com/uploads/image/20150512/1431393267402090.jpg	http://www.whms512.com/tuijian/206.html
http://cdn.fanhonghua.net/uploads/2010/12/delicious-saffron-2.jpg	http://www.fanhonghua.net/tag/tag_50_1.html
http://www.saffron-ir.com/up/image/201501/20150104171013801380.JPG	http://www.saffron-ir.com/?CangHongHuaZiXun/RuHeMaiDaoZhengZongDeYiLangCangHongHua.html
http://www.rensheng2.com/upload/2016/06/15/b9b76f91-a917-4ec5-b000-b9eadb75a51a.jpg	http://www.rensheng2.com/1280000/1271065.shtml
http://static.cndzys.com/20161017/b9ff9f7394bc3a966733393997ff08b2.jpg	http://www.cndzys.com/zhongyi/zanghonghua.html
http://img3.jiemian.com/101/original/20150605/143348065367368400_a580xH.jpg	http://www.jiemian.com/article/298041.html
http://s6.sinaimg.cn/bmiddle/003VwhMDty6NWgCqwLPa5&690	http://blog.sina.com.cn/s/blog_d67a613b0102v6sw.html
http://www.xizangshop.com/images/201604/thumb_img/56_thumb_G_1461893134042.jpg	http://www.xizangshop.com/chongcao-30.html
http://img0.pclady.com.cn/pclady/1706/22/1727275_37771431_1487580993867.jpg	http://health.pclady.com.cn/healthzq/zhh/
http://pic.pingguolv.com/uploads/allimg/130321/47-1303211A108.jpg	http://www.pingguolv.com/zy/zanghonghua/2108.html
http://a3.att.hudong.com/11/19/01300542493086139841190012373_s.png	http://www.baike.com/wiki/%E8%97%8F%E7%BA%A2%E8%8A%B1%E7%B4%A0
http://file.azg168.cn/file/yangzhaifengshui/fengshuizhiwu/20150314/1d35c8f27e3f23937319e574674038f9.jpg	http://www.azg168.cn/yangzhaifengshui/fengshuizhiwu/84061.html
http://img0.pclady.com.cn/pclady/1708/14/1746455_37771611_1487580996520.jpg	http://health.pclady.com.cn/healthzq/zhh/
http://upload-images.jianshu.io/upload_images/2210458-2a380b6d912564dd.jpg?imageMogr2/auto-orient/strip%7CimageView2/2/w/1240	http://www.jianshu.com/p/ff98a7c0411e
http://www.zhongyaoyi.com/d/file/jiazhi/2014-11-22/02542d0b492e306c1ffdc2fa21060c58.jpg	http://www.zhongyaoyi.com/t/zanghonghua/
http://www.zanghonghuacha.com/images/upload/Image/44.jpg	http://www.zanghonghuacha.com/article.php?id=84
http://img0.pclady.com.cn/pclady/1708/14/1746447_13096044.jpg	http://health.pclady.com.cn/healthzq/zhh/
http://www.zhongyaoyi.com/d/file/tupian/2014-11-22/9392e22b6a6305a9037931de33dfd92a.jpg	http://www.zhongyaoyi.com/t/zanghonghua/
http://img.39yst.com/uploads/2016/0626/1466904857969.jpg	http://www.39yst.com/zhuanti/zhhdgx/
http://www.zixunz.com/uploads/allimg/150703/1UKT345-3.jpg	http://www.zixunz.com/zhongyaobaike/924312.html
http://a4.att.hudong.com/57/33/20300541950189136927330828068_s.jpg	http://www.baike.com/wiki/%E8%97%8F%E7%BA%A2%E8%8A%B1%E6%8F%90%E5%8F%96%E7%89%A9
http://www.dubairen.com/wp-content/uploads/2010/01/128338833469687500.png	http://www.dubairen.com/1411.html
http://pic.39yst.com/group1/M00/28/80/Pb832lmRK6eAW-YgAAB3lRJrYsE044.jpg	http://www.39yst.com/zhuanti/zhhdgx/
https://www.huabaike.com/uploads/allimg/sltimg/201512/5677b7372f7e9.jpg	https://www.huabaike.com/binghai/1023.html
http://cdn.fanhonghua.net/uploads/img/m2.jpg	http://www.fanhonghua.net/
http://img01.hua.com/uploadpic/images/20163151048122192126.jpg	http://www.hua.com/huayu/15030.html
http://www.39ynt.com/wp-content/uploads/2016/01/%E8%97%8F%E7%BA%A2%E8%8A%B11.jpg	http://www.39ynt.com/18734.html
