
https://gss2.bdstatic.com/-fo3dSag_xI4khGkpoWK1HF6hhy/baike/c0%3Dbaike180%2C5%2C5%2C180%2C60/sign=803c68abc91349546a13e0363727f93d/f9dcd100baa1cd11ac68a20abb12c8fcc3ce2d3a.jpg
https://gss2.bdstatic.com/9fo3dSag_xI4khGkpoWK1HF6hhy/baike/c0%3Dbaike150%2C5%2C5%2C150%2C50/sign=ea1f776d9d3df8dcb23087c3ac7819ee/9f510fb30f2442a743e3843fd343ad4bd01302be.jpg
https://gss0.bdstatic.com/94o3dSag_xI4khGkpoWK1HF6hhy/baike/c0%3Dbaike92%2C5%2C5%2C92%2C30/sign=5284577ab912c8fca0fefe9f9d6af920/f603918fa0ec08fa713236fd59ee3d6d55fbdabd.jpg
https://gss2.bdstatic.com/-fo3dSag_xI4khGkpoWK1HF6hhy/baike/c0%3Dbaike80%2C5%2C5%2C80%2C26/sign=e83579e6fd1f4134f43a0d2c4476feaf/b999a9014c086e0653bedb4e02087bf40ad1cba5.jpg
https://gss3.bdstatic.com/-Po3dSag_xI4khGkpoWK1HF6hhy/baike/c0%3Dbaike150%2C5%2C5%2C150%2C50/sign=f01b30738f1001e95a311c5dd9671089/8cb1cb13495409238e831ae49058d109b2de4945.jpg
https://gss2.bdstatic.com/9fo3dSag_xI4khGkpoWK1HF6hhy/baike/c0%3Dbaike92%2C5%2C5%2C92%2C30/sign=ff3c5f2020a446236ac7ad30f94b196b/ca1349540923dd54c4508232d109b3de9c82484c.jpg
https://gss1.bdstatic.com/9vo3dSag_xI4khGkpoWK1HF6hhy/baike/c0%3Dbaike80%2C5%2C5%2C80%2C26/sign=72f2667043a98226accc2375ebebd264/cb8065380cd791230eeb7071ad345982b2b780a8.jpg
https://gss2.bdstatic.com/-fo3dSag_xI4khGkpoWK1HF6hhy/baike/c0%3Dbaike92%2C5%2C5%2C92%2C30/sign=20ec0bbfad6eddc432eabca958b2dd98/472309f7905298225c161c99d7ca7bcb0a46d446.jpg
https://gss3.bdstatic.com/7Po3dSag_xI4khGkpoWK1HF6hhy/baike/c0%3Dbaike92%2C5%2C5%2C92%2C30/sign=34c4bd04ddc451dae2fb04b9d7943903/08f790529822720e23e2c7a07bcb0a46f21fabbf.jpg
https://gss3.bdstatic.com/-Po3dSag_xI4khGkpoWK1HF6hhy/baike/c0%3Dbaike92%2C5%2C5%2C92%2C30/sign=6642d8a741166d222c7a1dc6274a6292/35a85edf8db1cb137aed637fdf54564e93584bd1.jpg

https://gss1.bdstatic.com/9vo3dSag_xI4khGkpoWK1HF6hhy/baike/c0%3Dbaike92%2C5%2C5%2C92%2C30/sign=9e2ebc88a1ec08fa320d1bf538875608/95eef01f3a292df589d3b422bd315c6034a873f0.jpg
https://gss3.bdstatic.com/7Po3dSag_xI4khGkpoWK1HF6hhy/baike/c0%3Dbaike92%2C5%2C5%2C92%2C30/sign=860d6797f703738dca470470d272db34/902397dda144ad34668e9fb0d1a20cf431ad85d7.jpg
https://gss3.bdstatic.com/7Po3dSag_xI4khGkpoWK1HF6hhy/baike/c0%3Dbaike92%2C5%2C5%2C92%2C30/sign=bf15ab1f377adab429dd1311eabdd879/30adcbef76094b36eba303daa2cc7cd98d109dd7.jpg

https://gss2.bdstatic.com/9fo3dSag_xI4khGkpoWK1HF6hhy/baike/c0%3Dbaike80%2C5%2C5%2C80%2C26/sign=aa25d811ab18972bb737089887a410ec/6a600c338744ebf8607f803ad9f9d72a6059a7ad.jpg
https://gss1.bdstatic.com/-vo3dSag_xI4khGkpoWK1HF6hhy/baike/c0%3Dbaike80%2C5%2C5%2C80%2C26/sign=8825d6361038534398c28f73f27adb1b/c2cec3fdfc0392456b87c4558794a4c27d1e25bd.jpg
https://gss1.bdstatic.com/-vo3dSag_xI4khGkpoWK1HF6hhy/baike/c0%3Dbaike80%2C5%2C5%2C80%2C26/sign=cc5bb0c5f403738dca470470d272db34/5882b2b7d0a20cf444f731ba74094b36acaf9974.jpg
https://gss1.bdstatic.com/9vo3dSag_xI4khGkpoWK1HF6hhy/baike/c0%3Dbaike80%2C5%2C5%2C80%2C26/sign=d02dc347b11bb0519b29bb7a5713b1d1/30adcbef76094b36d5f5d488a1cc7cd98d109d74.jpg
https://gss2.bdstatic.com/9fo3dSag_xI4khGkpoWK1HF6hhy/baike/c0%3Dbaike80%2C5%2C5%2C80%2C26/sign=ad6c098bb68f8c54f7decd7d5b404690/b219ebc4b74543a9801b35a91c178a82b9011456.jpg
https://gss2.bdstatic.com/-fo3dSag_xI4khGkpoWK1HF6hhy/baike/c0%3Dbaike272%2C5%2C5%2C272%2C90/sign=487aa833d2160924c828aa49b56e5e9f/f636afc379310a554d9e1191b54543a982261019.jpg

https://gss2.bdstatic.com/-fo3dSag_xI4khGkpoWK1HF6hhy/baike/c0%3Dbaike80%2C5%2C5%2C80%2C26/sign=d48f1985c895d143ce7bec711299e967/2934349b033b5bb55fc2d57836d3d539b600bc1b.jpg
https://gss0.bdstatic.com/94o3dSag_xI4khGkpoWK1HF6hhy/baike/c0%3Dbaike80%2C5%2C5%2C80%2C26/sign=faad33a9be096b63951456026d5aec21/b03533fa828ba61e58383ca94134970a314e5966.jpg
https://gss1.bdstatic.com/9vo3dSag_xI4khGkpoWK1HF6hhy/baike/c0%3Dbaike80%2C5%2C5%2C80%2C26/sign=4748b13ba9773912d02b8d339970ed7d/d1a20cf431adcbefc7428980acaf2edda2cc9fc6.jpg
https://gss1.bdstatic.com/-vo3dSag_xI4khGkpoWK1HF6hhy/baike/c0%3Dbaike80%2C5%2C5%2C80%2C26/sign=29b8eb82349b033b3885f48874a75db6/6609c93d70cf3bc762af3b6ad100baa1cc112a8d.jpg
https://gss3.bdstatic.com/-Po3dSag_xI4khGkpoWK1HF6hhy/baike/c0%3Dbaike80%2C5%2C5%2C80%2C26/sign=ff5c99d634a85edfee81f671283d6246/f703738da9773912f07675e7f8198618377ae2e0.jpg
https://gss1.bdstatic.com/9vo3dSag_xI4khGkpoWK1HF6hhy/baike/c0%3Dbaike80%2C5%2C5%2C80%2C26/sign=d42fcfcd02087bf469e15fbb93ba3c49/77c6a7efce1b9d1634406ae7f3deb48f8d5464b5.jpg
https://gss2.bdstatic.com/9fo3dSag_xI4khGkpoWK1HF6hhy/baike/c0%3Dbaike80%2C5%2C5%2C80%2C26/sign=79924cd8ddc451dae2fb04b9d7943903/0df3d7ca7bcb0a4690585fbf6b63f6246b60af3a.jpg
https://gss0.bdstatic.com/94o3dSag_xI4khGkpoWK1HF6hhy/baike/c0%3Dbaike80%2C5%2C5%2C80%2C26/sign=81be9e886709c93d13ff06a5fe5493b9/f3d3572c11dfa9ecc2ba829162d0f703908fc1a4.jpg
https://gss3.bdstatic.com/7Po3dSag_xI4khGkpoWK1HF6hhy/baike/c0%3Dbaike80%2C5%2C5%2C80%2C26/sign=9e805817cd11728b24208470a995a8ab/908fa0ec08fa513d6917bb583d6d55fbb3fbd9f3.jpg
https://gss0.bdstatic.com/94o3dSag_xI4khGkpoWK1HF6hhy/baike/c0%3Dbaike80%2C5%2C5%2C80%2C26/sign=4284b39a11dfa9ece9235e4503b99c66/f2deb48f8c5494ee4048de9f2df5e0fe98257eca.jpg
https://gss2.bdstatic.com/9fo3dSag_xI4khGkpoWK1HF6hhy/baike/c0%3Dbaike80%2C5%2C5%2C80%2C26/sign=2d43e54f1a4c510fbac9ea4801304e48/960a304e251f95ca7bcfa931c9177f3e6709527a.jpg
https://gss3.bdstatic.com/-Po3dSag_xI4khGkpoWK1HF6hhy/baike/c0%3Dbaike80%2C5%2C5%2C80%2C26/sign=03e92a9e2df5e0fefa1581533d095fcd/cefc1e178a82b901b966e6b4738da9773812ef6a.jpg
https://gss1.bdstatic.com/-vo3dSag_xI4khGkpoWK1HF6hhy/baike/c0%3Dbaike80%2C5%2C5%2C80%2C26/sign=f254aa8f9b504fc2b652b85784b48c74/d01373f082025aaf7975584cfbedab64024f1af5.jpg
https://gss1.bdstatic.com/9vo3dSag_xI4khGkpoWK1HF6hhy/baike/c0%3Dbaike80%2C5%2C5%2C80%2C26/sign=69ca2f709f3df8dcb23087c3ac7819ee/8b13632762d0f703888ab45b08fa513d2697c578.jpg
https://gss0.bdstatic.com/-4o3dSag_xI4khGkpoWK1HF6hhy/baike/c0%3Dbaike80%2C5%2C5%2C80%2C26/sign=29d950cc02087bf469e15fbb93ba3c49/77c6a7efce1b9d16c9b6f5e6f3deb48f8d5464c7.jpg
https://gss3.bdstatic.com/7Po3dSag_xI4khGkpoWK1HF6hhy/baike/c0%3Dbaike80%2C5%2C5%2C80%2C26/sign=3ac81b83970a304e462fa8a8b0a1cce3/4d086e061d950a7bc5df21430ad162d9f3d3c94b.jpg
https://gss0.bdstatic.com/94o3dSag_xI4khGkpoWK1HF6hhy/baike/c0%3Dbaike80%2C5%2C5%2C80%2C26/sign=fa19165a2e738bd4d02cba63c0e2ecb3/7dd98d1001e939010192e4b97bec54e737d196a0.jpg
https://gss0.bdstatic.com/-4o3dSag_xI4khGkpoWK1HF6hhy/baike/c0%3Dbaike80%2C5%2C5%2C80%2C26/sign=53456ff9251f95cab2f89ae4a87e145b/1c950a7b02087bf4ce9e3d6ef2d3572c10dfcfc3.jpg
https://gss0.bdstatic.com/-4o3dSag_xI4khGkpoWK1HF6hhy/baike/c0%3Dbaike80%2C5%2C5%2C80%2C26/sign=6a0350040f2442a7ba03f5f7b02ac62e/6159252dd42a2834c0c95c8c5bb5c9ea14cebfce.jpg
https://gss3.bdstatic.com/7Po3dSag_xI4khGkpoWK1HF6hhy/baike/c0%3Dbaike80%2C5%2C5%2C80%2C26/sign=f909173aa9773912d02b8d339970ed7d/d1a20cf431adcbef79032f81acaf2edda3cc9f05.jpg
https://gss0.bdstatic.com/-4o3dSag_xI4khGkpoWK1HF6hhy/baike/c0%3Dbaike80%2C5%2C5%2C80%2C26/sign=e530f36aa144ad343ab28fd5b1cb6791/1ad5ad6eddc451daf5d85d6cb6fd5266d016320e.jpg
https://gss0.bdstatic.com/-4o3dSag_xI4khGkpoWK1HF6hhy/baike/c0%3Dbaike80%2C5%2C5%2C80%2C26/sign=08aa96a83a292df583cea447dd583705/8326cffc1e178a8225452c27f603738da977e838.jpg
https://gss1.bdstatic.com/-vo3dSag_xI4khGkpoWK1HF6hhy/baike/c0%3Dbaike80%2C5%2C5%2C80%2C26/sign=d88a3f35b2b7d0a26fc40ccfaa861d6c/50da81cb39dbb6fd27d8b6a10924ab18962b37b1.jpg
https://gss2.bdstatic.com/-fo3dSag_xI4khGkpoWK1HF6hhy/baike/c0%3Dbaike80%2C5%2C5%2C80%2C26/sign=3f1cc15b8a13632701e0ca61f0e6cb89/8d5494eef01f3a29033688499925bc315d607cbe.jpg
https://gss0.bdstatic.com/94o3dSag_xI4khGkpoWK1HF6hhy/baike/c0%3Dbaike80%2C5%2C5%2C80%2C26/sign=53cf636662d9f2d3341c2cbdc885e176/9c16fdfaaf51f3de9cb4e5e394eef01f3a297936.jpg
https://gss3.bdstatic.com/-Po3dSag_xI4khGkpoWK1HF6hhy/baike/c0%3Dbaike80%2C5%2C5%2C80%2C26/sign=0e95944daf51f3ded7bfb136f5879b7a/78310a55b319ebc424c62a1e8226cffc1f1716fe.jpg
https://gss0.bdstatic.com/-4o3dSag_xI4khGkpoWK1HF6hhy/baike/c0%3Dbaike80%2C5%2C5%2C80%2C26/sign=5e7d47c48bd4b31ce4319ce9e6bf4c1a/8c1001e93901213fac9e125b54e736d12e2e9583.jpg
https://gss3.bdstatic.com/-Po3dSag_xI4khGkpoWK1HF6hhy/baike/c0%3Dbaike80%2C5%2C5%2C80%2C26/sign=0bde7993ab18972bb737089887a410ec/6a600c338744ebf8c18421b8d9f9d72a6159a744.jpg
https://gss3.bdstatic.com/-Po3dSag_xI4khGkpoWK1HF6hhy/baike/c0%3Dbaike80%2C5%2C5%2C80%2C26/sign=5d60d17b7cd98d1062d904634056d36b/34fae6cd7b899e517c0e7d9342a7d933c9950db0.jpg
https://gss0.bdstatic.com/-4o3dSag_xI4khGkpoWK1HF6hhy/baike/c0%3Dbaike80%2C5%2C5%2C80%2C26/sign=35a9d8fcd11373f0e13267cdc566209e/5ab5c9ea15ce36d331d3c3b73af33a87e850b166.jpg

https://gss3.bdstatic.com/7Po3dSag_xI4khGkpoWK1HF6hhy/baike/c0%3Dbaike92%2C5%2C5%2C92%2C30/sign=212d17f43b87e950561afb3e71513826/f9dcd100baa1cd11e5a66a17b812c8fcc3ce2df0.jpg
https://gss1.bdstatic.com/9vo3dSag_xI4khGkpoWK1HF6hhy/baike/c0%3Dbaike92%2C5%2C5%2C92%2C30/sign=03d5dfd4562c11dfcadcb771024e09b5/a6efce1b9d16fdface5dded9b58f8c5494ee7bd7.jpg
https://gss2.bdstatic.com/9fo3dSag_xI4khGkpoWK1HF6hhy/baike/c0%3Dbaike92%2C5%2C5%2C92%2C30/sign=c0f76e116c224f4a43947b41689efb37/5fdf8db1cb1349547b2ff053574e9258d1094ad7.jpg
https://gss1.bdstatic.com/-vo3dSag_xI4khGkpoWK1HF6hhy/baike/c0%3Dbaike92%2C5%2C5%2C92%2C30/sign=4c0891365d6034a83defb0d3aa7a2231/cefc1e178a82b9019fbddb04728da9773912eff1.jpg

https://gss0.bdstatic.com/-4o3dSag_xI4khGkpoWK1HF6hhy/baike/c0%3Dbaike150%2C5%2C5%2C150%2C50/sign=258f51495266d0166a14967af642bf62/cefc1e178a82b90156c411b7738da9773812efcd.jpg
https://gss3.bdstatic.com/-Po3dSag_xI4khGkpoWK1HF6hhy/baike/c0%3Dbaike180%2C5%2C5%2C180%2C60/sign=e3c136f7ad4bd11310c0bf603bc6cf6a/4bed2e738bd4b31cac55463f87d6277f9f2ff8cd.jpg
https://gss2.bdstatic.com/9fo3dSag_xI4khGkpoWK1HF6hhy/baike/c0%3Dbaike150%2C5%2C5%2C150%2C50/sign=5d4ccf8c1f30e924dba994632d610563/9922720e0cf3d7ca218fedf2f21fbe096b63a93d.jpg
https://gss2.bdstatic.com/9fo3dSag_xI4khGkpoWK1HF6hhy/baike/c0%3Dbaike150%2C5%2C5%2C150%2C50/sign=8da8f9a38a82b90129a0cb6112e4c212/f3d3572c11dfa9ecc847849362d0f703908fc1cd.jpg
https://gss3.bdstatic.com/7Po3dSag_xI4khGkpoWK1HF6hhy/baike/c0%3Dbaike180%2C5%2C5%2C180%2C60/sign=fecb475808fa513d45a7648c5c043e9e/2934349b033b5bb5a6aef27a36d3d539b600bc3d.jpg
https://gss0.bdstatic.com/-4o3dSag_xI4khGkpoWK1HF6hhy/baike/c0%3Dbaike150%2C5%2C5%2C150%2C50/sign=0b000c4c1a4c510fbac9ea4801304e48/d1a20cf431adcbeffa4dac82acaf2edda3cc9f3d.jpg
https://gss3.bdstatic.com/-Po3dSag_xI4khGkpoWK1HF6hhy/baike/c0%3Dbaike150%2C5%2C5%2C150%2C50/sign=549e9c7f0a46f21fdd395601974d0005/cb8065380cd79123148946f0ad345982b3b780cd.jpg
https://gss1.bdstatic.com/-vo3dSag_xI4khGkpoWK1HF6hhy/baike/c0%3Dbaike150%2C5%2C5%2C150%2C50/sign=7eab91bd4b36acaf4ded9eae1db0e675/9825bc315c6034a8eb9b6a05cb1349540923763d.jpg

https://gss0.bdstatic.com/94o3dSag_xI4khGkpoWK1HF6hhy/baike/c0%3Dbaike116%2C5%2C5%2C116%2C38/sign=817a43c6d52a6059461de948495d5ffe/0dd7912397dda1447d41c3bdb0b7d0a20cf48671.jpg
https://gss1.bdstatic.com/-vo3dSag_xI4khGkpoWK1HF6hhy/baike/c0%3Dbaike220%2C5%2C5%2C220%2C73/sign=cf39cb30dbf9d72a0369184fb5434351/5882b2b7d0a20cf4e4d851d074094b36acaf9971.jpg
https://gss2.bdstatic.com/9fo3dSag_xI4khGkpoWK1HF6hhy/baike/c0%3Dbaike52%2C5%2C5%2C52%2C17/sign=a9f833483b12b31bd361c57be7715d1f/caef76094b36acaff4a839f37ed98d1001e99c71.jpg
https://gss2.bdstatic.com/9fo3dSag_xI4khGkpoWK1HF6hhy/baike/c0%3Dbaike150%2C5%2C5%2C150%2C50/sign=acfd408b48ed2e73e8e48e7ee668caee/58ee3d6d55fbb2fbd991f71d4d4a20a44623dc03.jpg
https://gss3.bdstatic.com/-Po3dSag_xI4khGkpoWK1HF6hhy/baike/c0%3Dbaike180%2C5%2C5%2C180%2C60/sign=d16ab44c89d4b31ce4319ce9e6bf4c1a/3c6d55fbb2fb4316f6a5d57522a4462309f7d303.jpg
https://gss1.bdstatic.com/-vo3dSag_xI4khGkpoWK1HF6hhy/baike/c0%3Dbaike80%2C5%2C5%2C80%2C26/sign=5e7a663c9045d688b70fbaf6c5ab167b/b3fb43166d224f4abd23dc1c0bf790529822d103.jpg
https://gss3.bdstatic.com/7Po3dSag_xI4khGkpoWK1HF6hhy/baike/c0%3Dbaike116%2C5%2C5%2C116%2C38/sign=271e333e4e086e067ea5371963611091/6c224f4a20a4462396700a6d9a22720e0cf3d703.jpg
https://gss1.bdstatic.com/-vo3dSag_xI4khGkpoWK1HF6hhy/baike/c0%3Dbaike80%2C5%2C5%2C80%2C26/sign=62743bb485d6277ffd1f3a6a49517455/b90e7bec54e736d1ca5b230799504fc2d5626971.jpg

https://gss2.bdstatic.com/-fo3dSag_xI4khGkpoWK1HF6hhy/baike/c0%3Dbaike80%2C5%2C5%2C80%2C26/sign=d48f1985c895d143ce7bec711299e967/2934349b033b5bb55fc2d57836d3d539b600bc1b.jpg
https://gss0.bdstatic.com/94o3dSag_xI4khGkpoWK1HF6hhy/baike/c0%3Dbaike80%2C5%2C5%2C80%2C26/sign=faad33a9be096b63951456026d5aec21/b03533fa828ba61e58383ca94134970a314e5966.jpg
https://gss1.bdstatic.com/9vo3dSag_xI4khGkpoWK1HF6hhy/baike/c0%3Dbaike80%2C5%2C5%2C80%2C26/sign=4748b13ba9773912d02b8d339970ed7d/d1a20cf431adcbefc7428980acaf2edda2cc9fc6.jpg
https://gss1.bdstatic.com/-vo3dSag_xI4khGkpoWK1HF6hhy/baike/c0%3Dbaike80%2C5%2C5%2C80%2C26/sign=29b8eb82349b033b3885f48874a75db6/6609c93d70cf3bc762af3b6ad100baa1cc112a8d.jpg
https://gss3.bdstatic.com/-Po3dSag_xI4khGkpoWK1HF6hhy/baike/c0%3Dbaike80%2C5%2C5%2C80%2C26/sign=ff5c99d634a85edfee81f671283d6246/f703738da9773912f07675e7f8198618377ae2e0.jpg
https://gss1.bdstatic.com/9vo3dSag_xI4khGkpoWK1HF6hhy/baike/c0%3Dbaike80%2C5%2C5%2C80%2C26/sign=d42fcfcd02087bf469e15fbb93ba3c49/77c6a7efce1b9d1634406ae7f3deb48f8d5464b5.jpg
https://gss2.bdstatic.com/9fo3dSag_xI4khGkpoWK1HF6hhy/baike/c0%3Dbaike80%2C5%2C5%2C80%2C26/sign=79924cd8ddc451dae2fb04b9d7943903/0df3d7ca7bcb0a4690585fbf6b63f6246b60af3a.jpg
https://gss0.bdstatic.com/94o3dSag_xI4khGkpoWK1HF6hhy/baike/c0%3Dbaike80%2C5%2C5%2C80%2C26/sign=81be9e886709c93d13ff06a5fe5493b9/f3d3572c11dfa9ecc2ba829162d0f703908fc1a4.jpg
https://gss3.bdstatic.com/7Po3dSag_xI4khGkpoWK1HF6hhy/baike/c0%3Dbaike80%2C5%2C5%2C80%2C26/sign=9e805817cd11728b24208470a995a8ab/908fa0ec08fa513d6917bb583d6d55fbb3fbd9f3.jpg
https://gss0.bdstatic.com/94o3dSag_xI4khGkpoWK1HF6hhy/baike/c0%3Dbaike80%2C5%2C5%2C80%2C26/sign=4284b39a11dfa9ece9235e4503b99c66/f2deb48f8c5494ee4048de9f2df5e0fe98257eca.jpg
https://gss2.bdstatic.com/9fo3dSag_xI4khGkpoWK1HF6hhy/baike/c0%3Dbaike80%2C5%2C5%2C80%2C26/sign=2d43e54f1a4c510fbac9ea4801304e48/960a304e251f95ca7bcfa931c9177f3e6709527a.jpg
https://gss3.bdstatic.com/-Po3dSag_xI4khGkpoWK1HF6hhy/baike/c0%3Dbaike80%2C5%2C5%2C80%2C26/sign=03e92a9e2df5e0fefa1581533d095fcd/cefc1e178a82b901b966e6b4738da9773812ef6a.jpg
https://gss1.bdstatic.com/-vo3dSag_xI4khGkpoWK1HF6hhy/baike/c0%3Dbaike80%2C5%2C5%2C80%2C26/sign=f254aa8f9b504fc2b652b85784b48c74/d01373f082025aaf7975584cfbedab64024f1af5.jpg
https://gss1.bdstatic.com/9vo3dSag_xI4khGkpoWK1HF6hhy/baike/c0%3Dbaike80%2C5%2C5%2C80%2C26/sign=69ca2f709f3df8dcb23087c3ac7819ee/8b13632762d0f703888ab45b08fa513d2697c578.jpg
https://gss0.bdstatic.com/-4o3dSag_xI4khGkpoWK1HF6hhy/baike/c0%3Dbaike80%2C5%2C5%2C80%2C26/sign=29d950cc02087bf469e15fbb93ba3c49/77c6a7efce1b9d16c9b6f5e6f3deb48f8d5464c7.jpg
https://gss3.bdstatic.com/7Po3dSag_xI4khGkpoWK1HF6hhy/baike/c0%3Dbaike80%2C5%2C5%2C80%2C26/sign=3ac81b83970a304e462fa8a8b0a1cce3/4d086e061d950a7bc5df21430ad162d9f3d3c94b.jpg
https://gss0.bdstatic.com/94o3dSag_xI4khGkpoWK1HF6hhy/baike/c0%3Dbaike80%2C5%2C5%2C80%2C26/sign=fa19165a2e738bd4d02cba63c0e2ecb3/7dd98d1001e939010192e4b97bec54e737d196a0.jpg
https://gss0.bdstatic.com/-4o3dSag_xI4khGkpoWK1HF6hhy/baike/c0%3Dbaike80%2C5%2C5%2C80%2C26/sign=53456ff9251f95cab2f89ae4a87e145b/1c950a7b02087bf4ce9e3d6ef2d3572c10dfcfc3.jpg
https://gss0.bdstatic.com/-4o3dSag_xI4khGkpoWK1HF6hhy/baike/c0%3Dbaike80%2C5%2C5%2C80%2C26/sign=6a0350040f2442a7ba03f5f7b02ac62e/6159252dd42a2834c0c95c8c5bb5c9ea14cebfce.jpg
https://gss3.bdstatic.com/7Po3dSag_xI4khGkpoWK1HF6hhy/baike/c0%3Dbaike80%2C5%2C5%2C80%2C26/sign=f909173aa9773912d02b8d339970ed7d/d1a20cf431adcbef79032f81acaf2edda3cc9f05.jpg
https://gss0.bdstatic.com/-4o3dSag_xI4khGkpoWK1HF6hhy/baike/c0%3Dbaike80%2C5%2C5%2C80%2C26/sign=e530f36aa144ad343ab28fd5b1cb6791/1ad5ad6eddc451daf5d85d6cb6fd5266d016320e.jpg
https://gss0.bdstatic.com/-4o3dSag_xI4khGkpoWK1HF6hhy/baike/c0%3Dbaike80%2C5%2C5%2C80%2C26/sign=08aa96a83a292df583cea447dd583705/8326cffc1e178a8225452c27f603738da977e838.jpg
https://gss1.bdstatic.com/-vo3dSag_xI4khGkpoWK1HF6hhy/baike/c0%3Dbaike80%2C5%2C5%2C80%2C26/sign=d88a3f35b2b7d0a26fc40ccfaa861d6c/50da81cb39dbb6fd27d8b6a10924ab18962b37b1.jpg
https://gss2.bdstatic.com/-fo3dSag_xI4khGkpoWK1HF6hhy/baike/c0%3Dbaike80%2C5%2C5%2C80%2C26/sign=3f1cc15b8a13632701e0ca61f0e6cb89/8d5494eef01f3a29033688499925bc315d607cbe.jpg
https://gss0.bdstatic.com/94o3dSag_xI4khGkpoWK1HF6hhy/baike/c0%3Dbaike80%2C5%2C5%2C80%2C26/sign=53cf636662d9f2d3341c2cbdc885e176/9c16fdfaaf51f3de9cb4e5e394eef01f3a297936.jpg
https://gss3.bdstatic.com/-Po3dSag_xI4khGkpoWK1HF6hhy/baike/c0%3Dbaike80%2C5%2C5%2C80%2C26/sign=0e95944daf51f3ded7bfb136f5879b7a/78310a55b319ebc424c62a1e8226cffc1f1716fe.jpg
https://gss0.bdstatic.com/-4o3dSag_xI4khGkpoWK1HF6hhy/baike/c0%3Dbaike80%2C5%2C5%2C80%2C26/sign=5e7d47c48bd4b31ce4319ce9e6bf4c1a/8c1001e93901213fac9e125b54e736d12e2e9583.jpg
https://gss3.bdstatic.com/-Po3dSag_xI4khGkpoWK1HF6hhy/baike/c0%3Dbaike80%2C5%2C5%2C80%2C26/sign=0bde7993ab18972bb737089887a410ec/6a600c338744ebf8c18421b8d9f9d72a6159a744.jpg
https://gss3.bdstatic.com/-Po3dSag_xI4khGkpoWK1HF6hhy/baike/c0%3Dbaike80%2C5%2C5%2C80%2C26/sign=5d60d17b7cd98d1062d904634056d36b/34fae6cd7b899e517c0e7d9342a7d933c9950db0.jpg
https://gss0.bdstatic.com/-4o3dSag_xI4khGkpoWK1HF6hhy/baike/c0%3Dbaike80%2C5%2C5%2C80%2C26/sign=35a9d8fcd11373f0e13267cdc566209e/5ab5c9ea15ce36d331d3c3b73af33a87e850b166.jpg

https://gss3.bdstatic.com/7Po3dSag_xI4khGkpoWK1HF6hhy/baike/c0%3Dbaike92%2C5%2C5%2C92%2C30/sign=212d17f43b87e950561afb3e71513826/f9dcd100baa1cd11e5a66a17b812c8fcc3ce2df0.jpg
https://gss1.bdstatic.com/9vo3dSag_xI4khGkpoWK1HF6hhy/baike/c0%3Dbaike92%2C5%2C5%2C92%2C30/sign=03d5dfd4562c11dfcadcb771024e09b5/a6efce1b9d16fdface5dded9b58f8c5494ee7bd7.jpg
https://gss2.bdstatic.com/9fo3dSag_xI4khGkpoWK1HF6hhy/baike/c0%3Dbaike92%2C5%2C5%2C92%2C30/sign=c0f76e116c224f4a43947b41689efb37/5fdf8db1cb1349547b2ff053574e9258d1094ad7.jpg
https://gss1.bdstatic.com/-vo3dSag_xI4khGkpoWK1HF6hhy/baike/c0%3Dbaike92%2C5%2C5%2C92%2C30/sign=4c0891365d6034a83defb0d3aa7a2231/cefc1e178a82b9019fbddb04728da9773912eff1.jpg

https://gss2.bdstatic.com/-fo3dSag_xI4khGkpoWK1HF6hhy/baike/c0%3Dbaike180%2C5%2C5%2C180%2C60/sign=803c68abc91349546a13e0363727f93d/f9dcd100baa1cd11ac68a20abb12c8fcc3ce2d3a.jpg
https://gss2.bdstatic.com/9fo3dSag_xI4khGkpoWK1HF6hhy/baike/c0%3Dbaike150%2C5%2C5%2C150%2C50/sign=ea1f776d9d3df8dcb23087c3ac7819ee/9f510fb30f2442a743e3843fd343ad4bd01302be.jpg
https://gss0.bdstatic.com/94o3dSag_xI4khGkpoWK1HF6hhy/baike/c0%3Dbaike92%2C5%2C5%2C92%2C30/sign=5284577ab912c8fca0fefe9f9d6af920/f603918fa0ec08fa713236fd59ee3d6d55fbdabd.jpg
https://gss2.bdstatic.com/-fo3dSag_xI4khGkpoWK1HF6hhy/baike/c0%3Dbaike80%2C5%2C5%2C80%2C26/sign=e83579e6fd1f4134f43a0d2c4476feaf/b999a9014c086e0653bedb4e02087bf40ad1cba5.jpg
https://gss3.bdstatic.com/-Po3dSag_xI4khGkpoWK1HF6hhy/baike/c0%3Dbaike150%2C5%2C5%2C150%2C50/sign=f01b30738f1001e95a311c5dd9671089/8cb1cb13495409238e831ae49058d109b2de4945.jpg
https://gss2.bdstatic.com/9fo3dSag_xI4khGkpoWK1HF6hhy/baike/c0%3Dbaike92%2C5%2C5%2C92%2C30/sign=ff3c5f2020a446236ac7ad30f94b196b/ca1349540923dd54c4508232d109b3de9c82484c.jpg
https://gss1.bdstatic.com/9vo3dSag_xI4khGkpoWK1HF6hhy/baike/c0%3Dbaike80%2C5%2C5%2C80%2C26/sign=72f2667043a98226accc2375ebebd264/cb8065380cd791230eeb7071ad345982b2b780a8.jpg
https://gss2.bdstatic.com/-fo3dSag_xI4khGkpoWK1HF6hhy/baike/c0%3Dbaike92%2C5%2C5%2C92%2C30/sign=20ec0bbfad6eddc432eabca958b2dd98/472309f7905298225c161c99d7ca7bcb0a46d446.jpg
https://gss3.bdstatic.com/7Po3dSag_xI4khGkpoWK1HF6hhy/baike/c0%3Dbaike92%2C5%2C5%2C92%2C30/sign=34c4bd04ddc451dae2fb04b9d7943903/08f790529822720e23e2c7a07bcb0a46f21fabbf.jpg
https://gss3.bdstatic.com/-Po3dSag_xI4khGkpoWK1HF6hhy/baike/c0%3Dbaike92%2C5%2C5%2C92%2C30/sign=6642d8a741166d222c7a1dc6274a6292/35a85edf8db1cb137aed637fdf54564e93584bd1.jpg

https://gss1.bdstatic.com/9vo3dSag_xI4khGkpoWK1HF6hhy/baike/c0%3Dbaike92%2C5%2C5%2C92%2C30/sign=9e2ebc88a1ec08fa320d1bf538875608/95eef01f3a292df589d3b422bd315c6034a873f0.jpg
https://gss3.bdstatic.com/7Po3dSag_xI4khGkpoWK1HF6hhy/baike/c0%3Dbaike92%2C5%2C5%2C92%2C30/sign=860d6797f703738dca470470d272db34/902397dda144ad34668e9fb0d1a20cf431ad85d7.jpg
https://gss3.bdstatic.com/7Po3dSag_xI4khGkpoWK1HF6hhy/baike/c0%3Dbaike92%2C5%2C5%2C92%2C30/sign=bf15ab1f377adab429dd1311eabdd879/30adcbef76094b36eba303daa2cc7cd98d109dd7.jpg

https://gss0.bdstatic.com/-4o3dSag_xI4khGkpoWK1HF6hhy/baike/c0%3Dbaike150%2C5%2C5%2C150%2C50/sign=258f51495266d0166a14967af642bf62/cefc1e178a82b90156c411b7738da9773812efcd.jpg
https://gss3.bdstatic.com/-Po3dSag_xI4khGkpoWK1HF6hhy/baike/c0%3Dbaike180%2C5%2C5%2C180%2C60/sign=e3c136f7ad4bd11310c0bf603bc6cf6a/4bed2e738bd4b31cac55463f87d6277f9f2ff8cd.jpg
https://gss2.bdstatic.com/9fo3dSag_xI4khGkpoWK1HF6hhy/baike/c0%3Dbaike150%2C5%2C5%2C150%2C50/sign=5d4ccf8c1f30e924dba994632d610563/9922720e0cf3d7ca218fedf2f21fbe096b63a93d.jpg
https://gss2.bdstatic.com/9fo3dSag_xI4khGkpoWK1HF6hhy/baike/c0%3Dbaike150%2C5%2C5%2C150%2C50/sign=8da8f9a38a82b90129a0cb6112e4c212/f3d3572c11dfa9ecc847849362d0f703908fc1cd.jpg
https://gss3.bdstatic.com/7Po3dSag_xI4khGkpoWK1HF6hhy/baike/c0%3Dbaike180%2C5%2C5%2C180%2C60/sign=fecb475808fa513d45a7648c5c043e9e/2934349b033b5bb5a6aef27a36d3d539b600bc3d.jpg
https://gss0.bdstatic.com/-4o3dSag_xI4khGkpoWK1HF6hhy/baike/c0%3Dbaike150%2C5%2C5%2C150%2C50/sign=0b000c4c1a4c510fbac9ea4801304e48/d1a20cf431adcbeffa4dac82acaf2edda3cc9f3d.jpg
https://gss3.bdstatic.com/-Po3dSag_xI4khGkpoWK1HF6hhy/baike/c0%3Dbaike150%2C5%2C5%2C150%2C50/sign=549e9c7f0a46f21fdd395601974d0005/cb8065380cd79123148946f0ad345982b3b780cd.jpg
https://gss1.bdstatic.com/-vo3dSag_xI4khGkpoWK1HF6hhy/baike/c0%3Dbaike150%2C5%2C5%2C150%2C50/sign=7eab91bd4b36acaf4ded9eae1db0e675/9825bc315c6034a8eb9b6a05cb1349540923763d.jpg

https://gss2.bdstatic.com/9fo3dSag_xI4khGkpoWK1HF6hhy/baike/c0%3Dbaike80%2C5%2C5%2C80%2C26/sign=aa25d811ab18972bb737089887a410ec/6a600c338744ebf8607f803ad9f9d72a6059a7ad.jpg
https://gss1.bdstatic.com/-vo3dSag_xI4khGkpoWK1HF6hhy/baike/c0%3Dbaike80%2C5%2C5%2C80%2C26/sign=8825d6361038534398c28f73f27adb1b/c2cec3fdfc0392456b87c4558794a4c27d1e25bd.jpg
https://gss1.bdstatic.com/-vo3dSag_xI4khGkpoWK1HF6hhy/baike/c0%3Dbaike80%2C5%2C5%2C80%2C26/sign=cc5bb0c5f403738dca470470d272db34/5882b2b7d0a20cf444f731ba74094b36acaf9974.jpg
https://gss1.bdstatic.com/9vo3dSag_xI4khGkpoWK1HF6hhy/baike/c0%3Dbaike80%2C5%2C5%2C80%2C26/sign=d02dc347b11bb0519b29bb7a5713b1d1/30adcbef76094b36d5f5d488a1cc7cd98d109d74.jpg
https://gss2.bdstatic.com/9fo3dSag_xI4khGkpoWK1HF6hhy/baike/c0%3Dbaike80%2C5%2C5%2C80%2C26/sign=ad6c098bb68f8c54f7decd7d5b404690/b219ebc4b74543a9801b35a91c178a82b9011456.jpg
https://gss2.bdstatic.com/-fo3dSag_xI4khGkpoWK1HF6hhy/baike/c0%3Dbaike272%2C5%2C5%2C272%2C90/sign=487aa833d2160924c828aa49b56e5e9f/f636afc379310a554d9e1191b54543a982261019.jpg

https://gss0.bdstatic.com/94o3dSag_xI4khGkpoWK1HF6hhy/baike/c0%3Dbaike116%2C5%2C5%2C116%2C38/sign=817a43c6d52a6059461de948495d5ffe/0dd7912397dda1447d41c3bdb0b7d0a20cf48671.jpg
https://gss1.bdstatic.com/-vo3dSag_xI4khGkpoWK1HF6hhy/baike/c0%3Dbaike220%2C5%2C5%2C220%2C73/sign=cf39cb30dbf9d72a0369184fb5434351/5882b2b7d0a20cf4e4d851d074094b36acaf9971.jpg
https://gss2.bdstatic.com/9fo3dSag_xI4khGkpoWK1HF6hhy/baike/c0%3Dbaike52%2C5%2C5%2C52%2C17/sign=a9f833483b12b31bd361c57be7715d1f/caef76094b36acaff4a839f37ed98d1001e99c71.jpg
https://gss2.bdstatic.com/9fo3dSag_xI4khGkpoWK1HF6hhy/baike/c0%3Dbaike150%2C5%2C5%2C150%2C50/sign=acfd408b48ed2e73e8e48e7ee668caee/58ee3d6d55fbb2fbd991f71d4d4a20a44623dc03.jpg
https://gss3.bdstatic.com/-Po3dSag_xI4khGkpoWK1HF6hhy/baike/c0%3Dbaike180%2C5%2C5%2C180%2C60/sign=d16ab44c89d4b31ce4319ce9e6bf4c1a/3c6d55fbb2fb4316f6a5d57522a4462309f7d303.jpg
https://gss1.bdstatic.com/-vo3dSag_xI4khGkpoWK1HF6hhy/baike/c0%3Dbaike80%2C5%2C5%2C80%2C26/sign=5e7a663c9045d688b70fbaf6c5ab167b/b3fb43166d224f4abd23dc1c0bf790529822d103.jpg
https://gss3.bdstatic.com/7Po3dSag_xI4khGkpoWK1HF6hhy/baike/c0%3Dbaike116%2C5%2C5%2C116%2C38/sign=271e333e4e086e067ea5371963611091/6c224f4a20a4462396700a6d9a22720e0cf3d703.jpg
https://gss1.bdstatic.com/-vo3dSag_xI4khGkpoWK1HF6hhy/baike/c0%3Dbaike80%2C5%2C5%2C80%2C26/sign=62743bb485d6277ffd1f3a6a49517455/b90e7bec54e736d1ca5b230799504fc2d5626971.jpg
