
http://pic.pimg.tw/janotts/3a77afebb97469410c522cc60c439e10.jpg	http://janotts.pixnet.net/blog/post/27199312-%E6%BE%8E%E6%B9%96%EF%BD%9E%E5%A4%A9%E4%BA%BA%E8%8F%8A%E4%B9%8B%E5%B3%B6
http://pic.pimg.tw/minifeel/1386015727-2519683054.jpg?v=1386015728	http://minifeel.pixnet.net/blog/post/40034467-%E3%80%8C%E8%8A%B1%E5%8D%89%E3%80%8D%E6%BC%AB%E6%AD%A5%E8%8F%8A%E5%B3%B6%EF%BC%8E%E5%A4%A9%E4%BA%BA%E8%8F%8A
http://timefortaiwan.tw/d_upload_tour100/touching/photos/A0/B0/C0/D3/E92/F533/87e6df2f-5e61-4c8b-91c8-6d67f7b3dc1b.JPG	http://timefortaiwan.tw/touching/popup_20637.jsp
http://www.iqiya.com/uploadfile/article/64/1_wpbl5__.jpg	http://www.iqiya.com/article/2015-07-04/64858.html
http://www.twword.com/uploads/wiki/61/6f/752024_0.jpg	http://www.twword.com/wiki/%E5%AE%BF%E6%A0%B9%E5%A4%A9%E4%BA%BA%E8%8F%8A
http://pic7.nipic.com/20100523/3477454_222657025101_2.jpg	http://www.nipic.com/show/1/44/d27ef7b13de66915.html
http://hippo.bse.ntu.edu.tw/~wenlian/images/nature/flower/Gaillardia.JPG	http://hippo.bse.ntu.edu.tw/~wenlian/nature/flower/flower-6.htm
https://upload.wikimedia.org/wikipedia/commons/thumb/2/27/BlanketFlowerGaillardiapulchellaTexas.jpg/250px-BlanketFlowerGaillardiapulchellaTexas.jpg	https://zh.wikipedia.org/wiki/%E5%A4%A9%E4%BA%BA%E8%8F%8A
http://img.zwbk.org/baike/spic/2011/03/19/20110319031235752_9020.jpg	http://www.zwbk.org/zh-tw/Lemma_Show/131818.aspx
http://a3.att.hudong.com/24/06/01300000171642121810062146012_s.jpg	http://www.baike.com/wiki/%E5%A4%A9%E4%BA%BA%E8%8F%8A
http://p.d1xz.net/2014/7/3/171741104110.jpg	http://www.d1xz.net/astro/huayu/art55857.aspx
http://pic40.nipic.com/20140328/5722576_155330697143_2.jpg	http://www.nipic.com/show/10005468.html
http://meda.ntou.edu.tw/mpedia/thumb/1-0179-picture3_480.jpg	http://meda.ntou.edu.tw/mpedia/?t=1&i=0179
http://a4.att.hudong.com/25/08/01300000171642121810086013764_s.jpg	http://www.baike.com/wiki/%E5%A4%A9%E4%BA%BA%E8%8F%8A
https://i1.kknews.cc/large/e280001f60770ade39f	https://kknews.cc/agriculture/q98e6y.html
http://pic.pimg.tw/janotts/9142266438b2338df1102d56c1e39940.jpg	http://janotts.pixnet.net/blog/post/27199312-%E6%BE%8E%E6%B9%96%EF%BD%9E%E5%A4%A9%E4%BA%BA%E8%8F%8A%E4%B9%8B%E5%B3%B6
http://pic60.nipic.com/file/20150127/532538_192748268000_2.jpg	http://www.nipic.com/show/11900873.html
https://upload.wikimedia.org/wikipedia/commons/0/0a/Gaillardia_x_grandiflora_%27Oranges_and_Lemons%27_in_NH.jpg	https://zh.wikipedia.org/wiki/%E5%A4%A9%E4%BA%BA%E8%8F%8A%E5%B1%AC
http://g.udn.com.tw/upfiles/B_AA/AAC3343/PSN_PHOTO/669/f_17963669_1.jpg	http://blog.udn.com/AAC3343/67847654
http://g.udn.com.tw/upfiles/B_AA/AAC3343/PSN_PHOTO/663/f_17963663_1.jpg	http://blog.udn.com/AAC3343/67847654
http://pic.pimg.tw/myheartgoon/1336785708-3023281644.jpg	http://myheartgoon.pixnet.net/blog/post/26370143-%E3%80%8A%E8%B3%9E%E8%8A%B1%E3%80%8B%E6%96%B0%E5%8C%97%E7%9F%B3%E9%96%80~%E8%80%81%E6%A2%85-%E5%A4%A9%E4%BA%BA%E8%8F%8A
http://pic.pimg.tw/carol740106/1343993207-1920058734.jpg	http://carol740106.pixnet.net/blog/post/91930373-%E3%80%90%E9%96%92%E8%81%8A%E3%80%91%E9%A6%AC%E5%85%AC%E5%B8%82%E8%8A%B1%EF%BD%9E%E5%A4%A9%E4%BA%BA%E8%8F%8A
http://city.udn.com/community/img/PSN_PHOTO/changerose/f_998414_1.JPG	http://blog.udn.com/changerose/1157907
http://taichung.tranews.com/Show/images/News/3269228_1.jpg	http://tw.tranews.com/Show/Style1/News/c1_News.asp?SItemId=0271030&ProgramNo=a000001000001&SubjectNo=3269228
http://www.wdptj.com/wp-content/uploads/2014/09/%E5%A4%A9%E4%BA%BA%E8%8F%8A.jpg	http://www.wdptj.com/3947.html
http://g.udn.com.tw/upfiles/B_CH/chicago1717/PSN_PHOTO/963/f_9418963_1.jpg	http://blog.udn.com/chicago1717/7709480
http://pic.pimg.tw/jrtsai38/94ae65bb5c6387b0dc6fd65277566dad.jpg	http://jrtsai38.pixnet.net/blog/post/831162-%E5%A4%A9%E4%BA%BA%E8%8F%8A
http://7.blog.xuite.net/7/4/e/4/11253733/blog_227360/txt/16791338/12.jpg	http://blog.xuite.net/e2202778/boaboa/16791338-%E5%A4%A9%E4%BA%BA%E8%8F%8A
https://farm8.staticflickr.com/7697/17319984241_010420259a_c.jpg	http://burt.pixnet.net/blog/post/42306199-%E5%A4%A9%E4%BA%BA%E8%8F%8A
http://pic.pimg.tw/yangbingyu/4926e35f85660.jpg	http://yangbingyu.pixnet.net/blog/post/22425259-%E3%80%90%E9%9A%A8%E6%8B%8D%E9%9B%86%E3%80%91%E8%8F%8A%E5%B3%B6%E4%B9%8B%E8%8A%B1%E3%80%82%E5%A4%A9%E4%BA%BA%E8%8F%8A
http://pic75.nipic.com/file/20150821/11983897_104640944000_2.jpg	http://www.nipic.com/show/13126193.html
http://www.iqiya.com/uploadfile/article/64/1_wmwag__.jpg	http://www.iqiya.com/article/2015-07-04/64858.html
https://upload.wikimedia.org/wikipedia/commons/thumb/3/33/Firewheel_or_Indian_Blanket_with_a_Spider_at_the_back.jpg/220px-Firewheel_or_Indian_Blanket_with_a_Spider_at_the_back.jpg	https://zh.wikipedia.org/wiki/%E5%A4%A9%E4%BA%BA%E8%8F%8A
https://thumbs.dreamstime.com/z/%E5%A4%A9%E4%BA%BA%E8%8F%8A%E5%B1%9E%E6%A4%8D%E7%89%A9%E8%8A%B1-32849682.jpg	https://cn.dreamstime.com/photos-images/%E5%A4%A9%E4%BA%BA%E8%8F%8A%E5%B1%9E%E6%A4%8D%E7%89%A9.html
https://5.share.photo.xuite.net/makelin883485/1523993/16210922/869822377_m.jpg	http://blog.xuite.net/makelin883485/twblog/174602826-%E5%A4%A9%E4%BA%BA%E8%8F%8A
https://thumbs.dreamstime.com/z/%E5%A4%A9%E4%BA%BA%E8%8F%8A%E5%B1%9E%E6%A4%8D%E7%89%A9%E8%8A%B1-27103351.jpg	https://cn.dreamstime.com/%E5%85%8D%E7%89%88%E7%A8%8E%E5%BA%93%E5%AD%98%E5%9B%BE%E7%89%87-%E5%A4%A9%E4%BA%BA%E8%8F%8A%E5%B1%9E%E6%A4%8D%E7%89%A9-image36140316
https://i1.kknews.cc/large/e9500022b4917a1cf06	https://kknews.cc/home/o48vqq.html
http://g.udn.com.tw/upfiles/B_AA/AAC3343/PSN_PHOTO/668/f_17963668_1.jpg	http://blog.udn.com/AAC3343/67847654
http://www.12flower.com.taipei/upimg/%E5%A4%A9%E4%BA%BA%E8%8F%8A.jpg	http://www.12flower.com.taipei/store/productshow.asp?prodid=429
http://www.chachaba.com/news/uploads/allimg/170314/4216_170314155423_1.jpg	http://www.chachaba.com/news/html/zhuangxiu/zhuangshi/20170314_303430.html
http://www.ccjh.phc.edu.tw/xoops/htdocs/uploads/schoolplant/15-1.jpg	http://www.ccjh.phc.edu.tw/xoops/htdocs/modules/schoolplant/index.php?psn=15
http://e.share.photo.xuite.net/bruce0342/1e07df3/10988483/513004080_m.jpg	http://bruce0342.blogspot.com/2010/01/blog-post_6.html
http://www.osimg.com/uploads/MWsXxLPjK2.jpg	http://www.qpeek.com/article/Dk0N3wR.html
http://a2.att.hudong.com/45/20/20300542856671143339203992300_s.jpg	http://www.baike.com/wiki/%E5%A4%A9%E4%BA%BA%E8%8F%8A%E5%B1%9E
http://www.twword.com/uploads/wiki/77/aa/613342_6.jpg	http://www.twword.com/wiki/%E5%A4%A9%E4%BA%BA%E8%8F%8A
http://www.iqiya.com/uploadfile/article/64/1_ot0x7__.jpg	http://www.iqiya.com/article/2015-07-04/64858.html
http://www.kdais.gov.tw/htmlarea_graph/web_articles/kdais/3095/096_10.jpg	http://www.kdais.gov.tw/view.php?catid=3229
http://img3.okgo.tw/news/201607290953343941.jpg	http://okgo.tw/newsview.html?id=9851
http://7.blog.xuite.net/7/4/e/4/11253733/blog_227360/txt/16791338/11.jpg	http://blog.xuite.net/e2202778/boaboa/16791338-%E5%A4%A9%E4%BA%BA%E8%8F%8A
http://a.ecimg.tw/items/DEBP09A78096024/000001_1478267875.jpg	http://24h.pchome.com.tw/prod/DEBP09-A78096024
http://a0.att.hudong.com/21/06/01300000171642121810065323841_s.jpg	http://www.baike.com/wiki/%E5%A4%A9%E4%BA%BA%E8%8F%8A
http://classweb.loxa.edu.tw/clockloxa/plant/html/a/a016.jpg	http://classweb.loxa.edu.tw/clockloxa/plant/html/a/a016.htm
http://a0.att.hudong.com/75/08/01300000171642121810083216873_s.jpg	http://www.baike.com/wiki/%E5%A4%A9%E4%BA%BA%E8%8F%8A
http://opic.tbscache.com/manage/articles/2014/07-31/E867E1ED-8C81-A4CD-488B-24E770315703.jpg	http://www.tobosu.com/article/2014-07-31/114389.html
http://4.bp.blogspot.com/_cSotjeF_WHg/TM6C6G453ZI/AAAAAAAAAcE/qH1S0Qgdha4/s1600/%E9%AE%AE%E6%A9%98%E5%AB%A9%E9%BB%83%E7%9A%84%E6%BE%8E%E6%B9%96%E7%B8%A3%E8%8A%B1%E5%A4%A9%E4%BA%BA%E8%8F%8A,%E6%9C%89%E8%91%97%E5%BC%B7%E9%9F%8C%E7%9A%84%E7%94%9F%E5%91%BD%E5%8A%9B.JPG	http://csratckgroup.blogspot.com/2010/11/blog-post_735.html
https://gss0.bdstatic.com/94o3dSag_xI4khGkpoWK1HF6hhy/baike/s%3D220/sign=315fa6939822720e7fcee5f84bca0a3a/96dda144ad3459828a1fe6630cf431adcaef84ad.jpg	https://baike.baidu.com/item/%E5%A4%A9%E4%BA%BA%E8%8F%8A
http://pic.pimg.tw/chiazeng/1336917133-857923079.jpg	http://chiazeng.pixnet.net/blog/post/89537789-%E3%80%90%E8%B7%9F%E8%91%97%E5%A5%BD%E6%9C%8B%E5%8F%8B%E5%8E%BB%E6%97%85%E8%A1%8C%E3%80%91%E6%A1%83%E5%9C%92%E7%B8%A3%E8%A7%80%E9%9F%B3%E9%84%89--%E4%B8%80%E8%B5%B7%E9%81%87
http://pic.pimg.tw/siedust/1189947471.jpg	http://siedust.pixnet.net/blog/post/11075136-%5B%E6%8E%A8%E7%90%86%5D-%E8%97%8D%E9%9C%84%EF%BC%8D%E5%A4%A9%E4%BA%BA%E8%8F%8A%E6%AE%BA%E4%BA%BA%E4%BA%8B%E4%BB%B6%EF%BC%88%E6%9C%AA%E8%AE%80%E5%8F%AF%E5%85%A5%EF%BC%89
http://www.taes.chc.edu.tw/~plant/photo/92.jpg	http://www.taes.chc.edu.tw/~plant/2-13.htm
https://5.share.photo.xuite.net/makelin883485/152394c/16210911/869820269_m.jpg	http://blog.xuite.net/makelin883485/twblog/174602826-%E5%A4%A9%E4%BA%BA%E8%8F%8A
https://i2.kknews.cc/large/e2500095e2864d1c60e	https://kknews.cc/agriculture/q98e6y.html
http://4.bp.blogspot.com/_cSotjeF_WHg/TM6C6G453ZI/AAAAAAAAAcE/qH1S0Qgdha4/w1200-h630-p-k-no-nu/%E9%AE%AE%E6%A9%98%E5%AB%A9%E9%BB%83%E7%9A%84%E6%BE%8E%E6%B9%96%E7%B8%A3%E8%8A%B1%E5%A4%A9%E4%BA%BA%E8%8F%8A,%E6%9C%89%E8%91%97%E5%BC%B7%E9%9F%8C%E7%9A%84%E7%94%9F%E5%91%BD%E5%8A%9B.JPG	http://csratckgroup.blogspot.com/2010/11/blog-post_735.html
http://pic.pimg.tw/myheartgoon/1336657391-1542491783.jpg	http://myheartgoon.pixnet.net/blog/post/26205755-%E3%80%8A%E8%B3%9E%E8%8A%B1%E3%80%8B%E6%A1%83%E5%9C%92~%E8%A7%80%E9%9F%B3%E6%B5%B7%E6%B0%B4%E6%B5%B4%E5%A0%B4-%E5%A4%A9%E4%BA%BA%E8%8F%8A
https://thumbs.dreamstime.com/z/%E5%A4%A9%E4%BA%BA%E8%8F%8A%E5%B1%9E%E6%A4%8D%E7%89%A9aristata-32379290.jpg	https://cn.dreamstime.com/photos-images/%E5%A4%A9%E4%BA%BA%E8%8F%8A%E5%B1%9E%E6%A4%8D%E7%89%A9.html
http://2.bp.blogspot.com/-YByJCwfl8ys/U9sGhu_FSFI/AAAAAAAAAEE/eF4dj-Ygs5Y/s1600/SP381-1.JPG	http://blog.igarden.com.tw/2014/08/blog-post.html
https://5.share.photo.xuite.net/makelin883485/1523921/16210911/869820738_m.jpg	http://blog.xuite.net/makelin883485/twblog/174602826-%E5%A4%A9%E4%BA%BA%E8%8F%8A
http://farm2.static.flickr.com/1191/4724526668_b373a5b660_b.jpg	http://minikopeng.pixnet.net/blog/post/31315518-%E3%80%8E%E6%BE%8E%E6%B9%96%E3%80%8F%E6%B9%96%E8%A5%BF%E9%84%89%E3%80%82%E8%8F%8A%E5%B3%B6%E7%BE%8E%E9%BA%97%E7%9A%84%E5%A4%A9%E4%BA%BA%E8%8F%8A-%26-%E5%8C%97%E5%AF%AE%E5%A5%8E
https://img.shoplineapp.com/media/second_clips/58aeb7b107ec3142e30037ea/landscape.jpg?1487845298	http://blog.igarden.com.tw/2010/06/5M100602.html
http://2.blog.xuite.net/2/1/c/4/21068768/blog_3885258/txt/194229516/2.jpg	http://q0921041140.pixnet.net/blog/post/102815440-%E5%86%AC%E5%A4%A9%E7%9A%84%E5%A4%A9%E4%BA%BA%E8%8F%8A
http://g.udn.com.tw/upfiles/B_HE/healthh22/PSN_PHOTO/624/f_12274624_1.jpg	http://blog.udn.com/healthh22/23684393
http://image84.360doc.com/DownloadImg/2015/04/0917/52194394_4.jpg	http://www.360doc.com/content/15/0409/17/7590279_461868476.shtml
https://d.share.photo.xuite.net/lukang8185552/1de1416/9627356/421555514_m.jpg	http://blog.xuite.net/lukang8185552/twblog/119471450-%E6%BE%8E%E6%B9%96%E5%A4%A9%E4%BA%BA%E8%8F%8A
http://img.zwbk.org/baike/spic/2011/03/19/20110319033643635_9042.jpg	http://www.zwbk.org/MyLemmaShow.aspx?zh=zh-tw&lid=131823
http://a4.att.hudong.com/48/07/01300000171642121810079162706_s.jpg	http://www.baike.com/wiki/%E5%A4%A9%E4%BA%BA%E8%8F%8A
http://5.blog.xuite.net/5/7/c/2/15013783/blog_543687/txt/18829944/7.jpg	http://blog.xuite.net/falconkimo/blog/18829944-%E5%AF%8C%E8%B2%B4%E8%A7%92%EF%BC%86%E5%A4%A9%E4%BA%BA%E8%8F%8A
http://1.bp.blogspot.com/-p-4MVqLrGOY/VUnVht44hbI/AAAAAAAAFzM/LWyKqeclDN4/s1600/5M100602_2010_04070009%E5%A4%A9%E4%BA%BA%E8%8F%8A%2B%E4%BA%9E%E5%88%A9%E6%A1%91%E9%82%A3-%E5%A4%AA%E9%99%BD.JPG	http://blog.igarden.com.tw/2010/06/5M100602.html
http://b.blog.xuite.net/bf/3a/11252060/blog_33432/txt/328381/5.jpg	http://blog.xuite.net/onecheng/bird/328381-%E6%AC%A3%E6%AC%A3%E5%90%91%E6%A6%AE%E5%85%AD%E6%9C%88%E8%A9%A9--%E5%A4%A9%E4%BA%BA%E8%8F%8A
http://pic15.nipic.com/20110724/3101644_212554090804_2.jpg	http://www.nipic.com/show/1/44/4885059k22b6e45c.html
https://media-cdn.tripadvisor.com/media/photo-s/08/53/c2/94/caption.jpg	https://www.tripadvisor.com.tw/LocationPhotoDirectLink-g1432365-d6554204-i139707028-Laomei_Shihcao-Xinbei.html
http://www.zhiwu365.com/uploads/plant/198_tianrenju/default/original/3_tianrenju.jpg	http://www.zhiwu365.com/plant/225
https://myfoodandflowers.files.wordpress.com/2014/07/2014-07-07-014-medium.jpg	https://myfoodandflowers.wordpress.com/2014/07/07/blanket-flowergaillardia-fanfare-blaze%E5%A4%A9%E4%BA%BA%E8%8F%8A/
https://thumbs.dreamstime.com/z/%E5%A4%A9%E4%BA%BA%E8%8F%8A-11038735.jpg	https://cn.dreamstime.com/%E5%85%8D%E7%89%88%E7%A8%8E%E5%BA%93%E5%AD%98%E7%85%A7%E7%89%87-%E5%A4%A9%E4%BA%BA%E8%8F%8A-image11038735
http://g.udn.com.tw/upfiles/B_HE/healthh22/PSN_PHOTO/580/f_12274580_1.jpg	http://blog.udn.com/healthh22/23684393
http://pic.pimg.tw/myheartgoon/1336785667-3884048887.jpg	http://myheartgoon.pixnet.net/blog/post/26370143-%E3%80%8A%E8%B3%9E%E8%8A%B1%E3%80%8B%E6%96%B0%E5%8C%97%E7%9F%B3%E9%96%80~%E8%80%81%E6%A2%85-%E5%A4%A9%E4%BA%BA%E8%8F%8A
http://img.boqiicdn.com/Data/BK/A/1511/3/imagick48061446531892_y.jpg	http://www.boqii.com/article/24663.html
http://timefortaiwan.tw/d_upload_tour100/touching/photos/A0/B0/C0/D23/E464/F254/6776478c-7023-41b2-a52e-c786ab827b8c.JPG	http://timefortaiwan.tw/touching/popup_13917.jsp
http://hippo.bse.ntu.edu.tw/~wenlian/images/nature/flower/Gaillardia-1.JPG	http://hippo.bse.ntu.edu.tw/~wenlian/nature/flower/flower-6.htm
http://c.blog.xuite.net/c/f/8/f/13396183/blog_1400131/txt/449063180/0.jpg	http://blog.xuite.net/smile27/flower/449063180
https://c1.staticflickr.com/9/8162/7392596232_b5b5ccde90_b.jpg	https://www.flickr.com/photos/clonedeagle/7392596232
http://pic.pimg.tw/amykc/1380041430-2843540736.jpg	http://amykc.pixnet.net/blog/post/37578635-%E8%8B%97%E6%A0%97%E6%B5%B7%E7%B7%9A%E4%B8%80%E6%97%A5%E9%81%8A%EF%BC%88%E4%B8%8B%EF%BC%89%E5%A4%A9%E4%BA%BA%E8%8F%8A
http://www.baihuamen.com/d/file/2014/04-11/c61e84da52bbe7965d2acaa159cc1069.jpg	http://www.baihuamen.com/tianrenju/
http://img.chinatimes.com/newsphoto/2014-06-20/656/20140620004168.jpg	http://www.chinatimes.com/realtimenews/20140620004167-260405
https://5.share.photo.xuite.net/makelin883485/15239b6/16210922/869821388_m.jpg	http://blog.xuite.net/makelin883485/twblog/174602826-%E5%A4%A9%E4%BA%BA%E8%8F%8A
http://pic.pimg.tw/emico/1191702370.gif	http://emico.pixnet.net/album/photo/68260525
https://b.share.photo.xuite.net/penghu.dialy/1b2f25d/5078860/1026798353_m.jpg	http://blog.xuite.net/penghu.dialy/blog/212344081-%E8%8F%8A%E5%B3%B6%E5%A4%A9%E4%BA%BA%E8%8F%8A%E7%9B%9B%E9%96%8B+%E8%8F%8A%E6%B5%B7%E9%81%8D%E4%BD%88
http://www.baihuamen.com/d/file/2014/05-07/95446a4f2213857762049db2c1b4a0d5.jpg	http://www.baihuamen.com/sugentianrenju/
https://thumbs.dreamstime.com/z/%E8%8A%B1%E5%A4%A9%E4%BA%BA%E8%8F%8A%E5%B1%9E%E6%A4%8D%E7%89%A9-19777675.jpg	https://cn.dreamstime.com/%E5%BA%93%E5%AD%98%E7%85%A7%E7%89%87-%E5%A4%A9%E4%BA%BA%E8%8F%8A%E5%B1%9E%E6%A4%8D%E7%89%A9%E8%8A%B1-image54120157
http://pic31.nipic.com/20130712/3736204_104806533154_2.jpg	http://www.nipic.com/show/1/44/8451436k83384430.html
http://pic.pimg.tw/sallysoup/1166606465.jpg	http://sallysoup.pixnet.net/blog/post/1484553-%5B%E8%8F%8A%E5%B3%B6%E6%BC%82%E6%B5%81%5D-%E6%9C%9B%E5%AE%89%EF%BC%8E%E7%B6%A0%E8%A0%B5%E9%BE%9C%EF%BC%8E%E5%A4%A9%E4%BA%BA%E8%8F%8A%E8%8A%B1%E6%B5%B7
http://iwasironokuni.cocolog-nifty.com/photos/kaze3/img_0905.jpg	http://iwasironokuni.cocolog-nifty.com/photos/kaze3/img_0905.html
