
http://www.twword.com/uploads/wiki/af/c8/723387_1.jpg	http://www.twword.com/wiki/%E5%B8%9D%E7%8E%8B%E8%8A%B1
http://www.baihuamen.com/d/file/2014/05-22/778841c74768b0eb07d26bdb626425d5.jpg	http://www.baihuamen.com/diwanghua/
http://www.baihuamen.com/d/file/2014/05-24/79ab4c0cbb0846fcf78ff694879d8603.jpg	http://www.baihuamen.com/diwanghua/
http://www.twword.com/uploads/wiki/af/c8/723387_0.jpg	http://www.twword.com/wiki/%E5%B8%9D%E7%8E%8B%E8%8A%B1
http://2.bp.blogspot.com/-vEi6VB-TRq8/Uotjaz4ELkI/AAAAAAAApK8/FOwtWp7Nr-w/s1600/AnNUgkqtUqyf4QS5rznBEw%5B1%5D.jpg	http://hoepen.blogspot.com/2013/10/blog-post_9065.html
https://4.share.photo.xuite.net/ct0118b/1437f64/19930292/1139470512_m.jpg	http://blog.xuite.net/g30917/blog2/454124299
http://a4.att.hudong.com/61/28/01300000166692121353281777042_s.jpg	http://www.baike.com/wiki/%E5%B8%9D%E7%8E%8B%E8%8A%B1
http://www.twword.com/uploads/wiki/af/c8/723387_3.gif	http://www.twword.com/wiki/%E5%B8%9D%E7%8E%8B%E8%8A%B1
http://www.baihuamen.com/d/file/2014/05-24/f4f46c3837baceca9cba0157806dfc86.jpg	http://www.baihuamen.com/diwanghua/
https://www.huabaike.com/uploads/allimg/sltimg/201605/573d7a0521520.jpg	https://www.huabaike.com/hyjk/3601.html
http://pic18.nipic.com/20111202/8966735_090521990387_2.jpg	http://www.nipic.com/show/1/44/5444249k63639a5d.html
http://3.bp.blogspot.com/-3TTR1F2l9u0/Uotgrm0pEaI/AAAAAAAApHI/vvcpc3hCxp0/s1600/2E7vLGQnFtj_heRi_cPQjg%5B1%5D.jpg	http://hoepen.blogspot.com/2013/10/blog-post_3208.html
http://image57.360doc.com/DownloadImg/2012/11/3021/28593746_11.jpg	http://www.360doc.com/content/12/1130/21/10886293_251269751.shtml
http://www.youduo.com/forum/attachments/month_1110/20111003_6745bc0044f9755744a7JjbE5486WlCk.jpg	http://www.youduo.com/forum/thread-39109-1-3.html
http://1.bp.blogspot.com/-gyBrN4a5e5M/UotjedG82RI/AAAAAAAApLc/ZMmT3GtIq7s/s1600/smOZ2Dpcxzh0XDR.pJtDUQ%5B1%5D.jpg	http://hoepen.blogspot.com/2013/10/blog-post_9065.html
https://i2.kknews.cc/large/15380007a8cbe973ff99	https://kknews.cc/news/xzxa2k9.html
http://www.youduo.com/forum/attachment.php?aid=13311&nothumb=yes	http://www.youduo.com/forum/thread-39109-1-3.html
http://img6.ph.126.net/O1yFefhB92VEXvkvCT0JPQ==/6598092312469879456.jpg	http://45328ok.lofter.com/post/3c21d0_1430394
http://pic1.huashichang.com/2015/0503/21/55461ed5abac8.jpg	http://www.aihuhua.com/tu/diwanghua.html
http://1.bp.blogspot.com/-i_jtkq8k3Ls/UotgsU7kyuI/AAAAAAAApHQ/p23Noz0YvZ8/s1600/JSq859EeFPQvjjarWz.nzA%5B1%5D.jpg	http://hoepen.blogspot.com/2013/10/blog-post_3208.html
https://www.huabaike.com/uploads/allimg/artimg/201605/20160519163834_23922.jpg	http://www.huabaike.com/jtyh/3603.html
http://3.share.photo.xuite.net/bambooj236/135cd76/15987942/857798032_m.jpg	http://fa0972200115.pixnet.net/blog/post/329102654-%E4%BD%9B%E5%A1%94vs%E5%B8%9D%E7%8E%8B%E8%8A%B1
https://simg314.magcasa.com/content_images/2016/05/06/313313/1462486350_7148.jpg	https://www.gigcasa.com/articles/313313
http://b.share.photo.xuite.net/oijo000/1b2fcd3/10078097/454917442_m.jpg	https://www.ok-ban.com/?p=1149
http://1.bp.blogspot.com/-iXKq8I0vyrY/UotgPUo8YSI/AAAAAAAApF4/IGNbWfqE4DQ/s1600/EmETqr1xFmIp6PWXvO9ooQ%5B1%5D.jpg	http://hoepen.blogspot.com/2013/10/blog-post_2022.html
http://www.baihuamen.com/d/file/2014/05-24/a8e00ef9c8f2622490064badb12da18f.jpg	http://www.baihuamen.com/diwanghua/
http://imglf2.ph.126.net/vpmqIf58L-cxnCLSERzOTA==/6631259080722974870.jpg	http://aoenhuayijiaoshi.lofter.com/post/1d3eb2e9_862a300
http://image14-c.poco.cn/mypoco/qing/20130327/15/501438985640877888_690x513_220.jpg	http://m.poco.cn/wo/detail.php?art_id=3062464&tag=%C4%CF%B7%C7&cat_id=3&is_vouch=0&is_goods=0&sequence=4&no_vouch=0&topic_nav=0
http://1.bp.blogspot.com/-3AjKMGTOD7M/UotjdtLbsKI/AAAAAAAApLU/jGtH-pwBBAk/s1600/qdl3SLXp58sCX3ulA4hyQg%5B1%5D.jpg	http://hoepen.blogspot.com/2013/10/blog-post_9065.html
https://0.share.photo.xuite.net/a73389893/1086198/5908539/235388765_l.jpg	http://blog.xuite.net/shen168169/twblog/125732617-%E5%B8%9D%E7%8E%8B%E8%8A%B1+.
http://plantjdx.com/protea_madiba.jpg	http://plantjdx.com/protea_madiba.htm
http://www.woo22.com/wp-content/uploads/2016/01/1454096846-4.jpg	http://www.woo22.com/190634
https://www.huabaike.com/uploads/allimg/sltimg/201605/573d790e91ed4.jpg	https://www.huabaike.com/hyjk/3601.html
https://www.huabaike.com/uploads/allimg/sltimg/201605/573d7aa41320d.jpg	https://www.huabaike.com/hyjk/3601.html
http://tu.qt3191.com/allimg/c110626/130Z60C403H0-N640.gif	http://www.qt3191.com/changjianguanmu/35929.html
https://upload.wikimedia.org/wikipedia/commons/thumb/6/60/Embothrium_speciosissimum_%28Sowerby%29.jpg/200px-Embothrium_speciosissimum_%28Sowerby%29.jpg	https://zh.wikipedia.org/wiki/%E7%B4%85%E7%81%AB%E7%90%83%E5%B8%9D%E7%8E%8B%E8%8A%B1
http://img.xunhai.com/2015/11/26/14484798049370.jpg	http://www.xunhai.com/diwanghua/2015/1126/3559.html
https://upload.wikimedia.org/wikipedia/commons/thumb/c/cb/Telopea_speciosissima_suellen.JPG/240px-Telopea_speciosissima_suellen.JPG	https://zh.wikipedia.org/wiki/%E7%B4%85%E7%81%AB%E7%90%83%E5%B8%9D%E7%8E%8B%E8%8A%B1
https://4.share.photo.xuite.net/ct0118b/1437f80/19930292/1139467212_m.jpg	http://blog.xuite.net/g30917/blog2/454124299
http://img4.ph.126.net/p2DHXXcGDY1zIpoGE53XeQ==/1344324488788003564.jpg	http://tony01254470.pixnet.net/blog/post/312747351-%E4%B8%96%E7%95%8C%E5%90%8D%E8%8A%B1%C2%B7%E5%B8%9D%E7%8E%8B%E8%8A%B1
https://www.huabaike.com/uploads/allimg/artimg/201605/20160519163241_52470.jpg	https://www.huabaike.com/hyjk/3599.html
http://3.bp.blogspot.com/-Tf3Em5f9pk4/UotiCAzjHUI/AAAAAAAApKU/Sd5Mf_61tZM/s1600/_DIu51yhe3cWf7FMSfgDMQ%255B1%255D.jpg	http://hoepen.blogspot.com/2013/10/blog-post_3154.html
http://img.kaoder.com/upload/attach/003/731/3731333.jpg	http://www.kaoder.com/?m=thread&a=view&fid=976&tid=472101
https://i1.kknews.cc/large/15360007bc8c94939f5d	https://kknews.cc/news/xzxa2k9.html
http://3.bp.blogspot.com/-Q4Y7CGEAEXQ/UotjcSuJLtI/AAAAAAAApLE/xGLl8FVKXBQ/s1600/lBqu_D6uGTeaWl1X8zG0XQ%5B1%5D.jpg	http://hoepen.blogspot.com/2013/10/blog-post_9065.html
http://4.bp.blogspot.com/-e5F0w5ng_Jc/VCkDa57Km1I/AAAAAAAAC2w/PADHwAcBrmM/s1600/140926_King-Protea-02.JPG	http://blog.igarden.com.tw/2014/09/King-Protea-Growing-in-Taiwan.html
http://g.udn.com.tw/upfiles/B_GR/grace127/PSN_PHOTO/226/f_14052226_1.jpg	http://blog.udn.com/grace127/44880975
https://8.share.photo.xuite.net/brday1257/1806556/8136566/1129816800_l.jpg	http://blog.xuite.net/brday1257/twblog/413318190-%E7%B4%85%E7%81%AB%E7%90%83%E5%B8%9D%E7%8E%8B%E8%8A%B1
http://img.bimg.126.net/photo/_muIYTuW_MQu6X-9HDVCsg==/4541598749243453113.jpg	http://www.lofter.com/tag/%E5%B8%9D%E7%8E%8B%E8%8A%B1
http://pic.pimg.tw/padma1008/1387266236-630391852.jpg	http://padma1008.pixnet.net/blog/post/330157940
https://i1.kknews.cc/large/e4c00041dc57597e98b	https://kknews.cc/culture/6r6arv.html
http://a0.att.hudong.com/00/84/300000764046132097842706935_s.jpg	http://www.baike.com/wiki/%E5%B8%9D%E7%8E%8B%E8%8A%B1
http://b.share.photo.xuite.net/oijo000/1b2fc3f/10078097/454935726_m.jpg	https://www.ok-ban.com/?p=1149
http://z.xiziwang.net/uploads/allimg/141109/30_141109161518_1.jpg	http://z.xiziwang.net/hua/16439/
http://res.img.ifeng.com/2012/06/1b60f8a25c63eb5736234ba454e3ec1a.jpg	http://blog.ifeng.com/article/18454770.html
https://7.share.photo.xuite.net/aileen.beitou/17be8c7/16983262/919441641_m.jpg	http://blog.xuite.net/aileen.beitou/twblog/181704882-%E5%B8%9D%E7%8E%8B%E8%8A%B1
https://i.ytimg.com/vi/GWcR0F8qx44/hqdefault.jpg	https://www.youtube.com/watch?v=GWcR0F8qx44
http://static.house.sina.com.cn/supportsjiaju/product/52/87/0.930251001227163046.jpg	http://jiancai.jiaju.sina.com.cn/jiaju/chanpin-detail-12770.html
https://www.huabaike.com/uploads/allimg/20140304/1403041HK2519500-L.jpg	https://www.huabaike.com/yanghuazhishi/201403/1797.html
https://e.share.photo.xuite.net/flower.orchard/1ee1ef1/10835040/503823505_m.jpg	http://blog.xuite.net/flower.orchard/twblog/130090339-%E6%9C%80%E8%BF%91%E7%9A%84%E5%B8%9D%E7%8E%8B%E8%8A%B1%E8%BF%91%E6%B3%81
https://i2.kknews.cc/large/15380007a8ce3c5b09a1	https://kknews.cc/news/xzxa2k9.html
http://www.baihuamen.com/d/file/2014/05-14/9032ddc9727882dbe30d2389d24a6715.jpg	http://www.baihuamen.com/diwanghua/16190.html
http://tu.qt3191.com/allimg/c110626/130Z60C40WF-X208.gif	http://www.qt3191.com/changjianguanmu/35929.html
http://1.bp.blogspot.com/-kYASJ_tAelA/Uoth_TpsegI/AAAAAAAApJ8/d5E5tJ5BpHo/s1600/KxKQxlYjF3LKVeNIEpoikg%255B1%255D.jpg	http://hoepen.blogspot.com/2013/10/blog-post_3154.html
http://pic.nipic.com/2008-07-23/200872313315143_2.jpg	http://www.nipic.com/show/1/44/e267de66d3721c74.html
https://4.share.photo.xuite.net/ct0118b/1437fe9/19930292/1139467317_m.jpg	http://blog.xuite.net/g30917/blog2/454124299
http://2.bp.blogspot.com/-OJOMzf1KgSs/VCkDcSkPJRI/AAAAAAAAC3A/M-vyFhxzRww/s1600/140926_King-Protea-03.JPG	http://blog.igarden.com.tw/2014/09/King-Protea-Growing-in-Taiwan.html
https://i2.kknews.cc/large/212f000344a2f372fb17	https://kknews.cc/news/q2233ro.html
http://www.baihuamen.com/d/file/2014/05-24/f262aa45ce7db889e5bfc5a9d34c33ec.jpg	http://www.baihuamen.com/diwanghua/16197_11.html
http://3.bp.blogspot.com/-3GnTEunXiNg/VCkDZ-1JlDI/AAAAAAAAC2o/S-0qagUZvqI/s1600/140926_King-Protea-01.JPG	http://blog.igarden.com.tw/2014/09/King-Protea-Growing-in-Taiwan.html
http://image61.360doc.com/DownloadImg/2013/05/2115/32494281_9.jpg	http://www.360doc.com/content/13/0521/15/1689336_287029976.shtml
http://www.mlgs.org/Uploads/image/20161115/1479183033460280.jpg	http://www.mlgs.org/news/16_364
http://a3.att.hudong.com/20/82/01200000012881121422826937370.jpg	http://tupian.baike.com/a3_20_82_01200000012881121422826937370_jpg.html
http://s2.buzzhand.net/uploads/48/b/712232/14330693752274.jpg	http://www.buzzhand.com/post_712232.html
http://a4.att.hudong.com/65/28/01300000166692121353285717568_s.jpg	http://www.baike.com/wiki/%E5%B8%9D%E7%8E%8B%E8%8A%B1
https://i3.read01.com/uploads/0EkGFKgZ62.jpg	https://read01.com/8QGLjL.html
http://kb.southcn.com/content/images/attachement/jpg/site4/20160929/0023248155c61957163f31.jpg	http://kb.southcn.com/content/2016-09/29/content_156760710.htm
https://i2.kknews.cc/large/134a0000ce882a67facc	https://kknews.cc/news/2az49nr.html
http://i2.chinanews.com/simg/2014/140929//39177590.jpg	http://www.chinanews.com/sh/2014/09-29/6643752.shtml
http://image.sciencenet.cn/album/201410/01/232035ec22z4rddp95vyo8.jpg	http://blog.sciencenet.cn/blog-38998-832112.html
http://i00.c.aliimg.com/img/ibank/2016/478/268/3508862874_773204859.310x310.jpg	http://tw.1688.com/pic/-B7C2D5E6B5DBCDF5BBA8.html
https://i.ytimg.com/vi/scK-3_HINss/hqdefault.jpg	https://www.youtube.com/watch?v=scK-3_HINss
http://images.nongmiao.com/big/baike/2014/08/20/21/1408202116422955.jpg	http://www.nongmiao.com/baike/diwanghua.html
http://2.bp.blogspot.com/-wNr8FFAVfZk/UotizlSNeBI/AAAAAAAApK0/ZEbr9F-meuA/s1600/5ize321Mr7CIT58mpAGz1A%5B1%5D.jpg	http://hoepen.blogspot.com/2013/10/blog-post_3154.html
http://img.boqiicdn.com/Data/BK/A/1511/19/imagick1281447901836_y.jpg	http://m.boqii.com/entry/detail/2240.html
https://8.share.photo.xuite.net/brday1257/18065bd/8136566/1129816391_l.jpg	http://blog.xuite.net/brday1257/twblog/413318190-%E7%B4%85%E7%81%AB%E7%90%83%E5%B8%9D%E7%8E%8B%E8%8A%B1
https://b-ssl.duitang.com/uploads/item/201508/07/20150807163538_YdNvM.jpeg	https://www.duitang.com/blog/?id=534093860
http://pic18.nipic.com/20111202/8966735_090521884931_2.jpg	http://www.nipic.com/show/1/44/5444248ke6c5d2de.html
https://i3.read01.com/uploads/0EkGFK2eEV.jpg	https://read01.com/8QGLjL.html
https://i2.kknews.cc/large/213400034140be409413	https://kknews.cc/news/q2233ro.html
https://i2.kknews.cc/large/17f20004fd7312c97475	https://kknews.cc/zh-hk/news/vm25qvl.html
http://www.baihuamen.com/d/file/2014/05-24/8b92ed6e294a99aebab43fe591d49cdf.jpg	http://www.baihuamen.com/diwanghua/
http://img2.ph.126.net/jE9iYRZ-ukVVoA7HgDtMMg==/1581044944201658252.jpg	http://tony01254470.pixnet.net/blog/post/312747351-%E4%B8%96%E7%95%8C%E5%90%8D%E8%8A%B1%C2%B7%E5%B8%9D%E7%8E%8B%E8%8A%B1
https://0.share.photo.xuite.net/waynegao/108ab2c/5408704/207805292_l.jpg	http://blog.xuite.net/waynegao/shitoo/56128450-%E5%A4%A7%E5%B8%9D%E7%8E%8B%E8%8A%B1
https://i2.kknews.cc/large/212e0005e4f582ddd145	https://kknews.cc/news/q2233ro.html
http://a3.att.hudong.com/76/28/01300000166692121353284231283_s.jpg	http://www.baike.com/wiki/%E5%B8%9D%E7%8E%8B%E8%8A%B1
http://s11.sinaimg.cn/mw690/005A3NE0gy6T8eP8Qpc9a&690	http://blog.sina.com.cn/s/blog_4ca507af0102vubj.html
https://cbu01.alicdn.com/img/ibank/2016/619/361/3131163916_726184175.220x220.jpg	http://www.1688.com/chanpin/-B5DBCDF5BBA8.html
http://img1.ph.126.net/3FI27s62cfkQ88dumrTPfg==/6597174220262115591.jpg	http://bd1560.blog.163.com/blog/static/831637201281362523470/
http://tu.qt3191.com/allimg/c110626/130Z60C3Z120-B221.gif	http://www.qt3191.com/changjianguanmu/35929.html
