
http://img01.hua.com/uploadpic/images/2016224161515231753.jpeg	http://www.hua.com/huayu/14736.html
https://upload.wikimedia.org/wikipedia/commons/thumb/d/df/Dahuahuilan.JPG/250px-Dahuahuilan.JPG	https://zh.wikipedia.org/wiki/%E8%95%99%E8%98%AD%E5%B1%AC
http://img.zwbk.org/baike/bpic/2010/12/21/20101221045526326_2718.jpg	http://www.zwbk.org/mylemmashow.aspx?zh=zh-tw&lid=98371
http://a4.att.hudong.com/26/65/01300000332291127169657034636.jpg	http://tupian.baike.com/a4_26_65_01300000332291127169657034636_jpg.html&prd=so_tupian
http://www.yangchunkeji.com/product/pics/20120416/201204161334545849790.jpg	http://www.yangchunkeji.com/product/html/?10.html
https://www.ritagiang.com/files/articleFilesfinder/images/IMG_1775-1.jpg	https://www.ritagiang.com/article.php?id=393
http://pic4.nipic.com/20090908/2385457_081142042097_2.jpg	http://www.nipic.com/show/1/44/976d0c78560fc611.html
https://www.huabaike.com/uploads/allimg/artimg/201612/20161205154636_79955.jpg	https://www.huabaike.com/hyjk/6099.html
http://a0.att.hudong.com/27/79/01300000111348120982790265678.jpg	http://yanghua.baike.com/article-353779.html
http://a4.att.hudong.com/18/71/01300543037171142554711427145_s.jpg	http://www.baike.com/wiki/%E8%95%99%E5%85%B0
https://www.huabaike.com/uploads/allimg/sltimg/201511/5646a81d636f4.jpg	https://www.huabaike.com/lkzw/574.html
http://image.sciencenet.cn/album/201202/10/231137l6wp7jqyj2qhylno.jpg	http://blog.sciencenet.cn/blog-434526-536763.html
http://img.wxrw123.com/201602/24/02/sf3m2bsoh4f.jpg	http://www.wxrw123.com/zw/20160309/213240.html
http://a3.att.hudong.com/33/37/19300001382667132884371836423_950.jpg	http://yanghua.baike.com/article-146967.html
http://a4.att.hudong.com/66/76/16300000332291127169763697937.jpg	http://tupian.baike.com/a4_66_76_16300000332291127169763697937_jpg.html?prd=zhengwenye_left_futu_miaoshu
http://img.zwbk.org/baike/spic/2010/12/21/20101221045158108_1483.jpg	http://www.zwbk.org/mylemmashow.aspx?zh=zh-tw&lid=98371
http://img01.hua.com/uploadpic/images/201512111714233978366.jpg	http://www.hua.com/huayu/13700.html
http://www.yuhuagu.com/uploads/allimg/120827/43_120827071002_1.jpg	http://www.yuhuagu.com/help/2010/0331/405.html
http://www.chinagreenhouse.com/technology/UploadFile/200992018372815779.jpg	http://www.chinagreenhouse.com/product/photo.asp?ID=255
http://images.nongmiao.com/big//trade/2012/09/14/15/17/534388120_1388557818.310x310.jpg	http://www.nongmiao.com/huangximing2009/supplydetail-5922.html
http://www.zhiwutong.com/tu/yanghua/%E5%A4%A7%E8%8A%B1%E8%95%99%E5%85%B03.jpg	http://www.gzdejia.com/page123?article_id=157
http://a3.att.hudong.com/18/98/20300542526389139972982082721_s.jpg	http://www.baike.com/wiki/%E8%95%99%E5%85%B0
http://a1.att.hudong.com/40/55/20300542520689139963550485376_s.jpg	http://www.baike.com/wiki/%E5%A4%A7%E8%8A%B1%E8%95%99%E5%85%B0
http://www.laitai.com/Article/UploadFiles/200712/20071204113848631.jpg	http://www.laitai.com/Article/ShowArticle.asp?ArticleID=496
http://www.shjtlh.com/buy2buyupfile/201012819373387557s.jpg	http://www.shjtlh.com/b2b_cpinfo.asp?id=1572
http://sinicaorchid.gzit.net/qywin/upload/07111914403o4j1.jpg	http://sinicaorchid.gzit.net/PictureView.Asp?Id=150
http://pic.nipic.com/2008-03-11/2008311183431962_2.jpg	http://www.nipic.com/show/561020.html
http://www.wbg.cas.cn/kxcb/mrhx/khzw/200911/W020091104414657425620.jpg	http://www.wbg.cas.cn/kxcb/mrhx/khzw/200911/t20091104_2647530.html
http://www.fei123.com/upload/2015/06/09/a4ffce78-3a23-458c-9e3c-fa96e320cb59.jpg	http://www.fei123.com/190000/181892.shtml
https://www.huabaike.com/uploads/allimg/sltimg/201511/564696b28763b.jpg	https://www.huabaike.com/lkzw/574.html
http://img0.pchouse.com.cn/pchouse/1203/08/185752_1.jpg	http://www.pchouse.com.cn/baike/shenghuo/1297/
http://img.zwbk.org/baike/spic/2010/12/21/20101221044815405_8330.jpg	http://m.zwbk.org/lemma/98371
http://www.dahuahuilan.com/Handler.ashx?Size=o&PhotoID=142.jpg	http://www.dahuahuilan.com/show.aspx?itemid=142
http://img.zwbk.org/baike/spic/2010/12/21/20101221045359467_6121.jpg	http://www.zwbk.org/mylemmashow.aspx?zh=zh-tw&lid=98371
http://www.cnhua.net/uploads/090427/1_232452_1.jpg	http://huahui.h.baike.com/article-620624.html
https://upload.wikimedia.org/wikipedia/commons/a/a3/Cymbidium_goeringii_%27Setsuzan%27.jpg	https://zh.wikipedia.org/wiki/%E8%95%99%E8%98%AD%E5%B1%AC
http://pic4.nipic.com/20090908/2385457_081308001043_2.jpg	http://www.nipic.com/show/1/44/5826ccee4be619a2.html
http://pic13.nipic.com/20110301/3101644_133513362451_2.jpg	http://www.nipic.com/show/1/44/4281934k48fdd8d2.html
http://%E4%B8%AD%E5%9B%BD%E5%85%B0%E8%8A%B1.com/uploads/lanpu/20071019222250.jpg	http://xn--fiq62f1tgx46c.com/baod/huilanzhongzhi/6309.html
http://www.dahuahuilan.com/Handler.ashx?Size=o&PhotoID=63.jpg	http://www.dahuahuilan.com/show.aspx?itemid=63
http://a1.att.hudong.com/60/97/300000764046131345972749414_s.jpg	http://www.baike.com/wiki/%E8%95%99%E5%85%B0
http://www.chla.com.cn/uploadfile/2011/new2011617/images/2013/01/20130129221820.jpg	http://blog.tianya.cn/post-4094447-49529626-1.shtml
http://a3.att.hudong.com/20/70/01300543037171142554707956813_s.jpg	http://www.baike.com/wiki/%E8%95%99%E5%85%B0
http://www.shw365.com/sycx/UploadFiles_1251/200810/20081010162040381.jpg	http://www.shw365.com/sycx/hua/200810/52491.html
http://www.gzhphb.com/gpPic/600/0/mmbiz.qpic.cn/mmbiz/CHYSEJNYlfwjQbJNP6a0xnib0mHtJJtC1oeOgXyafgk9LZnEia11SltoMQiblrwyxfIJIOnNYAGklCibTTPvbcTYeA/0?wx_fmt=png	http://m.gzhphb.com/article/46/460016.html
http://www.baihuay.com.cn/syssite/home/shop/1/pictures/productsimg/big/442.jpg	http://www.baihuay.com.cn/index.php?gOo=goods_details.dwt&goodsid=442&productname=
http://a3.att.hudong.com/81/60/01300542520689139963602785107_s.jpg	http://www.baike.com/wiki/%E5%A4%A7%E8%8A%B1%E8%95%99%E5%85%B0
http://a4.att.hudong.com/07/59/01300542520689139963599180217_s.jpg	http://www.baike.com/wiki/%E5%A4%A7%E8%8A%B1%E8%95%99%E5%85%B0
http://huamu.aweb.com.cn/upfile/1/1/200818/13157197.jpg	http://huamu.aweb.com.cn/2008/1/8/11200801081316730.shtml
http://img1n.soufun.com/blog/2010_12/30/article/1293684529464_000.jpg	http://blog.fang.com/31291378/11076185/articledetail.htm
http://img.wxrw123.com/201602/24/02/wdjdbyfp5h5.jpg	http://www.wxrw123.com/zw/20160309/213240.html
http://www.21cbi.com/upload/201609/23/14746428387.jpg	http://m.21cbi.com/s/1/97039.html
http://www.huayugu.com.cn/uploads/allimg/160830/1-160S01204490-L.jpg	http://m.huayugu.com.cn/list.php?tid=1617
http://www.52ij.com/uploads/allimg/160317/0H334J61-2.jpg	http://www.52ij.com/gongxiao/452943.html
http://pic6.nipic.com/20100319/4224370_155312077846_2.jpg	http://www.nipic.com/show/2926618.html
http://img01.hua.com/uploadpic/images/2016225175816209781.jpg	http://www.hua.com/huayu/14778.html
https://www.huabaike.com/uploads/allimg/sltimg/201511/5646a9476e92c.jpg	https://m.huabaike.com/yhjq/6023.html
http://image93.360doc.com/DownloadImg/2016/01/1313/64416604_1	http://www.360doc.com/content/16/0113/13/25894761_527579733.shtml
http://a4.att.hudong.com/10/70/01300000258067122498700709578.jpg	http://yanghua.baike.com/article-146967.html
http://a0.att.hudong.com/06/69/01300543037171142554691307430_s.jpg	http://www.baike.com/wiki/%E8%95%99%E5%85%B0
http://www.wed114.cn/jiehun/uploads/allimg/140331/39_140331102042_1.jpg	http://www.wed114.cn/jiehun/zhiwu/20140317120044_2.html
http://www.52yhua.com/uploads/allimg/161025/1-161025225942.jpg	http://m.52yhua.com/zhuanti/6252.html
http://www.yuhuagu.com/uploads/allimg/130102/53_130102201710_1.jpg	http://www.yuhuagu.com/lan/2013/0102/5558.html
http://www.chla.com.cn/upload/2009_01/09010615072955.jpg	http://www.chla.com.cn/html/2009-01/25359.html
http://img0.pchouse.com.cn/pchouse/baike/decorate/1203/013000001113481209827015345172.jpg	http://www.pchouse.com.cn/baike/shenghuo/1297/
http://a0.att.hudong.com/34/22/01300000111348121101227704928.jpg	https://tieba.baidu.com/p/2025453295
https://www.huabaike.com/uploads/allimg/artimg/201612/20161205154604_77412.jpg	https://www.huabaike.com/hyjk/6099.html
http://a4.att.hudong.com/02/72/300000764046131311720093141_s.jpg	http://www.baike.com/wiki/%E5%A4%A7%E8%8A%B1%E8%95%99%E5%85%B0
http://dahuahuilan.yangzhiriji.com/wp-content/uploads/sites/24/2014/05/2.jpg	http://dahuahuilan.yangzhiriji.com/
http://a4.att.hudong.com/87/73/01300543037171142554739515438_s.jpg	http://www.baike.com/wiki/%E8%95%99%E5%85%B0
http://www.chinagreengarden.com.cn/uploads/%E5%A4%A7%E8%8A%B1%E8%95%99%E5%85%B09_%E5%89%AF%E6%9C%AC.jpg	http://www.chinagreengarden.com.cn/web/ProductsDetail.aspx?t=1&id=5cdec366-48d5-4496-a279-2288395d5650
http://dahuahuilan.yangzhiriji.com/wp-content/uploads/sites/24/2014/05/3.jpg	http://dahuahuilan.yangzhiriji.com/
http://www.zhiwu365.com/uploads/plant/703_dahuahuilan/default/original/6_dahuahuilan.jpg	http://www.zhiwu365.com/plant/771
https://gss2.bdstatic.com/-fo3dSag_xI4khGkpoWK1HF6hhy/baike/s%3D220/sign=c729a4e70efa513d55aa6bdc0d6c554c/3b87e950352ac65c469e5748fdf2b21193138a75.jpg	https://baike.baidu.com/item/%E5%A4%A7%E8%8A%B1%E8%95%99%E5%85%B0
http://pic9.nipic.com/20100908/3839023_213108229597_2.jpg	http://blog.sina.com.cn/s/blog_7f368e9b0102v6y2.html
http://pic12.nipic.com/20110203/6679690_184041208193_2.jpg	http://www.nipic.com/show/4233061.html
http://a2.att.hudong.com/84/60/01300000168284121266608174515_s.jpg	http://www.baike.com/wiki/%E8%95%99%E5%85%B0
https://upload.wikimedia.org/wikipedia/commons/thumb/3/3c/Cymbidium_orchids2.jpg/220px-Cymbidium_orchids2.jpg	https://zh.wikipedia.org/wiki/%E8%95%99%E8%98%AD%E5%B1%AC
http://www.chinabaike.com/uploads/allimg/110422/2340296101-0.jpg	http://www.chinabaike.com/z/nong/hy/870894.html
http://img.zwbk.org/baike/bpic/2010/12/21/20101221045830514_7980.JPG	http://www.zwbk.org/MyLemmaShow.aspx?lid=98371
http://dahuahuilan.yangzhiriji.com/wp-content/uploads/sites/24/2014/05/1.jpg	http://dahuahuilan.yangzhiriji.com/
http://pic18.nipic.com/20120102/7960243_095707202197_2.jpg	http://www.nipic.com/show/1/44/5583876k45330877.html
http://a2.att.hudong.com/37/70/16300000332291127169700678665.jpg	http://tupian.baike.com/a2_37_70_16300000332291127169700678665_jpg.html?prd=zhengwenye_left_futu_miaoshu
https://www.huabaike.com/uploads/allimg/sltimg/201511/5646a8961eb5a.jpg	https://www.huabaike.com/lkzw/574.html
http://ningbo.sinaimg.cn/2013/0328/U9514P1480DT20130328134258.jpg	http://nb.sina.com.cn/travel/photo/2013-03-29/07241693.html
http://www.xglanhua.com/upload/pro/1426660825_%E8%95%99%E5%85%B0%E5%AF%92%E5%85%B0%E6%9D%82%E4%BA%A4%E7%B4%A0%E5%BF%83.jpg	http://www.xglanhua.com/pro.php?cid=17
http://www.fei123.com/upload/2015/06/04/8b2b01ac-2f5c-42a3-ac61-ae0593a6a653.jpg	http://www.fei123.com/180000/173691.shtml
http://a3.att.hudong.com/14/04/01300000168284121267044905443_s.jpg	http://www.baike.com/wiki/%E8%95%99%E5%85%B0
http://pic61.nipic.com/file/20150304/10042766_000003231000_2.jpg	http://www.nipic.com/show/12029021.html
http://www.pjcn.org/uploads/allimg/1605/1-160530223930M5.jpg	http://www.pjcn.org/pz/sf/1846/
http://www.pjcn.org/uploads/allimg/1703/1-1F3211UG3207.jpg	http://www.pjcn.org/gl/4140/
https://cbu01.alicdn.com/img/ibank/2015/854/171/2599171458_164546920.310x310.jpg	https://www.1688.com/pic/-B4F3DEA5C0BC.html
http://a4.att.hudong.com/03/59/01300542520689139963596988282_s.jpg	http://www.baike.com/wiki/%E5%A4%A7%E8%8A%B1%E8%95%99%E5%85%B0
http://www.chla.com.cn/uploadfile/2011/new2011617/images/2013/01/20130129222021.jpg	http://blog.tianya.cn/post-4094447-49529626-1.shtml
http://www.baihuamen.com/d/file/2014/06-07/acf352b30309448ffd6ff708fe3483d4.jpg	http://www.baihuamen.com/huilan/
http://www.yuhuagu.com/uploads/allimg/140505/43_140505065310_1.jpg	http://www.yuhuagu.com/lan/2014/0505/10650.html
https://www.huabaike.com/uploads/allimg/artimg/201511/20151130143820_82811.jpg	https://m.huabaike.com/jtyh/386.html
https://www.huabaike.com/uploads/allimg/artimg/201512/20151220172131_32294.jpg	https://m.huabaike.com/jtyh/925.html
http://www.52ij.com/uploads/allimg/160317/0H334N01-0.jpg	http://www.52ij.com/gongxiao/452943.html
http://www.chinanews.com/tw/2011/04-08/U30P4T8D2961175F107DT20110408214111.jpg	http://www.chinanews.com/tw/2011/04-08/2961175.shtml
