
https://upload.wikimedia.org/wikipedia/commons/thumb/4/41/Narzisse.jpg/320px-Narzisse.jpg	https://zh.wikipedia.org/wiki/%E9%BB%84%E6%B0%B4%E4%BB%99
http://www.baihuamen.com/d/file/2014/05-26/d9517692c507e1be2271f682a84de1bf.jpg	http://www.baihuamen.com/huangshuixian/
http://songhuaxiansheng.com/wp-content/uploads/2017/01/%E9%BB%84%E6%B0%B4%E4%BB%99-1050x700.jpg	http://songhuaxiansheng.com/tag/%E9%BB%84%E6%B0%B4%E4%BB%99
http://pic11.nipic.com/20101212/3101644_193938697215_2.jpg	http://www.nipic.com/show/1/44/4040084k81ce3f42.html
http://p.d1xz.net/2014/7/16/151523172317.jpg	http://www.d1xz.net/astro/huayu/art58315.aspx
https://cdn.pixabay.com/photo/2015/04/12/20/10/daffodils-719412_960_720.jpg	https://pixabay.com/zh/%E9%BB%84%E6%B0%B4%E4%BB%99-%E9%BB%84%E8%89%B2-%E8%8A%B1-%E9%BB%84%E8%89%B2%E8%8A%B1-%E6%98%A5%E5%A4%A9%E7%9A%84%E8%8A%B1-%E6%98%A5%E5%A4%A9-%E8%8A%B1%E5%9B%AD-%E5%85%B3%E9%97%AD-719412/
http://userdisk.webry.biglobe.ne.jp/004/729/84/N000/000/020/129246688519516127697.jpg	http://plumkiw948.at.webry.info/201101/article_2.html
http://image.sciencenet.cn/album/201103/20/065309v48yrrrb8xl599vu.jpg	http://wap.sciencenet.cn/blogview.aspx?id=424337
http://a4.att.hudong.com/65/35/01200000033870124175359937448_s.jpg	http://www.baike.com/wiki/%E9%BB%84%E6%B0%B4%E4%BB%99
http://pic15.nipic.com/20110804/3101644_095241168740_2.jpg	http://www.nipic.com/show/1/44/4924708kf837a7b1.html
https://cdn.pixabay.com/photo/2014/03/13/14/15/daffodil-286591_960_720.jpg	https://pixabay.com/zh/%E5%96%87%E5%8F%AD%E8%8A%B1-%E9%BB%84%E6%B0%B4%E4%BB%99-%E8%BE%BE%E7%A6%8F-%E8%A2%AB%E5%80%9F%E7%9A%84%E8%8E%89%E8%8E%89-%E9%BB%84%E8%89%B2-%E6%98%A5-%E8%8A%B1-286591/
https://cdn.pixabay.com/photo/2015/03/28/04/04/narcissus-695530_960_720.jpg	https://pixabay.com/zh/%E6%B0%B4%E4%BB%99-%E9%BB%84%E8%89%B2-%E9%B2%9C%E8%8A%B1-%E9%BB%84%E6%B0%B4%E4%BB%99-695530/
https://blog-001.west.edge.storage-yahoo.jp/res/blog-4f-b0/shoou1/folder/1509394/27/66887127/img_0	http://blogs.yahoo.co.jp/shoou1/66887127.html
http://pic4.nipic.com/20090812/661401_074128094_2.jpg	http://www.nipic.com/show/1/44/55fb3e762cfd1246.html
http://www.cnhua.net/uploads/allimg/090614/1015524W3-0.JPG	http://huahui.h.baike.com/article-623494.html
http://kura3.photozou.jp/pub/499/2126499/photo/170861367_624.jpg	http://photozou.jp/photo/show/2126499/170861367
http://www.westatic.com/img/dict/skbzk/plants-ka/kizuis_2.jpg	http://www.weblio.jp/content/%E9%BB%84%E6%B0%B4%E4%BB%99
http://pic122.nipic.com/file/20170221/17520916_093034012000_2.jpg	http://www.nipic.com/show/16701268.html
http://www.wed114.cn/jiehun/uploads/allimg/160127/52_160127160849_1.jpg	http://www.wed114.cn/jiehun/zhiwu/20160127142572.html
http://www.westatic.com/img/dict/skbzk/plants-ka/kizuis_1.jpg	http://www.weblio.jp/content/%E9%BB%84%E6%B0%B4%E4%BB%99
https://cdn.pixabay.com/photo/2015/04/10/15/34/daffodils-716372_960_720.jpg	https://pixabay.com/zh/%E9%BB%84%E6%B0%B4%E4%BB%99-%E9%B2%9C%E8%8A%B1-%E9%BB%84%E8%89%B2-%E6%98%A5%E5%A4%A9%E7%9A%84%E8%8A%B1%E6%9C%B5-%E6%98%A5%E5%A4%A9-%E5%85%B3%E9%97%AD-716372/
https://gss0.bdstatic.com/94o3dSag_xI4khGkpoWK1HF6hhy/baike/w%3D400/sign=0c921cbe9fdda144da096db282b6d009/b58f8c5494eef01f3a6ca068e8fe9925bc317d26.jpg	https://baike.baidu.com/item/%E9%BB%84%E6%B0%B4%E4%BB%99
http://a2.att.hudong.com/31/36/01200000033870124175361987172_s.jpg	http://www.baike.com/wiki/%E9%BB%84%E6%B0%B4%E4%BB%99
http://image.sciencenet.cn/album/201103/20/065327d0guikz4r95rug9g.jpg	http://wap.sciencenet.cn/blogview.aspx?id=424337
http://a2.att.hudong.com/80/54/01200000033870124176540031015_s.jpg	http://www.baike.com/wiki/%E9%BB%84%E6%B0%B4%E4%BB%99
http://img02.hamazo.tv/usr/yoh/IMG_5750.JPG	http://yoh.hamazo.tv/e1577257.html
http://a0.att.hudong.com/58/29/01200000033870124175290221243_s.jpg	http://www.baike.com/wiki/%E9%BB%84%E6%B0%B4%E4%BB%99
https://alicejia2010.files.wordpress.com/2010/03/daffodils44.jpg	https://alicejia2010.wordpress.com/2010/03/21/%E9%81%8D%E5%9C%B0%E9%83%BD%E6%98%AF%E9%BB%84%E6%B0%B4%E4%BB%99/
http://pic122.nipic.com/file/20170221/17520916_093150233000_2.jpg	http://www.nipic.com/show/16701271.html
https://cdn.pixabay.com/photo/2016/03/28/14/20/daffodil-1285857_960_720.jpg	https://pixabay.com/zh/%E5%96%87%E5%8F%AD%E6%B0%B4%E4%BB%99-%E8%8A%B1-%E9%BB%84%E8%89%B2-%E6%98%A5%E5%A4%A9-%E5%BC%80%E8%8A%B1-%E9%BB%84%E6%B0%B4%E4%BB%99-%E5%85%B3%E9%97%AD-%E9%BB%84%E8%89%B2%E7%9A%84%E8%8A%B1%E6%9C%B5-%E5%8E%82-1285857/
http://a1.att.hudong.com/47/94/01300000260386124161948600613_s.jpg	http://www.baike.com/wiki/%E9%BB%84%E6%B0%B4%E4%BB%99
http://blog-imgs-24.fc2.com/h/a/n/hanadiary/G10_20090306_010.jpg	http://hanadiary.blog15.fc2.com/blog-entry-1338.html?sp
http://www.huayugu.com.cn/uploads/allimg/160322/1-160322164G80-L.jpg	http://www.huayugu.com.cn/huangshuixian/
http://siraneaoi.lekumo.biz/photos/uncategorized/dsc000117.jpg	https://matome.naver.jp/odai/2142768885495496601/2142768913795661203
http://img95.699pic.com/photo/00044/1772.jpg_wh300.jpg	http://699pic.com/tupian/162434.html
http://www.baihuamen.com/d/file/2014/05-26/89cb13abe9884ffde4022d86637385c3.jpg	http://www.baihuamen.com/huangshuixian/
https://gss1.bdstatic.com/-vo3dSag_xI4khGkpoWK1HF6hhy/baike/s%3D220/sign=cf848e6ca40f4bfb88d09956334e788f/4d086e061d950a7b4f8eaf370ad162d9f3d3c98e.jpg	https://baike.baidu.com/item/%E9%BB%84%E6%B0%B4%E4%BB%99
https://thumbs.dreamstime.com/t/%E7%99%BD%E8%89%B2%E8%89%B2%E7%9A%84erlicheer-%E6%88%96-%E8%8A%B1-43462780.jpg	https://cn.dreamstime.com/%E5%BA%93%E5%AD%98%E7%85%A7%E7%89%87-%E7%99%BD%E8%89%B2%E8%89%B2%E7%9A%84erlicheer-%E6%88%96-%E8%8A%B1-image43246352
https://cdn.pixabay.com/photo/2015/04/06/11/51/daffodils-709177_960_720.jpg	https://pixabay.com/zh/%E9%BB%84%E6%B0%B4%E4%BB%99-%E8%8A%B1-%E9%BB%84%E8%89%B2-%E5%AE%8F-%E6%80%A7%E8%B4%A8-%E7%BB%BF%E8%89%B2-%E6%98%A5%E5%A4%A9-%E5%86%B0-%E5%86%B0%E9%95%87-709177/
http://a2.att.hudong.com/80/94/01300543815948148201945740274_s.jpg	http://www.baike.com/wiki/%E9%BB%84%E6%B0%B4%E4%BB%99%E8%8A%B1
http://read.html5.qq.com/image?src=forum&q=5&r=0&imgflag=7&imageUrl=http://mmbiz.qpic.cn/mmbiz/GK3Pl7zBGyKyicBV9hnZ1KlP7MPgkAIWnqGj0Ood6NsactmF1Hnw4lD4hFP4X7ibrHYbTRM9vpj0YjZklrLUQpuQ/0	http://chuansong.me/n/913133
https://cdn.pixabay.com/photo/2017/03/21/17/27/daffodils-2162825_960_720.jpg	https://pixabay.com/zh/%E9%BB%84%E6%B0%B4%E4%BB%99-%E9%BB%84%E8%89%B2-%E6%98%A5%E5%A4%A9-%E5%BC%80%E8%8A%B1-%E9%B2%9C%E8%8A%B1-2162825/
https://thumbs.dreamstime.com/z/%E9%BB%84%E6%B0%B4%E4%BB%99%E8%8A%B1-38767468.jpg	https://cn.dreamstime.com/photos-images/%E9%BB%84%E6%B0%B4%E4%BB%99.html
http://map1.zw3e.com:8080/zw_news_map/550/2014072/1405471811325453129.jpg	http://www.zw3e.com/m5/p329.html
https://gss0.bdstatic.com/94o3dSag_xI4khGkpoWK1HF6hhy/baike/s%3D220/sign=c9a7a6e10afa513d55aa6bdc0d6d554c/3b87e950352ac65c4810554ef9f2b21193138af1.jpg	https://baike.baidu.com/item/%E9%BB%84%E6%B0%B4%E4%BB%99
https://alicejia2010.files.wordpress.com/2010/03/daffodils23.jpg	https://alicejia2010.wordpress.com/2010/03/21/%E9%81%8D%E5%9C%B0%E9%83%BD%E6%98%AF%E9%BB%84%E6%B0%B4%E4%BB%99/
http://img.mp.itc.cn/upload/20170324/6fb7a98ef9b64097a922387adf0aeab4_th.jpeg	http://www.sohu.com/a/130090473_649548
https://cdn.pixabay.com/photo/2017/03/21/17/30/osterglocken-2162834_960_720.jpg	https://pixabay.com/zh/osterglocken-%E9%BB%84%E6%B0%B4%E4%BB%99-%E9%BB%84%E8%89%B2-%E6%98%A5%E5%A4%A9-%E5%BC%80%E8%8A%B1-%E9%B2%9C%E8%8A%B1-2162834/
https://thumbs.dreamstime.com/z/%E9%BB%84%E6%B0%B4%E4%BB%99%E8%8A%B1-32686868.jpg	https://cn.dreamstime.com/%E5%85%8D%E7%89%88%E7%A8%8E%E5%BA%93%E5%AD%98%E7%85%A7%E7%89%87-%E8%8A%B1-image32686868
http://tu.zwy8.com/120512/2011011252590485.jpg	http://www.zwy8.com/a/qiugenhuahui/66852.html
http://file.muyee.com/images/upload/Image/0(1828).jpg	http://www.muyee.com/article/xifangjieri-yurenjie/1026.html
https://cdn.pixabay.com/photo/2017/04/09/13/07/narcissus-2215766_960_720.jpg	https://pixabay.com/zh/%E6%B0%B4%E4%BB%99-%E9%BB%84%E6%B0%B4%E4%BB%99-%E9%BB%84%E8%89%B2-%E6%98%A5%E5%A4%A9-%E8%8A%B1-%E5%BC%80%E8%8A%B1-%E5%85%B3%E9%97%AD-%E6%98%A5%E5%A4%A9%E7%9A%84%E8%8A%B1%E6%9C%B5-%E9%BB%84%E8%89%B2%E8%8A%B1-2215766/
https://cdn.pixabay.com/photo/2014/03/08/11/43/daffodils-283071_960_720.jpg	https://pixabay.com/zh/%E9%BB%84%E6%B0%B4%E4%BB%99-osterglocken-%E6%B0%B4%E4%BB%99-pseudonarcissus-283071/
http://img95.699pic.com/photo/2016/08/12/0010f1f3-998c-4823-b00f-d30d2c0307e3.jpg_wh300.jpg	http://699pic.com/tupian/162434.html
http://www.huayugu.com.cn/uploads/allimg/160322/1-1603221646110-L.jpg	http://www.huayugu.com.cn/huangshuixian/
http://www.huayugu.com.cn/uploads/allimg/160322/1-1603221644490-L.jpg	http://www.huayugu.com.cn/huangshuixian/
https://cdn.pixabay.com/photo/2011/04/13/01/46/daffodils-6454_960_720.jpg	https://pixabay.com/zh/%E9%BB%84%E6%B0%B4%E4%BB%99-osterglocken-%E8%8A%B1-%E5%8E%82-%E9%B2%9C%E8%8A%B1-%E6%98%A5%E5%A4%A9-%E9%BB%84%E8%89%B2-6454/
http://www.wed114.cn/jiehun/uploads/allimg/160127/52_160127160644_6.jpg	http://www.wed114.cn/jiehun/zhiwu/20160127142572.html
https://cdn.pixabay.com/photo/2017/03/24/10/57/daffodils-2170836_960_720.jpg	https://pixabay.com/zh/%E9%BB%84%E6%B0%B4%E4%BB%99-osterglocken-%E9%BB%84%E8%89%B2-2170836/
https://blog-001.west.edge.storage-yahoo.jp/res/blog-4f-b0/shoou1/folder/1509394/27/66887127/img_2?1392597498	http://blogs.yahoo.co.jp/shoou1/66887127.html
https://thumbs.dreamstime.com/b/%E9%BB%84%E6%B0%B4%E4%BB%99-23654410.jpg	https://cn.dreamstime.com/%E5%BA%93%E5%AD%98%E7%85%A7%E7%89%87-%E9%BB%84%E6%B0%B4%E4%BB%99-image23654410
http://s9.sinaimg.cn/mw690/0020eUnlzy7aNxp7MPSc8&690	http://blog.sina.com.cn/s/blog_6d6c5fd70102wsz7.html
https://thumbs.dreamstime.com/t/%E9%BB%84%E6%B0%B4%E4%BB%99-89473636.jpg	https://cn.dreamstime.com/%E5%BA%93%E5%AD%98%E7%85%A7%E7%89%87-image89473431
https://cdn.pixabay.com/photo/2016/03/15/08/51/daffodils-1257116_960_720.jpg	https://pixabay.com/zh/%E9%BB%84%E6%B0%B4%E4%BB%99-osterglocken-%E9%BB%84%E8%89%B2-%E5%BC%80%E8%8A%B1-%E6%98%A5%E5%A4%A9-%E8%8A%B1-%E5%A4%8D%E6%B4%BB%E8%8A%82-1257116/
https://cdn.pixabay.com/photo/2015/04/10/20/17/daffodils-716847_960_720.jpg	https://pixabay.com/zh/%E9%BB%84%E6%B0%B4%E4%BB%99-%E6%98%A5%E5%A4%A9%E7%9A%84%E8%8A%B1%E6%9C%B5-%E6%98%A5%E5%A4%A9-%E9%B2%9C%E8%8A%B1-%E9%BB%84%E8%89%B2%E7%9A%84%E8%8A%B1%E6%9C%B5-%E5%8E%82-%E9%BB%84%E8%89%B2-716847/
http://www.wed114.cn/jiehun/uploads/allimg/160127/52_160127160935_1.jpg	http://www.wed114.cn/jiehun/zhiwu/20160127142572.html
https://thumbs.dreamstime.com/t/%E9%BB%84%E6%B0%B4%E4%BB%99-89473661.jpg	https://cn.dreamstime.com/%E5%BA%93%E5%AD%98%E7%85%A7%E7%89%87-image89473431
http://st.depositphotos.com/1004061/4558/i/950/depositphotos_45580021-stock-photo-macro-image-of-spring-flower.jpg	http://cn.depositphotos.com/45580021/stock-photo-macro-image-of-spring-flower.html
https://thumbs.dreamstime.com/z/%E9%BB%84%E6%B0%B4%E4%BB%99%E8%8D%89-762093.jpg	https://cn.dreamstime.com/photos-images/%E9%BB%84%E6%B0%B4%E4%BB%99%E5%9F%9F.html
https://thumbs.dreamstime.com/b/4%E6%9C%88%E9%BB%84%E6%B0%B4%E4%BB%99%E8%B0%83%E9%81%A3%E9%BB%84%E8%89%B2-9008645.jpg	https://cn.dreamstime.com/%E5%85%8D%E7%89%88%E7%A8%8E%E5%BA%93%E5%AD%98%E7%85%A7%E7%89%87-4%E6%9C%88%E9%BB%84%E6%B0%B4%E4%BB%99%E8%B0%83%E9%81%A3%E9%BB%84%E8%89%B2-image9008645
https://cdn.pixabay.com/photo/2017/04/05/16/15/narcissus-2205494_960_720.jpg	https://pixabay.com/zh/%E6%B0%B4%E4%BB%99-%E5%96%87%E5%8F%AD%E8%8A%B1-%E6%B0%B4%E4%BB%99%E8%8A%B1-%E9%BB%84%E6%B0%B4%E4%BB%99%E8%8A%B1-daffadowndilly-2205494/
http://pic122.nipic.com/file/20170221/17520916_093018333000_2.jpg	http://www.nipic.com/show/16701267.html
http://st2.depositphotos.com/1000336/12092/i/950/depositphotos_120927432-stock-photo-fresh-yellow-narcissus.jpg	http://cn.depositphotos.com/120927432/stock-photo-fresh-yellow-narcissus.html
http://idoimg.3mt.com.cn/Article/upload/201009/100905002062760.jpg	http://ido.3mt.com.cn/Article/201009/show1984067c34p1.html
https://gss1.bdstatic.com/-vo3dSag_xI4khGkpoWK1HF6hhy/baike/s%3D220/sign=3ed22f6bf81fbe09185ec4165b600c30/0df431adcbef76090e2f898224dda3cc7cd99e82.jpg	https://baike.baidu.com/item/%E9%BB%84%E6%B0%B4%E4%BB%99
http://st.depositphotos.com/2692701/3169/i/950/depositphotos_31692717-stock-photo-yellow-daffodils.jpg	http://cn.depositphotos.com/31692717/stock-photo-yellow-daffodils.html
http://st2.depositphotos.com/5333166/9619/i/950/depositphotos_96190950-stock-photo-yellow-narcissus-pseudonarcissus-daffodil-against.jpg	http://cn.depositphotos.com/96190950/stock-photo-yellow-narcissus-pseudonarcissus-daffodil-against.html
http://img95.699pic.com/photo/00044/5326.jpg_wh300.jpg	http://699pic.com/tupian/huangshuixian.html
http://mmbiz.qpic.cn/mmbiz/RiacFDBX14xBXibbiaw0u8FsKA2uVv6oLAlo6KjLYRm3icBy9NFfPC9bHexUCOQU8S4G2EDvzbBzAlnL3lUKOkicC1w/640?tp=webp&wxfrom=5	http://edu.yorkbbs.ca/info/1528650.html
https://t19.pimg.jp/029/286/179/1/29286179.jpg	https://cn.pixtastock.com/tags/%E9%BB%84%E6%B0%B4%E4%BB%99
https://thumbs.dreamstime.com/z/%E6%98%A5%E5%A4%A9-%E8%89%B2-%E5%BC%80%E8%8A%B1%EF%BC%8C%E5%9C%A8-%E8%89%B2%E5%BA%AD%E9%99%A2%E8%83%8C%E6%99%AF%E7%9A%84%E6%96%B0%E9%B2%9C%E7%9A%84-%E8%89%B2-%E9%9D%99%E7%89%A9-93026502.jpg	https://cn.dreamstime.com/%E5%BA%93%E5%AD%98%E7%85%A7%E7%89%87-%E6%98%A5%E5%A4%A9-%E8%89%B2-%E5%BC%80%E8%8A%B1%EF%BC%8C%E5%9C%A8-%E8%89%B2%E5%BA%AD%E9%99%A2%E8%83%8C%E6%99%AF%E7%9A%84%E6%96%B0%E9%B2%9C%E7%9A%84-%E8%89%B2-%E9%9D%99%E7%89%A9-image93026502
https://st2.depositphotos.com/1000336/10377/i/950/depositphotos_103778282-stock-photo-fresh-yellow-narcissus.jpg	http://cn.depositphotos.com/103778282/stock-photo-fresh-yellow-narcissus.html
https://thumbs.dreamstime.com/z/%E9%BB%84%E6%B0%B4%E4%BB%99-89473431.jpg	https://cn.dreamstime.com/%E5%BA%93%E5%AD%98%E7%85%A7%E7%89%87-image89473431
https://thumbs.dreamstime.com/t/%E9%BB%84%E6%B0%B4%E4%BB%99-89473474.jpg	https://cn.dreamstime.com/%E5%BA%93%E5%AD%98%E7%85%A7%E7%89%87-image89473431
https://cdn.pixabay.com/photo/2015/04/06/11/06/daffodils-709102_960_720.jpg	https://pixabay.com/zh/%E9%BB%84%E6%B0%B4%E4%BB%99-%E8%8A%B1-%E9%BB%84%E8%89%B2-%E5%AE%8F-%E6%80%A7%E8%B4%A8-%E7%BB%BF%E8%89%B2-%E6%98%A5%E5%A4%A9-709102/
http://i.epochtimes.com/assets/uploads/2016/03/1603190148151758-600x400.jpg	http://www.epochtimes.com/gb/16/11/2/n8452688.htm
https://thumbs.dreamstime.com/b/%E9%BB%84%E8%89%B2%E9%BB%84%E6%B0%B4%E4%BB%99-39658812.jpg	https://cn.dreamstime.com/%E5%9B%BE%E5%BA%93%E6%91%84%E5%BD%B1-%E8%89%B2-image39658812
https://cdn.pixabay.com/photo/2017/03/21/13/36/osterglocken-2162196_960_720.jpg	https://pixabay.com/zh/osterglocken-%E9%BB%84%E6%B0%B4%E4%BB%99-%E6%98%A5%E5%A4%A9%E7%9A%84%E8%8A%B1%E6%9C%B5-%E6%B7%A1%E9%BB%84%E8%89%B2%E5%A4%96%E7%9A%84%E8%8A%B1%E7%93%A3-2162196/
http://www.cnhua.net/uploads/allimg/090614/1015154552-0.JPG	http://www.cnhua.net/zhiwu/shisuanke/yangshuixian/264737757.html
https://cdn.pixabay.com/photo/2017/04/06/23/10/daffodils-2209561_960_720.jpg	https://pixabay.com/zh/%E9%BB%84%E6%B0%B4%E4%BB%99-%E6%B0%B4%E4%BB%99-%E5%96%87%E5%8F%AD%E6%B0%B4%E4%BB%99-%E6%98%A5%E5%A4%A9-%E8%8A%B1-%E9%B2%9C%E8%8A%B1-2209561/
https://st2.depositphotos.com/1000336/10520/i/950/depositphotos_105203812-stock-photo-fresh-yellow-narcissus.jpg	http://cn.depositphotos.com/105203812/stock-photo-fresh-yellow-narcissus.html
https://static3.depositphotos.com/1008303/238/i/950/depositphotos_2382530-stock-photo-yellow-daffodils.jpg	https://cn.depositphotos.com/2382530/stock-photo-yellow-daffodils.html
http://www.52ij.com/uploads/allimg/160317/0F64BV5-1.jpg	http://www.52ij.com/gongxiao/452678.html
https://thumbs.dreamstime.com/t/%E9%BB%84%E6%B0%B4%E4%BB%99-89473558.jpg	https://cn.dreamstime.com/%E5%BA%93%E5%AD%98%E7%85%A7%E7%89%87-image89473431
https://static7.depositphotos.com/1010176/749/i/950/depositphotos_7493166-stock-photo-yellow-daffodils.jpg	https://cn.depositphotos.com/7493166/stock-photo-yellow-daffodils.html
http://www.ukleju.com/UpLoadFile/image/20170311/20170311015601_6318.jpg	http://www.ukleju.com/Article/ShowNews/818
https://thumbs.dreamstime.com/t/%E9%BB%84%E6%B0%B4%E4%BB%99-89473276.jpg	https://cn.dreamstime.com/%E5%BA%93%E5%AD%98%E7%85%A7%E7%89%87-image89473431
https://thumbs.dreamstime.com/z/%E9%BB%84%E6%B0%B4%E4%BB%99%E7%99%BD%E8%89%B2-5263800.jpg	https://cn.dreamstime.com/%E5%BA%93%E5%AD%98%E7%85%A7%E7%89%87-%E9%BB%84%E6%B0%B4%E4%BB%99%E7%99%BD%E8%89%B2-image5263800
http://www.imagewa.com/PhotoPreview/358/358_57986.jpg	http://www.imagewa.com/Photo/358/57986.html
https://t11.pimg.jp/029/591/431/1/29591431.jpg	https://cn.pixtastock.com/tags/%E9%BB%84%E6%B0%B4%E4%BB%99
