
https://gss0.bdstatic.com/94o3dSag_xI4khGkpoWK1HF6hhy/baike/c0%3Dbaike92%2C5%2C5%2C92%2C30/sign=5113127b602762d09433acedc185639f/ae51f3deb48f8c546c11687739292df5e1fe7fac.jpg
https://gss3.bdstatic.com/-Po3dSag_xI4khGkpoWK1HF6hhy/baike/c0%3Dbaike80%2C5%2C5%2C80%2C26/sign=76a2bad953da81cb5aeb8b9f330fbb73/d6ca7bcb0a46f21f65c50c7ef4246b600c33ae2e.jpg

https://gss0.bdstatic.com/94o3dSag_xI4khGkpoWK1HF6hhy/baike/c0%3Dbaike92%2C5%2C5%2C92%2C30/sign=3e798d4ad9b44aed4d43b6b6d275ec64/caef76094b36acaf96bc18fc7fd98d1001e99c56.jpg
https://gss3.bdstatic.com/-Po3dSag_xI4khGkpoWK1HF6hhy/baike/c0%3Dbaike92%2C5%2C5%2C92%2C30/sign=6e6a5bce9a25bc313f5009ca3fb6e6d4/42a98226cffc1e17c91d02314990f603738de914.jpg
https://gss2.bdstatic.com/9fo3dSag_xI4khGkpoWK1HF6hhy/baike/c0%3Dbaike92%2C5%2C5%2C92%2C30/sign=60e4f1dd2d738bd4d02cba63c0e2ecb3/4a36acaf2edda3ccc689362002e93901213f9245.jpg
https://gss1.bdstatic.com/-vo3dSag_xI4khGkpoWK1HF6hhy/baike/c0%3Dbaike92%2C5%2C5%2C92%2C30/sign=11968a9dc8ef7609280691cd4fb4c8a9/50da81cb39dbb6fd4f046b260a24ab18972b3756.jpg
https://gss3.bdstatic.com/7Po3dSag_xI4khGkpoWK1HF6hhy/baike/c0%3Dbaike92%2C5%2C5%2C92%2C30/sign=d48dcd394836acaf4ded9eae1db0e675/38dbb6fd5266d01616461028942bd40735fa3556.jpg
https://gss1.bdstatic.com/9vo3dSag_xI4khGkpoWK1HF6hhy/baike/c0%3Dbaike92%2C5%2C5%2C92%2C30/sign=ebda6db8d73f8794c7f2407cb3726591/3c6d55fbb2fb431614bdf47a23a4462309f7d314.jpg
https://gss0.bdstatic.com/94o3dSag_xI4khGkpoWK1HF6hhy/baike/c0%3Dbaike92%2C5%2C5%2C92%2C30/sign=8e6ba0e5ae6eddc432eabca958b2dd98/472309f790529822f291b7c3d4ca7bcb0a46d414.jpg
https://gss2.bdstatic.com/9fo3dSag_xI4khGkpoWK1HF6hhy/baike/c0%3Dbaike92%2C5%2C5%2C92%2C30/sign=acfe6f0f8494a4c21e2eef796f9d70b0/54fbb2fb43166d22353c9b94452309f79052d263.jpg
https://gss2.bdstatic.com/9fo3dSag_xI4khGkpoWK1HF6hhy/baike/c0%3Dbaike92%2C5%2C5%2C92%2C30/sign=9d2cb41441a7d933aba5ec21cc22ba76/500fd9f9d72a6059b7b26f1a2b34349b033bba14.jpg
https://gss1.bdstatic.com/-vo3dSag_xI4khGkpoWK1HF6hhy/baike/c0%3Dbaike92%2C5%2C5%2C92%2C30/sign=b4991cb6ca177f3e0439f45f11a650a2/1c950a7b02087bf46f80d9e9f1d3572c11dfcf46.jpg
https://gss2.bdstatic.com/9fo3dSag_xI4khGkpoWK1HF6hhy/baike/c0%3Dbaike92%2C5%2C5%2C92%2C30/sign=a20271b066380cd7f213aabfc02dc651/9345d688d43f8794b6bec62ed11b0ef41bd53a68.jpg
https://gss3.bdstatic.com/7Po3dSag_xI4khGkpoWK1HF6hhy/baike/c0%3Dbaike92%2C5%2C5%2C92%2C30/sign=b1a181c33987e950561afb3e71513826/f9dcd100baa1cd11752afc20ba12c8fcc3ce2d15.jpg
https://gss3.bdstatic.com/-Po3dSag_xI4khGkpoWK1HF6hhy/baike/c0%3Dbaike92%2C5%2C5%2C92%2C30/sign=0547d0500f33874488c8272e3066b29c/b03533fa828ba61e5bb0462f4234970a304e5950.jpg
https://gss0.bdstatic.com/-4o3dSag_xI4khGkpoWK1HF6hhy/baike/c0%3Dbaike92%2C5%2C5%2C92%2C30/sign=c35a93081c30e924dba994632d610563/7aec54e736d12f2e7d6a20604cc2d56285356847.jpg
https://gss1.bdstatic.com/9vo3dSag_xI4khGkpoWK1HF6hhy/baike/c0%3Dbaike92%2C5%2C5%2C92%2C30/sign=177e3681c81349546a13e0363727f93d/4b90f603738da97770b3082bb351f8198618e316.jpg
https://gss1.bdstatic.com/-vo3dSag_xI4khGkpoWK1HF6hhy/baike/c0%3Dbaike92%2C5%2C5%2C92%2C30/sign=8c6f9da75aee3d6d36cb8f99227f0647/e1fe9925bc315c60e9fae5ef8eb1cb1349547747.jpg
https://gss2.bdstatic.com/-fo3dSag_xI4khGkpoWK1HF6hhy/baike/c0%3Dbaike92%2C5%2C5%2C92%2C30/sign=bf5c0691ce11728b24208470a995a8ab/8b13632762d0f703ffd31cdc0bfa513d2697c549.jpg
https://gss0.bdstatic.com/-4o3dSag_xI4khGkpoWK1HF6hhy/baike/c0%3Dbaike92%2C5%2C5%2C92%2C30/sign=f37e44ecd200baa1ae214fe92679d277/10dfa9ec8a1363270e934b33928fa0ec08fac7b0.jpg
https://gss2.bdstatic.com/-fo3dSag_xI4khGkpoWK1HF6hhy/baike/c0%3Dbaike92%2C5%2C5%2C92%2C30/sign=65761754004f78f0940692a118586130/d439b6003af33a8777cb891ac55c10385343b508.jpg
https://gss1.bdstatic.com/9vo3dSag_xI4khGkpoWK1HF6hhy/baike/c0%3Dbaike92%2C5%2C5%2C92%2C30/sign=8d2f92eda0cc7cd9ee203c8b58684a5a/d1160924ab18972bf58789cae5cd7b899e510a74.jpg
https://gss1.bdstatic.com/-vo3dSag_xI4khGkpoWK1HF6hhy/baike/c0%3Dbaike92%2C5%2C5%2C92%2C30/sign=95bd6d30b9a1cd1111bb7a72d87ba399/a8ec8a13632762d09a622dbfa3ec08fa513dc656.jpg
https://gss3.bdstatic.com/7Po3dSag_xI4khGkpoWK1HF6hhy/baike/c0%3Dbaike92%2C5%2C5%2C92%2C30/sign=1e2a3be6247f9e2f6438155a7e598241/00e93901213fb80ec44de8d735d12f2eb9389416.jpg
https://gss2.bdstatic.com/-fo3dSag_xI4khGkpoWK1HF6hhy/baike/c0%3Dbaike92%2C5%2C5%2C92%2C30/sign=40741bdfcd1b9d169eca923392b7dfea/4afbfbedab64034f4e424b06acc379310a551d26.jpg
https://gss2.bdstatic.com/9fo3dSag_xI4khGkpoWK1HF6hhy/baike/c0%3Dbaike92%2C5%2C5%2C92%2C30/sign=ce306d68cfbf6c81e33a24badd57da50/dbb44aed2e738bd4e1ae3b31a28b87d6277ff927.jpg
https://gss0.bdstatic.com/94o3dSag_xI4khGkpoWK1HF6hhy/baike/c0%3Dbaike92%2C5%2C5%2C92%2C30/sign=eaf76ab8d73f8794c7f2407cb3726591/3c6d55fbb2fb43161590f37a23a4462309f7d327.jpg
https://gss1.bdstatic.com/-vo3dSag_xI4khGkpoWK1HF6hhy/baike/c0%3Dbaike92%2C5%2C5%2C92%2C30/sign=b66c7fcdff039245b5b8e95de6fdcfa7/503d269759ee3d6d20590ecb40166d224f4ade17.jpg
https://gss3.bdstatic.com/-Po3dSag_xI4khGkpoWK1HF6hhy/baike/c0%3Dbaike92%2C5%2C5%2C92%2C30/sign=823a708f6f81800a7ae8815cd05c589f/4bed2e738bd4b31cd4631dbb84d6277f9e2ff857.jpg
https://gss3.bdstatic.com/-Po3dSag_xI4khGkpoWK1HF6hhy/baike/c0%3Dbaike92%2C5%2C5%2C92%2C30/sign=1c49683736fae6cd18b9a3336eda6441/f7246b600c338744609aa67c520fd9f9d72aa057.jpg
https://gss2.bdstatic.com/-fo3dSag_xI4khGkpoWK1HF6hhy/baike/c0%3Dbaike92%2C5%2C5%2C92%2C30/sign=d55cca394836acaf4ded9eae1db0e675/38dbb6fd5266d01617971728942bd40735fa3527.jpg
https://gss0.bdstatic.com/-4o3dSag_xI4khGkpoWK1HF6hhy/baike/c0%3Dbaike92%2C5%2C5%2C92%2C30/sign=dd9600015f6034a83defb0d3aa7a2231/cefc1e178a82b9010e234a33708da9773912ef20.jpg
https://gss3.bdstatic.com/-Po3dSag_xI4khGkpoWK1HF6hhy/baike/c0%3Dbaike92%2C5%2C5%2C92%2C30/sign=d2793dfb3adbb6fd3156ed74684dc07d/730e0cf3d7ca7bcb89e54e2fbd096b63f624a810.jpg
https://gss0.bdstatic.com/-4o3dSag_xI4khGkpoWK1HF6hhy/baike/c0%3Dbaike92%2C5%2C5%2C92%2C30/sign=7d4f3623602762d09433acedc185639f/ae51f3deb48f8c54404d4c2f39292df5e0fe7f10.jpg
https://gss0.bdstatic.com/-4o3dSag_xI4khGkpoWK1HF6hhy/baike/c0%3Dbaike92%2C5%2C5%2C92%2C30/sign=bc747ffec0fdfc03f175ebeab556ecf1/09fa513d269759ee49e5e9cbb1fb43166d22df7d.jpg
https://gss2.bdstatic.com/-fo3dSag_xI4khGkpoWK1HF6hhy/baike/c0%3Dbaike92%2C5%2C5%2C92%2C30/sign=309eee56d3160924c828aa49b56e5e9f/7acb0a46f21fbe09ed004a1468600c338744ad50.jpg
https://gss2.bdstatic.com/-fo3dSag_xI4khGkpoWK1HF6hhy/baike/c0%3Dbaike92%2C5%2C5%2C92%2C30/sign=658e1754004f78f0940692a118586130/d439b6003af33a877733891ac55c10385343b550.jpg
https://gss3.bdstatic.com/-Po3dSag_xI4khGkpoWK1HF6hhy/baike/c0%3Dbaike80%2C5%2C5%2C80%2C26/sign=e8ea22610cb30f242197e451a9fcba26/d62a6059252dd42abb5788ab003b5bb5c9eab850.jpg
https://gss3.bdstatic.com/7Po3dSag_xI4khGkpoWK1HF6hhy/baike/c0%3Dbaike80%2C5%2C5%2C80%2C26/sign=f04367038226cffc7d27b7e0d86821f5/64380cd7912397dde642899e5982b2b7d0a28774.jpg
