
http://pic.pingguolv.com/uploads/allimg/161109/77-161109150351.jpg	http://www.pingguolv.com/zy/gongxiao/73454.html
http://a1.att.hudong.com/85/01/01100000000000144734011414567_s.jpg	http://www.baike.com/wiki/%E7%82%B9%E5%9C%B0%E6%A2%85
http://e.share.photo.xuite.net/bruce0342/1e07dee/10988358/513039528_m.jpg	http://bruce0342.blogspot.com/2009/03/blog-post_16.html
http://e.share.photo.xuite.net/bruce0342/1e07d27/10988358/513029857_m.jpg	http://bruce0342.blogspot.com/2009/03/blog-post_16.html
https://gss3.bdstatic.com/-Po3dSag_xI4khGkpoWK1HF6hhy/baike/c0%3Dbaike60%2C5%2C5%2C60%2C20/sign=40d1f623d70735fa85fd46ebff3864d6/1b4c510fd9f9d72a8b904425d72a2834349bbb16.jpg	https://baike.baidu.com/item/%E7%82%B9%E5%9C%B0%E6%A2%85
https://image.zhongyibaike.com/image/%E7%82%B9%E5%9C%B0%E6%A2%85/%E7%82%B9%E5%9C%B0%E6%A2%85.jpg	https://zhongyibaike.com/wiki/%E7%82%B9%E5%9C%B0%E6%A2%85
http://img9.ph.126.net/v8Fr_gbfXzZfJuh82mI9Uw==/6597720677540054979.jpg	http://blog.163.com/conglinnvwu@126/blog/static/120698522012670054958
http://a3.att.hudong.com/07/00/01300537649414136462009829433_s.jpg	http://www.baike.com/wiki/%E7%A1%AC%E6%9E%9D%E7%82%B9%E5%9C%B0%E6%A2%85
http://www.naturelib.net/sites/default/files/styles/larger/public/field/image/7-DSC_7424.jpg?itok=KKqBKYNr	http://www.naturelib.net/node/45
http://www.baihuamen.com/d/file/2014/03-25/d60410aab7bb4f3b541f378c824acc6b.jpg	http://www.baihuamen.com/diandimei/
http://www.g12e.com/upload/html/2006/11/6/zlm9155200611616245123143.jpg	http://www.g12e.com/html/5/289/294/300/2006/11/zl014161526161160023664-0.shtml
http://a0.att.hudong.com/25/01/20200000013920144734011099502_s.jpg	http://www.baike.com/wiki/%E7%82%B9%E5%9C%B0%E6%A2%85
http://www.yuhuagu.com/uploads/allimg/130612/10-130612140447.jpg	http://www.yuhuagu.com/ktsh/8292.html
http://a1.att.hudong.com/26/83/20300543532588144670836323786_s.jpg	http://www.baike.com/wiki/%E7%9F%B3%E8%8E%B2%E5%8F%B6%E7%82%B9%E5%9C%B0%E6%A2%85
http://www.cnhua.net/uploads/allimg/090520/21142T1Y-0.JPG	http://blog.sina.com.cn/s/blog_4d3b49f10102vpc6.html
http://www.baihuamen.com/d/file/2014/03-25/bc4439bd176b92f85fcdd2d081381bbb.jpg	http://www.baihuamen.com/diandimei/
http://a3.att.hudong.com/55/58/20300543230558144669583545933_s.png	http://www.baike.com/wiki/%E7%A1%AC%E6%9E%9D%E7%82%B9%E5%9C%B0%E6%A2%85
http://www.baihuamen.com/d/file/2014/03-25/4c98c0426cac9175e362b6131bb433e4.jpg	http://www.baihuamen.com/diandimei/
https://8.share.photo.xuite.net/amei10020/188d934/13191669/671376447_m.jpg	http://blog.xuite.net/amei10020/twblog/144245121-%E9%BB%9E%E5%9C%B0%E6%A2%85%28%E5%9C%B0%E9%8C%A2%E8%8D%89%29
http://img.bimg.126.net/photo/fyu7HDK8mEk-tzCYNwMmiw==/3947968023360541409.jpg	http://cnflora.lofter.com/post/11d76c_5bba86
http://1.im.guokr.com/3ouN2PEVXEpUnwUyxBotdXF4aTBBfyPbnK_V_TSX_YdgAwAAfwQAAFBO.png?imageView2/1/w/590/h/785	http://www.guokr.com/post/642354/
http://www.yuhuagu.com/uploads/allimg/130612/10-130612135451.jpg	http://www.yuhuagu.com/ktsh/8290.html
http://a3.att.hudong.com/32/01/01300535501133136462010213644_s.jpg	http://www.baike.com/wiki/%E6%99%AF%E5%A4%A9%E7%82%B9%E5%9C%B0%E6%A2%85
http://www.365azw.com/Attachments/share/201511/564d41d18878c.jpg	http://www.365azw.com/share/s-194742
https://8.share.photo.xuite.net/amei10020/188d929/13191669/671380788_m.jpg	http://blog.xuite.net/amei10020/twblog/144245121-%E9%BB%9E%E5%9C%B0%E6%A2%85%28%E5%9C%B0%E9%8C%A2%E8%8D%89%29
http://a1.att.hudong.com/86/34/20300543523714147632343691000_s.jpg	http://www.baike.com/wiki/%E5%AF%86%E6%AF%9B%E7%82%B9%E5%9C%B0%E6%A2%85
http://s4.sinaimg.cn/mw690/002ZneeQgy6ZLwGNMBl23&690	http://blog.sina.com.cn/s/blog_a3443da80102x88j.html
https://img.ys137.com/data/upload/ueditor/20170608/593906e150b97.jpg	https://www.ys137.com/zyys/1708741.html
http://a2.att.hudong.com/60/64/16300000044935127261646688901.jpg	http://tupian.baike.com/a2_60_64_16300000044935127261646688901_jpg.html?prd=zhengwenye_left_futu_tupian
http://www.yuhuagu.com/uploads/allimg/111031/1-111031122322.jpg	http://www.yuhuagu.com/ktsh/1766.html
http://www.365azw.com/Attachments/share/201511/564d41ec48874.jpg	http://www.365azw.com/share/s-194742
http://a3.att.hudong.com/00/01/01300537649414136462010047103_s.jpg	http://www.baike.com/wiki/%E7%A1%AC%E6%9E%9D%E7%82%B9%E5%9C%B0%E6%A2%85
http://2.im.guokr.com/waXfWNoQxSeXvGKMuVYH-V3B7cim8o7xRrB3JVXzVsW1AgAA6QMAAFBO.png?imageView2/1/w/590/h/852	http://www.guokr.com/post/642354/
http://www.huayugu.com.cn/uploads/allimg/160526/1-1605261505060-L.jpg	http://www.huayugu.com.cn/lianyediandimei/
http://a4.att.hudong.com/81/84/01300001110648129749848638756_s.jpg	http://www.baike.com/wiki/%E7%82%B9%E5%9C%B0%E6%A2%85%E5%B1%9E
http://photo.cvh.org.cn/gallery/photo/2006/7/19/42133.jpg	http://zhiwu.bm8.com.cn/show.asp?id=%BA%B5%C9%FA%B5%E3%B5%D8%C3%B7
http://image98.360doc.com/DownloadImg/2016/08/0213/77060215_10	http://www.360doc.com/content/16/0802/13/13005549_580226943.shtml
http://e.share.photo.xuite.net/tsu235/1e14eea/8719180/361000862_m.jpg	http://blog.xuite.net/tsu235/twblog/114942351
http://www.yixue.com/images/6/6e/Bkc3z.jpg	http://www.yixue.com/%E5%8C%97%E6%96%B9%E7%82%B9%E5%9C%B0%E6%A2%85
http://img.supfree.net/zhongyao/images/9619_1.jpg	http://zhongyao.m.supfree.net/hao.asp?id=%CE%F7%B2%D8%B5%E3%B5%D8%C3%B7
http://pic.pingguolv.com/uploads/allimg/161109/77-161109150230.jpg	http://www.pingguolv.com/zy/gongxiao/73454.html
http://1.im.guokr.com/--nTRMS6qxuA9DeyOGJAginGHISNp8wowtgJX9TWfOdgAwAAiAIAAFBO.png?imageView2/1/w/590/h/442	http://www.guokr.com/post/642354/
http://photo.hanyu.iciba.com/upload/encyclopedia_2/b3/35/bk_b335d005f119a746b8cc8fb41299b54e_EMohQD.jpg	http://blog.sina.com.cn/s/blog_4d3b49f10102vpc6.html
https://gss3.bdstatic.com/7Po3dSag_xI4khGkpoWK1HF6hhy/baike/s%3D220/sign=9db416c9b3de9c82a265fe8d5c8380d2/d31b0ef41bd5ad6ed228961a81cb39dbb7fd3c68.jpg	https://baike.baidu.com/item/%E7%82%B9%E5%9C%B0%E6%A2%85
http://huafans.dbankcloud.com/pic/2016/06/21/76bba491a4529c62e2db99b05011317f_IMG_20160618_122650.jpg?mode=download	http://club.huawei.com/thread-10006129-1-1.html
http://a3.att.hudong.com/07/65/20300000164151143278653926317_s.jpg	http://www.baike.com/wiki/%E5%9E%AB%E7%8A%B6%E7%82%B9%E5%9C%B0%E6%A2%85
http://a4.att.hudong.com/82/01/01100000000000144734011249568_s.jpg	http://www.baike.com/wiki/%E7%82%B9%E5%9C%B0%E6%A2%85
http://s1.sinaimg.cn/mw690/0022rybyzy70VSRcLi890&690	http://blog.sina.com.cn/s/blog_dc9502ab0102wsny.html
http://photo.cvh.org.cn/gallery/photo/2006/5/31/24322.jpg	http://zhiwu.bm8.com.cn/show.asp?id=%B5%E3%B5%D8%C3%B7
http://a0.att.hudong.com/54/18/20300543507051144622183982608_s.jpg	http://www.baike.com/wiki/%E6%8E%8C%E5%8F%B6%E7%82%B9%E5%9C%B0%E6%A2%85
http://s15.sinaimg.cn/mw690/002n6cJzty70tr3wGQe5e&690	http://blog.sina.com.cn/s/blog_818e82390102wasn.html
https://gss1.bdstatic.com/-vo3dSag_xI4khGkpoWK1HF6hhy/baike/c0%3Dbaike60%2C5%2C5%2C60%2C20/sign=c4bf2a5259ee3d6d36cb8f99227f0647/8cb1cb134954092348d65a8b9258d109b2de4983.jpg	https://baike.baidu.com/item/%E7%82%B9%E5%9C%B0%E6%A2%85%E5%B1%9E
http://3.im.guokr.com/kKUjnHgzsMq_8BBS0_B_HUDJiiXPgWbFnXRLb37_5_pgAwAAiAIAAFBO.png?imageView2/1/w/590/h/442	http://www.guokr.com/post/642354/
http://e.share.photo.xuite.net/bruce0342/1e07dc2/10988358/513023612_m.jpg	http://bruce0342.blogspot.com/2009/03/blog-post_16.html
http://www.rensheng2.com/upload/2017/05/08/5ae7c09a1c290104.jpg	http://www.rensheng2.com/1720000/1715426.shtml
http://a2.att.hudong.com/36/99/20300542820033144602998744287_s.jpg	http://www.baike.com/wiki/%E5%9C%86%E5%8F%B6%E7%82%B9%E5%9C%B0%E6%A2%85
http://e.share.photo.xuite.net/bruce0342/1e07d4f/10988358/513032201_m.jpg	http://bruce0342.blogspot.com/2009/03/blog-post_16.html
http://a3.att.hudong.com/34/04/20300543809091148352047922727_s.jpg	http://www.baike.com/wiki/%E9%98%94%E8%8B%9E%E8%8E%B2%E5%8F%B6%E7%82%B9%E5%9C%B0%E6%A2%85
http://plant.yuanlin123.com/plant/UploadFile/Picture/2010-6/116.jpg	http://plant.yuanlin123.com/plant/PictureShow.asp?PicID=454
http://a0.att.hudong.com/01/85/20300543523714144577859244235_s.jpg	http://www.baike.com/wiki/%E5%A4%A7%E5%8F%B6%E7%82%B9%E5%9C%B0%E6%A2%85
https://gss2.bdstatic.com/9fo3dSag_xI4khGkpoWK1HF6hhy/baike/s%3D220/sign=00121431798da9774a2f81298050f872/58ee3d6d55fbb2fb09948f10454a20a44623dc71.jpg	https://baike.baidu.com/item/%E8%8E%B2%E5%8F%B6%E7%82%B9%E5%9C%B0%E6%A2%85
https://cdn.huaniaoy.cn/20151223/original/1450804729649.jpg@!picb	https://www.huaniaoy.com/yangzhifangfa/649/
http://a4.att.hudong.com/73/37/20300543140711144635376825166_s.jpg	http://www.baike.com/wiki/%E5%A4%A7%E7%BA%A2%E8%8A%B1%E7%82%B9%E5%9C%B0%E6%A2%85
http://a3.att.hudong.com/60/01/01100000000000144734011564925_s.jpg	http://www.baike.com/wiki/%E7%82%B9%E5%9C%B0%E6%A2%85
http://pic.pingguolv.com/uploads/allimg/161109/77-161109150145.jpg	http://www.pingguolv.com/zy/gongxiao/73454.html
http://www.zhongyao1.com/uploads/201611/1477979985tvzWESlq.jpg	http://www.zhongyao1.com/doc-view-1043.html
https://upload.wikimedia.org/wikipedia/commons/4/4d/Primulaceae_-_Androsace_sarmentosa.jpg	https://zh.wikipedia.org/wiki/%E5%8C%8D%E8%8C%8E%E7%82%B9%E5%9C%B0%E6%A2%85
http://s8.sinaimg.cn/mw690/002n6cJzty70tr3DEsT77&690	http://blog.sina.com.cn/s/blog_818e82390102wasn.html
http://2.im.guokr.com/XFK6jB3A8PIXSBOczf05-eACvMANLEcH7MSbFO59tNEUAgAAHwMAAFBO.png	http://www.guokr.com/post/642354/
http://a3.att.hudong.com/72/02/01300544000509147851029922586_s.jpg	http://www.baike.com/wiki/%E5%9C%86%E5%8F%B6%E7%82%B9%E5%9C%B0%E6%A2%85
http://pic.pingguolv.com/uploads/allimg/170513/124-1F5131Q039.png	http://www.pingguolv.com/zy/gongxiao/96930.html
http://img04.sogoucdn.com/net/a/100520101/link?appid=100520101&url=https://mmbiz.qlogo.cn/mmbiz_jpg/LFic3DsXjGUGlBhqhiap3Q1l2DrMPnA0Net0icQjC9cqZtFncR8DaYqC8VXLgFaj0icpc3knOyf9ic3RjhfK3dIM7zw/0?wx_fmt=jpeg	http://baike.m.sogou.com/baike/weixinArticle.jsp?lid=125220&sid=Af6RiKYbLKIvaa97C7hWFZR5&title=%E7%82%B9%E5%9C%B0%E6%A2%85&g_ut=3
http://www.cnhua.net/uploads/allimg/140901/000605HQ-0.jpg	http://flora.cnhua.net/Alpineflowers/Androsace_spinulifera.html
http://www.huayugu.com.cn/uploads/allimg/160526/1-1605261503360-L.jpg	http://www.huayugu.com.cn/lianyediandimei/
http://s1.sinaimg.cn/bmiddle/001YaAzrzy73sh1bi1yc0&690	http://blog.sina.cn/dpool/blog/s/blog_6b99ba750102xlfn.html?md=gd
http://img01.sogoucdn.com/net/a/100520101/link?appid=100520101&url=http://mmbiz.qpic.cn/mmbiz_jpg/AolTV8AP7fJ3uuibjMicWC6urhsH8xkXBzMylqG6QMJj266JQOoibqiaCiclG7sL5McB1cnCZZmRNRViaRyD7MqkQHkA/0?wx_fmt=jpeg	http://baike.m.sogou.com/baike/weixinArticle?lid=9119059&title=%E5%9E%AB%E7%8A%B6%E7%82%B9%E5%9C%B0%E6%A2%85&g_ut=3
http://pic.baike.soso.com/ugc/baikepic2/12110/20160909132936-510950120.jpg/300	http://baike.soso.com/ShowTitle.e?sp=S%E7%82%B9%E5%9C%B0%E6%A2%85
http://www.cnhua.net/uploads/allimg/140829/201A111K-0.jpg	http://flora.cnhua.net/Alpineflowers/Androsace_bulleyana.html
https://cdn.huaniaoy.cn/20160723/original/1469269258652.jpg@!pic280zw	https://www.huaniaoy.com/yangzhifangfa/649/
http://s12.sinaimg.cn/mw690/001kavhfgy6J6OtwMxd5b&690	http://blog.sina.com.cn/s/blog_485ea8790102efxr.html
https://gss2.bdstatic.com/-fo3dSag_xI4khGkpoWK1HF6hhy/baike/s%3D220/sign=f96b1ca58dd6277fed12353a18391f63/7acb0a46f21fbe0915094b0a61600c338744ad5d.jpg	https://baike.baidu.com/item/%E7%82%B9%E5%9C%B0%E6%A2%85
http://s3.sinaimg.cn/mw690/001kavhfgy6J6NLw2vU92&690	http://blog.sina.com.cn/s/blog_485ea8790102efxr.html
http://www.cnhua.net/uploads/allimg/140901/0006053054-1.jpg	http://flora.cnhua.net/Alpineflowers/Androsace_spinulifera.html
http://pic.pingguolv.com/uploads/allimg/161109/77-161109150632.jpg	http://m.pingguolv.com/zy/gongxiao/73454.html
http://img.xunhai.com/2015/11/26/144848566812318.jpg	http://www.xunhai.com/diandimei/
http://www.rensheng2.com/upload/2017/05/08/790cc6a8757491f5.jpg	http://www.rensheng2.com/1720000/1715426.shtml
http://huafans.dbankcloud.com/pic/2016/06/21/15418eb194323bc5042267c1912b781b_IMG_20160618_122821.jpg?mode=download	http://club.huawei.com/thread-10006129-1-1.html
http://photo.cvh.org.cn/gallery/photo/2007/6/13/204645.jpg	http://zhiwu.bm8.com.cn/show.asp?id=%B5%E3%B5%D8%C3%B7
http://www.huayugu.com.cn/uploads/allimg/160610/1-1606101102500-L.jpg	http://www.huayugu.com.cn/yehuadiandimei/
http://s1.sinaimg.cn/mw690/0022rybyzy70VSSdDZmf0&690	http://blog.sina.com.cn/s/blog_dc9502ab0102wsny.html
http://img95.699pic.com/photo/50006/7238.jpg_wh300.jpg	http://699pic.com/tupian/diandimeijiongpobuanguo.html
http://www.huayugu.com.cn/uploads/allimg/160610/1-1606101105410-L.jpg	http://www.huayugu.com.cn/yehuadiandimei/
http://www.pjcn.org/uploads/allimg/1611/1-16112522245C12.jpg	http://www.pjcn.org/hy/2901/
http://z.xiziwang.net/uploads/allimg/140830/14_140830115521_1.jpg	http://z.xiziwang.net/hua/14921/
http://www.huayugu.com.cn/uploads/allimg/160610/1-160610110H40-L.jpg	http://www.huayugu.com.cn/yehuadiandimei/
http://pic.pingguolv.com/uploads/allimg/161109/77-161109150207.jpg	http://www.pingguolv.com/zy/gongxiao/73454.html
http://a1.att.hudong.com/83/01/01300535501133136462011341548_s.jpg	http://www.baike.com/wiki/%E6%99%AF%E5%A4%A9%E7%82%B9%E5%9C%B0%E6%A2%85
http://a3.att.hudong.com/17/99/20300543532614144670998338602_s.jpg	http://www.baike.com/wiki/%E8%8E%B2%E5%8F%B6%E7%82%B9%E5%9C%B0%E6%A2%85
http://tu.qt3191.com/allimg/100511/1-100511210U3.jpg	http://www.qt3191.com/huacaoshumutupian/18558.html
http://www.neipet.com/wp-content/uploads/2016/06/%E7%82%B9%E5%9C%B0%E6%A2%85.png	http://www.neipet.com/plant/25881.html
