
http://a0.att.hudong.com/70/49/01100000000000144740499829341_s.jpg	http://www.baike.com/wiki/%E9%A3%8E%E9%93%83%E8%8D%89
http://www.huajiang.cc/uploads/140508/10-14050R0230M15.jpg	http://www.huajiang.cc/yanghua/20140508/621.html
http://a0.att.hudong.com/85/49/01100000000000144740498506742_s.jpg	http://www.baike.com/wiki/%E9%A3%8E%E9%93%83%E8%8D%89
http://image48.360doc.com/DownloadImg/2012/01/1915/20851221_1.jpg	http://www.360doc.com/content/12/0119/15/6330997_180359773.shtml
http://www.sdqzlh.com/uploads/cp/20130701041134.jpg	http://www.sdqzlh.com/diqu_dezhou/pro/82.html
http://img.zwbk.org/baike/spic/2010/12/10/20101210101229776_4001.jpg	http://m.zwbk.org/lemma/94962
http://a4.att.hudong.com/08/49/01100000000000144740498408765_s.jpg	http://www.baike.com/wiki/%E9%A3%8E%E9%93%83%E8%8D%89
http://pic15.nipic.com/20110724/3101644_181437003244_2.jpg	http://www.nipic.com/show/1/44/4885268k2ea06c64.html
http://a2.att.hudong.com/37/48/20200000013920144740488979488_s.jpg	http://www.baike.com/wiki/%E9%A3%8E%E9%93%83%E8%8D%89
http://www.huamu.cn/Upload/Baike/0901183467171.jpg	http://www.huamu.cn/pinzhong/pinzhong-tupian2-1328.html
http://a1.att.hudong.com/72/38/01200000032390136323382002726.jpg	http://tupian.baike.com/a1_72_38_01200000032390136323382002726_jpg.html&prd=so_tupian
http://img05.tooopen.com/images/20150909/tooopen_sy_142030099239.jpg	http://so.tooopen.com/search/%E9%A3%8E%E9%93%83%E8%8D%89_0_0_0_0_0_2_1.aspx
http://www.iyanghua.com/f/fenglingcao/20081121231310_2.jpg	http://www.iyanghua.com/f/fenglingcao/
http://www.wdptj.com/wp-content/uploads/2015/06/%E4%B8%9B%E7%94%9F%E9%A3%8E%E9%93%83%E8%8D%89%E5%85%BB%E6%AE%96%E6%96%B9%E6%B3%952.jpg	http://www.wdptj.com/fenglingcao/
https://thumbs.dreamstime.com/z/%E5%BA%AD%E9%99%A2%E9%A3%8E%E9%93%83%E8%8D%89%E5%BC%80%E8%8A%B1-51933211.jpg	https://cn.dreamstime.com/%E5%85%8D%E7%89%88%E7%A8%8E%E5%BA%93%E5%AD%98%E5%9B%BE%E7%89%87-%E9%A3%8E%E9%93%83%E8%8D%89%E5%BC%80%E8%8A%B1-image27937169
http://www.wdptj.com/wp-content/uploads/2015/06/%E9%A3%8E%E9%93%83%E8%8D%89%E7%9A%84%E8%8A%B1%E8%AF%AD5.jpg	http://www.wdptj.com/fenglingcao/
http://pic15.nipic.com/20110724/3101644_181437031494_2.jpg	http://www.nipic.com/show/1/44/4885267k9a89bb54.html
http://a0.att.hudong.com/36/00/16300000665920125896003083308.jpg	http://tupian.baike.com/a0_36_00_16300000665920125896003083308_jpg.html?prd=zhengwenye_left_futu_tupian
http://img.boqiicdn.com/Data/BK/A/1512/14/imagick28161450073973_y.jpg	http://www.boqii.com/tag/28726/
http://www.iyanghua.com/f/fenglingcao/20081121231143_2.jpg	http://www.iyanghua.com/f/fenglingcao/
http://2.bp.blogspot.com/_HTuwXiSIqmQ/TG-tXuomLLI/AAAAAAAAAoM/T-bDzd_95H4/s1600/%E9%A3%8E%E9%93%83%E8%8D%89.jpg	https://home.gamer.com.tw/creationDetail.php?sn=1341923
https://upload.wikimedia.org/wikipedia/commons/thumb/d/de/Campanula_cespitosa.jpg/250px-Campanula_cespitosa.jpg	https://zh.wikipedia.org/wiki/%E9%A2%A8%E9%88%B4%E8%8D%89%E5%B1%AC
http://www.baihuamen.com/d/file/2014/04-24/eb255c2bb09b24d4667f7ef9d9694eb6.jpg	http://www.baihuamen.com/congshengfenglingcao/10867_3.html
http://www.wed114.cn/jiehun/uploads/allimg/140521/36_140521165345_2.jpg	http://www.wed114.cn/jiehun/zhiwu/20140513122473_3.html
http://a4.att.hudong.com/26/49/01100000000000144740499431331_s.jpg	http://www.baike.com/wiki/%E9%A3%8E%E9%93%83%E8%8D%89
http://a3.att.hudong.com/72/20/01300000115459120891206402175.jpg	http://tupian.baike.com/a3_72_20_01300000115459120891206402175_jpg.html
https://nancyjunzhou.files.wordpress.com/2012/06/dsc_9756.jpg	https://nancyjunzhou.wordpress.com/2012/06/24/%E5%AF%BB%E8%B8%AA%E9%A3%8E%E9%93%83%E8%8D%89/
https://gss2.bdstatic.com/-fo3dSag_xI4khGkpoWK1HF6hhy/baike/s%3D220/sign=d2691eb62b2eb938e86d7df0e56385fe/32fa828ba61ea8d37b916953930a304e251f5831.jpg	https://baike.baidu.com/item/%E9%A3%8E%E9%93%83%E8%8D%89/680375
http://www.glzhuang.com/Attachments/share/201507/55b1b6029beac.png	http://www.jiebo8.com/Article/6aOO6ZOD6I2J6Iqx6K%2Bt.html
https://gss0.bdstatic.com/94o3dSag_xI4khGkpoWK1HF6hhy/baike/s%3D220/sign=a63e3e5f5743fbf2c12ca121807fca1e/fcfaaf51f3deb48fec36ba89f41f3a292df5780d.jpg	https://baike.baidu.com/item/%E9%A3%8E%E9%93%83%E8%8D%89/680375
http://pic17.nipic.com/20111015/3101644_095341960267_2.jpg	http://www.nipic.com/show/1/44/5218774kba32043d.html
http://img.zwbk.org/baike/spic/2010/12/10/20101210101003589_7119.jpg	http://m.zwbk.org/lemma/94962
https://gss0.bdstatic.com/94o3dSag_xI4khGkpoWK1HF6hhy/baike/s%3D220/sign=73e9a24cd00735fa95f049bbae500f9f/dbb44aed2e738bd46bedb266a58b87d6267ff99d.jpg	https://baike.baidu.com/item/%E9%A3%8E%E9%93%83%E8%8D%89/680375
http://www.zhiwu365.com/uploads/plant/253_fenglingcao/default/original/5_fenglingcao.jpg	http://www.zhiwu365.com/plant/289
http://img02.tooopen.com/images/20151029/tooopen_sy_146724547949.jpg	http://so.tooopen.com/search/%E9%A3%8E%E9%93%83%E8%8D%89_0_0_0_0_0_2_1.aspx
http://lvpu.net/SuGenHuaHui/KuoYeFengLingCao/001.jpg	http://lvpu.net/SuGenHuaHui/KuoYeFengLingCao/
http://a3.att.hudong.com/27/49/01100000000000144740499895778_s.jpg	http://www.baike.com/wiki/%E9%A3%8E%E9%93%83%E8%8D%89
https://www.huabaike.com/uploads/allimg/sltimg/201605/572c5debe41d3.jpg	https://www.huabaike.com/jtyh/3185.html
http://www.ti29.com/tu/849145.jpg	http://www.ti29.com/hua/652.html
http://img0.dreamhy.com/upload/20130903/0145389622.jpg	http://www.dreamhy.com/xuetang/detail-13399.aspx
https://www.huabaike.com/uploads/allimg/artimg/201605/20160506170545_63052.jpg	https://www.huabaike.com/hyjk/3190.html
http://pic4.55jia.net/fengshuizhiwu/17/a53212.jpg	http://www.55jia.net/75/257179.html
http://www.chla.com.cn/uploadfile/2011/new2011617/images/2012/08/20120806114400.jpg	http://www.chla.com.cn/htm/2012/0808/135605.html
http://s10.sinaimg.cn/mw690/49a4b55dhd274a88ae1d9&690	http://blog.sina.com.cn/s/blog_49a4b55d0102e8pb.html
http://img.niaolei.org.cn/wp-uploads/50/UeWG8haC.jpg	http://niaolei.org.cn/posts/49480
http://a2.att.hudong.com/42/77/01300000115459120890771224217_s.jpg	http://niaolei.org.cn/tag/%E9%A3%8E%E9%93%83%E8%8D%89
http://pic34.nipic.com/20131024/588525_213718346000_2.jpg	http://www.nipic.com/show/9082258.html
http://imglf1.ph.126.net/bmK1m7OEVNFOy1l9WERjVA==/97390341959969392.jpg	http://mengs.lofter.com/post/1cd803_cd0722
http://pic14.nipic.com/20110612/3101644_123127970525_2.jpg	http://www.nipic.com/show/1/44/4703845k21679911.html
http://cdn.pic.jianliw.com/cpic/19/3e/846fb826f05a361c44a7b233bc8c3e19.jpg	http://www.jianliw.com/25964.html
http://s15.sinaimg.cn/middle/66019f9ena11937f8559e&690	http://blog.sina.com.cn/s/blog_66019f9e0100r6t7.html
http://yy.yuhuagu.com/images/upload/Image/2(1).jpg	http://yy.yuhuagu.com/goods.php?id=896
http://pic.baike.soso.com/ugc/baikepic/21819/cut-20140327154343-1603646405.jpg/0	http://baike.soso.com/v5974.htm?ch=ch.bk.innerlink
http://www.wdptj.com/wp-content/uploads/2014/10/%E9%A3%8E%E9%93%83%E8%8D%893.jpg	http://www.wdptj.com/4847.html
http://a2.att.hudong.com/47/82/01300000115459120890823489832_s.jpg	http://niaolei.org.cn/tag/%E9%A3%8E%E9%93%83%E8%8D%89
http://pic5.nipic.com/20100303/3646857_155338388181_2.jpg	http://www.nipic.com/show/2/52/cdfe4658aa746510.html
http://img.daimg.com/uploads/allimg/130420/3-130420222204.jpg	http://www.daimg.com/search.php?keyword=%B7%E7%C1%E5%B2%DD
https://thumbs.dreamstime.com/z/%E5%9C%A8%E7%99%BD%E8%89%B2%E8%83%8C%E6%99%AF%E7%9A%84%E9%A3%8E%E8%BD%AE%E8%8D%89%E9%A3%8E%E9%93%83%E8%8D%89%E3%80%82-30195474.jpg	https://cn.dreamstime.com/%E5%BA%93%E5%AD%98%E5%9B%BE%E7%89%87-%E5%9C%A8%E7%99%BD%E8%89%B2%E8%83%8C%E6%99%AF%E7%9A%84%E9%A3%8E%E8%BD%AE%E8%8D%89%E9%A3%8E%E9%93%83%E8%8D%89%E3%80%82-image30195474
http://www.51huayi.com/uploads/Product/200912/402204/15-21/W/141119124531345.jpg	http://www.51huayi.com/product_23076.html
http://img01.hua.com/uploadpic/images/2015323103732737262.JPG	http://www.hua.com/huayu/12031.html
https://upload.wikimedia.org/wikipedia/commons/4/4a/Campanule_FR_2012.jpg	https://zh.wikipedia.org/wiki/%E9%A2%A8%E9%88%B4%E8%8D%89%E5%B1%AC
http://a4.att.hudong.com/67/67/01300000251517122949670852922_s.jpg	http://www.baike.com/wiki/%E6%99%BA%E5%88%A9%E9%A3%8E%E9%93%83%E8%8D%89
http://www.365azw.com/Attachments/share/201511/564ec5e7789e3.jpg	http://www.365azw.com/share/s-195031
https://www.huabaike.com/uploads/allimg/artimg/201605/20160506170907_82745.jpg	https://www.huabaike.com/jtyh/3193.html
http://a2.att.hudong.com/13/85/01300000164120121393854056823.jpg	https://home.gamer.com.tw/creationDetail.php?sn=1341923
https://gss1.bdstatic.com/9vo3dSag_xI4khGkpoWK1HF6hhy/baike/s%3D220/sign=50e382697fec54e745ec1d1c89399bfd/18d8bc3eb13533faf3579c79acd3fd1f40345b87.jpg	https://baike.baidu.com/item/%E9%A3%8E%E9%93%83%E8%8D%89/680375
http://s8.sinaimg.cn/mw690/001EPr8Agy711pJxTaDd7&690	http://blog.sina.com.cn/s/blog_5a90e5480102w68a.html
http://image89.360doc.com/DownloadImg/2015/10/0306/59656544_8.jpg	http://www.360doc.com/content/15/1003/06/10533595_502967513.shtml
https://thumbs.dreamstime.com/z/%E5%9C%A8-%E8%89%B2%E8%83%8C%E6%99%AF%E7%9A%84-%E8%89%B2%E9%A3%8E%E9%93%83%E8%8D%89-32514013.jpg	https://cn.dreamstime.com/%E5%BA%93%E5%AD%98%E7%85%A7%E7%89%87-%E5%9C%A8-%E8%89%B2%E8%83%8C%E6%99%AF%E7%9A%84-%E8%89%B2%E9%A3%8E%E9%93%83%E8%8D%89-image32514013
http://www.ew9z.com/wp-content/uploads/2010/11/Campanula_persicifolia_plant_flowers_01.jpg	http://www.ew9z.com/taoyefenglingcao-huayu-tupian.html
http://www.yuhuagu.com/uploads/allimg/100730/1_100730220322_1.jpg	http://www.yuhuagu.com/jiating/2010/0730/1086.html
http://www.38fan.com/uploads/allimg/160706/51_160706143449_1.png	http://www.38fan.com/zhiwu/20160706142156.html
http://img.ph.126.net/WFG8Cse2SsYQ9fgS8gN2tg==/3270176279425229195.jpg	http://blog.sina.com.cn/s/blog_4c705eb50100y5ql.html
http://www.baihuamen.com/d/file/2014/04-24/b8cbbec923140f3187eb330bfb15a953.jpg	http://www.baihuamen.com/congshengfenglingcao/
https://en.pimg.jp/002/611/513/1/2611513.jpg	https://cn.pixtastock.com/photo/2611513
http://lvpu.net/SuGenHuaHui/KuoYeFengLingCao/002.jpg	http://lvpu.net/SuGenHuaHui/KuoYeFengLingCao/
http://pic14.nipic.com/20110612/3101644_123126971751_2.jpg	http://www.nipic.com/show/1/44/4703847k42a6fef5.html
https://www.huabaike.com/uploads/allimg/sltimg/201605/572c5e907c46a.jpg	https://www.huabaike.com/jtyh/3185.html
http://static.flickr.com/73/170016923_2a8714831c.jpg	http://lpj9957.blog.163.com/blog/static/1332054922012931840633
https://thumbs.dreamstime.com/z/%E9%9D%92%E7%9A%84-%E8%89%B2%E9%A3%8E%E9%93%83%E8%8D%89-%E9%A3%8E%E8%BD%AE%E8%8D%89-48478121.jpg	https://cn.dreamstime.com/%E5%BA%93%E5%AD%98%E7%85%A7%E7%89%87-%E9%9D%92%E7%9A%84-%E8%89%B2%E9%A3%8E%E9%93%83%E8%8D%89-%E9%A3%8E%E8%BD%AE%E8%8D%89-image48478121
http://img.redocn.com/sheying/20140919/lansedefenglingcao_3108869.jpg	http://so.redocn.com/cao/b7e7c1e5b2dd.htm
https://thumbs.dreamstime.com/z/%E7%99%BD%E8%89%B2%E9%A3%8E%E9%93%83%E8%8D%89%E7%9A%84%E9%A2%86%E5%9F%9F%E5%9C%A8%E7%88%B1%E6%B2%99%E5%B0%BC%E4%BA%9A-73463621.jpg	https://cn.dreamstime.com/%E5%BA%93%E5%AD%98%E7%85%A7%E7%89%87-%E7%99%BD%E8%89%B2%E9%A3%8E%E9%93%83%E8%8D%89%E7%9A%84%E9%A2%86%E5%9F%9F%E5%9C%A8%E7%88%B1%E6%B2%99%E5%B0%BC%E4%BA%9A-image73463621
https://www.huabaike.com/uploads/allimg/artimg/201605/20160506170857_68128.jpg	https://www.huabaike.com/jtyh/3193.html
http://a3.att.hudong.com/30/49/01100000000000144740499630244_s.jpg	http://www.baike.com/gwiki/%E9%92%9F%E8%8A%B1
http://img.daimg.com/uploads/allimg/130420/3-130420223607.jpg	http://www.daimg.com/search.php?keyword=%B7%E7%C1%E5%B2%DD
http://www.pjcn.org/uploads/allimg/1701/1-1F10R122121O.jpg	http://www.pjcn.org/gl/3210/
http://img04.tooopen.com/images/20130422/tooopen_10051996.jpg	http://so.tooopen.com/search/%E9%A3%8E%E9%93%83%E8%8D%89.aspx
http://tavis.tw/ezfiles/0/1000/gallery/61/461/gallery_461_924323_40101.jpg	http://tavis.tw/files/996-1000-461.php
http://mmbiz.qpic.cn/mmbiz/8c0CsZNsvFRst7ibcUuUJS825Fqn2icaA0gtE39wdIDMv5IVhFSIZxwr0EDX1eeR5WryexCxN0IYDQvepIcAsU1w/0	http://www.floribreedersseeds.com/en/news_show.asp?s_id=4
http://img03.tooopen.com/images/20131008/sy_42218559188.jpg	http://so.tooopen.com/search/%E9%A3%8E%E9%93%83%E8%8D%89_0_0_0_0_0_2_1.aspx
http://www.esgdiy.net/Article/UploadFiles09/200810/2008101900381596.jpg	http://www.esgdiy.net/Article/zy/hh/200810/57503.htm
http://www.wdptj.com/wp-content/uploads/2015/06/%E9%A3%8E%E9%93%83%E8%8D%89%E7%9A%84%E8%8A%B1%E8%AF%AD2.jpg	http://www.wdptj.com/fenglingcao/
http://upload-images.jianshu.io/upload_images/5027509-7181b67c1ec9cf8a.jpg?imageMogr2/auto-orient/strip%7CimageView2/2/w/720/q/50	http://www.jianshu.com/p/05cadc5db98f
https://thumbs.dreamstime.com/z/%E9%A3%8E%E9%93%83%E8%8D%89%E6%9F%A5%E5%87%BA%E7%9A%84%E6%9C%89%E5%8F%B6%E7%9A%84%E6%A1%83%E5%AD%90%E7%99%BD%E8%89%B2-25513308.jpg	https://cn.dreamstime.com/%E5%85%8D%E7%89%88%E7%A8%8E%E5%BA%93%E5%AD%98%E7%85%A7%E7%89%87-%E9%A3%8E%E9%93%83%E8%8D%89%E6%9F%A5%E5%87%BA%E7%9A%84%E6%9C%89%E5%8F%B6%E7%9A%84%E6%A1%83%E5%AD%90%E7%99%BD%E8%89%B2-image25513308
https://www.huabaike.com/uploads/allimg/sltimg/201605/572c5eea1cadf.jpg	https://www.huabaike.com/cbzw/3183.html
http://s3.sinaimg.cn/mw690/49a4b55dhc557270da972&690	http://blog.sina.com.cn/s/blog_49a4b55d0102e8nr.html
https://img.imynest.com/uploads/0/C0/0C08597822.jpeg	https://www.imynest.com/content/160233.html
http://img05.tooopen.com/images/20140416/sy_59173339232.jpg	http://www.tooopen.com/view/591733.html
http://pic25.nipic.com/20121107/11315414_192247039000_2.jpg	http://www.nipic.com/show/7081976.html
https://www.huabaike.com/uploads/allimg/artimg/201605/20160506170011_73094.jpg	https://www.huabaike.com/jtyh/3185.html
