
http://c.blog.xuite.net/c/f/8/f/13396183/blog_1400131/txt/146724325/0.jpg	http://blog.xuite.net/smile27/flower/146724325-%E5%A4%9A%E8%8A%B1%E9%87%8E%E7%89%A1%E4%B8%B9%E8%97%A4
http://pic65.nipic.com/file/20150413/532538_183502063000_2.jpg	http://www.nipic.com/zhuanti/1532096.html
http://www.yuanlin.com/flora/UpLoadFile/2013-4/20134121518589024.jpg	http://www.yuanlin.com/flora/Detail/12305.html
http://www.baihuamen.com/d/file/2014/06-01/564c6f48dee424b6b30b3b7589861fe2.jpg	http://www.baihuamen.com/duohuayemudan/
http://3.bp.blogspot.com/-4hpNcIQ0iFM/VQZwKpcsz9I/AAAAAAAAntE/uxsyWkYBLWQ/s1600/P1140391.JPG	http://purplewhee.blogspot.com/2012/12/blog-post_5.html
https://lh6.googleusercontent.com/proxy/6yODDv7XIUqg8RJZVphKD-_pW2ebCNmEryX9qLWrszoJiNFYSPdj2Xayz3tZ0gZNW5AcFdzGBtws4mpj-qD1vF0Id8_O834iw-8zG7Ws465o178=s0-d	https://i-hua.blogspot.com/2011/07/195_8.html
https://f.share.photo.xuite.net/slinwang.tw/1f2aa60/9619122/421074606_m.jpg	http://blog.xuite.net/slinwang.tw/twblog/119351293
http://pic64.nipic.com/file/20150330/532538_163824964000_2.jpg	http://www.nipic.com/zhuanti/1532096.html
http://www.baihuamen.com/d/file/2014/06-01/85bfe150de50b50a806a80a535c2250c.jpg	http://www.baihuamen.com/duohuayemudan/
http://info.qingdaoexpo2014.org/pic/img/img/2014/4/14/u123/2272P58.jpg	http://info.qingdaoexpo2014.org/en/baike/view_2960.html
http://www.baihuamen.com/d/file/2014/06-01/b8c07657052e418b72db03d214540580.jpg	http://www.baihuamen.com/duohuayemudan/17560_10.html
http://www.baihuamen.com/d/file/2014/06-01/bee178ef40095720a53e5b02cb71fc96.jpg	http://www.baihuamen.com/duohuayemudan/17560_16.html
http://pic65.nipic.com/file/20150413/532538_183319602000_2.jpg	http://www.nipic.com/zhuanti/1532096.html
http://2.bp.blogspot.com/-24kM9dVOIzk/UqGS0iPCebI/AAAAAAAAXws/qO99IxCDVvU/s1600/P1170149.JPG	http://purplewhee.blogspot.com/2012/08/blog-post_4.html
http://www.baihuamen.com/d/file/2014/06-01/32faade7347081e3ca80192dc3a647d1.jpg	http://www.baihuamen.com/duohuayemudan/
http://z.xiziwang.net/uploads/allimg/150111/30_150111213833_1.jpg	http://z.xiziwang.net/hua/18578/
http://img.d1xz.net/d/2016/09/57d373779f94f.jpg	http://www.aihuahui.com/aiguanmuhuahui/1640.html
http://3.bp.blogspot.com/-jiNyvbu-gB4/UF-cUulFSiI/AAAAAAAAIJs/tIFiY2fnntM/s1600/%E8%87%BA%E7%81%A3%E9%87%8E%E7%89%A1%E4%B8%B9%E8%97%A40208.jpg	http://hla-plant.blogspot.com/2012/09/blog-post_6386.html
http://2.bp.blogspot.com/-rwBHp6zapio/UF-cTYD1eRI/AAAAAAAAIJk/kgL-bdvTvss/s1600/%E8%87%BA%E7%81%A3%E9%87%8E%E7%89%A1%E4%B8%B9%E8%97%A40207.jpg	http://hla-plant.blogspot.com/2012/09/blog-post_6386.html
http://link.photo.pchome.com.tw/s15/slinwang/182/142337749547/	http://mypaper.pchome.com.tw/slinwang/post/1323193846
http://www.baihuamen.com/d/file/2014/06-01/3c04acfac2e5fa4913a369c99657b58d.jpg	http://www.baihuamen.com/duohuayemudan/17560_18.html
https://www.huabaike.com/uploads/allimg/artimg/201706/20170601140006_90977.jpg	https://www.huabaike.com/hyjk/9214.html
https://www.huabaike.com/uploads/allimg/sltimg/201706/592fad759db78.jpg	https://www.huabaike.com/jtyh/5154.html
http://www.baihuamen.com/d/file/2014/06-01/dda2d1f9296a75823bacf55110e4c4d5.jpg	http://www.baihuamen.com/duohuayemudan/
http://pic65.nipic.com/file/20150413/532538_183436074000_2.jpg	http://www.nipic.com/zhuanti/1532096.html
https://img.ruten.com.tw/s1/9/53/7b/21622818134907_991.jpg	http://goods.ruten.com.tw/item/show?21622818134907
https://lh4.googleusercontent.com/proxy/TGJ66T8d80EiuazpYxBH587F_8FmUrYMXuF7cTmHrFc3hWH-F2EM9M_xgFARBMQFs5O15VakV7FCniFQ_7BMaDWFJv4_65uh6PC5J9iAFqhBxic=s0-d	https://i-hua.blogspot.com/2011/07/195_8.html
http://pic1.huashichang.com/2016/0912/21/57d6b1da1278c.jpg	http://m.aihuhua.com/tupian/tupianqw2.html
http://a1.att.hudong.com/35/20/20300000164151143332203599283_s.jpg	http://www.baike.com/wiki/%E5%A4%9A%E8%8A%B1%E9%87%8E%E7%89%A1%E4%B8%B9
https://www.huabaike.com/uploads/allimg/artimg/201609/20160908165740_79664.jpg	https://www.huabaike.com/jtyh/5154.html
http://info.qingdaoexpo2014.org/pic/img/img/2014/4/14/u123/98941My.jpg	http://info.qingdaoexpo2014.org/en/baike/view_2960.html
http://c.blog.xuite.net/c/f/8/f/13396183/blog_1400131/txt/146724325/2.jpg	http://blog.xuite.net/smile27/flower/146724325-%E5%A4%9A%E8%8A%B1%E9%87%8E%E7%89%A1%E4%B8%B9%E8%97%A4
https://gss1.bdstatic.com/9vo3dSag_xI4khGkpoWK1HF6hhy/baike/s%3D220/sign=f8e1a749a244ad342abf8085e0a30c08/9825bc315c6034a8371dbd25c813495408237692.jpg	https://baike.baidu.com/item/%E5%A4%9A%E8%8A%B1%E9%87%8E%E7%89%A1%E4%B8%B9
https://gss2.bdstatic.com/-fo3dSag_xI4khGkpoWK1HF6hhy/baike/s%3D220/sign=dc44f98b06f431adb8d2443b7b37ac0f/8cb1cb1349540923b3a77f679858d109b2de49d8.jpg	https://baike.baidu.com/item/%E5%A4%9A%E8%8A%B1%E9%87%8E%E7%89%A1%E4%B8%B9
http://a3.att.hudong.com/61/98/01300543523714147842982768235_s.jpg	http://www.baike.com/wiki/%E5%A4%9A%E8%8A%B1%E9%87%8E%E7%89%A1%E4%B8%B9
http://link.photo.pchome.com.tw/s15/slinwang/182/142337751553/	http://mypaper.pchome.com.tw/slinwang/post/1323193846
http://www.baihuamen.com/d/file/2014/06-01/fdaa6a3462cb2f4b3a8cd6dc9da0fca1.jpg	http://www.baihuamen.com/duohuayemudan/17560_4.html
https://gss3.bdstatic.com/-Po3dSag_xI4khGkpoWK1HF6hhy/baike/s%3D220/sign=5ff04d5033fa828bd5239ae1cd1e41cd/5366d0160924ab1874e5286235fae6cd7a890bf0.jpg	https://baike.baidu.com/item/%E5%A4%9A%E8%8A%B1%E9%87%8E%E7%89%A1%E4%B8%B9
http://img.aihuahui.com/d/2016/09/57d3712e04c5c.jpg	http://www.aihuahui.com/aiguanmuhuahui/1640.html
http://pic1.huashichang.com/2016/0912/21/57d6b1dc34bfe.jpg	http://m.aihuhua.com/tupian/tupianqw6.html
http://link.photo.pchome.com.tw/s08/slinwang/176/134663595353/	http://mypaper.pchome.com.tw/slinwang/post/1323193846
http://pic1.win4000.com/pic/9/0a/01771342027.jpg	http://www.win4000.com/meinv112448_9.html
http://a2.att.hudong.com/48/68/01300000668094128676689936547_s.jpg	http://www.baike.com/wiki/%E5%A4%9A%E8%8A%B1%E9%87%8E%E7%89%A1%E4%B8%B9
http://img.supfree.net/zhongyao/images/2080_2.jpg	http://zhongyao.m.supfree.net/hao.asp?id=%B6%E0%BB%A8%D2%B0%C4%B5%B5%A4
http://www.52yhua.com/uploads/allimg/160925/1-160925211411.jpg	http://www.52yhua.com/jishu/4903.html
http://www.52yhua.com/uploads/allimg/160925/1-160925211408.jpg	http://www.52yhua.com/jishu/4903.html
http://www.52yhua.com/uploads/allimg/160925/1-160925211406.jpg	http://www.52yhua.com/jishu/4903.html
http://img.tulaoshi.com/201704/07/c636f7e77aa4f7b3e63d493e4765ae74.jpg	http://www.tulaoshi.com/duohuayemudan/
http://pic1.win4000.com/pic/9/0a/01771342023.jpg	http://www.win4000.com/meinv112448_5.html
https://www.huabaike.com/uploads/allimg/artimg/201609/20160908165726_27553.jpg	https://www.huabaike.com/jtyh/5154.html
http://pic66.nipic.com/file/20150413/532538_180230578000_2.jpg	http://www.nipic.com/show/12380911.html
https://photo.tuchong.com/1449510/f/22180763.jpg	https://tuchong.com/1449510/13377967/
https://cdn.huaniaoy.cn/20160905/original/1473034130177.jpg@!picb	https://www.huaniaoy.com/zhiwu/1516
http://oss.p.t262.com/cpic/06/ee/9258133c96fba73c33481cd88decee06.png	http://www.t262.com/read/653425.html
http://2.bp.blogspot.com/-5z_QK2iOPVU/VCOIu6iFK1I/AAAAAAAAbto/bhg2TRfHqLY/s1600/487_%E5%89%AF%E6%9C%AC.jpg	http://jane-suixinsuoyu.blogspot.com/2014/08/blog-post_29.html
http://www.baihuamen.com/d/file/2014/06-01/feb0ae92d6b37fdbb457a99791b363ef.jpg	http://www.baihuamen.com/duohuayemudan/17560_11.html
http://www.52yhua.com/uploads/allimg/160925/1-160925211405.jpg	http://www.52yhua.com/jishu/4903.html
http://www.baihuamen.com/d/file/2014/06-01/0cb65cbd644892e20f653271e1ef01af.jpg	http://www.baihuamen.com/duohuayemudan/17560_9.html
http://www.baihuamen.com/d/file/2014/06-01/797d9f26034484fad35d857b7d5f17dc.jpg	http://www.baihuamen.com/duohuayemudan/17560_12.html
http://pic65.nipic.com/file/20150413/532538_183724024000_2.jpg	http://www.nipic.com/show/12300630.html
http://www.baihuamen.com/d/file/2014/06-01/b9c55bfe2e23b90ea5905f1bf2208596.jpg	http://www.baihuamen.com/duohuayemudan/17560.html
http://www.baihuamen.com/d/file/2014/06-01/774f235d390a3e763b00f0b4d967b7c1.jpg	http://www.baihuamen.com/duohuayemudan/17560_15.html
http://www.hgzz.net/fontimg/m.20080317-m300-w001-089000267.jpg	http://www.hgzz.net/nongye/785.html
http://www.baihuamen.com/d/file/2014/06-01/c52fb1050b3fbf81002fb7ee94b6ae5f.jpg	http://www.baihuamen.com/duohuayemudan/17560_8.html
http://service.wiki8.com/getqrcode.aspx?q=http://mobile.wiki8.com/duohuayemudan_73871/	http://www.wiki8.com/duohuayemudan_73871/
https://lh6.googleusercontent.com/proxy/_N6DoKPMk9KcHBGhGOcS7GtLjzNNWtsTim8qlWseQ6ZqxXkif8coBFhYxtACrMzV3-qokeximR9ESgKf0InUvNox-8MIryG9iUWSW31DGkbaOUY=s0-d	https://i-hua.blogspot.com/2011/07/195_8.html
http://pic65.nipic.com/file/20150413/532538_183516322000_2.jpg	http://www.nipic.com/show/12300637.html
http://pic65.nipic.com/file/20150413/532538_183537928000_2.jpg	http://www.nipic.com/show/12300635.html
http://pic65.nipic.com/file/20150413/532538_183608847000_2.jpg	http://www.nipic.com/show/12300634.html
http://pic65.nipic.com/file/20150413/532538_183658112000_2.jpg	http://www.nipic.com/show/12300629.html
http://pic65.nipic.com/file/20150413/532538_183545556000_2.jpg	http://www.nipic.com/show/12300636.html
http://pic65.nipic.com/file/20150413/532538_183304252000_2.jpg	http://www.nipic.com/zhuanti/1532096.html
http://img.99.com.cn/uploads/130913/58_135742_1.jpg	http://zyk.99.com.cn/zyfj/zysy/2013/0913/462410.html
http://pic65.nipic.com/file/20150413/532538_183632466000_2.jpg	http://www.nipic.com/show/12300633.html
http://pic65.nipic.com/file/20150413/532538_183353018000_2.jpg	http://www.nipic.com/zhuanti/1532096.html
http://c.blog.xuite.net/c/f/8/f/13396183/blog_1400131/txt/146724325/7.jpg	http://blog.xuite.net/smile27/flower/146724325-%E5%A4%9A%E8%8A%B1%E9%87%8E%E7%89%A1%E4%B8%B9%E8%97%A4
http://pic65.nipic.com/file/20150413/532538_183632559000_2.jpg	http://www.nipic.com/show/12300632.html
http://img.39yst.com/uploads/2015/0323/1427084485104.jpg	http://www.39yst.com/xdy/201503/249995.shtml
http://link.photo.pchome.com.tw/s08/huangshuzhen0407/69/127935151496/	http://mypaper.pchome.com.tw/huangshuzhen0407/post/1321205981
https://photo.tuchong.com/1449510/f/22181476.jpg	https://tuchong.com/1449510/13466650/
https://photo.tuchong.com/1449510/f/22181478.jpg	https://tuchong.com/1449510/13466650/
https://photo.tuchong.com/1449510/f/22181479.jpg	https://tuchong.com/1449510/13466650/
https://photo.tuchong.com/1449510/f/22181477.jpg	https://tuchong.com/1449510/13466650/
https://photo.tuchong.com/1449510/f/22181480.jpg	https://tuchong.com/1449510/13466650/
http://img.xunhai.com/2015/12/01/144896982772491.jpg	http://www.xunhai.com/duohuayemudan/
http://www.zhiwutong.com/tu/3/3736.jpg	http://www.zhiwutong.com/dan_tu/4/3462.htm
http://3.bp.blogspot.com/-if97Bpv4Meg/VCOIr3Mr8VI/AAAAAAAAbtY/JxzdZiCU1CU/s1600/503_%E5%89%AF%E6%9C%AC.jpg	http://jane-suixinsuoyu.blogspot.com/2014/08/blog-post_29.html
http://link.photo.pchome.com.tw/s08/slinwang/176/134663593974/	http://mypaper.pchome.com.tw/slinwang/post/1323193846
http://1.bp.blogspot.com/-Dff9M-7I8hc/VCOtXskKgzI/AAAAAAAAbuY/Xo0RwNfGL5M/s1600/9527_%E5%89%AF%E6%9C%AC.jpg	http://jane-suixinsuoyu.blogspot.com/2014/08/blog-post_29.html
https://lh5.googleusercontent.com/proxy/oD5ZsQCeTG2bz_LKzbCiFo0xvQiqgV5T7ZtfPPiRwRXC6J-_W037OUwpwqW0zV3aOjeQnwWo7tFgSF_VBsobzGpzyw7-OnvRW3H5RX-aZ5zgZrM=s0-d	https://i-hua.blogspot.com/2011/07/195_8.html
http://img.redocn.com/sheying/20141013/niguangpaishededuohuayemudan_3220479.jpg	http://sucai.redocn.com/dongwuzhiwu_3220479.html
http://4.bp.blogspot.com/-U6O0l0Ic49s/VQZwJWS-KfI/AAAAAAAAns4/a-dEXx5zRxo/s1600/P1140243.JPG	http://purplewhee.blogspot.com/2012/12/blog-post_5.html
http://2.bp.blogspot.com/-sHI_xNCguVg/VCOtUnHch7I/AAAAAAAAbuA/h_-L9Cx1yXs/s1600/9483_%E5%89%AF%E6%9C%AC.jpg	http://jane-suixinsuoyu.blogspot.com/2014/08/blog-post_29.html
http://1.bp.blogspot.com/-7azmr_xJXS0/VCOtWX73RjI/AAAAAAAAbuQ/RcusT4ZwZ88/s1600/9487_%E5%89%AF%E6%9C%AC.jpg	http://jane-suixinsuoyu.blogspot.com/2014/08/blog-post_29.html
http://1.bp.blogspot.com/-qaQpKNhgKjU/VCO7DR8UzyI/AAAAAAAAbvA/MaXdS7quTC0/s1600/IMG_9488_%E5%89%AF%E6%9C%AC.jpg	http://jane-suixinsuoyu.blogspot.com/2014/08/blog-post_29.html
https://f.share.photo.xuite.net/slinwang.tw/1f2aadc/9619122/421075498_m.jpg	http://blog.xuite.net/slinwang.tw/twblog/119351293
http://farm6.static.flickr.com/5272/5914299957_62b94baf5e_o.jpg	https://i-hua.blogspot.com/2011/07/195_8.html
http://link.photo.pchome.com.tw/s15/slinwang/182/142337752967/	http://mypaper.pchome.com.tw/slinwang/post/1323193846
https://f.share.photo.xuite.net/slinwang.tw/1f2aa92/9619122/421073376_m.jpg	http://blog.xuite.net/slinwang.tw/twblog/119351293
http://yizitong.org/upload/images11/cache/d03d5d4075ee6ab49ea767cbbabd2939.jpg	http://yizitong.com/china/baike.php?o=%E5%A4%9A%E8%8A%B1%E9%87%8E%E7%89%A1%E4%B8%B9
