
http://a2.att.hudong.com/05/28/01300000178518124306282642352.jpg	http://huayu.baike.com/article-70886.html
https://www.huabaike.com/uploads/allimg/sltimg/201512/566aa693268d7.jpg	https://www.huabaike.com/qgzw/651.html
http://a2.att.hudong.com/24/50/19300001333271131667503728301.jpg	http://huayu.baike.com/article-70886.html
http://p.d1xz.net/2013/9/27/171935532.jpg	http://www.d1xz.net/astro/huayu/art34707.aspx
http://img0.pchouse.com.cn/pchouse/baike/decorate/1111/13.jpg	http://www.pchouse.com.cn/baike/shenghuo/765/
http://pic1.huashichang.com/2015/0325/11/55122b1b80581.jpg	http://www.aihuhua.com/wenzhang/yanghuazh.html
http://images.nongmiao.com/big/content/2014/12/23/14122309061313.jpg	http://www.nongmiao.com/fengxinzizt/
http://www.39ynt.com/wp-content/uploads/2016/03/9bf7e3270cfaa35a35a80f76.jpg	http://www.39ynt.com/26716.html
http://fengxinzi.yangzhiriji.com/wp-content/uploads/sites/30/2014/05/1.jpg	http://fengxinzi.yangzhiriji.com/
https://www.huabaike.com/uploads/allimg/20150203/150203152634380220-L.jpg	https://www.huabaike.com/penjingyishu/201502/3188.html
http://a2.att.hudong.com/34/86/01300001345928132240868361223_s.jpg	http://www.baike.com/wiki/%E9%A3%8E%E4%BF%A1%E5%AD%90
http://a3.att.hudong.com/14/33/01300309316150141335332205501_s.jpg	http://www.baike.com/wiki/%E9%A3%8E%E4%BF%A1%E5%AD%90
http://dashulin.com/wp-content/uploads/2011/03/fengxinzi2.jpg	http://dashulin.com/fengxinzi/
http://www.iyanghua.com/f/fengxinzi/20081113213728_2.jpg	http://www.iyanghua.com/f/fengxinzi/
http://img0.pchouse.com.cn/pchouse/1210/23/143403_789126.jpg	http://www.pchouse.com.cn/baike/shenghuo/765/
http://www.yuhuagu.com/uploads/allimg/151122/43_151122185715_1.jpg	http://www.yuhuagu.com/qiugen/2015/1122/12684.html
http://img0.pchouse.com.cn/pchouse/1210/23/143412_87444.jpg	http://www.pchouse.com.cn/baike/shenghuo/765/
http://www.1818hm.com/file/upload/201607/19/1620226016.jpg	http://www.1818hm.com/huamu/show-4624.html
http://a1.att.hudong.com/58/87/01300001345928132240871478978_s.jpg	http://www.baike.com/wiki/%E9%A3%8E%E4%BF%A1%E5%AD%90
http://www.iqiya.com/uploadfile/article/322/1_uqujzf20131025_c640780fa2e04e329b550GsdNSDyUQeZ.jpg	http://www.iqiya.com/article/2015-05-29/64493.html
http://a1.att.hudong.com/17/30/01300000178518124306306309132_s.jpg	http://www.baike.com/wiki/%E9%A3%8E%E4%BF%A1%E5%AD%90
http://www.baihuamen.com/d/file/2014/03-16/0df9b800c5b65f93af792f4ae3bc0619.jpg	http://www.baihuamen.com/fengxinzi/
http://image.cncn6.com/server4/month_1301/1301121218ef9163398cf09a81.jpg	http://fengxinzi.27net.net/%E9%A3%8E%E4%BF%A1%E5%AD%90/
http://a0.att.hudong.com/57/85/19300001382667132874851012287.jpg	http://yanghua.baike.com/article-146172.html
http://www.wed114.cn/jiehun/uploads/allimg/160330/52_160330173417_1.jpg	http://www.wed114.cn/jiehun/zhiwu/20160330144527.html
http://dashulin.com/wp-content/uploads/2011/03/fengxinzi5.jpg	http://dashulin.com/fengxinzi/
http://www.wdptj.com/wp-content/uploads/2015/01/%E9%A3%8E%E4%BF%A1%E5%AD%903.jpg	http://www.wdptj.com/fengxinzi/
https://cbu01.alicdn.com/img/ibank/2015/787/940/2658049787_2137732400.310x310.jpg	https://www.1688.com/pic/-D6D6C7F220B7E7D0C5D7D3.html
http://www.baihuamen.com/d/file/2014/03-16/6625ba9c6e34609503388549543ac07b.jpg	http://www.baihuamen.com/fengxinzi/
http://a2.att.hudong.com/04/34/19300001382667132775340895000.jpg	http://yanghua.baike.com/article-140010.html
http://image58.360doc.com/DownloadImg/2013/02/0315/30116851_2.jpg	http://www.360doc.com/content/13/0203/15/7469473_264031564.shtml
https://timg03.bdimg.com/timg?wapbaike&quality=60&size=b726_480crop=&cut_x=0&cut_y=1&cut_w=726&cut_h=480&sec=1349839550&di=9a2864cee065dcab088a153846e5a3be&src=http://imgsrc.baidu.com/baike/pic/item/f9dcd100baa1cd1151ebdd3eb112c8fcc3ce2d4a.jpg	https://wapbaike.baidu.com/item/%E9%A3%8E%E4%BF%A1%E5%AD%90/22530
http://www.wdptj.com/wp-content/uploads/2015/09/%E9%A3%8E%E4%BF%A1%E5%AD%90%E5%BC%80%E8%8A%B1%E5%90%8E4.jpg	http://www.wdptj.com/fengxinzi/
http://www.iyanghua.com/f/fengxinzi/20081113213228_2.jpg	http://www.iyanghua.com/f/fengxinzi/
https://www.huabaike.com/uploads/allimg/artimg/201511/20151124103803_30786.jpg	https://www.huabaike.com/hyjk/351.html
http://dashulin.com/wp-content/uploads/2011/03/fengxinzi3.jpg	http://dashulin.com/fengxinzi/
http://www.huajiang.cc/uploads/allimg/150609/9-15060911192A38.jpg	http://www.huajiang.cc/life/20150609/5189.html
https://www.huabaike.com/uploads/allimg/sltimg/201511/bp_5646a21c6e796.jpg	https://www.huabaike.com/qgzw/651.html
http://a1.att.hudong.com/40/85/19300001382667132874859780505.jpg	http://yanghua.baike.com/article-146172.html
http://a2.att.hudong.com/81/85/19300001382667132874857170974.jpg	http://yanghua.baike.com/article-146172.html
https://www.huabaike.com/uploads/allimg/artimg/201511/20151124103615_47229.jpg	https://www.huabaike.com/hyjk/351.html
http://a0.att.hudong.com/37/32/20300309316150141335320322952_s.jpg	http://www.baike.com/wiki/%E9%A3%8E%E4%BF%A1%E5%AD%90
https://cbu01.alicdn.com/img/ibank/2015/432/846/2358648234_1381143070.310x310.jpg	https://www.1688.com/pic/-B7E7D0C5D7D3C7F2.html
https://www.huabaike.com/uploads/allimg/sltimg/201511/5646a2a63225c.jpg	https://www.huabaike.com/hyjk/357.html
https://www.huabaike.com/uploads/allimg/sltimg/201511/5646a198b124e.jpg	https://www.huabaike.com/hyjk/351.html
http://s5.sinaimg.cn/mw690/002gg2Fhgy6RUB9cKeU64&690	http://blog.sina.com.cn/s/blog_7b8800470102vkz9.html
http://a2.att.hudong.com/72/84/19300001382667132874849106482.jpg	http://yanghua.baike.com/article-146172.html
http://www.huaniaotu.com/images/zhiwu/fengxinzi/0242030001475279923.jpg	http://www.huaniaotu.com/zhiwu/fengxinzi.html
http://a1.att.hudong.com/76/29/01300000178518124306294437668_s.jpg	http://www.baike.com/wiki/%E9%A3%8E%E4%BF%A1%E5%AD%90
http://www.huajiang.cc/uploads/160108/15-16010Q2443O09.jpg	http://baike.huajiang.cc/qk/fengxinzi/
http://pic27.nipic.com/20130304/2786001_085326414000_2.jpg	http://www.nipic.com/show/2/42/7622978k49413605.html
https://www.huabaike.com/uploads/allimg/sltimg/201511/5646a041ce950.jpg	https://www.huabaike.com/yzfh/344.html
http://img.china.alibaba.com/img/product/80/30/16/8030168.jpg	https://tieba.baidu.com/p/180629590
http://p.d1xz.net/2016/1/13/100066066606.jpg	http://www.d1xz.net/astro/huayu/art118684.aspx
http://a3.att.hudong.com/04/69/19300001351746132607697296157.jpg	http://yanghua.baike.com/article-131209.html
http://a2.att.hudong.com/18/34/19300001338703133290342453421.jpg	http://huayu.baike.com/article-244406.html
http://p.d1xz.net/2014/5/7/fengxinzi1.jpg	http://www.d1xz.net/astro/huayu/fengxinzihuayu/
http://s13.sinaimg.cn/mw690/0025m7ZPgy6EVFtQB9W4c&690	http://blog.sina.com.cn/s/blog_71edf9750101b6ki.html
http://www.iyanghua.com/f/fengxinzi/20081113213948_2.jpg	http://www.iyanghua.com/f/fengxinzi/
http://www.wdptj.com/wp-content/uploads/2015/03/%E9%A3%8E%E4%BF%A1%E5%AD%90%E8%8A%B1%E8%AF%AD2.jpg	http://www.wdptj.com/fengxinzi/
https://img.imynest.com/uploads/1/AA/1AA2BE6A66.jpeg	https://www.imynest.com/content/36709.html
http://p.d1xz.net/2016/1/12/152657175717.jpg	http://www.d1xz.net/astro/huayu/art118598.aspx
https://i1.kknews.cc/large/ef80003359b3de5880b	https://kknews.cc/zh-cn/home/ex944n.html
http://imgs10.iaweg.com/pic/HTTP2MuaGlwaG90b3MuYmFpZHUuY29tL3poaWRhby93aCUzRDYwMCUyQzgwMC9zaWduPTFjY2JhOGU0YWI3NzM5MTJjNDczOGQ2N2M4MjlhYTIwL2JiYTFjZDExNzI4YjQ3MTA1M2RhMTM5NWMxY2VjM2ZkZmQwMzIzZjYuanBn.jpg	http://www.iaweg.com/tupian/g3zmpmmkpm
http://www.baihuamen.com/d/file/2014/05-05/9007d8352b9436c49e0e99e3f91393f1.jpg	http://www.baihuamen.com/putaofengxinzi/
http://img01.hua.com/uploadpic/images/20143211644253518725.jpg	http://www.hua.com/huayu/11416.html
https://www.huabaike.com/uploads/allimg/sltimg/201511/5646a144b4201.jpg	https://www.huabaike.com/qgzw/651.html
https://cbu01.alicdn.com/img/ibank/2015/324/804/1961408423_767983357.310x310.jpg	https://www.1688.com/pic/-B7E7D0C5D7D3C7F2.html
http://i807.photobucket.com/albums/yy358/jeng2728baha/Hyacinthus/004-1.jpg	https://home.gamer.com.tw/creationDetail.php?sn=370064
http://www.huajiang.cc/uploads/allimg/160205/13-160205210G80-L.jpg	http://m.huajiang.cc/tag/28.html
http://p.d1xz.net/2013/9/27/171946644.jpg	http://www.d1xz.net/astro/huayu/art34707.aspx
http://www.39ynt.com/wp-content/uploads/2016/03/1427774928707457623.jpg	http://www.39ynt.com/26716.html
http://www.yuhuagu.com/uploads/allimg/151019/43_151019134209_1.jpg	http://www.yuhuagu.com/qiugen/2015/1019/12597.html
http://www.38fan.com/uploads/allimg/c140513/13c95921VF-Xa0.jpg	http://www.38fan.com/z83171.html
http://www.baikezsw.com/uploads/allimg/150413/4-1504131Q0113a.jpg	http://www.baikezsw.com/shenghuobaike/10699.html
http://a2.att.hudong.com/03/06/19300001338703135122062059503.jpg	http://huayu.baike.com/article-888431.html
http://p.d1xz.net/2015/5/7/092287778777.jpg	http://www.d1xz.net/astro/huayu/art89657.aspx
http://a0.att.hudong.com/60/76/19300541957236137596766287015_950.jpg	http://huayu.baike.com/article-1260089.html
https://www.huabaike.com/uploads/allimg/artimg/201511/20151124105538_99884.jpg	https://www.huabaike.com/langen/337.html
http://img.boqiicdn.com/Data/BK/A/1503/30/imagick12381427685776_y.jpg	http://m.boqii.com/entry/detail/1897.html
http://p.d1xz.net/2014/5/19/143429382938.jpg	http://www.d1xz.net/astro/huayu/art49566.aspx
http://p.d1xz.net/2016/02/05/14546612493072812.gif	http://www.d1xz.net/astro/huayu/art122048.aspx
http://www.yuhuagu.com/uploads/allimg/131008/43_131008165507_1.jpg	http://www.yuhuagu.com/qiugen/2013/1008/9564.html
http://img.ph.126.net/RI2YKBqx47HXLfVj5Yemug==/3386988394760529614.jpg	http://blog.163.com/epie_qd/blog/static/14055444220114104269648?ignoreua
http://www.zhidiy.com/uploadfile/201102/9/142444221.jpg	http://www.zhidiy.com/gongyizhiyi/3286/
http://www.huacaoshumu.net/attached/image/20151223/20151223224249_28629.jpg	http://www.huacaoshumu.net/html/yanghua/text338.php
http://www.wdptj.com/wp-content/uploads/2015/09/%E9%A3%8E%E4%BF%A1%E5%AD%90%E5%BC%80%E8%8A%B1%E5%90%8E5.jpg	http://www.wdptj.com/14467.html
http://www.gongluezhe.com/wp-content/uploads/2017/03/%E9%A3%8E%E4%BF%A1%E5%AD%90-472x300.jpg	http://www.gongluezhe.com/2823.html
http://archive.superlife.ca/wp-content/blogs.dir/47/files/news_pictures/59/83859/1.jpg	http://newstar.superlife.ca/2009/09/08/%E9%A3%8E%E4%BF%A1%E5%AD%90%EF%BC%8C%E9%87%8D%E7%94%9F%E7%9A%84%E7%88%B1/
http://www.52yhua.com/uploads/allimg/161009/1-161009215017.jpg	http://www.52yhua.com/jishu/6031.html
http://img0.pclady.com.cn/pclady/1206/15/839120_1.jpg	http://emotion.pclady.com.cn/zxzq/1206/839120.html
http://www.iqiya.com/uploadfile/article/322/1_croxrk20140509_532ba8d69281ed20a402NeFxUu82o2gG.jpg	http://www.iqiya.com/article/2015-05-29/64493.html
https://upload.wikimedia.org/wikipedia/commons/thumb/0/03/Gartenhyazinthen_dreifarbig.JPG/220px-Gartenhyazinthen_dreifarbig.JPG	https://zh.wikipedia.org/wiki/%E9%A2%A8%E4%BF%A1%E5%AD%90
http://images.nongmiao.com/big/tech/2017/01/04/13/1701041301148177.jpg	http://www.nongmiao.com/fengxinzizt/kaihua/
http://www.ailianshuo.net/uploads/yhzs/201408/yhzs_tbah0hxhzjf.jpg	http://www.ailianshuo.net/qiugenhuahuiPic/2177/
http://www.wdptj.com/wp-content/uploads/2015/03/%E9%A3%8E%E4%BF%A1%E5%AD%90%E8%8A%B1%E8%AF%AD1.jpg	http://www.wdptj.com/8522.html
https://cbu01.alicdn.com/img/ibank/2015/411/781/2563187114_1686654361.310x310.jpg	https://www.1688.com/pic/-C6CFCCD1B7E7D0C5D7D3.html
http://a4.att.hudong.com/53/26/01300000178518124306268486230.jpg	http://tupian.baike.com/a4_53_26_01300000178518124306268486230_jpg.html
http://www.52zzl.com/UploadFiles/2013/2/2013031413131193202.jpg	http://www.52zzl.com/daquan/fengxinzi/1933.html
http://www.ailianshuo.net/uploads/yhzs/201408/yhzs_y1cye0odbc2.jpg	http://www.ailianshuo.net/qiugenhuahui/2644/
