
https://gss0.bdstatic.com/94o3dSag_xI4khGkpoWK1HF6hhy/baike/s%3D220/sign=bfce510e48a7d933bba8e3719d4ad194/86d6277f9e2f07089845411ae324b899a901f26c.jpg	https://baike.baidu.com/item/%E7%94%98%E8%8F%8A
http://a4.att.hudong.com/45/47/01300000247011122700470762556_s.jpg	http://www.baike.com/wiki/%E7%BD%97%E9%A9%AC%E7%94%98%E8%8F%8A
http://www.twword.com/uploads/wiki/e5/48/693438_1.jpg	http://www.twword.com/wiki/%E7%94%98%E8%8F%8A
http://a2.att.hudong.com/33/45/01300000819962130167450365080_s.jpg	http://www.baike.com/wiki/%E7%94%98%E8%8F%8A%E6%B1%A4
http://www.aromaqing.com/blog/wp-content/uploads/2010/02/chamomile_german_flower_1.jpg	http://www.aromaqing.com/2010/02/chamomile_german.html
http://a3.att.hudong.com/31/80/01300000195282124278804353976_s.jpg	http://www.baike.com/wiki/%E5%BE%B7%E5%9B%BD%E7%94%98%E8%8F%8A
http://a2.att.hudong.com/33/47/01300000247011122700472452082_s.jpg	http://www.baike.com/wiki/%E7%BD%97%E9%A9%AC%E7%94%98%E8%8F%8A
https://cdn.pixabay.com/photo/2015/07/15/16/31/anthemis-arvensis-846596_960_720.jpg	https://pixabay.com/zh/%E9%BB%84%E8%8F%8A%E8%8D%AC-%E7%8E%89%E7%B1%B3%E6%B4%8B%E7%94%98%E8%8F%8A-mayweed-%E6%97%A0%E8%87%AD%E7%94%98%E8%8F%8A-%E7%8E%B0%E5%9C%BA%E7%94%98%E8%8F%8A-%E9%87%8E%E8%8A%B1-846599/
http://p.ayxbk.com/images/0/03/Bkcx1.jpg	http://www.a-hospital.com/w/%E7%94%98%E8%8F%8A
http://www.twword.com/uploads/wiki/10/fa/802120_2.jpg	http://www.twword.com/wiki/%E5%BE%B7%E5%9C%8B%E7%94%98%E8%8F%8A
http://www.aromaqing.com/blog/wp-content/uploads/2010/03/chamomile_maroc_flower.jpg	http://www.aromaqing.com/2010/03/%E7%94%98%E8%8F%8A%E7%B2%BE%E6%B2%B9%E4%BE%A7%E5%86%99-%E5%88%86%E8%BF%B0%E4%B9%8B%E4%B8%89%EF%BC%9A%E6%91%A9%E6%B4%9B%E5%93%A5%E7%94%98%E8%8F%8A.html
https://cdn.pixabay.com/photo/2015/07/15/16/31/anthemis-arvensis-846595_960_720.jpg	https://pixabay.com/zh/%E9%BB%84%E8%8F%8A%E8%8D%AC-%E7%8E%89%E7%B1%B3%E6%B4%8B%E7%94%98%E8%8F%8A-mayweed-%E6%97%A0%E8%87%AD%E7%94%98%E8%8F%8A-%E7%8E%B0%E5%9C%BA%E7%94%98%E8%8F%8A-%E9%87%8E%E8%8A%B1-846599/
http://z.xiziwang.net/uploads/allimg/150130/14_150130143921_1.jpg	http://z.xiziwang.net/zhongyao/19201/
http://www.twword.com/uploads/wiki/10/fa/802120_3.jpg	http://www.twword.com/wiki/%E5%BE%B7%E5%9C%8B%E7%94%98%E8%8F%8A
http://a0.att.hudong.com/87/02/01300000247011122717021975222_s.jpg	http://www.baike.com/wiki/%E7%BD%97%E9%A9%AC%E7%94%98%E8%8F%8A
http://a2.att.hudong.com/34/82/01300000195282124278827805620_s.jpg	http://www.baike.com/wiki/%E5%BE%B7%E5%9B%BD%E7%94%98%E8%8F%8A
http://www.zhongzi.net/files/allimg/151126/1-15112605591c52.jpg	http://m.zhongzi.net/herbs/luomaganju.htm
http://www.lady98.com/upload/2016/01/26/e4536cc9-cbc2-4034-9336-1e3cc4d95525.jpg	http://www.lady98.com/200000/190328.shtml
https://thumbs.dreamstime.com/z/%E5%9C%A8%E7%99%BD%E8%89%B2%E7%9A%84%E5%AE%BD%E6%9D%BE%E7%94%98%E8%8F%8A%E8%8C%B6-57635516.jpg	https://cn.dreamstime.com/photos-images/%E7%94%98%E8%8F%8A%E8%8C%B6.html
http://uploadfile.deskcity.org/2015/1105/20151105112654288.jpg	http://www.deskcity.org/bizhi/888.html
http://www.hnzcly.com/uploads/160415/1-1604151132531L.jpg	http://www.hnzcly.com/a/zixunzhongxin/xingyebaike/20160415/2487.html
http://s.shopdada.com/imgpro/1682/imgpro_1682_3_153_1.gif?1494418655	http://www.esoweno-home.com/sc/product?no=153
http://pic.pimg.tw/miumiushen2000/492802fee0c38.jpg	http://miumiushen2000.pixnet.net/blog/post/22623154-%E5%BE%B7%E5%9C%8B%E5%B0%8F%E7%94%98%E8%8F%8Aherbacin
http://img1.sc115.com/uploads/sc/jpg/147/13086.jpg	http://m.sc115.com/tupian/236931.html
http://img.sc115.com/uploads/allimg/110421/20110421231515195.jpg	http://m.sc115.com/tag/%E7%94%98%E8%8F%8A/
http://www.jgo.com.hk/image/data/product/chamomile.jpg	http://www.jgo.com.hk/chamomile-roman-organic
https://gss0.bdstatic.com/-4o3dSag_xI4khGkpoWK1HF6hhy/baike/w%3D400/sign=48cb36c49ceef01f4d1419c5d0ff99e0/c8177f3e6709c93d8c8b8157973df8dcd1005411.jpg	https://baike.baidu.com/item/%E7%94%98%E8%8F%8A
https://www.techanonline.com/uploads/allimg/131125/03024K3P-0.jpg	https://www.techanonline.com/guowai/deguo/19483.html
http://www.loi.com.hk/image/cache/data/chamomile2-600x600.jpg	http://www.loi.com.hk/index.php?route=product/product&product_id=252
https://thumbs.dreamstime.com/b/%E7%94%98%E8%8F%8A%E8%8C%B6-31691048.jpg	https://cn.dreamstime.com/%E5%85%8D%E7%89%88%E7%A8%8E%E5%BA%93%E5%AD%98%E7%85%A7%E7%89%87-%E7%94%98%E8%8F%8A%E8%8C%B6-image31691048
http://a0.att.hudong.com/51/63/20200000013920144734634434470_s.jpg	http://www.baike.com/wiki/%E7%94%98%E8%8F%8A
http://a4.att.hudong.com/72/67/01200000024544136358676358831_s.jpg	http://www.baike.com/wiki/%E5%BE%B7%E5%9B%BD%E7%94%98%E8%8F%8A
http://tuku.myejia.com/attachment/Big_Img/201211/07/wallpaper_21812070421341.jpg	http://tuku.myejia.com/Photos/Pic-7952/
https://thumbs.dreamstime.com/b/%E7%94%98%E8%8F%8A%E8%8C%B6-31950586.jpg	https://cn.dreamstime.com/%E5%85%8D%E7%89%88%E7%A8%8E%E5%BA%93%E5%AD%98%E5%9B%BE%E7%89%87-%E7%94%98%E8%8F%8A%E8%8C%B6-image31950586
http://bpic.588ku.com/element_pic/00/16/08/0957a9fdd519dab.jpg	http://588ku.com/s/s-ganju/
http://a1.att.hudong.com/75/64/01100000000000144734644063512_s.jpg	http://www.baike.com/wiki/%E7%94%98%E8%8F%8A
https://thumbs.dreamstime.com/z/%E7%94%98%E8%8F%8A%E8%8C%B6-31950534.jpg	https://cn.dreamstime.com/%E5%BA%93%E5%AD%98%E7%85%A7%E7%89%87-%E5%9C%A8%E7%99%BD%E8%89%B2%E7%9A%84%E5%AE%BD%E6%9D%BE%E7%94%98%E8%8F%8A%E8%8C%B6-image57635516
https://thumbs.dreamstime.com/z/%E7%94%98%E8%8F%8A%E8%8C%B6-55200303.jpg	https://cn.dreamstime.com/%E5%BA%93%E5%AD%98%E7%85%A7%E7%89%87-%E7%94%98%E8%8F%8A%E8%8C%B6-image55200303
https://p2.ssl.cdn.btime.com/t01178b6cffe5298155.jpg?size=740x493	http://item.btime.com/wm/456aor7b2o984nr62uh4mqg14pm
http://bpic.588ku.com/element_origin_min_pic/16/12/01/ed91518773c0dac0f7c67536a2476f59.jpg	http://588ku.com/image/xiaoganju.html
http://a2.att.hudong.com/01/04/01300000247011122717042764055_s.jpg	http://www.baike.com/wiki/%E7%BD%97%E9%A9%AC%E7%94%98%E8%8F%8A
https://gss3.bdstatic.com/7Po3dSag_xI4khGkpoWK1HF6hhy/baike/w%3D400/sign=850a609abbde9c82a665f88f5c8080d2/9345d688d43f8794b390cc8dda1b0ef41bd53a21.jpg	https://baike.baidu.com/item/%E8%93%9D%E7%94%98%E8%8F%8A
https://thumbs.dreamstime.com/z/%E5%B9%B2%E7%94%98%E8%8F%8A%E8%8C%B6-31618672.jpg	https://cn.dreamstime.com/%E5%9B%BE%E5%BA%93%E6%91%84%E5%BD%B1-%E5%B9%B2%E7%94%98%E8%8F%8A%E8%8C%B6-image31618672
https://static3.depositphotos.com/1005199/192/i/950/depositphotos_1929890-stock-photo-camomile-medicinal.jpg	http://cn.depositphotos.com/1929890/stock-photo-camomile-medicinal.html
http://img2.3png.com/a0e94c86f1f8d46ebbd8511866a3b8f0b596.png	http://3png.com/a-27730941.html
http://img003.mllres.com//images/upload/%E7%94%98%E8%8F%8A01.jpg	http://www.meilele.com/article/shipin/41337.html
https://gss1.bdstatic.com/-vo3dSag_xI4khGkpoWK1HF6hhy/baike/s%3D220/sign=585ea408efdde711e3d244f497efcef4/960a304e251f95ca5cf486bbc3177f3e670952bd.jpg	https://baike.baidu.com/item/%E8%93%9D%E7%94%98%E8%8F%8A
https://thumbs.dreamstime.com/z/%E7%94%98%E8%8F%8A%E8%8C%B6-23872364.jpg	https://cn.dreamstime.com/%E5%BA%93%E5%AD%98%E5%9B%BE%E7%89%87-%E7%94%98%E8%8F%8A%E8%8C%B6-image23872364
http://h2.bytravel.cn/shop/head1/23420.gif	http://shop.bytravel.cn/produce1/5FB756FD751883CA.html
http://www.aromaqing.com/blog/wp-content/uploads/2010/02/chamomile_roman_flower.jpg	http://www.aromaqing.com/2010/02/chamomile-roman.html
http://a4.att.hudong.com/41/30/01000000000000119093071000841_s.jpg	http://www.baike.com/wiki/%E5%BE%AE%E7%94%98%E8%8F%8A
http://img.redocn.com/sheying/20151028/baisexiaoganju_5179479.jpg	http://so.redocn.com/ju/b8cabed5.htm
http://img1.3png.com/01fa4913b36a3deaeb8b93b69eb81163a5f6.png	http://3png.com/a-27642977.html
http://pic16.nipic.com/20110920/2786001_095925982000_2.jpg	http://www.nipic.com/show/1/44/5122606k12b5ce46.html
http://img2.3png.com/9d73be115a6817d1994194e8c058c732ce2f.png	http://3png.com/a-27734572.html
http://img2.3png.com/3199e63b5694f8a9e785d044bb54fe0de51b.png	http://3png.com/a-27642977.html
https://thumbs.dreamstime.com/z/%E5%B9%B2%E7%94%98%E8%8F%8A%E8%8C%B6-31736728.jpg	https://cn.dreamstime.com/%E5%85%8D%E7%89%88%E7%A8%8E%E5%BA%93%E5%AD%98%E7%85%A7%E7%89%87-%E5%B9%B2%E7%94%98%E8%8F%8A%E8%8C%B6-image31972255
https://gss3.bdstatic.com/-Po3dSag_xI4khGkpoWK1HF6hhy/baike/s%3D220/sign=3d14104eacaf2eddd0f14eebbd110102/574e9258d109b3ded79f8a20ccbf6c81800a4c51.jpg	https://baike.baidu.com/item/%E7%BD%97%E9%A9%AC%E7%94%98%E8%8F%8A
https://thumbs.dreamstime.com/z/%E6%9D%AF%E4%B8%8E%E8%A2%AB%E9%9A%94-%E7%9A%84%E6%98%A5-%E8%8F%8A%E8%8A%B1%E5%92%8C%E6%9F%A0%E6%AA%AC%E7%9A%84%E7%94%98%E8%8F%8A%E8%8C%B6-51471023.jpg	https://cn.dreamstime.com/photos-images/%E6%9D%AF%E7%94%98%E8%8F%8A%E8%8C%B6.html
http://pic122.nipic.com/file/20170223/9448607_090923702000_2.jpg	http://www.nipic.com/show/16697715.html
http://a2.att.hudong.com/43/05/01300000247011122717052723585.jpg	http://www.baike.com/wiki/%E7%BD%97%E9%A9%AC%E7%94%98%E8%8F%8A
http://img2.3png.com/82bf70af7f26590fdc16af06bff84a350168.png	http://3png.com/a-29133495.html
http://img.boqiicdn.com/Data/BK/A/1511/16/imagick65181447654544_y.jpg	http://m.boqii.com/entry/detail/2225.html
http://img2.3png.com/eb1bd7b00f5493c56aac1d30ffaa3159b2c2.png	http://3png.com/a-27176012.html
http://a4.att.hudong.com/74/30/01300001378245131790309481524_s.jpg	http://www.baike.com/wiki/%E9%87%8E%E7%94%98%E8%8F%8A
http://img2.3png.com/83fe4b47bea4c899f9b60495587039f31c4b.png	http://3png.com/a-29133530.html
http://www.huachapu.com/uploads/allimg/150112/1-150112114204128.jpg	http://www.huachapu.com/wenhua/zhishi/mitangganjuguihua.shtml
http://pic.pingguolv.com/uploads/allimg/160720/77-160H0143255.jpg	http://www.pingguolv.com/sl/yingyang/53832.html
https://cdn.pixabay.com/photo/2015/07/15/16/31/anthemis-arvensis-846594_960_720.jpg	https://pixabay.com/zh/photos/%E7%94%98%E8%8F%8A/
http://1079638729.rsc.cdn77.org/pic/v2/gallery/preview/cvety-nebo-rasteniya-romashki-26118.jpg	http://wallpaper.mob.org.cn/image/cvety-nebo-rasteniya-romashki-26118.html
http://pic.pimg.tw/motionless/1200552202.jpg	http://motionless.pixnet.net/blog/post/13530271-%E5%B0%8F%E7%94%98%E8%8F%8A%E6%95%8F%E6%84%9F%E8%82%8C%E8%86%9A%E5%8E%BB%E8%A7%92%E8%B3%AA%E9%9C%9C
https://en.pimg.jp/009/746/365/1/9746365.jpg	https://cn.pixtastock.com/illustration/9746365
https://thumbs.dreamstime.com/z/%E5%B9%B2%E7%94%98%E8%8F%8A%E8%8C%B6-29297158.jpg	https://cn.dreamstime.com/photos-images/%E5%B9%B2%E7%94%98%E8%8F%8A%E8%8C%B6.html
http://img2.3png.com/3f783e3f6667fd5ff368a8e9b53ab1de6242.png	http://3png.com/a/28920519.html
https://thumbs.dreamstime.com/z/%E5%9C%A8%E7%A9%BA%E7%99%BD%E7%8E%BB%E7%92%83%E7%9A%84%E7%94%98%E8%8F%8A%E8%8C%B6%E4%B8%8E%E8%A2%AB%E5%BC%80%E5%BC%A0%E7%9A%84%E6%BB%A4%E8%8C%B6%E5%99%A8-28978602.jpg	https://cn.dreamstime.com/%E5%9B%BE%E5%BA%93%E6%91%84%E5%BD%B1-%E5%9C%A8%E7%A9%BA%E7%99%BD%E7%8E%BB%E7%92%83%E7%9A%84%E7%94%98%E8%8F%8A%E8%8C%B6%E4%B8%8E%E8%A2%AB%E5%BC%80%E5%BC%A0%E7%9A%84%E6%BB%A4%E8%8C%B6%E5%99%A8-image28978602
https://thumbs.dreamstime.com/z/%E7%94%98%E8%8F%8A%E8%8C%B6-40960332.jpg	https://cn.dreamstime.com/photos-images/%E6%9D%AF%E7%94%98%E8%8F%8A%E8%8C%B6.html
http://a1.att.hudong.com/55/64/01100000000000144734644087831_s.jpg	http://www.baike.com/wiki/%E7%94%98%E8%8F%8A
https://thumbs.dreamstime.com/x/%E7%94%98%E8%8F%8A%E8%8C%B6-31691056.jpg	https://cn.dreamstime.com/%E5%85%8D%E7%89%88%E7%A8%8E%E5%BA%93%E5%AD%98%E5%9B%BE%E7%89%87-%E7%94%98%E8%8F%8A%E8%8C%B6-image31691056
http://g.udn.com.tw/upfiles/B_YU/YunChingsCrafts/PSN_PHOTO/916/f_12316916_1.JPG	http://blog.udn.com/YunChingsCrafts/24084006
http://img2.3png.com/8e9fa3be2f43ccf8e669f8809366f52c15fa.png	http://3png.com/a-27176012.html
https://thumbs.dreamstime.com/z/%E7%94%98%E8%8F%8A%E8%8C%B6-32811269.jpg	https://cn.dreamstime.com/%E5%85%8D%E7%89%88%E7%A8%8E%E5%BA%93%E5%AD%98%E5%9B%BE%E7%89%87-%E7%94%98%E8%8F%8A%E8%8C%B6-image32811269
http://tupian.enterdesk.com/2012/0921/gha/4/enterdesk%20(15).jpg	http://m.enterdesk.com/bizhi/4813.html
http://mombaby.tw/wp-content/uploads/2015/07/qqo1126.jpg	http://mombaby.tw/article15817.html
http://img1.3png.com/2ef89acc48d427346e98b83874f13672a406.png	http://3png.com/a-27621124.html
http://img2.3png.com/a76e1bb26560bb574afada9f92e6c5d6cdf9.png	http://3png.com/a-27809579.html
http://img.tulaoshi.com/201703/25/47a9d286bbc59861fffd8c317b931557.jpg	http://www.tulaoshi.com/ganjus/
https://thumbs.dreamstime.com/z/%E6%9D%AF%E4%B8%8E%E8%8A%B1%E7%9A%84%E7%94%98%E8%8F%8A%E8%8C%B6-%E4%B8%8A%E9%9D%A2-63930470.jpg	https://cn.dreamstime.com/%E5%BA%93%E5%AD%98%E7%85%A7%E7%89%87-%E6%9D%AF%E4%B8%8E%E8%8A%B1%E7%9A%84%E7%94%98%E8%8F%8A%E8%8C%B6-%E4%B8%8A%E9%9D%A2-image63930470
http://seopic.699pic.com/photo/10022/6081.jpg_wh1200.jpg	http://699pic.com/tupian/ganju.html
http://img2.3png.com/020b9d3df080f26d10c7eccd8aed35ccae73.png	http://3png.com/a-31644961.html
http://img95.699pic.com/photo/00029/1573.jpg_wh300.jpg	http://699pic.com/tupian/ganju.html
http://www.gltime.cn/wp-content/uploads/2015/07/yangganju3.jpg	http://www.gltime.cn/yangganju
http://www.chemicalbook.com/NewsImg/2015-08-28/201582818473673644.jpg	http://www.chemicalbook.com/ChemicalProductProperty_CN_CB5943256.htm
https://cbu01.alicdn.com/img/ibank/2017/401/829/4417928104_579830482.220x220.jpg	http://www.1688.com/chanpin/-B5C2B9FAD0A1B8CABED5BBA4CAD6CBAA.html
https://dg9ugnb21lig7.cloudfront.net/uploads/product_image/13416/1/_250x250_13416_w_250xh_250xfar_C.jpg	https://www.urcosme.com/products/13416
http://bpic.588ku.com/element_origin_min_pic/16/11/02/eda3710672dfd663a314dc9a9dfba426.jpg	http://588ku.com/image/7456154.html
http://img95.699pic.com/photo/00045/9788.jpg_wh300.jpg	http://699pic.com/tupian/ganju.html
http://a0.att.hudong.com/53/91/19300542784453149813910903500_950.jpg	http://kafei.baike.com/article-2068881.html
http://shop.miyakilee.com/images/Chamomile%20%E7%94%98%E8%8F%8A.png	http://shop.miyakilee.com/index.php?main_page=product_info&products_id=201
http://pic.pingguolv.com/uploads/allimg/160720/77-160H0143319.jpg	http://www.pingguolv.com/sl/yingyang/53832.html
https://thumbs.dreamstime.com/z/%E6%9D%AF%E7%94%98%E8%8F%8A%E8%8C%B6-32190653.jpg	https://cn.dreamstime.com/%E5%BA%93%E5%AD%98%E7%85%A7%E7%89%87-%E6%9D%AF%E7%94%98%E8%8F%8A%E8%8C%B6-image32190653
