
https://gss0.bdstatic.com/-4o3dSag_xI4khGkpoWK1HF6hhy/baike/c0%3Dbaike92%2C5%2C5%2C92%2C30/sign=953d128eb91bb0519b29bb7a5713b1d1/5882b2b7d0a20cf40de7e0737c094b36acaf9922.jpg
https://gss0.bdstatic.com/94o3dSag_xI4khGkpoWK1HF6hhy/baike/crop%3D39%2C0%2C500%2C329%3Bc0%3Dbaike80%2C5%2C5%2C80%2C26/sign=ea003e6702d162d991a1385c2cec90c0/279759ee3d6d55fb5af3068565224f4a20a4dd58.jpg
https://gss1.bdstatic.com/9vo3dSag_xI4khGkpoWK1HF6hhy/baike/c0%3Dbaike80%2C5%2C5%2C80%2C26/sign=c745da645043fbf2d121ae71d117a1e5/c2fdfc039245d688d5264dc8a7c27d1ed21b24b1.jpg

https://gss1.bdstatic.com/-vo3dSag_xI4khGkpoWK1HF6hhy/baike/c0%3Dbaike92%2C5%2C5%2C92%2C30/sign=7a4698c57c1ed21b6dc426b7cc07b6a1/42166d224f4a20a4bbf135f091529822720ed01e.jpg
https://gss0.bdstatic.com/94o3dSag_xI4khGkpoWK1HF6hhy/baike/c0%3Dbaike92%2C5%2C5%2C92%2C30/sign=f61e478e9f510fb36c147fc5b85aa3f0/8644ebf81a4c510fc92aeb2d6159252dd42aa51e.jpg
https://gss1.bdstatic.com/-vo3dSag_xI4khGkpoWK1HF6hhy/baike/c0%3Dbaike92%2C5%2C5%2C92%2C30/sign=5f119a19a9d3fd1f2204aa6851274e7a/9f2f070828381f3034be849ea8014c086e06f066.jpg

https://gss3.bdstatic.com/7Po3dSag_xI4khGkpoWK1HF6hhy/baike/c0%3Dbaike80%2C5%2C5%2C80%2C26/sign=c2f7302579f08202399f996d2a929088/c8ea15ce36d3d539d9bcdbc53087e950352ab037.jpg
https://gss3.bdstatic.com/-Po3dSag_xI4khGkpoWK1HF6hhy/baike/c0%3Dbaike80%2C5%2C5%2C80%2C26/sign=b22b522dba51f819e5280b18bbdd2188/caef76094b36acafa5e442fa76d98d1001e99cb4.jpg
https://gss3.bdstatic.com/-Po3dSag_xI4khGkpoWK1HF6hhy/baike/c0%3Dbaike80%2C5%2C5%2C80%2C26/sign=bd4a6ae2b91c8701c2bbbab44616f54a/00e93901213fb80ee8d5b5d13cd12f2eb93894b4.jpg
https://gss1.bdstatic.com/-vo3dSag_xI4khGkpoWK1HF6hhy/baike/c0%3Dbaike80%2C5%2C5%2C80%2C26/sign=bdba3036b0a1cd1111bb7a72d87ba399/f603918fa0ec08fa145bc7a153ee3d6d55fbda59.jpg
https://gss0.bdstatic.com/-4o3dSag_xI4khGkpoWK1HF6hhy/baike/c0%3Dbaike80%2C5%2C5%2C80%2C26/sign=9a786bb4b3014a9095334eefc81e5277/a044ad345982b2b754cdedc23badcbef76099b62.jpg

https://gss3.bdstatic.com/-Po3dSag_xI4khGkpoWK1HF6hhy/baike/c0%3Dbaike92%2C5%2C5%2C92%2C30/sign=91def4001bd5ad6ebef46cb8e0a252be/21a4462309f79052dbe788fa0cf3d7ca7acbd57e.jpg
https://gss2.bdstatic.com/-fo3dSag_xI4khGkpoWK1HF6hhy/baike/c0%3Dbaike92%2C5%2C5%2C92%2C30/sign=3c86d701e0fe9925df01610255c135ba/b64543a98226cffc18b87076b9014a90f703ea60.jpg
https://gss1.bdstatic.com/9vo3dSag_xI4khGkpoWK1HF6hhy/baike/c0%3Dbaike92%2C5%2C5%2C92%2C30/sign=d5109675800a19d8df0e8c575293e9ee/2f738bd4b31c8701b8247d22277f9e2f0608ff60.jpg
https://gss0.bdstatic.com/-4o3dSag_xI4khGkpoWK1HF6hhy/baike/c0%3Dbaike80%2C5%2C5%2C80%2C26/sign=1d487b3f39dbb6fd3156ed74684dc07d/0b46f21fbe096b63bab691940c338744eaf8ac43.jpg
https://gss1.bdstatic.com/9vo3dSag_xI4khGkpoWK1HF6hhy/baike/c0%3Dbaike80%2C5%2C5%2C80%2C26/sign=c6d7b95d8226cffc7d27b7e0d86821f5/64380cd7912397ddd0d657c05982b2b7d1a28743.jpg
https://gss1.bdstatic.com/9vo3dSag_xI4khGkpoWK1HF6hhy/baike/c0%3Dbaike80%2C5%2C5%2C80%2C26/sign=56df6b7ba0ec08fa320d1bf538875608/e1fe9925bc315c609574a42b8db1cb1348547715.jpg
https://gss2.bdstatic.com/-fo3dSag_xI4khGkpoWK1HF6hhy/baike/c0%3Dbaike80%2C5%2C5%2C80%2C26/sign=cefe02ed8618367ab984778f4f1ae0b1/4a36acaf2edda3cc027677e401e93901203f9260.jpg
https://gss0.bdstatic.com/-4o3dSag_xI4khGkpoWK1HF6hhy/baike/c0%3Dbaike80%2C5%2C5%2C80%2C26/sign=8d7053188a13632701e0ca61f0e6cb89/8d5494eef01f3a29b15a1a0a9925bc315d607c60.jpg
https://gss0.bdstatic.com/-4o3dSag_xI4khGkpoWK1HF6hhy/baike/c0%3Dbaike80%2C5%2C5%2C80%2C26/sign=4f5e862d8d1001e95a311c5dd9671089/e7cd7b899e510fb3e3b6b853d933c895d0430c43.jpg
https://gss1.bdstatic.com/9vo3dSag_xI4khGkpoWK1HF6hhy/baike/c0%3Dbaike80%2C5%2C5%2C80%2C26/sign=9dad4bc133fa828bc52e95b19c762a51/060828381f30e924990a53f54c086e061c95f74c.jpg
https://gss3.bdstatic.com/7Po3dSag_xI4khGkpoWK1HF6hhy/baike/c0%3Dbaike80%2C5%2C5%2C80%2C26/sign=8e8557bfd11373f0e13267cdc566209e/5ab5c9ea15ce36d38aff4cf43af33a87e850b17f.jpg
https://gss2.bdstatic.com/9fo3dSag_xI4khGkpoWK1HF6hhy/baike/c0%3Dbaike80%2C5%2C5%2C80%2C26/sign=112d78f65aafa40f28cbc68fca0d682a/37d3d539b6003af3585a13a4352ac65c1138b616.jpg
https://gss3.bdstatic.com/-Po3dSag_xI4khGkpoWK1HF6hhy/baike/c0%3Dbaike80%2C5%2C5%2C80%2C26/sign=9674ab2e81cb39dbd5cd6f04b17f6241/7acb0a46f21fbe0920d30cd06b600c338644ad61.jpg
https://gss1.bdstatic.com/9vo3dSag_xI4khGkpoWK1HF6hhy/baike/c0%3Dbaike80%2C5%2C5%2C80%2C26/sign=c6f5b95d8226cffc7d27b7e0d86821f5/64380cd7912397ddd0f457c05982b2b7d1a28761.jpg
https://gss0.bdstatic.com/94o3dSag_xI4khGkpoWK1HF6hhy/baike/c0%3Dbaike80%2C5%2C5%2C80%2C26/sign=da8aabfbd9f9d72a0369184fb5434351/241f95cad1c8a78609d185ca6709c93d71cf507f.jpg
https://gss2.bdstatic.com/-fo3dSag_xI4khGkpoWK1HF6hhy/baike/c0%3Dbaike80%2C5%2C5%2C80%2C26/sign=d76b311b76094b36cf9f13bfc2a517bc/d1160924ab18972b32c1cf0ee6cd7b899f510a7f.jpg
https://gss0.bdstatic.com/94o3dSag_xI4khGkpoWK1HF6hhy/baike/c0%3Dbaike80%2C5%2C5%2C80%2C26/sign=fc2bf9cf5bb5c9ea76fe0bb1b450dd65/71cf3bc79f3df8dc19b04055cd11728b46102861.jpg
https://gss0.bdstatic.com/94o3dSag_xI4khGkpoWK1HF6hhy/baike/c0%3Dbaike80%2C5%2C5%2C80%2C26/sign=a77b34ef9d16fdfacc61cebcd5e6e731/f636afc379310a55b38d1130b74543a98326104c.jpg
https://gss2.bdstatic.com/9fo3dSag_xI4khGkpoWK1HF6hhy/baike/c0%3Dbaike80%2C5%2C5%2C80%2C26/sign=1a90dfeb95cad1c8c4b6f4751e570c6c/0b7b02087bf40ad148070827572c11dfa8ecce17.jpg
https://gss3.bdstatic.com/-Po3dSag_xI4khGkpoWK1HF6hhy/baike/c0%3Dbaike80%2C5%2C5%2C80%2C26/sign=104b787fa61ea8d39e2f7c56f6635b2b/1e30e924b899a9016fb994f21d950a7b0308f562.jpg
