
http://photo.cvh.org.cn/gallery/photo/2007/3/12/85733.jpg	http://www.bm8.com.cn/zhiwutupian/show.asp?id=%B7%DB%BB%A8%D0%E5%CF%DF%BE%D5
http://www.18yl.com/Images/MmBjPic/2009-5/6/fb9fd9d7-6b30-458c-a32d-1cf82eba1bb5.jpg	http://www.18yl.com/price/14012.htm
http://a0.att.hudong.com/01/79/01300000164151121984797439875.jpg	http://www.baike.com/wiki/%E7%B2%89%E8%8A%B1%E7%BB%A3%E7%BA%BF%E8%8F%8A
http://bg.zafu.edu.cn/static/upload/2013/05/30/%E7%B2%89%E8%8A%B1%E7%BB%A3%E7%BA%BF%E8%8F%8A%20Spiraea%20japonica%20L.%20f%20(8)_thumb.jpg	http://bg.zafu.edu.cn/articles/flower/25/
http://www.baihuamen.com/d/file/2014/06-01/2c44fda86fbcbb658d5bd5bbba1823b7.jpg	http://www.baihuamen.com/fenhuaxiuxianju/
http://www.cnhua.net/uploads/allimg/100116/1_100116155532_1.jpg	http://huahui.h.baike.com/article-622520.html
http://pic22.nipic.com/20120625/7958321_144329609147_2.jpg	http://www.114pifa.com/p5577/7797969.html
http://static.guanhuaju.com/uploadfiles/2016/0102/gHzHa0rlw3qeax0c.jpg	http://pic.guanhuaju.com/a/2016/0102/40842.html
http://bg.zafu.edu.cn/static/upload/2013/05/30/1%E7%B2%89%E8%8A%B1%E7%BB%A3%E7%BA%BF%E8%8F%8A%20%EF%BC%88%E5%85%A8%E6%A0%AA%EF%BC%89_thumb.jpg	http://bg.zafu.edu.cn/articles/flower/25/
http://pic22.nipic.com/20120625/7958321_144329730149_2.jpg	http://www.nipic.com/show/1/44/6401740k14d88028.html
http://pic22.nipic.com/20120625/7958321_144329189148_2.jpg	http://www.nipic.com/show/1/44/6401744k61477437.html
http://b2b.image.yuanlin.com/Biz/2013-1/2013122205273495.jpg	http://wuyuxinmeng.yuanlin.com/m/selldetail.aspx?id=439623
http://s10.sinaimg.cn/large/005Lwvu4gy6UaxUqaHTd9&690	http://weibo.com/p/23041813ae2a6140102wd5c?from=page_100606_profile&wvr=6&mod=wenzhangmod
http://a1.att.hudong.com/18/77/01300000164151121984779142616_s.jpg	http://www.baike.com/wiki/%E7%B2%89%E8%8A%B1%E7%BB%A3%E7%BA%BF%E8%8F%8A
http://s7.sinaimg.cn/mw690/001KWqsdzy70kwLRttQf6&690	http://blog.sina.com.cn/s/blog_5ff3202d0102wfet.html
http://pic16.nipic.com/20110929/4224370_200949706129_2.jpg	http://www.nipic.com/show/5167560.html
http://s4.sinaimg.cn/mw690/001ROMKqgy6T3wdKGBl53&690	http://blog.sina.com.cn/s/blog_66019f9e0102vi7a.html
https://gss3.bdstatic.com/-Po3dSag_xI4khGkpoWK1HF6hhy/baike/s%3D220/sign=739598ae56e736d15c138b0aab514ffc/bd3eb13533fa828b6d854b91ff1f4134970a5a1a.jpg	https://baike.baidu.com/item/%E7%B2%89%E8%8A%B1%E7%BB%A3%E7%BA%BF%E8%8F%8A
http://pic15.nipic.com/20110624/4224370_190520463194_2.jpg	http://www.nipic.com/show/4755631.html
http://a0.att.hudong.com/16/76/01300000164151121984766021774_s.jpg	http://www.baike.com/wiki/%E7%B2%89%E8%8A%B1%E7%BB%A3%E7%BA%BF%E8%8F%8A
http://pic31.nipic.com/20130702/4224370_161838179000_2.jpg	http://www.nipic.com/show/1/44/8403066k89734cca.html
http://www.cila.cn/uploadfiles/zhiwu1/17289634.jpg	http://www.cila.cn/tuku/photo10473.html
http://www.cnhua.net/uploads/allimg/100116/1_100116155621_1.jpg	http://www.cnhua.net/zhiwu/qiangweike/Pyrus_ussuriensis/7404.html
http://s13.sinaimg.cn/mw690/002aGmqugy6XpzDVLg8ac&690	http://blog.sina.com.cn/s/blog_769ee5d20102vuw6.html
http://b2b.image.yuanlin.com/Biz/2016-8/201608071200359121.jpg	http://sqhyyl.yuanlin.com/sell-m1558723.html
http://a4.att.hudong.com/01/81/01300000164151121984816397963.jpg	http://wiki.21yyw.com/doc-view-3961.html
http://www.yuhuagu.com/uploads/allimg/130725/10-130H5213613.jpg	http://www.yuhuagu.com/ktsh/8896.html
http://static.zhulong.com/photo/small/200604/11/27663_5_0_0_760_w_0.jpg	http://photo.zhulong.com/proj/detail1498.html
http://s13.sinaimg.cn/mw690/001ROMKqgy6T3w60XlGcc&690	http://blog.sina.com.cn/s/blog_66019f9e0102vi7a.html
https://gss0.bdstatic.com/94o3dSag_xI4khGkpoWK1HF6hhy/baike/s%3D220/sign=8b19e7aeccfc1e17f9bf8b337a91f67c/f603918fa0ec08fa998d431f5aee3d6d54fbdafd.jpg	https://baike.baidu.com/item/%E7%B2%89%E8%8A%B1%E7%BB%A3%E7%BA%BF%E8%8F%8A
http://www.yuhuagu.com/uploads/allimg/120623/10-120623105347.jpg	http://www.yuhuagu.com/ktsh/3382.html
http://www.baihuamen.com/d/file/2014/06-01/23e9c778739277d6dd6c854e1470bb82.jpg	http://www.baihuamen.com/fenhuaxiuxianju/
http://s8.sinaimg.cn/mw690/001m8IVhzy7byLmkPKne7&690	http://blog.sina.com.cn/s/blog_4a1b1f8f0102xsg2.html
http://a4.att.hudong.com/05/80/01300000164151121984802400186.jpg	http://www.baike.com/wiki/%E7%B2%89%E8%8A%B1%E7%BB%A3%E7%BA%BF%E8%8F%8A
http://s7.sinaimg.cn/mw690/001m8IVhzy7byLmSX5Q26&690	http://blog.sina.com.cn/s/blog_4a1b1f8f0102xsg2.html
https://cbu01.alicdn.com/img/ibank/2016/447/815/2886518744_1961927081.310x310.jpg	https://www.1688.com/pic/-B7DBBBA8D0E5CFDFBED5.html
https://cbu01.alicdn.com/img/ibank/2016/785/091/3118190587_962423811.220x220.jpg	http://www.1688.com/chanpin/-B7DBBBA8D0E5CFDFBED5.html
http://s8.sinaimg.cn/mw690/001m8IVhzy7byLlO7KD47&690	http://blog.sina.com.cn/s/blog_4a1b1f8f0102xsg2.html
http://www.baihuamen.com/d/file/2014/06-01/76e29971e5c3a32d691fdb1fc62ecc6e.jpg	http://www.baihuamen.com/fenhuaxiuxianju/17630_23.html
http://a4.att.hudong.com/04/81/01300000164151121984811315232_s.jpg	http://www.baike.com/wiki/%E7%B2%89%E8%8A%B1%E7%BB%A3%E7%BA%BF%E8%8F%8A
https://cbu01.alicdn.com/img/ibank/2015/795/736/2326637597_803835723.310x310.jpg	https://www.1688.com/pic/-C8D5B1BED0E5CFDFBED5.html
http://sygxyl.com/upLoad/product/month_1605/201605200828491125.jpg	http://sygxyl.com/content/?955.html
https://cbu01.alicdn.com/img/ibank/2016/349/421/3224124943_2019116346.220x220.jpg	https://s.1688.com/kq/-B7DBBBA8D0E5CFDFBED5.html
http://s5.sinaimg.cn/mw690/001m8IVhzy7byLnp7aQ84&690	http://blog.sina.com.cn/s/blog_4a1b1f8f0102xsg2.html
http://www.neipet.com/wp-content/uploads/2016/07/%E7%B2%89%E8%8A%B1%E7%BB%A3%E7%BA%BF%E8%8F%8A.jpg	http://www.neipet.com/fhxxj/
http://s12.sinaimg.cn/mw690/001kAgoagy6SJoeQFYfbb&690	http://blog.sina.com.cn/s/blog_48bc561a0102w0z4.html
http://www.51hm.cn/zwpic/%E7%B2%89%E8%8A%B1%E7%BB%A3%E7%BA%BF%E8%8F%8A3.jpg	http://www.51hm.cn/zw/zwshow.asp?zwid=3292
https://cbu01.alicdn.com/img/ibank/2016/174/721/3224127471_2019116346.310x310.jpg	https://www.1688.com/pic/-B7DBBBA8D0E5CFDFBED5.html
http://img.qingmo.com/800x0/2017/2/5/58da7272392b400ba087250461f93c3e.jpg	http://ps.qingmo.com/11168.html
http://s16.sinaimg.cn/middle/5b9a3d81ta18a9fdc9baf&690	http://blog.sina.com.cn/s/blog_5b9a3d810100qzrt.html
http://img.mp.sohu.com/upload/20170623/425efe78b178488584d453cbe94eb234_th.png	http://www.sohu.com/a/151426395_99896934
http://www.huayugu.com.cn/uploads/allimg/160710/1-160G01300500-L.jpg	http://www.huayugu.com.cn/fehuaxiuxianju/
http://s2.sinaimg.cn/mw690/001m8IVhzy7byLnVVgBb1&690	http://blog.sina.com.cn/s/blog_4a1b1f8f0102xsg2.html
http://a0.att.hudong.com/74/65/20300543140711144652659088958_s.jpg	http://www.baike.com/wiki/%E6%97%A0%E6%AF%9B%E7%B2%89%E8%8A%B1%E7%BB%A3%E7%BA%BF%E8%8F%8A
http://s15.sinaimg.cn/mw690/001nPxoHzy6ZktzR8Xcde&690	http://blog.sina.com.cn/s/blog_4b984a370102w13r.html
http://img.boqiicdn.com/Data/BK/A/1512/10/imagick87521449730362_y.jpg	http://www.boqii.com/entry/detail/2309.html
https://upload.wikimedia.org/wikipedia/commons/f/fe/Spiraea_japonica.jpg	https://zh.wikipedia.org/wiki/%E7%B2%89%E8%8A%B1%E7%BB%A3%E7%BA%BF%E8%8F%8A
http://img.boqiicdn.com/Data/BK/P/imagick55991449740748.jpg	http://www.boqii.com/entry/detail/2309.html
http://shflora.ibiodiversity.net/Photos/normal/aeab4b8b-d90a-4d36-8fcf-4e0b87ca47b9.jpg	http://shflora.ibiodiversity.net/pages/Spiraea_japonica_Little_Princess.html
http://s2.sinaimg.cn/mw690/001m8IVhzy7byLomYLv61&690	http://blog.sina.com.cn/s/blog_4a1b1f8f0102xsg2.html
http://img.mp.sohu.com/upload/20170623/ae1979c080d94952ab9530a7c7384d90_th.png	http://www.sohu.com/a/151426395_99896934
https://w5.sanwen8.cn/mmbiz/JIAo6slNsS4dojicOS6OKiavbVaCvsDZom1MQ1NN3aakiaKp6P6a5E7pAC0pI7NUn0ZxMUsPVX54Kl0icEDAsAv2jA/0?wx_fmt=jpeg	https://sanwen8.cn/p/4cebX1H.html
http://img.xunhai.com/2015/12/05/144927816049386.jpg	http://www.xunhai.com/ribenxiuxianju/2015/1205/15018.html
http://s12.sinaimg.cn/mw690/004i42i6zy74QbTDXJ1ab&690	http://blog.sina.com.cn/s/blog_ea556eea0102worx.html
http://www.huayugu.com.cn/uploads/allimg/160710/1-160G01304450-L.jpg	http://www.huayugu.com.cn/fehuaxiuxianju/
http://a4.att.hudong.com/73/95/01300536371361138859950393256_s.jpg	http://www.baike.com/wiki/%E6%97%A0%E6%AF%9B%E7%B2%89%E8%8A%B1%E7%BB%A3%E7%BA%BF%E8%8F%8A
http://huafans.dbankcloud.com/pic/2016/06/08/19b4887b816c8a9ed178ccf51391cadf_IMG_20160602_065420_mh1465290933711.jpg?mode=download	http://club.huawei.com/thread-9574123-1-1.html
https://cbu01.alicdn.com/img/ibank/2014/684/761/1500167486_642302008.220x220.jpg	http://www.1688.com/chanpin/-B7DBBBA8D0E5CFDFBED5.html
http://dingqiya.com/wp-content/uploads/2016/05/x-5.jpg	http://dingqiya.com/?p=12160
http://photo.cvh.org.cn/gallery/photo/2007/3/12/85650.jpg	http://www.bm8.com.cn/zhiwutupian/show.asp?id=%B7%DB%BB%A8%D0%E5%CF%DF%BE%D5
http://img.mp.sohu.com/upload/20170623/dfa2e8181f0f4115a44eab747c0a26e8.png	http://www.sohu.com/a/151426395_99896934
http://img.boqiicdn.com/Data/BK/A/1512/10/imagick73631449729028_y.jpg	http://www.boqii.com/entry/detail/2309.html
https://cbu01.alicdn.com/img/ibank/2015/288/041/2312140882_769141693.220x220.jpg	http://www.1688.com/chanpin/-B7DBBBA8D0E5CFDFBED5.html
https://w5.sanwen8.cn/mmbiz/JIAo6slNsS4dojicOS6OKiavbVaCvsDZomcLbia0kAicxnicfV1CbDkVwVYkR7V8V2qbgKNAOUicvsciccUgEDAqxPawQ/0?wx_fmt=jpeg	https://sanwen8.cn/p/4cebX1H.html
http://www.huayugu.com.cn/uploads/allimg/160710/1-160G01303360-L.jpg	http://www.huayugu.com.cn/fehuaxiuxianju/
https://w5.sanwen8.cn/mmbiz/JIAo6slNsS4dojicOS6OKiavbVaCvsDZomDaTBZjc8D8jAMrbKPIbamicfTntvL5W2xTAGmVNC7C4gnewRbqUjzMA/0?wx_fmt=jpeg	https://sanwen8.cn/p/4cebX1H.html
http://www.huayugu.com.cn/uploads/allimg/160710/1-160G01254490-L.jpg	http://www.huayugu.com.cn/fehuaxiuxianju/
https://cbu01.alicdn.com/img/ibank/2015/314/614/2001416413_963009887.310x310.jpg	https://www.1688.com/pic/-B7DBBBA8D0E5CFDFBED5.html
http://img.boqiicdn.com/Data/BK/A/1512/10/imagick38021449732073_y.jpg	http://www.boqii.com/entry/detail/2309.html
https://cbu01.alicdn.com/img/ibank/2015/573/088/1941880375_349060375.220x220.jpg	http://www.1688.com/chanpin/-C2E9D2B6D0E5CFDFBED5.html
https://cbu01.alicdn.com/img/ibank/2016/745/331/3224133547_2019116346.220x220.jpg	http://www.1688.com/chanpin/-B7DBBBA8D0E5CFDFBED5.html
http://sygxyl.com/upLoad/product/month_1605/201605200829227235.jpg	http://sygxyl.com/content/?955.html
https://cbu01.alicdn.com/img/ibank/2015/060/005/2260500060_1316314514.310x310.jpg	https://www.1688.com/pic/-B7DBBBA8D0E5CFDFBED5.html
http://www.yuhuagu.com/uploads/allimg/120623/10-120623105048.jpg	http://www.yuhuagu.com/ktsh/3382.html
http://huafans.dbankcloud.com/pic/2016/06/08/78cf4e7428fb0167f0d6d12c0617e131_IMG_20160602_065351_mh1465291021004.jpg?mode=download	http://club.huawei.com/thread-9574123-1-1.html
http://sygxyl.com/upLoad/product/month_1605/201605200829167619.jpg	http://sygxyl.com/content/?955.html
http://pic1.win4000.com/pic/c/58/2dc61347442.jpg_195.jpg	http://www.win4000.com/meinv112956.html
http://huafans.dbankcloud.com/pic/2016/06/08/29308cc070b3b3f44beb8a228e9e84c9_IMG_20160602_065611_mh1465290674419.jpg?mode=download	http://club.huawei.com/thread-9574123-1-1.html
http://img.ivsky.com/img/tupian/pre/201509/21/fenhua_xiuxianju-010.jpg	http://www.ivsky.com/tupian/fenhua_xiuxianju_v30983/pic_541762.html
https://b-ssl.duitang.com/uploads/item/201209/27/20120927210400_vMmC3.thumb.700_0.jpeg	https://www.duitang.com/blog/?id=693356060
https://cbu01.alicdn.com/img/ibank/2016/253/153/2736351352_1883909309.220x220.jpg	http://www.1688.com/chanpin/-B7DBBBA8D0E5CFDFBED5.html
http://img.yanquecao.com/img/flower/spiraeajaponica/spiraeajaponica1.jpg	http://www.yanquecao.com/detail/528
http://photo.cvh.org.cn/gallery/photo/liubing/005/01002196.jpg	http://www.bm8.com.cn/zhiwutupian/show.asp?id=%B7%DB%BB%A8%D0%E5%CF%DF%BE%D5
http://b2b.image.yuanlin.com/Biz/2010-1/201603021213597181.jpg	http://xshdlh.yuanlin.com/sell-m88639.html
http://huafans.dbankcloud.com/pic/2016/06/08/dbd43cb28d92ff0c68f62a38e7ad63ed_IMG_20160602_065540_mh1465290752917.jpg?mode=download	http://club.huawei.com/thread-9574123-1-1.html
http://img.mp.sohu.com/upload/20170623/50e4fca2c9eb404bb925d780fc7470ed.png	http://www.sohu.com/a/151426395_99896934
http://dingqiya.com/wp-content/uploads/2016/05/x-3.jpg	http://dingqiya.com/?p=12160
http://img.mp.sohu.com/upload/20170623/69a4df88604b4351be5a8289657511b9_th.png	http://www.sohu.com/a/151426395_99896934
https://gss2.bdstatic.com/-fo3dSag_xI4khGkpoWK1HF6hhy/baike/w%3D400/sign=041ede4306d79123e0e095749d355917/ae51f3deb48f8c545a704b6430292df5e1fe7fde.jpg	https://baike.baidu.com/item/%E7%B2%89%E8%8A%B1%E7%BB%A3%E7%BA%BF%E8%8F%8A
https://cbu01.alicdn.com/img/ibank/2014/655/766/1709667556_1755292453.310x310.jpg	https://www.1688.com/pic/-B7DBBBA8D0E5CFDFBED5.html
