
http://a3.att.hudong.com/45/92/20200000013920144734922871220_s.jpg	http://www.baike.com/wiki/%E7%99%BE%E5%AD%90%E8%8E%B2
https://upload.wikimedia.org/wikipedia/commons/9/94/Agapanthus_600pix.jpg	https://zh.wikipedia.org/wiki/%E7%99%BE%E5%AD%90%E8%93%AE%E5%B1%AC
https://upload.wikimedia.org/wikipedia/commons/thumb/8/85/Agapanthus_africanus.jpg/230px-Agapanthus_africanus.jpg	https://zh.wikipedia.org/wiki/%E7%99%BE%E5%AD%90%E8%8E%B2%E4%BA%9A%E7%A7%91
http://img.ph.126.net/jnn3Wm3SLu-TUT8vQ-yrEg==/911978924542746605.jpg	http://shuchonghui.blog.163.com/blog/static/1511563201052683116490/
http://pic16.nipic.com/20110818/128199_182043249000_2.jpg	http://www.nipic.com/show/1/44/4993649k061bdcea.html
http://jinflowerssdnbhd.weebly.com/uploads/5/1/9/6/51961375/s659819374892989119_p2_i3_w1002.jpeg	http://jinflowerssdnbhd.weebly.com/store/p2/Agapanthus_%E7%99%BE%E5%AD%90%E8%8E%B2.html
http://www.ew9z.com/wp-content/uploads/2010/04/African_Lily_1.jpg	http://www.ew9z.com/shemeshi-baizilian.html
http://gb.udn.com/gb/city.udn.com/community/img/PSN_PHOTO/chouhwa/f_804352_1.jpg	http://gb.udndata.com/gb/blog.udn.com/chouhwa/1041446
http://www.clearlybusiness.net/imageRepository/e7926df5-ef63-410a-9720-76a38d832661.jpg	http://www.clearlybusiness.net/products_detail/%26productId%3D84.html
http://pic1.nipic.com/2008-09-08/20089816353237_2.jpg	http://www.nipic.com/show/1048426.html
http://www.zhiwutong.com/tu/yanghua/%E7%99%BE%E5%AD%90%E8%8E%B2.jpg	http://www.zhiwutong.com/gardens/09-28/9436.htm
http://image.sciencenet.cn/album/201307/06/115015ehqcivhtczhqx0nk.jpg	http://wap.sciencenet.cn/blogview.aspx?id=705812
http://www.iyanghua.com/f/baizilian/20081125214126_2.jpg	http://www.iyanghua.com/f/baizilian/
http://img.zwbk.org/baike/spic/2011/01/04/20110104102200578_3724.jpg	http://www.zwbk.org/MyLemmaShow.aspx?zh=zh-tw&lid=102989
https://www.huabaike.com/uploads/allimg/sltimg/201606/574e76dc06da4.jpg	https://www.huabaike.com/hyjk/3904.html
http://pic.pimg.tw/moonheart930906/1386057099-2894476660.jpg?v=1386057100	http://moonheart930906.pixnet.net/blog/post/319621238-%E7%99%BE%E5%AD%90%E8%93%AE%E3%80%81%E6%84%9B%E6%83%85%E8%8A%B1%EF%BC%8C%E5%9C%A8%E6%B8%85%E5%A2%83%E3%80%82
https://www.huabaike.com/uploads/allimg/artimg/201606/20160601135800_95031.jpg	https://www.huabaike.com/hyjk/3904.html
http://blog.sina.com.tw/myimages/209/35537/images/20130119212600464.jpg	http://mandie1414.blogspot.com/2015/09/blog-post_51.html
http://img166.ph.126.net/tcO8tDL7pdoja6vGlWstIQ==/2188467943926803910.jpg	http://lakaren.blog.163.com/blog/static/1336780172010524028197/
https://gss3.bdstatic.com/7Po3dSag_xI4khGkpoWK1HF6hhy/baike/s%3D220/sign=cbd005515bdf8db1b82e7b663921dddb/c2cec3fdfc0392454138e5c68294a4c27c1e256d.jpg	https://baike.baidu.com/item/%E7%99%BE%E5%AD%90%E8%8E%B2
http://www.baihuamen.com/d/file/2014/05-15/d9541195497c9c0bb3554e059c9a8ef1.jpg	http://www.baihuamen.com/baizilian/
http://www.iqiya.com/uploadfile/article/322/1_mihlxp20130922_c63541c678e819a2435bLMyOPP0A1HgH.jpg	http://www.iqiya.com/article/2015-05-22/62635.html
http://news.china-flower.com/Upload2005/2010-9-15/201091595339808.jpg	http://news.china-flower.com/paper/papernewsinfo.asp?n_id=215622
http://img.ph.126.net/9iio4ztzMy8--gpCuZU3hw==/955044595979989428.jpg	http://zoumengde.blog.163.com/blog/static/59644579201152381637466/
http://img.007swz.com/cpimg/shineiguanhuazhiwu/UzT1LYn1zj_1224613488.jpg	http://www.007swz.com/t/%B0%D9%D7%D3%C1%AB
http://plant.cila.cn/zhiwutu/201304/baizilian.jpg	http://plant.cila.cn/zhiwuku/baizilian/
http://new.capg.org.cn/file/upload/201506/24/13-54-19-53-332.jpg	http://new.capg.org.cn/news/show.php?itemid=949
https://www.huabaike.com/uploads/allimg/sltimg/201606/574e7899ee7c0.jpg	https://www.huabaike.com/hyjk/3904.html
https://www.huabaike.com/uploads/allimg/artimg/201606/20160601135022_13427.jpg	https://www.huabaike.com/yhjq/3902.html
http://www.shumiao.com/upload/news/2014-09-26/9a633e78-80ac-46f8-8505-664e43f3fe62.png	http://www.shumiao.com/info/detail/0-52024.html
http://pic27.nipic.com/20130227/4499633_223534089316_2.jpg	http://www.nipic.com/show/2/27/7595809kb72ff90a.html
http://www.fei123.com/upload/2017/06/23/af8493a345a6d8e4.jpg	http://www.fei123.com/2010000/2005013.shtml
http://pic.pimg.tw/chingmaio/4a25c0fe138a3.jpg	http://chingmaio.pixnet.net/blog/post/24210775-%E6%84%9B%E6%83%85%E8%8A%B1--%E7%99%BE%E5%AD%90%E8%93%AE
http://i.epochtimes.com/assets/uploads/2017/04/2ad38312cb90e418bd7008f10d9a01d1-450x282.jpg	http://www.epochtimes.com/b5/17/4/3/n8995973.htm
http://img1.ph.126.net/glkj8wrYxpIaMUrnVJ0hjw==/3859021930803332089.jpg	http://jsnjbd505180.blog.163.com/blog/static/11130893320138211018296/
https://8.share.photo.xuite.net/tamlubi/182cf2a/9837963/437048223_m.jpg	http://blog.xuite.net/tamlubi/twblog/122762066-%E7%99%BE%E5%AD%90%E8%93%AE
http://i.epochtimes.com/assets/uploads/2017/04/fd977e4d20a7256e26073a3a24cecfd1-600x400.jpg	http://www.epochtimes.com/b5/17/4/3/n8995973.htm
https://www.huabaike.com/uploads/allimg/artimg/201606/20160601134812_79974.jpg	https://www.huabaike.com/jtyh/3900.html
http://gmimg.geimian.com/pic/2016/10/2016-10-16_213607.jpg	https://www.geimian.com/wx/74146.html
https://i.ytimg.com/vi/zJrojWve8-E/maxresdefault.jpg	https://www.youtube.com/watch?v=zJrojWve8-E
https://www.huabaike.com/uploads/allimg/artimg/201606/20160601134747_50965.jpg	https://www.huabaike.com/jtyh/3900.html
http://www.fpcn.net/uploads/allimg/130715/2-130G513034RR.JPG	http://www.fpcn.net/a/qiugenhuahui/20130715/Agapanthus_africanus.html
http://www.iyanghua.com/f/baizilian/20081125214557_2.jpg	http://www.iyanghua.com/f/baizilian/
http://www.fpcn.net/uploads/allimg/130715/2-130G5130340258.JPG	http://www.fpcn.net/a/qiugenhuahui/20130715/Agapanthus_africanus.html
http://a1.att.hudong.com/24/92/01100000000000144734923216840_s.jpg	http://www.baike.com/wiki/%E7%99%BE%E5%AD%90%E8%8E%B2
https://www.huabaike.com/uploads/allimg/artimg/201611/20161124132528_13147.jpg	https://www.huabaike.com/jtyh/5856.html
http://i.epochtimes.com/assets/uploads/2017/04/f8cb2f456362659ce9ddd6e52c115bdd-450x300.jpg	http://www.epochtimes.com/b5/17/4/3/n8995973.htm
http://img3.ddove.com/upload/20130724/240300227839.jpg	http://www.ddove.com/data/?k=%E7%99%BE%E5%AD%90%E8%8E%B2
http://c.blog.xuite.net/c/3/e/4/14524979/blog_231826/txt/23639506/8.jpg	http://blog.xuite.net/lily7679/richcoco/23639506-%E8%A8%AA%E5%9F%94%E9%87%8C%E7%99%BE%E5%AD%90%E8%93%AE%28%E6%84%9B%E6%83%85%E8%8A%B1%29%E8%8A%B1%E7%94%B0
http://1.bp.blogspot.com/-0Is2AqLb0SQ/VHwHk_J8TkI/AAAAAAAAN6s/aSziS9XHWdg/s1600/DSC03157.JPG	http://aeni1203.blogspot.com/2014/12/blog-post.html
https://pic.pimg.tw/freebike/1433152607-2707020612_n.jpg?v=1433152633	http://freebike.pixnet.net/blog/post/356916207-%E7%99%BE%E5%AD%90%E8%93%AE%E8%8A%B1%E8%B2%8C%E5%A4%A2%E5%B9%BB%EF%BC%8C%E7%B4%B0%E5%BF%83%E5%91%B5%E8%AD%B7%E6%88%90%E6%84%9B%E6%83%85
http://www.fpcn.net/uploads/allimg/130715/2-130G5130452352.JPG	http://www.fpcn.net/a/qiugenhuahui/20130715/Agapanthus_campanulatus.html
http://img.sczlb.com/uploads/pictures/2015/12/Npe3wR.png	http://www.sczlb.com/cate-news/70474.html
http://pic.pimg.tw/hjlee0301/8a7d2ac5ac0eb9a47103df148dc51f43.jpg	http://hjlee0301.pixnet.net/blog/post/10776792-%E7%99%BE%E5%AD%90%E8%93%AE%E8%88%87%E7%B4%AB%E5%AC%8C%E8%8A%B1
http://img.bimg.126.net/photo/npUItiErxc4XrTfNTThbGA==/3945997698523566867.jpg	http://cnflora.lofter.com/post/11d76c_5bba4d
http://www.iyanghua.com/f/baizilian/20081125214437_2.jpg	http://www.iyanghua.com/f/baizilian/
http://image.sciencenet.cn/album/201606/27/110746w0wljaxu9jj12a0h.jpg	http://blog.sciencenet.cn/blog-5889-987055.html
http://z.xiziwang.net/uploads/allimg/141102/32_141102161558_1.jpg	http://z.xiziwang.net/zhongyao/16268/
http://a0.att.hudong.com/40/92/01100000000000144734923145080_s.jpg	http://www.baike.com/wiki/%E7%99%BE%E5%AD%90%E8%8E%B2
http://4.blog.xuite.net/4/4/a/3/238601875/blog_3620009/txt/215624249/0.jpg	http://blog.xuite.net/t123380/twblog/215624249-%E6%84%9B%E6%83%85%E8%8A%B1--%E7%99%BE%E5%AD%90%E8%93%AE
http://img.51yangsheng.com/pic/2017/0510/B541305.jpg	http://www.51yangsheng.com/zhonghuazhicao/282205.html
http://www.huaxia.com/uniwaysimages/200805/bww230842401.jpg	http://www.huaxia.com/tw/jtzdtw/zrjg/2008/00811149.html
http://info.qingdaoexpo2014.org/pic/img/img/2014/4/9/u123/704Z8Hj.jpg	http://info.qingdaoexpo2014.org/en/baike/view_2706.html
http://www.huacaoshumu.net/attached/image/20140713/20140713214434_49011.jpg	http://www.huacaoshumu.net/html/zhishi/text152.php
https://www.huabaike.com/uploads/allimg/artimg/201606/20160601135047_97003.jpg	https://www.huabaike.com/yhjq/3902.html
http://pic.pimg.tw/moonheart930906/1386057094-2595777177.jpg?v=1386057099	http://moonheart930906.pixnet.net/blog/post/319621238-%E7%99%BE%E5%AD%90%E8%93%AE%E3%80%81%E6%84%9B%E6%83%85%E8%8A%B1%EF%BC%8C%E5%9C%A8%E6%B8%85%E5%A2%83%E3%80%82
http://s11.sinaimg.cn/mw690/001UnzBvgy70mW8HKY2aa&690	http://blog.sina.com.cn/s/blog_684312490102w59j.html
https://hamyselfppy.files.wordpress.com/2011/05/img_2079.jpg	https://hamyselfppy.wordpress.com/2011/05/14/%E7%99%BE%E5%AD%90%E8%8E%B2/
http://img.ph.126.net/WSECDEVy2DUGqcEtfINHwg==/2829104990935590283.jpg	http://shuchonghui.blog.163.com/blog/static/1511563201163923030
http://www.iyanghua.com/f/baizilian/20081125213639_2.jpg	http://www.iyanghua.com/f/baizilian/
https://www.huabaike.com/uploads/allimg/sltimg/201606/574e777b0af74.jpg	https://www.huabaike.com/yhjq/3902.html
https://cbu01.alicdn.com/img/ibank/2014/526/211/1612112625_1055447436.220x220.jpg	http://www.1688.com/chanpin/-B0D9D7D3C1AB.html
https://hamyselfppy.files.wordpress.com/2011/05/img_2082.jpg	https://hamyselfppy.wordpress.com/2011/05/14/%E7%99%BE%E5%AD%90%E8%8E%B2/
http://1.blog.xuite.net/1/c/3/a/237349305/blog_3684854/txt/328640013/2.jpg	http://blog.xuite.net/coco1693/wretch/328640013-%E7%99%BE%E5%AD%90%E8%93%AE+%E4%B9%9F%E5%8F%AB%E6%84%9B%E6%83%85%E8%8A%B1+%E8%8A%B1%E8%AA%9E%3D%E6%B5%AA%E6%BC%AB%E7%9A%84%E6%84%9B%E6%83%85
http://img3.redocn.com/tupian/20151113/baizilian_5315000.jpg	http://sucai.redocn.com/tupian/5315000.html
http://f.nfjing.com/yhjq/7a630817cf6e96fed456365c066e3dd1.jpg	http://nfjing.com/yhjq/1244.html
http://plantnote.com/d/file/2017-01-05/e4248c561059af31895de9f1f383c1f6.jpg	http://plantnote.com/knowledge/426.html
http://www.scib.cas.cn/xwzx/kply/201005/W020100507726653539805.jpg	http://www.scib.cas.cn/xwzx/kply/201005/t20100507_2840944.html
http://a1.att.hudong.com/73/92/01100000000000144734923181847_s.jpg	http://www.baike.com/wiki/%E7%99%BE%E5%AD%90%E8%8E%B2
http://pic.pimg.tw/chiffon1/4bd17a5c5cb9a.jpg	http://chiffon1.pixnet.net/blog/post/6421424-%E7%99%BE%E5%AD%90%E8%93%AE-%E9%9D%9E%E6%B4%B2%E6%84%9B%E6%83%85%E8%8A%B1-%E9%9D%9E%E6%B4%B2%E7%99%BE%E5%90%88
http://pic.baike.soso.com/p/20111018/20111018154447-87209913.jpg	http://baike.sogou.com/v417548.htm
https://cbu01.alicdn.com/img/ibank/2016/794/433/3318334497_1026556056.220x220.jpg	http://www.1688.com/chanpin/-B0D9D7D3C1AB.html
http://map1.zw3e.com:8080/zw_news_map/550/2014101/1412863480034315150.png	http://www.zw3e.com/see/f250i24.html
https://c1.staticflickr.com/1/324/18506975260_5c17139139_b.jpg	https://www.flickr.com/photos/jill-photo/18506975260
http://img01.hua.com/uploadpic/images/20167281810243186389.jpg	http://www.hua.com/huayu/16646.html
https://www.huabaike.com/uploads/allimg/artimg/201611/20161124132509_98552.jpg	https://www.huabaike.com/jtyh/5856.html
https://cbu01.alicdn.com/img/ibank/2017/721/364/3968463127_1173037676.220x220.jpg	http://www.1688.com/chanpin/-B0D9D7D3C1AB.html
https://www.huabaike.com/uploads/allimg/sltimg/201606/574e7847e05d2.jpg	https://m.huabaike.com/yhjq/3902.html
http://img2.jc001.cn/img/001/1/1303/135146b4a18a549.jpg	http://news.jc001.cn/13/0318/717387.html
http://pic1.win4000.com/pic/0/f5/f32c1365639.jpg	http://www.win4000.com/meinv114718.html
https://cbu01.alicdn.com/img/ibank/2013/389/708/1005807983_1543621117.310x310.jpg	https://www.1688.com/pic/-B0D9D7D3C1AB.html
http://www.fei123.com/upload/2017/06/23/ceff17d9813c8bdc.jpg	http://www.fei123.com/2010000/2005027.shtml
http://img2.ph.126.net/lDXnxtS7deeoOfOeayGjMA==/6630314600234915051.jpg	http://zy7312.lofter.com/post/14614c_7b80d9c
https://c.share.photo.xuite.net/menging/1cd14e7/5726655/222877480_l.jpg	http://blog.xuite.net/menging/blog/60886369-%E3%80%90%E5%98%89%E7%BE%A9%E3%80%91%E9%9A%99%E9%A0%82%E5%82%B3%E8%AA%AA%E6%9D%91%E3%80%82%E7%99%BE%E5%AD%90%E8%93%AE
http://image.sciencenet.cn/album/201705/15/094753r4j935rvwrwwsbk3.jpg	http://blog.sciencenet.cn/blog-3319332-1055013.html
http://www.familyflowers.cn/uploads/allimg/17/1-1F213140519340.png	http://www.familyflowers.cn/mu/1217.html
http://www.fei123.com/upload/2017/06/23/99670f8de591614e.jpg	http://www.fei123.com/2010000/2005018.shtml
http://pic.pimg.tw/hsw2756/1381589493-1814190493.jpg	http://hsw2756.pixnet.net/blog/post/271329425-%E5%AD%B8%E6%A0%A1%E7%9A%84%E7%99%BE%E5%AD%90%E8%93%AE%28%E6%84%9B%E6%83%85%E8%8A%B1%29
http://img.mp.itc.cn/upload/20170724/21be39da2ef84a17840a345f0ae9604b_th.jpg	http://www.sohu.com/a/159619902_685218
http://img.mp.itc.cn/upload/20170611/ec698622c8ff452bac065d1e77e51a80_th.jpg	http://www.sohu.com/a/147983306_155889
