
https://gss1.bdstatic.com/-vo3dSag_xI4khGkpoWK1HF6hhy/baike/c0%3Dbaike92%2C5%2C5%2C92%2C30/sign=32878de877c6a7efad2ba0749c93c434/5bafa40f4bfbfbed7ef21e4879f0f736afc31f59.jpg
https://gss0.bdstatic.com/-4o3dSag_xI4khGkpoWK1HF6hhy/baike/c0%3Dbaike92%2C5%2C5%2C92%2C30/sign=7613c434c995d143ce7bec711299e967/d62a6059252dd42a1c80299c023b5bb5c9eab87f.jpg
https://gss3.bdstatic.com/-Po3dSag_xI4khGkpoWK1HF6hhy/baike/c0%3Dbaike80%2C5%2C5%2C80%2C26/sign=f8adf6c3b64543a9e116f29e7f7ee1e7/b17eca8065380cd7da978adaa044ad345982817f.jpg
https://gss1.bdstatic.com/9vo3dSag_xI4khGkpoWK1HF6hhy/baike/c0%3Dbaike92%2C5%2C5%2C92%2C30/sign=c0b5510f6f061d95694b3f6a1a9d61b4/9a504fc2d56285358c69fa1691ef76c6a7ef637f.jpg
https://gss0.bdstatic.com/-4o3dSag_xI4khGkpoWK1HF6hhy/baike/c0%3Dbaike92%2C5%2C5%2C92%2C30/sign=e996524d21a446236ac7ad30f94b196b/ca1349540923dd54d2fa8f5fd009b3de9c82487f.jpg
https://gss0.bdstatic.com/94o3dSag_xI4khGkpoWK1HF6hhy/baike/c0%3Dbaike92%2C5%2C5%2C92%2C30/sign=1a07eb04728da9775a228e79d138937c/96dda144ad345982e220cda50df431adcbef845a.jpg
https://gss2.bdstatic.com/9fo3dSag_xI4khGkpoWK1HF6hhy/baike/c0%3Dbaike92%2C5%2C5%2C92%2C30/sign=f901d4ed14ce36d3b6098b625b9a51e2/6609c93d70cf3bc73d89e5dbd000baa1cd112a7f.jpg
https://gss1.bdstatic.com/-vo3dSag_xI4khGkpoWK1HF6hhy/baike/c0%3Dbaike92%2C5%2C5%2C92%2C30/sign=67ec1f0f7af40ad101e9cfb136457aba/e4dde71190ef76c6ca78d31c9c16fdfaaf51675a.jpg

https://gss3.bdstatic.com/7Po3dSag_xI4khGkpoWK1HF6hhy/baike/c0%3Dbaike80%2C5%2C5%2C80%2C26/sign=c7b0879509f79052fb124f6c6d9abcaf/d009b3de9c82d1582babad37800a19d8bc3e420f.jpg
https://gss0.bdstatic.com/94o3dSag_xI4khGkpoWK1HF6hhy/baike/c0%3Dbaike80%2C5%2C5%2C80%2C26/sign=8b53ad74d562853586edda73f1861da3/83025aafa40f4bfbebee49d2034f78f0f736187d.jpg
https://gss3.bdstatic.com/7Po3dSag_xI4khGkpoWK1HF6hhy/baike/c0%3Dbaike80%2C5%2C5%2C80%2C26/sign=8f7e40a895cad1c8c4b6f4751e570c6c/0b7b02087bf40ad1dde99764572c11dfa9ecce2c.jpg
https://gss1.bdstatic.com/9vo3dSag_xI4khGkpoWK1HF6hhy/baike/c0%3Dbaike80%2C5%2C5%2C80%2C26/sign=082a17896709c93d13ff06a5fe5493b9/f3d3572c11dfa9ec4b2e0b9062d0f703918fc131.jpg
https://gss3.bdstatic.com/-Po3dSag_xI4khGkpoWK1HF6hhy/baike/c0%3Dbaike80%2C5%2C5%2C80%2C26/sign=d2e17a94dd54564ef168ec6bd2b7f7e7/f9198618367adab4d1585dc48bd4b31c8601e4a9.jpg
https://gss0.bdstatic.com/-4o3dSag_xI4khGkpoWK1HF6hhy/baike/c0%3Dbaike80%2C5%2C5%2C80%2C26/sign=ce1c3fa7b912c8fca0fefe9f9d6af920/503d269759ee3d6de96cca4c43166d224e4ade8b.jpg
https://gss2.bdstatic.com/9fo3dSag_xI4khGkpoWK1HF6hhy/baike/c0%3Dbaike80%2C5%2C5%2C80%2C26/sign=9bf58fe2b319ebc4d4757ecbe34fa499/b3119313b07eca8087fc8960912397dda04483b8.jpg
https://gss1.bdstatic.com/9vo3dSag_xI4khGkpoWK1HF6hhy/baike/c0%3Dbaike80%2C5%2C5%2C80%2C26/sign=59956579c3fdfc03f175ebeab556ecf1/3c6d55fbb2fb4316fc4be9fd20a4462308f7d3e5.jpg

https://gss1.bdstatic.com/-vo3dSag_xI4khGkpoWK1HF6hhy/baike/c0%3Dbaike80%2C5%2C5%2C80%2C26/sign=2cb2c9ca45c2d562e605d8bf8678fb8a/72f082025aafa40fde71a977a164034f79f019e0.jpg
https://gss1.bdstatic.com/9vo3dSag_xI4khGkpoWK1HF6hhy/baike/c0%3Dbaike80%2C5%2C5%2C80%2C26/sign=5b22be6313d5ad6ebef46cb8e0a252be/9922720e0cf3d7caf2f2bad1fa1fbe096b63a915.jpg

https://gss2.bdstatic.com/-fo3dSag_xI4khGkpoWK1HF6hhy/baike/c0%3Dbaike92%2C5%2C5%2C92%2C30/sign=060a321d03f79052fb124f6c6d9abcaf/0823dd54564e9258f7a7c7e09682d158ccbf4e28.jpg
https://gss2.bdstatic.com/9fo3dSag_xI4khGkpoWK1HF6hhy/baike/c0%3Dbaike92%2C5%2C5%2C92%2C30/sign=20303ed324738bd4d02cba63c0e2ecb3/4a36acaf2edda3cc865df92e0be93901213f9207.jpg
https://gss3.bdstatic.com/7Po3dSag_xI4khGkpoWK1HF6hhy/baike/c0%3Dbaike92%2C5%2C5%2C92%2C30/sign=c086d57aa7345982d187edc06d9d5ac8/7c1ed21b0ef41bd5fa35a9fa5bda81cb39db3d5d.jpg
https://gss3.bdstatic.com/7Po3dSag_xI4khGkpoWK1HF6hhy/baike/c0%3Dbaike116%2C5%2C5%2C116%2C38/sign=0d9759cbeafe9925df01610255c135ba/a9d3fd1f4134970a07f051219fcad1c8a7865d38.jpg
https://gss3.bdstatic.com/7Po3dSag_xI4khGkpoWK1HF6hhy/baike/c0%3Dbaike116%2C5%2C5%2C116%2C38/sign=fe8b47c4888ba61ecbe3c07d205dfc6f/c2cec3fdfc0392459936a0018d94a4c27d1e2538.jpg

https://gss3.bdstatic.com/7Po3dSag_xI4khGkpoWK1HF6hhy/baike/c0%3Dbaike80%2C5%2C5%2C80%2C26/sign=0d03cda50df431ada8df4b6b2a5fc7ca/38dbb6fd5266d016b690b61f962bd40735fa357f.jpg

https://gss2.bdstatic.com/9fo3dSag_xI4khGkpoWK1HF6hhy/baike/c0%3Dbaike92%2C5%2C5%2C92%2C30/sign=d89d30f2e1fe9925df01610255c135ba/b64543a98226cffcfca39785b8014a90f603ea78.jpg
https://gss0.bdstatic.com/-4o3dSag_xI4khGkpoWK1HF6hhy/baike/c0%3Dbaike92%2C5%2C5%2C92%2C30/sign=314afa1691ef76c6c4dff379fc7f969f/83025aafa40f4bfb2f7ab663024f78f0f736185a.jpg
https://gss0.bdstatic.com/94o3dSag_xI4khGkpoWK1HF6hhy/baike/c0%3Dbaike92%2C5%2C5%2C92%2C30/sign=dc3f43d88cb1cb132a643441bc3d3d2b/b8014a90f603738d41e02415b21bb051f819ec5b.jpg

https://gss3.bdstatic.com/7Po3dSag_xI4khGkpoWK1HF6hhy/baike/c0%3Dbaike272%2C5%2C5%2C272%2C90/sign=7e44e43dd72a6059461de948495d5ffe/0dd7912397dda144827f6446b2b7d0a20df486cb.jpg
https://gss3.bdstatic.com/7Po3dSag_xI4khGkpoWK1HF6hhy/baike/c0%3Dbaike272%2C5%2C5%2C272%2C90/sign=33758cf133fa828bc52e95b19c762a51/c9fcc3cec3fdfc031d0eeb4cd43f8794a5c226cb.jpg
https://gss2.bdstatic.com/9fo3dSag_xI4khGkpoWK1HF6hhy/baike/c0%3Dbaike272%2C5%2C5%2C272%2C90/sign=1ad56cf9269759ee5e5d6899d3922873/1b4c510fd9f9d72a727618e9d42a2834349bbb37.jpg
https://gss1.bdstatic.com/-vo3dSag_xI4khGkpoWK1HF6hhy/baike/c0%3Dbaike272%2C5%2C5%2C272%2C90/sign=545b42fa6709c93d13ff06a5fe5493b9/dcc451da81cb39db2bb16fa2d0160924aa1830d4.jpg
https://gss3.bdstatic.com/-Po3dSag_xI4khGkpoWK1HF6hhy/baike/c0%3Dbaike272%2C5%2C5%2C272%2C90/sign=78988ed88701a18be4e61a1dff466c6d/f603918fa0ec08faa2711b5359ee3d6d54fbdad5.jpg
https://gss2.bdstatic.com/9fo3dSag_xI4khGkpoWK1HF6hhy/baike/c0%3Dbaike72%2C5%2C5%2C72%2C24/sign=660e8dea2f2eb938f86072a0b40bee50/c995d143ad4bd113411939395aafa40f4afb05e0.jpg
https://gss0.bdstatic.com/94o3dSag_xI4khGkpoWK1HF6hhy/baike/c0%3Dbaike72%2C5%2C5%2C72%2C24/sign=938f4d1f6b600c33e474d69a7b253a6a/838ba61ea8d3fd1fb9d82c31304e251f94ca5fec.jpg

https://gss1.bdstatic.com/-vo3dSag_xI4khGkpoWK1HF6hhy/baike/c0%3Dbaike150%2C5%2C5%2C150%2C50/sign=87f1373ed43f8794c7f2407cb3726591/faedab64034f78f0e2824e7579310a55b2191cae.jpg
https://gss2.bdstatic.com/-fo3dSag_xI4khGkpoWK1HF6hhy/baike/c0%3Dbaike150%2C5%2C5%2C150%2C50/sign=4fe4d49cc65c10383073c690d378f876/9a504fc2d5628535436906a790ef76c6a6ef63af.jpg
https://gss0.bdstatic.com/94o3dSag_xI4khGkpoWK1HF6hhy/baike/c0%3Dbaike150%2C5%2C5%2C150%2C50/sign=351306a790ef76c6c4dff379fc7f969f/b03533fa828ba61e781d1ca94134970a314e5941.jpg
https://gss2.bdstatic.com/-fo3dSag_xI4khGkpoWK1HF6hhy/baike/c0%3Dbaike150%2C5%2C5%2C150%2C50/sign=4f9fd49cc65c10383073c690d378f876/9a504fc2d5628535431206a790ef76c6a6ef6342.jpg
https://gss0.bdstatic.com/-4o3dSag_xI4khGkpoWK1HF6hhy/baike/c0%3Dbaike150%2C5%2C5%2C150%2C50/sign=1242fa63ad6eddc432eabca958b2dd98/0b55b319ebc4b7455f1f6390cffc1e178b8215a8.jpg
https://gss3.bdstatic.com/7Po3dSag_xI4khGkpoWK1HF6hhy/baike/c0%3Dbaike116%2C5%2C5%2C116%2C38/sign=cb096ca601e93901420f856c1a853f82/f11f3a292df5e0fe2ef55d875c6034a85fdf7243.jpg
