
http://pic.pingguolv.com/uploads/allimg/170119/109-1F119231I2.png	http://www.pingguolv.com/zy/gongxiao/84184.html
http://www.baihuamen.com/d/file/2014/05-22/2d3fe76fa3474ffac878cb50f6c8f73c.jpg	http://www.baihuamen.com/jiegucao/
http://www.cnhua.net/UpFiles/Picture/200606/2006062314555671353.JPG	http://www.cnhua.net/minghua/yhyc/620416329822.html
http://www.baicaolu.com/article/wp-content/uploads/2016/02/4f5e34a24501515ecdc25000.jpg	http://www.baicaolu.com/article/4689.html
http://www.cnzyao.com/uploads/allimg/120729/1-120HZ0234W01.jpg	http://www.cnzyao.com/yaocai/qc/3708.html
http://img.99.com.cn/uploads/140724/382_163513_1.jpg	http://zyk.99.com.cn/zyfj/zysy/2012/0927/282011.html
http://images4.fotop.net/albums4/senyung/w04/P1220011.jpg	http://www.hkwildlife.net/Forum/viewthread.php?tid=8806
http://1.bp.blogspot.com/_dov0OBymuUA/TJhD_R4FmoI/AAAAAAAAIn8/VXogrRT7k7g/s1600/553.jpg	http://lalajacky.blogspot.com/2010/09/blog-post_21.html
http://livedoor.blogimg.jp/uy923/imgs/9/8/985f4835.JPG	http://blog.livedoor.jp/uy923/tag/%E6%8E%A5%E9%AA%A8%E8%8D%89%E8%8C%B6
http://pic.pingguolv.com/uploads/allimg/170119/109-1F119231P9.png	http://www.pingguolv.com/zy/gongxiao/84184.html
http://www.cnhua.net/uploads/allimg/090614/2225054R7-0.JPG	http://www.cnhua.net/zhiwu/rendongke/shuozhuo/49704220263.html
http://img.xunhai.com/2015/12/01/144890278260654.jpg	http://www.xunhai.com/jiegucao/2015/1201/9034.html
http://www.yn999.cn/wp-content/uploads/2015/08/%E5%B0%8F%E9%A9%B3%E9%AA%A802.jpg	http://www.yn999.cn/?p=940
http://pic.pingguolv.com/uploads/allimg/170119/109-1F119231F6.png	http://www.pingguolv.com/zy/gongxiao/84184.html
http://www.yn999.cn/wp-content/uploads/2015/08/%E5%B0%8F%E9%A9%B3%E9%AA%A804-600x371.jpg	http://www.yn999.cn/?tag=%E6%8E%A5%E9%AA%A8%E8%8D%89
http://www.1313.com.tw/0970607001/Image/%E6%8E%A5%E9%AA%A8%E8%8D%89.jpg	http://www.1313.com.tw/?ID=192&ID2=&IDS=192&ID3=807&ID3T=0&ID3I=1&Page=1
http://www.yuhuagu.com/uploads/allimg/120624/10-1206240K116.jpg	http://www.yuhuagu.com/ktsh/3425.html
http://pic.pingguolv.com/uploads/allimg/170119/109-1F119231H0.png	http://www.pingguolv.com/zy/gongxiao/84184.html
http://p.ayxbk.com/images/thumb/2/2b/Bkn9v.jpg/220px-Bkn9v.jpg	http://www.a-hospital.com/w/%E6%8E%A5%E9%AA%A8%E8%8D%89
http://www.changshifang.com/uploads/161123/89-16112321364N33.jpg	http://www.changshifang.com/yaocai/J/111760.html
https://gss3.bdstatic.com/7Po3dSag_xI4khGkpoWK1HF6hhy/baike/s%3D220/sign=10950b7283d6277fed12353a18391f63/7acb0a46f21fbe09fcf75cdd6f600c338644ad4a.jpg	https://baike.baidu.com/item/%E6%8E%A5%E9%AA%A8%E8%8D%89
http://s13.sinaimg.cn/mw690/0029Dvdfgy6M6u8kNqscc&690	http://blog.sina.com.cn/s/blog_75b308c90102uyht.html
https://i1.read01.com/uploads/074dKJ00.jpg	https://read01.com/NPoLz.html
http://img.xietui.com/med-images/201411/26/56/201411265638753095779_300.jpg	http://www.xietui.com/yaocai/4529.html
https://i1.kknews.cc/large/19f60001e9b7c73a46a0	https://kknews.cc/health/vmvlpba.html
https://i1.kknews.cc/large/19f60001e9b49434534f	https://kknews.cc/health/vmvlpba.html
https://gss3.bdstatic.com/7Po3dSag_xI4khGkpoWK1HF6hhy/baike/s%3D220/sign=0c32fdebd40735fa95f049bbae500f9f/dbb44aed2e738bd41436edc1a18b87d6277ff92f.jpg	https://baike.baidu.com/item/%E6%8E%A5%E9%AA%A8%E8%8D%89
http://s6.sinaimg.cn/mw690/002n6cJzgy71T5dOps915&690	http://blog.sina.com.cn/s/blog_818e82390102we4o.html
http://www.bbioo.com/uploadfile/2014/0509/201405090121454498.jpg	http://www.bbioo.com/lifesciences/43-63254-1.html
http://img.tupianzj.com/uploads/allimg/160324/15-160324220K3.jpg	http://www.tupianzj.com/sheying/huahui/20160324/44612.html
http://img.redocn.com/sheying/20150729/shuipangdejiegucao_4741960.jpg	http://sucai.redocn.com/dongwuzhiwu_4741960.html
https://i1.kknews.cc/large/1af10001f9e853b6c016	https://kknews.cc/health/r95jvyv.html
http://iwalani.okinawa/wp-content/uploads/2016/05/%E6%8E%A5%E9%AA%A8%E8%8D%8901.jpg	http://iwalani.okinawa/tag/%E6%8E%A5%E9%AA%A8%E8%8D%89/
http://www.baihuamen.com/d/file/2014/05-23/a0d8271351bc491de77feb05f9c89d5a.jpg	http://www.baihuamen.com/jiegucao/
http://pic1.win4000.com/pic/4/df/78091363240.jpg_195.jpg	http://www.win4000.com/meinv114506.html
http://pic.baike.soso.com/ugc/baikepic2/11946/20160908024023-328567222.jpg/300	http://baike.soso.com/ShowTitle.e?sp=S%E6%8E%A5%E9%AA%A8%E8%8D%89
https://gss1.bdstatic.com/9vo3dSag_xI4khGkpoWK1HF6hhy/baike/s%3D220/sign=5e9da438c33d70cf48faad0fc8ddd1ba/d043ad4bd11373f0a3a1999eae0f4bfbfbed0410.jpg	https://baike.baidu.com/item/%E6%8E%A5%E9%AA%A8%E8%8D%89
http://www.rensheng2.com/upload/2017/03/24/56d21838-8bdb-45ba-a509-60298bcd777b.jpg	http://www.rensheng2.com/1670000/1663966.shtml
http://g-search2.alicdn.com/bao/uploaded/i2/2783862464/TB2tab0tpXXXXbYXpXXXXXXXXXX_!!2783862464.jpg_240x240q50	http://tw.taobao.com/product/%E6%96%B0%E9%AE%AE%E6%8E%A5%E9%AA%A8%E8%8D%89.htm
http://www.baihuamen.com/d/file/2014/05-23/c359d36c64d78af12e77ab847808fbea.jpg	http://www.baihuamen.com/jiegucao/16020.html
https://i2.kknews.cc/large/1b840003edc2dbed8591	https://kknews.cc/health/oyq2ojm.html
http://img.aihuahui.com/d/2017/01/5887f8f16a229.jpg	http://www.aihuahui.com/aicaobenzhiwu/2411.html
http://www.neipet.com/wp-content/uploads/2016/07/jiegucao1.png	http://www.neipet.com/plant/27851.html
http://mymall.netbuilder.com.my/pic/banonh2/item/03033.JPG	http://mymall.netbuilder.com.my/?domain=banonh2&doit=order&pid=467
http://s11.sinaimg.cn/mw690/0029Dvdfgy6KV3yOhuO2a&690	http://blog.sina.com.cn/s/blog_75b308c90102uyht.html
https://i2.kknews.cc/large/19f20003bc1ece9d81d9	https://kknews.cc/zh-my/health/r9jzpx4.html
http://img3.hoto.cn/group/201306/05/2111984_42195149.thumb.jpg	http://group.haodou.com/topic-203812.html
http://s3.sinaimg.cn/mw690/002n6cJzgy71T5dUg7Md2&690	http://blog.sina.com.cn/s/blog_818e82390102we4o.html
https://i2.kknews.cc/large/19f10003d716d54e6c85	https://kknews.cc/zh-my/health/r9jzpx4.html
http://www.baihuamen.com/d/file/2014/05-23/55fcb66788dfa91fbf379b85472b09d8.jpg	http://www.baihuamen.com/jiegucao/
http://www.baihuamen.com/d/file/2014/05-23/cfcf99d279c0ac28005263a2311b38e7.jpg	http://www.baihuamen.com/jiegucao/16020_7.html
https://i1.kknews.cc/large/1af00001fc69868a02bb	https://kknews.cc/health/r95jvyv.html
http://pic1.win4000.com/pic/a/61/72ac1321031.jpg_195.jpg	http://www.win4000.com/meinv110570.html
http://img.supfree.net/zhongyao/images/3353_1.jpg	http://zhongyao.supfree.net/hao.asp?id=%BA%EF%BD%D3%B9%C7%B2%DD
http://www.yn999.cn/wp-content/uploads/2015/08/%E5%B0%8F%E9%A9%B3%E9%AA%A806.jpg	http://www.yn999.cn/?p=940
http://img3.hoto.cn/group/201306/05/2111984_42351796.thumb.jpg	http://group.haodou.com/topic-203812.html
http://2.bp.blogspot.com/-OLoBLs-Vsy8/VCF5eEPBcBI/AAAAAAAABp0/YCRx27U9yTU/s1600/DSCN5128.JPG	http://pwong8899.blogspot.com/2014/09/blog-post_23.html
http://g-search3.alicdn.com/bao/uploaded/i1/394393656/TB2ftqkkFXXXXbuXpXXXXXXXXXX_!!394393656.jpg_240x240q50	http://tw.taobao.com/product/%E6%96%B0%E9%AE%AE%E6%8E%A5%E9%AA%A8%E8%8D%89.htm
http://d.pmume.com/file/m/2017-04/6ddfe4d53802c2a1debcb30b5a7a8a1b.jpg	http://www.pmume.com/m/b7nh.shtml
http://tuzhizhijia.com/uploads/allimg/161226/1_161226102446_1.jpg	http://tuzhizhijia.com/tingyuan/2583.html
https://i2.kknews.cc/large/19f60001e9c65ee697d5	https://kknews.cc/health/vmvlpba.html
http://p.ayxbk.com/images/thumb/f/fa/Bkn9w.jpg/200px-Bkn9w.jpg	http://www.a-hospital.com/w/%E6%8E%A5%E9%AA%A8%E8%8D%89
http://g-search3.alicdn.com/bao/uploaded/i3/408735959/TB2yWHbmVXXXXcLXpXXXXXXXXXX_!!408735959.jpg_240x240q50	http://tw.taobao.com/product/%E6%96%B0%E9%AE%AE%E6%8E%A5%E9%AA%A8%E8%8D%89.htm
http://www.rensheng2.com/upload/2015/09/19/1a95bd07-c714-4a63-947b-3a753ae92824.jpg	http://www.rensheng2.com/440000/435063.shtml
https://i1.kknews.cc/large/19fe0001e7b7cb4c4b4f	https://kknews.cc/health/vmvlpba.html
http://img2.utuku.china.com/400x0/toutiao/20170503/35c10b01-16a2-4453-acec-e0156d17b5a4.jpg	http://wap.china.com/act/toutiao/13000138/20170503/30484543.html
http://img9.ph.126.net/Hm27g1wpneYxsJpfiqRPMA==/1582452319085097109.jpg	http://764507627.blog.163.com/blog/static/114998953201272774714282/
https://blog-001.west.edge.storage-yahoo.jp/res/blog-1a-93/mu_tu_ren/folder/1517810/40/63157140/img_0	http://blogs.yahoo.co.jp/mu_tu_ren/63157140.html
http://www.52yhua.com/uploads/allimg/170805/1-1FP5233042-50-lp.jpg	http://www.52yhua.com/caoben/7904.html
https://i2.kknews.cc/large/19fa0003ac587de771fe	https://kknews.cc/health/vmvlpba.html
http://www.huaxianer.com/uploads/allimg/170424/2-1F4241Q020O9.jpg	http://www.huaxianer.com/zhishi/0490.html
http://www.yn999.cn/wp-content/uploads/2015/07/%E6%8E%A5%E9%AA%A8%E4%B8%B9_%E9%99%86%E8%8B%B103-600x371.jpg	http://www.yn999.cn/?tag=%E6%8E%A5%E9%AA%A8%E8%8D%89
http://www.huaxianer.com/uploads/allimg/170424/2-1F4241Q031F8.jpg	http://www.huaxianer.com/zhishi/0490.html
http://muchongimg.xmcimg.com/data/bcs/2014/0421/w134h1978412_1398039561_829.jpg	http://muchong.com/html/201706/7297409.html
http://image.zixundingzhi.com/l1LsogTUuIusDFBK7igLlDclGNc=/660x0/full/98e5e6a7d0717f6896a63d75ab426adabea1760d	https://www.zixundingzhi.com/nongcun/63efb10c3504fc1a.html
http://image.zixundingzhi.com/JY7Y47hBGEiwp3JiOJzCzNhLidU=/660x0/full/ae65f077d34f447f824f7f4f8576557cac5afbc7	https://www.zixundingzhi.com/nongcun/63efb10c3504fc1a.html
http://www.yshuangjing.com/UpFile/201511/2015112975482641.jpg	http://www.yshuangjing.com/zhongyao/873.html
https://i2.kknews.cc/large/19fd0001f8bf1487b4c7	https://kknews.cc/health/vmvlpba.html
https://i2.kknews.cc/large/288c00030136634f4a83	https://kknews.cc/health/p5lkkv8.html
http://www.huaxianer.com/uploads/allimg/170424/2-1F4241Q043163.jpg	http://www.huaxianer.com/zhishi/0490.html
http://pic.baike.soso.com/ugc/baikepic2/49832/20160717092802-541736835.jpg/300	http://baike.soso.com/ShowTitle.e?sp=S%E6%8E%A5%E9%AA%A8%E8%8D%89
https://i2.kknews.cc/large/28870003dd3a3b9b9c9a	https://kknews.cc/health/p5lkkv8.html
https://i1.kknews.cc/large/24310005f2cae31621a2	https://kknews.cc/health/j6b6vyy.html
http://s10.sinaimg.cn/middle/4df9b27fgc3f47f8467e9&690	http://blog.sina.com.cn/s/blog_4df9b27f0100g8ig.html
http://s16.sinaimg.cn/mw690/0029Dvdfgy6KV3zWf2n0f&690	http://blog.sina.com.cn/s/blog_75b308c90102uyht.html
http://www.baicaolu.com/article/wp-content/uploads/2016/01/2014316161257579.jpg	http://www.baicaolu.com/article/3448.html
http://img.supfree.net/zhongyao/images/3353_2.jpg	http://zhongyao.supfree.net/hao.asp?id=%BA%EF%BD%D3%B9%C7%B2%DD
http://blog-imgs-42.fc2.com/t/u/b/tubokusa/201108242113251a9.jpg	http://tubokusa.blog119.fc2.com/blog-entry-115.html
https://i1.kknews.cc/large/288f0001f7ea75c53d10	https://kknews.cc/zh-sg/health/q29z32r.html
https://i1.kknews.cc/large/242d0005f148b6e8ace8	https://kknews.cc/health/j6b6vyy.html
http://s4.sinaimg.cn/mw690/002n6cJzgy71T5earybe3&690	http://blog.sina.com.cn/s/blog_818e82390102we4o.html
http://www.baihuamen.com/d/file/2014/05-23/43b9099d99272f37400efd949df52309.jpg	http://www.baihuamen.com/jiegucao/16020_10.html
https://upload.wikimedia.org/wikipedia/commons/thumb/6/61/Sambucus_chinensis.JPG/1200px-Sambucus_chinensis.JPG	https://zh.wikipedia.org/wiki/%E6%8E%A5%E9%AA%A8%E8%8D%89
http://s4.sinaimg.cn/mw690/001TVMgvzy73MOF01Kr13&690	http://blog.sina.com.cn/s/blog_67ddfd470102wsau.html
http://s9.sinaimg.cn/mw690/002n6cJzgy71T5ePxzif8&690	http://blog.sina.com.cn/s/blog_818e82390102we4o.html
https://i2.kknews.cc/large/21390002f875b893de4e	https://kknews.cc/news/eo8xl6z.html
http://www.sanjianshan.cn/uploads/image/20170426/1493195041.jpg	http://www.sanjianshan.cn/article_image-85-993-1.html
https://i2.kknews.cc/large/2c290002e96308f24e77	https://kknews.cc/health/vpx9x64.html
http://www.wranb.gov.tw/public/Data/812911121571.jpg	http://kk-trainbus888--kk.blogspot.com/2015/04/sambucus-chinensis-herba-sambuci.html
http://livedoor.blogimg.jp/uy923/imgs/e/2/e2ff0f8b.JPG	http://blog.livedoor.jp/uy923/tag/%E6%8E%A5%E9%AA%A8%E8%8D%89%E8%8C%B6
