
https://img.imynest.com/uploads/7/05/705191FA1E.jpeg	https://www.imynest.com/content/34454.html
https://img.ys137.com/data/upload/ueditor/20170619/59472a3f539e1.jpg	https://www.ys137.com/zyys/1710287.html
https://www.huabaike.com/uploads/allimg/sltimg/201605/573ae4cba28ec.jpg	https://www.huabaike.com/hyjk/3527.html
https://img.imynest.com/uploads/3/E9/3E9FC293A0.jpeg	https://www.imynest.com/content/207586.html
https://www.huabaike.com/uploads/allimg/sltimg/201605/573ae1fe7c1ff.jpg	https://www.huabaike.com/hyjk/3527.html
http://pic.pingguolv.com/uploads/allimg/161222/109-161222151620.jpg	http://www.pingguolv.com/zy/gongxiao/80562.html
http://a0.att.hudong.com/66/70/01300000165486121602706144973_s.jpg	http://www.baike.com/wiki/%E6%B0%B4%E9%AC%BC%E8%95%89
https://img.imynest.com/uploads/7/DD/7DD638D324.jpeg	https://www.imynest.com/content/34454.html
https://i1.kknews.cc/large/14a1000245558b56ac30	https://kknews.cc/science/4838k5g.html
https://img.imynest.com/uploads/3/A9/3A95E4FF49.jpeg	https://www.imynest.com/content/34454.html
https://gss2.bdstatic.com/9fo3dSag_xI4khGkpoWK1HF6hhy/baike/s%3D220/sign=714d81ebf4039245a5b5e60db795a4a8/78310a55b319ebc405c601bf8a26cffc1e17165d.jpg	https://baike.baidu.com/item/%E6%B0%B4%E9%AC%BC%E8%95%89/132997
http://pic15.nipic.com/20110804/2304422_171843126191_2.jpg	http://www.nipic.com/show/4924326.html
http://pic.pingguolv.com/uploads/allimg/161222/109-161222151630.jpg	http://www.pingguolv.com/zy/gongxiao/80562.html
http://imglf2.ph.126.net/khGVRKu7-_t_K8xHTOdTSw==/3767261088395651204.jpg	http://misscience.lofter.com/post/210ee2_16b9b64
http://a4.att.hudong.com/43/00/01300001193754130388000508357_s.jpg	http://www.baike.com/wiki/%E6%B0%B4%E9%AC%BC%E8%95%89%E5%B1%9E
http://www.cnhua.net/uploads/allimg/090614/100F56251-0.JPG	http://www.cnhua.net/zhiwu/shisuanke/shuiguijiao/
http://pic4.55jia.net/fengshuizhiwu/26/a370620.jpg	http://www.55jia.net/75/331974.html
http://www.huacaoshumu.net/attached/tupian/S35/20150720-5.jpg	http://www.huacaoshumu.net/zhiwu/shuiguijiao.php
http://www.cnhua.net/uploads/allimg/090614/1006203208-0.JPG	http://www.cnhua.net/zhiwu/shisuanke/shuiguijiao/
https://i1.kknews.cc/large/14a3000469d1a3212b6d	https://kknews.cc/science/4838k5g.html
https://i2.read01.com/uploads/09viv201.jpg	https://read01.com/GeMRn.html
https://i1.read01.com/uploads/09viv200.jpg	https://read01.com/GeMRn.html
https://img.ys137.com/data/upload/ueditor/20170619/59472a22d6d68.jpg	https://www.ys137.com/zyys/1710287.html
https://timg02.bdimg.com/timg?wapbaike&quality=60&size=b500_333&sec=1349839550&di=cedda38809833786b89454ca3814aaa6&src=http://imgsrc.baidu.com/baike/pic/item/00e93901213fb80e186f41cc30d12f2eb938946a.jpg	https://wapbaike.baidu.com/item/%E6%B0%B4%E9%AC%BC%E8%95%89
http://pic23.nipic.com/20120814/10536765_215134652190_2.jpg	http://www.nipic.com/show/1/44/6676886k2dc8d59e.html
http://pic.pingguolv.com/uploads/allimg/161222/109-161222151G8.jpg	http://www.pingguolv.com/zy/gongxiao/80562.html
http://img3.ph.126.net/8KihvIm6Dz2BGrETOsi_Zw==/2615184008636452873.jpg	http://yangli.1946.blog.163.com/blog/static/73079756201261811428371/
http://pic.pingguolv.com/uploads/allimg/161222/109-161222151640.jpg	http://www.pingguolv.com/zy/gongxiao/80562.html
http://www.wdptj.com/wp-content/uploads/2014/09/%E6%B0%B4%E9%AC%BC%E8%95%89.jpg	http://www.wdptj.com/3953.html
https://www.huabaike.com/uploads/allimg/artimg/201605/20160517172023_76667.jpg	https://www.huabaike.com/hyjk/3527.html
http://p.d1xz.net/2015/6/3/102598709870.jpg	http://3g.d1xz.net/astro/huayu/art91980.aspx
http://www.huamu.cn/picture/small/201503061344223822.jpg	http://www.huamu.cn/Product/S_shuiguijiao_____1.html
http://www.21cbi.com/upload/201609/22/147452760569.jpg	http://m.21cbi.com/s/14/63861.html
http://www.cnhua.net/uploads/allimg/090614/1010103B5-0.JPG	http://www.cnhua.net/zhiwu/shisuanke/shuiguijiao/096353.html
http://images.china.cn/attachement/jpg/site1000/20161207/002564ba9d4519b2044a03.jpg	http://www.horti-expo2019.com/2016-10/19/content_39521188.htm
http://a4.att.hudong.com/60/01/300001214935130389014770862_950.jpg	http://tupian.baike.com/79831/2.html?prd=zutu_thumbs
https://i2.kknews.cc/large/14a0000710c8b4fc20ea	https://kknews.cc/science/4838k5g.html
https://www.huabaike.com/uploads/allimg/sltimg/201605/573c2cf1da7f1.jpg	https://www.huabaike.com/yhjq/3558.html
https://www.huabaike.com/uploads/allimg/artimg/201605/20160518165202_90763.jpg	https://www.huabaike.com/yhjq/3558.html
https://img.ys137.com/data/upload/ueditor/20170619/59472a1cd9dec.jpg	https://www.ys137.com/zyys/1710287.html
http://image.sciencenet.cn/album/201707/07/110330jv39vrgv36r83nvu.jpg	http://blog.sciencenet.cn/blog-5889-1065078.html
http://pic22.nipic.com/20120712/10388598_165459183000_2.jpg	http://www.nipic.com/show/1/44/6498500k0272a6bc.html
https://i1.read01.com/uploads/09viv203.jpg	https://read01.com/GeMRn.html
http://p.ayxbk.com/images/thumb/5/52/Bkf5c.jpg/220px-Bkf5c.jpg	http://www.a-hospital.com/w/%E6%B0%B4%E9%AC%BC%E8%95%89
https://img.ys137.com/data/upload/ueditor/20170516/591ab82e4cb52.jpg	https://www.ys137.com/zyys/1704544.html
https://www.huabaike.com/uploads/allimg/artimg/201605/20160517172240_96404.jpg	https://www.huabaike.com/jtyh/3528.html
http://www.huacaoshumu.net/attached/tupian/S35/20150720-4.jpg	http://www.huacaoshumu.net/zhiwu/shuiguijiao.php
http://img01.hua.com/uploadpic/images/2016751735202349231.jpg	http://www.hua.com/huayu/16369.html
http://www.baihuamen.com/d/file/2014/05-24/4afe1b09f1a191fe646011890e91ebde.jpg	http://www.baihuamen.com/shuiguijiao/16092_21.html
https://www.huabaike.com/uploads/allimg/sltimg/201605/573ae4937c5c7.jpg	https://www.huabaike.com/jtyh/3528.html
http://www.huaxianer.com/uploads/allimg/170427/2-1F42GISaB.jpg	http://www.huaxianer.com/zhishi/04190.html
https://i1.kknews.cc/large/10a00010fffa05733f2	https://kknews.cc/agriculture/963lq8j.html
http://www.iyanghua.com/f/shuiguijiao/2009314201730_2.jpg	http://www.iyanghua.com/f/shuiguijiao/
http://gate.sinovision.net:82/gate/big5/cdnwww.sinovision.net/data/attachment/album/201609/09/181324q1miftmqte1g1oit.jpg	http://gate.sinovision.net:82/gate/big5/blog.sinovision.net/home/space/do/blog/uid/30435/id/296033.html
http://www.wdptj.com/wp-content/uploads/2014/09/%E6%B0%B4%E9%AC%BC%E8%95%891.jpg	http://www.wdptj.com/3953.html
http://gate.sinovision.net:82/gate/big5/cdnwww.sinovision.net/data/attachment/album/201609/09/181423drdz14sp94q9qsrs.jpg	http://gate.sinovision.net:82/gate/big5/blog.sinovision.net/home/space/do/blog/uid/30435/id/296033.html
http://gate.sinovision.net:82/gate/big5/cdnwww.sinovision.net/data/attachment/album/201609/09/181257lufq8eudcqzelwqg.jpg	http://gate.sinovision.net:82/gate/big5/blog.sinovision.net/home/space/do/blog/uid/30435/id/296033.html
http://img01.hua.com/uploadpic/images/2016751727122302264.jpg	http://www.hua.com/huayu/16369.html
https://gss3.bdstatic.com/-Po3dSag_xI4khGkpoWK1HF6hhy/baike/s%3D220/sign=a2acfe3c828ba61edbeecf2d713597cc/d1160924ab18972bc79ef83ce6cd7b899f510a9b.jpg	https://baike.baidu.com/item/%E6%B0%B4%E9%AC%BC%E8%95%89%E5%B1%9E
http://img.zwbk.org/baike/spic/2011/09/01/20110901101443109_1805.jpg	http://www.zwbk.org/zh-tw/Lemma_Show/208571.aspx
https://img.imynest.com/uploads/E/00/E00F086B0B.jpeg	https://www.imynest.com/content/34454.html
http://gate.sinovision.net:82/gate/big5/cdnwww.sinovision.net/data/attachment/album/201609/09/181200txplnwvl9l1st47p.jpg	http://gate.sinovision.net:82/gate/big5/blog.sinovision.net/home/space/do/blog/uid/30435/id/296033.html
http://gate.sinovision.net:82/gate/big5/cdnwww.sinovision.net/data/attachment/album/201609/09/181232a6lcwa4j62a6c62n.jpg	http://gate.sinovision.net:82/gate/big5/blog.sinovision.net/home/space/do/blog/uid/30435/id/296033.html
http://img4.duitang.com/uploads/item/201508/06/20150806133845_RCLQ8.thumb.700_0.jpeg	http://www.7262.com/index/5rC06ay86JWJ.html
http://a1.att.hudong.com/85/70/01300000165486121602707785114_s.jpg	http://www.baike.com/wiki/%E6%B0%B4%E9%AC%BC%E8%95%89
http://img.boqiicdn.com/Data/BK/A/1511/5/imagick70501446702466_y.jpg	http://m.boqii.com/article/24711.html
http://img.aiuw.com//images/201501/14225158473428.jpg	http://www.aiuw.com/zhiwu/huayu/article-38015.html
http://gate.sinovision.net:82/gate/big5/cdnwww.sinovision.net/data/attachment/album/201609/09/18145160n2so61717ff1y0.jpg	http://gate.sinovision.net:82/gate/big5/blog.sinovision.net/home/space/do/blog/uid/30435/id/296033.html
http://a1.att.hudong.com/20/69/01300000165486121602697119384_s.jpg	http://www.baike.com/wiki/%E6%B0%B4%E9%AC%BC%E8%95%89
http://s6.sinaimg.cn/bmiddle/59b5724cga5ac194ba245&690	http://www.7262.com/index/5rC06ay86JWJ.html
http://gate.sinovision.net:82/gate/big5/cdnwww.sinovision.net/data/attachment/album/201609/09/181559che6p8tixguz86m3.jpg	http://gate.sinovision.net:82/gate/big5/blog.sinovision.net/home/space/do/blog/uid/30435/id/296033.html
http://www.hhwz99.com/upLoad/product/month_1706/201706120925029643.jpg	http://www.hhwz99.com/content/?272.html
http://img.bimg.126.net/photo/fBOx7XqutA8hDrLbOHnIqw==/4306285668713203656.jpg	http://cnflora.lofter.com/post/11d76c_5bc2d0
http://img314.ph.126.net/afz-PNq7JuMwjtfc_73ugg==/3891673028002376804.jpg	http://www.7262.com/index/5rC06ay86JWJ.html
http://i1.wp.com/inews.gtimg.com/newsapp_match/0/384085229/0	http://www.ifuun.com/a201673200137/
http://gate.sinovision.net:82/gate/big5/cdnwww.sinovision.net/data/attachment/album/201609/09/1815245gwnnnc6d75czw55.jpg	http://gate.sinovision.net:82/gate/big5/blog.sinovision.net/home/space/do/blog/uid/30435/id/296033.html
http://www.21cbi.com/upload/201611/24/147996460086.jpg	http://m.21cbi.com/s/1/366430.html
http://www.cas.cn/kxcb/kpwz/201007/W020100716498651509332.jpg	http://www.cas.cn/kxcb/kpwz/201007/t20100716_2904322.shtml
https://www.huabaike.com/uploads/allimg/artimg/201605/20160518165146_10672.jpg	https://www.huabaike.com/yhjq/3558.html
http://opic.tbscache.com/manage/articles/2014/08-19/7802A58B-4512-A1AC-9BE2-16115AB20726.jpg	http://www.tobosu.com/article/2014-09-01/114966.html
http://3.bp.blogspot.com/-31garGm9aoI/TnXhvltaFhI/AAAAAAAAEBk/nht48-eWSZ4/s1600/Hymenocallis+speciosa+%25E6%25B0%25B4%25E9%25AC%25BC%25E8%2595%2589.JPG	http://nysp-runner-plants.blogspot.com/2011/09/hymenocallis.html
https://gw.alicdn.com/bao/uploaded/i2/50631709/TB2ouQNAS0mpuFjSZPiXXbssVXa_!!50631709.jpg_230x230.jpg	https://www.taobao.com/article/BEDCCfFXFVDnEvBL.html
http://i05.c.aliimg.com/img/ibank/2011/694/227/395722496_962048430.jpg	http://detail.1688.com/offer/1064621651.html
http://www.scib.ac.cn/lyfw/hx/201506/W020150629377852479259.jpg	http://www.scib.ac.cn/lyfw/hx/201506/t20150629_4380654.html
https://upload.wikimedia.org/wikipedia/commons/thumb/4/46/Spider_lily_in_Singapore.jpg/220px-Spider_lily_in_Singapore.jpg	https://zh.wikipedia.org/wiki/%E6%B0%B4%E9%AC%BC%E8%95%89%E5%B1%9E
http://mmbiz.qpic.cn/mmbiz/iciaRIxsqLBAicVOE5OmF1yJcoTqWwtau0YSaCFTmiaF0LbVPEB658libgvXiaX1Re5iaSe2ticCOut9TBEHHlI3cyibeag/0	http://blog.sina.com.cn/s/blog_74519cb80101p5mq.html
http://img.boqiicdn.com/Data/BK/P/imagick75841446716517.jpg	http://www.boqii.com/entry/detail/2190.html
http://www.scib.ac.cn/lyfw/hx/201506/W020150629377852392803.jpg	http://www.scib.ac.cn/lyfw/hx/201506/t20150629_4380654.html
https://img.imynest.com/uploads/9/42/9421473706.jpeg	https://www.imynest.com/content/34454.html
http://img02.sogoucdn.com/net/a/100520101/link?appid=100520101&url=http://mmbiz.qpic.cn/mmbiz_jpg/Bu8zrpeDz5Jv5bA9ygvwtelo1lPRbd6xZJsqPYUqQ6zZtoE7bOP2HGh4nagnR5eyhQUtjZ2rMrFBsNhicsZ0Ahw/0?wx_fmt=jpeg	http://baike.m.sogou.com/baike/weixinArticle.jsp?lid=54393&title=%E6%B0%B4%E9%AC%BC%E8%95%89&g_ut=3
https://www.huabaike.com/uploads/allimg/artimg/201605/20160518164859_57828.jpg	https://www.huabaike.com/yhjq/3555.html
http://img.zwbk.org/baike/spic/2011/09/01/20110901101348718_4677.jpg	http://www.zwbk.org/zh-tw/Lemma_Show/208571.aspx
https://i2.kknews.cc/large/153100019eabdff61dcc	https://kknews.cc/science/4838k5g.html
http://img.tupianzj.com/uploads/allimg/160330/15-160330233F5.jpg	http://www.tupianzj.com/sheying/huahui/20160330/44975_8.html
http://www.yangshengyi.com/d/file/zhongyi/2017-04-14/e5300765d1ee3a13dcb72c432933bf5b.jpg	http://www.yangshengyi.com/zhongyi/18320.html
http://img003.mllres.com//images/upload/1(25717).jpg	http://www.meilele.com/article/shipin/17621.html
http://tuzhizhijia.com/uploads/allimg/170102/1_170102115538_1.jpg	http://tuzhizhijia.com/tingyuan/2609.html
http://img.bimg.126.net/photo/-q60S92LZ5Qavu-4Viy-PQ==/5770518497546681334.jpg	http://www.7262.com/index/5rC06ay86JWJ.html
http://i1.wp.com/inews.gtimg.com/newsapp_match/0/384085230/0	http://www.ifuun.com/a201673200137/
http://img01.hua.com/uploadpic/images/2016751727571936419.jpg	http://www.hua.com/huayu/16369.html
