
http://a4.att.hudong.com/44/83/01300000171642121686839053933_s.jpg	http://www.baike.com/wiki/%E8%90%BC%E8%B7%9D%E8%8A%B1
http://www.baihuamen.com/d/file/2014/04-16/bd764d2d7d64850115981ea63a3e63ff.jpg	http://www.baihuamen.com/ejuhua/
http://a1.att.hudong.com/65/45/01300001170153131944453133618_s.jpg	http://www.baike.com/wiki/%E8%90%BC%E8%B7%9D%E8%8A%B1
http://a3.att.hudong.com/12/00/20300000820304130613004833173.jpg	http://tupian.baike.com/a3_12_00_20300000820304130613004833173_jpg.html&prd=so_tupian
http://www.yuhuagu.com/uploads/allimg/130511/10-130511222044.jpg	http://www.yuhuagu.com/ktsh/7772.html
http://image.sciencenet.cn/album/201211/18/17154356dgdeowx7zdevdv.jpg	http://blog.sciencenet.cn/blog-629259-634675.html
http://www.baihuamen.com/d/file/2014/04-16/cfce34d9b6d0c5235c23321563fd907b.jpg	http://www.baihuamen.com/ejuhua/
https://gss0.bdstatic.com/-4o3dSag_xI4khGkpoWK1HF6hhy/baike/s%3D220/sign=3ff558f2c98065387feaa311a7dca115/95eef01f3a292df54c1871a9bf315c6035a873b7.jpg	https://baike.baidu.com/item/%E8%90%BC%E8%B7%9D%E8%8A%B1
http://www.baihuamen.com/d/file/2014/04-16/a4afc76a9197c05b7c3c400a905c39a3.jpg	http://www.baihuamen.com/ejuhua/
http://www.yuhuagu.com/uploads/allimg/120622/10-120622114316.jpg	http://www.yuhuagu.com/ktsh/3363.html
http://www.yuhuagu.com/uploads/allimg/130511/10-130511222049.jpg	http://www.yuhuagu.com/ktsh/7772.html
http://s11.sinaimg.cn/mw690/001ROMKqgy6TEvAwX6W7a&690	http://blog.sina.com.cn/s/blog_66019f9e0102vjnj.html
http://pic.showhua.com/pinzhong/201432151951.jpg	http://www.showhua.com/pinzhong/ejuhua/
http://wap.yunmencraft.com/Upload/20151007093129wHUr.jpg	http://wap.yunmencraft.com/index.php/ejuhua/996.html
http://www.gdyuanlin.cn/miaomuimages/%E8%90%BC%E8%B7%9D%E8%8A%B1.jpg	http://www.gdyuanlin.cn/wikipedia/39733964.html
http://www.fpcn.net/uploads/allimg/130926/2-13092614331T92.JPG	http://www.fpcn.net/a/guanmu/20130926/Cuphea_hyssopifolia.html
http://www.ynhmw.com/file/upload/201404/30/23-43-28-13-1.jpg	http://www.ynhmw.com/xuetang/show-3971.html
http://a3.att.hudong.com/00/45/01300001170153131944455643333_s.jpg	http://www.baike.com/wiki/%E8%90%BC%E8%B7%9D%E8%8A%B1
http://s8.sinaimg.cn/middle/049d4760g8996dbc89b47&690	http://blog.sina.com.cn/s/blog_049d47600100jhvp.html
http://www.hnhm.com/uploads/allimg/121206/1555393.jpg	http://www.hnhm.com/news/zaipei/201212/255859.html
http://a4.att.hudong.com/31/87/01300000171642121686873575778_s.jpg	http://www.baike.com/wiki/%E8%90%BC%E8%B7%9D%E8%8A%B1
http://s12.sinaimg.cn/mw690/001wbFZtgy6KDvwYC1R0b&690	http://blog.sina.com.cn/s/blog_52f48d0f0102uy75.html
http://www.huayugu.com.cn/uploads/allimg/160707/1-160FG915120-L.jpg	http://www.huayugu.com.cn/ejuhua/13422.html
http://wap.yunmencraft.com/Upload/20151007093129iqLc.jpg	http://wap.yunmencraft.com/index.php/ejuhua/996.html
http://imglf0.ph.126.net/DMxjP_PqYssNOU4gBTB8WA==/2886807361161983070.jpg	http://misscience.lofter.com/post/210ee2_18d374c
https://cdn.huaniaoy.cn/20161115/original/1479181890854.jpg@!pic280zw	https://www.huaniaoy.com/yangzhifangfa/1098/
http://img.xunhai.com/2015/11/26/144849867072316.jpg	http://www.xunhai.com/ejuhua/2015/1126/3867.html
http://www.52yhua.com/uploads/allimg/160706/1-160F6215428.jpg	http://m.52yhua.com/mubentp/2800.html
http://www.baihuamen.com/d/file/2014/04-16/cec59a1b5e62036530a6ba2b6ebd2247.jpg	http://www.baihuamen.com/ejuhua/
http://a3.att.hudong.com/36/86/01300000171642121686863728014_s.jpg	http://www.baike.com/wiki/%E8%90%BC%E8%B7%9D%E8%8A%B1
http://p.d1xz.net/2014/7/7/092875087508.jpg	http://www.d1xz.net/astro/huayu/art56186.aspx
https://flora.megaview.com.tw/images/_cache/magic_toolbox/ec8358a7a7f6eb317732ea13a6fd8d83/1/5/1572/original/2838017307/P0225.jpg	https://flora.megaview.com.tw/product_info.php?products_id=1572
http://hua36.com/tupian/pizhenyeejuhua/3.jpg	http://hua36.com/huahui/caoben/500.html
http://img.xunhai.com/2015/12/01/144893846119276.jpg	http://www.xunhai.com/ejuhua/2015/1201/9125.html
http://img.boqiicdn.com/Data/BK/A/1512/10/imagick27081449717093_y.jpg	http://www.boqii.com/article/25321.html
https://gss1.bdstatic.com/9vo3dSag_xI4khGkpoWK1HF6hhy/baike/s%3D220/sign=52a8958e9145d688a702b5a694c37dab/0b55b319ebc4b745d2fcebabccfc1e178a821526.jpg	https://baike.baidu.com/item/%E7%81%AB%E7%BA%A2%E8%90%BC%E8%B7%9D%E8%8A%B1
http://s10.sinaimg.cn/mw690/003sae9dzy6ZIWn0A8p49&690	http://blog.sina.com.cn/s/blog_bc9f8f830102w3gm.html
https://gss2.bdstatic.com/-fo3dSag_xI4khGkpoWK1HF6hhy/baike/s%3D220/sign=25f09b8a78f0f736dcfe4b033a54b382/7af40ad162d9f2d3d9b8891aa9ec8a136227cc9e.jpg	https://baike.baidu.com/item/%E8%90%BC%E8%B7%9D%E8%8A%B1%E5%B1%9E
http://img.ipet.tw/uploads/8/D7/8D72C63AB2.jpeg	http://www.ipet.tw/content/44777.html
http://www.rensheng2.com/upload/2017/05/28/3501a1a31bdfa0cd.jpg	http://www.rensheng2.com/1760000/1752855.shtml
http://www.baihuamen.com/d/file/2014/04-16/398c8aa69a7afc45e6d9308b5fd0f4c3.jpg	http://www.baihuamen.com/ejuhua/9461_10.html
http://www.pjcn.org/uploads/allimg/1612/1-16120622515TS.jpg	http://www.pjcn.org/hy/3010/
http://img.boqiicdn.com/Data/BK/A/1512/10/imagick10681449715225_y.jpg	http://m.boqii.com/entry/detail/2311.html
http://s7.sinaimg.cn/mw690/003sae9dzy6ZIWmnsxg66&690	http://blog.sina.com.cn/s/blog_bc9f8f830102w3gm.html
http://img.xunhai.com/2015/11/26/144849867058942.jpg	http://www.xunhai.com/ejuhua/2015/1126/3867.html
https://cdn.huaniaoy.cn/20160201/original/1454256255233.jpg@!pic280zw	https://www.huaniaoy.com/yangzhifangfa/1098/
https://c1.staticflickr.com/1/127/403511137_808bf5a3af_z.jpg?zz=1	https://www.flickr.com/photos/mingiweng/403511137
http://img.yanquecao.com/img/flower/cupheahyssopifolia/cupheahyssopifolia4.jpg	http://www.yanquecao.com/detail/27
http://a3.att.hudong.com/68/59/300000764046131812591765451_s.jpg	http://www.baike.com/wiki/%E7%BB%86%E5%8F%B6%E8%90%BC%E8%B7%9D%E8%8A%B1
http://s5.sinaimg.cn/mw690/001BUu0Xgy6UHxnGgwAe4&690	http://blog.sina.com.cn/s/blog_57fed7230102w4al.html
http://pic101.nipic.com/file/20160608/5661999_103325444000_2.jpg	http://www.nipic.com/show/15083122.html
http://pic110.nipic.com/file/20160920/5661999_201503798000_2.jpg	http://www.nipic.com/show/15764929.html
http://image.sciencenet.cn/album/201211/18/171536ewwkck82uwzkz425.jpg	http://blog.sciencenet.cn/blog-629259-634675.html
https://gss0.bdstatic.com/-4o3dSag_xI4khGkpoWK1HF6hhy/baike/s%3D220/sign=2c6934d5750e0cf3a4f749f93a47f23d/a044ad345982b2b76c99a00336adcbef77099bf7.jpg	https://baike.baidu.com/item/%E5%B0%8F%E7%93%A3%E8%90%BC%E8%B7%9D%E8%8A%B1
http://img.xunhai.com/2015/11/26/144849868827063.jpg	http://www.xunhai.com/ejuhua/2015/1126/3869.html
https://i1.kknews.cc/large/ca10007535b616aa5e2	https://kknews.cc/travel/ebzae4.html
http://hua36.com/tupian/pizhenyeejuhua/1.jpg	http://hua36.com/huahui/caoben/500.html
http://www.fei123.com/upload/2016/01/10/9796b0b2-c884-4e01-8277-7514a37aefa4.jpg	http://www.fei123.com/1200000/1190943.shtml
http://www.huayugu.com.cn/uploads/allimg/160707/1-160FG920130-L.jpg	http://m.huayugu.com.cn/list.php?tid=955
http://s8.sinaimg.cn/mw690/001VqeClzy70t3LwfpJ47&690	http://blog.sina.com.cn/s/blog_692e38210102wcae.html
http://a2.att.hudong.com/47/83/20300543140711144652836124370_s.jpg	http://www.baike.com/wiki/%E7%BB%86%E5%8F%B6%E8%90%BC%E8%B7%9D%E8%8A%B1
http://pic1.win4000.com/pic/9/7d/18ea1344355.jpg_195.jpg	http://www.win4000.com/meinv112663.html
http://www.rensheng2.com/upload/2017/05/28/a77aac6d0925d4a7.jpg	http://www.rensheng2.com/1760000/1752846.shtml
http://s4.sinaimg.cn/mw690/001MoBF2ty6FkodO3hV23&690	http://blog.sina.com.cn/s/blog_613b13a40101pinb.html
http://s12.sinaimg.cn/mw690/001ROMKqgy6TEvAAntV5b&690	http://blog.sina.com.cn/s/blog_66019f9e0102vjnj.html
http://s4.sinaimg.cn/mw690/003sae9dzy6ZIWmCZAD43&690	http://blog.sina.com.cn/s/blog_bc9f8f830102w3gm.html
http://www.huayugu.com.cn/uploads/allimg/160707/1-160FG923350-L.jpg	http://m.huayugu.com.cn/list.php?tid=955
https://cbu01.alicdn.com/img/ibank/2016/755/444/3005444557_2019116346.220x220.jpg	https://www.1688.com/topic/xiyeejuhua.html
http://pic110.nipic.com/file/20160920/5661999_201356200000_2.jpg	http://www.nipic.com/show/15764930.html
https://gw.alicdn.com/bao/uploaded/i4/1047154977/TB2vriXzyRnpuFjSZFCXXX2DXXa_!!1047154977.jpg_230x230.jpg	https://www.taobao.com/article/FCF1CPB_FUE2AWDq.html
https://i2.kknews.cc/large/cfe0002088e1e87fb85	https://kknews.cc/travel/ebzae4.html
http://www.rensheng2.com/upload/2017/05/28/f80c4eada388d94b.jpg	http://www.rensheng2.com/1760000/1752849.shtml
http://www.sf-garden.cn/imageRepository/d62c856a-fc03-42a7-9946-4c1b7d22831d.jpg	http://www.sf-garden.cn/products_detail/productId=117.html
https://upload.wikimedia.org/wikipedia/commons/thumb/2/28/Cuphea_lanceolata_Prague_2011_3.jpg/220px-Cuphea_lanceolata_Prague_2011_3.jpg	https://zh.wikipedia.org/wiki/%E6%8A%AB%E9%92%88%E5%8F%B6%E8%90%BC%E8%B7%9D%E8%8A%B1
https://gss0.bdstatic.com/-4o3dSag_xI4khGkpoWK1HF6hhy/baike/s%3D220/sign=67212f7749a98226bcc12c25ba83b97a/622762d0f703918f2c0990c85b3d269758eec4dc.jpg	https://baike.baidu.com/item/%E9%A6%99%E8%86%8F%E8%90%BC%E8%B7%9D%E8%8A%B1
http://www.rensheng2.com/upload/2017/05/28/1e5349e000ec568b.jpg	http://www.rensheng2.com/1760000/1752852.shtml
http://image.sciencenet.cn/album/201211/18/171520mjf3pq03w9zwwsyy.jpg	http://blog.sciencenet.cn/blog-629259-634675.html
https://gss2.bdstatic.com/9fo3dSag_xI4khGkpoWK1HF6hhy/baike/s%3D220/sign=b9a97fc09245d688a702b5a694c37dab/0b55b319ebc4b74539fd01e5cffc1e178b8215d3.jpg	https://baike.baidu.com/item/%E7%BB%86%E5%8F%B6%E8%90%BC%E8%B7%9D%E8%8A%B1
http://img.boqiicdn.com/Data/BK/P/imagick94741449741335.jpg	http://m.boqii.com/entry/detail/2311.html
http://www.rensheng2.com/upload/2017/05/28/a3a75da4fd487b63.jpg	http://www.rensheng2.com/1760000/1752855.shtml
https://i2.kknews.cc/large/ca10007535cffae89fc	https://kknews.cc/travel/ebzae4.html
http://img04.sogoucdn.com/net/a/100520101/link?appid=100520101&url=http://mmbiz.qpic.cn/mmbiz_jpg/x8Cuf4jia1RVJPuc4OeYwfkedRSQficjFicnoMJMAsb02PD34rSJf02KeltkeRIFS92TIEp3G5RPfV2ibPYR3bUpRw/0?wx_fmt=jpeg	http://baike.m.sogou.com/baike/weixinArticle?lid=136657&title=%E8%90%BC%E8%B7%9D%E8%8A%B1&g_ut=3
http://www.fpcn.net/uploads/allimg/130926/2-13092614344O02.JPG	http://www.fpcn.net/a/guanmu/20130926/Cuphea_platycentra.html
http://img04.sogoucdn.com/net/a/100520101/link?appid=100520101&url=http://mmbiz.qpic.cn/mmbiz_jpg/86SETXMNWW3og7o8Rxoo2boLib5yOPzu54p7Bk9ewIBIo442SIlvDEZrZz9DpmVicHWW3VxicAMOQfkdvXUpesDSw/0?wx_fmt=jpeg	http://baike.m.sogou.com/baike/weixinArticle?lid=136657&title=%E8%90%BC%E8%B7%9D%E8%8A%B1&g_ut=3
http://www.yuhuagu.com/uploads/allimg/130511/10-130511222542.jpg	http://www.yuhuagu.com/ktsh/7773.html
http://www.rensheng2.com/upload/2017/05/28/a89dcdfed058227b.jpg	http://www.rensheng2.com/1760000/1752847.shtml
http://s12.sinaimg.cn/mw690/a3131930gdb3c1730605b&690	http://blog.sina.com.cn/s/blog_a31319300101bezw.html
http://s15.sinaimg.cn/mw690/001MoBF2ty6Fko8gkqO4e&690	http://blog.sina.com.cn/s/blog_613b13a40101pinb.html
http://www.huayugu.com.cn/uploads/allimg/160707/1-160FG925470-L.jpg	http://m.huayugu.com.cn/list.php?tid=955
http://www.yuhuagu.com/uploads/allimg/130511/10-130511222041.jpg	http://www.yuhuagu.com/ktsh/7772.html
http://www.kmsjh.com/imageRepository/35e750f0-6282-499a-a49a-cdbda4b06faf.jpg	http://www.kmsjh.com/products_detail/productId=66.html
http://s16.sinaimg.cn/mw690/001KWqsdzy7bvCIexgH5f&690	http://blog.sina.com.cn/s/blog_5ff3202d0102xap7.html
http://a4.att.hudong.com/46/78/300000764046131605787986651.jpg	http://tupian.baike.com/92098/1.html
http://www.rensheng2.com/upload/2017/05/28/5eca9c33c02157d9.jpg	http://www.rensheng2.com/1760000/1752846.shtml
https://img.lrgarden.com/feed_pic/99/31/1000171107_24298_1494141279.jpg	https://www.lrgarden.com/topic/view/id-1000005156.html
http://www.toyogreen.com/plant%20species/Shrubs/images/20080807/link/Cuphea%20articulata%20%20habit.JPG	http://www.toyogreen.com/plant%20species/Shrubs/Cuphea%20articulata.htm
https://i1.kknews.cc/large/ca10007535a730a8218	https://kknews.cc/travel/ebzae4.html
http://s5.sinaimg.cn/mw690/0029Dvdfgy6WNZaoqBC04&690	http://blog.sina.com.cn/s/blog_75b308c90102vvbv.html
http://www.gz323.org.cn/d/file/qxkp/whgc/20170115/e683eecde609fc3ddbab7eafb8d0c5e2.jpg	http://www.gz323.org.cn/qxkp/whgc/20170115/whgc968.html
http://www.huamu.cn/picture/small/201607211541228049.JPG	http://www.huamu.cn/pinzhong/detail-575.html
