
https://gss2.bdstatic.com/9fo3dSag_xI4khGkpoWK1HF6hhy/baike/c0%3Dbaike150%2C5%2C5%2C150%2C50/sign=87813e7043166d222c7a1dc6274a6292/b7003af33a87e950e7504ad710385343faf2b4c2.jpg
https://gss1.bdstatic.com/9vo3dSag_xI4khGkpoWK1HF6hhy/baike/c0%3Dbaike150%2C5%2C5%2C150%2C50/sign=99e1acfbf9f2b211f0238d1cabe90e5d/8435e5dde71190efff1f5857cc1b9d16fcfa6056.jpg

https://gss1.bdstatic.com/-vo3dSag_xI4khGkpoWK1HF6hhy/baike/c0%3Dbaike80%2C5%2C5%2C80%2C26/sign=2a25a0ef252dd42a4b0409f9625230d0/a686c9177f3e67093432b0793bc79f3df8dc5502.jpg
https://gss0.bdstatic.com/94o3dSag_xI4khGkpoWK1HF6hhy/baike/c0%3Dbaike80%2C5%2C5%2C80%2C26/sign=a37fbb46f736afc31a013737d27080a1/c75c10385343fbf2122150a5b07eca8065388f23.jpg
https://gss1.bdstatic.com/-vo3dSag_xI4khGkpoWK1HF6hhy/baike/c0%3Dbaike80%2C5%2C5%2C80%2C26/sign=9e2d76c8ca8065386fe7ac41f6b4ca21/8694a4c27d1ed21b03cadd63ad6eddc451da3f30.jpg
https://gss3.bdstatic.com/-Po3dSag_xI4khGkpoWK1HF6hhy/baike/c0%3Dbaike80%2C5%2C5%2C80%2C26/sign=863c1c4caf51f3ded7bfb136f5879b7a/78310a55b319ebc4ac6fa21f8226cffc1e171624.jpg
https://gss2.bdstatic.com/9fo3dSag_xI4khGkpoWK1HF6hhy/baike/c0%3Dbaike80%2C5%2C5%2C80%2C26/sign=d2d4db9f2df5e0fefa1581533d095fcd/cefc1e178a82b901685b17b5738da9773812ef46.jpg
https://gss1.bdstatic.com/9vo3dSag_xI4khGkpoWK1HF6hhy/baike/c0%3Dbaike80%2C5%2C5%2C80%2C26/sign=88993b4fd72a6059461de948495d5ffe/94cad1c8a786c917a6a885bfc93d70cf3ac75789.jpg
https://gss3.bdstatic.com/7Po3dSag_xI4khGkpoWK1HF6hhy/baike/c0%3Dbaike80%2C5%2C5%2C80%2C26/sign=14517de70fb30f242197e451a9fcba26/d62a6059252dd42a47ecd72d033b5bb5c8eab84b.jpg
https://gss3.bdstatic.com/7Po3dSag_xI4khGkpoWK1HF6hhy/baike/c0%3Dbaike80%2C5%2C5%2C80%2C26/sign=eb71254de6cd7b89fd6132d16e4d29c2/1b4c510fd9f9d72a5f2f359ad42a2834359bbbe9.jpg
https://gss1.bdstatic.com/9vo3dSag_xI4khGkpoWK1HF6hhy/baike/c0%3Dbaike80%2C5%2C5%2C80%2C26/sign=ea61fb73b74543a9e116f29e7f7ee1e7/b17eca8065380cd7c85b876aa144ad34588281eb.jpg
https://gss0.bdstatic.com/-4o3dSag_xI4khGkpoWK1HF6hhy/baike/c0%3Dbaike80%2C5%2C5%2C80%2C26/sign=e98a406d81cb39dbd5cd6f04b17f6241/7acb0a46f21fbe095f2de7936b600c338644adc1.jpg
https://gss3.bdstatic.com/-Po3dSag_xI4khGkpoWK1HF6hhy/baike/c0%3Dbaike80%2C5%2C5%2C80%2C26/sign=a4fbbd7479310a55d029d6a6d62c28cc/5243fbf2b2119313e3b3d83765380cd790238d40.jpg
https://gss3.bdstatic.com/7Po3dSag_xI4khGkpoWK1HF6hhy/baike/c0%3Dbaike80%2C5%2C5%2C80%2C26/sign=ee1f3288b80e7bec37d70bb34e47d25d/0e2442a7d933c895065dbefcd11373f082020011.jpg
https://gss2.bdstatic.com/-fo3dSag_xI4khGkpoWK1HF6hhy/baike/c0%3Dbaike80%2C5%2C5%2C80%2C26/sign=2e058bb7baa1cd1111bb7a72d87ba399/f603918fa0ec08fa87e47c2059ee3d6d54fbda55.jpg
https://gss0.bdstatic.com/94o3dSag_xI4khGkpoWK1HF6hhy/baike/c0%3Dbaike80%2C5%2C5%2C80%2C26/sign=f3b2f6d9ddc451dae2fb04b9d7943903/0df3d7ca7bcb0a461a78e5be6b63f6246a60afdb.jpg
https://gss2.bdstatic.com/9fo3dSag_xI4khGkpoWK1HF6hhy/baike/c0%3Dbaike80%2C5%2C5%2C80%2C26/sign=6b4990086c81800a7ae8815cd05c589f/8601a18b87d6277f243e5bbf28381f30e924fc0d.jpg
https://gss1.bdstatic.com/9vo3dSag_xI4khGkpoWK1HF6hhy/baike/c0%3Dbaike80%2C5%2C5%2C80%2C26/sign=6bf572c48bd4b31ce4319ce9e6bf4c1a/8c1001e93901213f9916275b54e736d12f2e950b.jpg
https://gss1.bdstatic.com/-vo3dSag_xI4khGkpoWK1HF6hhy/baike/c0%3Dbaike80%2C5%2C5%2C80%2C26/sign=4e19566662d9f2d3341c2cbdc885e176/9c16fdfaaf51f3de8162d0e394eef01f3b297960.jpg
https://gss0.bdstatic.com/94o3dSag_xI4khGkpoWK1HF6hhy/baike/c0%3Dbaike80%2C5%2C5%2C80%2C26/sign=4f87a76bd100baa1ae214fe92679d277/63d0f703918fa0ecd8400e8a269759ee3c6ddbb6.jpg
https://gss0.bdstatic.com/94o3dSag_xI4khGkpoWK1HF6hhy/baike/c0%3Dbaike80%2C5%2C5%2C80%2C26/sign=4bfe6b6662d9f2d3341c2cbdc885e176/9c16fdfaaf51f3de8485ede394eef01f3a297905.jpg
https://gss1.bdstatic.com/9vo3dSag_xI4khGkpoWK1HF6hhy/baike/c0%3Dbaike80%2C5%2C5%2C80%2C26/sign=5440b0a473f08202399f996d2a929088/c8ea15ce36d3d5394f0b5b443a87e950352ab007.jpg
https://gss0.bdstatic.com/-4o3dSag_xI4khGkpoWK1HF6hhy/baike/c0%3Dbaike80%2C5%2C5%2C80%2C26/sign=fa60143aa9773912d02b8d339970ed7d/d1a20cf431adcbef7a6a2c81acaf2edda2cc9fde.jpg
https://gss1.bdstatic.com/-vo3dSag_xI4khGkpoWK1HF6hhy/baike/c0%3Dbaike80%2C5%2C5%2C80%2C26/sign=52eccd757d1ed21b6dc426b7cc07b6a1/472309f790529822a7766544d7ca7bcb0b46d4f4.jpg
https://gss1.bdstatic.com/9vo3dSag_xI4khGkpoWK1HF6hhy/baike/c0%3Dbaike80%2C5%2C5%2C80%2C26/sign=d337e2a4b07eca80060831b5f04afcb8/d53f8794a4c27d1eb33d7f431bd5ad6eddc43819.jpg
https://gss2.bdstatic.com/-fo3dSag_xI4khGkpoWK1HF6hhy/baike/c0%3Dbaike80%2C5%2C5%2C80%2C26/sign=6c114e30e950352aa56c2d5a322a9097/4610b912c8fcc3ce951f88b49245d688d53f205d.jpg
https://gss3.bdstatic.com/-Po3dSag_xI4khGkpoWK1HF6hhy/baike/c0%3Dbaike80%2C5%2C5%2C80%2C26/sign=f4b8d7f3ad345982d187edc06d9d5ac8/ac6eddc451da81cb5abec04a5266d016082431d8.jpg
https://gss0.bdstatic.com/-4o3dSag_xI4khGkpoWK1HF6hhy/baike/c0%3Dbaike80%2C5%2C5%2C80%2C26/sign=02a325593d6d55fbd1cb7e740c4b242f/5fdf8db1cb1349542d17a1e3564e9258d1094a2f.jpg
https://gss2.bdstatic.com/-fo3dSag_xI4khGkpoWK1HF6hhy/baike/c0%3Dbaike80%2C5%2C5%2C80%2C26/sign=4f66a72059ee3d6d36cb8f99227f0647/35a85edf8db1cb13570f8894dd54564e93584bd6.jpg
https://gss2.bdstatic.com/-fo3dSag_xI4khGkpoWK1HF6hhy/baike/c0%3Dbaike80%2C5%2C5%2C80%2C26/sign=4701beda55fbb2fb202650402e234bc1/8cb1cb1349540923c3bbd5f99258d109b2de4962.jpg
https://gss1.bdstatic.com/9vo3dSag_xI4khGkpoWK1HF6hhy/baike/c0%3Dbaike80%2C5%2C5%2C80%2C26/sign=3a3a1735d158ccbf0fb1bd6878b1d75b/8ad4b31c8701a18b0e32acc89e2f07082938fe58.jpg
https://gss1.bdstatic.com/-vo3dSag_xI4khGkpoWK1HF6hhy/baike/c0%3Dbaike80%2C5%2C5%2C80%2C26/sign=360a3fd3034f78f0940692a118586130/e850352ac65c10389ea46f45b2119313b17e895b.jpg

https://gss1.bdstatic.com/9vo3dSag_xI4khGkpoWK1HF6hhy/baike/c0%3Dbaike180%2C5%2C5%2C180%2C60/sign=a24453986b600c33e474d69a7b253a6a/96dda144ad3459827b90751e0cf431adcbef8420.jpg
https://gss3.bdstatic.com/7Po3dSag_xI4khGkpoWK1HF6hhy/baike/c0%3Dbaike150%2C5%2C5%2C150%2C50/sign=69279f4f3a87e950561afb3e71513826/37d12f2eb9389b5090e570de8535e5dde7116e20.jpg
https://gss2.bdstatic.com/-fo3dSag_xI4khGkpoWK1HF6hhy/baike/c0%3Dbaike150%2C5%2C5%2C150%2C50/sign=42a925b619d8bc3ed2050e98e3e2cd7b/8694a4c27d1ed21b20dcbe69ad6eddc451da3f20.jpg
https://gss2.bdstatic.com/9fo3dSag_xI4khGkpoWK1HF6hhy/baike/c0%3Dbaike150%2C5%2C5%2C150%2C50/sign=23a7055008fa513d45a7648c5c043e9e/359b033b5bb5c9eaa7e6936fd539b6003af3b321.jpg
https://gss1.bdstatic.com/9vo3dSag_xI4khGkpoWK1HF6hhy/baike/c0%3Dbaike150%2C5%2C5%2C150%2C50/sign=cb99576f572c11dfcadcb771024e09b5/eaf81a4c510fd9f97e6ac5e5252dd42a2834a439.jpg
https://gss2.bdstatic.com/-fo3dSag_xI4khGkpoWK1HF6hhy/baike/c0%3Dbaike150%2C5%2C5%2C150%2C50/sign=53d343717b899e516c83324623ceb256/3812b31bb051f819e03193c6dab44aed2e73e722.jpg
https://gss0.bdstatic.com/94o3dSag_xI4khGkpoWK1HF6hhy/baike/c0%3Dbaike150%2C5%2C5%2C150%2C50/sign=ca65f4b3d9f9d72a0369184fb5434351/30adcbef76094b367c868b61a3cc7cd98d109d22.jpg
https://gss3.bdstatic.com/-Po3dSag_xI4khGkpoWK1HF6hhy/baike/c0%3Dbaike150%2C5%2C5%2C150%2C50/sign=0c3a1caec8fcc3cea0cdc161f32cbded/d01373f082025aafef25ee47fbedab64034f1a22.jpg
https://gss3.bdstatic.com/-Po3dSag_xI4khGkpoWK1HF6hhy/baike/c0%3Dbaike150%2C5%2C5%2C150%2C50/sign=eeb90aedf3deb48fef64a98c9176514c/960a304e251f95cac28b023ac9177f3e6709523b.jpg
https://gss2.bdstatic.com/9fo3dSag_xI4khGkpoWK1HF6hhy/baike/c0%3Dbaike116%2C5%2C5%2C116%2C38/sign=877ba96b912397ddc274905638ebd9d2/9a504fc2d5628535079e42ad90ef76c6a6ef63c4.jpg

https://gss2.bdstatic.com/-fo3dSag_xI4khGkpoWK1HF6hhy/baike/c0%3Dbaike150%2C5%2C5%2C150%2C50/sign=8b4823ee9258d109d0eea1e0b031a7da/b812c8fcc3cec3fdaa1fe7e5d688d43f87942778.jpg
https://gss3.bdstatic.com/7Po3dSag_xI4khGkpoWK1HF6hhy/baike/c0%3Dbaike150%2C5%2C5%2C150%2C50/sign=0152e7f8d109b3deffb2ec3aadd607e4/c9fcc3cec3fdfc03c559a328d43f8794a4c22678.jpg
https://gss2.bdstatic.com/9fo3dSag_xI4khGkpoWK1HF6hhy/baike/c0%3Dbaike150%2C5%2C5%2C150%2C50/sign=70155855e0fe9925df01610255c135ba/7e3e6709c93d70cf71fbea9df8dcd100baa12b18.jpg
https://gss2.bdstatic.com/-fo3dSag_xI4khGkpoWK1HF6hhy/baike/c0%3Dbaike150%2C5%2C5%2C150%2C50/sign=a3e7936d7b899e516c83324623ceb256/3812b31bb051f819100543dadab44aed2e73e77a.jpg
https://gss3.bdstatic.com/7Po3dSag_xI4khGkpoWK1HF6hhy/baike/c0%3Dbaike150%2C5%2C5%2C150%2C50/sign=71d00e299e510fb36c147fc5b85aa3f0/b21bb051f8198618a167af144aed2e738bd4e67a.jpg

https://gss3.bdstatic.com/-Po3dSag_xI4khGkpoWK1HF6hhy/baike/c0%3Dbaike150%2C5%2C5%2C150%2C50/sign=c48200b18a82b90129a0cb6112e4c212/f3d3572c11dfa9ec816d7d8162d0f703908fc1e0.jpg
https://gss1.bdstatic.com/9vo3dSag_xI4khGkpoWK1HF6hhy/baike/c0%3Dbaike116%2C5%2C5%2C116%2C38/sign=1e76369e1f30e924dba994632d610563/3c6d55fbb2fb4316745c51ec20a4462308f7d3e0.jpg
https://gss0.bdstatic.com/94o3dSag_xI4khGkpoWK1HF6hhy/baike/c0%3Dbaike150%2C5%2C5%2C150%2C50/sign=4a2bc82ed43f8794c7f2407cb3726591/faedab64034f78f02f58b16579310a55b2191cd0.jpg
https://gss3.bdstatic.com/7Po3dSag_xI4khGkpoWK1HF6hhy/baike/c0%3Dbaike150%2C5%2C5%2C150%2C50/sign=94e780f70fb30f242197e451a9fcba26/b151f8198618367a35da544b2e738bd4b21ce5d1.jpg
https://gss2.bdstatic.com/-fo3dSag_xI4khGkpoWK1HF6hhy/baike/c0%3Dbaike150%2C5%2C5%2C150%2C50/sign=d07e24553a87e950561afb3e71513826/37d12f2eb9389b5029bccbc48535e5dde6116ee0.jpg

https://gss3.bdstatic.com/-Po3dSag_xI4khGkpoWK1HF6hhy/baike/c0%3Dbaike150%2C5%2C5%2C150%2C50/sign=4079836db2119313d34ef7e2045167b2/e4dde71190ef76c6b4d5b6849d16fdfaaf51671d.jpg
https://gss3.bdstatic.com/-Po3dSag_xI4khGkpoWK1HF6hhy/baike/c0%3Dbaike150%2C5%2C5%2C150%2C50/sign=0b4e80868618367ab984778f4f1ae0b1/09fa513d269759ee86722d64b2fb43166d22df7b.jpg
https://gss0.bdstatic.com/-4o3dSag_xI4khGkpoWK1HF6hhy/baike/c0%3Dbaike150%2C5%2C5%2C150%2C50/sign=efc8ca8e9313b07ea9b0585a6dbefa46/e61190ef76c6a7efda21e589fdfaaf51f3de661d.jpg
https://gss1.bdstatic.com/-vo3dSag_xI4khGkpoWK1HF6hhy/baike/c0%3Dbaike150%2C5%2C5%2C150%2C50/sign=a72beb8cb07eca80060831b5f04afcb8/91ef76c6a7efce1b882c8565af51f3deb48f651d.jpg
https://gss0.bdstatic.com/-4o3dSag_xI4khGkpoWK1HF6hhy/baike/c0%3Dbaike150%2C5%2C5%2C150%2C50/sign=4406fe87367adab429dd1311eabdd879/503d269759ee3d6de9e4ca6443166d224f4ade7b.jpg

https://gss0.bdstatic.com/-4o3dSag_xI4khGkpoWK1HF6hhy/baike/c0%3Dbaike92%2C5%2C5%2C92%2C30/sign=0681d8d4562c11dfcadcb771024e09b5/a6efce1b9d16fdfacb09d9d9b58f8c5494ee7b9b.jpg
https://gss3.bdstatic.com/7Po3dSag_xI4khGkpoWK1HF6hhy/baike/c0%3Dbaike92%2C5%2C5%2C92%2C30/sign=be29e2fbc2cec3fd9f33af27b7e1bf5a/a1ec08fa513d26975ed5176a54fbb2fb4316d886.jpg
https://gss0.bdstatic.com/-4o3dSag_xI4khGkpoWK1HF6hhy/baike/c0%3Dbaike92%2C5%2C5%2C92%2C30/sign=cc2d2323aa18972bb737089887a410ec/f31fbe096b63f624775b26348644ebf81a4ca386.jpg
https://gss0.bdstatic.com/-4o3dSag_xI4khGkpoWK1HF6hhy/baike/c0%3Dbaike80%2C5%2C5%2C80%2C26/sign=aa8bff3eb7003af359b7d4325443ad39/bba1cd11728b4710254ae2fbc2cec3fdfc03239b.jpg

https://gss1.bdstatic.com/9vo3dSag_xI4khGkpoWK1HF6hhy/baike/c0%3Dbaike92%2C5%2C5%2C92%2C30/sign=387bbddaa044ad343ab28fd5b1cb6791/a5c27d1ed21b0ef4b28d8769dcc451da81cb3e9b.jpg
https://gss1.bdstatic.com/9vo3dSag_xI4khGkpoWK1HF6hhy/baike/c0%3Dbaike92%2C5%2C5%2C92%2C30/sign=460bc323b999a9012f3853647cfc611e/37d12f2eb9389b5016f9ff658435e5dde7116e86.jpg
https://gss3.bdstatic.com/7Po3dSag_xI4khGkpoWK1HF6hhy/baike/c0%3Dbaike92%2C5%2C5%2C92%2C30/sign=76e483eb8b13632701e0ca61f0e6cb89/fcfaaf51f3deb48feb6fbee9f11f3a292df57886.jpg
https://gss2.bdstatic.com/9fo3dSag_xI4khGkpoWK1HF6hhy/baike/c0%3Dbaike92%2C5%2C5%2C92%2C30/sign=86381eaf5fdf8db1a8237436684ab631/8b82b9014a90f603a9d583703812b31bb051eda4.jpg
https://gss1.bdstatic.com/-vo3dSag_xI4khGkpoWK1HF6hhy/baike/c0%3Dbaike92%2C5%2C5%2C92%2C30/sign=5686b685d058ccbf0fb1bd6878b1d75b/377adab44aed2e736e8c991b8601a18b87d6faa4.jpg
https://gss1.bdstatic.com/-vo3dSag_xI4khGkpoWK1HF6hhy/baike/c0%3Dbaike92%2C5%2C5%2C92%2C30/sign=54c2fd2d6159252db71a155655f2685e/960a304e251f95ca5cf38d81c8177f3e67095286.jpg
https://gss3.bdstatic.com/-Po3dSag_xI4khGkpoWK1HF6hhy/baike/c0%3Dbaike92%2C5%2C5%2C92%2C30/sign=b9f8e716738b4710da22f59ea2a7a898/622762d0f703918fa3b522fd503d269759eec4a4.jpg
https://gss1.bdstatic.com/-vo3dSag_xI4khGkpoWK1HF6hhy/baike/c0%3Dbaike92%2C5%2C5%2C92%2C30/sign=f4b998b0d1a20cf4529df68d17602053/1ad5ad6eddc451da2cf013dcb7fd5266d0163286.jpg
https://gss1.bdstatic.com/-vo3dSag_xI4khGkpoWK1HF6hhy/baike/c0%3Dbaike92%2C5%2C5%2C92%2C30/sign=053551eb55e736d14c1e845afa3924a7/9f510fb30f2442a76408e292d043ad4bd1130286.jpg
https://gss3.bdstatic.com/7Po3dSag_xI4khGkpoWK1HF6hhy/baike/c0%3Dbaike92%2C5%2C5%2C92%2C30/sign=606ad9d9b58f8c54f7decd7d5b404690/f636afc379310a557c22c1c3b64543a982261086.jpg
https://gss0.bdstatic.com/94o3dSag_xI4khGkpoWK1HF6hhy/baike/c0%3Dbaike92%2C5%2C5%2C92%2C30/sign=5e4ea085b8014a9095334eefc81e5277/64380cd7912397dde11d87335882b2b7d0a287a4.jpg
https://gss2.bdstatic.com/-fo3dSag_xI4khGkpoWK1HF6hhy/baike/c0%3Dbaike92%2C5%2C5%2C92%2C30/sign=04b404748ad4b31ce4319ce9e6bf4c1a/adaf2edda3cc7cd9c3492bee3801213fb80e91a4.jpg
https://gss0.bdstatic.com/-4o3dSag_xI4khGkpoWK1HF6hhy/baike/c0%3Dbaike92%2C5%2C5%2C92%2C30/sign=f558660f6f061d95694b3f6a1a9d61b4/9a504fc2d5628535b984cd1691ef76c6a7ef63a4.jpg
https://gss3.bdstatic.com/-Po3dSag_xI4khGkpoWK1HF6hhy/baike/c0%3Dbaike92%2C5%2C5%2C92%2C30/sign=b99de716738b4710da22f59ea2a7a898/622762d0f703918fa3d022fd503d269759eec487.jpg
https://gss2.bdstatic.com/-fo3dSag_xI4khGkpoWK1HF6hhy/baike/c0%3Dbaike92%2C5%2C5%2C92%2C30/sign=0c5726f4d6ca7bcb6976cf7ddf600006/b2de9c82d158ccbf12d8aa0d18d8bc3eb13541a4.jpg
https://gss2.bdstatic.com/-fo3dSag_xI4khGkpoWK1HF6hhy/baike/c0%3Dbaike92%2C5%2C5%2C92%2C30/sign=707d41670d33874488c8272e3066b29c/b03533fa828ba61e2e8ad7184034970a304e59a4.jpg
https://gss0.bdstatic.com/-4o3dSag_xI4khGkpoWK1HF6hhy/baike/c0%3Dbaike92%2C5%2C5%2C92%2C30/sign=ba6d25b40e2442a7ba03f5f7b02ac62e/1b4c510fd9f9d72a44650f2ad52a2834349bbb87.jpg
https://gss0.bdstatic.com/-4o3dSag_xI4khGkpoWK1HF6hhy/baike/c0%3Dbaike92%2C5%2C5%2C92%2C30/sign=a6dec357342ac65c73086e219a9bd974/bba1cd11728b4710254be2fbc2cec3fdfc0323a4.jpg
https://gss2.bdstatic.com/-fo3dSag_xI4khGkpoWK1HF6hhy/baike/c0%3Dbaike92%2C5%2C5%2C92%2C30/sign=6cd94f3f0dd79123f4ed9c26cc5d32e7/d788d43f8794a4c2db47f81c0ff41bd5ad6e39a4.jpg
https://gss2.bdstatic.com/9fo3dSag_xI4khGkpoWK1HF6hhy/baike/c0%3Dbaike92%2C5%2C5%2C92%2C30/sign=b225ac1f377adab429dd1311eabdd879/30adcbef76094b36e69304daa2cc7cd98d109d87.jpg
https://gss1.bdstatic.com/9vo3dSag_xI4khGkpoWK1HF6hhy/baike/c0%3Dbaike92%2C5%2C5%2C92%2C30/sign=460cc323b999a9012f3853647cfc611e/37d12f2eb9389b5016feff658435e5dde7116e87.jpg
https://gss3.bdstatic.com/7Po3dSag_xI4khGkpoWK1HF6hhy/baike/c0%3Dbaike92%2C5%2C5%2C92%2C30/sign=6008d9d9b58f8c54f7decd7d5b404690/f636afc379310a557c40c1c3b64543a9822610a4.jpg
https://gss3.bdstatic.com/7Po3dSag_xI4khGkpoWK1HF6hhy/baike/c0%3Dbaike92%2C5%2C5%2C92%2C30/sign=960d2324dc54564ef168ec6bd2b7f7e7/a8773912b31bb0512740ac1f377adab44aede0a5.jpg
https://gss0.bdstatic.com/94o3dSag_xI4khGkpoWK1HF6hhy/baike/c0%3Dbaike92%2C5%2C5%2C92%2C30/sign=564782d4fc1f4134f43a0d2c4476feaf/060828381f30e92448c083064d086e061d95f7a5.jpg

https://gss0.bdstatic.com/-4o3dSag_xI4khGkpoWK1HF6hhy/baike/c0%3Dbaike150%2C5%2C5%2C150%2C50/sign=53b5e669d100baa1ae214fe92679d277/0e2442a7d933c8951dcbb3fed11373f0830200f9.jpg
https://gss3.bdstatic.com/-Po3dSag_xI4khGkpoWK1HF6hhy/baike/c0%3Dbaike150%2C5%2C5%2C150%2C50/sign=33974f88269759ee5e5d6899d3922873/5ab5c9ea15ce36d3ee54a8b53af33a87e850b1e6.jpg
https://gss2.bdstatic.com/-fo3dSag_xI4khGkpoWK1HF6hhy/baike/c0%3Dbaike116%2C5%2C5%2C116%2C38/sign=5ccdc83dd43f8794c7f2407cb3726591/d833c895d143ad4b1f9b6d4582025aafa50f06f9.jpg
https://gss3.bdstatic.com/7Po3dSag_xI4khGkpoWK1HF6hhy/baike/c0%3Dbaike150%2C5%2C5%2C150%2C50/sign=7529d3a4728b4710da22f59ea2a7a898/c995d143ad4bd113bc789cb75aafa40f4afb05f9.jpg
https://gss0.bdstatic.com/94o3dSag_xI4khGkpoWK1HF6hhy/baike/c0%3Dbaike150%2C5%2C5%2C150%2C50/sign=1d996c3e4710b912abccfeaca2949766/d043ad4bd11373f0528a441aa40f4bfbfaed04f9.jpg

https://gss2.bdstatic.com/-fo3dSag_xI4khGkpoWK1HF6hhy/baike/c0%3Dbaike92%2C5%2C5%2C92%2C30/sign=8e33c7d9ec24b899ca31716a0f6f76f0/55e736d12f2eb9383d5b972bd0628535e5dd6f31.jpg
https://gss3.bdstatic.com/-Po3dSag_xI4khGkpoWK1HF6hhy/baike/c0%3Dbaike92%2C5%2C5%2C92%2C30/sign=5c40028b8035e5dd8421ad8d17afcc8a/ac4bd11373f08202492d73e64efbfbedaa641baf.jpg
https://gss0.bdstatic.com/-4o3dSag_xI4khGkpoWK1HF6hhy/baike/c0%3Dbaike92%2C5%2C5%2C92%2C30/sign=bf101e0310ce36d3b6098b625b9a51e2/6609c93d70cf3bc77b982f35d400baa1cc112a4b.jpg
https://gss1.bdstatic.com/-vo3dSag_xI4khGkpoWK1HF6hhy/baike/c0%3Dbaike92%2C5%2C5%2C92%2C30/sign=3d4dec2e9a3df8dcb23087c3ac7819ee/f3d3572c11dfa9ecc791b4ce67d0f703908fc1a8.jpg
https://gss3.bdstatic.com/-Po3dSag_xI4khGkpoWK1HF6hhy/baike/c0%3Dbaike92%2C5%2C5%2C92%2C30/sign=2a8378050dfa513d45a7648c5c043e9e/f11f3a292df5e0fe222964d8596034a85edf7232.jpg
https://gss2.bdstatic.com/-fo3dSag_xI4khGkpoWK1HF6hhy/baike/c0%3Dbaike116%2C5%2C5%2C116%2C38/sign=b1ec66e8272dd42a4b0409f9625230d0/96dda144ad345982d471d6130ef431adcaef84b3.jpg
https://gss1.bdstatic.com/-vo3dSag_xI4khGkpoWK1HF6hhy/baike/c0%3Dbaike150%2C5%2C5%2C150%2C50/sign=370195a2b27eca80060831b5f04afcb8/91ef76c6a7efce1b1806fb4bad51f3deb48f6505.jpg
https://gss2.bdstatic.com/-fo3dSag_xI4khGkpoWK1HF6hhy/baike/c0%3Dbaike92%2C5%2C5%2C92%2C30/sign=6b3efd43ad51f3ded7bfb136f5879b7a/024f78f0f736afc38f190aecb119ebc4b7451225.jpg
