
https://upload.wikimedia.org/wikipedia/commons/thumb/0/06/Tzk.jpg/250px-Tzk.jpg	https://zh.wikipedia.org/wiki/%E5%A4%A9%E7%AB%BA%E8%91%B5%E5%B1%9E
https://img.shoplineapp.com/media/second_clips/58ae849007ec3142e3003032/landscape.jpg?1487832209	http://blog.igarden.com.tw/2001/11/5M11125.html
https://upload.wikimedia.org/wikipedia/commons/thumb/a/ab/%E5%A4%A9%E7%AB%BA%E8%91%B5.JPG/220px-%E5%A4%A9%E7%AB%BA%E8%91%B5.JPG	https://zh.wikipedia.org/wiki/%E5%A4%A9%E7%AB%BA%E8%91%B5%E5%B1%9E
https://i3.read01.com/uploads/0EupI3q6it.jpg	https://read01.com/n2adam.html
https://fs1.shop123.com.tw/200443/upload/product/2004433413pic_outside_206579.jpg	http://www.gp-garden.com/product.php?pid_for_show=3413
http://www.faceschool.com.tw/wp-content/uploads/new_intro_geranium_02.png	https://www.faceschool.com.tw/product/essential/geranium/
http://img.zwbk.org/baike/spic/2010/11/26/20101126073013385_696.jpg	http://www.zwbk.org/MyLemmaShow.aspx?zh=zh-tw&lid=89741
http://www.jingoil.org/wp-content/uploads/2016/04/%E5%A4%A9%E7%AB%BA%E8%91%B52-300x271.jpg	http://www.jingoil.org/2016/04/14/%E5%A4%A9%E7%AB%BA%E8%91%B5%E7%9A%84%E7%A8%AE%E9%A1%9E%E4%BB%8B%E7%B4%B9/
https://www.huabaike.com/uploads/allimg/sltimg/201601/569618333526e.jpg	https://www.huabaike.com/hyjk/1455.html
http://pic.pimg.tw/lovegrace1008/1422162015-4053086922_n.jpg	http://lovegrace1008.pixnet.net/blog/post/407499157-%E5%B9%B3%E8%A1%A1%E9%AB%98%E6%89%8B-~~~-%E3%80%8E%E7%AA%AE%E4%BA%BA%E7%9A%84%E7%8E%AB%E7%91%B0%E3%80%8F%E5%A4%A9%E7%AB%BA%E8%91%B5%E7%B2%BE%E6%B2%B9pelargo
http://a4.att.hudong.com/85/60/01100000000000144727600496168_s.jpg	http://www.baike.com/wiki/%E5%A4%A9%E7%AB%BA%E8%91%B5
https://8.share.photo.xuite.net/tamlubi/182cf3c/9837921/437067995_m.jpg	http://blog.xuite.net/tamlubi/twblog/122762253-%E7%8E%AB%E7%91%B0%E5%A4%A9%E7%AB%BA%E8%91%B5
https://gss0.bdstatic.com/94o3dSag_xI4khGkpoWK1HF6hhy/baike/s%3D220/sign=bb42e1e79113b07eb9bd570a3cd59113/b58f8c5494eef01f7a997e03e2fe9925bd317d62.jpg	https://baike.baidu.com/item/%E5%A4%A9%E7%AB%BA%E8%91%B5
https://campusplants.files.wordpress.com/2015/05/dsc_0823.jpg	https://campusplants.wordpress.com/2015/05/14/%E5%A4%A9%E7%AB%BA%E8%91%B5/
https://storage.googleapis.com/herbcare-tw/imgs/20081013103253127_2(1).jpg	https://www.herbcare.com.tw/DOC_2288.htm
http://gate.sinovision.net:82/gate/big5/cdnwww.sinovision.net/data/attachment/album/201504/29/1951363913fnbz223s21nb.jpg	http://gate.sinovision.net:82/gate/big5/blog.sinovision.net/home/space/uid/30435/do/blog/id/254813.html
https://4.share.photo.xuite.net/appleming6/14609c3/13303888/681401459_m.jpg	http://blog.xuite.net/appleming6/twblog/145890505-%E5%A4%A9%E7%AB%BA%E8%91%B5
https://www.ritagiang.com/files/articleFilesfinder/images/IMG_0477-1.jpg	https://www.ritagiang.com/article.php?id=318
http://3.bp.blogspot.com/-cKAyq8IvlPo/VR1o47mlRGI/AAAAAAAAAJI/UapiN-fvFA4/s1600/%E7%8E%AB%E7%91%B0%E5%A4%A9%E7%AB%BA%E8%91%B5%E9%96%8B%E8%8A%B1.jpg	http://talk2herb.blogspot.com/2015/02/geranium.html
http://img.boqiicdn.com/Data/BK/A/1605/11/imagick65461462953190_y.jpg	http://www.boqii.com/article/27644.html
http://www.yuhuagu.com/uploads/allimg/130915/43-1309150QJ8.jpg	http://www.yuhuagu.com/tzk/2013/0923/9499.html
http://www.iqiya.com/uploadfile/article/322/1_zx0ohv20131015_220e5f5fe982c6cdae22DFNzH8R5Dd6O.jpg	http://www.iqiya.com/article/2015-05-24/64405.html
http://tianzhukui.yangzhiriji.com/wp-content/uploads/sites/56/2014/05/1.jpg	http://tianzhukui.yangzhiriji.com/
http://www.faceschool.com.tw/wp-content/uploads/new_intro_geranium_03.png	https://www.faceschool.com.tw/product/essential/geranium/
http://a1.att.hudong.com/58/60/01100000000000144727600305808_s.jpg	http://www.baike.com/wiki/%E5%A4%A9%E7%AB%BA%E8%91%B5
https://pic.pimg.tw/faceschool/1443771715-4007426906_m.jpg	http://faceschool.pixnet.net/blog/post/306713523-%E5%A4%A9%E7%AB%BA%E8%91%B5%E7%B2%BE%E6%B2%B9-%E2%80%93-%E5%A5%B3%E6%80%A7%E5%BF%85%E5%82%99%E7%B2%BE%E6%B2%B9
https://8.share.photo.xuite.net/tamlubi/182cfaf/9837921/437094990_m.jpg	http://blog.xuite.net/tamlubi/twblog/122762303-%E5%A4%A9%E7%AB%BA%E8%91%B5
https://thumbs.dreamstime.com/z/inflorescense%E5%A4%A9%E7%AB%BA%E8%91%B5%E7%B2%89%E7%BA%A2%E8%89%B2-23398134.jpg	https://cn.dreamstime.com/%E5%9B%BE%E5%BA%93%E6%91%84%E5%BD%B1-%E7%9B%86%E5%A4%A9%E7%AB%BA%E8%91%B5%E7%9A%84%E5%B7%A5%E5%8E%82-image19396372
http://pic.pimg.tw/d6i6n6a6/1381445326-1769454463.jpg?v=1381445328	http://d6i6n6a6.pixnet.net/blog/post/38103323-%E5%A4%A9%E7%AB%BA%E8%91%B5
https://img.imynest.com/uploads/0/D0/0D07E248A5.jpeg	https://www.imynest.com/content/153171.html
http://image.tupian114.com/20121217/17051809.jpg	http://www.tupian114.com/tupian/tiankui.html
http://www.yuhuagu.com/uploads/allimg/130927/53_130927215833_1.jpg	http://www.yuhuagu.com/t/2013/0927/9524.html
https://8.share.photo.xuite.net/tamlubi/182cf30/9837921/437068751_m.jpg	http://blog.xuite.net/tamlubi/twblog/122762253-%E7%8E%AB%E7%91%B0%E5%A4%A9%E7%AB%BA%E8%91%B5
https://img.imynest.com/uploads/7/8D/78DD6C3472_800x600.jpeg	https://www.imynest.com/content/42159.html
https://thumbs.dreamstime.com/z/%E5%9C%A8%E7%99%BD%E8%89%B2-%E5%A4%A9%E7%AB%BA%E8%91%B5peltatum-%E6%9F%A5%E5%87%BA%E7%9A%84%E5%A4%A7%E7%AB%BA%E8%91%B5-25839212.jpg	https://cn.dreamstime.com/%E5%BA%93%E5%AD%98%E7%85%A7%E7%89%87-%E5%A4%A9%E7%AB%BA%E8%91%B5peltatum%E6%98%AF%E5%A4%A9%E7%AB%BA%E8%91%B5%E7%9A%84%E7%A7%8D-image65122777
https://4.share.photo.xuite.net/appleming6/146096a/13303886/681371932_m.jpg	http://blog.xuite.net/appleming6/twblog/145889812
http://a3.att.hudong.com/07/60/01100000000000144727600398110_s.jpg	http://www.baike.com/wiki/%E5%A4%A9%E7%AB%BA%E8%91%B5
http://tupian.geimian.com/pic/2016/10/2016-10-06_122718.jpg	https://www.geimian.com/wx/73332.html
http://pic22.nipic.com/20120619/6601773_142203603138_2.jpg	http://www.nipic.com/show/1/44/6381550k38fbefb6.html
http://huamu.aweb.com.cn/upfile/1/1/20071019/15374147.jpg	http://huamu.aweb.com.cn/2007/10/19/11200710191537280.shtml
https://i2.kknews.cc/large/aa1000451599d038eae	https://kknews.cc/home/65mbgm.html
http://www.12flower.com.taipei/upimg/EA8_%E9%96%8B%E8%8A%B1%E5%A4%A9%E7%AB%BA%E8%91%B5.jpg	http://www.12flower.com.taipei/store/productshow.asp?prodid=839
https://upload.wikimedia.org/wikipedia/commons/thumb/e/e2/R10_kamera_059be.jpg/220px-R10_kamera_059be.jpg	https://zh.wikipedia.org/wiki/%E5%A4%A9%E7%AB%BA%E8%91%B5%E5%B1%9E
http://a4.att.hudong.com/67/52/01300000075149121188524547562.jpg	http://tupian.baike.com/a4_67_52_01300000075149121188524547562_jpg.html
http://img.zwbk.org/baike/spic/2010/11/26/20101126074830260_3361.jpg	http://www.zwbk.org/MyLemmaShow.aspx?zh=zh-tw&lid=89741
http://pic.pimg.tw/vivi5412/1423709087-3830211165.jpg?v=1423709088	http://vivi5412.pixnet.net/blog/post/287524048--geranium-%E7%8E%AB%E7%91%B0%E5%A4%A9%E7%AB%BA%E8%91%B5
http://www.zhiwutong.com/tu/yanghua/%E9%A9%AC%E8%B9%84%E7%BA%B9%E5%A4%A9%E7%AB%BA%E8%91%B5.jpg	http://www.zhiwutong.com/gardens/09-28/9447.htm
http://img0.pclady.com.cn/pclady/1206/16/839137_1.jpg	http://emotion.pclady.com.cn/zxzq/1206/839137.html
http://0.blog.xuite.net/0/4/6/6/238194545/blog_3380218/txt/204257749/1.jpg	http://blog.xuite.net/alfacity/alfacity/204257749-%E6%A5%93%E8%91%89%E5%A4%A9%E7%AB%BA%E8%91%B5
http://www.yuhuagu.com/uploads/allimg/130202/53_130202213714_1.jpg	http://www.yuhuagu.com/caoben/2013/0202/6086.html
http://www.mytwinsy.com/image/cache/data/essential%20oil/geranium-bourbon-600x600.jpg	http://www.mytwinsy.com/mytwinsy-eo-geranium-bourbon
http://pic.pimg.tw/lovegrace1008/1422162017-3392385381_n.jpg	http://lovegrace1008.pixnet.net/blog/post/407499157-%E5%B9%B3%E8%A1%A1%E9%AB%98%E6%89%8B-~~~-%E3%80%8E%E7%AA%AE%E4%BA%BA%E7%9A%84%E7%8E%AB%E7%91%B0%E3%80%8F%E5%A4%A9%E7%AB%BA%E8%91%B5%E7%B2%BE%E6%B2%B9pelargo
http://www.faceschool.com.tw/wp-content/uploads/new_intro_geranium_05.png	https://www.faceschool.com.tw/product/essential/geranium/
https://www.huabaike.com/uploads/allimg/artimg/201703/20170309171238_52459.jpg	https://www.huabaike.com/yhjq/7568.html
http://image60.360doc.com/DownloadImg/2013/04/2117/31797354_2.jpg	http://www.360doc.com/content/13/0421/17/7469473_279925520.shtml
http://www.gzhphb.com/gpPic/600/0/mmbiz.qpic.cn/mmbiz/fgJfVlfZExPicBINSLU2T3Yuw4jBGTNqtjAeXZDwx25HSkLoc4ialHlaIqo4stic4wyebAZrS98AAJAicticwlhINhg/0?wx_fmt=jpeg	http://m.gzhphb.com/article/48/485449.html
http://tupian.geimian.com/pic/2016/10/2016-10-06_123100.jpg	https://www.geimian.com/wx/73332.html
http://www.jingoil.org/wp-content/uploads/2015/04/%E5%A4%A9%E7%AB%BA%E8%91%B5.jpg	http://www.jingoil.org/2015/04/14/%E5%A4%A9%E7%AB%BA%E8%91%B5geranium-pelargonium-graveolens/
https://a.share.photo.xuite.net/td1357246/1ac9701/10065297/454043248_m.jpg	http://blog.xuite.net/td1357246/wretch/124266607-%E5%A4%A9%E7%AB%BA%E8%91%B5
http://www.wdptj.com/wp-content/uploads/2015/04/%E5%A4%A9%E7%AB%BA%E8%91%B5%E7%B2%BE%E6%B2%B93.jpg	http://www.wdptj.com/tianzhukui/
http://f.blog.xuite.net/f/5/0/7/238644362/blog_3606271/txt/383271899/4.jpg	http://blog.xuite.net/shiaoyuanchiu/twblog/383271899-%E5%A4%A9%E7%AB%BA%E8%91%B5
http://www.yuhuagu.com/uploads/allimg/130908/53-130ZR03R3.jpg	http://www.yuhuagu.com/tzk/2013/0911/9397.html
http://www.yuhuagu.com/uploads/allimg/100512/1_100512111444_1.jpg	http://www.yuhuagu.com/t/list_63433_8.html
http://4.bp.blogspot.com/-mNwgMNvyin0/Uh29IuHAF2I/AAAAAAAAAwg/VnqYeK4fs54/s1600/%25E5%25A4%25A9%25E7%25AB%25BA%25E8%2591%25B5+%25E5%25A4%259A%25E8%258A%25B1+2.jpg	http://blog.igarden.com.tw/2013/08/geranium-multibloom-mix.html
http://www.ihair.com.hk/images/aroma_%20oil_Geranium.JPG	http://www.ihair.com.hk/hair_info/aroma_Geranium.html
http://pic.pimg.tw/mine1109/1332210675-2647660303.jpg	http://mine1109.pixnet.net/blog/post/88286349-%E3%80%90365%E7%95%AB-19%E3%80%91%E4%BF%AE%E8%BA%AB%E9%A4%8A%E6%80%A7%E9%A4%8A%E8%8A%B1%E4%B8%AD
https://i1.kknews.cc/large/f7500055b788fbc9e64	https://kknews.cc/home/zvrn9q.html
http://www.iyanghua.com/f/tianzhukui/20131111224749_2.jpg	http://www.iyanghua.com/f/tianzhukui/
http://pic.pimg.tw/effie65/1319824546-376143868_m.jpg?v=1319824549	http://effie65.pixnet.net/blog/post/35866411-%5B%E5%A4%A9%E7%AB%BA%E8%91%B5%5D%E7%99%82%E6%95%88~
https://upload.wikimedia.org/wikipedia/commons/2/2f/Rose_Geranium.jpg	https://zh.wikipedia.org/wiki/%E5%A4%A9%E7%AB%BA%E8%91%B5%E5%B1%9E
http://a0.att.hudong.com/73/60/01100000000000144727600571265_s.jpg	http://www.baike.com/wiki/%E5%A4%A9%E7%AB%BA%E8%91%B5%E7%B2%BE%E6%B2%B9
https://t14.pimg.jp/006/514/414/1/6514414.jpg	https://tw.pixtastock.com/tags/%E7%8E%AB%E7%91%B0%E5%A4%A9%E7%AB%BA%E8%91%B5?search_type=2
https://img.imynest.com/uploads/D/96/D961866923.jpeg	https://www.imynest.com/content/25531.html
http://a3.att.hudong.com/24/60/01100000000000144727600237753_s.jpg	http://www.baike.com/wiki/%E5%A4%A9%E7%AB%BA%E8%91%B5
https://thumbs.dreamstime.com/z/%E6%98%A5%E5%A4%A9%E5%BC%80%E8%8A%B1%E5%88%86%E6%94%AF%E6%9C%89%E6%A1%83%E7%BA%A2%E8%89%B2cranesbill%E7%9A%84-%E5%A4%A9%E7%AB%BA%E8%91%B5%EF%BC%8C%E5%A4%A7%E7%AB%BA%E8%91%B5-%E5%BC%80%E8%8A%B1-71924471.jpg	https://cn.dreamstime.com/%E5%85%8D%E7%89%88%E7%A8%8E%E5%BA%93%E5%AD%98%E5%9B%BE%E7%89%87-%E6%A1%83%E7%BA%A2%E8%89%B2%E5%A4%A7%E7%AB%BA%E8%91%B5-%E5%A4%A9%E7%AB%BA%E8%91%B5-image31596319
http://img01.taobaocdn.com/imgextra/i1/62682537/T2W96dXaRXXXXXXXXX_!!62682537.jpg	http://blog.sina.com.cn/s/blog_6ef0fb4c0101e3l2.html
http://gate.sinovision.net:82/gate/big5/cdnwww.sinovision.net/data/attachment/album/201504/29/19530482g2na4azbyzab8y.jpg	http://gate.sinovision.net:82/gate/big5/blog.sinovision.net/home/space/uid/30435/do/blog/id/254813.html
http://pic.pingguolv.com/uploads/allimg/170113/109-1F113092242.png	http://www.pingguolv.com/zy/gongxiao/83272.html
https://4.share.photo.xuite.net/fourseason40/14c3a13/4124487/174994380_l.jpg	http://blog.xuite.net/fourseason40/blog/41784320-%E3%80%90%E8%8A%B1%E8%8D%89%E3%80%91%E5%A4%A9%E7%AB%BA%E8%91%B5%E5%AE%B6%E6%97%8F
https://6.share.photo.xuite.net/fredchen2429/167563d/9877608/439603157_m.jpg	http://blog.xuite.net/fredchen2429/twblog1/123165274-%E5%A4%A9%E7%AB%BA%E8%91%B5%E5%BE%9E%E6%92%A5%E7%A8%AE%E5%88%B0%E9%96%8B%E8%8A%B1
http://pic.pingguolv.com/uploads/allimg/170113/109-1F113092341.png	http://www.pingguolv.com/zy/gongxiao/83272.html
http://2.bp.blogspot.com/-drQ6Qhz55-8/WLouq6F6rgI/AAAAAAAACSQ/hmSpcMh1YaUyIZekBr8HR2ifAgu6ZWQPACK4B/s1600/Pelargonium-graveolens-1.jpg	http://aromahealer.blogspot.com/2017/03/blog-post_3.html
http://www.ivsky.com/img/tupian/pic/201402/23/pelargonium_hortorum_bailey-010.jpg	http://www.ivsky.com/tupian/pelargonium_hortorum_bailey_v20078/
https://8.share.photo.xuite.net/brday1257/18065d0/8136581/1030775115_l.jpg	http://blog.xuite.net/brday1257/twblog/221913396
http://tianzhukui.yangzhiriji.com/wp-content/uploads/sites/56/2014/05/3.jpg	http://tianzhukui.yangzhiriji.com/
https://www.huabaike.com/uploads/allimg/sltimg/201601/56961270d3466.jpg	https://www.huabaike.com/yhjq/1446.html
http://puui.qpic.cn/qqvideo_ori/0/w03173a0thq_496_280/0	http://v.qq.com/x/search/?q=%E5%A4%A9%E7%AB%BA%E8%91%B5&stag=txt.playpage.vppdesc
http://pic.pingguolv.com/uploads/allimg/170113/109-1F113092255.png	http://www.pingguolv.com/zy/gongxiao/83272.html
http://www.iqiya.com/uploadfile/2014/1107/20141107024046812.jpeg	http://www.iqiya.com/article/2014-11-07/6583.html
http://www.gmaxbio.com/wp-content/uploads/2015/10/geranium.jpg	http://www.gmaxbio.com/geranium/
http://www.yes98.net/home/attachment/201108/22/31311_1314017301OxKS.jpg	http://blog.xuite.net/f00685262/blog/69559618-%E5%A4%A9%E7%AB%BA%E8%91%B5%5B%E6%9C%88%E6%9C%88%E7%B4%85%5D
https://4.share.photo.xuite.net/appleming6/14609d7/13303888/681401735_m.jpg	http://blog.xuite.net/appleming6/twblog/145890505-%E5%A4%A9%E7%AB%BA%E8%91%B5
https://en.pimg.jp/022/621/076/1/22621076.jpg	https://tw.pixtastock.com/photo/22621076
https://upload.wikimedia.org/wikipedia/commons/thumb/e/e9/Tzkyz.jpg/220px-Tzkyz.jpg	https://zh.wikipedia.org/zh-hant/%E5%A4%A9%E7%AB%BA%E8%91%B5%E5%B1%9E
https://qqabc12366.files.wordpress.com/2010/12/e5a4a9e7abbae891b5.jpg	https://qqabc12366.wordpress.com/2010/12/07/%E5%A4%A9%E7%AB%BA%E8%91%B5%E7%AA%AE%E4%BA%BA%E7%9A%84%E7%8E%AB%E7%91%B0/
http://a0.att.hudong.com/12/49/01300000178518123988491715873.jpg	http://tupian.baike.com/a0_12_49_01300000178518123988491715873_jpg.html
http://www.herblovertw.com/life/pic/geraniums10.jpg	http://www.herblovertw.com/life/rosegeranium.htm
https://1.bp.blogspot.com/-NmAfUbEM5iU/V-JEAMuJj6I/AAAAAAAAC5s/uv65BjU9lvs9Y6RS_QLVctJ0OXaPHDivgCLcB/s1600/DSC_0270.jpg	http://blog.igarden.com.tw/2001/11/5M11125.html
http://www.tsherb.com.tw/images/photos/930517%20047.jpg	http://www.tsherb.com.tw/count_hits.php?ed_id=78
http://pic12.nipic.com/20110109/4623651_182041031136_2.jpg	http://www.nipic.com/show/1/44/4146649k5157d328.html
