
https://gss1.bdstatic.com/-vo3dSag_xI4khGkpoWK1HF6hhy/baike/s%3D220/sign=c0773ae69b25bc312f5d069a6ede8de7/738b4710b912c8fc2e4c19e5fe039245d688215f.jpg	https://baike.baidu.com/item/%E9%BB%84%E8%8A%B1%E9%A3%8E%E9%93%83%E6%9C%A8
https://cbu01.alicdn.com/img/ibank/2017/089/678/4352876980_1601210003.220x220.jpg	http://www.1688.com/chanpin/-BBC6BBA8B7E7C1E5C4BE.html
http://img01.hua.com/uploadpic/images/20163161223212225497.jpg	http://www.hua.com/huayu/15052.html
http://b2b.image.yuanlin.com/biz/2011-4/2011411940475629.jpg	http://www.yuanlin.com/b2b/sell_detail_125262.html
http://img8.ph.126.net/cDLc2Ux8DMxdpm1C5PH_EA==/2821786641541721898.jpg	http://yzzhang42.blog.163.com/blog/static/1452124572012315620540/
http://s9.sinaimg.cn/middle/66019f9enb2c181376dc8&690	http://blog.sina.com.cn/s/blog_66019f9e0102dr0q.html
http://img.pconline.com.cn/images/upload/upc/tx/bbs6/1302/25/c3/18415919_1361804835983_1024x1024.jpg	http://bbs.pcauto.com.cn/topic-3648618.html
https://simg314.magcasa.com/content_images/2016/03/10/256798/1457587455_8162.jpg	https://www.gigcasa.com/cn/articles/256798
http://imgupload.youboy.com/imagestore20160517c5006812-c51d-4b64-a03d-62b4910511a8.jpg?360*300	http://www.xn--wbwr93i.com/s501774015.html
http://p1.pstatp.com/large/25300056c850f8c0ece	http://www.hanzine.com/system/555547.html
http://img.pconline.com.cn/images/upload/upc/tx/itbbs/1203/26/c3/11046663_1332777514885_0.jpg	http://g.pconline.com.cn/bbs/topic-15086854.html
https://gss3.bdstatic.com/7Po3dSag_xI4khGkpoWK1HF6hhy/baike/s%3D220/sign=fdcf4a10572c11dfdad1b82153266255/359b033b5bb5c9ea8ad88e10d539b6003af3b31e.jpg	https://baike.baidu.com/item/%E9%BB%84%E8%8A%B1%E9%A3%8E%E9%93%83%E6%9C%A8
http://www.168hm.com/Public/2015/05/18/126228tSJICiRg065622.jpg	http://www.168hm.com/Category/item_1201.html
https://cbu01.alicdn.com/img/ibank/2014/847/758/1729857748_1172577516.220x220.jpg	http://www.1688.com/chanpin/-BBC6BBA8B7E7C1E5C4BE.html
http://img9.007swz.com/cpimg/qitazhongzizhongmiao/f5nRL0ZJU_1362387431.jpg	http://www.007swz.com/t/%BB%C6%BB%A8%B7%E7%C1%E5%C4%BE
http://imgbdb2.bendibao.com/tour/20142/28/2014228175437616.jpg	http://ly.sz.bendibao.com/tour/2014228/ly599813.html
http://yfhzs.cn/UploadFile/product/2012062836319297.jpg	http://yfhzs.cn/case/?TheType=1&Type=2
http://b2b.image.yuanlin.com/Biz/2008-12/2008122135139410.jpg	http://fjyhlxnc.yuanlin.com/sell-m70350.html
http://p3.pstatp.com/large/25300056c8365bab762	http://www.aheadimage.com/20170604/600164.html
http://www.hainantree.com/uploads/allimg/130924/6-130924093926.jpg	http://www.hainantree.com/m/view.php?aid=51
http://static.xialv.com/scenery/2015/03/13/97/14262110015794nslak_640X1000.jpg	http://www.xialv.com/shenzhen/weigonglue/704
https://cbu01.alicdn.com/img/ibank/2017/367/462/3799264763_247990438.220x220.jpg	http://www.1688.com/chanpin/-BBC6BBA8B7E7C1E5C4BE.html
http://a1.att.hudong.com/14/31/01100000000000144766318919235_s.jpg	http://www.baike.com/wiki/%E9%BB%84%E8%8A%B1%E9%A3%8E%E9%93%83%E6%9C%A8
http://kb.southcn.com/content/images/attachement/jpg/site4/20170316/7427eaa176f51a34bcd702.jpg	http://kb.southcn.com/content/2017-03/16/content_167124262.htm
http://s10.sinaimg.cn/mw690/001MoBF2zy79fy3UaCte9	http://blog.sina.com.cn/s/blog_613b13a40102wx2u.html
https://w5.sanwen8.cn/mmbiz_jpg/caVunQk3cNTIsfdOCbdYic9LBcKETbSicEAfm6RLHIicbkmP0pqvfNXUeJ4kPJ3s4PuIib3WmgMWfggm8ekviapicqcg/0?wx_fmt=jpeg	https://sanwen8.cn/p/7aaQZP8.html
https://cbu01.alicdn.com/img/ibank/2016/063/839/3117938360_1732061643.310x310.jpg	https://www.1688.com/pic/-BBC6BBA8B7E7C1E5C4BED6D6D7D3.html
http://map1.zw3w.com:8080/zw_news_map/350/2014063/1403351434456698889.png	http://zwbk.idwoo.com/archives/tag/%E9%BB%84%E8%8A%B1%E9%A3%8E%E9%93%83%E6%9C%A8%E5%9B%BE%E7%89%87-%E9%BB%84%E8%8A%B1%E9%A3%8E%E9%93%83%E6%9C%A8%E8%8A%B1%E6%9C%9F%E5%9B%BE
http://img.xunhai.com/2015/11/25/144846077891031.jpg	http://www.xunhai.com/huanghuafenglingmu/
http://fj.sinaimg.cn/2011/0302/U4180P911DT20110302153636.jpg	http://fj.sina.com.cn/news/t/2011-03-02/154193176.html
http://a1.att.hudong.com/30/31/01100000000000144766318810080_s.jpg	http://www.baike.com/wiki/%E9%BB%84%E8%8A%B1%E9%A3%8E%E9%93%83%E6%9C%A8
http://fj.sinaimg.cn/2011/0302/U4180P911DT20110302153717.jpg	http://fj.sina.com.cn/news/t/2011-03-02/154193176.html
http://pic.weather.com.cn/images/guangxi/photo/2015/03/04/477B8AB143FA287B91E6B53A8F1279CC.jpg	http://gx.weather.com.cn/gxgqtp/2280121.shtml
https://img5.yxlady.com/Flowers/UploadFiles_9965/20161031/20161031132410585.jpg	http://m.yxlady.com/Flowers/201610/487609.shtml
http://img.tupianzj.com/uploads/allimg/160324/15-160324221042.jpg	http://www.tupianzj.com/sheying/huahui/20160324/44615_7.html
http://img.mp.itc.cn/upload/20170331/8263e05347f74152ae48718e7eedd9d6_th.jpeg	http://www.sohu.com/a/131254099_676917
http://img.szhk.com/Image/2014/04/09/1397021397855.jpg	http://m.szhk.com/news_282871610062837.html
https://w7.sanwen8.cn/mmbiz/RKv2r2olC2Ad8aPcKCicc6JY46CvhtZJcl7Zo0yhhxn6eaDiaO5bOCPNotPYYXaK4dDicKiaoPVru5h0zjia6WUfndg/640?wx_fmt=jpeg	https://sanwen8.cn/p/115ENqZ.html
http://a2.att.hudong.com/33/31/01100000000000144766318419217_s.jpg	http://www.baike.com/wiki/%E9%BB%84%E8%8A%B1%E9%A3%8E%E9%93%83%E6%9C%A8
http://a3.att.hudong.com/30/31/01100000000000144766319025566_s.jpg	http://www.baike.com/wiki/%E9%BB%84%E8%8A%B1%E9%A3%8E%E9%93%83%E6%9C%A8
http://img6.ph.126.net/qcWE6yu-SVkBg0jjnrLCkA==/1049338713194733896.jpg	http://yzzhang42.blog.163.com/blog/static/1452124572012315620540/
https://cbu01.alicdn.com/img/ibank/2017/790/050/3823050097_549380946.220x220.jpg	http://www.1688.com/chanpin/-BBC6BBA8B7E7C1E5C4BE.html
http://fs.southcn.com/content/images/attachement/jpg/site4/20170411/7427ea1e175f1a56cb650b.jpg	http://fs.southcn.com/content/2017-04/11/content_168686813.htm
http://www.scib.cas.cn/lyfw/hx/201604/W020160401331733341614.jpg	http://www.scib.cas.cn/lyfw/hx/201604/t20160401_4578132.html
http://img.boqiicdn.com/Data/BK/A/1510/29/imagick49341446098530_y.jpg	http://www.boqii.com/entry/detail/2164.html
http://imgupload4.youboy.com/imagestore2016051768e52468-341f-4b7a-9b7f-bfdfaaebeeda.jpg?360*300	http://www.xn--wbwr93i.com/s501774015.html
https://cbu01.alicdn.com/img/ibank/2016/341/028/3669820143_2049739183.jpg_270x270xzq60.jpg	http://m.1688.com/offer_search/-BBC6BBA8B7E7C1E5C4BE.html
https://gw.alicdn.com/bao/uploaded/i2/TB1fa3SJpXXXXaSXVXXXXXXXXXX_!!0-item_pic.jpg_230x230.jpg	https://www.taobao.com/article/EiAQG5EOGcEkDXDl.html
http://a3.att.hudong.com/34/31/01100000000000144766318335761_s.jpg	http://www.baike.com/wiki/%E9%BB%84%E8%8A%B1%E9%A3%8E%E9%93%83%E6%9C%A8
http://images.cpooo.com/files/201604/09/p/99/60314_1460215069.jpg	http://www.liuhua.cpooo.com/product/3185470.html
http://i1.mopimg.cn/img/tt/2017-03/722/20170315104226754.jpg790x600.jpg	http://3g.mop.com/tt/16367282.html
http://imgupload3.youboy.com/imagestore20160129b78cfbc6-2708-4959-afa3-010da61bbdc1.jpg?360*300	http://www.gxrllh.com/s501408876.html
http://imgupload2.youboy.com/imagestore20170508d28b58ad-8eea-42ea-a563-3f230644f325.jpg	http://www.pnlhmmc.com/s502961891.html
https://gw.alicdn.com/bao/uploaded/i1/106585152/TB2GvlIimJjpuFjy0FdXXXmoFXa_!!106585152.jpg_230x230.jpg	https://www.taobao.com/article/EiAQG5EOGcEkDXDl.html
https://puui.qpic.cn/qqvideo_ori/0/s0381onz277_496_280/0	https://v.qq.com/x/search/?q=%E9%BB%84%E8%8A%B1%E9%A3%8E%E9%93%83%E6%9C%A8&stag=txt.playpage.vppdesc
http://s4.sinaimg.cn/mw690/001MoBF2zy79fzdVzTZ03	http://blog.sina.com.cn/s/blog_613b13a40102wx2u.html
http://kb.southcn.com/content/images/attachement/jpg/site4/20170316/7427eaa176f51a34bd0003.jpg	http://kb.southcn.com/content/2017-03/16/content_167124262.htm
http://imgupload4.youboy.com/imagestore20160517aa376623-d5be-48ff-beeb-4c851f839ea3.jpg?360*300	http://www.xn--wbwr93i.com/s501774015.html
http://read.html5.qq.com/image?src=forum&q=5&r=0&imgflag=7&imageUrl=http://mmbiz.qpic.cn/mmbiz/PVic6nkmgjKSHjICnsnV9ksAXKPY2x4lvqibhGFeic0pFmSiar3ibQfEGiartkWBpia3Ipem8QIr5P4po0MUoicEvuQcPw/640?wx_fmt=jpeg	http://chuansong.me/n/540475052684
http://img.mp.itc.cn/upload/20170331/5c06bd10c1b34764b360c1890667be51_th.jpeg	http://www.sohu.com/a/131254099_676917
http://tyw1986.q0760.com/attachment/2014/04/22/product-18-6019-1.jpg	http://tyw1986.q0760.com/product/detail/6019.html
http://guangxi.sinaimg.cn/2015/0326/U12182P1402DT20150326094700.jpg	http://gx.sina.com.cn/lz/lznews/2015-03-26/09523562.html
http://hk.on.cc/hk/bkn/cnt/news/20170329/photo/bkn-20170329060009653-0329_00822_001_01p.jpg?20170329074224	http://hk.on.cc/hk/bkn/cnt/news/20170329/bkn-20170329060009653-0329_00822_001_cn.html?cn=true&eventsection=hk_news&eventid=402882b15990b2a90159af4da5f2793f
http://hzmx.huizhou.gov.cn/d/file/p/2015-03-13/1d43739e07bd44de3e8f21fdbd498aa4.jpg	http://hzmx.huizhou.gov.cn/e/action/ShowInfo.php?classid=21&id=6617
http://c.img.youboy.com/20112/24/1/g0/g0_11141756.jpg?360*300	http://www.youboy.com/s11141756.html
http://www.sglyzx.com/uploadfile/2016/0330/20160330101325352.jpg	http://www.sglyzx.com/html/2016/zjy_0330/211354.html
http://read.html5.qq.com/image?src=forum&q=5&r=0&imgflag=7&imageUrl=mmbiz.qpic.cn/mmbiz_jpg/1xvBKBicksgQmax2jlQPeUOCkDxLJplgbqalZdjquCKXicRNWHTmPPjyTWZPBajIL5uEKuzvwBtkwnCMSJgRK1uw/0?wx_fmt=jpeg	http://m.v4.cc/News-4223494.html
http://read.html5.qq.com/image?src=forum&q=5&r=0&imgflag=7&imageUrl=http://mmbiz.qpic.cn/mmbiz/qO4Uo4yWJaqVQsAG0JbzIw6D7iaPhP4aaEAZOL0fM03oluE5yHHViaFGqPUyL7wDwNhIG9G9XibVlLyNwyz0IdODw/0?wx_fmt=png	http://chuansong.me/n/540475052684
https://simg314.magcasa.com/content_images/2016/03/10/256798/1457587455_4195.jpg	https://www.gigcasa.com/cn/articles/256798
http://img.boqiicdn.com/Data/BK/P/imagick80921446110386.jpg	http://www.boqii.com/entry/detail/2164.html
http://www.wdptj.com/wp-content/uploads/2014/11/%E9%BB%84%E8%8A%B1%E9%A3%8E%E9%93%83%E6%9C%A81.jpg	http://www.wdptj.com/5619.html
http://imgbdb3.bendibao.com/guangzhou/20163/7/201637163545169.jpg	http://gz.bendibao.com/tour/201637/ly212502.shtml
https://gw.alicdn.com/bao/uploaded/i1/870314892/TB2h8AJpVXXXXcKXXXXXXXXXXXX_!!870314892.jpg_230x230.jpg	https://www.taobao.com/article/EiAQG5EOGcEkDXDl.html
http://img.mp.itc.cn/upload/20170307/53d31e3c507b4e2fa863add26209941d_th.jpeg	http://50496.com/zixun/tuku/6buE6Iqx6aOO6ZOD5pyo6Iqx5pyf.html
http://p3.pstatp.com/large/25400056c94e860ee88	http://www.aheadimage.com/20170604/600164.html
https://puui.qpic.cn/qqvideo_ori/0/z03859b0kji_496_280/0	https://v.qq.com/x/search/?q=%E9%BB%84%E8%8A%B1%E9%A3%8E%E9%93%83%E6%9C%A8&stag=txt.playpage.vppdesc
http://www.qnong.com.cn/uploadfile/2016/0917/20160917075946595.jpg	http://www.qnong.com.cn/zhongzhi/huahui/13781.html
http://s1.sinaimg.cn/mw690/001MoBF2zy79fz2HFle70	http://blog.sina.com.cn/s/blog_613b13a40102wx2u.html
http://imgupload.youboy.com/imagestore201508134a65f4ed-68dc-4eb8-adfb-fc5969a2251f.jpg	http://www.gxrllh.com/s501408876.html
http://upload.mnw.cn/2016/0407/1460018505758.jpg	http://www.mnw.cn/xiamen/news/1144558.html
http://fwimage.cnfanews.com/weixinimg/2016/20160406/icKjDFicUS3pWGlmId1CjafnfLIDeA0rFbAFo5iaMCE24lr2zomm9wceR93GngqCrVRJyNlpqzC6yzM67R31ibiaUAw_0	http://zz.mnw.cn/lvyou/1145196.html
http://www.zqlnn.com/imageRepository/72594864-6da1-4239-ada3-fabf6ef70a34.jpg	http://www.zqlnn.com/news_detail/newsId=458.html
https://cbu01.alicdn.com/img/ibank/2017/675/433/4474334576_1637166999.220x220.jpg	http://www.1688.com/chanpin/-BBC6BBA8B7E7C1E5C4BE.html
http://61.145.228.147/Upload/image/2015/3/24/2015032410251648547.jpg	http://count.zhrsj.gov.cn/n1427163817146566.html
http://imgupload.youboy.com/imagestore20150906fb27d228-9873-425a-ae61-9a9dc551f6fb.jpg?360*300	http://www.lvyuanmp.com/s501060481.html
http://imgupload4.youboy.com/imagestore20170508c15021a0-cc49-4a25-9725-bd8657403c0c.jpg?360*300	http://www.pnlhmmc.com/s502961891.html
http://img.mp.itc.cn/upload/20170331/f4ae60d864ec4b8699f9515c31f10329_th.jpeg	http://www.sohu.com/a/131254099_676917
https://gss1.bdstatic.com/9vo3dSag_xI4khGkpoWK1HF6hhy/baike/s%3D220/sign=c4affffe71899e517c8e3d1672a7d990/8ad4b31c8701a18b76833e4c942f07082838fe4d.jpg	https://baike.baidu.com/item/%E9%BB%84%E8%8A%B1%E9%A3%8E%E9%93%83%E6%9C%A8
http://i1.mopimg.cn/img/tt/2017-03/312/20170315104103428.jpg790x600.jpg	http://3g.mop.com/tt/16367282.html
http://images.nongmiao.com/big//trade/2012/09/14/03/14/429859538_596523927.310x310.jpg	http://www.nongmiao.com/zhuotianzy/supplydetail-44406.html
https://cbu01.alicdn.com/img/ibank/2014/616/654/1345456616_112999174.jpg_270x270xzq60.jpg	http://m.1688.com/offer_search/-BBC6BBA8B7E7C1E5C4BE.html
http://www.yiyigreen.com:8078/web/app/upload/product/yiyid20170213091308972.jpg	http://www.yiyigreen.com/Product/Detail/index/id/36979.html
http://img.mp.itc.cn/upload/20170331/7ede1aa7120b429c99fbaee65d80a3b7_th.jpeg	http://www.sohu.com/a/131374222_479408
https://cdn.huaniaoy.cn/20160723/original/1469269366790.jpg@!picb	https://www.huaniaoy.com/yanghu/147109
http://fs.southcn.com/content/images/attachement/jpg/site4/20170411/7427ea1e175f1a56cba311.jpg	http://fs.southcn.com/content/2017-04/11/content_168686813.htm
http://www.1818hm.com/file/upload/201609/11/0923517016.jpg	http://www.1818hm.com/huamu/show-4855.html
http://s11.sinaimg.cn/mw690/0028tD2Wgy6Qo4CubJU3a&690	http://blog.sina.com.cn/s/blog_74ada8aa0102vhbe.html
https://simg314.magcasa.com/content_images/2016/03/10/256798/1457587455_8619.jpg	https://www.gigcasa.com/cn/articles/256798
https://gw.alicdn.com/bao/uploaded/i2/TB1PAJkSpXXXXaLXVXXXXXXXXXX_!!0-item_pic.jpg_230x230.jpg	https://www.taobao.com/article/CQCwG9ETCbBiDGCK.html
http://fs.southcn.com/content/images/attachement/jpg/site4/20170411/7427ea1e175f1a56cb9c10.jpg	http://fs.southcn.com/content/2017-04/11/content_168686813.htm
