
http://www.kymlsmp.com/upfile/isClass/pic/20140305104621-8789792144671082.jpg	http://www.kymlsmp.com/product_view.php?id=192
http://www.mchh688.com/pic1/156.jpg	http://www.mchh688.com/cp38.htm
http://www.yalinmp.com/UploadFiles/2013-07/admin/2013073111012747291.jpg	http://www.yalinmp.com/Products/Show_29.html
http://a2.att.hudong.com/55/74/01000000000000119087415138155_s.jpg	http://www.baike.com/wiki/%E9%87%91%E7%84%B0%E7%BB%A3%E7%BA%BF%E8%8F%8A
http://www.365azw.com/Attachments/share/201506/558d125358cbf.jpg	http://www.365azw.com/share/s-175989
http://www.yuanlin.com/B2B/UpFile_Image/Biz/2007-3/200731295559.jpg	http://www.miaomu777.com/news/show-6740.html
http://pic4.55jia.net/fengshuizhiwu/27/a295821.jpg	http://www.55jia.net/75/314047.html
http://pic16.nipic.com/20110823/4224370_071910671146_2.jpg	http://www.nipic.com/show/1/44/5000089k35d47430.html
http://www.chinabaike.com/article/396/hm/2008/20080318/mm/img/20083191424871877802.jpg	http://www.chinabaike.com/article/396/hm/2008/200803191201279.html
http://pic.hm5988.com/o_1auji5qha10tpttbcdn1psdabvh5.jpg	http://www.hm5988.com/Price?CateId=399
http://www.fc312.com/web_manage/manage/Upload/20141223162028340.jpg	http://www.fc312.com/pro_info.asp?id=1417
http://www.lnjzsy.com/lnjzsy2013/UserFiles/Image/xyfg/DSC_1598.jpg	http://www.lnjzsy.com/lnjzsy2013/webViewNews.do?newsId=1405
http://m.88148.com/Tu/p/b2b%5Eimage%5Eyuanlin%5Ecom~Biz~2011-10~201110191359235582%5Ejpg	http://m.88148.com/Tu/2015121124376.html
http://a4.att.hudong.com/66/94/01300000172527121359949763554_s.jpg	http://www.baike.com/wiki/%E9%87%91%E7%84%B0%E7%BB%A3%E7%BA%BF%E8%8F%8A
http://b2b.image.yuanlin.com/Biz/2012-2/20122101738271962.jpg	http://syfchm.yuanlin.com/sell-m168328.html
http://img.huacaobaike.com/2036528768049053260.jpg	http://www.huacaobaike.com/%E8%85%8B%E8%8A%B1%E8%8B%8B/business.html
http://b2b.image.yuanlin.com/Biz/2013-6/20136301342277278.jpg	http://qianjinhuahui.yuanlin.com/sell-m574482.html
http://sygxyl.com/upLoad/product/month_1605/201605200828491125.jpg	http://sygxyl.com/content/?955.html
http://dlhtmp.com/%E5%9B%BE%E7%89%87/%E7%BD%91%E7%AB%99/%E8%8A%B1%E7%81%8C%E6%9C%A8/%E9%87%91%E7%84%B0%E7%BB%A3%E7%BA%BF%E8%8F%8A%E7%90%833_%E5%89%AF%E6%9C%AC.JPG	http://dlhtmp.com/%E6%81%92%E6%B3%B0%E8%8A%B1%E7%81%8C%E6%9C%A8.htm
http://img.boqiicdn.com/Data/BK/A/1511/18/imagick27851447829744_y.jpg	http://www.boqii.com/entry/detail/2233.html
http://b2b.image.yuanlin.com/Biz/2015-2/201502020639597375.jpg	http://jskyyl.yuanlin.com/sell-m1115952.html
http://www.168hm.com/Public/2014/09/28/119485TdoYPUis043735.jpg	http://www.168hm.com/Category/item_399.html
http://www.xihuanzhan.com/d/file/zs/2016-05-11/3d59a4a0fc02868b95caeb142216161e.jpg	http://www.xihuanzhan.com/zs/6584.html
http://sygxyl.com/upLoad/product/month_1605/201605200830535133.jpg	http://sygxyl.com/content/?955.html
http://www.wdptj.com/wp-content/uploads/2014/07/%E9%87%91%E7%84%B0%E7%BB%A3%E7%BA%BF%E8%8F%8A2.jpg	http://www.wdptj.com/jyxcj/
http://img18.hc360.cn/18/busin/138/297/b/18-138297918.jpg	http://b2b.hc360.com/supplyself/169922151.html
http://www.baihuamen.com/d/file/2014/03-13/b7f9f713a60114f128df765f9befe494.jpg	http://www.baihuamen.com/jinyanxiuxianju/
http://www.xuexi009.com/upload/201407/1405430562.jpg	http://www.xuexi009.com/product/showproduct302.htm
https://cbu01.alicdn.com/img/ibank/2017/672/846/4169648276_1601210003.220x220.jpg	https://s.1688.com/kq/-BDF0D1E6D0E5CFDFBED5.html
http://image.yuanlin.com/News/UploadFiles/2015/8/69437aaa-5e3c-4953-ad52-460f73980615.jpg	http://news.yuanlin.com/detail/201583/219083.htm
http://images.nongmiao.com/big//trade/2012/09/14/06/00/414562164_1420065037.310x310.jpg	http://www.nongmiao.com/qingzhouflowers/supplydetail-55866.html
http://www.1818hm.com/file/upload/201611/10/172057761.jpg	http://www.1818hm.com/chanpin/show-72.html
http://www.sygxyl.com/upLoad/news/month_1705/201705141022128094.jpg	http://www.sygxyl.com/content/?1247.html
http://pic16.nipic.com/20110823/4224370_071720437144_2.jpg	http://www.nipic.com/show/1/44/5000087kab749dac.html
http://img06.tooopen.com/images/20170714/tooopen_sy_216613024295.jpg	http://www.tooopen.com/view/1546230.html
http://zixun.rrs.com/uploads/allimg/140917/12-14091GI12V22.jpg	http://zixun.rrs.com/jiashigonglue/2496.html
http://img06.tooopen.com/images/20170714/tooopen_sy_216612672375.jpg	http://www.tooopen.com/view/1545827.html
http://www.baihuamen.com/d/file/2014/03-13/366a31dd743851310f25665750cfe23b.jpg	http://www.baihuamen.com/jinyanxiuxianju/4671.html
http://www.haojing888.com/uploadfiles/pictures/product/20160615132225_1093.jpg	http://www.haojing888.com/Products/jyxxj.html
https://www.23yy.com/upload/2017/04/13/7be08eda4a0e73c5.jpg	https://www.23yy.com/4330000/4322187.shtml
http://a3.att.hudong.com/45/11/01200000026325136324111416252_s.jpg	http://www.baike.com/wiki/%E9%87%91%E7%84%B0%E7%BB%A3%E7%BA%BF%E8%8F%8A
http://pic1.win4000.com/pic/6/df/1b0f1362997.jpg	http://www.w88ok.net/meinv114492.html
https://www.23yy.com/upload/2017/04/13/34e0fcf85d704310.jpg	https://www.23yy.com/4330000/4322187.shtml
http://www.lyhmhzs.com/uploads/170402/1-1F4020S942342.jpg	http://www.lyhmhzs.com/ouyue/chanpinzhongxin/20160812/28.html
http://pic1.huashichang.com/2016/0730/23/579cc67592c8f.jpg	http://m.aihuhua.com/tupian/tupianpi4.html
https://cbu01.alicdn.com/img/ibank/2014/726/575/1317575627_99864327.jpg	https://www.1688.com/topic/xiuxianju.html
http://www.itaomiao.com/img/nursery/2016/09/19/12/1474260224287euhl.jpg	http://www.itaomiao.com/supplys/jinyanxiuxianju.html
http://www.jqlhmm.com/UploadFiles/image/20170109/20170109160979967996.jpg	http://www.jqlhmm.com/product/list_b8_s10.html
http://www.jqlhmm.com/UploadFiles/image/20170109/20170109161078257825.jpg	http://www.jqlhmm.com/product/list_b8_s10.html
http://pic1.huashichang.com/2016/0730/23/579cc6748c276.jpg	http://m.aihuhua.com/tupian/tupianpi1.html
http://www.itaomiao.com/img/nursery/2016/09/19/11/1474257446735O7ar.jpg	http://www.itaomiao.com/supplys/jinyanxiuxianju.html
http://pic1.huashichang.com/2016/0730/23/579cc6753e8a1.jpg	http://www.aihuhua.com/tupian/tupianpi3.html
http://www.sygxyl.com/upLoad/news/month_1705/201705141022186999.jpg	http://www.sygxyl.com/content/?1247.html
https://cbu01.alicdn.com/img/ibank/2015/751/639/1964936157_425518535.400x400.jpg	http://detail.1688.com/offer/43880572936.html
http://www.huayugu.com.cn/uploads/allimg/160731/1-160I11HS00-L.jpg	http://www.huayugu.com.cn/jinyanxiuxianju/
http://www.fangzhenzhuzi.com/uploads/allimg/170224/1-1F2241F306.jpg	http://www.fangzhenzhuzi.com/ouyue/chanpinzhongxin/20160812/28.html
http://www.itaomiao.com/img/nursery/2015/10/04/11/1443928384012zOqk.jpg	http://www.itaomiao.com/supplys/jinyanxiuxianju.html
http://www.ruyinyuanlin.com/d/file/huahui/30450653190028fe277a90c68555420a.jpg	http://www.ruyinyuanlin.com/46.html
http://www.jqlhmm.com/UploadFiles/image/20170109/20170109160532693269.jpg	http://www.jqlhmm.com/product/list_b8_s10.html
http://img.qingmo.com/800x0/2017/3/23/f3f004c0be7147199eee3a06ea216f07.jpg	http://ps.qingmo.com/89705.html
http://www.qzzzyhh.com/upLoad/product/month_1707/201707241120441650.jpg	http://www.qzzzyhh.com/content/?2270.html
http://www.huayugu.com.cn/uploads/allimg/160731/1-160I11HA70-L.jpg	http://www.huayugu.com.cn/jinyanxiuxianju/
http://www.huayugu.com.cn/uploads/allimg/160731/1-160I11H4490-L.jpg	http://www.huayugu.com.cn/jinyanxiuxianju/
http://dingqiya.com/wp-content/uploads/2016/05/x-3.jpg	http://dingqiya.com/?p=12160
http://www.huayugu.com.cn/uploads/allimg/160731/1-160I11H3170-L.jpg	http://www.huayugu.com.cn/jinyanxiuxianju/
http://b2b.image.yuanlin.com/Biz/2010-1/201603021213597181.jpg	http://xshdlh.yuanlin.com/sell-m88639.html
http://www.huayugu.com.cn/uploads/allimg/160731/1-160I11I6360-L.jpg	http://www.huayugu.com.cn/jinyanxiuxianju/
https://www.23yy.com/upload/2017/04/13/13cc55b3102ea3f2.jpg	https://www.23yy.com/4330000/4322187.shtml
http://zixun.rrs.com/uploads/allimg/140917/12-14091GI21Y29.jpg	http://zixun.rrs.com/jiashigonglue/2496.html
https://cbu01.alicdn.com/img/ibank/2015/572/490/2099094275_332683237.310x310.jpg	https://www.1688.com/pic/-C1F8D2B6D0E5CFDFBED5.html
http://www.itaomiao.com/img/nursery/2016/12/12/16/1481530740797BcHC.png	http://www.itaomiao.com/supplys/jinyanxiuxianju.html
http://www.dq19888.com/d/file/201612/small9127b5bb0a9443f164819219bfd87fec1481195122.jpg	http://www.dq19888.com/miaomu/273.html
http://www.mchh688.com/pic1/155.jpg	http://www.mchh688.com/cp38.htm
http://www.haodayuanyi.com/Up/day_160516/201605161026097814.jpg	http://www.haodayuanyi.com/sugenhuahui/484.html
http://www.xihuanzhan.com/d/file/zs/2016-05-11/130b839ef0e82d0bac08cd953f59fb4c.jpg	http://www.xihuanzhan.com/zs/6584.html
http://www.fangzhenzhuzi.com/uploads/allimg/170224/1-1F2241F2334A.jpg	http://www.fangzhenzhuzi.com/ouyue/chanpinzhongxin/20160812/28.html
http://www.huayugu.com.cn/uploads/allimg/160731/1-160I11H0000-L.jpg	http://www.huayugu.com.cn/jinyanxiuxianju/15675.html
http://www.huangloucaohua.com/uFile/21399/product/20172815161419.jpg	http://www.huangloucaohua.com/product_view_116_152.html
http://www.yt160.com/uploads/allimg/101111/1145464E9-3.jpg	http://www.114pifa.com/p5577/7797969.html
http://zixun.rrs.com/uploads/allimg/140917/12-14091GI15W41.jpg	http://zixun.rrs.com/jiashigonglue/2496.html
http://www.fangzhenzhuzi.com/uploads/allimg/170224/1-1F2241F23aR.jpg	http://www.fangzhenzhuzi.com/ouyue/chanpinzhongxin/20160812/28.html
http://img4.114pifa.com/5586/TxZY9bFVq_1401696303.jpg	http://www.114pifa.com/tagsc/%BD%F0%D1%E6%D0%E5%CF%DF%BE%D5
https://cbu01.alicdn.com/img/ibank/2015/102/302/2370203201_997385544.310x310.jpg	https://www.1688.com/pic/-C1F8D2B6D0E5CFDFBED5.html
http://www.xuexi009.com/upload/images/20170311_095052.jpg	http://www.xuexi009.com/product/showproduct302.htm
http://www.dq19888.com/d/file/201612/smalld4b9878264ebf8ee1af1f06741ffa6f31481025710.jpg	http://www.dq19888.com/miaomu/273.html
https://www.23yy.com/upload/2017/04/13/854054ea58c097e1.jpg	https://www.23yy.com/4330000/4322187.shtml
http://www.baihuamen.com/d/file/2014/03-11/d2c1d3a8b244ab90ad9f9cb564295dc0.jpg	http://www.baihuamen.com/jinyanxiuxianju/
http://www.yuhuagu.com/uploads/allimg/120923/10-120923194432.jpg	http://www.miaomu777.com/news/show-4219.html
https://cbu01.alicdn.com/img/ibank/2014/363/145/1462541363_1192637093.220x220.jpg	https://s.1688.com/kq/-BDF0D1E6D0E5CFDFBED5.html
http://www.wdptj.com/wp-content/uploads/2014/07/%E9%87%91%E7%84%B0%E7%BB%A3%E7%BA%BF%E8%8F%8A1.jpg	http://www.wdptj.com/jyxcj/
http://www.miaomu186.com/txidc/UpLoadfiles/upLoadImages/201011616453.gif	http://www.miaomu186.com/product_view_299.html
https://cbu01.alicdn.com/img/ibank/2015/090/804/1966408090_767983357.jpg	https://www.1688.com/topic/xiuxianju.html
http://image.cn.made-in-china.com/2f0j01nKUEweLBZtcr/%E4%BE%9B%E5%BA%94%E8%A5%BF%E5%8C%97%E7%BB%BF%E5%8C%96%E8%8B%97%E6%9C%A8%E9%87%91%E7%84%B0%E7%BB%A3%E7%BA%BF%E8%8F%8A+%E8%A5%BF%E5%AE%89%E8%8B%97%E5%9C%83%E8%87%AA%E4%BA%A7%E9%87%91%E5%B1%B1%E7%BB%A3%E7%BA%BF%E8%8F%8A%E6%89%B9%E5%8F%91%E4%BB%B7.jpg	http://cn.made-in-china.com/tupian/xingsongmp-GelnxHdDYsht.html
https://gss1.bdstatic.com/9vo3dSag_xI4khGkpoWK1HF6hhy/baike/w%3D400/sign=1016b57b2b3fb80e0cd160d706d02ffb/9358d109b3de9c82c0a740c56681800a18d843bd.jpg	https://baike.baidu.com/item/%E9%87%91%E7%84%B0%E7%BB%A3%E7%BA%BF%E8%8F%8A
http://sygxyl.com/upLoad/product/month_1605/201605200829046859.jpg	http://sygxyl.com/content/?955.html
http://dlhtmp.com/%E5%9B%BE%E7%89%87/%E7%BD%91%E7%AB%99/%E8%8A%B1%E7%81%8C%E6%9C%A8/%E9%87%91%E7%84%B0%E7%BB%A3%E7%BA%BF%E8%8F%8A%E7%90%834_%E5%89%AF%E6%9C%AC.JPG	http://dlhtmp.com/%E6%81%92%E6%B3%B0%E8%8A%B1%E7%81%8C%E6%9C%A8.htm
https://cbu01.alicdn.com/img/ibank/2015/423/932/2249239324_1316314514.220x220.jpg	https://s.1688.com/kq/-BDF0D1E6D0E5CFDFBED5.html
http://img.boqiicdn.com/Data/BK/P/imagick31771447840409.jpg	http://www.boqii.com/entry/detail/2233.html
http://www.haojing888.com/Mobile/uploadfiles/pictures/product/20160615132224_7656.jpg_240X180.jpg	http://www.haojing888.com/Mobile/MProducts/jyxxj.html
http://sygxyl.com/upLoad/product/month_1605/201605200829227235.jpg	http://sygxyl.com/content/?955.html
