
http://a2.att.hudong.com/05/57/01100000000000144734579062180_s.jpg	http://www.baike.com/wiki/%E7%90%83%E5%85%B0
http://s12.sinaimg.cn/middle/66019f9ehaf89a21edecb&690	http://blog.sina.com.cn/s/blog_66019f9e0102drlu.html
http://img0.pchouse.com.cn/pchouse/baike/sh/1411/qiulan.jpg	http://www.pchouse.com.cn/baike/shenghuo/3665/
http://www.yuhuagu.com/uploads/allimg/151201/43_151201140103_1.jpg	http://www.yuhuagu.com/jiating/2015/1201/12720.html
http://a2.att.hudong.com/17/57/01100000000000144734578957454_s.jpg	http://www.baike.com/wiki/%E7%90%83%E5%85%B0
http://www.iyanghua.com/f/qiulan/2009330211419_2.jpg	http://www.iyanghua.com/f/qiulan/
http://www.wed114.cn/jiehun/uploads/allimg/151231/52_151231135851_2.jpg	http://www.wed114.cn/jiehun/zhiwu/20151229141398.html
http://a2.att.hudong.com/36/57/01100000000000144734578985227_s.jpg	http://www.baike.com/wiki/%E7%90%83%E5%85%B0
http://pic.baike.soso.com/ugc/baikepic/31764/cut-20140422151227-1836492794.jpg/0	http://baike.sogou.com/v68216.htm
http://www.mihuyuan.com/pics/original/20140805/1407223012694365.jpg	http://www.mihuyuan.com/boutiquedetail.do?bout_id=1407223013007371
https://www.huabaike.com/uploads/allimg/artimg/201603/20160330165757_58331.jpg	https://www.huabaike.com/yhjq/2239.html
http://att2.citysbs.com/jiaju/2012/06/13/20/205033_ummclcik_2d4b96b3201790319cf25b3d2905eb06.jpg	http://home.19lou.com/forum-106-thread-18801339593668340-1-1.html
http://userimage5.360doc.com/13/0829/10/2016686_201308291047350750.jpg	http://www.360doc.com/content/13/0506/10/2016686_283315703.shtml
http://img.boqiicdn.com/Data/BK/A/1510/10/imagick17181444447535_y.jpg	http://m.boqii.com/entry/detail/2105.html
http://img.zhzyw.org/2009103014363875077.jpg	http://www.zhzyw.org/zycs/zytp/zy/09103014KII9C2A8BE9F3670C.html
http://s4.sinaimg.cn/middle/697752e0hac2bcc8fc2a3&690	http://blog.sina.com.cn/s/blog_697752e00100t2x0.html
https://www.huabaike.com/uploads/allimg/sltimg/201603/56fb9895862b3.jpg	https://www.huabaike.com/qita/2238.html
https://www.huabaike.com/uploads/allimg/artimg/201603/20160329161125_32609.jpg	https://www.huabaike.com/yhjq/2224.html
http://www.huayugu.com.cn/uploads/allimg/150901/1-150Z1103Z20-L.jpg	http://www.huayugu.com.cn/qiulanyangzhi/5920.html
https://gss2.bdstatic.com/-fo3dSag_xI4khGkpoWK1HF6hhy/baike/s%3D220/sign=c29ec6c0eccd7b89ed6c3d813f254291/2f738bd4b31c8701b71274ec2d7f9e2f0708ff10.jpg	https://baike.baidu.com/item/%E5%BF%83%E5%8F%B6%E7%90%83%E5%85%B0
https://www.drlmeng.com/wp-content/uploads/2012/12/Hoya-kerrii6.jpg	https://www.drlmeng.com/2-kerrii.html
http://www.baihuamen.com/d/file/2014/05-06/372f91f47bd2c6416add3664e86d4299.jpg	http://www.baihuamen.com/qiulan/
http://www.fpcn.net/uploads/allimg/130716/2-130G61401422b.JPG	http://www.fpcn.net/a/tengmanzhiwu/20130716/Hoya_carnosa_var_marmorata.html
http://image96.360doc.com/DownloadImg/2016/05/0712/71245829_6.jpg	http://www.360doc.com/content/16/0507/12/22498501_556991753.shtml
http://s6.sinaimg.cn/middle/66019f9eha88db2bb6195&690	http://blog.sina.com.cn/s/blog_66019f9e0102drlu.html
http://a3.att.hudong.com/86/36/01300001213320130513362069410_s.jpg	http://www.baike.com/wiki/%E7%90%83%E5%85%B0
https://www.huabaike.com/uploads/allimg/sltimg/201612/5843d45047aff.jpg	https://www.huabaike.com/jtyh/6081.html
http://photocdn.sohu.com/20160312/mp63162018_1457779136919_4.jpeg	http://www.sohu.com/a/63162018_382982
http://yizitong.org/upload/images11/4c1edadf3b582ff450d9c6879e355ba7.jpg	http://yizitong.com/china/baike.php?o=%E7%90%83%E5%85%B0
http://www.soduorou.com/upload/B0JFHMSMY1O3H.jpg	http://www.soduorou.com/detail.asp?fid=894
http://www.yuhuagu.com/uploads/allimg/110727/11_110727210652_2_lit.jpg	http://www.yuhuagu.com/help/2011/0727/1423.html
http://img0.pchouse.com.cn/pchouse/1410/21/881968_19.jpg	http://www.pchouse.com.cn/baike/shenghuo/3665/
http://s11.sinaimg.cn/middle/51d09571t7443b3a0d2ea&690	http://blog.sina.com.cn/s/blog_51d095710100jgvp.html
http://www.iyanghua.com/f/qiulan/2011617224244_2.jpg	http://www.iyanghua.com/f/qiulan/
http://map1.zw3e.com:8080/zw_news_map/550/2016051/1462434570791828718.png	http://www.zw3e.com/222/e10286.html
http://a3.att.hudong.com/08/00/01300000180919122259001467922.jpg	http://tupian.baike.com/a3_08_00_01300000180919122259001467922_jpg.html
http://pigimg.zhongso.com/space/gallery/infoimgs/yl/yllhzx/20120904/2012090417155617404.jpg	http://www.miaomu777.com/news/show-2212.html
https://www.drlmeng.com/wp-content/uploads/2012/12/Hoya-kerrii5.jpg	https://www.drlmeng.com/2-kerrii.html
http://a3.att.hudong.com/70/57/20200000013920144734578532842_s.jpg	http://www.baike.com/wiki/%E7%90%83%E5%85%B0
http://img.bimg.126.net/photo/I0qapj3GD65jZv-6M1v6_A==/2872452137332952915.jpg	http://up-go.blog.163.com/blog/static/2232084420099263943730/
http://wanamaka.com/huatan/201106/h20110612_01.jpg	http://wuwow.com/wu/wu/tag/hoya-cn
https://www.huabaike.com/uploads/allimg/artimg/201603/20160329160520_27311.jpg	https://www.huabaike.com/hyjk/2222.html
https://www.huabaike.com/uploads/allimg/sltimg/201603/56fb9a05c111d.jpg	https://www.huabaike.com/hyjk/6008.html
http://pic4.55jia.net/fengshuizhiwu/09/a293612.jpg	http://www.55jia.net/75/313498.html
http://s16.sinaimg.cn/middle/51d09571t8e89ebef2fcf&690	http://blog.sina.com.cn/s/blog_51d095710100jgvp.html
http://www.yuhuagu.com/uploads/allimg/140109/43_140109212453_1.jpg	http://www.yuhuagu.com/jiating/2014/0109/10079.html
https://www.drlmeng.com/wp-content/uploads/2012/12/Hoya-kerrii.jpg	https://www.drlmeng.com/2-kerrii.html
http://image82.360doc.com/DownloadImg/2015/02/1517/50215585_3.jpg	http://www.360doc.com/content/15/0215/17/6390754_448810401.shtml
http://img1.yododo.com.cn/files/photo/2007-07-13/0113BB81D0261478FF80808113B70DBC.jpg	http://www.yododo.com/photo/userPhotos.ydd?mid=5A7400EA11B42FC50111B8384BD80747&tags=%E6%88%91%E5%AE%B6%E6%BE%B3%E6%B4%B2%E7%90%83%E5%85%B0
http://pic.baike.soso.com/p/20110105/20110105134821-1385129131.jpg	http://blog.sina.com.cn/s/blog_3dc923870101hsrj.html
http://a0.att.hudong.com/11/96/01300000180919122258960046856.jpg	http://tupian.baike.com/a0_11_96_01300000180919122258960046856_jpg.html
https://cbu01.alicdn.com/img/ibank/2016/443/223/3604322344_1308173115.220x220.jpg	http://www.1688.com/chanpin/-C7F2C0BC.html
http://file.ipadown.com/uploads/xiaobaike/20151209022613905.jpg	http://iapi.ipadown.com/api/news/detail.show.api.php?id=321129
http://www.wdptj.com/wp-content/uploads/2014/11/%E7%90%83%E5%85%B0.jpg	http://www.wdptj.com/5603.html
http://www.52yhua.com/uploads/allimg/160710/1-160G0225949.jpg	http://www.52yhua.com/jishu/2893.html
http://s6.sinaimg.cn/middle/66019f9eha88db14d32c5&690	http://blog.sina.com.cn/s/blog_66019f9e0102drlu.html
https://www.drlmeng.com/wp-content/uploads/2012/12/Hoya-kerrii4.jpg	https://www.drlmeng.com/2-kerrii.html
http://www.yuhuagu.com/uploads/allimg/160723/43_160723120945_1.jpg	http://www.yuhuagu.com/changshi/2016/0723/13186.html
http://image.hkplants.com/data/forum/forumid_16/20071214_29e8b23846ca482d4ac4IgWbL1NrSu7N.jpg	http://hkplants.com/thread-4384-1-1.html
http://www.baihuamen.com/d/file/2014/05-03/9e82bc9c4c36f7924aa1977ddd140862.jpg	http://www.baihuamen.com/qiulan/
http://image66.360doc.com/DownloadImg/2013/10/2515/36231373_6.jpg	http://www.360doc.com/content/13/1025/15/3286602_324124490.shtml
https://gw.alicdn.com/bao/uploaded/i4/TB1ZAijGVXXXXbIapXXXXXXXXXX_!!0-item_pic.jpg_230x230.jpg	https://www.taobao.com/article/A3CjDrDSAGDkE1Db.html
http://www.neipet.com/wp-content/uploads/2016/08/byql.png	http://www.neipet.com/byql/
http://www.cas.cn/kxcb/kpwz/201006/W020100625632381735025.jpg	http://www.cas.cn/kxcb/kpwz/201006/t20100625_2887991.shtml
http://www.wed114.cn/jiehun/uploads/allimg/160413/52_160413164935_4.jpg	http://www.wed114.cn/jiehun/zhiwu/20160413144922_2.html
http://www.huayugu.com.cn/uploads/allimg/150905/1-150Z52124110-L.jpg	http://www.huayugu.com.cn/qiulan.html
http://s13.sinaimg.cn/middle/697752e0hac2c183773cc&690	http://blog.sina.com.cn/s/blog_697752e00100t2x0.html
https://i1.kknews.cc/large/6ce00072f8dd0036eb4	https://kknews.cc/zh-cn/home/b2xax6.html
http://img.prkjs.com/thumb/zw/63/b8/63b8a1d323bec96a509371d811b14553,c_fill,h_150,w_225.jpg	http://m.prkjs.com/guanhua/ql/
http://map1.zw3e.com:8080/zw_news_map/550/2016032/1458455751738708883.jpg	http://www.zw3e.com/1269/e10266.html
http://pic.66zhuang.com/article/pics/image/2015-03-20/e448089090d09dba328d66ca210f2d4f.jpg	http://www.66zhuang.com/zxkc/shareinfo/19743.html
http://img0.dreamhy.com/upload/20130304/0827586126.jpg	http://www.dreamhy.com/meitu/detail-1597.aspx
http://1.im.guokr.com/gkimage/3w/28/mt/3w28mt.jpg	http://www.guokr.com/question/271796/
http://img0.pchouse.com.cn/pchouse/1410/21/881968_20.jpg	http://www.pchouse.com.cn/baike/shenghuo/3665/
http://www.aihuawang.com/uploads/allimg/080915/12214915cC010Z28.jpg	http://www.aihuawang.com/html/plant/vine/200809/15-2776.html
http://s15.sinaimg.cn/middle/66019f9eha88db70af50e&690	http://blog.sina.com.cn/s/blog_66019f9e0102drlu.html
http://www.wed114.cn/jiehun/uploads/allimg/151231/52_151231135851_4.jpg	http://www.wed114.cn/jiehun/zhiwu/20151229141398.html
http://s8.sinaimg.cn/middle/492c1b50g8e9abb02d847&690	http://blog.sina.com.cn/s/blog_492c1b500100ku6w.html
http://img0.pchouse.com.cn/pchouse/1410/21/881968_18.jpg	http://www.pchouse.com.cn/baike/shenghuo/3665/
https://simg314.magcasa.com/content_images/2016/05/05/312118/1462427848_2014.jpg	http://www.gigcasa.com/cn/articles/312118
http://image66.360doc.com/DownloadImg/2013/10/2515/36231373_2.jpg	http://www.360doc.com/content/13/1025/15/3286602_324124490.shtml
http://pic1.huashichang.com/2015/0211/16/54db17017f0b7.jpg	http://www.aihuhua.com/tu/xianghuaqiulan.html
http://www.ew9z.com/wp-content/uploads/2010/04/Hoya_carnosa_flower_1.jpg	http://www.ew9z.com/qiulan-tupian-ziliao.html
https://sites.google.com/site/kevinplants/_/rsrc/1493935627286/rareplants/qiulan/Hoya%20kerrii%20Marginata0.jpg?height=229&width=400	https://sites.google.com/site/kevinplants/rareplants/qiulan
http://www.wed114.cn/jiehun/uploads/allimg/160413/52_160413164935_2.jpg	http://www.wed114.cn/jiehun/zhiwu/20160413144922.html
https://img.yzcdn.cn/upload_files/2017/06/03/FqIzXg-p_FupX76A8TNjgwdwvaaC.jpg!730x0.jpg	https://h5.youzan.com/v2/goods/3ez5e215e5c7q
http://tgi13.jia.com/116/259/16259389.jpeg	http://www.jia.com/baike/bdetail-7208/
http://wanamaka.com/huatan/100828/100828_Hoya_obscura.jpg	http://wuwow.com/wu/wu/tag/hoya-cn
https://cbu01.alicdn.com/img/ibank/2016/635/688/2909886536_306955443.220x220.jpg	http://www.1688.com/jiage/-C7F2C0BC.html
http://img.ph.126.net/Uqrhdvjt4QKUHobsuXeALQ==/2715389100344522852.jpg	http://mwhy2011.blog.163.com/blog/static/19127875120116247644325/
http://www.yuhuagu.com/uploads/allimg/110727/11_110727210651_1_lit.jpg	http://www.yuhuagu.com/help/2011/0727/1423.html
http://www.wed114.cn/jiehun/uploads/allimg/151231/52_151231135851_3.jpg	http://www.wed114.cn/jiehun/zhiwu/20151229141398.html
http://pic.baike.soso.com/p/20110105/20110105134906-531838260.jpg	http://blog.sina.com.cn/s/blog_3dc923870101hsrj.html
https://www.huabaike.com/uploads/allimg/sltimg/201603/56fb96f3b5fd2.jpg	https://www.huabaike.com/yhjq/2236.html
http://jasonjian.com/wp-content/uploads/2014/06/20140625_53aa923ba3934.jpg	http://jasonjian.com/qiulan/
http://www.wed114.cn/jiehun/uploads/allimg/151229/52_151229145222_1.jpg	http://www.wed114.cn/jiehun/zhiwu/20151229141383.html
http://www.nahuayuan.com/uploads/allimg/150901/1_150901110633_1.jpg	http://www.nahuayuan.com/a/20150901/85161.shtml
http://botany.szu.edu.cn/pic/fenlei/qiniangshan%20jpg/%E7%90%83%E5%85%B0%20hoya%20carnosa%20%E8%A7%82%E8%B5%8F%E6%A4%8D%E7%89%A9.jpg	http://botany.szu.edu.cn/photo_view.asp?urlid=1&photoid=346
http://img241.ph.126.net/5PGr0wqutr-hZrnxPi2LTg==/1389360485045112165.jpg	http://up-go.blog.163.com/blog/static/2232084420102139157536/
http://news.china-flower.com/Upload2005/2007-2-27/200722792639365.jpg	http://news.china-flower.com/paper/papernewsinfo.asp?n_id=196798
