
https://upload.wikimedia.org/wikipedia/commons/8/8c/Flowers_Black_Elder.jpg	https://zh.wikipedia.org/wiki/%E6%8E%A5%E9%AA%A8%E6%9C%A8
http://lovegrace1008.pixnet.net/album/downloadphoto?id=518976162	http://lovegrace1008.pixnet.net/blog/post/367494008-%E5%8F%A4%E6%AD%90%E6%B4%B2%E4%BA%BA%E7%9A%84%E3%80%8C%E8%90%AC%E8%83%BD%E9%86%AB%E8%97%A5%E7%AE%B1%E3%80%8D~~~-%E6%8E%A5%E9%AA%A8%E6%9C%A8%E8%8A%B1-elder-f
https://upload.wikimedia.org/wikipedia/commons/b/bc/Baies_de_sureau_%E6%8E%A5%E9%AA%A8%E6%9C%A8.jpg	https://zh.wikipedia.org/wiki/%E6%8E%A5%E9%AA%A8%E6%9C%A8
http://pic.pimg.tw/jocha1976/1384704566-2780239730.jpg	http://jocha1976.pixnet.net/blog/post/39108511-%E3%80%90%E5%B9%B8%E7%A6%8F%E8%97%A5%E8%8D%89-%E9%A6%99%E8%8D%89herb%E3%80%91%E6%8E%A5%E9%AA%A8%E6%9C%A8elder-flowers-vs-%E6%AD%BB
https://upload.wikimedia.org/wikipedia/commons/c/cf/Sureau_%E6%8E%A5%E9%AA%A8%E6%9C%A82.jpg	https://zh.wikipedia.org/wiki/%E6%8E%A5%E9%AA%A8%E6%9C%A8
https://gss2.bdstatic.com/-fo3dSag_xI4khGkpoWK1HF6hhy/baike/w%3D400/sign=ec94ff25ac0f4bfb8cd09f54334e788f/060828381f30e924d60f0c8b44086e061c95f7e5.jpg	https://baike.baidu.com/item/%E6%8E%A5%E9%AA%A8%E6%9C%A8%E8%8A%B1
https://img.imynest.com/uploads/A/9D/A9D4A61AC7.jpeg	https://www.imynest.com/content/15476.html
http://c.blog.xuite.net/c/f/8/f/13396183/blog_1400131/txt/59012126/0.jpg	http://blog.xuite.net/smile27/flower/59012126-%E8%A5%BF%E6%B4%8B%E6%8E%A5%E9%AA%A8%E6%9C%A8
http://www.wdptj.com/wp-content/uploads/2014/11/%E6%8E%A5%E9%AA%A8%E6%9C%A85.jpg	http://www.wdptj.com/jiemugu/
http://pic30.nipic.com/20130606/12741220_110310260141_2.jpg	http://www.nipic.com/show/1/44/8229385kaf5c7901.html
https://img.imynest.com/uploads/B/D5/BD50A1CBF7.jpeg	https://www.imynest.com/content/40587.html
http://c.blog.xuite.net/c/f/8/f/13396183/blog_1400131/txt/59012126/3.jpg	http://blog.xuite.net/smile27/flower/59012126-%E8%A5%BF%E6%B4%8B%E6%8E%A5%E9%AA%A8%E6%9C%A8
http://www.gdyuanlin.cn/miaomuimages/%E6%8E%A5%E9%AA%A8%E6%9C%A8.jpg	http://www.gdyuanlin.cn/wikipedia/19672965.html
http://www.cnhua.net/uploads/allimg/090614/215S21036-0.JPG	http://www.cnhua.net/zhiwu/rendongke/xyjgm/
https://thumbs.dreamstime.com/z/elderflower%EF%BC%8C%E6%8E%A5%E9%AA%A8%E6%9C%A8%E8%8A%B1%E8%80%81-31634670.jpg	https://cn.dreamstime.com/photos-images/%E6%8E%A5%E9%AA%A8%E6%9C%A8%E8%8A%B1%E8%80%81%E9%BB%91.html
http://2.bp.blogspot.com/-49WOPPWpcwY/Uox2vQVv2wI/AAAAAAAApdI/-UGiIE0KUlI/s1600/CP2vPVhx9.uzmE__DTigBg%5B1%5D.jpg	http://hoepen.blogspot.com/2013/10/blog-post_2591.html
http://www.wdptj.com/wp-content/uploads/2014/11/%E6%8E%A5%E9%AA%A8%E6%9C%A8.jpg	http://www.wdptj.com/jiemugu/
http://pic.pimg.tw/jocha1976/1410782991-1592462397_n.jpg	http://jocha1976.pixnet.net/blog/post/39108511-%E3%80%90%E5%B9%B8%E7%A6%8F%E8%97%A5%E8%8D%89-%E9%A6%99%E8%8D%89herb%E3%80%91%E6%8E%A5%E9%AA%A8%E6%9C%A8elder-flowers-vs-%E6%AD%BB
https://thumbs.dreamstime.com/z/%E5%9C%A8%E5%88%86%E6%94%AF%E7%9A%84%E4%B8%80%E4%BA%9B%E6%88%90%E7%86%9F%E6%8E%A5%E9%AA%A8%E6%9C%A8%E6%B5%86%E6%9E%9C-33045424.jpg	https://cn.dreamstime.com/%E5%BA%93%E5%AD%98%E7%85%A7%E7%89%87-%E6%8E%A5%E9%AA%A8%E6%9C%A8%E6%B5%86%E6%9E%9C-%E6%8E%A5%E9%AA%A8%E6%9C%A8%E8%8A%B1-image46199977
http://www.wed114.cn/jiehun/uploads/allimg/151125/52_151125172622_3.jpg	http://www.wed114.cn/jiehun/jiebiaoyao/20151125140292.html
http://www.caoyaobaike.com/uploads/201507/1435735729c5sRf6tD.jpg	http://www.caoyaobaike.com/doc-view-183.html
https://www.huabaike.com/uploads/allimg/sltimg/201704/58e38e16b30b1.jpg	https://www.huabaike.com/hyjk/8418.html
http://www.wdptj.com/wp-content/uploads/2014/11/%E6%8E%A5%E9%AA%A8%E6%9C%A82.jpg	http://www.wdptj.com/jiemugu/
https://gss2.bdstatic.com/9fo3dSag_xI4khGkpoWK1HF6hhy/baike/c0%3Dbaike60%2C5%2C5%2C60%2C20/sign=ef7cc98b71f08202399f996d2a929088/37d3d539b6003af378b0f1c8372ac65c1038b60b.jpg	https://baike.baidu.com/item/%E6%8E%A5%E9%AA%A8%E6%9C%A8
http://pic2.ooopic.com/01/39/70/02bOOOPIC80.jpg	http://m.qiyeba.net/index.php?moduleid=21&itemid=6255
https://7.share.photo.xuite.net/yuehchu66031888/170f94b/10532370/487029305_m.jpg	http://blog.xuite.net/yuehchu66031888/twblog1/142607228-%E5%BF%8D%E5%86%AC%E7%A7%91~%E8%A5%BF%E6%B4%8B%E6%8E%A5%E9%AA%A8%E6%9C%A8
http://www.bjp321.com/file/upload/201605/27/11-23-38-46-1.jpg	http://www.gncmall.net/shcs/2016/0610/6510.html
http://www.wdptj.com/wp-content/uploads/2015/07/%E9%87%91%E5%8F%B6%E6%8E%A5%E9%AA%A8%E6%9C%A8%E7%9A%84%E6%A0%BD%E5%9F%B9%E6%96%B9%E6%B3%95.jpg	http://www.wdptj.com/jiemugu/
http://a1.att.hudong.com/80/18/01200000033224123441180531423.jpg	http://tupian.baike.com/a1_80_18_01200000033224123441180531423_jpg.html
https://dbjdsnch130xu.cloudfront.net/uploads/step/cover/76769/large_e010ac19433137b2.jpg	https://icook.tw/recipes/21263
http://a0.att.hudong.com/57/07/01300000220442122809072818712_s.jpg	http://www.baike.com/wiki/%E6%8E%A5%E9%AA%A8%E6%9C%A8%E8%8D%89
http://2.bp.blogspot.com/-1lEgV8fLzrs/UMVlt4UeP3I/AAAAAAAAAJg/t9cdEx52YyY/s1600/elderberry2.jpg	http://www.amandateh.com/2012/12/elderberry.html
http://pic30.nipic.com/20130606/12741220_110209268131_2.jpg	http://www.nipic.com/show/1/44/8229386k51cc7cb6.html
https://i1.read01.com/uploads/0BSD4b03.jpg	https://read01.com/yLnG5.html
https://thumbs.dreamstime.com/z/%E6%9B%B4%E6%97%A7%E7%9A%84%E8%80%81%E9%BB%91%E6%8E%A5%E9%AA%A8%E6%9C%A8%E8%8A%B1-11056132.jpg	https://cn.dreamstime.com/%E5%9B%BE%E5%BA%93%E6%91%84%E5%BD%B1-%E6%9B%B4%E6%97%A7%E7%9A%84%E8%80%81%E9%BB%91%E6%8E%A5%E9%AA%A8%E6%9C%A8%E8%8A%B1-image11056132
http://pic30.nipic.com/20130606/12741220_110004465118_2.jpg	http://www.nipic.com/show/1/44/8229388kfcb10c98.html
http://pic.pimg.tw/lovegrace1008/1400497199-2387561472_n.jpg	http://lovegrace1008.pixnet.net/blog/post/367494008-%E5%8F%A4%E6%AD%90%E6%B4%B2%E4%BA%BA%E7%9A%84%E3%80%8C%E8%90%AC%E8%83%BD%E9%86%AB%E8%97%A5%E7%AE%B1%E3%80%8D~~~-%E6%8E%A5%E9%AA%A8%E6%9C%A8%E8%8A%B1-elder-f
https://thumbs.dreamstime.com/z/%E6%8E%A5%E9%AA%A8%E6%9C%A8%E6%B5%86%E6%9E%9C%E8%8A%B1-31491304.jpg	https://cn.dreamstime.com/%E5%BA%93%E5%AD%98%E5%9B%BE%E7%89%87-%E6%8E%A5%E9%AA%A8%E6%9C%A8%E6%B5%86%E6%9E%9C%E8%8A%B1-image31491304
https://thumbs.dreamstime.com/z/%E6%8E%A5%E9%AA%A8%E6%9C%A8%E6%B5%86%E6%9E%9C%E6%8E%A5%E9%AA%A8%E6%9C%A8%E8%8A%B1%E8%80%81-33236999.jpg	https://cn.dreamstime.com/%E5%85%8D%E7%89%88%E7%A8%8E%E5%BA%93%E5%AD%98%E5%9B%BE%E7%89%87-%E6%8E%A5%E9%AA%A8%E6%9C%A8%E6%B5%86%E6%9E%9C%E6%8E%A5%E9%AA%A8%E6%9C%A8%E8%8A%B1%E8%80%81-image33236999
http://2.im.guokr.com/sn_I_aYmXKb9BlceXnYUsdlpDGs6JABixmKPWEIy27jcBQAA6AMAAEpQ.jpg?imageView2/1/w/590/h/393	http://www.guokr.com/post/708402/
http://www.chemicalbook.com/SupplyImg/2012-07-23/2012723172839132273.jpg	http://www.chemicalbook.com/SupplyInfo_54643.htm
https://f.share.photo.xuite.net/clendenens/1fc2c28/12860809/650632607_m.jpg	http://blog.xuite.net/clendenens/twblog/141376778-Elderberry~~%E6%8E%A5%E9%AA%A8%E6%9C%A8%E6%9E%9C
http://4.bp.blogspot.com/-Rm2T7I0SEiA/Uox2wLo1i4I/AAAAAAAApdQ/UmLe3K5ITh4/s1600/_6ce94qrPHXkGD5WdY.RhQ%5B1%5D.jpg	http://hoepen.blogspot.com/2013/10/blog-post_2591.html
http://www.cnhua.net/uploads/allimg/090614/21594a302-0.JPG	http://www.cnhua.net/zhiwu/rendongke/xyjgm/
http://pic.pimg.tw/kaidongwkat/1369462397-2538104268.jpg	http://kaidongwkat.pixnet.net/blog/post/98992096-%E2%99%A5%E9%96%8B%E5%8B%95with-kat%E2%99%A5-%E7%AC%AC10%E9%9B%86-%E6%8E%A5%E9%AA%A8%E6%9C%A8%E8%8A%B1%E6%BF%83%E7%B8%AE%E7%B3%96%E6%BC%BF
http://a4.att.hudong.com/83/71/01100000000000144730719414784_s.jpg	http://www.baike.com/wiki/%E6%8E%A5%E9%AA%A8%E6%9C%A8
https://cdn.pixabay.com/photo/2015/07/15/16/31/sambucus-nigra-846590_960_720.jpg	https://pixabay.com/zh/photos/%E9%BB%91%E6%8E%A5%E9%AA%A8%E6%9C%A8/
https://www.news-medical.net/image.axd?picture=2015%2F9%2Fshutterstock_247908778.jpg	https://www.news-medical.net/health/What-is-Elderberry-(Traditional-Chinese).aspx
http://store.sunshineinbottles.com/wp-content/uploads/2016/09/elder-photo.jpg	http://store.sunshineinbottles.com/shop/fdsoer-%E6%8E%A5%E9%AA%A8%E6%9C%A8%E8%8A%B1%E7%B2%BEelder
https://gss0.bdstatic.com/-4o3dSag_xI4khGkpoWK1HF6hhy/baike/s%3D220/sign=4ab5d0dbc41b9d168ec79d63c3dfb4eb/a686c9177f3e6709f54e07fb31c79f3df8dc5563.jpg	https://baike.baidu.com/item/%E6%8E%A5%E9%AA%A8%E6%9C%A8%E8%8A%B1
http://www.health23.com/product/images/sambucus-kid-elderberry-ph.jpg	http://www.health23.com/product/baby-kid/sambucus-kid-elderberry.html
https://img.formulawave.com/iherb/elderberry-benefits-side-effects.jpg	https://formulawave.com/elderberry-benefits-side-effects/
http://pic.pingguolv.com/uploads/allimg/170120/109-1F120110212.png	http://www.pingguolv.com/zy/gongxiao/84226.html
http://www.cndzys.com/zhongyao/images/zhongcaoyao_origin/4/0/6ade83df173b25b9d54d1966016774f0.jpg	http://www.cndzys.com/zhongyao/picture-950.html
http://pic.pimg.tw/yunhoney2013/1378835907-308432406.jpg	http://yunhoney2013.pixnet.net/blog/post/231388625-%E6%8E%A5%E9%AA%A8%E6%9C%A8%E8%8A%B1%E6%9E%9C
http://link.photo.pchome.com.tw/s13/lifishchen/41/127696506261/	http://mypaper.pchome.com.tw/lifishchenulf/post/1321091286
https://thumbs.dreamstime.com/z/%E6%8E%A5%E9%AA%A8%E6%9C%A8%E6%B5%86%E6%9E%9C%E6%8E%A5%E9%AA%A8%E6%9C%A8%E8%8A%B1%E8%80%81-33237265.jpg	https://cn.dreamstime.com/%E5%85%8D%E7%89%88%E7%A8%8E%E5%9B%BE%E5%BA%93%E6%91%84%E5%BD%B1-%E6%8E%A5%E9%AA%A8%E6%9C%A8%E6%B5%86%E6%9E%9C%E6%8E%A5%E9%AA%A8%E6%9C%A8%E8%8A%B1%E8%80%81-image33237237
http://pic.pimg.tw/chichi57/4a2e3e70f1133.jpg	http://chichi57.pixnet.net/blog/post/25229062-%E6%8E%A5%E9%AA%A8%E6%9C%A8%E8%8A%B1%E9%9C%B2-elderflower-cordial
https://theyorkshirelady.files.wordpress.com/2014/08/dsc_7255.jpg	https://theyorkshirelady.wordpress.com/2014/09/25/%E9%A3%9F%E8%AD%9C-%E6%8E%A5%E9%AA%A8%E6%9C%A8%E6%9E%9C%E6%9E%9C%E9%86%AC/
http://www.wdptj.com/wp-content/uploads/2014/11/%E6%8E%A5%E9%AA%A8%E6%9C%A81.jpg	http://www.wdptj.com/5927.html
https://thumbs.dreamstime.com/z/%E6%8E%A5%E9%AA%A8%E6%9C%A8%E6%B5%86%E6%9E%9C%E6%9E%9C%E5%AD%90-34108832.jpg	https://cn.dreamstime.com/%E5%9B%BE%E5%BA%93%E6%91%84%E5%BD%B1-%E6%8E%A5%E9%AA%A8%E6%9C%A8%E8%8A%B1-image33489722
https://thumbs.dreamstime.com/z/%E6%8E%A5%E9%AA%A8%E6%9C%A8%E6%B5%86%E6%9E%9C%E6%8E%A5%E9%AA%A8%E6%9C%A8%E8%8A%B1%E8%80%81-33237237.jpg	https://cn.dreamstime.com/photos-images/%E6%8E%A5%E9%AA%A8%E6%9C%A8%E8%8A%B1%E8%80%81%E9%BB%91.html
https://d.share.photo.xuite.net/jo_chawitch/1da8b50/18104396/979379204_m.jpg	http://blog.xuite.net/jo_chawitch/twblog/189334788-%E3%80%90%E5%B9%B8%E7%A6%8F%E8%97%A5%E8%8D%89%2F%E9%A6%99%E8%8D%89Herb%E3%80%91%E6%8E%A5%E9%AA%A8%E6%9C%A8Elder+Flowers++vs+%E6%AD%BB%E7%A5%9E
https://i1.read01.com/uploads/0BSD4b00.jpg	https://read01.com/yLnG5.html
https://www.huabaike.com/uploads/allimg/artimg/201704/20170404203904_14331.jpg	https://www.huabaike.com/jtyh/8097.html
https://img.imynest.com/uploads/5/A1/5A1D6B041E.jpeg	https://www.imynest.com/content/40587.html
https://gss0.baidu.com/9fo3dSag_xI4khGko9WTAnF6hhy/zhidao/pic/item/d31b0ef41bd5ad6ecfc2ed2189cb39dbb7fd3cc5.jpg	http://zhidao.baidu.com/question/1962493566206740340.html
http://img95.699pic.com/photo/00047/4981.jpg_wh300.jpg	http://699pic.com/tupian/jiegumuhua.html
http://www.lthlbps.com/uploadfile/2014/0114/20140114035756867.jpg	http://www.lthlbps.com/2014/0114/317.html
https://cdn.pixabay.com/photo/2015/07/15/16/30/sambucus-nigra-846589_960_720.jpg	https://pixabay.com/zh/photos/%E9%BB%91%E6%8E%A5%E9%AA%A8%E6%9C%A8/
https://7.share.photo.xuite.net/sebe1009/17b6c35/12659551/634391766_m.jpg	http://blog.xuite.net/sebe1009/twblog/139768773-%E6%B2%BB%E6%B5%81%E6%84%9F%E6%8E%A5%E9%AA%A8%E6%9C%A8%E5%8E%9F%E4%BE%86%E6%98%AF%E4%B9%9D%E7%AF%80%E8%8C%B6
http://www.westatic.com/img/dict/skbzk/plants-na/niwato_3.jpg	http://www.weblio.jp/content/%E6%8E%A5%E9%AA%A8%E6%9C%A8
http://img.tupianzj.com/uploads/allimg/150708/10-150FR13412.jpg	http://www.tupianzj.com/sheying/huahui/20150708/21420_5.html
https://seerhuang.files.wordpress.com/2016/11/resize.jpg	https://seerhuang.wordpress.com/tag/%E6%8E%A5%E9%AA%A8%E6%9C%A8%E8%8A%B1/
https://image.zhongyibaike.com/image/%E6%8E%A5%E9%AA%A8%E6%9C%A8/%E6%8E%A5%E9%AA%A8%E6%9C%A8.jpg	https://zhongyibaike.com/wiki/%E6%8E%A5%E9%AA%A8%E6%9C%A8
http://a0.att.hudong.com/70/08/01300000220442122809089402000_s.jpg	http://www.baike.com/wiki/%E6%8E%A5%E9%AA%A8%E6%9C%A8%E8%8D%89
https://img.imynest.com/uploads/6/0F/60F0680502.jpeg	https://www.imynest.com/content/40587.html
http://8.blog.xuite.net/8/8/0/7/14245972/blog_662351/txt/28075454/1.jpg	http://blog.xuite.net/k06711620/07281224/28075454-%E6%8E%A5%E9%AA%A8%E6%9C%A8%E8%9C%9C%E6%A1%83%E7%9A%82
http://www.wdptj.com/wp-content/uploads/2015/07/%E6%8E%A5%E9%AA%A8%E6%9C%A8%E5%9B%BE%E7%89%876.jpg	http://www.wdptj.com/jiemugu/
http://plus.webdo.com.tw/userfiles/93114430/image/%E6%8E%A5%E9%AA%A8%E6%9C%A8%2B%2B.jpg	http://kunlun-village.com.tw/portal_b1_page.php?owner_num=b1_370599&button_num=b1&folder_id=&cnt_id=25487
http://hl.52hrtt.com/image/infoImage/q/B1463644586709.jpg	http://hl.52hrtt.com/web/news_info.do?id=A1463991632826
http://www.creation.com.tw/userfiles/sm/sm350_images_E1/351/2015072054163941.jpg	http://www.creation.com.tw/product/content.asp?bid=351
https://img3.doubanio.com/lpic/s27156021.jpg	https://www.douban.com/subject/25778732/
http://a4.att.hudong.com/33/71/01100000000000144730719531014_s.jpg	http://www.baike.com/wiki/%E6%8E%A5%E9%AA%A8%E6%9C%A8
http://a4.att.hudong.com/24/77/01300001128119148717772771900_s.jpg	http://www.baike.com/wiki/%E8%A5%BF%E6%B4%8B%E6%8E%A5%E9%AA%A8%E6%9C%A8
http://pic.pimg.tw/jocha1976/1410783159-3286106389_n.jpg	http://jocha1976.pixnet.net/blog/post/39108511-%E3%80%90%E5%B9%B8%E7%A6%8F%E8%97%A5%E8%8D%89-%E9%A6%99%E8%8D%89herb%E3%80%91%E6%8E%A5%E9%AA%A8%E6%9C%A8elder-flowers-vs-%E6%AD%BB
http://images.freeimages.com/images/premium/previews/6308/6308701-elderflower-1.jpg	http://tw.freeimages.com/premium/elderflower-1-1193513
http://a4.att.hudong.com/46/15/01300000305680130760153297765_s.jpg	http://www.baike.com/wiki/%E6%8E%A5%E9%AA%A8%E6%9C%A8%E5%B1%9E
http://pic.pimg.tw/wedarlife/1355188963-2069777345_m.jpg	http://wedarlife.pixnet.net/blog/post/72826710-%E6%A8%82%E7%87%9F%E9%A4%8A%E2%94%80%E5%BA%B6%E6%B0%91%E8%97%A5%E7%AE%B1%EF%BC%9A%E6%8E%A5%E9%AA%A8%E6%9C%A8%E8%8E%93
https://7.share.photo.xuite.net/yuehchu66031888/170f9a1/10532370/486997903_m.jpg	http://blog.xuite.net/yuehchu66031888/twblog1/142607228-%E5%BF%8D%E5%86%AC%E7%A7%91~%E8%A5%BF%E6%B4%8B%E6%8E%A5%E9%AA%A8%E6%9C%A8
https://gss1.bdstatic.com/9vo3dSag_xI4khGkpoWK1HF6hhy/baike/s%3D220/sign=f980753731adcbef053479049cae2e0e/ca1349540923dd547f6ceb9bd109b3de9c824821.jpg	https://baike.baidu.com/item/%E6%8E%A5%E9%AA%A8%E6%9C%A8%E8%8A%B1
http://pic.pimg.tw/jocha1976/1384704566-1549975720.jpg	http://jocha1976.pixnet.net/blog/post/39108511-%E3%80%90%E5%B9%B8%E7%A6%8F%E8%97%A5%E8%8D%89-%E9%A6%99%E8%8D%89herb%E3%80%91%E6%8E%A5%E9%AA%A8%E6%9C%A8elder-flowers-vs-%E6%AD%BB
http://www.baihuamen.com/d/file/2014/05-01/44ede31172b2a4a58ee34f5e59fd0b94.jpg	http://www.baihuamen.com/jiegumu/
http://i.zgjm.org/uploads/allimg/141223/1_141223113835_1.jpg	http://www.zgjm.org/zhiwu/jiegumu.html
http://1.bp.blogspot.com/-9V8zMI9NZwk/UkdB8u4rydI/AAAAAAAADwQ/GApNeW5OpqM/s1600/DSC02548.JPG	http://kiwipotato.blogspot.com/2013/09/blog-post_30.html
https://cdn.pixabay.com/photo/2016/05/25/10/57/elder-1414458_960_720.jpg	https://pixabay.com/zh/photos/%E9%BB%91%E6%8E%A5%E9%AA%A8%E6%9C%A8/
https://www.huabaike.com/uploads/allimg/artimg/201609/20160930133714_83962.jpg	https://www.huabaike.com/jtyh/5241.html
http://5.share.photo.xuite.net/wmwm5600/1576237/11026196/515364899_m.jpg	http://wmwm5600.blogspot.com/2009/11/blog-post_5.html
https://upload.wikimedia.org/wikipedia/commons/thumb/2/27/Sambucus_nigra_-_K%C3%B6hler%E2%80%93s_Medizinal-Pflanzen-127.jpg/250px-Sambucus_nigra_-_K%C3%B6hler%E2%80%93s_Medizinal-Pflanzen-127.jpg	https://zh.wikipedia.org/wiki/%E8%A5%BF%E6%B4%8B%E6%8E%A5%E9%AA%A8%E6%9C%A8
http://img.laozongyi.com/portal/201701/12/164646grgv6kgok3hrhtop.jpg	http://www.laozongyi.com/shenghuo/313941.html
