
http://www.mengsang.com/uploads/allimg/131018/1253524645-0.jpg	http://www.mengsang.com/duorou/fanxingke/rouhuangjushu/Faucaria-tigrina.html
http://img0.dreamhy.com/upload/20130708/1023115493.jpg	http://www.dreamhy.com/xuetang/detail-9133.aspx
http://a2.att.hudong.com/73/54/01300000336597127916542147928.jpg	http://tupian.baike.com/a2_73_54_01300000336597127916542147928_jpg.html&prd=so_tupian
http://www.zhiwu365.com/uploads/plant/426_sihaibo/default/original/2_sihaibo.jpg	http://www.zhiwu365.com/plant/472
http://kura1.photozou.jp/pub/634/308634/photo/160795030_624.jpg	http://photozou.jp/photo/show/308634/160795030/?lang=zh
http://pic.pimg.tw/ayeah3713883/1379256691-3820991206.jpg?v=1379256692	http://ayeah3713883.pixnet.net/blog/post/240254372
http://pic.pimg.tw/hjlee0301/25d7d6d54752674763900ca6d1bbb4a0.jpg	http://hjlee0301.pixnet.net/blog/post/26903852-%E7%BE%8E%E7%BE%8E%E7%9A%84%E6%B3%A2%E9%95%B7%E5%9C%A8%E5%9B%9B%E6%B5%B7%E6%B3%A2
http://www.yiyuanhuaye.com/uploadfile/2014/0827/20140827042657151.jpg	http://www.yiyuanhuaye.com/xxlz/0827_434.html
https://blog-001.west.edge.storage-yahoo.jp/res/blog-59-59/succulent_tillandsia/folder/1674669/65/65033465/img_0?1312404574	https://blogs.yahoo.co.jp/succulent_tillandsia/65033465.html
http://img0.dreamhy.com/upload/20130801/1133247236.jpg	http://www.dreamhy.com/xuetang/tag-%E7%99%BD%E8%BE%B9%E5%9B%9B%E6%B5%B7%E6%B3%A2.aspx
https://xiaoyuvax.files.wordpress.com/2010/03/dscf498628640x480295b25d.jpg	https://xiaoyuvax.wordpress.com/2010/03/10/%E5%A4%9A%E8%82%89%E6%A4%8D%E7%89%A9%E6%A0%BD%E5%9F%B9%E6%89%8B%E8%AE%B0%EF%BC%9A%E2%80%9C%E6%B3%A2%E6%B6%9B%E6%B1%B9%E6%B6%8C%EF%BC%8C%E5%BC%A0%E7%89%99%E8%88%9E%E7%88%AA%E2%80%9D-%E5%9B%9B%E6%B5%B7/
https://xiaoyuvax.files.wordpress.com/2010/03/dscf497628640x473295b25d.jpg	https://xiaoyuvax.wordpress.com/2010/03/10/%E5%A4%9A%E8%82%89%E6%A4%8D%E7%89%A9%E6%A0%BD%E5%9F%B9%E6%89%8B%E8%AE%B0%EF%BC%9A%E2%80%9C%E6%B3%A2%E6%B6%9B%E6%B1%B9%E6%B6%8C%EF%BC%8C%E5%BC%A0%E7%89%99%E8%88%9E%E7%88%AA%E2%80%9D-%E5%9B%9B%E6%B5%B7/
http://img0.dreamhy.com/upload/20130708/1023194474.jpg	http://www.dreamhy.com/xuetang/tag-%E7%99%BD%E8%BE%B9%E5%9B%9B%E6%B5%B7%E6%B3%A2.aspx
http://www.zhiwu365.com/uploads/plant/426_sihaibo/default/original/6_sihaibo.jpg	http://www.zhiwu365.com/plant/472
http://image14-c.poco.cn/mypoco/qing/20130311/18/126899651677160304_400x335_220.jpg	http://wo.poco.cn/duorou/post/id/2930471
http://www.wed114.cn/jiehun/uploads/allimg/160324/52_160324170939_2.jpg	http://www.wed114.cn/jiehun/zhiwu/20160324144342.html
http://farm6.static.flickr.com/5143/5749109005_aa3806037a_o.jpg	http://wujiayu520.pixnet.net/blog/post/268915883-%28%E5%88%86%E4%BA%AB%29%E5%A4%9A%E8%82%89%E6%A4%8D%E7%89%A9%E6%89%8B%E8%A8%98073%EF%BD%9E%E5%9B%9B%E6%B5%B7%E6%B3%A2-
https://www.huabaike.com/uploads/allimg/artimg/201611/20161110145409_45738.jpg	https://www.huabaike.com/jtyh/5664.html
http://www.yonemura.co.jp/pho/npk1/y5592.jpg	http://www.yonemura.co.jp/zukan/zukan-k/naiyou/sikainami0.htm
https://cbu01.alicdn.com/img/ibank/2015/286/147/2583741682_1443277435.310x310.jpg	http://www.1688.com/pic/-CBC4BAA3B2A8B6E0C8E2D6B2CEEF.html
http://pic.pimg.tw/smilejen28/1377599054-3587909141.jpg	http://smilejen28.pixnet.net/blog/post/198684173-faucaria-tigrina-%E5%9B%9B%E6%B5%B7%E6%B3%A2
http://farm4.static.flickr.com/3294/5749655656_495284af40_o.jpg	http://wujiayu520.pixnet.net/blog/post/268915883-%28%E5%88%86%E4%BA%AB%29%E5%A4%9A%E8%82%89%E6%A4%8D%E7%89%A9%E6%89%8B%E8%A8%98073%EF%BD%9E%E5%9B%9B%E6%B5%B7%E6%B3%A2-
http://www.xihuanzhan.com/d/file/jishu/2016-04-09/0836c3cd5a089f7295e79bbe5c675f16.jpg	http://www.xihuanzhan.com/jishu/55665.html
http://www.baihuamen.com/d/file/2014/05-25/9c6a09409a1c637af1c52e90fd2eba6e.jpg	http://www.baihuamen.com/sihaibo/
https://pic.pimg.tw/billafu/1469377651-3755794514.jpg	http://billafu.pixnet.net/blog/post/449828921-%E5%9B%9B%E6%B5%B7%E6%B3%A2-%E7%99%BD%E6%B3%A2-%E8%99%8E%E6%B3%A2-%E8%8D%92%E6%B3%A2-%E6%80%92%E6%BF%A4-%E7%85%A7%E6%B3%A2-%E8%8A%B3%E9%A6%99%E6%B3%A2
http://www.twwiki.com/uploads/wiki/98/f8/496251_0.jpg	http://www.twwiki.com/wiki/%E5%9B%9B%E6%B5%B7%E6%B3%A2
http://img0.dreamhy.com/upload/20140627/1143147908.jpg	http://www.dreamhy.com/jingyan/detail-28825.aspx
http://tu.qt3191.com/allimg/c110626/130Z6446362D0-29506.gif	http://www.qt3191.com/duorouzhiwutupian/36883.html
http://www.sannxx.com/uploads/allimg/151227/1-15122H01S4915.jpg	http://www.sannxx.com/zhongzhi/duorou/814.html
https://thumbnail.image.rakuten.co.jp/@0_mall/vistajapan/cabinet/imgrc0066455119.jpg	http://item.rakuten.co.jp/vistajapan/10000204/
https://xiaoyuvax.files.wordpress.com/2010/03/dscf498328640x461295b25d.jpg	https://xiaoyuvax.wordpress.com/2010/03/10/%E5%A4%9A%E8%82%89%E6%A4%8D%E7%89%A9%E6%A0%BD%E5%9F%B9%E6%89%8B%E8%AE%B0%EF%BC%9A%E2%80%9C%E6%B3%A2%E6%B6%9B%E6%B1%B9%E6%B6%8C%EF%BC%8C%E5%BC%A0%E7%89%99%E8%88%9E%E7%88%AA%E2%80%9D-%E5%9B%9B%E6%B5%B7/
http://img0.dreamhy.com/upload/20130708/1108369738.jpg	http://www.dreamhy.com/jingyan/detail-28825.aspx
http://163.17.36.1/moth/succu/aizoaceae/Faucaria%20tuberculosa%2001.jpg	http://hkplants.com/thread-42031-1-1.html
http://img.xunhai.com/2015/12/01/144893343235628.jpg	http://www.xunhai.com/sihaibo/
http://cdn-ak.f.st-hatena.com/images/fotolife/m/mangokyoto/20110905/20110905111540.jpg	http://hannarimango.hatenablog.com/entry/20110906/1315309123
https://www.drlmeng.com/wp-content/uploads/2014/09/sihaibo.jpg	https://www.drlmeng.com/hanroukaihua.html
https://pic.pimg.tw/billafu/1469377580-505842899.jpg	http://billafu.pixnet.net/blog/post/449828921-%E5%9B%9B%E6%B5%B7%E6%B3%A2-%E7%99%BD%E6%B3%A2-%E8%99%8E%E6%B3%A2-%E8%8D%92%E6%B3%A2-%E6%80%92%E6%BF%A4-%E7%85%A7%E6%B3%A2-%E8%8A%B3%E9%A6%99%E6%B3%A2
http://www.shingoster.com/img/gallery120317_1.jpg	http://www.shingoster.com/gallery/gallery120317_2.htm
https://www.huabaike.com/uploads/allimg/artimg/201611/20161110145421_97835.jpg	https://www.huabaike.com/jtyh/5664.html
http://a0.att.hudong.com/73/28/01300543863594147118282621561_s.jpg	http://www.baike.com/wiki/%E5%9B%9B%E6%B5%B7%E6%B3%A2
https://www.huabaike.com/uploads/allimg/artimg/201611/20161110145443_77236.jpg	https://www.huabaike.com/jtyh/5664.html
http://pic122.nipic.com/file/20170221/24452096_195515572000_2.jpg	http://www.nipic.com/show/16688201.html
http://i0.wp.com/inews.gtimg.com/newsapp_match/0/1371298865/0	http://www.ifuun.com/a2017481655017/
http://www.yuhuagu.com/uploads/allimg/160408/43_160408161445_1.jpg	http://www.yuhuagu.com/duorou/2016/0408/12946.html
http://img.ipet.tw/uploads/C/DF/CDFFE1FF54_300x200.jpeg	http://www.ipet.tw/tag/%E5%9B%9B%E6%B5%B7%E6%B3%A2.html
http://www.wed114.cn/jiehun/uploads/allimg/160324/52_160324170939_4.jpg	http://www.wed114.cn/jiehun/zhiwu/20160324144342_2.html
https://pic.pimg.tw/billafu/1469377651-2044653477.jpg	http://billafu.pixnet.net/blog/post/449828921-%E5%9B%9B%E6%B5%B7%E6%B3%A2-%E7%99%BD%E6%B3%A2-%E8%99%8E%E6%B3%A2-%E8%8D%92%E6%B3%A2-%E6%80%92%E6%BF%A4-%E7%85%A7%E6%B3%A2-%E8%8A%B3%E9%A6%99%E6%B3%A2
https://gw.alicdn.com/bao/uploaded/i4/2447162562/TB2Bw_bdraI.eBjy1XdXXcoqXXa_!!2447162562.jpg_230x230.jpg	https://www.taobao.com/oshtml/buy-cn/cp_y8S6o7KotuDI4tayzu8.html
https://gw.alicdn.com/bao/uploaded/i4/551069128/TB2KdYTaHslyKJjSZJiXXb1tFXa_!!551069128.jpg_230x230.jpg	https://www.taobao.com/oshtml/buy-cn/cp_y8S6o7KotuDI4tayzu8.html
http://img0.dreamhy.com/upload/20120905/1205508893.jpg	http://www.dreamhy.com/jingyan/detail-28825.aspx
http://blogimg.goo.ne.jp/user_image/54/44/51d627001cf6e86d723114b2ff7be880.jpg	http://blog.goo.ne.jp/vistajapan/e/62f66cf1d719ad644d1a55746985d97b
http://img2.duitang.com/uploads/item/201203/09/20120309112046_Gzj2v.jpeg	http://blog.sina.com.cn/s/blog_4b3d91440101a4vh.html
http://image.bao315.com/upload/image/201705/13/e0bc4b17-bef6-481b-bd77-6a1e172416c3.jpg	http://www.bao315.com/xcsc/201552.html
https://cbu01.alicdn.com/img/ibank/2015/992/736/2329637299_1238661624.310x310.jpg	http://www.1688.com/pic/-CBC4BAA3B2A8B6E0C8E2D6B2CEEF.html
http://i0.wp.com/inews.gtimg.com/newsapp_match/0/1371302791/0	http://www.ifuun.com/a2017481655017/
https://gw.alicdn.com/bao/uploaded/i4/272150784/TB2C7L8zylnpuFjSZFgXXbi7FXa_!!272150784.jpg_230x230.jpg	https://www.taobao.com/article/DhEWDcFDEcDQDVFN.html
https://cbu01.alicdn.com/img/ibank/2016/192/650/3437056291_330546732.220x220.jpg	http://www.1688.com/chanpin/-CBC4BAA3B2A8.html
http://a2.att.hudong.com/43/79/01100000000000144726791357745_s.jpg	http://www.baike.com/wiki/%E5%9B%9B%E6%B5%B7%E6%B3%A2
https://baseec2.s3.amazonaws.com/images/item/origin/c5d61a3d8992e63e9317d80df1327339.jpg	http://thebase-shop.com/items/enmachi.thebase.in/2780488/
https://gw.alicdn.com/bao/uploaded/i1/673910811/TB2XXfNgHJmpuFjSZFwXXaE4VXa_!!673910811.jpg_230x230.jpg	https://www.taobao.com/oshtml/buy-cn/cp_y8S6o7KotuDI4tayzu8.html
http://shuchikudo.ocnk.net/data/shuchikudo/product/20131226_2c6f48.jpg	http://shuchikudo.ocnk.net/product/78
https://gw.alicdn.com/bao/uploaded/i4/380078535/TB2NOvKnNXlpuFjSsphXXbJOXXa_!!380078535.jpg_230x230.jpg	https://www.taobao.com/article/DhEWDcFDEcDQDVFN.html
http://www.huayugu.com.cn/uploads/allimg/160811/1-160Q11945580-L.jpg	http://www.huayugu.com.cn/yinbiansihaibo/
http://www.huaxianer.com/uploads/allimg/170615/5-1F615144334553.jpg	http://www.huaxianer.com/jishu/061151.html
http://s14.sinaimg.cn/mw690/001ROMKqgy6NhYrdEB11f&690	http://blog.sina.com.cn/s/blog_66019f9e0102v40x.html
http://www.huayugu.com.cn/uploads/allimg/160811/1-160Q11952150-L.jpg	http://www.huayugu.com.cn/yinbiansihaibo/
http://www.cdblyy.com/webeditor/upload/product/20160603174845.Jpeg	http://www.cdblyy.com/cp/17.html
https://cbu01.alicdn.com/img/ibank/2015/399/478/2155874993_1990090653.310x310.jpg	https://www.1688.com/pic/-CBC4BAA3B2A8.html
http://img.timetw.com/duorou/15281_162422bzrc0pptt60ucuo6.jpg	http://duorou.timetw.com/159.html
https://6.share.photo.xuite.net/jjloveaae/16b9379/14598834/773137351_m.jpg	http://blog.xuite.net/jjloveaae/wretch/157084142-%E5%A4%9A%E8%82%89%E6%A4%8D%E7%89%A9~%E5%9B%9B%E6%B5%B7%E6%B3%A2
https://cbu01.alicdn.com/img/ibank/2017/234/465/3826564432_606259495.310x310.jpg	http://www.1688.com/pic/-CBC4BAA3B2A8B6E0C8E2D6B2CEEF.html
http://shuchikudo.ocnk.net/data/shuchikudo/product/20131226_fea66e.jpg	http://shuchikudo.ocnk.net/product/78
http://art9.photozou.jp/pub/33/110033/photo/14844592_624.jpg	http://photozou.jp/photo/show/110033/14844592
http://www.huayugu.com.cn/uploads/allimg/160811/1-160Q12016020-L.jpg	http://www.huayugu.com.cn/yinbiansihaibo/
https://img.omni7.jp/co/productimage/0002/product/92/00100250499999562192/image/spec_800_00100250499999562192_main_l.jpg	https://edepart.omni7.jp/detail/00100250499999562192
http://metrocs.jp/n-crafts/blog/wp-content/uploads/2015/11/62faba21dc34984984391cb1f448edbe_original.jpg	https://metrocs.jp/n-crafts/blog/?p=10518
http://www.huayugu.com.cn/uploads/allimg/160811/1-160Q1194J50-L.jpg	http://www.huayugu.com.cn/yinbiansihaibo/
http://www.52yhua.com/uploads/allimg/160223/1-160223224I0.jpg	http://m.52yhua.com/duojiangtp/1778.html
https://gw.alicdn.com/bao/uploaded/i2/837675969/TB2atcLc9FjpuFjSszhXXaBuVXa_!!837675969.jpg_230x230.jpg	https://www.taobao.com/article/DhEWDcFDEcDQDVFN.html
https://xiaoyuvax.files.wordpress.com/2010/03/dscf498428640x480295b25d.jpg	https://xiaoyuvax.wordpress.com/2010/03/10/%E5%A4%9A%E8%82%89%E6%A4%8D%E7%89%A9%E6%A0%BD%E5%9F%B9%E6%89%8B%E8%AE%B0%EF%BC%9A%E2%80%9C%E6%B3%A2%E6%B6%9B%E6%B1%B9%E6%B6%8C%EF%BC%8C%E5%BC%A0%E7%89%99%E8%88%9E%E7%88%AA%E2%80%9D-%E5%9B%9B%E6%B5%B7/
https://pic.pimg.tw/billafu/1469377580-161514473.jpg	http://billafu.pixnet.net/blog/post/449828921-%E5%9B%9B%E6%B5%B7%E6%B3%A2-%E7%99%BD%E6%B3%A2-%E8%99%8E%E6%B3%A2-%E8%8D%92%E6%B3%A2-%E6%80%92%E6%BF%A4-%E7%85%A7%E6%B3%A2-%E8%8A%B3%E9%A6%99%E6%B3%A2
http://www.zhiwu365.com/uploads/plant/426_sihaibo/default/original/5_sihaibo.jpg	http://www.zhiwu365.com/plant/472
https://asp.hotel-story.ne.jp/media/6236000100069.jpg	https://asp.hotel-story.ne.jp/ver3d/ASPP0200.asp?hidSELECTPLAN=A2N7O&hidSELECTCOD1=62360&hidSELECTCOD2=001&dspmonth=2016%2F10%2F01&selectptyp=00094&selectppsn=00020&pac=&hidk=&LB01=server7&mode=
http://tuzhizhijia.com/uploads/allimg/161127/1_161127124057_1.jpg	http://tuzhizhijia.com/tingyuan/2317.html
http://yama5.up.n.seesaa.net/yama5/image/E59B9BE6B5B7E6B3A2.jpg?d=a1	http://yama5.seesaa.net/article/184787831.html
https://gw.alicdn.com/bao/uploaded/i4/TB1llDTOVXXXXbFapXXXXXXXXXX_!!0-item_pic.jpg_230x230.jpg	https://www.taobao.com/oshtml/buy-cn/cp_y8S6o7KotuDI4tayzu8.html
https://pic.pimg.tw/billafu/1469377651-316380989.jpg	http://billafu.pixnet.net/blog/post/449828921-%E5%9B%9B%E6%B5%B7%E6%B3%A2-%E7%99%BD%E6%B3%A2-%E8%99%8E%E6%B3%A2-%E8%8D%92%E6%B3%A2-%E6%80%92%E6%BF%A4-%E7%85%A7%E6%B3%A2-%E8%8A%B3%E9%A6%99%E6%B3%A2
http://blog-imgs-48-origin.fc2.com/k/a/n/kannonji/20120331shikainami.jpg	http://kannonji.blog40.fc2.com/blog-entry-192.html
http://www.huayugu.com.cn/uploads/allimg/160811/1-160Q11954230-L.jpg	http://www.huayugu.com.cn/yinbiansihaibo/
http://pds.exblog.jp/pds/1/201206/18/97/e0271197_22192335.jpg	http://ohochiku.exblog.jp/18205665/
http://www.satotsubakien.com/w/wp-content/uploads/2014/04/-e1397274258768.jpg	http://www.satotsubakien.com/w/archives/2787
https://s9.rr.itc.cn/r/wapChange/20173_4_13/a2uivk9728594570311.png	https://m.sohu.com/n/482351741/?wscrid=95360_2
http://img04.taobaocdn.com/imgextra/i4/713264550/TB26QNesXXXXXbeXXXXXXXXXXXX_!!713264550.jpg_480x480.jpg	http://nxtmarket.info/item/524739053467
http://www.tanikutoha.jp/imFO/0031.JPG	http://www.tanikutoha.jp/subFO3.html
https://img.alicdn.com/imgextra/i1/TB1oa0tRVXXXXX9XVXXXXXXXXXX_!!0-item_pic.jpg_230x230.jpg	https://www.taobao.com/article/DhEWDcFDEcDQDVFN.html
http://www.weeks-f.co.jp/bbbns/105264340-img02.jpg	http://bbbpotters-os.com/?pid=105264340
https://gw.alicdn.com/bao/uploaded/i1/TB1KIfAJpXXXXaQXVXXXXXXXXXX_!!0-item_pic.jpg_230x230.jpg	https://www.taobao.com/article/D7BiAiDIDvDMCME6.html
http://1.bp.blogspot.com/-f0J39jSZE8Y/U-t-kv3R2PI/AAAAAAAAfSs/9K1fG1qbjd8/s1600/P1400303.JPG	http://purplewhee.blogspot.com/2012/11/blog-post_13.html
https://cbu01.alicdn.com/img/ibank/2016/503/056/2793650305_788509921.220x220.jpg	http://www.1688.com/chanpin/-CBC4BAA3B2A8.html
https://6.share.photo.xuite.net/jjloveaae/16b9391/14598834/773137375_m.jpg	http://blog.xuite.net/jjloveaae/wretch/157084142-%E5%A4%9A%E8%82%89%E6%A4%8D%E7%89%A9~%E5%9B%9B%E6%B5%B7%E6%B3%A2
