
https://gss0.bdstatic.com/94o3dSag_xI4khGkpoWK1HF6hhy/baike/c0%3Dbaike92%2C5%2C5%2C92%2C30/sign=fa64e1fdbb12c8fca0fefe9f9d6af920/f603918fa0ec08fad9d2807a5bee3d6d54fbda19.jpg
https://gss0.bdstatic.com/-4o3dSag_xI4khGkpoWK1HF6hhy/baike/crop%3D0%2C71%2C1600%2C1056%3Bc0%3Dbaike180%2C5%2C5%2C180%2C60/sign=927782fdf51f4134f4785f3e182fb9fd/faf2b2119313b07efee94f1604d7912397dd8c53.jpg
https://gss2.bdstatic.com/9fo3dSag_xI4khGkpoWK1HF6hhy/baike/c0%3Dbaike92%2C5%2C5%2C92%2C30/sign=ab68006bcb177f3e0439f45f11a650a2/1c950a7b02087bf47071c534f0d3572c10dfcf4a.jpg
https://gss3.bdstatic.com/7Po3dSag_xI4khGkpoWK1HF6hhy/baike/c0%3Dbaike80%2C5%2C5%2C80%2C26/sign=5a59d21e92ef76c6c4dff379fc7f969f/faedab64034f78f048b29acc7b310a55b3191c57.jpg
https://gss0.bdstatic.com/-4o3dSag_xI4khGkpoWK1HF6hhy/baike/c0%3Dbaike92%2C5%2C5%2C92%2C30/sign=694672a0d739b60059c307e588395e4f/71cf3bc79f3df8dcad88fed2cf11728b4710283f.jpg
https://gss1.bdstatic.com/-vo3dSag_xI4khGkpoWK1HF6hhy/baike/c0%3Dbaike80%2C5%2C5%2C80%2C26/sign=d5234d57a918972bb737089887a410ec/6a600c338744ebf81f79157cdbf9d72a6059a76c.jpg
https://gss1.bdstatic.com/9vo3dSag_xI4khGkpoWK1HF6hhy/baike/c0%3Dbaike92%2C5%2C5%2C92%2C30/sign=df6637feab773912d02b8d339970ed7d/a044ad345982b2b7f9c7488733adcbef76099b1c.jpg
https://gss1.bdstatic.com/9vo3dSag_xI4khGkpoWK1HF6hhy/baike/c0%3Dbaike92%2C5%2C5%2C92%2C30/sign=bb4bad23372ac65c73086e219a9bd974/bba1cd11728b471038de8c8fc1cec3fdfd0323fb.jpg

https://gss3.bdstatic.com/-Po3dSag_xI4khGkpoWK1HF6hhy/baike/c0%3Dbaike150%2C5%2C5%2C150%2C50/sign=ea739324f603738dca470470d272db34/a8ec8a13632762d0a471483ba0ec08fa503dc6e3.jpg
https://gss3.bdstatic.com/-Po3dSag_xI4khGkpoWK1HF6hhy/baike/c0%3Dbaike150%2C5%2C5%2C150%2C50/sign=8256612da9014c080d3620f76b12696d/d6ca7bcb0a46f21fd57bb2d7f6246b600d33aee3.jpg
https://gss0.bdstatic.com/94o3dSag_xI4khGkpoWK1HF6hhy/baike/c0%3Dbaike150%2C5%2C5%2C150%2C50/sign=6de7d3cf02087bf469e15fbb93ba3c49/6a63f6246b600c33f736324c1a4c510fd8f9a1e3.jpg
https://gss0.bdstatic.com/94o3dSag_xI4khGkpoWK1HF6hhy/baike/c0%3Dbaike150%2C5%2C5%2C150%2C50/sign=ddb9d563912397ddc274905638ebd9d2/9c16fdfaaf51f3de0c0e55e094eef01f3b2979f2.jpg
https://gss3.bdstatic.com/7Po3dSag_xI4khGkpoWK1HF6hhy/baike/c0%3Dbaike150%2C5%2C5%2C150%2C50/sign=6156b2d40c33874488c8272e3066b29c/ac345982b2b7d0a29b86e819cbef76094a369ae3.jpg
https://gss3.bdstatic.com/-Po3dSag_xI4khGkpoWK1HF6hhy/baike/c0%3Dbaike150%2C5%2C5%2C150%2C50/sign=6ab942e44fc2d562e605d8bf8678fb8a/cdbf6c81800a19d86fbf688133fa828ba71e46f2.jpg

https://gss0.bdstatic.com/94o3dSag_xI4khGkpoWK1HF6hhy/baike/c0%3Dbaike92%2C5%2C5%2C92%2C30/sign=fa64e1fdbb12c8fca0fefe9f9d6af920/f603918fa0ec08fad9d2807a5bee3d6d54fbda19.jpg
https://gss0.bdstatic.com/-4o3dSag_xI4khGkpoWK1HF6hhy/baike/crop%3D0%2C71%2C1600%2C1056%3Bc0%3Dbaike180%2C5%2C5%2C180%2C60/sign=927782fdf51f4134f4785f3e182fb9fd/faf2b2119313b07efee94f1604d7912397dd8c53.jpg
https://gss2.bdstatic.com/9fo3dSag_xI4khGkpoWK1HF6hhy/baike/c0%3Dbaike92%2C5%2C5%2C92%2C30/sign=ab68006bcb177f3e0439f45f11a650a2/1c950a7b02087bf47071c534f0d3572c10dfcf4a.jpg
https://gss3.bdstatic.com/7Po3dSag_xI4khGkpoWK1HF6hhy/baike/c0%3Dbaike80%2C5%2C5%2C80%2C26/sign=5a59d21e92ef76c6c4dff379fc7f969f/faedab64034f78f048b29acc7b310a55b3191c57.jpg
https://gss0.bdstatic.com/-4o3dSag_xI4khGkpoWK1HF6hhy/baike/c0%3Dbaike92%2C5%2C5%2C92%2C30/sign=694672a0d739b60059c307e588395e4f/71cf3bc79f3df8dcad88fed2cf11728b4710283f.jpg
https://gss1.bdstatic.com/-vo3dSag_xI4khGkpoWK1HF6hhy/baike/c0%3Dbaike80%2C5%2C5%2C80%2C26/sign=d5234d57a918972bb737089887a410ec/6a600c338744ebf81f79157cdbf9d72a6059a76c.jpg
https://gss1.bdstatic.com/9vo3dSag_xI4khGkpoWK1HF6hhy/baike/c0%3Dbaike92%2C5%2C5%2C92%2C30/sign=df6637feab773912d02b8d339970ed7d/a044ad345982b2b7f9c7488733adcbef76099b1c.jpg
https://gss1.bdstatic.com/9vo3dSag_xI4khGkpoWK1HF6hhy/baike/c0%3Dbaike92%2C5%2C5%2C92%2C30/sign=bb4bad23372ac65c73086e219a9bd974/bba1cd11728b471038de8c8fc1cec3fdfd0323fb.jpg

https://gss3.bdstatic.com/-Po3dSag_xI4khGkpoWK1HF6hhy/baike/c0%3Dbaike150%2C5%2C5%2C150%2C50/sign=ea739324f603738dca470470d272db34/a8ec8a13632762d0a471483ba0ec08fa503dc6e3.jpg
https://gss3.bdstatic.com/-Po3dSag_xI4khGkpoWK1HF6hhy/baike/c0%3Dbaike150%2C5%2C5%2C150%2C50/sign=8256612da9014c080d3620f76b12696d/d6ca7bcb0a46f21fd57bb2d7f6246b600d33aee3.jpg
https://gss0.bdstatic.com/94o3dSag_xI4khGkpoWK1HF6hhy/baike/c0%3Dbaike150%2C5%2C5%2C150%2C50/sign=6de7d3cf02087bf469e15fbb93ba3c49/6a63f6246b600c33f736324c1a4c510fd8f9a1e3.jpg
https://gss0.bdstatic.com/94o3dSag_xI4khGkpoWK1HF6hhy/baike/c0%3Dbaike150%2C5%2C5%2C150%2C50/sign=ddb9d563912397ddc274905638ebd9d2/9c16fdfaaf51f3de0c0e55e094eef01f3b2979f2.jpg
https://gss3.bdstatic.com/7Po3dSag_xI4khGkpoWK1HF6hhy/baike/c0%3Dbaike150%2C5%2C5%2C150%2C50/sign=6156b2d40c33874488c8272e3066b29c/ac345982b2b7d0a29b86e819cbef76094a369ae3.jpg
https://gss3.bdstatic.com/-Po3dSag_xI4khGkpoWK1HF6hhy/baike/c0%3Dbaike150%2C5%2C5%2C150%2C50/sign=6ab942e44fc2d562e605d8bf8678fb8a/cdbf6c81800a19d86fbf688133fa828ba71e46f2.jpg
