
http://www.baihuamen.com/d/file/2014/04-18/316798d838efa51842cc1e7415d7a509.jpg	http://www.baihuamen.com/deguoyuanwei/
http://www.iqiya.com/uploadfile/article/322/1_jfc6fj20140522_94e8b4e4d5e4db95b85djaM2SaYul3dZ.jpg	http://m.iqiya.com/article/2015-05-22/63308.html
http://www.zghm.com/Pictures/Products/2010-02/201022177866409.jpg	http://www.zghm.com/product_View.asp?Channel=2&id=88
http://www.baihuamen.com/d/file/2014/04-17/85768dd9913057918c4f8aebce9fae1e.jpg	http://www.baihuamen.com/deguoyuanwei/
http://img.wxrw123.com/201602/23/23/xoz3kmn1lvm.jpg	http://www.wxrw123.com/zw/20160302/148413.html
http://a4.att.hudong.com/48/94/01300000200000121747941584836.jpeg	http://tupian.baike.com/a4_48_94_01300000200000121747941584836_jpeg.html
http://tgi12.jia.com/115/014/15014596.jpg	http://www.jia.com/baike/xartile/365218.html
http://pic4.nipic.com/20090812/3121863_084017087_2.jpg	http://www.nipic.com/show/1/47/d284e77d698c10cf.html
http://images.nongmiao.com/big//trade/2012/09/14/01/31/552450899_733697158.310x310.jpg	http://www.nongmiao.com/suyihuahui88/supplydetail-38129.html
http://biobar.hbhcgz.cn/Article/UploadFiles/201007/20100713203710516.JPG	http://blog.sina.com.cn/s/blog_675aa92001017ay3.html
http://m.365azw.com/Attachments/share/201511/564c2439ca704.jpg	http://m.365azw.com/share/194602
http://www.iqiya.com/uploadfile/article/322/1_bcnxe820140522_5831847c259c5a3f6282mevHyMLqsf6l.jpg	http://m.iqiya.com/article/2015-05-22/63308.html
http://chs.ebaomonthly.com/ebao/e1206/Iris_2.jpg	http://chs.ebaomonthly.com/ebao/readebao.php?a=20120610
http://cdn.duitang.com/uploads/item/201211/29/20121129103851_V8aGR.jpeg	http://zixun.rrs.com/jiashigonglue/2535.html
http://plant.yuanlin123.com/plant/UploadFile/Picture/2010-6/340.jpg	http://plant.yuanlin123.com/plant/PictureShow.asp?PicID=678
http://pic22.nipic.com/20120627/4224370_101115433000_2.jpg	http://www.nipic.com/show/1/44/6417335k12bafde9.html
http://img1.toocle.com/suppliers/product_cn/2011/07/15/39/22104539_1.jpg	http://china.toocle.com/company/show/pdetail--2264566--22004539.html
http://www.yuhuagu.com/uploads/allimg/141022/43_141022071708_1.jpg	http://www.yuhuagu.com/qiugen/2014/1022/11399.html
http://b2b.image.yuanlin.com/Biz/2014-9/201409010222508151.jpg	http://bantrx.yuanlin.com/sell-m942174.html
http://www.yuhuagu.com/uploads/allimg/141022/43_141022071733_1.jpg	http://www.yuhuagu.com/qiugen/2014/1022/11399.html
http://img.007swz.com/cpimg/huacaopenjing/jroZvHh6js_1225676090.jpg	http://www.007swz.com/t/%B5%C2%B9%FA%F0%B0%CE%B2
http://www.qqtxb.com/d/file/2016-12-07/069bb5fd9184572fc64fb5d853d30b42.jpg	http://www.qqtxb.com/yishu/189531.html
http://img.ph.126.net/l4k4-jwQDVFvFyk6LhFD8g==/1555993671273834757.jpg	http://sasatianyuan.blog.163.com/blog/static/204543178201222101254987/
https://www.23yy.com/upload/2015/01/15/19b3003e-f536-4ebf-9123-51b236f7dd8a.jpg	https://www.23yy.com/1950000/1945167.shtml
http://k.zol-img.com.cn/dcbbs/21706/a21705202_01000.jpg	http://bbs.zol.com.cn/dcbbs/d34030_1732.html
http://www.wdptj.com/wp-content/uploads/2014/09/%E5%BE%B7%E5%9B%BD%E9%B8%A2%E5%B0%BE%E8%8A%B13.jpg	http://www.wdptj.com/3973.html
http://img01.hua.com/uploadpic/images/2016221530502362277.jpg	http://www.hua.com/huayu/14453.html
http://news.yuanlin.com/console/editor/UploadFile/20051212112015463.jpg	http://news.yuanlin.com/detail/20051212/8733.htm
http://i48.tinypic.com/30vp2q0.jpg	http://blog.wenxuecity.com/blog/frontend.php?act=articlePrint&blogId=38946&date=201205&postId=17575
http://www.baihuamen.com/d/file/2014/04-18/7a7a1ec67f2c144a39c5966ff4c86df2.jpg	http://www.baihuamen.com/deguoyuanwei/9758_15.html
http://www.baihuamen.com/d/file/2014/04-18/13c6b17915aa5fe903f3aa54523d32fe.jpg	http://www.baihuamen.com/deguoyuanwei/
http://www.yuhuagu.com/uploads/allimg/120715/10-120G50Z426.jpg	http://www.yuhuagu.com/tupian/su/2012/0715/3688.html
https://cbu01.alicdn.com/img/ibank/2014/439/049/1702940934_355271274.310x310.jpg	https://www.1688.com/pic/-B5C2B9FAF0B0CEB2BBA8.html
http://www.nb-flower.com/Img//2009/07/05/191908_b.JPG	http://www.nb-flower.com/img_list.php?start_catg=photo-3-5
http://www.huamu.cn/picture/201208232217107861.jpg	http://www.huamu.cn/Product/S_%E5%BE%B7%E5%9B%BD%E9%B8%A2%E5%B0%BE_____1.html
https://gss1.bdstatic.com/9vo3dSag_xI4khGkpoWK1HF6hhy/baike/s%3D220/sign=37f3bf29deb44aed5d4eb9e6831d876a/472309f790529822c3e585a0d3ca7bcb0b46d4fb.jpg	https://baike.baidu.com/item/%E5%BE%B7%E5%9B%BD%E9%B8%A2%E5%B0%BE
https://cbu01.alicdn.com/img/ibank/2014/542/931/1430139245_603014641.220x220.jpg	http://www.1688.com/jiage/-B5C2B9FAF0B0CEB2.html
http://www.cnhua.net/uploads/allimg/c090103/1230c031XF-41124.jpg	http://www.cnhua.net/minghua/sghh/946807.html
http://img01.fuhai360.com/cdch1/201706/201706021540414712.jpg	http://www.cdsszw.com/item/37.html
https://cbu01.alicdn.com/img/ibank/2016/801/869/3313968108_633471795.220x220.jpg	http://www.1688.com/jiage/-B5C2B9FAF0B0CEB2.html
http://www.21cbi.com/upload/201611/19/147951771551.jpg	http://m.21cbi.com/s/14/356166.html
http://b2b.image.yuanlin.com/biz/2012-1/20121121221273236.jpg	http://www.yuanlin.com/b2b/sell_detail_165813.html
http://www.deguoyuanwei.com/uploads/allimg/150922/1-150922153351.jpg	http://www.deguoyuanwei.com/chanpinzhanshi/8.html
http://www.baihuamen.com/d/file/2014/04-18/27632f83278239047813da24dbc482f2.jpg	http://www.baihuamen.com/deguoyuanwei/
http://blogcache3.artron.net/201305/13/70971_1368457627U0Wk.jpg	http://blog.artron.net/space-70971-do-blog-id-1098085.html
http://img.bimg.126.net/photo/IgN7TSrwq5hFafPkU3zrOw==/307652149561684734.jpg	http://caozuolan2013.lofter.com/post/301107_4e01284
https://cbu01.alicdn.com/img/ibank/2015/039/735/2340537930_1317279075.220x220.jpg	http://www.1688.com/chanpin/-B5C2B9FAF0B0CEB2.html
http://202.192.143.142:8080/res/suite/di-temp/855170/%E6%A4%8D%E7%89%A9%E5%88%86%E7%B1%BB%E5%9B%BE%E5%BA%932/%E5%8D%95%E5%AD%90%E5%8F%B6%E6%A4%8D%E7%89%A9/%E9%B8%A2%E5%B0%BE%E7%A7%91/images/%E5%BE%B7%E5%9B%BD%E9%B8%A2%E5%B0%BE1.jpg	http://202.192.143.142:8080/res/suite/di-temp/855170/%E6%A4%8D%E7%89%A9%E5%88%86%E7%B1%BB%E5%9B%BE%E5%BA%932/%E5%8D%95%E5%AD%90%E5%8F%B6%E6%A4%8D%E7%89%A9/%E9%B8%A2%E5%B0%BE%E7%A7%91/pages/%E5%BE%B7%E5%9B%BD%E9%B8%A2%E5%B0%BE1.html
http://www.deguoyuanwei.com/uploads/allimg/150922/1-150922115501594.jpg	http://www.deguoyuanwei.com/yuanweiyangzhi/3.html
http://img.yanquecao.com/img/flower/irisgermanica/irisgermanica1.jpg	http://www.yanquecao.com/detail/1167
http://www.wdptj.com/wp-content/uploads/2014/09/%E5%BE%B7%E5%9B%BD%E9%B8%A2%E5%B0%BE%E8%8A%B11.jpg	http://www.wdptj.com/3973.html
http://www.huangyouwei.com/UpFiles/Picture/201209/2012092013151266012.JPG	http://www.huangyouwei.com/Html/zuopin/14363785.html
http://202.192.143.142:8080/res/suite/di-temp/855170/%E6%A4%8D%E7%89%A9%E5%88%86%E7%B1%BB%E5%9B%BE%E5%BA%932/%E5%8D%95%E5%AD%90%E5%8F%B6%E6%A4%8D%E7%89%A9/%E9%B8%A2%E5%B0%BE%E7%A7%91/images/%E5%BE%B7%E5%9B%BD%E9%B8%A2%E5%B0%BE2.jpg	http://202.192.143.142:8080/res/suite/di-temp/855170/%E6%A4%8D%E7%89%A9%E5%88%86%E7%B1%BB%E5%9B%BE%E5%BA%932/%E5%8D%95%E5%AD%90%E5%8F%B6%E6%A4%8D%E7%89%A9/%E9%B8%A2%E5%B0%BE%E7%A7%91/pages/%E5%BE%B7%E5%9B%BD%E9%B8%A2%E5%B0%BE2.html
http://sygxyl.com/upLoad/product/month_1605/201605201647242656.jpg	http://sygxyl.com/content/?960.html
https://e.share.photo.xuite.net/hortwu239/1e86639/13080223/662935706_m.jpg	http://blog.xuite.net/hortwu239/wretch/143261296-%E4%BE%86%E8%87%AA%E5%BD%A9%E8%99%B9%E7%9A%84%E9%B3%B6%E5%B0%BE%E8%8A%B1
https://cdn.pixabay.com/photo/2014/08/20/08/03/flowers-422339_960_720.jpg	https://pixabay.com/zh/%E9%B2%9C%E8%8A%B1-%E8%99%B9%E8%86%9C-%E5%BE%B7%E5%9B%BD%E9%B8%A2%E5%B0%BE-422339/
https://www.23yy.com/upload/2015/01/15/d5b8087e-063f-4714-9085-4a76ed1735f4.jpg	https://www.23yy.com/1950000/1945167.shtml
https://gss2.bdstatic.com/-fo3dSag_xI4khGkpoWK1HF6hhy/baike/w%3D400/sign=2f86a8d6daa20cf44690ffdf46094b0c/2cf5e0fe9925bc312a642ec954df8db1cb1370a1.jpg	https://baike.baidu.com/item/%E5%BE%B7%E5%9B%BD%E9%B8%A2%E5%B0%BE
http://www.wdptj.com/wp-content/uploads/2014/09/%E5%BE%B7%E5%9B%BD%E9%B8%A2%E5%B0%BE%E8%8A%B1.jpg	http://www.wdptj.com/3973.html
https://gw.alicdn.com/bao/uploaded/i1/341955249/TB21wMrXcv_F1JjSZFmXXchWXXa_!!341955249.jpg_230x230.jpg	https://www.taobao.com/oshtml/buy-cn/cp_vfi_2rXCufrwsM6y.html
https://gw.alicdn.com/bao/uploaded/i2/45544524/TB2gzHAXVgkyKJjSspiXXcwBpXa_!!45544524.jpg_230x230.jpg	https://www.taobao.com/oshtml/buy-cn/cp_vfi_2rXCufrwsM6y.html
http://cdn.pic.jianliw.com/cpic/d3/85/c1327ae4f50ece9e827034ac169385d3.jpg	http://www.jianliw.com/141874.html
http://chs.ebaomonthly.com/ebao/e1206/Iris_3.jpg	http://chs.ebaomonthly.com/ebao/readebao.php?a=20120610
http://www.syqslh.top/upfile/images/%E5%BE%B7%E5%9B%BD%E9%B8%A2%E5%B0%BE.jpg	http://www.syqslh.top/556/0/89
http://www.syfhyyc.top/upfile/images/%E5%BE%B7%E5%9B%BD%E9%B8%A2%E5%B0%BE2(1).jpg	http://www.syfhyyc.top/556/0/89
https://img.moegirl.org/common/thumb/d/d9/CJZfiADVAAA7A4l.png/250px-CJZfiADVAAA7A4l.png	https://zh.moegirl.org/%E7%BE%8E%E5%B0%91%E5%A5%B3%E8%8A%B1%E9%AA%91%E5%A3%AB:%E5%BE%B7%E5%9B%BD%E9%B8%A2%E5%B0%BE
http://www.cqjcst.com/Private/ProductImg/Small/51086ea4bc82c76da0ca.jpg	http://www.cqjcst.com/ProductsSt/305.html
http://www.21cbi.com/upload/201611/19/147951771679.jpg	http://m.21cbi.com/s/14/356166.html
http://img.007swz.com/cpimg/huahui/Zl4yUfAyXn_1239242163.jpg	http://m.007swz.com/t/%B5%C2%B9%FA%F0%B0%CE%B2
http://s7.sinaimg.cn/mw690/001rzrFigy71s7mNGtM56&690	http://blog.sina.com.cn/s/blog_4ee3a4e40102whui.html
https://cbu01.alicdn.com/img/ibank/2013/332/467/978764233_1098641853.310x310.jpg	https://www.1688.com/pic/-B5C2B9FAF0B0CEB2BBA8.html
http://cdn.pic.jianliw.com/cpic/bb/97/fb2e71e849c24213e2cfb2be398c97bb.jpg	http://www.jianliw.com/141874.html
http://s7.sinaimg.cn/mw690/002HZSa6gy72tNyOsu266&690	http://blog.sina.com.cn/s/blog_d30f0dd30102xpn5.html
http://pic21.nipic.com/20120516/4224370_124452422000_2.jpg	http://www.nipic.com/show/1/44/6211193keaf76dd1.html
http://cdn.pic.jianliw.com/cpic/c5/7a/37992146e7d877bda0da0148590d7ac5.jpg	http://www.jianliw.com/141874.html
http://img2.cache.netease.com/house/2015/4/3/20150403091931337e0.jpg	http://yn.news.163.com/15/0403/09/AM92CASG03230LLH.html
https://upload.wikimedia.org/wikipedia/commons/thumb/6/6f/Iris_%C3%97_germanica_-_K%C3%B6hler%E2%80%93s_Medizinal-Pflanzen-211.jpg/250px-Iris_%C3%97_germanica_-_K%C3%B6hler%E2%80%93s_Medizinal-Pflanzen-211.jpg	https://zh.wikipedia.org/wiki/%E5%BE%B7%E5%9B%BD%E9%B8%A2%E5%B0%BE
https://gw.alicdn.com/bao/uploaded/i2/1981592726/TB2bFruXuE4wuJjy1XcXXcisFXa_!!1981592726.jpg_230x230.jpg	https://www.taobao.com/oshtml/buy-cn/cp_tcK5-vCwzrK7qMPn.html
https://www.flower-db.com/uploads/large_e793c39c-185a-41c5-8e9a-c1a0bad19b9d.jpg	https://www.flower-db.com/zh/flower:677
http://cdn.pic.jianliw.com/cpic/6d/a6/4daa1740e62f6c32643f86be9410a66d.jpg	http://www.jianliw.com/141874.html
http://img002.mllres.com//images/upload/%E5%9B%BE%E7%89%871(138).jpg	http://www.meilele.com/article/shipin/13161.html
http://pic.baike.soso.com/ugc/baikepic2/10599/20160912074455-1739061386.jpg/300	http://baike.soso.com/ShowTitle.e?sp=S%E5%BE%B7%E5%9B%BD%E9%B8%A2%E5%B0%BE
http://www.deguoyuanwei.com/uploads/allimg/150922/1-150922142A20-L.jpg	http://www.deguoyuanwei.com/yuanweibaike/
http://cdn.pic.jianliw.com/cpic/f7/0f/84caae1797fe0ec346349ed399970ff7.jpg	http://www.jianliw.com/141874.html
http://www.wdptj.com/wp-content/uploads/2014/09/%E5%BE%B7%E5%9B%BD%E9%B8%A2%E5%B0%BE%E8%8A%B12.jpg	http://www.wdptj.com/3973.html
http://pic31.nipic.com/20130806/13383682_084159558117_2.jpg	http://www.nipic.com/show/8623280.html
http://image.meilele.com//images/upload/%E5%9B%BE%E7%89%873(162).jpg	http://www.meilele.com/article/shipin/13161.html
http://t2.27270.com/uploads/tu/201707/30/45.jpg	http://www.27270.com/zhiwu/2017/209468.html
https://puui.qpic.cn/qqvideo_ori/0/e053618es5j_496_280/0	https://v.qq.com/x/search/?q=%E5%BE%B7%E5%9B%BD%E9%B8%A2%E5%B0%BE&stag=txt.playpage.vppdesc
http://hua36.com/t/yuanwei/t/7.jpg	http://hua36.com/p/yuanwei/
https://cbu01.alicdn.com/img/ibank/2016/360/577/3583775063_1000380416.220x220.jpg	http://www.1688.com/jiage/-B5C2B9FAF0B0CEB2.html
http://imglf2.nosdn.127.net/img/OHpiOWt0UUhYVGRiTVU2NDM5RWZyVmVkbDlSVHhHV3NCUXFMbUQ3TFliSWx0bTYzRThvbUV3PT0.jpg?imageView&thumbnail=500x0&quality=96&stripmeta=0&type=jpg	http://www.lofter.com/tag/%E5%BE%B7%E5%9B%BD%E9%B8%A2%E5%B0%BE
https://cbu01.alicdn.com/img/ibank/2016/266/132/3257231662_22834455.220x220.jpg	http://www.1688.com/jiage/-B5C2B9FAF0B0CEB2.html
https://gw.alicdn.com/bao/uploaded/i4/104365526/TB2hxCpXvkmyKJjSZFmXXX1EFXa_!!104365526.jpg_230x230.jpg	https://www.taobao.com/oshtml/buy-cn/cp_vfi_2rXCufrwsM6y.html
http://pic.baike.soso.com/ugc/baikepic2/25968/20160905160827-2394965.jpg/300	http://baike.soso.com/ShowTitle.e?sp=S%E5%BE%B7%E5%9B%BD%E9%B8%A2%E5%B0%BE
http://www.neipet.com/wp-content/uploads/2016/06/%E5%BE%B7%E5%9B%BD%E9%B8%A2%E5%B0%BE.png	http://www.neipet.com/plant/26273.html
http://img004.mllres.com//images/upload/%E5%9B%BE%E7%89%874(160).jpg	http://www.meilele.com/article/shipin/13161.html
https://gw.alicdn.com/bao/uploaded/i2/3074308962/TB2YsNTt4tmpuFjSZFqXXbHFpXa_!!3074308962.jpg_230x230.jpg	https://www.taobao.com/oshtml/buy-cn/cp_tcK5-vCwzrK7qMPn.html
https://cbu01.alicdn.com/img/ibank/2015/017/038/2535830710_556389731.310x310.jpg	https://www.1688.com/pic/-B5C2B9FAF0B0CEB2.html
https://img.moegirl.org/common/thumb/9/96/Cl8z-GcUYAAIY5J.jpg/250px-Cl8z-GcUYAAIY5J.jpg	https://zh.moegirl.org/%E7%BE%8E%E5%B0%91%E5%A5%B3%E8%8A%B1%E9%AA%91%E5%A3%AB:%E5%BE%B7%E5%9B%BD%E9%B8%A2%E5%B0%BE(%E4%B8%83%E5%A4%95%E7%89%88)
