
http://www.tcm100.com/Images_ZhongYaoXue/Baihe-YuanTai.jpg	http://www.tcm100.com/userReg/JiaoCai/ZhongYaoXue/zzZhongYao420.htm
https://pbs.twimg.com/profile_images/505701820904128512/54U2te9P.jpeg	https://twitter.com/romrom33823
http://www6.airnet.ne.jp/manyo/main/flower/image/teppouyuri.jpg	http://www6.airnet.ne.jp/manyo/main/flower/yuri.html
http://static.cndzys.com/20160922/8fc1dc182925f3d1c58f3d5367215ee6.jpg	http://www.cndzys.com/yssc/baihe/
https://i2.kknews.cc/large/e4f0002f4ee3d02804e	https://kknews.cc/news/z93y5q.html
https://img.imynest.com/uploads/2/02/202F9B7F28.jpeg	https://www.imynest.com/content/109937.html
https://upload.wikimedia.org/wikipedia/commons/thumb/1/1a/Glio_Lily1.jpg/300px-Glio_Lily1.jpg	https://zh.wikipedia.org/wiki/%E7%99%BE%E5%90%88%E5%B1%9E
http://a.blog.xuite.net/a/5/e/3/13422636/blog_195406/txt/6852025/0.jpg	http://blog.xuite.net/a7364099/mj/6852025-%E7%99%BE%E5%90%88%E8%8A%B1%E7%94%9F%E9%95%B7%E7%BF%92%E6%80%A7%E8%88%87%E7%AE%A1%E7%90%86
https://i1.kknews.cc/large/f010006b228b571f9d6	https://kknews.cc/agriculture/gng2re.html
http://image83.360doc.com/DownloadImg/2015/03/1616/51228810_2.jpg	http://www.360doc.com/content/15/0316/16/22253802_455580617.shtml
https://gss0.bdstatic.com/94o3dSag_xI4khGkpoWK1HF6hhy/baike/s%3D220/sign=169cfb2acf1b9d168ec79d63c3dfb4eb/a686c9177f3e6709a9672c0a3ac79f3df9dc55db.jpg	https://baike.baidu.com/item/%E7%99%BE%E5%90%88
http://pic.pingguolv.com/uploads/allimg/160723/136-160H3133T3-lp.jpg	http://www.pingguolv.com/sl/baihe/list_194_2.html
https://i1.kknews.cc/large/1010000698d533143d28	https://kknews.cc/health/yaqvr2b.html
http://pic.pingguolv.com/uploads/allimg/161212/147-161212131Z5-lp.jpg	http://www.pingguolv.com/sl/baihe/
http://www.yixue.com/images/a/ac/Bkc21.jpg	http://www.yixue.com/%E7%99%BE%E5%90%88%E8%8A%B1
http://pic.pingguolv.com/uploads/allimg/160620/136-160620195341.jpg	http://www.pingguolv.com/sl/baihe/list_194_2.html
https://gss1.bdstatic.com/-vo3dSag_xI4khGkpoWK1HF6hhy/baike/s%3D220/sign=9c3d1ad4a344ad342abf8085e0a20c08/9825bc315c6034a853c100b8c9134954092376e3.jpg	https://baike.baidu.com/item/%E7%99%BE%E5%90%88
http://www.wdptj.com/wp-content/uploads/2015/04/%E7%99%BE%E5%90%88%E8%8A%B1%E5%9B%BE%E7%89%875.jpg	http://www.wdptj.com/9079.html
https://gss2.bdstatic.com/-fo3dSag_xI4khGkpoWK1HF6hhy/baike/s%3D220/sign=13b50c927f899e517c8e3d1672a6d990/8ad4b31c8701a18ba199cd209a2f07082838fe6b.jpg	https://baike.baidu.com/item/%E7%99%BE%E5%90%88
https://b-ssl.duitang.com/uploads/item/201207/06/20120706210611_4caG3.jpeg	https://www.duitang.com/album/?id=76130443
http://img0.pchouse.com.cn/pchouse/baike/decorate/1109/987456321321.jpg	http://www.pchouse.com.cn/baike/shenghuo/611/
http://p.d1xz.net/2016/01/25/14537056316287962.jpg	http://www.d1xz.net/astro/huayu/art120181.aspx
http://pic1.nipic.com/2009-02-09/20092923243442_2.jpg	http://www.nipic.com/show/1449263.html
https://gss0.bdstatic.com/-4o3dSag_xI4khGkpoWK1HF6hhy/baike/s%3D220/sign=76fe3c21c995d143de76e32143f08296/9f2f070828381f30dd7d5d8ba8014c086e06f0a8.jpg	https://baike.baidu.com/item/%E7%99%BE%E5%90%88
http://www.florist.org.tw/D/%E9%90%B5%E7%A0%B2%E7%99%BE%E5%90%88-%E7%9F%B3%E7%A2%87%20(7).JPG	http://www.florist.org.tw/D/d7414.htm
https://www.kagiken.co.jp/new/kojimachi/20081103_jogasaki/11large.jpg	https://www.kagiken.co.jp/new/kojimachi/hana-shinteppoyuri_large.html
http://a1.att.hudong.com/43/18/19300001333271131667181377535.jpg	http://huayu.baike.com/article-70816.html
http://img.4travel.jp/img/tcs/t/album/src/11/03/63/src_11036312.jpg?1440244415	http://4travel.jp/domestic/area/hokkaido/hokkaido/sapporo/oodoori/park/10016916/
http://www.meishi999.com/d/file/2cc57d540a319e52eb1aa2236106b3fc.jpg	http://www.meishi999.com/s/baihe/
http://4.blog.xuite.net/4/f/0/9/13514722/blog_515482/txt/17027165/0.jpg	http://blog.xuite.net/hn85294975/sophiaart/17027165-%E7%99%BE%E5%90%88%E5%AF%AB%E7%94%9F
http://web2.ctsh.hcc.edu.tw/stu102/s10210334/public_html/images/2007520235670_2.jpg	http://web2.ctsh.hcc.edu.tw/stu102/s10210334/public_html/r-22.html
http://www.wdptj.com/wp-content/uploads/2015/04/%E7%99%BE%E5%90%88%E8%8A%B1%E7%9A%84%E7%89%B9%E7%82%B94.jpg	http://www.wdptj.com/bhk/
https://www.kagiken.co.jp/new/kojimachi/flower/flowwr6228large.jpg	https://www.kagiken.co.jp/new/kojimachi/hana-yuri_large.html
http://pic.qiantucdn.com/58pic/12/87/81/25b58PIC4dH.jpg!qt290	http://www.58pic.com/tupian/baihehua.html
http://www.meishic.com/uploadfile/2011/1011/20111011020203607.jpg	http://www.meishic.com/2010/0201/4933.html
http://pic3.nipic.com/20090626/1277360_184104003_2.jpg	http://www.nipic.com/show/1/44/5550a9dcd7bedf08.html
http://images.meishij.net/p/20110705/917f327289c8137e8c9ebeb40f3291c7_180x180.jpg	http://www.meishij.net/%E7%99%BE%E5%90%88
http://pic.pingguolv.com/uploads/allimg/170221/142-1F221135352.png	http://www.pingguolv.com/sl/baihe/
http://huayu.huabaike.com/wp-content/uploads/2016/07/tp21.jpg	http://huayu.huabaike.com/625.html
http://www.florist.org.tw/D/%E5%8F%B0%E7%81%A3%E9%87%8E%E7%99%BE%E5%90%88-%E5%85%AB%E9%87%8C.JPG	http://www.florist.org.tw/D/d7414.htm
https://gss3.bdstatic.com/-Po3dSag_xI4khGkpoWK1HF6hhy/baike/s%3D220/sign=548479a3af345982c18ae2903cf5310b/bd315c6034a85edf4ee813f44b540923dc547585.jpg	https://baike.baidu.com/item/%E7%99%BE%E5%90%88
https://ddmxdtm74ysa7.cloudfront.net/uploads/2015/07/16103239/f56b63b6971940056fd0d9064c753cdd-480x320.jpg	https://horti.jp/3138
http://www.yirenchupin.com/wp-content/uploads/2016/11/123-1-600x600.jpeg	http://www.yirenchupin.com/tag/yixingbaihe
http://h2.bytravel.cn/shop/head/3042.gif	http://shop.bytravel.cn/produce/5B9C5174767E5408/
http://www.hana300.com/yuri0061.jpg	http://www.hana300.com/teppou1.html
https://f.share.photo.xuite.net/playnlearn/1f658af/19037185/1027557038_m.jpg	http://blog.xuite.net/playnlearn/lily/213030235-%E7%99%BE%E5%90%88%E8%8A%B1
https://gss3.bdstatic.com/-Po3dSag_xI4khGkpoWK1HF6hhy/baike/s%3D220/sign=29939efee2fe9925cf0c6e5204a95ee4/cc11728b4710b912db4670c5c1fdfc0392452201.jpg	https://baike.baidu.com/item/%E7%99%BE%E5%90%88
http://s4.gigacircle.com/media/s4_54b1d00b8c863.jpg	http://chenjinchao06.appspot.com/xundu_num_3450506-1.html
https://spice.eplus.jp/images/N1Fp5capxw5MsvUSQaN6ujXPxQhHPSdaF6z4MlpzFAXMBx9FNt4DYPZsKQ1kz9qv	https://spice.eplus.jp/articles/88496
https://upload.wikimedia.org/wikipedia/commons/thumb/c/cc/Lilium_japonicum_%281%29.jpg/300px-Lilium_japonicum_%281%29.jpg	https://zh.wikipedia.org/wiki/%E6%97%A5%E6%9C%AC%E7%99%BE%E5%90%88
http://pic3.nipic.com/20090626/1277360_184256086_2.jpg	http://www.nipic.com/show/1/44/1812fbb5679d59fb.html
https://img.moegirl.org/common/d/d8/FKG-Sandersonia-blossom.png	https://zh.moegirl.org/%E7%BE%8E%E5%B0%91%E5%A5%B3%E8%8A%B1%E9%AA%91%E5%A3%AB:%E5%AE%AB%E7%81%AF%E7%99%BE%E5%90%88
https://ddmxdtm74ysa7.cloudfront.net/uploads/2015/05/28135632/shutterstock_240648721-480x320.jpg	https://horti.jp/15221
http://pic.qiantucdn.com/58pic/11/32/65/49358PICfIW.jpg!qt290	http://www.58pic.com/tupian/baihe.html
http://pic16.nipic.com/20110917/8241408_095121613000_2.jpg	http://www.nipic.com/show/2/27/5107185k71164503.html
http://www.twword.com/uploads/wiki/0c/3b/68855_1.jpg	http://www.twword.com/wiki/%E5%8F%B0%E7%81%A3%E7%99%BE%E5%90%88
http://i.epochtimes.com/assets/uploads/2005/05/5050907391462.jpg	http://www.epochtimes.com/gb/tag/%E7%99%BE%E5%90%88%E8%8A%B1.html
http://static.cndzys.com/20161018/1b62b25b42e9f72e0249ee887c832355.jpg	http://www.cndzys.com/yssc/baihe/
http://img0.pchouse.com.cn/pchouse/1109/22/130745_33.jpg	http://www.pchouse.com.cn/baike/shenghuo/611/
http://www.kyukon.info/img/yuri.png	http://www.kyukon.info/yuri.php
https://gss2.bdstatic.com/-fo3dSag_xI4khGkpoWK1HF6hhy/baike/c0%3Dbaike60%2C5%2C5%2C60%2C20/sign=921d3cf7e4cd7b89fd6132d16e4d29c2/d8f9d72a6059252d92302139369b033b5bb5b9e3.jpg	https://baike.baidu.com/item/%E7%99%BE%E5%90%88%E5%B1%9E
http://www.hana300.com/teppou.jpg	http://www.hana300.com/teppou.html
http://img.appledaily.com.tw//images/twapple_sub/640pix/20170506/MN07/MN07_003.jpg	http://www.appledaily.com.tw/appledaily/article/supplement/20170506/37641138/
http://lohas.nicoseiga.jp/thumb/6428020i?1485158355	http://seiga.nicovideo.jp/seiga/im6428020
http://img0.lady8844.com/h043/h98/img201507161528420.jpg	http://bd.lady8844.com/sc/bh/1592213.html
https://d.share.photo.xuite.net/gp179230/1de5854/6017726/1141271702_l.jpg	http://blog.xuite.net/gp179230/blog2/456169364-%E5%BF%83%E5%BF%83%E7%9B%B8%E5%8D%B0%E8%91%B5%E7%99%BE%E5%90%88
http://www.wdptj.com/wp-content/uploads/2015/04/%E9%A6%99%E6%B0%B4%E7%99%BE%E5%90%88%E8%8A%B1%E8%AF%AD2.jpg	http://www.wdptj.com/xiangshuibh/
http://i.epochtimes.com/assets/uploads/2006/08/608150802231841.jpg	http://www.epochtimes.com/b5/6/8/15/n1422187.htm
https://gss2.bdstatic.com/-fo3dSag_xI4khGkpoWK1HF6hhy/baike/c0%3Dbaike60%2C5%2C5%2C60%2C20/sign=f1246edb7d1ed21b6dc426b7cc07b6a1/91529822720e0cf3a17ab1d20a46f21fbe09aa0e.jpg	https://baike.baidu.com/item/%E9%A6%99%E6%B0%B4%E7%99%BE%E5%90%88
http://img04.tooopen.com/images/20121230/tooopen_14542438.jpg	http://www.tooopen.com/img/856_860_1_8.aspx
http://1.bp.blogspot.com/-nR0dhO4bzbQ/VT5jIBk-1II/AAAAAAAABzc/cpVK1GOgPh0/s1600/DSC00155%2B(1024x680).jpg	http://www.whiterock58.com/2015/04/ftest2.html
https://umshare.com/wp-content/uploads/2016/05/%E9%90%B5%E7%A0%B2%E7%99%BE%E5%90%88-%E7%9F%B3%E7%A2%87-7-720x320.jpg	https://umshare.com/2016/05/lilium/
https://gss2.bdstatic.com/-fo3dSag_xI4khGkpoWK1HF6hhy/baike/s%3D220/sign=25e02af50bb30f24319aeb01f894d192/8601a18b87d6277fc046b3ac2c381f30e824fcca.jpg	https://baike.baidu.com/item/%E9%87%8E%E7%99%BE%E5%90%88
http://www.twwiki.com/uploads/wiki/8f/64/42270_5.jpg	http://www.twwiki.com/wiki/%E8%81%96%E6%AF%8D%E7%99%BE%E5%90%88
https://i1.kknews.cc/large/e8f000746e397dff406	https://kknews.cc/fashion/gpx9g8.html
https://www.huabaike.com/uploads/allimg/artimg/201701/20170113162917_18648.jpg	https://www.huabaike.com/qita/6793.html
https://upload.wikimedia.org/wikipedia/commons/thumb/2/26/The_Botanical_Magazine%2C_Plate_278_%28Volume_8%2C_1794%29.png/200px-The_Botanical_Magazine%2C_Plate_278_%28Volume_8%2C_1794%29.png	https://zh.wikipedia.org/wiki/%E8%81%96%E6%AF%8D%E7%99%BE%E5%90%88
http://e.share.photo.xuite.net/bruce0342/1e07dec/10988511/513036045_m.jpg	http://bruce0342.blogspot.com/2009/05/blog-post_25.html
http://images.meishij.net/p/20110222/55387da5975d86b3400b5ef80966b0e3_150x150.jpg	http://www.meishij.net/%E7%99%BE%E5%90%88
https://www.eventaiwan.tw/d_upload_tour100/cms/webEdit/A0/B0/C0/D0/E0/F0/de9a4336-f7ac-41ce-8c3b-773828b89d1d.jpg	https://www.eventaiwan.tw/tw/news/detail_9243_601
https://pbs.twimg.com/profile_images/527382971884400640/EIW6Hs_O.jpeg	https://twitter.com/philosophyz96
http://2.bp.blogspot.com/-wQpPUXgE03s/VHditHkDDDI/AAAAAAAAN1M/_8-ghGfB_5Y/s1600/DSC02842.JPG	http://aeni1203.pixnet.net/blog/post/242640832-%E5%81%87%E7%8E%89%E7%B0%AA%28%E6%B0%B4%E6%99%B6%E7%99%BE%E5%90%88%29
https://i1.read01.com/uploads/0FeiGYQ6ZZ.jpg	https://read01.com/D40eKJ.html
http://www.hana300.com/yuri008.jpg	http://www.hana300.com/yuri00.html
https://img.imynest.com/uploads/3/B3/3B3077F537.jpeg	https://www.imynest.com/content/21032.html
http://www.tyfmy.com/MyWeb/tianyefeng/633761899700411250/20090507054348854_big.jpg	http://www.tyfmy.com/product/productshow/829/2860.html
https://www.animate.co.jp/uploads/2017/06/tokusetsuyou.jpg	https://www.animate.co.jp/special/100117/
https://img.moegirl.org/common/0/02/Real_flowers_Mayuri09.jpg	https://zh.moegirl.org/%E5%8C%82%E5%9D%82%E7%9C%9F%E7%94%B1%E7%90%86
http://kplant.biodiv.tw/%E5%8F%B0%E7%81%A3%E7%99%BE%E5%90%88/%E5%8F%B0%E7%81%A3%E7%99%BE%E5%90%88-%E8%8A%B11.jpg	http://kplant.biodiv.tw/%E5%8F%B0%E7%81%A3%E7%99%BE%E5%90%88/%E5%8F%B0%E7%81%A3%E7%99%BE%E5%90%88.htm
https://cdn.pixabay.com/photo/2017/08/14/22/04/lilies-2642166__340.jpg	https://pixabay.com/zh/photos/%E7%99%BE%E5%90%88%E8%8A%B1/
https://www.itsfun.com.tw/cacheimg/7c/e1/8e35778e592ea18815ce2ee71489.jpg	https://www.itsfun.com.tw/%E7%99%BE%E5%90%88/wiki-0375114
http://www.twwiki.com/uploads/wiki/8f/64/42270_4.jpg	http://www.twwiki.com/wiki/%E8%81%96%E6%AF%8D%E7%99%BE%E5%90%88
http://pic1a.nipic.com/2008-11-03/2008113234912610_2.jpg	http://bbs.wenxuecity.com/origin/602951.html
http://tupian.geimian.com/pic/2016/11/2016-11-26_214057.jpg	https://www.geimian.com/wx/77256.html
http://img0.pclady.com.cn/pclady/1206/15/838898_3.jpg	http://emotion.pclady.com.cn/zxzq/1206/838898.html
https://pgw.udn.com.tw/gw/photo.php?u=https://uc.udn.com.tw/photo/2017/04/30/realtime/3460062.jpg&x=0&y=0&sw=0&sh=0&sl=W&fw=1050&exp=3600	https://udn.com/news/story/7266/2435020
https://i2.kknews.cc/large/e4b0001ebc9a0d35c29	https://kknews.cc/fashion/gpx9g8.html
http://pic1.nipic.com/2009-02-18/2009218112139466_2.jpg	http://www.nipic.com/show/1470933.html
https://giftflowers.com.hk/media/catalog/product/cache/2/image/9df78eab33525d08d6e5fb8d27136e95/w/h/white_lilies_bouquet.jpg	https://giftflowers.com.hk/cn/flower/lilies
http://3.bp.blogspot.com/-oZzoIc9GbWo/VHnD7MJfloI/AAAAAAAAN4I/ccxDgGUNafM/s1600/DSC08570.JPG	http://aeni1203.pixnet.net/blog/post/243172366-%C2%A0%C2%A0%E4%BA%9E%E9%A6%AC%E9%81%9C%E7%99%BE%E5%90%88
