
http://www.baihuamen.com/d/file/2014/05-27/9723ddf05ea0df622700798b19b41dbc.jpg	http://www.baihuamen.com/qinyeshanhu/
http://pic64.nipic.com/file/20150422/885387_175846456000_2.jpg	http://www.nipic.com/show/12285276.html
http://valley-of-flower.com/forum/attachments/month_1010/20101002_fc30dc2e376777a8e9deZVrqB1jj2j81.jpg	http://valley-of-flower.com/forum/thread-35715-1-1.html
http://www.baihuamen.com/d/file/2014/05-27/2cb48b7e09eaf54ac14a00e5a04abcc4.jpg	http://www.baihuamen.com/qinyeshanhu/
http://www.baihuamen.com/d/file/2014/05-27/fa57e7eac7e11a3d597b1e587f77b2c3.jpg	http://www.baihuamen.com/qinyeshanhu/16702_4.html
http://www.yuanlin365.com/Picture/51024/2012-2/2012229114423.jpg	http://xiangyanglvhua02.yuanlin365.com/offerdetail_669940.shtml
http://www.baihuamen.com/d/file/2014/05-27/032baf7add2f07bca798235856fba05d.jpg	http://www.baihuamen.com/qinyeshanhu/
http://pic4.55jia.net/fengshuizhiwu/37/a288576.png	http://www.55jia.net/75/312261.html
http://valley-of-flower.com/forum/attachments/month_1010/20101002_b192bec5020ec4db22e5d6DD72mm2M0F.jpg	http://valley-of-flower.com/forum/thread-35715-1-1.html
http://www.yuhuagu.com/uploads/allimg/120519/10-1205191GZ2.jpg	http://www.yuhuagu.com/ktsh/2963.html
http://s2.sinaimg.cn/middle/59c2f7a4gc500221ae4c1&690	http://blog.sina.com.cn/s/blog_59c2f7a40102dzq6.html
http://tu.qt3191.com/allimg/c110626/130Z60K4D560-4YA.gif	http://www.qt3191.com/changjianguanmu/36108.html
http://pic11.nipic.com/20101112/5506909_114826086521_2.jpg	http://www.nipic.com/show/1/44/3929228kb17d855d.html
http://z.xiziwang.net/uploads/allimg/141111/30_141111110457_1.jpg	http://z.xiziwang.net/hua/16474/
http://flower.dzvv.com/attachment/0801/300ba87ee4.jpg	http://flower.dzvv.com/flower/7/2008-11/287.html
http://www.baihuamen.com/d/file/2014/05-27/25d455cdab9d74f34a9459ddf0a2c066.jpg	http://www.baihuamen.com/qinyeshanhu/
http://pic18.nipic.com/20111208/8759743_114328342143_2.jpg	http://www.nipic.com/show/1/44/5469750k0962e885.html
http://i269.photobucket.com/albums/jj72/twocow/R0018177.jpg	http://blog.udn.com/twocow/2138847
http://pic65.nipic.com/file/20150422/13264764_133811017000_2.jpg	http://www.nipic.com/show/12304105.html
http://img.boqiicdn.com/Data/BK/P/imagick95051446457194.jpg	http://www.boqii.com/entry/detail/2174.html
http://s11.sinaimg.cn/mw690/001KskmKzy77mEqPSlA1a&690	http://blog.sina.com.cn/s/blog_5f85abb20102xuci.html
http://www.365aikan.com/d/file/sjzz/zhiwu/2016-06-28/1d50ade07fb5226ff2c2007f99a2e883.jpg	http://www.365aikan.com/sjzz/zhiwu/21344.html
https://cbu01.alicdn.com/img/ibank/2014/268/337/1501733862_1545500598.220x220.jpg	http://www.1688.com/jiage/-C7D9D2B6C9BABAF7.html
https://gss3.bdstatic.com/7Po3dSag_xI4khGkpoWK1HF6hhy/baike/c0%3Dbaike60%2C5%2C5%2C60%2C20/sign=7fcc7d07a7efce1bfe26c098ce3898bb/f636afc379310a555c3ae005b74543a982261020.jpg	https://baike.baidu.com/item/%E7%90%B4%E5%8F%B6%E7%8F%8A%E7%91%9A
http://www.baihuamen.com/d/file/2014/05-27/60715a2ea7c9e446d3a5a01d8bc0eca5.jpg	http://www.baihuamen.com/qinyeshanhu/
http://a1.att.hudong.com/60/59/01100000000000144734597422072_s.jpg	http://www.baike.com/wiki/%E7%90%B4%E5%8F%B6%E7%8F%8A%E7%91%9A
http://4.bp.blogspot.com/-huAlAnc3SYA/VC40EBrSxuI/AAAAAAAAkg8/ag3JbrRhXPY/s1600/P1310650.JPG	http://purplewhee.blogspot.com/2012/05/blog-post_25.html
http://pic16.nipic.com/20110805/128199_200226303000_2.jpg	http://www.nipic.com/show/1/44/4971457k3ee41c2b.html
https://gss2.bdstatic.com/-fo3dSag_xI4khGkpoWK1HF6hhy/baike/c0%3Dbaike60%2C5%2C5%2C60%2C20/sign=0bd39533af51f3ded7bfb136f5879b7a/b219ebc4b74543a914e3a7351e178a82b801144a.jpg	https://baike.baidu.com/item/%E7%90%B4%E5%8F%B6%E7%8F%8A%E7%91%9A
http://www.yuhuagu.com/uploads/allimg/130622/43-130622200030.jpg	http://www.yuhuagu.com/ktsh/2963.html
http://www.52yhua.com/uploads/allimg/160614/1-160614215007.jpg	http://m.52yhua.com/mubentp/2586.html
http://valley-of-flower.com/forum/attachments/month_1010/20101002_45c6f92c00fec248247bATgrK6sCNswN.jpg	http://valley-of-flower.com/forum/thread-35715-1-1.html
https://www.huabaike.com/uploads/allimg/sltimg/201702/589ab7c7ddcee.jpg	https://www.huabaike.com/hyjk/7078.html
http://www.baihuamen.com/d/file/2014/05-27/4c12c28e886e7abc4bbccdd116bfeb93.jpg	http://www.baihuamen.com/qinyeshanhu/16702_10.html
https://gss1.bdstatic.com/-vo3dSag_xI4khGkpoWK1HF6hhy/baike/s%3D220/sign=0d6d51ec953df8dca23d8893fd1072bf/72f082025aafa40f365991c6a164034f78f01909.jpg	https://baike.baidu.com/item/%E7%90%B4%E5%8F%B6%E7%8F%8A%E7%91%9A
http://www.yuhuagu.com/uploads/allimg/130622/43-130622200024.jpg	http://www.yuhuagu.com/ktsh/2963.html
http://www.miaoe.com/upload/13560019749/2016/241d3a73-53db-4393-9ae2-1f8b6a5f0cae/b_241d3a73-53db-4393-9ae2-1f8b6a5f0cae.JPG	http://www.miaoe.com/shop/4d02f70fa826445b8ad25ac8ee107a41/product_details.html
http://s3.sinaimg.cn/middle/66019f9eha861171d0fa2&690	http://blog.sina.com.cn/s/blog_66019f9e0102drfc.html
https://www.huabaike.com/uploads/allimg/sltimg/201607/578c815fb8319.jpg	https://www.huabaike.com/hyjk/7078.html
http://flower.dzvv.com/attachment/0801/27fa0cb217.jpg	http://flower.dzvv.com/flower/7/2008-11/287.html
http://www.szum.gov.cn/zfwg/cgzt/yllh/gybk/201609/W020160927395294499221.jpg	http://www.szum.gov.cn/zfwg/cgzt/yllh/gybk/201609/t20160927_4967539.htm
http://image.sciencenet.cn/album/201102/01/083610xz2tqi4ezbnxltnc.jpg	http://wap.sciencenet.cn/blogview.aspx?id=409489
http://image2081-c.poco.cn/mypoco/myphoto/20111130/15/54948250201111301523537013011055187_000.jpg	http://my.poco.cn/lastphoto_v2.htx&id=2917506&user_id=54948250&p=0
http://i7.download.fd.pchome.net/g1/M00/12/15/oYYBAFaWEa6IN-DuAAdFa_1GgLEAAC2JwJ4pfYAB0WD724.jpg	http://download.pchome.net/wallpaper/info-8947-4-1.html
http://www.baihuamen.com/d/file/2014/05-27/87c708ace651d0911f2556dc8b22c8f1.jpg	http://www.baihuamen.com/qinyeshanhu/16702_19.html
http://www.zxhm2.com/upLoadFile/20169243529.jpg	http://www.zxhm2.com/pro_detail125.html
https://cbu01.alicdn.com/img/ibank/2011/353/969/431969353_1090304231.220x220.jpg	http://www.1688.com/jiage/-C7D9D2B6C9BABAF7.html
http://www.huaxianer.com/uploads/allimg/170717/6-1FGF912590-L.jpg	http://www.huaxianer.com/wiki/071590.html
https://cdn.huaniaoy.cn/20161224/original/1482567957465.jpg@!pic280zw	https://www.huaniaoy.com/yangzhifangfa/727/
http://www.yiyigreen.com:8078/web/app/upload/product/yiyid20161210090543427.JPG	http://www.yiyigreen.com/Product/Detail/index/id/36802.html
https://cbu01.alicdn.com/img/ibank/2015/847/868/2398868748_936860918.220x220.jpg	http://www.1688.com/jiage/-C7D9D2B6C9BABAF7.html
http://www.miaoe.com/upload/13560019749/2016/7dd5fa22-c235-475a-a5d2-f28c43640c8d/m_7dd5fa22-c235-475a-a5d2-f28c43640c8d.JPG	http://www.miaoe.com/shop/4d02f70fa826445b8ad25ac8ee107a41/product_details.html
https://cdn.huaniaoy.cn/20160507/original/1462553275888.jpg@!picb	https://www.huaniaoy.com/yangzhifangfa/727/
http://www.fpcn.net/uploads/allimg/130910/2-130910132P3249.JPG	http://www.fpcn.net/a/guanmu/20130910/Jatropha_integerrima.html
http://pic21.nipic.com/20120613/7083467_154514132000_2.jpg	http://www.nipic.com/show/1/44/6355209k1f58d406.html
http://www.yiyigreen.com:8078/web/app/upload/product/yiyid20161210090543408.JPG	http://www.yiyigreen.com/Product/Search/index/keyword/%E7%90%B4%E5%8F%B6%E7%8F%8A%E7%91%9A.html
http://pic65.nipic.com/file/20150422/13264764_133805541000_2.jpg	http://www.nipic.com/show/12304110.html
http://s12.sinaimg.cn/mw690/003sae9dgy6YG6XfS2v6b&690	http://blog.sina.com.cn/s/blog_bc9f8f830102w1md.html
http://www.shucity.cn/wordpress/wp-content/uploads/2016/08/%E7%90%B4%E5%8F%B6%E7%8F%8A%E7%91%9A-300x300.jpg	http://www.shucity.cn/wordpress/category/%E5%B8%B8%E7%BB%BF%E7%81%8C%E6%9C%A8/%E7%90%B4%E5%8F%B6%E7%8F%8A%E7%91%9A
https://cbu01.alicdn.com/img/ibank/2014/164/440/1871044461_549380946.220x220.jpg	http://www.1688.com/jiage/-C7D9D2B6C9BABAF7.html
http://www.baihuamen.com/d/file/2014/05-27/c01c1c571d4fc5ee99e8054e9976b428.jpg	http://www.baihuamen.com/qinyeshanhu/16702.html
https://upload.wikimedia.org/wikipedia/commons/thumb/e/ea/Nh%E1%BA%A5t_chi_mai.jpg/250px-Nh%E1%BA%A5t_chi_mai.jpg	https://zh-yue.wikipedia.org/wiki/%E7%90%B4%E8%91%89%E7%8F%8A%E7%91%9A
https://www.huabaike.com/uploads/allimg/artimg/201702/20170207100405_50976.jpg	https://www.huabaike.com/hyjk/7078.html
https://cbu01.alicdn.com/img/ibank/2013/336/431/1007134633_470420139.220x220.jpg	http://www.1688.com/jiage/-C7D9D2B6C9BABAF7.html
http://pic47.nipic.com/20140817/18121525_171134614000_2.jpg	http://www.nipic.com/show/10938565.html
http://www.gzzmjd.com/d/file/zhongmiao/dbgmm/2015-08-13/1edaa92381f03298fd6c474319d3cd6b.jpg	http://www.gzzmjd.com/dbgmm89.html
http://s16.sinaimg.cn/mw690/001MTVMlgy714bFrn2vcf&690	http://blog.sina.com.cn/s/blog_61acfdc10102w4kg.html
http://miaomu.cila.cn/UploadFiles/2011/9/21161619734.jpg	http://miaomu.cila.cn/infoshow-300191.html
http://s7.sinaimg.cn/middle/66019f9eha861138ecf96&690	http://blog.sina.com.cn/s/blog_66019f9e0102drfc.html
http://s1.sinaimg.cn/mw690/001KskmKzy77mEqqh7ad0&690	http://blog.sina.com.cn/s/blog_5f85abb20102xuci.html
http://www.biyebi.com/Attachments/baike/201611/581bf74248e69.jpg	http://www.biyebi.com/baike/article_10887.html
https://cbu01.alicdn.com/img/ibank/2014/068/811/1667118860_617608698.jpg?__r__=1409826702906	https://detail.1688.com/offer/40975043820.html
http://plant.cila.cn/uploadfiles/zhiwutu/201703/qinyeshanhu3.jpg	http://plant.cila.cn/zhiwuku/qinyeshanhu/
http://img.yanquecao.com/img/flower/jatrophaintegerrima/jatrophaintegerrima5.jpg	http://www.yanquecao.com/detail/529
http://s10.sinaimg.cn/mw690/001xiLqHzy78AY6bmPL69&690	http://blog.sina.com.cn/s/blog_53efcb930102x0qu.html
http://www.baihuamen.com/d/file/2014/05-27/aaa79e914b0cead806d7514de7793c1b.jpg	http://www.baihuamen.com/qinyeshanhu/16702_20.html
http://pic30.nipic.com/20130604/12671763_132628053000_2.jpg	http://www.nipic.com/show/1/44/8254312k9eb1385a.html
http://www.biyebi.com/Attachments/baike/201611/581bf734cad3b.jpg	http://www.biyebi.com/baike/article_10887.html
http://img05.tooopen.com/images/20140909/sy_70240963816.jpg	http://www.tooopen.com/view/702409.html
http://pic65.nipic.com/file/20150422/13264764_133742984000_2.jpg	http://www.nipic.com/show/12304117.html
http://pic61.nipic.com/file/20150301/8439755_103608742593_2.jpg	http://www.nipic.com/show/12010375.html
http://img.boqiicdn.com/Data/BK/A/1511/2/imagick21311446435605_y.jpg	http://www.boqii.com/entry/detail/2174.html
http://www.rensheng2.com/upload/2015/11/23/2d0c7459-a608-4393-ba29-66523598219b.jpg	http://www.rensheng2.com/720000/719529.shtml
http://tu.qt3191.com/allimg/c110626/130Z60K455D0-1R49.gif	http://www.qt3191.com/changjianguanmu/36108.html
http://s14.sinaimg.cn/mw690/001EbTiLgy6U84DpHGJ2d&690	http://blog.sina.com.cn/s/blog_5a01156f0102vyx2.html
http://s16.sinaimg.cn/mw690/001MTVMlgy714bqLgejff&690	http://blog.sina.com.cn/s/blog_61acfdc10102w4kg.html
http://www.toyogreen.com/plant%20species/Shrubs/images/20080807/link/Jatropha%20pandurifolia%20%20flower.JPG	http://www.toyogreen.com/plant%20species/Shrubs/Jatropha%20pandurifoliaCHN.htm
http://image.sciencenet.cn/album/201606/28/173128vc7cvcznycjz5cxf.jpg	http://blog.sciencenet.cn/blog-827932-987313.html
http://pic27.nipic.com/20130225/9344357_230006402000_2.jpg	http://www.nipic.com/show/1/44/7597753kc0d4e1fa.html
https://upload.wikimedia.org/wikipedia/commons/thumb/4/40/KamJipSaanWu.jpg/1200px-KamJipSaanWu.jpg	https://zh-yue.wikipedia.org/wiki/%E7%90%B4%E8%91%89%E7%8F%8A%E7%91%9A
http://s9.sinaimg.cn/mw690/001KskmKzy77mEqy9led8&690	http://blog.sina.com.cn/s/blog_5f85abb20102xuci.html
http://minhill.com/zhiya/images/thumb/a/a0/%E7%90%B4%E5%8F%B6%E7%8F%8A%E7%91%9A.jpg/250px-%E7%90%B4%E5%8F%B6%E7%8F%8A%E7%91%9A.jpg	http://minhill.com/zhiya/index.php/%E7%90%B4%E5%8F%B6%E7%8F%8A%E7%91%9A
http://s11.sinaimg.cn/mw690/001EbTiLgy6U84DKq2m7a&690	http://blog.sina.com.cn/s/blog_5a01156f0102vyx2.html
http://www.yiyigreen.com:8078/web/app/upload/product/yiyid20161210090543118.JPG	http://www.yiyigreen.com/Product/Detail/index/id/36802.html
http://image.sciencenet.cn/album/201102/01/0727198w824wtxsegux8ym.jpg	http://blog.sciencenet.cn/home.php?mod=space&uid=222&do=blog&id=409489
http://4.bp.blogspot.com/-gmjYUu-OosY/VC40EUddlkI/AAAAAAAAkhI/GFz1FCJADh4/s1600/P1310654.JPG	http://purplewhee.blogspot.com/2012/05/blog-post_25.html
http://www.user1.jqw.com/2011/04/30/346697/product/b201206270917058474.jpg	http://www.taici.org/dianshiju/6IuX5ZyDIOeQtOWPtuePiueRmg%3D%3D.html
https://scontent-dft4-1.cdninstagram.com/t51.2885-15/s640x640/sh0.08/e35/c135.0.810.810/18161717_122600631630541_3676206119467876352_n.jpg	http://www.lakako.com/tag/%E7%90%B4%E5%8F%B6%E7%8F%8A%E7%91%9A
http://61.155.168.28:8002/zw/upimg/pbi/201311613815.jpg	http://61.155.168.28:8002/zw/BotanyShow.asp?id=90
http://s14.sinaimg.cn/mw690/001TVMgvty6Gv0EUMvrdd&690	http://blog.sina.com.cn/s/blog_67ddfd470101gfsg.html
