
http://a3.att.hudong.com/84/10/01300000164586121751109853723_s.jpg	http://www.baike.com/wiki/%E7%BE%8E%E4%B8%BD%E6%9C%88%E8%A7%81%E8%8D%89
http://www.fc312.com/web_manage/manage/wenedit/UploadFile/201516142648889.JPG	http://www.fc312.com/pro_info.asp?id=1528
http://www.baihuamen.com/d/file/2014/06-01/2788d7dcfc342ab7831916c98490cf1a.jpg	http://www.baihuamen.com/meiliyuejiancao/17416_9.html
http://www.baihuamen.com/d/file/2014/06-01/bbd4b16c0107985921e2dc2e8a4e3d3f.jpg	http://www.baihuamen.com/meiliyuejiancao/
http://www.florhunt.cn/images/showy%20primrose-1.jpg	http://www.florhunt.cn/wildflower/Evening%20Primrose.html
http://www.syhyhp.com/upfile/isClass/pic/20140826203226-35980274109169840.jpg	http://www.syhyhp.com/product_view.php?id=171
http://www.cnhua.net/uploads/allimg/090716/21061T520-0.JPG	http://www.cnhua.net/zhiwu/liuyecaike/mlyjc/
http://a3.att.hudong.com/61/17/300000764046131372171192382_950.jpg	http://tupian.baike.com/90261/6.html?prd=zutu_thumbs
http://www.baihuamen.com/d/file/2014/06-01/7cffe5492c1ca2bf3d7cb5f1beac004a.jpg	http://www.baihuamen.com/meiliyuejiancao/
http://www.baihuamen.com/d/file/2014/06-01/93723fb8689c98621837c7c5bbe50cca.jpg	http://www.baihuamen.com/meiliyuejiancao/
http://www.scib.cas.cn/kxcb/hx/200904/W020090711727637118060.jpg	http://www.scib.cas.cn/kxcb/hx/200904/t20090412_2062592.html
http://www.baihuamen.com/d/file/2014/04-16/3ffcd953e579aab8060bbd18e8d24be6.jpg	http://www.baihuamen.com/yuejiancao/
https://gss2.bdstatic.com/-fo3dSag_xI4khGkpoWK1HF6hhy/baike/s%3D220/sign=413b59051e4c510faac4e51850582528/7dd98d1001e93901e7400af37fec54e737d196b9.jpg	https://baike.baidu.com/item/%E7%BE%8E%E4%B8%BD%E6%9C%88%E8%A7%81%E8%8D%89
https://cbu01.alicdn.com/img/ibank/2016/769/626/3575626967_839180933.220x220.jpg	http://www.1688.com/jiage/-C3C0C0F6D4C2BCFBB2DD.html
http://a4.att.hudong.com/25/19/01300000164586121751192147852_s.jpg	http://www.baike.com/wiki/%E7%BE%8E%E4%B8%BD%E6%9C%88%E8%A7%81%E8%8D%89
http://upload-images.jianshu.io/upload_images/5416123-4576f8231bc8aa73.jpg?imageMogr2/auto-orient/strip%7CimageView2/2/w/1240	http://www.jianshu.com/p/c50421029304
http://img.boqiicdn.com/Data/BK/P/imagick58931448271191.jpg	http://www.boqii.com/entry/detail/2244.html
https://gss1.bdstatic.com/9vo3dSag_xI4khGkpoWK1HF6hhy/baike/s%3D220/sign=085ebc31b719ebc4c478719bb227cf79/10dfa9ec8a13632713bf4167958fa0ec08fac710.jpg	https://baike.baidu.com/item/%E7%BE%8E%E4%B8%BD%E6%9C%88%E8%A7%81%E8%8D%89
http://www.baihuamen.com/d/file/2014/06-01/8525516f43516137520c6725d8e5b7ff.jpg	http://www.baihuamen.com/meiliyuejiancao/
http://www.huayugu.com.cn/uploads/allimg/160728/1-160HQP0350-L.jpg	http://www.huayugu.com.cn/meiliyuejiancao/
http://www.fc312.com/web_manage/manage/wenedit/UploadFile/20151614274694.JPG	http://www.fc312.com/pro_info.asp?id=1528
https://cbu01.alicdn.com/img/ibank/2017/604/286/4196682406_202080557.310x310.jpg	https://www.1688.com/pic/-C3C0C0F6D4C2BCFBB2DDD6D6D7D3.html
http://www.huayugu.com.cn/uploads/allimg/160728/1-160HQP5480-L.jpg	http://www.huayugu.com.cn/meiliyuejiancao/
http://www.njlby.com/imageRepository/a5b68f54-aa86-4095-9c7a-05c351c684c3.jpg	http://www.njlby.com/huahui_detail/newsId=277.html
https://img.lrgarden.com/feed_pic/19/17/1000273427_1000014626_1499080337.jpg	https://www.lrgarden.com/topic/view/id-1000002153.html
http://www.cnhua.net/uploads/allimg/090716/210424L45-0.JPG	http://www.cnhua.net/zhiwu/liuyecaike/mlyjc/
http://a3.att.hudong.com/75/08/01300000164586121751083820440_s.jpg	http://www.baike.com/wiki/%E7%BE%8E%E4%B8%BD%E6%9C%88%E8%A7%81%E8%8D%89
http://pic4.55jia.net/fengshuizhiwu/42/a287299.jpg	http://www.55jia.net/75/311958.html
http://www.baihuamen.com/d/file/2014/04-19/347656e8cfd6c7fff72364538670b4fe.jpg	http://www.baihuamen.com/hongyuejiancao/
http://www.cnhua.net/uploads/allimg/090716/210P164R-0.JPG	http://www.cnhua.net/zhiwu/liuyecaike/mlyjc/
https://gw.alicdn.com/bao/uploaded/i3/TB1cii1HVXXXXaSXFXXXXXXXXXX_!!0-item_pic.jpg_230x230.jpg	https://www.taobao.com/article/F9FPCSDFDfGHClDm.html
http://www.pjcn.org/uploads/allimg/1611/1-1611252234063Y.jpg	http://www.pjcn.org/hy/2902/
http://a0.att.hudong.com/46/16/01300000164586121751162682085_s.jpg	http://www.baike.com/wiki/%E7%BE%8E%E4%B8%BD%E6%9C%88%E8%A7%81%E8%8D%89
https://gss2.bdstatic.com/-fo3dSag_xI4khGkpoWK1HF6hhy/baike/s%3D220/sign=9c14bd091fd5ad6eaef963e8b1ca39a3/8b82b9014a90f6033d821a8a3d12b31bb151edc9.jpg	https://baike.baidu.com/item/%E7%BE%8E%E4%B8%BD%E6%9C%88%E8%A7%81%E8%8D%89
https://cbu01.alicdn.com/img/ibank/2015/746/561/2217165647_1374213954.220x220.jpg	http://www.1688.com/jiage/-C3C0C0F6D4C2BCFBB2DD.html
https://gw.alicdn.com/bao/uploaded/i1/115503257/TB2n0.NuR0kpuFjSsziXXa.oVXa_!!115503257.jpg_230x230.jpg	https://www.taobao.com/oshtml/buy-cn/cp_w8DA9tTCvPuy3dbW19M.html
http://img100.ph.126.net/MqveRnrdrvt5zQzgoRwLZA==/2058426504687042423.jpg	http://yangli.1946.blog.163.com/blog/static/73079756201161335648779/
http://www.ixiupet.com/uploads/allimg/170812/20091C004-0.png	http://www.ixiupet.com/linglei/huahui/17782.html
https://cbu01.alicdn.com/img/ibank/2016/612/077/2995770216_1026556056.220x220.jpg	http://www.1688.com/jiage/-C3C0C0F6D4C2BCFBB2DD.html
https://gss0.bdstatic.com/-4o3dSag_xI4khGkpoWK1HF6hhy/baike/s%3D220/sign=e1e955ec94ef76c6d4d2fc29ad17fdf6/241f95cad1c8a786cd23cdc36309c93d71cf50f5.jpg	https://baike.baidu.com/item/%E7%BE%8E%E4%B8%BD%E6%9C%88%E8%A7%81%E8%8D%89
http://pic4.55jia.net/fengshuizhiwu/02/a366235.jpg	http://www.55jia.net/75/330837.html
https://gw.alicdn.com/bao/uploaded/i3/2684443201/TB2JmgeetBopuFjSZPcXXc9EpXa_!!2684443201.jpg_230x230.jpg	https://www.taobao.com/oshtml/buy-cn/cp_w8DA9tTCvPuy3dbW19M.html
http://www.wdptj.com/wp-content/uploads/2014/11/%E7%BE%8E%E4%B8%BD%E6%9C%88%E8%A7%81%E8%8D%891.jpg	http://www.wdptj.com/6103.html
http://pic4.55jia.net/fengshuizhiwu/45/a287310.jpg	http://www.55jia.net/75/311958.html
http://pic4.55jia.net/fengshuizhiwu/39/a287283.jpg	http://www.55jia.net/75/311958.html
https://gw.alicdn.com/bao/uploaded/i1/TB1iDzSOFXXXXcdXVXXXXXXXXXX_!!0-item_pic.jpg_230x230.jpg	https://www.taobao.com/oshtml/buy-cn/cp_w8DA9tTCvPuy3dbW19M.html
http://pic4.55jia.net/fengshuizhiwu/54/a366208.jpg	http://www.55jia.net/75/330837.html
http://pic4.55jia.net/fengshuizhiwu/51/a366195.jpg	http://www.55jia.net/75/330837.html
http://img.boqiicdn.com/Data/BK/A/1511/23/imagick48591448261372_y.jpg	http://www.boqii.com/entry/detail/2244.html
http://s11.sinaimg.cn/mw690/57fed723gdbb5d0e8f67a&690	http://blog.sina.com.cn/s/blog_57fed7230101jymb.html
http://zhanqun-con.oss-cn-hongkong.aliyuncs.com/ssgaj/3/12392.jpg	http://m.ssgaj.com/t1059.html
http://www.huaxianer.com/uploads/allimg/170426/2-1F4261A551639.jpg	http://www.huaxianer.com/jishu/04143.html
http://s9.sinaimg.cn/mw690/003sae9dzy79YAiDudi98&690	http://blog.sina.com.cn/s/blog_bc9f8f830102wsbk.html
http://www.huayugu.com.cn/uploads/allimg/160728/1-160HQPJ20-L.jpg	http://www.huayugu.com.cn/meiliyuejiancao/
https://dimg06.c-ctrip.com/images/100t0g0000007qxr7816B_C_1000_10000_Q90.jpg	http://you.ctrip.com/travels/jiangyin235/3434909.html
http://img.boqiicdn.com/Data/BK/P/imagick41061448271298.jpg	http://www.boqii.com/entry/detail/2244.html
http://s7.sinaimg.cn/mw690/001x5KN2ty6TmTKnipEc6&690	http://blog.sina.com.cn/s/blog_53c07b600102vtjz.html
http://gmimg.geimian.com/pic/2015/05/2015-05-22_195954.jpg	https://www.geimian.com/wx/35284.html
http://s13.sinaimg.cn/mw690/001x5KN2ty6TmTKALww7c&690	http://blog.sina.com.cn/s/blog_53c07b600102vtjz.html
http://www.wdptj.com/wp-content/uploads/2014/11/%E7%BE%8E%E4%B8%BD%E6%9C%88%E8%A7%81%E8%8D%89.jpg	http://www.wdptj.com/6103.html
http://s13.sinaimg.cn/mw690/001x5KN2ty6TmTJlq7q7c&690	http://blog.sina.com.cn/s/blog_53c07b600102vtjz.html
http://img.d17.cc/group1/M01/0C/EF/wKgAKVitVHCIQg9AAACc2H_te_gAABS3AG7ULcAAJzw820.jpg	http://news.d17.cc/show-25066.html
http://www.wdptj.com/wp-content/uploads/2014/11/%E7%BE%8E%E4%B8%BD%E6%9C%88%E8%A7%81%E8%8D%892.jpg	http://www.wdptj.com/6103.html
http://www.njlby.com/imageRepository/50f6e35a-e1ac-4723-a6e4-57fbd0290dc9.jpg	http://www.njlby.com/huahui_detail/newsId=277.html
http://a2.att.hudong.com/14/16/01300000164586121751168808125_s.jpg	http://www.baike.com/wiki/%E7%BE%8E%E4%B8%BD%E6%9C%88%E8%A7%81%E8%8D%89
https://cbu01.alicdn.com/img/ibank/2016/459/373/3503373954_582171222.220x220.jpg	http://www.1688.com/jiage/-C3C0C0F6D4C2BCFBB2DDD6D6D7D3.html
https://gw.alicdn.com/bao/uploaded/i3/TB1QvrkJXXXXXaOXpXXXXXXXXXX_!!0-item_pic.jpg_230x230.jpg	https://www.taobao.com/oshtml/buy-cn/cp_w8DA9tTCvPuy3dbW19M.html
https://cdn.pixabay.com/photo/2016/04/03/22/16/primrose-1305729_960_720.jpg	https://pixabay.com/zh/photos/%E6%9C%88%E8%A7%81%E8%8D%89/
http://tupian.geimian.com/pic/2015/05/2015-05-22_201620.jpg	https://www.geimian.com/wx/35284.html
http://pic1.win4000.com/pic/9/76/ced11363165.jpg_195.jpg	http://www.win4000.com/meinv114501.html
http://img.xunhai.com/2015/12/01/144892303452310.jpg	http://www.xunhai.com/meiliyuejiancao/
http://www.huayugu.com.cn/uploads/allimg/160728/1-160HQKZ00-L.jpg	http://www.huayugu.com.cn/meiliyuejiancao/
http://s6.sinaimg.cn/mw690/003sae9dzy79YAjbOMR75&690	http://blog.sina.com.cn/s/blog_bc9f8f830102wsbk.html
http://www.florhunt.cn/images/showy%20primrose-2.jpg	http://www.florhunt.cn/wildflower/Evening%20Primrose.html
http://pic1.huashichang.com/2016/0727/21/5798bb242559e.jpg	http://m.aihuhua.com/tupian/tupianpdn.html
http://www.21cbi.com/upload/201609/24/147465883126.jpg	http://m.21cbi.com/s/1/101225.html
http://a4.att.hudong.com/22/23/01300000164586121751230332175_s.jpg	http://www.baike.com/wiki/%E7%BE%8E%E4%B8%BD%E6%9C%88%E8%A7%81%E8%8D%89
http://s14.sinaimg.cn/mw690/57fed723gdbb5d12eb15d&690	http://blog.sina.com.cn/s/blog_57fed7230101jymb.html
http://s12.sinaimg.cn/mw690/57fed723g7c5efb5267eb&690	http://blog.sina.com.cn/s/blog_57fed7230101jymb.html
http://upload-images.jianshu.io/upload_images/5416123-b23c0ce0540a05b0.jpg?imageMogr2/auto-orient/strip%7CimageView2/2/w/1240	http://www.jianshu.com/p/c50421029304
http://www.njlby.com/imageRepository/ba8022d0-efff-4f2d-84b0-42a7a4280337.png	http://www.njlby.com/huahui_detail/newsId=277.html
http://image.sciencenet.cn/album/201305/04/104239s6vw92mvm0js67rb.jpg	http://blog.sciencenet.cn/blog-421287-686629.html
http://www.kuailea.com/wiki/uploads/201212/1355404122QMMbmrwU.jpg	http://www.kuailea.com/wiki/doc-view-425.html
http://b2b.image.yuanlin.com/biz/2014-3/201403110124557763.jpg	http://www.yuanlin.com/b2b/sell_detail_815167.html
http://bg.zafu.edu.cn/static/upload/2013/05/16/%E7%BE%8E%E4%B8%BD%E6%9C%88%E8%A7%81%E8%8D%89%20Oenothera%20speciosa%20Nutt.%200088%20(1)_thumb.JPG	http://bg.zafu.edu.cn/articles/flower/23/
http://img.redocn.com/sheying/20161013/siduomeiliyuejiancao_7266447_small.jpg	http://m.redocn.com/dongwuzhiwu_7266449.html
http://img.redocn.com/sheying/20161013/meiliyuejiancaotexie_7266449.jpg	http://m.redocn.com/dongwuzhiwu_7266449.html
http://www.huaxianer.com/uploads/allimg/170426/2-1F4261A6101R.jpg	http://www.huaxianer.com/jishu/04143.html
http://www.52yhua.com/uploads/allimg/160717/1-160GH15324.jpg	http://www.52yhua.com/caobentp/3012.html
http://img.taobaocdn.com/bao/uploaded/TB2IpJbu84lpuFjy1zjXXcAKpXa_!!115503257.jpg	http://www.ny180.com/item-37685710348.html
http://pic24.nipic.com/20120831/7973596_143158881000_2.jpg	http://www.nipic.com/show/6861727.html
http://www.njlby.com/imageRepository/92886f50-8162-48cf-bbbc-70cc80a890d2.jpg	http://www.njlby.com/huahui_detail/newsId=277.html
http://a0.att.hudong.com/88/38/01200000029341136324380647213.jpg	http://www.baike.com/gwiki/%E7%BE%8E%E4%B8%BD%E6%9C%88%E8%A7%81%E8%8D%89
http://s2.sinaimg.cn/mw690/003sae9dzy79YAisxoJc1&690	http://blog.sina.com.cn/s/blog_bc9f8f830102wsbk.html
https://b-ssl.duitang.com/uploads/item/201412/30/20141230003705_KKLdQ.jpeg	https://www.duitang.com/blog/?id=532889735
http://img10.007swz.com/cpimg/huahuizhongzizhongmiao/LhT1iZkiS_1370483705.jpg	http://m.007swz.com/t/%C3%C0%C0%F6%D4%C2%BC%FB%B2%DD
http://upload-images.jianshu.io/upload_images/3825241-8711842189cd637f.jpg?imageMogr2/auto-orient/strip%7CimageView2/2/w/1080/q/50	http://www.jianshu.com/p/b77f1f02d41e
http://image.sciencenet.cn/album/201605/01/063254jm2k92lnbm9b2bzj.jpg	http://blog.sciencenet.cn/blog-5889-973981.html
https://b-ssl.duitang.com/uploads/item/201612/18/20161218202518_PXJz3.jpeg	https://www.duitang.com/blog/?id=682917276
http://img.boqiicdn.com/Data/BK/A/1511/23/imagick93071448264145_y.jpg	http://www.boqii.com/entry/detail/2244.html
