
http://www.baihuamen.com/d/file/2014/05-28/07c4d6c8c2cfd8ca3f7e240db873a168.jpg	http://www.baihuamen.com/huanghuaijueming/
http://img0.ph.126.net/-7VS3tZPwVBcKPq8V95IMQ==/6597815235541316202.jpg	http://jcsqlj.blog.163.com/blog/static/17047353420133120730258/
http://mlei.co/blog/wp-content/uploads/2015/07/Senna-surattensis-2.jpg	http://mlei.co/blog/?p=6901
http://mlei.co/blog/wp-content/uploads/2015/07/Senna-surattensis-1.jpg	http://mlei.co/blog/?p=6901
http://www.njyl.com/admins/attachment/article/attachment/Mon_1112/581094_109fcf0aaa9.jpg	http://yuanyi.baike.com/article-1380942.html
http://www.baihuamen.com/d/file/2014/05-28/f5778365b8807e56607f357e155f4f4b.jpg	http://www.baihuamen.com/huanghuaijueming/
http://www.baihuamen.com/d/file/2014/05-28/dc1d96deb8415e6bd52625e3aea1189c.jpg	http://www.baihuamen.com/huanghuaijueming/
http://pic20.nipic.com/20120401/9135384_165521523000_2.jpg	http://www.nipic.com/show/1/44/5959467kd9e97a5d.html
http://www.baihuamen.com/d/file/2014/05-28/0c46dcf08085d5777e2f2415906c98aa.jpg	http://www.baihuamen.com/huanghuaijueming/
http://img1.ph.126.net/jnf80YVOIDzs7X4cZyC41A==/17169973596284503.jpg	http://sldgqyz.lofter.com/post/322960_37f3ef6
http://s14.sinaimg.cn/bmiddle/002760qzzy6GXKi0qwR7d&690	http://blog.sina.cn/dpool/blog/s/blog_7376486f0101e3kw.html
https://c2.staticflickr.com/4/3366/3512111733_b5b679ac90_z.jpg?zz=1	https://www.flickr.com/photos/lopokhun/3512111733
http://pic17.nipic.com/20111101/7418948_155411030000_2.jpg	http://www.nipic.com/show/1/44/5296340kdd2ab7d1.html
http://137.189.92.25:1314/hkcww/large_image/656.jpg	http://hkcww.org/hkplant/readid.php?id=656
https://upload.wikimedia.org/wikipedia/commons/thumb/9/97/Starr_020501-0002_Senna_surattensis.jpg/240px-Starr_020501-0002_Senna_surattensis.jpg	https://zh.wikipedia.org/wiki/%E9%BB%84%E6%A7%90%E5%86%B3%E6%98%8E
https://gw.alicdn.com/bao/uploaded/i2/TB1JV7yHpXXXXXwXFXXXXXXXXXX_!!0-item_pic.jpg_230x230.jpg	https://www.taobao.com/article/GZB6D7FoDiE3ByDX.html
http://www.168hm.com/Public/2015/05/16/502705KTUytCrI094336.jpg	http://www.168hm.com/Category/item_1172.html
http://www.baihuamen.com/d/file/2014/05-28/beab77f5ff39be7d563fb17790a80c36.jpg	http://www.baihuamen.com/huanghuaijueming/16853_3.html
http://www.weshare.hk/uploads/17674/e.xqMb80M1xuQxRQSdaR0A.jpg	http://www.weshare.hk/leunggillian/articles/2344175
http://img.back2china.com/space/forum/201512/10/020138g0orlark90odtzz6.jpg	http://www.backchina.com/forum/20151210/info-1337462-1-1.html
http://pic25.nipic.com/20121209/9912111_193857011000_2.jpg	http://www.nipic.com/show/1/44/7231815k1875afb9.html
https://www.huabaike.com/uploads/allimg/artimg/201706/20170608140009_81235.jpg	https://www.huabaike.com/yhjq/9358.html
http://m.21cbi.com/data/img.php?ref=http://blog.sina.com.cn&url=http://s1.sinaimg.cn/middle/049d4760g7863bcc8a550&690	http://m.21cbi.com/s/1/490415.html
http://img.aihuahui.com/d/2016/10/58098799588a1.jpg	http://www.aihuahui.com/aiqiaomuhuahui/1922.html
http://img.aihuahui.com/d/2017/07/59646419b1213.jpg	http://www.aihuahui.com/huahuizhishi/jiatingyanghua/7409.html
https://www.huabaike.com/uploads/allimg/sltimg/201706/bp_5938e7b92fa4e.jpg	https://www.huabaike.com/mbzw/9344.html
http://www.baihuamen.com/d/file/2014/05-28/fc929e820aed11f799f6bc3678ca98e6.jpg	http://www.baihuamen.com/huanghuaijueming/16853_11.html
http://pic1.win4000.com/pic/4/9f/f7a51347512.jpg_195.jpg	http://www.win4000.com/meinv112962.html
https://www.huabaike.com/uploads/allimg/artimg/201707/20170710152220_90260.jpg	https://www.huabaike.com/hyjk/9916.html
https://gss3.bdstatic.com/7Po3dSag_xI4khGkpoWK1HF6hhy/baike/s%3D220/sign=1670ed4bd32a60595610e6181835342d/3801213fb80e7bec139802632b2eb9389a506bf5.jpg	https://baike.baidu.com/item/%E9%BB%84%E6%A7%90%E5%86%B3%E6%98%8E
http://m.21cbi.com/data/img.php?ref=http://blog.sina.com.cn&url=http://s8.sinaimg.cn/middle/049d4760g7863bfddf4a7&690	http://m.21cbi.com/s/1/490415.html
http://m.21cbi.com/data/img.php?ref=http://blog.sina.com.cn&url=http://s9.sinaimg.cn/middle/049d4760gb3e576519eb8&690	http://m.21cbi.com/s/1/490415.html
http://www.yuhuagu.com/uploads/allimg/130430/10-130430113558.jpg	http://www.yuhuagu.com/ktsh/7567.html
http://img.aihuahui.com/d/2017/07/59642d744241b.jpg	http://www.aihuahui.com/huahuizhishi/yanghuajiqiao/7394.html
http://www.baihuamen.com/d/file/2014/05-28/ce067d29a039253d28665665905b7dcb.jpg	http://www.baihuamen.com/huanghuaijueming/16853_6.html
http://www.baihuamen.com/d/file/2014/05-28/53fa7396ca5842762e8f0dcba80662eb.jpg	http://www.baihuamen.com/huanghuaijueming/16853_14.html
http://a2.att.hudong.com/85/25/20200000013920144766257358622_s.jpg	http://www.baike.com/wiki/%E9%BB%84%E6%A7%90%E5%86%B3%E6%98%8E
http://image.sciencenet.cn/album/201706/09/1050232pwyet43trqjyeqt.jpg	http://blog.sciencenet.cn/blog-5889-1059838.html
http://www.51hm.cn/zwpic/%E5%8F%8C%E8%8D%9A%E5%86%B3%E6%98%8E1.jpg	http://www.51hm.cn/zw/zwshow_m.asp?zwid=2579
https://w5.sanwen8.cn/mmbiz_jpg/x8Cuf4jia1RX3APPLNppibVJe0aX7zibH13BnI0Nv2FrbHxaNzPcjUYAbRaaVNklWdBh9mCFj6fdM4pHzKu9VHz7Q/0?wx_fmt=jpeg	https://sanwen8.cn/p/7fbcY1w.html
https://www.huabaike.com/uploads/allimg/sltimg/201707/596314f423602.jpg	https://www.huabaike.com/jtyh/9912.html
http://img.aihuahui.com/d/2017/06/593a55163dcb1.jpg	http://www.aihuahui.com/huahuizhenliao/binghai/6835.html
http://www.baihuamen.com/d/file/2014/05-28/420141b3eabaaf3c4cdbbc400c19596e.jpg	http://www.baihuamen.com/huanghuaijueming/16853_12.html
http://s15.sinaimg.cn/mw690/001ClPwegy6SHPpmJ2e7e&690	http://blog.sina.com.cn/s/blog_58624a320102vos1.html
http://www.1688hdd.com/uploadfiles/pictures/news/20170220092031_5704.jpg	http://www.1688hdd.com/Article/blpsfdhhjm.html
http://s4.sinaimg.cn/mw690/001MoBF2zy6MrPX9mtt43&690	http://blog.sina.com.cn/s/blog_613b13a40102v45i.html
http://img0.ph.126.net/Fq65iAdRcFJ2eEHgYINIiA==/6597792145797127206.jpg	http://jcsqlj.blog.163.com/blog/static/17047353420133120730258/
http://s13.sinaimg.cn/mw690/001ClPwegy6SIs8om7O7c&690	http://blog.sina.com.cn/s/blog_58624a320102vos1.html
https://www.huabaike.com/uploads/allimg/sltimg/201707/59632aa9b0161.jpg	https://www.huabaike.com/hyjk/9916.html
https://cbu01.alicdn.com/img/ibank/2011/209/753/309357902_1733111058.220x220.jpg	http://www.1688.com/jiage/-BBC6BBB1BEF6C3F7.html
http://z.xiziwang.net/uploads/allimg/141111/31_141111163738_1_lit.jpg	http://z.xiziwang.net/zhongyao/16517/
https://cbu01.alicdn.com/img/ibank/2016/370/304/3258403073_1884366076.220x220.jpg	http://www.1688.com/jiage/-BBC6BBB1BEF6C3F7.html
http://s14.sinaimg.cn/mw690/001ClPwegy6SHPpHyGN7d&690	http://blog.sina.com.cn/s/blog_58624a320102vos1.html
http://www.baihuamen.com/d/file/2014/05-28/8eae1491b8e4e848208d884468dd9c4a.jpg	http://www.baihuamen.com/huanghuaijueming/16853_15.html
http://www.baihuamen.com/d/file/2014/05-28/46322418e9717cd2b5da33c7f5b459d0.jpg	http://www.baihuamen.com/huanghuaijueming/16853_16.html
https://gss0.bdstatic.com/-4o3dSag_xI4khGkpoWK1HF6hhy/baike/w%3D400/sign=a4f461669fcad1c8d0bbfd274f3f67c4/aa18972bd40735fa72773ff094510fb30e2408f7.jpg	https://baike.baidu.com/item/%E9%BB%84%E6%A7%90%E5%86%B3%E6%98%8E
https://cbu01.alicdn.com/img/ibank/2011/083/969/431969380_1090304231.220x220.jpg	http://www.1688.com/jiage/-BBC6BBB1BEF6C3F7.html
http://s12.sinaimg.cn/mw690/001sXXrFzy75ZKynHIvdb&690	http://blog.sina.com.cn/s/blog_501e41670102wrrt.html
http://pic63.nipic.com/file/20150330/532538_105534175000_2.jpg	http://www.nipic.com/show/12156306.html
http://www.szum.gov.cn/zfwg/cgzt/yllh/gybk/201609/W020160920368794313590.jpg	http://www.szum.gov.cn/zfwg/cgzt/yllh/gybk/201609/t20160920_4944586.htm
http://a2.att.hudong.com/17/25/01100000000000144766257832811_s.jpg	http://www.baike.com/wiki/%E9%BB%84%E6%A7%90%E5%86%B3%E6%98%8E
http://www.pjcn.org/uploads/allimg/1610/1-161021214U0a2.jpg	http://www.pjcn.org/hy/2605/
http://img.redocn.com/sheying/20161124/huanghuaijueminghuangsexiaohua_7501889.jpg	http://sucai.redocn.com/dongwuzhiwu_7501889.html
http://www.baihuamen.com/d/file/2014/05-28/714cecbcc7360e57cba8e6bb798a728d.jpg	http://www.baihuamen.com/huanghuaijueming/16853_7.html
http://img.redocn.com/sheying/20160302/huanghuaijueming_5917634.jpg	http://sucai.redocn.com/dongwuzhiwu_5917634.html
http://www.baihuamen.com/d/file/2014/05-28/5ce4c01b07b347210b70363604c686f8.jpg	http://www.baihuamen.com/huanghuaijueming/16853_4.html
http://pic29.nipic.com/20130527/4224370_161342660000_2.jpg	http://www.nipic.com/show/1/44/8159129kfe04e8d4.html
http://www.gdlifang.com/UploadFiles/FCK/7%E9%BB%84%E6%A7%90.jpg	http://www.gdlifang.com/Article/40duozhonghuangsedeh_2_1.html
http://sygxyl.com/upLoad/product/month_1606/201606141405465919.jpg	http://sygxyl.com/content/?981.html
http://s16.sinaimg.cn/mw690/001xiLqHzy6VWseIwpNbf&690	http://blog.sina.com.cn/s/blog_53efcb930102w2rv.html
http://file.youboy.com/d/160/81/6/8/204258.jpg?360*300	http://www.youboy.com/s86293176.html
http://www.51hm.cn/zwpic/%E5%8F%8C%E8%8D%9A%E5%86%B3%E6%98%8E2.jpg	http://www.51hm.cn/zw/zwshow_m.asp?zwid=2579
http://www.lcsd.gov.hk/en/green/common/graphics/greeningknowledge/plantphoto/image/thumbnail/tree/casu02wt.jpg	http://www.lcsd.gov.hk/tc/green/greeningknowledge/plantphoto/tree_passage/casu.html
http://s4.sinaimg.cn/mw690/001sXXrFzy75QjrQKt5f3&690	http://blog.sina.com.cn/s/blog_501e41670102wrrt.html
http://s5.sinaimg.cn/mw690/0066bzNfgy6ZkEduVOk74&690	http://blog.sina.com.cn/s/blog_14d1561c10102wefl.html
http://minhill.com/zhiya/images/thumb/b/bd/%E9%BB%84%E6%A7%90%E5%86%B3%E6%98%8E.jpg/250px-%E9%BB%84%E6%A7%90%E5%86%B3%E6%98%8E.jpg	http://minhill.com/zhiya/index.php/%E9%BB%84%E6%A7%90%E5%86%B3%E6%98%8E
http://s10.sinaimg.cn/bmiddle/4b66c8b747914a52ed3c9&690	http://blog.sina.com.cn/s/blog_93df9b230102wonb.html
http://s15.sinaimg.cn/mw690/001ClPwegy6SIs9f7yK1e&690	http://blog.sina.com.cn/s/blog_58624a320102vos1.html
http://s2.sinaimg.cn/mw690/001xiLqHzy6VWseIMj761&690	http://blog.sina.com.cn/s/blog_53efcb930102w2rv.html
http://image85.360doc.com/DownloadImg/2015/05/1021/53399051_5	http://www.360doc.com/content/15/0510/21/10533595_469516426.shtml
http://images.nongmiao.com/big//trade/2015/03/31/1503310032217672.JPG	http://www.nongmiao.com/yixin/supplydetail-587129.html
http://www.cchuamu.com/images/up_images/20152127502.jpg	http://www.cchuamu.com/Product/4859735038.html
http://sygxyl.com/upLoad/product/month_1606/201606141405405739.jpg	http://sygxyl.com/content/?981.html
http://s7.sinaimg.cn/mw690/001sXXrFzy75Qjg1VlQ46&690	http://blog.sina.com.cn/s/blog_501e41670102wrrt.html
http://s7.sinaimg.cn/mw690/0066bzNfgy6ZkE9ypUO26&690	http://blog.sina.com.cn/s/blog_14d1561c10102wefl.html
http://w6.tfon.ntpc.edu.tw/~dfweb/campus_bio/image/20150627195403_DSC03190_1.jpg	http://w6.tfon.ntpc.edu.tw/~dfweb/index_list_cb.php?cbh_id=18&cb_id=156&show_s_cbh=1
http://mmbiz.qpic.cn/mmbiz_jpg/3qqWhcFjo3NyoUTJEibbjat42hvKF52Vqkayz7kYG9ZtK7Rj4Nic6LoqXTZx1c5Y2ACtc4yqSzb3PzFFRCxl51pg/0?wx_fmt=jpeg	https://freewechat.com/a/MzA5MjM3Nzk3Mw==/2651023461/1/?rss
http://s9.sinaimg.cn/mw690/001sXXrFzy75QjfGUukf8&690	http://blog.sina.com.cn/s/blog_501e41670102wrrt.html
http://s4.sinaimg.cn/mw690/001ClPwegy6SHPpvo6ne3&690	http://blog.sina.com.cn/s/blog_58624a320102vos1.html
http://www.baihuamen.com/d/file/2014/05-28/2d3f60a1ee08f549928b6876235b0ad0.jpg	http://www.baihuamen.com/huanghuaijueming/16853_8.html
http://s5.sinaimg.cn/mw690/001sXXrFzy75QjmBqBec4&690	http://blog.sina.com.cn/s/blog_501e41670102wrrt.html
http://m.wendangku.net/pic/view?ih=368&rn=1&doc_id=1b16ad6daf1ffc4ffe47ac30&o=png_6_0_0_144_345_551_414_892.979_1262.879&pn=1&iw=490&ix=0&sign=44428d49c47fd5c51d785fd265e30a10&type=1&iy=0&aimw=490&app_ver=2.9.8.2&ua=bd_800_800_IncredibleS_2.9.8.2_2.3.7&bid=1&app_ua=IncredibleS&uid=&cuid=&fr=3&Bdi_bear=WIFI&from=3_10000&bduss=&pid=1&screen=800_800&sys_ver=2.3.7	http://m.wendangku.net/doc/1b16ad6daf1ffc4ffe47ac30.html
http://sygxyl.com/upLoad/product/month_1606/201606141405568160.jpg	http://sygxyl.com/content/?981.html
https://hknaturetreasures.files.wordpress.com/2012/11/sunshine-tree.jpg	https://hknaturetreasures.wordpress.com/2012/11/27/%E9%BB%83%E6%A7%90%E6%B1%BA%E6%98%8E-sunshine-tree/
http://s2.sinaimg.cn/mw690/001sXXrFzy75QiOxrmp31&690	http://blog.sina.com.cn/s/blog_501e41670102wrrt.html
http://s6.sinaimg.cn/mw690/0066bzNfgy6ZkEfyhFja5&690	http://blog.sina.com.cn/s/blog_14d1561c10102wefl.html
http://pic.pimg.tw/pcw9478/1415933440-596431530.jpg	http://pcw9478.pixnet.net/blog/post/398137024-%E9%BB%83%E6%A7%90%E2%80%94%E7%B2%89%E8%91%89%E6%B1%BA%E6%98%8E
http://www.chantuguan.com/ueditor/php/upload/image/20170619/1497863491584844.jpg	http://www.chantuguan.com/baike/781.html
http://s15.sinaimg.cn/middle/6d35b6fdgcad8aeea134e&690	http://blog.sina.com.cn/s/blog_6d35b6fd01016yer.html
http://s14.sinaimg.cn/mw690/002Z9IpGgy6MW9L1rkNbd&690	http://blog.sina.com.cn/s/blog_a31319300102v2j8.html
