
http://a2.att.hudong.com/43/41/01300543677571145655415569761_s.jpg	http://www.baike.com/wiki/%E7%8E%AB%E7%91%B0
https://cw1.tw/CH/images/channel_master/19e73f57-7bef-49a7-889e-51ad2e1fb76e.jpg	https://www.commonhealth.com.tw/article/article.action?id=5032681
http://s7.sinaimg.cn/mw690/001LjUEzzy6ZnwwtWjsf6&690	http://blog.sina.com.cn/s/blog_604889eb0102w7bj.html
http://163.17.203.129/bakup/green/%AA%B4%BA%C0%AA%E1/%AA%B4%BA%C0%AA%E121.JPG	http://tieba.baidu.com/p/164282421
http://www.ivsky.com/img/bizhi/pic/201009/03/rose-001.jpg	http://www.ivsky.com/bizhi/rose_v931/
http://yic123456.pixnet.net/album/downloadphoto?id=61583076	http://yic123456.pixnet.net/blog/post/129172261-%E5%A3%AB%E6%9E%97%E5%AE%98%E9%82%B8%E7%8E%AB%E7%91%B0%E8%8A%B1%E5%9C%83%E7%9B%9B%E9%96%8B%E4%B8%AD
http://pic2.nipic.com/20090406/927660_142211019_2.jpg	http://www.nipic.com/show/1/44/de2e1d07df81bfa6.html
https://4.share.photo.xuite.net/ct0118b/1437f78/19969307/1145997405_m.jpg	http://blog.xuite.net/ct0118b/twblog/472366014-%E8%87%B3%E6%84%9B+%E7%8E%AB%E7%91%B0%E8%8A%B1+...%E2%98%86
http://pic3.nipic.com/20090520/818997_170136039_2.jpg	http://www.nipic.com/show/1/44/3e2fed30b9c2112f.html
http://www.orangenews.hk/pic/0/10/01/25/10012556_189753.jpg	http://www.orangenews.hk/culture/system/2015/02/16/010007750.shtml
http://img.doheal.com/uploads/E/12/E1292442FA.jpeg	http://www.doheal.com/article/10490.html
http://lh4.ggpht.com/-ZQIpZ0hwTI8/UjH4KctV_LI/AAAAAAAAMZQ/HFCPHjLXSYc/s1600/0443g3sxvly9ibA3DgNWSA.jpg	http://eaglesorigami.blogspot.com/2011/07/the-classics-rose.html
http://photocdn.sohu.com/20131226/Img392450161.jpg	http://roll.sohu.com/20131226/n392450159.shtml
http://www.wine-world.com/UserFiles/images/2013/lisx/5/01-roses-130813.jpg	http://www.wine-world.com/life/20130813140614198
http://farm6.static.flickr.com/5109/5624424539_4986046521_z.jpg	http://hiang24.blogspot.com/2011/04/blog-post_16.html
http://photocdn.sohu.com/20080606/Img257337127.jpg	http://travel.sohu.com/20080606/n257337126.shtml
http://sucai.dabaoku.com/zhiwu/meigui/037bk.jpg	https://tieba.baidu.com/p/180306666
http://9.blog.xuite.net/9/0/d/4/10398009/blog_563736/txt/36171356/0.jpg	http://blog.xuite.net/cynthia.chen27/smart/36171356-%E3%80%8E%E7%8E%AB%E7%91%B0%E3%80%8F-+Cafe+Monday+%E6%A5%8A%E7%85%A7
http://pic12.nipic.com/20110223/2457331_123832382621_2.jpg	http://www.nipic.com/show/1/44/4259205k42280413.html
http://cdn2.ettoday.net/etlife/images/27/d27068.jpg	http://sports.ettoday.net/news/454060?t=%E6%83%85%E4%BA%BA%E7%AF%80%E8%A9%B2%E9%80%81%E5%B9%BE%E6%9C%B5%E7%8E%AB%E7%91%B0%E8%8A%B1%EF%BC%9F+%E7%8E%AB%E7%91%B0%E8%8A%B1%E9%80%81%E5%B9%BE%E6%9C%B5%E7%9A%84%E5%90%AB%E7%BE%A9
http://pic31.nipic.com/20130704/12931130_195817415159_2.png	http://www.nipic.com/show/2/42/8396505kc7f11a27.html
https://shyleeblog.files.wordpress.com/2012/10/e78eabe791b0e88ab1.jpg	https://shyleeblog.wordpress.com/2012/10/12/%E7%8E%AB%E7%91%B0%E8%8A%B1%E7%9A%84%E8%8A%B1%E8%AA%9E/
http://imgs22.iaweg.com/pic/HTTP3BpYzFhLm5pcGljLmNvbS8yMDA4LTExLTA3LzIwMDgxMTcwNzE1OTBfMi5qcGclog.jpg	http://www.iaweg.com/tupian/fz32onlqlp
http://pic.pimg.tw/todo/67d72e74ce75992b76386f1da9cbc079.jpg	http://todo.pixnet.net/blog/post/26779141-%E5%BD%A9%E8%99%B9%E7%8E%AB%E7%91%B0
https://gss2.bdstatic.com/-fo3dSag_xI4khGkpoWK1HF6hhy/baike/w%3D480/sign=63b7b7c4f6deb48ffb69a0d6c01e3aef/94cad1c8a786c917e1737f9ccc3d70cf3bc75726.jpg	https://baike.baidu.com/item/%E7%8E%AB%E7%91%B0
http://img5.3lian.com/gaoqing/01/15/132.jpg	http://www.3lian.com/down/pic/3/304/506788646880041.html
http://www.ivsky.com/img/bizhi/pic/201009/03/rose-014.jpg	http://www.ivsky.com/bizhi/rose_v931/
http://img.wugu.com.cn/000/6/6369.jpg	http://news.wugu.com.cn/article/52569.html
http://www.tcm100.com/Images_ZhongYaoXue/Meiguihua-YuanTai.jpg	http://www.tcm100.com/userReg/JiaoCai/ZhongYaoXue/zzZhongYao215.htm
http://pic.nipic.com/2008-07-09/200879194644991_2.jpg	http://www.nipic.com/zhuanti/199421.html
http://pic3.nipic.com/20090527/1242397_114233041_2.jpg	http://tieba.baidu.com/p/1412691717
http://www.gov.taipei/public/Attachment/64141411291.JPG	http://pkl.gov.taipei/ct.asp?xItem=174856966&ctNode=46613&mp=106013
http://www.tonghua5.com/d/file/p/cdb0410e77822332736f465b30475ef6.jpg	http://www.tonghua5.com/s/meigui/
http://1.bp.blogspot.com/-N5OGygbiySw/VRUF6Xj43KI/AAAAAAAAADQ/3h3bYzQ7ncE/s1600/%E5%8F%B0%E7%81%A3%E5%A5%BD%E7%89%A9%E7%8E%AB%E7%91%B0DIY.jpg	http://www.foodgoodshop.com/hotnews.html?b_blog=P4O9d+kaqNjaCwESdES/r0EkjTaNDKb/+JKmGn5/ytwNfO/25v2JE2IOjwRzXHgm
http://a2.att.hudong.com/77/66/19300542963590142356662850717_s.jpg	http://www.baike.com/wiki/%E7%8E%AB%E7%91%B0
https://jandancare.com/assets/product-details/product-detail-6-ee791fe455524a35e39a5ed151cb013b505ef0fe27e519866494db0c4f47990f.jpg	https://jandancare.com/products/jan-dan-rose-facial-essence
http://www.gouy28.com/upload/images/%E7%8E%AB%E7%91%B0.jpg	http://www.gouy28.com/product-info.asp?id=392
http://www.cc.chu.edu.tw/~u8713076/p1.jpg	http://www.cc.chu.edu.tw/~u8713076/3.htm
http://pic1.nipic.com/2009-02-07/20092710173819_2.jpg	http://www.nipic.com/zhuanti/364087.html
http://imgs.ntdtv.com/pic/2017/5-20/p8196161a928406033.jpg	http://www.ntdtv.com/xtr/gb/2017/05/21/a1325557.html
http://a3.att.hudong.com/28/95/20300543057272142397953715285_s.jpg	http://www.baike.com/wiki/%E7%8E%AB%E7%91%B0%5B%E6%A4%8D%E7%89%A9%5D
https://cdn.pixabay.com/photo/2017/01/30/09/08/rose-2020367_960_720.jpg	https://pixabay.com/zh/photos/%E7%8E%AB%E7%91%B0%E8%8A%B1/
http://img0.pclady.com.cn/pclady/1206/15/838938_1.jpg	http://emotion.pclady.com.cn/zxzq/1206/838938.html
http://pic.pimg.tw/coconia/1409029974-1452867995_n.png	http://coconia.pixnet.net/blog/post/108776039-%E6%83%85%E4%BA%BA%E7%AF%80%E7%8E%AB%E7%91%B0%E8%8A%B1%EF%BC%8C%E4%B8%8D%E5%90%8C%E7%9A%84%E7%8E%AB%E7%91%B0%E8%8A%B1%E9%A1%8F%E8%89%B2%E4%BB%A3%E8%A1%A8%E4%BB%80%E9%BA%BC%E6%84%8F
https://upload.wikimedia.org/wikipedia/commons/thumb/4/4a/Rosa_rugosa_pink_3351.jpg/270px-Rosa_rugosa_pink_3351.jpg	https://zh.wikipedia.org/wiki/%E7%8E%AB%E7%91%B0
http://img12.3lian.com/gaoqing02/01/10/01/15.jpg	http://www.3lian.com/down/pic/3/304/46100.html
http://img1.topshop.com.tw/twr/pic/%7B7C0CF294-00A6-F049-BE20-701A72F1FCD5%7D_1.jpg	http://www.twr.com.tw/product_one.asp?guid=7C0CF294-00A6-F049-BE20-701A72F1FCD5
http://pic7.nipic.com/20100610/2457331_125444301951_2.jpg	http://www.nipic.com/show/1/44/8f0f9bd6b43370ba.html
http://pic.pimg.tw/coconia/1409030184-1833355790.png?v=1409030186	http://coconia.pixnet.net/blog/post/108782097-%E7%8E%AB%E7%91%B0%E8%8A%B1%E6%95%B8%E9%87%8F%E6%84%8F%E7%BE%A9%EF%BC%9A%E5%BF%83%E6%84%8F%E4%B8%8D%E5%9C%A8%E5%8D%A1%E7%89%87%E8%97%8F%E5%9C%A8%E7%8E%AB%E7%91%B0%E8%8A%B1%E6%95%B8
http://pic.qiantucdn.com/10/70/23/55bOOOPICd8.jpg	http://www.58pic.com/tupian/meiguihuabian.html
http://imgs.ntdtv.com/pic/2016/8-28/p7641321a94978294.jpg	http://www.ntdtv.com/xtr/b5/2016/08/28/a1283538.html
http://3.blog.xuite.net/3/1/c/9/17547176/blog_821485/txt/17428811/0.jpg	http://blog.xuite.net/jen168/9669/17428811-%E9%9B%99%E5%96%9C%E7%8E%AB%E7%91%B0
https://www.102like.com/manage/0/product/61/61_0.jpg	https://www.102like.com/p61.asp
http://news.xinhuanet.com/science/2016-02/14/135096127_14554201815341n.jpg	http://news.xinhuanet.com/science/2016-02/14/c_135096127.htm
http://s12.sinaimg.cn/orignal/4c158cf886f2001f8886b	http://blog.sina.com.cn/s/blog_4c158cf8010007ui.html
http://pic.putaojiayuan.com/uploadfile/tuku/QingRenJieBiZhi/12190433537785.jpg	http://www.putaojiayuan.com/tuku/12121262091.html
http://tkturkey.com/wp-content/uploads/2016/01/H011-%E5%9C%9F%E8%80%B3%E5%85%B6%E5%8F%A4%E7%88%BE%E8%8E%8E%E7%8E%AB%E7%91%B0%E6%B0%B4%E5%84%AA%E6%83%A0%E7%B5%84-1-1.jpg	http://tkturkey.com/%E3%80%90%E5%9C%9F%E5%A5%B3%E6%8E%A8%E8%96%A6%E3%80%91%E5%9C%9F%E8%80%B3%E5%85%B6%E5%BF%85%E8%B2%B7%E7%8E%AB%E7%91%B0%E6%B0%B4%EF%BC%8D%E5%8F%A4%E7%88%BE%E8%8E%8Egulsha/
https://blackwalnut.npust.edu.tw/wp-content/uploads/2015/02/104%E7%8E%AB%E7%91%B022.jpg	https://blackwalnut.npust.edu.tw/archives/307837
http://a0.att.hudong.com/02/55/01300000560404127261550810870.jpg	http://tupian.baike.com/a0_02_55_01300000560404127261550810870_jpg.html
https://gss3.bdstatic.com/7Po3dSag_xI4khGkpoWK1HF6hhy/baike/w%3D400/sign=2cc2ee404ba98226b8c12a27ba82b97a/63d9f2d3572c11df6eead3166b2762d0f703c2c8.jpg	https://baike.baidu.com/item/%E7%8E%AB%E7%91%B0
http://pic.qiantucdn.com/58pic/21/57/12/59R58PIC5kS.jpg!qt290	http://www.58pic.com/tupian/shouhuimeiguihua.html
http://img0.pclady.com.cn/pclady/1206/18/839818_17.png	http://emotion.pclady.com.cn/zxzq/1206/839818.html
http://news.xinhuanet.com/science/2016-02/14/135096127_14554200150291n.jpg	http://news.xinhuanet.com/science/2016-02/14/c_135096127.htm
http://imgs19.iaweg.com/pic/HTTP3BpYzUubmlwaWMuY29tLzIwMTAwMjI4LzQwMTc0ODBfMTgwNTIxMTMzNTI0XzIuanBn.jpg	http://www.iaweg.com/tupian/fz32onlqlp
http://imgs.ntdtv.com/pic/2017/2-14/p8009721a859693847.jpg	http://ca.ntdtv.com/xtr/gb/2017/02/14/a1311561.html
http://i.epochtimes.com/assets/uploads/2017/02/702120731431164.jpg	http://www.epochtimes.com/gb/tag/%E7%8E%AB%E7%91%B0%E8%8A%B1.html
https://gss2.bdstatic.com/-fo3dSag_xI4khGkpoWK1HF6hhy/baike/s%3D220/sign=21b2a552000828386c0ddb168898a964/bf096b63f6246b600afebc39ecf81a4c500fa28e.jpg	https://baike.baidu.com/item/%E7%8E%AB%E7%91%B0
http://puli.tranews.com/Show/images/News/48848_1.jpg	http://puli.tranews.com/Show/Style3/News/c4_News.asp?SItemId=0271030&ProgramNo=A100017000001&SubjectNo=48848
http://bizhi.zhuoku.com/wall/20050210/12800rose012.jpg	http://www.zhuoku.com/zhuomianbizhi/dong-zhiwu/20060212000908(12).htm
http://www.daisonghua.com/images/upload/Image/01300000196604122280100544566_s.jpg	http://www.daisonghua.com/article-50.html
http://dasouji.com/wp-content/uploads/2014/08/%E7%8E%AB%E7%91%B0-11.jpg	http://dasouji.com/archives/6823
http://img.china.alibaba.com/club/upload/2005/12/26/1024x768_78d6a2aaf.jpg	http://zhidao.baidu.com/question/326758858667034845.html
https://i.ytimg.com/vi/yKES6Epj6Gw/maxresdefault.jpg	https://www.youtube.com/watch?v=yKES6Epj6Gw
http://imgg1.store.pchome.com.tw/~prod/M01339213/64510.jpg?pimg=static&P=1247898276	http://blog.xuite.net/julianko/aimer/25550581-AIMER+SHINE+100%25%E6%9C%89%E6%A9%9F%E7%8E%AB%E7%91%B0%E7%B4%94%E9%9C%B2
http://pic2.nipic.com/20090403/1242397_223307057_2.jpg	http://www.nipic.com/show/1/44/bcbc63584b360c8c.html
https://thanksgiving.com.tw/wp-content/uploads/03%E4%B8%BB%E6%81%A9%E7%8E%AB%E7%91%B0%E5%9C%92-%E6%BA%AB%E9%A6%A8%E5%B0%8A%E8%B2%B4.jpg	https://thanksgiving.com.tw/
https://upload.wikimedia.org/wikipedia/commons/thumb/7/7c/2006-12-18Helleborus_niger06.jpg/220px-2006-12-18Helleborus_niger06.jpg	https://zh.wikipedia.org/wiki/%E8%81%96%E8%AA%95%E7%8E%AB%E7%91%B0
http://img01.hua.com/uploadpic/images/20115251381178176.jpg	http://www.hua.com/huayu/10665.html
https://e.share.photo.xuite.net/wonghc70/1edfa6d/7045919/272519246_m.jpg	http://blog.xuite.net/wonghc70/wretch/100994181-%E5%AE%98%E9%82%B8%E7%B2%89%E7%B4%85%E7%8E%AB%E7%91%B0+II+Pink+Roses+in+CKS+Residence+II
http://store.windmusic.com.tw/photo/TCD-6301_%E6%93%81%E6%8A%B1%E6%84%9B%E7%8E%AB%E7%91%B0_2013060409530594.jpg	http://store.windmusic.com.tw/zh/CD/TCD-6301
http://store.sunshineinbottles.com/wp-content/uploads/2015/07/blue-moon%E8%97%8D%E6%9C%88%E7%8E%AB%E7%91%B0.jpg	http://store.sunshineinbottles.com/category/rc
http://www.vsread.com/iconograph/1294218850.jpg	http://www.vsread.com/article-134312.html
http://a0.att.hudong.com/85/51/01100000000000144734515844602_s.jpg	http://www.baike.com/wiki/%E7%8E%AB%E7%91%B0
https://gss3.bdstatic.com/7Po3dSag_xI4khGkpoWK1HF6hhy/baike/s%3D220/sign=372b01bdd32a283447a631096bb4c92e/7aec54e736d12f2eee4abfc048c2d562843568c6.jpg	https://baike.baidu.com/item/%E7%8E%AB%E7%91%B0%E8%8A%B1
http://www.wdptj.com/wp-content/uploads/2016/01/%E7%8E%AB%E7%91%B0%E8%8A%B1%E6%9C%9F.jpg	http://www.wdptj.com/16398.html
http://www.hkcd.com.hk/images/site211/20081103/001e4fc423e60a787f9005.jpg	http://andy097326.blogspot.com/
http://pic2.nipic.com/20090331/1703915_220901008_2.jpg	http://www.nipic.com/show/1614760.html
http://img.ltn.com.tw/Upload/liveNews/BigPic/600_1968667_5.jpg	http://news.ltn.com.tw/news/life/breakingnews/1968667
https://www.cmcmusic.com.tw/new/wp-content/uploads/cmc013%E9%98%AE%E4%B8%8A%E6%84%9B%E7%9A%84%E7%8E%AB%E7%91%B0%E8%8A%B1.jpg	https://www.cmcmusic.com.tw/shop/albums/%E9%99%B3%E6%98%8E%E7%AB%A0%E9%85%8D%E6%A8%82%E5%B0%88%E8%BC%AF/%E9%98%AE%E4%B8%8A%E6%84%9B%E7%9A%84%E7%8E%AB%E7%91%B0%E8%8A%B1/
https://www.dearsoulmates.com/media/wysiwyg/product/3CE-LIP/1.png	https://www.dearsoulmates.com/beauty/make-up/3ce-pot-lip.html
http://images.missyuan.com/attachments/day_081121/20081121_25bd75a1f5472db111282qFO5tlEZAnd.jpg	https://tieba.baidu.com/p/1073844199
https://blackwalnut.npust.edu.tw/wp-content/uploads/2015/02/104%E7%8E%AB%E7%91%B019.jpg	https://blackwalnut.npust.edu.tw/archives/307837
http://zh.dachu.co/images/image/136566.jpg?t=1437198322	http://zh.dachu.co/recipe/117989
http://img.doheal.com/uploads/A/3A/A3A30B5568.jpeg	http://www.doheal.com/article/10490.html
http://static.cndzys.com/20161202/6d98f799dba1d7b0f3a13c557919ab80.jpg	http://www.cndzys.com/baike/meigui/
http://pic.qiantucdn.com/58pic/16/86/13/40R58PIC5cj.jpg!qt290	http://www.58pic.com/tupian/AImeiguihua.html
http://www.gov.taipei/public/Attachment/731018292866.jpg	http://www.gov.taipei/ct.asp?xItem=274274049&ctNode=65441&mp=100003
https://gss0.bdstatic.com/-4o3dSag_xI4khGkpoWK1HF6hhy/baike/s%3D220/sign=90634b52a4cc7cd9fe2d33db09002104/d009b3de9c82d158f073090e870a19d8bd3e429f.jpg	https://baike.baidu.com/item/%E7%8E%AB%E7%91%B0%E8%8A%B1
http://img.matcha.tw/20170407005107_53.jpg	http://matcha.tw/o-rose/
http://img04.tooopen.com/images/20121230/tooopen_10324754.jpg	http://www.tooopen.com/img/856_857_3_1.aspx
