
http://a4.att.hudong.com/27/31/19300001302824131884312219656.jpg	http://huayu.baike.com/article-83205.html
https://upload.wikimedia.org/wikipedia/commons/thumb/9/9e/Orange_violet_pansies.jpg/250px-Orange_violet_pansies.jpg	https://zh.wikipedia.org/wiki/%E4%B8%89%E8%89%B2%E5%A0%87
http://yizitong.org/upload/images11/deafa9d5ea030de36f1d0c88d8e614ee.jpg	http://yizitong.com/china/baike.php?o=%E4%B8%89%E8%89%B2%E5%A0%87
http://a0.att.hudong.com/24/98/19300541957236137845985440402.gif	http://huayu.baike.com/article-1281757.html
https://pic.pimg.tw/glacier1027/1432217240-2726901478_n.jpg?v=1432217243	http://glacier1027.pixnet.net/blog/post/198649776-%E7%A5%9E%E5%A5%87%E7%9A%84%E5%90%B8%E6%B0%B4%E8%8A%B1-%E4%B8%89%E8%89%B2%E5%A0%87
https://img.imynest.com/uploads/0/94/094B9EE11E.jpeg	https://www.imynest.com/content/43929.html
http://pic.pimg.tw/zabar/1381279453-1261594536_m.jpg?v=1381279454	http://zabar.pixnet.net/blog/post/267890978-%E4%B8%89%E8%89%B2%E5%A0%87
http://images.nongmiao.com/big/baike/2014/08/20/21/1408202115222729.jpg	http://www.nongmiao.com/baike/sanse.html
http://7.blog.xuite.net/7/4/e/4/11253733/blog_227360/txt/22215217/14.jpg	http://blog.xuite.net/e2202778/boaboa/22215217-%E4%B8%89%E8%89%B2%E5%A0%87
http://album.udn.com/community/img/PSN_PHOTO/AAC3343/f_2369086_1.JPG	http://blog.udn.com/kirarin3723/5845035
http://4.bp.blogspot.com/-hw3C1NYVgfo/VSdtOBQhOaI/AAAAAAAAFsM/FG_AG6_FV1M/s800/150410_Q-A_cover.JPG	http://blog.igarden.com.tw/2015/04/how-to-tell-the-difference-between-pansy-and-viola.html
https://img.imynest.com/uploads/0/F3/0F36610224.jpeg	https://www.imynest.com/content/48207.html
http://www.jiuchisu.com/upload_files/special/1_20170331150300_ztfuu.jpg	http://www.jiuchisu.com/a/12.htm
http://a3.att.hudong.com/14/41/01300000180919122175411784125_s.jpg	http://www.baike.com/wiki/%E4%B8%89%E8%89%B2%E5%A0%87
http://img.zwbk.org/baike/spic/2014/05/12/20140512174017029_1625.jpg	http://www.zwbk.org/MyLemmaShow.aspx?zh=zh-tw&lid=448412
http://7.blog.xuite.net/7/4/e/4/11253733/blog_227360/txt/22215217/13.jpg	http://blog.xuite.net/e2202778/boaboa/22215217-%E4%B8%89%E8%89%B2%E5%A0%87
https://img.shoplineapp.com/media/second_clips/58ae747c07ec3142e3002e57/landscape.jpg?1487828093	http://blog.igarden.com.tw/2012/11/Pansy-Guide.html
http://pic9.nipic.com/20100827/5467629_084702005307_2.jpg	http://www.nipic.com/show/1/44/3588423kb73d878a.html
https://pic.pimg.tw/a780615/1483613856-1181492918.jpg	http://a780615.pixnet.net/blog/post/456890279-%E5%BE%AE%E7%AC%91%E7%9A%84%E5%B0%8F%E4%B8%91~~%E4%B8%89%E8%89%B2%E5%A0%87
http://www.zhiwu365.com/uploads/plant/186_sansejin/default/original/6_sansejin.jpg	http://www.zhiwu365.com/plant/212
http://lh6.googleusercontent.com/-p-iKvvv4WE8/UKC_CKid96I/AAAAAAAAASY/sZDEmRD4HIQ/s800/%25E4%25B8%2589%25E8%2589%25B2%25E5%25A0%2587%2520%25E8%25B1%2590%25E8%258A%25B1%25E7%2580%2591%25E5%25B8%2583-%25E6%25B7%25B7%25E5%2590%25881.jpg	http://blog.igarden.com.tw/2012/11/Pansy-Guide.html
https://5.share.photo.xuite.net/lung609/156bcea/16967740/917712558_m.jpg	http://blog.xuite.net/lung609/twblog/181580763-%E6%96%B0%E7%A4%BE%E8%8A%B1%E6%B5%B7~%E4%B8%89%E8%89%B2%E5%A0%87%3A%E8%8A%B1%E8%AA%9E%3A+%E6%80%9D%E6%85%95%E3%80%81%E6%B2%88%E6%80%9D%E3%80%81%E8%AB%8B%E6%83%B3%E5%BF%B5%E6%88%91%E3%80%81%E6%84%9B%E7%9A%84%E5%91%8A%E7%99%BD%E3%80%81%E7%99%BD%E6%97%A5%E5%A4%A2
https://8.share.photo.xuite.net/brday1257/18065c5/8136581/321305152_m.jpg	http://blog.xuite.net/brday1257/twblog/112198120-%E4%B8%89%E8%89%B2%E5%A0%87
http://www.baihuamen.com/d/file/2014/03-16/d842e16793b490be7d7c56d60f003f26.jpg	http://www.baihuamen.com/sansejin/
http://a1.att.hudong.com/57/50/01300000180919122175503300085_s.jpg	http://www.baike.com/wiki/%E4%B8%89%E8%89%B2%E5%A0%87
http://tupian.geimian.com/pic/2015/08/2015-08-20_180349.jpg	https://www.geimian.com/wx/47003.html
http://jpkc.sysu.edu.cn/zhiwuxue/ziyuan/Ang/Dic/jincaike/bigimage/sansejin1.jpg	http://jpkc.sysu.edu.cn/zhiwuxue/ziyuan/Ang/Dic/jincaike/sansejin.htm
http://img.zwbk.org/baike/spic/2011/05/19/20110519033847346_5468.png	http://m.zwbk.org/lemma/165130
http://www.twword.com/uploads/wiki/bf/a6/45204_7.jpg	http://www.twword.com/wiki/%E4%B8%89%E8%89%B2%E5%A0%87
http://1.bp.blogspot.com/-b__C1qXhnQg/VScwevLyFiI/AAAAAAAAFos/8Zw2eZDGAdU/s1600/150311%2B%E9%A6%99%E5%A0%87%E8%8F%9C%2B%E9%9B%AA%E8%B2%9D-%E9%BB%83%E7%B4%85%E7%B4%AB%E7%9B%AE%26%E4%B8%89%E8%89%B2%E5%A0%87%2B%E6%B2%99%E6%B4%B2.jpg	http://blog.igarden.com.tw/2015/04/how-to-tell-the-difference-between-pansy-and-viola.html
https://gss1.bdstatic.com/-vo3dSag_xI4khGkpoWK1HF6hhy/baike/s%3D220/sign=309082b94d10b912bbc1f1fcf3fcfcb5/aa64034f78f0f736524289030055b319ebc41370.jpg	https://baike.baidu.com/item/%E4%B8%89%E8%89%B2%E5%A0%87%E8%8A%B1
http://wanamaka.com/huatan/data/data_2010_P_BXL_001.jpg	http://wuwow.com/wu/wu/2010/12/01/395
https://f.share.photo.xuite.net/leelong627/1f04c7b/16840513/907861562_m.jpg	http://blog.xuite.net/leelong627/twblog/180700261-%E4%B8%89%E8%89%B2%E5%A0%87%E2%80%A7%E6%B3%A2%E8%98%AD%E7%9A%84%E5%9C%8B%E8%8A%B1
https://8.share.photo.xuite.net/brday1257/180654c/8136581/321307591_m.jpg	http://blog.xuite.net/brday1257/twblog/112198120-%E4%B8%89%E8%89%B2%E5%A0%87
http://link.photo.pchome.com.tw/s08/slinwang/187/139454361556/	http://mypaper.pchome.com.tw/slinwang/post/1327133943
https://myfoodandflowers.files.wordpress.com/2012/03/e4b889e889b2e5a087-5.jpg	https://myfoodandflowers.wordpress.com/tag/%E4%B8%89%E8%89%B2%E5%A0%87/
http://3.bp.blogspot.com/-mQKIAT0lM7s/USXB15_AvxI/AAAAAAAAAWQ/AagIF0uKTjU/s1600/%25E4%25B8%2589%25E8%2589%25B2%25E5%25A0%2587+%25E9%2585%25B7%25E6%25B5%25AA-%25E6%25B7%25B7%25E5%2590%2588%25E5%25A4%25A7.jpg	http://blog.igarden.com.tw/2013/02/Pansy-cool-wave-mix.html
http://a2.att.hudong.com/61/41/01300000180919122175418341283_s.jpg	http://www.baike.com/wiki/%E4%B8%89%E8%89%B2%E5%A0%87
http://a4.att.hudong.com/57/41/01300000180919122175417179345_s.jpg	http://www.baike.com/wiki/%E4%B8%89%E8%89%B2%E5%A0%87
http://www.twword.com/uploads/wiki/bf/a6/45204_0.jpg	http://www.twword.com/wiki/%E4%B8%89%E8%89%B2%E5%A0%87
https://img.moegirl.org/common/thumb/5/51/%E4%B8%89%E8%89%B2%E5%A0%87%E7%AB%8B%E7%BB%98.webp.jpg/250px-%E4%B8%89%E8%89%B2%E5%A0%87%E7%AB%8B%E7%BB%98.webp.jpg	https://zh.moegirl.org/%E7%BE%8E%E5%B0%91%E5%A5%B3%E8%8A%B1%E9%AA%91%E5%A3%AB:%E4%B8%89%E8%89%B2%E5%A0%87
http://info.qingdaoexpo2014.org/pic/img/img/2013/9/13/u123/4773WpB.jpg	http://info.qingdaoexpo2014.org/en/baike/view_1946.html
https://www.huabaike.com/uploads/allimg/artimg/201605/20160512171821_92949.jpg	https://www.huabaike.com/jtyh/3391.html
http://pic.baike.soso.com/p/20130703/20130703142204-1952124303.jpg	http://baike.soso.com/ShowTitle.e?sp=S%E4%B8%89%E8%89%B2%E5%A0%87
http://img0.pclady.com.cn/pclady/1206/15/839123_1.jpg	http://emotion.pclady.com.cn/zxzq/1206/839123.html
http://pic.pingguolv.com/uploads/allimg/170429/99-1F429150248.jpg	http://www.pingguolv.com/zy/gongxiao/95265.html
http://gmimg.geimian.com/pic/2015/08/2015-08-20_180307.jpg	https://www.geimian.com/wx/47003.html
http://www.gzhphb.com/gpPic/600/0/mmbiz.qpic.cn/mmbiz/Is0kjV1pcZiatIibNRWY92icu2uiaPxTtSMdxmQOGz1PY1egj2bW1apNJhHiaSLDSibtm6BjzPCZvB6ibsmcJy5iaKficIw/0?wx_fmt=jpeg	http://m.gzhphb.com/article/48/481156.html
http://image.tupian114.com/20121203/14395018.jpg	http://www.tupian114.com/psd_104444.html
https://i1.kknews.cc/large/149e00040ae829d63164	https://kknews.cc/agriculture/omky3oq.html
https://cdn.pixabay.com/photo/2013/12/07/23/46/pansy-224913_960_720.jpg	https://pixabay.com/zh/%E4%B8%89%E8%89%B2%E5%A0%87-%E7%B4%AB%E8%89%B2-%E8%8A%B1-%E5%8E%82-%E9%BB%84%E8%89%B2-%E8%8A%B1%E5%9B%AD-224913/
http://a0.att.hudong.com/81/34/01200000025182136323342879774_s.jpg	http://www.baike.com/wiki/%E4%B8%89%E8%89%B2%E5%A0%87
http://www.moehui.com/wp-content/uploads/2015/11/CQssjF.jpg	http://www.moehui.com/4057.html
https://upload.wikimedia.org/wikipedia/commons/thumb/f/f9/Viola_tricolor_-_K%C3%B6hler%E2%80%93s_Medizinal-Pflanzen-280.jpg/250px-Viola_tricolor_-_K%C3%B6hler%E2%80%93s_Medizinal-Pflanzen-280.jpg	https://zh.wikipedia.org/wiki/%E4%B8%89%E8%89%B2%E5%A0%87
http://jac3158.com/gallery/albums/201502click/2015020202_G.jpg	http://jac3158.com/wp/201502/231
http://pic.pimg.tw/sean21/1307633236-5466c910e697661bbe93eafbfc40328e_n.jpg	http://sean21.pixnet.net/blog/post/31846844-%E6%88%91%E7%9A%84%E4%B8%89%E8%89%B2%E5%A0%87%E7%9A%84%E6%95%85%E4%BA%8B
http://2.blog.xuite.net/28/d0/13954497/blog_143087/txt/5053043/3.jpg	http://blog.xuite.net/utopian5727/garden/5053043-%E4%B8%89%E8%89%B2%E5%A0%87
https://9.share.photo.xuite.net/ko461206/1925b9e/14567606/771393000_m.jpg	http://blog.xuite.net/ko461206/twblog/156776582-%E6%B1%9F%E8%98%87%E6%B7%AE%E5%AE%89%E9%B9%BD%E5%9F%8E%E4%B8%89%E8%89%B2%E5%A0%87
http://lh3.googleusercontent.com/-nbK_UR2H-SQ/UKC_DtyQYoI/AAAAAAAAASk/llXzOV3uxs0/s800/%25E4%25B8%2589%25E8%2589%25B2%25E5%25A0%2587%2520%25E7%2591%25AA%25E6%2596%25AF%25E6%2598%25A5%25E5%25A4%25A9-%25E7%25B2%2589%25E5%25BD%25A9%25E6%25B7%25B7%25E5%2590%2588.jpg	http://blog.igarden.com.tw/2012/11/Pansy-Guide.html
http://pic.pimg.tw/srj5557/1379904431-2203226661.jpg	http://srj5557.pixnet.net/blog/post/162260612-%E4%B8%89%E8%89%B2%E5%A0%87
https://lh5.googleusercontent.com/-QDhSeR77rME/UJxtjvoOz2I/AAAAAAAAADM/lfQKx3OEfkk/w800-h399-p-k/2011_04110126.JPG	http://blog.igarden.com.tw/2012/11/blog-post.html
https://en.pimg.jp/000/630/192/1/630192.jpg	https://tw.pixtastock.com/illustration/630192
http://wanamaka.com/huatan/1012/viola_101217_1.jpg	http://wuwow.com/wu/wu/tag/pansy
http://pic15.nipic.com/20110725/8027279_101508662112_2.jpg	http://www.nipic.com/show/1/44/4895180ka0b0603b.html
http://a0.att.hudong.com/77/28/01300544000688147841289907623_s.jpg	http://www.baike.com/wiki/%E5%A4%A7%E5%9E%8B%E4%B8%89%E8%89%B2%E5%A0%87
https://img.imynest.com/uploads/7/F1/7F14788237.jpeg	https://www.imynest.com/content/43918.html
https://e.share.photo.xuite.net/hortwu239/1e8666e/13080129/662973229_m.jpg	http://blog.xuite.net/hortwu239/wretch/143259737-%E4%B8%89%E8%89%B2%E5%A0%87%E5%92%8C%E9%A6%99%E5%A0%87%E8%8F%9C
http://pic4.55jia.net/fengshuizhiwu/14/a360094.jpg	http://www.55jia.net/75/329255.html
http://www.zjol.com.cn/pic/0/01/46/88/1468804_867174.jpg	http://tieba.baidu.com/p/108488390
http://www.52yhua.com/uploads/allimg/160831/1-160S1215Q0.jpg	http://www.52yhua.com/jiating/3482.html
https://pic.pimg.tw/lnhocoka/1447719541-2209315435.jpg?v=1447719554	http://lnhocoka.pixnet.net/blog/post/31196234-%E5%B0%8F%E8%8A%B1%E4%B8%89%E8%89%B2%E5%A0%87--%28%E8%9D%B4%E8%9D%B6%E8%8A%B1%E3%80%81%E4%BA%BA%E9%9D%A2%E8%8A%B1%E3%80%81%E8%B2%93%E8%87%89%E8%8A%B1%E3%80%81%E9%99%BD%E8%9D%B6
http://img.zwbk.org/baike/spic/2011/05/19/20110519032210565_3973.png	http://m.zwbk.org/lemma/165130
https://img.shoplineapp.com/media/second_clips/58ae747f07ec3142e3002e5d/landscape.jpg?1487828096	http://blog.igarden.com.tw/2012/11/Pansy-Guide.html
http://image.cn.made-in-china.com/2f0j01eMjQPNESAYzd/%E4%B8%89%E8%89%B2%E5%A0%87.jpg	http://cn.made-in-china.com/gongying/chunzhenyuanyi-eMBQPNESZaUd.html
http://www.wdptj.com/wp-content/uploads/2014/09/%E4%B8%89%E8%89%B2%E5%A0%87.jpg	http://www.wdptj.com/sansejing/
http://s2.cdn.xiachufang.com/a1a216eead3f11e6947d0242ac110002_800w_533h.jpg?imageView2/2/w/300/interlace/1/q/90	https://www.xiachufang.com/recipe/102149196/
http://pic3.nipic.com/20090508/2318251_192953009_2.jpg	http://www.nipic.com/show/1/44/2741f0a17e757278.html
https://img.imynest.com/uploads/2/12/21246D37D4.jpeg	https://www.imynest.com/content/30948.html
http://pic.qiantucdn.com/58pic/12/40/08/72z58PICCRI.jpg!qt290	http://www.58pic.com/tupian/8380415.html
http://pic.pingguolv.com/uploads/allimg/170125/109-1F1251SS4.png	http://www.pingguolv.com/zy/gongxiao/84787.html
http://a1.att.hudong.com/03/37/01300000195282124280376081604.jpg	http://www.baike.com/wiki/%E5%A4%A7%E5%9E%8B%E4%B8%89%E8%89%B2%E5%A0%87
http://pic.pimg.tw/lnhocoka/1395803140-1589592469.jpg	http://lnhocoka.pixnet.net/blog/post/29935709-%E8%90%9D%E5%B9%BB%E7%9A%84%E5%B0%8F%E8%8A%B1%E4%B8%89%E8%89%B2%E5%A0%87
http://plantjdx.com/viola_tricolor.jpg	http://plantjdx.com/viola_tricolor.htm
http://image.meilele.com/zximages/images/201603/14575182385511.jpg	http://blog.sina.com.cn/s/blog_157b9859e0102w550.html
http://1.bp.blogspot.com/-M4BtPvaWBAo/UQCQUgcdL1I/AAAAAAAAARc/GJDNYJ4XGVY/s1600/%25E4%25B8%2589%25E8%2589%25B2%25E5%25A0%2587+WonderFall+Blue+Picotee+Shades.jpg	http://blog.igarden.com.tw/2013/01/pansy-wonderfall-bluepicoteeshades.html
http://pic9.nipic.com/20100905/3970232_184347079969_2.jpg	http://www.nipic.com/show/1/44/3628468k5f86987e.html
http://pic3.nipic.com/20090508/2318251_192507038_2.jpg	http://www.nipic.com/show/1/44/a6cf5599e8f31921.html
http://p.ayxbk.com/images/thumb/5/5e/Bkero.jpg/200px-Bkero.jpg	http://cht.a-hospital.com/w/%E4%B8%89%E8%89%B2%E5%A0%87
http://www.wed114.cn/jiehun/uploads/allimg/150522/42_150522105801_1.jpg	http://www.wed114.cn/jiehun/huayudaquan/20150522136766.html
http://a3.att.hudong.com/02/88/01300000195282124177888059842_s.jpg	http://www.baike.com/wiki/%E9%87%8E%E7%94%9F%E4%B8%89%E8%89%B2%E5%A0%87
http://pic.pimg.tw/oldfox/4b8421e84c96c.png?v=1266950633	http://oldfox.pixnet.net/blog/post/30383026-%E8%8A%B1%E5%9C%92%E8%A3%A1%E7%9A%84%E4%B8%89%E8%89%B2%E5%A0%87
http://gmimg.geimian.com/pic/2015/04/20150430_202230_034.jpg	https://www.geimian.com/wx/31775.html
http://www.wdptj.com/wp-content/uploads/2016/08/%E4%B8%89%E8%89%B2%E5%A0%873.jpg	http://www.wdptj.com/25321.html
http://www.wed114.cn/jiehun/uploads/allimg/160427/42_160427172251_1.jpg	http://www.wed114.cn/jiehun/zhiwu/20160427145397.html
https://i1.kknews.cc/large/153300025278bc3660e0	https://kknews.cc/home/89y4rml.html
http://pic.pimg.tw/sean21/1307631738-3b18e5f6f421094406e5bcb60326555c_n.jpg	http://sean21.pixnet.net/blog/post/31846844-%E6%88%91%E7%9A%84%E4%B8%89%E8%89%B2%E5%A0%87%E7%9A%84%E6%95%85%E4%BA%8B
http://3.share.photo.xuite.net/astttv/132820a/9870155/439097535_m.jpg	http://blog.xuite.net/astttv/0929376868/123100635-%E4%B8%89%E8%89%B2%E5%A0%87%EF%BC%88%E8%97%8D%E9%96%93%E6%96%91%EF%BC%89
http://pic.pimg.tw/srj5557/1379904429-1903459894.jpg	http://srj5557.pixnet.net/blog/post/162260612-%E4%B8%89%E8%89%B2%E5%A0%87
http://www.cnhua.net/uploads/allimg/c090103/1230c0642220-15617.jpg	http://www.cnhua.net/minghua/ynhh/96599912312800.html
https://e.share.photo.xuite.net/hortwu239/1e866db/13080129/662973338_m.jpg	http://blog.xuite.net/hortwu239/wretch/143259737-%E4%B8%89%E8%89%B2%E5%A0%87%E5%92%8C%E9%A6%99%E5%A0%87%E8%8F%9C
