
http://7.blog.xuite.net/7/4/e/4/11253733/blog_227360/txt/31066790/5.jpg	http://blog.xuite.net/e2202778/boaboa/31066790-%E9%A0%AD%E8%8A%B1%E8%93%BC
http://pic.pimg.tw/b20131201/1385906620-2074615176.jpg?v=1385906621	http://b20131201.pixnet.net/blog/post/25939315-%E8%93%BC%E5%AE%B6%E8%AB%B8%E5%A7%90%E5%A6%B9%E4%B9%8B%E5%9B%9B%EF%BC%9A%E9%A0%AD%E8%8A%B1%E8%93%BC
http://a3.att.hudong.com/86/77/01000000000000119087749783286.jpg	http://tupian.baike.com/a3_86_77_01000000000000119087749783286_jpg.html&prd=so_tupian
http://pic.pimg.tw/jkl200538/1394524525-2655070338_l.jpg	http://jkl200538.pixnet.net/blog/post/357369983-20140311-%E9%A0%AD%E8%8A%B1%E8%93%BC
http://www.baihuamen.com/d/file/2014/05-24/83fda71f4fd871ef7c818ae992a8759f.jpg	http://www.baihuamen.com/touhualiao/16151_6.html
http://7.blog.xuite.net/7/4/e/4/11253733/blog_227360/txt/31066790/6.jpg	http://blog.xuite.net/e2202778/boaboa/31066790-%E9%A0%AD%E8%8A%B1%E8%93%BC
http://pic.pimg.tw/b20131201/1385906622-1093286153.jpg	http://b20131201.pixnet.net/blog/post/25939315-%E8%93%BC%E5%AE%B6%E8%AB%B8%E5%A7%90%E5%A6%B9%E4%B9%8B%E5%9B%9B%EF%BC%9A%E9%A0%AD%E8%8A%B1%E8%93%BC
http://pic.pimg.tw/dawnchorus/fbaeb841d0920244d649e8cc7a902b0a.jpg	http://dawnchorus.pixnet.net/blog/post/34279929-%E9%A0%AD%E8%8A%B1%E8%93%BC
http://pic.pingguolv.com/uploads/allimg/170116/109-1F116111430.png	http://www.pingguolv.com/zy/gongxiao/83686.html
https://9.share.photo.xuite.net/lansan8888/19e6c41/10391866/478983175_m.jpg	http://blog.xuite.net/lansan8888/lansan/127082423-%E7%B2%89%E7%90%83%E8%97%9C%EF%B9%9D%E9%A0%AD%E8%8A%B1%E8%93%BC%EF%B9%9E
http://pic.pingguolv.com/uploads/allimg/170116/109-1F116111418.png	http://www.pingguolv.com/zy/gongxiao/83686.html
http://pic.pimg.tw/b20131201/1385906621-2298077588.jpg?v=1385906622	http://b20131201.pixnet.net/blog/post/25939315-%E8%93%BC%E5%AE%B6%E8%AB%B8%E5%A7%90%E5%A6%B9%E4%B9%8B%E5%9B%9B%EF%BC%9A%E9%A0%AD%E8%8A%B1%E8%93%BC
http://www.baihuamen.com/d/file/2014/05-24/de7708ba72f42f0e8cf023518bff37b8.jpg	http://www.baihuamen.com/touhualiao/16151_18.html
http://www.zhiwutong.com/tu/cvh/yushengxiang/000654.jpg	http://www.zhiwutong.com/dan_tu/53/43113.htm
http://www.baihuamen.com/d/file/2014/05-24/b1ad015e2fb3bc87d92b573d6e8f437a.jpg	http://www.baihuamen.com/touhualiao/16151_14.html
http://www.wdptj.com/wp-content/uploads/2014/09/%E5%A4%B4%E8%8A%B1%E8%93%BC2.jpg	http://www.wdptj.com/4352.html
http://pic.pimg.tw/dawnchorus/789584ee6ae59dde00507d9def7deda1.jpg	http://dawnchorus.pixnet.net/blog/post/34279929-%E9%A0%AD%E8%8A%B1%E8%93%BC
http://www.weisanli.com/images/groundcover/upfile/1244978888933.jpg	http://www.weisanli.com/groundcover/1183/polygonum-capitatum
http://album.udn.com/community/img/PSN_PHOTO/hw1123/f_1592301_1.jpg	http://blog.udn.com/hw1123/1699116
http://link.photo.pchome.com.tw/s08/huangshuzhen0407/111/129842317355/	http://blog.cnyes.com/my/fmxszddz/article407009
http://www.baihuamen.com/d/file/2014/05-24/0a4b39bd5069ca140ae671d1ed49ebdd.jpg	http://www.baihuamen.com/touhualiao/
https://en.pimg.jp/019/263/653/1/19263653.jpg	https://cn.pixtastock.com/photo/19263653
http://7.blog.xuite.net/7/4/e/4/11253733/blog_227360/txt/31066790/7.jpg	http://blog.xuite.net/e2202778/boaboa/31066790-%E9%A0%AD%E8%8A%B1%E8%93%BC
http://link.photo.pchome.com.tw/s08/huangshuzhen0407/111/129842316749/	http://blog.cnyes.com/my/fmxszddz/article407009
https://en.pimg.jp/008/748/631/1/8748631.jpg	https://cn.pixtastock.com/photo/8748631
http://1.bp.blogspot.com/-8RPRi6UtPsk/U8f1oqup-QI/AAAAAAAAdR0/VTopITO1NeY/s1600/P1360213.jpg	http://purplewhee.blogspot.com/2014/03/blog-post_10.html
http://pic1.huashichang.com/2016/0801/20/579f469ba999f.jpg	http://www.aihuhua.com/tu/touhualiao.html
http://www.baihuamen.com/d/file/2014/05-24/799fc308bc433433c4d493613161777e.jpg	http://www.baihuamen.com/touhualiao/
http://a0.att.hudong.com/42/67/20200000013920144727675382712_s.jpg	http://www.baike.com/wiki/%E5%A4%B4%E8%8A%B1%E8%93%BC
http://4.bp.blogspot.com/-6htJGBH-RYk/U8f7tDaUlKI/AAAAAAAAdTA/EYSdpUNR-lg/s1600/P1360214.JPG	http://purplewhee.blogspot.com/2014/03/blog-post_10.html
http://bbs.cfh.ac.cn/attachment.aspx?attachmentid=1110	http://bbs.cfh.ac.cn/showtopic-787.aspx
http://h2.bytravel.cn/shop/head2/30783.gif	http://shop.bytravel.cn/produce3/65BD79C9593482B184FC.html
http://zhanqun-con.oss-cn-hongkong.aliyuncs.com/ssgaj/3/11879.jpg	http://m.ssgaj.com/t1541.html
https://en.pimg.jp/008/748/626/1/8748626.jpg	https://cn.pixtastock.com/photo/8748626
http://pic1.win4000.com/pic/8/50/97481357018.jpg	http://www.win4000.com/meinv113872_2.html
http://pic1.win4000.com/pic/8/50/97481357022.jpg	http://www.win4000.com/meinv113872_5.html
http://pic1.huashichang.com/2016/0801/20/579f469fb52f4.jpg	http://www.aihuhua.com/tu/touhualiao.html
http://1.share.photo.xuite.net/moumou0523/1165383/9908116/441976815_m.jpg	http://blog.xuite.net/moumou0523/twblog1/123393270-%E8%B5%B0%E9%80%B2%E5%8F%B0%E5%8C%97%E6%A4%8D%E7%89%A9%E5%9C%92%E3%80%8A12+%E3%80%8B%E5%8F%B0%E7%81%A3%E8%9B%87%E8%8B%BA.%E4%BB%99%E5%A5%B3%E4%B9%8B%E8%88%9E.%E9%A0%AD%E8%8A%B1%E8%93%BC
http://pic.pingguolv.com/uploads/allimg/170116/109-1F116111450.png	http://www.pingguolv.com/zy/gongxiao/83686.html
http://pic1.huashichang.com/2016/0801/20/579f469f53b08.jpg	http://www.aihuhua.com/tu/touhualiao.html
http://pic.pimg.tw/cleyera08/1379720632-707054361.jpg	http://cleyera08.pixnet.net/blog/post/248111777-%E9%A0%AD%E8%8A%B1%E8%93%BC-%28%E7%B2%89%E5%9C%98%E8%93%BC%29
http://www.qnong.com.cn/uploadfile/2015/0429/20150429122833570.jpg	http://www.qnong.com.cn/zhongzhi/yaocai/871.html
http://link.photo.pchome.com.tw/s08/huangshuzhen0407/111/129842314254/	http://blog.cnyes.com/my/fmxszddz/article407009
http://pic1.huashichang.com/2016/0801/20/579f469ebfaa5.jpg	http://www.aihuhua.com/tu/touhualiao.html
http://pic1.huashichang.com/2016/0801/20/579f469b4f323.jpg	http://m.aihuhua.com/tupian/tupianpjs.html
http://s7.sinaimg.cn/mw690/001ROMKqgy6TFvuqb6Cb6&690	http://blog.sina.com.cn/s/blog_66019f9e0102vjov.html
http://pic.pingguolv.com/uploads/allimg/170116/109-1F116111440.png	http://www.pingguolv.com/zy/gongxiao/83686.html
http://pic1.huashichang.com/2016/0801/20/579f46a15d0d0.jpg	http://www.aihuhua.com/tupian/tupianpk2.html
http://plantjdx.com/polygonum_capitatum.jpg	http://plantjdx.com/polygonum_capitatum.htm
http://www.pjcn.org/uploads/allimg/1611/1-161106214230T1.jpg	http://www.pjcn.org/hg/2755/
http://img.sczlb.com/uploads/pictures/2017/04/B0dnuD.png	http://www.sczlb.com/cate-news/176026.html
https://timg01.bdimg.com/timg?wapbaike&quality=80&size=b649_528&sec=1349839550&di=193509197692201e477f3c826c6e0e52&src=http://imgsrc.baidu.com/baike/pic/item/960a304e251f95ca933ccbf2c3177f3e660952ac.jpg	https://wapbaike.baidu.com/item/%E5%A4%B4%E8%8A%B1%E8%93%BC
http://www.baihuamen.com/d/file/2014/05-24/8e208229b79fa0ac51381f06da0b3987.jpg	http://www.baihuamen.com/touhualiao/
http://img.sczlb.com/uploads/pictures/2017/04/77WkFH.png	http://www.sczlb.com/cate-news/176027.html
http://www.wdptj.com/wp-content/uploads/2014/09/%E5%A4%B4%E8%8A%B1%E8%93%BC1.jpg	http://www.wdptj.com/4352.html
http://img.laozongyi.com/portal/201701/03/143633a8uir0fhc0303300.jpg	http://www.laozongyi.com/shenghuo/308808.html
http://pic1.win4000.com/pic/8/50/97481357021.jpg	http://www.win4000.com/meinv113872_4.html
http://www.baihuamen.com/d/file/2014/05-24/7df928b05710fcfff0de3a3d183e44ae.jpg	http://www.baihuamen.com/touhualiao/16151_5.html
http://www.huayugu.com.cn/uploads/allimg/160802/1-160P20935260-L.jpg	http://www.huayugu.com.cn/touhualiao/
http://www.huaxiangyu.net/picture/img/touhualiao.jpg	http://www.huaxiangyu.net/h/touhualiao
http://b.share.photo.xuite.net/nhhuang/1b1e01c/10557560/487685796_m.jpg	http://blog.xuite.net/nhhuang/twblog/128420092-%E9%A0%AD%E8%8A%B1%E8%93%BC
https://9.share.photo.xuite.net/lansan8888/19e6cbe/10391866/478944900_m.jpg	http://blog.xuite.net/lansan8888/lansan/127082423-%E7%B2%89%E7%90%83%E8%97%9C%EF%B9%9D%E9%A0%AD%E8%8A%B1%E8%93%BC%EF%B9%9E
http://pic1.win4000.com/pic/8/50/97481357039.jpg	http://www.win4000.com/meinv113872_15.html
http://pic.pingguolv.com/uploads/allimg/170116/109-1F116111407-lp.png	http://www.pingguolv.com/zy/gongxiao/83686.html
http://img.sczlb.com/uploads/pictures/2017/04/5OI6ZO.png	http://www.sczlb.com/cate-news/176027.html
http://a1.att.hudong.com/72/77/01300536007197138807774006961_s.png	http://www.baike.com/wiki/%E7%BB%87%E9%87%91%E5%A4%B4%E8%8A%B1%E8%93%BC
http://www.baihuamen.com/d/file/2014/05-24/3169d86f7dbccb06ff6cc61ed726e830.jpg	http://www.baihuamen.com/touhualiao/16151_9.html
http://s14.sinaimg.cn/mw690/001ROMKqgy6TFvsa0SV9d&690	http://blog.sina.com.cn/s/blog_66019f9e0102vjov.html
http://9.blog.xuite.net/9/8/b/4/11296815/blog_108107/txt/473786993/12.jpg	http://blog.xuite.net/maya569/01/473786993-%E5%9C%B0%E8%A2%AB%E6%A4%8D%E7%89%A9%28%E9%A0%AD%E8%8A%B1%E8%93%BC%29
http://www.baihuamen.com/d/file/2014/05-24/abc34b2da4b0cdd852ea8e6e0c7be1b7.jpg	http://www.baihuamen.com/touhualiao/16151_19.html
http://www.gototaitung.tw/upload/attachments/l/4098162908.jpg	http://www.gototaitung.tw/album/24?page=14
http://cdn.yz168.cc/comdata/19586/product/201705202007005920316435037_b.jpg	http://hzsgov.com/htmlProductDetail/1050307.html
https://t12.pimg.jp/025/839/502/1/25839502.jpg	https://cn.pixtastock.com/tags/%E5%A4%B4%E8%8A%B1%E8%93%BC
https://flora.megaview.com.tw/images/_cache/magic_toolbox/ec8358a7a7f6eb317732ea13a6fd8d83/1/8/1893/original/3095166720/P2260.jpg	https://flora.megaview.com.tw/product_info.php?products_id=1893
http://pic1.win4000.com/pic/8/50/97481357034.jpg	http://www.win4000.com/meinv113872_12.html
http://www.baihuamen.com/d/file/2014/05-24/a4126dcfe8b70819930ec40c07d9b620.jpg	http://www.baihuamen.com/touhualiao/16151_10.html
http://pic.pimg.tw/hjlee0301/1394277494-238701654_n.jpg	http://hjlee0301.pixnet.net/blog/post/56347782-%E9%A0%AD%E8%8A%B1%E8%93%BCpolygonum-capitatum%E4%BF%97%E7%A8%B1%E5%B0%8F%E7%B2%89%E5%9C%93
http://img.xunhai.com/2015/11/26/144847461494890.jpg	http://www.xunhai.com/touhualiao/
http://www.wdptj.com/wp-content/uploads/2014/09/%E5%A4%B4%E8%8A%B1%E8%93%BC.jpg	http://www.wdptj.com/4352.html
http://www.baihuamen.com/d/file/2014/05-24/1f0e95b4a5c54ccfb816bea0c9953e3f.jpg	http://www.baihuamen.com/touhualiao/16151_20.html
http://static.fuwo.com/upload/attachment/1606/13/81d8fb7c313c11e69fb600163e00254c.jpg	http://www.fuwo.com/article/1430091.html
http://a3.att.hudong.com/08/67/01100000000000144727675547206_s.jpg	http://www.baike.com/wiki/%E5%A4%B4%E8%8A%B1%E8%93%BC
https://c1.staticflickr.com/9/8430/7788057336_dd86b32aea_b.jpg	https://www.flickr.com/photos/66311931@N05/7788057336
http://pic.pimg.tw/cleyera08/1379720632-3808039922.jpg	http://cleyera08.pixnet.net/blog/post/248111777-%E9%A0%AD%E8%8A%B1%E8%93%BC-%28%E7%B2%89%E5%9C%98%E8%93%BC%29
http://hua36.com/tupian/touhualiao/1.jpg	http://hua36.com/huahui/caoben/241.html
http://www.baihuamen.com/d/file/2014/05-24/d9628c6bde6a42f5c0c713ab0e2c8df1.jpg	http://www.baihuamen.com/touhualiao/16151_12.html
http://a0.att.hudong.com/53/77/01300536007197138807775212442_s.png	http://www.baike.com/wiki/%E7%BB%87%E9%87%91%E5%A4%B4%E8%8A%B1%E8%93%BC
http://3.share.photo.xuite.net/tzlanchuang849/1352d7f/8499535/347385392_m.jpg	http://blog.xuite.net/tzlanchuang849/twblog/113684118-%E9%A0%AD%E8%8A%B1%E8%93%BC
http://pic1.win4000.com/pic/8/50/97481357031.jpg	http://www.win4000.com/meinv113872_11.html
https://gss3.bdstatic.com/-Po3dSag_xI4khGkpoWK1HF6hhy/baike/s%3D220/sign=32bb5936c3177f3e1434fb0f40ce3bb9/43a7d933c895d1434e382fa379f082025baf07e0.jpg	https://baike.baidu.com/item/%E5%A4%B4%E8%8A%B1%E8%93%BC
http://www.baihuamen.com/d/file/2014/05-24/bbd45dcb77f8d47379d2ed67545eacae.jpg	http://www.baihuamen.com/touhualiao/16151_11.html
http://www.baihuamen.com/d/file/2014/06-04/0e671b69c54937bcf06d44f94a61e1b5.jpg	http://www.baihuamen.com/touhualiao/16151_7.html
http://www.wdptj.com/wp-content/uploads/2014/09/%E5%A4%B4%E8%8A%B1%E8%93%BC3.jpg	http://www.wdptj.com/4352.html
http://a2.att.hudong.com/25/67/01100000000000144727675598640_s.jpg	http://www.baike.com/wiki/%E5%A4%B4%E8%8A%B1%E8%93%BC
http://img.xunhai.com/2015/11/26/144847458583283.jpg	http://www.xunhai.com/touhualiao/
http://static.fuwo.com/upload/attachment/1606/13/7f722fa2313c11e69fb600163e00254c.jpg	http://www.fuwo.com/article/1430091.html
http://www.weisanli.com/images/variegate/upfile/1235907678152.jpg	http://www.weisanli.com/variegate/1849/persicaria-capitata
http://s10.sinaimg.cn/mw690/001ROMKqgy6TFvuhGIxa9&690	http://blog.sina.com.cn/s/blog_66019f9e0102vjov.html
http://hua36.com/tupian/touhualiao/4.jpg	http://hua36.com/huahui/caoben/241.html
https://pic.pimg.tw/tracylee30000/1479039531-1224256810_n.jpg	http://tracylee30000.pixnet.net/blog/post/336634079-%E8%93%BC%E5%AE%B6%E7%9C%BE%E5%A7%8A%E5%A6%B9~%E7%9D%AB%E7%A9%97%E8%93%BC%E3%80%81%E9%A0%AD%E8%8A%B1%E8%93%BC%E3%80%81
