
http://pic1.huashichang.com/2016/0904/13/57cbae9444605.jpg	http://m.aihuhua.com/tupian/tupianqr9.html
http://pic1.huashichang.com/2016/0904/13/57cbae8be8b18.jpg	http://m.aihuhua.com/tupian/tupianqr2.html
http://img.pconline.com.cn/images/upload/upc/tx/photoblog/1604/13/c5/20265934_1460518102499_mthumb.jpg	http://dp.pconline.com.cn/sphoto/3631604.html
http://pic1.huashichang.com/2016/0904/13/57cbaea4593d3.jpg	http://m.aihuhua.com/tupian/tupianqrk.html
http://read.html5.qq.com/image?src=forum&q=5&r=0&imgflag=7&imageUrl=mmbiz.qpic.cn/mmbiz/LYfqgNkrzLCaMvxA3wBpTGlHDxqvss7icsZsLepGSL4jv0ahDJlZfEUk87nm4nGF8LTeY7IL8UgRI7KWnROTtvQ/0?wx_fmt=png	http://m.v4.cc/News-1253515.html
http://pic1.win4000.com/pic/b/ac/a26a1344711.jpg	http://www.win4000.com/meinv112684_9.html
http://www.baihuamen.com/d/file/2014/06-01/253d0ea4771d4ef23e4b3876b1759702.jpg	http://www.baihuamen.com/danbanhuangcimei/
http://pic1.huashichang.com/2016/0904/13/57cbae9848bbf.jpg	http://www.aihuhua.com/tupian/tupianqrb.html
http://pic1.huashichang.com/2016/0904/13/57cbae8c5bc47.jpg	http://m.aihuhua.com/tupian/tupianqr3.html
http://www.baihuamen.com/d/file/2014/06-01/221329ce78cd199dd50cf5b3fb68f315.jpg	http://www.baihuamen.com/danbanhuangcimei/
http://www.huayugu.com.cn/uploads/allimg/160908/1-160ZR125570-L.jpg	http://www.huayugu.com.cn/danbanhuangcimei/
http://www.baihuamen.com/d/file/2014/06-01/ce639bb23886ed0d8134652cf3d35498.jpg	http://www.baihuamen.com/danbanhuangcimei/17471_16.html
http://www.baihuamen.com/d/file/2014/06-01/76b3bb3ddffb5e71f3d8dec57f809c6e.jpg	http://www.baihuamen.com/danbanhuangcimei/17471_6.html
http://s9.sinaimg.cn/mw690/003gUbwtzy6L5HRp9k4e8&690	http://blog.sina.com.cn/s/blog_b2b50fe90102uyd2.html
http://s8.sinaimg.cn/mw690/003gUbwtgy6L5HtOQoD67&690	http://blog.sina.com.cn/s/blog_62c56d7f0102whzk.html
http://s15.sinaimg.cn/mw690/0002yYQXzy6IWwMQrF43e&690	http://blog.sina.com.cn/s/blog_024226d30101jm7r.html
http://pic128.nipic.com/file/20170428/4224370_080430494000_2.jpg	http://www.nipic.com/show/17113623.html
http://s15.sinaimg.cn/mw690/001nPxoHzy7aNSEjUBw5e&690	http://blog.sina.com.cn/s/blog_4b984a370102xa42.html
http://s7.sinaimg.cn/middle/5e0b92aeha181b59cb2e6&690&690	http://blog.sina.com.cn/s/blog_5e0b92ae0100r7rm.html
http://pic1.huashichang.com/2016/0904/13/57cbae924ff90.jpg	http://m.aihuhua.com/tupian/tupianqr8.html
http://pic1.huashichang.com/2016/0904/13/57cbae9680b7e.jpg	http://www.aihuhua.com/tupian/tupianqr7.html
http://pic1.huashichang.com/2016/0904/13/57cbae9a4725f.jpg	http://m.aihuhua.com/tupian/tupianqrc.html
http://pic1.win4000.com/pic/b/ac/a26a1344709.jpg	http://www.win4000.com/meinv112684_7.html
http://www.huayugu.com.cn/uploads/allimg/160908/1-160ZR122420-L.jpg	http://www.huayugu.com.cn/danbanhuangcimei/
http://pic128.nipic.com/file/20170428/4224370_080423474000_2.jpg	http://www.nipic.com/show/17113613.html
http://pic1.win4000.com/pic/b/ac/a26a1344717.jpg	http://www.win4000.com/meinv112684_15.html
http://pic1.win4000.com/pic/b/ac/a26a1344713.jpg	http://www.win4000.com/meinv112684_11.html
http://m.xiaohongti.com/uploadfile/2016/0617/38_160219154613_1.jpg	http://m.xiaohongti.com/yinshi/huahui/32934.html
http://pic1.win4000.com/pic/b/ac/a26a1344716.jpg_195.jpg	http://www.win4000.com/meinv112684_9.html
http://map1.zw3w.com:8080/zw_news_map/350/2014053/1401004779153948506.jpg	http://zwbk.idwoo.com/archives/tag/%E8%AE%A4%E8%AF%86%E5%8D%95%E7%93%A3%E9%BB%84%E5%88%BA%E7%8E%AB%E5%8D%95%E7%93%A3%E9%BB%84%E5%88%BA%E7%8E%AB%E7%9F%A5%E5%A4%9A%E5%B0%91
http://s5.sinaimg.cn/mw690/003gUbwtzy6L5HUL4FK94&690	http://blog.sina.com.cn/s/blog_62c56d7f0102whzk.html
http://img004.mllres.com//images/upload/%E5%8D%95%E7%93%A3%E9%BB%84%E5%88%BA%E7%8E%AB02.jpg	http://www.meilele.com/article/shipin/37356.html
http://pic1.win4000.com/pic/b/ac/a26a1344707.jpg	http://www.win4000.com/meinv112684_5.html
http://pic1.win4000.com/pic/b/ac/a26a1344701.jpg	http://www.win4000.com/meinv112684.html
https://gss2.bdstatic.com/-fo3dSag_xI4khGkpoWK1HF6hhy/baike/s%3D220/sign=fe1a573746086e066ea8384932097b5a/eaf81a4c510fd9f991a99e6f2f2dd42a2834a47e.jpg	https://baike.baidu.com/item/%E5%8D%95%E7%93%A3%E9%BB%84%E5%88%BA%E7%8E%AB
http://pic1.huashichang.com/2016/0904/13/57cbae90466c3.jpg	http://www.aihuhua.com/tupian/tupianqr7.html
http://i2.bbswater.fd.zol-img.com.cn/t_s1200x5000/g5/M00/00/06/ChMkJ1cR-tCIEnPsAAdxByhOrgoAAQARQN6rZYAB3Ef748.jpg	http://bbs.zol.com.cn/dcbbs/d268_184227.html
http://www.neipet.com/wp-content/uploads/2016/07/%E5%8D%95%E7%93%A3%E9%BB%84%E5%88%BA%E7%8E%AB.jpg	http://www.neipet.com/plant/28328.html
http://www.fpcn.net/uploads/allimg/131106/2-13110614255I44.JPG	http://www.fpcn.net/a/guanmu/20131106/Rosa_xanthina_f_normalis.html
http://s12.sinaimg.cn/mw690/001nPxoHzy71dKaGz5p2b&690	http://blog.sina.com.cn/s/blog_4b984a370102w7z2.html
http://www.baihuamen.com/d/file/2014/06-01/cea12f56b199e668c339d8080369007f.jpg	http://www.baihuamen.com/danbanhuangcimei/17471_5.html
http://www.baihuamen.com/d/file/2014/06-01/7e394a6e1e6bdf8ebd6702beb043ff95.jpg	http://www.baihuamen.com/danbanhuangcimei/17471_7.html
http://image01.baihuaji.cn/01/58ef12f00ed3804cd40943a022a19be3e0a3.jpg	http://www.baihuaji.cn/article_789.html
http://s8.sinaimg.cn/mw690/001nPxoHzy71dDlcX6D57&690	http://blog.sina.com.cn/s/blog_4b984a370102w7z2.html
http://s1.sinaimg.cn/mw690/001nPxoHzy71dCL6n9m60&690	http://blog.sina.com.cn/s/blog_4b984a370102w7z2.html
http://s15.sinaimg.cn/mw690/001nPxoHzy71dDsNKpwfe&690	http://blog.sina.com.cn/s/blog_4b984a370102w7z2.html
http://s9.sinaimg.cn/mw690/001nPxoHzy71dElTXsY48&690	http://blog.sina.com.cn/s/blog_4b984a370102w7z2.html
http://s16.sinaimg.cn/mw690/001nPxoHzy71dFxWkRp1f&690	http://blog.sina.com.cn/s/blog_4b984a370102w7z2.html
http://s13.sinaimg.cn/mw690/001nPxoHzy71dDfM0G07c&690	http://blog.sina.com.cn/s/blog_4b984a370102w7z2.html
http://s4.sinaimg.cn/mw690/001nPxoHzy71dEswzM7b3&690	http://blog.sina.com.cn/s/blog_4b984a370102w7z2.html
http://www.baihuamen.com/d/file/2014/03-29/bac9c1e532f785be346a1888ac13fb3a.jpg	http://www.baihuamen.com/huangcimei/
http://www.baihuamen.com/d/file/2014/06-01/5db306affe3b596de3f5cea716e9a744.jpg	http://www.baihuamen.com/danbanhuangcimei/17471_8.html
http://s8.sinaimg.cn/mw690/001nPxoHzy7aOHzuiF197&690	http://blog.sina.com.cn/s/blog_4b984a370102xa42.html
http://www.baihuamen.com/d/file/2014/06-01/915ea118253db75b4c93ef0955444bdf.jpg	http://www.baihuamen.com/danbanhuangcimei/17471_19.html
http://www.baihuamen.com/d/file/2014/06-01/a613957ba3f90ca2b6a2dcbc5d9ce8ce.jpg	http://www.baihuamen.com/danbanhuangcimei/17471_18.html
http://www.baihuamen.com/d/file/2014/06-01/08d160138c7d28a87c60b7a046f3cdbd.jpg	http://www.baihuamen.com/danbanhuangcimei/17471_14.html
http://img.redocn.com/sheying/20170420/danbanhuangcimei_8125177.jpg	http://sucai.redocn.com/dongwuzhiwu_8125177.html
http://www.baihuamen.com/d/file/2014/06-01/61bc9eb7ae6f57401d55f9c1671340d6.jpg	http://www.baihuamen.com/danbanhuangcimei/17471_20.html
http://pic1.huashichang.com/2016/0904/13/57cbaea3ef54d.jpg	http://www.aihuhua.com/tupian/tupianqrj.html
http://www.baihuamen.com/d/file/2014/06-01/dbcac6ecd6a7ce1532b7025c1718939d.jpg	http://www.baihuamen.com/danbanhuangcimei/17471_12.html
http://www.baihuamen.com/d/file/2014/06-01/af6058112be65e930d5c7c62dc25949b.jpg	http://www.baihuamen.com/danbanhuangcimei/17471_13.html
http://www.baihuamen.com/d/file/2014/06-01/832a5d8eb51a9f4e6f746c970d899913.jpg	http://www.baihuamen.com/danbanhuangcimei/17471_15.html
http://www.baihuamen.com/d/file/2014/06-01/02c60a040b817662bbc4d9dbc0d42398.jpg	http://www.baihuamen.com/danbanhuangcimei/17471_10.html
http://a4.att.hudong.com/42/05/01300000165919121156054300276_s.jpg	http://www.baike.com/wiki/%E9%BB%84%E5%88%BA%E7%8E%AB
https://gss2.bdstatic.com/-fo3dSag_xI4khGkpoWK1HF6hhy/baike/w%3D400/sign=a9329d700346f21fc9345f53c6266b31/902397dda144ad34277a540cd9a20cf430ad8570.jpg	https://baike.baidu.com/item/%E5%8D%95%E7%93%A3%E9%BB%84%E5%88%BA%E7%8E%AB
http://i4.bbswater.fd.zol-img.com.cn/t_s1200x5000/g5/M00/06/0C/ChMkJ1kXvVCIIAPWAAR47WG-anoAAcWywOxRvoABHkF934.jpg	http://bbs.zol.com.cn/dcbbs/d657_626083.html
http://s16.sinaimg.cn/mw690/001nPxoHzy7aOHzMtBR6f&690	http://blog.sina.com.cn/s/blog_4b984a370102xa42.html
http://www.baihuamen.com/d/file/2014/06-01/5effac8ce915d70b74faecb60a1ea448.jpg	http://www.baihuamen.com/danbanhuangcimei/
http://s10.sinaimg.cn/mw690/001nPxoHzy7aOc15YzT89&690	http://blog.sina.com.cn/s/blog_4b984a370102xa42.html
http://s12.sinaimg.cn/mw690/001nPxoHzy7aNSbrmzx4b&690	http://blog.sina.com.cn/s/blog_4b984a370102xa42.html
http://s10.sinaimg.cn/mw690/001nPxoHzy7aObH04uR59&690	http://blog.sina.com.cn/s/blog_4b984a370102xa42.html
http://pic1.huashichang.com/2016/0904/13/57cbae8e4fe9f_200_140.jpg	http://m.aihuhua.com/tu/danbanhuangcimei.html
http://s12.sinaimg.cn/mw690/003gUbwtzy6L5HXVrD52b&690	http://blog.sina.com.cn/s/blog_b2b50fe90102uyd2.html
http://www.baihuamen.com/d/file/2014/06-01/dd6b9a1f78ded6b49b5b3da78c0b86f1.jpg	http://www.baihuamen.com/danbanhuangcimei/
http://s7.sinaimg.cn/mw690/001oBarhzy6JwmdAfWKe6&690	http://blog.sina.com.cn/s/blog_4c457ffb0102e9bk.html
https://www.huabaike.com/uploads/allimg/sltimg/201606/574e65a5ae8a8.jpg	https://www.huabaike.com/mbzw/3863.html
http://i0.bbswater.fd.zol-img.com.cn/t_s1200x5000/g5/M00/06/0C/ChMkJ1kXvVaIHWuxAATo1He-53AAAcWzAARfjgABOjs960.jpg	http://bbs.zol.com.cn/dcbbs/d657_626083.html
http://spic.xeeok.com/uploads/20170410/201704101107391205/258099_005_s.jpg	http://www.xeeok.com/wangluo_detail_16426_1.html
http://i3.bbswater.fd.zol-img.com.cn/t_s1200x5000/g5/M00/00/06/ChMkJ1cR-q6IWtcbAAaLnWTJtWYAAQARQITTX8ABou1053.jpg	http://bbs.zol.com.cn/dcbbs/d268_184227.html
http://pic1.huashichang.com/2016/0904/13/57cbae8cbee33.jpg	http://www.aihuhua.com/tupian/tupianqr7.html
http://s4.sinaimg.cn/mw690/003gUbwtzy6L5HRCz8T33&690	http://blog.sina.com.cn/s/blog_b2b50fe90102uyd2.html
http://pic1.huashichang.com/2016/0904/13/57cbaea2e1db1_200_140.jpg	http://m.aihuhua.com/tu/danbanhuangcimei.html
http://i0.bbswater.fd.zol-img.com.cn/t_s1200x5000/g5/M00/06/0C/ChMkJ1kXvUqIe7iBAAOyHpsnA4AAAcWywMwltQAA7I2050.jpg	http://bbs.zol.com.cn/dcbbs/d657_626083.html
http://s12.sinaimg.cn/mw690/003gUbwtzy6L5HRJPCz6b&690	http://blog.sina.com.cn/s/blog_b2b50fe90102uyd2.html
http://img.pconline.com.cn/images/upload/upc/tx/photoblog/1407/18/c5/36458078_36458078_1405689050406_mthumb.jpg	http://dp.pconline.com.cn/photo/3370416.html
http://s14.sinaimg.cn/mw690/001oBarhzy6Jwmefcfz1d&690	http://blog.sina.com.cn/s/blog_4c457ffb0102e9bk.html
http://www.cnmmhh.com/file/upload/201303/20/et44650201756051.jpg	http://www.cnmmhh.com/plant/show.php?itemid=2100
http://s7.sinaimg.cn/mw690/003gUbwtzy6L5HS8JIqf6&690	http://blog.sina.com.cn/s/blog_b2b50fe90102uyd2.html
http://s9.sinaimg.cn/mw690/501e4167gdb41cdef1078&690	http://www.dianboabao.com/Article/6YeN55Oj6buE5Yi6546r.html
http://s15.sinaimg.cn/middle/5e0b92aeha181b644a0ae&690&690	http://blog.sina.com.cn/s/blog_5e0b92ae0100r7rm.html
http://www.pibaosi.net/uploads/allimg/160218/1-16021Q353280-L.jpg	http://huahui.pibaosi.net/20160218/117842.html
http://i5.bbswater.fd.zol-img.com.cn/t_s1200x5000/g5/M00/06/0C/ChMkJ1kXvSCIC5TkAATDtx9qPn0AAcWywFPqtcABMPP105.jpg	http://bbs.zol.com.cn/dcbbs/d657_626083.html
http://s10.sinaimg.cn/mw690/003gUbwtzy6L5HSUtZL69&690	http://blog.sina.com.cn/s/blog_b2b50fe90102uyd2.html
http://s13.sinaimg.cn/middle/5e0b92aeha181b7c03c6c&690&690	http://blog.sina.com.cn/s/blog_5e0b92ae0100r7rm.html
http://s1.sinaimg.cn/middle/5e0b92aeha181b690d7b0&690&690	http://blog.sina.com.cn/s/blog_5e0b92ae0100r7rm.html
http://s12.sinaimg.cn/middle/5e0b92aeha181b55faa3b&690&690	http://blog.sina.com.cn/s/blog_5e0b92ae0100r7rm.html
http://s11.sinaimg.cn/mw690/003gUbwtgy6L5HI3LBgca&690	http://blog.sina.com.cn/s/blog_b2b50fe90102uyd2.html
http://s5.sinaimg.cn/mw690/001oBarhzy6JwmdOkFm54&690	http://blog.sina.com.cn/s/blog_4c457ffb0102e9bk.html
http://i0.bbswater.fd.zol-img.com.cn/t_s1200x5000/g5/M00/00/06/ChMkJ1cR-riIK926AAe3gxY8QfUAAQARQIth2YAB7eb250.jpg	http://bbs.zol.com.cn/dcbbs/d268_184227.html
http://s14.sinaimg.cn/mw690/0002yYQXzy6IWwLDsUl4d&690	http://blog.sina.com.cn/s/blog_024226d30101jm7r.html
