
http://www.baihuamen.com/d/file/2014/04-24/0324cb4ba6789a6ae2ee47bd17010444.jpg	http://www.baihuamen.com/meirenjiao/
http://www.baihuamen.com/d/file/2014/04-24/e74fcc63789a6e85397056070ec9e588.jpg	http://www.baihuamen.com/meirenjiao/
http://www.caohuajidi.com/uploads/cp/20170320033907.jpg	http://www.caohuajidi.com/supply/146.html
https://www.huabaike.com/uploads/allimg/sltimg/201605/573052822b9a6.jpg	http://www.huabaike.com/hyjk/3790.html
https://gss3.bdstatic.com/-Po3dSag_xI4khGkpoWK1HF6hhy/baike/c0%3Dbaike60%2C5%2C5%2C60%2C20/sign=adba798fd8b44aed4d43b6b6d275ec64/7dd98d1001e939010a9df7fb79ec54e737d19653.jpg	https://baike.baidu.com/item/%E7%BE%8E%E4%BA%BA%E8%95%89
http://a1.att.hudong.com/57/04/01100000000000144736044353773_s.jpg	http://www.baike.com/wiki/%E7%BE%8E%E4%BA%BA%E8%95%89
http://3.bp.blogspot.com/-hES_dFWXduo/VH6d78w2cqI/AAAAAAAADFM/rzY6tuqr3g0/s1600/141121_%E7%BE%8E%E4%BA%BA%E8%95%89%2B%E5%8D%97%E5%A4%AA%E5%B9%B3%E6%B4%8B-%E9%AE%AE%E7%B4%85.JPG	http://blog.igarden.com.tw/2014/07/how-to-grow-canna-plant-seeds.html
https://img.imynest.com/uploads/E/95/E95EA9CB2B.jpeg	https://www.imynest.com/content/62281.html
http://www.baihuamen.com/d/file/2014/04-24/b67b833ec1ccff8d669ad5c26231a9a6.jpg	http://www.baihuamen.com/meirenjiao/
https://www.huabaike.com/uploads/allimg/sltimg/201605/57305348ed64c.jpg	http://www.huabaike.com/hyjk/3790.html
http://pic7.nipic.com/20100529/4678872_151948074171_2.jpg	http://www.nipic.com/show/1/47/505f17b8940386b2.html
http://a3.att.hudong.com/46/04/01100000000000144736044613421_s.jpg	http://www.baike.com/wiki/%E7%BE%8E%E4%BA%BA%E8%95%89
http://a4.att.hudong.com/22/04/01100000000000144736044908244_s.jpg	http://www.baike.com/wiki/%E7%BE%8E%E4%BA%BA%E8%95%89
http://www.twword.com/uploads/wiki/7b/ed/733279_6.jpg	http://www.twword.com/wiki/%E7%BE%8E%E4%BA%BA%E8%95%89%E7%A7%91
http://www.bm8.com.cn/flower/photo/mrj3.jpg	http://www.bm8.com.cn/flower/show.asp?id=8
https://a.share.photo.xuite.net/cshuang2/1ae65cc/19713781/1107217367_l.jpg	http://blog.xuite.net/cshuang2/twblog/360694891
http://pic8.nipic.com/20100726/5407948_115405087588_2.jpg	http://www.nipic.com/show/1/44/c4f9f888f324d864.html
http://a2.att.hudong.com/74/04/01100000000000144736044998051_s.jpg	http://www.baike.com/wiki/%E7%BE%8E%E4%BA%BA%E8%95%89
https://8.share.photo.xuite.net/tamlubi/182cf85/9837981/437080808_m.jpg	http://blog.xuite.net/tamlubi/twblog/122761218-%E7%BE%8E%E4%BA%BA%E8%95%89
https://www.huabaike.com/uploads/allimg/sltimg/201605/574683bbae9d3.jpg	http://www.huabaike.com/hyjk/3790.html
http://pic9.nipic.com/20100906/3438208_092001427953_2.jpg	http://www.nipic.com/show/3632178.html
http://www.wenlianyuan.com/upLoad/product/month_1501/201501181910565758.jpg	http://www.wenlianyuan.com/list-136-1.html
https://upload.wikimedia.org/wikipedia/commons/thumb/9/99/Canna_indica_%28wild_species%29_flowers.JPG/250px-Canna_indica_%28wild_species%29_flowers.JPG	https://zh.wikipedia.org/wiki/%E7%BE%8E%E4%BA%BA%E8%95%89
http://pic.nipic.com/2008-01-15/2008115172616288_2.jpg	http://www.nipic.com/show/1/44/b044ff88e1577eae.html
https://gss2.bdstatic.com/-fo3dSag_xI4khGkpoWK1HF6hhy/baike/c0%3Dbaike60%2C5%2C5%2C60%2C20/sign=8538e1e49113b07ea9b0585a6dbefa46/8694a4c27d1ed21b703e4820af6eddc450da3f7b.jpg	https://baike.baidu.com/item/%E7%BE%8E%E4%BA%BA%E8%95%89
http://img.ph.126.net/amGeLONWqBTQjeRSJsCkPg==/3330693399417983722.jpg	http://lpj9957.blog.163.com/blog/static/13320549220126126426306/
http://file.azg168.cn/file/yangzhaifengshui/fengshuizhiwu/20150622/19eeff0a7707370964d1fa7c25ffc3dc.jpg	http://www.azg168.cn/yangzhaifengshui/fengshuizhiwu/91071.html
https://www.huabaike.com/uploads/allimg/sltimg/201605/57305018050d3.jpg	http://www.huabaike.com/hyjk/3790.html
http://z5axba.bay.livefilestore.com/y1pQFtNI79f1K0Nv6-S_mrFgUJqg1BhT-Mdn3vu74hQ2kC5jnl4pRiO_nyNIRMV_cu2u_fKnsfYhOb_zxMVwycXhA/IMG_5877.JPG	http://moscargo.pixnet.net/blog/post/31505995-%E5%A4%8F%E5%AD%A3%E7%9B%9B%E8%B1%94%EF%BC%8A%E7%BE%8E%E4%BA%BA%E8%95%89
http://www.54ch.net/zhizuo/UploadFiles_7870/201210/2012102518455472.jpg	http://www.54ch.net/zhizuo/HTML/3562.html
http://www.kdais.gov.tw/htmlarea_graph/web_articles/kdais/4406/101126_3.jpg	http://www.kdais.gov.tw/view.php?catid=4895
http://www.user1.jqw.com/2012/02/29/432598/product/b201203011717384095.jpg	http://www.miaomu777.com/news/show-7001.html
http://7.blog.xuite.net/7/4/e/4/11253733/blog_227360/txt/19619232/0.jpg	http://blog.xuite.net/e2202778/boaboa/19619232-%E5%A4%A7%E8%8A%B1%E7%BE%8E%E4%BA%BA%E8%95%89
https://img.imynest.com/uploads/C/C6/CC680F40CF_800x600.jpeg	https://www.imynest.com/content/62281.html
http://pic.pimg.tw/yunhoney2013/1399804302-1920902249_n.jpg	http://yunhoney2013.pixnet.net/blog/post/366504785-%E7%BE%8E%E4%BA%BA%E8%95%89%28%E8%93%AE%E8%95%89%29
http://www.168hm.com/Public/2015/03/29/69951aifXtKyA031953.jpg	http://www.168hm.com/Category/item_655.html
http://link.photo.pchome.com.tw/s08/huangshuzhen0407/136/131082099732/	http://mypaper.pchome.com.tw/huangshuzhen0407/post/1322309259
https://www.huabaike.com/uploads/allimg/sltimg/201608/bp_57b120a787add.jpg	http://www.huabaike.com/hyjk/3790.html
http://www.lnjn.gov.cn/special/syh/yuanlinyuanyi/lishiwenhua/images/20067368507.jpg	http://www.lnjn.gov.cn/special/syh/yuanlinyuanyi/lishiwenhua/2006/7/61112.shtml
https://8.share.photo.xuite.net/tamlubi/182cfae/9837981/437081873_m.jpg	http://blog.xuite.net/tamlubi/twblog/122761218-%E7%BE%8E%E4%BA%BA%E8%95%89
https://gss3.bdstatic.com/-Po3dSag_xI4khGkpoWK1HF6hhy/baike/c0%3Dbaike60%2C5%2C5%2C60%2C20/sign=57f4843f79cb0a46912f836b0a0a9d41/bd3eb13533fa828bfd19fb26ff1f4134970a5a38.jpg	https://baike.baidu.com/item/%E7%BE%8E%E4%BA%BA%E8%95%89
https://i1.kknews.cc/large/10e1000f83617fb4b66b	https://kknews.cc/health/mgaqa3g.html
http://4.bp.blogspot.com/-YNCMODOtvB8/U7uv9PjQ6zI/AAAAAAAABP4/mHOZNv630aI/s1600/%25E4%25B8%25BB%25E5%259C%2596.jpg	http://blog.igarden.com.tw/2014/07/how-to-grow-canna-plant-seeds.html
http://www.baihuamen.com/d/file/2014/04-24/27dcba448b7edc567049f4712712cdbf.jpg	http://www.baihuamen.com/meirenjiao/
https://upload.wikimedia.org/wikipedia/commons/thumb/8/8a/Canna_sp.jpg/250px-Canna_sp.jpg	https://zh.wikipedia.org/wiki/%E7%BE%8E%E4%BA%BA%E8%95%89%E5%B1%AC
http://pic.baike.soso.com/ugc/baikepic2/18492/20160909200224-1126986644.jpg/300	http://baike.soso.com/ShowTitle.e?sp=S%E7%BE%8E%E4%BA%BA%E8%95%89
http://www.365azw.com/Attachments/share/201506/558398922fbe7.jpg	http://www.365azw.com/share/s-173613
http://pic24.nipic.com/20121012/8759743_131457659149_2.jpg	http://www.nipic.com/show/1/44/6942510k7febb2b3.html
http://www.wed114.cn/jiehun/uploads/allimg/140328/39_140328100808_1.png	http://www.wed114.cn/jiehun/zhiwu/20140317120067.html
http://www.baihuamen.com/d/file/2014/04-24/75266fa3949490187571ca84f8fc1166.jpg	http://www.baihuamen.com/meirenjiao/
http://kplant.biodiv.tw/%E7%BE%8E%E4%BA%BA%E8%95%89/%E7%BE%8E%E4%BA%BA%E8%95%89-%E8%8A%B150.jpg	http://kplant.biodiv.tw/%E7%BE%8E%E4%BA%BA%E8%95%89/%E7%BE%8E%E4%BA%BA%E8%95%89.htm
http://pic.tugou.com/baike/1461313680_6448835.jpeg	http://www.tugou.com/baike/1571.html
http://www.twword.com/uploads/wiki/7b/ed/733279_4.jpg	http://www.twword.com/wiki/%E7%BE%8E%E4%BA%BA%E8%95%89%E7%A7%91
http://gate.sinovision.net:82/gate/big5/cdnwww.sinovision.net/data/attachment/album/201308/19/215635mnn9eecrfcyerrrp.jpg	http://gate.sinovision.net:82/gate/big5/blog.sinovision.net/space/do/blog/uid/30435/id/208774.html
http://www.twword.com/uploads/wiki/7b/ed/733279_10.jpg	http://www.twword.com/wiki/%E7%BE%8E%E4%BA%BA%E8%95%89%E7%A7%91
http://a2.att.hudong.com/05/10/01300000833575127952107660720_s.jpg	http://www.baike.com/wiki/%E7%B4%AB%E5%8F%B6%E7%BE%8E%E4%BA%BA%E8%95%89
https://8.share.photo.xuite.net/tamlubi/182cf68/9837981/437079243_m.jpg	http://blog.xuite.net/tamlubi/twblog/122761218-%E7%BE%8E%E4%BA%BA%E8%95%89
http://boya.xmu.edu.cn/flowers/%E7%BE%8E%E4%BA%BA%E8%95%89%E8%BF%87%E6%B2%B3.JPG	http://boya.xmu.edu.cn/flowerspast.htm
http://img0.dreamhy.com/upload/20141013/0543018471.jpg	http://www.dreamhy.com/jingyan/tag-%E7%BE%8E%E4%BA%BA%E8%95%89.aspx
http://pad3.whstatic.com/images/thumb/8/8b/Grow-Cannas-Step-1.jpg/v4-728px-Grow-Cannas-Step-1.jpg	http://zh.wikihow.com/%E7%A7%8D%E6%A4%8D%E7%BE%8E%E4%BA%BA%E8%95%89
http://nkdig.stsp.gov.tw/tree_guide2/images/treeimg/78/map78_5.jpg	http://nkdig.stsp.gov.tw/tree_guide2/tree/tree78/tree78.html
http://pic20.nipic.com/20120330/2572038_203838665187_2.jpg	http://www.nipic.com/show/5938906.html
http://newsimg.5054399.com/uploads/userup/1009/1114542Y293.jpg	http://news.4399.com/xiaohuaxian/huazhong/shui/201009-07-76865.html
http://gate.sinovision.net:82/gate/big5/cdnwww.sinovision.net/data/attachment/album/201308/19/213930xpwufh8t0ko961po.jpg	http://gate.sinovision.net:82/gate/big5/blog.sinovision.net/space/do/blog/uid/30435/id/208774.html
http://www.twword.com/uploads/wiki/7b/ed/733279_11.jpg	http://www.twword.com/wiki/%E7%BE%8E%E4%BA%BA%E8%95%89%E7%A7%91
http://map1.zw3e.com:8080/zw_news_map/550/2015053/1432209237316333160.jpg	http://www.zw3e.com/see/f548i128.html
http://www.wdptj.com/wp-content/uploads/2015/01/3%E7%BE%8E%E4%BA%BA%E8%95%89%E8%8A%B1%E8%AF%AD.jpg	http://www.wdptj.com/7721.html
http://www.yuhuagu.com/uploads/allimg/150712/43_150712211443_1.jpg	http://www.yuhuagu.com/caoben/2015/0712/12274.html
https://cbu01.alicdn.com/img/ibank/2016/670/696/3391696076_436725001.310x310.jpg	https://www.1688.com/pic/-C3C0C8CBBDB6D6D6D7D3.html
http://www.1nongjing.com/uploads/allimg/160427/902-16042G55RL62.jpg	http://net.1nongjing.com/a/201604/138070.html
https://www.huabaike.com/uploads/allimg/artimg/201701/20170124182000_36987.jpg	https://www.huabaike.com/yhjq/6986.html
http://farm9.staticflickr.com/8143/7286653018_42696518e6_c.jpg	http://woyun.loveyui.com/?p=33
https://img.imynest.com/uploads/E/2E/E2E5A6CBC5_800x600.jpeg	https://www.imynest.com/content/58857.html
http://www.ltxylc.com/uploadfile/20131011151223%E7%BE%8E%E4%BA%BA%E8%95%89.jpg	http://www.ltxylc.com/pro_list.aspx?typeId=MTY0&pid=MTU2
http://img.laozongyi.com/portal/201702/28/141605h8e0l7dj5mi88jnf.jpg	http://www.laozongyi.com/shenghuo/329646.html
http://www.hj245.com/Content/UploadFiles/00/00/02/E4.jpg	http://www.hj245.com/show_product/I4qCd.html
https://www.huabaike.com/uploads/allimg/sltimg/201612/583fc2e698724.jpg	https://www.huabaike.com/sgzw/3207.html
http://b2b.image.yuanlin.com/Biz/2008-11/200811271457227864.jpg	http://lantian.yuanlin.com/sell-m70703.html
http://www.0536huahui.com/userfiles/image/%E7%BE%8E%E4%BA%BA%E8%95%89.jpg	http://www.0536huahui.com/product_xx.asp?y_id=275
http://pic.nipic.com/2008-01-15/2008115172331460_2.jpg	http://www.nipic.com/show/1/44/09885ef9d6e06635.html
http://www.iyanghua.com/f/meirenjiao/20081223221438_2.jpg	http://www.iyanghua.com/f/meirenjiao/
https://img.lrgarden.com/flower_pic/p300/190/62/1000011454_1000000745_1471140158.jpg	https://www.lrgarden.com/topic/view/id-1000001871.html
http://www.wdptj.com/wp-content/uploads/2014/07/%E9%87%91%E8%84%89%E7%BE%8E%E4%BA%BA%E8%95%89.jpg	http://www.wdptj.com/994.html
http://a3.att.hudong.com/43/37/01300000121401121084377375984_s.jpg	http://www.baike.com/gwiki/%E7%BE%8E%E4%BA%BA%E8%95%89
https://cbu01.alicdn.com/img/ibank/2015/777/274/2143472777_332683237.310x310.jpg	https://www.1688.com/pic/-C3C0C8CBBDB6BBA8.html
http://www.wenxuefeng.com/upload_files/vlog/0/116/116_20070829160850_RFNDMDAwNTU=.jpg	http://www.wenxuefeng.com/blog/index.php?file=viewphoto&uid=116&id=235
http://www.1818hm.com/file/upload/201509/07/16-50-39-80-5.jpg	http://www.1818hm.com/chanpin/show-43.html
http://blog.roodo.com/ddmflower/21b12f1e.gif	http://blog.roodo.com/ddmflower/archives/1530381.html
https://upload.wikimedia.org/wikipedia/commons/thumb/d/d0/Mariano%2C_DSC02033.JPG/250px-Mariano%2C_DSC02033.JPG	https://zh-yue.wikipedia.org/wiki/%E7%BE%8E%E4%BA%BA%E8%95%89
http://a4.att.hudong.com/30/04/20200000013920144736044197210_s.jpg	http://www.baike.com/wiki/%E7%BE%8E%E4%BA%BA%E8%95%89%E8%8A%B1
http://p1.s.hjfile.cn/thread/201206/20120612120338442_286_o.jpg	http://bulo.hujiang.com/menu/8249/item/604896/
http://www.wdptj.com/wp-content/uploads/2015/01/%E7%BE%8E%E4%BA%BA%E8%95%89%E8%8A%B1%E8%AF%AD.jpg	http://www.wdptj.com/7721.html
http://classweb.loxa.edu.tw/clockloxa/plant/html/h/h003-04.jpg	http://classweb.loxa.edu.tw/clockloxa/plant/html/h/h003.htm
http://link.photo.pchome.com.tw/s08/huangshuzhen0407/136/131082097798/	http://mypaper.pchome.com.tw/huangshuzhen0407/post/1322309259
http://link.photo.pchome.com.tw/s11/qiufeng540/9/126943045050/	http://mypaper.pchome.com.tw/qiufeng540/post/1320781495
http://img.sczlb.com/uploads/pictures/2016/02/zW42yH.png	http://www.sczlb.com/cate-news/88362.html
http://pic.pimg.tw/achiblog/1381115192-3293204750.jpg?v=1381115193	http://achiblog.pixnet.net/blog/post/3613540-%E8%93%AE%E8%95%89%EF%BC%88%E7%BE%8E%E4%BA%BA%E8%95%89%EF%BC%89%E7%A8%AE%E5%AD%90%E7%9B%86%E6%A0%BD
http://tupian.geimian.com/pic/2016/03/2016-03-14_111124.jpg	https://www.geimian.com/wx/62162.html
http://eoldata.taibif.tw/files/eoldata/imagecache/data_object_image/images/168/mei_ren_jiao__chen_yu_xian_20040416she_yu_yang_ming_shan__dscn4464.jpg	http://taibif.tw/zh/namecode/202260
https://www.huabaike.com/uploads/allimg/artimg/201605/20160510162401_78230.jpg	https://www.huabaike.com/yhjq/3250.html
