
https://gss2.bdstatic.com/9fo3dSag_xI4khGkpoWK1HF6hhy/baike/c0%3Dbaike80%2C5%2C5%2C80%2C26/sign=1e16da0e309b033b3885f48874a75db6/6609c93d70cf3bc755010ae6d500baa1cd112ab3.jpg
https://gss1.bdstatic.com/9vo3dSag_xI4khGkpoWK1HF6hhy/baike/c0%3Dbaike92%2C5%2C5%2C92%2C30/sign=0203415c8701a18be4e61a1dff466c6d/a2cc7cd98d1001e9b0d6d37fb80e7bec55e797dc.jpg
https://gss3.bdstatic.com/7Po3dSag_xI4khGkpoWK1HF6hhy/baike/c0%3Dbaike92%2C5%2C5%2C92%2C30/sign=80bf092c8e82b90129a0cb6112e4c212/cb8065380cd79123d89eb67fa9345982b2b780ba.jpg
https://gss3.bdstatic.com/-Po3dSag_xI4khGkpoWK1HF6hhy/baike/c0%3Dbaike92%2C5%2C5%2C92%2C30/sign=6688faf3a386c9171c0e5a6ba8541baa/6f061d950a7b020888b621ea66d9f2d3572cc8ba.jpg
https://gss1.bdstatic.com/9vo3dSag_xI4khGkpoWK1HF6hhy/baike/c0%3Dbaike80%2C5%2C5%2C80%2C26/sign=4a46c1780d23dd54357eaf3ab060d8bb/b151f8198618367a5be1c2c12a738bd4b31ce546.jpg

https://gss3.bdstatic.com/7Po3dSag_xI4khGkpoWK1HF6hhy/baike/c0%3Dbaike92%2C5%2C5%2C92%2C30/sign=aade785194ef76c6c4dff379fc7f969f/83025aafa40f4bfbb4ee3424074f78f0f7361887.jpg
https://gss0.bdstatic.com/94o3dSag_xI4khGkpoWK1HF6hhy/baike/c0%3Dbaike80%2C5%2C5%2C80%2C26/sign=92996d93532c11dfcadcb771024e09b5/ae51f3deb48f8c5464ae6f5f3e292df5e0fe7f45.jpg
https://gss2.bdstatic.com/9fo3dSag_xI4khGkpoWK1HF6hhy/baike/c0%3Dbaike80%2C5%2C5%2C80%2C26/sign=a56c8e9fadec8a1300175fb2966afaea/b58f8c5494eef01fc869b2b5e4fe9925bc317d45.jpg

https://gss2.bdstatic.com/-fo3dSag_xI4khGkpoWK1HF6hhy/baike/c0%3Dbaike80%2C5%2C5%2C80%2C26/sign=55cb5dbdf8039245b5b8e95de6fdcfa7/54fbb2fb43166d22d94fbee4422309f79052d282.jpg
https://gss3.bdstatic.com/7Po3dSag_xI4khGkpoWK1HF6hhy/baike/c0%3Dbaike80%2C5%2C5%2C80%2C26/sign=54f862439645d688b70fbaf6c5ab167b/b3fb43166d224f4ab7a1d8630df790529822d182.jpg
https://gss1.bdstatic.com/9vo3dSag_xI4khGkpoWK1HF6hhy/baike/c0%3Dbaike80%2C5%2C5%2C80%2C26/sign=54f12cbb47166d222c7a1dc6274a6292/48540923dd54564e93524f49b7de9c82d1584f8e.jpg

https://gss2.bdstatic.com/-fo3dSag_xI4khGkpoWK1HF6hhy/baike/c0%3Dbaike80%2C5%2C5%2C80%2C26/sign=c79f0f4a344e251ff6faecaac6efa272/6f061d950a7b0208fd5f929166d9f2d3572cc828.jpg
https://gss3.bdstatic.com/-Po3dSag_xI4khGkpoWK1HF6hhy/baike/c0%3Dbaike92%2C5%2C5%2C92%2C30/sign=eca2517d74cf3bc7fc0dc5beb069d1c4/0bd162d9f2d3572c9a7431ac8e13632762d0c328.jpg
https://gss3.bdstatic.com/7Po3dSag_xI4khGkpoWK1HF6hhy/baike/c0%3Dbaike80%2C5%2C5%2C80%2C26/sign=e8a2517d74cf3bc7fc0dc5beb069d1c4/10dfa9ec8a136327ed7b6f43958fa0ec08fac728.jpg
https://gss0.bdstatic.com/94o3dSag_xI4khGkpoWK1HF6hhy/baike/c0%3Dbaike92%2C5%2C5%2C92%2C30/sign=68774940bea1cd1111bb7a72d87ba399/a8ec8a13632762d067a809cfa4ec08fa513dc628.jpg
https://gss2.bdstatic.com/9fo3dSag_xI4khGkpoWK1HF6hhy/baike/c0%3Dbaike80%2C5%2C5%2C80%2C26/sign=a96c077dfcdcd100d991f07313e22c75/622762d0f703918f324790ba553d269759eec428.jpg
https://gss3.bdstatic.com/7Po3dSag_xI4khGkpoWK1HF6hhy/baike/c0%3Dbaike80%2C5%2C5%2C80%2C26/sign=5abaeacb4310b912abccfeaca2949766/09fa513d269759eeaac6cdbbb6fb43166d22df28.jpg
https://gss0.bdstatic.com/-4o3dSag_xI4khGkpoWK1HF6hhy/baike/c0%3Dbaike80%2C5%2C5%2C80%2C26/sign=5f655bbdf8039245b5b8e95de6fdcfa7/54fbb2fb43166d22d3e1b8e4422309f79052d228.jpg

https://gss3.bdstatic.com/7Po3dSag_xI4khGkpoWK1HF6hhy/baike/c0%3Dbaike180%2C5%2C5%2C180%2C60/sign=ff068db10cf3d7ca18fb37249376d56c/faf2b2119313b07eada49a870cd7912397dd8c20.jpg
https://gss0.bdstatic.com/-4o3dSag_xI4khGkpoWK1HF6hhy/baike/c0%3Dbaike180%2C5%2C5%2C180%2C60/sign=1700f4f9f21fbe090853cb460a096756/cb8065380cd79123fb165ffbad345982b3b7804f.jpg
https://gss2.bdstatic.com/-fo3dSag_xI4khGkpoWK1HF6hhy/baike/c0%3Dbaike150%2C5%2C5%2C150%2C50/sign=54432fa90924ab18f41be96554938da8/8b82b9014a90f60375a856c83912b31bb051ed21.jpg
https://gss3.bdstatic.com/7Po3dSag_xI4khGkpoWK1HF6hhy/baike/c0%3Dbaike150%2C5%2C5%2C150%2C50/sign=ba872fac73f08202399f996d2a929088/b21c8701a18b87d630b36090070828381e30fd48.jpg
https://gss3.bdstatic.com/-Po3dSag_xI4khGkpoWK1HF6hhy/baike/c0%3Dbaike150%2C5%2C5%2C150%2C50/sign=48fb4b308c5494ee932f074b4c9c8b9b/241f95cad1c8a786723280816709c93d70cf5021.jpg
https://gss2.bdstatic.com/9fo3dSag_xI4khGkpoWK1HF6hhy/baike/c0%3Dbaike116%2C5%2C5%2C116%2C38/sign=9bddfb7e6309c93d13ff06a5fe5493b9/dcc451da81cb39dbe437d626d4160924aa1830ce.jpg
