
https://gss0.bdstatic.com/94o3dSag_xI4khGkpoWK1HF6hhy/baike/c0%3Dbaike116%2C5%2C5%2C116%2C38/sign=ec1f7d2ba1cc7cd9ee203c8b58684a5a/b58f8c5494eef01f7a997e03e2fe9925bd317d62.jpg
https://gss0.bdstatic.com/94o3dSag_xI4khGkpoWK1HF6hhy/baike/c0%3Dbaike116%2C5%2C5%2C116%2C38/sign=b22110e06f224f4a43947b41689efb37/d52a2834349b033b5b6f9a1c17ce36d3d439bd14.jpg

https://gss2.bdstatic.com/9fo3dSag_xI4khGkpoWK1HF6hhy/baike/c0%3Dbaike92%2C5%2C5%2C92%2C30/sign=af5ee47654da81cb5aeb8b9f330fbb73/91529822720e0cf3d5fa42790f46f21fbe09aa26.jpg
https://gss0.bdstatic.com/94o3dSag_xI4khGkpoWK1HF6hhy/baike/c0%3Dbaike80%2C5%2C5%2C80%2C26/sign=9a5356c4718da9775a228e79d138937c/b3b7d0a20cf431ad1b2cd6ce4936acaf2fdd984f.jpg
https://gss3.bdstatic.com/-Po3dSag_xI4khGkpoWK1HF6hhy/baike/c0%3Dbaike150%2C5%2C5%2C150%2C50/sign=694923e8b27eca80060831b5f04afcb8/91ef76c6a7efce1b464e4d01ad51f3deb58f6590.jpg
https://gss3.bdstatic.com/7Po3dSag_xI4khGkpoWK1HF6hhy/baike/c0%3Dbaike92%2C5%2C5%2C92%2C30/sign=b60f6d7d5f6034a83defb0d3aa7a2231/cefc1e178a82b90165ba274f708da9773912efb3.jpg
https://gss0.bdstatic.com/-4o3dSag_xI4khGkpoWK1HF6hhy/baike/c0%3Dbaike80%2C5%2C5%2C80%2C26/sign=251898dcf503738dca470470d272db34/5882b2b7d0a20cf4adb419a375094b36acaf99a2.jpg
https://gss2.bdstatic.com/9fo3dSag_xI4khGkpoWK1HF6hhy/baike/c0%3Dbaike116%2C5%2C5%2C116%2C38/sign=d751de9b922397ddc274905638ebd9d2/9a504fc2d562853557b4355d93ef76c6a7ef6372.jpg
https://gss3.bdstatic.com/-Po3dSag_xI4khGkpoWK1HF6hhy/baike/c0%3Dbaike80%2C5%2C5%2C80%2C26/sign=e6fb84029158d109d0eea1e0b031a7da/377adab44aed2e73b07b61508401a18b87d6fa38.jpg
https://gss2.bdstatic.com/-fo3dSag_xI4khGkpoWK1HF6hhy/baike/c0%3Dbaike116%2C5%2C5%2C116%2C38/sign=a60b48b9af4bd11310c0bf603bc6cf6a/728da9773912b31bdecf61e38418367adbb4e15d.jpg
https://gss2.bdstatic.com/-fo3dSag_xI4khGkpoWK1HF6hhy/baike/c0%3Dbaike92%2C5%2C5%2C92%2C30/sign=8dc215adb2119313d34ef7e2045167b2/c9fcc3cec3fdfc034cc438d7d43f8794a4c22625.jpg
https://gss3.bdstatic.com/7Po3dSag_xI4khGkpoWK1HF6hhy/baike/c0%3Dbaike72%2C5%2C5%2C72%2C24/sign=5fd512f6eb24b899ca31716a0f6f76f0/b8389b504fc2d562f2d8e81be51190ef77c66c77.jpg

https://gss3.bdstatic.com/7Po3dSag_xI4khGkpoWK1HF6hhy/baike/c0%3Dbaike80%2C5%2C5%2C80%2C26/sign=9ff39a9bd42a283457ab3e593adca28f/c8177f3e6709c93d8f6584719f3df8dcd00054a5.jpg
https://gss3.bdstatic.com/7Po3dSag_xI4khGkpoWK1HF6hhy/baike/c0%3Dbaike80%2C5%2C5%2C80%2C26/sign=1b15519597dda144ce0464e0d3debbc7/0ff41bd5ad6eddc44618417d39dbb6fd536633bc.jpg
https://gss1.bdstatic.com/9vo3dSag_xI4khGkpoWK1HF6hhy/baike/c0%3Dbaike80%2C5%2C5%2C80%2C26/sign=4f006759ce1b9d169eca923392b7dfea/79f0f736afc37931339373afebc4b74542a911b8.jpg
https://gss0.bdstatic.com/94o3dSag_xI4khGkpoWK1HF6hhy/baike/c0%3Dbaike80%2C5%2C5%2C80%2C26/sign=bae835b5918fa0ec6bca6c5f47fe328b/2cf5e0fe9925bc318458f61e5edf8db1cb13702b.jpg
https://gss1.bdstatic.com/9vo3dSag_xI4khGkpoWK1HF6hhy/baike/c0%3Dbaike80%2C5%2C5%2C80%2C26/sign=9b7dc845d7ca7bcb6976cf7ddf600006/6d81800a19d8bc3e5846f74c828ba61ea9d345ee.jpg
https://gss3.bdstatic.com/-Po3dSag_xI4khGkpoWK1HF6hhy/baike/c0%3Dbaike80%2C5%2C5%2C80%2C26/sign=089b42b7a18b87d6444fa34d6661435d/203fb80e7bec54e78d56ea98b9389b504ec26afa.jpg
https://gss1.bdstatic.com/-vo3dSag_xI4khGkpoWK1HF6hhy/baike/c0%3Dbaike80%2C5%2C5%2C80%2C26/sign=4434b54682025aafc73f76999a84c001/14ce36d3d539b600afd4fc31e950352ac65cb71a.jpg
https://gss3.bdstatic.com/7Po3dSag_xI4khGkpoWK1HF6hhy/baike/c0%3Dbaike80%2C5%2C5%2C80%2C26/sign=1967add60c33874488c8272e3066b29c/a9d3fd1f4134970adf0de3a995cad1c8a7865d3e.jpg
https://gss0.bdstatic.com/-4o3dSag_xI4khGkpoWK1HF6hhy/baike/c0%3Dbaike80%2C5%2C5%2C80%2C26/sign=b67531b5918fa0ec6bca6c5f47fe328b/2cf5e0fe9925bc3188c5f21e5edf8db1ca137098.jpg
https://gss0.bdstatic.com/-4o3dSag_xI4khGkpoWK1HF6hhy/baike/c0%3Dbaike80%2C5%2C5%2C80%2C26/sign=57746b192edda3cc1fe9b07260805264/962bd40735fae6cd67cb59e70fb30f2442a70f3c.jpg
https://gss2.bdstatic.com/-fo3dSag_xI4khGkpoWK1HF6hhy/baike/c0%3Dbaike80%2C5%2C5%2C80%2C26/sign=b0866b62b31c8701c2bbbab44616f54a/00e93901213fb80ee519b45136d12f2eb8389468.jpg
https://gss3.bdstatic.com/7Po3dSag_xI4khGkpoWK1HF6hhy/baike/c0%3Dbaike80%2C5%2C5%2C80%2C26/sign=201e588e9b504fc2b652b85784b48c74/d01373f082025aafab3faa4dfbedab64034f1a22.jpg
https://gss2.bdstatic.com/9fo3dSag_xI4khGkpoWK1HF6hhy/baike/c0%3Dbaike80%2C5%2C5%2C80%2C26/sign=03f9359c6059252db71a155655f2685e/d0c8a786c9177f3ebd092b8b70cf3bc79f3d5673.jpg
https://gss2.bdstatic.com/9fo3dSag_xI4khGkpoWK1HF6hhy/baike/c0%3Dbaike80%2C5%2C5%2C80%2C26/sign=b9892b5c15ce36d3b6098b625b9a51e2/9e3df8dcd100baa12f2d903d4710b912c8fc2e37.jpg
https://gss0.bdstatic.com/94o3dSag_xI4khGkpoWK1HF6hhy/baike/c0%3Dbaike80%2C5%2C5%2C80%2C26/sign=c204b3b9d9f9d72a0369184fb5434351/241f95cad1c8a786115f9d886709c93d70cf503b.jpg
https://gss1.bdstatic.com/-vo3dSag_xI4khGkpoWK1HF6hhy/baike/c0%3Dbaike80%2C5%2C5%2C80%2C26/sign=a7ece0be7bf40ad101e9cfb136457aba/a6efce1b9d16fdfa02c61168b48f8c5495ee7b8a.jpg
https://gss3.bdstatic.com/7Po3dSag_xI4khGkpoWK1HF6hhy/baike/c0%3Dbaike80%2C5%2C5%2C80%2C26/sign=344394bf4b36acaf4ded9eae1db0e675/0824ab18972bd407ca56047b7b899e510eb309a7.jpg
https://gss1.bdstatic.com/-vo3dSag_xI4khGkpoWK1HF6hhy/baike/c0%3Dbaike80%2C5%2C5%2C80%2C26/sign=86be4fd2034f78f0940692a118586130/e850352ac65c10382e101f44b2119313b17e89ce.jpg
https://gss1.bdstatic.com/9vo3dSag_xI4khGkpoWK1HF6hhy/baike/c0%3Dbaike80%2C5%2C5%2C80%2C26/sign=3816dda4b31bb0519b29bb7a5713b1d1/30adcbef76094b363dceca6ba3cc7cd98c109ddc.jpg
https://gss0.bdstatic.com/-4o3dSag_xI4khGkpoWK1HF6hhy/baike/c0%3Dbaike80%2C5%2C5%2C80%2C26/sign=e3e42da17f3e6709aa0d4dad5aaef458/63d9f2d3572c11dfed8e6ea5632762d0f603c2dd.jpg
https://gss0.bdstatic.com/-4o3dSag_xI4khGkpoWK1HF6hhy/baike/c0%3Dbaike80%2C5%2C5%2C80%2C26/sign=b6475fb8d9f9d72a0369184fb5434351/241f95cad1c8a786651c71896709c93d70cf5006.jpg
https://gss2.bdstatic.com/9fo3dSag_xI4khGkpoWK1HF6hhy/baike/c0%3Dbaike80%2C5%2C5%2C80%2C26/sign=d9d904f1f21fbe090853cb460a096756/bd3eb13533fa828b040ca664fd1f4134970a5a0d.jpg
https://gss1.bdstatic.com/-vo3dSag_xI4khGkpoWK1HF6hhy/baike/c0%3Dbaike80%2C5%2C5%2C80%2C26/sign=4a7d009342a7d933aba5ec21cc22ba76/242dd42a2834349b46f55402c9ea15ce37d3be41.jpg
https://gss0.bdstatic.com/-4o3dSag_xI4khGkpoWK1HF6hhy/baike/c0%3Dbaike80%2C5%2C5%2C80%2C26/sign=3f3c933ca61ea8d39e2f7c56f6635b2b/1e30e924b899a90140ce7fb11d950a7b0308f5b9.jpg
https://gss0.bdstatic.com/-4o3dSag_xI4khGkpoWK1HF6hhy/baike/c0%3Dbaike80%2C5%2C5%2C80%2C26/sign=cead4b18a40f4bfb98dd960662261395/d439b6003af33a87a5ff249dc65c10385243b5a2.jpg
https://gss2.bdstatic.com/9fo3dSag_xI4khGkpoWK1HF6hhy/baike/c0%3Dbaike80%2C5%2C5%2C80%2C26/sign=b1f54a02c9ea15ce55e3e85bd7695196/3ac79f3df8dcd100086fdca6728b4710b8122f41.jpg
https://gss3.bdstatic.com/7Po3dSag_xI4khGkpoWK1HF6hhy/baike/c0%3Dbaike80%2C5%2C5%2C80%2C26/sign=9160b558ce1b9d169eca923392b7dfea/79f0f736afc37931edf3a1aeebc4b74542a91199.jpg
https://gss2.bdstatic.com/9fo3dSag_xI4khGkpoWK1HF6hhy/baike/c0%3Dbaike80%2C5%2C5%2C80%2C26/sign=177fbce6f3deb48fef64a98c9176514c/0b55b319ebc4b745a92c9191cffc1e178b8215f8.jpg
https://gss3.bdstatic.com/-Po3dSag_xI4khGkpoWK1HF6hhy/baike/c0%3Dbaike80%2C5%2C5%2C80%2C26/sign=acadc7b035fae6cd18b9a3336eda6441/eaf81a4c510fd9f9ecac73ee252dd42a2934a4f9.jpg
https://gss3.bdstatic.com/-Po3dSag_xI4khGkpoWK1HF6hhy/baike/c0%3Dbaike80%2C5%2C5%2C80%2C26/sign=4cc36f7c0a46f21fdd395601974d0005/18d8bc3eb13533fa1982b2a9a8d3fd1f41345b04.jpg

https://gss0.bdstatic.com/94o3dSag_xI4khGkpoWK1HF6hhy/baike/c0%3Dbaike180%2C5%2C5%2C180%2C60/sign=093e297f39dbb6fd3156ed74684dc07d/b64543a98226cffc46f32236b9014a90f703ea5d.jpg
https://gss0.bdstatic.com/-4o3dSag_xI4khGkpoWK1HF6hhy/baike/c0%3Dbaike116%2C5%2C5%2C116%2C38/sign=cfeaf301c9ea15ce55e3e85bd7695196/0df431adcbef760987e7041b2edda3cc7dd99e42.jpg
https://gss1.bdstatic.com/9vo3dSag_xI4khGkpoWK1HF6hhy/baike/c0%3Dbaike150%2C5%2C5%2C150%2C50/sign=083e297f39dbb6fd3156ed74684dc07d/42a98226cffc1e17d36611b54a90f603728de95d.jpg
https://gss3.bdstatic.com/-Po3dSag_xI4khGkpoWK1HF6hhy/baike/c0%3Dbaike150%2C5%2C5%2C150%2C50/sign=623f1e495266d0166a14967af642bf62/cefc1e178a82b90111745eb7738da9773812ef5d.jpg
https://gss1.bdstatic.com/-vo3dSag_xI4khGkpoWK1HF6hhy/baike/c0%3Dbaike150%2C5%2C5%2C150%2C50/sign=e14dab8f5bb5c9ea76fe0bb1b450dd65/8c1001e93901213f6dd8d35854e736d12e2e954f.jpg

https://gss1.bdstatic.com/9vo3dSag_xI4khGkpoWK1HF6hhy/baike/c0%3Dbaike150%2C5%2C5%2C150%2C50/sign=4b88f19262d0f703f2bf9d8e69933a58/6159252dd42a2834f500918e5bb5c9ea14cebf95.jpg
https://gss2.bdstatic.com/9fo3dSag_xI4khGkpoWK1HF6hhy/baike/c0%3Dbaike150%2C5%2C5%2C150%2C50/sign=a1bcf065f703918fc3dc359830544df2/242dd42a2834349bc1a0c900c9ea15ce37d3be95.jpg
https://gss3.bdstatic.com/-Po3dSag_xI4khGkpoWK1HF6hhy/baike/c0%3Dbaike116%2C5%2C5%2C116%2C38/sign=7160d1a36d224f4a43947b41689efb37/d52a2834349b033b982e5b5f15ce36d3d439bd95.jpg
https://gss0.bdstatic.com/-4o3dSag_xI4khGkpoWK1HF6hhy/baike/c0%3Dbaike150%2C5%2C5%2C150%2C50/sign=3398033aa0ec08fa320d1bf538875608/2934349b033b5bb50d71877b36d3d539b700bc95.jpg
https://gss1.bdstatic.com/9vo3dSag_xI4khGkpoWK1HF6hhy/baike/c0%3Dbaike116%2C5%2C5%2C116%2C38/sign=a5ad00f0d688d43fe4a499a01c77b97e/43a7d933c895d143f4e543a673f082025baf07a7.jpg
https://gss1.bdstatic.com/-vo3dSag_xI4khGkpoWK1HF6hhy/baike/c0%3Dbaike150%2C5%2C5%2C150%2C50/sign=5414325908fa513d45a7648c5c043e9e/359b033b5bb5c9ead055a466d539b6003bf3b395.jpg
https://gss2.bdstatic.com/9fo3dSag_xI4khGkpoWK1HF6hhy/baike/c0%3Dbaike116%2C5%2C5%2C116%2C38/sign=c8eb443dd43f8794c7f2407cb3726591/d833c895d143ad4b8bbde14582025aafa50f06a7.jpg
https://gss3.bdstatic.com/-Po3dSag_xI4khGkpoWK1HF6hhy/baike/c0%3Dbaike150%2C5%2C5%2C150%2C50/sign=e10f5fa4728b4710da22f59ea2a7a898/c995d143ad4bd113285e10b75aafa40f4afb05a7.jpg
https://gss0.bdstatic.com/-4o3dSag_xI4khGkpoWK1HF6hhy/baike/c0%3Dbaike116%2C5%2C5%2C116%2C38/sign=88911521a4c27d1eb12b33967abcc60b/d043ad4bd11373f0deacc81aa40f4bfbfaed04a7.jpg
https://gss3.bdstatic.com/7Po3dSag_xI4khGkpoWK1HF6hhy/baike/c0%3Dbaike116%2C5%2C5%2C116%2C38/sign=e73fd49609f79052fb124f6c6d9abcaf/5ab5c9ea15ce36d312a224b53af33a87e850b195.jpg
https://gss1.bdstatic.com/-vo3dSag_xI4khGkpoWK1HF6hhy/baike/c0%3Dbaike116%2C5%2C5%2C116%2C38/sign=da3a36777d1ed21b6dc426b7cc07b6a1/ac4bd11373f08202070136ba4bfbfbedaa641ba7.jpg
https://gss0.bdstatic.com/94o3dSag_xI4khGkpoWK1HF6hhy/baike/c0%3Dbaike180%2C5%2C5%2C180%2C60/sign=ee0ccb5b3d6d55fbd1cb7e740c4b242f/c8ea15ce36d3d5397e9ba8463a87e950342ab095.jpg
https://gss1.bdstatic.com/9vo3dSag_xI4khGkpoWK1HF6hhy/baike/c0%3Dbaike116%2C5%2C5%2C116%2C38/sign=c06c02e79822720e6fc3eaa81aa26123/14ce36d3d539b600f368a832e950352ac75cb795.jpg
https://gss3.bdstatic.com/-Po3dSag_xI4khGkpoWK1HF6hhy/baike/c0%3Dbaike150%2C5%2C5%2C150%2C50/sign=f6f6c74eb2fb43160e12722841cd2d46/d439b6003af33a8722cba79fc65c10385243b595.jpg

https://gss0.bdstatic.com/-4o3dSag_xI4khGkpoWK1HF6hhy/baike/c0%3Dbaike116%2C5%2C5%2C116%2C38/sign=9556c8a2b051f819e5280b18bbdd2188/0bd162d9f2d3572cbd9bd2558a13632762d0c33a.jpg
https://gss2.bdstatic.com/-fo3dSag_xI4khGkpoWK1HF6hhy/baike/c0%3Dbaike116%2C5%2C5%2C116%2C38/sign=1e1583a08618367ab984778f4f1ae0b1/f3d3572c11dfa9ec2457189e62d0f703918fc13a.jpg
https://gss3.bdstatic.com/7Po3dSag_xI4khGkpoWK1HF6hhy/baike/c0%3Dbaike116%2C5%2C5%2C116%2C38/sign=9884dafdad345982d187edc06d9d5ac8/8435e5dde71190ef799fdc56ce1b9d16fcfa60d6.jpg
https://gss0.bdstatic.com/94o3dSag_xI4khGkpoWK1HF6hhy/baike/c0%3Dbaike116%2C5%2C5%2C116%2C38/sign=b11dd68d5982b2b7b392319650c4a08a/e4dde71190ef76c6b7b6b5a29d16fdfaae5167d6.jpg
https://gss1.bdstatic.com/9vo3dSag_xI4khGkpoWK1HF6hhy/baike/c0%3Dbaike116%2C5%2C5%2C116%2C38/sign=98a3c8679c82d158af8f51e3e16372bd/9e3df8dcd100baa184bb09324710b912c9fc2ea7.jpg

https://gss3.bdstatic.com/7Po3dSag_xI4khGkpoWK1HF6hhy/baike/c0%3Dbaike116%2C5%2C5%2C116%2C38/sign=aeefd197dd54564ef168ec6bd2b7f7e7/7e3e6709c93d70cfdc7c4789f8dcd100bba12bb4.jpg
https://gss2.bdstatic.com/-fo3dSag_xI4khGkpoWK1HF6hhy/baike/c0%3Dbaike116%2C5%2C5%2C116%2C38/sign=723909ecccbf6c81e33a24badd57da50/d000baa1cd11728ba9ab61a6c8fcc3cec2fd2cb4.jpg
https://gss0.bdstatic.com/-4o3dSag_xI4khGkpoWK1HF6hhy/baike/c0%3Dbaike150%2C5%2C5%2C150%2C50/sign=e3ab793f87d6277ffd1f3a6a49517455/4e4a20a4462309f7f4f84096720e0cf3d6cad69b.jpg
https://gss1.bdstatic.com/9vo3dSag_xI4khGkpoWK1HF6hhy/baike/c0%3Dbaike150%2C5%2C5%2C150%2C50/sign=6ea2f08c1f30e924dba994632d610563/9922720e0cf3d7ca1261d2f2f21fbe096a63a99b.jpg
https://gss2.bdstatic.com/-fo3dSag_xI4khGkpoWK1HF6hhy/baike/c0%3Dbaike116%2C5%2C5%2C116%2C38/sign=c5415a3fa61ea8d39e2f7c56f6635b2b/c2fdfc039245d68822845f20a4c27d1ed31b24b4.jpg
https://gss0.bdstatic.com/94o3dSag_xI4khGkpoWK1HF6hhy/baike/c0%3Dbaike150%2C5%2C5%2C150%2C50/sign=643909ecccbf6c81e33a24badd57da50/9345d688d43f87945c79a5aad21b0ef41ad53ab4.jpg

https://gss3.bdstatic.com/7Po3dSag_xI4khGkpoWK1HF6hhy/baike/c0%3Dbaike92%2C5%2C5%2C92%2C30/sign=a1a57d199e510fb36c147fc5b85aa3f0/8644ebf81a4c510f9e91d1ba6059252dd42aa53c.jpg
https://gss3.bdstatic.com/-Po3dSag_xI4khGkpoWK1HF6hhy/baike/c0%3Dbaike80%2C5%2C5%2C80%2C26/sign=ada57d199e510fb36c147fc5b85aa3f0/d8f9d72a6059252d9f422ea4349b033b5bb5b93c.jpg
https://gss0.bdstatic.com/94o3dSag_xI4khGkpoWK1HF6hhy/baike/c0%3Dbaike92%2C5%2C5%2C92%2C30/sign=1233d6860924ab18f41be96554938da8/0b46f21fbe096b63b6716df00c338744ebf8ac21.jpg
https://gss1.bdstatic.com/-vo3dSag_xI4khGkpoWK1HF6hhy/baike/c0%3Dbaike80%2C5%2C5%2C80%2C26/sign=95430fb4ab18972bb737089887a410ec/6a600c338744ebf85f19579fd9f9d72a6059a721.jpg
https://gss0.bdstatic.com/94o3dSag_xI4khGkpoWK1HF6hhy/baike/c0%3Dbaike80%2C5%2C5%2C80%2C26/sign=df7ed29735fae6cd18b9a3336eda6441/eaf81a4c510fd9f99f7f66c9252dd42a2834a421.jpg
https://gss2.bdstatic.com/9fo3dSag_xI4khGkpoWK1HF6hhy/baike/c0%3Dbaike92%2C5%2C5%2C92%2C30/sign=2298f1a6afc3793169658e7b8aaddc20/3b87e950352ac65c4a5055d3fbf2b21193138a3c.jpg
https://gss1.bdstatic.com/-vo3dSag_xI4khGkpoWK1HF6hhy/baike/c0%3Dbaike80%2C5%2C5%2C80%2C26/sign=d30409230f2442a7ba03f5f7b02ac62e/6159252dd42a283479ce05ab5bb5c9ea15cebf21.jpg
https://gss1.bdstatic.com/9vo3dSag_xI4khGkpoWK1HF6hhy/baike/c0%3Dbaike92%2C5%2C5%2C92%2C30/sign=d62d45398226cffc7d27b7e0d86821f5/b3119313b07eca8004500a47912397dda144833c.jpg
https://gss0.bdstatic.com/-4o3dSag_xI4khGkpoWK1HF6hhy/baike/c0%3Dbaike80%2C5%2C5%2C80%2C26/sign=8facb1d543a98226accc2375ebebd264/cb8065380cd79123f3b5a7d4ad345982b2b7803c.jpg
https://gss2.bdstatic.com/-fo3dSag_xI4khGkpoWK1HF6hhy/baike/c0%3Dbaike180%2C5%2C5%2C180%2C60/sign=6b38536bb2fb43160e12722841cd2d46/37d3d539b6003af36cd2efc0352ac65c1038b621.jpg
https://gss1.bdstatic.com/9vo3dSag_xI4khGkpoWK1HF6hhy/baike/c0%3Dbaike80%2C5%2C5%2C80%2C26/sign=fd5a4d6bfbedab64607f4592965fc4a6/3bf33a87e950352a9f0916a85343fbf2b2118b21.jpg
https://gss0.bdstatic.com/94o3dSag_xI4khGkpoWK1HF6hhy/baike/c0%3Dbaike92%2C5%2C5%2C92%2C30/sign=8b91b1d543a98226accc2375ebebd264/faf2b2119313b07eaad563a80cd7912397dd8c21.jpg
https://gss1.bdstatic.com/9vo3dSag_xI4khGkpoWK1HF6hhy/baike/c0%3Dbaike92%2C5%2C5%2C92%2C30/sign=d61045398226cffc7d27b7e0d86821f5/b3119313b07eca80046d0a47912397dda1448321.jpg
https://gss3.bdstatic.com/-Po3dSag_xI4khGkpoWK1HF6hhy/baike/c0%3Dbaike80%2C5%2C5%2C80%2C26/sign=8b718088367adab429dd1311eabdd879/adaf2edda3cc7cd9fe7807793901213fb80e913c.jpg
https://gss3.bdstatic.com/7Po3dSag_xI4khGkpoWK1HF6hhy/baike/c0%3Dbaike116%2C5%2C5%2C116%2C38/sign=beacd1ba6059252db71a155655f2685e/902397dda144ad343ed7b427d0a20cf431ad8521.jpg

https://gss1.bdstatic.com/9vo3dSag_xI4khGkpoWK1HF6hhy/baike/c0%3Dbaike150%2C5%2C5%2C150%2C50/sign=e7c7f68cb9389b502cf2e800e45c8eb8/9d82d158ccbf6c81511cc07abc3eb13533fa407d.jpg
https://gss0.bdstatic.com/-4o3dSag_xI4khGkpoWK1HF6hhy/baike/c0%3Dbaike116%2C5%2C5%2C116%2C38/sign=b179046651da81cb5aeb8b9f330fbb73/4afbfbedab64034f64e72e94afc379310a551d7d.jpg
https://gss1.bdstatic.com/9vo3dSag_xI4khGkpoWK1HF6hhy/baike/c0%3Dbaike116%2C5%2C5%2C116%2C38/sign=a90e5fba367adab429dd1311eabdd879/562c11dfa9ec8a133230bb72f703918fa0ecc07e.jpg
https://gss3.bdstatic.com/7Po3dSag_xI4khGkpoWK1HF6hhy/baike/c0%3Dbaike116%2C5%2C5%2C116%2C38/sign=a9c40c9bb6003af359b7d4325443ad39/4a36acaf2edda3cce3ce54b201e93901213f927e.jpg
https://gss3.bdstatic.com/7Po3dSag_xI4khGkpoWK1HF6hhy/baike/c0%3Dbaike116%2C5%2C5%2C116%2C38/sign=4616d3f7b319ebc4d4757ecbe34fa499/86d6277f9e2f0708171fc692e924b899a901f20e.jpg
https://gss0.bdstatic.com/94o3dSag_xI4khGkpoWK1HF6hhy/baike/c0%3Dbaike116%2C5%2C5%2C116%2C38/sign=898a124d76094b36cf9f13bfc2a517bc/9c16fdfaaf51f3de0ca855f694eef01f3a29790e.jpg
https://gss3.bdstatic.com/7Po3dSag_xI4khGkpoWK1HF6hhy/baike/c0%3Dbaike116%2C5%2C5%2C116%2C38/sign=24c66d2d8c5494ee932f074b4c9c8b9b/bd3eb13533fa828b71067171fd1f4134970a5a7f.jpg

https://gss3.bdstatic.com/-Po3dSag_xI4khGkpoWK1HF6hhy/baike/c0%3Dbaike180%2C5%2C5%2C180%2C60/sign=b9d2f4370ad162d991e36a4e70b6c289/f7246b600c3387445022958f510fd9f9d62aa05a.jpg
https://gss2.bdstatic.com/9fo3dSag_xI4khGkpoWK1HF6hhy/baike/c0%3Dbaike150%2C5%2C5%2C150%2C50/sign=da50833731adcbef15397654cdc645b8/3b292df5e0fe9925b6c3d3a334a85edf8cb17171.jpg
https://gss2.bdstatic.com/-fo3dSag_xI4khGkpoWK1HF6hhy/baike/c0%3Dbaike150%2C5%2C5%2C150%2C50/sign=2bb95ed073f08202399f996d2a929088/b21c8701a18b87d6a18d11ec070828381e30fd72.jpg
https://gss3.bdstatic.com/7Po3dSag_xI4khGkpoWK1HF6hhy/baike/c0%3Dbaike150%2C5%2C5%2C150%2C50/sign=44e8236c2edda3cc1fe9b07260805264/5d6034a85edf8db1c4cdc6970923dd54574e7465.jpg
https://gss0.bdstatic.com/-4o3dSag_xI4khGkpoWK1HF6hhy/baike/c0%3Dbaike150%2C5%2C5%2C150%2C50/sign=a73b4c3efc039245b5b8e95de6fdcfa7/5bafa40f4bfbfbedcf918c8c78f0f736aec31f7c.jpg

https://gss0.bdstatic.com/94o3dSag_xI4khGkpoWK1HF6hhy/baike/c0%3Dbaike92%2C5%2C5%2C92%2C30/sign=3fec8183c93d70cf58f7a25f99b5ba65/7af40ad162d9f2d317fef755a9ec8a136227cc99.jpg
https://gss3.bdstatic.com/7Po3dSag_xI4khGkpoWK1HF6hhy/baike/c0%3Dbaike116%2C5%2C5%2C116%2C38/sign=9d66ac672e738bd4d02cba63c0e2ecb3/8b13632762d0f703d65d466608fa513d2797c599.jpg
https://gss1.bdstatic.com/9vo3dSag_xI4khGkpoWK1HF6hhy/baike/c0%3Dbaike80%2C5%2C5%2C80%2C26/sign=f6a5766576c6a7efad2ba0749c93c434/aa64034f78f0f736be779fbb0a55b319eac413fa.jpg
https://gss3.bdstatic.com/-Po3dSag_xI4khGkpoWK1HF6hhy/baike/c0%3Dbaike80%2C5%2C5%2C80%2C26/sign=65724165ce1b9d169eca923392b7dfea/79f0f736afc3793119e15593ebc4b74542a911fa.jpg

https://gss1.bdstatic.com/-vo3dSag_xI4khGkpoWK1HF6hhy/baike/c0%3Dbaike150%2C5%2C5%2C150%2C50/sign=c37ddda5d0160924c828aa49b56e5e9f/1f178a82b9014a908383fc4ea9773912b21bee80.jpg
https://gss1.bdstatic.com/9vo3dSag_xI4khGkpoWK1HF6hhy/baike/c0%3Dbaike150%2C5%2C5%2C150%2C50/sign=6653200079310a55d029d6a6d62c28cc/a8014c086e061d959b1e8dcb7bf40ad163d9caed.jpg
https://gss3.bdstatic.com/-Po3dSag_xI4khGkpoWK1HF6hhy/baike/c0%3Dbaike180%2C5%2C5%2C180%2C60/sign=4993ece462d0f703f2bf9d8e69933a58/d62a6059252dd42aebb4bb58033b5bb5c8eab880.jpg
https://gss3.bdstatic.com/7Po3dSag_xI4khGkpoWK1HF6hhy/baike/c0%3Dbaike180%2C5%2C5%2C180%2C60/sign=154fa236e0fe9925df01610255c135ba/c8177f3e6709c93d5fa9b4049f3df8dcd00054ed.jpg
https://gss2.bdstatic.com/-fo3dSag_xI4khGkpoWK1HF6hhy/baike/c0%3Dbaike180%2C5%2C5%2C180%2C60/sign=f4c4594bd43f8794c7f2407cb3726591/4afbfbedab64034f1e7178f5afc379310b551d80.jpg
https://gss2.bdstatic.com/9fo3dSag_xI4khGkpoWK1HF6hhy/baike/c0%3Dbaike180%2C5%2C5%2C180%2C60/sign=c4525afab6003af359b7d4325443ad39/b90e7bec54e736d1ddaf36fb9b504fc2d4626981.jpg

https://gss3.bdstatic.com/-Po3dSag_xI4khGkpoWK1HF6hhy/baike/c0%3Dbaike116%2C5%2C5%2C116%2C38/sign=26f2aa1a81cb39dbd5cd6f04b17f6241/faedab64034f78f00c00540379310a55b3191c33.jpg
https://gss1.bdstatic.com/9vo3dSag_xI4khGkpoWK1HF6hhy/baike/c0%3Dbaike116%2C5%2C5%2C116%2C38/sign=f15f63e2720e0cf3b4fa46a96b2f997a/37d3d539b6003af35b8a1290352ac65c1038b60a.jpg
https://gss3.bdstatic.com/7Po3dSag_xI4khGkpoWK1HF6hhy/baike/c0%3Dbaike116%2C5%2C5%2C116%2C38/sign=1e0f60904fc2d562e605d8bf8678fb8a/ca1349540923dd54f1796998d109b3de9c82483c.jpg
https://gss2.bdstatic.com/-fo3dSag_xI4khGkpoWK1HF6hhy/baike/c0%3Dbaike116%2C5%2C5%2C116%2C38/sign=d54d0032b2119313d34ef7e2045167b2/b90e7bec54e736d1a92042f89b504fc2d562690b.jpg
https://gss3.bdstatic.com/-Po3dSag_xI4khGkpoWK1HF6hhy/baike/c0%3Dbaike116%2C5%2C5%2C116%2C38/sign=26caaa1a81cb39dbd5cd6f04b17f6241/faedab64034f78f00c38540379310a55b3191c0b.jpg

https://gss0.bdstatic.com/-4o3dSag_xI4khGkpoWK1HF6hhy/baike/c0%3Dbaike92%2C5%2C5%2C92%2C30/sign=4e52440f7af40ad101e9cfb136457aba/e4dde71190ef76c6e3c6881c9c16fdfaaf5167f4.jpg
https://gss1.bdstatic.com/-vo3dSag_xI4khGkpoWK1HF6hhy/baike/c0%3Dbaike92%2C5%2C5%2C92%2C30/sign=73be1fe93c6d55fbd1cb7e740c4b242f/9825bc315c6034a80bf6cbb6ca134954092376f4.jpg
https://gss2.bdstatic.com/9fo3dSag_xI4khGkpoWK1HF6hhy/baike/c0%3Dbaike92%2C5%2C5%2C92%2C30/sign=10274af4d6ca7bcb6976cf7ddf600006/b2de9c82d158ccbf0ea8c60d18d8bc3eb13541f4.jpg
https://gss3.bdstatic.com/7Po3dSag_xI4khGkpoWK1HF6hhy/baike/c0%3Dbaike92%2C5%2C5%2C92%2C30/sign=1307d442d788d43fe4a499a01c77b97e/58ee3d6d55fbb2fbac122b254e4a20a44623dcc8.jpg

https://gss2.bdstatic.com/-fo3dSag_xI4khGkpoWK1HF6hhy/baike/c0%3Dbaike92%2C5%2C5%2C92%2C30/sign=241f48f31ad5ad6ebef46cb8e0a252be/21a4462309f790526e2634090df3d7ca7bcbd5c8.jpg
https://gss2.bdstatic.com/9fo3dSag_xI4khGkpoWK1HF6hhy/baike/c0%3Dbaike92%2C5%2C5%2C92%2C30/sign=a91dd12cd50735fa85fd46ebff3864d6/6a63f6246b600c338541adff1b4c510fd9f9a1c8.jpg

https://gss0.bdstatic.com/-4o3dSag_xI4khGkpoWK1HF6hhy/baike/c0%3Dbaike92%2C5%2C5%2C92%2C30/sign=98dd77aacaef7609280691cd4fb4c8a9/50da81cb39dbb6fdc64f96110824ab18972b37f4.jpg

https://gss1.bdstatic.com/9vo3dSag_xI4khGkpoWK1HF6hhy/baike/c0%3Dbaike150%2C5%2C5%2C150%2C50/sign=936b09a4728b4710da22f59ea2a7a898/c995d143ad4bd1135a3a46b75aafa40f4afb05bb.jpg
https://gss2.bdstatic.com/9fo3dSag_xI4khGkpoWK1HF6hhy/baike/c0%3Dbaike150%2C5%2C5%2C150%2C50/sign=e7dbb63e4710b912abccfeaca2949766/d043ad4bd11373f0a8c89e1aa40f4bfbfaed04bb.jpg
https://gss0.bdstatic.com/-4o3dSag_xI4khGkpoWK1HF6hhy/baike/c0%3Dbaike150%2C5%2C5%2C150%2C50/sign=09426be4f3deb48fef64a98c9176514c/960a304e251f95ca25706333c9177f3e660952aa.jpg
https://gss1.bdstatic.com/-vo3dSag_xI4khGkpoWK1HF6hhy/baike/c0%3Dbaike150%2C5%2C5%2C150%2C50/sign=5ae9376bb48f8c54f7decd7d5b404690/314e251f95cad1c8523e0da27f3e6709c83d51aa.jpg
https://gss3.bdstatic.com/-Po3dSag_xI4khGkpoWK1HF6hhy/baike/c0%3Dbaike150%2C5%2C5%2C150%2C50/sign=594183a5b912c8fca0fefe9f9d6af920/ac4bd11373f08202716560ba4bfbfbedaa641bbb.jpg
