
http://img01.tooopen.com/downs/images/2011/4/20/sy_20110420181644130922.jpg	http://so.tooopen.com/search/%E4%BA%94%E7%88%AA%E9%87%91%E9%BE%99.aspx
http://www.21cbi.com/upload/201701/15/148445430535.jpg	http://m.21cbi.com/s/660/446558.html
http://imgs4.iaweg.com/pic/HTTP2EyLmF0dC5odWRvbmcuY29tLzUwLzk2LzAxMzAwMDAwNTU2NDY4MTI2NjgxOTYxMzU0MDQ1LmpwZwloglog.jpg	http://www.iaweg.com/tupian/gwwlolkqqq
http://down1.sucaitianxia.com/psds/5/psds471.jpg	http://www.sucaitianxia.com/psd/ctys/200807/2101.html
http://img04.tooopen.com/images/20121116/tooopen_201211161633260097.jpg	http://www.tooopen.com/view/284657.html
http://www.shenhuami.com/uploads/allimg/160112/103I14206-1.jpg	http://www.shenhuami.com/shangguchuanshuo/shenlong/15592.html
http://pic.sc.chinaz.com/files/pic/templates/1030love/bb42.jpg	http://sc.chinaz.com/moban/835077742.htm
https://gss0.baidu.com/-Po3dSag_xI4khGko9WTAnF6hhy/zhidao/pic/item/1c950a7b02087bf4e90122f8f2d3572c11dfcf36.jpg	http://zhidao.baidu.com/question/87852442.html
http://a0.att.hudong.com/50/91/01300543848932147046914984512_s.jpg	http://www.baike.com/wiki/%E4%BA%94%E7%88%AA%E9%87%91%E9%BE%99%5B%E5%9B%BE%E8%85%BE%5D
http://imgs20.iaweg.com/pic/HTTP3dlbndlbi5zb3NvLmNvbS9wLzIwMTAwMjI4LzIwMTAwMjI4MTE1MzQyLTQ3NTg1MDExLmpwZwloglog.jpg	http://www.iaweg.com/tupian/gyxplqrotm
http://www.huaxiaculture.com/uploadfile/2015/0713/20150713122536430.jpg	http://www.huaxiaculture.com/gallery/picture/5.html
http://zjphoto.yinsha.com/file/200703/2007032921232926/1.jpg	http://zhidao.baidu.com/question/31263888.html
http://imgs24.iaweg.com/pic/HTTP3BpYzFhLm5pcGljLmNvbS8yMDA4LTEyLTIzLzIwMDgxMjIzMjAzNDE5MzAyXzIuanBn.jpg	http://www.iaweg.com/tupian/gwwlolkqqq
http://y0.ifengimg.com/news_spider/dci_2012/05/2877467d1958fd026de8333e3eef0f38.jpg	http://news.ifeng.com/gundong/detail_2012_05/09/14416325_0.shtml
http://www.86ps.com/uploadfiles/psd/2012-3/2012030708132566116.jpg	http://www.86ps.com/psd/zhongguo/22322.html
http://down1.sucaitianxia.com/eps/13/eps3665.jpg	http://www.sucaitianxia.com/AI/chuntong/201012/27776.html
http://hk.on.cc/hk/bkn/cnt/news/20150304/photo/bkn-20150304175849175-0304_00822_001_04b.jpg?225918	http://hk.on.cc/hk/bkn/cnt/news/20150304/bkn-20150304175849175-0304_00822_001.html
http://imgs11.iaweg.com/pic/HTTP2cuaGlwaG90b3MuYmFpZHUuY29tL3poaWRhby93aCUzRDYwMCUyQzgwMC9zaWduPWM2MGI3OGRlNjUzODBjZDdlNjRiYWFlYjkxNzQ4MTBjLzYzZDlmMmQzNTcyYzExZGZkZjk5Mzg0ZDYzMjc2MmQwZjcwM2MyMTAuanBn.jpg	http://www.iaweg.com/tupian/gyxplqrotm
http://img01.tooopen.com/Downs/images/2011/10/20/sy_20111020113105601013.jpg	http://www.tooopen.com/view/197054.html
http://bpic.588ku.com/element_origin_min_pic/16/09/04/2057cc16467de6d.jpg	http://588ku.com/image/wuzhuajinlong.html
http://www.huaxiaculture.com/uploadfile/2015/0713/20150713122538777.jpg	http://www.huaxiaculture.com/gallery/picture/5.html
http://reso3.yiihuu.com/img_1188784.jpg	http://www.yiihuu.com/w/pl-30082/
http://img.faloo.com/Novel/166x235/0/151/000151344.jpg	http://b.faloo.com/f/378488.html
http://img.zhzyw.org/200910311130458235.jpg	http://www.zhzyw.org/zycs/zytp/zy/091031115G3CJC6JI5K3F3K4I.html
http://img.redocn.com/sheying/20140917/wuzhuajinlongxizhubihuafudiao_3090771.jpg	http://sucai.redocn.com/shiliangtu/2230266.html
http://a4.att.hudong.com/81/54/01300543080229142803546978644_s.jpg	http://www.baike.com/wiki/%E4%BA%94%E7%88%AA%E9%87%91%E9%BE%99
http://imgs13.iaweg.com/pic/HTTP3dlbndlbi5zb3NvLmNvbS9wLzIwMTAwMjI2LzIwMTAwMjI2MDcyNTA4LTEyMDUyNzY1MjYuanBn.jpg	http://www.iaweg.com/tupian/gwwlolkqqq
http://www.sucaitianxia.com/vector/psd/3.jpg	http://www.sucaitianxia.com/psd/ctys/200807/2101.html
http://a2.att.hudong.com/83/51/01300000044935131250518123115_s.jpg	http://www.baike.com/wiki/%E4%BA%94%E7%88%AA%E9%87%91%E9%BE%99%EF%BC%88%E5%8E%9F%E5%8F%98%E7%A7%8D%EF%BC%89
http://img3.ph.126.net/smfndoQzA2zfXnvA0NzFHA==/2665286554490577223.jpg	http://www.mywenda.com/%E5%96%87%E5%8F%AD%E8%8A%B1%E5%92%8C%E4%BA%94%E7%88%AA%E9%87%91%E9%BE%99%E8%8A%B1/
http://s3.sinaimg.cn/mw690/00266ZTGgy6OIvMVcAO72&690	http://blog.sina.com.cn/s/blog_72986b600102vcya.html
http://imgs19.iaweg.com/pic/HTTP2ltZzEubml1dHVrdS5jb20vcHNkLzEyMTIvMjQxMS8yNDExLWZpbGU2OTA1MjcuanBn.jpg	http://www.iaweg.com/tupian/g00nlnnqnm
http://a0.att.hudong.com/66/17/01300543080229142699173259366_s.jpg	http://www.baike.com/wiki/%E4%BA%94%E7%88%AA%E9%87%91%E9%BE%99
http://i0.sinaimg.cn/dy/o/2010-01-11/1263154084_Ks2jAa.jpg	http://news.sina.com.cn/o/2010-01-11/040716910270s.shtml
http://photocdn.sohu.com/20110815/Img316316786.jpg	http://roll.sohu.com/20110815/n316316785.shtml
http://imgs5.iaweg.com/pic/HTTP2ltZ3NyYy5iYWlkdS5jb20vZm9ydW0vdyUzRDU4MC9zaWduPTBkN2M2NmYxMzRkMTJmMmVjZTA1YWU2ODdmYzNkNWZmL2E3NzEwY2Q3OTEyMzk3ZGRkN2Q0OWYyMjViODJiMmI3ZDBhMjg3MzQuanBn.jpg	http://www.iaweg.com/tupian/g22mmmmqkm
http://www.bxwx9.org/image/13/13388/13388s.jpg	http://m.bxwx9.org/binfo/13/13388.htm
http://farm8.static.flickr.com/7243/7209990976_a70bec3568.jpg	http://www.flickriver.com/photos/tags/%E4%BA%94%E7%88%AA%E9%87%91%E9%BE%8D/interesting/
http://static.apple.nextmedia.com/images/apple-photos/apple/20101129/large/29la3p6a.jpg	http://hk.apple.nextmedia.com/news/art/20101129/14711454
http://hk.on.cc/hk/bkn/cnt/news/20150305/photo/bkn-20150305163539663-0305_00822_001_01b.jpg?055812	http://hk.on.cc/hk/bkn/cnt/news/20150305/bkn-20150305163539663-0305_00822_001_cn.html
http://book.jiyili.net/files/article/image/0/392/392s.jpg	http://book.jiyili.net/modules/article/articleinfo.php?id=392
http://www.wdptj.com/wp-content/uploads/2016/01/%E4%BA%94%E7%88%AA%E9%87%91%E9%BE%991.jpg	http://www.wdptj.com/16185.html
http://img.99.com.cn/uploads/140430/382_154110_1.jpg	http://zyk.99.com.cn/zyfj/zysy/2012/1120/310305.html
http://static.apple.nextmedia.com/images/apple-photos/apple/20100312/large/12la7p7new.jpg	http://hk.apple.nextmedia.com/news/art/20100312/13813300
https://cbu01.alicdn.com/img/ibank/2016/293/740/2756047392_70201588.220x220.jpg	https://s.1688.com/kq/-CEE5D7A6BDF0C1FA.html
http://dashulin.com/wp-content/uploads/2011/03/wuzhuajinlong2.jpg	http://dashulin.com/wuzhuajinlong/
https://i.ytimg.com/vi/Hg8tFgEZmrQ/maxresdefault.jpg	https://www.youtube.com/watch?v=Hg8tFgEZmrQ
http://the-sun.on.cc/cnt/news/20140624/photo/0624-00410-032b1.jpg	http://the-sun.on.cc/cnt/news/20140624/00410_032.html
http://e.hznews.com/data/hzrb/2012/0816/B2CG816C_2.jpg	http://e.hznews.com/paper/hzrb/20120816/B2/4/
http://hk.on.cc/hk/bkn/cnt/news/20150610/photo/bkn-20150610034123823-0610_00822_001_05b.jpg?092304	http://hk.on.cc/hk/bkn/cnt/news/20150610/bkn-20150610034123823-0610_00822_001.html
http://pic1.16pic.com/00/45/60/16pic_4560198_b.jpg	http://www.16pic.com/sucai/362170.html
http://zw3wmap1.zw3e.com:8080/zw_news_map/350/2014052/1400230545648733257.jpg	http://www.zw3e.com/bk/guanhuazhiwu/wbggc.html
http://uploads.xuexila.com/allimg/1701/635-1F123100524.jpg	http://www.artgjpaimai.com/yangsheng/gongxiaozuoyong/9043.html
http://www.tupian1.com/uploads/allimg/150728/5-150HR11326.jpg	http://m.tupian1.com/dongwu/0728733.html
http://www.0928668712.com/templates/cache/27873/images/products/photooriginal-27873-1125679.jpg?11006	http://www.0928668712.com/product-detail-1538698.html
https://i1.kknews.cc/large/a78000059ee913f9af0	https://kknews.cc/zh-sg/home/3m25va.html
http://photocdn.sohu.com/20060719/Img244342600.jpg	http://news.sohu.com/20060719/n244342599.shtml
http://photo.sohu.com/66/31/Img208813166.jpg	http://news.sohu.com/64/31/news208813164.shtml
http://static.apple.nextmedia.com/images/apple-photos/apple/20120111/large/11la9p3a.jpg	http://hk.apple.nextmedia.com/news/art/20120111/15972414
http://www.21cbi.com/upload/201701/15/148445430417.jpg	http://m.21cbi.com/s/660/446558.html
http://www.0928668712.com/templates/cache/27873/images/products/photooriginal-27873-1125678.jpg?46825	http://www.0928668712.com/product-detail-1538697.html
http://hk.on.cc/hk/bkn/cnt/news/20150610/photo/bkn-20150610034123823-0610_00822_001_01b.jpg?092304	http://hk.on.cc/hk/bkn/cnt/news/20150610/bkn-20150610034123823-0610_00822_001.html
http://imgs25.iaweg.com/pic/HTTP2ltZzMucmVkb2NuLmNvbS8yMDEzMDkwNS8yMDEzMDkwM19hZWQxNGUzYjQ5OWU1MGE1N2E2ZWhwaG4yZHBnRU5WNS5qcGclog.jpg	http://www.iaweg.com/tupian/g2vplqrops
https://7.share.photo.xuite.net/lychee93/17bb15a/6746441/267434001_m.jpg	http://blog.xuite.net/lychee93/32/97420873-%E9%B1%B7%E9%AD%9A%E9%8C%AF%E8%AA%8D%E7%82%BA%E4%BA%94%E7%88%AA%E9%87%91%E9%BE%8D
http://vmagimg.next.hk/images/apple/20150607/large/1433654330_966e.jpg	http://nextplus.nextmedia.com/news/spot/20150607/209831
https://cbu01.alicdn.com/img/ibank/2016/781/703/3027307187_1166296974.220x220.jpg	https://s.1688.com/kq/-CEE5D7A6BDF0C1FA.html
http://www.guidada.com/upload/image/2015123214730734.jpg	http://www.guidada.com/shenhuagushi/China/12898.html
http://www.njlz.net/X_uploadfile/2012-01/Image/201201161921425588.jpg	http://www.dianliwenmi.com/postimg_1223476_14.html
http://www.klxsw.com/files/article/image/21/21693/21693s.jpg	http://www.dianliwenmi.com/postimg_8002021.html
http://images2.china.com/game/zh_cn/webgame/txdq/news/11116339/20120521/r_17207855_2012052111254977709100.jpg	http://game.china.com/webgame/txdq/news/11116339/20120521/17207855.html
http://i1.sinaimg.cn/dy/o/2010-01-11/1263154084_GTF5I6.jpg	http://news.sina.com.cn/o/2010-01-11/040716910270s.shtml
https://media-cdn.tripadvisor.com/media/daodao/photo-s/05/91/95/dc/caption.jpg	https://cn.tripadvisor.com/LocationPhotoDirectLink-g294212-d1793487-i95525372-The_Nine_Dragon_Screen_of_The_Palace_Museum-Beijing.html
http://orientaldaily.on.cc/cnt/news/20130804/photo/0804-00176-044b2.jpg	http://orientaldaily.on.cc/cnt/news/20130804/mobile/odn-20130804-0804_00176_044.html
http://plant.cila.cn/zhiwutu/201209/wuzhuajinlong.jpg	http://plant.cila.cn/zhiwuku/wuzhuajinlong/
http://img.redocn.com/sheying/20140917/fantenghaishangwuzhuajinlongxizhufudiao_3090773.jpg	http://sucai.redocn.com/shiliangtu/2230266.html
http://www.23bdc.com/data/attachment/block/bc/bc460dc294a06acaeacbedd777f2803b.jpg	http://www.23bdc.com/portal.php
http://i00.c.aliimg.com/img/ibank/2013/601/453/943354106_482680229.jpg	http://www.dianliwenmi.com/postimg_1223479_2.html
http://www.18ladys.com/tupian/wuzhualong.jpg	http://www.18ladys.com/post/1583.html
http://imgs16.iaweg.com/pic/HTTP2EuaGlwaG90b3MuYmFpZHUuY29tL3poaWRhby93aCUzRDQ1MCUyQzYwMC9zaWduPWE5NjUxYTFhM2JkYmI2ZmQyNTBlZWQyMjNjMTQ4NzJlL2I1OGY4YzU0OTRlZWYwMWZjMjk2YjYyNGUyZmU5OTI1YmQzMTdkNTUuanBn.jpg	http://www.iaweg.com/tupian/gx3plqrotp
http://www.wm-sec.com/ipomoea_cairica.jpg	http://www.wm-sec.com/ipomoea_cairica.htm
http://www.wenshen8.net/forum.php?aid=MjkxOTh8ZWZkMmI3YTN8MTM2ODk2MDA1MXwwfDExMDMz&mod=attachment&noupdate=yes	http://www.dianliwenmi.com/postimg_14823286_7.html
http://imgs17.iaweg.com/pic/HTTP3BpYzE3Lm5pcGljLmNvbS8yMDExMTEyOC84MTQ4MTIxXzEwMTcwNDQ0NTM4NV8yLmpwZwloglog.jpg	http://www.iaweg.com/tupian/gwwlolkqqq
https://s3-ap-northeast-1.amazonaws.com/static.iyp.tw/14398/products/photooriginal-1140222-p8yNp.jpg?49578	http://www.0935258725.com/product-detail-1559822.html
https://cbu01.alicdn.com/img/ibank/2016/288/425/3399524882_447529709.220x220.jpg	http://www.1688.com/chanpin/-CEE5D7A6BDF0C1FAD2A9B2C4.html
http://the-sun.on.cc/cnt/news/20100312/photo/0312-00407-032b2.jpg	http://the-sun.on.cc/cnt/news/20100312/00407_032.html
http://img.39yst.com/uploads/2015/0203/1422946412944.jpg	http://www.39yst.com/qfsy/201502/229307.shtml
http://s1.sinaimg.cn/mw690/001ssu7fgy716XfONpee0&690	http://blog.sina.com.cn/s/blog_4fabccf90102wcz1.html
http://fu.sdo.com/6/106/1001/29/73/1865_1007373.JPG	http://www.dianliwenmi.com/postimg_1223476_14.html
https://cbu01.alicdn.com/img/ibank/2014/862/673/1267376268_1699456281.310x310.jpg	https://www.1688.com/pic/-CEE5D7A6BDF0C1FA.html
https://gss1.bdstatic.com/-vo3dSag_xI4khGkpoWK1HF6hhy/baike/s%3D220/sign=0fcf331df2d3572c62e29bdeba126352/2934349b033b5bb5ccf4440a36d3d539b600bc26.jpg	https://baike.baidu.com/item/%E4%BA%94%E7%88%AA%E9%87%91%E9%BE%99
http://zq.southcn.com/content/images/attachement/jpg/site4/20150805/5431f2816319172bd22a0a.jpg	http://zq.southcn.com/content/2015-08/05/content_130014442.htm
http://www.wdptj.com/wp-content/uploads/2016/01/%E4%BA%94%E7%88%AA%E9%87%91%E9%BE%992.jpg	http://www.wdptj.com/16185.html
http://www.1mpi.com/pic/b98bcdf2ac5da2ff97c19d5f/1-344-png_6_0_0_153_370_598_387_893.099_1262.699-487-0-0-487.jpg	http://www.1mpi.com/doc/b98bcdf2ac5da2ff97c19d5f
http://www.huayugu.com.cn/uploads/allimg/160908/1-160ZQS5460-L.jpg	http://www.huayugu.com.cn/wuzhaojinlonghua/
http://img.supfree.net/zhongyao/images/1576_1.jpg	http://zhongyao.m.supfree.net/hao.asp?id=%B4%F3%CE%E5%D7%A6%BD%F0%C1%FA
http://img95.699pic.com/photo/00035/5488.jpg_wh300.jpg	http://699pic.com/tupian/wuzhaojinlong.html
http://www.shenhuami.com/uploads/allimg/160112/103I15255-0.jpg	http://www.shenhuami.com/shangguchuanshuo/shenlong/15592.html
https://himg.china.cn/2/3_531_92600_610_622.jpg	https://www.china.cn/zhiwuyuanyaocai/3825649629.html
http://img.dwstatic.com/webgame/1405/263917738885/263917738915.jpg	http://web.duowan.com/1405/263917738885.html
http://attach2.scimg.cn/forum/201612/23/184447tnl7wwpgy3npsmhq.jpg	http://bbs.sssc.cn/thread-6811647-1-1.html
