
https://gss0.bdstatic.com/94o3dSag_xI4khGkpoWK1HF6hhy/baike/c0%3Dbaike116%2C5%2C5%2C116%2C38/sign=e7e09bb77acf3bc7fc0dc5beb069d1c4/80cb39dbb6fd526650ff5baea118972bd50736b7.jpg
https://gss1.bdstatic.com/9vo3dSag_xI4khGkpoWK1HF6hhy/baike/crop%3D0%2C71%2C1024%2C675%3Bc0%3Dbaike116%2C5%2C5%2C116%2C38/sign=b0a9795c33c79f3d9baebe708791e126/8435e5dde71190ef0f52ae7cc61b9d16fcfa60e3.jpg

https://gss3.bdstatic.com/7Po3dSag_xI4khGkpoWK1HF6hhy/baike/c0%3Dbaike180%2C5%2C5%2C180%2C60/sign=96568263277f9e2f6438155a7e598241/4e4a20a4462309f7a78f9d97720e0cf3d6cad656.jpg
https://gss3.bdstatic.com/-Po3dSag_xI4khGkpoWK1HF6hhy/baike/c0%3Dbaike150%2C5%2C5%2C150%2C50/sign=91c85f1aa40f4bfb98dd960662261395/86d6277f9e2f07083bf21a85e924b899a801f2bb.jpg
https://gss3.bdstatic.com/7Po3dSag_xI4khGkpoWK1HF6hhy/baike/c0%3Dbaike180%2C5%2C5%2C180%2C60/sign=8753acb44c086e067ea5371963611091/d6ca7bcb0a46f21f81c36ed6f6246b600d33aebb.jpg
https://gss1.bdstatic.com/9vo3dSag_xI4khGkpoWK1HF6hhy/baike/c0%3Dbaike150%2C5%2C5%2C150%2C50/sign=a6c9943aa0ec08fa320d1bf538875608/2934349b033b5bb59820107b36d3d539b700bcbb.jpg
https://gss0.bdstatic.com/-4o3dSag_xI4khGkpoWK1HF6hhy/baike/c0%3Dbaike150%2C5%2C5%2C150%2C50/sign=3f11796c8d1001e95a311c5dd9671089/8cb1cb1349540923418953fb9258d109b2de4956.jpg
https://gss1.bdstatic.com/-vo3dSag_xI4khGkpoWK1HF6hhy/baike/c0%3Dbaike150%2C5%2C5%2C150%2C50/sign=4b19d08cb6003af359b7d4325443ad39/7aec54e736d12f2ec4f29ee54fc2d562843568bb.jpg
https://gss1.bdstatic.com/-vo3dSag_xI4khGkpoWK1HF6hhy/baike/c0%3Dbaike150%2C5%2C5%2C150%2C50/sign=01626934800a19d8df0e8c575293e9ee/d53f8794a4c27d1e1fc60b411bd5ad6edcc43856.jpg
https://gss2.bdstatic.com/-fo3dSag_xI4khGkpoWK1HF6hhy/baike/c0%3Dbaike150%2C5%2C5%2C150%2C50/sign=89e4bc8d9b504fc2b652b85784b48c74/d058ccbf6c81800abf12b98bb13533fa838b47bb.jpg

https://gss0.bdstatic.com/-4o3dSag_xI4khGkpoWK1HF6hhy/baike/c0%3Dbaike80%2C5%2C5%2C80%2C26/sign=4d100b23d143ad4bb2234e92e36b31ca/359b033b5bb5c9ea81edf565d539b6003af3b31e.jpg
https://gss3.bdstatic.com/-Po3dSag_xI4khGkpoWK1HF6hhy/baike/c0%3Dbaike80%2C5%2C5%2C80%2C26/sign=1c0517b135fae6cd18b9a3336eda6441/eaf81a4c510fd9f95c04a3ef252dd42a2834a421.jpg
https://gss2.bdstatic.com/9fo3dSag_xI4khGkpoWK1HF6hhy/baike/c0%3Dbaike80%2C5%2C5%2C80%2C26/sign=1a60f8719f3df8dcb23087c3ac7819ee/8b13632762d0f703fb20635a08fa513d2797c5a2.jpg
https://gss1.bdstatic.com/-vo3dSag_xI4khGkpoWK1HF6hhy/baike/c0%3Dbaike80%2C5%2C5%2C80%2C26/sign=0aca80ef252dd42a4b0409f9625230d0/a686c9177f3e670914dd90793bc79f3df9dc5553.jpg
https://gss0.bdstatic.com/94o3dSag_xI4khGkpoWK1HF6hhy/baike/c0%3Dbaike80%2C5%2C5%2C80%2C26/sign=13ef67b7a18b87d6444fa34d6661435d/203fb80e7bec54e79622cf98b9389b504ec26a6e.jpg
https://gss3.bdstatic.com/-Po3dSag_xI4khGkpoWK1HF6hhy/baike/c0%3Dbaike80%2C5%2C5%2C80%2C26/sign=66c0f76ae71190ef15f69a8daf72f673/4afbfbedab64034f9b05e581afc379310b551d68.jpg
https://gss2.bdstatic.com/-fo3dSag_xI4khGkpoWK1HF6hhy/baike/c0%3Dbaike80%2C5%2C5%2C80%2C26/sign=2227cef2d688d43fe4a499a01c77b97e/42166d224f4a20a49807554090529822720ed018.jpg
https://gss1.bdstatic.com/-vo3dSag_xI4khGkpoWK1HF6hhy/baike/c0%3Dbaike80%2C5%2C5%2C80%2C26/sign=a71de3be6b63f62408503151e62d809d/32fa828ba61ea8d3a81d1c83970a304e251f587d.jpg
https://gss2.bdstatic.com/-fo3dSag_xI4khGkpoWK1HF6hhy/baike/c0%3Dbaike80%2C5%2C5%2C80%2C26/sign=7ef4a981afc3793169658e7b8aaddc20/11385343fbf2b2119517eec9ca8065380cd78e7f.jpg
https://gss1.bdstatic.com/-vo3dSag_xI4khGkpoWK1HF6hhy/baike/c0%3Dbaike80%2C5%2C5%2C80%2C26/sign=c7e8cea4b07eca80060831b5f04afcb8/d53f8794a4c27d1ea7e253431bd5ad6edcc43874.jpg
https://gss0.bdstatic.com/-4o3dSag_xI4khGkpoWK1HF6hhy/baike/c0%3Dbaike80%2C5%2C5%2C80%2C26/sign=79b30b4cb2fb43160e12722841cd2d46/ca1349540923dd541290ccefd109b3de9d824851.jpg
https://gss0.bdstatic.com/-4o3dSag_xI4khGkpoWK1HF6hhy/baike/c0%3Dbaike80%2C5%2C5%2C80%2C26/sign=b61cbb84c895d143ce7bec711299e967/2934349b033b5bb53d51777936d3d539b700bcb7.jpg
https://gss3.bdstatic.com/-Po3dSag_xI4khGkpoWK1HF6hhy/baike/c0%3Dbaike80%2C5%2C5%2C80%2C26/sign=78a2c0c03912b31bd361c57be7715d1f/0df431adcbef76094019c5182edda3cc7cd99e22.jpg
https://gss2.bdstatic.com/9fo3dSag_xI4khGkpoWK1HF6hhy/baike/c0%3Dbaike80%2C5%2C5%2C80%2C26/sign=0eebd88233fa828bc52e95b19c762a51/060828381f30e9240a4cc0b64c086e061c95f749.jpg
https://gss0.bdstatic.com/94o3dSag_xI4khGkpoWK1HF6hhy/baike/c0%3Dbaike80%2C5%2C5%2C80%2C26/sign=796f48b6213fb80e18dc698557b8444b/0eb30f2442a7d933b013a0f4ad4bd11372f001f9.jpg
https://gss1.bdstatic.com/-vo3dSag_xI4khGkpoWK1HF6hhy/baike/c0%3Dbaike80%2C5%2C5%2C80%2C26/sign=8ae4d53c87d6277ffd1f3a6a49517455/b90e7bec54e736d122cbcd8f9b504fc2d4626958.jpg
https://gss3.bdstatic.com/7Po3dSag_xI4khGkpoWK1HF6hhy/baike/c0%3Dbaike80%2C5%2C5%2C80%2C26/sign=1677c4865c6034a83defb0d3aa7a2231/4b90f603738da977b640cbacb051f8198718e3ce.jpg
https://gss0.bdstatic.com/94o3dSag_xI4khGkpoWK1HF6hhy/baike/c0%3Dbaike92%2C5%2C5%2C92%2C30/sign=8bc5e58af8dcd100d991f07313e22c75/562c11dfa9ec8a13d3251867f703918fa0ecc07e.jpg
https://gss3.bdstatic.com/7Po3dSag_xI4khGkpoWK1HF6hhy/baike/c0%3Dbaike80%2C5%2C5%2C80%2C26/sign=d3634e1f5edf8db1a8237436684ab631/728da9773912b31b3f5282ae8618367adab4e17f.jpg
https://gss1.bdstatic.com/9vo3dSag_xI4khGkpoWK1HF6hhy/baike/c0%3Dbaike80%2C5%2C5%2C80%2C26/sign=b0d6db5b08fa513d45a7648c5c043e9e/9825bc315c6034a87f86f606cb134954082376d4.jpg
https://gss3.bdstatic.com/-Po3dSag_xI4khGkpoWK1HF6hhy/baike/c0%3Dbaike80%2C5%2C5%2C80%2C26/sign=5c69c48f9b504fc2b652b85784b48c74/d01373f082025aafd748364cfbedab64034f1a3a.jpg
https://gss1.bdstatic.com/9vo3dSag_xI4khGkpoWK1HF6hhy/baike/c0%3Dbaike80%2C5%2C5%2C80%2C26/sign=2de93b8233fa828bc52e95b19c762a51/060828381f30e924294e23b64c086e061c95f74b.jpg
https://gss2.bdstatic.com/-fo3dSag_xI4khGkpoWK1HF6hhy/baike/c0%3Dbaike80%2C5%2C5%2C80%2C26/sign=048d64e7352ac65c73086e219a9bd974/b812c8fcc3cec3fdc2091ff2d688d43f87942705.jpg
https://gss0.bdstatic.com/94o3dSag_xI4khGkpoWK1HF6hhy/baike/c0%3Dbaike80%2C5%2C5%2C80%2C26/sign=66358abf28381f308a1485fbc868276d/2e2eb9389b504fc22d780882e5dde71190ef6d16.jpg
https://gss2.bdstatic.com/-fo3dSag_xI4khGkpoWK1HF6hhy/baike/c0%3Dbaike80%2C5%2C5%2C80%2C26/sign=579a3e699c82d158af8f51e3e16372bd/2f738bd4b31c870127180a61277f9e2f0608ff8f.jpg
https://gss3.bdstatic.com/-Po3dSag_xI4khGkpoWK1HF6hhy/baike/c0%3Dbaike80%2C5%2C5%2C80%2C26/sign=1df22958ce1b9d169eca923392b7dfea/79f0f736afc3793161613daeebc4b74543a9112f.jpg
https://gss3.bdstatic.com/-Po3dSag_xI4khGkpoWK1HF6hhy/baike/c0%3Dbaike80%2C5%2C5%2C80%2C26/sign=72f53416cd11728b24208470a995a8ab/908fa0ec08fa513d8562d7593d6d55fbb3fbd969.jpg
https://gss3.bdstatic.com/-Po3dSag_xI4khGkpoWK1HF6hhy/baike/c0%3Dbaike80%2C5%2C5%2C80%2C26/sign=5e0f72499925bc313f5009ca3fb6e6d4/8b82b9014a90f60300773bc03912b31bb151ed76.jpg
https://gss2.bdstatic.com/9fo3dSag_xI4khGkpoWK1HF6hhy/baike/c0%3Dbaike80%2C5%2C5%2C80%2C26/sign=e7969ecc02087bf469e15fbb93ba3c49/77c6a7efce1b9d1607f93be6f3deb48f8c54647f.jpg
https://gss3.bdstatic.com/7Po3dSag_xI4khGkpoWK1HF6hhy/baike/c0%3Dbaike80%2C5%2C5%2C80%2C26/sign=d8368f8f1f30e924dba994632d610563/b8389b504fc2d5625a0b426ae71190ef76c66c32.jpg

https://gss1.bdstatic.com/9vo3dSag_xI4khGkpoWK1HF6hhy/baike/c0%3Dbaike180%2C5%2C5%2C180%2C60/sign=750a636c9eeef01f591910978197f240/241f95cad1c8a786089290066d09c93d70cf507a.jpg
https://gss0.bdstatic.com/94o3dSag_xI4khGkpoWK1HF6hhy/baike/c0%3Dbaike116%2C5%2C5%2C116%2C38/sign=2d8eeed13301213fdb3e468e358e5db4/3b292df5e0fe99251cafb3583ea85edf8db17113.jpg
https://gss2.bdstatic.com/9fo3dSag_xI4khGkpoWK1HF6hhy/baike/c0%3Dbaike150%2C5%2C5%2C150%2C50/sign=278eeed13301213fdb3e468e358e5db4/48540923dd54564e38c63e31b9de9c82d1584f13.jpg
https://gss2.bdstatic.com/9fo3dSag_xI4khGkpoWK1HF6hhy/baike/c0%3Dbaike116%2C5%2C5%2C116%2C38/sign=9bcf68ee2d7f9e2f6438155a7e598241/09fa513d269759ee0729bac3b8fb43166d22dfb9.jpg
https://gss0.bdstatic.com/94o3dSag_xI4khGkpoWK1HF6hhy/baike/c0%3Dbaike150%2C5%2C5%2C150%2C50/sign=4dfae54308087bf469e15fbb93ba3c49/6a63f6246b600c33d72b04c0104c510fd9f9a16c.jpg

https://gss1.bdstatic.com/9vo3dSag_xI4khGkpoWK1HF6hhy/baike/c0%3Dbaike116%2C5%2C5%2C116%2C38/sign=a110596d2df5e0fefa1581533d095fcd/a71ea8d3fd1f4134c605530a251f95cad1c85e97.jpg
https://gss1.bdstatic.com/9vo3dSag_xI4khGkpoWK1HF6hhy/baike/c0%3Dbaike80%2C5%2C5%2C80%2C26/sign=066dfd6b070828387c00d446d9f0c264/37d12f2eb9389b506ed0b6268535e5dde7116e92.jpg
https://gss1.bdstatic.com/9vo3dSag_xI4khGkpoWK1HF6hhy/baike/c0%3Dbaike72%2C5%2C5%2C72%2C24/sign=4b268d6011dfa9ece9235e4503b99c66/ae51f3deb48f8c542d1b2a533a292df5e1fe7f86.jpg

https://gss1.bdstatic.com/-vo3dSag_xI4khGkpoWK1HF6hhy/baike/c0%3Dbaike92%2C5%2C5%2C92%2C30/sign=556358dfa6efce1bfe26c098ce3898bb/a50f4bfbfbedab64c6c356e9f636afc379311e61.jpg
https://gss0.bdstatic.com/94o3dSag_xI4khGkpoWK1HF6hhy/baike/c0%3Dbaike116%2C5%2C5%2C116%2C38/sign=474f57280b55b31988f48a2722c0e943/a08b87d6277f9e2fef8406211e30e924b899f362.jpg
https://gss2.bdstatic.com/-fo3dSag_xI4khGkpoWK1HF6hhy/baike/c0%3Dbaike272%2C5%2C5%2C272%2C90/sign=2ff61de3838ba61ecbe3c07d205dfc6f/c2cec3fdfc039245484bfa268694a4c27d1e2518.jpg
https://gss2.bdstatic.com/-fo3dSag_xI4khGkpoWK1HF6hhy/baike/c0%3Dbaike80%2C5%2C5%2C80%2C26/sign=1c74febb0df431ada8df4b6b2a5fc7ca/38dbb6fd5266d016a7e78501962bd40735fa3518.jpg
https://gss2.bdstatic.com/9fo3dSag_xI4khGkpoWK1HF6hhy/baike/c0%3Dbaike150%2C5%2C5%2C150%2C50/sign=2e3918c82e2eb938f86072a0b40bee50/b2de9c82d158ccbf165fae1318d8bc3eb1354133.jpg
https://gss3.bdstatic.com/-Po3dSag_xI4khGkpoWK1HF6hhy/baike/c0%3Dbaike92%2C5%2C5%2C92%2C30/sign=69218807a9d3fd1f2204aa6851274e7a/9f2f070828381f30028e9680a8014c086e06f000.jpg
https://gss2.bdstatic.com/9fo3dSag_xI4khGkpoWK1HF6hhy/baike/c0%3Dbaike92%2C5%2C5%2C92%2C30/sign=0029006a8ad4b31ce4319ce9e6bf4c1a/adaf2edda3cc7cd9c7d42ff03801213fb80e9119.jpg
https://gss0.bdstatic.com/-4o3dSag_xI4khGkpoWK1HF6hhy/baike/c0%3Dbaike92%2C5%2C5%2C92%2C30/sign=a84c5307d31b0ef478e5900cbcad3abf/6c224f4a20a446230579be4b9922720e0cf3d763.jpg
https://gss0.bdstatic.com/94o3dSag_xI4khGkpoWK1HF6hhy/baike/c0%3Dbaike92%2C5%2C5%2C92%2C30/sign=93ff75acc8ea15ce55e3e85bd7695196/7e3e6709c93d70cfab03b124f9dcd100baa12b19.jpg
https://gss2.bdstatic.com/-fo3dSag_xI4khGkpoWK1HF6hhy/baike/c0%3Dbaike116%2C5%2C5%2C116%2C38/sign=96e50b0694cad1c8c4b6f4751e570c6c/7c1ed21b0ef41bd50bc5f3dd50da81cb39db3d00.jpg
https://gss0.bdstatic.com/94o3dSag_xI4khGkpoWK1HF6hhy/baike/c0%3Dbaike116%2C5%2C5%2C116%2C38/sign=470757280b55b31988f48a2722c0e943/a08b87d6277f9e2fefcc06211e30e924b899f31a.jpg
https://gss1.bdstatic.com/9vo3dSag_xI4khGkpoWK1HF6hhy/baike/c0%3Dbaike116%2C5%2C5%2C116%2C38/sign=05d81be3e7cd7b89fd6132d16e4d29c2/b64543a98226cffccfc8a49bb8014a90f603ea3d.jpg
https://gss3.bdstatic.com/-Po3dSag_xI4khGkpoWK1HF6hhy/baike/c0%3Dbaike116%2C5%2C5%2C116%2C38/sign=d03d3455500fd9f9b41a5d3b4444bf4f/cb8065380cd79123ac188f5dac345982b2b7801a.jpg
https://gss2.bdstatic.com/-fo3dSag_xI4khGkpoWK1HF6hhy/baike/c0%3Dbaike150%2C5%2C5%2C150%2C50/sign=3f17be4b9922720e6fc3eaa81aa26123/5243fbf2b2119313869ee49964380cd791238d3d.jpg
https://gss2.bdstatic.com/9fo3dSag_xI4khGkpoWK1HF6hhy/baike/c0%3Dbaike150%2C5%2C5%2C150%2C50/sign=d391273adc54564ef168ec6bd2b7f7e7/738b4710b912c8fc590bede4fd039245d688211a.jpg
https://gss1.bdstatic.com/-vo3dSag_xI4khGkpoWK1HF6hhy/baike/c0%3Dbaike150%2C5%2C5%2C150%2C50/sign=3b6155909f510fb36c147fc5b85aa3f0/b21bb051f8198618ebd6f4ad4bed2e738bd4e602.jpg
https://gss2.bdstatic.com/-fo3dSag_xI4khGkpoWK1HF6hhy/baike/c0%3Dbaike150%2C5%2C5%2C150%2C50/sign=af26a9cf267f9e2f6438155a7e598241/21a4462309f79052968f5c170df3d7ca7bcbd502.jpg
https://gss0.bdstatic.com/-4o3dSag_xI4khGkpoWK1HF6hhy/baike/c0%3Dbaike150%2C5%2C5%2C150%2C50/sign=4453ff19bba1cd1111bb7a72d87ba399/43a7d933c895d14311c4ff0a72f082025aaf076c.jpg
https://gss3.bdstatic.com/-Po3dSag_xI4khGkpoWK1HF6hhy/baike/c0%3Dbaike150%2C5%2C5%2C150%2C50/sign=4d7c0137b8389b502cf2e800e45c8eb8/9d82d158ccbf6c81fba737c1bd3eb13533fa4002.jpg
https://gss2.bdstatic.com/9fo3dSag_xI4khGkpoWK1HF6hhy/baike/c0%3Dbaike150%2C5%2C5%2C150%2C50/sign=7253b73cbd315c60579863bdecd8a076/c83d70cf3bc79f3d6a71ff19bba1cd11728b2902.jpg
https://gss3.bdstatic.com/-Po3dSag_xI4khGkpoWK1HF6hhy/baike/c0%3Dbaike60%2C5%2C5%2C60%2C20/sign=34f24bc3a0ec08fa320d1bf538875608/bd315c6034a85edf4e40115f49540923dc5475fa.jpg
