
https://gss2.bdstatic.com/9fo3dSag_xI4khGkpoWK1HF6hhy/baike/c0%3Dbaike92%2C5%2C5%2C92%2C30/sign=6fa2b386e5dde711f3df4ba4c686a57e/d01373f082025aaf1ecf7d48fbedab64024f1ab7.jpg
https://gss1.bdstatic.com/-vo3dSag_xI4khGkpoWK1HF6hhy/baike/c0%3Dbaike220%2C5%2C5%2C220%2C73/sign=a21049da4e2309f7f362a54013676796/b7003af33a87e950d870af2218385343fbf2b41d.jpg

https://gss2.bdstatic.com/9fo3dSag_xI4khGkpoWK1HF6hhy/baike/c0%3Dbaike80%2C5%2C5%2C80%2C26/sign=68a390e7352ac65c73086e219a9bd974/b812c8fcc3cec3fdae27ebf2d688d43f8794271f.jpg

https://gss3.bdstatic.com/-Po3dSag_xI4khGkpoWK1HF6hhy/baike/c0%3Dbaike92%2C5%2C5%2C92%2C30/sign=cec77cdd80cb39dbd5cd6f04b17f6241/9922720e0cf3d7ca68c82741f31fbe096b63a9ce.jpg
https://gss0.bdstatic.com/94o3dSag_xI4khGkpoWK1HF6hhy/baike/c0%3Dbaike92%2C5%2C5%2C92%2C30/sign=8567fc1472f08202399f996d2a929088/2934349b033b5bb5e1c638c937d3d539b600bcf7.jpg
https://gss0.bdstatic.com/-4o3dSag_xI4khGkpoWK1HF6hhy/baike/c0%3Dbaike92%2C5%2C5%2C92%2C30/sign=f3d033108b82b90129a0cb6112e4c212/cb8065380cd79123abf18c43ac345982b2b780f7.jpg

https://gss2.bdstatic.com/-fo3dSag_xI4khGkpoWK1HF6hhy/baike/c0%3Dbaike92%2C5%2C5%2C92%2C30/sign=f652d51e8718367ab984778f4f1ae0b1/0df431adcbef76090d3581a82fdda3cc7cd99ece.jpg
https://gss2.bdstatic.com/9fo3dSag_xI4khGkpoWK1HF6hhy/baike/c0%3Dbaike92%2C5%2C5%2C92%2C30/sign=90ff7a2b10dfa9ece9235e4503b99c66/cf1b9d16fdfaaf5191f299888d5494eef01f7af7.jpg
https://gss0.bdstatic.com/-4o3dSag_xI4khGkpoWK1HF6hhy/baike/c0%3Dbaike92%2C5%2C5%2C92%2C30/sign=190e624d21a446236ac7ad30f94b196b/ca1349540923dd542262bf5fd009b3de9c8248f7.jpg
https://gss3.bdstatic.com/7Po3dSag_xI4khGkpoWK1HF6hhy/baike/c0%3Dbaike92%2C5%2C5%2C92%2C30/sign=312024f091529822113e3191b6a310ae/dc54564e9258d109c4ddb185d058ccbf6c814dce.jpg

https://gss2.bdstatic.com/9fo3dSag_xI4khGkpoWK1HF6hhy/baike/c0%3Dbaike150%2C5%2C5%2C150%2C50/sign=931f30d737d3d539d53007915bee8235/203fb80e7bec54e76c240a37b8389b504ec26aca.jpg
https://gss3.bdstatic.com/-Po3dSag_xI4khGkpoWK1HF6hhy/baike/c0%3Dbaike180%2C5%2C5%2C180%2C60/sign=ac219f219a504fc2b652b85784b48c74/9d82d158ccbf6c8103053fc1bd3eb13533fa40ec.jpg
https://gss1.bdstatic.com/-vo3dSag_xI4khGkpoWK1HF6hhy/baike/c0%3Dbaike80%2C5%2C5%2C80%2C26/sign=33fc4e7af7246b606f03ba268a917129/838ba61ea8d3fd1fccc1b213314e251f94ca5fca.jpg
https://gss3.bdstatic.com/7Po3dSag_xI4khGkpoWK1HF6hhy/baike/c0%3Dbaike92%2C5%2C5%2C92%2C30/sign=151eb50ab17eca80060831b5f04afcb8/c2fdfc039245d6887330a18da5c27d1ed21b24ec.jpg
https://gss2.bdstatic.com/-fo3dSag_xI4khGkpoWK1HF6hhy/baike/c0%3Dbaike180%2C5%2C5%2C180%2C60/sign=66581c302cf5e0fefa1581533d095fcd/a686c9177f3e67095f7a56d63ac79f3df8dc55a4.jpg
https://gss0.bdstatic.com/94o3dSag_xI4khGkpoWK1HF6hhy/baike/c0%3Dbaike180%2C5%2C5%2C180%2C60/sign=6b546f4d0823dd54357eaf3ab060d8bb/bba1cd11728b47101955eee5c2cec3fdfc0323a4.jpg
https://gss0.bdstatic.com/-4o3dSag_xI4khGkpoWK1HF6hhy/baike/c0%3Dbaike150%2C5%2C5%2C150%2C50/sign=26245ded0bd162d991e36a4e70b6c289/6a600c338744ebf83e607716d8f9d72a6059a781.jpg
https://gss3.bdstatic.com/-Po3dSag_xI4khGkpoWK1HF6hhy/baike/c0%3Dbaike92%2C5%2C5%2C92%2C30/sign=aa5b2f3adc54564ef168ec6bd2b7f7e7/a8773912b31bb0511b16a001377adab44aede0ed.jpg
https://gss1.bdstatic.com/9vo3dSag_xI4khGkpoWK1HF6hhy/baike/c0%3Dbaike92%2C5%2C5%2C92%2C30/sign=c941030694cad1c8c4b6f4751e570c6c/a8014c086e061d95f37424117af40ad162d9caed.jpg
https://gss0.bdstatic.com/94o3dSag_xI4khGkpoWK1HF6hhy/baike/c0%3Dbaike92%2C5%2C5%2C92%2C30/sign=c50154924610b912abccfeaca2949766/63d0f703918fa0ec00ea7724279759ee3d6ddbed.jpg
https://gss1.bdstatic.com/-vo3dSag_xI4khGkpoWK1HF6hhy/baike/c0%3Dbaike92%2C5%2C5%2C92%2C30/sign=53eb8dcafc1f4134f43a0d2c4476feaf/060828381f30e9244d6c8c184d086e061c95f7cb.jpg
https://gss0.bdstatic.com/94o3dSag_xI4khGkpoWK1HF6hhy/baike/c0%3Dbaike80%2C5%2C5%2C80%2C26/sign=3cf84a98810a19d8df0e8c575293e9ee/a08b87d6277f9e2ff74f0e211e30e924b899f3a5.jpg
https://gss2.bdstatic.com/9fo3dSag_xI4khGkpoWK1HF6hhy/baike/c0%3Dbaike180%2C5%2C5%2C180%2C60/sign=1dfe0d211e30e924dba994632d610563/91529822720e0cf3cd3c5ed20b46f21fbf09aacb.jpg
https://gss2.bdstatic.com/9fo3dSag_xI4khGkpoWK1HF6hhy/baike/c0%3Dbaike180%2C5%2C5%2C180%2C60/sign=b4fd0937b8389b502cf2e800e45c8eb8/b2de9c82d158ccbfeeada61318d8bc3eb1354181.jpg
https://gss2.bdstatic.com/-fo3dSag_xI4khGkpoWK1HF6hhy/baike/c0%3Dbaike220%2C5%2C5%2C220%2C73/sign=ac7640210dd79123f4ed9c26cc5d32e7/e61190ef76c6a7efa8edb80ffcfaaf51f2de66cb.jpg
https://gss2.bdstatic.com/-fo3dSag_xI4khGkpoWK1HF6hhy/baike/c0%3Dbaike92%2C5%2C5%2C92%2C30/sign=0f82adaf6e061d95694b3f6a1a9d61b4/9a504fc2d5628535435e06b690ef76c6a6ef63ef.jpg
https://gss3.bdstatic.com/7Po3dSag_xI4khGkpoWK1HF6hhy/baike/c0%3Dbaike72%2C5%2C5%2C72%2C24/sign=c27e772949540923be646b2cf331ba6c/3812b31bb051f819c9d78a40dab44aed2f73e7ce.jpg

https://gss0.bdstatic.com/-4o3dSag_xI4khGkpoWK1HF6hhy/baike/c0%3Dbaike116%2C5%2C5%2C116%2C38/sign=537d9dd78a82b90129a0cb6112e4c212/b999a9014c086e06811489bb02087bf40bd1cb86.jpg
https://gss2.bdstatic.com/9fo3dSag_xI4khGkpoWK1HF6hhy/baike/c0%3Dbaike116%2C5%2C5%2C116%2C38/sign=b24f494065380cd7f213aabfc02dc651/2e2eb9389b504fc2d75306f5e5dde71190ef6d35.jpg
https://gss2.bdstatic.com/9fo3dSag_xI4khGkpoWK1HF6hhy/baike/c0%3Dbaike116%2C5%2C5%2C116%2C38/sign=f75306f5e5dde711f3df4ba4c686a57e/dc54564e9258d10991ef1f42d158ccbf6c814d35.jpg
https://gss3.bdstatic.com/-Po3dSag_xI4khGkpoWK1HF6hhy/baike/c0%3Dbaike116%2C5%2C5%2C116%2C38/sign=9097eee24f4a20a425133495f13bf347/2934349b033b5bb51a6b960e36d3d539b700bc86.jpg
https://gss2.bdstatic.com/-fo3dSag_xI4khGkpoWK1HF6hhy/baike/c0%3Dbaike116%2C5%2C5%2C116%2C38/sign=3aababf4349b033b3885f48874a75db6/5882b2b7d0a20cf4df2c482f76094b36adaf9986.jpg
https://gss3.bdstatic.com/7Po3dSag_xI4khGkpoWK1HF6hhy/baike/c0%3Dbaike80%2C5%2C5%2C80%2C26/sign=6cea10952edda3cc1fe9b07260805264/962bd40735fae6cd5c55226b0fb30f2443a70fd2.jpg
