
http://www.neipet.com/wp-content/uploads/2016/08/bdqs.png	http://www.neipet.com/plant/30998.html
http://pic1.win4000.com/pic/9/0d/8af01351840.jpg	http://www.win4000.com/meinv113384_4.html
http://s1.1zoom.me/prev2/383/382327.jpg	http://www.1zoom.me/zh/wallpaper/382135/z4936/
http://i00.c.aliimg.com/img/ibank/2014/579/786/1552687975_570638688.jpg	http://b2b.liebiao.com/nongye/304991539.html
https://upload.wikimedia.org/wikipedia/commons/thumb/b/b9/PetuniaHybrida3.jpg/240px-PetuniaHybrida3.jpg	https://zh.wikipedia.org/wiki/%E7%A2%A7%E5%86%AC%E8%8C%84%E5%B1%9E
http://s1.1zoom.me/big0/753/426559-svetik.jpg	http://www.1zoom.me/zh/wallpaper/427054/z3616.5/
http://s1.1zoom.me/big0/315/Petunia_Many_Pink_color_442506.jpg	http://www.1zoom.me/zh/wallpaper/442506/z5495.4/
http://s1.1zoom.me/big0/808/427054-svetik.jpg	http://www.1zoom.me/zh/wallpaper/427054/z3616.5/
http://s1.1zoom.me/big0/279/430438-svetik.jpg	http://www.1zoom.me/zh/wallpaper/430438/z4182.9/
http://pic1.win4000.com/pic/9/0d/8af01351837.jpg	http://www.win4000.com/meinv113384.html
http://s1.1zoom.me/big0/282/Petunia_Many_519054_1365x1024.jpg	http://www.1zoom.me/zh/%E7%A2%A7%E5%86%AC%E8%8C%84%E5%B1%9E/t2/1/
https://i1.kknews.cc/large/1b800005dd5320200244	https://kknews.cc/zh-cn/culture/nm2elg5.html
https://i1.kknews.cc/large/1b800005dd5518fd1deb	https://kknews.cc/zh-cn/culture/nm2elg5.html
http://z.xiziwang.net/uploads/allimg/140930/30_140930131411_1.jpg	http://z.xiziwang.net/hua/15600/
http://s1.1zoom.me/big0/148/385091-svetik.jpg	http://www.1zoom.me/zh/wallpaper/385091/z2743.7/
http://www.chantuguan.com/ueditor/php/upload/image/20170519/1495166644716866.jpg	http://www.chantuguan.com/baike/532.html
http://s1.1zoom.me/big0/961/380898-svetik.jpg	http://www.1zoom.me/zh/wallpaper/380898/z3855.1/
https://i2.kknews.cc/large/1b800005dd529f5de67a	https://kknews.cc/zh-cn/culture/nm2elg5.html
http://s1.1zoom.me/big0/912/382135-svetik.jpg	http://www.1zoom.me/zh/wallpaper/382135/z4936/
http://img.zwbk.org/baike/spic/2011/08/10/20110810033835109_9885.jpg	http://www.zwbk.org/zh-tw/Lemma_Show/202468.aspx
http://s1.1zoom.me/prev2/381/380706.jpg	http://www.1zoom.me/zh/wallpaper/382135/z4936/
http://s1.1zoom.me/big3/55/Camomiles_Petunia_Coleus_459715.jpg	http://www.1zoom.me/zh/wallpaper/459715/z6960.2/3200x2400
http://s1.1zoom.me/big0/715/422302-Kycb.jpg	http://www.1zoom.me/zh/wallpaper/424674/z5536.3/
http://s1.1zoom.me/big0/852/362707-svetik.jpg	http://www.1zoom.me/zh/wallpaper/362707/z3018.3/
http://img.tulaoshi.com/201704/13/705becc854bc73fad5943e52a6b94a06.jpg	http://www.tulaoshi.com/bidongqieshu/
http://s1.1zoom.me/big0/63/369986-svetik.jpg	http://www.1zoom.me/zh/wallpaper/369986/z3339.7/
https://b-ssl.duitang.com/uploads/blog/201310/06/20131006190340_yLxRh.thumb.224_0.jpeg	https://www.duitang.com/blogs/tag/?name=%E7%A2%A7%E5%86%AC%E8%8C%84%E8%8A%B1
http://4.bp.blogspot.com/-9yMCKSEV8vE/Um8CmVIh6XI/AAAAAAAAC5Q/N1dUpw9i2lg/s1600/DSC_6853.JPG	http://kimhong-flower.blogspot.com/2013/10/blog-post_3124.html
http://s1.1zoom.me/big0/981/390230-svetik.jpg	http://www.1zoom.me/zh/wallpaper/390230/z2387.8/
http://www.gifmania.tw/Gifs-Zhiwu/Gifs-Flowers/Gifs-Petunias/Petunias-80827.gif	http://www.gifmania.tw/Gifs-Zhiwu/Gifs-Flowers/Gifs-Petunias/
http://s1.1zoom.me/big0/572/400904-svetik.jpg	http://www.1zoom.me/zh/wallpaper/400904/z9152/
https://b-ssl.duitang.com/uploads/item/201506/26/20150626223616_RXSMt.jpeg	https://www.duitang.com/blog/?id=492215417
http://s1.1zoom.me/big0/150/Petunia_Tagetes_528808_1280x753.jpg	http://www.1zoom.me/zh/wallpaper/528808/z6673.1/
http://s1.1zoom.me/big0/743/Gardens_Petunia_Tagetes_438220.jpg	http://www.1zoom.me/zh/wallpaper/438220/z6562.6/
http://www.czy312.com/ewebeditor/uploadfile/20160504132301748.jpg	http://www.czy312.com/display.asp?id=43
http://s1.1zoom.me/big0/328/Petunia_Closeup_Violet_524435_1365x1024.jpg	http://www.1zoom.me/zh/wallpaper/524435/z3944.5/
http://s1.1zoom.me/big0/232/Canada_Parks_Petunia_496962.jpg	http://www.1zoom.me/zh/wallpaper/496962/z3180.2/
http://s1.1zoom.me/big0/797/Dubai_Emirates_UAE_Gardens_Petunia_Peacocks_524145_1280x853.jpg	http://www.1zoom.me/zh/wallpaper/524145/z6779.2/
http://s1.1zoom.me/big0/507/381798-svetik.jpg	http://www.1zoom.me/zh/wallpaper/381798/z4400.5/
http://s1.1zoom.me/big0/276/395950-svetik.jpg	http://www.1zoom.me/zh/wallpaper/395950/z2394.8/
http://s1.1zoom.me/big0/294/359228-svetik.jpg	http://www.1zoom.me/zh/wallpaper/359228/z2552.1/
http://s1.1zoom.me/big0/564/424676-svetik.jpg	http://www.1zoom.me/zh/wallpaper/424676/z1913.7/
http://s1.1zoom.me/big0/963/Houses_Petunia_457142.jpg	http://www.1zoom.me/zh/wallpaper/457142/z2544.3/
https://gss1.bdstatic.com/9vo3dSag_xI4khGkpoWK1HF6hhy/baike/w%3D268%3Bg%3D0/sign=f3d22f24e050352ab161220e6b789ccf/7a899e510fb30f248b86cc90c195d143ad4b0300.jpg	https://baike.baidu.com/item/%E7%A2%A7%E5%86%AC%E8%8C%84%E5%B1%9E/1534055?bkfr=detailtbl
http://www.ipa361.com/pub/upfiles/baike/2016-06-12/file_575d14b0c5e61.jpg	http://baike.ipa361.com/index.php?pic-view-77-2704
http://pic1.win4000.com/pic/7/09/e4af1354240.jpg_195.jpg	http://www.win4000.com/meinv113384.html
http://s1.1zoom.me/big0/280/429983-svetik.jpg	http://www.1zoom.me/zh/wallpaper/429983/z6180.7/
http://pic1.win4000.com/pic/9/0d/8af01351846.jpg	http://www.win4000.com/meinv113384_10.html
http://s6.sinaimg.cn/mw690/0022rybygy71BxaoHJj25&690	http://blog.sina.com.cn/s/blog_6f5d495c0102wat7.html
http://s1.1zoom.me/big0/532/USA_Petunia_Evening_490678.jpg	http://www.1zoom.me/zh/wallpaper/490678/z4880.3/
http://upload.wikimedia.org/wikipedia/commons/thumb/e/e4/PetuniaHybridaPiebald.jpg/240px-PetuniaHybridaPiebald.jpg	http://www.wikiwand.com/zh-hk/%E7%A2%A7%E5%86%AC%E8%8C%84%E5%B1%9E
http://files.b2b.cn/product/ProductImages/2017_05/19/165/19165252320_b.jpg	http://hxzyl.china.b2b.cn/product/product-725298893.htm
http://s1.1zoom.me/prev2/417/416312.jpg	http://www.1zoom.me/zh/wallpaper/417805/z3006.6/
http://s1.1zoom.me/big0/289/417805-svetik.jpg	http://www.1zoom.me/zh/wallpaper/417805/z3006.6/
http://s1.1zoom.me/big0/153/421755-svetik.jpg	http://www.1zoom.me/zh/wallpaper/421755/z3961.5/
http://s1.1zoom.me/big0/982/Dubai_Gardens_Tagetes_Petunia_Emirates_UAE_Miracle_526471_1280x752.jpg	http://www.1zoom.me/zh/wallpaper/526471/z4939.7/
http://s1.1zoom.me/big0/71/434254-svetik.jpg	http://www.1zoom.me/zh/wallpaper/434254/z3917.2/
http://files.b2b.cn/product/ProductImages/2017_05/19/173/19173918532_b.jpg	http://hxzyl.china.b2b.cn/product/product-725670018.htm
http://s1.1zoom.me/big0/392/Petunia_Many_Violet_477168.jpg	http://www.1zoom.me/zh/wallpaper/461308/z3220.8/
http://s1.1zoom.me/big0/420/411919-svetik.jpg	http://www.1zoom.me/zh/wallpaper/411919/z8028.4/
http://s1.1zoom.me/prev2/390/389109.jpg	http://www.1zoom.me/zh/wallpaper/390230/z2387.8/
http://s1.1zoom.me/big0/470/398454-svetik.jpg	http://www.1zoom.me/zh/wallpaper/398454/z4849.3/
http://s1.1zoom.me/prev2/420/419398.jpg	http://www.1zoom.me/zh/wallpaper/417805/z3006.6/
http://www.1zoom.me/prev2/321/320168.jpg	http://www.1zoom.me/zh/wallpaper/320022/z1397/
http://img.zhongyixueyuan.com/2015/12/25/145097607281326.jpg	http://www.zhongyixueyuan.com/chazigu/2015/1225/4098.html
http://files.b2b.cn/product/ProductImages/2016_04/08/162/08162726854_b.jpg	http://hxzyl.china.b2b.cn/product/product-725298893.htm
http://files.b2b.cn/product/ProductImages/2017_05/19/173/19173918764_b.jpg	http://hxzyl.china.b2b.cn/product/product-725670018.htm
http://s1.1zoom.me/prev2/426/425230.jpg	http://www.1zoom.me/zh/wallpaper/424676/z1913.7/
http://s1.1zoom.me/prev2/417/416744.jpg	http://www.1zoom.me/zh/wallpaper/417805/z3006.6/
https://b-ssl.duitang.com/uploads/item/201411/26/20141126002037_kcmY2.thumb.224_0.jpeg	https://www.duitang.com/blogs/tag/?name=%E7%A2%A7%E5%86%AC%E8%8C%84%E8%8A%B1
http://s13.sinaimg.cn/mw690/001CspM7zy74fvkDVI87c&690	http://blog.sina.com.cn/s/blog_587a3c6b0102wawb.html
http://www.1zoom.me/prev2/320/319697.jpg	http://www.1zoom.me/zh/wallpaper/320022/z1397/
http://files.b2b.cn/product/ProductImages/2016_04/08/162/08162726203_b.jpg	http://hxzyl.china.b2b.cn/product/product-725298893.htm
http://files.b2b.cn/product/ProductImages/2017_05/19/173/19173918647_b.jpg	http://hxzyl.china.b2b.cn/product/product-725670018.htm
http://s1.sinaimg.cn/mw690/001CspM7zy74fvkkxtm20&690	http://blog.sina.com.cn/s/blog_587a3c6b0102wawb.html
http://files.b2b.cn/product/ProductImages/2016_04/08/162/08162727592_b.jpg	http://hxzyl.china.b2b.cn/product/product-725298893.htm
http://www.pibaosi.net/uploads/allimg/160218/1-16021QFS90-L.jpg	http://huahui.pibaosi.net/20160218/117872.html
http://files.b2b.cn/product/ProductImages/2016_04/08/162/08162726187_b.jpg	http://hxzyl.china.b2b.cn/product/product-725298893.htm
http://s15.sinaimg.cn/mw690/002PtmUwzy74lNcSQP45e&690	http://blog.sina.com.cn/s/blog_9a8be1100102x5lx.html
http://files.b2b.cn/product/ProductImages/2017_05/19/173/19173919558_b.jpg	http://hxzyl.china.b2b.cn/product/product-725670018.htm
http://files.b2b.cn/product/ProductImages/2017_05/19/173/19173919966_b.jpg	http://hxzyl.china.b2b.cn/product/product-725670018.htm
http://files.b2b.cn/product/ProductImages/2016_04/08/162/08162727156_b.jpg	http://hxzyl.china.b2b.cn/product/product-725298893.htm
http://files.b2b.cn/product/ProductImages/2016_04/08/162/08162726984_b.jpg	http://hxzyl.china.b2b.cn/product/product-725298893.htm
http://s1.1zoom.me/big0/292/386978-svetik.jpg	http://www.1zoom.me/zh/wallpaper/386978/z3451.3/
https://b-ssl.duitang.com/uploads/blog/201407/30/20140730114920_m3E2r.thumb.224_0.jpeg	https://www.duitang.com/blogs/tag/?name=%E7%A2%A7%E5%86%AC%E8%8C%84%E8%8A%B1
http://www.1zoom.me/prev2/325/324670.jpg	http://www.1zoom.me/zh/wallpaper/320022/z1397/
http://s15.sinaimg.cn/mw690/0022rybygy727n88q2q1e&690	http://blog.sina.com.cn/s/blog_6f5d495c0102wat7.html
http://116.img.pp.sohu.com/images/blog/2007/8/5/9/18/114cd5bccad.jpg	http://lxm-88.blog.sohu.com/132486205.html
http://www.bbioo.com/uploadfile/2014/0509/201405090142005788.jpg	http://www.bbioo.com/experiment/24-64980-1.html
http://s1.1zoom.me/prev2/433/432828.jpg	http://www.1zoom.me/zh/wallpaper/434254/z3917.2/
http://www.bbioo.com/uploadfile/2014/0509/201405090142165799.jpg	http://www.bbioo.com/experiment/24-64982-1.html
http://s1.1zoom.me/prev2/489/488643.jpg	http://www.1zoom.me/zh/wallpaper/490678/z4880.3/
http://upload.wikimedia.org/wikipedia/commons/thumb/d/dc/%E5%A4%AA%E9%99%BD%E5%B3%B6%E5%85%AC%E5%9C%92%E3%83%89%E3%83%A9%E3%82%B4%E3%83%B3%E3%81%A8%E3%83%9A%E3%83%81%E3%83%A5%E3%83%8B%E3%82%A2.jpg/180px-%E5%A4%AA%E9%99%BD%E5%B3%B6%E5%85%AC%E5%9C%92%E3%83%89%E3%83%A9%E3%82%B4%E3%83%B3%E3%81%A8%E3%83%9A%E3%83%81%E3%83%A5%E3%83%8B%E3%82%A2.jpg	http://www.wikiwand.com/zh-hk/%E7%A2%A7%E5%86%AC%E8%8C%84%E5%B1%9E
http://www.1zoom.me/prev2/325/324524.jpg	http://www.1zoom.me/zh/wallpaper/320022/z1397/
http://s1.1zoom.me/big0/701/Waterfalls_Petunia_Palma_446328.jpg	http://www.1zoom.me/zh/wallpaper/446328/z7708.4/
http://s10.sinaimg.cn/mw690/0022rybygy727nbWRzH39&690	http://blog.sina.com.cn/s/blog_6f5d495c0102wat7.html
http://s7.sinaimg.cn/mw690/0022rybygy727naDrq606&690	http://blog.sina.com.cn/s/blog_6f5d495c0102wat7.html
http://s11.sinaimg.cn/mw690/0022rybygy727n9oJRg4a&690	http://blog.sina.com.cn/s/blog_6f5d495c0102wat7.html
https://b-ssl.duitang.com/uploads/item/201612/11/20161211081325_txJcH.thumb.224_0.jpeg	https://www.duitang.com/blogs/tag/?name=%E7%A2%A7%E5%86%AC%E8%8C%84%E8%8A%B1
http://s1.1zoom.me/prev2/485/484809.jpg	http://www.1zoom.me/zh/wallpaper/490678/z4880.3/
