
https://gss1.bdstatic.com/9vo3dSag_xI4khGkpoWK1HF6hhy/baike/c0%3Dbaike92%2C5%2C5%2C92%2C30/sign=19ec0a37adc3793169658e7b8aaddc20/3b87e950352ac65c7124ae42f9f2b21193138ada.jpg
https://gss2.bdstatic.com/-fo3dSag_xI4khGkpoWK1HF6hhy/baike/c0%3Dbaike92%2C5%2C5%2C92%2C30/sign=c8b11f48b31c8701c2bbbab44616f54a/2fdda3cc7cd98d10e72bad9d213fb80e7aec909b.jpg

https://gss2.bdstatic.com/-fo3dSag_xI4khGkpoWK1HF6hhy/baike/c0%3Dbaike92%2C5%2C5%2C92%2C30/sign=dfaca4a6cc11728b24208470a995a8ab/8b13632762d0f7039f23beeb09fa513d2697c577.jpg
https://gss3.bdstatic.com/-Po3dSag_xI4khGkpoWK1HF6hhy/baike/c0%3Dbaike92%2C5%2C5%2C92%2C30/sign=6d370e3f5243fbf2d121ae71d117a1e5/4610b912c8fcc3ce6896e2049345d688d43f20b6.jpg
https://gss3.bdstatic.com/-Po3dSag_xI4khGkpoWK1HF6hhy/baike/c0%3Dbaike92%2C5%2C5%2C92%2C30/sign=bc87ca0034fae6cd18b9a3336eda6441/f7246b600c338744c054044b500fd9f9d72aa077.jpg
https://gss0.bdstatic.com/94o3dSag_xI4khGkpoWK1HF6hhy/baike/c0%3Dbaike92%2C5%2C5%2C92%2C30/sign=e954a6097aec54e755e1124cd851f035/7a899e510fb30f248accc734c995d143ad4b03b6.jpg

https://gss3.bdstatic.com/7Po3dSag_xI4khGkpoWK1HF6hhy/baike/c0%3Dbaike92%2C5%2C5%2C92%2C30/sign=7084d01c9c16fdfacc61cebcd5e6e731/faedab64034f78f0205db1c478310a55b3191cb6.jpg

https://gss3.bdstatic.com/7Po3dSag_xI4khGkpoWK1HF6hhy/baike/c0%3Dbaike92%2C5%2C5%2C92%2C30/sign=4b85ee183b292df583cea447dd583705/b219ebc4b74543a95d4dd1fb1f178a82b90114b6.jpg

https://gss1.bdstatic.com/9vo3dSag_xI4khGkpoWK1HF6hhy/baike/c0%3Dbaike150%2C5%2C5%2C150%2C50/sign=4f80dcd80c33874488c8272e3066b29c/ac345982b2b7d0a2b5508615cbef76094a369a99.jpg
https://gss0.bdstatic.com/-4o3dSag_xI4khGkpoWK1HF6hhy/baike/c0%3Dbaike150%2C5%2C5%2C150%2C50/sign=4d872065a144ad343ab28fd5b1cb6791/ae51f3deb48f8c54484a47a73a292df5e1fe7f99.jpg
https://gss1.bdstatic.com/9vo3dSag_xI4khGkpoWK1HF6hhy/baike/c0%3Dbaike150%2C5%2C5%2C150%2C50/sign=7eb50eaac8fcc3cea0cdc161f32cbded/d01373f082025aaf9daafc43fbedab64024f1a99.jpg
https://gss2.bdstatic.com/-fo3dSag_xI4khGkpoWK1HF6hhy/baike/c0%3Dbaike220%2C5%2C5%2C220%2C73/sign=d31b816bd539b60059c307e588395e4f/8c1001e93901213f7edbcc5454e736d12e2e954a.jpg
https://gss2.bdstatic.com/-fo3dSag_xI4khGkpoWK1HF6hhy/baike/c0%3Dbaike150%2C5%2C5%2C150%2C50/sign=c2a425fdd688d43fe4a499a01c77b97e/4afbfbedab64034f4657408eafc379310b551d9b.jpg
https://gss3.bdstatic.com/7Po3dSag_xI4khGkpoWK1HF6hhy/baike/c0%3Dbaike150%2C5%2C5%2C150%2C50/sign=f7c88d912df5e0fefa1581533d095fcd/c8177f3e6709c93d77188c7f9f3df8dcd000544b.jpg

https://gss1.bdstatic.com/-vo3dSag_xI4khGkpoWK1HF6hhy/baike/c0%3Dbaike80%2C5%2C5%2C80%2C26/sign=517c500651b5c9ea76fe0bb1b450dd65/71cf3bc79f3df8dcb4e7e99cc711728b461028e0.jpg
https://gss3.bdstatic.com/-Po3dSag_xI4khGkpoWK1HF6hhy/baike/c0%3Dbaike80%2C5%2C5%2C80%2C26/sign=b18c301a68d0f703f2bf9d8e69933a58/f11f3a292df5e0fea2baef0c566034a85edf7218.jpg
https://gss3.bdstatic.com/7Po3dSag_xI4khGkpoWK1HF6hhy/baike/c0%3Dbaike80%2C5%2C5%2C80%2C26/sign=f564102b67224f4a43947b41689efb37/0823dd54564e92589696e0e39682d158ccbf4e18.jpg
https://gss1.bdstatic.com/-vo3dSag_xI4khGkpoWK1HF6hhy/baike/c0%3Dbaike80%2C5%2C5%2C80%2C26/sign=843dd4eb2d7f9e2f6438155a7e598241/7aec54e736d12f2e9c8ec86d45c2d56285356837.jpg
https://gss2.bdstatic.com/9fo3dSag_xI4khGkpoWK1HF6hhy/baike/c0%3Dbaike80%2C5%2C5%2C80%2C26/sign=47b287172234349b600b66d7a8837eab/7e3e6709c93d70cf5958cc00f2dcd100baa12b18.jpg

https://gss1.bdstatic.com/-vo3dSag_xI4khGkpoWK1HF6hhy/baike/c0%3Dbaike150%2C5%2C5%2C150%2C50/sign=3308e63790529822113e3191b6a310ae/11385343fbf2b211e6385fbeca8065380cd78e28.jpg
https://gss2.bdstatic.com/-fo3dSag_xI4khGkpoWK1HF6hhy/baike/c0%3Dbaike150%2C5%2C5%2C150%2C50/sign=5343ba3bb2fb43160e12722841cd2d46/d439b6003af33a87877edaeac65c10385343b52b.jpg
https://gss1.bdstatic.com/9vo3dSag_xI4khGkpoWK1HF6hhy/baike/c0%3Dbaike150%2C5%2C5%2C150%2C50/sign=dd0f6854a4c27d1eb12b33967abcc60b/024f78f0f736afc37001e595b319ebc4b7451234.jpg
https://gss1.bdstatic.com/9vo3dSag_xI4khGkpoWK1HF6hhy/baike/c0%3Dbaike150%2C5%2C5%2C150%2C50/sign=2e60ad67d933c895b2739029b07a1895/377adab44aed2e73aa905cdc8701a18b86d6fac1.jpg
https://gss2.bdstatic.com/-fo3dSag_xI4khGkpoWK1HF6hhy/baike/c0%3Dbaike150%2C5%2C5%2C150%2C50/sign=9c09becfd9f9d72a0369184fb5434351/30adcbef76094b362aeac11da3cc7cd98c109dc2.jpg
https://gss3.bdstatic.com/-Po3dSag_xI4khGkpoWK1HF6hhy/baike/c0%3Dbaike80%2C5%2C5%2C80%2C26/sign=9c57f43e462309f7f362a54013676796/9358d109b3de9c82024518256c81800a19d8437c.jpg

https://gss3.bdstatic.com/7Po3dSag_xI4khGkpoWK1HF6hhy/baike/c0%3Dbaike92%2C5%2C5%2C92%2C30/sign=c768fa3d033b5bb5aada28ac57babe5c/a686c9177f3e67092661be693bc79f3df9dc55c7.jpg
https://gss1.bdstatic.com/-vo3dSag_xI4khGkpoWK1HF6hhy/baike/c0%3Dbaike92%2C5%2C5%2C92%2C30/sign=ada10d68c3fdfc03f175ebeab556ecf1/09fa513d269759ee58309b5db2fb43166c22dfc0.jpg
https://gss0.bdstatic.com/-4o3dSag_xI4khGkpoWK1HF6hhy/baike/c0%3Dbaike92%2C5%2C5%2C92%2C30/sign=25844f6d39dbb6fd3156ed74684dc07d/730e0cf3d7ca7bcb7e183cb9be096b63f724a8c1.jpg
https://gss0.bdstatic.com/94o3dSag_xI4khGkpoWK1HF6hhy/baike/c0%3Dbaike92%2C5%2C5%2C92%2C30/sign=c417cd9d5bb5c9ea76fe0bb1b450dd65/c8177f3e6709c93d8043f5619f3df8dcd00054f7.jpg
https://gss2.bdstatic.com/-fo3dSag_xI4khGkpoWK1HF6hhy/baike/c0%3Dbaike92%2C5%2C5%2C92%2C30/sign=9793597ba144ad343ab28fd5b1cb6791/a5c27d1ed21b0ef41d6563c8ddc451da80cb3e92.jpg
