
http://www.tpml.edu.tw/public/MMO/PKL/%E8%8C%B6%E6%A2%8510111-1.jpg	http://www.tpml.edu.tw/fp.asp?fpage=cp&xItem=37052397&ctNode=8957&mp=104021
http://kplant.biodiv.tw/%E8%8C%B6%E6%A2%85/%E8%8C%B6%E6%A2%85-%E8%8A%B112.jpg	http://kplant.biodiv.tw/%E8%8C%B6%E6%A2%85/%E8%8C%B6%E6%A2%85.htm
http://www.tpml.edu.tw/public/Attachment/4129954329.jpg	http://www.tpml.edu.tw/fp.asp?fpage=cp&xItem=92246994&ctNode=5158&mp=104021
http://zjjhchy.cnhm.net/UploadFiles/Cpzs/2011121713230247.jpg	http://zjjhchy.cnhm.net/cpzs.aspx?ClassID=33
https://fs1.shop123.com.tw/200443/upload/product/2004433318pic_outside_423374.jpg	http://www.gp-garden.com/product.php?pid_for_show=3318
http://www.leflower.com/article/d/file/zhishi/xianhuajieshao/b185cab2876bd3a71247d30fd766c9e5.jpg	http://www.leflower.com/article-xianhuajieshao/251.html
http://www.ltxcmw.com/uploadfile/20131029193813%E8%8C%B6%E6%A2%85%E6%A0%918.jpg	http://www.ltxcmw.com/
http://web.cdps.ntpc.edu.tw/rong/tree/bush/b3/b3-wh-01.jpg	http://web.cdps.ntpc.edu.tw/rong/tree/bush/b3/b3.htm
http://s7.sinaimg.cn/mw690/7ff36542gcfdf5545d366&690	http://blog.sina.com.cn/s/blog_7ff3654201019lzc.html
http://www.ltxcmw.com/uploadfile/2013929120937%E8%8C%B6%E6%A2%85%E6%A0%91%20195.jpg	http://www.ltxcmw.com/pro_detail.aspx?typeid=157&nid=413
http://pic11.nipic.com/20101210/4224370_071915034649_2.jpg	http://www.nipic.com/show/1/44/4030434ked9ea43f.html
http://a1.att.hudong.com/38/51/01300000287245124297517929577.jpg	http://blog.sina.com.cn/s/blog_4d3b49f10102vs7g.html
http://www.tulaoer.org/3-Biology/P/T/49C2-1.jpg	http://www.tulaoer.org/3-Biology/P/Camellia_sansanqua.html
http://www.tpml.edu.tw/public/Attachment/41299551058.jpg	http://www.tpml.edu.tw/fp.asp?fpage=cp&xItem=92246994&ctNode=5158&mp=104021
http://www.huamu.cn/picture/2011033109252193.jpg	http://www.huamu.cn/cptp/picture_15872.html
http://www.ltxylc.com/uploadfile/20131016143844%E8%8C%B6%E6%A2%85%E5%8F%A4%E6%A0%913.jpg	http://www.ltxylc.com/pro_detail.aspx?typeid=166&nid=520
http://www.dzrlyl.com/upload/image/201301202044545000000_lit.jpg	http://www.dzrlyl.com/index.php?_m=mod_product&_a=prdlist&cap_id=81
http://a3.att.hudong.com/44/36/01200000195055134392365759605_s.jpg	http://www.baike.com/wiki/%E8%8C%B6%E6%A2%85%E6%A0%91
https://upload.wikimedia.org/wikipedia/commons/thumb/1/12/Camellia_sasanqua1.jpg/280px-Camellia_sasanqua1.jpg	https://zh.wikipedia.org/wiki/%E8%8C%B6%E6%A2%85
http://pic.to8to.com/attch/day_130923/20130923_28d7c4aef1e0c103762dABEiRCCPkuDC.JPG	http://www.to8to.com/yezhu/z9035.html
https://www.huabaike.com/uploads/allimg/sltimg/201605/574bcda741e34.jpg	https://www.huabaike.com/jtyh/3836.html
http://link.photo.pchome.com.tw/s14/chyiye/66/145050252871/	http://mypaper.pchome.com.tw/chyiye/post/1354154659
http://www.tulaoer.org/3-Biology/P/T/49Camelea.jpg	http://www.tulaoer.org/3-Biology/P/Camellia_sansanqua.html
http://3.share.photo.xuite.net/wenshin.chen/136d3e6/16024382/859626152_l.jpg	http://blog.xuite.net/wenshin.chen/blog/173234224-%E8%8C%B6%E6%A2%85
http://www.tpml.edu.tw/public/MMO/PKL/%E8%8C%B6%E6%A2%8510111-2.jpg	http://www.tpml.edu.tw/fp.asp?fpage=cp&xItem=37052397&ctNode=8957&mp=104021
http://qxyzmy.com/Upload/1472696284.jpg	http://qxyzmy.com/index.php/cmskm.html
http://pic.pimg.tw/chingmaio/4941ac4f6a169.jpg	http://chingmaio.pixnet.net/blog/post/22610647-%E5%BE%88%E5%83%8F%E5%B1%B1%E8%8C%B6%E8%8A%B1%E7%9A%84%E8%A6%AA%E6%88%9A--%E8%8C%B6%E6%A2%85
http://img.007swz.com/cpimg/qiaomu/eyCIL32zm6_1231976625.jpg	http://www.007swz.com/t/%CC%A8%CD%E5%B2%E8%C3%B7
http://upload.jnwb.net/2013/0321/1363856683434.jpg	http://www.jnwb.net/wlwx/2013/0321/58298.shtml
http://www.yuhuagu.com/uploads/allimg/130314/43_130314130148_1.jpg	http://www.yuhuagu.com/changshi/2013/0314/6853.html
https://cbu01.alicdn.com/img/ibank/2014/903/889/1768988309_91368241.400x400.jpg	https://detail.1688.com/offer/41924812939.html
http://blog.sina.com.tw/myimages/223/35295/images/1196518243_2.jpg	http://blog.sina.com.tw/show_me_more/article.php?entryid=574218
http://img1.gtimg.com/hb/pics/29772/29772723.jpg	http://hb.qq.com/a/20100308/003939.htm
http://www.bm8.com.cn/flower/photo/%E8%8C%B6%E6%A2%85.jpg	http://www.bm8.com.cn/flower/show.asp?id=350
http://www.ltxcmw.com/uploadfile/201311101102295605.jpg	http://www.ltxcmw.com/pro_detail.aspx?typeid=160&nid=551
http://b2b.image.yuanlin.com/Biz/2013-11/201311230852214950.jpg	http://youyuan.yuanlin.com/sell-m716724.html
http://www.awastea.com/App_Script/DisplayCut.ashx?file=product/201601261159520.jpg&w=353&h=353	http://www.awastea.com/shop/webc/html/product/02.aspx?num=218
http://3.share.photo.xuite.net/wenshin.chen/136d343/16024382/859622917_l.jpg	http://blog.xuite.net/wenshin.chen/blog/173234224-%E8%8C%B6%E6%A2%85
https://gss3.bdstatic.com/-Po3dSag_xI4khGkpoWK1HF6hhy/baike/s%3D220/sign=5e3f47f673899e517c8e3d1672a6d990/8ad4b31c8701a18bec138644962f07082938fec5.jpg	https://baike.baidu.com/item/%E8%8C%B6%E6%A2%85
http://img.zwbk.org/baike/spic/2012/07/04/20120704163448016_5913.jpg	http://www.zwbk.org/MyLemmaShow.aspx?zh=zh-tw&lid=249257
http://www.yuanlin365.com/uploadfile/product/95545/2012-4/2012417105212.jpg	http://www.miaomu777.com/news/show-7700.html
http://www.ltxcmw.com/uploadfile/2013929121649%E8%8C%B6%E6%A2%85%E6%A0%912.jpg	http://www.ltxcmw.com/pro_detail.aspx?typeid=157&nid=412
https://www.huabaike.com/uploads/allimg/sltimg/201605/574bcae907e70.jpg	https://www.huabaike.com/jtyh/3836.html
http://img.zwbk.org/baike/spic/2012/07/04/20120704163336329_6948.jpg	http://www.zwbk.org/MyLemmaShow.aspx?zh=zh-tw&lid=249257
http://www.qhyhm.com/uploads/allimg/150204/1-1502042313120-L.png	http://www.qhyhm.com/chamei/dahuagaoganchameishu/111.html
http://a1.att.hudong.com/14/04/20300542516110140037043843362_s.jpg	http://www.baike.com/wiki/%E8%8C%B6%E6%A2%85
http://www.ltxcmw.com/uploadfile/s_2013929120949%E8%8C%B6%E6%A2%85%E6%A0%91%20200.jpg	http://www.ltxcmw.com/pro_list.aspx?typeid=157
http://pic4.55jia.net/fengshuizhiwu/37/a259144.png	http://www.55jia.net/75/305176.html
http://www.yuhuagu.com/uploads/allimg/130314/43_130314130323_1.jpg	http://www.yuhuagu.com/changshi/2013/0314/6853.html
http://minzu.com.tw/images/201305/goods_img/2_P_1368390797886.jpg	http://minzu.com.tw/goods.php?id=2
https://e.share.photo.xuite.net/yaya_chen/1ea3d27/4846825/184921406_l.jpg	http://blog.xuite.net/yaya_chen/blog1/44492024-%E8%A3%BD%E4%BD%9C%E8%8C%B6%E6%A2%85
http://a.ecimg.tw/items/CFACC2B56926705/i010001_1462910688.jpg	http://mall.pchome.com.tw/prod/CFACC2-B56926705
http://image.sciencenet.cn/album/201110/05/084741ezixxz3ezkiu3ttr.jpg	http://wap.sciencenet.cn/blogview.aspx?id=493375
http://www.ltxcmw.com/uploadfile/201310181321284.jpg	http://www.ltxcmw.com/pro_detail.aspx?typeid=160&nid=551
http://www.hnhbmm.com/uploadfiles/20109311306700.jpg	http://www.hnhbmm.com/productshow.asp?articleid=822
http://www.gtqyy.net/upload/201611/17/small_201611171721279466.jpg	http://www.gtqyy.net/product/show_95.aspx
https://s.yimg.com/xd/api/res/1.2/3AEBKFOowY4e0NZLuQo.UA--/YXBwaWQ9eXR3YXVjdGlvbnNlcnZpY2U7aD03MDA7cT04NTtyb3RhdGU9YXV0bzt3PTcwMDtwPW9wZW5jdg--/http://nevec-img.zenfs.com/prod/tw_ec05-7/8211fe46-5bed-40f0-a380-315c05e9c20f.jpg	https://tw.bid.yahoo.com/item/100159139480
http://www.hntqmp.com/uploads/allimg/130120/1-1301201I3360-L.jpg	http://www.hntqmp.com/lhmm/qlzw/cmq/
http://www.huamu.cn/picture/2011082510204688.jpg	http://www.huamu.cn/cptp/picture_18751.html
http://g-search3.alicdn.com/bao/uploaded/i4/752644000/TB23SWxXxBmpuFjSZFsXXcXpFXa_!!752644000.jpg_240x240q50	http://tw.taobao.com/product/%E8%8C%B6%E6%A2%85%E7%9B%86%E6%A0%BD.htm
http://image1.shopserve.jp/taiwan-cafe.com/pic-labo/cyaume_under.jpg?t=20061003005138	http://taiwan-cafe.com/SHOP/ume-cya-300.html
https://gss0.bdstatic.com/-4o3dSag_xI4khGkpoWK1HF6hhy/baike/s%3D220/sign=2cca7687a7efce1bee2bcfc89f51f3e8/d0c8a786c9177f3edb2cc97c70cf3bc79f3d56a2.jpg	https://baike.baidu.com/item/%E8%8C%B6%E6%A2%85
https://gss3.bdstatic.com/-Po3dSag_xI4khGkpoWK1HF6hhy/baike/s%3D220/sign=c65abf8a81cb39dbc5c06054e01709a7/728da9773912b31babcf16498618367adab4e12b.jpg	https://baike.baidu.com/item/%E8%8C%B6%E6%A2%85
http://s6.sinaimg.cn/mw690/001AZj0Tgy6P9rKCRnv95&690	http://blog.sina.com.cn/s/blog_572ee8bb0102vcke.html
http://www.jinhuamiaomu.com/uploadfiles/20141015223120943.jpg	http://www.jinhuamiaomu.com/seedings.asp?28.html
http://www.pjcn.org/uploads/allimg/1608/1-160S021330D11.jpg	http://www.pjcn.org/pz/js/2360/
http://www.5755918.com.tw/picture/zh/product/pr_16.jpg	http://www.5755918.com.tw/zh/product_item/17.html
http://image.lingshi.com/wholesale/201311/goods_img/3922_P_1383644909309.jpg	http://pifa.lingshi.com/lingshi.php?id=3922
https://cbu01.alicdn.com/img/ibank/2013/961/382/749283169_1452780474.310x310.jpg	https://www.1688.com/pic/-B2E8C3B7.html
http://b2b.image.yuanlin.com/Biz/2013-3/20133101842165144.jpg	http://wuyuxinmeng.yuanlin.com/sell-m473626.html
http://www.ltxcmw.com/uploadfile/20131024172619IMG_5542.jpg	http://www.ltxcmw.com/pro_detail.aspx?typeid=160&nid=547
https://www.huabaike.com/uploads/allimg/sltimg/201605/574bc99d397b8.jpg	https://www.huabaike.com/hyjk/3835.html
http://www.ltxcmw.com/uploadfile/2013926173032%E7%8E%89%E9%BE%99%E8%8D%892.jpg	http://www.ltxcmw.com/pro_detail.aspx?typeid=160&nid=559
http://www.hnhbmm.com/uploadfiles/201093113054593.jpg	http://www.hnhbmm.com/productshow.asp?articleid=822
http://www.yishinyuan.com.tw/webadmin/goods_images/a%E8%8C%B6%E6%A2%85%20(23).JPG	http://www.yishinyuan.com.tw/info.asp?c_id=7
http://www.ltxcmw.com/uploadfile/2013929122140%E8%8C%B6%E6%A2%85%E7%9B%86%E6%99%AF.jpg	http://www.ltxcmw.com/pro_list.aspx?typeId=MTU4&pid=MTU2
https://cbu01.alicdn.com/img/ibank/2016/067/801/3652108760_1210708961.310x310.jpg	https://www.1688.com/pic/-B2E8C3B7CAF7.html
http://img.007swz.com/cpimg/lvhuamiaomu/dPRAzOlbH0_1274057032.jpg	http://www.007swz.com/t/%CC%A8%CD%E5%B2%E8%C3%B7
http://img.store.pchome.com.tw/~prod/M05302096/DSCN1593__BD_D5_BE_E3_A4j_A4p.JPG?pimg=static&P=1285404482	http://www.pcstore.com.tw/fushan-teashop/M05302096.htm
http://hnlzyl.com/Content/UploadFiles/201611030500071.jpg	http://hnlzyl.com/m/chanpinzhongxin/rrr/Default.html
http://img.pcstore.com.tw/~prod/M11072378/_AF_F9_B1_F6.jpg?pimg=static&P=1337674090	http://www.pcstore.com.tw/taiwanyan/M11072378.htm
http://www.fuxintea.com.tw/tw/images/goods/flavor_pic2-6.jpg	http://www.fuxintea.com.tw/tw/goods_flavor_food6.php
http://www.jhypmm.com/uploads/allimg/161210/1-1612101546110-L.jpg	http://www.jhypmm.com/cpzs/chamei/
http://pic.pimg.tw/june0611yang/1440172096-1768013311_n.jpg	http://june0611yang.pixnet.net/album/photo/302269521
http://www.tpml.edu.tw/public/MMO/PKL/%E8%8C%B6%E6%A2%8510111-4.jpg	http://www.tpml.edu.tw/fp.asp?fpage=cp&xItem=37052397&ctNode=8957&mp=104021
http://pics15.yamedia.tw/42/userfile/j/jhjh2013/album/152bf86ee04796.jpg	https://jhjh2013.tian.yam.com/posts/72045876
http://www.ljmp.com.tw/upload/products_1_b/3f62a91960dbfbaededc516edec9b440.jpg	http://www.ljmp.com.tw/home/index.php?forder=buy-view&index_m0_id=79&index_m1_id=62&index_id=79
http://file1.cucdc.com/cwfiles/22/37722/%E5%9B%BE%E7%89%87/%E8%8C%B6%E6%A2%85.jpg	http://read.cucdc.com/cw/37722/56454.html
http://image.lingshi.com/wholesale/20131106/CZ02397/top/a1.jpg	http://pifa.lingshi.com/lingshi.php?id=3948
http://www.ltxcmw.com/uploadfile/2013929120847%E8%8C%B6%E6%A2%85%E5%8F%A4%E6%A0%91.jpg	http://www.ltxcmw.com/pro_detail.aspx?typeid=157&nid=412
http://img.sczlb.com/uploads/pictures/2015/12/7q3W5R.png	http://www.sczlb.com/cate-news/70528.html
http://twcoupon.com/wbimage/p_yhbuy/11/YB2925444.jpg	http://twcoupon.com/wbd-YB2925444-YAHOO!%E5%A5%87%E6%91%A9%E8%B3%BC%E7%89%A9%E4%B8%AD%E5%BF%83-%E5%B9%B8%E7%A6%8F%E6%B5%81%E5%9F%9F__%E7%B4%AB%E8%98%87%E6%A2%851200g%E5%87%8D%E9%A0%82%E8%8C%B6%E6%A2%85600g(3%E5%85%A5)-%E6%8E%A8%E8%96%A6-%E5%83%B9%E6%A0%BC-%E9%96%8B%E7%AE%B1.html
http://img1.epanshi.com/9117/product/s-4ed03e0712f6a.JPG.JPG	http://www.cnjhmp.com/24478-1434/50229.html
http://hnlzyl.com/Content/UploadFiles/201611030500884.jpg	http://hnlzyl.com/m/chanpinzhongxin/rrr/Default.html
http://pic18.nipic.com/20111207/4224370_082402409142_2.jpg	http://www.nipic.com/show/1/44/5468628k7e6a29fc.html
http://www.hefeibg.com/uploadfile/article/uploadfile/201612/20161212092842733.jpg	http://www.hefeibg.com/article/2016/1212/article_2372.html
https://i.ytimg.com/vi/KzKImrh1YZc/hqdefault.jpg	https://www.youtube.com/watch?v=KzKImrh1YZc
http://www2.wuling-farm.com.tw/upload/photo_b/ea2d8eb9b38c7c0f26f6ff62c50b6a80.JPG	http://www2.wuling-farm.com.tw/photos/photo.php?index_id=21
http://www.jh5z.com/jhwzxyzw/picture/camei.jpg	http://www.jh5z.com/jhwzxyzw/page/chamei.htm
http://link.photo.pchome.com.tw/s14/chyiye/66/145050253982/	http://mypaper.pchome.com.tw/chyiye/post/1354154659
