
https://gss1.bdstatic.com/-vo3dSag_xI4khGkpoWK1HF6hhy/baike/s%3D220/sign=d5536c88b0a1cd1101b675228913c8b0/a50f4bfbfbedab642ec0c578fd36afc378311ed3.jpg	https://baike.baidu.com/item/%E9%A6%99%E9%9B%AA%E7%90%83
http://p.d1xz.net/2015/2/7/152934443444.jpg	http://www.d1xz.net/astro/huayu/art78505.aspx
http://www.twword.com/uploads/wiki/56/4e/671267_3.jpg	http://www.twword.com/wiki/%E9%A6%99%E9%9B%AA%E7%90%83
http://pic.pimg.tw/oldfox/1323373035-1141695393.jpg	http://oldfox.pixnet.net/blog/post/36030274-%E4%B8%8D%E6%80%8E%E9%BA%BC%E9%A6%99%E7%9A%84%E9%A6%99%E9%9B%AA%E7%90%83
http://www.hanyi365.com/attach/userfiles/image/2013-11-12_15_16_48.jpg	http://www.hanyi365.com/article_1247.html
http://www.twword.com/uploads/wiki/56/4e/671267_6.jpg	http://www.twword.com/wiki/%E9%A6%99%E9%9B%AA%E7%90%83
http://www.twword.com/uploads/wiki/56/4e/671267_5.jpg	http://www.twword.com/wiki/%E9%A6%99%E9%9B%AA%E7%90%83
https://img.imynest.com/uploads/5/A3/5A3237EFC0_800x600.jpeg	https://www.imynest.com/content/38966.html
http://c.blog.xuite.net/c/f/8/f/13396183/blog_1400131/txt/49674844/0.jpg	http://blog.xuite.net/smile27/flower/49674844-%E9%A6%99%E9%9B%AA%E7%90%83
http://4.bp.blogspot.com/-u2TSVkpPSsU/VPvIkCiYfII/AAAAAAAAKFo/4fyixXNAiXA/s1600/img_show.jpeg	http://blog.igarden.com.tw/2002/01/5M20103.html
https://img.imynest.com/uploads/2/2A/22A94F91CE.jpeg	https://www.imynest.com/content/61978.html
https://www.huabaike.com/uploads/allimg/sltimg/201606/57550a4ba54f6.jpg	https://www.huabaike.com/jtyh/4016.html
https://www.huabaike.com/uploads/allimg/sltimg/201606/57550ab336b37.jpg	https://www.huabaike.com/jtyh/4016.html
http://www.cnhua.net/uploads/allimg/090614/1636212524-0.JPG	http://www.cnhua.net/zhiwu/shizihuake/xiangxueqiu/
http://www.twword.com/uploads/wiki/56/4e/671267_1.jpg	http://www.twword.com/wiki/%E9%A6%99%E9%9B%AA%E7%90%83
http://www.chachaba.com/news/uploads/allimg/170310/4216_170310151428_1.jpg	http://www.chachaba.com/news/html/zhuangxiu/zhuangshi/20170310_303088.html
http://classweb.loxa.edu.tw/clockloxa/plant/html/a/a024.jpg	http://classweb.loxa.edu.tw/clockloxa/plant/html/a/a024.htm
https://www.huabaike.com/uploads/huatuku/20160606/575525f88bf83.jpg	https://www.huabaike.com/ghzw/349.html
http://www.xqah.com/uploadpic/2011112219502538613.jpg	http://www.xqah.com/ReadNews.asp?NewsID=912
http://pic.pimg.tw/oldfox/1323373111-1624984384.png	http://oldfox.pixnet.net/blog/post/36030274-%E4%B8%8D%E6%80%8E%E9%BA%BC%E9%A6%99%E7%9A%84%E9%A6%99%E9%9B%AA%E7%90%83
https://thumbs.dreamstime.com/z/%E9%A6%99%E9%9B%AA%E7%90%83%E9%93%B6%E8%89%B2%E5%B0%8F%E6%B2%B3%E8%8A%B1-46049511.jpg	https://cn.dreamstime.com/%E5%BA%93%E5%AD%98%E7%85%A7%E7%89%87-%E9%A6%99%E9%9B%AA%E7%90%83%E9%93%B6%E8%89%B2%E5%B0%8F%E6%B2%B3%E8%8A%B1-image46049511
https://www.huabaike.com/uploads/allimg/sltimg/201606/5755095b1f35b.jpg	https://www.huabaike.com/jtyh/4016.html
http://www.cnhua.net/uploads/allimg/090614/16342B3G-0.JPG	http://www.cnhua.net/zhiwu/shizihuake/xiangxueqiu/
http://www.yanlinghm.com/file/upload/201605/26/092048881.jpg	http://www.yanlinghm.com/jishu/show-10016.html
http://pic.pimg.tw/oldfox/1323373090-277606334.png	http://oldfox.pixnet.net/blog/post/36030274-%E4%B8%8D%E6%80%8E%E9%BA%BC%E9%A6%99%E7%9A%84%E9%A6%99%E9%9B%AA%E7%90%83
http://nhjy.hzau.edu.cn/kech/hhx/piclib/upload/200572016513074456.jpg	http://nhjy.hzau.edu.cn/kech/hhx/piclib/display.asp?id=563
https://www.huabaike.com/uploads/allimg/artimg/201703/20170327161328_83053.jpg	https://www.huabaike.com/yhjq/7965.html
http://kplant.biodiv.tw/%E9%A6%99%E9%9B%AA%E7%90%83/%E9%A6%99%E9%9B%AA%E7%90%83-%E8%8A%B104.JPG	http://kplant.biodiv.tw/%E9%A6%99%E9%9B%AA%E7%90%83/%E9%A6%99%E9%9B%AA%E7%90%83.htm
http://kplant.biodiv.tw/%E9%A6%99%E9%9B%AA%E7%90%83/%E9%A6%99%E9%9B%AA%E7%90%83-%E8%8A%B106.JPG	http://kplant.biodiv.tw/%E9%A6%99%E9%9B%AA%E7%90%83/%E9%A6%99%E9%9B%AA%E7%90%83.htm
http://www.yuhuagu.com/uploads/allimg/100413/1_100413180111_1.jpg	http://www.yuhuagu.com/qita/2010/0413/610.html
https://img.imynest.com/uploads/B/5D/B5D0612B93.jpeg	https://www.imynest.com/content/38966.html
https://www.huabaike.com/uploads/allimg/sltimg/201606/57550b2dbfbfa.jpg	https://www.huabaike.com/jtyh/4016.html
http://2.bp.blogspot.com/-9wk1SYkwvrI/VmWpGBl0uJI/AAAAAAAAD-o/MND4pYENXN4/s1600/snowball2.JPG	http://yani-cubicle.blogspot.com/2015/12/snow-carpet.html
https://a.share.photo.xuite.net/mei2389/1a93a2a/10224505/466388657_m.jpg	http://blog.xuite.net/mei2389/twblog1/125455368-%E9%A6%99%E9%9B%AA%E7%90%83
http://img05.tooopen.com/images/20140612/sy_62983744449.jpg	http://www.tooopen.com/view/629837.html
http://blog.sina.com.tw/myimages/153/47513/images/20130509111832008.jpg	http://blog.sina.com.tw/flower_design/article.php?entryid=612883
https://4.bp.blogspot.com/-5ur5Ry4KXgM/UzTW_U64OMI/AAAAAAAABGE/nVGdubAODTY/s290-c/%25E6%25B0%25B4%25E6%2599%25B6%2528%25E5%259C%25965%2529.jpg	http://blog.igarden.com.tw/2002/01/5M20103.html
http://img.xunhai.com/2015/11/26/144851453688431.jpg	http://www.xunhai.com/xiangxueqiu/2015/1126/4169.html
http://pic13.nipic.com/20110420/6863287_013939941128_2.jpg	http://www.nipic.com/show/1/44/4475943k90962c35.html
https://gss2.bdstatic.com/9fo3dSag_xI4khGkpoWK1HF6hhy/baike/w%3D400/sign=9d5fa89ec0fcc3ceb4c0c833a244d6b7/5bafa40f4bfbfbed712b12c370f0f736afc31f1f.jpg	https://baike.baidu.com/item/%E9%A6%99%E9%9B%AA%E7%90%83
https://www.huabaike.com/uploads/allimg/sltimg/201606/575673f48f36b.jpg	https://www.huabaike.com/yhjq/4019.html
http://4.bp.blogspot.com/-GusId8e1DMg/UO57M4NPN_I/AAAAAAAAAOU/WumuuO4wNTA/s290-c/2013_01090044.JPG	http://blog.igarden.com.tw/2002/01/5M20103.html
http://www.huacaoshumu.net/attached/tupian/X30/20150927-5.jpg	http://www.huacaoshumu.net/zhiwu/xiangxueqiu.php
http://www.1818hm.com/file/upload/201611/13/144645935.jpg	http://www.1818hm.com/huamu/show-4970.html
http://www.wdptj.com/wp-content/uploads/2014/09/%E9%A6%99%E9%9B%AA%E7%90%831.jpg	http://www.wdptj.com/4380.html
http://www.huacaoshumu.net/attached/tupian/X30/20150927-7.jpg	http://www.huacaoshumu.net/zhiwu/xiangxueqiu.php
https://gss1.bdstatic.com/9vo3dSag_xI4khGkpoWK1HF6hhy/baike/s%3D220/sign=15d4607d59b5c9ea66f304e1e538b622/b8389b504fc2d562a47a869be51190ef76c66c51.jpg	https://baike.baidu.com/item/%E9%A6%99%E9%9B%AA%E7%90%83
http://img0.pchouse.com.cn/pchouse/baike/decorate/1408/4_41.jpg	http://www.pchouse.com.cn/baike/shenghuo/2681/
http://www.wdptj.com/wp-content/uploads/2014/09/%E9%A6%99%E9%9B%AA%E7%90%832.jpg	http://www.wdptj.com/4380.html
https://thumbs.dreamstime.com/z/%E9%A6%99%E9%9B%AA%E7%90%83%E8%8A%B1-44893826.jpg	https://cn.dreamstime.com/photos-images/%E9%A6%99%E9%9B%AA%E7%90%83%E8%8A%B1.html
https://a.share.photo.xuite.net/mei2389/1a93a37/10224505/466379710_m.jpg	http://blog.xuite.net/mei2389/twblog1/125455368-%E9%A6%99%E9%9B%AA%E7%90%83
http://pic11.nipic.com/20101201/263716_192951077674_2.jpg	http://www.nipic.com/show/1/44/4037584k6dbb1c9a.html
http://zw3wmap1.zw3e.com:8080/zw_news_map/350/2014051/1399641645929576033.jpg	http://www.zw3e.com/bk/zhiwuhuaqi/wbaac.html
https://gss0.bdstatic.com/-4o3dSag_xI4khGkpoWK1HF6hhy/baike/s%3D220/sign=b77e53d517ce36d3a60484320af23a24/4ec2d5628535e5dd0bda0ad074c6a7efcf1b62cf.jpg	https://baike.baidu.com/item/%E9%A6%99%E9%9B%AA%E7%90%83
http://www.huayugu.com.cn/uploads/allimg/160805/1-160P52001540-L.jpg	http://www.huayugu.com.cn/xiangxueqiu/16457.html
http://lowii.com/hkplants/data/album/201106/04/002919k02x00wfzbb2brzs.jpg	http://hkplants.com/blog-41163-13829.html
http://www.huamu.cn/picture/201209131027084218.jpg	http://www.huamu.cn/cptp/picture_34860.html
https://img.imynest.com/uploads/E/44/E44980906D.jpeg	https://www.imynest.com/content/61978.html
https://thumbs.dreamstime.com/z/%E6%B7%A1-%E8%89%B2%E9%A6%99%E9%9B%AA%E7%90%83%E5%BC%80%E8%8A%B1-lobularia-maritima-64452343.jpg	https://cn.dreamstime.com/%E5%BA%93%E5%AD%98%E7%85%A7%E7%89%87-%E6%B7%A1-%E8%89%B2%E9%A6%99%E9%9B%AA%E7%90%83%E5%BC%80%E8%8A%B1-lobularia-maritima-image64452343
http://s7.sinaimg.cn/middle/66019f9ehb0a30a019416&690	http://blog.sina.com.cn/s/blog_66019f9e0100rc59.html
http://www.wdptj.com/wp-content/uploads/2014/09/%E9%A6%99%E9%9B%AA%E7%90%833.jpg	http://www.wdptj.com/4380.html
https://img.imynest.com/uploads/20170413/02/0220718FC59Cw700h467_800x600.jpeg	https://www.imynest.com/content/38966.html
http://www.38fan.com/uploads/allimg/170512/51_170512110338_1.png	http://www.38fan.com/zhiwu/20170512161273.html
http://www.weisanli.com/images/flowerbed/upfile/1212626920209.jpg	http://www.weisanli.com/flowerbed/718/lobularia-maritima
http://1.bp.blogspot.com/-OxQgKoL1uHg/UPddsObECNI/AAAAAAAAAQI/nhx4aNlDEeI/s1600/2012_02210027.JPG	http://blog.igarden.com.tw/2013/01/ayssum-aphrodite.html
http://img0.pchouse.com.cn/pchouse/1410/20/879912_4.jpg	http://www.pchouse.com.cn/baike/shenghuo/2681/
http://image13-c.poco.cn/mypoco/qing/20120802/01/1682310674919771750_310x310_220.jpg	http://wo.poco.cn/7907384/post/id/503769
http://yy.yuhuagu.com/images/201212/goods_img/197_G_1356738911388.jpg	http://yy.yuhuagu.com/goods.php?id=197
http://www.baihuamen.com/d/file/2014/05-07/3c86a77bdbc5546b9b36cd248013b125.jpg	http://www.baihuamen.com/tianweixiangxueqiu/
https://himg.china.cn/0/4_930_125014_722_800.jpg	https://www.china.cn/fangzhenzhiwu/3692612976.html
http://www.ruyinyuanlin.com/d/file/2016/10/03b55c922c7449fbe258aed8d4c76348.jpg	http://www.ruyinyuanlin.com/701.html
https://thumbs.dreamstime.com/z/lobularia-maritima%EF%BC%8C%E9%A6%99%E9%9B%AA%E7%90%83-64158567.jpg	https://cn.dreamstime.com/%E5%85%8D%E7%89%88%E7%A8%8E%E5%BA%93%E5%AD%98%E7%85%A7%E7%89%87-%E9%A6%99%E9%9B%AA%E7%90%83-lobularia-maritima-%E3%80%82-image39362918
https://thumbs.dreamstime.com/z/%E7%9A%87%E5%AE%B6%E5%9C%B0%E6%AF%AF%EF%BC%8C%E9%A6%99%E9%9B%AA%E7%90%83-38306552.jpg	https://cn.dreamstime.com/%E5%9B%BE%E5%BA%93%E6%91%84%E5%BD%B1-%E7%9A%87%E5%AE%B6%E5%9C%B0%E6%AF%AF%EF%BC%8C%E9%A6%99%E9%9B%AA%E7%90%83-image38306552
http://4.bp.blogspot.com/-6ATOgTDFAW8/UO571GYO8dI/AAAAAAAAAOk/Q8m8zMd6j0k/s1600/2013_01090043.JPG	http://blog.igarden.com.tw/2013/01/lobularia-maritima-crystal.html
http://www.baihuamen.com/d/file/2014/05-07/9d3b63307b5c2cb2670520b136ce9163.jpg	http://www.baihuamen.com/tianweixiangxueqiu/
http://2.bp.blogspot.com/-u_8wUY9bN6A/UPdaI2Hx1lI/AAAAAAAAAPw/s1AiMeeNb_o/s1600/2012_02220030.JPG	http://blog.igarden.com.tw/2013/01/ayssum-aphrodite.html
https://thumbs.dreamstime.com/z/%E7%99%BD%E8%89%B2%E9%A6%99%E9%9B%AA%E7%90%83-54400983.jpg	https://cn.dreamstime.com/%E5%BA%93%E5%AD%98%E7%85%A7%E7%89%87-%E9%A6%99%E9%9B%AA%E7%90%83%E8%8A%B1-image44893826
http://3.bp.blogspot.com/-XITPU0eoaFU/UPdad0CY_OI/AAAAAAAAAP4/w0p1wDkpsA4/s290-c/2012_02220077.JPG	http://blog.igarden.com.tw/2002/01/5M20103.html
https://gw.alicdn.com/bao/uploaded/i3/TB1dzr3LpXXXXX.aXXXXXXXXXXX_!!0-item_pic.jpg_230x230.jpg	https://www.taobao.com/article/CrFuE1C3DoFqA-Eh.html
http://3.bp.blogspot.com/-BHTlyRGwcoE/UzTXU_OPDXI/AAAAAAAABGM/Gz71pRyIofQ/s1600/%25E4%25B8%25BB%25E5%259C%2596+%25E5%25BE%25A9%25E6%25B4%25BB%25E7%25AF%2580.jpg	http://blog.igarden.com.tw/2014/03/love-my-garden-Alyssum-ClearCrystal-vs-EasterBonnet-growing-record.html
http://www.wdptj.com/wp-content/uploads/2014/09/%E9%A6%99%E9%9B%AA%E7%90%83.jpg	http://www.wdptj.com/4380.html
https://cbu01.alicdn.com/img/ibank/2015/423/418/2493814324_1374213954.220x220.jpg	http://www.1688.com/jiage/-CFE3D1A9C7F2CAF4.html
http://www.cnhua.net/uploads/allimg/090614/1633462247-0.JPG	http://www.cnhua.net/zhiwu/shizihuake/xiangxueqiu/
https://img.imynest.com/uploads/4/E3/4E33DFC5A3.jpeg	https://www.imynest.com/content/61978.html
http://www.njyl.com/admins/attachment/article/attachment/Mon_0903/2496fb9.jpg	http://www.taici.org/dianshiju/6aaZ6Zuq55CD5oCO5LmI5YW7.html
http://4.bp.blogspot.com/-3rjBFtLx6M8/VPvIkPvt4jI/AAAAAAAAKFs/aNSW36GDdhg/s1600/img_show%2B(2).jpeg	http://blog.igarden.com.tw/2002/01/5M20103.html
http://www.chantuguan.com/ueditor/php/upload/image/20170703/1499068969113668.jpg	http://www.chantuguan.com/baike/956.html
http://img001.mllres.com//images/upload/1(7857).jpg	http://www.meilele.com/article/shipin/10691.html
http://www.yuhuagu.com/uploads/allimg/150415/43_150415151526_1.jpg	http://www.yuhuagu.com/jiating/2015/0415/11981.html
http://blog.sina.com.tw/myimages/153/47513/images/20130509111832438.jpg	http://blog.sina.com.tw/flower_design/article.php?entryid=612883
https://img.imynest.com/uploads/1/EE/1EE7D7661A.jpeg	https://www.imynest.com/content/38966.html
http://img0.pchouse.com.cn/pchouse/1408/04/785864_2.jpg	http://www.pchouse.com.cn/baike/shenghuo/2681/
http://www.1nongjing.com/uploads/allimg/160516/902-160516162A4452.jpg	http://net.1nongjing.com/a/201605/139697.html
https://thumbs.dreamstime.com/t/%E9%A6%99%E9%9B%AA%E7%90%83%E8%B4%A8%E9%87%8F%E7%94%9C%E7%82%B9-14043321.jpg	https://cn.dreamstime.com/photos-images/%E9%A6%99%E9%9B%AA%E7%90%83%E8%8A%B1.html
https://cdn.huaniaoy.cn/20160123/original/1453511989026.jpg@!picb	https://www.huaniaoy.com/yanghu/57507
https://cbu01.alicdn.com/img/ibank/2015/115/120/2083021511_1374213954.310x310.jpg	https://www.1688.com/pic/-CFE3D1A9C7F2D6D6D7D3.html
http://a1.att.hudong.com/71/85/300001219274130585850823707_s.jpg	http://www.baike.com/wiki/%E9%A6%99%E9%9B%AA%E7%90%83
http://image01.baihuaji.cn/01/5872e8b60c24404d750ad5601e349be3e0a3.jpg	http://www.baihuaji.cn/article_695.html
http://www.1818hm.com/file/upload/201611/13/144730605.jpg	http://www.1818hm.com/huamu/show-4970.html
http://www.twword.com/uploads/wiki/56/4e/671267_4.jpg	http://www.twword.com/wiki/%E9%A6%99%E9%9B%AA%E7%90%83
