
http://www.cnhua.net/UpFiles/Picture/200606/2006061314473373288.JPG	http://www.cnhua.net/minghua/gyhh/330344730.html
https://www.huabaike.com/uploads/allimg/sltimg/201701/58805936be3bb.jpg	https://www.huabaike.com/cbzw/3645.html
http://pic15.nipic.com/20110728/8018335_095946421131_2.jpg	http://www.nipic.com/show/1/44/4894640ke200ce5d.html
http://pic22.nipic.com/20120608/10287517_233029570190_2.jpg	http://www.nipic.com/show/1/44/6379676kfb497fbb.html
http://pic.pimg.tw/hinlin/1196077568.jpg	http://hinlin.pixnet.net/blog/post/11254831
https://www.huabaike.com/uploads/allimg/sltimg/201605/573ecaaa95d0d.jpg	https://www.huabaike.com/cbzw/3645.html
http://www.471400.com/uploads/201704/1492260828slGgwGCb.jpeg	http://www.471400.com/pic-view-18-24.html
http://www.baihuamen.com/d/file/2014/04-10/33c82351f616afd6b9832e432fce7429.jpg	http://www.baihuamen.com/baichezhoucao/
https://www.huabaike.com/uploads/allimg/artimg/201605/20160520163559_75110.jpg	https://www.huabaike.com/hyjk/3652.html
http://www.baihuamen.com/d/file/2014/04-10/3bffdee72944471da8cbb90b22380382.jpg	http://www.baihuamen.com/baichezhoucao/9577_5.html
https://www.huabaike.com/uploads/allimg/sltimg/201605/bp_573ecc514ffe3.jpg	https://www.huabaike.com/cbzw/3645.html
http://www.cnhua.net/uploads/allimg/090620/10522925Y-0.JPG	http://www.cnhua.net/zhiwu/douke/baihuachezhoucao/1636709.html
http://pic.showhua.com/pinzhong/201432152035.jpg	http://www.showhua.com/pinzhong/baisanye/
http://p.d1xz.net/2015/7/15/10060503503.jpg	http://www.d1xz.net/astro/huayu/art95698.aspx
http://www.yuhuagu.com/uploads/allimg/120825/10-120R5215406.jpg	http://www.yuhuagu.com/ktsh/4116.html
http://pic.baike.soso.com/ugc/baikepic2/61792/cut-20170605124734-663161405.jpg/300	http://baike.soso.com/ShowTitle.e?sp=S%E7%99%BD%E8%BD%A6%E8%BD%B4%E8%8D%89
http://b2b.image.yuanlin.com/Biz/2014-9/201409090300122234.jpg	http://bantrx.yuanlin.com/sell-m949380.html
http://imglf3.ph.126.net/aR2oB5kltoTC8N0YTAgxFw==/2749166097550694703.jpg	http://botanicalholic.lofter.com/post/ecf07_24290d
http://pic15.nipic.com/20110728/8018335_100345409156_2.jpg	http://www.nipic.com/show/1/44/4894642ke8e26854.html
https://www.huabaike.com/uploads/allimg/sltimg/201701/58805739d837f.jpg	https://www.huabaike.com/yhjq/6863.html
http://pic.pimg.tw/hinlin/1196077569.jpg	http://hinlin.pixnet.net/blog/post/11254831
https://cbu01.alicdn.com/img/ibank/2013/731/660/907066137_817484384.jpg	http://www.1688.com/chanpin/-B0D7B3B5D6E1B2DD.html
http://pic16.nipic.com/20110818/128199_190209896000_2.jpg	http://www.nipic.com/show/1/44/4993650k4b34961a.html
http://www.%E9%A2%90%E6%BE%9C%E6%99%AF%E8%A7%82.com/upload/2014-09-19/541be946ed0b3_800X0.jpg	http://www.xn--ukv27r21vcrn.com/case/detail?id=493
http://pic.wenwen.soso.com/p/20081001/20081001210759-296320310.jpg	http://www.wuyida.com/content/8Y4ig1gDmz1cMNj5.html
http://img.boqiicdn.com/Data/BK/A/1511/27/imagick30491448594065_y.jpg	http://www.boqii.com/entry/detail/2266.html
http://www.baihuamen.com/d/file/2014/04-10/d8d6c3b7e93ba176e0154f8fa99766b4.jpg	http://www.baihuamen.com/baichezhoucao/
https://www.huabaike.com/uploads/allimg/artimg/201605/20160520162445_99343.jpg	https://www.huabaike.com/jtyh/3648.html
http://pic31.nipic.com/20130722/9543475_185809571163_2.jpg	http://www.nipic.com/show/1/44/8517374kcf1d0085.html
https://www.huabaike.com/uploads/allimg/artimg/201605/20160520162519_91329.jpg	https://www.huabaike.com/jtyh/3648.html
http://www.guokr.com/gkimage/ju/4k/gd/ju4kgd.png	http://www.guokr.com/article/2025/
http://www.huayugu.com.cn/uploads/allimg/160705/1-160F52354270-L.jpg	http://m.huayugu.com.cn/list.php?tid=940
http://www.xianhuashangu.com/forum/attachment.php?aid=9343&nothumb=yes	http://www.xianhuashangu.com/forum/thread-33040-1-1.html
http://www.huayugu.com.cn/uploads/allimg/160705/1-160F5235K20-L.jpg	http://www.huayugu.com.cn/baichezhoucao/
https://cbu01.alicdn.com/img/ibank/2016/863/917/3554719368_462704874.220x220.jpg	http://www.1688.com/chanpin/-B0D7B3B5D6E1B2DD.html
http://www.neipet.com/wp-content/uploads/2016/08/%E7%99%BD%E8%BD%A6%E8%BD%B4%E8%8D%89.jpg	http://www.neipet.com/plant/30957.html
https://gss3.bdstatic.com/-Po3dSag_xI4khGkpoWK1HF6hhy/baike/w%3D268%3Bg%3D0/sign=cd7e8194af6eddc426e7b3fd01e0d1c0/3bf33a87e950352a05d68a795143fbf2b2118b08.jpg	https://baike.baidu.com/item/%E7%99%BD%E8%BD%A6%E8%BD%B4%E8%8D%89/829565
http://www.baihuamen.com/d/file/2014/04-10/4ba2b8f8b7b6a07abc53e95b7552515d.jpg	http://www.baihuamen.com/baichezhoucao/9577_11.html
http://img0.dili360.com/rw9/ga/M02/33/0B/wKgBy1SP1qGASXSpACWdN3j5Jjc761.tub.jpg	http://www.dili360.com/nh/article/p548fd6514549a13.htm
https://www.huabaike.com/uploads/allimg/artimg/201605/20160520163623_59971.jpg	https://www.huabaike.com/hyjk/3652.html
http://imglf0.ph.126.net/Rznz7t2zTF1UR5nEkrDO-g==/6630660946397235879.jpg	http://fannie-fang.lofter.com/post/1d2d8e83_6d3b5d1
http://img0.pchouse.com.cn/pchouse/1412/24/972822_0PH94461-0.jpg	http://www.pchouse.com.cn/baike/shenghuo/4363/
http://img0.pchouse.com.cn/pchouse/1412/24/972842_01300534736656135838494931787.jpg	http://www.pchouse.com.cn/baike/shenghuo/4363/
http://www.wbg.cas.cn/kxcb/kpkt/201604/W020160421584399698490.jpg	http://www.wbg.cas.cn/kxcb/kpkt/201604/t20160421_4588449.html
http://upload-images.jianshu.io/upload_images/3825241-0b017518d2810cc6.jpg?imageMogr2/auto-orient/strip%7CimageView2/2/w/1080/q/50	http://www.jianshu.com/p/1cb0972c1bc0
http://pic.pingguolv.com/uploads/allimg/170313/124-1F313203130.png	http://www.pingguolv.com/zy/gongxiao/90078.html
https://www.huabaike.com/uploads/allimg/sltimg/201605/573eca427fb15.jpg	https://www.huabaike.com/cbzw/3645.html
https://www.huabaike.com/uploads/allimg/sltimg/201605/573ecd12546cd.jpg	https://www.huabaike.com/hyjk/3655.html
https://i1.kknews.cc/large/184e00033448f30d09a8	https://kknews.cc/zh-my/health/4qe6m33.html
http://1.im.guokr.com/HBf8Dv5yfJgbutMKisUkb4ZRlsTrRQeQULkJtO-m8isACAAAAAYAAEpQ.jpg?imageView2/1/w/590/h/442	http://www.guokr.com/post/642366/
https://b-ssl.duitang.com/uploads/item/201504/06/20150406H5208_wXmzk.thumb.700_0.jpeg	https://www.duitang.com/blog/?id=341195167
https://gss0.bdstatic.com/94o3dSag_xI4khGkpoWK1HF6hhy/baike/s%3D220/sign=40279a79a7efce1bee2bcfc89f50f3e8/d0c8a786c9177f3eb7c1258270cf3bc79e3d564c.jpg	https://baike.baidu.com/item/%E8%BD%A6%E8%BD%B4%E8%8D%89
http://www.baihuamen.com/d/file/2014/04-16/05ddec309b00e4c9bdeea53b8e4f0a0e.jpg	http://www.baihuamen.com/baichezhoucao/
http://pic.pimg.tw/hinlin/1196077570.jpg	http://hinlin.pixnet.net/blog/post/11254831
http://z.xiziwang.net/uploads/allimg/150131/14_150131111036_1.jpg	http://z.xiziwang.net/hua/19212/
https://i1.kknews.cc/large/18aa0001a4f40b04525b	https://kknews.cc/zh-my/health/4qe6m33.html
http://pic.pingguolv.com/uploads/allimg/170313/124-1F313203202.jpg	http://www.pingguolv.com/zy/gongxiao/90078.html
http://1.im.guokr.com/wRxfugO19Zqb4f59zYWT-Msh9uUhFoDsreNr_F_r77p_BwAAOAQAAEpQ.jpg?imageView2/1/w/590/h/332	http://www.guokr.com/post/523240/
http://s14.sinaimg.cn/middle/66019f9eha787b09a339d&690	http://blog.sina.com.cn/s/blog_502659e80100zgf1.html
http://www.baihuamen.com/d/file/2014/04-10/f709bccd26a4e197bb9f33ab244719a7.jpg	http://www.baihuamen.com/baichezhoucao/
https://cdn.huaniaoy.cn/20151223/original/1450808688214.jpg@!picb	https://www.huaniaoy.com/yanghu/48736
http://wdj.boyuan365.com/im.php?p=http://mmbiz.qpic.cn/mmbiz_jpg/bkF7vf9Xhbia6gP8HyOEWncL8JFpoP5xE3v7Ud4o0tGAh3XicJRwYlDx15FqVG7ONrrXnEmAbpAus59Gy1BlXHMg/0?wx_fmt=jpeg	http://wechat1.com/201706/105629.html
http://s2.sinaimg.cn/middle/66019f9eha787b0e698f1&690	http://blog.sina.com.cn/s/blog_66019f9e0102dqki.html
http://img0.pchouse.com.cn/pchouse/1412/24/972841_764922.jpg	http://www.pchouse.com.cn/baike/shenghuo/4363/
https://cbu01.alicdn.com/img/ibank/2015/399/892/2448298993_1088477528.220x220.jpg	http://www.1688.com/chanpin/-B0D7B3B5D6E1B2DD.html
http://i25.tinypic.com/122n4o0.jpg	http://www.backchina.com/blog/250647/article-37896.html
https://photo.tuchong.com/12146/f/129527.jpg	https://tuchong.com/5203/33853/
http://wdj.boyuan365.com/im.php?p=http://mmbiz.qpic.cn/mmbiz_jpg/bkF7vf9Xhbia6gP8HyOEWncL8JFpoP5xEMEicl0rCXwrFpvu4UKFnQeZRFOSOWCMYCETaBXiaibXjtw4Fu0AhrEu9w/0?wx_fmt=jpeg	http://wechat1.com/201706/105629.html
http://117228.com/file/upload/201606/23/134232363.jpg	http://117228.com/photo/show-15.html
https://i1.kknews.cc/large/18b00001a500f3a05616	https://kknews.cc/zh-my/health/4qe6m33.html
https://www.huabaike.com/uploads/allimg/artimg/201701/20170119140808_67974.jpg	https://www.huabaike.com/yhjq/6863.html
http://www.xianhuashangu.com/forum/attachment.php?aid=9344&nothumb=yes	http://www.xianhuashangu.com/forum/thread-33040-1-1.html
http://s16.sinaimg.cn/middle/66019f9eha787b0f5c3af&690	http://blog.sina.com.cn/s/blog_66019f9e0102dqki.html
http://2.im.guokr.com/Q7iFNczSc8wUVcLNCy8sTBvfHSlW5mWCisz1nVp65LN_BwAAOAQAAEpQ.jpg?imageView2/1/w/590/h/332	http://www.guokr.com/post/523240/
http://s10.sinaimg.cn/middle/66019f9eha787aa48ebe9&690	http://blog.sina.com.cn/s/blog_66019f9e0102dqki.html
https://www.huabaike.com/uploads/allimg/artimg/201701/20170119140728_61336.jpg	https://www.huabaike.com/yhjq/6863.html
https://b-ssl.duitang.com/uploads/item/201506/30/20150630100918_cCiHP.jpeg	https://www.duitang.com/blog/?id=602819569
http://pic.pingguolv.com/uploads/allimg/170124/109-1F124195959.png	http://www.pingguolv.com/zy/gongxiao/84746.html
http://www.baihuamen.com/d/file/2014/04-10/b53e16ed831ab9ad4aaff23087916b7e.jpg	http://www.baihuamen.com/baichezhoucao/9577_12.html
http://wdj.boyuan365.com/im.php?p=http://mmbiz.qpic.cn/mmbiz_jpg/bkF7vf9Xhbia6gP8HyOEWncL8JFpoP5xE0EU5eVen4whmR3hKK9Vfgocveibfa16vws7iccXJ5pPcMGELqCvsXAMw/0?wx_fmt=jpeg	http://wechat1.com/201706/105629.html
https://i1.kknews.cc/large/18ad0001a33c91290c6f	https://kknews.cc/zh-my/health/4qe6m33.html
http://s1.sinaimg.cn/mw690/001lCa4Zzy6K5qLQVBm40&690	http://blog.sina.com.cn/s/blog_49a4b55d0102uw7a.html
http://pic44.nipic.com/20140717/11750698_104437721000_2.jpg	http://www.nipic.com/show/10621824.html
https://b-ssl.duitang.com/uploads/item/201506/30/20150630100909_8cmNj.jpeg	http://www.duitang.com/blog/?id=394738017
https://gss0.bdstatic.com/94o3dSag_xI4khGkpoWK1HF6hhy/baike/w%3D400/sign=3c3dfa08c4bf6c81f7372de88c3fb1d7/8694a4c27d1ed21bae4b3085a56eddc450da3fcb.jpg	https://baike.baidu.com/item/%E7%99%BD%E8%BD%A6%E8%BD%B4%E8%8D%89/829565
https://i1.kknews.cc/large/17f00006916738fc576b	https://kknews.cc/zh-sg/health/mm236bz.html
http://img02.sogoucdn.com/net/a/100520101/link?appid=100520101&url=http://mmbiz.qpic.cn/mmbiz_jpg/Mp0QbRUzVy4XoH1OEopWJyND2ZjGH6CPBUsibRfbGMAKyYA8NZqmE2AUTlKxOe6kSaE4Mm2ial2mDcrR9G1VrHBQ/0?wx_fmt=jpeg	http://baike.m.sogou.com/baike/weixinArticle.jsp?lid=29916&g_ut=3&title=%E7%99%BD%E8%BD%A6%E8%BD%B4%E8%8D%89(%E8%B1%86%E7%A7%91)
http://www.baihuamen.com/d/file/2014/04-10/91c356ec6927216bcaac1f5c933e4e18.jpg	http://www.baihuamen.com/baichezhoucao/9577_16.html
https://cbu01.alicdn.com/img/ibank/2015/099/194/2036491990_1843507370.220x220.jpg	http://www.1688.com/jiage/-B0D7B3B5D6E1B2DD.html
http://www.huayugu.com.cn/uploads/allimg/160705/1-160F52336470-L.jpg	http://m.huayugu.com.cn/list.php?tid=940
http://upload-images.jianshu.io/upload_images/1940766-e5c04a84c7d31fe9.jpg?imageMogr2/auto-orient/strip%7CimageView2/2/w/1152/q/50	http://www.jianshu.com/p/37616a51ef1a
https://b-ssl.duitang.com/uploads/item/201506/30/20150630100846_PXhYx.jpeg	https://www.duitang.com/blog/?id=518083789
http://s14.sinaimg.cn/bmiddle/4d26b9a544fdcaa29de5d	http://blog.sina.com.cn/s/blog_4d26b9a501009qbi.html
http://s12.sinaimg.cn/mw690/0066bzNfzy799OnKHAT1b&690	http://blog.sina.com.cn/s/blog_14d1561c10102w3r4.html
http://pic.baike.soso.com/ugc/baikepic2/50148/20160717045907-1375068327.jpg/300	http://baike.soso.com/ShowTitle.e?sp=S%E7%99%BD%E8%BD%A6%E8%BD%B4%E8%8D%89
http://www.huayugu.com.cn/uploads/allimg/160705/1-160F52353070-L.jpg	http://www.huayugu.com.cn/baichezhoucao/
http://pic.pingguolv.com/uploads/allimg/170313/124-1F313203152.png	http://www.pingguolv.com/zy/gongxiao/90078.html
http://img01.sogoucdn.com/net/a/100520101/link?appid=100520101&url=http://mmbiz.qpic.cn/mmbiz/wFnunWXPdMLwWjKVspmnCPibMywclSk7dAgWgcx5YHQAn0xg98A6Ldic2lNPn3sz3dYdsqhM0x1URNTFmOG9YC4A/0?wx_fmt=jpeg	http://baike.m.sogou.com/baike/weixinArticle.jsp?lid=29916&g_ut=3&title=%E7%99%BD%E8%BD%A6%E8%BD%B4%E8%8D%89(%E8%B1%86%E7%A7%91)
http://s14.sinaimg.cn/mw690/001lCa4Zzy6K5qMPuWx0d&690	http://blog.sina.com.cn/s/blog_49a4b55d0102uw7a.html
https://b-ssl.duitang.com/uploads/item/201506/30/20150630100821_dSVhB.jpeg	https://www.duitang.com/blog/?id=741846262
