
https://timg04.bdimg.com/timg?wapbaike&quality=60&size=b800_527crop=&cut_x=0&cut_y=1&cut_w=800&cut_h=527&sec=1349839550&di=4a24b03d2c5f08a40cc3751737c79d9d&src=http://imgsrc.baidu.com/baike/pic/item/7a899e510fb30f24649d60bfc095d143ad4b0302.jpg	https://wapbaike.baidu.com/item/%E7%BE%8E%E5%A5%B3%E6%A8%B1
http://www.hanyi365.com/attach/userfiles/image/2013-11-12_15_19_48.jpg	http://www.hanyi365.com/article_1248.html
http://b2b.image.yuanlin.com/biz/2012-3/2012320171737375.jpg	http://www.yuanlin.com/b2b/sell_detail_176588.html
http://zixun.rrs.com/uploads/allimg/140913/1049205046-2.jpg	http://zixun.rrs.com/jiashigonglue/2486.html
http://img0.dreamhy.com/upload/20130731/1036456150.jpg	http://www.dreamhy.com/jingyan/tag-%E7%BE%8E%E5%A5%B3%E6%A8%B1.aspx
http://a4.att.hudong.com/12/25/01300000171642121627252015024_s.jpg	http://www.baike.com/wiki/%E7%BE%8E%E5%A5%B3%E6%A8%B1
http://a4.att.hudong.com/17/33/20300542528393139995330504447_s.jpg	http://www.baike.com/wiki/%E7%BE%8E%E5%A5%B3%E6%A8%B1
http://zixun.rrs.com/uploads/allimg/140913/104920K34-0.jpg	http://zixun.rrs.com/jiashigonglue/2486.html
http://www.baihuamen.com/d/file/2014/03-16/3ee61906dcf3fa9421ca78aa76240940.jpg	http://www.baihuamen.com/meinvying/
http://www.zhiwutong.com/tu/yanghua/%E7%BE%8E%E5%A5%B3%E6%A8%B1.jpg	http://www.zhiwutong.com/gardens/09-28/9347.htm
http://pic12.nipic.com/20101224/4623651_110025088181_2.jpg	http://www.nipic.com/show/1/44/4083504kc54f8868.html
http://www.nyzy.com/UploadFiles/2016-07/admin1/2016071514480872316.jpg	http://www.nyzy.com/meinvying/index.html
http://classweb.loxa.edu.tw/clockloxa/plant/html/a/a022.jpg	http://classweb.loxa.edu.tw/clockloxa/plant/html/a/a022.htm
https://i.ytimg.com/vi/bbwrI-B7YKQ/maxresdefault.jpg	https://www.youtube.com/watch?v=bbwrI-B7YKQ
http://7.blog.xuite.net/7/4/e/4/11253733/blog_227360/txt/24863270/0.jpg	http://blog.xuite.net/e2202778/boaboa/24863270-%E7%BE%8E%E5%A5%B3%E6%AB%BB
http://www.ybx8.com/%E7%BE%8E%E5%A5%B3%E6%A8%B1%E7%9A%84%E5%85%BB%E6%AE%96%E6%96%B9%E6%B3%95/%E7%BE%8E%E5%A5%B3%E6%A8%B1%E5%9B%BE%E7%89%87/12.jpg	http://www.ybx8.com/%E7%BE%8E%E5%A5%B3%E6%A8%B1%E7%9A%84%E5%85%BB%E6%AE%96%E6%96%B9%E6%B3%95/Search.asp?KeyWord=%C3%C0%C5%AE%D3%A3&page=2
http://www.mihuyuan.com/pics/original/20150123/1422013681468245.jpg	http://www.mihuyuan.com/blogdetail.do?blog_id=1422013687812246
http://pic.pimg.tw/chingmaio/4a68f33901067.jpg	http://chingmaio.pixnet.net/blog/post/24705404-%E8%A3%82%E8%91%89%E7%BE%8E%E5%A5%B3%E6%AB%BB
http://www.tpml.edu.tw/public/MMO/PKL/%E8%B3%9E%E8%8A%B1%E6%83%85%E5%A0%B1-%E7%BE%8E%E5%A5%B3%E6%AB%BB9809-04.jpg	http://www.tpml.edu.tw/fp.asp?fpage=cp&xItem=977470&ctNode=8957&mp=104021
http://a1.att.hudong.com/87/24/01300000171642121627242584778_s.jpg	http://www.baike.com/wiki/%E7%BE%8E%E5%A5%B3%E6%A8%B1
http://img.xunhai.com/2015/11/24/144837365182126.jpg	http://www.xunhai.com/meinvying/2015/1124/2423.html
http://a1.att.hudong.com/54/28/01300000171642121627287227121_s.jpg	http://blog.xuite.net/moondiana.tw/twblog/188171810-%E7%BE%8E%E5%A5%B3%E6%AB%BB
http://pic17.nipic.com/20111117/4224370_090657894000_2.jpg	http://www.nipic.com/show/1/44/5364639kf65879e1.html
https://www.huabaike.com/uploads/allimg/sltimg/201603/56e769f78e4fd.jpg	https://www.huabaike.com/yhjq/1998.html
http://a3.att.hudong.com/72/06/01300000314916123876069499687.jpg	http://tupian.baike.com/80187/32.html
http://www.lvhua.com/chinese/picture/production/C00000034046/35888/3588820095413503.jpg	http://blog.sina.com.cn/s/blog_4d3b49f10102v1sr.html
http://p.d1xz.net/2014/5/8/173952885288.jpg	http://3g.d1xz.net/astro/huayu/art48416.aspx
https://cdn.huaniaoy.cn/20160507/original/1462552880082.jpg@!picb	https://www.huaniaoy.com/yangzhifangfa/984/
http://pic21.nipic.com/20120528/4617530_115006628191_2.jpg	http://www.nipic.com/show/1/44/6264843kb60a3828.html
http://i0.szhomeimg.com/UploadFiles/BBS/2006/05/22/21880175_81636.88.jpg	http://m.szhome.com/390-390040-detail-21880175.html
http://www.cnhua.net/uploads/allimg/c090103/1230c0642530-21015.jpg	http://www.cnhua.net/minghua/ynhh/21851450.html
http://www.cfxinyuan.com/upLoadFile/c_p/0031.jpg	http://www.cfxinyuan.com/pro_detail95.html
http://pic21.nipic.com/20120528/4617530_115006653192_2.jpg	http://www.nipic.com/show/1/44/6264842kcf889458.html
http://img1.jqw.com/2011/04/30/346697/product/b201104301137504452.JPG	http://www.yshx.jqw.com/productShow-1038513.htm
http://flower.dzvv.com/attachment/0801/78277dd28e.jpg	http://flower.dzvv.com/flower/16/2008-04/856.html
https://1.bp.blogspot.com/-SRn5ZuRhS-w/VRtdfToxo_I/AAAAAAAA9sI/qXaK0SWvAoI/s1600/cats.jpg	https://i-hua.blogspot.com/2015/04/blog-post.html
http://pic.tugou.com/baike/1461313549_9738636.jpeg	http://www.tugou.com/baike/1570.html
http://b2b.image.yuanlin.com/Biz/2012-12/201212271634419606.jpg	http://m.phbang.cn/hotnews/pinpaihangye/201405/20/127557.html
http://file1.cucdc.com/cwfiles/89/37789/%E4%B8%80%E4%BA%8C%E5%B9%B4%E7%94%9F%E8%8A%B1%E5%8D%89/%E7%BB%86%E5%8F%B6%E7%BE%8E%E5%A5%B3%E6%A8%B12.jpg	http://read.cucdc.com/cw/37789/57536.html
http://www.iqiya.com/uploadfile/article/64/1_bo4pk__.jpg	http://www.iqiya.com/article/2015-06-28/64835.html
http://a2.att.hudong.com/45/68/01300000319572122880682172522.jpg	http://tupian.baike.com/a2_45_68_01300000319572122880682172522_jpg.html
http://www.baihuamen.com/d/file/2014/03-16/f3eb8d3cf84fece0b65bb06a84cfb1a0.jpg	http://www.baihuamen.com/meinvying/
https://img.imynest.com/uploads/3/BE/3BE340A844.jpeg	https://www.imynest.com/content/26242.html
https://www.huabaike.com/uploads/allimg/artimg/201603/20160315094732_21211.jpg	https://www.huabaike.com/yhjq/1998.html
http://wap.yunmencraft.com/Upload/20160127192103WbgD.jpg	http://wap.yunmencraft.com/index.php/meirenyin.html
http://s3.sinaimg.cn/mw690/63ad388bgda3d9fc90622&690	http://blog.sina.com.cn/s/blog_63ad388b0101mrwr.html
https://www.huabaike.com/uploads/allimg/sltimg/201603/56e779344408e.jpg	https://www.huabaike.com/yhjq/7754.html
http://www.1818hm.com/file/upload/201412/27/15-04-42-31-86.jpg	http://www.1818hm.com/huamu/show-2488.html
http://a1.att.hudong.com/10/67/300001062059132332672812962_s.jpg	http://www.baike.com/wiki/%E7%BE%8E%E5%A5%B3%E6%A8%B1
http://c.blog.xuite.net/c/8/6/b/11765317/blog_609541/txt/23506898/2.jpg	http://blog.xuite.net/shuying.lihming/travel/23506898-%5B%E5%BA%AD%E9%99%A2%E6%A4%8D%E7%89%A9%5D%E7%BE%8E%E5%A5%B3%E6%AB%BB
http://www.baihuamen.com/d/file/2014/03-16/a47ade54ee03cbb1f361cd251344b557.jpg	http://www.baihuamen.com/meinvying/
http://www.zhongzi.net/files/allimg/151130/1-151130043132944.jpg	http://m.zhongzi.net/huahui/meinvying.htm
http://www.iqiya.com/uploadfile/article/64/1_z7xys__.jpg	http://www.iqiya.com/article/2015-06-28/64835.html
http://www.baihuamen.com/d/file/2014/03-16/73f2024489a46c7984b3d23e17f39077.jpg	http://www.baihuamen.com/meinvying/
http://www.hxzyy.com.cn/uploadfile/20139215265259484.jpg	http://www.hxzyy.com.cn/product_detail_1604.html
http://www.baihuamen.com/d/file/2014/03-16/7f70dc53014bbd0ef43a8e3cbaaad98c.jpg	http://www.baihuamen.com/meinvying/
http://s9.sinaimg.cn/mw690/003yivztzy6KhvMZpDa58&690	http://blog.sina.com.cn/s/blog_c2067d430102ux4r.html
http://www.iqiya.com/uploadfile/article/64/1_wbcy5__.jpg	http://www.iqiya.com/article/2015-06-28/64835.html
http://img01.hua.com/uploadpic/images/201512241555522402102.jpg	http://www.hua.com/huayu/13829.html
http://www.nyzy.com/UploadFiles/2015-12/ceadmin/2015121513370628943.jpg	http://www.nyzy.com/meinvying/64.html
http://www.nyzy.com/UploadFiles/2015-11/admin1/2015110513011516198.jpg	http://www.nyzy.com/meinvying/32.html
http://www.dopic.net/uploadfile/2015/0804/20150804110416721.jpg	http://www.dopic.net/picture/6177.html
https://www.huabaike.com/uploads/allimg/artimg/201703/20170320161522_96160.jpg	https://www.huabaike.com/yhjq/7754.html
http://wap.yunmencraft.com/Upload/20160127192105iLrq.jpg	http://wap.yunmencraft.com/index.php/meirenyin/2946.html
http://newsimg.5054399.com/uploads/userup/1508/1311300054T.jpg	http://news.4399.com/xiaohuaxian/huazhong/tu/201508-13-544696.html
http://7.blog.xuite.net/7/4/e/4/11253733/blog_227360/txt/24863270/1.jpg	http://blog.xuite.net/e2202778/boaboa/24863270-%E7%BE%8E%E5%A5%B3%E6%AB%BB
http://s9.sinaimg.cn/middle/66019f9eha12a249e3fc8&690	http://blog.sina.com.cn/s/blog_66019f9e0100r7f0.html
https://cbu01.alicdn.com/img/ibank/2015/040/615/2359516040_196480550.310x310.jpg	https://www.1688.com/pic/-C3C0C5AED3A3D6D6D7D3.html
http://s14.sinaimg.cn/mw690/001MQQB5zy7b8RUmgRDed&690	http://blog.sina.com.cn/s/blog_61a1c70b0102x0g6.html
http://www.iyanghua.com/f/meinvying/2009122112613_2.jpg	http://www.iyanghua.com/f/meinvying/
http://3.bp.blogspot.com/-9Mm4JowHKkQ/UwWUHjMSLbI/AAAAAAAAHAw/evgY_1lqJPk/s1600/DSC_7412.JPG	http://kimhong-flower.blogspot.com/2014/02/blog-post_4372.html
http://a.blog.xuite.net/a/b/9/e/23210541/blog_1864434/txt/32782708/7.jpg	http://blog.xuite.net/legacyecho/echo/32782708-%E7%BE%8E%E5%A5%B3%E6%AB%BB
http://a0.att.hudong.com/58/12/28300309316150149751129657426_s.jpg	http://www.baike.com/wiki/%E7%BE%8E%E5%A5%B3%E6%A8%B1
http://a0.att.hudong.com/74/71/14300000928477129133719965312_950.jpg	http://w.baike.com/fe9743c0176541e79c1a01570468bc15.html
http://pics15.blog.yam.com/15/userfile/j/joycec0915/album/149c10c6f29cc6.jpg	https://joycec0915.tian.yam.com/posts/19971665
http://www.hllhz.com/UploadFiles/News/20140829160058_34205.jpg	http://www.hllhz.com/Article/hnmnyal_1.html
http://www.nyzy.com/UploadFiles/2015-11/admin1/2015112013462380496.jpg	http://www.nyzy.com/meinvying/zpjs.html
http://c.blog.xuite.net/c/f/8/f/13396183/blog_1400131/txt/66652109/0.jpg	http://blog.xuite.net/smile27/flower/66652109-%E8%A3%82%E8%91%89%E7%BE%8E%E5%A5%B3%E6%AB%BB
https://img.imynest.com/uploads/1/75/17599B1CEB_800x600.jpeg	https://www.imynest.com/content/26242.html
http://img.sczlb.com/uploads/pictures/2016/01/Ou3Bow.png	http://www.sczlb.com/cate-news/84035.html
http://pic.to8to.com/baike/day_131012/20131012_925b727ddd9d9349d21dyKewlHbys8kx.jpg	http://blog.sina.com.cn/s/blog_4d3b49f10102v1sr.html
http://img01.hua.com/uploadpic/images/20151224155693142581.jpg	http://www.hua.com/huayu/13829.html
http://www.nyzy.com/UploadFiles/2016-01/ycadmin/2016012210154360785.jpg	http://www.nyzy.com/meinvying/141.html
http://img14.3lian.com/201507/16/9aa2a0bde83768ef97827e40d3cdcd5e.jpg	http://www.3lian.com/zl/2015/07-16/343373.html
https://www.huabaike.com/uploads/allimg/artimg/201603/20160315093542_51583.jpg	https://www.huabaike.com/jtyh/1997.html
http://www.tpml.edu.tw/public/MMO/PKL/%E8%B3%9E%E8%8A%B1%E6%83%85%E5%A0%B1-%E7%BE%8E%E5%A5%B3%E6%AB%BB9809-03.jpg	http://www.tpml.edu.tw/fp.asp?fpage=cp&xItem=977470&ctNode=8957&mp=104021
http://pic.baike.soso.com/ugc/baikepic/20627/cut-20140320092034-14208568.jpg/0	http://baike.soso.com/ShowTitle.e?sp=S%E7%BE%8E%E5%A5%B3%E6%A8%B1
https://2.bp.blogspot.com/-MEiayUSpCGk/VRtdlomCuRI/AAAAAAAA9sM/DjssypjZKI4/s1600/DSC_4519.JPG	https://i-hua.blogspot.com/2015/04/blog-post.html
https://www.huabaike.com/uploads/allimg/sltimg/201603/56e65ef9629dc.jpg	https://www.huabaike.com/yhjq/1977.html
https://www.huabaike.com/uploads/allimg/artimg/201603/20160315101207_98066.jpg	https://www.huabaike.com/jtyh/1980.html
http://www.icanseed.com/files/fUpfiles/20121226044753.jpg	http://www.icanseed.com/product-more.php?ClassId=60&Unid=525
http://pic.pimg.tw/angela558/1383078946-2044993326.jpg?v=1383078947	http://angela558.pixnet.net/blog/post/12184705-%E7%BE%8E%E5%A5%B3%E6%AB%BB
http://www.1818hm.com/file/upload/201608/01/1639511416.jpg	http://www.1818hm.com/huamu/show-4660.html
https://himg.china.cn/2/2_374_21364_800_600.jpg	https://www.china.cn/zhongmiao/2572679871.html
https://cdn.huaniaoy.cn/20160201/original/1454256583770.jpg@!pic280zw	https://www.huaniaoy.com/yangzhifangfa/984/
http://www.wed114.cn/jiehun/uploads/allimg/140627/23_140627025143_2.png	http://www.wed114.cn/jiehun/zhiwu/20140626125400.html
http://www.tpml.edu.tw/public/MMO/PKL/%E8%B3%9E%E8%8A%B1%E6%83%85%E5%A0%B1-%E7%BE%8E%E5%A5%B3%E6%AB%BB9809-05.jpg	http://www.tpml.edu.tw/fp.asp?fpage=cp&xItem=977470&ctNode=8957&mp=104021
http://a4.att.hudong.com/82/24/01300000171642121627249423430_s.jpg	http://blog.xuite.net/moondiana.tw/twblog/188171810-%E7%BE%8E%E5%A5%B3%E6%AB%BB
http://c.blog.xuite.net/c/f/8/f/13396183/blog_1400131/txt/42503898/0.jpg	http://blog.xuite.net/smile27/flower/42503898-%E9%9B%99%E8%89%B2%E7%BE%8E%E5%A5%B3%E6%AB%BB
http://farm9.staticflickr.com/8039/8039415167_29a4bd67ae_c.jpg	http://burt.pixnet.net/blog/post/31214955-%E7%BE%8E%E5%A5%B3%E6%AB%BB
