
http://pic15.nipic.com/20110714/4224370_075226497154_2.jpg	http://www.nipic.com/show/1/44/4833879ka7dabace.html
http://www.zgmiaomuw.com/pic/img/20170427165177117711.jpg	http://www.zgmiaomuw.com/miaomu/xuancao.asp
http://image.digitalarchives.tw/ImageCache/00/0a/be/9f.jpg	http://catalog.digitalarchives.tw/item/00/25/ea/f8.html
http://2.bp.blogspot.com/-1p3j2LHgNeA/TpbqOqP7H-I/AAAAAAAAAGM/3vKAEuPaYHg/s1600/Daylily.JPG	http://nubesinfinitae.blogspot.com/2011/10/blog-post_778.html
http://2.share.photo.xuite.net/coloramama/1237ec1/8938625/376264000_m.jpg	http://blog.xuite.net/coloramama/twblog/115764364
https://upload.wikimedia.org/wikipedia/commons/thumb/4/4b/The_Botanical_Magazine%2C_Plate_64_%28Volume_2%2C_1788%29.png/200px-The_Botanical_Magazine%2C_Plate_64_%28Volume_2%2C_1788%29.png	https://zh.wikipedia.org/wiki/%E8%90%B1%E8%8D%89
http://7.blog.xuite.net/7/4/e/4/11253733/blog_227360/txt/17468386/0.jpg	http://blog.xuite.net/e2202778/boaboa/17468386
http://dashulin.com/wp-content/uploads/2011/08/xuancao3.jpg	http://dashulin.com/xuancao/
http://www.baihuamen.com/d/file/2014/05-14/0123c8b79c9e7d248f36d04e0dc3bb76.jpg	http://www.baihuamen.com/xuancao/
http://www.xuancaoyuan.com/images/ShouYeXuan03.jpg	http://www.xuancaoyuan.com/
http://www.sjqmm.com/pic/%E5%A4%A7%E8%8A%B1%E8%90%B1%E8%8D%89.jpg	http://www.sjqmm.com/info/info_71.html
http://pic2.nipic.com/20090506/2604755_151521011_2.jpg	http://www.nipic.com/show/1/44/007c3a23dc705391.html
http://www.twword.com/uploads/wiki/74/9f/69346_0.jpeg	http://www.twword.com/wiki/%E8%90%B1%E8%8D%89
https://www.huabaike.com/uploads/allimg/sltimg/201511/5645c4f15b413.jpg	https://www.huabaike.com/yhjq/5936.html
http://pic15.nipic.com/20110630/4224370_102605228155_2.jpg	http://www.nipic.com/show/4776780.html
http://img.wxrw123.com/201602/24/02/ysncl2yn3hx.jpg	http://www.wxrw123.com/zw/20160308/210424.html
http://www.mp0311.com/Logo_Img/2013_1_9_20_8_56.jpg	http://www.mp0311.com/ProdShow.asp?ProdId=52
http://www.mchh688.com/pic1/025.jpg	http://www.mchh688.com/cp3.htm
http://www.chinapress.com.my/wp-content/uploads/2017/05/flower-170514-b1.jpg	http://www.chinapress.com.my/20170514/%E6%AF%8D%E8%A6%AA%E7%AF%80%E9%80%81%E5%BA%B7%E4%B9%83%E9%A6%A8%EF%BC%9F-%E4%B8%AD%E5%9C%8B%E6%AF%8D%E8%A6%AA%E4%B9%8B%E8%8A%B1%E6%98%AF%E8%90%B1%E8%8D%89%E8%8A%B1/
http://image.digitalarchives.tw/ImageCache/00/0a/be/a2.jpg	http://catalog.digitalarchives.tw/item/00/25/ea/fb.html
http://163.17.203.129/bakup/green/%E8%90%B1%E8%8D%89/%E8%90%B1%E8%8D%89-%E8%8A%B19.JPG	http://163.17.203.129/bakup/green/%E8%90%B1%E8%8D%89/%E8%90%B1%E8%8D%89.htm
http://www.zmdz.com/bbs/incomefiles/20116/218564458283.JPG	http://tieba.baidu.com/p/1891716635
http://zhanqun-con.oss-cn-hongkong.aliyuncs.com/ssgaj/1/1148.jpg	http://m.ssgaj.com/t2140.html
http://dashulin.com/wp-content/uploads/2011/08/xuancao1.jpg	http://dashulin.com/xuancao/
http://a3.att.hudong.com/75/92/19300001317029131849925842402.jpg	http://huayu.baike.com/article-81440.html
http://culture.kaiwind.com/hot/201504/30/W020150430395872301836.png	http://culture.kaiwind.com/hot/201504/30/t20150430_2483990.shtml
http://img3.ph.126.net/9JF8kUe8eQv7CXl-es5rXg==/2715389100345352663.jpg	http://myn0471.blog.163.com/blog/static/3833533720126892113338
http://www.wdptj.com/wp-content/uploads/2014/11/%E8%90%B1%E8%8D%89%E8%8A%B1.jpg	http://www.wdptj.com/xuancaohua/
http://www.hnhm.com/uploads/allimg/130829/0830163.jpg	http://www.hnhm.com/news/zaipei/201308/298307.html
http://pic15.nipic.com/20110630/4224370_095335542161_2.jpg	http://www.miaomu777.com/news/show-6362.html
http://www.1818hm.com/file/upload/201509/09/15-33-27-96-5.jpg	http://www.1818hm.com/chanpin/show-45.html
http://image.club.china.com/twhb/2013/7/2/3759/pictuku/1372720717563.jpg	http://r.club.china.com/data/thread/3759/2761/84/39/8_1.html?9
http://images.takungpao.com/2016/0508/20160508025108827.jpg	http://news.takungpao.com.hk/paper/q/2016/0508/3315873.html
http://www.hahjd.com/UpFile/201207/2012716144746234.jpg	http://www.hahjd.com/hebeisugenhuahui/89.html
https://gss0.bdstatic.com/-4o3dSag_xI4khGkpoWK1HF6hhy/baike/s%3D220/sign=58f50a2901e9390152028a3c4bec54f9/d058ccbf6c81800a3df43b07b13533fa828b47a1.jpg	https://baike.baidu.com/item/%E8%90%B1%E8%8D%89
http://m1.ablwang.com/uploadfile/2014/0507/20140507090109701.jpg	http://www.aboluowang.com/2014/0507/394851.html
https://gss0.bdstatic.com/94o3dSag_xI4khGkpoWK1HF6hhy/baike/w%3D400/sign=e91e60c0df2a60595210e01a1834342d/adaf2edda3cc7cd93501b8d03101213fb80e918f.jpg	https://baike.baidu.com/item/%E8%90%B1%E8%8D%89
http://www.365azw.com/Attachments/share/201408/54019a105042a.jpg	http://www.365azw.com/share/s-121524
http://www.twword.com/uploads/wiki/74/9f/69346_4.jpeg	http://www.twword.com/wiki/%E8%90%B1%E8%8D%89
http://www.gzhphb.com/gpPic/600/0/mmbiz.qpic.cn/mmbiz/XulyNB2uncVEKhCB1ohWZg9icricmuOvG8iasoGKkFhcQiaUE1zzQrHs2RMYUt90RTOgWhSllPDvs2Fw6q8r9iaWGuQ/0?wx_fmt=jpeg	http://www.gzhphb.com/article/17/176028.html
http://pic.pimg.tw/patvickpig/1383881098-3266070241.jpg?v=1383881102	http://patvickpig.pixnet.net/blog/post/296918618-%E5%BF%98%E6%86%82%E8%8D%89---%E8%90%B1%E8%8D%89
https://gss1.bdstatic.com/9vo3dSag_xI4khGkpoWK1HF6hhy/baike/s%3D220/sign=c0419b6e6709c93d03f209f5af3cf8bb/c995d143ad4bd1137aa666525aafa40f4bfb0562.jpg	https://baike.baidu.com/item/%E8%90%B1%E8%8D%89
http://www.bjyl.gov.cn/ztxx/bjhx/hhzs/201607/W020160708508213391881.jpg	http://www.bjyl.gov.cn/ztxx/bjhx/hhzs/201607/t20160708_182339.shtml
http://www.hanyi365.com/attach/userfiles/image/2013-09-09_10_46_49.png	http://www.hanyi365.com/article_39.html
http://www.cuibohuahui.com/images/UpFile/2017-2/2017251443550.jpg	http://www.cuibohuahui.com/zhsh1.asp?id=180722
http://www.zhongyixueyuan.com/uploads/allimg/160225/13-16022509263NP.JPG	http://www.zhongyixueyuan.com/xuancao/
http://www.wdptj.com/wp-content/uploads/2015/11/%E8%90%B1%E8%8D%89%E7%85%A7%E7%89%871.jpg	http://www.wdptj.com/xuancaohua/
http://www.suksm.org/img/c/1027098883.jpg	http://www.suksm.org/hall_post.php?rid=245
http://www.mst.org.tw/magazine/magazinep/images65/88-%E5%B0%81%E5%BA%95-%E8%90%B1%E8%8D%89.jpg	http://www.mst.org.tw/magazine/magazinep/Pureland/88-%E8%90%B1%E8%8D%89.htm
https://cbu01.alicdn.com/img/ibank/2015/365/235/2437532563_1424935918.220x220.jpg	http://www.1688.com/fanyi/-D7CFC9ABDDE6B2DDBBA8.html
http://kplant.biodiv.tw/%E9%BB%83%E8%8A%B1%E8%90%B1%E8%8D%89/%E8%90%B1%E8%8D%890/%E8%90%B1%E8%8D%89-%E8%8A%B111.JPG	http://kplant.biodiv.tw/%E9%BB%83%E8%8A%B1%E8%90%B1%E8%8D%89/%E8%90%B1%E8%8D%890/%E8%90%B1%E8%8D%890.htm
http://img.zhengjian.org/news_images/2004-11-17-jinzhen.jpg	http://big5.zhengjian.org/2004/11/19/29994.%E6%9D%8F%E6%9E%97%E6%BC%AB%E6%AD%A5%EF%BC%9A%E5%BF%98%E5%BF%A7%E8%8D%89%E2%94%80%E8%90%B1%E8%8D%89.html
http://pic3.16pic.com/00/20/62/16pic_2062928_b.jpg	http://www.16pic.com/sucai/214406.html
http://www.confucianism.com.cn/WebEditor/UploadFile/2017516162641202.jpg	http://www.confucianism.com.cn/html/minsu/25445258.html
http://img.zhongyixueyuan.com/2016/01/06/145201277453733.jpg	http://www.zhongyixueyuan.com/yinancao/20160106/5920.html
http://a0.att.hudong.com/60/17/01200000026911134375173292785_s.jpg	http://www.baike.com/wiki/%E8%90%B1%E8%8D%89%E5%8F%B2%E8%AF%9D
http://pic2.16pic.com/00/18/86/16pic_1886614_b.jpg	http://www.16pic.com/sucai/214406.html
http://www.sylxyy.top/upfile/images/%E8%8D%89%E5%9D%AA%E8%8D%89%E7%B1%BD/%E5%A4%A7%E8%8A%B1%E8%90%B1%E8%8D%89.png	http://www.sylxyy.top/556/0/98
http://pic15.nipic.com/20110630/4224370_093448299141_2.jpg	http://www.nipic.com/show/4776776.html
http://photo.roodo.com/photos/4441580_t2vnzim_l.jpg?16040	http://blog.roodo.com/chengk/archives/28157068.html
http://file.muyee.com/images/upload/Image/xuancaohua.jpg	http://www.muyee.com/article/jinianjieri-muqinjie/1177.html
http://pic.hsw.cn/0/13/00/30/13003065_904572.jpg	http://news.hsw.cn/system/2013/06/14/051690043.shtml
http://www.yuhuagu.com/uploads/allimg/120826/10-120R61G537.jpg	http://www.yuhuagu.com/tupian/su/2012/0826/4158.html
https://img.imynest.com/uploads/1/D5/1D5CFBE2B9.jpeg	https://www.imynest.com/content/54983.html
https://gss3.bdstatic.com/-Po3dSag_xI4khGkpoWK1HF6hhy/baike/s%3D220/sign=8e0cc87320a446237acaa260a8227246/cb8065380cd7912374f3267dad345982b2b780ac.jpg	https://baike.baidu.com/item/%E8%90%B1%E8%8D%89
http://garden.ibcas.ac.cn/6/dahuaxuancao.jpg	http://garden.ibcas.ac.cn/6/dahuaxuancao.htm
http://www.1818hm.com/file/upload/201608/29/1550318316.jpg	http://www.1818hm.com/huamu/show-4782.html
http://f.share.photo.xuite.net/artist9220314/1fe8781/11741681/556710544_m.jpg	http://blog.xuite.net/artist9220314/twblog/134903554-%E8%90%B1%E8%8D%89%E8%8A%B1
http://www.g12e.com/upload/html/2006/5/12/gaoxia2677200651213505353433.jpg	http://www.g12e.com/html/5/37/92/159/2006/5/ga41936253121560022478-0.shtml
http://www.a096.com/wp-content/uploads/2013/07/1842220d2.jpg	http://www.a096.com/chinese-mother-flowers-lily.html
http://i.epochtimes.com/assets/uploads/2010/05/1005062159232223.jpg	http://www.epochtimes.com/b5/10/5/7/n2899607.htm
http://www.iyanghua.com/f/xuancao/200911211403_2.jpg	http://www.iyanghua.com/f/xuancao/
https://f.share.photo.xuite.net/hung1022rick/1fec161/10395056/478216369_m.jpg	http://blog.xuite.net/hung1022rick/twblog/126866186-%E8%90%B1%E8%8D%89%E7%9A%84%E7%A8%AE%E6%A4%8D
http://img2.mtime.com/mg/2010/1/fcf4010f-f9da-4bc3-a42e-88ae4ddef09b.jpg	http://group.mtime.com/arbre/discussion/790029/
http://kplant.biodiv.tw/%E9%BB%83%E8%8A%B1%E8%90%B1%E8%8D%89/%E8%90%B1%E8%8D%890/%E8%90%B1%E8%8D%8912.JPG	http://kplant.biodiv.tw/%E9%BB%83%E8%8A%B1%E8%90%B1%E8%8D%89/%E8%90%B1%E8%8D%890/%E8%90%B1%E8%8D%890.htm
http://a0.att.hudong.com/64/85/20300542476289142070857299680_s.jpg	http://www.baike.com/wiki/%E8%90%B1%E8%8D%89
http://pic.nipic.com/2008-03-27/20083279127242_2.gif	http://www.nipic.com/show/618730.html
http://www.gzhphb.com/gpPic/600/0/mmbiz.qpic.cn/mmbiz/FwmqoDl7sKolIOkvRD75oiaGlyPXqBY6X5QDwK0vZ82xNQwLQ40bia23quY3MTQWNxibdyuKTtP6htYBwzxvpjwOg/0?wx_fmt=jpeg	http://m.gzhphb.com/article/36/364991.html
http://pic48.nipic.com/file/20140905/9879920_104836518000_2.jpg	http://www.nipic.com/show/10964002.html
http://test.4001890001.com/images/201205/goods_img/200_P_1336446019854.jpg	http://test.4001890001.com/category-111-b0.html
http://pic2.nipic.com/20090409/2287319_102641046_2.jpg	http://www.nipic.com/show/2/27/77302605bd511415.html
http://www.cnhua.net/uploads/allimg/090603/201UR358-0.JPG	http://www.cnhua.net/zhiwu/baiheke/xuancao/
http://pic24.nipic.com/20121005/8929007_152951073000_2.jpg	http://www.nipic.com/show/3/73/6898462k452ab949.html
http://2.share.photo.xuite.net/coloramama/1237ea1/8938676/376262637_m.jpg	http://blog.xuite.net/coloramama/twblog/115764364
http://img.ph.126.net/4uqXLbwBeMJNQkpSPle7OA==/3710121668023374507.jpg	http://wy565962.blog.163.com/blog/static/3185179420106217489569/
http://a3.att.hudong.com/01/20/01300542476289142071206057402_s.jpg	http://www.baike.com/wiki/%E8%90%B1%E8%8D%89
http://www.australianwinner.com/Chinese/Culture/cn_plants/2005116211612833.gif	http://www.australianwinner.com/Chinese/Culture/cn_plants/tawny_daylily.htm
http://www.wdptj.com/wp-content/uploads/2015/07/%E8%90%B1%E8%8D%89%E5%9B%BE%E7%89%87%E5%A4%A7%E5%85%A82.jpg	http://www.wdptj.com/xuancaohua/
https://i3.read01.com/uploads/0DhJ2IPQu2.jpg	https://read01.com/5mBRML.html
https://pic.pimg.tw/jojoke2831/1442724849-3062477936_n.jpg	http://jojoke2831.pixnet.net/blog/post/436904524-%E9%87%91%E9%87%9D%E8%8A%B1%28%E8%90%B1%E8%8D%89%29
http://www.iyanghua.com/f/xuancao/200911211659_2.jpg	http://www.iyanghua.com/f/xuancao/
http://img02.tooopen.com/images/20140401/sy_58058461991.jpg	http://so.tooopen.com/search/%E8%90%B1%E8%8D%89_0_1_0_7_2_3_1.aspx
http://www.cnhua.net/uploads/allimg/090603/194214AI-0.JPG	http://www.cnhua.net/zhiwu/baiheke/xuancao/
http://www.twword.com/uploads/wiki/74/9f/69346_2.jpeg	http://www.twword.com/wiki/%E8%90%B1%E8%8D%89
https://www.huabaike.com/uploads/allimg/artimg/201611/20161128162548_29335.jpg	https://www.huabaike.com/yhjq/5936.html
https://www.huabaike.com/uploads/allimg/artimg/201611/20161124145600_68474.jpg	https://www.huabaike.com/yzfh/5860.html
http://a4.att.hudong.com/67/25/01300542476289142071252128122_s.jpg	http://www.baike.com/wiki/%E8%90%B1%E8%8D%89
http://www.swh8.com/Editors/uploadfile/20106297012831.JPG	http://www.swh8.com/swh/287.html
http://www.moneyq.org/forum/uploads/post-69-1155623765.jpg	http://www.moneyq.org/forum/index.php?showtopic=3879
http://www.iyanghua.com/f/xuancao/2009411200243_2.jpg	http://www.iyanghua.com/f/xuancao/
