
http://a4.att.hudong.com/38/85/01300000178518123969851081742.jpg	http://www.baike.com/wiki/%E4%BB%99%E5%AE%A2%E6%9D%A5
http://xiankelai.yangzhiriji.com/wp-content/uploads/sites/48/2014/05/1.jpg	http://xiankelai.yangzhiriji.com/
https://upload.wikimedia.org/wikipedia/commons/thumb/a/a9/Alpenveilchen_Cyclamen_1.jpg/300px-Alpenveilchen_Cyclamen_1.jpg	https://zh.wikipedia.org/wiki/%E4%BB%99%E5%AE%A2%E4%BE%86%E5%B1%AC
https://www.ritagiang.com/files/articleFilesfinder/images/P1040486-1.jpg	https://www.ritagiang.com/article.php?id=100
http://pic.nipic.com/2008-07-11/200871116356940_2.jpg	http://www.nipic.com/show/3/40/a4a26f7043354d35.html
http://a1.att.hudong.com/57/84/01300000178518123969840865403_s.jpg	http://www.baike.com/wiki/%E4%BB%99%E5%AE%A2%E6%9D%A5
https://gss1.bdstatic.com/9vo3dSag_xI4khGkpoWK1HF6hhy/baike/w%3D400/sign=6c15bcd03101213fcf334fdc64e736f8/574e9258d109b3de7d876c61c4bf6c81800a4cfb.jpg	https://baike.baidu.com/item/%E4%BB%99%E5%AE%A2%E6%9D%A5
https://www.huabaike.com/uploads/allimg/20120618/12061Q13542134890-L.jpg	https://www.huabaike.com/huahuidaquan/201206/800.html
http://2.bp.blogspot.com/-Pw5IK9jHFB8/VlabTFFkCcI/AAAAAAAAS6Y/NhTk0LMRAKQ/s1600/%25E4%25B8%25BB%25E5%259C%2596.jpg	http://blog.igarden.com.tw/2003/03/5M30305.html
http://www.iqiya.com/uploadfile/article/287/1_jwxjm__.jpg	http://www.iqiya.com/article/2013-09-26/2099.html
http://1.bp.blogspot.com/-os4UGwG1Tdg/UOqH0wdFF6I/AAAAAAAAAf0/07Zbd75oC5M/s800/Cyclamen-KV.jpg	http://blog.igarden.com.tw/2013/01/chinese-new-year-flowers-how-to-pick-and-care-Cyclamen.html
http://pic18.nipic.com/20111217/7960243_094541642191_2.jpg	http://www.nipic.com/show/1/44/5507196kc72bf61a.html
https://upload.wikimedia.org/wikipedia/commons/0/0d/CyclamenPersicumMill20.jpg	https://zh.wikipedia.org/wiki/%E4%BB%99%E5%AE%A2%E6%9D%A5
http://www.iqiya.com/uploadfile/article/64/1_93m5v__.jpg	http://www.iqiya.com/article/2015-07-08/64919.html
http://www.china-flower.com/Upload2005/2005-10-26/20051026100660.jpg	http://www.china-flower.com/client/sheet/index.asp?n_id=507
https://www.huabaike.com/uploads/allimg/sltimg/201512/566fbd2d94a36.jpg	https://www.huabaike.com/yhjq/869.html
http://img.aihuahui.com/d/2017/02/58a53dc06438a.jpg	http://www.aihuahui.com/aicaobenzhiwu/2440.html
https://b-ssl.duitang.com/uploads/item/201604/23/20160423110724_2uJFY.jpeg	http://www.duitang.com/blog/?id=565142596
http://img0.pchouse.com.cn/pchouse/baike/decorate/1109/98745613243393457e48.jpg	http://www.pchouse.com.cn/baike/shenghuo/620/
http://www.zhongzi.net/files/xiankelai.jpg	http://www.zhongzi.net/zzzp/hhzz/xiankelaijiatingzaipei.htm
http://www.cqcsmy.com/uploads/allimg/130606/2-130606222430.jpg	http://www.cqcsmy.com/a/chanpinzhanshi/chunjienianjie_nianhua/2013/0606/44.html
http://www.iqiya.com/uploadfile/article/322/1_awfluk20131018_caaf5305227b9ddfd6a91A9OWHrlKBkG.jpg	http://www.iqiya.com/article/2015-07-08/64919.html
http://pic4.55jia.net/fengshuizhiwu/38/a3704.jpg	http://www.55jia.net/75/243581.html
http://img0.pchouse.com.cn/pchouse/1109/25/131746_1.jpg	http://www.pchouse.com.cn/baike/shenghuo/620/
http://img0.dreamhy.com/upload/20141128/0220304125.jpg	http://www.dreamhy.com/jingyan/detail-30925.aspx
http://pic18.nipic.com/20111229/6863287_004532180000_2.jpg	http://www.nipic.com/show/1/44/5567698kd84e112e.html
http://img01.hua.com/uploadpic/images/201611251418451282321.jpg	http://www.hua.com/huayu/17621.html
http://pic.to8to.com/attch/day_140517/20140517_ea312df7828dd40ad884BpCxSdqfubXK.jpg	http://www.to8to.com/yezhu/z4498.html
http://piccdn.pptfans.cn/2016/11/24/pptfans_201611241031180251121c3a.jpg	http://tupian.pptfans.cn/p/17617.html
http://img0.pchouse.com.cn/pchouse/1109/25/131748_2.jpg	http://www.pchouse.com.cn/baike/shenghuo/620/
http://www.cyclamen.com/images/conso/histoire/cyclamen-botanique-2.jpg	http://www.cyclamen.com/zh/consumer/find-out-about-cyclamen/cyclamen-stories/bits-and-pieces-of-botany
http://a2.att.hudong.com/60/73/300000764046131665739271930_950.jpg	http://www.baike.com/wiki/%E4%BB%99%E5%AE%A2%E6%9D%A5
http://a3.att.hudong.com/90/85/01000000000000119088513971290_s.jpg	http://www.baike.com/wiki/%E4%BB%99%E5%AE%A2%E6%9D%A5%E8%8A%B1
http://shuju.aweb.com.cn/UploadFiles/200610303760949.jpg	http://shuju.aweb.com.cn/technology/2006/10/30/1120061030085100.shtml
http://pic40.nipic.com/20140323/18266910_193908356105_2.jpg	http://www.nipic.com/show/10189013.html
http://image78.360doc.com/DownloadImg/2014/09/0810/45075879_1.jpg	http://www.360doc.com/content/14/0908/10/15104356_407796598.shtml
http://sns.people.com.cn/uploads/figureCaptions/Image/e9/bb/8e/e7a78be5b1b12e626c6f67/1362898831039.jpg	http://blog.people.com.cn/article/1362898855892.html
http://a3.att.hudong.com/55/84/01300000178518123969843320578_s.jpg	http://www.baike.com/wiki/%E4%BB%99%E5%AE%A2%E6%9D%A5
http://a1.att.hudong.com/83/38/01300000319690123685384575277_s.jpg	http://www.baike.com/wiki/%E4%BB%99%E5%AE%A2%E6%9D%A5%E5%B1%9E
http://a4.att.hudong.com/18/85/19300001203917133894850051606_950.jpg	http://yanghua.baike.com/article-353585.html
http://pic1.cxtuku.com/00/01/26/b464765cbd5d.jpg	http://www.cxtuku.com/pic_126464.html
http://www.12flower.com.tw/upimg/34E_%E4%BB%99%E5%AE%A2%E4%BE%86.jpg	http://blog.xuite.net/a81658165/twblog/94234981
http://img.aiuw.com//images/20130115/13582293627568.jpg	http://www.aiuw.com/zhiwu/shuipei/article-16672.html
http://flower.cimspaper.com/silk_stockings/images/122-2248_IMG.jpg	http://flower.cimspaper.com/silk_stockings/sowbread.htm
http://www.wdptj.com/wp-content/uploads/2014/10/%E4%BB%99%E5%AE%A2%E6%9D%A5.jpg	http://www.wdptj.com/xiankelai/
http://www.baihuamen.com/d/file/2014/03-17/65d01af0e8f120bf10a242d7597c67a3.jpg	http://www.baihuamen.com/xiankelai/
http://www.baihuamen.com/d/file/2014/03-17/b6ed84d386641268717476693f5184e7.jpg	http://www.baihuamen.com/xiankelai/
http://www.chla.com.cn/upload/2009_01/09010616095912.jpg	http://www.chla.com.cn/html/c43/2007-08/646.html
http://www.gzhphb.com/gpPic/600/0/mmbiz.qpic.cn/mmbiz/tWtAWes2DXkiaxZEZBvflA96r9XECevMHs99SN0Z4mReyuUkiaVvPDXyuvwEIbC7xcCVJHnawyeVIMibq0VGgswwg/0	http://m.gzhphb.com/article/46/464477.html
http://image91.360doc.com/DownloadImg/2015/11/0707/61213610_2.jpg	http://www.360doc.com/content/15/1107/07/10533595_511354256.shtml
http://img01.hua.com/uploadpic/images/201511191930555584155.jpg	http://www.hua.com/huayu/13352.html
http://www.hanyi365.com/attach/userfiles/image/2013-10-25_17_39_24.png	http://www.hanyi365.com/article_873.html
http://www.cyclamen.com/images/identites/cyclamen-metis-4270-zoom.jpg	http://www.cyclamen.com/zh/professional/catalogue/cyclamen-metis-series
http://upload.wikimedia.org/wikipedia/commons/thumb/9/90/Crocus_cartwrigthianus_%27Albus%2701.jpg/400px-Crocus_cartwrigthianus_%27Albus%2701.jpg	http://www.wikiwand.com/zh/%E4%BB%99%E5%AE%A2%E4%BE%86%E5%B1%AC
http://1.bp.blogspot.com/-WrZEAlsL8bA/Vlabcq9sc5I/AAAAAAAAS6g/41H6M0E-S_I/s1600/%25E4%25BB%2599%25E5%25AE%25A2%25E4%25BE%2586%25E8%258A%25B1%25E8%2589%25B2%25E8%2591%2589%25E8%2589%25B2%25E5%25A4%259A%25E6%25A8%25A3%252C%25E4%25B9%259F%25E6%2598%25AF%25E9%2580%2581%25E7%25A6%25AE%25E7%259A%2584%25E5%25A5%25BD%25E9%2581%25B8%25E6%2593%2587.jpg	http://blog.igarden.com.tw/2003/03/5M30305.html
http://www.yuhuagu.com/uploads/allimg/100414/1_100414142155_1.jpg	http://www.yuhuagu.com/wutu/2010/0414/619.html
http://www.huayugu.com.cn/uploads/allimg/150728/1-150HQ35H20-L.jpg	http://www.huayugu.com.cn/xiankelai/2969.html
http://pic12.nipic.com/20110107/4224370_101106091140_2.jpg	http://www.nipic.com/show/1/44/4136998kaff9ac29.html
http://7.blog.xuite.net/7/4/e/4/11253733/blog_227360/txt/50206305/0.jpg	http://blog.xuite.net/e2202778/boaboa/50206305-%E4%BB%99%E5%AE%A2%E4%BE%86
https://www.huabaike.com/uploads/allimg/artimg/201607/20160701164543_57271.jpg	https://www.huabaike.com/yhjq/4498.html
http://xiankelai.yangzhiriji.com/wp-content/uploads/sites/48/2014/05/3.jpg	http://xiankelai.yangzhiriji.com/
http://www.gzhphb.com/gpPic/250/0/mmbiz.qpic.cn/mmbiz/gyt9ITDAqv3oRUouFHXzYuyekR3upcwx7QlPLVJicclxVQEP6GERexUIhNcTJVazuFbH31wwic7K1WACbbYcJsHg/0	http://www.gzhphb.com/baike/xiankelaizenmeyang/
https://upload.wikimedia.org/wikipedia/commons/thumb/4/43/The_Botanical_Magazine%2C_Plate_44_%28Volume_2%2C_1788%29.png/200px-The_Botanical_Magazine%2C_Plate_44_%28Volume_2%2C_1788%29.png	https://zh.wikipedia.org/wiki/%E4%BB%99%E5%AE%A2%E6%9D%A5
http://www.chantuguan.com/ueditor/php/upload/image/20170407/1491549971390298.jpg	http://www.chantuguan.com/baike/268.html
http://www.iqiya.com/uploadfile/article/322/1_yzzkt220131018_ad5c04998c074929ed99uTnCNs2ohfdH.jpg	http://www.iqiya.com/article/2015-07-08/64919.html
http://flower.cimspaper.com/silk_stockings/images/122-2266_IMG.jpg	http://flower.cimspaper.com/silk_stockings/sowbread1.htm
https://thumbs.dreamstime.com/z/%E5%AE%A2%E6%9D%A5-33969042.jpg	https://cn.dreamstime.com/%E5%9B%BE%E5%BA%93%E6%91%84%E5%BD%B1-%E5%AE%A2%E6%9D%A5-image33969042
http://www.gxyyzwy.com/Files/%E6%AF%8F%E6%9C%88%E8%8A%B1%E4%BA%8B/%E4%BB%99%E5%AE%A2%E6%9D%A5.jpg	http://www.gxyyzwy.com/html/myyh/1759127.html
http://www.kaihuala.com/uploads/allimg/130928/2-13092QRPV05.png	http://www.kaihuala.com/fanzhi/f330.html
http://pic27.nipic.com/20130316/11891154_222035527000_2.jpg	http://www.nipic.com/show/1/44/7708547k19f3ac44.html
http://pic17.nipic.com/20111117/7960243_101942187172_2.jpg	http://www.nipic.com/show/1/44/5371842kf5c9a85b.html
https://a.share.photo.xuite.net/cshuang2/1ae6561/19389265/1066253840_l.jpg	http://blog.xuite.net/cshuang2/twblog/300799169
http://f12.baidu.com/it/u=854716508,1319465843&fm=72	http://www.wed114.cn/jiehun/zhiwu/20170612186236.html
http://www.wdptj.com/wp-content/uploads/2015/02/%E4%BB%99%E5%AE%A2%E6%9D%A5%E8%8A%B1%E8%AF%AD.jpg	http://www.wdptj.com/xiankelai/
http://tgi13.jia.com/114/829/14829537.jpg	http://www.jia.com/baike/bdetail-3131/
https://cdn.pixabay.com/photo/2016/01/24/13/37/flower-1158875_960_720.jpg	https://pixabay.com/zh/photos/%E4%BB%99%E5%AE%A2%E6%9D%A5/
http://newsimg.5054399.com/uploads/userup/1205/1Q04PH960.jpg	http://news.4399.com/xiaohuaxian/huazhong/pen/201205-18-161042.html
http://pkl.gov.taipei/public/MMO/PKL/%E4%BB%99%E5%AE%A2%E4%BE%869902-02.jpg	http://pkl.gov.taipei/fp.asp?fpage=cp&xItem=1106818&ctNode=8957&mp=106011
http://4.bp.blogspot.com/-i5sKbqBFBg4/Uw2qvreD1xI/AAAAAAAACAU/3t3bQTaLjqU/w1200-h630-p-k-no-nu/Cyclamen-cover.jpg	http://blog.igarden.com.tw/2003/03/5M30305.html
http://www.1024sj.com/uploadimg/huahui/oXK6axXrTA_1236043181.jpg	http://xiu.11033.net/%E7%9B%86%E6%A0%BD%E4%BB%99%E5%AE%A2%E6%9D%A5%E5%9B%BE%E7%89%87%E5%A4%A7%E5%85%A8/
http://www.ew9z.com/wp-content/uploads/2010/02/Cyclamen_persicum_2.jpg	http://www.ew9z.com/xiankelai-changjianpinzhong.html
http://i3.download.fd.pchome.net/t_960x600/g1/M00/0E/04/ooYBAFTYBe2IZu7WAAIKrDKuk3IAACR9ABnrKAAAgrE898.jpg	http://download.pchome.net/wallpaper/info-6191-1-1.html
http://www.1818hm.com/file/upload/201608/07/1648288516.jpg	http://www.1818hm.com/huamu/show-4687.html
http://www.huajiang.cc/uploads/allimg/151126/15-151126112423.jpg	http://images.huajiang.cc/guanhua/5764.html
http://pic18.nipic.com/20120101/6863287_030914877000_2.jpg	http://www.nipic.com/show/1/44/5586988ka5f98b82.html
http://a2.att.hudong.com/78/81/01300000178518123969816692045_s.jpg	http://www.baike.com/wiki/%E4%BB%99%E5%AE%A2%E6%9D%A5
http://hua-img.fengqiaoju.com/yanghua/201508/yanghua-55c22b895c96940_500_500.jpg	http://huahui.fengqiaoju.com/huahui-jiaoliu/xiankelaiyangzhi/
http://www.zhiwutong.com/tu/yanghua/%E4%BB%99%E5%AE%A2%E6%9D%A5.jpg	http://www.zhiwutong.com/gardens/09-28/9455.htm
http://www.wdptj.com/wp-content/uploads/2014/10/%E4%BB%99%E5%AE%A2%E6%9D%A52.jpg	http://www.wdptj.com/xiankelai/
http://www.wsm.cn/uploads/allimg/170509/45-1F509103038.jpg	http://m.wsm.cn/zhiwu/penjingzhiwu/53872.html
http://pic.to8to.com/case/1310/22/20131022_d58e5df6ed9888a61d88npmzpd5igd3i.jpg	http://www.to8to.com/baike/101
http://tupian.geimian.com/pic/2017/01/2017-01-11_175548.jpg	https://www.geimian.com/wx/80819.html
http://tupian.geimian.com/pic/2016/01/2016-01-30_115158.jpg	https://www.geimian.com/wx/59811.html
http://www.iqiya.com/uploadfile/2013/0926/20130926082047525.jpg	http://www.iqiya.com/article/2013-09-26/2085.html
http://www.huacaijia.com/bbs/data/attachment/forum/201512/15/164836gifkkqkxej34ybjj.jpg	http://www.huacaijia.com/bbs/thread-119458-1-1.html
http://www.775jia.net/HuoLi/UploadFiles_7852/201702/2017022715260443.jpg	http://www.775jia.net/HuoLi/YangHua/32761.shtml
https://upload.wikimedia.org/wikipedia/commons/thumb/b/b0/White_Cyclamen_1080629.jpg/220px-White_Cyclamen_1080629.jpg	https://zh.wikipedia.org/wiki/%E4%BB%99%E5%AE%A2%E6%9D%A5
http://www.cyclamen.com/images/conso/histoire/cyclamen-botanique-1.jpg	http://www.cyclamen.com/zh/consumer/find-out-about-cyclamen/cyclamen-stories/bits-and-pieces-of-botany
http://pic19.nipic.com/20120213/4749229_173618226000_2.jpg	http://www.nipic.com/show/4/79/5696863k3394c0c3.html
http://xiankelai.yangzhiriji.com/wp-content/uploads/sites/48/2014/05/2.jpg	http://xiankelai.yangzhiriji.com/
