
https://gss2.bdstatic.com/-fo3dSag_xI4khGkpoWK1HF6hhy/baike/c0%3Dbaike92%2C5%2C5%2C92%2C30/sign=44342269f2d3572c72ef948eeb7a0842/77c6a7efce1b9d16b31fefe1f3deb48f8d546451.jpg
https://gss1.bdstatic.com/9vo3dSag_xI4khGkpoWK1HF6hhy/baike/c0%3Dbaike150%2C5%2C5%2C150%2C50/sign=9438a7a190ef76c6c4dff379fc7f969f/b03533fa828ba61ed936bdaf4134970a314e5951.jpg
https://gss2.bdstatic.com/9fo3dSag_xI4khGkpoWK1HF6hhy/baike/c0%3Dbaike180%2C5%2C5%2C180%2C60/sign=efc141593901213fdb3e468e358e5db4/ca1349540923dd54349fd2e8d109b3de9d824845.jpg
https://gss2.bdstatic.com/-fo3dSag_xI4khGkpoWK1HF6hhy/baike/c0%3Dbaike150%2C5%2C5%2C150%2C50/sign=b8cadda6fdfaaf5190ee89eded3dff8b/fc1f4134970a304e53ced57ad1c8a786c8175c45.jpg
https://gss2.bdstatic.com/-fo3dSag_xI4khGkpoWK1HF6hhy/baike/c0%3Dbaike180%2C5%2C5%2C180%2C60/sign=2c510a5d2e738bd4d02cba63c0e2ecb3/58ee3d6d55fbb2fbb5f32d924f4a20a44723dc52.jpg
https://gss0.bdstatic.com/-4o3dSag_xI4khGkpoWK1HF6hhy/baike/c0%3Dbaike150%2C5%2C5%2C150%2C50/sign=df1e5afc510fd9f9b41a5d3b4444bf4f/0df431adcbef76097fd0ec1f2edda3cc7dd99e52.jpg
https://gss0.bdstatic.com/94o3dSag_xI4khGkpoWK1HF6hhy/baike/c0%3Dbaike180%2C5%2C5%2C180%2C60/sign=352c9178a786c9171c0e5a6ba8541baa/d1160924ab18972b74e1754ae6cd7b899f510a52.jpg
https://gss0.bdstatic.com/94o3dSag_xI4khGkpoWK1HF6hhy/baike/c0%3Dbaike150%2C5%2C5%2C150%2C50/sign=dfc20217d933c895b2739029b07a1895/377adab44aed2e735b32f3ac8701a18b86d6fa53.jpg
https://gss3.bdstatic.com/-Po3dSag_xI4khGkpoWK1HF6hhy/baike/c0%3Dbaike180%2C5%2C5%2C180%2C60/sign=70134a6162d9f2d3341c2cbdc885e176/6a600c338744ebf811ab11bfd9f9d72a6159a753.jpg
https://gss3.bdstatic.com/-Po3dSag_xI4khGkpoWK1HF6hhy/baike/c0%3Dbaike220%2C5%2C5%2C220%2C73/sign=f7596e6da3cc7cd9ee203c8b58684a5a/e1fe9925bc315c606f5e1e6f8db1cb1348547762.jpg
https://gss0.bdstatic.com/-4o3dSag_xI4khGkpoWK1HF6hhy/baike/c0%3Dbaike150%2C5%2C5%2C150%2C50/sign=61e10184970a304e462fa8a8b0a1cce3/80cb39dbb6fd52664ce84994ab18972bd507366a.jpg
https://gss3.bdstatic.com/7Po3dSag_xI4khGkpoWK1HF6hhy/baike/c0%3Dbaike180%2C5%2C5%2C180%2C60/sign=0ad09078a786c9171c0e5a6ba8541baa/d1160924ab18972b4b1d744ae6cd7b899e510a0e.jpg
https://gss1.bdstatic.com/9vo3dSag_xI4khGkpoWK1HF6hhy/baike/c0%3Dbaike180%2C5%2C5%2C180%2C60/sign=48c2662759ee3d6d36cb8f99227f0647/5ab5c9ea15ce36d3ccc6f6b03af33a87e850b16b.jpg
https://gss1.bdstatic.com/9vo3dSag_xI4khGkpoWK1HF6hhy/baike/c0%3Dbaike150%2C5%2C5%2C150%2C50/sign=b8f7cba3632762d09433acedc185639f/d62a6059252dd42a392f752b033b5bb5c9eab80f.jpg
https://gss0.bdstatic.com/94o3dSag_xI4khGkpoWK1HF6hhy/baike/c0%3Dbaike180%2C5%2C5%2C180%2C60/sign=35c74c67912397ddc274905638ebd9d2/cf1b9d16fdfaaf51a321f43f8c5494eef11f7a6b.jpg
https://gss2.bdstatic.com/9fo3dSag_xI4khGkpoWK1HF6hhy/baike/c0%3Dbaike180%2C5%2C5%2C180%2C60/sign=d323dae04fc2d562e605d8bf8678fb8a/d058ccbf6c81800a73c3fd8eb13533fa828b470f.jpg
https://gss2.bdstatic.com/9fo3dSag_xI4khGkpoWK1HF6hhy/baike/c0%3Dbaike180%2C5%2C5%2C180%2C60/sign=dc55d3e8d109b3deffb2ec3aadd607e4/b812c8fcc3cec3fd7618d3f5d688d43f8794270f.jpg
https://gss0.bdstatic.com/94o3dSag_xI4khGkpoWK1HF6hhy/baike/c0%3Dbaike116%2C5%2C5%2C116%2C38/sign=11cc8825d143ad4bb2234e92e36b31ca/f703738da97739127be4f0e1f8198618377ae274.jpg
https://gss1.bdstatic.com/9vo3dSag_xI4khGkpoWK1HF6hhy/baike/c0%3Dbaike116%2C5%2C5%2C116%2C38/sign=5f23484790529822113e3191b6a310ae/c8ea15ce36d3d539af007b433a87e950352ab074.jpg
https://gss3.bdstatic.com/7Po3dSag_xI4khGkpoWK1HF6hhy/baike/c0%3Dbaike180%2C5%2C5%2C180%2C60/sign=70e038810a55b31988f48a2722c0e943/a8014c086e061d95d55843b87bf40ad162d9ca10.jpg
https://gss1.bdstatic.com/9vo3dSag_xI4khGkpoWK1HF6hhy/baike/c0%3Dbaike180%2C5%2C5%2C180%2C60/sign=06b788a77f3e6709aa0d4dad5aaef458/aa18972bd40735fa47fc3a399e510fb30f240825.jpg
https://gss0.bdstatic.com/94o3dSag_xI4khGkpoWK1HF6hhy/baike/c0%3Dbaike92%2C5%2C5%2C92%2C30/sign=98fe7a779f3df8dcb23087c3ac7819ee/f3d3572c11dfa9ec6222229762d0f703918fc126.jpg
https://gss0.bdstatic.com/94o3dSag_xI4khGkpoWK1HF6hhy/baike/c0%3Dbaike180%2C5%2C5%2C180%2C60/sign=490f672759ee3d6d36cb8f99227f0647/5ab5c9ea15ce36d3cd0bf7b03af33a87e950b126.jpg
https://gss0.bdstatic.com/-4o3dSag_xI4khGkpoWK1HF6hhy/baike/c0%3Dbaike180%2C5%2C5%2C180%2C60/sign=df21f1ceca8065386fe7ac41f6b4ca21/91ef76c6a7efce1bd124bc4aaf51f3deb48f6526.jpg
https://gss0.bdstatic.com/94o3dSag_xI4khGkpoWK1HF6hhy/baike/c0%3Dbaike150%2C5%2C5%2C150%2C50/sign=072369881f30e924dba994632d610563/9922720e0cf3d7ca7be04bf6f21fbe096b63a91f.jpg
https://gss0.bdstatic.com/-4o3dSag_xI4khGkpoWK1HF6hhy/baike/c0%3Dbaike180%2C5%2C5%2C180%2C60/sign=92222ad3f6246b606f03ba268a917129/902397dda144ad3475a9f307d0a20cf431ad851f.jpg
https://gss0.bdstatic.com/94o3dSag_xI4khGkpoWK1HF6hhy/baike/c0%3Dbaike220%2C5%2C5%2C220%2C73/sign=0bf6f6f543a98226accc2375ebebd264/4d086e061d950a7be23a3a440ad162d9f2d3c927.jpg
https://gss0.bdstatic.com/94o3dSag_xI4khGkpoWK1HF6hhy/baike/c0%3Dbaike180%2C5%2C5%2C180%2C60/sign=280b5e80e924b899ca31716a0f6f76f0/9922720e0cf3d7ca7bf84bf6f21fbe096b63a927.jpg
https://gss1.bdstatic.com/9vo3dSag_xI4khGkpoWK1HF6hhy/baike/c0%3Dbaike180%2C5%2C5%2C180%2C60/sign=b677aa481a4c510fbac9ea4801304e48/b3b7d0a20cf431adfadc37b94b36acaf2edd9827.jpg
https://gss0.bdstatic.com/94o3dSag_xI4khGkpoWK1HF6hhy/baike/c0%3Dbaike180%2C5%2C5%2C180%2C60/sign=73fff2ac8701a18be4e61a1dff466c6d/b3fb43166d224f4ad88f079309f790529822d118.jpg

https://gss0.bdstatic.com/94o3dSag_xI4khGkpoWK1HF6hhy/baike/c0%3Dbaike92%2C5%2C5%2C92%2C30/sign=5f89d3a8b299a9012f3853647cfc611e/37d12f2eb9389b500f7befee8f35e5dde6116e81.jpg
https://gss1.bdstatic.com/9vo3dSag_xI4khGkpoWK1HF6hhy/baike/crop%3D0%2C520%2C1200%2C790%3Bc0%3Dbaike150%2C5%2C5%2C150%2C50/sign=67d20fb5a76eddc432a8eebb04eb9ac8/9a504fc2d56285358cfbf3719aef76c6a7ef6342.jpg
https://gss3.bdstatic.com/7Po3dSag_xI4khGkpoWK1HF6hhy/baike/c0%3Dbaike180%2C5%2C5%2C180%2C60/sign=59b4dd22bc003af359b7d4325443ad39/b90e7bec54e736d14049b12391504fc2d5626946.jpg
https://gss2.bdstatic.com/9fo3dSag_xI4khGkpoWK1HF6hhy/baike/c0%3Dbaike80%2C5%2C5%2C80%2C26/sign=fd4359c1b68f8c54f7decd7d5b404690/b219ebc4b74543a9d03465e31c178a82b90114f5.jpg
https://gss1.bdstatic.com/9vo3dSag_xI4khGkpoWK1HF6hhy/baike/c0%3Dbaike116%2C5%2C5%2C116%2C38/sign=8be390ed2c738bd4d02cba63c0e2ecb3/8b13632762d0f703c0d87aec0afa513d2697c59c.jpg
https://gss0.bdstatic.com/-4o3dSag_xI4khGkpoWK1HF6hhy/baike/c0%3Dbaike150%2C5%2C5%2C150%2C50/sign=7babac34252dd42a4b0409f9625230d0/4a36acaf2edda3ccd058417d01e93901213f922b.jpg
https://gss1.bdstatic.com/9vo3dSag_xI4khGkpoWK1HF6hhy/baike/c0%3Dbaike92%2C5%2C5%2C92%2C30/sign=5166a055513d26973ade000f3492d99e/3b292df5e0fe99254dbbf4cf34a85edf8cb171fe.jpg
https://gss3.bdstatic.com/7Po3dSag_xI4khGkpoWK1HF6hhy/baike/c0%3Dbaike150%2C5%2C5%2C150%2C50/sign=b01b057a7f3e6709aa0d4dad5aaef458/962bd40735fae6cd6c14523c0fb30f2443a70fce.jpg
https://gss2.bdstatic.com/-fo3dSag_xI4khGkpoWK1HF6hhy/baike/c0%3Dbaike92%2C5%2C5%2C92%2C30/sign=afa64fda37d3d539d53007915bee8235/c83d70cf3bc79f3d9e908b14bba1cd11728b29a4.jpg
https://gss0.bdstatic.com/-4o3dSag_xI4khGkpoWK1HF6hhy/baike/c0%3Dbaike150%2C5%2C5%2C150%2C50/sign=996f1c5c1238534398c28f73f27adb1b/4ec2d5628535e5dd4b544aef74c6a7efce1b6282.jpg
https://gss2.bdstatic.com/-fo3dSag_xI4khGkpoWK1HF6hhy/baike/c0%3Dbaike116%2C5%2C5%2C116%2C38/sign=d75360a1cf11728b24208470a995a8ab/aa18972bd40735fae09ea1899c510fb30f240897.jpg
https://gss1.bdstatic.com/-vo3dSag_xI4khGkpoWK1HF6hhy/baike/c0%3Dbaike80%2C5%2C5%2C80%2C26/sign=ae7d306e9245d688b70fbaf6c5ab167b/b3fb43166d224f4a4d248a4e09f790529822d12a.jpg
https://gss2.bdstatic.com/9fo3dSag_xI4khGkpoWK1HF6hhy/baike/c0%3Dbaike92%2C5%2C5%2C92%2C30/sign=49a757f69245d688b70fbaf6c5ab167b/279759ee3d6d55fb38a1e8e36d224f4a21a4dd94.jpg

https://gss3.bdstatic.com/7Po3dSag_xI4khGkpoWK1HF6hhy/baike/c0%3Dbaike150%2C5%2C5%2C150%2C50/sign=8e0c2444c9177f3e0439f45f11a650a2/aa18972bd40735fab909f84b9e510fb30e240842.jpg
https://gss1.bdstatic.com/-vo3dSag_xI4khGkpoWK1HF6hhy/baike/c0%3Dbaike150%2C5%2C5%2C150%2C50/sign=a74853600cf431ada8df4b6b2a5fc7ca/f11f3a292df5e0fe8cda3ff35c6034a85fdf7205.jpg
https://gss3.bdstatic.com/7Po3dSag_xI4khGkpoWK1HF6hhy/baike/c0%3Dbaike150%2C5%2C5%2C150%2C50/sign=1b0bb26fcbef7609280691cd4fb4c8a9/2cf5e0fe9925bc314b9fb76a5edf8db1ca137005.jpg
https://gss1.bdstatic.com/9vo3dSag_xI4khGkpoWK1HF6hhy/baike/c0%3Dbaike220%2C5%2C5%2C220%2C73/sign=d544529accbf6c81e33a24badd57da50/c9fcc3cec3fdfc03db83554ad43f8794a5c2264c.jpg

https://gss2.bdstatic.com/9fo3dSag_xI4khGkpoWK1HF6hhy/baike/c0%3Dbaike150%2C5%2C5%2C150%2C50/sign=29546878f703918fc3dc359830544df2/242dd42a2834349b4948511dc9ea15ce37d3bedf.jpg
https://gss3.bdstatic.com/-Po3dSag_xI4khGkpoWK1HF6hhy/baike/c0%3Dbaike150%2C5%2C5%2C150%2C50/sign=0bef2bedd42a283457ab3e593adca28f/adaf2edda3cc7cd9e6a60f293901213fb90e91b2.jpg
https://gss0.bdstatic.com/94o3dSag_xI4khGkpoWK1HF6hhy/baike/c0%3Dbaike180%2C5%2C5%2C180%2C60/sign=8a9f2335e0fe9925df01610255c135ba/c8177f3e6709c93dc07935079f3df8dcd00054b2.jpg
https://gss2.bdstatic.com/9fo3dSag_xI4khGkpoWK1HF6hhy/baike/c0%3Dbaike150%2C5%2C5%2C150%2C50/sign=11c563e24f4a20a425133495f13bf347/3b87e950352ac65c42eb5d83fbf2b21192138a57.jpg
https://gss3.bdstatic.com/7Po3dSag_xI4khGkpoWK1HF6hhy/baike/c0%3Dbaike150%2C5%2C5%2C150%2C50/sign=adccb0c96b63f62408503151e62d809d/902397dda144ad340651bc77d0a20cf430ad8557.jpg
https://gss0.bdstatic.com/-4o3dSag_xI4khGkpoWK1HF6hhy/baike/c0%3Dbaike150%2C5%2C5%2C150%2C50/sign=36cc0cc87bf40ad101e9cfb136457aba/f7246b600c338744d74f148c510fd9f9d62aa0b3.jpg

https://gss2.bdstatic.com/-fo3dSag_xI4khGkpoWK1HF6hhy/baike/c0%3Dbaike116%2C5%2C5%2C116%2C38/sign=5a494875f01f3a294ec5dd9cf84cd754/32fa828ba61ea8d32b029daf970a304e251f587d.jpg
https://gss3.bdstatic.com/-Po3dSag_xI4khGkpoWK1HF6hhy/baike/c0%3Dbaike116%2C5%2C5%2C116%2C38/sign=3a4510246c81800a7ae8815cd05c589f/bba1cd11728b4710520f1467c3cec3fdfc03237d.jpg
https://gss0.bdstatic.com/94o3dSag_xI4khGkpoWK1HF6hhy/baike/c0%3Dbaike116%2C5%2C5%2C116%2C38/sign=be3caf16a9773912d02b8d339970ed7d/0b7b02087bf40ad12ae62e48572c11dfa9ecce1f.jpg
https://gss2.bdstatic.com/-fo3dSag_xI4khGkpoWK1HF6hhy/baike/c0%3Dbaike116%2C5%2C5%2C116%2C38/sign=b6265a83367adab429dd1311eabdd879/562c11dfa9ec8a132d18be4bf703918fa0ecc01f.jpg
https://gss1.bdstatic.com/9vo3dSag_xI4khGkpoWK1HF6hhy/baike/c0%3Dbaike116%2C5%2C5%2C116%2C38/sign=c953f98495cad1c8c4b6f4751e570c6c/7c1ed21b0ef41bd55473015f51da81cb39db3d7d.jpg
https://gss0.bdstatic.com/-4o3dSag_xI4khGkpoWK1HF6hhy/baike/c0%3Dbaike116%2C5%2C5%2C116%2C38/sign=7407c3abe924b899ca31716a0f6f76f0/54fbb2fb43166d221375fc3f462309f79052d21f.jpg

https://gss0.bdstatic.com/94o3dSag_xI4khGkpoWK1HF6hhy/baike/c0%3Dbaike150%2C5%2C5%2C150%2C50/sign=2a1e8269e0fe9925df01610255c135ba/7e3e6709c93d70cf2bf030a1f8dcd100baa12b17.jpg
https://gss0.bdstatic.com/-4o3dSag_xI4khGkpoWK1HF6hhy/baike/c0%3Dbaike150%2C5%2C5%2C150%2C50/sign=d30516a49b504fc2b652b85784b48c74/d058ccbf6c81800ae5f313a2b13533fa828b470c.jpg
https://gss1.bdstatic.com/9vo3dSag_xI4khGkpoWK1HF6hhy/baike/c0%3Dbaike80%2C5%2C5%2C80%2C26/sign=c51d87a8349b033b3885f48874a75db6/6609c93d70cf3bc78e0a5740d100baa1cd112a17.jpg
https://gss2.bdstatic.com/9fo3dSag_xI4khGkpoWK1HF6hhy/baike/c0%3Dbaike220%2C5%2C5%2C220%2C73/sign=269ff1438db1cb132a643441bc3d3d2b/c83d70cf3bc79f3deaeb7e9cbaa1cd11728b2917.jpg
https://gss1.bdstatic.com/-vo3dSag_xI4khGkpoWK1HF6hhy/baike/c0%3Dbaike80%2C5%2C5%2C80%2C26/sign=6509dd920cf3d7ca18fb37249376d56c/cdbf6c81800a19d841151ea933fa828ba61e460c.jpg
https://gss3.bdstatic.com/-Po3dSag_xI4khGkpoWK1HF6hhy/baike/c0%3Dbaike80%2C5%2C5%2C80%2C26/sign=27acaca75bb5c9ea76fe0bb1b450dd65/71cf3bc79f3df8dcc237153dcd11728b47102817.jpg

https://gss3.bdstatic.com/-Po3dSag_xI4khGkpoWK1HF6hhy/baike/c0%3Dbaike150%2C5%2C5%2C150%2C50/sign=72f4f314cd11728b24208470a995a8ab/d833c895d143ad4b72e73a4582025aafa50f066d.jpg
https://gss0.bdstatic.com/-4o3dSag_xI4khGkpoWK1HF6hhy/baike/c0%3Dbaike180%2C5%2C5%2C180%2C60/sign=69e53b3e4710b912abccfeaca2949766/c995d143ad4bd113d704cbb75aafa40f4afb056d.jpg
https://gss1.bdstatic.com/-vo3dSag_xI4khGkpoWK1HF6hhy/baike/c0%3Dbaike150%2C5%2C5%2C150%2C50/sign=fae9808870cf3bc7fc0dc5beb069d1c4/e7cd7b899e510fb392c40b12d933c895d0430c51.jpg
https://gss1.bdstatic.com/-vo3dSag_xI4khGkpoWK1HF6hhy/baike/c0%3Dbaike220%2C5%2C5%2C220%2C73/sign=6d088a7bc3fdfc03f175ebeab556ecf1/d043ad4bd11373f027f6131aa40f4bfbfaed046d.jpg
https://gss3.bdstatic.com/-Po3dSag_xI4khGkpoWK1HF6hhy/baike/c0%3Dbaike150%2C5%2C5%2C150%2C50/sign=250f0183acaf2eddc0fc41bbec796a8c/bd315c6034a85edfdeb781a649540923dd54757f.jpg

https://gss0.bdstatic.com/94o3dSag_xI4khGkpoWK1HF6hhy/baike/c0%3Dbaike80%2C5%2C5%2C80%2C26/sign=e9d868439c82d158af8f51e3e16372bd/2f738bd4b31c8701995a5c4b277f9e2f0608ffab.jpg
https://gss1.bdstatic.com/-vo3dSag_xI4khGkpoWK1HF6hhy/baike/c0%3Dbaike116%2C5%2C5%2C116%2C38/sign=f4df1308d143ad4bb2234e92e36b31ca/f703738da97739129ef76bccf8198618377ae24e.jpg
https://gss2.bdstatic.com/9fo3dSag_xI4khGkpoWK1HF6hhy/baike/c0%3Dbaike80%2C5%2C5%2C80%2C26/sign=a6530ac5ccbf6c81e33a24badd57da50/b21c8701a18b87d61dae45b2070828381e30fdab.jpg
https://gss3.bdstatic.com/-Po3dSag_xI4khGkpoWK1HF6hhy/baike/c0%3Dbaike80%2C5%2C5%2C80%2C26/sign=ea8917226c81800a7ae8815cd05c589f/8601a18b87d6277fa5fedc9528381f30e824fcab.jpg
https://gss0.bdstatic.com/-4o3dSag_xI4khGkpoWK1HF6hhy/baike/c0%3Dbaike150%2C5%2C5%2C150%2C50/sign=4f21599f5aafa40f28cbc68fca0d682a/a08b87d6277f9e2f3bd9f3a51f30e924b999f3ab.jpg

https://gss0.bdstatic.com/94o3dSag_xI4khGkpoWK1HF6hhy/baike/c0%3Dbaike180%2C5%2C5%2C180%2C60/sign=7011043565380cd7f213aabfc02dc651/77c6a7efce1b9d163d9561e4f3deb48f8d5464e1.jpg
https://gss3.bdstatic.com/-Po3dSag_xI4khGkpoWK1HF6hhy/baike/c0%3Dbaike116%2C5%2C5%2C116%2C38/sign=570242e194eef01f591910978197f240/b03533fa828ba61e4b5e33aa4134970a314e5987.jpg
https://gss0.bdstatic.com/94o3dSag_xI4khGkpoWK1HF6hhy/baike/c0%3Dbaike116%2C5%2C5%2C116%2C38/sign=7217ab8d0cd79123f4ed9c26cc5d32e7/b8389b504fc2d5623da22b68e71190ef77c66c89.jpg
https://gss0.bdstatic.com/-4o3dSag_xI4khGkpoWK1HF6hhy/baike/c0%3Dbaike150%2C5%2C5%2C150%2C50/sign=aa866666fd1f4134f43a0d2c4476feaf/dcc451da81cb39dbba659cd3d0160924aa183089.jpg
https://gss1.bdstatic.com/9vo3dSag_xI4khGkpoWK1HF6hhy/baike/c0%3Dbaike150%2C5%2C5%2C150%2C50/sign=23758da36d224f4a43947b41689efb37/3bf33a87e950352a57d2de8d5343fbf2b3118b80.jpg

https://gss3.bdstatic.com/-Po3dSag_xI4khGkpoWK1HF6hhy/baike/c0%3Dbaike180%2C5%2C5%2C180%2C60/sign=309ec0f11fce36d3b6098b625b9a51e2/00e93901213fb80e10c75dfc3cd12f2eb9389482.jpg
https://gss1.bdstatic.com/9vo3dSag_xI4khGkpoWK1HF6hhy/baike/c0%3Dbaike220%2C5%2C5%2C220%2C73/sign=fe2fa6d873310a55d029d6a6d62c28cc/29381f30e924b899a018451364061d950a7bf6f0.jpg
https://gss1.bdstatic.com/-vo3dSag_xI4khGkpoWK1HF6hhy/baike/c0%3Dbaike272%2C5%2C5%2C272%2C90/sign=a602b94af2198618554ae7d62b844516/63d9f2d3572c11dfbcf58308692762d0f703c2f0.jpg
https://gss3.bdstatic.com/-Po3dSag_xI4khGkpoWK1HF6hhy/baike/c0%3Dbaike272%2C5%2C5%2C272%2C90/sign=790653b4ae0f4bfb98dd960662261395/f9198618367adab4b1e9276881d4b31c8701e4e4.jpg
https://gss1.bdstatic.com/9vo3dSag_xI4khGkpoWK1HF6hhy/baike/c0%3Dbaike272%2C5%2C5%2C272%2C90/sign=ae7bc0267acf3bc7fc0dc5beb069d1c4/80cb39dbb6fd52661964003fa118972bd4073649.jpg
https://gss0.bdstatic.com/94o3dSag_xI4khGkpoWK1HF6hhy/baike/c0%3Dbaike180%2C5%2C5%2C180%2C60/sign=238ff5189845d688b70fbaf6c5ab167b/5bafa40f4bfbfbed4b160a5472f0f736afc31f49.jpg

https://gss0.bdstatic.com/94o3dSag_xI4khGkpoWK1HF6hhy/baike/c0%3Dbaike150%2C5%2C5%2C150%2C50/sign=c565fc54902397ddc274905638ebd9d2/9c16fdfaaf51f3de14d27cd795eef01f3a297925.jpg
https://gss3.bdstatic.com/7Po3dSag_xI4khGkpoWK1HF6hhy/baike/c0%3Dbaike150%2C5%2C5%2C150%2C50/sign=15ea20210df431ada8df4b6b2a5fc7ca/f11f3a292df5e0fe3e784cb25d6034a85edf7225.jpg
https://gss1.bdstatic.com/9vo3dSag_xI4khGkpoWK1HF6hhy/baike/c0%3Dbaike150%2C5%2C5%2C150%2C50/sign=a5a9c12ecaef7609280691cd4fb4c8a9/2cf5e0fe9925bc31f53dc42b5fdf8db1cb137025.jpg
https://gss2.bdstatic.com/9fo3dSag_xI4khGkpoWK1HF6hhy/baike/c0%3Dbaike116%2C5%2C5%2C116%2C38/sign=feedae5c8cb1cb132a643441bc3d3d2b/94cad1c8a786c917b57b978ac83d70cf3bc7570d.jpg
https://gss1.bdstatic.com/-vo3dSag_xI4khGkpoWK1HF6hhy/baike/c0%3Dbaike116%2C5%2C5%2C116%2C38/sign=0656b9d70823dd54357eaf3ab060d8bb/c8177f3e6709c93dbd8acb449e3df8dcd100540d.jpg
https://gss1.bdstatic.com/-vo3dSag_xI4khGkpoWK1HF6hhy/baike/c0%3Dbaike150%2C5%2C5%2C150%2C50/sign=e66b5c2c2fdda3cc1fe9b07260805264/5d6034a85edf8db1664eb9d70823dd54564e7425.jpg
https://gss1.bdstatic.com/9vo3dSag_xI4khGkpoWK1HF6hhy/baike/c0%3Dbaike150%2C5%2C5%2C150%2C50/sign=48604cb25d6034a83defb0d3aa7a2231/71cf3bc79f3df8dc00454a22cc11728b4710280d.jpg
https://gss0.bdstatic.com/94o3dSag_xI4khGkpoWK1HF6hhy/baike/c0%3Dbaike116%2C5%2C5%2C116%2C38/sign=9f7349bb9a504fc2b652b85784b48c74/8cb1cb13495409236d09a6cd9358d109b3de4925.jpg
https://gss2.bdstatic.com/9fo3dSag_xI4khGkpoWK1HF6hhy/baike/c0%3Dbaike116%2C5%2C5%2C116%2C38/sign=290dbf41d462853586edda73f1861da3/48540923dd54564e2005218ab2de9c82d1584f25.jpg
https://gss0.bdstatic.com/-4o3dSag_xI4khGkpoWK1HF6hhy/baike/c0%3Dbaike150%2C5%2C5%2C150%2C50/sign=8d5cd1bcb90e7bec37d70bb34e47d25d/dc54564e9258d10907836c01d058ccbf6c814d25.jpg
https://gss1.bdstatic.com/-vo3dSag_xI4khGkpoWK1HF6hhy/baike/c0%3Dbaike150%2C5%2C5%2C150%2C50/sign=9462488d7aec54e755e1124cd851f035/574e9258d109b3de29df21dbcdbf6c81800a4c25.jpg

https://gss3.bdstatic.com/7Po3dSag_xI4khGkpoWK1HF6hhy/baike/c0%3Dbaike150%2C5%2C5%2C150%2C50/sign=bd6581c3918fa0ec6bca6c5f47fe328b/d52a2834349b033b8400bf2a15ce36d3d439bdb2.jpg
https://gss0.bdstatic.com/94o3dSag_xI4khGkpoWK1HF6hhy/baike/c0%3Dbaike150%2C5%2C5%2C150%2C50/sign=931cdbaeddc451dae2fb04b9d7943903/b219ebc4b74543a90aefb93c1e178a82b801144d.jpg
https://gss2.bdstatic.com/9fo3dSag_xI4khGkpoWK1HF6hhy/baike/c0%3Dbaike116%2C5%2C5%2C116%2C38/sign=4bfabe55d143ad4bb2234e92e36b31ca/f703738da977391221d2c691f8198618377ae24e.jpg
https://gss2.bdstatic.com/-fo3dSag_xI4khGkpoWK1HF6hhy/baike/c0%3Dbaike150%2C5%2C5%2C150%2C50/sign=1dd09d04b74543a9e116f29e7f7ee1e7/0b7b02087bf40ad1cc108413572c11dfa8ecce4e.jpg
https://gss0.bdstatic.com/94o3dSag_xI4khGkpoWK1HF6hhy/baike/c0%3Dbaike150%2C5%2C5%2C150%2C50/sign=8d822f42b2b7d0a26fc40ccfaa861d6c/8d5494eef01f3a290d43963e9925bc315d607cb2.jpg
https://gss3.bdstatic.com/-Po3dSag_xI4khGkpoWK1HF6hhy/baike/c0%3Dbaike150%2C5%2C5%2C150%2C50/sign=86eb398a20a446236ac7ad30f94b196b/e850352ac65c1038b88a8d32b2119313b17e894e.jpg
https://gss1.bdstatic.com/9vo3dSag_xI4khGkpoWK1HF6hhy/baike/c0%3Dbaike150%2C5%2C5%2C150%2C50/sign=d833a1ea6059252db71a155655f2685e/77094b36acaf2edda2060a198d1001e93801934e.jpg
https://gss1.bdstatic.com/9vo3dSag_xI4khGkpoWK1HF6hhy/baike/c0%3Dbaike150%2C5%2C5%2C150%2C50/sign=960579e442a7d933aba5ec21cc22ba76/8718367adab44aedb7c5fd14b31c8701a08bfbb3.jpg
https://gss1.bdstatic.com/9vo3dSag_xI4khGkpoWK1HF6hhy/baike/c0%3Dbaike150%2C5%2C5%2C150%2C50/sign=f21ff4e6cffc1e17e9b284632bf99d66/0bd162d9f2d3572ca069df2c8a13632763d0c3b3.jpg
https://gss2.bdstatic.com/-fo3dSag_xI4khGkpoWK1HF6hhy/baike/c0%3Dbaike150%2C5%2C5%2C150%2C50/sign=bf584bad55fbb2fb202650402e234bc1/37d3d539b6003af3dc319f90352ac65c1138b6b3.jpg
https://gss1.bdstatic.com/-vo3dSag_xI4khGkpoWK1HF6hhy/baike/c0%3Dbaike116%2C5%2C5%2C116%2C38/sign=b4f3dbf45982b2b7b392319650c4a08a/e4dde71190ef76c6b258b8db9d16fdfaae5167b3.jpg
https://gss2.bdstatic.com/9fo3dSag_xI4khGkpoWK1HF6hhy/baike/c0%3Dbaike150%2C5%2C5%2C150%2C50/sign=bf4dd991f3deb48fef64a98c9176514c/960a304e251f95ca937fd146c9177f3e660952b3.jpg
https://gss3.bdstatic.com/-Po3dSag_xI4khGkpoWK1HF6hhy/baike/c0%3Dbaike116%2C5%2C5%2C116%2C38/sign=c36e30e309f79052fb124f6c6d9abcaf/5ab5c9ea15ce36d336f3c0c03af33a87e850b14f.jpg
https://gss3.bdstatic.com/-Po3dSag_xI4khGkpoWK1HF6hhy/baike/c0%3Dbaike150%2C5%2C5%2C150%2C50/sign=639253edd42a283457ab3e593adca28f/adaf2edda3cc7cd98edb77293901213fb90e914f.jpg
https://gss0.bdstatic.com/94o3dSag_xI4khGkpoWK1HF6hhy/baike/c0%3Dbaike150%2C5%2C5%2C150%2C50/sign=06e679730f2442a7ba03f5f7b02ac62e/f9198618367adab4d25a58b38bd4b31c8601e4bc.jpg
https://gss0.bdstatic.com/-4o3dSag_xI4khGkpoWK1HF6hhy/baike/c0%3Dbaike150%2C5%2C5%2C150%2C50/sign=00b83d3bfbedab64607f4592965fc4a6/9f2f070828381f304d93ce59a9014c086f06f0bc.jpg

https://gss3.bdstatic.com/-Po3dSag_xI4khGkpoWK1HF6hhy/baike/c0%3Dbaike92%2C5%2C5%2C92%2C30/sign=2ff473a6a3cc7cd9ee203c8b58684a5a/d1160924ab18972b575c6881e6cd7b899e510a12.jpg
https://gss1.bdstatic.com/-vo3dSag_xI4khGkpoWK1HF6hhy/baike/c0%3Dbaike92%2C5%2C5%2C92%2C30/sign=d9bc6baa2f2eb938f86072a0b40bee50/0e2442a7d933c8955c18f030d11373f082020012.jpg
https://gss1.bdstatic.com/9vo3dSag_xI4khGkpoWK1HF6hhy/baike/c0%3Dbaike92%2C5%2C5%2C92%2C30/sign=efcc46aead6eddc432eabca958b2dd98/472309f79052982293365188d7ca7bcb0a46d470.jpg
https://gss2.bdstatic.com/9fo3dSag_xI4khGkpoWK1HF6hhy/baike/c0%3Dbaike92%2C5%2C5%2C92%2C30/sign=5440c06dfdfaaf5190ee89eded3dff8b/aa64034f78f0f7363598244a0a55b319ebc41312.jpg
https://gss1.bdstatic.com/9vo3dSag_xI4khGkpoWK1HF6hhy/baike/c0%3Dbaike92%2C5%2C5%2C92%2C30/sign=8ab1c32a0fb30f242197e451a9fcba26/eaf81a4c510fd9f926123d22252dd42a2834a470.jpg
https://gss2.bdstatic.com/-fo3dSag_xI4khGkpoWK1HF6hhy/baike/c0%3Dbaike92%2C5%2C5%2C92%2C30/sign=2f0b95eed143ad4bb2234e92e36b31ca/6159252dd42a2834c2a35e405bb5c9ea15cebf70.jpg
https://gss1.bdstatic.com/9vo3dSag_xI4khGkpoWK1HF6hhy/baike/c0%3Dbaike92%2C5%2C5%2C92%2C30/sign=23038c72b3de9c82b268f1dd0de8eb6f/f9198618367adab4fbb673088bd4b31c8701e413.jpg
https://gss1.bdstatic.com/9vo3dSag_xI4khGkpoWK1HF6hhy/baike/c0%3Dbaike92%2C5%2C5%2C92%2C30/sign=a083e145b13533fae1bb9b7cc9ba967a/8601a18b87d6277f27745a7328381f30e924fc13.jpg
https://gss3.bdstatic.com/7Po3dSag_xI4khGkpoWK1HF6hhy/baike/c0%3Dbaike92%2C5%2C5%2C92%2C30/sign=1788a0644134970a537e187df4a3baad/29381f30e924b899165a11736e061d950a7bf613.jpg
https://gss1.bdstatic.com/-vo3dSag_xI4khGkpoWK1HF6hhy/baike/c0%3Dbaike80%2C5%2C5%2C80%2C26/sign=ded8985a530fd9f9b41a5d3b4444bf4f/314e251f95cad1c892a64b017d3e6709c93d51f2.jpg
https://gss0.bdstatic.com/-4o3dSag_xI4khGkpoWK1HF6hhy/baike/c0%3Dbaike92%2C5%2C5%2C92%2C30/sign=65c758efd52a6059461de948495d5ffe/4034970a304e251fa10250dea586c9177f3e531a.jpg

https://gss3.bdstatic.com/7Po3dSag_xI4khGkpoWK1HF6hhy/baike/c0%3Dbaike92%2C5%2C5%2C92%2C30/sign=c053275735fae6cd18b9a3336eda6441/f7246b600c338744bc80e91c510fd9f9d72aa00d.jpg
https://gss1.bdstatic.com/-vo3dSag_xI4khGkpoWK1HF6hhy/baike/c0%3Dbaike272%2C5%2C5%2C272%2C90/sign=0c45d5c759ee3d6d36cb8f99227f0647/500fd9f9d72a60597855277a2834349b033bba0d.jpg
https://gss3.bdstatic.com/7Po3dSag_xI4khGkpoWK1HF6hhy/baike/c0%3Dbaike272%2C5%2C5%2C272%2C90/sign=0696ce3d55fbb2fb202650402e234bc1/d62a6059252dd42a774cc7cb033b5bb5c9eab80d.jpg
https://gss3.bdstatic.com/-Po3dSag_xI4khGkpoWK1HF6hhy/baike/c0%3Dbaike150%2C5%2C5%2C150%2C50/sign=947b62dfa0ec08fa320d1bf538875608/2934349b033b5bb5aa92e69e36d3d539b600bc0d.jpg
https://gss3.bdstatic.com/7Po3dSag_xI4khGkpoWK1HF6hhy/baike/c0%3Dbaike92%2C5%2C5%2C92%2C30/sign=3dd7575f4bfbfbedc8543e2d19999c53/c8ea15ce36d3d539d178c9a33a87e950352ab00d.jpg
https://gss3.bdstatic.com/-Po3dSag_xI4khGkpoWK1HF6hhy/baike/c0%3Dbaike150%2C5%2C5%2C150%2C50/sign=3e8341ab43166d222c7a1dc6274a6292/b7003af33a87e9505e52350c10385343fbf2b40d.jpg
https://gss1.bdstatic.com/-vo3dSag_xI4khGkpoWK1HF6hhy/baike/c0%3Dbaike180%2C5%2C5%2C180%2C60/sign=005abc1a20a446236ac7ad30f94b196b/3b87e950352ac65c7d40a013fbf2b21193138a0d.jpg
https://gss1.bdstatic.com/9vo3dSag_xI4khGkpoWK1HF6hhy/baike/c0%3Dbaike220%2C5%2C5%2C220%2C73/sign=0376ffa3d7ca7bcb6976cf7ddf600006/11385343fbf2b211e26b432eca8065380cd78e0d.jpg
https://gss1.bdstatic.com/-vo3dSag_xI4khGkpoWK1HF6hhy/baike/c0%3Dbaike180%2C5%2C5%2C180%2C60/sign=798b249a7bcb0a46912f836b0a0a9d41/9213b07eca80653879af627397dda144ad34820d.jpg
https://gss1.bdstatic.com/9vo3dSag_xI4khGkpoWK1HF6hhy/baike/c0%3Dbaike220%2C5%2C5%2C220%2C73/sign=8f5c98300c33874488c8272e3066b29c/0dd7912397dda144d44caad2b2b7d0a20cf4860d.jpg
https://gss3.bdstatic.com/-Po3dSag_xI4khGkpoWK1HF6hhy/baike/c0%3Dbaike150%2C5%2C5%2C150%2C50/sign=c5719833f6246b606f03ba268a917129/96dda144ad345982c9cf23f20cf431adcbef840d.jpg
https://gss3.bdstatic.com/7Po3dSag_xI4khGkpoWK1HF6hhy/baike/c0%3Dbaike150%2C5%2C5%2C150%2C50/sign=734b7414ebf81a4c323fe49bb6430b3c/b3b7d0a20cf431adb49785594b36acaf2edd980d.jpg
https://gss1.bdstatic.com/9vo3dSag_xI4khGkpoWK1HF6hhy/baike/c0%3Dbaike92%2C5%2C5%2C92%2C30/sign=31290b498618367ab984778f4f1ae0b1/0df431adcbef7609ca4e5fff2edda3cc7cd99e0d.jpg
https://gss1.bdstatic.com/9vo3dSag_xI4khGkpoWK1HF6hhy/baike/c0%3Dbaike220%2C5%2C5%2C220%2C73/sign=a37fa9ffa40f4bfb98dd960662261395/8ad4b31c8701a18ba6abd42f9e2f07082838fe0a.jpg
https://gss3.bdstatic.com/-Po3dSag_xI4khGkpoWK1HF6hhy/baike/c0%3Dbaike80%2C5%2C5%2C80%2C26/sign=8cf13a6d0a55b31988f48a2722c0e943/faf2b2119313b07ee9b226640cd7912397dd8c4a.jpg
https://gss0.bdstatic.com/94o3dSag_xI4khGkpoWK1HF6hhy/baike/c0%3Dbaike150%2C5%2C5%2C150%2C50/sign=9503f55c3af33a878a600848a7357b5d/55e736d12f2eb938db6a0c9ed5628535e5dd6f52.jpg
https://gss2.bdstatic.com/-fo3dSag_xI4khGkpoWK1HF6hhy/baike/c0%3Dbaike60%2C5%2C5%2C60%2C20/sign=701e9e9bab773912d02b8d339970ed7d/30adcbef76094b362ab2c3cba1cc7cd98d109df0.jpg
https://gss0.bdstatic.com/94o3dSag_xI4khGkpoWK1HF6hhy/baike/c0%3Dbaike60%2C5%2C5%2C60%2C20/sign=0632ea1e2a381f308a1485fbc868276d/9a504fc2d56285357dc00a0792ef76c6a7ef63f0.jpg
https://gss3.bdstatic.com/7Po3dSag_xI4khGkpoWK1HF6hhy/baike/c0%3Dbaike60%2C5%2C5%2C60%2C20/sign=5590ba3a13dfa9ece9235e4503b99c66/8d5494eef01f3a298ab60de89b25bc315c607c9e.jpg
https://gss0.bdstatic.com/-4o3dSag_xI4khGkpoWK1HF6hhy/baike/c0%3Dbaike60%2C5%2C5%2C60%2C20/sign=756b558fab014c080d3620f76b12696d/e4dde71190ef76c63ba0230d9f16fdfaaf5167a2.jpg
https://gss3.bdstatic.com/-Po3dSag_xI4khGkpoWK1HF6hhy/baike/c0%3Dbaike60%2C5%2C5%2C60%2C20/sign=9be7ab350bf79052fb124f6c6d9abcaf/9d82d158ccbf6c813b49f4cebe3eb13533fa409e.jpg
https://gss0.bdstatic.com/94o3dSag_xI4khGkpoWK1HF6hhy/baike/c0%3Dbaike60%2C5%2C5%2C60%2C20/sign=10a3e5ec533d26973ade000f3492d99e/35a85edf8db1cb13f91be435df54564e92584ba2.jpg
https://gss2.bdstatic.com/9fo3dSag_xI4khGkpoWK1HF6hhy/baike/c0%3Dbaike60%2C5%2C5%2C60%2C20/sign=f6b09008d01b0ef478e5900cbcad3abf/9922720e0cf3d7ca29b9e750f01fbe096b63a94d.jpg
https://gss1.bdstatic.com/-vo3dSag_xI4khGkpoWK1HF6hhy/baike/c0%3Dbaike60%2C5%2C5%2C60%2C20/sign=b4b87d449a22720e6fc3eaa81aa26123/cdbf6c81800a19d801715c2331fa828ba61e46a2.jpg

https://gss1.bdstatic.com/9vo3dSag_xI4khGkpoWK1HF6hhy/baike/c0%3Dbaike80%2C5%2C5%2C80%2C26/sign=327294a2b2119313d34ef7e2045167b2/9345d688d43f8794c5f3124ed21b0ef41bd53a45.jpg
https://gss3.bdstatic.com/-Po3dSag_xI4khGkpoWK1HF6hhy/baike/c0%3Dbaike80%2C5%2C5%2C80%2C26/sign=d120fc43b07eca80060831b5f04afcb8/d53f8794a4c27d1eb12a61a41bd5ad6eddc43845.jpg
https://gss1.bdstatic.com/-vo3dSag_xI4khGkpoWK1HF6hhy/baike/c0%3Dbaike116%2C5%2C5%2C116%2C38/sign=f23b5f1e251f95cab2f89ae4a87e145b/a5c27d1ed21b0ef47ee4c23eddc451da81cb3e45.jpg
https://gss3.bdstatic.com/7Po3dSag_xI4khGkpoWK1HF6hhy/baike/c0%3Dbaike80%2C5%2C5%2C80%2C26/sign=02096387912397ddc274905638ebd9d2/d31b0ef41bd5ad6ebaf53e8a81cb39dbb6fd3c45.jpg
https://gss1.bdstatic.com/9vo3dSag_xI4khGkpoWK1HF6hhy/baike/c0%3Dbaike116%2C5%2C5%2C116%2C38/sign=b8f9c8d6c9177f3e0439f45f11a650a2/1ad5ad6eddc451dae8fa568bb6fd5266d0163245.jpg
https://gss0.bdstatic.com/94o3dSag_xI4khGkpoWK1HF6hhy/baike/c0%3Dbaike92%2C5%2C5%2C92%2C30/sign=590ed75e7bec54e755e1124cd851f035/7a899e510fb30f243a96b663c895d143ad4b0345.jpg
https://gss3.bdstatic.com/-Po3dSag_xI4khGkpoWK1HF6hhy/baike/c0%3Dbaike72%2C5%2C5%2C72%2C24/sign=c60536d2b2b7d0a26fc40ccfaa861d6c/dcc451da81cb39dbddcc3d36d0160924ab183045.jpg
https://gss1.bdstatic.com/-vo3dSag_xI4khGkpoWK1HF6hhy/baike/c0%3Dbaike92%2C5%2C5%2C92%2C30/sign=5c9ca4bf76094b36cf9f13bfc2a517bc/80cb39dbb6fd5266bd276674ab18972bd4073645.jpg
https://gss3.bdstatic.com/7Po3dSag_xI4khGkpoWK1HF6hhy/baike/c0%3Dbaike92%2C5%2C5%2C92%2C30/sign=19382466acaf2eddc0fc41bbec796a8c/b7fd5266d0160924c429f87bd40735fae6cd3445.jpg
https://gss1.bdstatic.com/9vo3dSag_xI4khGkpoWK1HF6hhy/baike/c0%3Dbaike60%2C5%2C5%2C60%2C20/sign=a19363a431adcbef15397654cdc645b8/d1160924ab18972ba5365aaae6cd7b899e510a45.jpg
https://gss3.bdstatic.com/-Po3dSag_xI4khGkpoWK1HF6hhy/baike/c0%3Dbaike80%2C5%2C5%2C80%2C26/sign=05382466acaf2eddc0fc41bbec796a8c/aa18972bd40735fa95fc14d99e510fb30f240845.jpg
https://gss1.bdstatic.com/-vo3dSag_xI4khGkpoWK1HF6hhy/baike/c0%3Dbaike80%2C5%2C5%2C80%2C26/sign=d99e418da3cc7cd9ee203c8b58684a5a/d50735fae6cd7b89eb6060e30f2442a7d9330e45.jpg
https://gss3.bdstatic.com/7Po3dSag_xI4khGkpoWK1HF6hhy/baike/c0%3Dbaike80%2C5%2C5%2C80%2C26/sign=d4fd13898d1001e95a311c5dd9671089/e7cd7b899e510fb378152df7d933c895d1430c45.jpg
https://gss1.bdstatic.com/9vo3dSag_xI4khGkpoWK1HF6hhy/baike/c0%3Dbaike92%2C5%2C5%2C92%2C30/sign=c13f14bc54e736d14c1e845afa3924a7/9f510fb30f2442a7a002a7c5d143ad4bd1130245.jpg
https://gss3.bdstatic.com/-Po3dSag_xI4khGkpoWK1HF6hhy/baike/c0%3Dbaike60%2C5%2C5%2C60%2C20/sign=f6216eb93901213fdb3e468e358e5db4/0e2442a7d933c895aa72c21bd11373f082020045.jpg
