
https://gss1.bdstatic.com/-vo3dSag_xI4khGkpoWK1HF6hhy/baike/c0%3Dbaike150%2C5%2C5%2C150%2C50/sign=85a8e872a7efce1bfe26c098ce3898bb/838ba61ea8d3fd1f547309be304e251f95ca5f3f.jpg
https://gss0.bdstatic.com/94o3dSag_xI4khGkpoWK1HF6hhy/baike/c0%3Dbaike150%2C5%2C5%2C150%2C50/sign=d058a49d2df5e0fefa1581533d095fcd/c8177f3e6709c93d5088a5739f3df8dcd100543f.jpg
https://gss2.bdstatic.com/9fo3dSag_xI4khGkpoWK1HF6hhy/baike/c0%3Dbaike150%2C5%2C5%2C150%2C50/sign=b8219247d7ca7bcb6976cf7ddf600006/9213b07eca806538c6f80f9797dda144ad348220.jpg
https://gss3.bdstatic.com/-Po3dSag_xI4khGkpoWK1HF6hhy/baike/c0%3Dbaike150%2C5%2C5%2C150%2C50/sign=b84f92878744ebf8797c6c6db890bc4f/5882b2b7d0a20cf4e282555b76094b36acaf9920.jpg
https://gss1.bdstatic.com/9vo3dSag_xI4khGkpoWK1HF6hhy/baike/c0%3Dbaike150%2C5%2C5%2C150%2C50/sign=7109bbab95cad1c8c4b6f4751e570c6c/5366d0160924ab18d66c4ab335fae6cd7b890b3f.jpg

https://gss1.bdstatic.com/-vo3dSag_xI4khGkpoWK1HF6hhy/baike/c0%3Dbaike80%2C5%2C5%2C80%2C26/sign=ccbb29a5b31bb0519b29bb7a5713b1d1/30adcbef76094b36c9633e6aa3cc7cd98c109d47.jpg
https://gss1.bdstatic.com/9vo3dSag_xI4khGkpoWK1HF6hhy/baike/c0%3Dbaike80%2C5%2C5%2C80%2C26/sign=7e82293c87d6277ffd1f3a6a49517455/b90e7bec54e736d1d6ad318f9b504fc2d46269ff.jpg

https://gss3.bdstatic.com/-Po3dSag_xI4khGkpoWK1HF6hhy/baike/c0%3Dbaike150%2C5%2C5%2C150%2C50/sign=84260cc78f35e5dd8421ad8d17afcc8a/810a19d8bc3eb135f81e5b2eac1ea8d3fc1f444e.jpg
https://gss2.bdstatic.com/9fo3dSag_xI4khGkpoWK1HF6hhy/baike/crop%3D0%2C0%2C1000%2C658%3Bc0%3Dbaike116%2C5%2C5%2C116%2C38/sign=7cbce50db1014a9095711cfd94471522/ac6eddc451da81cb5b70d9725a66d016082431fe.jpg
https://gss0.bdstatic.com/94o3dSag_xI4khGkpoWK1HF6hhy/baike/c0%3Dbaike80%2C5%2C5%2C80%2C26/sign=59ee5ea75266d0166a14967af642bf62/bf096b63f6246b606c066f1eebf81a4c510fa254.jpg
https://gss3.bdstatic.com/-Po3dSag_xI4khGkpoWK1HF6hhy/baike/c0%3Dbaike92%2C5%2C5%2C92%2C30/sign=dd950cacb31c8701c2bbbab44616f54a/2fdda3cc7cd98d10f20fbe79213fb80e7aec909b.jpg

https://gss1.bdstatic.com/9vo3dSag_xI4khGkpoWK1HF6hhy/baike/c0%3Dbaike92%2C5%2C5%2C92%2C30/sign=61e5613a279759ee5e5d6899d3922873/2cf5e0fe9925bc31357f04af5fdf8db1cb1370e2.jpg
https://gss2.bdstatic.com/9fo3dSag_xI4khGkpoWK1HF6hhy/baike/c0%3Dbaike92%2C5%2C5%2C92%2C30/sign=70708b084afbfbedc8543e2d19999c53/c8ea15ce36d3d5399cdf15f43b87e950352ab022.jpg
https://gss3.bdstatic.com/-Po3dSag_xI4khGkpoWK1HF6hhy/baike/c0%3Dbaike92%2C5%2C5%2C92%2C30/sign=25c8a585b8014a9095334eefc81e5277/64380cd7912397dd9a9b82335882b2b7d0a28722.jpg
https://gss1.bdstatic.com/9vo3dSag_xI4khGkpoWK1HF6hhy/baike/c0%3Dbaike92%2C5%2C5%2C92%2C30/sign=c4273cd0902397ddc274905638ebd9d2/d53f8794a4c27d1e73043ef31ad5ad6eddc438e2.jpg
https://gss2.bdstatic.com/9fo3dSag_xI4khGkpoWK1HF6hhy/baike/c0%3Dbaike92%2C5%2C5%2C92%2C30/sign=a6eb01aacaef7609280691cd4fb4c8a9/50da81cb39dbb6fdf879e0110824ab18972b37e2.jpg
https://gss3.bdstatic.com/7Po3dSag_xI4khGkpoWK1HF6hhy/baike/c0%3Dbaike92%2C5%2C5%2C92%2C30/sign=6a7db532e4dde711f3df4ba4c686a57e/d01373f082025aaf1b107bfcfaedab64034f1ae2.jpg
https://gss0.bdstatic.com/94o3dSag_xI4khGkpoWK1HF6hhy/baike/c0%3Dbaike92%2C5%2C5%2C92%2C30/sign=fdead0f99825bc313f5009ca3fb6e6d4/42a98226cffc1e175a9d89064b90f603738de9e3.jpg
https://gss0.bdstatic.com/-4o3dSag_xI4khGkpoWK1HF6hhy/baike/c0%3Dbaike92%2C5%2C5%2C92%2C30/sign=8a51a25fd009b3deffb2ec3aadd607e4/b151f8198618367a06ab7aea2f738bd4b31ce5e3.jpg
https://gss3.bdstatic.com/7Po3dSag_xI4khGkpoWK1HF6hhy/baike/c0%3Dbaike92%2C5%2C5%2C92%2C30/sign=ad58c657342ac65c73086e219a9bd974/bba1cd11728b47102ecde7fbc2cec3fdfc032322.jpg
https://gss2.bdstatic.com/9fo3dSag_xI4khGkpoWK1HF6hhy/baike/c0%3Dbaike92%2C5%2C5%2C92%2C30/sign=7a7d23f330adcbef15397654cdc645b8/dcc451da81cb39db1c227d61d1160924ab183022.jpg
https://gss0.bdstatic.com/-4o3dSag_xI4khGkpoWK1HF6hhy/baike/c0%3Dbaike92%2C5%2C5%2C92%2C30/sign=543059c1a6efce1bfe26c098ce3898bb/a50f4bfbfbedab64c79057f7f636afc379311e22.jpg
https://gss0.bdstatic.com/-4o3dSag_xI4khGkpoWK1HF6hhy/baike/c0%3Dbaike92%2C5%2C5%2C92%2C30/sign=68ee736735a85edfee81f671283d6246/1f178a82b9014a9022dc5c8aa8773912b31bee23.jpg
https://gss1.bdstatic.com/-vo3dSag_xI4khGkpoWK1HF6hhy/baike/c0%3Dbaike92%2C5%2C5%2C92%2C30/sign=65d536dfbd3eb13550cabfe9c777c3b6/b21c8701a18b87d6c2a0b128060828381f30fd23.jpg
https://gss1.bdstatic.com/9vo3dSag_xI4khGkpoWK1HF6hhy/baike/c0%3Dbaike92%2C5%2C5%2C92%2C30/sign=7832831cb151f819e5280b18bbdd2188/b3b7d0a20cf431ad8acf460e4a36acaf2edd98e3.jpg
https://gss1.bdstatic.com/-vo3dSag_xI4khGkpoWK1HF6hhy/baike/c0%3Dbaike92%2C5%2C5%2C92%2C30/sign=c61dd3049345d688b70fbaf6c5ab167b/279759ee3d6d55fbb71b6c116c224f4a20a4dd23.jpg
https://gss1.bdstatic.com/9vo3dSag_xI4khGkpoWK1HF6hhy/baike/c0%3Dbaike92%2C5%2C5%2C92%2C30/sign=70ff99eb8b13632701e0ca61f0e6cb89/fcfaaf51f3deb48fed74a4e9f11f3a292df578e3.jpg
https://gss2.bdstatic.com/-fo3dSag_xI4khGkpoWK1HF6hhy/baike/c0%3Dbaike92%2C5%2C5%2C92%2C30/sign=6569b1560eb30f242197e451a9fcba26/eaf81a4c510fd9f9c9ca4f5e242dd42a2834a423.jpg

https://gss2.bdstatic.com/-fo3dSag_xI4khGkpoWK1HF6hhy/baike/c0%3Dbaike92%2C5%2C5%2C92%2C30/sign=c0295b64f7246b606f03ba268a917129/18d8bc3eb13533fafcab9619a9d3fd1f41345be3.jpg

https://gss3.bdstatic.com/7Po3dSag_xI4khGkpoWK1HF6hhy/baike/c0%3Dbaike92%2C5%2C5%2C92%2C30/sign=5ed9e72d6159252db71a155655f2685e/960a304e251f95ca56e89781c8177f3e670952e3.jpg
https://gss3.bdstatic.com/7Po3dSag_xI4khGkpoWK1HF6hhy/baike/c0%3Dbaike92%2C5%2C5%2C92%2C30/sign=719af5b34bed2e73e8e48e7ee668caee/77094b36acaf2edde42c53de8c1001e939019323.jpg
https://gss2.bdstatic.com/-fo3dSag_xI4khGkpoWK1HF6hhy/baike/c0%3Dbaike92%2C5%2C5%2C92%2C30/sign=971f88097aec54e755e1124cd851f035/7a899e510fb30f24f487e934c995d143ad4b03e3.jpg
https://gss2.bdstatic.com/-fo3dSag_xI4khGkpoWK1HF6hhy/baike/c0%3Dbaike92%2C5%2C5%2C92%2C30/sign=f1e2e5658435e5dd8421ad8d17afcc8a/ac4bd11373f08202e48f94084afbfbedab641be3.jpg
https://gss0.bdstatic.com/94o3dSag_xI4khGkpoWK1HF6hhy/baike/c0%3Dbaike92%2C5%2C5%2C92%2C30/sign=e0c25d090df3d7ca18fb37249376d56c/d009b3de9c82d158b45f4386810a19d8bc3e4223.jpg

https://gss2.bdstatic.com/-fo3dSag_xI4khGkpoWK1HF6hhy/baike/c0%3Dbaike80%2C5%2C5%2C80%2C26/sign=4dc517b6ac1ea8d39e2f7c56f6635b2b/1e30e924b899a9013237fb3b17950a7b0208f5b9.jpg
https://gss0.bdstatic.com/-4o3dSag_xI4khGkpoWK1HF6hhy/baike/c0%3Dbaike80%2C5%2C5%2C80%2C26/sign=5a87a247d0b44aed4d43b6b6d275ec64/2fdda3cc7cd98d10dd76ad3c2b3fb80e7bec9019.jpg
https://gss3.bdstatic.com/-Po3dSag_xI4khGkpoWK1HF6hhy/baike/c0%3Dbaike80%2C5%2C5%2C80%2C26/sign=19ad6622b4096b63951456026d5aec21/b03533fa828ba61ebb3869224b34970a314e59ec.jpg
https://gss2.bdstatic.com/9fo3dSag_xI4khGkpoWK1HF6hhy/baike/c0%3Dbaike80%2C5%2C5%2C80%2C26/sign=6b513876db1373f0e13267cdc566209e/5ab5c9ea15ce36d36f2b233d30f33a87e950b194.jpg
https://gss0.bdstatic.com/-4o3dSag_xI4khGkpoWK1HF6hhy/baike/c0%3Dbaike80%2C5%2C5%2C80%2C26/sign=453ed93564061d95694b3f6a1a9d61b4/e4dde71190ef76c64bd05b269716fdfaaf5167b9.jpg

https://gss2.bdstatic.com/-fo3dSag_xI4khGkpoWK1HF6hhy/baike/c0%3Dbaike150%2C5%2C5%2C150%2C50/sign=fc1bc0311bd5ad6ebef46cb8e0a252be/78310a55b319ebc499458d6c8226cffc1e171601.jpg
https://gss0.bdstatic.com/94o3dSag_xI4khGkpoWK1HF6hhy/baike/c0%3Dbaike150%2C5%2C5%2C150%2C50/sign=534fb635f736afc31a013737d27080a1/e824b899a9014c083e06d3500a7b02087bf4f402.jpg
https://gss0.bdstatic.com/94o3dSag_xI4khGkpoWK1HF6hhy/baike/c0%3Dbaike150%2C5%2C5%2C150%2C50/sign=c05f64c44c086e067ea5371963611091/7acb0a46f21fbe0913a53be16b600c338644ad48.jpg
https://gss3.bdstatic.com/7Po3dSag_xI4khGkpoWK1HF6hhy/baike/c0%3Dbaike150%2C5%2C5%2C150%2C50/sign=d1e5c43290529822113e3191b6a310ae/11385343fbf2b21104d57dbbca8065380dd78e48.jpg
https://gss1.bdstatic.com/-vo3dSag_xI4khGkpoWK1HF6hhy/baike/c0%3Dbaike150%2C5%2C5%2C150%2C50/sign=88eb19ef2834349b600b66d7a8837eab/2fdda3cc7cd98d10ac2ff4c4213fb80e7aec9048.jpg
