
http://img.boqiicdn.com/Data/BK/P/imagick88891451468250.jpg	http://www.boqii.com/entry/detail/2377.html
http://www.baihuamen.com/d/file/2014/05-28/ae8dbad86f250ad7d8f20e1e905b6eac.jpg	http://www.baihuamen.com/honghuayinhua/
http://www.cas.cn/kxcb/kpwz/201111/W020111115339292000491.jpg	http://www.cas.cn/kxcb/kpwz/201111/t20111115_3396165.shtml
http://www.baihuamen.com/d/file/2014/05-28/2848f1e324100c3f9b7fcddb250131d0.jpg	http://www.baihuamen.com/honghuayinhua/
http://image1.nowec.com/2010/11/23/wscdj/1/1-124-25104161.jpg	http://nowec.com/supply/detail/25104161.html
http://www.baihuamen.com/d/file/2014/05-28/d20b2aed73f6d551ab298ce81928301d.jpg	http://www.baihuamen.com/honghuayinhua/
http://image82.360doc.com/DownloadImg/2015/02/1321/50159576_1.jpg	http://www.360doc.com/content/15/0213/21/16967035_448443860.shtml
http://img.boqiicdn.com/Data/BK/A/1512/30/imagick78951451447720_y.jpg	http://www.boqii.com/entry/detail/2377.html
http://image.sciencenet.cn/album/201204/28/14242877okhpfunxuv07xh.jpg	http://blog.sciencenet.cn/blog-434526-564609.html
http://pic1.huashichang.com/2016/0816/00/57b1ee78bdeaf.jpg	http://www.aihuhua.com/tu/honghuayinhua.html
https://gss1.bdstatic.com/-vo3dSag_xI4khGkpoWK1HF6hhy/baike/s%3D220/sign=ecf6fcf75982b2b7a39f3ec601accb0a/5d6034a85edf8db186a118970923dd54574e74b1.jpg	https://baike.baidu.com/item/%E7%BA%A2%E8%8A%B1%E9%93%B6%E6%A1%A6?fr=aladdin
http://www.baihuamen.com/d/file/2014/05-28/062e52939bb436e47e834e871443fdb8.jpg	http://www.baihuamen.com/honghuayinhua/16828_22.html
http://pic1.huashichang.com/2016/0816/00/57b1ee7a510f1.jpg	http://www.aihuhua.com/tupian/tupianq2n.html
http://i02.c.aliimg.com/img/ibank/2012/842/023/718320248_1993790658.jpg	http://www.taici.org/youxi/6ZO25qGm.html
http://b2b.image.yuanlin.com/biz/2013-5/201351195244950.jpg	http://www.yuanlin.com/b2b/sell_detail_525769.html
http://image01.baihuaji.cn/01/5747b5890ee5c041040baec037f19be3e0a3.jpg	http://www.baihuaji.cn/article_349.html
http://www.huayugu.com.cn/uploads/allimg/160816/1-160Q60U9220-L.jpg	http://www.huayugu.com.cn/honghuayinhua/
http://pic1.huashichang.com/2016/0816/00/57b1ee7989ad0.jpg	http://www.aihuhua.com/tu/honghuayinhua.html
http://www.baihuamen.com/d/file/2014/05-28/6492f53cc294afef346e080ef6e05c5f.jpg	http://www.baihuamen.com/honghuayinhua/
http://www.shumiao.com/Upload/User/yuandafarm/201313183140412.jpg	http://www.1008610086.com/yin/%E9%93%B6%E6%A1%A6.html
http://img1.jqw.com/2011/11/08/401875/product/b201111291011229006.jpg	http://zzhs.jqw.com/productShow-1380294.htm
http://www.huayugu.com.cn/uploads/allimg/160816/1-160Q60Z6200-L.jpg	http://www.huayugu.com.cn/honghuayinhua/
http://pic1.huashichang.com/2016/0816/00/57b1ee79e618b.jpg	http://www.aihuhua.com/tu/honghuayinhua.html
http://pic105.nipic.com/file/20160728/11983897_151245394000_2.jpg	http://www.nipic.com/show/15382154.html
http://images.china.cn/attachement/jpg/site1000/20161111/002564ba9d45198fb0c42e.jpg	http://www.horti-expo2019.com/2016-11/11/content_39685358.htm
http://www.huayugu.com.cn/uploads/allimg/160816/1-160Q60Z0310-L.jpg	http://www.huayugu.com.cn/honghuayinhua/17770.html
http://www.shumiao.com/upload/news/2014-07-02/d388a11e-55cd-475d-98a4-2593b1b00b27.jpg	http://www.shumiao.com/info/detail/70-50856.html
http://www.gzldsm.com/Upload/image/QQ%E6%88%AA%E5%9B%BE20130321224437.jpg	http://www.gzldsm.com/product/4_481.html
http://www.023jiali.com/510%7C400%7C0//150424095331001600162320.jpg	http://www.023jiali.com/product/20150424/1701113925.html
http://www.baihuamen.com/d/file/2014/05-28/6596ae952b7ac393f8aa3a8e5abdc2b6.jpg	http://www.baihuamen.com/honghuayinhua/16828_10.html
http://file1.youboy.com/e/2014/10/29/51/787429.jpg	http://www.youboy.com/pics201782887.html
http://a4.att.hudong.com/00/73/20200000013920144735733384882_s.jpg	http://www.baike.com/wiki/%E7%BA%A2%E8%8A%B1%E9%93%B6%E6%A1%A6
http://image01.baihuaji.cn/01/5747b5ea0724c04fca09b42037f19be3e0a3.jpg	http://www.baihuaji.cn/article_349.html
http://www.guangzhoulvyi.com/pic/big/109_0.jpg	http://blog.ifeng.com/article/27875734.html
http://img.tulaoshi.com/ueditor/201706/28/a0173f9e9717259add1d7e81efce4850.jpg	http://www.tulaoshi.com/n/20170628/2655268.html
http://www.yiyigreen.com:8078/web/app/upload/yiyid7907201407041122061404444126025%E7%BA%A2%E8%8A%B1%E9%93%B6%E6%A1%A6.jpg	http://yiyigreen.com/Product/Detail/index/id/24459.html
http://file.youboy.com/a/119/9/49/5/22480145.gif	http://www.mxmpc.com/s200454208.html
http://img.pconline.com.cn/images/upload/upc/tx/photoblog/1111/22/c2/9696748_9696748_1321930933671.jpg	http://dp.pconline.com.cn/sphoto/2214477.html
http://img6.007swz.com/cpimg/qiaomu/sE8lPsZd2_1331622382.jpg	http://www.007swz.com/t/%BA%EC%BB%A8%D2%F8%E8%EB%C3%E7
http://file0.youboy.com/a/77/62/79/6/9200076.jpg	http://www.mxmpc.com/s201183918.html
http://www.gdyuanlin.cn/miaomuimages/%E7%BA%A2%E8%8A%B1%E9%93%B6%E6%A1%A6.jpg	http://www.gdyuanlin.cn/wikipedia/95679706.html
http://i03.c.aliimg.com/img/ibank/2013/070/327/1019723070_1172577516.jpg	http://detail.1688.com/offer/35092784659.html
http://pic1.huashichang.com/2016/0816/00/57b1ee773cd3b.jpg	http://www.aihuhua.com/tu/honghuayinhua.html
http://image16-c.poco.cn/mypoco/myphoto/20160419/15/17786006720160419153610083.jpg?1417x1417_120	http://my.poco.cn/lastphoto_v2-htx-id-5085488-user_id-177860067-p-0.xhtml
http://img.boqiicdn.com/Data/BK/A/1512/30/imagick86741451457762_y.jpg	http://www.boqii.com/entry/detail/2377.html
http://image.sciencenet.cn/album/201204/28/142429v6keg1ais223aalb.jpg	http://blog.sciencenet.cn/blog-434526-564609.html
https://gss1.bdstatic.com/9vo3dSag_xI4khGkpoWK1HF6hhy/baike/w%3D400/sign=c0496ee9bb19ebc4c0787799b227cf79/03087bf40ad162d94bab339019dfa9ec8b13cdf1.jpg	https://baike.baidu.com/item/%E7%BA%A2%E8%8A%B1%E9%93%B6%E6%A1%A6?fr=aladdin
http://pic1.huashichang.com/2016/0816/00/57b1ee7bef02c.jpg	http://m.aihuhua.com/tu/honghuayinhua.html
http://www.baihuamen.com/d/file/2014/05-28/0120b29796a52d0e1ac176d852365b62.jpg	http://www.baihuamen.com/honghuayinhua/16828_15.html
http://file0.youboy.com/a/77/62/79/8/9200088.jpg	http://www.mxmpc.com/s200454208.html
http://img.boqiicdn.com/Data/BK/A/1512/30/imagick35381451455163_y.jpg	http://www.boqii.com/article/25667.html
http://img.xunhai.com/2015/11/26/144851862350160.jpg	http://www.xunhai.com/honghuayinhua/2015/1126/4247.html
http://pic13.nipic.com/20110311/3672108_212708223104_2.jpg	http://www.nipic.com/show/1/44/4326368k28b2dead.html
http://i5.bbs.fd.zol-img.com.cn/t_s1200x5000/g5/M00/02/03/ChMkJ1kHKs2IKf5DAAISPMUdrUEAAcEpQMOXh8AAhJU775.jpg	http://bbs.zol.com.cn/dcbbs/d232_833705.html
https://cbu01.alicdn.com/img/ibank/2013/153/127/1019721351_1172577516.220x220.jpg	http://www.1688.com/chanpin/-D2F8E8EB.html
http://img.tulaoshi.com/ueditor/201706/28/9a4568f790708c431cd3ae7c9f8b65fc.jpg	http://www.tulaoshi.com/n/20170628/2655268.html
http://www.yiyigreen.com:8078/web/app/upload/yiyid2637201503161510251426489825230%E7%BA%A2%E8%8A%B1%E9%93%B6%E6%A1%A6%20(1).jpg	http://xf.yiyigreen.com/Product/Detail/index/id/29772.html
http://tu.qt3191.com/allimg/c110626/130Z6032Q0930-621b.gif	http://www.qt3191.com/changjianqiaomu/35130.html
https://cbu01.alicdn.com/img/ibank/2013/724/581/987185427_1172577516.400x400.jpg	http://www.mynewlife967149.cn/offer/35093051170.html
http://pic1.huashichang.com/2016/0816/00/57b1ee7da3529.jpg	http://m.aihuhua.com/tu/honghuayinhua.html
http://i00.c.aliimg.com/img/ibank/2013/334/581/987185433_1172577516.jpg	http://www.mynewlife967149.cn/offer/35093051170.html
http://i04.c.aliimg.com/img/ibank/2013/134/581/987185431_1172577516.jpg	http://detail.1688.com/offer/35092784659.html
http://www.baihuamen.com/d/file/2014/05-28/af241a8daeb014d54849e54733a703f2.jpg	http://www.baihuamen.com/honghuayinhua/16828_12.html
http://file3.youboy.com/e/2014/10/15/54/443841.jpg	http://www.mxmpc.com/s200454208.html
http://tu.qt3191.com/allimg/c110626/130Z6032R2K0-L3P.gif	http://www.qt3191.com/changjianqiaomu/35130.html
http://www.yiyigreen.com:8078/web/app/upload/yiyid3274201503161510251426489825308%E7%BA%A2%E8%8A%B1%E9%93%B6%E6%A1%A6%20(2).jpg	http://xf.yiyigreen.com/Product/Detail/index/id/29772.html
http://www.baihuamen.com/d/file/2014/05-28/eb450b4a839397fc90869fa69430b2d9.jpg	http://www.baihuamen.com/honghuayinhua/16828_8.html
http://s10.sinaimg.cn/middle/004iwt9Tzy6RX2PGb3ze9&690	http://blog.sina.com.cn/s/blog_eabcd5790102vnbb.html
http://www.baihuamen.com/d/file/2014/05-28/61ce117e47c2d991552756c7b3032bf8.jpg	http://www.baihuamen.com/honghuayinhua/16828_20.html
http://img.tulaoshi.com/ueditor/201706/28/34f1daa87d9109d7bb0816a8a649f847.jpg	http://www.tulaoshi.com/n/20170628/2655268.html
http://s11.sinaimg.cn/mw690/001YCN0vzy7axaF9hoK8a&690	http://blog.sina.com.cn/s/blog_6c0048530102x018.html
http://tu.qt3191.com/allimg/c110626/130Z6032RSP-UY2.gif	http://www.qt3191.com/changjianqiaomu/35130.html
http://s9.sinaimg.cn/mw690/001NshIAgy711GOoUl2d8&690	http://blog.sina.com.cn/s/blog_6229ec200102wvua.html
http://file5.youboy.com/a/39/79/25/3/8062673.jpg	http://www.mxmpc.com/s201183918.html
http://i0.bbs.fd.zol-img.com.cn/t_s1200x5000/g5/M00/04/0C/ChMkJ1kQF7GIJASvAAImFJy_nK8AAcO3QCHNJEAAiYs096.jpg	http://bbs.zol.com.cn/dcbbs/d752_334220.html
http://img.yanquecao.com/img/flower/grevilleabanksii/grevilleabanksii1.jpg	http://www.yanquecao.com/detail/474
http://s9.sinaimg.cn/mw690/002PtmUwgy6VgRFsuLe78&690	http://blog.sina.com.cn/s/blog_9a8be1100102w3me.html
http://i02.c.aliimg.com/img/ibank/2013/234/581/987185432_1172577516.jpg	http://detail.1688.com/offer/35092784659.html
http://tu.qt3191.com/allimg/c110626/130Z6032S3960-912N.gif	http://www.qt3191.com/changjianqiaomu/35130.html
http://www.itaomiao.com/img/nursery/2016/08/02/18/1470134913790SvTr.jpg	http://www.itaomiao.com/supplys/honghuayinhua.html
http://s5.sinaimg.cn/mw690/001NshIAgy711GP3L0w74&690	http://blog.sina.com.cn/s/blog_6229ec200102wvua.html
http://i2.bbs.fd.zol-img.com.cn/t_s800x2000/g5/M00/0D/09/ChMkJ1j3TdSIfmypAAFWfArWX3oAAbybwN6Pu0AAVaU858.jpg	http://bbs.zol.com.cn/dcbbs/d752_334119.html
http://s4.sinaimg.cn/middle/049d4760gbdee291b8453&690	http://blog.sina.com.cn/s/blog_049d476001013cbv.html
http://img6.007swz.com/cpimg/qiaomu/GDdrjBzfg_1331622303.jpg	http://www.007swz.com/t/%BA%EC%BB%A8%D2%F8%E8%EB%C3%E7
http://img.yanquecao.com/img/flower/grevilleabanksii/grevilleabanksii3.jpg	http://www.yanquecao.com/detail/474
http://file5.youboy.com/e/2014/12/5/66/386033.jpg?360*300	http://www.youboy.com/s202064592.html
http://i0.bbs.fd.zol-img.com.cn/t_s1200x5000/g5/M00/0D/09/ChMkJ1j3TdmIFrdXAAIv4BNcbckAAbybwO4E8YAAi_4320.jpg	http://bbs.zol.com.cn/dcbbs/d752_334119.html
http://img.yanquecao.com/img/flower/grevilleabanksii/grevilleabanksii4.jpg	http://www.yanquecao.com/detail/474
http://i3.bbs.fd.zol-img.com.cn/t_s1200x5000/g5/M00/02/03/ChMkJlkHKrmIR_hUAAHjcJi0Eb0AAcEpQJlwDgAAeOI853.jpg	http://bbs.zol.com.cn/dcbbs/d232_833705.html
http://img9.007swz.com/cpimg/qiaomu/g6AuabPz1_1353889432.jpg	http://www.007swz.com/t/%BA%EC%BB%A8%D2%F8%E8%EB%C3%E7
http://s6.sinaimg.cn/middle/004iwt9Tzy6RX2Q68bX15&690	http://blog.sina.com.cn/s/blog_eabcd5790102vnbb.html
http://s3.sinaimg.cn/mw690/006t1yWuzy77BWIVkbw92&690	http://blog.sina.com.cn/s/blog_16132c0ba0102xhom.html
http://pic.qiyeku.com/Photo/U/2011/11/22/8/31262.22.gif	http://bakstedessa.cn.qiyeku.com/productshow-30476033.html
http://www.miaonongol.com/uploadfile/product/20150528/m2015528153746572.jpg	http://www.miaonongol.com/product-details.aspx?parentid=1&category=1&id=5129
http://bbs.cfh.ac.cn/attachment.aspx?attachmentid=703	http://bbs.cfh.ac.cn/showtopic-567.aspx
http://img.yanquecao.com/img/flower/grevilleabanksii/grevilleabanksii5.jpg	http://www.yanquecao.com/detail/474
http://www.yiyigreen.com:8078/web/app/upload/yiyid8374201503161510251426489825324%E7%BA%A2%E8%8A%B1%E9%93%B6%E6%A1%A6%20(3).jpg	http://xf.yiyigreen.com/Product/Detail/index/id/29772.html
http://www.yiyigreen.com:8078/web/app/upload/yiyid2878201503161510251426489825340%E7%BA%A2%E8%8A%B1%E9%93%B6%E6%A1%A6%20(4).jpg	http://xf.yiyigreen.com/Product/Detail/index/id/29772.html
http://4.bp.blogspot.com/-OcrYQJ_1ScQ/VTOFcpSgZgI/AAAAAAAAqWE/g9oojcI3MZ8/s1600/P1220802.JPG	http://purplewhee.blogspot.com/2013/12/blog-post_3.html
http://s9.sinaimg.cn/middle/004iwt9Tzy6RX2Qa3FK18&690	http://blog.sina.com.cn/s/blog_eabcd5790102vnbb.html
