
http://img0.dreamhy.com/upload/20130704/0249476999.jpg	http://www.dreamhy.com/wenda/detail-8986.aspx
http://www.yuhuagu.com/uploads/allimg/120709/43_120709045519_1.jpg	http://www.yuhuagu.com/changshi/2012/0709/3595.html
https://upload.wikimedia.org/wikipedia/commons/thumb/2/2e/Falsepingpo.jpg/200px-Falsepingpo.jpg	https://zh.wikipedia.org/wiki/%E5%81%87%E8%98%8B%E5%A9%86
http://image.sciencenet.cn/album/201206/24/163143mjimpslumcjln5z2.jpg	http://bbs.sciencenet.cn/blog-629259-585988.html
http://a1.att.hudong.com/82/95/01300000896910127623951860238_s.jpg	http://www.baike.com/wiki/%E5%81%87%E8%90%8D%E5%A9%86
http://image.sciencenet.cn/album/201408/08/124315gi1k167hlphlzzsi.jpg	http://wap.sciencenet.cn/blogview.aspx?id=818067
http://www.baihuamen.com/d/file/2014/05-24/6beafc47b757aa95eca484030ac0b59e.jpg	http://www.baihuamen.com/jiapingpo/
http://www.yuhuagu.com/uploads/allimg/120709/43-120FZ50U9.jpg	http://www.yuhuagu.com/ktsh/3597.html
http://zjphoto.yinsha.com/file/201005/2010053020060447/2.jpg	http://zjphoto.yinsha.com/file/201005/2010053020060447.htm
http://www.qxslyfjq.com/u/cms/www_qxsfjq_com/201302/261704488vvp.jpg	http://www.qxslyfjq.com/qxsfjqrzzlzwml/5330.jhtml
https://www.wetlandpark.gov.hk/images/wcms/biodiversity_trees_12.jpg	https://www.wetlandpark.gov.hk/tc/biodiversity/wildlife/trees/details/trees_12.asp
http://jpkc.sysu.edu.cn/zhiwuxue/web2004/source/hsd/beizi/DIC/images/%E6%A2%A7%E6%A1%90%E7%A7%91%EF%BC%9A%E5%81%87%E8%8B%B9%E5%A9%86.jpg	http://jpkc.sysu.edu.cn/zhiwuxue/web2004/source/hsd/beizi/DIC/pages/%E6%A2%A7%E6%A1%90%E7%A7%91%EF%BC%9A%E5%81%87%E8%8B%B9%E5%A9%86.htm
https://upload.wikimedia.org/wikipedia/commons/thumb/c/cd/Sterculia_lanceolata.jpg/220px-Sterculia_lanceolata.jpg	https://zh.wikipedia.org/wiki/%E5%81%87%E8%98%8B%E5%A9%86
http://a1.att.hudong.com/00/50/300000764046131527502078524_950.jpg	http://tupian.baike.com/91437/5.html?prd=zutu_thumbs
http://www.ynhmw.com/file/upload/201405/03/13-58-28-55-1.jpg	http://www.ynhmw.com/xuetang/show-3982.html
http://www.yuhuagu.com/uploads/allimg/120709/43_120709045509_1.jpg	http://www.yuhuagu.com/changshi/2012/0709/3595.html
http://a3.att.hudong.com/52/50/300000764046131527509443831_950.jpg	http://tupian.baike.com/91437/17.html?prd=zutu_thumbs
http://www.baihuamen.com/d/file/2014/05-24/a4a7cc5a12790b2e33d6221985f19092.jpg	http://www.baihuamen.com/jiapingpo/
http://www.baihuamen.com/d/file/2014/05-24/bd4c9b644955f815af8e55b49f4460c4.jpg	http://www.baihuamen.com/jiapingpo/
http://img.ph.126.net/UZOXjsbA4yFmuXYh4d5bDQ==/3360811221925909499.jpg	http://blog.163.com/szyedan2005/blog/static/1333597201042623649225?ignoreua
http://www.168hm.com/Public/2015/05/16/269089TbaZgEIm095609.jpg	http://www.168hm.com/Category/item_1174.html
http://www.orangenews.hk/pic/0/10/08/82/10088204_977903.jpg	http://www.orangenews.hk/culture/system/2016/07/22/010038138.shtml
http://treelovers.org.hk/images/tw/treeintro/sterculia02.jpg	http://blog.sina.com.cn/s/blog_4d3b49f10102vkc2.html
http://img.ph.126.net/-fa4ROIJhcVuMMwZvXtX7A==/3272709554215974782.jpg	http://blog.163.com/szyedan2005/blog/static/1333597201042623649225?ignoreua
http://202.116.160.98:8000/course/ylshmx/tpzy/%E6%A0%A1%E5%9B%AD%E6%A4%8D%E7%89%A9/%E6%A0%A1%E5%9B%AD%E6%A4%8D%E7%89%A9/nEO_IMG_%E6%A2%A7%E6%A1%90%E7%A7%91-%E5%81%87%E8%8B%B9%E5%A9%86(%E8%8A%B1).jpg	http://202.116.160.98:8000/course/ylshmx/tpzy/%E6%A0%A1%E5%9B%AD%E6%A4%8D%E7%89%A9/%E6%A0%A1%E5%9B%AD%E6%A4%8D%E7%89%A9/page_6.htm
http://tu.qt3191.com/allimg/c110626/130Z60392242P-1415H.gif	http://www.qt3191.com/changjianqiaomu/35272.html
http://a3.att.hudong.com/51/94/01300000896910127623942135281_s.jpg	http://www.baike.com/wiki/%E5%81%87%E8%90%8D%E5%A9%86
https://hknaturetreasures.files.wordpress.com/2015/07/lance-leaved-sterculia-fruit-2015m3.jpg	https://hknaturetreasures.wordpress.com/2015/07/07/%E5%81%87%E8%98%8B%E5%A9%86%E6%9E%9C-fruit-of-lance-leaved-sterculia/
http://t3.qpic.cn/mblogpic/3abb5fa27d0ea03d71b8/2000	http://www.x3cn.com/thread-676263-1-1.html
http://202.116.160.98:8000/course/ylshmx/tpzy/%E6%A0%A1%E5%9B%AD%E6%A4%8D%E7%89%A9/%E6%A0%A1%E5%9B%AD%E6%A4%8D%E7%89%A9/nEO_IMG_%E6%A2%A7%E6%A1%90%E7%A7%91-%E5%81%87%E8%8B%B9%E5%A9%86(%E5%8F%B6).jpg	http://202.116.160.98:8000/course/ylshmx/tpzy/%E6%A0%A1%E5%9B%AD%E6%A4%8D%E7%89%A9/%E6%A0%A1%E5%9B%AD%E6%A4%8D%E7%89%A9/page_6.htm
http://www.168hm.com/Public/2015/05/16/206335gkYPXGjE095609.jpg	http://www.168hm.com/Category/item_1174.html
http://www.scib.ac.cn/lyfw/hx/201103/W020110322344488573671.jpg	http://www.scib.ac.cn/lyfw/hx/201103/t20110322_3091669.html
http://s12.sinaimg.cn/mw690/bc9f8f83gde71f4b97bab&690	http://blog.sina.com.cn/s/blog_bc9f8f8301018wmk.html
http://www.scib.ac.cn/lyfw/hx/201103/W020110322344488599278.jpg	http://www.scib.ac.cn/lyfw/hx/201103/t20110322_3091669.html
http://www.miaoe.com/upload/null/2014/0ed687f289ba428ea0b9ddcd370a8d90/b_0ed687f289ba428ea0b9ddcd370a8d90.JPG	http://www.miaoe.com/shop/bef5f70b49094c3fa4de8e61d681f255/product_details.html
http://www.hokoon.edu.hk/weeklysp/images/1007_5L2.jpg	http://www.hokoon.edu.hk/weeklysp/1007_5.html
http://zjphoto.yinsha.com/file/200803/2008030522011047/4.jpg	http://zjphoto.yinsha.com/file/200803/2008030522011047.htm
http://www.hktree.com/images/trees/IMG_3033.jpg	http://www.hktree.com/tree/Sterculia_nobililis.htm
http://image.sciencenet.cn/album/201408/08/142549g5gwszizuigiuopw.jpg	http://wap.sciencenet.cn/blogview.aspx?id=818067
http://the-sun.on.cc/cnt/news/20130812/photo/0812-00407-029b2.jpg	http://the-sun.on.cc/cnt/news/20130812/00407_029.html
http://s2.sinaimg.cn/mw690/001DUOhKzy73q7JaM0x81&690	http://blog.sina.com.cn/s/blog_59c2f7a40102wguw.html
http://s15.sinaimg.cn/middle/049d4760gb4928c3a170e&690	http://blog.sina.com.cn/s/blog_049d476001010vqy.html
http://www.18yl.com/Picture/2011-03/25980/Price/2011/20110331104621_2062218572_sl.jpg	http://m.ycjingchi.com/2017-07-06-3297399434.html
http://www.gdmm888.com/upfile/img/150617/product_bigimg_1434550309.jpg	http://www.gdmm888.com/product_view_632.html
https://www.huabaike.com/uploads/allimg/artimg/201704/20170415161924_17066.jpg	https://www.huabaike.com/jtyh/8320.html
http://www.yayaliyi.com/uploadfile/2017/0424/20170424023404893.jpg	http://www.yayaliyi.com/baike/1505.html
http://www.huayugu.com.cn/uploads/allimg/160811/1-160Q1105Q50-L.jpg	http://www.huayugu.com.cn/jiapingpo/17101.html
http://thub.sssccc.net/%E5%9B%AD%E6%9E%97%E5%BB%BA%E7%AD%91/high/%E6%A4%8D%E7%89%A9%E8%8A%B1%E8%8D%89%E8%B4%B4%E5%9B%BE/%E4%B9%94%E6%9C%A8%E8%B4%B4%E5%9B%BE03/%E5%81%87%E8%8B%B9%E5%A9%861.jpg	http://www.sssccc.net/source/371117.shtml
http://www.user2.jqw.com/2013/10/15/1321597/product/b201401131605202184.JPG	http://www.taici.org/siyi/5YGH6Iu55amG5Zu%2B54mH.html
http://file1.youboy.com/e/2015/3/3/91/524131.jpg	http://www.mxmpc.com/s200108061.html
http://read.html5.qq.com/image?src=forum&q=5&r=0&imgflag=7&imageUrl=http://mmbiz.qpic.cn/mmbiz_jpg/tWtAWes2DXlO3Rm0v0EqiaY7iaqcrLqfyDPujQnoNFwNqVSe87VZpC5ZgzeMpqh6uFEYNeJhzMkAz70r6KlXGpBQ/0?wx_fmt=jpeg	http://chuansong.me/n/1806935549621
https://www.huabaike.com/uploads/allimg/sltimg/201704/58f1d6e69b1e7.jpg	https://www.huabaike.com/jtyh/8320.html
http://www.1nongjing.com/uploads/allimg/150805/892-150P5151J9.jpg	http://m.1nongjing.com/a/201508/107319.html
http://plantjdx.com/sterculia_lanceolata1.jpg	http://plantjdx.com/sterculia_lanceolata.htm
http://s12.sinaimg.cn/mw690/001ROMKqgy6MKzGxMDN1b&690	http://blog.sina.com.cn/s/blog_66019f9e0102v40w.html?refer=wbcard
https://www.huabaike.com/uploads/allimg/artimg/201704/20170415161946_81825.jpg	https://www.huabaike.com/jtyh/8320.html
http://www.hkhikers.com/images/Tam%20Chai%20Shan/Tam%20Chai%2001.gif	http://mkwang.blogspot.com/2012/02/sterculia-lanceolata.html
http://xy.scau.edu.cn/tree/img/zyjjmm/yzzw/jpp.jpg	http://xy.scau.edu.cn/tree/go.asp?id=236
http://img3.ph.126.net/SHktQfLBKuv8OkevrMxHwg==/2582251436361192873.jpg	http://blog.163.com/wzwahy@126/blog/static/18056429201251682839154
http://s8.sinaimg.cn/mw690/001DUOhKzy73q7IM7pd97&690	http://blog.sina.com.cn/s/blog_59c2f7a40102wguw.html
http://link.photo.pchome.com.tw/s15/slinwang/208/142795286778/	http://mypaper.pchome.com.tw/slinwang/post/1337981381
http://s8.sinaimg.cn/mw690/001DUOhKzy73q7IIPK777&690	http://blog.sina.com.cn/s/blog_59c2f7a40102wguw.html
http://www.huayugu.com.cn/uploads/allimg/160811/1-160Q11100210-L.jpg	http://www.huayugu.com.cn/jiapingpo/
https://i0.wp.com/www.treehk.com/wp-content/uploads/2014/04/Lance-Leaved01.jpg?resize=800%2C445	http://www.treehk.com/%E5%81%87%E8%98%8B%E5%A9%86-sterculia-lanceolata
http://2.bp.blogspot.com/-fy-XqXB3DKw/U2tWG8nZ4rI/AAAAAAAA62U/PdXkk-8C3rY/s1600/DSC03309-001.JPG	http://olivaryolio.blogspot.com/2014/06/blog-post_6.html
https://farm4.staticflickr.com/3548/5837953266_31b02f89f0_b.jpg	http://picssr.com/tags/%E5%81%87%E8%98%8B%E5%A9%86
http://pic.pingguolv.com/uploads/allimg/170122/109-1F122193A8.png	http://www.pingguolv.com/zy/gongxiao/84538.html
http://a4.att.hudong.com/45/52/300000764046131527523507377.jpg	http://tupian.baike.com/91437/16.html?prd=zutu_thumbs
http://i450.photobucket.com/albums/qq224/moanmoan2/plants/Y08M0324RIMG1195.jpg	http://www.hkwildlife.net/Forum/viewthread.php?action=printable&tid=3057
http://s1.sinaimg.cn/mw690/001ROMKqgy6Oc56stOg80&690	http://blog.sina.com.cn/s/blog_66019f9e0102v40w.html
http://www.yayaliyi.com/uploadfile/2017/0421/20170421024800824.jpg	http://www.yayaliyi.com/baike/2123.html
http://file0.youboy.com/d/166/44/69/8/293268.jpg	http://www.mxmpc.com/s200108061.html
http://file.youboy.com/a/132/67/88/1/22969471.jpg	http://www.mxmpc.com/s202030847.html
http://pic.pingguolv.com/uploads/allimg/170122/109-1F122193H2.png	http://www.pingguolv.com/zy/gongxiao/84538.html
http://i107.photobucket.com/albums/m294/Mephistoli/plants/Sterculia_lanceolata_3222.jpg	http://www.hkwildlife.net/Forum/viewthread.php?tid=3057
http://file2.youboy.com/a/42/27/42/4/720974.jpg	http://www.mxmpc.com/s202030847.html
http://farm2.static.flickr.com/1348/3270682718_8e53a75356.jpg	http://www.flickriver.com/photos/tags/%E5%81%87%E8%98%8B%E5%A9%86/interesting/
http://s8.sinaimg.cn/mw690/001MoBF2zy6TfyR2PRlf7&690	http://blog.sina.com.cn/s/blog_613b13a40102vpfx.html
http://file.youboy.com/a/119/9/49/4/22824304.gif	http://www.mxmpc.com/s200137638.html
http://s9.sinaimg.cn/mw690/818e8239gd82201b85348&690	http://blog.sina.com.cn/s/blog_818e823901018yyy.html
http://www.baihuamen.com/d/file/2014/05-24/b03b7b7e7e465cd53cf9c0aa6ac590b8.jpg	http://www.baihuamen.com/jiapingpo/
http://file.youboy.com/a/42/27/42/7/315527.jpg	http://www.mxmpc.com/s200137638.html
http://www.51hm.cn/zwpic/%E5%81%87%E8%8B%B9%E5%A9%861.jpg	http://www.51hm.cn/zw/zwshow.asp?zwid=1200
http://pic.pingguolv.com/uploads/allimg/170122/109-1F122193I4.png	http://www.pingguolv.com/zy/gongxiao/84538.html
http://www.yayaliyi.com/uploadfile/2017/0420/20170420121327488.jpg	http://www.yayaliyi.com/baike/1505.html
https://gss2.bdstatic.com/9fo3dSag_xI4khGkpoWK1HF6hhy/baike/w%3D268%3Bg%3D0/sign=cb1443426f09c93d07f209f1a7069fe1/0b46f21fbe096b63f427571c04338744ebf8acbb.jpg	https://baike.baidu.com/item/%E5%81%87%E8%8B%B9%E5%A9%86
https://4.bp.blogspot.com/-_7WYthpWw1Y/V2pOV2K-xxI/AAAAAAAAB9o/5lVNarS_JZQNIo6ZoYQQl3bW7B4INQ30ACLcB/s1600/%25E5%2581%2587%25E8%2598%258B%25E5%25A9%2586_SterculiaLanceolata_SterculiaNobilis%2BSmith_%25E8%2598%258B%25E5%25A9%2586_%25E4%25B8%2583%25E5%25A7%2590%25E6%259E%259C_%25E9%259B%259E%25E5%2586%25A0%25E7%259A%25AE_%25E9%25B3%25B3%25E7%259C%25BC%25E6%259E%259C_%25E9%259B%259E%25E5%2586%25A0%25E6%259C%25A8_%25E5%25B1%25B1%25E7%25BE%258A%25E8%25A7%2592_%25E7%25B4%2585%25E9%2583%258E%25E5%2582%2598_%25E8%25B3%25BD%25E8%2598%258B%25E5%25A9%2586_%25E5%25B1%25B1%25E6%259C%25A8%25E6%25A3%2589_%25E7%25B4%2585%25E8%2589%25B2%25E6%259E%259C%25E5%25AF%25A6_%25E8%25B3%259E%25E8%258A%25B1%25E6%2583%2585%25E5%25A0%25B1_1.jpg	http://hkflower.blogspot.com/2016/06/blog-post_22.html
http://file0.youboy.com/e/2015/3/3/59/110016.jpg?360*300	http://www.mxmpc.com/s202030847.html
http://www.zgmpjd.com/file/upload/201706/29/134751941.jpg	http://www.zgmpjd.com/qwk/1/128.html
http://www.yiyigreen.com:8078/web/app/upload/yiyid8893201412301029131419906553985%E5%81%87%E8%8B%B9%E5%A9%86%20(1).jpg	http://www.yiyigreen.com/Product/Detail/index/id/28296.html
http://pic.pingguolv.com/uploads/allimg/170122/109-1F122193P1.png	http://www.pingguolv.com/zy/gongxiao/84538.html
http://pic1.win4000.com/pic/b/11/35a21327585.jpg_195.jpg	http://www.win4000.com/meinv111144.html
https://i1.wp.com/www.treehk.com/wp-content/uploads/2014/04/original_lPd3_487b0000cf35118f.jpg?resize=637%2C445	http://www.treehk.com/%E5%81%87%E8%98%8B%E5%A9%86-sterculia-lanceolata
http://www.szum.gov.cn/zfwg/cgzt/yllh/gybk/201610/W020161010347135616222.jpg	http://www.szum.gov.cn/zfwg/cgzt/yllh/gybk/201610/t20161010_4975834.htm
http://www.iweeeb.com/images/jingdian/090506/132658302644.jpg	http://www.iweeeb.com/w/%E5%85%B4%E9%9A%86%E7%83%AD%E5%B8%A6%E8%8A%B1%E5%9B%AD
http://s2.sinaimg.cn/mw690/818e8239gd8219a6c5861&690	http://blog.sina.com.cn/s/blog_818e823901018yyy.html
http://www.scib.cas.cn/lyfw/hx/201705/W020170514466458828617.jpg	http://www.scib.cas.cn/lyfw/hx/201705/t20170514_4787655.html
http://www.szum.gov.cn/zfwg/cgzt/yllh/gybk/201610/W020161010347135388571.jpg	http://www.szum.gov.cn/zfwg/cgzt/yllh/gybk/201610/t20161010_4975834.htm
http://www.hktree.com/images/diary/P1010637.JPG	http://www.hktree.com/diary/15w14.htm
http://www.yiyigreen.com:8078/web/app/upload/yiyid2885201412301029131419906553939%E5%81%87%E8%8B%B9%E5%A9%86%20(2).jpg	http://www.yiyigreen.com/Product/Search/index/keyword/%E5%81%87%E8%8B%B9%E5%A9%86.html
