
https://gss1.bdstatic.com/-vo3dSag_xI4khGkpoWK1HF6hhy/baike/c0%3Dbaike92%2C5%2C5%2C92%2C30/sign=24ce447e31dbb6fd3156ed74684dc07d/730e0cf3d7ca7bcb7f5237aab6096b63f624a80e.jpg
https://gss2.bdstatic.com/9fo3dSag_xI4khGkpoWK1HF6hhy/baike/c0%3Dbaike92%2C5%2C5%2C92%2C30/sign=9170bd45ff36afc31a013737d27080a1/3bf33a87e950352a5463d58d5b43fbf2b2118b31.jpg

https://gss1.bdstatic.com/-vo3dSag_xI4khGkpoWK1HF6hhy/baike/c0%3Dbaike92%2C5%2C5%2C92%2C30/sign=30ff7ae91838534398c28f73f27adb1b/738b4710b912c8fcc61b7f48f4039245d788214e.jpg
https://gss2.bdstatic.com/-fo3dSag_xI4khGkpoWK1HF6hhy/baike/c0%3Dbaike80%2C5%2C5%2C80%2C26/sign=aa524caa32292df583cea447dd583705/8326cffc1e178a8287bdf625fe03738da877e8b6.jpg
https://gss2.bdstatic.com/-fo3dSag_xI4khGkpoWK1HF6hhy/baike/c0%3Dbaike80%2C5%2C5%2C80%2C26/sign=aa674caa32292df583cea447dd583705/8326cffc1e178a828788f625fe03738da877e8fb.jpg

https://gss2.bdstatic.com/-fo3dSag_xI4khGkpoWK1HF6hhy/baike/c0%3Dbaike150%2C5%2C5%2C150%2C50/sign=1d11d64afc039245b5b8e95de6fdcfa7/5bafa40f4bfbfbed75bb16f878f0f736aec31f52.jpg
https://gss2.bdstatic.com/-fo3dSag_xI4khGkpoWK1HF6hhy/baike/c0%3Dbaike150%2C5%2C5%2C150%2C50/sign=d26595bd19d8bc3ed2050e98e3e2cd7b/8694a4c27d1ed21bb0100e62ad6eddc450da3f5f.jpg
https://gss0.bdstatic.com/-4o3dSag_xI4khGkpoWK1HF6hhy/baike/c0%3Dbaike150%2C5%2C5%2C150%2C50/sign=3e4d14bf7bf40ad101e9cfb136457aba/f7246b600c338744dfce0cfb510fd9f9d72aa029.jpg
https://gss3.bdstatic.com/-Po3dSag_xI4khGkpoWK1HF6hhy/baike/c0%3Dbaike150%2C5%2C5%2C150%2C50/sign=28566a6e8d1001e95a311c5dd9671089/8cb1cb134954092356ce40f99258d109b2de4995.jpg
https://gss0.bdstatic.com/-4o3dSag_xI4khGkpoWK1HF6hhy/baike/c0%3Dbaike150%2C5%2C5%2C150%2C50/sign=40146ba9d21b0ef478e5900cbcad3abf/f636afc379310a5557cffd73b74543a983261049.jpg

https://gss3.bdstatic.com/7Po3dSag_xI4khGkpoWK1HF6hhy/baike/c0%3Dbaike92%2C5%2C5%2C92%2C30/sign=076a16b444086e067ea5371963611091/b8389b504fc2d5623ac65a68ef1190ef77c66c6d.jpg
https://gss3.bdstatic.com/-Po3dSag_xI4khGkpoWK1HF6hhy/baike/c0%3Dbaike80%2C5%2C5%2C80%2C26/sign=b08ef077dd62853586edda73f1861da3/83025aafa40f4bfbd03314d10b4f78f0f6361857.jpg

https://gss1.bdstatic.com/-vo3dSag_xI4khGkpoWK1HF6hhy/baike/c0%3Dbaike92%2C5%2C5%2C92%2C30/sign=8935aa34880a19d8df0e8c575293e9ee/2f738bd4b31c8701e40141632f7f9e2f0608ff84.jpg
https://gss0.bdstatic.com/94o3dSag_xI4khGkpoWK1HF6hhy/baike/c0%3Dbaike92%2C5%2C5%2C92%2C30/sign=a44e36aa32292df583cea447dd583705/b219ebc4b74543a9b286094916178a82b8011491.jpg

https://gss2.bdstatic.com/-fo3dSag_xI4khGkpoWK1HF6hhy/baike/c0%3Dbaike150%2C5%2C5%2C150%2C50/sign=09dadf5daaec08fa320d1bf538875608/2934349b033b5bb537335b1c3cd3d539b700bc68.jpg
https://gss0.bdstatic.com/-4o3dSag_xI4khGkpoWK1HF6hhy/baike/c0%3Dbaike92%2C5%2C5%2C92%2C30/sign=178cafa03f12b31bd361c57be7715d1f/ac345982b2b7d0a268f5377acdef76094b369a1c.jpg
https://gss3.bdstatic.com/-Po3dSag_xI4khGkpoWK1HF6hhy/baike/c0%3Dbaike92%2C5%2C5%2C92%2C30/sign=9a7b7733c1177f3e0439f45f11a650a2/1c950a7b02087bf44162b26cfad3572c10dfcfad.jpg
https://gss0.bdstatic.com/94o3dSag_xI4khGkpoWK1HF6hhy/baike/c0%3Dbaike80%2C5%2C5%2C80%2C26/sign=16c9cc06072442a7ba03f5f7b02ac62e/6159252dd42a2834bc03c08e53b5c9ea14cebf8a.jpg

https://gss2.bdstatic.com/-fo3dSag_xI4khGkpoWK1HF6hhy/baike/c0%3Dbaike92%2C5%2C5%2C92%2C30/sign=f5e65e37d958ccbf0fb1bd6878b1d75b/377adab44aed2e73cdec71a98f01a18b87d6fa2a.jpg
https://gss1.bdstatic.com/-vo3dSag_xI4khGkpoWK1HF6hhy/baike/c0%3Dbaike92%2C5%2C5%2C92%2C30/sign=2a08811c8a26cffc7d27b7e0d86821f5/b3119313b07eca80f875ce62992397dda04483c7.jpg

https://gss0.bdstatic.com/94o3dSag_xI4khGkpoWK1HF6hhy/baike/c0%3Dbaike80%2C5%2C5%2C80%2C26/sign=387b37912e9759ee5e5d6899d3922873/5d6034a85edf8db1fb922ff80123dd54574e74e9.jpg
https://gss3.bdstatic.com/-Po3dSag_xI4khGkpoWK1HF6hhy/baike/c0%3Dbaike80%2C5%2C5%2C80%2C26/sign=baa42c3cfe03738dca470470d272db34/5882b2b7d0a20cf43208ad437e094b36adaf9995.jpg

https://gss0.bdstatic.com/-4o3dSag_xI4khGkpoWK1HF6hhy/baike/c0%3Dbaike92%2C5%2C5%2C92%2C30/sign=ae464959e8fe9925df01610255c135ba/b64543a98226cffc8a78ee2eb1014a90f703ead8.jpg
https://gss3.bdstatic.com/7Po3dSag_xI4khGkpoWK1HF6hhy/baike/c0%3Dbaike150%2C5%2C5%2C150%2C50/sign=c93d3d42356d55fbd1cb7e740c4b242f/14ce36d3d539b600d5595e2be150352ac75cb793.jpg
https://gss3.bdstatic.com/7Po3dSag_xI4khGkpoWK1HF6hhy/baike/c0%3Dbaike92%2C5%2C5%2C92%2C30/sign=6b5a19b2da1b0ef478e5900cbcad3abf/6c224f4a20a44623c66ff4fe9022720e0df3d781.jpg
https://gss1.bdstatic.com/9vo3dSag_xI4khGkpoWK1HF6hhy/baike/c0%3Dbaike150%2C5%2C5%2C150%2C50/sign=f3b4daa56363f62408503151e62d809d/902397dda144ad345829d61bd8a20cf430ad8593.jpg
https://gss3.bdstatic.com/7Po3dSag_xI4khGkpoWK1HF6hhy/baike/c0%3Dbaike92%2C5%2C5%2C92%2C30/sign=3fec7b9ce124b899ca31716a0f6f76f0/55e736d12f2eb9388c842b6edd628535e4dd6f44.jpg

https://gss0.bdstatic.com/94o3dSag_xI4khGkpoWK1HF6hhy/baike/c0%3Dbaike116%2C5%2C5%2C116%2C38/sign=74fd6d56eecd7b89fd6132d16e4d29c2/b64543a98226cffcbeedd22eb1014a90f703ea63.jpg
https://gss2.bdstatic.com/-fo3dSag_xI4khGkpoWK1HF6hhy/baike/c0%3Dbaike92%2C5%2C5%2C92%2C30/sign=f84d2a21a1773912d02b8d339970ed7d/a044ad345982b2b7deec555839adcbef76099b3e.jpg

https://gss3.bdstatic.com/-Po3dSag_xI4khGkpoWK1HF6hhy/baike/c0%3Dbaike150%2C5%2C5%2C150%2C50/sign=62bcd82bc5cec3fd9f33af27b7e1bf5a/72f082025aafa40f9055eb3aad64034f79f01941.jpg
https://gss0.bdstatic.com/-4o3dSag_xI4khGkpoWK1HF6hhy/baike/c0%3Dbaike150%2C5%2C5%2C150%2C50/sign=af7ba3cb8101a18be4e61a1dff466c6d/42166d224f4a20a4628c192096529822730ed042.jpg
https://gss3.bdstatic.com/-Po3dSag_xI4khGkpoWK1HF6hhy/baike/c0%3Dbaike116%2C5%2C5%2C116%2C38/sign=03bd6611a1efce1bfe26c098ce3898bb/b2de9c82d158ccbfffd390dd1fd8bc3eb03541ed.jpg
https://gss0.bdstatic.com/94o3dSag_xI4khGkpoWK1HF6hhy/baike/c0%3Dbaike116%2C5%2C5%2C116%2C38/sign=079a27058a26cffc7d27b7e0d86821f5/29381f30e924b89919de28a466061d950b7bf648.jpg

https://gss2.bdstatic.com/9fo3dSag_xI4khGkpoWK1HF6hhy/baike/c0%3Dbaike116%2C5%2C5%2C116%2C38/sign=9263912c6d380cd7f213aabfc02dc651/2e2eb9389b504fc2f77fde99eddde71190ef6d0d.jpg
https://gss0.bdstatic.com/-4o3dSag_xI4khGkpoWK1HF6hhy/baike/c0%3Dbaike92%2C5%2C5%2C92%2C30/sign=0ae8119aa4af2eddc0fc41bbec796a8c/b7fd5266d0160924d7f9cd87dc0735fae7cd3449.jpg

https://gss2.bdstatic.com/-fo3dSag_xI4khGkpoWK1HF6hhy/baike/c0%3Dbaike150%2C5%2C5%2C150%2C50/sign=134d785c4110b912abccfeaca2949766/d043ad4bd11373f05c5e5078a20f4bfbfaed04f7.jpg
https://gss1.bdstatic.com/-vo3dSag_xI4khGkpoWK1HF6hhy/baike/c0%3Dbaike116%2C5%2C5%2C116%2C38/sign=c7f55dfb17dfa9ece9235e4503b99c66/7acb0a46f21fbe095e45fcf36d600c338744ad39.jpg
https://gss3.bdstatic.com/-Po3dSag_xI4khGkpoWK1HF6hhy/baike/c0%3Dbaike116%2C5%2C5%2C116%2C38/sign=3a0f9450cbcec3fd9f33af27b7e1bf5a/7a899e510fb30f24c1ba859fc095d143ad4b030d.jpg
https://gss3.bdstatic.com/-Po3dSag_xI4khGkpoWK1HF6hhy/baike/c0%3Dbaike116%2C5%2C5%2C116%2C38/sign=fa3defb7b851f819e5280b18bbdd2188/0bd162d9f2d3572cd2f0f5408213632762d0c318.jpg

https://gss3.bdstatic.com/7Po3dSag_xI4khGkpoWK1HF6hhy/baike/c0%3Dbaike150%2C5%2C5%2C150%2C50/sign=3b3bbec61d950a7b613846966bb809bc/f31fbe096b63f6241c53dcf38744ebf81a4ca330.jpg
https://gss3.bdstatic.com/-Po3dSag_xI4khGkpoWK1HF6hhy/baike/c0%3Dbaike150%2C5%2C5%2C150%2C50/sign=84c4371cd100baa1ae214fe92679d277/0e2442a7d933c895caba628bd11373f08302007d.jpg
https://gss0.bdstatic.com/-4o3dSag_xI4khGkpoWK1HF6hhy/baike/c0%3Dbaike150%2C5%2C5%2C150%2C50/sign=e4251ec0baa1cd1111bb7a72d87ba399/43a7d933c895d143b1b21ed373f082025baf077d.jpg
https://gss1.bdstatic.com/-vo3dSag_xI4khGkpoWK1HF6hhy/baike/c0%3Dbaike272%2C5%2C5%2C272%2C90/sign=8fbc1948d43f8794c7f2407cb3726591/d833c895d143ad4bcceabc3082025aafa50f067d.jpg
https://gss0.bdstatic.com/-4o3dSag_xI4khGkpoWK1HF6hhy/baike/c0%3Dbaike80%2C5%2C5%2C80%2C26/sign=9d445b7ea144ad343ab28fd5b1cb6791/1ad5ad6eddc451da8dacf578b6fd5266d11632ce.jpg

https://gss0.bdstatic.com/-4o3dSag_xI4khGkpoWK1HF6hhy/baike/c0%3Dbaike150%2C5%2C5%2C150%2C50/sign=dad2ab499e510fb36c147fc5b85aa3f0/b21bb051f81986180a650a744aed2e738bd4e624.jpg
https://gss1.bdstatic.com/-vo3dSag_xI4khGkpoWK1HF6hhy/baike/c0%3Dbaike150%2C5%2C5%2C150%2C50/sign=46964e910fb30f242197e451a9fcba26/b151f8198618367ae7ab9a2d2e738bd4b31ce524.jpg
https://gss3.bdstatic.com/7Po3dSag_xI4khGkpoWK1HF6hhy/baike/c0%3Dbaike150%2C5%2C5%2C150%2C50/sign=30acdfe442a7d933aba5ec21cc22ba76/8718367adab44aed116c5b14b31c8701a18bfb24.jpg
https://gss2.bdstatic.com/9fo3dSag_xI4khGkpoWK1HF6hhy/baike/c0%3Dbaike150%2C5%2C5%2C150%2C50/sign=121a56e5bc315c60579863bdecd8a076/c83d70cf3bc79f3d0a381ec0baa1cd11738b2961.jpg
https://gss0.bdstatic.com/94o3dSag_xI4khGkpoWK1HF6hhy/baike/c0%3Dbaike150%2C5%2C5%2C150%2C50/sign=4f3b9267d933c895b2739029b07a1895/377adab44aed2e73cbcb63dc8701a18b87d6fa24.jpg
https://gss3.bdstatic.com/-Po3dSag_xI4khGkpoWK1HF6hhy/baike/c0%3Dbaike180%2C5%2C5%2C180%2C60/sign=4fd593a034a85edfee81f671283d6246/71cf3bc79f3df8dc22e47561cd11728b46102861.jpg
https://gss1.bdstatic.com/9vo3dSag_xI4khGkpoWK1HF6hhy/baike/c0%3Dbaike180%2C5%2C5%2C180%2C60/sign=982c1855d143ad4bb2234e92e36b31ca/dbb44aed2e738bd4f20357c1a18b87d6277ff924.jpg
https://gss2.bdstatic.com/9fo3dSag_xI4khGkpoWK1HF6hhy/baike/c0%3Dbaike180%2C5%2C5%2C180%2C60/sign=8a8a0183ad4bd11310c0bf603bc6cf6a/4bed2e738bd4b31cc51e714b87d6277f9e2ff824.jpg
https://gss0.bdstatic.com/-4o3dSag_xI4khGkpoWK1HF6hhy/baike/c0%3Dbaike180%2C5%2C5%2C180%2C60/sign=a884fb685edf8db1a8237436684ab631/3ac79f3df8dcd1004e4502d1728b4710b8122f61.jpg
https://gss1.bdstatic.com/-vo3dSag_xI4khGkpoWK1HF6hhy/baike/c0%3Dbaike180%2C5%2C5%2C180%2C60/sign=c14c911f8db1cb132a643441bc3d3d2b/9e3df8dcd100baa138f5bd4b4710b912c9fc2e61.jpg
https://gss0.bdstatic.com/-4o3dSag_xI4khGkpoWK1HF6hhy/baike/c0%3Dbaike150%2C5%2C5%2C150%2C50/sign=955c7d8bd11373f0e13267cdc566209e/8ad4b31c8701a18bc3c9f7bf9e2f07082838fe24.jpg
https://gss2.bdstatic.com/-fo3dSag_xI4khGkpoWK1HF6hhy/baike/c0%3Dbaike180%2C5%2C5%2C180%2C60/sign=a83b4271cb1349546a13e0363727f93d/f9dcd100baa1cd11846f88d0b912c8fcc2ce2d61.jpg
https://gss3.bdstatic.com/7Po3dSag_xI4khGkpoWK1HF6hhy/baike/c0%3Dbaike180%2C5%2C5%2C180%2C60/sign=7a5504d349540923be646b2cf331ba6c/d000baa1cd11728bb0f476d2c8fcc3cec2fd2c61.jpg
https://gss1.bdstatic.com/-vo3dSag_xI4khGkpoWK1HF6hhy/baike/c0%3Dbaike180%2C5%2C5%2C180%2C60/sign=940ca33082025aafc73f76999a84c001/b21c8701a18b87d662604eef070828381f30fd24.jpg
https://gss2.bdstatic.com/-fo3dSag_xI4khGkpoWK1HF6hhy/baike/c0%3Dbaike180%2C5%2C5%2C180%2C60/sign=35ef52c25aafa40f28cbc68fca0d682a/8601a18b87d6277fd830d7c828381f30e924fc24.jpg
https://gss1.bdstatic.com/9vo3dSag_xI4khGkpoWK1HF6hhy/baike/c0%3Dbaike150%2C5%2C5%2C150%2C50/sign=32f786940923dd54357eaf3ab060d8bb/cc11728b4710b91231180c0ec3fdfc0393452261.jpg
https://gss2.bdstatic.com/9fo3dSag_xI4khGkpoWK1HF6hhy/baike/c0%3Dbaike180%2C5%2C5%2C180%2C60/sign=f3c71294564e9258b2398ebcfdebba3d/738b4710b912c8fc392a0c3dfc039245d7882161.jpg
https://gss3.bdstatic.com/7Po3dSag_xI4khGkpoWK1HF6hhy/baike/c0%3Dbaike180%2C5%2C5%2C180%2C60/sign=c51d8a6fa40f4bfb98dd960662261395/a08b87d6277f9e2f4017f8f81f30e924b899f324.jpg
https://gss2.bdstatic.com/-fo3dSag_xI4khGkpoWK1HF6hhy/baike/c0%3Dbaike72%2C5%2C5%2C72%2C24/sign=273321a953fbb2fb202650402e234bc1/5fdf8db1cb13495477fec190504e9258d0094a65.jpg
https://gss3.bdstatic.com/-Po3dSag_xI4khGkpoWK1HF6hhy/baike/c0%3Dbaike80%2C5%2C5%2C80%2C26/sign=4eb8c119e11190ef15f69a8daf72f673/4afbfbedab64034fb37dd3f2a9c379310b551d95.jpg
https://gss0.bdstatic.com/94o3dSag_xI4khGkpoWK1HF6hhy/baike/c0%3Dbaike92%2C5%2C5%2C92%2C30/sign=97385df50c55b31988f48a2722c0e943/342ac65c10385343c30996d59513b07ecb80887b.jpg
https://gss1.bdstatic.com/9vo3dSag_xI4khGkpoWK1HF6hhy/baike/c0%3Dbaike92%2C5%2C5%2C92%2C30/sign=40fb2e91b519ebc4d4757ecbe34fa499/c75c10385343fbf28bdbb7d7b67eca8064388f4a.jpg
https://gss3.bdstatic.com/-Po3dSag_xI4khGkpoWK1HF6hhy/baike/c0%3Dbaike72%2C5%2C5%2C72%2C24/sign=b2832d43d743ad4bb2234e92e36b31ca/2934349b033b5bb5a25af01830d3d539b700bc43.jpg
https://gss3.bdstatic.com/-Po3dSag_xI4khGkpoWK1HF6hhy/baike/c0%3Dbaike92%2C5%2C5%2C92%2C30/sign=6a549f50cbcec3fd9f33af27b7e1bf5a/a1ec08fa513d26978aa86ac15dfbb2fb4316d837.jpg
