
http://a3.att.hudong.com/88/88/20300543319309143700882967210_s.jpg	http://www.baike.com/wiki/%E6%97%A5%E6%9C%AC%E6%99%9A%E6%A8%B1
http://a4.att.hudong.com/48/90/01300543319309143700900403952_s.jpg	http://www.baike.com/wiki/%E6%97%A5%E6%9C%AC%E6%99%9A%E6%A8%B1
http://www.sun0769.com/subject/2013/senlindggai/2/201307/W020130713361050015568.jpg	http://www.sun0769.com/subject/2013/senlindggai/2/201307/t20130713_2274225.shtml
http://a1.att.hudong.com/62/89/01300543319309143700894197160_s.jpg	http://www.baike.com/wiki/%E6%97%A5%E6%9C%AC%E6%99%9A%E6%A8%B1
https://upload.wikimedia.org/wikipedia/commons/3/34/%E7%A6%8F%E5%B7%9E%E9%87%91%E9%B8%A1%E5%B1%B1%E8%8A%B1%E5%8D%89-%E6%97%A5%E6%9C%AC%E6%99%9A%E6%A8%B1_03.jpg	https://zh.wikipedia.org/wiki/%E6%97%A5%E6%9C%AC%E6%99%9A%E6%A8%B1
http://www.huamu.cn/picture/201211121452276397.jpg	http://www.huamu.cn/cptp/picture_38578.html
https://www.cmeii.com/uploads/allimg/160913/1-1609130S453Z6.jpg	https://www.cmeii.com/huaguanmulei/2474.html
http://www.abitao.com/upLoad/image/20160107/14521620462586393.jpg	http://www.abitao.com/about/yinghua-32.html
https://www.huabaike.com/uploads/allimg/20140609/140609132249453250-L.jpg	https://www.huabaike.com/yanghuazhishi/201406/2372.html
http://ftcat.oss-cn-hangzhou.aliyuncs.com/14274459373163.jpg	http://hm5988.com/shanghu/?SUB_MERCHANT_ID=4609
http://a2.att.hudong.com/77/89/01300543319309143700897461762_s.jpg	http://www.baike.com/wiki/%E6%97%A5%E6%9C%AC%E6%99%9A%E6%A8%B1
http://static.panoramio.com/photos/original/867621.jpg	http://mapio.net/pic/p-867621/
http://bigtu.eastday.com/img/201203/15/9/12432430059739542341.jpg	http://sh.eastday.com/m/20120315/u1a6428739.html
http://www.wdptj.com/wp-content/uploads/2014/11/%E6%97%A5%E6%9C%AC%E6%99%9A%E6%A8%B1.jpg	http://www.wdptj.com/5979.html
https://www.huabaike.com/uploads/allimg/artimg/201703/20170310163842_80070.jpg	https://www.huabaike.com/hyjk/7595.html
http://www.alimiaopu.com/upload/News/1/201210/2012102211341675159.jpg	http://www.alimiaopu.com/t_8634/
https://www.huabaike.com/uploads/allimg/artimg/201703/20170309160551_14207.jpg	https://www.huabaike.com/jtyh/7550.html
http://rz312.com/pic/201510/41535582.jpg	http://rz312.com/Product.asp?BigClassID=26&SmallClassID=54
https://www.huabaike.com/uploads/allimg/sltimg/201703/58c10cb49118d.jpg	https://www.huabaike.com/jtyh/7550.html
https://gss1.bdstatic.com/-vo3dSag_xI4khGkpoWK1HF6hhy/baike/w%3D400/sign=a44727f9d8a20cf44690ffdf46084b0c/2cf5e0fe9925bc31a1a5a1e656df8db1ca1370d0.jpg	https://baike.baidu.com/item/%E6%97%A5%E6%9C%AC%E6%99%9A%E6%A8%B1
https://www.cmeii.com/uploads/allimg/151005/1-151005102130J2.jpg	https://www.cmeii.com/huaguanmulei/2474.html
http://img612.ph.126.net/aC7LUAv7OaIaWWCv5MrbiA==/1702642134124858346.jpg	http://www.hsy.mobi/html/10545.html
http://a1.att.hudong.com/45/62/01300000171642121819628115542.jpg	http://tupian.baike.com/a1_45_62_01300000171642121819628115542_jpg.html
http://a4.att.hudong.com/17/22/20200000013920144731228453082_s.jpg	http://www.baike.com/wiki/%E6%97%A5%E6%9C%AC%E6%99%9A%E6%A8%B1
http://www.fei123.com/upload/2017/07/06/6a5d2556c197a6d9.jpg	http://www.fei123.com/2040000/2036315.shtml
http://pic1.huashichang.com/2016/0502/01/5726413eeb45d.jpg	http://m.aihuhua.com/tu/ribenwanying.html
https://www.huabaike.com/uploads/allimg/artimg/201703/20170309160632_36746.jpg	https://www.huabaike.com/jtyh/7550.html
https://www.huabaike.com/uploads/allimg/artimg/201703/20170309160609_57493.jpg	https://www.huabaike.com/jtyh/7550.html
https://cbu01.alicdn.com/img/ibank/2016/540/272/3474272045_41364821.jpg	http://www.taxinhemm.com/news_479.htm
http://a3.att.hudong.com/21/60/01300000171642121819608086071.jpg	http://tupian.baike.com/a3_21_60_01300000171642121819608086071_jpg.html
http://3.im.guokr.com/Vxh9a8EnwG4pH5ay1qeM308vJ8c4ogFa1ePXVMDRkyeAAgAAqwEAAEpQ.jpg?imageView2/1/w/590/h/393	http://www.guokr.com/post/716929/
http://pic.baike.soso.com/p/20140104/bki-20140104150910-1617894724.jpg	http://baike.soso.com/ShowTitle.e?sp=S%E6%97%A5%E6%9C%AC%E6%99%9A%E6%A8%B1
http://userimages9.51sole.com/20160530/b_1517269_201605302146273205.jpg	http://www.yinghuasd.com/CompanyProductDetail_103441035.htm
http://www.huaxianer.com/uploads/allimg/170619/6-1F6191640470-L.jpg	http://www.huaxianer.com/wiki/061251.html
https://gss3.bdstatic.com/-Po3dSag_xI4khGkpoWK1HF6hhy/baike/s%3D220/sign=5c635d6f0d0828386c0ddb168899a964/bf096b63f6246b60772f4404e1f81a4c510fa299.jpg	https://baike.baidu.com/item/%E6%97%A5%E6%9C%AC%E6%99%9A%E6%A8%B1
https://cbu01.alicdn.com/img/ibank/2014/824/026/1719620428_1593731460.220x220.jpg	http://www.1688.com/jiage/-C8D5B1BECDEDD3A3.html
http://s1.sinaimg.cn/mw690/6082caefgd802df7c2760&690	http://blog.sina.com.cn/s/blog_6082caef0101mamh.html
http://www.syqslh.top/upfile/images/%E6%97%A5%E6%9C%AC%E6%99%9A%E6%A8%B12.jpg	http://www.syqslh.top/556/0/84
http://www.baihuamen.com/d/file/2014/05-27/432f6e65fc3bf40a5ee62b370c6835cd.jpg	http://www.baihuamen.com/ribenwanying/16631_19.html
https://www.huabaike.com/uploads/allimg/artimg/201703/20170310163855_70001.jpg	https://www.huabaike.com/hyjk/7595.html
http://www.huamu.cn/picture/201209142243342968.jpg	http://www.huamu.cn/cptp/picture_35013.html
https://gw.alicdn.com/bao/uploaded/i2/408663424/TB2KWZHbByN.eBjSZFIXXXbUVXa_!!408663424.jpg_230x230.jpg	https://www.taobao.com/oshtml/buy-cn/cp_yNWxvs3t06PK98Pn.html
http://www.fei123.com/upload/2017/07/06/ad4498376c36cf35.jpg	http://www.fei123.com/2040000/2036319.shtml
https://www.huabaike.com/uploads/allimg/sltimg/201703/58c265a3e79e6.jpg	https://www.huabaike.com/mbzw/7267.html
http://a4.att.hudong.com/71/60/300000764046131399609966648_s.jpg	http://www.baike.com/wiki/%E6%97%A5%E6%9C%AC%E6%99%9A%E6%A8%B1
http://www.fei123.com/upload/2017/07/06/87ada96c0fea74a8.jpg	http://www.fei123.com/2040000/2036319.shtml
http://pic4.55jia.net/fengshuizhiwu/54/a367803.jpg	http://www.55jia.net/75/331245.html
http://www.fei123.com/upload/2017/07/06/246d0da5d5523295.jpg	http://www.fei123.com/2040000/2036319.shtml
http://www.fei123.com/upload/2017/07/06/7028c34052d760e7.jpg	http://www.fei123.com/2040000/2036319.shtml
http://img.yuanew.com/uploads/attached/image/20160411/20160411161907_46537.jpg	http://www.yuanew.com/buy_detail/nursery?id=1720
https://cbu01.alicdn.com/img/ibank/2016/240/749/3475947042_41364821.jpg	http://www.taxinhemm.com/news_479.htm
http://pic.baike.soso.com/p/20140104/bki-20140104151021-1396829528.jpg	http://baike.soso.com/ShowTitle.e?sp=S%E6%97%A5%E6%9C%AC%E6%99%9A%E6%A8%B1
http://www.fei123.com/upload/2017/07/06/ebd6e24c48ebd221.jpg	http://www.fei123.com/2040000/2036304.shtml
http://www.fei123.com/upload/2017/07/06/66c5b4338c3235fb.jpg	http://www.fei123.com/2040000/2036320.shtml
https://www.huabaike.com/uploads/allimg/artimg/201703/20170309160649_32708.jpg	https://www.huabaike.com/jtyh/7550.html
http://pic.baike.soso.com/p/20140104/bki-20140104151228-1447445591.jpg	http://baike.soso.com/ShowTitle.e?sp=S%E6%97%A5%E6%9C%AC%E6%99%9A%E6%A8%B1
https://cbu01.alicdn.com/img/ibank/2016/568/927/3475729865_41364821.jpg	http://www.taxinhemm.com/news_479.htm
https://cbu01.alicdn.com/img/ibank/2016/758/839/3475938857_41364821.jpg	http://www.taxinhemm.com/news_479.htm
http://img.aihuahui.com/d/2017/03/58d8a66d93a1f.jpg	http://www.aihuahui.com/aiqiaomuhuahui/2547.html
https://www.huabaike.com/uploads/allimg/artimg/201703/20170310163407_66585.jpg	http://www.huabaike.com/yhjq/7594.html
http://www.syqslh.top/upfile/images/%E6%97%A5%E6%9C%AC%E6%99%9A%E6%A8%B1.jpg	http://www.syqslh.top/556/0/84
http://www.fei123.com/upload/2017/07/06/d806e059abad0433.jpg	http://www.fei123.com/2040000/2036322.shtml
http://img.boqiicdn.com/Data/BK/A/1510/12/imagick72811444617995_y.jpg	http://m.boqii.com/entry/detail/2111.html
http://photocdn.sohu.com/20110401/Img305228743.jpg	http://roll.sohu.com/20110401/n305228734.shtml
http://img.bj.wezhan.cn/content/sitefiles/2037244/images/8291049_webwxgetmsgimg-19.jpeg	http://www.taycmiaomu.com/product/277619717
https://cbu01.alicdn.com/img/ibank/2016/575/449/3475944575_41364821.jpg	http://www.taxinhemm.com/news_479.htm
http://b2b.image.yuanlin.com/biz/2012-8/201404150302394368.jpg	http://www.hsy.mobi/html/10545.html
http://www.fei123.com/upload/2017/07/06/6be3088c006bff2e.jpg	http://www.fei123.com/2040000/2036314.shtml
http://img.hhpj.net/wp-content/uploads/2014/d043ef43b861_14E8/clip_image0074.jpg	http://hhpj.net/yanghua-7370
http://ww2.sinaimg.cn/large/40de8f89gw1f2ogistsx8j20rs15o16h.jpg	http://blog.sina.com.cn/s/blog_40de8f890102w2g3.html
https://cbu01.alicdn.com/img/ibank/2014/227/185/1354581722_1026556056.220x220.jpg	http://www.1688.com/jiage/-C8D5B1BECDEDD3A3.html
http://cdn053.yun-img.com/static/upload/mingshi/news/20170411104018_85352.jpg	http://www.mingshinongye.com/newsdetail_497867.html
http://img.boqiicdn.com/Data/BK/A/1510/12/imagick5841444620107_y.jpg	http://m.boqii.com/entry/detail/2111.html
https://www.huabaike.com/uploads/allimg/artimg/201703/20170317082736_27534.jpg	https://www.huabaike.com/jtyh/7696.html
https://t11.pimg.jp/028/060/141/1/28060141.jpg	https://cn.pixtastock.com/tags/%E6%97%A5%E6%9C%AC%E6%99%9A%E6%A8%B1
http://www.jxveg.org/sphh/upfiles/image/20141228161435.jpg	http://www.jxveg.org/sphh/show.asp?id=1260
http://www.fei123.com/upload/2017/07/06/267f943f46c25269.jpg	http://www.fei123.com/2040000/2036316.shtml
http://www.fei123.com/upload/2017/07/06/f1091f8e10b2198d.jpg	http://www.fei123.com/2040000/2036305.shtml
http://b.img.youboy.com/20109/12/g3_5897537.jpg	http://ribenwanyingshu.1pyy.com/images.html
http://s2.sinaimg.cn/mw690/001bb6GDgy6HYvFN3rj51&690	http://blog.sina.com.cn/s/blog_4073a1a30102e1jl.html
http://pic4.55jia.net/fengshuizhiwu/28/a77458.jpg	http://www.55jia.net/75/262267.html
http://121.41.7.105:81/GoodsImg/X5f18854e-c585-4bca-bd5c-ec4bc127aafb.jpg	http://www.my1818.com/e101674_1811.html
http://www.fei123.com/upload/2017/07/06/d22b34f86c00e81d.jpg	http://www.fei123.com/2040000/2036313.shtml
http://img.pconline.com.cn/images/upload/upc/tx/itbbs/1604/02/c29/19898629_1459586896096_mthumb.jpg	http://dp.pconline.com.cn/sphoto/3627689.html
http://www.fei123.com/upload/2017/07/06/4666812fc038a80f.jpg	http://www.fei123.com/2040000/2036315.shtml
http://www.abitao.com/upLoad/image/20160110/14524310219015593.jpg	http://www.abitao.com/news/103.html
http://rz312.com/pic/201510/41535586.jpg	http://rz312.com/Product.asp?BigClassID=26&SmallClassID=54
http://112.124.15.130/res/211802_www/resimg/product/ribenwanying.jpg	http://www.211802.com/product/ribenwanying/
http://www.syjylh.com/Photo/UploadPhotos/201704/2017043015154415.jpg	http://www.syjylh.com/Photo/ShowPhoto.asp?PhotoID=488
http://pic4.55jia.net/fengshuizhiwu/20/a77408.jpg	http://www.55jia.net/75/262267.html
http://www.fei123.com/upload/2017/07/06/719b0088bde417df.jpg	http://www.fei123.com/2040000/2036313.shtml
http://pic1.huashichang.com/2016/0502/01/5726413c42bd9_200_140.jpg	http://m.aihuhua.com/tu/ribenwanying.html
http://sygxyl.com/upLoad/product/month_1704/201704301503216051.jpg	http://sygxyl.com/content/?1121.html
https://www.huabaike.com/uploads/allimg/sltimg/201703/58cb2ca56ef72.jpg	https://www.huabaike.com/mbzw/7267.html
https://cbu01.alicdn.com/img/ibank/2016/703/371/3424173307_41364821.jpg	http://www.taxinhemm.com/news_458.htm
https://t16.pimg.jp/021/834/276/1/21834276.jpg	https://cn.pixtastock.com/tags/%E6%97%A5%E6%9C%AC%E6%99%9A%E6%A8%B1
http://zw3wmap1.zw3e.com:8080/zw_news_map/350/2014064/1404115324743963708.png	http://www.zw3e.com/bk/guanhuazhiwu/wdcbe.html
http://www.lieshuo.com/uploads/allimg/20170524-dq2/zbpqrhgltsq.jpg	http://www.lieshuo.com/huahui/3877.html
http://sygxyl.com/upLoad/product/month_1704/20170430150347580.jpg	http://sygxyl.com/content/?1121.html
http://pic28.nipic.com/20130426/4224370_171250750000_2.jpg	http://www.nipic.com/show/1/44/7947821k3e3e84d5.html
