
https://gss3.bdstatic.com/7Po3dSag_xI4khGkpoWK1HF6hhy/baike/c0%3Dbaike272%2C5%2C5%2C272%2C90/sign=0323bc9d33fa828bc52e95b19c762a51/c9fcc3cec3fdfc032d58db20d43f8794a4c22601.jpg
https://gss1.bdstatic.com/-vo3dSag_xI4khGkpoWK1HF6hhy/baike/c0%3Dbaike180%2C5%2C5%2C180%2C60/sign=cd8bdcebad4bd11310c0bf603bc6cf6a/4bed2e738bd4b31c821fac2387d6277f9e2ff802.jpg
https://gss0.bdstatic.com/94o3dSag_xI4khGkpoWK1HF6hhy/baike/c0%3Dbaike180%2C5%2C5%2C180%2C60/sign=911f41a06e061d95694b3f6a1a9d61b4/7acb0a46f21fbe09537dfb8c6b600c338744ad02.jpg
https://gss3.bdstatic.com/7Po3dSag_xI4khGkpoWK1HF6hhy/baike/c0%3Dbaike272%2C5%2C5%2C272%2C90/sign=12e5bf5343166d222c7a1dc6274a6292/242dd42a2834349b4425561dc9ea15ce36d3be02.jpg
https://gss3.bdstatic.com/-Po3dSag_xI4khGkpoWK1HF6hhy/baike/c0%3Dbaike180%2C5%2C5%2C180%2C60/sign=bd421d905343fbf2d121ae71d117a1e5/4ec2d5628535e5dd9c0f9d4776c6a7efce1b6202.jpg

https://gss1.bdstatic.com/9vo3dSag_xI4khGkpoWK1HF6hhy/baike/c0%3Dbaike92%2C5%2C5%2C92%2C30/sign=893813e1be3eb13550cabfe9c777c3b6/b21c8701a18b87d62e4d9416050828381f30fdaf.jpg
https://gss3.bdstatic.com/-Po3dSag_xI4khGkpoWK1HF6hhy/baike/crop%3D0%2C12%2C800%2C528%3Bc0%3Dbaike92%2C5%2C5%2C92%2C30/sign=6cdb759c8282b90129e299734ebd8546/8601a18b87d6277f3d086c8320381f30e924fc77.jpg

https://gss2.bdstatic.com/9fo3dSag_xI4khGkpoWK1HF6hhy/baike/c0%3Dbaike80%2C5%2C5%2C80%2C26/sign=8558267c0a46f21fdd395601974d0005/18d8bc3eb13533fad019fba9a8d3fd1f40345b8d.jpg
https://gss2.bdstatic.com/9fo3dSag_xI4khGkpoWK1HF6hhy/baike/c0%3Dbaike80%2C5%2C5%2C80%2C26/sign=47c6899d2834349b600b66d7a8837eab/7e3e6709c93d70cf592cc28af8dcd100bba12b66.jpg
https://gss1.bdstatic.com/9vo3dSag_xI4khGkpoWK1HF6hhy/baike/c0%3Dbaike80%2C5%2C5%2C80%2C26/sign=aa663fd9ddc451dae2fb04b9d7943903/0df3d7ca7bcb0a4643ac2cbe6b63f6246a60afaf.jpg

https://gss0.bdstatic.com/-4o3dSag_xI4khGkpoWK1HF6hhy/baike/c0%3Dbaike180%2C5%2C5%2C180%2C60/sign=f236d4bd28381f308a1485fbc868276d/08f790529822720e60ea047f7bcb0a46f21fab0b.jpg
https://gss3.bdstatic.com/7Po3dSag_xI4khGkpoWK1HF6hhy/baike/c0%3Dbaike180%2C5%2C5%2C180%2C60/sign=2a6785fb9258d109d0eea1e0b031a7da/4610b912c8fcc3ce34ce2fb69245d688d43f202d.jpg
https://gss2.bdstatic.com/-fo3dSag_xI4khGkpoWK1HF6hhy/baike/c0%3Dbaike150%2C5%2C5%2C150%2C50/sign=84bf75aba8d3fd1f2204aa6851274e7a/ac6eddc451da81cb3fef65485266d0160924312d.jpg
https://gss0.bdstatic.com/94o3dSag_xI4khGkpoWK1HF6hhy/baike/c0%3Dbaike272%2C5%2C5%2C272%2C90/sign=957f02a673f08202399f996d2a929088/3812b31bb051f819be2ce5cfdab44aed2e73e72e.jpg
https://gss3.bdstatic.com/-Po3dSag_xI4khGkpoWK1HF6hhy/baike/c0%3Dbaike150%2C5%2C5%2C150%2C50/sign=9227a04582025aafc73f76999a84c001/8601a18b87d6277fdd1bd4bd28381f30e924fc2e.jpg

https://gss3.bdstatic.com/7Po3dSag_xI4khGkpoWK1HF6hhy/baike/c0%3Dbaike180%2C5%2C5%2C180%2C60/sign=f519d4b4d9f9d72a0369184fb5434351/0df431adcbef7609a46329142edda3cc7dd99ed5.jpg
https://gss3.bdstatic.com/7Po3dSag_xI4khGkpoWK1HF6hhy/baike/c0%3Dbaike150%2C5%2C5%2C150%2C50/sign=4955bf483a87e950561afb3e71513826/37d12f2eb9389b50b09750d98535e5dde6116ed5.jpg
https://gss3.bdstatic.com/-Po3dSag_xI4khGkpoWK1HF6hhy/baike/c0%3Dbaike116%2C5%2C5%2C116%2C38/sign=2f7bce40fbedab64607f4592965fc4a6/377adab44aed2e7300a036a78701a18b86d6faf4.jpg
https://gss0.bdstatic.com/94o3dSag_xI4khGkpoWK1HF6hhy/baike/c0%3Dbaike150%2C5%2C5%2C150%2C50/sign=4bb032fe43a98226accc2375ebebd264/03087bf40ad162d952a7d29711dfa9ec8b13cdf4.jpg
https://gss2.bdstatic.com/-fo3dSag_xI4khGkpoWK1HF6hhy/baike/c0%3Dbaike150%2C5%2C5%2C150%2C50/sign=1e257da28618367ab984778f4f1ae0b1/09fa513d269759ee9319d040b2fb43166c22dff4.jpg
https://gss0.bdstatic.com/-4o3dSag_xI4khGkpoWK1HF6hhy/baike/c0%3Dbaike180%2C5%2C5%2C180%2C60/sign=944c9a8be924b899ca31716a0f6f76f0/9922720e0cf3d7cac7bf8ffdf21fbe096a63a9f4.jpg

https://gss2.bdstatic.com/-fo3dSag_xI4khGkpoWK1HF6hhy/baike/c0%3Dbaike116%2C5%2C5%2C116%2C38/sign=c26e3f692f2eb938f86072a0b40bee50/35a85edf8db1cb13dfdd009bdd54564e93584b85.jpg
https://gss1.bdstatic.com/9vo3dSag_xI4khGkpoWK1HF6hhy/baike/c0%3Dbaike150%2C5%2C5%2C150%2C50/sign=4257bd378c5494ee932f074b4c9c8b9b/241f95cad1c8a786789e76866709c93d71cf5085.jpg
https://gss3.bdstatic.com/7Po3dSag_xI4khGkpoWK1HF6hhy/baike/c0%3Dbaike116%2C5%2C5%2C116%2C38/sign=a3ab4243fbedab64607f4592965fc4a6/377adab44aed2e738c70baa48701a18b86d6fa98.jpg
https://gss1.bdstatic.com/-vo3dSag_xI4khGkpoWK1HF6hhy/baike/c0%3Dbaike116%2C5%2C5%2C116%2C38/sign=9782c6441e178a82da3177f2976a18e8/e824b899a9014c087ba2142d0a7b02087af4f498.jpg
https://gss0.bdstatic.com/94o3dSag_xI4khGkpoWK1HF6hhy/baike/c0%3Dbaike180%2C5%2C5%2C180%2C60/sign=9bbfb9e9f8198618554ae7d62b844516/908fa0ec08fa513d0e3350563d6d55fbb3fbd998.jpg

https://gss2.bdstatic.com/9fo3dSag_xI4khGkpoWK1HF6hhy/baike/c0%3Dbaike220%2C5%2C5%2C220%2C73/sign=50ae76adebc4b7452099bf44ae957572/b999a9014c086e06476ecfcf02087bf40bd1cb74.jpg
https://gss3.bdstatic.com/7Po3dSag_xI4khGkpoWK1HF6hhy/baike/c0%3Dbaike150%2C5%2C5%2C150%2C50/sign=97e243ac367adab429dd1311eabdd879/503d269759ee3d6d3a00774f43166d224e4ade74.jpg
https://gss1.bdstatic.com/-vo3dSag_xI4khGkpoWK1HF6hhy/baike/c0%3Dbaike116%2C5%2C5%2C116%2C38/sign=060fcf6562d9f2d3341c2cbdc885e176/730e0cf3d7ca7bcb77bd37abbe096b63f724a874.jpg
https://gss3.bdstatic.com/7Po3dSag_xI4khGkpoWK1HF6hhy/baike/c0%3Dbaike150%2C5%2C5%2C150%2C50/sign=4403dff8510fd9f9b41a5d3b4444bf4f/0df431adcbef7609e4cd691b2edda3cc7dd99e74.jpg
https://gss2.bdstatic.com/-fo3dSag_xI4khGkpoWK1HF6hhy/baike/c0%3Dbaike150%2C5%2C5%2C150%2C50/sign=6bc273b43af33a878a600848a7357b5d/55e736d12f2eb93825ab8a76d5628535e4dd6f74.jpg

https://gss1.bdstatic.com/-vo3dSag_xI4khGkpoWK1HF6hhy/baike/c0%3Dbaike150%2C5%2C5%2C150%2C50/sign=e63f2d44b2119313d34ef7e2045167b2/e4dde71190ef76c6129318ad9d16fdfaae5167f7.jpg
https://gss3.bdstatic.com/7Po3dSag_xI4khGkpoWK1HF6hhy/baike/c0%3Dbaike180%2C5%2C5%2C180%2C60/sign=ee436eb87bec54e755e1124cd851f035/dc54564e9258d1097ca24a34d158ccbf6d814df7.jpg
https://gss3.bdstatic.com/-Po3dSag_xI4khGkpoWK1HF6hhy/baike/c0%3Dbaike220%2C5%2C5%2C220%2C73/sign=e2a46a88b13533fae1bb9b7cc9ba967a/d788d43f8794a4c2866204ad0ef41bd5ac6e39f7.jpg
https://gss3.bdstatic.com/-Po3dSag_xI4khGkpoWK1HF6hhy/baike/c0%3Dbaike150%2C5%2C5%2C150%2C50/sign=28ba498bf8dcd100d991f07313e22c75/0eb30f2442a7d933dbe807f5ad4bd11372f001f7.jpg
https://gss0.bdstatic.com/-4o3dSag_xI4khGkpoWK1HF6hhy/baike/c0%3Dbaike150%2C5%2C5%2C150%2C50/sign=d58af02159ee3d6d36cb8f99227f0647/c8ea15ce36d3d53932b7ec453a87e950342ab0aa.jpg
https://gss1.bdstatic.com/-vo3dSag_xI4khGkpoWK1HF6hhy/baike/c0%3Dbaike150%2C5%2C5%2C150%2C50/sign=0e862d5bab64034f1bc0ca54ceaa1254/060828381f30e924fde47fb74c086e061c95f7f0.jpg
https://gss3.bdstatic.com/7Po3dSag_xI4khGkpoWK1HF6hhy/baike/c0%3Dbaike150%2C5%2C5%2C150%2C50/sign=db1f88698db1cb132a643441bc3d3d2b/f9dcd100baa1cd119d3c91a6b912c8fcc2ce2daa.jpg
https://gss0.bdstatic.com/94o3dSag_xI4khGkpoWK1HF6hhy/baike/c0%3Dbaike150%2C5%2C5%2C150%2C50/sign=2674bdd5f6246b606f03ba268a917129/96dda144ad3459822aca06140cf431adcaef84f0.jpg
https://gss0.bdstatic.com/-4o3dSag_xI4khGkpoWK1HF6hhy/baike/c0%3Dbaike220%2C5%2C5%2C220%2C73/sign=fbfd951f8226cffc7d27b7e0d86821f5/6f061d950a7b0208374cdc6762d9f2d3562cc8ab.jpg
https://gss1.bdstatic.com/9vo3dSag_xI4khGkpoWK1HF6hhy/baike/c0%3Dbaike150%2C5%2C5%2C150%2C50/sign=0c1f5383e5dde711f3df4ba4c686a57e/18d8bc3eb13533fa5bf670a8a8d3fd1f40345bf0.jpg
https://gss0.bdstatic.com/94o3dSag_xI4khGkpoWK1HF6hhy/baike/c0%3Dbaike150%2C5%2C5%2C150%2C50/sign=ef6ef1c99e2f07084b082252884dd3fc/472309f7905298221ab6da45d7ca7bcb0b46d4ab.jpg
https://gss3.bdstatic.com/-Po3dSag_xI4khGkpoWK1HF6hhy/baike/c0%3Dbaike150%2C5%2C5%2C150%2C50/sign=2a251a096c81800a7ae8815cd05c589f/d788d43f8794a4c2866304ad0ef41bd5ac6e39f0.jpg
https://gss0.bdstatic.com/94o3dSag_xI4khGkpoWK1HF6hhy/baike/c0%3Dbaike180%2C5%2C5%2C180%2C60/sign=f30d1f5c15ce36d3b6098b625b9a51e2/00e93901213fb80ed354825136d12f2eb83894ab.jpg
https://gss0.bdstatic.com/94o3dSag_xI4khGkpoWK1HF6hhy/baike/c0%3Dbaike150%2C5%2C5%2C150%2C50/sign=a62fd9050f2442a7ba03f5f7b02ac62e/f9198618367adab47293f8c58bd4b31c8601e4f1.jpg
https://gss3.bdstatic.com/7Po3dSag_xI4khGkpoWK1HF6hhy/baike/c0%3Dbaike220%2C5%2C5%2C220%2C73/sign=6922c68e5343fbf2d121ae71d117a1e5/2e2eb9389b504fc27a1c5383e5dde71191ef6df1.jpg

https://gss3.bdstatic.com/7Po3dSag_xI4khGkpoWK1HF6hhy/baike/c0%3Dbaike150%2C5%2C5%2C150%2C50/sign=c21957f71038534398c28f73f27adb1b/4ec2d5628535e5dd1022014476c6a7efce1b621b.jpg
https://gss1.bdstatic.com/-vo3dSag_xI4khGkpoWK1HF6hhy/baike/c0%3Dbaike116%2C5%2C5%2C116%2C38/sign=76d8c54c36d12f2eda08a6322eabbe07/5d6034a85edf8db1c627d8ff0923dd54564e741b.jpg
https://gss2.bdstatic.com/-fo3dSag_xI4khGkpoWK1HF6hhy/baike/c0%3Dbaike92%2C5%2C5%2C92%2C30/sign=86660989720e0cf3b4fa46a96b2f997a/9358d109b3de9c82c76c5d146c81800a19d8431b.jpg
https://gss0.bdstatic.com/-4o3dSag_xI4khGkpoWK1HF6hhy/baike/c0%3Dbaike116%2C5%2C5%2C116%2C38/sign=856ae1643bc79f3d9becec62dbc8a674/38dbb6fd5266d01645733ab3972bd40734fa35c6.jpg
https://gss0.bdstatic.com/94o3dSag_xI4khGkpoWK1HF6hhy/baike/c0%3Dbaike116%2C5%2C5%2C116%2C38/sign=a3796a59b2119313d34ef7e2045167b2/b90e7bec54e736d1df1428939b504fc2d5626922.jpg
https://gss3.bdstatic.com/7Po3dSag_xI4khGkpoWK1HF6hhy/baike/c0%3Dbaike116%2C5%2C5%2C116%2C38/sign=9fab5265c3fdfc03f175ebeab556ecf1/9f510fb30f2442a78e64593ed143ad4bd01302c6.jpg

https://gss2.bdstatic.com/9fo3dSag_xI4khGkpoWK1HF6hhy/baike/c0%3Dbaike150%2C5%2C5%2C150%2C50/sign=df552e38b2fb43160e12722841cd2d46/d439b6003af33a870b684ee9c65c10385343b538.jpg
https://gss1.bdstatic.com/-vo3dSag_xI4khGkpoWK1HF6hhy/baike/c0%3Dbaike116%2C5%2C5%2C116%2C38/sign=e10bfc87ebf81a4c323fe49bb6430b3c/9213b07eca806538e1efeae097dda144ad348238.jpg
https://gss3.bdstatic.com/7Po3dSag_xI4khGkpoWK1HF6hhy/baike/c0%3Dbaike150%2C5%2C5%2C150%2C50/sign=34a9c8df8701a18be4e61a1dff466c6d/42166d224f4a20a4f95e723490529822730ed085.jpg
https://gss1.bdstatic.com/-vo3dSag_xI4khGkpoWK1HF6hhy/baike/c0%3Dbaike150%2C5%2C5%2C150%2C50/sign=56d52f2436d12f2eda08a6322eabbe07/d009b3de9c82d158e1861742800a19d8bc3e4238.jpg
https://gss1.bdstatic.com/-vo3dSag_xI4khGkpoWK1HF6hhy/baike/c0%3Dbaike150%2C5%2C5%2C150%2C50/sign=68cc9b3d9925bc313f5009ca3fb6e6d4/6609c93d70cf3bc7da04831fd100baa1cd112a38.jpg

https://gss1.bdstatic.com/-vo3dSag_xI4khGkpoWK1HF6hhy/baike/c0%3Dbaike150%2C5%2C5%2C150%2C50/sign=fe5876838701a18be4e61a1dff466c6d/42166d224f4a20a433afcc6890529822730ed0e8.jpg
https://gss1.bdstatic.com/9vo3dSag_xI4khGkpoWK1HF6hhy/baike/c0%3Dbaike180%2C5%2C5%2C180%2C60/sign=cd84ab991d950a7b613846966bb809bc/0b46f21fbe096b6377a8aeff0c338744eaf8ace8.jpg
https://gss1.bdstatic.com/9vo3dSag_xI4khGkpoWK1HF6hhy/baike/c0%3Dbaike150%2C5%2C5%2C150%2C50/sign=d72aca2c0f2442a7ba03f5f7b02ac62e/f9198618367adab40396ebec8bd4b31c8601e4df.jpg
https://gss3.bdstatic.com/-Po3dSag_xI4khGkpoWK1HF6hhy/baike/c0%3Dbaike180%2C5%2C5%2C180%2C60/sign=09d461904bfbfbedc8543e2d19999c53/86d6277f9e2f07087b43daafe924b899a801f2df.jpg
https://gss0.bdstatic.com/-4o3dSag_xI4khGkpoWK1HF6hhy/baike/c0%3Dbaike150%2C5%2C5%2C150%2C50/sign=f3b8bcae0a55b31988f48a2722c0e943/4d086e061d950a7b5e73be6b0ad162d9f3d3c9df.jpg
https://gss0.bdstatic.com/-4o3dSag_xI4khGkpoWK1HF6hhy/baike/c0%3Dbaike180%2C5%2C5%2C180%2C60/sign=5443daafe924b899ca31716a0f6f76f0/9922720e0cf3d7ca07b0cfd9f21fbe096a63a9df.jpg
https://gss0.bdstatic.com/-4o3dSag_xI4khGkpoWK1HF6hhy/baike/c0%3Dbaike220%2C5%2C5%2C220%2C73/sign=8eaaa746f2d3572c72ef948eeb7a0842/6a63f6246b600c33033f2e671a4c510fd8f9a1df.jpg
https://gss2.bdstatic.com/-fo3dSag_xI4khGkpoWK1HF6hhy/baike/c0%3Dbaike180%2C5%2C5%2C180%2C60/sign=59a664dbad345982d187edc06d9d5ac8/ae51f3deb48f8c545a9535803a292df5e1fe7fdf.jpg
https://gss3.bdstatic.com/7Po3dSag_xI4khGkpoWK1HF6hhy/baike/c0%3Dbaike150%2C5%2C5%2C150%2C50/sign=5e435ecf4fc2d562e605d8bf8678fb8a/cdbf6c81800a19d85b4574aa33fa828ba71e46df.jpg

https://gss2.bdstatic.com/-fo3dSag_xI4khGkpoWK1HF6hhy/baike/c0%3Dbaike180%2C5%2C5%2C180%2C60/sign=d15ce0b4c8fcc3cea0cdc161f32cbded/ac4bd11373f08202cce3fda94bfbfbedab641b36.jpg
https://gss3.bdstatic.com/-Po3dSag_xI4khGkpoWK1HF6hhy/baike/c0%3Dbaike180%2C5%2C5%2C180%2C60/sign=fcc097bd9d16fdfacc61cebcd5e6e731/a71ea8d3fd1f4134cc2569e8251f95cad1c85e11.jpg
https://gss1.bdstatic.com/-vo3dSag_xI4khGkpoWK1HF6hhy/baike/c0%3Dbaike150%2C5%2C5%2C150%2C50/sign=be99f4c8ddc451dae2fb04b9d7943903/b219ebc4b74543a9276a965a1e178a82b9011436.jpg
https://gss1.bdstatic.com/9vo3dSag_xI4khGkpoWK1HF6hhy/baike/c0%3Dbaike150%2C5%2C5%2C150%2C50/sign=654b6c5ce6cd7b89fd6132d16e4d29c2/a8773912b31bb0514955dfbe367adab44aede037.jpg
https://gss3.bdstatic.com/-Po3dSag_xI4khGkpoWK1HF6hhy/baike/c0%3Dbaike180%2C5%2C5%2C180%2C60/sign=62f7e598b13533fae1bb9b7cc9ba967a/a5c27d1ed21b0ef460faf4c8ddc451da81cb3e11.jpg

https://gss0.bdstatic.com/94o3dSag_xI4khGkpoWK1HF6hhy/baike/c0%3Dbaike150%2C5%2C5%2C150%2C50/sign=635cda6c2edda3cc1fe9b07260805264/5d6034a85edf8db1e3793f970923dd54574e74e9.jpg
https://gss0.bdstatic.com/-4o3dSag_xI4khGkpoWK1HF6hhy/baike/c0%3Dbaike116%2C5%2C5%2C116%2C38/sign=676bdda7034f78f0940692a118586130/4bed2e738bd4b31c1b87d74887d6277f9f2ff88e.jpg
https://gss0.bdstatic.com/-4o3dSag_xI4khGkpoWK1HF6hhy/baike/c0%3Dbaike150%2C5%2C5%2C150%2C50/sign=b7b4c24c8c5494ee932f074b4c9c8b9b/241f95cad1c8a7868d7d09fd6709c93d71cf50e9.jpg
https://gss2.bdstatic.com/-fo3dSag_xI4khGkpoWK1HF6hhy/baike/c0%3Dbaike150%2C5%2C5%2C150%2C50/sign=0f873c53f603738dca470470d272db34/a8ec8a13632762d04185e74ca0ec08fa503dc68e.jpg
https://gss2.bdstatic.com/-fo3dSag_xI4khGkpoWK1HF6hhy/baike/c0%3Dbaike116%2C5%2C5%2C116%2C38/sign=c960468d251f95cab2f89ae4a87e145b/a5c27d1ed21b0ef445bfdbadddc451da80cb3ee9.jpg
https://gss3.bdstatic.com/-Po3dSag_xI4khGkpoWK1HF6hhy/baike/c0%3Dbaike180%2C5%2C5%2C180%2C60/sign=b396b50dc3fdfc03f175ebeab556ecf1/72f082025aafa40f30918d2eab64034f79f019e9.jpg
https://gss1.bdstatic.com/9vo3dSag_xI4khGkpoWK1HF6hhy/baike/c0%3Dbaike150%2C5%2C5%2C150%2C50/sign=69a404cd0cf3d7ca18fb37249376d56c/b3119313b07eca8094be7a14912397dda044838e.jpg
https://gss3.bdstatic.com/-Po3dSag_xI4khGkpoWK1HF6hhy/baike/c0%3Dbaike150%2C5%2C5%2C150%2C50/sign=0441a2c435fae6cd18b9a3336eda6441/728da9773912b31b233b8eda8618367adbb4e1ea.jpg

https://gss1.bdstatic.com/-vo3dSag_xI4khGkpoWK1HF6hhy/baike/c0%3Dbaike92%2C5%2C5%2C92%2C30/sign=232915f43b87e950561afb3e71513826/f9dcd100baa1cd11e7a26817b812c8fcc3ce2df4.jpg
https://gss2.bdstatic.com/9fo3dSag_xI4khGkpoWK1HF6hhy/baike/c0%3Dbaike92%2C5%2C5%2C92%2C30/sign=60cdf634c995d143ce7bec711299e967/d62a6059252dd42a0a5e1b9c023b5bb5c9eab8b5.jpg
https://gss1.bdstatic.com/-vo3dSag_xI4khGkpoWK1HF6hhy/baike/c0%3Dbaike92%2C5%2C5%2C92%2C30/sign=8673c4c3b64543a9e116f29e7f7ee1e7/5243fbf2b21193138514e58764380cd791238db5.jpg
https://gss3.bdstatic.com/-Po3dSag_xI4khGkpoWK1HF6hhy/baike/c0%3Dbaike92%2C5%2C5%2C92%2C30/sign=f0719f56f9198618554ae7d62b844516/d1a20cf431adcbef35636431adaf2edda3cc9fb5.jpg

https://gss1.bdstatic.com/9vo3dSag_xI4khGkpoWK1HF6hhy/baike/c0%3Dbaike92%2C5%2C5%2C92%2C30/sign=fcdccff99825bc313f5009ca3fb6e6d4/42a98226cffc1e175bab96064b90f603738de9f5.jpg
https://gss0.bdstatic.com/-4o3dSag_xI4khGkpoWK1HF6hhy/baike/c0%3Dbaike92%2C5%2C5%2C92%2C30/sign=88a8af0d18d8bc3ed2050e98e3e2cd7b/8ad4b31c8701a18b63ff08789f2f07082838fef5.jpg
