
http://a2.att.hudong.com/13/37/01300001196744130319373158851.jpg	http://www.baike.com/wiki/%E8%9C%A1%E6%A2%85
http://ww2.sinaimg.cn/large/655eee23jw1e1ceajbv8bj.jpg	https://freeweibo.com/en/weibo/3540433592342216
http://pic27.nipic.com/20130127/1863289_174436785000_2.jpg	http://www.nipic.com/show/1/44/7522611k3597bff1.html
http://dashulin.com/wp-content/uploads/2012/12/lamei1.jpg	http://dashulin.com/lamei/
http://a1.att.hudong.com/65/09/20300418728449133614097839664_s.jpg	http://www.baike.com/wiki/%E8%9C%A1%E6%A2%85
http://travel.taiwan.cn/inner/201401/W020140124310889955812.jpg	http://travel.taiwan.cn/inner/201401/t20140124_5583162.htm
http://www.shijiezhiyan.com/d/file/bigpic/2016/11/06/qprpeic0loo.jpg	http://m.shijiezhiyan.com/pptbeijing/wutippt/7690.html
http://pic.nipic.com/2008-02-17/2008217193333918_2.jpg	http://www.nipic.com/show/1/44/5970926c865bbaf8.html
http://img5.ph.126.net/00TFbfNuhbJ33nKBqVR0iQ==/1016406140919589915.jpg	http://ma518like.lofter.com/post/30e493_3ae9ad1
http://sou-yun.com/push/images/%E8%9C%A1%E6%A2%852.jpg	http://sou-yun.com/reading.aspx?path=%E8%A9%A0%E7%89%A9/%E8%9C%A1%E6%A2%85%EF%BC%9A%E5%A4%9C%E9%97%BB%E6%A2%85%E9%A6%99%E5%A4%B1%E9%86%89%E7%9C%A0
http://s163.photobucket.com/albums/t282/wufeijp/IMG_5583.jpg	http://blog.tianya.cn/post-29600-21808534-1.shtml
http://t3.sinaimg.cn/pic?url=http%3A%2F%2Fwww.sinaimg.cn%2Fdy%2Fnews%2F2013%2F1129%2F1385693427_Ei4coU.jpg	http://tags.fo.sina.com.cn/%E8%9C%A1%E6%A2%85
http://listen.eastday.com/thumbnailimg/month_1601/201601080107258114.jpg	http://listen.eastday.com/node2/node3/n5/u1ai556121_t71.html
http://imgnew.trip.elong.com/guide/attachments/42/49/fb/mobile_4249fb802917736ca043e2cffe8e7327.jpg	http://trip.elong.com/news/n016got3.html
http://a0.att.hudong.com/26/38/01300001196744130319386236385_s.jpg	http://www.baike.com/wiki/%E8%9C%A1%E6%A2%85
http://sh.sinaimg.cn/2014/0117/U10669P18DT20140117162426.jpg	http://travel.sina.com.cn/news/2014-01-17/1641244332.shtml
http://plantlife.cn/wp-content/uploads/2013/02/%E7%B4%A0%E5%BF%83%E8%9C%A1%E6%A2%85.jpg	http://plantlife.cn/plant-culture/1863/attachment/%E7%B4%A0%E5%BF%83%E8%9C%A1%E6%A2%85
http://a1.att.hudong.com/10/35/01300001196744130319353447872_s.jpg	http://www.baike.com/wiki/%E8%9C%A1%E6%A2%85
http://www.52zzl.com/UploadFiles/2014/0/2014010610552991902.jpg	http://www.52zzl.com/daquan/gengduo/2611.html
https://upload.wikimedia.org/wikipedia/commons/4/47/Roubai.jpg	https://zh.wikipedia.org/wiki/%E8%9C%A1%E6%A2%85
http://www.kepu.net.cn/gb/lives/plantae/pic/76068.jpg	http://www.kepu.net.cn/gb/lives/plantae/html/78.htm
http://www.cnhua.net/uploads/allimg/090716/2202031329-0.JPG	http://www.cnhua.net/zhiwu/lameike/lamei/982155.html
http://img.52jbj.com/uploads/allimg/150610/co150610050116-0.jpg	http://www.52jbj.com/tuku/18058.html
http://www.huacaoshumu.net/attached/tupian/L17/20131208-6.jpg	http://www.huacaoshumu.net/zhiwu/lamei.php
http://s13.sinaimg.cn/mw690/002XTY8Bgy6YxdqQlkwec&690	http://blog.sina.com.cn/s/blog_a1f85dbd0102w5sp.html
http://a3.att.hudong.com/13/20/300418728449133614209807868_950.jpg	http://tupian.baike.com/439370/5.html?prd=zutu_thumbs
https://gw.alicdn.com/bao/uploaded/i2/12700019650733334/T1okNlXwpaXXXXXXXX_!!0-item_pic.jpg_230x230.jpg	https://www.taobao.com/oshtml/buy-cn/cp_wK_Dt9fR1tY.html
http://www.chinadaily.com.cn/dfpd/sh/attachement/jpg/site1/20150107/0023ae602b2a1617246d45.jpg	http://www.chinadaily.com.cn/dfpd/sh/2015-01/07/content_19262758.htm
http://www.kepu.net.cn/gb/lives/plantae/pic/88706.jpg	http://www.kepu.net.cn/gb/lives/plantae/html/76.htm
http://a4.att.hudong.com/16/39/20300543523552144652399433657_s.jpg	http://www.baike.com/wiki/%E7%B4%A0%E5%BF%83%E8%9C%A1%E6%A2%85
http://p.d1xz.net/2014/6/13/144543084308.jpg	http://3g.d1xz.net/astro/huayu/art52741.aspx
http://pic.baike.soso.com/p/20111014/bki-20111014165126-1955570277.jpg	http://baike.sogou.com/lemma/ShowInnerLink.htm?lemmaId=247375&ss_c=ssc.citiao.link
http://images.china.cn/attachement/jpg/site1000/20161019/002564ba9d451971278e09.jpg	http://www.horti-expo2019.com/2016-10/19/content_39520116.htm
http://sou-yun.com/push/images/%E8%9C%A1%E6%A2%853.jpg	http://sou-yun.com/reading.aspx?path=%E8%A9%A0%E7%89%A9/%E8%9C%A1%E6%A2%85%EF%BC%9A%E5%A4%9C%E9%97%BB%E6%A2%85%E9%A6%99%E5%A4%B1%E9%86%89%E7%9C%A0
http://www.nbywba.com/uploads/170131/1-1F131111S5B6.png	http://www.nbywba.com/dianyingpeitao/4055.html
http://pic.cnhubei.com/attachment/201312/12/170_1386834769Iivz.jpg	http://pic.cnhubei.com/sp.php?do=album&id=71616
http://img.sczlb.com/uploads/pictures/2016/03/uLxqvV.png	http://www.sczlb.com/cate-news/97913.html
http://pic13.nipic.com/20110417/7189296_200148778133_2.jpg	http://www.nipic.com/show/4467240.html
http://pic16.nipic.com/20110819/8038106_000249865128_2.jpg	http://www.nipic.com/show/1/63/4984411ke1a9e3c9.html
http://a1.att.hudong.com/21/38/01300001196744130319388688845_s.jpg	http://www.baike.com/wiki/%E8%9C%A1%E6%A2%85
http://a3.att.hudong.com/57/70/300001057795129066704807564_950.jpg	http://w.baike.com/90226c37a2574b13987a505615ae24b6.html
https://cbu01.alicdn.com/img/ibank/2017/045/198/4167891540_1686866314.220x220.jpg	http://www.1688.com/jiage/-C0AFC3B7.html
http://i1.sinaimg.cn/travel/2014/0124/U6239P704DT20140124113454.jpg	http://travel.sina.com.cn/china/2014-01-24/1138245544.shtml
http://y0.ifengimg.com/b5c30815bc40a390/2015/0116/rdn_54b86831e23e9.jpg	http://hb.ifeng.com/travel/lyhb/detail_2015_01/16/3436599_0.shtml
http://s12.sinaimg.cn/mw690/001nFCeygy6YsYkxxWj5b&690	http://blog.sina.com.cn/s/blog_6de3b3f50102wi6j.html
http://www.ctps.cn/PhotoNet/Profiles/%B2%A9%CB%B5%D6%AE/2011139525340044807.jpg	http://www.taici.org/youxi/6Jyh5qKF.html
http://www.kepu.net.cn/gb/lives/plantae/pic/1608.jpg	http://www.kepu.net.cn/gb/lives/plantae/html/84.htm
http://a2.att.hudong.com/22/73/01300000432684145621734519461_s.jpg	http://www.baike.com/wiki/%E9%84%A2%E9%99%B5%E8%9C%A1%E6%A2%85
http://pic4.55jia.net/fengshuizhiwu/20/a356776.jpg	http://www.55jia.net/75/328412.html
http://ew9z.com/wp-content/uploads/2010/01/Chimonanthus_praecox_31.jpg	http://www.ew9z.com/lamei-qubie.html
https://s9.rr.itc.cn/r/wapChange/20171_1_0/a5xbrb7254418285325.jpg	https://m.sohu.com/n/477118116/
http://img.mp.itc.cn/upload/20161226/cf5da81dc8b34e1c837104488ff4d820_th.jpg	http://www.sohu.com/a/122574457_537447
http://a4.att.hudong.com/35/92/01300000247011124529921998043_s.jpg	http://www.baike.com/wiki/%E5%A4%8F%E8%9C%A1%E6%A2%85
http://www.baihuamen.com/d/file/2014/04-12/d8c2ba76c4c6c1f89356cb9b0270ae1a.jpg	http://www.baihuamen.com/xialamei/
http://www.maidili.com/wordpress/wp-content/uploads/2013/01/m3.jpg	http://www.maidili.com/?p=2174
http://upload-images.jianshu.io/upload_images/2603793-700959e0ecd3d774.jpg?imageMogr2/auto-orient/strip%7CimageView2/2/w/1080/q/100	http://www.jianshu.com/p/74458ebff298
https://thumbs.dreamstime.com/z/%E8%9C%A1%E6%A2%85praecox-67468659.jpg	https://cn.dreamstime.com/%E5%BA%93%E5%AD%98%E7%85%A7%E7%89%87-%E8%9C%A1%E6%A2%85praecox-image67468659
https://gss3.bdstatic.com/7Po3dSag_xI4khGkpoWK1HF6hhy/baike/w%3D400/sign=e4ce3428ba119313c743feb055390c10/77c6a7efce1b9d164a77608bfbdeb48f8d5464ac.jpg	https://baike.baidu.com/item/%E8%85%8A%E6%A2%85
http://cl.all580.com/uploadfile/2013/1213/20131213034819392.jpg	http://www.hnsslzwy.com/index.php?m=content&c=index&a=show&catid=807&id=1793
http://upload-images.jianshu.io/upload_images/2865630-ec0bad4a458fd121.jpg?imageMogr2/auto-orient/strip%7CimageView2/2/w/1240	http://www.jianshu.com/p/b07ad16509a5
http://k.sinaimg.cn/n/sinacn/20170118/a566-fxzqxhc0077301.jpg/w540slw.jpg	http://k.sina.com.cn/article_1433814385_55764571001000yx3.html
http://img.mp.itc.cn/upload/20161226/0c1fe73fd77346598443f2ff6bd25ad3_th.jpg	http://www.sohu.com/a/122575727_537447
https://cdn.huaniaoy.cn/20160201/original/1454260960696.jpg@!pic280zw	https://www.huaniaoy.com/yangzhifangfa/1176/
http://img.wkgoto.com/upload/5/c7/5c78f2d414daafefac57f4c6beef94b8_thumb.jpg	http://www.wkgoto.com/i/945389.html
https://w6.sanwen8.cn/mmbiz_jpg/pqyVQO5bToByh7qLxoqHib1UG5ws7nxbyUgFlGPItjjMIZQpyMNibVqTErb32gJ6PpoWVwyMiaC3nlQ5nGZsGg5TA/0?wx_fmt=jpeg	https://sanwen8.cn/p/611ZyHL.html
http://read.html5.qq.com/image?src=forum&q=5&r=0&imgflag=7&imageUrl=http://mmbiz.qpic.cn/mmbiz/roTNcRZ7FNpG4VyaMc5mic2BicaTjWsZ8ZM2gpqfEyk0oVFpqN5icLT7TvcuafBiasyBd0YDJl3PX2hKQhrKuy22KQ/0?wx_fmt=jpeg	http://chuansong.me/n/2135775
http://upload-images.jianshu.io/upload_images/2865630-f1de96e2957adcd5.jpg?imageMogr2/auto-orient/strip%7CimageView2/2/w/1240	http://www.jianshu.com/p/b07ad16509a5
http://a4.att.hudong.com/07/73/01300000432684145621730153450_s.jpg	http://www.baike.com/wiki/%E9%84%A2%E9%99%B5%E8%9C%A1%E6%A2%85
http://dashulin.com/wp-content/uploads/2012/12/lamei6.jpg	http://dashulin.com/lamei/
http://www.huaxiangyu.net/picture/img/lamei.jpg	http://www.huaxiangyu.net/h/lamei/pinzhong.html
https://cdn.huaniaoy.cn/20160201/original/1454257775531.jpg@!pic280zw	https://www.huaniaoy.com/yangzhifangfa/1176/
http://n.sinaimg.cn/sh/transform/20170203/IMku-fyafcyw0016218.png	http://sh.sina.com.cn/jinshang/2017-02/jjfc8.html
http://a3.att.hudong.com/42/02/01300000247011124530023423677_s.jpg	http://www.baike.com/wiki/%E5%A4%8F%E8%9C%A1%E6%A2%85
http://www.fei123.com/upload/2015/08/10/fea2e74a-7070-4668-b37e-c0a047e1a30c.jpg	http://www.fei123.com/460000/457238.shtml
https://upload.wikimedia.org/wikipedia/commons/thumb/7/74/Chimonanthus_praecox.jpg/220px-Chimonanthus_praecox.jpg	https://zh.wikipedia.org/wiki/%E8%9C%A1%E6%A2%85
http://n.sinaimg.cn/sh/transform/20170203/Fyln-fyafcyw0016273.png	http://sh.sina.com.cn/jinshang/2017-02/jjfc8.html
http://image.sciencenet.cn/album/201705/08/15170333ds355ds075w34e.jpg	http://blog.sciencenet.cn/blog-252763-1053688.html
http://s13.sinaimg.cn/bmiddle/006bAfC5gy6ZSteTzkgfc&690	http://blog.sina.com.cn/s/blog_151d675450102x4dn.html
http://img.mp.itc.cn/upload/20170205/454d52ff76854505a18d50f6559be524_th.jpg	http://www.sohu.com/a/125508882_537447
http://www.kepu.net.cn/gb/lives/plantae/pic/02003167.jpg	http://www.kepu.net.cn/gb/lives/plantae/html/80.htm
https://gss3.bdstatic.com/7Po3dSag_xI4khGkpoWK1HF6hhy/baike/s%3D220/sign=08d4eb1da9ec8a13101a50e2c7019157/5ab5c9ea15ce36d38ac14cc23af33a87e850b17f.jpg	https://baike.baidu.com/item/%E5%A4%8F%E8%9C%A1%E6%A2%85/2518273
https://thumbs.dreamstime.com/z/%E8%9C%A1%E6%A2%85praecox-3975588.jpg	https://cn.dreamstime.com/%E5%85%8D%E7%89%88%E7%A8%8E%E5%BA%93%E5%AD%98%E7%85%A7%E7%89%87-%E8%9C%A1%E6%A2%85praecox-image3975588
http://www.ichong123.com/files/2017/4/7/242/1.jpg	http://www.ichong123.com/news/86263.html
http://img2.ph.126.net/c1PdiIFl0rr6EcqYPllLIw==/2648116580911244722.jpg	http://ma518like.lofter.com/post/30e493_3ae9ad1
http://www.huacaoshumu.net/attached/tupian/L17/20131208-7.jpg	http://www.huacaoshumu.net/zhiwu/lamei.php
https://s9.rr.itc.cn/r/wapChange/20171_1_0/a4kh3x7254382448325.jpg	https://m.sohu.com/n/477118116/
http://www.huacaoshumu.net/attached/tupian/L17/20131208-5.jpg	http://www.huacaoshumu.net/zhiwu/lamei.php
http://img.mp.itc.cn/upload/20161226/b89730a0b2574fe4a4899e81c3a9d174_th.jpg	http://www.sohu.com/a/122575727_537447
http://www.cnhua.net/uploads/allimg/090716/2136431b8-0.JPG	http://www.cnhua.net/zhiwu/lameike/
http://img.mp.itc.cn/upload/20170205/b127ccedb3054eaca0acedc8c9158317_th.jpg	http://www.sohu.com/a/125508882_537447
http://www.mik8.com/wp-content/uploads/2012/12/lamei5.jpg	http://www.mik8.com/lamei/
http://dashulin.com/wp-content/uploads/2012/12/lamei2.jpg	http://dashulin.com/lamei/
http://www.51hm.cn/zwpic/%E5%A4%8F%E8%9C%A1%E6%A2%852.jpg	http://www.51hm.cn/zw/zwshow.asp?zwid=2578
http://img.laozongyi.com/portal/201701/12/134232cz97xaevf48lwkew.jpg	http://www.laozongyi.com/shenghuo/313635.html
http://img7.ph.126.net/Jk02rnXmxOIkQ5cMFI_d7Q==/1029353989848156837.jpg	http://764507627.blog.163.com/blog/static/11499895320122134544432
http://yumiwordpress.chinacloudapp.cn/wp-content/uploads/2017/02/yumixiong_xiaobao_20170119no135_2_cover-1-600x399.jpg	http://17yumi.com/archives/2221
http://dingqiya.com/wp-content/uploads/2016/05/x-13.jpg	http://dingqiya.com/?p=12409
http://t1.qpic.cn/mblogpic/ff56d7740f81cd812eb2/460	http://p.t.qq.com/longweibo/index.php?id=399009070430364
http://www.38fan.com/uploads/allimg/170619/51_170619162942_1.png	http://www.38fan.com/zhiwu/20170619164638.html
https://gss0.bdstatic.com/94o3dSag_xI4khGkpoWK1HF6hhy/baike/s%3D220/sign=db20378e1fce36d3a60484320af23a24/4ec2d5628535e5dd67846e8b7cc6a7efce1b623e.jpg	https://baike.baidu.com/item/%E5%A4%8F%E8%9C%A1%E6%A2%85/2518273
