
http://www.twwiki.com/uploads/wiki/3f/54/638645_7.jpg	http://www.twwiki.com/wiki/%E9%87%91%E9%B3%B3%E8%8A%B1
http://pic16.nipic.com/20110805/128199_195854642000_2.jpg	http://www.nipic.com/show/4971454.html
http://img.aiuw.com//images/201501/14225998493050.jpg	http://www.aiuw.com/zhiwu/huayu/article-38053.html
http://p.d1xz.net/2014/7/5/163625712571.jpg	http://www.d1xz.net/astro/huayu/art56141.aspx
http://img.itc.cn/photo/jhMNNVPHeOA	http://dwenzhao.blog.sohu.com/282235834.html
http://a4.att.hudong.com/21/21/20300543526108144623215528504_s.jpg	http://www.baike.com/wiki/%E4%BA%9A%E6%B4%B2%E9%87%91%E5%87%A4%E8%8A%B1
http://www.pibaosi.net/uploads/160206/1-160206221511448.jpg	http://huahui.pibaosi.net/20160206/117124.html
http://www.twwiki.com/uploads/wiki/3f/54/638645_8.jpg	http://www.twwiki.com/wiki/%E9%87%91%E9%B3%B3%E8%8A%B1
http://img.pconline.com.cn/images/upload/upc/tx/photoblog/1104/28/c2/7467201_7467201_1303949905531_mthumb.jpg	http://dp.pconline.com.cn/sphoto/2082569.html
http://plantabc.com/wp-content/uploads/2013/07/%E9%87%91%E5%87%A4%E8%8A%B1-Caesalpinia-pulcherrima.jpg	http://plantabc.com/herbage/%E8%8B%8F%E6%9C%A8%E7%A7%91/%E9%87%91%E5%87%A4%E8%8A%B1.plant
http://a0.att.hudong.com/15/05/01100000000000144739054436576_s.jpg	http://www.baike.com/wiki/%E9%87%91%E5%87%A4%E8%8A%B1
http://img.pconline.com.cn/images/photoblog/5/9/9/8/5998524/20097/25/1248533871460.jpg	http://dp.pconline.com.cn/dphoto/list_1482884.html
http://www.cas.cn/kxcb/kpwz/201007/W020100712498668749977.jpg	http://www.cas.cn/kxcb/kpwz/201007/t20100712_2900786.shtml
http://www.youduo.com/forum/attachment.php?aid=11796&nothumb=yes	http://www.youduo.com/forum/thread-35809-1-4.html
http://www.wdptj.com/wp-content/uploads/2014/11/%E9%87%91%E5%87%A4%E8%8A%B1.jpg	http://www.wdptj.com/6094.html
http://image.sciencenet.cn/album/201207/31/203635002fyfr0d022i7na.jpg	http://wap.sciencenet.cn/blogview.aspx?id=598003
http://www.zhongzi.net/files/allimg/160125/005154N14-0.jpg	http://m.zhongzi.net/huahui/qitahuahui/jinfenghua.htm
https://gss0.bdstatic.com/-4o3dSag_xI4khGkpoWK1HF6hhy/baike/s%3D220/sign=bd7ad50e243fb80e08d166d506d02ffb/6d81800a19d8bc3e0da6dff5878ba61ea8d34567.jpg	https://baike.baidu.com/item/%E9%87%91%E5%87%A4%E8%8A%B1/1084661
http://www.cas.cn/kxcb/kpwz/201007/W020100712498668744487.jpg	http://www.cas.cn/kxcb/kpwz/201007/t20100712_2900786.shtml
http://www.twwiki.com/uploads/wiki/3f/54/638645_0.jpg	http://www.twwiki.com/wiki/%E9%87%91%E9%B3%B3%E8%8A%B1
http://img.itc.cn/photo/j0x3FTjFFmg	http://lxyzsw.blog.sohu.com/274280453.html
http://www.yuanlin.com/flora/UpLoadFile/2006/200631739416581.jpg	http://www.yuanlin.com/flora/Detail/1890.html
http://4.bp.blogspot.com/-UEjN5C59n-Q/VYJbynZeKYI/AAAAAAAAcX4/SMaiVMP_90M/s1600/DSC00145.JPG	http://aeni1203.pixnet.net/blog/post/5110618-%E8%9B%BA%E8%9D%B6%E8%8A%B1%28%E9%87%91%E9%B3%B3%E8%8A%B1%29-flowerfence-poinciana
http://s9.sinaimg.cn/middle/4cfcdf54xadebb7119228&690	http://blog.sina.com.cn/s/blog_4cfcdf540100urg1.html
http://www.hanyi365.com/attach/userfiles/image/2016-09-08_11_22_25.png	http://www.hanyi365.com/article_3131.html
http://www.52yhua.com/uploads/allimg/160623/1-160623225619.jpg	http://m.52yhua.com/mubentp/2656.html
http://www.twwiki.com/uploads/wiki/3f/54/638645_6.jpg	http://www.twwiki.com/wiki/%E9%87%91%E9%B3%B3%E8%8A%B1
http://www.xtbg.ac.cn/xwzx/ylxx/201005/W020100518581705623550.jpg	http://www.xtbg.ac.cn/xwzx/ylxx/201005/t20100518_2847347.html
http://www.52ij.com/uploads/allimg/160317/1341344415-2.jpg	http://www.52ij.com/gongxiao/458046.html
http://a2.att.hudong.com/67/05/01100000000000144739054573402_s.jpg	http://www.baike.com/wiki/%E9%87%91%E5%87%A4%E8%8A%B1
http://www.huajiang.cc/uploads/allimg/140813/10-140Q320022S15.jpg	http://www.huajiang.cc/yanghua/20140813/1645.html
http://1863.img.pp.sohu.com.cn/images/2011/7/7/17/4/u91393639_131bf62fbe6g214.jpg	http://chonger777.blog.sohu.com/178010359.html
http://www.huajiang.cc/uploads/allimg/140813/10-140Q3195QV95.jpg	http://www.huajiang.cc/yanghua/20140813/1644.html
http://img2.ph.126.net/TyuPB9IE__5zqvi8v-XfEw==/2388315177407832710.jpg	http://harbincathy0314like.lofter.com/post/2f22d2_57eb7b9
http://img.aiuw.com//images/201501/14225998624961.jpg	http://www.aiuw.com/zhiwu/huayu/article-38053.html
http://a4.att.hudong.com/51/05/01100000000000144739054462414_s.jpg	http://www.baike.com/wiki/%E9%87%91%E5%87%A4%E8%8A%B1
http://flora.yuanlin365.com/uploadfile/2010/20102521274239077801.jpg	http://flora.yuanlin365.com/Htmls/2305.html
http://img.pconline.com.cn/images/upload/upc/tx/photoblog/1009/22/c4/5284452_5284452_1285170224765_mthumb.jpg	http://dp.pconline.com.cn/dphoto/1938418.html
http://a0.att.hudong.com/63/86/01300000180919121730868809465.jpg	http://tupian.baike.com/a0_63_86_01300000180919121730868809465_140_jpg.html
http://pic.pingguolv.com/uploads/allimg/161029/124-161029200459.png	http://www.pingguolv.com/zy/gongxiao/71215.html
https://www.ankangwang.com/uploads/allimg/1703/17-1F30Q64J2135.jpg	https://www.ankangwang.com/shengrishu/95644.html
http://www.baihuamen.com/d/file/2014/05-22/e967a84f60497ff9688635a3571d4c39.jpg	http://www.baihuamen.com/jinfenghua/
http://www.fpcn.net/uploads/allimg/131006/2-131006132Sb96.JPG	http://www.fpcn.net/a/guanmu/20131006/Caesalpinia_pulcherrima.html
https://cbu01.alicdn.com/img/ibank/2016/103/173/2871371301_1355963303.310x310.jpg	https://www.1688.com/pic/-BDF0B7EFBBA8.html
http://www.7flowers.com/d/file/photo/2012-04-18/729e7508595d80815d240c7bbca7e29c.jpg	http://www.7flowers.com/photo/87.html
http://a3.att.hudong.com/54/05/20200000013920144739053955362_s.jpg	http://www.baike.com/wiki/%E9%87%91%E5%87%A4%E8%8A%B1
http://img4.artron.net/artist/A0000667/brt000066700013.jpg	http://chenyongkang.artron.net/works_detail_brt000066700013
http://www.yuanlin.com/flora/UpLoadFile/2015-5/20155191445381555.jpg	http://www.yuanlin.com/flora/Detail/1890.html
http://1.bp.blogspot.com/-GP2C2lYjMps/U7up4NGOmuI/AAAAAAAAbtA/TgRUyQxUFBY/s1600/P1040206.JPG	http://purplewhee.blogspot.com/2012/06/blog-post_07.html
http://hua36.com/tupian/jinfenghua/2.jpg	http://hua36.com/huahui/guanmu/148.html
https://gw.alicdn.com/bao/uploaded/i1/16298030949646132/T1SBWYFoRgXXXXXXXX_!!0-item_pic.jpg_230x230.jpg	https://www.taobao.com/article/GCFeD4EXELE1FvCc.html
https://cbu01.alicdn.com/img/ibank/2014/425/681/1270186524_102418363.220x220.jpg	http://www.1688.com/jiage/-BDF0B7EFBBA8.html
http://imgbdb2.bendibao.com/tour/20145/16/201451615830185.jpg	http://ly.sz.bendibao.com/tour/2014516/ly618339.html
https://w4.sanwen8.cn/mmbiz/vAcTzqoRFPPAatkhYj9HnXc5ja6ER6VfNLAqdKMBB2TiaGytP1nypvJrPVqicAcfciasRsicTfC1c2pkfib1xgUEnhQ/640?wx_fmt=jpeg	https://sanwen8.cn/p/3c1dyfE.html
http://www.baihuamen.com/d/file/2014/05-22/7ba2cc8b4b8663c4ba7a2bd3a611a11a.jpg	http://www.baihuamen.com/jinfenghua/
https://gw.alicdn.com/bao/uploaded/i3/1126564480/TB2hZtBdY4npuFjSZFmXXXl4FXa_!!1126564480.jpg_230x230.jpg	https://www.taobao.com/article/GCFeD4EXELE1FvCc.html
http://a4.att.hudong.com/85/05/01100000000000144739054514136_s.jpg	http://www.baike.com/wiki/%E9%87%91%E5%87%A4%E8%8A%B1
http://img1.artron.net/artist/A0004991/brt000499100768.jpg	http://suhua.artron.net/works_detail_brt000499100768
http://www.tdes.chc.edu.tw/nature/kuopy/p-24/gg2.JPG	http://www.tdes.chc.edu.tw/nature/kuopy/p-24/gg.htm
http://pic1.win4000.com/pic/6/43/fb9f1327909.jpg	http://www.win4000.com/meinv111168_16.html
http://img.mp.sohu.com/upload/20170622/6d82c8eda9cf427fa0934a5a60a34502_th.png	http://www.sohu.com/a/151179284_99925879
https://gss1.bdstatic.com/9vo3dSag_xI4khGkpoWK1HF6hhy/baike/w%3D400/sign=1d6edbe7e3f81a4c2632edc9e72b6029/30adcbef76094b36bdf2727eabcc7cd98c109dc4.jpg	https://baike.baidu.com/item/%E9%87%91%E5%87%A4%E8%8A%B1/1084661
http://www.wed114.cn/jiehun/uploads/allimg/150819/41_150819174556_4.jpg	http://www.wed114.cn/jiehun/huayudaquan/20150819138307.html
http://www.wdptj.com/wp-content/uploads/2014/11/%E9%87%91%E5%87%A4%E8%8A%B12.jpg	http://www.wdptj.com/6094.html
http://img.ivsky.com/img/tupian/pre/201509/27/jinfenghua-008.jpg	http://www.ivsky.com/tupian/jinfenghua_t25172/
http://www.wdptj.com/wp-content/uploads/2014/11/%E9%87%91%E5%87%A4%E8%8A%B11.jpg	http://www.wdptj.com/6094.html
http://www.1988.tv/Upload_Map/2016nian/6/25/2016-06-25-09-23-15.jpg	http://www.1988.tv/baike/zhongzhi/22884
http://img.ph.126.net/nnZ5wlUlDM0j_o3PZbxUFg==/3685914820026385652.jpg	http://blog.163.com/gzxmq@126/blog/static/1145140382010820935105?ignoreua
https://image.zhongyibaike.com/image/%E5%87%A4%E4%BB%99%E8%8A%B1/%E5%87%A4%E4%BB%99%E8%8A%B1.jpg	https://zhongyibaike.com/wiki/%E9%87%91%E5%87%A4%E8%8A%B1
https://gw.alicdn.com/bao/uploaded/i3/423867392/TB2AZb5XQ7myKJjSZFIXXc0OVXa_!!423867392.jpg_230x230.jpg	https://www.taobao.com/article/GCFeD4EXELE1FvCc.html
https://timgsa.baidu.com/timg?image&quality=80&size=b9999_10000&sec=1490441461835&di=d817e084defc2b3b5c9410bf5319138c&imgtype=0&src=http://img2.ph.126.net/Cu6s-HcsbFVoHCD-RY4Xtw==/1893763643409352448.jpg	http://blog.sina.com.cn/s/blog_4d93c2f90102xihm.html
http://www.52ij.com/uploads/allimg/160317/1341341K8-1.jpg	http://www.52ij.com/gongxiao/458046.html
http://e.blog.xuite.net/e/4/9/a/10211170/blog_2806632/txt/55169125/0.jpg	http://blog.xuite.net/jaspersma/myblog/55169125-%E9%87%91%E9%B3%B3%E8%8A%B1
http://img2.artron.net/auction/2017/art510083/d/art5100830112.jpg	http://auction.artron.net/paimai-art5100830112/
http://image.sciencenet.cn/album/201705/06/100640bn7txmm7krz2iw2k.jpg	http://wap.sciencenet.cn/blogview.aspx?id=1053260
https://st2.depositphotos.com/3229215/5286/i/950/depositphotos_52860135-stock-photo-flowers-of-alpine-buttercup.jpg	https://cn.depositphotos.com/52860135/stock-photo-flowers-of-alpine-buttercup.html
https://w6.sanwen8.cn/mmbiz/vAcTzqoRFPPAatkhYj9HnXc5ja6ER6Vfgq3qV8nyJL98kibPS5Rseud0q3DUqFKY06yplEib1D2CYKtzDBiaiap6uA/640?wx_fmt=jpeg	https://sanwen8.cn/p/3c1dyfE.html
https://st.depositphotos.com/1776419/4690/i/950/depositphotos_46909891-stock-photo-wildflowers-buttercups-and-butterflies.jpg	https://cn.depositphotos.com/46909891/stock-photo-wildflowers-buttercups-and-butterflies.html
http://f11.baidu.com/it/u=1741704007,4113722385&fm=72	http://www.diyju.com/view/11647.html
http://s16.sinaimg.cn/mw690/001EPr8Agy6ZBNknMar6f&690	http://blog.sina.com.cn/s/blog_5a90e5480102w1xw.html
http://img2.3lian.com/2014/f4/41/d/51.jpg	http://www.3lian.com/gif/2014/07-30/56046.html
http://mnh.scu.edu.cn/bigpic/%E6%A4%8D%E7%89%A9%E7%B2%BE%E7%BB%86%E8%A7%A3%E5%89%96/2151C000Z6/160/433/160433.jpg	http://mnh.scu.edu.cn/jp_pic_view.aspx?LR_id=143417
http://img.ph.126.net/_gGwg1cNFkBmlUG98uBfdA==/3685914820026385624.jpg	http://blog.163.com/gzxmq@126/blog/static/1145140382010820935105?ignoreua
https://cbu01.alicdn.com/img/ibank/2015/618/339/2703933816_1355963303.310x310.jpg	https://www.1688.com/pic/-BDF0B7EFBBA8.html
http://www.baihuamen.com/d/file/2014/05-22/bc8f194ce31fb0f7805c799cc65a4c50.jpg	http://www.baihuamen.com/jinfenghua/15677_15.html
http://img002.mllres.com//images/upload/2(22720).jpg	http://www.meilele.com/article/shipin/16401.html
http://s1.sinaimg.cn/middle/4cfcdf54xadebb73f6900&690	http://blog.sina.com.cn/s/blog_4cfcdf540100urg1.html
http://www.twwiki.com/uploads/wiki/3f/54/638645_4.jpg	http://www.twwiki.com/wiki/%E9%87%91%E9%B3%B3%E8%8A%B1
https://cbu01.alicdn.com/img/ibank/2014/570/937/1469739075_1192637093.310x310.jpg	https://www.1688.com/pic/-BDF0B7EFBBA8.html
https://w6.sanwen8.cn/mmbiz/vAcTzqoRFPPAatkhYj9HnXc5ja6ER6VfC9XCcF06u3svBia0F3VIfvh60uqhq2myFhM87GvxJErlQYS2OYaibVrw/640?wx_fmt=jpeg	https://sanwen8.cn/p/3c1dyfE.html
http://img.jiuzheng.com/baike/s/57/98/5798aac58f1e037f218b458e.jpg	http://www.jiuzheng.com/baike-detail/id-68591.html
http://p.d1xz.net/2014/9/26/094480788078.jpg	http://www.d1xz.net/astro/huayu/art65261.aspx
http://thub.sssccc.net/%E5%9B%BE%E7%89%87%E7%B4%A0%E6%9D%90/high/%E5%9B%AD%E6%9E%97/%E7%81%8C%E6%9C%A8%E7%B1%BB/%E9%87%91%E5%87%A4%E8%8A%B11.jpg	http://www.sssccc.net/source/225234.shtml
http://www.hrbfao.gov.cn/_mediafile/hrbwsb/2012/04/12/1kj1w0nh83.jpg	http://www.hrbfao.gov.cn/detail.jsp?urltype=news.NewsContentUrl&wbtreeid=1226&wbnewsid=1392
http://p.d1xz.net/2015/8/12/153693329332.jpg	http://www.d1xz.net/wenhua/chengshi/art98206.aspx
http://www.jzvoice.cn/UploadFiles/FCK/%E6%B7%B1%E5%9C%B3%20%20%E5%9F%8E%E5%B8%82%E4%B8%93%E9%A2%98%E7%89%87%E9%85%8D%E9%9F%B3%E5%90%8D%E4%BF%97%E5%AE%B9%E9%A2%9C%E4%B8%8D%E4%BF%97%E7%9A%84%E6%B4%8B%E9%87%91%E5%87%A4%E8%8A%B1%E5%89%AF%E6%9C%AC.jpg	http://www.jzvoice.cn/Article/chengshizhuantipianp_1.html
http://flower.town-web.net/7503/03020405u.jpg	http://flower.town-web.net/7503/030204.html
https://cbu01.alicdn.com/img/ibank/2012/363/732/506237363_570638688.400x400.jpg	http://detail.1688.com/offer/1135649489.html
http://plant.cila.cn/uploadfiles/2015/1230/jinfenghua4.jpg	http://plant.cila.cn/zhiwuku/jinfenghua/
http://www.baihuamen.com/d/file/2014/05-22/f2ff174785beadeeb8320ff70f385650.jpg	http://www.baihuamen.com/jinfenghua/
