
http://www.baihuamen.com/d/file/2014/05-28/0bdac81ee921144875951d55f8043741.jpg	http://www.baihuamen.com/honghualongdan/16883_5.html
http://www.baihuamen.com/d/file/2014/05-28/3f6a5429d298a1e8fefdf216a7764aa8.jpg	http://www.baihuamen.com/honghualongdan/16883_11.html
http://www.baihuamen.com/d/file/2014/05-28/2ce64711239098792c019bef370778d3.jpg	http://www.baihuamen.com/honghualongdan/16883_2.html
http://pic1.huashichang.com/2017/0227/23/58b447b04866f.jpg	http://www.aihuhua.com/tupian/tupiansvl.html
http://pic1.huashichang.com/2017/0227/23/58b447ac5cd3a.jpg	http://m.aihuhua.com/tu/honghualongdan.html
http://images.nongmiao.com/big/baike/2014/08/20/21/1408202116445625.jpg	http://www.nongmiao.com/keywords/105952.html
http://pic1.huashichang.com/2017/0227/23/58b447ae5c523.jpg	http://m.aihuhua.com/tupian/tupiansvi.html
http://pic1.huashichang.com/2017/0227/23/58b447ad51171.jpg	http://m.aihuhua.com/tu/honghualongdan.html
http://s2.sinaimg.cn/mw690/001KO9s7zy77zksSIVz71&690	http://blog.sina.com.cn/s/blog_5fd509230102wv9v.html
http://pic1.huashichang.com/2017/0227/23/58b447afa5a8c.jpg	http://m.aihuhua.com/tu/honghualongdan.html
http://pic1.huashichang.com/2017/0227/23/58b447acdbe99.jpg	http://m.aihuhua.com/tu/honghualongdan.html
https://w7.sanwen8.cn/mmbiz_jpg/nlrX1pMBrf2bgBn3VdlDn6VbeZCOF2wCzOORomLDvfJ7hiamj0n0ziaOPFWaQAcp4ffl0ng3liccWBPjRnCxfjIPg/0?wx_fmt=jpeg	https://sanwen8.cn/p/7d2ajJV.html
http://www.baihuamen.com/d/file/2014/05-28/64a7c556557bfc3d83dc11998607d273.jpg	http://www.baihuamen.com/honghualongdan/16883_16.html
http://www.baihuamen.com/d/file/2014/05-28/c2abf75ebfb4a0f5d7f787b61a12466d.jpg	http://www.baihuamen.com/honghualongdan/16883_6.html
http://img.tulaoshi.com/201704/19/1f21857b1ca1266efb3aa2308867ce52.jpg	http://www.tulaoshi.com/honghualongdan/
http://www.baihuamen.com/d/file/2014/05-28/565a979854545149cdb26e938ad51795.jpg	http://www.baihuamen.com/honghualongdan/16883_7.html
http://www.baihuamen.com/d/file/2014/05-28/477072bda64c135990932b2099d0e4cb.jpg	http://www.baihuamen.com/honghualongdan/16883_19.html
https://gss0.bdstatic.com/-4o3dSag_xI4khGkpoWK1HF6hhy/baike/s%3D220/sign=02d7dc104fed2e73f8e9812eb700a16d/08f790529822720e385ed16e7ecb0a46f31fab95.jpg	https://baike.baidu.com/item/%E7%BA%A2%E8%8A%B1%E9%BE%99%E8%83%86
http://www.baihuamen.com/d/file/2014/05-28/09f40c6891cdc2272a591c613ac3f16c.jpg	http://www.baihuamen.com/honghualongdan/16883_20.html
http://www.baihuamen.com/d/file/2014/05-28/b817c914a9893715362a009d46170b6c.jpg	http://www.baihuamen.com/honghualongdan/16883_3.html
http://pic1.win4000.com/pic/8/a1/310f1347627.jpg	http://www.win4000.com/meinv112970_12.html
http://r.photo.store.qq.com/psb?/V140p7cO0x6Elg/ujhkk6XyR0iCbai*i9SeY.wvc6DvZ2nRr2aaFgGThVY!/o/dHUBAAAAAAAA&ek=1&kp=1&pt=0&bo=wAOAAkAGKwQFCgE!&t=5&su=116250257&sce=0-12-12&rf=2-9	http://blog.sina.com.cn/s/blog_5397911c0102w9t8.html
http://r.photo.store.qq.com/psb?/V140p7cO0x6Elg/05FRS2bq6VNFEFo0VtZdprdvQxOi*yYdlbXwznOMziY!/o/dHQBAAAAAAAA&ek=1&kp=1&pt=0&bo=wAOAAkAGKwQFCgE!&t=5&su=1172846673&sce=0-12-12&rf=2-9	http://blog.sina.com.cn/s/blog_5397911c0102w9t8.html
http://www.baihuamen.com/d/file/2014/05-28/65938aa79d4d9d9ec18ccf6af59d410a.jpg	http://www.baihuamen.com/honghualongdan/16883_15.html
http://r.photo.store.qq.com/psb?/V140p7cO0x6Elg/2*suwpeD3Q.piByLr*vhL6Gy3YFKaed5SJMYEs0WD5M!/o/dHQBAAAAAAAA&ek=1&kp=1&pt=0&bo=wAOAAkAGKwQFCgE!&t=5&su=1109234497&sce=0-12-12&rf=2-9	http://blog.sina.com.cn/s/blog_5397911c0102w9t8.html
http://www.baihuamen.com/d/file/2014/05-28/31b3a5ecd3459769cc8cc59191afe85c.jpg	http://www.baihuamen.com/honghualongdan/16883_14.html
http://www.zhongyao.org.cn/daquan/sucai/jd0688.jpg.jpg	http://www.zhongyao.org.cn/daquan/sucai/page_35.htm
http://cache1.bioon.com/figure/UploadFiles/200706/200761233152402.jpg	http://news.bioon.com/article/6128579.html
http://www.zhongyao.org.cn/daquan/sucai/jd0687.jpg	http://www.zhongyao.org.cn/daquan/sucai/page_35.htm
http://www.pfa360.org/home/uploads/13/min(1055-426)10c01d2ec4bf777b_13_1427349194.jpg	http://www.pfa360.org/plant/view/index/id/495
https://b-ssl.duitang.com/uploads/item/201210/20/20121020000126_2JmuS.thumb.700_0.jpeg	https://www.duitang.com/blog/?id=134139816
http://www.289.com/up/article/2015/0818/093619_97096223.jpg	http://www.289.com/inews/156323/
http://www.linban.com/upload/2017/03/23/53c4ab3b-3098-4eb7-a4fe-8f13fa3a195d.jpg	http://www.linban.com/480000/473344.shtml
http://www.zhiwutong.com/tu/cvh/xkzx/xk006/WUK-053.jpg	http://www.zhiwutong.com/latin/Gentianaceae/Gentiana-rhodantha-Franch-ex-Hemsl.htm
http://www.pfa360.org/home/uploads/13/min(1055-426)4bf3a3e03198a1e4_13_1427349194.jpg	http://www.pfa360.org/plant/view/index/id/495
http://www.baihuamen.com/d/file/2014/05-28/f184ce00398e6192fa66fba551d006d9.jpg	http://www.baihuamen.com/honghualongdan/
http://d.pmume.com/file/zwbk/2017-05/a47c37796f891963d12f21eae34c9bea.jpg	http://www.askm2.net/zwbk/nn7xm.shtml
http://www.baihuamen.com/d/file/2014/05-28/f12470586ba615e9c69ca8cc668cd869.jpg	http://www.baihuamen.com/honghualongdan/
http://slidesplayer.com/11445475/61/images/6/%E9%BE%99%E8%83%86-%E7%BA%A2%E8%8A%B1%E9%BE%99%E8%83%86+%E4%B8%BA%E9%BE%99%E8%83%86%E7%A7%91%E6%A4%8D%E7%89%A9%E7%BA%A2%E8%8A%B1%E9%BE%99%E8%83%86+Gentiana+rhodantha+Franch.+%E7%9A%84%E5%B9%B2%E7%87%A5%E5%85%A8%E8%8D%89%E3%80%82.jpg	http://slidesplayer.com/slide/11445475/
http://www.baihuamen.com/d/file/2014/05-28/9d93e84553fd2a7049413604923ed830.jpg	http://www.baihuamen.com/honghualongdan/
http://www.pibaosi.net/uploads/allimg/160217/1-16021G95H10-L.jpg	http://huahui.pibaosi.net/20160217/117792.html
https://w5.sanwen8.cn/mmbiz/kxJwCQOiarllgUG17dpr4Q3kchFk8dkp2yibqd63YLNIjwFgZ5Bwkstn8HYIZdtYicQumOia8KjgEzibmjDIMmbMrAA/0?wx_fmt=jpeg	https://sanwen8.cn/p/6203jJZ.html
https://get.pxhere.com/photo/nature-blossom-plant-meadow-flower-petal-botany-flora-wildflower-crocus-gentian-macro-photography-flowering-plant-bellflower-family-harebell-land-plant-iris-family-750318.jpg	https://pxhere.com/zh/photo/750318
https://get.pxhere.com/photo/nature-grass-plant-meadow-prairie-flower-spring-botany-flora-blue-flower-wildflower-flowers-crocus-gentian-mountain-flowers-blue-gentian-macro-photography-flowering-plant-bellflower-family-harebell-land-plant-iris-family-1129236.jpg	https://pxhere.com/zh/photo/1129236
https://a-ssl.duitang.com/uploads/blog/201601/02/20160102114354_xTXnw.thumb.700_0.jpeg	https://www.duitang.com/blog/?id=507032903
http://img.xietui.com/med-images/201411/26/52/201411265238829731289_300.jpg	http://m.xietui.com/yaocai/3514.html
http://www.baihuamen.com/d/file/2014/05-28/362313de4f49fc0b16e4bc1d0531f18c.jpg	http://www.baihuamen.com/honghualongdan/16883_13.html
http://s6.sinaimg.cn/mw690/001KO9s7zy77zksYSQ515&690	http://blog.sina.com.cn/s/blog_5fd509230102wv9v.html
http://www.youduo.com/forum/attachments/month_1612/20161229_81fc57c0dddb8a5d4bd2l1DQ616d33P7.jpg	http://www.youduo.com/forum/thread-43384-1-1.html
http://game.ahgame.com/uploads/allimg/150818/1-150QQ61554.jpg	http://wuxia.ahgame.com/wd/20150818123635.shtml
http://www.linban.com/upload/2017/03/23/8d3d2881-733e-4a96-8de1-e85d4f91f98e.jpg	http://www.linban.com/480000/473344.shtml
http://www.289.com/up/article/2015/0818/093619_34699566.jpg	http://www.289.com/inews/156323/
http://s1.sinaimg.cn/mw690/001KO9s7zy77zkt2e2c40&690	http://blog.sina.com.cn/s/blog_5fd509230102wv9v.html
http://s6.sinaimg.cn/mw690/001KO9s7zy77zktn2wRd5&690	http://blog.sina.com.cn/s/blog_5fd509230102wv9v.html
http://s16.sinaimg.cn/mw690/001KO9s7zy77zkt624v7f&690	http://blog.sina.com.cn/s/blog_5fd509230102wv9v.html
http://s13.sinaimg.cn/mw690/001KO9s7zy77zktwT24ec&690	http://blog.sina.com.cn/s/blog_5fd509230102wv9v.html
http://www.baihuamen.com/d/file/2014/05-13/f483d14e8b439d5d570713d45565eff9.jpg	http://www.baihuamen.com/hudielan/
http://www.chantuguan.com/ueditor/php/upload/image/20170808/1502180654234006.jpg	http://www.chantuguan.com/baike/1114.html
http://www.baihuamen.com/d/file/2014/04-25/ba5792a79216110599d1179222b0844d.jpg	http://www.baihuamen.com/honghuazuojiangcao/
http://www.linban.com/upload/2017/03/23/a3011fb2-0a13-485c-8239-7d86e1ab36e3.jpg	http://www.linban.com/480000/473323.shtml
http://ss4.sinaimg.cn/001KO9s7gy6PUOdtVOt45&690?vt=3	http://blog.sina.cn/dpool/blog/ArtRead.php?nid=5fd509230102vdp2&vt=3
http://img01.sogoucdn.com/net/a/100520101/link?appid=100520101&url=http://mmbiz.qpic.cn/mmbiz/Mt9Xgeu4HMVibEQI7dK63gnnIVuS6KibhfSygYLiacw7ATibz4T58WGqVOuudzINWCrLPTEezB64GYPXmhtxpv9URw/0?wx_fmt=jpeg	http://baike.m.sogou.com/baike/weixinArticle?lid=10356703&title=%E4%B8%89%E8%8A%B1%E9%BE%99%E8%83%86&g_ut=3
http://www.fantizi5.com/hua/huaimg/163.jpg	http://www.fantizi5.com/hua/zihongse/
https://w7.sanwen8.cn/mmbiz_jpg/nlrX1pMBrf2bgBn3VdlDn6VbeZCOF2wCbSsxpqWALsiap4VR5DyW2HIvoThLzyALiaKq45X4T8967dZF2r7bicDpw/0?wx_fmt=jpeg	https://sanwen8.cn/p/7d2ajJV.html
http://kuaiyaodian.com/images/201310/goods_img/667_P_1395731858.jpg	http://kuaiyaodian.com/goods.php?id=728
http://www.linban.com/upload/2017/03/23/e739433e-388c-4c4c-b160-c710516d8406.jpg	http://www.linban.com/480000/473323.shtml
https://w7.sanwen8.cn/mmbiz_jpg/nlrX1pMBrf0gARJa0balC0eqrzlZbwQkicEwsamkNu9ibzpj4zG2ELmiagOu5L0BQibCXjD1nlqae94ymdic1NhBUxQ/0?wx_fmt=jpeg	https://sanwen8.cn/p/7d2ajJV.html
https://w7.sanwen8.cn/mmbiz_jpg/nlrX1pMBrf2bgBn3VdlDn6VbeZCOF2wC5gDAX4NFjiapW6EibaiakJSUE3j7zIQ2jib6APFlaVWsI6MAnQicCh34dMQ/0?wx_fmt=jpeg	https://sanwen8.cn/p/7d2ajJV.html
http://pic1.huashichang.com/2017/0227/23/58b44487e9762_140_120.jpg	http://www.aihuhua.com/huahui/honghualongdan.html
http://www.baihuamen.com/d/file/2014/05-08/8f0d8c6dc260762efecf68a7d1790537.jpg	http://www.baihuamen.com/honghualongdan/16883_11.html
https://gw.alicdn.com/bao/uploaded/i2/677906626/TB29FSzwrBnpuFjSZFGXXX51pXa_!!677906626.jpg_200x200.jpg_.webp	https://m.taobao.com/article/A-EFBcFUDKBbD-Cn.html
https://w7.sanwen8.cn/mmbiz_jpg/nlrX1pMBrf2bgBn3VdlDn6VbeZCOF2wCVEFZYujlBCKsKhcvYuFLpu3j3Jkv3nz1ZXJH1PrOnHN0VFNGzPibarg/0?wx_fmt=jpeg	https://sanwen8.cn/p/7d2ajJV.html
http://ss3.sinaimg.cn/mw220/001KO9s7gy6PUOdignM82&690	http://blog.sina.cn/dpool/blog/ArtRead.php?nid=5fd509230102vdp2&vt=3
https://w5.sanwen8.cn/mmbiz/kxJwCQOiarllgUG17dpr4Q3kchFk8dkp2nhB8CC4o0WdlnNqYhfKjYias4BibwfSm6eojdy6MKVibR4Shic2Jv5WvZw/0?wx_fmt=jpeg	https://sanwen8.cn/p/6203jJZ.html
http://www.linban.com/upload/2017/03/23/40ab12d8-e052-4618-a814-a8b2ba83f4bf.jpg	http://www.linban.com/480000/473323.shtml
http://static.huashichang.com/image/main/qrcode_weixin.jpg	http://m.aihuhua.com/tu/honghualongdan.html
http://a0.att.hudong.com/78/26/20300000432684142174264833577_s.jpg	http://www.baike.com/wiki/%E9%BE%99%E8%83%86%E8%8D%89
http://ss5.sinaimg.cn/mw220/001KO9s7gy6PUOdGWW4b8&690	http://blog.sina.cn/dpool/blog/ArtRead.php?nid=5fd509230102vdp2&vt=3
https://w7.sanwen8.cn/mmbiz_jpg/nlrX1pMBrf2bgBn3VdlDn6VbeZCOF2wCicJCVCibic2S4XiaGMqVBrZgKRnWauiaVTh3CSSPHpia0c2aBmuGwSkQr3kg/0?wx_fmt=jpeg	https://sanwen8.cn/p/7d2ajJV.html
http://www.baihuamen.com/d/file/2014/04-11/4b93a7c8bea5f257450c7088ee5fa39c.jpg	http://www.baihuamen.com/honghualongdan/16883_3.html
http://gw.alicdn.com/bao/uploaded/i1/TB1Qqd2MXXXXXb6XXXXXXXXXXXX_!!0-item_pic.jpg_230x230.jpg	http://www.taobao.com/article/DsDSCSEdESEpB5Bl.html
https://w7.sanwen8.cn/mmbiz_jpg/nlrX1pMBrf2bgBn3VdlDn6VbeZCOF2wC43quGO8JBbfPJaYGLGZk1MBjWCIMaY3r5TnOhyOc5lzjvnhOK60B8Q/0?wx_fmt=jpeg	https://sanwen8.cn/p/7d2ajJV.html
http://img.xunhai.com/2015/11/26/144853699712831.jpg	http://www.xunhai.com/honghualongdan/2015/1126/4598.html
http://images.nongmiao.com/small/trade/2015/03/31/1503310856234693.jpg	http://www.nongmiao.com/keywords/105952.html
https://w7.sanwen8.cn/mmbiz_jpg/nlrX1pMBrf2bgBn3VdlDn6VbeZCOF2wCtCVpqGoBiacGnuVzlj8iaOgcURayexelt8yHpicbBWibRvrmZ7ocdDVNEA/0?wx_fmt=jpeg	https://sanwen8.cn/p/7d2ajJV.html
http://www.linban.com/upload/2017/03/23/282770e7-6bf9-481a-8a65-3c979fe16d99.jpg	http://www.linban.com/480000/473323.shtml
http://www.zhongyao.org.cn/daquan/sucai/jd0686.jpg	http://www.zhongyao.org.cn/daquan/sucai/page_35.htm
http://www.baihuamen.com/d/file/2014/05-04/d7a9e31ad9d6a417644e47aacae75731.jpg	http://www.baihuamen.com/honghualongdan/16883_3.html
http://slidesplayer.com/11399388/61/images/52/%E7%99%BD%E7%99%9C%E9%A3%8E%E7%9A%84%E4%B8%AD%E6%88%90%E8%8D%AF%E6%B2%BB%E7%96%97+%E7%99%BD%E7%99%9C%E9%A3%8E%E4%B8%B8%EF%BC%88%E3%80%8A%E7%9A%AE%E8%82%A4%E7%A7%91%E5%9B%BD%E5%AE%B6%E5%9F%BA%E6%9C%AC%E8%8D%AF%E7%89%A9%E4%B8%8E%E6%96%B0%E8%8D%AF%E7%89%B9%E8%8D%AF%E6%89%8B%E5%86%8C%E3%80%8B%EF%BC%89%EF%BC%9A%E7%99%BD%E8%92%BA%E8%97%9C%E3%80%81%E8%A1%A5%E9%AA%A8%E8%84%82%E3%80%81%E9%BB%84%E8%8A%AA%E3%80%81%E7%BA%A2%E8%8A%B1%E3%80%81%E5%B7%9D%E8%8A%8E%E3%80%81%E5%BD%93%E5%BD%92%E3%80%81%E9%A6%99%E9%99%84%E3%80%81%E5%B9%B2%E5%A7%9C%E3%80%81%E9%BE%99%E8%83%86%E8%8D%89%E3%80%81%E7%A1%AB%E9%85%B8%E9%93%9C%E3%80%82.jpg	http://slidesplayer.com/slide/11399388/
http://www.baihuamen.com/d/file/2014/05-12/85bfdbbfc0a9ef79e7f27482566fb4a2.jpg	http://www.baihuamen.com/honghualongdan/16883_3.html
http://pic1.nipic.com/2008-10-07/200810711336584_2.jpg	http://www.nipic.com/show/1/44/5e01a15e9995728c.html
https://w7.sanwen8.cn/mmbiz_jpg/nlrX1pMBrf2bgBn3VdlDn6VbeZCOF2wCviayfx6Znfl6uuF6nUtGUe21ichCNEyITtlXh4LR0sofbKDqU6eKlQGA/0?wx_fmt=jpeg	https://sanwen8.cn/p/7d2ajJV.html
http://www.baihuamen.com/d/file/2014/05-13/b0dcc59f8226c2f256ae94f5365f3fb2.jpg	http://www.baihuamen.com/honghualongdan/16883_11.html
http://ss7.sinaimg.cn/mw220/001KO9s7gy6PUOea3Xq40&690	http://blog.sina.cn/dpool/blog/ArtRead.php?nid=5fd509230102vdp2&a_pos=0&page=all&show=sel&vt=3
http://ss8.sinaimg.cn/mw220/001KO9s7gy6PUOenfsv8b&690	http://blog.sina.cn/dpool/blog/ArtRead.php?nid=5fd509230102vdp2&a_pos=0&page=all&show=sel&vt=3
http://www.lj-edu.cn/zhiwu/kindeditor/attached/image/20150303/20150303101184668466.jpg	http://www.lj-edu.cn/zhiwu/show1.asp?/987.html
http://a3.att.hudong.com/74/57/01100000000000144766576825835_s.jpg	http://www.baike.com/wiki/%E9%BE%99%E8%83%86
https://cdn.huaniaoy.cn/20160905/original/1473033213865.jpg@!picb	https://www.huaniaoy.com/zhiwu/1514
http://img.plantphoto.cn/gotoimg/236/1031291E52F864A8	http://stu.iplant.cn/stuinfo?id=150423
https://cbu01.alicdn.com/img/ibank/2017/341/128/3937821143_93126290.220x220.jpg	https://s.1688.com/kq/-C1FAB9C7B2DD.html
