
http://pic17.nipic.com/20111124/8696980_134628723160_2.jpg	http://www.nipic.com/show/1/44/5409088k11eccc5d.html
http://oss.xuejingguan.com/forum/201610/25/100710ya7cc5bz8aw17cl7.jpg	http://www.xuejingguan.com/zyzx/thread-5217-1-1.html
http://www.ew9z.com/wp-content/uploads/2010/04/Oxalis_rubra_flower_6.jpg	http://www.ew9z.com/honghuazhajiangcao.html
http://www.1818hm.com/file/upload/201509/06/15-54-07-85-5.jpg	http://www.1818hm.com/chanpin/show-42.html
http://www.iqiya.com/uploadfile/2014/1105/20141105091540934.jpg	http://www.iqiya.com/article/2014-11-05/6377.html
http://www.huamu.cn/picture/2009100613593729.jpg	http://www.huamu.cn/pinzhong/detail-545.html
http://www.iqiya.com/uploadfile/2014/1105/20141105091540850.jpg	http://www.iqiya.com/article/2014-11-05/6377.html
https://gss2.bdstatic.com/-fo3dSag_xI4khGkpoWK1HF6hhy/baike/c0%3Dbaike60%2C5%2C5%2C60%2C20/sign=c570db3cd762853586edda73f1861da3/a50f4bfbfbedab645d6fec0ef536afc378311eda.jpg	https://baike.baidu.com/item/%E7%BA%A2%E8%8A%B1%E9%85%A2%E6%B5%86%E8%8D%89
http://www.lvhua.com/chinese/b2b/..%2Fpicture%2Fproduction%2FC00000028277%2F32647%2F32647200922420303.jpg	http://lpj9957.blog.163.com/blog/static/133205492201272792841229/
http://b2b.image.yuanlin.com/Biz/2013-5/20135111931288442.jpg	http://yachunyuanlin.yuanlin.com/sell-m533767.html
https://cbu01.alicdn.com/img/ibank/2016/987/146/2706641789_594427568.220x220.jpg	http://www.1688.com/chanpin/-BAECBBA8E16DBDACB2DD.html
https://gss2.bdstatic.com/9fo3dSag_xI4khGkpoWK1HF6hhy/baike/c0%3Dbaike60%2C5%2C5%2C60%2C20/sign=b9211175a41ea8d39e2f7c56f6635b2b/b999a9014c086e06974e998500087bf40bd1cb1e.jpg	https://baike.baidu.com/item/%E7%BA%A2%E8%8A%B1%E9%85%A2%E6%B5%86%E8%8D%89
https://c1.staticflickr.com/1/221/492451735_fa348c80a6_b.jpg	https://www.flickr.com/photos/eleven_yr/492451735
http://www.hnhm.com/uploads/allimg/131013/1501292.jpg	http://www.hnhm.com/news/zaipei/201310/304309.html
http://b2b.image.yuanlin.com/Biz/2009-6/20096475076502.jpg	http://m3971230.yuanlin.com/sell-m65839.html
https://gss3.bdstatic.com/7Po3dSag_xI4khGkpoWK1HF6hhy/baike/s%3D220/sign=e4e8fd10c5fc1e17f9bf8b337a90f67c/f603918fa0ec08faf67c59a153ee3d6d55fbdabc.jpg	https://baike.baidu.com/item/%E7%BA%A2%E8%8A%B1%E9%85%A2%E6%B5%86%E8%8D%89
http://www.hnhm.com/uploads/allimg/131122/1440302.jpg	http://www.hnhm.com/news/zaipei/201311/308883.html
http://www.cas.cn/kxcb/kpwz/201302/W020130226587372904665.jpg	http://www.cas.cn/kxcb/kpwz/201302/t20130226_3783157.shtml
https://cbu01.alicdn.com/img/ibank/2013/050/903/1037309050_749098488.400x400.jpg	http://detail.1688.com/offer/1017207473.html
http://a3.att.hudong.com/07/33/01300544004521149525334466222_s.jpg	http://www.baike.com/wiki/%E7%BA%A2%E8%8A%B1%E9%86%A1%E6%B5%86%E8%8D%89
http://pic105.nipic.com/file/20160728/1647947_143010511000_2.jpg	http://www.nipic.com/zhuanti/1788685.html
http://www.haojing888.com/uploadfiles/pictures/product/20161231163529_2581.jpg	http://www.haojing888.com/Products/hhzjc.html
https://cbu01.alicdn.com/img/ibank/2016/911/685/3091586119_1300944875.220x220.jpg	http://www.1688.com/chanpin/-BAECBBA8F5A1BDACB2DD.html
http://www.yanlingwang.com/Upload/Pic/14880003079090162.jpg	http://www.yanlingwang.com/show.asp?typeid=6&sortid=37&id=24
http://www.yangshengzhu.com/article/newimg/yanghua/%E7%BA%A2%E8%8A%B1%E9%85%A2%E6%B5%86%E8%8D%89.jpg	http://www.yangshengzhu.com/article/2005/2005-08-12/20050812183100_46546.htm
http://www.iqiya.com/uploadfile/2014/1105/20141105091540411.jpg	http://www.iqiya.com/article/2014-11-05/6377.html
http://www.baihuamen.com/d/file/2014/04-17/37b2cce7383592d9f0a0c8cb9d15422d.jpg	http://www.baihuamen.com/honghuazhajiangcao/
http://www.med126.com/photos/UploadFiles_4912/200904/2009041309243357.jpg	http://www.med126.com/photos/200904/115717.shtml
http://a3.att.hudong.com/12/73/01100000000000144735734242948_s.jpg	http://www.baike.com/wiki/%E7%BA%A2%E8%8A%B1%E9%85%A2%E6%B5%86%E8%8D%89
http://pic105.nipic.com/file/20160728/1647947_143238025000_2.jpg	http://www.nipic.com/zhuanti/1788685.html
http://www.yuhuagu.com/uploads/allimg/150707/43_150707163411_1.jpg	http://www.yuhuagu.com/qiugen/2015/0707/12254.html
http://pic1.jinnong.cn/201306/2013613112045271.jpg	http://www.smhaida.com/show/F0iugMa30ofIQnNm.html
https://static8.depositphotos.com/1004797/1039/i/950/depositphotos_10394759-stock-photo-pink-oxalisoxalis-corymbosa-in-garden.jpg	http://cn.depositphotos.com/10394759/stock-photo-pink-oxalisoxalis-corymbosa-in-garden.html
https://gss3.bdstatic.com/-Po3dSag_xI4khGkpoWK1HF6hhy/baike/s%3D220/sign=0480c4d4bc99a9013f355c342d970a58/0d338744ebf81a4c4abff409d32a6059242da664.jpg	https://baike.baidu.com/item/%E7%BA%A2%E8%8A%B1%E9%85%A2%E6%B5%86%E8%8D%89
http://www.cnhua.net/uploads/allimg/090617/16140562O-0.JPG	http://www.cnhua.net/zhiwu/zuojiangcaoke/honghuazuojiangcao/82535715378149.html
http://pic1.huashichang.com/2015/1007/23/56153f5091467.jpg	http://m.aihuhua.com/tupian/tupianfig.html
https://upload.wikimedia.org/wikipedia/commons/thumb/3/35/Oxalis_corymbosa_2.jpg/1200px-Oxalis_corymbosa_2.jpg	https://zh.wikipedia.org/wiki/%E9%85%A2%E6%BC%BF%E8%8D%89%E7%A7%91
https://cbu01.alicdn.com/img/ibank/2017/239/609/4478906932_1262431064.220x220.jpg	https://s.1688.com/kq/-BAECBBA8E16DBDACB2DD.html
https://cbu01.alicdn.com/img/ibank/2016/597/954/2978459795_844988730.220x220.jpg	http://www.1688.com/chanpin/-BAECBBA8F5A1BDACB2DD.html
https://cbu01.alicdn.com/img/ibank/2017/538/208/4107802835_1638083837.220x220.jpg	http://www.1688.com/jiage/-BAECBBA8F5A1BDACB2DD.html
http://www.1nongjing.com/uploads/allimg/170717/1876-1FGG53235Y2.jpg	http://m.1nongjing.com/a/201707/191136.html
http://s2.sinaimg.cn/mw690/001YCN0vgy6RHaiE54l01&690	http://blog.sina.com.cn/s/blog_6c0048530102vn7y.html
http://pic1.win4000.com/pic/9/1d/65d51362953.jpg	http://www.w88ok.net/meinv114490.html
http://img01.hua.com/uploadpic/images/201662791418592242.jpg	http://www.hua.com/huayu/16331.html
https://cbu01.alicdn.com/img/ibank/2016/719/874/3043478917_1375539317.310x310.jpg	https://www.1688.com/pic/-BAECBBA8F5A1BDACB2DDC3E7.html
http://img.boqiicdn.com/Data/BK/A/1511/18/imagick73411447815485_y.jpg	http://m.boqii.com/entry/detail/2235.html
http://www.iqiya.com/uploadfile/article/64/1_qwith__.jpg	http://www.iqiya.com/article/2015-06-22/64733.html
https://static8.depositphotos.com/1004797/1051/i/950/depositphotos_10514873-stock-photo-pink-oxalisoxalis-corymbosa-in-garden.jpg	http://cn.depositphotos.com/10514873/stock-photo-pink-oxalisoxalis-corymbosa-in-garden.html
http://www.cits2.com/uploads/2012/170606/1-1F6060Z03T51.jpg	http://www.cits2.com/wenda/huwai/zhiwu/5259.html
https://cbu01.alicdn.com/img/ibank/2015/945/367/2163763549_1704571906.220x220.jpg	http://www.1688.com/chanpin/-BAECBBA8F5A1BDACB2DD.html
http://www.neipet.com/wp-content/uploads/2016/07/%E7%BA%A2%E8%8A%B1%E9%86%A1%E6%B5%86%E8%8D%89.jpg	http://www.neipet.com/plant/28578.html
http://img.mp.sohu.com/upload/20170512/3a58f73903d54678856e06736c96df81_th.png	http://www.sohu.com/a/140103745_784180
http://www.1nongjing.com/uploads/allimg/170717/1876-1FGGP3313G.jpg	http://m.1nongjing.com/a/201707/191193.html
https://gw.alicdn.com/bao/uploaded/i2/TB1rdJeOpXXXXXhXpXXXXXXXXXX_!!2-item_pic.png_230x230.jpg	https://www.taobao.com/article/GjEtGqBdBGGaE2EB.html
https://cbu01.alicdn.com/img/ibank/2014/729/063/1767360927_1199056919.310x310.jpg	https://www.1688.com/pic/-BAECBBA8E16DBDACB2DD.html
http://www.fengmi-baike.com/uploads/allimg/170707/1_0FFSFC594.jpg	http://www.fengmi-baike.com/miyuanzhiwu/37853.html
http://3.im.guokr.com/6cJIr0jPDdAz9IRraC6c1x51wSA4Gwtbq91jTJk2Ml5gFQAAQA4AAEpQ.jpg?imageView2/1/w/590/h/393	http://www.guokr.com/post/778574/
http://www.fengmi-baike.com/uploads/allimg/170707/1-1FFFR40R41.jpg	http://www.fengmi-baike.com/miyuanzhiwu/37853.html
http://www.baihuamen.com/d/file/2014/04-25/6fbe4c46c9f338da192c6eb9e83762ae.jpg	http://www.baihuamen.com/honghuazuojiangcao/
http://pic68.nipic.com/file/20150530/9842126_170429974000_2.jpg	http://www.nipic.com/show/12586469.html
http://upload-images.jianshu.io/upload_images/4847740-a229deecaac08bec.jpg?imageMogr2/auto-orient/strip%7CimageView2/2/w/720/q/50	http://www.jianshu.com/p/78747add771c
https://cbu01.alicdn.com/img/ibank/2016/054/113/2856311450_1528286416.220x220.jpg	http://www.1688.com/chanpin/-BAECBBA8F5A1BDACB2DD.html
http://www.1nongjing.com/uploads/allimg/170717/1876-1FGGI35I21.jpg	http://m.1nongjing.com/a/201707/191181.html
http://pic131.nipic.com/file/20170527/1647947_154559129000_2.jpg	http://www.nipic.com/zhuanti/1788685.html
http://www.zhiwu365.com/uploads/plant/248_honghuazuojiangcao/default/original/6_honghuazuojiangcao.jpg	http://www.zhiwu365.com/plant/283
http://www.yuhuagu.com/uploads/allimg/120519/10-120519162I8.jpg	http://www.yuhuagu.com/ktsh/2951.html
http://www.1nongjing.com/uploads/allimg/170717/1876-1FGG5324V60.jpg	http://m.1nongjing.com/a/201707/191136.html
http://upload-images.jianshu.io/upload_images/63933-d834fcb509d58f39?imageMogr2/auto-orient/strip%7CimageView2/2/w/1240	http://www.jianshu.com/p/65bd70b6df45
https://cbu01.alicdn.com/img/ibank/2016/299/321/3617123992_1209208676.220x220.jpg	http://www.1688.com/chanpin/-BAECBBA8F5A1BDACB2DD.html
https://cbu01.alicdn.com/img/ibank/2016/939/958/3722859939_584930004.220x220.jpg	http://www.1688.com/chanpin/-BAECBBA8E16DBDACB2DD.html
https://cbu01.alicdn.com/img/ibank/2015/540/014/2118410045_99864327.400x400.jpg	https://detail.1688.com/offer/45020106417.html
http://www.99yoo.com/uploadfile/2015/0303/1425379062613863.jpg	http://www.99yoo.com/2015/0303/11525.html
https://cbu01.alicdn.com/img/ibank/2017/356/020/3967020653_1940270268.310x310.jpg	https://www.1688.com/pic/-BAECBBA8E16DBDACB2DD.html
https://cbu01.alicdn.com/img/ibank/2016/267/532/2716235762_1037848925.220x220.jpg	https://s.1688.com/kq/-BAECBBA8F5A1BDACB2DDD6D6D7D3.html
https://cbu01.alicdn.com/img/ibank/2016/476/759/3442957674_603014641.220x220.jpg	http://www.1688.com/jiage/-BAECBBA8F5A1BDACB2DD.html
https://gss0.bdstatic.com/-4o3dSag_xI4khGkpoWK1HF6hhy/baike/s%3D220/sign=e1cea22dd739b60049ce08b5d9513526/8435e5dde71190ef82c63311cc1b9d16fdfa603b.jpg	https://baike.baidu.com/item/%E7%BA%A2%E8%8A%B1%E9%85%A2%E6%B5%86%E8%8D%89
http://2.im.guokr.com/5NvbpDDvPWsK2NDFMo22D80rMIxm5XRnIqvfIJf3QIj9BwAAMw4AAEpQ.jpg?imageView2/1/w/590/h/1048	http://www.guokr.com/post/778574/
http://www.buytree.com.cn/userfiles/image/%E4%B9%B0%E6%A0%91%E7%BD%91%E5%9B%BE%E7%89%87/%E8%8B%97%E6%9C%A8%E4%BA%A7%E5%93%81%E5%9B%BE%E7%89%87/%E7%BA%A2%E6%B2%B3%E7%BB%BF%E7%AF%B1/%E7%BA%A2%E8%8A%B1%E9%85%A2%E6%B5%86%E8%8D%891.JPG	http://www.buytree.com.cn/user/plantTreeView.spage?compId=142&treeId=9819
http://pic1.huashichang.com/2015/1007/23/56153f54e8ca9.jpg	http://www.aihuhua.com/tupian/tupianfiq.html
http://www.1nongjing.com/uploads/allimg/170717/1876-1FGG5520AA.jpg	http://m.1nongjing.com/a/201707/191141.html
http://s5.sinaimg.cn/mw690/001nDFiYgy70CCMNIIka4&690	http://blog.sina.com.cn/s/blog_4b6d1d540102w6t9.html
http://qzwchh.com/images/UpFile/2016-3/20163895480.jpg	http://qzwchh.com/zhsh.asp?id=180857
http://www.syysyl.com/upfile/files/%E5%9C%B0%E8%A2%AB%E8%8D%89%E8%8A%B1/%E7%BA%A2%E8%8A%B1%20%E9%86%A1%E6%B5%86%E8%8D%89.jpg	http://www.syysyl.com/556/567/149
http://pic19.nipic.com/20120326/8759743_141745176118_2.jpg	http://www.nipic.com/show/1/44/5894395k53abfa6f.html
http://www.1818hm.com/file/upload/201509/07/08-39-38-50-5.jpg	http://www.1818hm.com/chanpin/show-42.html
http://www.xywq.com/upload/201507/03/201507031157418133.jpg	http://www.xywq.com/article_show.aspx?id=6536
https://cbu01.alicdn.com/img/ibank/2015/590/301/2302103095_2061752349.220x220.jpg	https://s.1688.com/kq/-BAECBBA8E16DBDACB2DD.html
http://www.cn716.com/business/page/2014/3/15/l/1131271074049201.jpg	http://www.smhaida.com/show/F0iugMa30ofIQnNm.html
http://pic1.win4000.com/pic/9/1d/65d51362966.jpg_195.jpg	http://www.win4000.com/meinv114490.html
http://www.huangloucaohua.com/uFile/21399/product/201727134640527.jpg	http://www.huangloucaohua.com/product_view_85_154.html
https://cbu01.alicdn.com/img/ibank/2017/386/608/3783806683_998226175.220x220.jpg	http://www.1688.com/jiage/-BAECBBA8F5A1BDACB2DD.html
http://img.yanquecao.com/img/flower/oxaliscorymbosa/oxaliscorymbosa1.jpg	http://www.yanquecao.com/detail/759
http://img.redocn.com/sheying/20160912/yipianmeilidehonghuajiangcao_7089013.jpg	http://sucai.redocn.com/dongwuzhiwu_7089013.html
http://pic18.nipic.com/20111223/8759743_120402287198_2.jpg	http://www.nipic.com/show/1/44/5532863k30195055.html
http://pic18.nipic.com/20111223/8759743_120019260169_2.jpg	http://www.nipic.com/show/1/44/5532864kf519f418.html
http://s2.sinaimg.cn/mw690/001GQYMfzy7bDJiCql311&690	http://blog.sina.com.cn/s/blog_5c59717f0102wspl.html
http://s10.sinaimg.cn/mw690/001nDFiYgy70CCLOxShc9&690	http://blog.sina.com.cn/s/blog_4b6d1d540102w6t9.html
http://map1.zw3e.com:8080/zw_news_map/200/2014101/1412671211257482537.png	http://www.zw3e.com/see/f354i64.html
http://pic1.huashichang.com/2015/1007/23/56153f517b13a.jpg	http://m.aihuhua.com/tu/honghuacujiangcao.html
http://www.fc312.com/web_manage/manage/Upload/201516144629240.jpg	http://www.fc312.com/pro_info.asp?id=1533
