
http://a1.att.hudong.com/32/04/01100000000000144739045816228_s.jpg	http://www.baike.com/wiki/%E9%87%91%E4%B8%9D%E6%A1%83
http://www.baihuamen.com/d/file/2014/04-30/8eb9b4272b9dc1446653161b32e7f99d.jpg	http://www.baihuamen.com/jinsitao/
http://www.baihuamen.com/d/file/2014/05-04/d7a9e31ad9d6a417644e47aacae75731.jpg	http://www.baihuamen.com/jinsitao/11880.html
https://upload.wikimedia.org/wikipedia/commons/thumb/1/16/PIC_20160604_Hypericum.jpg/220px-PIC_20160604_Hypericum.jpg	https://zh.wikipedia.org/wiki/%E9%87%91%E4%B8%9D%E6%A1%83%E5%B1%9E
http://p.ayxbk.com/images/thumb/b/b3/Bkdk2.jpg/220px-Bkdk2.jpg	http://www.a-hospital.com/w/%E9%87%91%E4%B8%9D%E6%A1%83
http://www.baihuamen.com/d/file/2014/04-30/e565ca9b9fd2f34646ab455f8e8031ae.jpg	http://www.baihuamen.com/jinsitao/
http://sygxyl.com/upLoad/product/month_1704/201704261157326961.jpg	http://sygxyl.com/content/?912.html
http://a3.att.hudong.com/01/90/01000000000000119089014882001_s.jpg	http://www.baike.com/wiki/%E9%87%91%E4%B8%9D%E6%A1%83%E7%A7%91
http://img0.ph.126.net/xl9MHXVoYh8_AXSbc2plwQ==/3188548536278569068.jpg	http://1213098011like.lofter.com/post/2f1e8b_16b2130
http://a0.att.hudong.com/70/65/01000000000000119086541720170.jpg	http://tupian.baike.com/a0_70_65_01000000000000119086541720170_jpg.html
http://pic.baike.soso.com/ugc/baikepic2/10152/20160908055730-639985150.jpg/300	http://baike.sogou.com/lemma/ShowInnerLink.htm?lemmaId=234594&ss_c=ssc.citiao.link
http://xsxiaofang.com/product/pics/20160511/1462951811.jpg	http://xsxiaofang.com/product/class/?136.html
http://www.zhiwutong.com/tu/yanghua/%E9%87%91%E4%B8%9D%E6%A1%83.jpg	http://www.zhiwutong.com/gardens/09-28/9468.htm
http://a3.att.hudong.com/26/04/01100000000000144739045886017_s.jpg	http://www.baike.com/wiki/%E9%87%91%E4%B8%9D%E6%A1%83
http://www.huamu.cn/picture/2011021518025646.jpg	http://www.huamu.cn/member/supplydetail-BBAEFB43D469C111-14962.html
http://www.lvyihh.com/uploads/allimg/121125/1-121125214K40-L.jpg	http://www.lvyihh.com/lhmm/cbzw/jst/
https://8.share.photo.xuite.net/tamlubi/182cfdf/9837963/437074772_m.jpg	http://blog.xuite.net/tamlubi/twblog/122761998-%E7%8E%89%E5%B1%B1%E9%87%91%E7%B5%B2%E6%A1%83
http://www.syxyyl.com/uploads/allimg/150827/14312B644-0.jpg?psign=72837bb597dda144ad345982b2b7d0a20df431adcbefa617	http://www.syxyyl.com/lvhuaxiaomiaolei/63.html
http://www.xlhm.cn/zwpic/%E7%BA%A2%E6%9E%9C%E9%87%91%E4%B8%9D%E6%A1%831.jpg	http://www.xlhm.cn/zw/default_m.asp?sm=%BD%F0%CB%BF%CC%D2%CA%F4
http://www.yongshenghuahe.com/img/jst.jpg	http://www.yongshenghuahe.com/huacai/jinsitao.html
http://www.zaoyuanzhu.com/ewebeditor8/uploads/20151212/20151212205631103110.jpg	http://www.zaoyuanzhu.com/product.asp?id=69
http://bg.zafu.edu.cn/static/upload/2013/06/08/%E9%87%91%E4%B8%9D%E6%A1%83%20Hypericum%20monogynum%20Linn%20(3)__thumb.JPG	http://bg.zafu.edu.cn/articles/flower/26/
http://kc.njnu.edu.cn/zwswx/abc/picture/jinsitaoke/jinsitao3-1.JPG	http://kc.njnu.edu.cn/zwswx/abc/jinsitao.htm
http://a3.att.hudong.com/53/11/20300001045622130786114816356_s.jpg	http://www.baike.com/wiki/%E7%AA%81%E8%84%89%E9%87%91%E4%B8%9D%E6%A1%83
http://www.plamed-extract.com/wp-content/uploads/2016/07/guanyelianqiao.jpg	http://www.plamed-extract.com/product/hypericin/
https://8.share.photo.xuite.net/tamlubi/182cf6e/9837963/437076707_m.jpg	http://blog.xuite.net/tamlubi/twblog/122761998-%E7%8E%89%E5%B1%B1%E9%87%91%E7%B5%B2%E6%A1%83
https://thumbs.dreamstime.com/z/%E9%87%91%E4%B8%9D%E6%A1%83%E5%B1%9E%E6%A4%8D%E7%89%A9henryi-92786309.jpg	https://cn.dreamstime.com/%E5%BA%93%E5%AD%98%E7%85%A7%E7%89%87-%E9%87%91%E4%B8%9D%E6%A1%83%E5%B1%9E%E6%A4%8D%E7%89%A9henryi-image92786309
http://a2.att.hudong.com/57/97/01300001088699129912974629975_s.jpg	http://www.baike.com/wiki/%E9%87%91%E4%B8%9D%E6%A1%83%E5%B1%9E
http://www.huayugu.com.cn/uploads/allimg/160627/1-16062G05S00-L.jpg	http://www.huayugu.com.cn/jinsitao/
http://www.haojing888.com/uploadfiles/pictures/product/20161123150325_1075.jpg	http://www.haojing888.com/Products/jst_1.html
http://a4.att.hudong.com/37/04/20200000013920144739045617267_s.jpg	http://www.baike.com/wiki/%E9%87%91%E4%B8%9D%E6%A1%83
http://pic.showhua.com/pinzhong/201432152941.jpg	http://www.showhua.com/pinzhong/hongguojinsitao/
https://thumbs.dreamstime.com/z/%E5%9C%A8%E9%87%91%E4%B8%9D%E6%A1%83%E5%B1%9E%E6%A4%8D%E7%89%A9%E8%8A%B1%E7%9A%84-%E8%9D%B6-57504273.jpg	https://cn.dreamstime.com/%E5%BA%93%E5%AD%98%E7%85%A7%E7%89%87-%E9%87%91%E4%B8%9D%E6%A1%83%E5%B1%9E%E6%A4%8D%E7%89%A9%E8%8A%B1-image73511829
http://www.yuanlin365.com/Picture/21006/2008-9/210062008924114231.jpg	http://www.yuanlin365.com/supply/picdetail_254738/
http://www.baihuamen.com/d/file/2014/04-30/d4ce9022e6a22138f20a45875363fb93.jpg	http://www.baihuamen.com/jinsitao/
http://s5.sinaimg.cn/mw690/003O1hO8gy6TigIzKPGe4&690	http://blog.sina.com.cn/s/blog_cfdf5d200102vsmq.html
http://a3.att.hudong.com/60/42/01300000117258120984429444824_s.jpg	http://www.baike.com/wiki/%E9%87%91%E4%B8%9D%E6%A1%83%E7%B4%A0
https://thumbs.dreamstime.com/z/%E8%8D%AF%E7%94%A8%E6%A4%8D%E7%89%A9%EF%BC%9A%E9%87%91%E4%B8%9D%E6%A1%83%E5%B1%9E%E6%A4%8D%E7%89%A9perforatum-63238385.jpg	https://cn.dreamstime.com/%E5%BA%93%E5%AD%98%E7%85%A7%E7%89%87-%E8%8D%AF%E7%94%A8%E6%A4%8D%E7%89%A9%EF%BC%9A%E9%87%91%E4%B8%9D%E6%A1%83%E5%B1%9E%E6%A4%8D%E7%89%A9perforatum-image63238385
http://www.chemicalbook.com/NewsImg/2015-04-16/20154161631386145.jpg	http://www.chemicalbook.com/ChemicalProductProperty_CN_CB9240043.htm
https://cbu01.alicdn.com/img/ibank/2015/842/449/2428944248_774331362.220x220.jpg	http://www.1688.com/jiage/-BDF0CBBFCCD2C7F2.html
http://2.im.guokr.com/qQvcnVeMccWYPlwmaOfJHsZflkRyl4HAKt_WwI8zKKkABAAAqwIAAEpQ.jpg?imageView2/1/w/590/h/393	http://www.guokr.com/post/642524/
http://a2.att.hudong.com/63/04/01100000000000144739045840565_s.jpg	http://www.baike.com/wiki/%E9%87%91%E4%B8%9D%E6%A1%83
https://thumbs.dreamstime.com/z/%E5%9C%A3%E7%BA%A6%E7%BF%B0%E6%96%AF%E9%BA%A6%E8%8A%BD%E9%85%92%E9%87%8E%E8%8A%B1%EF%BC%8C-%E7%96%97%E6%A4%8D%E7%89%A9%E9%87%91%E4%B8%9D%E6%A1%83%E5%B1%9E%E6%A4%8D%E7%89%A9-57112650.jpg	https://cn.dreamstime.com/%E5%BA%93%E5%AD%98%E7%85%A7%E7%89%87-%E5%9C%A3%E7%BA%A6%E7%BF%B0%E6%96%AF%E9%BA%A6%E8%8A%BD%E9%85%92%E9%87%8E%E8%8A%B1%EF%BC%8C-%E7%96%97%E6%A4%8D%E7%89%A9%E9%87%91%E4%B8%9D%E6%A1%83%E5%B1%9E%E6%A4%8D%E7%89%A9-image57112650
http://img.aihuahui.com/d/2016/10/58086720a58e6.jpg	http://www.aihuahui.com/aiguanmuhuahui/1908.html
http://a4.att.hudong.com/61/02/01300543373111147020022392721_s.jpg	http://www.baike.com/wiki/%E7%BA%A2%E6%9E%9C%E9%87%91%E4%B8%9D%E6%A1%83
http://m.21cbi.com/data/img.php?ref=http://blog.sina.com.cn&url=http://s8.sinaimg.cn/middle/4c8b2866g79fa233f8367&690	http://m.21cbi.com/s/1/450777.html
http://a4.att.hudong.com/84/73/01300000802987130785731614816_s.jpg	http://www.baike.com/wiki/%E5%BC%AF%E8%90%BC%E9%87%91%E4%B8%9D%E6%A1%83
https://thumbs.dreamstime.com/b/tutsan-%E9%87%91%E4%B8%9D%E6%A1%83%E5%B1%9E%E6%A4%8D%E7%89%A9-27509533.jpg	https://cn.dreamstime.com/%E5%BA%93%E5%AD%98%E7%85%A7%E7%89%87-tutsan-%E9%87%91%E4%B8%9D%E6%A1%83%E5%B1%9E%E6%A4%8D%E7%89%A9-image27509533
https://thumbs.dreamstime.com/z/%E9%87%91%E4%B8%9D%E6%A1%83%E5%B1%9E%E6%A4%8D%E7%89%A9calycinum%EF%BC%8C%E5%9C%A3%E7%BA%A6%E7%BF%B0-x-s%E9%BA%A6%E8%8A%BD%E9%85%92%EF%BC%8C%E6%B2%99-%E7%9A%84%E7%8E%AB%E7%91%B0%E8%8A%B1-79349685.jpg	https://cn.dreamstime.com/%E5%BA%93%E5%AD%98%E7%85%A7%E7%89%87-%E9%87%91%E4%B8%9D%E6%A1%83%E5%B1%9E%E6%A4%8D%E7%89%A9calycinum-image53826874
http://img.supfree.net/zhongyao/images/4341_2.jpg	http://zhongyao.supfree.net/hao.asp?id=%BD%F0%CB%BF%CC%D2
http://www.jinriyaoshi.net/uploads/allimg/170717/3-1FGG11S3214.png	http://www.jinriyaoshi.net/baike/j/3635.html
http://cdctyy.com/public/uploads/images/2017/02/20170222165200112.jpg	http://cdctyy.com/datian/201702/9.html
https://thumbs.dreamstime.com/z/%E9%87%91%E4%B8%9D%E6%A1%83%E5%B1%9E%E6%A4%8D%E7%89%A9%E6%88%96-%E5%8F%B6%E8%BF%9E%E7%BF%98-73783693.jpg	https://cn.dreamstime.com/%E5%BA%93%E5%AD%98%E7%85%A7%E7%89%87-%E9%87%91%E4%B8%9D%E6%A1%83%E5%B1%9E%E6%A4%8D%E7%89%A9%E6%88%96-%E5%8F%B6%E8%BF%9E%E7%BF%98-image73783693
http://sygxyl.com/upLoad/product/month_1704/201704261157454339.jpg	http://sygxyl.com/content/?912.html
http://mmbiz.qpic.cn/mmbiz_jpg/OeRvxm4hzNXbLIJSlKOItjES9Ff7ibia8lAnUGJRB6Qu48jlSo7ORW5JwXGztyymj0Hiaxm1qUYYiawq6WFFK0uVkw/0?wx_fmt=jpeg	https://freewechat.com/a/MzIwMDU3NDgxMQ==/2651040364/8
https://thumbs.dreamstime.com/t/%E9%87%91%E4%B8%9D%E6%A1%83%E5%B1%9E%E6%A4%8D%E7%89%A9henryi-92786272.jpg	https://cn.dreamstime.com/%E5%BA%93%E5%AD%98%E7%85%A7%E7%89%87-%E9%87%91%E4%B8%9D%E6%A1%83%E5%B1%9E%E6%A4%8D%E7%89%A9henryi-image92786309
http://www.fhxkhm.com/UpLoadFiles/Large14/%E9%87%91%E4%B8%9D%E6%A1%83.jpg	http://www.fhxkhm.com/Product_detail.aspx?typeid=37&ProductID=232
https://www.huabaike.com/uploads/allimg/sltimg/201708/5987cacd0982d.jpg	https://www.huabaike.com/hyjk/10349.html
https://thumbs.dreamstime.com/t/%E9%87%91%E4%B8%9D%E6%A1%83%E5%B1%9E%E6%A4%8D%E7%89%A9henryi-92955958.jpg	https://cn.dreamstime.com/%E5%BA%93%E5%AD%98%E7%85%A7%E7%89%87-%E9%87%91%E4%B8%9D%E6%A1%83%E5%B1%9E%E6%A4%8D%E7%89%A9henryi-image92786309
https://thumbs.dreamstime.com/z/%E9%87%91%E4%B8%9D%E6%A1%83%E5%B1%9E%E6%A4%8D%E7%89%A9%E8%8A%B1%E3%80%81%E9%87%91%E4%B8%9D%E6%A1%83%E5%B1%9E%E6%A4%8D%E7%89%A9perforatum%E6%88%96%E8%80%85%E5%9C%A3%E7%BA%A6%E7%BF%B0%E6%96%AF%E9%BA%A6%E8%8A%BD%E9%85%92-76338035.jpg	https://cn.dreamstime.com/%E5%BA%93%E5%AD%98%E7%85%A7%E7%89%87-%E9%87%91%E4%B8%9D%E6%A1%83%E5%B1%9E%E6%A4%8D%E7%89%A9%E8%8A%B1%E3%80%81%E9%87%91%E4%B8%9D%E6%A1%83%E5%B1%9E%E6%A4%8D%E7%89%A9perforatum%E6%88%96%E8%80%85%E5%9C%A3%E7%BA%A6%E7%BF%B0%E6%96%AF%E9%BA%A6%E8%8A%BD%E9%85%92-image76338035
https://thumbs.dreamstime.com/z/%E5%85%B1%E5%90%8C%E7%9A%84-%E5%8F%B6%E8%BF%9E%E7%BF%98-%E9%87%91%E4%B8%9D%E6%A1%83%E5%B1%9E%E6%A4%8D%E7%89%A9perforatum-62930648.jpg	https://cn.dreamstime.com/%E5%BA%93%E5%AD%98%E7%85%A7%E7%89%87-%E5%85%B1%E5%90%8C%E7%9A%84-%E5%8F%B6%E8%BF%9E%E7%BF%98-%E9%87%91%E4%B8%9D%E6%A1%83%E5%B1%9E%E6%A4%8D%E7%89%A9perforatum-image63096491
http://a2.att.hudong.com/23/04/01100000000000144739045971664_s.jpg	http://www.baike.com/wiki/%E9%87%91%E4%B8%9D%E6%A1%83%E8%8B%B7
https://thumbs.dreamstime.com/t/%E6%96%B0%E9%B2%9C%E7%9A%84%E9%87%91%E4%B8%9D%E6%A1%83%E5%B1%9E%E6%A4%8D%E7%89%A9perforatum%E8%8A%B1-69473136.jpg	https://cn.dreamstime.com/%E5%BA%93%E5%AD%98%E7%85%A7%E7%89%87-%E9%87%91%E4%B8%9D%E6%A1%83%E5%B1%9E%E6%A4%8D%E7%89%A9%E8%8A%B1-image73511829
http://mmbiz.qpic.cn/mmbiz_jpg/OeRvxm4hzNXbLIJSlKOItjES9Ff7ibia8llpHicicziaAwsiaqw4DBxdquzPSyvNRk5VP0MZO9vh0ia7tKIdnAtnKcsVA/0?wx_fmt=jpeg	https://freewechat.com/a/MzIwMDU3NDgxMQ==/2651040364/8
http://sygxyl.com/upLoad/product/month_1704/201704261157371177.jpg	http://sygxyl.com/content/?912.html
https://thumbs.dreamstime.com/z/%E9%87%91%E4%B8%9D%E6%A1%83%E5%B1%9E%E6%A4%8D%E7%89%A9calycinum%E5%88%86%E6%94%AF%E5%9C%A8%E7%A0%82%E5%B2%A9%E9%81%93%E8%B7%AF-%E8%B0%8E-selec-75768229.jpg	https://cn.dreamstime.com/%E5%85%8D%E7%89%88%E7%A8%8E%E5%BA%93%E5%AD%98%E7%85%A7%E7%89%87-%E9%87%91%E4%B8%9D%E6%A1%83%E5%B1%9E%E6%A4%8D%E7%89%A9-image38283675
https://gw.alicdn.com/bao/uploaded/i1/23726211/TB2fmEibpXXXXc2XXXXXXXXXXXX_!!23726211.jpg_230x230.jpg	https://www.taobao.com/article/BBDFFLBBDNCdDqBs.html
http://www.xwwzsty.com/uploads/img1/20160527/574839aa024d0.jpg	http://www.xwwzsty.com/shengtainongye/54.html
https://cbu01.alicdn.com/img/ibank/2014/923/490/1365094329_1145210389.310x310.jpg	https://www.1688.com/pic/-BDF0CBBFCCD2C3E7.html
http://img.mp.itc.cn/upload/20170602/8d89ae12a9814056aaa153d2c061a9b9_th.jpg	http://www.sohu.com/a/145421524_312876
http://mmbiz.qpic.cn/mmbiz_jpg/OeRvxm4hzNXbLIJSlKOItjES9Ff7ibia8llo5aLUCCPNW6o7svJwJo8Z0po4dnQTCJibHCW3tDFSUbMyiambJrzfTQ/0?wx_fmt=jpeg	https://freewechat.com/a/MzIwMDU3NDgxMQ==/2651040364/8
http://a4.att.hudong.com/50/60/20300543010852148335604118906_s.jpg	http://www.baike.com/wiki/%E7%B3%99%E6%9E%9D%E9%87%91%E4%B8%9D%E6%A1%83
http://www.itaomiao.com/img/nursery/2015/08/18/15/1439884525570T5nS.jpg	http://www.itaomiao.com/supply/supplyInfo.itm?code=0000000000115117
https://thumbs.dreamstime.com/z/%E7%A9%BF%E5%AD%94%E5%9C%A3%E7%BA%A6%E7%BF%B0-s%E9%BA%A6%E8%8A%BD%E9%85%92-%E9%87%91%E4%B8%9D%E6%A1%83%E5%B1%9E%E6%A4%8D%E7%89%A9perforatum%E5%AE%8F%E8%A7%82%E5%BC%80%E8%8A%B1%E6%A4%8D%E7%89%A9%E5%9C%A8-%E8%89%B2%E8%83%8C%E6%99%AF%E4%B8%AD-81538661.jpg	https://cn.dreamstime.com/%E5%BA%93%E5%AD%98%E7%85%A7%E7%89%87-%E7%A9%BF%E5%AD%94%E5%9C%A3%E7%BA%A6%E7%BF%B0-s%E9%BA%A6%E8%8A%BD%E9%85%92-%E9%87%91%E4%B8%9D%E6%A1%83%E5%B1%9E%E6%A4%8D%E7%89%A9perforatum%E5%AE%8F%E8%A7%82%E5%BC%80%E8%8A%B1%E6%A4%8D%E7%89%A9%E5%9C%A8-%E8%89%B2%E8%83%8C%E6%99%AF%E4%B8%AD-image81538661
http://pic71.nipic.com/file/20150706/21384764_233947567868_2.jpg	http://www.nipic.com/show/12824773.html
http://www.syysyl.com/upfile/files/%E8%8A%B1%E7%81%8C%E6%9C%A8/%E9%87%91%E4%B8%9D%E6%A1%83.jpg	http://www.syysyl.com/556/568/106
https://thumbs.dreamstime.com/z/%E9%87%91%E4%B8%9D%E6%A1%83%E5%B1%9E%E6%A4%8D%E7%89%A9olympicum%E5%92%8C%E7%9F%B3%E7%AB%B9plumarius-86148760.jpg	https://cn.dreamstime.com/%E5%BA%93%E5%AD%98%E7%85%A7%E7%89%87-%E9%87%91%E4%B8%9D%E6%A1%83%E5%B1%9E%E6%A4%8D%E7%89%A9olympicum%E5%92%8C%E7%9F%B3%E7%AB%B9plumarius-image86148760
https://cbu01.alicdn.com/img/ibank/2015/658/037/2554730856_488626155.310x310.jpg	https://www.1688.com/pic/-BDF0CBBFCCD2C3E7.html
http://s13.sinaimg.cn/mw690/002ZneeQzy7bW2CCyMk2c&690	http://blog.sina.com.cn/s/blog_a3443da80102yaj5.html
http://www.yxsx.com/Upload/ShowImg/201261911124117.jpg	http://www.yxsx.com/3chanpinzhanshi/prod1349.htm
https://cbu01.alicdn.com/img/ibank/2014/873/412/1622214378_857802632.310x310.jpg	https://www.1688.com/pic/-BDF0CBBFCCD2C3E7.html
http://www.huayugu.com.cn/uploads/allimg/160627/1-16062G055130-L.jpg	http://www.huayugu.com.cn/jinsitao/13042.html
http://www.haojing888.com/uploadfiles/pictures/product/20161123145221_7240.jpg	http://www.haojing888.com/Products/jst_1.html
http://www.1988.tv/Upload_Map/2017nian/3/16/2017-03-16-09-36-38.jpg	http://www.1988.tv/baike/zhongzhi/25899
https://thumbs.dreamstime.com/z/%E9%87%91%E4%B8%9D%E6%A1%83%E5%B1%9E%E6%A4%8D%E7%89%A9calycinum-53826874.jpg	https://cn.dreamstime.com/%E5%BA%93%E5%AD%98%E7%85%A7%E7%89%87-%E9%87%91%E4%B8%9D%E6%A1%83%E5%B1%9E%E6%A4%8D%E7%89%A9calycinum-image53826874
https://www.huabaike.com/uploads/allimg/artimg/201708/20170807100709_42618.jpeg	https://www.huabaike.com/yhjq/10379.html
https://thumbs.dreamstime.com/z/%E5%85%B1%E5%90%8C%E7%9A%84-%E5%8F%B6%E8%BF%9E%E7%BF%98-%E9%87%91%E4%B8%9D%E6%A1%83%E5%B1%9E%E6%A4%8D%E7%89%A9perforatum-%E6%8A%97%E6%8A%91%E9%83%81%E5%89%82-49790057.jpg	https://cn.dreamstime.com/%E5%BA%93%E5%AD%98%E7%85%A7%E7%89%87-%E5%85%B1%E5%90%8C%E7%9A%84-%E5%8F%B6%E8%BF%9E%E7%BF%98-%E9%87%91%E4%B8%9D%E6%A1%83%E5%B1%9E%E6%A4%8D%E7%89%A9perforatum-image63096491
https://thumbs.dreamstime.com/z/%E9%87%91%E4%B8%9D%E6%A1%83%E5%B1%9E%E6%A4%8D%E7%89%A9calycinum%E8%8A%B1-63326481.jpg	https://cn.dreamstime.com/%E5%BA%93%E5%AD%98%E7%85%A7%E7%89%87-%E9%87%91%E4%B8%9D%E6%A1%83%E5%B1%9E%E6%A4%8D%E7%89%A9calycinum-image53826874
https://thumbs.dreamstime.com/t/%E9%87%91%E4%B8%9D%E6%A1%83%E5%B1%9E%E6%A4%8D%E7%89%A9henryi-92786360.jpg	https://cn.dreamstime.com/%E5%BA%93%E5%AD%98%E7%85%A7%E7%89%87-%E9%87%91%E4%B8%9D%E6%A1%83%E5%B1%9E%E6%A4%8D%E7%89%A9henryi-image92786309
http://a3.att.hudong.com/03/43/20300543497789144609434760151_s.jpg	http://www.baike.com/wiki/%E6%98%9F%E8%90%BC%E9%87%91%E4%B8%9D%E6%A1%83
https://thumbs.dreamstime.com/t/%E9%87%91%E4%B8%9D%E6%A1%83%E5%B1%9E%E6%A4%8D%E7%89%A9henryi-92786483.jpg	https://cn.dreamstime.com/%E5%BA%93%E5%AD%98%E7%85%A7%E7%89%87-%E9%87%91%E4%B8%9D%E6%A1%83%E5%B1%9E%E6%A4%8D%E7%89%A9henryi-image92786309
https://upload.wikimedia.org/wikipedia/commons/thumb/1/1e/Hypericum_uralum.jpg/220px-Hypericum_uralum.jpg	https://zh.wikipedia.org/wiki/%E5%8C%99%E8%90%BC%E9%87%91%E4%B8%9D%E6%A1%83
http://sygxyl.com/upLoad/product/month_1704/201704261157513641.jpg	http://sygxyl.com/content/?912.html
https://gw.alicdn.com/bao/uploaded/i4/TB1_iThSpXXXXbbapXXXXXXXXXX_!!0-item_pic.jpg_230x230.jpg	https://www.taobao.com/article/BxEOGYFwCKC5FtGy.html
https://www.huabaike.com/uploads/allimg/sltimg/201708/5983d04595067.jpg	https://www.huabaike.com/hyjk/10349.html
http://flowers.taipei/imagespace/plant_tree/original/thumb_image_6736833.JPG	http://flowers.taipei/Info/Detail/11a08979-30bb-4732-ae06-e8d0aa7100b3
https://cbu01.alicdn.com/img/ibank/2016/294/382/3222283492_1590623518.220x220.jpg	http://www.1688.com/chanpin/-BDF0CBBFCCD2DCD5.html
http://s16.sinaimg.cn/mw690/003O1hO8gy6TigwduuX8f&690	http://blog.sina.com.cn/s/blog_cfdf5d200102vsmq.html
https://cbu01.alicdn.com/img/ibank/2015/777/220/2501022777_716810620.220x220.jpg	http://www.1688.com/jiage/-BDF0CBBFCCD2C7F2.html
http://www.miaonongol.com/uploadfile/product/20160126/2016126141835840.jpg	http://www.miaonongol.com/product-details.aspx?id=9921
