
https://gss2.bdstatic.com/9fo3dSag_xI4khGkpoWK1HF6hhy/baike/c0%3Dbaike92%2C5%2C5%2C92%2C30/sign=ed7c4197b28f8c54f7decd7d5b404690/f636afc379310a55f134598db14543a9822610b2.jpg
https://gss3.bdstatic.com/7Po3dSag_xI4khGkpoWK1HF6hhy/baike/crop%3D0%2C31%2C658%2C434%3Bc0%3Dbaike80%2C5%2C5%2C80%2C26/sign=8660ebd2d454564ef12abe798eeeb0b1/241f95cad1c8a78606239dcf6e09c93d71cf50e2.jpg
https://gss2.bdstatic.com/9fo3dSag_xI4khGkpoWK1HF6hhy/baike/c0%3Dbaike80%2C5%2C5%2C80%2C26/sign=25e0cc820c46f21fdd395601974d0005/18d8bc3eb13533fa70a11157aed3fd1f41345bb0.jpg
https://gss2.bdstatic.com/9fo3dSag_xI4khGkpoWK1HF6hhy/baike/c0%3Dbaike80%2C5%2C5%2C80%2C26/sign=ea00e774209759ee5e5d6899d3922873/5d6034a85edf8db129e9ff1d0f23dd54574e7480.jpg
https://gss3.bdstatic.com/-Po3dSag_xI4khGkpoWK1HF6hhy/baike/c0%3Dbaike80%2C5%2C5%2C80%2C26/sign=996eb0bad1ca7bcb6976cf7ddf600006/6d81800a19d8bc3e5a558fb3848ba61ea8d3456e.jpg

https://gss1.bdstatic.com/-vo3dSag_xI4khGkpoWK1HF6hhy/baike/c0%3Dbaike92%2C5%2C5%2C92%2C30/sign=01904b137acb0a46912f836b0a0a9d41/9d82d158ccbf6c818d698501bd3eb13532fa40f8.jpg
https://gss0.bdstatic.com/-4o3dSag_xI4khGkpoWK1HF6hhy/baike/c0%3Dbaike92%2C5%2C5%2C92%2C30/sign=7d54a5cbb21bb0519b29bb7a5713b1d1/5882b2b7d0a20cf4e58e573677094b36acaf9939.jpg
https://gss0.bdstatic.com/94o3dSag_xI4khGkpoWK1HF6hhy/baike/c0%3Dbaike92%2C5%2C5%2C92%2C30/sign=8bd7960863d9f2d3341c2cbdc885e176/91ef76c6a7efce1b6d356123ae51f3deb48f6539.jpg
https://gss0.bdstatic.com/-4o3dSag_xI4khGkpoWK1HF6hhy/baike/c0%3Dbaike92%2C5%2C5%2C92%2C30/sign=a1993388f2deb48fef64a98c9176514c/79f0f736afc3793156362fc0eac4b74542a911f8.jpg
https://gss2.bdstatic.com/9fo3dSag_xI4khGkpoWK1HF6hhy/baike/c0%3Dbaike92%2C5%2C5%2C92%2C30/sign=57be2e2242166d222c7a1dc6274a6292/35a85edf8db1cb134b1195fadc54564e93584bda.jpg
https://gss2.bdstatic.com/-fo3dSag_xI4khGkpoWK1HF6hhy/baike/c0%3Dbaike92%2C5%2C5%2C92%2C30/sign=3b6848f32934349b600b66d7a8837eab/94cad1c8a786c917617bfbd0c83d70cf3ac757da.jpg
https://gss2.bdstatic.com/9fo3dSag_xI4khGkpoWK1HF6hhy/baike/c0%3Dbaike80%2C5%2C5%2C80%2C26/sign=b0bc499a512c11dfcadcb771024e09b5/ae51f3deb48f8c54468b4b563c292df5e0fe7f6b.jpg
https://gss0.bdstatic.com/94o3dSag_xI4khGkpoWK1HF6hhy/baike/c0%3Dbaike80%2C5%2C5%2C80%2C26/sign=a171c4776109c93d13ff06a5fe5493b9/f3d3572c11dfa9ece275d86e64d0f703918fc174.jpg
https://gss1.bdstatic.com/-vo3dSag_xI4khGkpoWK1HF6hhy/baike/c0%3Dbaike92%2C5%2C5%2C92%2C30/sign=3f9481ceef50352aa56c2d5a322a9097/d000baa1cd11728b4277025bcefcc3cec3fd2c74.jpg
https://gss0.bdstatic.com/-4o3dSag_xI4khGkpoWK1HF6hhy/baike/c0%3Dbaike92%2C5%2C5%2C92%2C30/sign=bdd801e8cb11728b24208470a995a8ab/8b13632762d0f703fd571ba50efa513d2797c5e6.jpg
https://gss2.bdstatic.com/9fo3dSag_xI4khGkpoWK1HF6hhy/baike/c0%3Dbaike80%2C5%2C5%2C80%2C26/sign=f8694c4a758da9775a228e79d138937c/b3b7d0a20cf431ad7916cc404d36acaf2fdd9887.jpg
https://gss2.bdstatic.com/-fo3dSag_xI4khGkpoWK1HF6hhy/baike/c0%3Dbaike80%2C5%2C5%2C80%2C26/sign=dbf46f632e34349b600b66d7a8837eab/7e3e6709c93d70cfc51e2474fedcd100bba12be7.jpg
https://gss0.bdstatic.com/-4o3dSag_xI4khGkpoWK1HF6hhy/baike/c0%3Dbaike80%2C5%2C5%2C80%2C26/sign=27c22c62d20735fa85fd46ebff3864d6/8644ebf81a4c510f55236c636659252dd52aa5e0.jpg
https://gss3.bdstatic.com/-Po3dSag_xI4khGkpoWK1HF6hhy/baike/c0%3Dbaike80%2C5%2C5%2C80%2C26/sign=8fc49594a5cc7cd9ee203c8b58684a5a/d50735fae6cd7b89bd3ab4fa092442a7d9330e70.jpg
https://gss3.bdstatic.com/-Po3dSag_xI4khGkpoWK1HF6hhy/baike/c0%3Dbaike92%2C5%2C5%2C92%2C30/sign=d6e40d493cf33a878a600848a7357b5d/9e3df8dcd100baa1ceccc9c24110b912c9fc2ee2.jpg
https://gss1.bdstatic.com/-vo3dSag_xI4khGkpoWK1HF6hhy/baike/c0%3Dbaike92%2C5%2C5%2C92%2C30/sign=a9304b563c292df583cea447dd583705/b219ebc4b74543a9bff874b518178a82b80114e3.jpg
https://gss0.bdstatic.com/94o3dSag_xI4khGkpoWK1HF6hhy/baike/c0%3Dbaike80%2C5%2C5%2C80%2C26/sign=09e1f1d9f003738dca470470d272db34/5882b2b7d0a20cf4814d70a670094b36adaf99ee.jpg
https://gss1.bdstatic.com/-vo3dSag_xI4khGkpoWK1HF6hhy/baike/c0%3Dbaike92%2C5%2C5%2C92%2C30/sign=4e270c0c45a98226accc2375ebebd264/faf2b2119313b07e6f63de710ad7912396dd8ce9.jpg
https://gss1.bdstatic.com/9vo3dSag_xI4khGkpoWK1HF6hhy/baike/c0%3Dbaike92%2C5%2C5%2C92%2C30/sign=3ecac7820c46f21fdd395601974d0005/d058ccbf6c81800af0d80077b73533fa828b478e.jpg
https://gss3.bdstatic.com/-Po3dSag_xI4khGkpoWK1HF6hhy/baike/c0%3Dbaike80%2C5%2C5%2C80%2C26/sign=50eee8ae30d12f2eda08a6322eabbe07/c995d143ad4bd11358f23e4b5cafa40f4bfb058f.jpg
https://gss2.bdstatic.com/-fo3dSag_xI4khGkpoWK1HF6hhy/baike/c0%3Dbaike80%2C5%2C5%2C80%2C26/sign=5e916d0aab4bd11310c0bf603bc6cf6a/023b5bb5c9ea15cea0d76970b0003af33a87b28a.jpg
https://gss3.bdstatic.com/-Po3dSag_xI4khGkpoWK1HF6hhy/baike/c0%3Dbaike80%2C5%2C5%2C80%2C26/sign=42fe09fed6a20cf4529df68d17602053/80cb39dbb6fd5266cb6ab26dad18972bd4073601.jpg
https://gss0.bdstatic.com/94o3dSag_xI4khGkpoWK1HF6hhy/baike/c0%3Dbaike80%2C5%2C5%2C80%2C26/sign=ab6af38bd362853586edda73f1861da3/83025aafa40f4bfbcbd7172d054f78f0f7361847.jpg
https://gss1.bdstatic.com/-vo3dSag_xI4khGkpoWK1HF6hhy/baike/c0%3Dbaike80%2C5%2C5%2C80%2C26/sign=11f88de4cdef7609280691cd4fb4c8a9/5366d0160924ab188a27684e33fae6cd7b890b91.jpg
https://gss2.bdstatic.com/-fo3dSag_xI4khGkpoWK1HF6hhy/baike/c0%3Dbaike92%2C5%2C5%2C92%2C30/sign=2ff76b636659252db71a155655f2685e/960a304e251f95ca27c61bcfcf177f3e6709529c.jpg
