
http://www.baihuamen.com/d/file/2014/05-25/109034bfa5722a9802fc7d40b5c51c2e.jpg	http://www.baihuamen.com/maili/
http://pic40.nipic.com/20140412/18249371_124855382120_2.jpg	http://www.nipic.com/show/10127007.html
http://a2.att.hudong.com/88/14/01100000000000144766144064157_s.jpg	http://www.baike.com/wiki/%E9%BA%A6%E6%9D%8E
http://www.dlyj.net/images/%E7%BA%A2%E8%8A%B1%E9%BA%A6%E6%9D%8E03.jpg	http://www.dlyj.net/honghuamaili.html
http://pic40.nipic.com/20140412/18249371_121050196119_2.jpg	http://www.nipic.com/show/10127021.html
http://jgc.zafu.edu.cn/static/upload/2013/03/27/%E7%B2%89%E8%8A%B1%E9%87%8D%E7%93%A3%E9%BA%A6%E6%9D%8EPrunus%20glandulosa%20var.%20sinensis%20(6).jpg	http://jgc.zafu.edu.cn/articles/40/388/
http://img2.ph.126.net/7DDxWqjWAlOEpZZ_ouRBOQ==/6608180331655195409.jpg	http://harbincathy0314like.lofter.com/post/2f22d2_11887f3
http://www.dlyj.net/images/%E7%BA%A2%E8%8A%B1%E9%BA%A6%E6%9D%8E05.jpg	http://www.dlyj.net/honghuamaili.html
http://jgc.zafu.edu.cn/static/upload/2013/03/27/%E7%B2%89%E8%8A%B1%E9%87%8D%E7%93%A3%E9%BA%A6%E6%9D%8EPrunus%20glandulosa%20var.%20sinensis%20(12)_thumb.jpg	http://jgc.zafu.edu.cn/articles/40/388/
http://a1.att.hudong.com/06/14/20200000013920144766143415065_s.jpg	http://www.baike.com/wiki/%E9%BA%A6%E6%9D%8E
http://pic.pimg.tw/hanasaga/1382337883-3339078354.jpg	http://hanasaga.pixnet.net/blog/post/279256916-%E8%B3%9E%E8%8A%B1-%E9%87%8D%E7%93%A3%E9%BA%A5%E6%9D%8E
http://s1.sinaimg.cn/mw690/001sXXrFgy6RB6hLfhK20&690	http://blog.sina.com.cn/s/blog_501e41670102vd97.html
http://s10.sinaimg.cn/mw690/001sXXrFgy6RBdz26Vj39&690	http://blog.sina.com.cn/s/blog_501e41670102vd9e.html
http://s15.sinaimg.cn/mw690/001sXXrFgy6RB6kTQaGee&690	http://blog.sina.com.cn/s/blog_501e41670102vd97.html
http://pic1.huashichang.com/2016/0503/21/5728ad86359df.jpg	http://www.aihuhua.com/tupian/tupiann7v.html
http://www.yuhuagu.com/uploads/allimg/120623/10-120623135H5.jpg	http://www.yuhuagu.com/ktsh/3398.html
http://img3.qianzhan123.com/news/201401/06/20140106-15ff8a1a1c8eae11.jpg	http://ent.qianzhan.com/detail/140106-d62bd2f2.html
http://pic40.nipic.com/20140412/18249371_124724261191_2.jpg	http://www.nipic.com/show/10127000.html
http://pic1.huashichang.com/2016/0503/21/5728ad8b36c55.jpg	http://www.aihuhua.com/tupian/tupiann7v.html
http://s16.sinaimg.cn/mw690/001sXXrFgy6RB6kKjlZ6f&690	http://blog.sina.com.cn/s/blog_501e41670102vd97.html
http://s13.sinaimg.cn/mw690/0019IvuWzy6HCgUgjxO7c&690	http://blog.sina.com.cn/s/blog_3f2a280a0101qdc4.html
http://s2.zimgs.cn/ims?kt=url&at=ori&key=aHR0cDovL2EuaGlwaG90b3MuYmFpZHUuY29tL2JhaWtlL3MlM0QyMjAvc2lnbj1mNjhjMWM5NDBlMzM4NzQ0OThjNTI4N2U2MTBkZDkzNy9hZGFmMmVkZGEzY2M3Y2Q5OGRiODc2MWQzYjAxMjEzZmI5MGU5MTU4LmpwZw==&sign=yx:n_Ew0_mGyWd4at8EVK4CbZ7A2_E=&tv=0_0&x.jpg	http://www.baike.com/wiki/%E9%BA%A6%E6%9D%8E
https://cbu01.alicdn.com/img/ibank/2010/074/037/191730470_2009735688.220x220.jpg	http://www.1688.com/jiage/-C2F3C0EE.html
http://img1.xfwed.com/images/imagesfolder/201505/C635677119263658750.jpg	http://www.xfwed.com/ketang/mingxingzinv/20150573690_all.html
http://www.5djiaren.com/uploads/2015-12/19-083651_654.jpg	http://www.5djiaren.com/ndmx/201606/19891.html
http://img001.zgggw.com/20170622/bee636e5528875e3a307d0d6e73e0708.jpg	http://www.zgggw.com/dapei/201706/23670.html
http://upload.qlwb.com.cn/2016/0613/1465804874207.jpg	http://yule.qlwb.com.cn/2016/0613/645256.shtml
http://a2.att.hudong.com/07/90/01300001373200133058900229857_s.jpg	http://www.baike.com/wiki/%E7%99%BD%E8%8A%B1%E9%87%8D%E7%93%A3%E9%BA%A6%E6%9D%8E
http://uploads.gz2010.cn/allimg/151205/1P5052594-0.png	http://www.gz2010.cn/a/201512/23403.html
http://a0.att.hudong.com/08/94/20300001128119142492948427765_s.jpg	http://www.baike.com/wiki/%E6%B3%95%E5%9B%BE%E9%BA%A6%C2%B7%E6%9D%8E
http://img1.xfwed.com/images/imagesfolder/201505/C635677119683033750.png	http://www.xfwed.com/ketang/mingxingzinv/20150573690_all.html
http://www.wed114.cn/jiehun/uploads/allimg/140613/41_140613174508_1.jpg	http://blog.sina.com.cn/s/blog_d152b82a0101hz0z.html
http://s13.sinaimg.cn/mw690/0019IvuWzy6HCgU1uTW7c&690	http://blog.sina.com.cn/s/blog_3f2a280a0101qdc4.html
http://photocdn.sohu.com/20131224/Img392296663.jpg	http://roll.sohu.com/20131224/n392296656.shtml
http://cdn.pic.jianliw.com/cpic/79/53/8e337e19eff9120cb2ab253b047a5379.jpg	http://www.jianliw.com/20456.html
http://www.zyitv.com/uploads/allimg/160704/160R1L44-0.jpg	http://www.zyitv.com/article/201607/04137873.html
http://www.woyewan.net/uploads/allimg/140615/1-140615160319624.jpg	http://www.woyewan.net/yule/0615/26822.html
http://s15.sinaimg.cn/mw690/55afdfe5gd8f88991f7ce&690	http://blog.sina.com.cn/s/blog_55afdfe50102eb9v.html
http://s4.sinaimg.cn/mw690/001sXXrFgy6RBdxYETx63&690	http://blog.sina.com.cn/s/blog_501e41670102vd9e.html
http://baike.xitaizi.com/upfiles/allimg/c150123/1421c55F5E10-c121.jpg	http://baike.xitaizi.com/yulebagua/27636.html
https://cbu01.alicdn.com/img/ibank/2012/938/543/518345839_2009735688.310x310.jpg	https://www.1688.com/pic/-C2F3C0EE.html
http://img.yxbao.com/news_img/201401/06/1388980619_1.jpg	http://www.yxbao.com/xw/72780.html
http://s10.sinaimg.cn/mw690/001sXXrFgy6RBJdgoKR29&690	http://blog.sina.com.cn/s/blog_501e41670102vd9e.html
http://img4.cache.netease.com/lady/2013/2/17/201302171923054d548.jpg	http://baby.163.com/13/0218/13/8O0F8T6J00262USS.html
http://s13.sinaimg.cn/mw690/001sXXrFgy6RBdw5MCw0c&690	http://blog.sina.com.cn/s/blog_501e41670102vd9e.html
https://cbu01.alicdn.com/img/ibank/2015/751/298/2327892157_803835723.310x310.jpg	https://www.1688.com/pic/-C2F3C0EE.html
http://img1.xfwed.com/images/imagesfolder/201505/C635677120360377500.jpg	http://www.xfwed.com/ketang/mingxingzinv/20150573690_all.html
https://cbu01.alicdn.com/img/ibank/2015/829/243/2442342928_658182387.310x310.jpg	https://www.1688.com/pic/-C2F3C0EE.html
http://s2.zimgs.cn/ims?kt=url&at=ori&key=aHR0cDovL2QuaGlwaG90b3MuYmFpZHUuY29tL2JhaWtlL3MlM0QyMjAvc2lnbj04MzIwYTZmNGI4YTFjZDExMDFiNjc1MjI4OTEwYzhiMC9hNTBmNGJmYmZiZWRhYjY0NzhiMzBmMDRmNTM2YWZjMzc4MzExZTM0LmpwZw==&sign=yx:I7Ygrb7q2KiNZsZg5usVBKnT36w=&tv=0_0&x.jpg	http://www.baike.com/wiki/%E9%BA%A6%E6%9D%8E
http://s7.sinaimg.cn/mw690/0019IvuWzy6HCgUQLQy56&690	http://blog.sina.com.cn/s/blog_3f2a280a0101qdc4.html
http://a2.att.hudong.com/64/13/20300543177300143219133344940_s.jpg	http://www.baike.com/wiki/%E6%B3%95%E5%9B%BE%E9%BA%A6
http://s13.sinaimg.cn/mw690/001sXXrFgy6VwGaLJNi0c&690	http://blog.sina.com.cn/s/blog_501e41670102vsfs.html
http://s6.sinaimg.cn/mw690/001sXXrFgy6RBdz8ssd55&690	http://blog.sina.com.cn/s/blog_501e41670102vd9e.html
http://www.168kk.com/uploads/allimg/160428/15-16042Q62043.jpg	http://www.168kk.com/yule/2016/0428/148546.html
http://img1.utuku.china.com/600x0/ent/20170307/d9ba2e35-b711-4c9c-9b25-5fb2ace38f0d.jpg	http://ent.china.com/gundong/11015422/20170307/30305474.html
http://s7.sinaimg.cn/mw690/0019IvuWzy6HH2iCLSSf6&690	http://blog.sina.com.cn/s/blog_3f2a280a0101qdc4.html
http://s5.sinaimg.cn/mw690/501e4167gdad521f74344&690	http://blog.sina.com.cn/s/blog_501e41670102epyw.html
http://s5.sinaimg.cn/mw690/001sXXrFgy6RBdw0YEQf4&690	http://blog.sina.com.cn/s/blog_501e41670102vd97.html
http://s11.sinaimg.cn/mw690/001ROMKqgy6Tt9LuGXEba&690	http://blog.sina.com.cn/s/blog_66019f9e0102vj5c.html
http://cdn.pic.jianliw.com/cpic/3a/34/e5bf90f2085e01fc090e89207766343a.jpg	http://www.jianliw.com/20456.html
http://s13.sinaimg.cn/mw690/0019IvuWzy6HCgU90kc1c&690	http://blog.sina.com.cn/s/blog_3f2a280a0101qdc4.html
http://www.168kk.com/uploads/allimg/160428/15-16042Q62020.jpg	http://www.168kk.com/yule/2016/0428/148546_2.html
http://s14.sinaimg.cn/mw690/55afdfe5gd8f887c823bd&690	http://blog.sina.com.cn/s/blog_55afdfe50102eb9v.html
http://www.neipet.com/wp-content/uploads/2016/07/%E9%BA%A6%E6%9D%8E-210x210.png	http://www.neipet.com/maili/
https://www.huabaike.com/uploads/allimg/artimg/201608/20160811172231_50086.jpg	https://www.huabaike.com/hyjk/4968.html
http://www.21cbi.com/upload/201610/25/147737469330.jpg	http://m.21cbi.com/s/1/283414.html
https://www.huabaike.com/uploads/allimg/artimg/201708/20170814171259_64632.jpg	https://www.huabaike.com/yhjq/10460.html
https://www.huabaike.com/uploads/allimg/sltimg/201708/5991690bc2194.jpg	https://www.huabaike.com/yhjq/10460.html
http://www.168kk.com/uploads/allimg/160428/15-16042Q62036.jpg	http://www.168kk.com/yule/2016/0428/148546.html
http://pic1.huashichang.com/2016/0503/21/5728ad85c93cc.jpg	http://www.aihuhua.com/tupian/tupiann7v.html
https://img.laonanren.com/upload/2014_02/14022314033904.jpg	https://www.laonanren.com/news/2014-02/73260.htm
http://s15.sinaimg.cn/mw690/0029Dvdfzy7a50JieD42e&690	http://blog.sina.com.cn/s/blog_9d46d69c0102x43t.html
http://s10.sinaimg.cn/mw690/501e4167gdad52ffb9549&690	http://blog.sina.com.cn/s/blog_501e41670102epyw.html
http://www.huayugu.com.cn/uploads/allimg/160503/1-1605032342530-L.jpg	http://www.huayugu.com.cn/maili/
https://gss0.bdstatic.com/94o3dSag_xI4khGkpoWK1HF6hhy/baike/s%3D220/sign=90a6f95e033b5bb5bad727fc06d2d523/2e2eb9389b504fc26df048f0e5dde71191ef6d9c.jpg	https://baike.baidu.com/item/%E7%B2%89%E8%8A%B1%E9%87%8D%E7%93%A3%E9%BA%A6%E6%9D%8E
http://pic1.huashichang.com/2016/0503/21/5728ad8a23fd7.jpg	http://www.aihuhua.com/tupian/tupiann7v.html
http://star.xiziwang.net/uploads/allimg/141110/19_141110211541_3.jpg	http://star.xiziwang.net/mingxingzixun/12578/
https://cbu01.alicdn.com/img/ibank/2015/083/047/1931740380_658182387.220x220.jpg	http://www.1688.com/jiage/-C2F3C0EE.html
http://pic40.nipic.com/20140412/18249371_124040623131_2.jpg	http://www.nipic.com/show/10127017.html
http://www.wed114.cn/jiehun/uploads/allimg/140613/41_140613174508_2.jpg	http://blog.sina.com.cn/s/blog_d152b82a0101hz0z.html
http://a0.att.hudong.com/47/57/01300000291092127029574731920_s.jpg	http://www.baike.com/wiki/%E6%B3%95%E5%9B%BE%E9%BA%A6%C2%B7%E6%9D%8E
https://www.huabaike.com/uploads/allimg/artimg/201708/20170814171311_56326.jpg	https://www.huabaike.com/yhjq/10460.html
http://s1.x.xwtoutiao.cn/FrrirThlZ0wLx_jInUodvRs5mUIw	http://www.xwtoutiao.cn/p/4qjkadkz/
http://puui.qpic.cn/qqvideo_ori/0/g0360keaw8j_496_280/0	http://v.qq.com/x/search/?stag=txt.playpage.vppdesc&q=%E6%B3%95%E5%9B%BE%E9%BA%A6%C2%B7%E6%9D%8E
http://www.huayugu.com.cn/uploads/allimg/160503/1-1605032331350-L.jpg	http://www.huayugu.com.cn/maili/
http://www.huayugu.com.cn/uploads/allimg/160503/1-1605032330120-L.jpg	http://www.huayugu.com.cn/maili/
http://www.zgwxbbs.com/uploads/allimg/161011/11-161011110112.jpg	http://www.zgwxbbs.com/yulexinwen/mingxingbagua/6096.html
http://s7.sinaimg.cn/mw690/0029Dvdfzy7a8kQh9Bk66&690	http://blog.sina.com.cn/s/blog_9d46d69c0102x43t.html
http://s10.sinaimg.cn/mw690/0029Dvdfzy7a8kUfsH769&690	http://blog.sina.com.cn/s/blog_9d46d69c0102x43t.html
http://s14.sinaimg.cn/mw690/002760qzzy6RAMjl8uN9d&690	http://blog.sina.com.cn/s/blog_7376486f0102vyn8.html
https://gss1.bdstatic.com/9vo3dSag_xI4khGkpoWK1HF6hhy/baike/w%3D400/sign=1e4e35088826cffc692abeb289004a7d/f3d3572c11dfa9ec2318158668d0f703918fc169.jpg	https://baike.baidu.com/item/%E9%BA%A6%E6%9D%8E
http://5b0988e595225.cdn.sohucs.com/images/20170719/003843cd865f49c3a8f9d9c70526d8f6.jpeg	http://www.sohu.com/a/158458450_516589
http://img3.utuku.china.com/448x0/ent/20170307/6f32c4c7-f1dc-4ec7-99af-33653da245a6.jpg	http://ent.china.com/gundong/11015422/20170307/30305474.html
http://i.shangc.net/allimg/150806/9-150P6233019.jpg	http://g.shangc.net/m/63385-2.html
http://i3.go2yd.com/image.php?url=0BUEdo01	http://city.igdzc.com/a/20151203/60327.html
https://cbu01.alicdn.com/img/product/82/96/87/82968708.220x220.jpg	http://www.1688.com/jiage/-C2F3C0EE.html
http://www.zhiwutong.com/tu/cvh/xkzx/xk004/000363.jpg	http://www.zhiwutong.com/latin/Rosaceae/Cerasus-glandulosa-Thunb-Lois.htm
http://s6.sinaimg.cn/mw690/001sXXrFgy6VwGaRp3L85&690	http://blog.sina.com.cn/s/blog_501e41670102vsfs.html
http://www.21cbi.com/upload/201610/25/147737469118.jpg	http://m.21cbi.com/s/1/283414.html
http://g0.hexunimg.cn/2014-01-07/161226269.jpg	http://news.hexun.com/2014-01-07/161226242_26.html
