
http://a2.att.hudong.com/50/71/01300000252101122517718834648.jpg	http://tupian.baike.com/a2_50_71_01300000252101122517718834648_jpg.html
http://a4.att.hudong.com/63/85/01300000252101122517854431167.jpg	http://tupian.baike.com/a4_63_85_01300000252101122517854431167_jpg.html
http://s16.sinaimg.cn/mw690/49a4b55dhd4826a38ad5f&690	http://blog.sina.com.cn/s/blog_49a4b55d0102e8p7.html
http://www.baihuamen.com/d/file/2014/05-25/e2d643cdac2a576ddc807f126a616d87.jpg	http://www.baihuamen.com/xuanlinghua/
http://www.yuhuagu.com/uploads/allimg/130514/10-130514205031.jpg	http://www.yuhuagu.com/ktsh/7806.html
http://www.wbg.cas.cn/kxcb/mrhx/khzw/200911/W020091105483450947002.jpg	http://www.wbg.cas.cn/kxcb/mrhx/khzw/200911/t20091105_2648207.html
http://a0.att.hudong.com/35/80/01300000012653118888038294535_s.jpg	http://www.baike.com/wiki/%E7%BA%B9%E7%93%A3%E6%82%AC%E9%93%83%E8%8A%B1
http://s1.sinaimg.cn/mw690/001XQ5mpgy6ZUfm7xRe30&690	http://blog.sina.com.cn/s/blog_6b4f2a710102war3.html
http://www.baihuamen.com/d/file/2014/05-25/d8917ca5762fcc3e8b7d03ac8340b9ad.jpg	http://www.baihuamen.com/xuanlinghua/
http://flower.ag365.com/flower/UploadPic/2006-11/2006111311849982.jpg	http://mh-nd.com/shopxp_news_w.asp?id=1034
https://www.huabaike.com/uploads/allimg/sltimg/201605/573442acad210.jpg	https://www.huabaike.com/mbzw/3339.html
http://a0.att.hudong.com/46/07/20300543140711144620078137008_s.jpg	http://www.baike.com/wiki/%E5%B0%8F%E6%82%AC%E9%93%83%E8%8A%B1
http://s13.sinaimg.cn/mw690/002eWvsOgy6Yw8VII44dc&690	http://blog.sina.com.cn/s/blog_7a5f7d460102waw3.html
http://s6.sinaimg.cn/mw690/002GTpEAgy6Kn2EVOC135&690	http://blog.sina.com.cn/s/blog_994d83040102vsw3.html
http://piccdn.pptfans.cn/2016/12/23/pptfans_201612230823256d2684711f.jpg	http://tupian.pptfans.cn/p/12250.html/pptfans_201612230823256d2684711f
http://img.mp.itc.cn/upload/20160421/ac5fe74426644ecbbe6a57126452dbdf_th.png	https://m.ltzg.com.cn/news/148885.html
http://photo.renwen.com/0/162/16213_1352942873973333_s.jpg	http://www.renwen.com/wiki/%E6%82%AC%E9%93%83%E8%8A%B1
http://a2.att.hudong.com/07/79/01300000252101122517799299553_s.jpg	http://www.taici.org/youxi/5oKs6ZOD6Iqx.html
http://s12.sinaimg.cn/mw690/001kvVkAgy6IPh1dwnx7b&690	http://blog.sina.com.cn/s/blog_48ac8e080101e5o1.html
http://img05.tooopen.com/images/20150317/tooopen_sy_82727015917.jpg	http://www.tooopen.com/view/827270.html
http://s11.sinaimg.cn/middle/66019f9ena856ac920aca&690	http://blog.sina.com.cn/s/blog_66019f9e0102dref.html
http://p.d1xz.net/2014/7/2/162793669366.jpg	http://www.d1xz.net/astro/huayu/art55689.aspx
http://a2.att.hudong.com/02/52/01300542392970147800523731707_s.png	http://www.baike.com/wiki/%E5%9E%82%E8%8A%B1%E6%82%AC%E9%93%83%E8%8A%B1
http://a0.att.hudong.com/45/52/01300542392970147800520669956_s.jpg	http://www.baike.com/wiki/%E5%9E%82%E8%8A%B1%E6%82%AC%E9%93%83%E8%8A%B1
http://s4.sinaimg.cn/mw690/001xiLqHzy77QrtEmszf3&690	http://blog.sina.com.cn/s/blog_53efcb930102wzij.html
http://img2.xiazaizhijia.com/walls/20150318/1440x900_01813fd3ba3b824.jpg	http://www.xiazaizhijia.com/bizhi/22863.html
http://a4.att.hudong.com/88/51/01300542392970147800516799301_s.jpg	http://www.baike.com/wiki/%E5%9E%82%E8%8A%B1%E6%82%AC%E9%93%83%E8%8A%B1
http://pic16.nipic.com/20110818/128199_182642780000_2.jpg	http://www.nipic.com/show/1/44/4980130k5f78f1f6.html
http://s16.sinaimg.cn/mw690/49a4b55dhd4826f1441ff&690	http://blog.sina.com.cn/s/blog_49a4b55d0102e8p7.html
https://gss3.bdstatic.com/-Po3dSag_xI4khGkpoWK1HF6hhy/baike/s%3D220/sign=69c6886ffbd3572c62e29bdeba126352/2934349b033b5bb5aafdff783fd3d539b600bc0a.jpg	https://baike.baidu.com/item/%E7%BA%B9%E7%93%A3%E6%82%AC%E9%93%83%E8%8A%B1
http://bbs.cfh.ac.cn/attachment.aspx?attachmentid=709	http://bbs.cfh.ac.cn/showtopic-573.aspx
http://a1.att.hudong.com/77/07/01100000000000144730070140314_s.jpg	http://www.baike.com/wiki/%E6%82%AC%E9%93%83%E8%8A%B1
http://s3.sinaimg.cn/mw690/49a4b55dhd482671a55a2&690	http://blog.sina.com.cn/s/blog_49a4b55d0102e8p7.html
http://a1.att.hudong.com/32/44/20300542392970147800448984074_s.jpg	http://www.baike.com/wiki/%E5%9E%82%E8%8A%B1%E6%82%AC%E9%93%83%E8%8A%B1
http://www.weisanli.com/images/courtyard/upfile/20090219131517.jpg	http://www.weisanli.com/courtyard/636/malvaviscus-arboreus
https://www.huabaike.com/uploads/allimg/sltimg/201605/5732fa90484b7.jpg	https://www.huabaike.com/mbzw/3339.html
http://a3.att.hudong.com/72/06/01300001198437130493065142442_s.jpg	http://www.baike.com/wiki/%E6%82%AC%E9%93%83%E8%8A%B1%E5%B1%9E
http://a4.att.hudong.com/24/89/01300544000468147884895440813_s.jpg	http://www.baike.com/wiki/%E6%82%AC%E9%93%83%E8%8A%B1%E5%B1%9E
http://a0.att.hudong.com/42/07/01100000000000144730070169654_s.jpg	http://www.baike.com/wiki/%E6%82%AC%E9%93%83%E8%8A%B1
https://www.huabaike.com/uploads/allimg/sltimg/201605/5732f945172cd.jpg	https://www.huabaike.com/mbzw/3339.html
https://www.huabaike.com/uploads/allimg/sltimg/201605/573444ce03272.jpg	https://www.huabaike.com/jtyh/3355.html
http://2.bp.blogspot.com/-U6agmUB59sA/U-HF36o8a5I/AAAAAAAAANA/D8xaNxe0_vo/s1600/IMG_1110.jpg	http://alittlebitofsilence.blogspot.com/2014/08/malvaviscus-arboreus.html
https://www.huabaike.com/uploads/allimg/artimg/201605/20160511172652_12991.jpg	https://www.huabaike.com/jtyh/3348.html
https://www.huabaike.com/uploads/allimg/artimg/201605/20160511172627_35708.jpg	https://www.huabaike.com/jtyh/3348.html
https://www.huabaike.com/uploads/allimg/artimg/201605/20160512165001_39984.jpg	https://m.huabaike.com/yhjq/3360.html
http://img1.itiexue.net/642/6427357.jpg	http://bbs.tiexue.net/post_2388789_1.html
https://www.huabaike.com/uploads/allimg/sltimg/201605/5734433feea4e.jpg	https://www.huabaike.com/yhjq/3360.html
https://www.huabaike.com/uploads/allimg/artimg/201605/20160512164936_36317.jpg	https://www.huabaike.com/yhjq/3360.html
https://www.huabaike.com/uploads/allimg/artimg/201605/20160511172704_19873.jpg	https://www.huabaike.com/jtyh/3348.html
http://a1.att.hudong.com/64/52/01300542392970147800526904285_s.png	http://www.baike.com/wiki/%E5%9E%82%E8%8A%B1%E6%82%AC%E9%93%83%E8%8A%B1
https://www.huabaike.com/uploads/allimg/sltimg/201605/5734459dbd9dc.jpg	https://www.huabaike.com/hyjk/3369.html
http://a2.att.hudong.com/75/25/300000764046131727259097484_s.jpg	http://www.baike.com/wiki/%E6%82%AC%E9%93%83%E8%8A%B1
http://s16.sinaimg.cn/mw690/49a4b55dhd4826a25854f&690	http://blog.sina.com.cn/s/blog_49a4b55d0102e8p7.html
http://img.boqiicdn.com/Data/BK/A/1512/8/imagick61691449553243_y.jpg	http://m.boqii.com/entry/detail/2300.html
http://img001.mllres.com//images/upload/%E6%82%AC%E9%93%83%E8%8A%B101.jpg	http://www.meilele.com/article/shipin/41260.html
http://wap.yunmencraft.com/Upload/20170203220002qBgO.jpg	http://wap.yunmencraft.com/index.php/wbxlh/7728.html
http://pic125.nipic.com/file/20170313/13743867_103828236000_2.jpg	http://www.nipic.com/show/16861445.html
http://pic125.nipic.com/file/20170313/13743867_103931510001_2.jpg	http://www.nipic.com/show/16861446.html
http://www.huajiang.cc/uploads/170628/15-1F62Q35134193.jpg	http://m.huajiang.cc/tag/5593.html
http://pic125.nipic.com/file/20170313/13743867_103811747000_2.jpg	http://www.nipic.com/show/16861428.html
http://a2.att.hudong.com/82/07/01100000000000144730070197151_s.jpg	http://www.baike.com/wiki/%E6%82%AC%E9%93%83%E8%8A%B1
http://s6.sinaimg.cn/mw690/49a4b55dhd482565bcad5&690	http://blog.sina.com.cn/s/blog_49a4b55d0102e8p7.html
http://pic125.nipic.com/file/20170313/13743867_103854444000_2.jpg	http://www.nipic.com/show/16861447.html
https://img.lrgarden.com/feed_pic/184/16/1000120504_24294_1490084304.jpg	https://www.lrgarden.com/topic/view/id-1000000785.html
http://img002.mllres.com//images/upload/%E6%82%AC%E9%93%83%E8%8A%B103.jpg	http://www.meilele.com/article/shipin/41260.html
http://img.redocn.com/sheying/20150609/liangduochuihuaxuanlinghua_4491750.jpg	http://sucai.redocn.com/dongwuzhiwu_4491750.html
http://www.neipet.com/wp-content/uploads/2016/06/xuanlinghua-210x210.png	http://www.neipet.com/xuanlinghua/
http://img.boqiicdn.com/Data/BK/A/1512/8/imagick25081449546102_y.jpg	http://m.boqii.com/entry/detail/2300.html
http://s13.sinaimg.cn/mw690/002hhDctzy73ttXNjbu5c&690	http://blog.sina.com.cn/s/blog_7c6f3fe90102wxmc.html
http://img.redocn.com/sheying/20150609/chuihuaxuanlinghua_4491744.jpg	http://sucai.redocn.com/dongwuzhiwu_7442583.html
https://gw.alicdn.com/bao/uploaded/i2/2938199083/TB1KKHpSFXXXXXDaXXXXXXXXXXX_!!2-item_pic.png_230x230.jpg	https://www.taobao.com/oshtml/buy-cn/cp_zsaw6tD8weW7qMXo1NTD5w.html
http://img002.mllres.com//images/upload/%E6%82%AC%E9%93%83%E8%8A%B102.jpg	http://www.meilele.com/article/shipin/41260.html
http://www.gd.xinhuanet.com/newscenter/1119855500_14783132728061n.jpg	http://www.gd.xinhuanet.com/newscenter/2016-11/05/c_1119855500.htm
https://gss3.bdstatic.com/-Po3dSag_xI4khGkpoWK1HF6hhy/baike/s%3D220/sign=98e5184d590fd9f9a417526b152dd42b/8c1001e93901213fcb1379ed5ce736d12f2e95da.jpg	https://baike.baidu.com/item/%E5%9E%82%E8%8A%B1%E6%82%AC%E9%93%83%E8%8A%B1
https://gss1.bdstatic.com/9vo3dSag_xI4khGkpoWK1HF6hhy/baike/s%3D220/sign=9e92811aa9ec8a13101a50e2c7029157/5ab5c9ea15ce36d31c8726c53af33a87e850b140.jpg	https://baike.baidu.com/item/%E6%82%AC%E9%93%83%E8%8A%B1%E5%B1%9E
http://www.gdyuanlin.cn/miaomuimages/%E6%82%AC%E9%93%83%E8%8A%B1.jpg	http://www.gdyuanlin.cn/wikipedia/33575588.html
http://a0.att.hudong.com/75/77/20300000237086143350777379370_s.jpg	http://www.baike.com/wiki/%E7%BA%B9%E7%93%A3%E6%82%AC%E9%93%83%E8%8A%B1
http://s14.sinaimg.cn/middle/66019f9ena856ae3fb27d&690	http://blog.sina.com.cn/s/blog_66019f9e0102dref.html
https://www.huabaike.com/uploads/allimg/sltimg/201605/5734442d904ff.jpg	https://m.huabaike.com/chonghai/3362.html
http://a1.att.hudong.com/32/02/01300543523714147841025814443_s.jpg	http://www.baike.com/wiki/%E5%9E%82%E8%8A%B1%E6%82%AC%E9%93%83%E8%8A%B1
http://d.pmume.com/file/zwbk/2017-07/cfc3b27e4f0a15d587cc89c58a879178.jpg	http://www.pmume.com/zwbk/nn3dm.shtml
https://upload.wikimedia.org/wikipedia/commons/5/58/Malvaviscus_penduliflorus_at_Aanakkulam.jpg	https://zh.wikipedia.org/wiki/%E6%82%AC%E9%93%83%E8%8A%B1%E5%B1%9E
http://202.116.160.98:8000/course/ylshmx/tpzy/%E6%A0%A1%E5%9B%AD%E6%A4%8D%E7%89%A9/%E6%A0%A1%E5%9B%AD%E6%A4%8D%E7%89%A9/nEO_IMG_%E9%94%A6%E8%91%B5%E7%A7%91-%E6%82%AC%E9%93%83%E8%8A%B1.jpg	http://202.116.160.98:8000/course/ylshmx/tpzy/%E6%A0%A1%E5%9B%AD%E6%A4%8D%E7%89%A9/%E6%A0%A1%E5%9B%AD%E6%A4%8D%E7%89%A9/page_6.htm
http://s3.sinaimg.cn/mw690/49a4b55dhd48255919432&690	http://blog.sina.com.cn/s/blog_49a4b55d0102vilv.html
http://s8.sinaimg.cn/mw690/49a4b55dhd4825c0e07c7&690	http://blog.sina.com.cn/s/blog_49a4b55d0102vilv.html
http://s1.sinaimg.cn/mw690/49a4b55dhd4825aa8dff0&690	http://blog.sina.com.cn/s/blog_49a4b55d0102vilv.html
http://img17.3lian.com/d/file/201702/20/3c290e86b53f024420b06be2582059b7.jpg	http://www.rwxzc.com/gif/2017/02-20/151214.html
http://www.huayugu.com.cn/uploads/allimg/161016/1-161016212S90-L.jpg	http://www.huayugu.com.cn/xuanlinghua/20899.html
http://www.huayugu.com.cn/uploads/allimg/161016/1-1610162123340-L.jpg	http://www.huayugu.com.cn/xuanlinghua/
http://pic38.nipic.com/20140228/11388144_160534273000_2.jpg	http://www.nipic.com/show/9826467.html
http://www.gd.xinhuanet.com/newscenter/1119855500_14783132729151n.jpg	http://www.gd.xinhuanet.com/newscenter/2016-11/05/c_1119855500.htm
http://s3.sinaimg.cn/mw690/002eWvsOgy6Yw8X7TGOb2&690	http://blog.sina.com.cn/s/blog_7a5f7d460102waw3.html
http://pic.xeeok.com/uploads/20170410/201704101107301907/258104_003.jpg	http://www.xeeok.com/wangluo_detail_16421_3.html
http://img.jiuzheng.com/baike/s/57/98/5798aa738f1e035f358b45b4.jpg	http://www.jiuzheng.com/baike-detail/id-68587.html
http://s2.zimgs.cn/ims?kt=url&at=ori&key=aHR0cDovL2EuaGlwaG90b3MuYmFpZHUuY29tL2JhaWtlL3MlM0QyMjAvc2lnbj0zZTkyNTRjMWI0MDAzYWYzNDliYWRiNjIwNTJiYzYxOS9lNGRkZTcxMTkwZWY3NmM2YWZhZTRmZTM5ZjE2ZmRmYWFlNTE2N2ZkLmpwZw==&sign=yx:fcjQpvuyvBri6Z9VgIulwrMtbI0=&tv=0_0&x.jpg	http://www.baike.com/wiki/%E6%82%AC%E9%93%83%E8%8A%B1
http://s9.sinaimg.cn/mw690/002eWvsOgy6Yw8WDMBq38&690	http://blog.sina.com.cn/s/blog_7a5f7d460102waw3.html
http://img.ivsky.com/img/tupian/pre/201512/22/malvaviscus_rrboreus-008.jpg	http://www.ivsky.com/tupian/malvaviscus_rrboreus_v33688/pic_568938.html
https://gw.alicdn.com/bao/uploaded/i3/TB16LCRGXXXXXb2XXXXXXXXXXXX_!!2-item_pic.png_230x230.jpg	https://www.taobao.com/article/A-CmDvBbC_GACODN.html
http://www.huayugu.com.cn/uploads/allimg/161016/1-1610162132110-L.jpg	http://www.huayugu.com.cn/xuanlinghua/
http://www.bz55.com/uploads/allimg/160321/140-160321152G1.jpg	http://m.bz55.com/32313.html
