
http://b2b.image.yuanlin.com/biz/2012-3/20123301521464562.jpg	http://www.yuanlin.com/b2b/sell_detail_178892.html
http://www.wdptj.com/wp-content/uploads/2014/11/%E7%BA%A2%E4%B8%81%E9%A6%99.jpg	http://www.wdptj.com/hongdingxiang/
http://img.boqiicdn.com/Data/BK/P/imagick8121451898935.jpg	http://www.boqii.com/entry/detail/2387.html
http://www.wdptj.com/wp-content/uploads/2014/11/%E7%BA%A2%E4%B8%81%E9%A6%995.jpg	http://www.wdptj.com/hongdingxiang/
http://www.huayugu.com.cn/uploads/allimg/160628/1-16062Q42U70-L.jpg	http://www.huayugu.com.cn/hongdingxiang/
http://img.boqiicdn.com/Data/BK/A/1601/4/imagick56961451878830_y.jpg	http://www.boqii.com/entry/detail/2387.html
http://a3.att.hudong.com/46/67/01100000000000144735679696718_s.jpg	http://www.baike.com/wiki/%E7%BA%A2%E4%B8%81%E9%A6%99
http://www.huayugu.com.cn/uploads/allimg/160628/1-16062Q434250-L.jpg	http://www.huayugu.com.cn/hongdingxiang/
http://a2.att.hudong.com/87/67/01100000000000144735679862627_s.jpg	http://www.baike.com/wiki/%E7%BA%A2%E4%B8%81%E9%A6%99
https://gss1.bdstatic.com/9vo3dSag_xI4khGkpoWK1HF6hhy/baike/s%3D220/sign=ec1540d23301213fcb3349de64e736f8/cdbf6c81800a19d8dd3bf00e39fa828ba61e4684.jpg	https://baike.baidu.com/item/%E7%BA%A2%E4%B8%81%E9%A6%99
https://cdn.pixabay.com/photo/2016/05/12/20/30/lilac-1388606_960_720.jpg	https://pixabay.com/zh/%E7%B4%AB%E4%B8%81%E9%A6%99-%E7%BA%A2%E8%89%B2-%E7%BA%A2%E4%B8%81%E9%A6%99-%E5%BC%80%E8%8A%B1-%E7%9B%9B%E5%BC%80-%E5%88%86%E6%94%AF%E6%9C%BA%E6%9E%84-%E7%B4%AB%E4%B8%81%E9%A6%99%E8%8A%B1-%E6%98%A5%E5%A4%A9-1388606/
http://pic4.55jia.net/fengshuizhiwu/54/a328774.jpg	http://www.55jia.net/75/322000.html
https://www.cmeii.com/uploads/allimg/160908/1-160ZPU003226.jpg	https://www.cmeii.com/huaguanmulei/2532.html
http://www.21cbi.com/upload/201609/23/147460644473.jpg	http://m.21cbi.com/s/1/87363.html
http://www.huayugu.com.cn/uploads/allimg/160628/1-16062Q43P30-L.jpg	http://www.huayugu.com.cn/hongdingxiang/
http://www.neipet.com/wp-content/uploads/2016/07/%E7%BA%A2%E4%B8%81%E9%A6%99.png	http://www.neipet.com/hongdingxiang/
https://gss0.bdstatic.com/94o3dSag_xI4khGkpoWK1HF6hhy/baike/s%3D220/sign=deeba6489e510fb37c197095e932c893/b21c8701a18b87d61f5943ee070828381f30fd2c.jpg	https://baike.baidu.com/item/%E7%BA%A2%E4%B8%81%E9%A6%99
http://www.sygxyl.com/upLoad/product/month_1705/201705120929195597.jpg	http://www.sygxyl.com/content/?1228.html
http://image82.360doc.com/DownloadImg/2015/02/1321/50159407_1.jpg	http://www.360doc.com/content/15/0213/21/16967035_448442965.shtml
http://www.21cbi.com/upload/201609/23/147460644368.jpg	http://m.21cbi.com/s/1/87363.html
http://www.huamu.cn/upload/Supply/201610301925195932.jpg	http://www.wdytn.com/www_huamu_cn/product_710.html
http://a3.att.hudong.com/68/67/01100000000000144735679765627_s.jpg	http://www.baike.com/wiki/%E7%BA%A2%E4%B8%81%E9%A6%99
http://pic4.55jia.net/fengshuizhiwu/04/a328814.jpg	http://www.55jia.net/75/322000.html
http://www.sygxyl.com/upLoad/product/month_1705/201705120929268432.jpg	http://www.sygxyl.com/content/?1228.html
http://www.wdptj.com/wp-content/uploads/2014/11/%E7%BA%A2%E4%B8%81%E9%A6%992.jpg	http://www.wdptj.com/hongdingxiang/
https://www.cmeii.com/uploads/allimg/160908/1-160ZPU235912.jpg	https://www.cmeii.com/huaguanmulei/2532.html
http://images.nongmiao.com/big/trade/2016/02/27/16022714105351.jpg	http://www.nongmiao.com/senyuan/supplydetail-759874.html
http://www.1nongjing.com/uploads/allimg/170810/1876-1FQ016453I23.jpg	http://net.1nongjing.com/a/201708/195489.html
http://st.depositphotos.com/1010176/4147/i/950/depositphotos_41477565-stock-photo-red-cloves.jpg	http://cn.depositphotos.com/41477565/stock-photo-red-cloves.html
https://cdn.huaniaoy.cn/20160201/original/1454257508369.jpg@!pic280zw	https://www.huaniaoy.com/yangzhifangfa/904/
http://st.depositphotos.com/1010176/1413/i/950/depositphotos_14139728-stock-photo-red-cloves.jpg	http://cn.depositphotos.com/14139728/stock-photo-red-cloves.html
http://218.200.230.40:18089/files/resize/album/2016-03-18/1603181150475012.jpg?280x280	http://www.migu.cn/music/detail/20000000060056517030.html
http://gw.alicdn.com/bao/uploaded/i3/24910748/TB2__djbbBmpuFjSZFuXXaG_XXa_!!24910748.jpg_200x200.jpg_.webp	https://m.taobao.com/article/ErB6B3BgEAExESC9.html
http://www.sygxyl.com/upLoad/product/month_1705/201705120929359264.jpg	http://www.sygxyl.com/content/?1228.html
http://pic4.55jia.net/fengshuizhiwu/57/a328793.jpg	http://www.55jia.net/75/322000.html
http://a3.att.hudong.com/03/67/01100000000000144735679563233_s.jpg	http://www.baike.com/wiki/%E7%BA%A2%E4%B8%81%E9%A6%99
http://www.1nongjing.com/uploads/allimg/170810/1876-1FQ0164553Z5.png	http://net.1nongjing.com/a/201708/195489.html
http://pic1.huashichang.com/2015/0606/14/55728f0f5be1d.jpg	http://www.aihuhua.com/tupian/tupianbd5.html
http://www.wdptj.com/wp-content/uploads/2014/11/%E7%BA%A2%E4%B8%81%E9%A6%994.jpg	http://www.wdptj.com/hongdingxiang/
https://upload.wikimedia.org/wikipedia/commons/thumb/5/5a/Syringa_bretschneideri_136-8292.jpg/1200px-Syringa_bretschneideri_136-8292.jpg	https://zh.wikipedia.org/wiki/%E7%BA%A2%E4%B8%81%E9%A6%99
http://st.depositphotos.com/1010176/1445/i/450/depositphotos_14450971-stock-photo-red-cloves.jpg	http://cn.depositphotos.com/14450971/stock-photo-red-cloves.html
http://www.huayugu.com.cn/uploads/allimg/160628/1-16062Q432560-L.jpg	http://www.huayugu.com.cn/hongdingxiang/
http://www.wdptj.com/wp-content/uploads/2014/11/%E7%BA%A2%E4%B8%81%E9%A6%991.jpg	http://www.wdptj.com/hongdingxiang/
https://cdn.huaniaoy.cn/20151223/original/1450813642711.jpg@!picb	https://www.huaniaoy.com/yangzhifangfa/904/
http://plantnote.com/d/file/2017-03-07/7a6456ce908e5e77fa84af83bb31e621.jpg	http://plantnote.com/skill/593.html
http://www.dlyj.net/images/%E7%BA%A2%E4%B8%81%E9%A6%9902.jpg	http://www.dlyj.net/hongdingxiang.html
http://pic1.win4000.com/pic/b/30/2d541331302.jpg	http://www.win4000.com/meinv111473_5.html
http://www.51hm.cn/zwpic/%E9%9B%AA%E8%8C%84%E8%8A%B11.jpg	http://www.51hm.cn/zw/zwshow.asp?zwid=2255
http://www.cnispunion.org/edit/uploadfile/20167/2016-7-12-9-50-8.jpg	http://www.cnispunion.org/News_View.asp?NewsID=639
http://www.dlyj.net/images/%E7%BA%A2%E4%B8%81%E9%A6%9901.jpg	http://www.dlyj.net/hongdingxiang.html
http://www.1nongjing.com/uploads/allimg/170810/1876-1FQ016460OW.jpg	http://net.1nongjing.com/a/201708/195489.html
http://img002.mllres.com//images/upload/11111(65).jpg	http://www.meilele.com/article/shipin/16485.html
http://a4.att.hudong.com/74/67/01100000000000144735679617624_s.jpg	http://www.baike.com/wiki/%E7%BA%A2%E4%B8%81%E9%A6%99
http://pic1.win4000.com/pic/b/30/2d541331298.jpg	http://www.win4000.com/meinv111473.html
https://cdn.huaniaoy.cn/20160201/original/1454261178251.jpg@!picb	https://www.huaniaoy.com/yangzhifangfa/904/
http://images.nongmiao.com/big/trade/2016/02/25/16022511154185.jpg	http://www.nongmiao.com/senyuan/supplydetail-758467.html
http://gw.alicdn.com/bao/uploaded/i3/TB1u5qXPpXXXXaiaXXXXXXXXXXX_!!0-item_pic.jpg_200x200.jpg_.webp	https://m.taobao.com/article/ErB6B3BgEAExESC9.html
https://cdn.huaniaoy.cn/20160506/original/1462542080844.jpg@!pic280zw	https://www.huaniaoy.com/yangzhifangfa/904/
http://www.dlyj.net/images/%E7%BA%A2%E4%B8%81%E9%A6%9905.jpg	http://www.dlyj.net/hongdingxiang.html
https://cdn.huaniaoy.cn/20160201/original/1454257508207.jpg@!pic280zw	https://www.huaniaoy.com/yangzhifangfa/904/
https://abbycollection.com/bmlpics/attachments/album/201706/24/073642jgcwdh11bjfvzmfj.jpeg	https://www.beimeilife.com/portal.php?mod=view&aid=7104
http://st.depositphotos.com/1010176/1356/i/950/depositphotos_13562348-stock-photo-red-cloves.jpg	http://cn.depositphotos.com/13562348/stock-photo-red-cloves.html
http://img.tulaoshi.com/ueditor/201704/05/23d7a1dd4b21212790e1d8a73967b7d5.jpg	http://www.tulaoshi.com/n/20170405/2632895.html
https://gss0.bdstatic.com/-4o3dSag_xI4khGkpoWK1HF6hhy/baike/w%3D400/sign=4fcb37f970f0f736d8fe4d013a54b382/a8014c086e061d95eed436be73f40ad163d9caa2.jpg	https://baike.baidu.com/item/%E7%BA%A2%E4%B8%81%E9%A6%99
http://www.dlyj.net/images/%E7%BA%A2%E4%B8%81%E9%A6%9903.jpg	http://www.dlyj.net/hongdingxiang.html
http://www.dlyj.net/images/%E7%BA%A2%E4%B8%81%E9%A6%9904.jpg	http://www.dlyj.net/hongdingxiang.html
https://w7.sanwen8.cn/mmbiz_jpg/4J2IFWrQCD4XdgfVwO29QlUW8vicXhofBempTDFwYIRJHqHicicqsJSL2jI7ULd2IuoWNvKdLicltaiaEJQ82hrunew/0?wx_fmt=jpeg	https://sanwen8.cn/p/6c59f6m.html
http://www.junjiemp.com/upload/image/DSCN1474hongdingxiang_fuben.jpg	http://www.junjiemp.com/index.php?_m=mod_product&_a=view&p_id=314
https://cbu01.alicdn.com/img/ibank/2017/134/611/4516116431_1105498458.220x220.jpg	https://s.1688.com/kq/-BAECB6A1CFE3CBAEB2DD.html
https://www.huabaike.com/uploads/allimg/artimg/201605/20160503170212_76426.jpg	https://m.huabaike.com/jtyh/3050.html
http://gw.alicdn.com/bao/uploaded/i3/2822895829/TB2VHM4d80lpuFjSszdXXcdxFXa_!!2822895829.jpg_200x200.jpg_.webp	https://m.taobao.com/article/ErB6B3BgEAExESC9.html
https://gw.alicdn.com/bao/uploaded/i2/863135328/TB2aQNppxlmpuFjSZPfXXc9iXXa_!!863135328.png_230x230.jpg	https://www.taobao.com/oshtml/buy-cn/cp_uuy2oc_jy66y3Q.html
http://st.depositphotos.com/1010176/1356/i/950/depositphotos_13562345-stock-photo-red-cloves.jpg	http://cn.depositphotos.com/13562345/stock-photo-red-cloves.html
http://img.boqiicdn.com/Data/BK/A/1601/4/imagick39161451887048_y.jpg	http://www.boqii.com/entry/detail/2387.html
http://img.boqiicdn.com/Data/BK/A/1601/4/imagick87781451879275_y.jpg	http://www.boqii.com/entry/detail/2387.html
http://img001.mllres.com//images/upload/5(7695).jpg	http://www.meilele.com/article/shipin/16485.html
https://gw.alicdn.com/bao/uploaded/i4/695834728/TB2ht4tjHXlpuFjy1zbXXb_qpXa_!!695834728.jpg_230x230.jpg	https://www.taobao.com/oshtml/buy-cn/cp_uuy2oc_jy66y3Q.html
http://pic1.huashichang.com/2015/0606/14/55728f0d8853a_200_140.JPG	http://www.aihuhua.com/tu/hongdingxiang.html
http://img003.mllres.com//images/upload/1(13631).jpg	http://www.meilele.com/article/shipin/16485.html
https://cbu01.alicdn.com/img/ibank/2014/148/014/1302410841_99864327.220x220.jpg	https://s.1688.com/kq/-BAECB6A1CFE3.html
http://www.huayugu.com.cn/uploads/allimg/160628/1-16062Q311550-L.jpg	http://www.huayugu.com.cn/hongdingxiang/13122.html
http://img.yanquecao.com/img/flower/syringavillosa/syringavillosa3.jpg	http://www.yanquecao.com/detail/994
http://img08.hc360.cn/08/busin/127/339/b/08-127339058.jpg	http://b2b.hc360.com/supplyself/156311832.html
http://st.depositphotos.com/1010176/1889/i/950/depositphotos_18890971-stock-photo-red-cloves.jpg	http://cn.depositphotos.com/18890971/stock-photo-red-cloves.html
http://st2.depositphotos.com/1034372/6603/i/950/depositphotos_66035957-stock-photo-stain-lilac-with-watercolour-paint.jpg	http://cn.depositphotos.com/66035957/stock-photo-stain-lilac-with-watercolour-paint.html
https://cbu01.alicdn.com/img/ibank/2016/566/441/3253144665_518544622.220x220.jpg	https://s.1688.com/kq/-BAECB6A1CFE3CBAEB2DD.html
http://img.yanquecao.com/img/flower/syringavillosa/syringavillosa4.jpg	http://www.yanquecao.com/detail/994
http://st.depositphotos.com/1010176/1390/i/950/depositphotos_13903234-stock-photo-red-cloves.jpg	http://cn.depositphotos.com/13903234/stock-photo-red-cloves.html
http://pic1.win4000.com/pic/4/4f/30251331281.jpg	http://www.win4000.com/meinv111473.html
https://cbu01.alicdn.com/img/ibank/2016/386/139/3691931683_303617613.220x220.jpg	https://s.1688.com/kq/-BAECB6A1CFE3CBAEB2DD.html
http://img004.mllres.com//images/upload/4(10058).jpg	http://www.meilele.com/article/shipin/16485.html
https://gw.alicdn.com/bao/uploaded/i2/TB1PrENPpXXXXXcXVXXXXXXXXXX_!!2-item_pic.png_230x230.jpg	https://www.taobao.com/article/BbFkGBG1FyFuG9FH.html
http://9976328.s21i-9.faiusr.com/2/ABUIABACGAAgybmduwUomLLbpwcw6gc4nAU.jpg	http://www.hongdingxiang.org/nd.jsp?id=12
http://st.depositphotos.com/1010176/4246/i/950/depositphotos_42463935-stock-photo-red-cloves.jpg	http://cn.depositphotos.com/42463935/stock-photo-red-cloves.html
http://st.depositphotos.com/1010176/2181/i/950/depositphotos_21815995-stock-photo-red-cloves.jpg	http://cn.depositphotos.com/21815995/stock-photo-red-cloves.html
http://zw3wmap1.zw3e.com:8080/zw_news_map/200/2014054/1401268543889283938.jpg	http://www.zw3e.com/bk/guanyezhiwu/wcdww.html
http://gw.alicdn.com/bao/uploaded/i2/15552295/TB2TygaeilnpuFjSZFgXXbi7FXa_!!15552295.jpg_200x200.jpg_.webp	https://m.taobao.com/article/ErB6B3BgEAExESC9.html
https://w9.sanwen8.cn/mmbiz_png/4J2IFWrQCD6CjADgeGZ2gCOJgjaAYMib3ZJVKFV13Hv9YWiaXuEEYOZI1Snf8YEIL2aDWbfU9ia2dAZ7erNwnTddw/0?wx_fmt=png	https://sanwen8.cn/p/6d69f6b.html
http://9976328.s21i-9.faiusr.com/2/ABUIABACGAAgmqSduwUorrfztAEw6gc4nAU.jpg	http://hongdingxiang.org/nd.jsp?id=10
http://www.21cbi.com/upload/201609/23/147460644685.jpg	http://m.21cbi.com/s/1/87363.html
