
https://gss0.bdstatic.com/94o3dSag_xI4khGkpoWK1HF6hhy/baike/c0%3Dbaike60%2C5%2C5%2C60%2C20/sign=62ca6f6eb87eca80060831b5f04afcb8/a5c27d1ed21b0ef4cb0e5113d5c451da80cb3e9d.jpg
https://gss3.bdstatic.com/7Po3dSag_xI4khGkpoWK1HF6hhy/baike/crop%3D0%2C45%2C1024%2C677%3Bc0%3Dbaike116%2C5%2C5%2C116%2C38/sign=437adfa73bfa828bc56cc7a3c02f6d00/30adcbef76094b3653eb404fabcc7cd98d109d13.jpg
https://gss1.bdstatic.com/-vo3dSag_xI4khGkpoWK1HF6hhy/baike/c0%3Dbaike72%2C5%2C5%2C72%2C24/sign=5643b4385aafa40f28cbc68fca0d682a/14ce36d3d539b6001f400cbde950352ac65cb729.jpg
https://gss1.bdstatic.com/-vo3dSag_xI4khGkpoWK1HF6hhy/baike/c0%3Dbaike80%2C5%2C5%2C80%2C26/sign=384584c143166d222c7a1dc6274a6292/48540923dd54564effe6e733b3de9c82d1584f3c.jpg
https://gss0.bdstatic.com/94o3dSag_xI4khGkpoWK1HF6hhy/baike/c0%3Dbaike80%2C5%2C5%2C80%2C26/sign=57ce1e021f30e924dba994632d610563/b8389b504fc2d562d5f3d3e7e71190ef77c66cc4.jpg
https://gss0.bdstatic.com/94o3dSag_xI4khGkpoWK1HF6hhy/baike/c0%3Dbaike92%2C5%2C5%2C92%2C30/sign=e85a9f3b4c086e067ea5371963611091/b8389b504fc2d562d5f6d3e7e71190ef76c66c39.jpg
https://gss1.bdstatic.com/-vo3dSag_xI4khGkpoWK1HF6hhy/baike/c0%3Dbaike80%2C5%2C5%2C80%2C26/sign=59fa870f33fa828bc52e95b19c762a51/060828381f30e9245d5d9f3b4c086e061d95f73b.jpg

https://gss1.bdstatic.com/9vo3dSag_xI4khGkpoWK1HF6hhy/baike/c0%3Dbaike116%2C5%2C5%2C116%2C38/sign=c30b81d3b07eca80060831b5f04afcb8/55e736d12f2eb938ea4a5d02d5628535e5dd6f1e.jpg
https://gss0.bdstatic.com/-4o3dSag_xI4khGkpoWK1HF6hhy/baike/c0%3Dbaike116%2C5%2C5%2C116%2C38/sign=aac7b10c7cd98d1062d904634056d36b/8d5494eef01f3a29a9eff23e9925bc315c607c1e.jpg
https://gss0.bdstatic.com/-4o3dSag_xI4khGkpoWK1HF6hhy/baike/c0%3Dbaike116%2C5%2C5%2C116%2C38/sign=61e0bd91f3deb48fef64a98c9176514c/810a19d8bc3eb135afe0904ba61ea8d3fd1f441e.jpg
https://gss0.bdstatic.com/94o3dSag_xI4khGkpoWK1HF6hhy/baike/c0%3Dbaike150%2C5%2C5%2C150%2C50/sign=01bbb546c9177f3e0439f45f11a650a2/aa18972bd40735fa36be69499e510fb30e2408f7.jpg
https://gss1.bdstatic.com/-vo3dSag_xI4khGkpoWK1HF6hhy/baike/c0%3Dbaike116%2C5%2C5%2C116%2C38/sign=b4a9930b39dbb6fd3156ed74684dc07d/aa64034f78f0f7364ab06bf10a55b319eac413f7.jpg
https://gss3.bdstatic.com/7Po3dSag_xI4khGkpoWK1HF6hhy/baike/c0%3Dbaike150%2C5%2C5%2C150%2C50/sign=bdd4cbf3c895d143ce7bec711299e967/dbb44aed2e738bd44c6f95c1a18b87d6267ff9f0.jpg

https://gss3.bdstatic.com/7Po3dSag_xI4khGkpoWK1HF6hhy/baike/c0%3Dbaike150%2C5%2C5%2C150%2C50/sign=543b3e858744ebf8797c6c6db890bc4f/5882b2b7d0a20cf40ef6f95976094b36adaf99d5.jpg
https://gss3.bdstatic.com/-Po3dSag_xI4khGkpoWK1HF6hhy/baike/c0%3Dbaike116%2C5%2C5%2C116%2C38/sign=208cae34d158ccbf0fb1bd6878b1d75b/f9dcd100baa1cd11e1d975a6b912c8fcc2ce2dcc.jpg
https://gss0.bdstatic.com/94o3dSag_xI4khGkpoWK1HF6hhy/baike/c0%3Dbaike150%2C5%2C5%2C150%2C50/sign=4c68b5f2ebf81a4c323fe49bb6430b3c/b3b7d0a20cf431ad8bb444bf4b36acaf2fdd98d5.jpg
https://gss1.bdstatic.com/9vo3dSag_xI4khGkpoWK1HF6hhy/baike/c0%3Dbaike116%2C5%2C5%2C116%2C38/sign=75c0318d5bb5c9ea76fe0bb1b450dd65/d1a20cf431adcbef37527980acaf2edda2cc9fd5.jpg
https://gss2.bdstatic.com/9fo3dSag_xI4khGkpoWK1HF6hhy/baike/c0%3Dbaike272%2C5%2C5%2C272%2C90/sign=41606903c9ea15ce55e3e85bd7695196/0df431adcbef7609096d9e192edda3cc7dd99ed5.jpg

https://gss2.bdstatic.com/-fo3dSag_xI4khGkpoWK1HF6hhy/baike/c0%3Dbaike150%2C5%2C5%2C150%2C50/sign=e396d37b7b899e516c83324623ceb256/3812b31bb051f819507403ccdab44aed2f73e7e7.jpg
https://gss2.bdstatic.com/9fo3dSag_xI4khGkpoWK1HF6hhy/baike/c0%3Dbaike150%2C5%2C5%2C150%2C50/sign=d5df3a9242a7d933aba5ec21cc22ba76/8718367adab44aedf41fbe62b31c8701a08bfbe7.jpg
https://gss2.bdstatic.com/-fo3dSag_xI4khGkpoWK1HF6hhy/baike/c0%3Dbaike150%2C5%2C5%2C150%2C50/sign=16f9e4f5ad4bd11310c0bf603bc6cf6a/2f738bd4b31c87017fe7b260277f9e2f0608ffe7.jpg
https://gss2.bdstatic.com/-fo3dSag_xI4khGkpoWK1HF6hhy/baike/c0%3Dbaike150%2C5%2C5%2C150%2C50/sign=ad97ce5bab64034f1bc0ca54ceaa1254/060828381f30e9245ef59cb74c086e061c95f7e7.jpg
https://gss0.bdstatic.com/94o3dSag_xI4khGkpoWK1HF6hhy/baike/c0%3Dbaike150%2C5%2C5%2C150%2C50/sign=866e03ccdab44aed4d43b6b6d275ec64/279759ee3d6d55fbb28d76a06d224f4a21a4dde8.jpg
https://gss0.bdstatic.com/-4o3dSag_xI4khGkpoWK1HF6hhy/baike/c0%3Dbaike150%2C5%2C5%2C150%2C50/sign=43af4c870a55b31988f48a2722c0e943/4d086e061d950a7bee644e420ad162d9f3d3c9e7.jpg
https://gss0.bdstatic.com/94o3dSag_xI4khGkpoWK1HF6hhy/baike/c0%3Dbaike220%2C5%2C5%2C220%2C73/sign=0f7e1d8e1f30e924dba994632d610563/21a4462309f79052905447b80cf3d7ca7acbd5e8.jpg
https://gss0.bdstatic.com/-4o3dSag_xI4khGkpoWK1HF6hhy/baike/c0%3Dbaike150%2C5%2C5%2C150%2C50/sign=3b902ba18a82b90129a0cb6112e4c212/f3d3572c11dfa9ec7e7f569162d0f703908fc1e7.jpg
https://gss1.bdstatic.com/9vo3dSag_xI4khGkpoWK1HF6hhy/baike/c0%3Dbaike150%2C5%2C5%2C150%2C50/sign=b87779be6e061d95694b3f6a1a9d61b4/0b46f21fbe096b63e7525ed60c338744eaf8ace8.jpg
https://gss1.bdstatic.com/9vo3dSag_xI4khGkpoWK1HF6hhy/baike/c0%3Dbaike150%2C5%2C5%2C150%2C50/sign=3717ef024aed2e73e8e48e7ee668caee/58ee3d6d55fbb2fb427b58944f4a20a44723dce7.jpg
https://gss3.bdstatic.com/-Po3dSag_xI4khGkpoWK1HF6hhy/baike/c0%3Dbaike150%2C5%2C5%2C150%2C50/sign=4c5a2469a9ec8a1300175fb2966afaea/500fd9f9d72a60593e5be19c2834349b023bbae8.jpg
https://gss1.bdstatic.com/-vo3dSag_xI4khGkpoWK1HF6hhy/baike/c0%3Dbaike150%2C5%2C5%2C150%2C50/sign=8eb986aa8701a18be4e61a1dff466c6d/42166d224f4a20a4434e3c4190529822730ed0e7.jpg
https://gss3.bdstatic.com/7Po3dSag_xI4khGkpoWK1HF6hhy/baike/c0%3Dbaike150%2C5%2C5%2C150%2C50/sign=7c515766f703918fc3dc359830544df2/242dd42a2834349b1c4d6e03c9ea15ce37d3bee8.jpg
https://gss1.bdstatic.com/-vo3dSag_xI4khGkpoWK1HF6hhy/baike/c0%3Dbaike150%2C5%2C5%2C150%2C50/sign=744b132159ee3d6d36cb8f99227f0647/c8ea15ce36d3d53993760f453a87e950342ab0e8.jpg
https://gss1.bdstatic.com/-vo3dSag_xI4khGkpoWK1HF6hhy/baike/c0%3Dbaike220%2C5%2C5%2C220%2C73/sign=77b4c765572c11dfcadcb771024e09b5/f7246b600c338744fe952ffa510fd9f9d62aa0e7.jpg
https://gss2.bdstatic.com/9fo3dSag_xI4khGkpoWK1HF6hhy/baike/c0%3Dbaike150%2C5%2C5%2C150%2C50/sign=b3e2955a08fa513d45a7648c5c043e9e/359b033b5bb5c9ea37a30365d539b6003bf3b3e7.jpg
https://gss1.bdstatic.com/9vo3dSag_xI4khGkpoWK1HF6hhy/baike/c0%3Dbaike220%2C5%2C5%2C220%2C73/sign=66271512462309f7f362a54013676796/b7003af33a87e9501c47f3ea10385343faf2b4e7.jpg
https://gss0.bdstatic.com/94o3dSag_xI4khGkpoWK1HF6hhy/baike/c0%3Dbaike150%2C5%2C5%2C150%2C50/sign=5a3a64b9d9f9d72a0369184fb5434351/30adcbef76094b36ecd91b6ba3cc7cd98c109de8.jpg
https://gss0.bdstatic.com/94o3dSag_xI4khGkpoWK1HF6hhy/baike/c0%3Dbaike150%2C5%2C5%2C150%2C50/sign=a4c76b698db1cb132a643441bc3d3d2b/f9dcd100baa1cd11e2e472a6b912c8fcc2ce2de1.jpg
https://gss3.bdstatic.com/-Po3dSag_xI4khGkpoWK1HF6hhy/baike/c0%3Dbaike272%2C5%2C5%2C272%2C90/sign=7b84f678c3fdfc03f175ebeab556ecf1/9f510fb30f2442a76a4bfd23d143ad4bd01302ea.jpg
https://gss1.bdstatic.com/-vo3dSag_xI4khGkpoWK1HF6hhy/baike/c0%3Dbaike150%2C5%2C5%2C150%2C50/sign=9c4ce8e2564e9258b2398ebcfdebba3d/4610b912c8fcc3ce5692c9b59245d688d53f20e1.jpg
https://gss0.bdstatic.com/94o3dSag_xI4khGkpoWK1HF6hhy/baike/c0%3Dbaike150%2C5%2C5%2C150%2C50/sign=0a37e4bfb3de9c82b268f1dd0de8eb6f/c2cec3fdfc0392454ee7e1898794a4c27c1e25e1.jpg

https://gss2.bdstatic.com/9fo3dSag_xI4khGkpoWK1HF6hhy/baike/c0%3Dbaike150%2C5%2C5%2C150%2C50/sign=5b6e51cf4fc2d562e605d8bf8678fb8a/cdbf6c81800a19d85e687baa33fa828ba61e4632.jpg
https://gss0.bdstatic.com/94o3dSag_xI4khGkpoWK1HF6hhy/baike/c0%3Dbaike150%2C5%2C5%2C150%2C50/sign=d731ea3b462309f7f362a54013676796/342ac65c103853436389788e9313b07ecb8088df.jpg
https://gss2.bdstatic.com/9fo3dSag_xI4khGkpoWK1HF6hhy/baike/c0%3Dbaike150%2C5%2C5%2C150%2C50/sign=f5876b1487d6277ffd1f3a6a49517455/4e4a20a4462309f7e2d452bd720e0cf3d6cad6e2.jpg
https://gss0.bdstatic.com/94o3dSag_xI4khGkpoWK1HF6hhy/baike/c0%3Dbaike150%2C5%2C5%2C150%2C50/sign=774cb1540a46f21fdd395601974d0005/cb8065380cd79123375b6bdbad345982b3b780e2.jpg

https://gss1.bdstatic.com/-vo3dSag_xI4khGkpoWK1HF6hhy/baike/c0%3Dbaike150%2C5%2C5%2C150%2C50/sign=48a9e3d290ef76c6c4dff379fc7f969f/b03533fa828ba61e05a7f9dc4134970a314e59f3.jpg
https://gss2.bdstatic.com/9fo3dSag_xI4khGkpoWK1HF6hhy/baike/c0%3Dbaike272%2C5%2C5%2C272%2C90/sign=27a4e11ee71190ef15f69a8daf72f673/574e9258d109b3de3e13d59bccbf6c81810a4c90.jpg
https://gss3.bdstatic.com/7Po3dSag_xI4khGkpoWK1HF6hhy/baike/c0%3Dbaike150%2C5%2C5%2C150%2C50/sign=03fb889794eef01f591910978197f240/94cad1c8a786c917c84a63cac93d70cf3ac757f3.jpg
https://gss0.bdstatic.com/94o3dSag_xI4khGkpoWK1HF6hhy/baike/c0%3Dbaike180%2C5%2C5%2C180%2C60/sign=2c7ff4dc3a292df583cea447dd583705/d0c8a786c9177f3edf98cdfe70cf3bc79e3d5690.jpg
https://gss1.bdstatic.com/9vo3dSag_xI4khGkpoWK1HF6hhy/baike/c0%3Dbaike272%2C5%2C5%2C272%2C90/sign=724f9841d158ccbf0fb1bd6878b1d75b/f9dcd100baa1cd11b31a43d3b912c8fcc2ce2d90.jpg
