
https://gss1.bdstatic.com/-vo3dSag_xI4khGkpoWK1HF6hhy/baike/c0%3Dbaike92%2C5%2C5%2C92%2C30/sign=f197ba55800a19d8df0e8c575293e9ee/2f738bd4b31c87019ca35102277f9e2f0708ff39.jpg

https://gss0.bdstatic.com/94o3dSag_xI4khGkpoWK1HF6hhy/baike/c0%3Dbaike92%2C5%2C5%2C92%2C30/sign=cbfce8fafd039245b5b8e95de6fdcfa7/503d269759ee3d6d5dc999fc42166d224f4adefd.jpg
https://gss3.bdstatic.com/7Po3dSag_xI4khGkpoWK1HF6hhy/baike/c0%3Dbaike92%2C5%2C5%2C92%2C30/sign=3e720d9058ee3d6d36cb8f99227f0647/e1fe9925bc315c605be775d88cb1cb1349547792.jpg
https://gss2.bdstatic.com/9fo3dSag_xI4khGkpoWK1HF6hhy/baike/c0%3Dbaike92%2C5%2C5%2C92%2C30/sign=8779fa1472f08202399f996d2a929088/2934349b033b5bb5e3d83ec937d3d539b600bcfd.jpg
https://gss0.bdstatic.com/94o3dSag_xI4khGkpoWK1HF6hhy/baike/c0%3Dbaike92%2C5%2C5%2C92%2C30/sign=44650333359b033b3885f48874a75db6/d0c8a786c9177f3ef746e23a71cf3bc79f3d5692.jpg
https://gss0.bdstatic.com/-4o3dSag_xI4khGkpoWK1HF6hhy/baike/c0%3Dbaike92%2C5%2C5%2C92%2C30/sign=1431e18764380cd7f213aabfc02dc651/9345d688d43f8794008d5619d31b0ef41bd53a92.jpg

https://gss3.bdstatic.com/-Po3dSag_xI4khGkpoWK1HF6hhy/baike/c0%3Dbaike92%2C5%2C5%2C92%2C30/sign=8cf3fe658435e5dd8421ad8d17afcc8a/ac4bd11373f08202999e8f084afbfbedab641bfc.jpg
https://gss2.bdstatic.com/9fo3dSag_xI4khGkpoWK1HF6hhy/baike/c0%3Dbaike92%2C5%2C5%2C92%2C30/sign=46dfdb183b292df583cea447dd583705/b219ebc4b74543a95017e4fb1f178a82b90114fc.jpg
https://gss1.bdstatic.com/-vo3dSag_xI4khGkpoWK1HF6hhy/baike/c0%3Dbaike92%2C5%2C5%2C92%2C30/sign=bf69e4fb1f178a82da3177f2976a18e8/b17eca8065380cd7ac6cbcdaa044ad3459828192.jpg
https://gss0.bdstatic.com/-4o3dSag_xI4khGkpoWK1HF6hhy/baike/c0%3Dbaike92%2C5%2C5%2C92%2C30/sign=96fb61ea2f738bd4d02cba63c0e2ecb3/4a36acaf2edda3cc3096a61700e93901213f9292.jpg

https://gss0.bdstatic.com/-4o3dSag_xI4khGkpoWK1HF6hhy/baike/c0%3Dbaike116%2C5%2C5%2C116%2C38/sign=77b38bba5aafa40f28cbc68fca0d682a/b151f8198618367adef743552e738bd4b31ce53f.jpg
https://gss0.bdstatic.com/94o3dSag_xI4khGkpoWK1HF6hhy/baike/c0%3Dbaike150%2C5%2C5%2C150%2C50/sign=efbf17af8a82b90129a0cb6112e4c212/f3d3572c11dfa9ecaa506a9f62d0f703918fc13f.jpg
https://gss2.bdstatic.com/9fo3dSag_xI4khGkpoWK1HF6hhy/baike/c0%3Dbaike150%2C5%2C5%2C150%2C50/sign=2573e09cb899a9012f3853647cfc611e/0df3d7ca7bcb0a46c85cb7b16b63f6246b60af3f.jpg
https://gss2.bdstatic.com/9fo3dSag_xI4khGkpoWK1HF6hhy/baike/c0%3Dbaike150%2C5%2C5%2C150%2C50/sign=1a5ad8b8baa1cd1111bb7a72d87ba399/43a7d933c895d1434fcdd8ab73f082025baf07fa.jpg
https://gss0.bdstatic.com/94o3dSag_xI4khGkpoWK1HF6hhy/baike/c0%3Dbaike116%2C5%2C5%2C116%2C38/sign=1d5308513901213fdb3e468e358e5db4/3b292df5e0fe99252c7255d834a85edf8db1713f.jpg
https://gss2.bdstatic.com/-fo3dSag_xI4khGkpoWK1HF6hhy/baike/c0%3Dbaike150%2C5%2C5%2C150%2C50/sign=5d2e8b9ecffc1e17e9b284632bf99d66/0bd162d9f2d3572c0f58a0548a13632763d0c3fb.jpg

https://gss1.bdstatic.com/9vo3dSag_xI4khGkpoWK1HF6hhy/baike/c0%3Dbaike92%2C5%2C5%2C92%2C30/sign=1ace4b7df81fbe090853cb460a096756/cdbf6c81800a19d8dd3bf00e39fa828ba61e4684.jpg
https://gss2.bdstatic.com/9fo3dSag_xI4khGkpoWK1HF6hhy/baike/c0%3Dbaike80%2C5%2C5%2C80%2C26/sign=6b947511cc5c10383073c690d378f876/c9fcc3cec3fdfc03108196b3de3f8794a4c2263b.jpg
https://gss3.bdstatic.com/-Po3dSag_xI4khGkpoWK1HF6hhy/baike/c0%3Dbaike150%2C5%2C5%2C150%2C50/sign=e4fa2732c33d70cf58f7a25f99b5ba65/34fae6cd7b899e5194774f1f48a7d933c8950d3b.jpg
https://gss0.bdstatic.com/-4o3dSag_xI4khGkpoWK1HF6hhy/baike/c0%3Dbaike92%2C5%2C5%2C92%2C30/sign=0b2b8e209716fdfacc61cebcd5e6e731/faedab64034f78f05bf2eff873310a55b3191c3b.jpg
https://gss2.bdstatic.com/9fo3dSag_xI4khGkpoWK1HF6hhy/baike/c0%3Dbaike272%2C5%2C5%2C272%2C90/sign=be1e2f3d17950a7b613846966bb809bc/21a4462309f790526a34333506f3d7ca7bcbd596.jpg

https://gss0.bdstatic.com/94o3dSag_xI4khGkpoWK1HF6hhy/baike/c0%3Dbaike180%2C5%2C5%2C180%2C60/sign=8a630b49d43f8794c7f2407cb3726591/4afbfbedab64034f60d62af7afc379310a551d23.jpg
https://gss0.bdstatic.com/-4o3dSag_xI4khGkpoWK1HF6hhy/baike/c0%3Dbaike150%2C5%2C5%2C150%2C50/sign=bb0d09c635fae6cd18b9a3336eda6441/728da9773912b31b9c7725d88618367adab4e12c.jpg
https://gss0.bdstatic.com/94o3dSag_xI4khGkpoWK1HF6hhy/baike/c0%3Dbaike150%2C5%2C5%2C150%2C50/sign=956d0cd273f08202399f996d2a929088/b21c8701a18b87d61f5943ee070828381f30fd2c.jpg
https://gss0.bdstatic.com/-4o3dSag_xI4khGkpoWK1HF6hhy/baike/c0%3Dbaike150%2C5%2C5%2C150%2C50/sign=ebe5a4f00a55b31988f48a2722c0e943/4d086e061d950a7b462ea6350ad162d9f2d3c92c.jpg
https://gss3.bdstatic.com/7Po3dSag_xI4khGkpoWK1HF6hhy/baike/c0%3Dbaike180%2C5%2C5%2C180%2C60/sign=05b62bc2738da9775a228e79d138937c/a8ec8a13632762d0b8254c4ea0ec08fa513dc62c.jpg
https://gss0.bdstatic.com/-4o3dSag_xI4khGkpoWK1HF6hhy/baike/c0%3Dbaike116%2C5%2C5%2C116%2C38/sign=431634e5b899a9012f3853647cfc611e/b3fb43166d224f4a7c829be209f790529822d12c.jpg
https://gss2.bdstatic.com/-fo3dSag_xI4khGkpoWK1HF6hhy/baike/c0%3Dbaike116%2C5%2C5%2C116%2C38/sign=f7a861ffb13533fae1bb9b7cc9ba967a/b812c8fcc3cec3fd12734f84d688d43f869427f6.jpg
https://gss0.bdstatic.com/-4o3dSag_xI4khGkpoWK1HF6hhy/baike/c0%3Dbaike150%2C5%2C5%2C150%2C50/sign=2528117e6c81800a7ae8815cd05c589f/d788d43f8794a4c2896e0fda0ef41bd5ac6e39f6.jpg
