
https://upload.wikimedia.org/wikipedia/commons/thumb/6/62/Cerbera_manghas_%28Cerbera%29.jpg/250px-Cerbera_manghas_%28Cerbera%29.jpg	https://zh.wikipedia.org/wiki/%E6%B5%B7%E8%8A%92%E6%9E%9C
https://upload.wikimedia.org/wikipedia/commons/d/dc/Cerbera_odollam.jpg	https://zh.wikipedia.org/wiki/%E6%B5%B7%E8%8A%92%E6%9E%9C
http://8.blog.xuite.net/86/3e/10066293/blog_11149/txt/3393141/3393141_1.jpg	http://blog.xuite.net/dreamkid/heart/3393141-%E9%96%8B%E8%8A%B1%E4%B8%AD%E7%9A%84%E6%B5%B7%E6%AA%AC%E6%9E%9C%EF%BC%88%E6%B5%B7%E8%8A%92%E6%9E%9C%EF%BC%89
http://www.51hm.cn/zwpic/%E6%B5%B7%E8%8A%92%E6%9E%9C1.jpg	http://www.51hm.cn/zw/zwshow.asp?zwid=421
http://big5.cas.cn/kxcb/kpwz/201006/W020100608348000868322.jpg	http://big5.cas.cn/kxcb/kpwz/201006/t20100608_2875123.shtml
https://0.share.photo.xuite.net/stephen_cyk/1031482/5919105/235966465_l.jpg	http://blog.xuite.net/stephen_cyk/stephen/63663677
http://www.zhiwuwang.com/file/upload/201307/27/11-04-11-90-762.jpg	http://www.52shici.com/works.php?mem_id=30231&works_id=585919
http://b.blog.xuite.net/b/f/0/2/17192603/blog_763548/txt/12375112/0.jpg	http://blog.xuite.net/travel1021/2007/12375112-%E5%8A%87%E6%AF%92%E6%B5%B7%E8%8A%92%E6%9E%9C+++%E5%8D%8A%E9%A1%86%E8%83%BD%E8%87%B4%E5%91%BD
http://www.iflora.info/B8F3C76C-030B-4F9B-9D0D-0D48EFA9F83E/3240D97E-CED9-4371-80C8-CFD199A544C1/4F553DF5-4A7A-4FA5-8A1E-D949276C7E5F_files/Cebera%20manghas.jpg	http://www.iflora.info/B8F3C76C-030B-4F9B-9D0D-0D48EFA9F83E/3240D97E-CED9-4371-80C8-CFD199A544C1/4F553DF5-4A7A-4FA5-8A1E-D949276C7E5F.html
http://1.bp.blogspot.com/-2ixRiurAu58/Uq-W_f9vOGI/AAAAAAAACnk/aVOXKSFNm8s/s1600/1217_2.jpg	http://pwflora.blogspot.com/2013/12/
http://a4.att.hudong.com/23/37/01200000184418136323374489000_s.jpg	http://www.baike.com/wiki/%E6%B5%B7%E8%8A%92%E6%9E%9C
http://image3.yibei.com/books/krs/110429/4dba52c17e021e5b511a859f_1.jpg	http://ipad.yibei.com/krecord/4dba52c17e021e5b511a859f
http://www.cas.cn/kxcb/kpwz/201203/W020120328348778539421.jpg	http://www.cas.cn/kxcb/kpwz/201203/t20120328_3545255.shtml
http://a0.att.hudong.com/60/84/01300000254155123200840249678_s.jpg	http://www.baike.com/wiki/%E6%B5%B7%E8%8A%92%E6%9E%9C
http://www.qzws.org/up/DSC06943.JPG	http://www.qzws.org/sdzs1page.asp?id=299
http://s8.sinaimg.cn/middle/049d4760gc62f74c48aa7&690	http://blog.sina.com.cn/s/blog_049d476001015zd5.html
http://www.ipgexpo.com/cms_upload/20150731/20150731113945_129.bmp	http://www.ipgexpo.com/news/665.html
http://image.yuanlin.com/News/UploadFiles/2013/7/48c71ab7-b4b1-4141-b998-e469f39105dc.jpg	http://news.yuanlin.com/detail/2013723/154024.htm
http://i571.photobucket.com/albums/ss153/annaskt/20100708/1008051358.jpg	http://www.hkwildlife.net/Forum/viewthread.php?tid=6359&page=2
http://210.240.131.84/stu/103/09/images/%E6%B5%B7%E8%8A%92%E6%9E%9C.jpg	http://210.240.131.84/stu/103/09/new_page_3.htm
http://i107.photobucket.com/albums/m294/Mephistoli/plants/Cerbera_manghas_6524.jpg	http://www.hkwildlife.net/Forum/viewthread.php?tid=2434
http://4.bp.blogspot.com/-3XD0P_V_K0o/VEuF1NiX3eI/AAAAAAAALo8/SmscSmNMhLs/s1600/sm%2B2_1%2BDSC_2009.JPG	http://notsomoon.blogspot.com/2015/05/blog-post_7.html
http://137.189.92.25:1314/hkcww/large_image/83.jpg	http://hkcww.org/hkplant/readid.php?id=83
http://a4.att.hudong.com/25/84/01300000254155123200846346028_s.jpg	http://www.baike.com/wiki/%E6%B5%B7%E8%8A%92%E6%9E%9C
http://img.photo.163.com/Ha61MuCYpkpoA9SzJs9dlQ==/2847963814358465835.jpg	http://blog.sina.com.cn/s/blog_a4ff34b001013zzo.html
https://cdn.pixabay.com/photo/2015/01/23/12/24/sea-mango-609057_960_720.jpg	https://pixabay.com/zh/%E6%B5%B7%E8%8A%92%E6%9E%9C-%E9%A9%AC%E8%BE%BE%E5%8A%A0%E6%96%AF%E5%8A%A0%E8%80%83%E9%AA%8C%E8%B1%86-odollam%E6%A0%91-%E7%B2%89%E7%BA%A2%E8%89%B2%E7%9A%84%E7%9C%BC%E7%9D%9B%E6%B5%B7%E6%9D%A7%E6%9E%9C%E5%B1%9E-609057/
http://www.qzws.org/up/DSC06941.JPG	http://www.qzws.org/sdzs1page.asp?id=299
http://static.ettoday.net/images/16/d16617.jpg	http://travel.ettoday.net/article/11140.htm?t=%E5%B0%8F%E5%BF%83%EF%BC%8C%E5%8A%87%E6%AF%92%E5%B0%B1%E5%9C%A8%E4%BD%A0%E8%BA%AB%E9%82%8A%EF%BC%81%E5%B8%B8%E8%A6%8B%E7%9A%84%E6%B5%B7%E6%AA%AC%E6%9E%9C
http://www.baihuamen.com/d/file/2014/05-25/e8f8e07ab15397c6cd85c08ce81e3588.jpg	http://www.baihuamen.com/haimanguo/16293_9.html
http://pic1.win4000.com/pic/d/79/af141354330.jpg	http://www.win4000.com/meinv113622.html
http://a1.att.hudong.com/00/24/01300543922769147157248136716_s.jpg	http://www.baike.com/wiki/%E6%B5%B7%E8%8A%92%E6%9E%9C
http://oldblog.voc.com.cn/sp1/liuchunpan/215209435037/1202357661070_435037.jpg	http://blog.voc.com.cn/blog_showone_type_blog_id_435037_p_4.html
http://4.bp.blogspot.com/-O8NXGIqbAa0/VEuF7PDcwNI/AAAAAAAALpE/ZA2mDCbcgAw/s1600/sm%2B2_2%2BDSC_2011.JPG	http://notsomoon.blogspot.com/2015/05/blog-post_7.html
http://www.cgris.net/photobase/cropphoshop/%E8%8D%AF%E7%94%A8%E4%BD%9C%E7%89%A9/%E6%B5%B7%E8%8A%92%E6%9E%9C/%E6%B5%B7%E8%8A%92%E6%9E%9C01130028.JPG	http://www.cgris.net/photobase/cropphoshop/%E8%8D%AF%E7%94%A8%E4%BD%9C%E7%89%A9/%E6%B5%B7%E8%8A%92%E6%9E%9C/%E6%B5%B7%E8%8A%92%E6%9E%9C01130028.htm
http://www.978hm.com/upfile/proimage/20097914273644345.jpg	http://www.978hm.com/chanpin/products.asp?id=41
https://b.share.photo.xuite.net/byu229/1bf5b8d/10619873/492130988_m.jpg	http://blog.xuite.net/byu229/twblog/128870501-%E9%9D%92%E5%89%9B%E6%AB%9F%26%E6%B5%B7%E6%AA%AC%E6%9E%9C%E7%A8%AE%E5%AD%90%E7%9B%86%E6%A0%BD
http://s11.sinaimg.cn/mw690/001kuFkSgy70qkBJd1g6a&690	http://blog.sina.com.cn/s/blog_48a7fae20102wzk9.html
https://gss0.bdstatic.com/94o3dSag_xI4khGkpoWK1HF6hhy/baike/s%3D220/sign=ca7d4756be096b63851959523c338733/30adcbef76094b366c949b94a3cc7cd98d109d41.jpg	https://baike.baidu.com/item/%E6%B5%B7%E6%9D%A7%E6%9E%9C
http://img.xunhai.com/2015/11/27/144858699375424.jpg	http://www.xunhai.com/hai_guo/2015/1127/4768.html
http://www.scib.cas.cn/lyfw/hx/201706/W020170612429318777107.jpg	http://www.scib.cas.cn/lyfw/hx/201706/t20170612_4811249.html
http://ww1.sinaimg.cn/large/506c59dajw1ebekq5btksj20rs0igwl4.jpg	http://blog.sina.com.cn/s/blog_506c59da0102vxjl.html
http://img.bimg.126.net/photo/IwVxZcqvJEh--46I6mG9tw==/1746270755513467020.jpg	http://titiding.blog.163.com/blog/static/3986559820096305112249/
http://www.baihuamen.com/d/file/2014/05-25/b85c55fe175f2eb867cc46131df2c03c.jpg	http://www.baihuamen.com/haimanguo/16293_7.html
https://timg01.bdimg.com/timg?wapbaike&quality=80&size=b500_375&sec=1349839550&di=f2dd44c226d61ffc5b40bed53b46cd3d&src=http://imgsrc.baidu.com/baike/pic/item/faedab64034f78f0d9726a667a310a55b3191c2d.jpg	https://wapbaike.baidu.com/item/%E6%B5%B7%E6%9D%A7%E6%9E%9C
http://5.blog.xuite.net/5/3/5/c/22842962/blog_1687145/txt/51700194/11.jpg	http://blog.xuite.net/xxj2222tw/blog/51700194
http://www.baihuamen.com/d/file/2014/05-25/27c2b0f8ab05835ba06c9d3f01190a48.jpg	http://www.baihuamen.com/haimanguo/16293_10.html
http://www.baihuamen.com/d/file/2014/05-25/04c22258132b3973e16c2ab1cc5154cb.jpg	http://www.baihuamen.com/haimanguo/
http://www.gdzjdaily.com.cn/zjnews/zjsociety/attachement/jpg/site2/20090612/00221900f1220b9c936113.jpg	http://www.gdzjdaily.com.cn/zjnews/zjsociety/2009-06/12/content_1067032.htm
http://pic1.win4000.com/pic/d/79/af141354335.jpg_195.jpg	http://www.win4000.com/meinv113622.html
http://www.scib.cas.cn/lyfw/hx/201706/W020170612429318779819.jpg	http://www.scib.cas.cn/lyfw/hx/201706/t20170612_4811249.html
http://www.scib.cas.cn/lyfw/hx/201706/W020170612429318776591.jpg	http://www.scib.cas.cn/lyfw/hx/201706/t20170612_4811249.html
http://img.xunhai.com/2015/11/27/144858702955998.jpg	http://www.xunhai.com/hai_guo/2015/1127/4772.html
https://gss1.bdstatic.com/9vo3dSag_xI4khGkpoWK1HF6hhy/baike/s%3D220/sign=3781a7cd28381f309a198aab99004c67/6a63f6246b600c332eea4b3d1a4c510fd8f9a1b0.jpg	https://baike.baidu.com/item/%E6%B5%B7%E6%9D%A7%E6%9E%9C%E5%B1%9E
http://www.baihuamen.com/d/file/2014/05-25/74ffff206e3a7df9fe521337fb387633.jpg	http://www.baihuamen.com/haimanguo/16293_5.html
http://www.cas.ac.cn/kxcb/kpwz/201205/W020120531604426165912.jpg	http://www.cas.ac.cn/kxcb/kpwz/201205/t20120531_3588749.shtml
http://www.scib.ac.cn/lyfw/hx/201606/W020160606364519212504.jpg	http://www.scib.ac.cn/lyfw/hx/201606/t20160606_4616410.html
http://www.21cbi.com/upload/201611/21/147970149647.jpg	http://m.21cbi.com/s/14/360388.html
http://s9.sinaimg.cn/mw690/001kuFkSgy70EeZpIjma8&690	http://blog.sina.com.cn/s/blog_48a7fae20102wzk9.html
http://s13.sinaimg.cn/mw690/001kuFkSgy70EeOgZzK7c&690	http://blog.sina.com.cn/s/blog_48a7fae20102wzk9.html
http://img.redocn.com/sheying/20170704/haixguohuaduohezhiye_8398677.jpg	http://sucai.redocn.com/dongwuzhiwu_8398677.html
http://img.boqiicdn.com/Data/BK/A/1601/18/imagick22071453088583_y.jpg	http://www.boqii.com/entry/detail/2437.html
https://a-ssl.duitang.com/uploads/item/201203/29/20120329084847_xTaAr.thumb.700_0.jpeg	https://www.duitang.com/blog/?id=23042492
http://s3.sinaimg.cn/mw690/001kuFkSgy70rD2MVEu32&690	http://blog.sina.com.cn/s/blog_48a7fae20102wzk9.html
http://s12.sinaimg.cn/mw690/005GQ3uzzy7agCnJpCH0b&690	http://blog.sina.com.cn/s/blog_136c264d30102yg0x.html
http://www.baihuamen.com/d/file/2014/05-25/a0e5af1244d389e1de708c6c1530bfc0.jpg	http://www.baihuamen.com/haimanguo/16293_14.html
http://a1.att.hudong.com/24/24/01300001173050130458244883236_s.jpg	http://www.baike.com/wiki/%E6%B5%B7%E6%9D%A7%E6%9E%9C%E5%B1%9E
http://img.redocn.com/sheying/20170704/jiazhutaokeqiaomuhaixguozhiye_8398679.jpg	http://sucai.redocn.com/dongwuzhiwu_8398679.html
http://s14.sinaimg.cn/mw690/005GQ3uzzy7agCnMM572d&690	http://blog.sina.com.cn/s/blog_136c264d30102yg0x.html
http://s15.sinaimg.cn/mw690/005GQ3uzzy7agCnPjgW7e&690	http://blog.sina.com.cn/s/blog_136c264d30102yg0x.html
http://www.baihuamen.com/d/file/2014/05-25/4376a712e6187bd4285dd100a4b1c9ba.jpg	http://www.baihuamen.com/haimanguo/16293_16.html
https://img.lrgarden.com/feed_pic/147/12/1000275347_1000014626_1499183372.jpg	https://www.lrgarden.com/topic/view/id-1000001448.html
http://img.tulaoshi.com/201704/15/f0284fcbc30869af0cf878494e68bf32.jpg	http://www.tulaoshi.com/haimangguo/
http://www.21cbi.com/upload/201611/21/14797014978.jpg	http://m.21cbi.com/s/14/360388.html
http://s16.sinaimg.cn/mw690/005GQ3uzzy7agCnR7Wf3f&690	http://blog.sina.com.cn/s/blog_136c264d30102yg0x.html
http://www.yn999.cn/wp-content/uploads/2015/08/%E6%B5%B7%E6%9D%A7%E6%9E%9C04.jpg	http://www.yn999.cn/?p=1094
http://img.boqiicdn.com/Data/BK/A/1601/18/imagick70551453097318_y.jpg	http://www.boqii.com/entry/detail/2437.html
http://www.scib.cas.cn/lyfw/hx/201706/W020170612429318782450.jpg	http://www.scib.cas.cn/lyfw/hx/201706/t20170612_4811249.html
http://www.yn999.cn/wp-content/uploads/2015/08/%E6%B5%B7%E6%9D%A7%E6%9E%9C01.jpg	http://www.yn999.cn/?p=1094
http://www.yn999.cn/wp-content/uploads/2015/08/%E6%B5%B7%E6%9D%A7%E6%9E%9C03.jpg	http://www.yn999.cn/?p=1094
http://ww2.sinaimg.cn/large/506c59dajw1esd1d59rmpj215o0q17b0.jpg	http://blog.sina.com.cn/s/blog_506c59da0102vxjl.html
http://ww4.sinaimg.cn/large/506c59dajw1esd1d8msmtj215o0q2wnv.jpg	http://blog.sina.com.cn/s/blog_506c59da0102vxjl.html
https://gss3.bdstatic.com/-Po3dSag_xI4khGkpoWK1HF6hhy/baike/w%3D400/sign=99717b4cdeca7bcb7d7bc62f8e086b3f/64380cd7912397dd4a3bda8b5082b2b7d1a287fb.jpg	https://baike.baidu.com/item/%E6%B5%B7%E6%9D%A7%E6%9E%9C
http://ww4.sinaimg.cn/large/506c59dajw1esd1d6fexwj215o0q2tfh.jpg	http://blog.sina.com.cn/s/blog_506c59da0102vxjl.html
http://www.yn999.cn/wp-content/uploads/2015/08/%E6%B5%B7%E6%9D%A7%E6%9E%9C05.jpg	http://www.yn999.cn/?p=1094
http://img01.sogoucdn.com/net/a/100520101/link?appid=100520101&url=http://mmbiz.qpic.cn/mmbiz_jpg/aP0Yr5GSxambkvNJ6hDyqdl2yibgqJaT8ia6BFhkXK98fst8jdtkEr958cHKFQ8r5kcDVYo9wKia0luibVza4rky4Q/0?wx_fmt=jpeg	http://baike.m.sogou.com/baike/weixinArticle.jsp?lid=6868132&g_ut=3&title=%E6%B5%B7%E6%9D%A7%E6%9E%9C%E5%B1%9E
http://mnh.scu.edu.cn/bigpic/%E6%A4%8D%E7%89%A9%E7%B2%BE%E7%BB%86%E8%A7%A3%E5%89%96/2151C000Z4/141/563/141563.jpg	http://mnh.scu.edu.cn/jp_pic_view.aspx?LR_id=122700
http://mnh.scu.edu.cn/bigpic/%E6%A4%8D%E7%89%A9%E7%B2%BE%E7%BB%86%E8%A7%A3%E5%89%96/2151C000Z4/141/561/141561.jpg	http://mnh.scu.edu.cn/jp_pic_view.aspx?LR_id=122702
http://www.yn999.cn/wp-content/uploads/2015/08/%E6%B5%B7%E6%9D%A7%E6%9E%9C06.jpg	http://www.yn999.cn/?p=1094
http://mnh.scu.edu.cn/bigpic/%E6%A4%8D%E7%89%A9%E7%B2%BE%E7%BB%86%E8%A7%A3%E5%89%96/2151C000Z4/141/562/141562.jpg	http://mnh.scu.edu.cn/jp_pic_view.aspx?LR_id=122701
https://cdn.pixabay.com/photo/2015/01/23/12/25/sea-mango-609058_960_720.jpg	https://pixabay.com/zh/%E6%B5%B7%E8%8A%92%E6%9E%9C-%E9%A9%AC%E8%BE%BE%E5%8A%A0%E6%96%AF%E5%8A%A0%E8%80%83%E9%AA%8C%E8%B1%86-odollam%E6%A0%91-%E7%B2%89%E7%BA%A2%E8%89%B2%E7%9A%84%E7%9C%BC%E7%9D%9B%E6%B5%B7%E6%9D%A7%E6%9E%9C%E5%B1%9E-609058/
https://i2.read01.com/uploads/0DWBtpAygg.jpg	https://read01.com/nzPnM7.html
http://digiarch.sinica.edu.tw/images/a/plants/b081.jpg	http://digiarch.sinica.edu.tw/content/subject/resource_content.jsp?oid=16777376&queryString=%E5%A4%BE%E7%AB%B9%E6%A1%83%E7%A7%91%20%E6%A4%8D%E7%89%A9%E7%95%8C%20%E6%B5%B7%E6%AA%AC%E6%9E%9C%20%E6%B5%B7%E6%AA%AC%E6%9E%9C%E5%B1%AC%20%E9%BE%8D%E8%86%BD
https://cdn.pixabay.com/photo/2015/02/08/13/39/flower-628504_960_720.jpg	https://pixabay.com/zh/%E8%8A%B1-%E7%99%BD-%E6%B5%B7%E8%8A%92%E6%9E%9C-%E6%B0%B4%E6%9E%9C-%E9%A9%AC%E8%BE%BE%E5%8A%A0%E6%96%AF%E5%8A%A0%E8%80%83%E9%AA%8C%E8%B1%86-odollam%E6%A0%91-628504/
http://img03.sogoucdn.com/net/a/100520101/link?appid=100520101&url=http://mmbiz.qpic.cn/mmbiz/caVunQk3cNTsdED5deySYrg4mKqU45TG6EAp3kZUOhniblrHP2ibhRsvaKM7I4ibYbHJlG5RogylguCkrnk2eGk7g/0?wx_fmt=jpeg	http://baike.m.sogou.com/baike/weixinArticle.jsp?lid=6868132&g_ut=3&title=%E6%B5%B7%E6%9D%A7%E6%9E%9C%E5%B1%9E
http://mnh.scu.edu.cn/bigpic/%E6%A4%8D%E7%89%A9%E7%B2%BE%E7%BB%86%E8%A7%A3%E5%89%96/2151C000Z4/141/577/141577.jpg	http://mnh.scu.edu.cn/jp_pic_view.aspx?LR_id=122842
http://www.cnhua.net/uploads/allimg/111015/1-111015193221413.jpg	http://www.cnhua.net/zhiwu/jiazhutaoke/Cerbera_manghas/
http://www.zhiwutong.com/tu/4/4793.jpg	http://www.zhiwutong.com/latin/Apocynaceae/Cerbera-manghas-Linn.htm
http://www.huluoluo.com/js/SystemJs/ueditor/server/upload/uploadimages/1_3430982424.jpg	http://m.p77.org/%E8%87%AA%E5%88%8E+%E6%B5%B7%E8%8A%92%E6%9E%9C/
http://pic1.win4000.com/pic/8/c3/48901354307.jpg_195.jpg	http://www.win4000.com/meinv113622.html
http://read.html5.qq.com/image?src=forum&q=5&r=0&imgflag=7&imageUrl=mmbiz.qpic.cn/mmbiz_jpg/gB8WAh8lKiaCDcEkNEnJicAkMEAcKkW1PoPHgvzYJglgViatjGTztWrfBknk8IrvHiaSmibS1kWee6IM2ROgCkrybyw/0?wx_fmt=jpeg	http://m.v4.cc/News-4874444.html
