
http://www.cnhua.net/uploads/allimg/090615/220Za1I-0.JPG	http://www.cnhua.net/zhiwu/qieke/huayancao/
http://pic51.nipic.com/file/20141023/4224370_160530668000_2.jpg	http://www.nipic.com/show/11215089.html
http://img.xunhai.com/2015/11/24/144836446629095.jpg	http://www.xunhai.com/huayancao/2015/1124/2267.html
http://s10.sinaimg.cn/mw690/001ROMKqgy6Wq9qfuWd19&690	http://blog.sina.com.cn/s/blog_66019f9e0100rep6.html
http://s9.sinaimg.cn/middle/66019f9eha1ca2e5d9078&690	http://blog.sina.com.cn/s/blog_66019f9e0100rep6.html
http://img.xunhai.com/2015/12/02/144905038190019.jpg	http://www.xunhai.com/dahuayancao/2015/1202/10675.html
http://www.cnhua.net/uploads/allimg/090615/220R33S2-0.JPG	http://www.cnhua.net/zhiwu/qieke/huayancao/6045019647446.html
http://www.huajiang.cc/uploads/allimg/140816/10-140Q619415aR.jpg	http://baike.huajiang.cc/cb/huayancao/
http://www.shijiezhiyan.com/d/file/bigpic/2016/11/06/34hsmp4njjd.jpg	http://m.shijiezhiyan.com/pptbeijing/wutippt/7719.html
http://img.boqiicdn.com/Data/BK/A/1508/24/imagick86311440384519_y.jpg	http://m.boqii.com/article/23451.html
http://a0.att.hudong.com/04/51/16300000044935128706510304423.jpg	http://tupian.baike.com/a0_04_51_16300000044935128706510304423_jpg.html?prd=zhengwenye_left_futu_miaoshu
http://www.51hm.cn/zwpic/%E8%8A%B1%E7%83%9F%E8%8D%892.jpg	http://www.51hm.cn/zw/zwshow.asp?zwid=2187
http://image142-c.poco.cn/mypoco/qing/20130529/19/6667195820460051884_690x459_220.jpg	http://wo.poco.cn/6050508/post/id/4157750
http://www.baihuamen.com/d/file/2014/03-29/57d8d6467e83bd3967d2bed7c2fdc887.jpg	http://www.baihuamen.com/huayancao/6498_16.html
http://a3.att.hudong.com/33/46/01200000026077136323465559760_s.jpg	http://www.baike.com/wiki/%E8%8A%B1%E7%83%9F%E8%8D%89
http://www.yuhuagu.com/uploads/allimg/130807/10-130PH04P3.jpg	http://www.yuhuagu.com/ktsh/9071.html
http://www.baihuamen.com/d/file/2014/03-29/f40db2684580e229bd4409e0974ee028.jpg	http://www.baihuamen.com/huayancao/
http://img01.hua.com/uploadpic/images/2016725154412983416.jpg	http://www.hua.com/huayu/16582.html
http://flowers.taipei/imagespace/plant_tree/original/thumb_image_5153183.JPG	http://flowers.taipei/Info/Detail/a562e6e3-e1a5-4477-a842-ce01be98ebc7
http://a2.att.hudong.com/07/36/01200000307188117653667786207_s.jpg	http://www.baike.com/wiki/%E8%8A%B1%E7%83%9F%E8%8D%89
http://s15.sinaimg.cn/middle/66019f9eha1ca2e3f218e&690	http://blog.sina.com.cn/s/blog_66019f9e0100rep6.html
http://www.bfus.com.cn/bfus/upload/fckeditor/%E8%8A%B1%E7%83%9F%E8%8D%89%20%E6%A3%AE%E6%9E%97%20%E7%8E%AB%E7%BA%A2%E6%B8%90%E5%8F%98(1).jpg	http://www.bfus.com.cn/index/shiye_content.aspx?contentid=592&nodeid=65
http://s13.sinaimg.cn/middle/66019f9eha1ca2e8b6eec&690	http://blog.sina.com.cn/s/blog_66019f9e0100rep6.html
http://blog.sciencenet.cn/upload/blog/images/2009/12/20091228224943753.jpg	http://blog.sciencenet.cn/blog-341600-282176.html
http://www.baihuamen.com/d/file/2014/03-29/e906c155d35629a59b7df5526e615572.jpg	http://www.baihuamen.com/huayancao/
http://c.blog.xuite.net/c/f/8/f/13396183/blog_1400131/txt/49673156/0.jpg	http://blog.xuite.net/smile27/flower/49673156-%E8%8A%B1%E7%85%99%E8%8D%89
http://3.bp.blogspot.com/-H8jYJ5-IpuM/U79i6IHPfbI/AAAAAAAAcFI/-Yr9ufbIw-Y/s1600/P1250749.jpg	http://purplewhee.blogspot.com/2013/01/blog-post_21.html
http://s1.sinaimg.cn/mw690/001ROMKqgy6Wq9pJ4ek10&690	http://blog.sina.com.cn/s/blog_66019f9e0100rep6.html
http://www.hllhz.com/Mobile/UploadFiles/Others/201410290958364130919.jpg_250X168.jpg	http://www.hllhz.com/Mobile/MProducts/hychzz_page1.html
https://www.huabaike.com/uploads/allimg/artimg/201610/20161018113012_53313.jpg	https://www.huabaike.com/hyjk/5322.html
http://www.baihuamen.com/d/file/2014/03-29/13c0d5bcd0a45edfab5bcf61e82dd72a.jpg	http://www.baihuamen.com/huayancao/
http://flower.dzvv.com/attachment/0801/fe8d36fe64.jpg	http://flower.yvv.cn/flower/2/2008-08/72.html
https://gss1.bdstatic.com/-vo3dSag_xI4khGkpoWK1HF6hhy/baike/s%3D220/sign=afdcbfc74390f60300b09b450913b370/503d269759ee3d6d70a5b43d4a166d224e4adee0.jpg	https://baike.baidu.com/item/%E8%8A%B1%E7%83%9F%E8%8D%89
https://gss3.bdstatic.com/7Po3dSag_xI4khGkpoWK1HF6hhy/baike/s%3D220/sign=4cac08bdca8065387feaa311a7dca115/95eef01f3a292df53f4121e6bc315c6035a87347.jpg	https://baike.baidu.com/item/%E8%8A%B1%E7%83%9F%E8%8D%89
https://gss3.bdstatic.com/7Po3dSag_xI4khGkpoWK1HF6hhy/baike/s%3D220/sign=a42034e9510fd9f9a417526b152cd42b/8c1001e93901213ff7d6554954e736d12e2e95b9.jpg	https://baike.baidu.com/item/%E8%8A%B1%E7%83%9F%E8%8D%89
https://www.huabaike.com/uploads/allimg/artimg/201610/20161018121734_97508.jpg	https://m.huabaike.com/jtyh/5364.html
http://www.huayugu.com.cn/uploads/allimg/160807/1-160PH00F80-L.jpg	http://www.huayugu.com.cn/huayancao/
https://www.huabaike.com/uploads/allimg/artimg/201610/20161018112932_16987.jpg	https://www.huabaike.com/hyjk/5322.html
https://www.huabaike.com/uploads/allimg/sltimg/201704/58e73e165a543.jpg	https://www.huabaike.com/cbzw/5355.html
http://www.homfloraland.com/profile/20131021104246494649.jpg	http://www.homfloraland.com/prolist.asp?lm1=4&lm2=25
https://www.huabaike.com/uploads/allimg/sltimg/201610/580596cf9e82c.jpg	https://www.huabaike.com/hyjk/5322.html
http://s11.sinaimg.cn/mw690/001ROMKqgy6Wq9q7cdc2a&690	http://blog.sina.com.cn/s/blog_66019f9e0100rep6.html
https://thumbs.dreamstime.com/z/%E8%8A%B1%E7%83%9F%E8%8D%89%E6%A4%8D%E7%89%A9-87735474.jpg	https://cn.dreamstime.com/%E5%BA%93%E5%AD%98%E7%85%A7%E7%89%87-%E8%8A%B1%E7%83%9F%E8%8D%89%E6%A4%8D%E7%89%A9-image87735474
https://thumbs.dreamstime.com/z/%E8%8A%B1%E7%83%9F%E8%8D%89-22836934.jpg	https://cn.dreamstime.com/%E5%BA%93%E5%AD%98%E5%9B%BE%E7%89%87-%E8%8A%B1%E7%83%9F%E8%8D%89-image22836934
http://www.huajiang.cc/uploads/allimg/140904/9-140Z42014570-L.jpg	http://baike.huajiang.cc/cb/huayancao/
http://pic1.win4000.com/pic/8/ca/68ba1374027.jpg	http://www.w88ok.net/meinv115499_19.html
https://www.huabaike.com/uploads/allimg/artimg/201610/20161027153801_84050.jpg	https://m.huabaike.com/jtyh/5364.html
https://cbu01.alicdn.com/img/ibank/2015/747/584/2527485747_1404327002.220x220.jpg	http://www.1688.com/chanpin/-BBA8D1CCB2DD.html
https://thumbs.dreamstime.com/z/%E8%8A%B1%E7%83%9F%E8%8D%89-%E7%83%9F%E8%8D%89%E5%B1%9Etabacum-75968709.jpg	https://cn.dreamstime.com/%E5%BA%93%E5%AD%98%E7%85%A7%E7%89%87-%E8%8A%B1%E7%83%9F%E8%8D%89-%E7%83%9F%E8%8D%89%E5%B1%9Etabacum-image75968709
http://i00.c.aliimg.com/img/ibank/2013/183/384/908483381_1374213954.jpg	http://detail.1688.com/offer/43191535.html
http://pic1.win4000.com/pic/8/ca/68ba1374006.jpg	http://www.w88ok.net/meinv115499_3.html
http://www.pjcn.org/uploads/allimg/1605/1-16052H22012543.jpg	http://www.pjcn.org/hy/1831/
https://www.huabaike.com/uploads/allimg/sltimg/201610/5805a2264f686.jpg	https://www.huabaike.com/yhjq/7946.html
http://2.bp.blogspot.com/-8tONH2sevFQ/U79jHs0OLtI/AAAAAAAAcF0/r6YrF28hEsI/s1600/P1250667.JPG	http://purplewhee.blogspot.com/2013/01/blog-post_21.html
http://www.zhiwu365.com/uploads/plant/212_huayancao/default/original/5_huayancao.jpg	http://www.zhiwu365.com/plant/241
https://gss3.bdstatic.com/-Po3dSag_xI4khGkpoWK1HF6hhy/baike/w%3D400/sign=f238b294384e251fe2f7e5f89787c9c2/d1160924ab18972b670b1064eecd7b899e510a6e.jpg	https://baike.baidu.com/item/%E8%8A%B1%E7%83%9F%E8%8D%89
https://www.huabaike.com/uploads/allimg/artimg/201610/20161027153821_16155.jpg	https://m.huabaike.com/jtyh/5364.html
http://pic1.win4000.com/pic/8/ca/68ba1374014.jpg	http://www.w88ok.net/meinv115499_11.html
http://s2.sinaimg.cn/middle/66019f9eha1ca2df2d5e1&690	http://blog.sina.com.cn/s/blog_4abe08990102vnh1.html
http://www.huaxianer.com/uploads/allimg/170524/6-1F5241515150-L.jpg	http://www.huaxianer.com/wiki/05593.html
http://pic1.win4000.com/pic/8/ca/68ba1374013.jpg	http://www.w88ok.net/meinv115499_10.html
http://www.baihuamen.com/d/file/2014/03-29/c96b879739fbe1819915f1a837f2cd9e.jpg	http://www.baihuamen.com/huayancao/6498_15.html
http://a3.att.hudong.com/60/65/20300543532588144670655637432_s.jpg	http://www.baike.com/wiki/%E7%BA%A2%E8%8A%B1%E7%83%9F%E8%8D%89
http://pic1.win4000.com/pic/8/ca/68ba1374034.jpg	http://www.w88ok.net/meinv115499_24.html
https://b-ssl.duitang.com/uploads/item/201404/12/20140412131349_axFCz.thumb.700_0.jpeg	https://www.duitang.com/blog/?id=259444244
https://thumbs.dreamstime.com/t/%E8%8A%B1%E7%83%9F%E8%8D%89-91397520.jpg	https://cn.dreamstime.com/%E5%BA%93%E5%AD%98%E5%9B%BE%E7%89%87-%E8%8A%B1%E7%83%9F%E8%8D%89-image22836934
https://www.huabaike.com/uploads/allimg/artimg/201704/20170407152230_88975.jpg	https://www.huabaike.com/jtyh/8133.html
http://www.scib.cas.cn/lyfw/hx/201205/W020120522585250845652.jpg	http://www.scib.cas.cn/lyfw/hx/201205/t20120522_3582621.html
https://www.huabaike.com/uploads/allimg/artimg/201610/20161018121819_59600.jpg	https://m.huabaike.com/jtyh/5364.html
http://pic40.nipic.com/20140417/4224370_191501440119_2.jpg	http://www.nipic.com/show/10134168.html
http://pic1.win4000.com/pic/8/ca/68ba1374004.jpg	http://www.win4000.com/meinv115499.html
http://pic1.win4000.com/pic/8/ca/68ba1374007.jpg	http://www.w88ok.net/meinv115499_4.html
http://pic40.nipic.com/20140413/4224370_104157624000_2.jpg	http://www.nipic.com/show/10105244.html
http://www.huajiang.cc/uploads/140816/10-140Q61936293Y.jpg	http://baike.huajiang.cc/cb/huayancao/
http://www.zhidiy.com/uploadfile/article/1448/1448785/1448785381_original.jpg	http://www.zhidiy.com/zhezhi/12787.html
https://gw.alicdn.com/bao/uploaded/i4/T1UrdQFqxkXXXXXXXX_!!0-item_pic.jpg_200x200.jpg_.webp	https://m.taobao.com/article/FaC_DxDMDQAFCxCQ.html
https://www.huabaike.com/uploads/allimg/artimg/201704/20170407152242_57576.jpg	https://www.huabaike.com/jtyh/8133.html
https://gw.alicdn.com/bao/uploaded/i4/TB1AFDNGVXXXXcbXpXXXXXXXXXX_!!0-item_pic.jpg_230x230.jpg	https://www.taobao.com/article/EYEaGfDYD-CkCiFx.html
https://cbu01.alicdn.com/img/ibank/2016/382/759/2753957283_947321801.310x310.jpg	https://www.1688.com/pic/-BBA8D1CCB2DD.html
http://img.ph.126.net/zvEXaX8Y1BlyDtujKdCgjw==/3257228430497055759.jpg	http://bd1560.blog.163.com/blog/static/831637201061475234774/
http://www.yuhuagu.com/uploads/allimg/120623/10-120623203R3.jpg	http://www.yuhuagu.com/ktsh/3413.html
https://cbu01.alicdn.com/img/ibank/2015/739/352/2230253937_1374213954.220x220.jpg	http://www.1688.com/chanpin/-BBA8D1CCB2DDD6D6D7D3.html
http://pic1.win4000.com/pic/8/ca/68ba1374029.jpg	http://www.w88ok.net/meinv115499_20.html
https://gw.alicdn.com/bao/uploaded/i4/TB1JFToKVXXXXbpaXXXXXXXXXXX_!!0-item_pic.jpg_230x230.jpg	https://www.taobao.com/article/FaC_DxDMDQAFCxCQ.html
http://a2.att.hudong.com/54/66/01300000241945122725666441534.jpg	http://tupian.baike.com/a2_54_66_01300000241945122725666441534_jpg.html
http://pic1.win4000.com/pic/8/ca/68ba1374022.jpg	http://www.w88ok.net/meinv115499_17.html
http://www.zhiwu365.com/uploads/plant/212_huayancao/default/original/2_huayancao.jpg	http://www.zhiwu365.com/plant/241
http://www.huayugu.com.cn/uploads/allimg/160807/1-160PH00R20-L.jpg	http://www.huayugu.com.cn/huayancao/
http://www.huayugu.com.cn/uploads/allimg/160807/1-160PH015320-L.jpg	http://www.huayugu.com.cn/huayancao/
http://www.hllhz.com/Mobile/UploadFiles/Others/201410290958360175187.JPG_250X168.jpg	http://www.hllhz.com/Mobile/MProducts/hychzz_page1.html
http://www.baihuamen.com/d/file/2014/04-01/effe5ec6b764f0d1e07b64f4e77b450e.jpg	http://www.baihuamen.com/huayancao/
https://www.huabaike.com/uploads/allimg/artimg/201610/20161018113429_40498.jpg	https://www.huabaike.com/hyjk/5362.html
https://www.huabaike.com/uploads/allimg/sltimg/201610/580597ffecd55.jpg	https://www.huabaike.com/cbzw/5355.html
http://pic100.nipic.com/file/20160530/19192438_060325425000_2.jpg	http://www.nipic.com/show/15030752.html
http://pic100.nipic.com/file/20160530/19192438_060333746000_2.jpg	http://www.nipic.com/show/15030751.html
https://thumbs.dreamstime.com/z/%E8%8A%B1%E7%83%9F%E8%8D%89-16708353.jpg	https://cn.dreamstime.com/%E5%BA%93%E5%AD%98%E5%9B%BE%E7%89%87-%E8%8A%B1%E7%83%9F%E8%8D%89-image22836934
http://www.huayugu.com.cn/uploads/allimg/160807/1-160PH012150-L.jpg	http://www.huayugu.com.cn/huayancao/
https://gss2.bdstatic.com/9fo3dSag_xI4khGkpoWK1HF6hhy/baike/s%3D220/sign=2e270e122f2eb938e86d7df0e56385fe/32fa828ba61ea8d387df79f7970a304e241f5847.jpg	https://baike.baidu.com/item/%E7%BA%A2%E8%8A%B1%E7%83%9F%E8%8D%89
http://www.huajiang.cc/uploads/allimg/140816/10-140Q6193339543.jpg	http://www.huajiang.cc/yanghua/20140816/1703.html
http://www.pjcn.org/uploads/allimg/1605/1-16052H23Hc39.jpg	http://www.pjcn.org/hy/1831/
