
https://gss2.bdstatic.com/-fo3dSag_xI4khGkpoWK1HF6hhy/baike/s%3D220/sign=6d74633c8244ebf86971633de9f9d736/2fdda3cc7cd98d1007fd560e243fb80e7bec90e7.jpg	https://baike.baidu.com/item/%E8%8A%99%E8%93%89%E8%8F%8A
http://www.dtes.chc.edu.tw/localspecial/plant/images/P1010033c.JPG	http://www.dtes.chc.edu.tw/localspecial/plant/p49.htm
http://img0.pchouse.com.cn/pchouse/baike/decorate/1408/furongju.jpg	http://www.pchouse.com.cn/baike/shenghuo/2727/
http://www.wm-sec.com/crossostephium_chinense.jpg	http://www.wm-sec.com/crossostephium_chinense.htm
http://www.shsps.kh.edu.tw/xoops/uploads/schoolplant/44-1.jpg	http://www.shsps.kh.edu.tw/xoops/modules/schoolplant/index.php?psn=44
http://a3.att.hudong.com/31/25/01300000171642121687252744877.jpg	http://tupian.baike.com/a3_31_25_01300000171642121687252744877_jpg.html
http://img238.ph.126.net/N_Y2E8HJwyXOl_DFDX1j2g==/1420041257506729399.jpg	http://tsui.fl.blog.163.com/blog/static/47969685201112133238781/
http://www.djes.tp.edu.tw/%E8%97%A5%E8%8D%89%E6%95%99%E5%AD%B8%E8%B3%87%E6%BA%90%E5%BA%AB/images/%E8%8A%99%E8%93%89%E8%8F%8A.jpg	http://www.djes.tp.edu.tw/%E8%97%A5%E8%8D%89%E6%95%99%E5%AD%B8%E8%B3%87%E6%BA%90%E5%BA%AB/%E8%8A%99%E8%93%89%E8%8F%8A.htm
http://www.dtes.chc.edu.tw/localspecial/plant/images/P1010034c.JPG	http://www.dtes.chc.edu.tw/localspecial/plant/p49.htm
http://137.189.92.25:1314/hkcww/large_image/2178b.jpg	http://hkcww.org/hkplant/readmorephoto.php?id=2178
http://163.26.138.3/~plant/parkland/images/14.jpg	http://163.26.138.3/~plant/parkland/plant14.htm
http://img1.wutuojia.com/cms/articleDetail/20160101/191104_401204.jpg	http://www.wutuojia.com/zixun/article/7486.html
http://pic.pingguolv.com/uploads/allimg/161203/109-161203105213.jpg	http://www.pingguolv.com/zy/gongxiao/77440.html
https://2.share.photo.xuite.net/winnieegardening/121b37a/19328056/1067107650_l.jpg	http://blog.xuite.net/winnieegardening/blog/301267560-%E8%98%84%E8%89%BE%EF%BC%88%E8%8A%99%E8%93%89%E8%8F%8A%EF%BC%89
http://img03.tooopen.com/images/20120713/sy_201207131029364340.jpg	http://www.tooopen.com/view/242191.html
http://www.cnhua.net/uploads/allimg/090719/2232294221-0.JPG	http://www.cnhua.net/zhiwu/juke/furongju/
http://web.kinmen.gov.tw/MultiMedia_ImageResize.ashx?guid=7644e2a2-bbce-4aea-bceb-6fd2b1b9766c&max=550&mode=Max	http://web.kinmen.gov.tw/Layout/sub_F/ArtHtml_Show.aspx?ID=f7c01f88-43cd-43ae-8888-8f5dfbef577f&path=2044
http://www.cnhua.net/uploads/allimg/090719/223114H27-0.JPG	http://www.cnhua.net/zhiwu/juke/furongju/
https://farm6.staticflickr.com/5247/5220068143_b1bba34160_b.jpg	http://picssr.com/tags/%E8%8A%99%E8%93%89%E8%8F%8A
http://image.meilele.com//images/upload/%E8%8A%99%E8%93%89%E8%8F%8A01.jpg	http://www.meilele.com/article/shipin/42460.html
http://pic.pingguolv.com/uploads/allimg/161203/109-161203105201.jpg	http://www.pingguolv.com/zy/gongxiao/77440.html
http://www.dtes.chc.edu.tw/localspecial/plant/images/P1010057c.jpg	http://www.dtes.chc.edu.tw/localspecial/plant/p49.htm
http://pic.pingguolv.com/uploads/allimg/161203/109-161203105150.jpg	http://www.pingguolv.com/zy/gongxiao/77440.html
https://gss3.bdstatic.com/7Po3dSag_xI4khGkpoWK1HF6hhy/baike/s%3D220/sign=741bdf5efd1986184547e8867aed2e69/6c224f4a20a44623cef7ff5d9d22720e0cf3d7d4.jpg	https://baike.baidu.com/item/%E8%8A%99%E8%93%89%E8%8F%8A
http://www.dtes.chc.edu.tw/localspecial/plant/images/P1010033aa.JPG	http://www.dtes.chc.edu.tw/localspecial/plant/p49.htm
https://e.share.photo.xuite.net/hortwu239/1e86644/13080152/662964460_m.jpg	http://blog.xuite.net/hortwu239/wretch/143259621-%E7%B4%85%E8%8A%B1%E7%8E%89%E8%8A%99%E8%93%89%E3%80%81%E8%8A%99%E8%93%89%E8%8F%8A%E5%92%8C%E9%8A%80%E8%91%89%E8%8F%8A
http://news.china-flower.com/Upload2005/2015-11-3/20151131161293.jpg	http://news.china-flower.com/paper/papernewsinfo.asp?n_id=243120
http://image.meilele.com//images/upload/%E8%8A%99%E8%93%89%E8%8F%8A03.jpg	http://www.meilele.com/article/shipin/42460.html
http://a1.att.hudong.com/31/20/01300000171642121687201193821.jpg	http://tupian.baike.com/doc/%E8%8A%99%E8%93%89%E8%8F%8A/tctupian/1/0&prd=tupiancktc
https://c1.staticflickr.com/3/2505/3812122346_f1f7303e83_b.jpg	https://www.flickr.com/photos/39916888@N02/3812122346
http://www.ningboxy.com/upfiles/image/20161109105141.jpg	http://www.ningboxy.com/show.asp?id=135
http://www.huayugu.com.cn/uploads/allimg/151111/1-1511111346180-L.jpg	http://www.huayugu.com.cn/m/list.php?tid=565
http://www.fpcn.net/uploads/allimg/130723/2-130H30P229430.JPG	http://www.fpcn.net/a/guanmu/20130723/Crossostephium_chinense.html
http://link.photo.pchome.com.tw/s08/feiworld/161/141223602569/	http://mypaper.pchome.com.tw/sfwang52/post/1331045556
http://oss.xuejingguan.com/forum/201603/28/161604e1qe5uuwa5esjjgz.png	http://www.xuejingguan.com/zyzx/thread-3597-1-1.html
http://www.chinabaike.com/uploads/allimg/151108/105519D31-0.jpg	http://www.chinabaike.com/t/9509/2015/1108/3820642.html
https://gss1.bdstatic.com/9vo3dSag_xI4khGkpoWK1HF6hhy/baike/s%3D220/sign=3e6daa65d933c895a27e9f79e1127397/267f9e2f070828382e7901e6b899a9014d08f1c8.jpg	https://baike.baidu.com/item/%E8%8A%99%E8%93%89%E8%8F%8A
http://photos.pchome.com.tw/s11/m/i/minsol588/book13/p138768216012.jpg	http://mypaper.pchome.com.tw/minsol588/post/1326509314
http://s4.sinaimg.cn/middle/59b5724cgb6cc8dc61383&690	http://blog.sina.com.cn/s/blog_515ce8370100zxk0.html
http://img0.pchouse.com.cn/pchouse/1407/31/788175_fu3.jpg	http://www.pchouse.com.cn/baike/shenghuo/2727/
http://g.udn.com.tw/community/img/PSN_PHOTO/unpb/f_3646127_1.jpg	http://album.udn.com/unpb/photo/3646127?f_number=13
http://www.zhiwutong.com/tu/photo/2/090404290902.jpg	http://www.zhiwutong.com/latin/Compositae/Crossostephium-chinense-Linn-Makino.htm
https://e.share.photo.xuite.net/hortwu239/1e86665/13080152/662964493_m.jpg	http://blog.xuite.net/hortwu239/wretch/143259621-%E7%B4%85%E8%8A%B1%E7%8E%89%E8%8A%99%E8%93%89%E3%80%81%E8%8A%99%E8%93%89%E8%8F%8A%E5%92%8C%E9%8A%80%E8%91%89%E8%8F%8A
http://img1.wutuojia.com/cms/articleDetail/20160101/191013_56568.jpg	http://www.wutuojia.com/zixun/article/7486.html
http://www.huafensi.com/uploads/allimg/141023/1-1410231AU5A9.jpg	http://www.huafensi.com/huahui/furongju_214.html
http://pic.pingguolv.com/uploads/allimg/161203/109-161203105139.jpg	http://www.pingguolv.com/zy/gongxiao/77440.html
https://pic.pimg.tw/sufu1017/1454675910-1246413824_n.jpg?v=1454675911	http://sufu1017.pixnet.net/blog/post/443854754--%E8%8A%99%E8%93%89%E8%8F%8A%28%E8%8A%99%E8%93%89.%E6%B5%B7%E8%8A%99%E8%93%89.%E8%98%84%E8%89%BE%29
http://img2.wutuojia.com/pic/sq_small/cms/article/20160711/224739_125201.png	http://www.wutuojia.com/zixun/article/7486.html
https://cbu01.alicdn.com/img/ibank/2014/199/929/1757929991_479592924.220x220.jpg	https://s.1688.com/kq/-DCBDC8D8BED5.html
http://www.52yhua.com/uploads/allimg/160314/1-160314224255.jpg	http://m.52yhua.com/juketp/1953.html
https://flora.megaview.com.tw/images/_cache/magic_toolbox/ec8358a7a7f6eb317732ea13a6fd8d83/5/9/596/original/792373159/P0354.jpg	https://flora.megaview.com.tw/product_info.php?products_id=596
http://pic.tugou.com/baike/1466228689_741562.jpeg	http://www.tugou.com/baike/4268.html
https://s.yimg.com/xd/api/res/1.2/thW7Corxp1jCvp.0k5cxBA--/YXBwaWQ9eXR3YXVjdGlvbnNlcnZpY2U7aD00MDA7cT04NTtyb3RhdGU9YXV0bzt3PTQwMA--/http://nevec-img.zenfs.com/prod/tw_ec05-7/1da08714-4ae1-466c-b1fb-a68fab8c45d5.jpg	https://tw.bid.yahoo.com/item/%E9%95%B7%E6%A6%AE-%E3%80%90%E8%8A%99%E8%93%89%E8%8F%8A%E3%80%918%E5%90%8B%E7%9B%86%E3%80%80%E7%8E%89%E8%8A%99%E8%93%89%E3%80%80%E5%82%B3%E7%B5%B1%E7%BF%92%E4%BF%97%E3%80%80%E9%A6%99%E5%91%B3%E6%A4%8D%E7%89%A9-100050192273
http://6.blog.xuite.net/6/1/7/6/16970365/blog_1120766/txt/20602544/2.jpg	http://blog.xuite.net/a147b480c285/0325/20602544-%E8%8A%99%E8%93%89%E8%8F%8A
http://pic.pimg.tw/tsowen/1381574126-1605743396.png	http://tsowen.pixnet.net/blog/post/271249880-%E9%80%99%E5%85%A9%E6%88%B6%E4%BA%BA%E5%AE%B6%E7%A8%AE%E7%9A%84%E8%8A%99%E8%93%89%E8%8F%8A%E5%A5%BD%E7%89%B9%E6%AE%8A-
http://img0.pchouse.com.cn/pchouse/1410/19/879665_4.jpg	http://www.pchouse.com.cn/baike/shenghuo/2727/
http://pic.tugou.com/baike/1466228697_3189665.jpeg@202w_150h_2e	http://www.tugou.com/baike/4268.html
http://img1.ph.126.net/yOwNah67CwBGtZRyTgSd7w==/6597365535284608701.jpg	http://blog.163.com/stxya@126/blog/static/794622482012763222676
http://photos.pchome.com.tw/s11/m/i/minsol588/book13/p138768216063.jpg	http://mypaper.pchome.com.tw/minsol588/post/1326509314
http://img1.wutuojia.com/cms/articleDetail/20160101/191036_929738.jpg	http://www.wutuojia.com/zixun/article/7486.html
http://farm3.static.flickr.com/2506/3905781360_2ca736a53e_o.jpg	http://chinling0419.pixnet.net/blog/post/202962806-%EF%BC%8A%E3%80%90%E8%8A%99%E8%93%89%E8%8F%8A%E3%80%91
https://c2.staticflickr.com/4/3021/3425335797_47be4ee995_z.jpg?zz=1	https://www.flickr.com/photos/yunghosi/3425335797
http://pic.pingguolv.com/uploads/allimg/161203/109-161203105224.jpg	http://www.pingguolv.com/zy/gongxiao/77440.html
http://qtp.ks.edu.tw/sub10/page/image/image030.jpg	http://qtp.ks.edu.tw/sub10/page/30.htm
http://libproject.hkbu.edu.hk/trsimage/mpd/D01277.jpg	http://libproject.hkbu.edu.hk/was40/detail?channelid=1288&searchword=herb_id=D01277
http://img0.pchouse.com.cn/pchouse/1407/31/788174_fu1.jpg	http://www.pchouse.com.cn/baike/shenghuo/2727/
http://c.blog.xuite.net/c/f/f/1/10312218/blog_896974/txt/28988651/3.jpg	http://blog.xuite.net/kurikoma/blog/28988651-%E8%98%84%E8%89%BE%28%E8%8A%99%E8%93%89%E8%8F%8A%29
http://imgs.bzw315.com/UploadFiles/image/2015/07-28/20150728_151725_6923.jpg	http://www.bzw315.com/baike/7835.html
http://static.flickr.com/99/252071938_1518bc7956_o.jpg	http://kates.pixnet.net/blog/post/857422-%5Bkitchen-garden%5D-%E8%8A%99%E8%93%89%E8%8F%8A-vs.-%E5%B0%8F%E8%8A%B1%E5%9C%830926
http://www.dtes.chc.edu.tw/localspecial/plant/images/P1010162a.JPG	http://www.dtes.chc.edu.tw/localspecial/plant/p49.htm
http://lh5.ggpht.com/-d4nuP-IR7Mc/U5R8csqOnUI/AAAAAAAAH-Q/2TJk0JQfTsY/DSCN0416%25255B3%25255D.jpg?imgmax=800	http://potato186.blogspot.com/2014/06/compositae31.html
https://yingjulu116.files.wordpress.com/2014/11/e88a99e89389e88f8a-3.jpg	https://yingjulu116.wordpress.com/2014/11/06/%E8%BF%B7%E4%BA%BA%E7%9A%84%E7%99%BD%E8%91%89%E6%A4%8D%E7%89%A9yingju-lu/
http://202.116.160.98:8000/Course/hhzpx/hhzpx/upfiles/20130506/20130506215757855785.jpg	http://202.116.160.98:8000/Course/hhzpx/hhzpx/list.asp?L-2340938922-2.Html
http://www.rensheng2.com/upload/2015/07/01/cf200fd7-5660-41b9-a1f0-084ca18ca954.jpg	http://www.rensheng2.com/180000/179969.shtml
http://img0.pchouse.com.cn/pchouse/1410/19/879254_6.png	http://www.pchouse.com.cn/baike/shenghuo/2727/
http://4.bp.blogspot.com/_ZdOGO_8O6BE/TSWFpeQbRlI/AAAAAAAARJA/KAKJyQX9Yno/s1600/f00336.jpg	http://woodman-garden.blogspot.com/2008/12/blog-post_7821.html
http://image.tech-food.com/images/kndata/bpic/201502/20150210162737403740.jpg	http://www.tech-food.com/kndata/detail/k0164471.htm
http://2.bp.blogspot.com/_dov0OBymuUA/TP2Ym3Kf8tI/AAAAAAAAJN0/mRa2AdnoBi8/s1600/999.jpg	http://lalajacky.blogspot.com/2009/02/blog-post_7670.html
https://cbu01.alicdn.com/img/ibank/2016/855/709/3106907558_358279204.220x220.jpg	http://www.1688.com/jiage/-DCBDC8D8BED5.html
http://www.52yhua.com/uploads/allimg/160314/1-160314224252.jpg	http://m.52yhua.com/juketp/1953.html
http://3.bp.blogspot.com/_ZdOGO_8O6BE/SUWbUflS0ZI/AAAAAAAAI-w/2YwkaXSPDNI/s320/f00331.jpg	http://woodman-garden.blogspot.com/2008/12/blog-post_7821.html
https://a.share.photo.xuite.net/shakylee66/1a879cb/13086675/665159160_m.jpg	http://blog.xuite.net/shakylee66/twblog/143711548-%E8%8A%99%E8%93%89%E8%8F%8A_%E9%BE%8D%E8%8F%AF%E5%9C%8B%E4%B8%AD%E7%9A%84%E6%A4%8D%E6%A0%BD
https://e.share.photo.xuite.net/hortwu239/1e86632/13080152/662964442_m.jpg	http://blog.xuite.net/hortwu239/wretch/143259621-%E7%B4%85%E8%8A%B1%E7%8E%89%E8%8A%99%E8%93%89%E3%80%81%E8%8A%99%E8%93%89%E8%8F%8A%E5%92%8C%E9%8A%80%E8%91%89%E8%8F%8A
http://plant.cila.cn/uploadfiles/2015/1228/furongju.jpg	http://plant.cila.cn/zhiwuku/furongju/
http://img.appledaily.com.tw//images/twapple_sub/640pix/20060527/MN10/MN10_002.jpg	http://www.appledaily.com.tw/appledaily/article/forum/20060527/2635242/
http://img02.taobaocdn.com/imgextra/i2/2182890967/TB2Ks7dqbJmpuFjSZFwXXaE4VXa_!!2182890967.jpg	https://nxtmarket.info/item/43079594753
http://lh6.ggpht.com/-ttQU__RzTAg/U5R8b0ym1PI/AAAAAAAAH-I/Y2rx8OOtFH0/DSCN3804%25255B3%25255D.jpg?imgmax=800	http://potato186.blogspot.com/2014/06/compositae31.html
http://www.38fan.com/uploads/allimg/170626/51-1F626110R70-L.png	http://www.38fan.com/zhiwu/20170628165612.html
http://www.zhongyao360.com/uploads/170512/27_152138_1.png	http://m.zhongyao360.com/article/93108.html
http://pic.pimg.tw/duckya7466/1378988051-3252743277.jpg?v=1378988053	http://jj6320310.pixnet.net/blog/post/62581311-%E6%97%A5%E6%9C%AC%E8%8A%99%E8%93%89%E8%8F%8A%E5%88%87%E8%8A%BD
http://img2.wutuojia.com/pic/sq_small/cms/article/20160101/190846_273579.jpg	http://www.wutuojia.com/zixun/article/5838.html
https://0.share.photo.xuite.net/tracysung2002/103be56/14711483/780276123_m.jpg	http://blog.xuite.net/tracysung2002/twblog1/165856530
http://www.med66.com/upload/html/2009/12/2/liuhon381320091221801750608.jpg	http://www.med66.com/new/42a206a2009/2009122liuhon18338.shtml
http://pic.pimg.tw/gg00yy00/1379041917-3746982364.jpg	http://gg00yy00.pixnet.net/blog/post/236143760-%E8%8A%99%E8%93%89%E8%8F%8A%E8%B1%86%E7%9B%86%E6%A0%BD
http://thub.sssccc.net/%E5%9B%BE%E7%89%87%E7%B4%A0%E6%9D%90/high/%E5%9B%AD%E6%9E%97/%E7%81%8C%E6%9C%A8%E7%B1%BB/%E8%8A%99%E8%93%89%E8%8F%8A3.jpg	http://www.sssccc.net/source/225170.shtml
https://farm9.staticflickr.com/8213/8341780362_4dd1ed0f72_b.jpg	http://picssr.com/tags/%E8%8A%99%E8%93%89%E8%8F%8A
http://www.51hm.cn/zwpic/%E8%8A%99%E8%93%89%E8%8F%8A1.jpg	http://www.51hm.cn/zw/zwshow.asp?zwid=1346
https://0.share.photo.xuite.net/tcb16819/104b02a/13633012/709976630_m.jpg	http://blog.xuite.net/tcb16819/twblog/148344676-%E8%89%BE%E8%8D%89%28%E3%84%8F%E3%84%A7%E3%84%9A%29%2B%E8%AB%BE%E5%88%A9%E6%9E%9C%2B%E8%8A%99%E8%93%89%E8%8F%8A
http://www.21nx.com/21nx/upimg/allimg/110101/1_110101121121_1.jpg	http://www.21nx.com/21nx/html/zhuanti/zhongcaoyao-shiliao/F/2010/1223/18548.html
https://gw.alicdn.com/bao/uploaded/i3/294228963/TB2_PO9XZCO.eBjSZFzXXaRiVXa_!!294228963.jpg_230x230.jpg	https://www.taobao.com/oshtml/buy-cn/cp_3L3I2L7Vxei-sA.html
