
http://a1.att.hudong.com/51/73/01100000000000144735738344537_s.jpg	http://www.baike.com/wiki/%E7%BA%A2%E8%95%89
http://a3.att.hudong.com/10/94/01000000000000119089428254110_s.jpg	http://www.baike.com/wiki/%E7%BA%A2%E8%95%89%E8%8A%B1
http://image86.360doc.com/DownloadImg/2015/06/1109/54807879_2	http://www.360doc.com/content/15/0611/09/1689336_477314340.shtml
http://www.168hm.com/Public/2015/05/12/18618czgkDxSo035518.jpg	http://www.168hm.com/Category/item_1136.html
http://www.52yhua.com/uploads/allimg/160401/1-160401214924.jpg	http://m.52yhua.com/caobentp/2133.html
http://pic.pimg.tw/camila/3236c96e21ecbef0ce8f6909c27d36cc.jpg	http://camila.pixnet.net/album/photo/113138338-%E8%87%BA%E7%81%A3%E8%8A%B1%E5%8D%9A-%E7%B4%85%E8%95%89
http://img.redocn.com/sheying/20141013/dayehongjiaohua_3211589.jpg	http://m.redocn.com/dongwuzhiwu_2855899.html
https://gss1.bdstatic.com/-vo3dSag_xI4khGkpoWK1HF6hhy/baike/c0%3Dbaike60%2C5%2C5%2C60%2C20/sign=f4cb3d5b6e81800a7ae8815cd05c589f/86d6277f9e2f07080dabeed4eb24b899a801f2bc.jpg	https://baike.baidu.com/item/%E7%BA%A2%E8%95%89/9264
https://st.depositphotos.com/1473952/1344/i/950/depositphotos_13441262-stock-photo-red-heliconia-flower.jpg	https://cn.depositphotos.com/13441262/stock-photo-red-heliconia-flower.html
http://www.baihuamen.com/d/file/2014/05-11/27edc12a2f0cdf439f098abdb36ff392.jpg	http://www.baihuamen.com/hongjiao/
http://s12.sinaimg.cn/mw690/001MoBF2zy6SXQ4n4IHab&690	http://blog.sina.com.cn/s/blog_613b13a40102vosx.html
http://f.share.photo.xuite.net/mingching0628/1fde689/9604022/420185299_m.jpg	http://blog.xuite.net/mingching0628/twblog/121291261-%E7%B4%85%E8%95%89%E7%87%B4%E9%AE%AE%E8%9A%B5
http://image.digitalarchives.tw/ImageCache/00/0a/bb/cf.jpg	http://catalog.digitalarchives.tw/item/00/25/e8/28.html
http://www.huayugu.com.cn/uploads/allimg/160706/1-160F6091F50-L.jpg	http://www.huayugu.com.cn/hongjiao/
http://www.baihuamen.com/d/file/2014/05-11/035012e933ffc4cdd6c7297eb8892c43.jpg	http://www.baihuamen.com/hongjiao/
http://img.boqiicdn.com/Data/BK/P/imagick34461452245755.jpg	http://www.boqii.com/entry/detail/2407.html
http://pic1.win4000.com/pic/6/0b/45461370322.jpg	http://www.win4000.com/meinv115151_9.html
http://www.chantuguan.com/ueditor/php/upload/image/20170523/1495508197113664.jpg	http://www.chantuguan.com/baike/549.html
http://www.huayugu.com.cn/uploads/allimg/160706/1-160F60Z5560-L.jpg	http://www.huayugu.com.cn/hongjiao/
http://www.huayugu.com.cn/uploads/allimg/160706/1-160F60914400-L.jpg	http://www.huayugu.com.cn/hongjiao/
http://www.yifone.com.tw/templates/cache/7442/images/products/photooriginal-7442-219915.JPG?64638	http://www.yifone.com.tw/product-detail-294744.html
http://s3.sinaimg.cn/mw690/001MoBF2zy6SXQRgAnw52&690	http://blog.sina.com.cn/s/blog_613b13a40102vosx.html
https://st.depositphotos.com/1561609/4296/i/950/depositphotos_42967523-stock-photo-red-heliconia-flower-in-its.jpg	https://cn.depositphotos.com/42967523/stock-photo-red-heliconia-flower-in-its.html
http://image86.360doc.com/DownloadImg/2015/06/1109/54807879_6	http://www.360doc.com/content/15/0611/09/1689336_477314340.shtml
http://s10.sinaimg.cn/mw690/001MoBF2zy737frdn9n49	http://blog.sina.com.cn/s/blog_613b13a40102wj7a.html
http://www.baihuamen.com/d/file/2014/05-11/2e12497c31c7e36d24d85f257c71b768.jpg	http://www.baihuamen.com/hongjiao/13364_5.html
http://1834.img.pp.sohu.com.cn/images/2008/6/30/19/2/11b7ea287e3g215.jpg	http://hdzqj.blog.sohu.com/93407015.html
http://img.xunhai.com/2015/11/26/144852919632438.jpg	http://www.xunhai.com/hongjiao/2015/1126/4455.html
https://st2.depositphotos.com/1473952/5371/i/950/depositphotos_53712517-stock-photo-red-heliconia-flower.jpg	https://cn.depositphotos.com/53712517/stock-photo-red-heliconia-flower.html
http://a4.att.hudong.com/23/73/01100000000000144735738372357_s.jpg	http://www.baike.com/wiki/%E7%BA%A2%E8%95%89
http://www.huayugu.com.cn/uploads/allimg/160706/1-160F60ZS60-L.jpg	http://www.huayugu.com.cn/hongjiao/
http://www.baihuamen.com/d/file/2014/05-11/5e63d2a4d23bcd6e029fad7b7252c3ff.jpg	http://www.baihuamen.com/hongjiao/13364_11.html
http://www.huayugu.com.cn/uploads/allimg/160706/1-160F60Z2510-L.jpg	http://www.huayugu.com.cn/hongjiao/13306.html
http://www.52yhua.com/uploads/allimg/160401/1-160401214920.jpg	http://m.52yhua.com/caobentp/2133.html
http://www.baihuamen.com/d/file/2014/05-11/bd4db3ac8dd4f12cff2b6ed5494ce5ab.jpg	http://www.baihuamen.com/hongjiao/13364.html
http://img.boqiicdn.com/Data/BK/A/1601/8/imagick77061452223909_y.jpg	http://www.boqii.com/entry/detail/2407.html
http://www.huayugu.com.cn/uploads/allimg/160706/1-160F60910120-L.jpg	http://www.huayugu.com.cn/hongjiao/
http://zjphoto.yinsha.com/file/201006/2010061015572783/1.jpg	http://zjphoto.yinsha.com/file/201006/2010061015572783.htm
http://img3.jqw.com/2016/05/30/1672243/product/b201606111349015318.jpg	http://www.xgjm.jqw.com/productShow-12272968.htm
http://pic1.win4000.com/pic/6/0b/45461370319.jpg	http://www.win4000.com/meinv115151_6.html
http://i3.bbswater.fd.zol-img.com.cn/t_s1200x5000/g5/M00/09/03/ChMkJlc6y3KIWmy9AAQsc1j6rXIAARiygNUOboABCyL169.jpg	http://bbs.zol.com.cn/dcbbs/d657_607318.html
http://pic58.nipic.com/file/20150106/9413594_220347362000_2.jpg	http://www.nipic.com/show/11763454.html
https://himg.china.cn/2/2_352_50680_674_465.jpg	https://www.china.cn/guanmu/3424389109.html
http://a4.att.hudong.com/03/73/01100000000000144735738569747_s.jpg	http://www.baike.com/wiki/%E7%BA%A2%E8%95%89
http://img2.artron.net/auction/2016/art508903/d/art5089030449.jpg	http://auction.artron.net/paimai-art5089030449/
http://s15.sinaimg.cn/mw690/001MoBF2zy6SXQNnAPs9e&690	http://blog.sina.com.cn/s/blog_7781ab810102vwii.html
http://pic1.win4000.com/pic/6/0b/45461370317.jpg_195.jpg	http://www.win4000.com/meinv115151.html
https://st.depositphotos.com/1041222/3818/i/950/depositphotos_38183293-stock-photo-red-heliconia-flower.jpg	https://cn.depositphotos.com/38183293/stock-photo-red-heliconia-flower.html
http://pic1.win4000.com/pic/6/0b/45461370318.jpg	http://www.win4000.com/meinv115151_5.html
http://pic1.win4000.com/pic/6/0b/45461370314.jpg	http://www.win4000.com/meinv115151.html
http://www.baihuamen.com/d/file/2014/05-11/7506d0cd83bcea4ecb739b779a1faa5b.jpg	http://www.baihuamen.com/hongjiao/
http://www.baihuamen.com/d/file/2014/05-11/2f9a837130875b02c673230f4e6a338d.jpg	http://www.baihuamen.com/hongjiao/13364_7.html
http://www.artnet.com/WebServices/images/ll00139lldVTFJFgboeR3CfDrCWvaHBOcEEzE/zhang-huiyuan-%E7%BA%A2%E8%95%89%E6%A0%91%E4%B8%8B-%E9%95%9C%E7%89%87-%E8%AE%BE%E8%89%B2%E7%BA%B8%E6%9C%AC.jpg	http://www.artnet.com/artists/zhang-huiyuan/%E7%BA%A2%E8%95%89%E6%A0%91%E4%B8%8B-%E9%95%9C%E7%89%87-%E8%AE%BE%E8%89%B2%E7%BA%B8%E6%9C%AC-cg_OPWIBpOzp0TKGJJPkNg2
http://www.baihuamen.com/d/file/2014/05-11/e7d3d1cacc7ddb644ee78c273d9b826d.jpg	http://www.baihuamen.com/hongjiao/
http://www.baihuamen.com/d/file/2014/05-11/b9070d65ce8159be61a3f901b592ae98.jpg	http://www.baihuamen.com/hongjiao/13364_8.html
http://www.cngwzj.com//upfile/2017_01/01_18/22185_ZT39M.jpg	http://www.cngwzj.com/pygushi/TangDai/22185/
https://st.depositphotos.com/1865899/4678/v/950/depositphotos_46784873-stock-illustration-tropical-palm-leaves-with-red.jpg	https://cn.depositphotos.com/46784873/stock-illustration-tropical-palm-leaves-with-red.html
http://img.boqiicdn.com/Data/BK/A/1601/8/imagick22271452222925_y.jpg	http://www.boqii.com/entry/detail/2407.html
http://img.redocn.com/sheying/20141113/yuhoudayehongjiaohua_3510615.jpg	http://sucai.redocn.com/dongwuzhiwu_3510613.html
http://st.depositphotos.com/1298455/3355/i/950/depositphotos_33550347-stock-photo-beautiful-red-heliconia-flower-blooming.jpg	http://cn.depositphotos.com/33550347/stock-photo-beautiful-red-heliconia-flower-blooming.html
http://www.baihuamen.com/d/file/2014/05-11/1938ab690490830a58a75e7f1a8f53f1.jpg	http://www.baihuamen.com/hongjiao/13364_6.html
https://gss2.bdstatic.com/9fo3dSag_xI4khGkpoWK1HF6hhy/baike/w%3D400/sign=7154c1a49a45d688a302b3a494c37dab/aa64034f78f0f7361d6a44960255b319eac41394.jpg	https://baike.baidu.com/item/%E7%BA%A2%E8%95%89/9264
https://w4.sanwen8.cn/mmbiz/v6QFugOuhoiaYRia8iaVcaM2h3HPeGf9uFwnzNkg6pcgeKsKtWa5680naQtA4AJdMeaH0ibX04JlOygJqGZfE15NVQ/0?wx_fmt=png	https://sanwen8.cn/p/464GTVd.html
http://www.100bestrestaurants.com/images/banana/001_04.jpg	http://www.100bestrestaurants.com/?router=feature&page=0004_1
http://img.redocn.com/sheying/20141101/chengsededayehongjiaohua_3367863.jpg	http://m.redocn.com/dongwuzhiwu_3367863.html
http://www.chantuguan.com/ueditor/php/upload/image/20170523/1495508226305826.jpg	http://www.chantuguan.com/baike/549.html
http://www.yuanlin.com/console/editor/UploadFile/20051111153731468.jpg	http://yy.yuanlin.com/detail/2598.html
http://www.moleq.com/foodinfo/home/wp-content/uploads/2017/02/redBanana.jpg	http://www.moleq.com/foodinfo/home/zh/%E7%B4%85%E8%95%89/
http://img.boqiicdn.com/Data/BK/A/1601/8/imagick36561452224899_y.jpg	http://www.boqii.com/entry/detail/2407.html
http://s12.sinaimg.cn/mw690/001MoBF2zy6SXQ7dZAT2b&690	http://blog.sina.com.cn/s/blog_613b13a40102vosx.html
http://img.redocn.com/sheying/20141113/dayehongjiaohua_3510613.jpg	http://sucai.redocn.com/dongwuzhiwu_3510611.html
http://www.neipet.com/wp-content/uploads/2016/06/hongjiao.png	http://www.neipet.com/plant/25765.html
http://gw.alicdn.com/bao/uploaded/i1/10592030432774793/T1hOpQXpFdXXXXXXXX_!!0-item_pic.jpg_200x200.jpg_.webp	https://m.taobao.com/article/F0DgCPFxCkCpDhFk.html
http://z.xiziwang.net/uploads/allimg/140725/14_140725164925_1.jpg	http://z.xiziwang.net/hua/14012/
https://st3.depositphotos.com/9449972/13521/i/1600/depositphotos_135212516-stock-photo-red-heliconia-flower.jpg	http://cn.depositphotos.com/135212516/stock-photo-red-heliconia-flower.html
http://www.xinyunguzheng.com/images/20174/6_G_y_9472089477.jpg	http://www.xinyunguzheng.com/guqin/89826.html
http://gw.alicdn.com/bao/uploaded/i4/16518041312972058/T1qSjqFilaXXXXXXXX_!!0-item_pic.jpg_200x200.jpg_.webp	https://m.taobao.com/article/F0DgCPFxCkCpDhFk.html
http://www.huayugu.com.cn/uploads/allimg/160706/1-160F60Z4330-L.jpg	http://www.huayugu.com.cn/hongjiao/13307.html
http://img3.jqw.com/2016/05/30/1672243/product/201606111349015318.jpg	http://www.xgjm.jqw.com/productShow-12272968.htm
http://s12.sinaimg.cn/mw690/001MoBF2zy6SXQe4JNVcb&690	http://blog.sina.com.cn/s/blog_613b13a40102vosx.html
http://gw.alicdn.com/bao/uploaded/i1/13849019040046770/T1Si7JXlxXXXXXXXXX_!!0-item_pic.jpg_200x200.jpg_.webp	https://m.taobao.com/article/F0DgCPFxCkCpDhFk.html
http://www.xinyunguzheng.com/images/20174/6_shop_6353753835.jpg	http://www.xinyunguzheng.com/guqin/89826.html
http://www.xinyunguzheng.com/images/20174/6_shop_1380745665.jpg	http://www.xinyunguzheng.com/guqin/89826.html
http://www.xinyunguzheng.com/images/20174/6_shop_4077841356.jpg	http://www.xinyunguzheng.com/guqin/89826.html
http://img.zhuyun.cn/M00/5B/8A/wKgJNFbpBhmAVmjGAACX-Hac_tI877.jpg	http://www.keshangdao.com/Sub/yunong
http://www.xinyunguzheng.com/images/20174/6_shop_3738849405.jpg	http://www.xinyunguzheng.com/guqin/89826.html
http://www.chinabaike.com/uploads/allimg/160316/212F63439-1.jpg	http://www.chinabaike.com/t/9509/2016/0316/4486178.html
http://gw.alicdn.com/bao/uploaded/i1/T1JuztFJXaXXXXXXXX_!!0-item_pic.jpg_200x200.jpg_.webp	https://m.taobao.com/article/F0DgCPFxCkCpDhFk.html
https://w4.sanwen8.cn/mmbiz/v6QFugOuhoiaYRia8iaVcaM2h3HPeGf9uFwvSJsXrdaw7bFuOJ46JFD9OyARJgHEp44U9SlOraOgoMfh3wS1s2MgQ/0?wx_fmt=png	https://sanwen8.cn/p/464GTVd.html
http://www.ti29.com/tu/757551.jpg	http://www.ti29.com/hua/2637.html
http://s8.sinaimg.cn/mw690/001pShOZzy6T9U3Fh0H17&690	http://blog.sina.com.cn/s/blog_4d65395d0102voh1.html
http://img4.artron.net/artist/A0261847/brt026184700123.jpg	http://zhuyuangeng.artron.net/works_detail_brt026184700123
http://www.ti29.com/tu/757651.jpg	http://www.ti29.com/hua/2637.html
http://www.dopic.net/uploadfile/2015/0819/20150819110018991.jpg	http://www.dopic.net/picture/6650.html
https://w6.sanwen8.cn/mmbiz/v6QFugOuhoiaYRia8iaVcaM2h3HPeGf9uFwYySvibC4l56paLkS0BZibEJOPPTLhibNw0riahjicaKqKYzUyjxsOYU44CQ/0?wx_fmt=png	https://sanwen8.cn/p/464GTVd.html
http://www.rensheng2.com/upload/2016/03/14/e85c9912-196b-425b-b4e6-020db6a9c4d8.jpg	http://www.rensheng2.com/1130000/1127887.shtml
http://zw3wmap1.zw3e.com:8080/zw_news_map/350/2014053/1400895720646626555.jpg	http://www.zw3e.com/bk/guanyezhiwu/wcdwf.html
http://www.artnet.com/WebServices/images/ll03650lldZFFJFgkzbR3CfDrCWvaHBOcuqpE/various-chinese-artists-%E9%99%B6%E5%86%B7%E6%9C%88%EF%BC%881895%EF%BD%9E1985%EF%BC%89%E6%B1%9F%E7%BA%A2%E8%95%89%EF%BC%881898%EF%BD%9E1972%EF%BC%89-%E5%B1%B1%E6%B0%B4%C2%B7%E4%B9%A6%E6%B3%95.jpg	http://www.artnet.com/artists/various-chinese-artists/%E9%99%B6%E5%86%B7%E6%9C%8818951985%E6%B1%9F%E7%BA%A2%E8%95%8918981972-%E5%B1%B1%E6%B0%B4%E4%B9%A6%E6%B3%95-_mqa8AQwagWi19YijwThCw2
http://i0.bbswater.fd.zol-img.com.cn/t_s1200x5000/g5/M00/09/03/ChMkJ1c6y2mIKFrSAAXfpqk6OG8AARiygLO1aEABd--820.jpg	http://bbs.zol.com.cn/dcbbs/d657_607318.html
http://img.mp.itc.cn/upload/20170619/b39d0e54659c44fda4d37f4e096c4763_th.jpg	http://www.sohu.com/a/150178408_486078
