
http://a3.att.hudong.com/57/52/01300000305680130689526954122_s.jpg	http://www.baike.com/wiki/%E7%B2%89%E7%B4%AB%E9%87%8D%E7%93%A3%E6%9C%A8%E6%A7%BF
http://img.zuihua.com/data/attachment/portal/201501/20/155943c3f8xf4xmrasx7m5.jpg	http://jeeed.com/%E7%B2%89%E7%B4%AB%E9%87%8D%E7%93%A3%E6%9C%A8%E6%A7%BF/
http://a4.att.hudong.com/56/74/20300542879568144663742071930_s.jpg	http://www.baike.com/wiki/%E7%B2%89%E7%B4%AB%E9%87%8D%E7%93%A3%E6%9C%A8%E6%A7%BF
http://www.yeehua.net/pic/2006/IMG20026.JPG	http://www.yeehua.net/picview.asp?tpid=137
http://pic1.huashichang.com/2017/0120/23/588227d7bb823.jpg	http://www.aihuhua.com/tu/fenzichongbanmujin.html
https://gss1.bdstatic.com/-vo3dSag_xI4khGkpoWK1HF6hhy/baike/s%3D220/sign=0ad51ecdc93d70cf48faad0fc8ded1ba/d043ad4bd11373f0f7e9236ba40f4bfbfaed046b.jpg	https://baike.baidu.com/item/%E7%B2%89%E7%B4%AB%E9%87%8D%E7%93%A3%E6%9C%A8%E6%A7%BF
http://img.boqiicdn.com/Data/BK/A/1601/20/imagick28221453279362_y.jpg	http://www.boqii.com/entry/detail/2439.html
https://gss3.bdstatic.com/7Po3dSag_xI4khGkpoWK1HF6hhy/baike/s%3D220/sign=2841e81a48a7d933bba8e3719d4ad194/86d6277f9e2f07080fcaf80ee324b899a801f2f5.jpg	https://baike.baidu.com/item/%E7%B2%89%E7%B4%AB%E9%87%8D%E7%93%A3%E6%9C%A8%E6%A7%BF
http://img.boqiicdn.com/Data/BK/A/1601/20/imagick81581453277042_y.jpg	http://www.boqii.com/entry/detail/2439.html
http://image.zixundingzhi.com/64lmbnZB5HBFl4UoDY1exX4x8c0=/660x0/full/8dcec4dee9252d46cffcdfb1305af66b0f41f1ae	https://www.zixundingzhi.com/all/09f877a1edb9faad.html
http://pic1.huashichang.com/2017/0120/23/588227d70bcc4.jpg	http://www.aihuhua.com/tupian/tupiansnd.html
http://www.neipet.com/wp-content/uploads/2016/07/%E7%B2%89%E7%B4%AB%E9%87%8D%E7%93%A3%E6%9C%A8%E6%A7%BF-210x210.png	http://www.neipet.com/fzcbmj/
http://s2.sinaimg.cn/middle/59b5724cgddee01a23151&690	http://blog.sina.com.cn/s/blog_59b5724c0102ekfr.html
https://i2.kknews.cc/large/26e2000495c5cde80681	https://kknews.cc/news/maonjog.html
http://img.boqiicdn.com/Data/BK/A/1601/20/imagick50121453278199_y.jpg	http://www.boqii.com/entry/detail/2439.html
http://img.boqiicdn.com/Data/BK/A/1601/20/imagick36001453278137_y.jpg	http://www.boqii.com/tag/28843/
http://www.52yhua.com/uploads/allimg/170507/1-1F50H22618-50.jpg	http://m.52yhua.com/mubentp/7267.html
http://pic.xeeok.com/uploads/20170413/201704131847426310/259135_004.jpg	http://www.xeeok.com/wangluo_detail_17209_4.html
http://pic1.win4000.com/pic/b/78/9d321351689.jpg	http://www.win4000.com/meinv113372_5.html
http://img.boqiicdn.com/Data/BK/P/imagick76621453280530.jpg	http://www.boqii.com/entry/detail/2439.html
http://pic1.win4000.com/pic/b/78/9d321351691.jpg_195.jpg	http://www.win4000.com/meinv113372.html
http://image.zixundingzhi.com/pU3UFipuy-rMuh42vU6WJFOeSQw=/660x0/full/72485f59fc0b024e1c8ba313b9e0b974e233a628	https://www.zixundingzhi.com/all/09f877a1edb9faad.html
http://pic1.huashichang.com/2017/0120/23/588227d9ac58a.jpg	http://www.aihuhua.com/tu/fenzichongbanmujin.html
http://img.redocn.com/sheying/20170605/fenzizhongbanmu_8291053.jpg	http://sucai.redocn.com/dongwuzhiwu_8291053.html
http://img.tulaoshi.com/ueditor/201706/08/4b3764f4cf15a742572fa904742411f9.jpg	http://www.tulaoshi.com/n/20170608/2652472.html
https://www.cmeii.com/uploads/allimg/1702/1-1F21314011AI.jpg	https://www.cmeii.com/xinhe/8330.html
https://gss3.bdstatic.com/7Po3dSag_xI4khGkpoWK1HF6hhy/baike/s%3D220/sign=edc8f3376163f624185d3e01b745eb32/caef76094b36acaf310aeef276d98d1000e99cd1.jpg	https://baike.baidu.com/item/%E7%B2%89%E7%B4%AB%E9%87%8D%E7%93%A3%E6%9C%A8%E6%A7%BF%EF%BC%88%E5%8F%98%E5%9E%8B%EF%BC%89
http://img.redocn.com/sheying/20160726/fenzizhongbanmu_6763657.jpg	http://sucai.redocn.com/dongwuzhiwu_8291053.html
http://pic1.win4000.com/pic/b/78/9d321351685.jpg	http://www.win4000.com/meinv113372.html
http://map1.zw3w.com:8080/zw_news_map/350/2014053/1400897794127494514.jpg	http://zwbk.idwoo.com/archives/tag/%E8%AE%A4%E8%AF%86%E7%B2%89%E7%B4%AB%E9%87%8D%E7%93%A3%E6%9C%A8%E6%A7%BF%E7%B2%89%E7%B4%AB%E9%87%8D%E7%93%A3%E6%9C%A8%E6%A7%BF%E7%9F%A5%E5%A4%9A%E5%B0%91
http://s7.sinaimg.cn/large/004m4VTczy73qlFKpXo46&690	http://weibo.com/p/230418edde92020102wdxs?from=page_100505_profile&wvr=6&mod=wenzhangmod
http://p2.pstatp.com/origin/1b7a00008c7206b4a049	http://www.tjfer.com/detail/g6407165658748322049/
http://img.tulaoshi.com/201706/08/e004ece6cdfa08467e766ba6898fea68.jpg	http://www.tulaoshi.com/fenzizhongbanmujin/
http://pic1.huashichang.com/2017/0120/23/588227d82164f.jpg	http://www.aihuhua.com/tupian/tupiansng.html
http://pic1.huashichang.com/2017/0120/23/588227da7d43e.jpg	http://www.aihuhua.com/tu/fenzichongbanmujin.html
http://pic1.huashichang.com/2017/0120/23/588227dae7a4b.jpg	http://www.aihuhua.com/tu/fenzichongbanmujin.html
http://img.mp.sohu.com/upload/20170624/c769a8e4abf6400f958e604f1f3af94f_th.png	http://www.sohu.com/a/151706632_731890
http://img.redocn.com/sheying/20160817/fenzizhongbanmumeilidehuazhi_6932151.jpg	http://sucai.redocn.com/dongwuzhiwu_6932151.html
http://img.mp.sohu.com/upload/20170624/d624d2e3faee4537b4491e5e9ae3773e_th.png	http://www.sohu.com/a/151706632_731890
http://img.mp.sohu.com/upload/20170624/6a28799f8ebf453994de855688f86bb0_th.png	http://www.sohu.com/a/151706632_731890
http://pic1.huashichang.com/2017/0120/23/588227d76c4ef_200_140.jpg	http://m.aihuhua.com/tu/fenzichongbanmujin.html
http://p1.pstatp.com/origin/1b790002056938b9c590	http://www.tjfer.com/detail/g6407165658748322049/
http://image.zixundingzhi.com/JGYzphCWVz6VcMxVTk-G-Y2OyOA=/660x0/full/5bf2174fafb7407fc70f3ab8f21aa47f1352da8c	https://www.zixundingzhi.com/all/09f877a1edb9faad.html
http://pic1.huashichang.com/2017/0120/23/588227d87f562_200_140.jpg	http://m.aihuhua.com/tu/fenzichongbanmujin.html
http://image.zixundingzhi.com/ft1JAkecn2oI4iOgUignqs5Zxiw=/660x0/full/bf3c19c12fe2e0c16315ca7803ec518143e7e089	https://www.zixundingzhi.com/all/09f877a1edb9faad.html
http://img.mp.sohu.com/upload/20170624/2e93e9fee2d745bdb32b68c4d5f1b8fc_th.png	http://www.sohu.com/a/151706632_731890
http://img.boqiicdn.com/Data/BK/A/1601/20/imagick92561453279330_y.jpg	http://www.boqii.com/article/26009.html
http://www.yeehua.net/pic/2015/P50816-093259.jpg	http://yeehua.net/picview.asp?tpid=14423
http://www.china5080.com/albumphoto?pid=1117105	http://m.china5080.com/detail/540882.html
http://s11.sinaimg.cn/bmiddle/001EbTiLgy6U9KrL1MK8a&690	http://blog.sina.cn/dpool/blog/s/blog_5a01156f0102vz2k.html?md=gd
http://www.china5080.com/albumphoto?pid=1117106	http://m.china5080.com/detail/540882.html
http://img.tulaoshi.com/ueditor/201706/08/199d1b51d0d4863b59c834dd92d9812e.jpg	http://www.tulaoshi.com/n/20170608/2652472.html
http://img.pconline.com.cn/images/upload/upc/tx/photoblog/1308/30/c0/25074930_25074930_1377812225156_mthumb.jpg	http://dp.pconline.com.cn/photo/2528515.html
http://www.yeehua.net/pic/2006/IMG2_0259.JPG	http://www.yeehua.net/zwdetail.asp?cs=6&zw_id=2153
http://www.yeehua.net/pic/2006/IMG2_0917.JPG	http://www.yeehua.net/picview.asp?tpid=710
http://www.china5080.com/albumphoto?pid=1117107	http://m.china5080.com/detail/540882.html
http://spic.xeeok.com/uploads/20170413/201704131847426310/259135_001_s.jpg	http://www.xeeok.com/wangluo_detail_17209_4.html
http://i0.bbswater.fd.zol-img.com.cn/t_s1200x5000/g5/M00/03/0A/ChMkJ1ekNWSIPYl3AAF0uPvbWXQAAULsQKaOUoAAXTQ030.jpg	http://bbs.zol.com.cn/dcbbs/d34027_3345.html
http://p2.pstatp.com/origin/1b7900020560d133c9a5	http://www.tjfer.com/detail/g6407165658748322049/
http://i3.bbswater.fd.zol-img.com.cn/t_s1200x5000/g5/M00/04/02/ChMkJleltlmIajtmAAIecyfjRvMAAUNxwLiL7cAAh6L029.jpg	http://bbs.zol.com.cn/dcbbs/d34027_3355.html
http://s5.sinaimg.cn/large/004m4VTczy73qlGk03a24&690	http://weibo.com/p/230418edde92020102wdxs?from=page_100505_profile&wvr=6&mod=wenzhangmod
http://p2.pstatp.com/origin/1b76000646ed43a89af3	http://www.tjfer.com/detail/g6407165658748322049/
http://img.mp.sohu.com/upload/20170624/1b8577fa77cf4f4e9226cb94a5a3da85_th.png	http://www.sohu.com/a/151706632_731890
http://www.china5080.com/albumphoto?pid=1117108	http://m.china5080.com/detail/540882.html
http://s10.sinaimg.cn/bmiddle/001EbTiLgy6U9Ks0QOJ59&690	http://blog.sina.cn/dpool/blog/s/blog_5a01156f0102vz2k.html?md=gd
http://www.yeehua.net/pic/2015/P50816-093319.jpg	http://www.yeehua.net/zwdetail.asp?cs=6&zw_id=2153
http://img.redocn.com/sheying/20160712/fenzizhongbanmu_6673575.jpg	http://sucai.redocn.com/dongwuzhiwu_8291053.html
http://p1.pstatp.com/origin/1b7900020565da06a9d3	http://www.tjfer.com/detail/g6407165658748322049/
http://p1.pstatp.com/origin/1b7700063bbf4b49de05	http://www.tjfer.com/detail/g6407165658748322049/
http://upload-images.jianshu.io/upload_images/5841873-6622a0020f3c8711.jpg?imageMogr2/auto-orient/strip%7CimageView2/2/w/1080/q/50	http://www.jianshu.com/p/21abca2c2643
http://img.pconline.com.cn/images/upload/upc/tx/photoblog/1308/30/c0/25074930_25074930_1377812222722_mthumb.jpg	http://dp.pconline.com.cn/photo/2528515.html
http://i2.bbswater.fd.zol-img.com.cn/t_s1200x5000/g5/M00/03/0A/ChMkJlekNWSIKwvbAAFxYO-8SmMAAULsQKbuvYAAXF4748.jpg	http://bbs.zol.com.cn/dcbbs/d34027_3345.html
http://temp4.jinnong.cn/201403/20150713105621344.jpg	https://www.ltzg.com.cn/news/149054.html
http://www.china5080.com/albumphoto?pid=1117109	http://m.china5080.com/detail/540882.html
http://s3.sinaimg.cn/large/004m4VTczy73qmzeA9kd2&690	http://weibo.com/p/230418edde92020102wdxs?from=page_100505_profile&wvr=6&mod=wenzhangmod
http://www.soomal.com/images/doc/20160823/00062825_01.jpg	http://www.soomal.com/pic/10100062825.htm
http://www.yeehua.net/pic/2007/IMG3_1738.JPG	http://www.yeehua.net/zwdetail.asp?cs=6&zw_id=2153
http://s4.sinaimg.cn/bmiddle/001EbTiLgy6U9KsjoGv53&690	http://blog.sina.cn/dpool/blog/s/blog_5a01156f0102vz2k.html?md=gd
http://www.meiwai.net/uploads/allimg/c150604/143342L3J9C0-25151.jpg	http://www.meiwai.net/dongwu/368614.html
http://i0.bbswater.fd.zol-img.com.cn/t_s1200x5000/g5/M00/04/02/ChMkJ1eltmOIVd-hAAHAsHCorhEAAUNxwMlS54AAcDI810.jpg	http://bbs.zol.com.cn/dcbbs/d34027_3355.html
http://www.yeehua.net/pic/2007/IMG3_0246.JPG	http://www.yeehua.net/zwdetail.asp?cs=6&zw_id=2153
http://i2.bbswater.fd.zol-img.com.cn/t_s1200x5000/g5/M00/03/0A/ChMkJ1ekNWaISS_kAAFh9YnDyrsAAULsQKdQ8AAAWIN638.jpg	http://bbs.zol.com.cn/dcbbs/d34027_3345.html
http://img02.sogoucdn.com/net/a/100520101/link?appid=100520101&url=http://mmbiz.qpic.cn/mmbiz_jpg/qPVBRQLAuxpkgyjFPk6SfN16VMOjv0NkrQOrVVEVRQovPicg3YBZiaiam78JO9X1FlkhAA7BqsCsndlLCQzB5NvkQ/0?wx_fmt=jpeg	http://baike.m.sogou.com/baike/weixinArticle.jsp?lid=73136684&g_ut=3&title=%E7%99%BD%E8%8A%B1%E9%87%8D%E7%93%A3%E6%9C%A8%E6%A7%BF
http://www.yeehua.net/pic/2006/IMG_9385%E6%9C%A8%E6%A7%BF.JPG	http://www.yeehua.net/zwdetail.asp?cs=6&zw_id=2153
http://www.china5080.com/albumphoto?pid=1117110	http://m.china5080.com/detail/540882.html
http://s9.sinaimg.cn/bmiddle/001EbTiLgy6U9KsqY0868&690	http://blog.sina.cn/dpool/blog/s/blog_5a01156f0102vz2k.html?md=gd
http://i0.bbswater.fd.zol-img.com.cn/t_s1200x5000/g5/M00/03/0A/ChMkJlekNW6IPESmAAF47-OLOykAAULsQN1MPYAAXkH980.jpg	http://bbs.zol.com.cn/dcbbs/d34027_3345.html
https://www.cmeii.com/uploads/allimg/1702/1-1F21314012E38.jpg	https://www.cmeii.com/miaotou/8338.html
http://www.china5080.com/albumphoto?pid=1117111	http://m.china5080.com/detail/540882.html
http://i1.bbswater.fd.zol-img.com.cn/t_s1200x5000/g5/M00/03/0A/ChMkJ1ekNXCIWbdhAAEYl8IpPE4AAULsQN2t28AARiv211.jpg	http://bbs.zol.com.cn/dcbbs/d34027_3345.html
http://img.xunhai.com/2015/11/27/144858908083469.jpg	http://www.xunhai.com/fenzizhongbanmujin/
http://img.boqiicdn.com/Data/BK/P/imagick94361453280678.jpg	http://www.boqii.com/entry/detail/2439.html
http://s15.sinaimg.cn/mw690/003yjhUPgy6Tlg54P6e3e&690	http://blog.sina.com.cn/s/blog_c209532f0102vkbx.html
http://i0.bbswater.fd.zol-img.com.cn/t_s1200x5000/g5/M00/04/02/ChMkJleltn6IOqUSAAGa5nb3dDgAAUNyACl510AAZr-936.jpg	http://bbs.zol.com.cn/dcbbs/d34027_3355.html
http://s16.sinaimg.cn/mw690/003yjhUPgy6Tlg8F9T16f&690	http://blog.sina.com.cn/s/blog_c209532f0102vkbx.html
http://i2.bbswater.fd.zol-img.com.cn/t_s1200x5000/g5/M00/04/02/ChMkJ1eltneIFKf0AAFbR8v7PREAAUNyABfnhwAAVtf028.jpg	http://bbs.zol.com.cn/dcbbs/d34027_3355.html
http://pic36.photophoto.cn/20150810/0035035754468836_b.jpg	http://jeeed.com/%E7%B2%89%E7%B4%AB%E9%87%8D%E7%93%A3%E6%9C%A8%E6%A7%BF/
http://www.zhiwutong.com/tu/cvh/2006/5/26/114034.jpg	http://www.zhiwutong.com/dan_tu/51/41057.htm
http://i1.bbswater.fd.zol-img.com.cn/t_s1200x5000/g5/M00/03/0A/ChMkJlekNXCIFQOnAAEz5xG81twAAULsQN4ZH0AATP_107.jpg	http://bbs.zol.com.cn/dcbbs/d34027_3345.html
https://www.cmeii.com/uploads/allimg/1702/1-1F2131401201U.jpg	https://www.cmeii.com/miaotou/8338.html
