
https://upload.wikimedia.org/wikipedia/commons/1/18/CercisChinensisShrub2.jpg	https://zh.wikipedia.org/wiki/%E7%B4%AB%E8%8D%86
http://a3.att.hudong.com/64/04/01300543037171142313046597736.jpg	http://www.baike.com/wiki/%E6%B4%8B%E7%B4%AB%E8%8D%86
http://a3.att.hudong.com/10/65/01300000121401121066654189364_s.jpg	http://www.baike.com/wiki/%E7%B4%AB%E8%8D%86%E8%8A%B1
http://pic20.nipic.com/20120426/6276853_194300358191_2.jpg	http://www.nipic.com/show/1/44/6090664kc01992f7.html
https://gss0.bdstatic.com/94o3dSag_xI4khGkpoWK1HF6hhy/baike/c0%3Dbaike60%2C5%2C5%2C60%2C20/sign=b9b449bac45c10383073c690d378f876/c2fdfc039245d68884dbfb04a6c27d1ed31b24b0.jpg	https://baike.baidu.com/item/%E7%B4%AB%E8%8D%86
https://upload.wikimedia.org/wikipedia/commons/thumb/9/97/CercisChinensisFlowers3.jpg/220px-CercisChinensisFlowers3.jpg	https://zh.wikipedia.org/wiki/%E7%B4%AB%E8%8D%86
http://photo.hanyu.iciba.com/upload/encyclopedia_2/03/de/bk_03de79210e1a5f447566148838755a14_dbf5RQ.jpg	http://www.52shici.com/works.php?mem_id=57792&works_id=768204
http://idoimg.3mt.com.cn/Article/upload/201104/110406185685151.jpg	http://ido.3mt.com.cn/Article/201104/show2166508c34p1.html
http://www.ew9z.com/wp-content/uploads/2010/03/Cercis_Chinensis_flower_4.jpg	http://www.ew9z.com/zijihua-ziliao-tupian.html
http://www.ew9z.com/wp-content/uploads/2010/03/Cercis_Chinensis_tree_1.jpg	http://www.ew9z.com/zijihua-ziliao-tupian.html
http://pic1.nipic.com/20090313/1990250_154248044_2.jpg	http://www.nipic.com/show/1/44/0c2cd7c5348293f8.html
http://pic7.nipic.com/20100421/4770640_182351069072_2.jpg	http://www.nipic.com/show/1/8/003eeefb15af8e74.html
http://a0.att.hudong.com/73/67/20200000013920144735670482888_s.jpg	http://www.baike.com/wiki/%E7%B4%AB%E8%8D%86%E6%A0%91
http://b2b.image.yuanlin.com/Biz/2009-12/200912241312465573.jpg	http://zqs585858.yuanlin.com/sell-m88028.html
https://tc.sinaimg.cn/maxwidth.800/tc.service.weibo.com/www_nahuayuan_com/f230db2dd4f2b7b628f96872f577aec6.jpg	http://weibo.com/ttarticle/p/show?id=2309403984061793208177
http://sns.people.com.cn/uploads/figureCaptions/Image/e7/8e/8b/e585b02e626c6f67/1333803366053.JPG	http://blog.people.com.cn/article/1333803579304.html
http://pic2.nipic.com/20090331/2339677_201706027_2.jpg	http://www.nipic.com/show/1/47/708a8689ca151878.html
http://n.sinaimg.cn/gx/transform/20160220/BfYv-fxprucv9757836.jpg	http://gx.sina.com.cn/news/gx/2016-02-20/detail-ifxprucu3037120.shtml
http://image.sciencenet.cn/album/201104/15/085033uutvupznnf0evbts.jpg	http://wap.sciencenet.cn/blogview.aspx?id=433415
http://jingdian.youbian.com/uploads/jingdianinfo/11/7912_16189_0.gif	http://jingdian.youbian.com/info2906/
http://www.xiangyumiaomu.com/uploads/allimg/131113/1-1311131A3260-L.jpg	http://www.xiangyumiaomu.com/product/zijing_9.html
http://www.zpjiasheng.com/newUpload/jiasheng/20150911/1441933648958fa9c9112.jpg?from=90	http://zpjiasheng.com/products/1cb2c9d1a74543698cde879fc1537270.html
http://image96.360doc.com/DownloadImg/2016/04/0422/69157931_2.jpg	http://www.360doc.com/content/16/0404/22/14540902_547896275.shtml
http://360mm.cc/file/upload/201601/17/20-06-26-82-1.jpg	http://www.360mm.cc/news/show-htm-itemid-9604.html
https://upload.wikimedia.org/wikipedia/commons/thumb/a/ab/Cercis_chinensis_%C3%96BG_2012-05-13_05.jpg/200px-Cercis_chinensis_%C3%96BG_2012-05-13_05.jpg	https://zh.wikipedia.org/wiki/%E7%B4%AB%E8%8D%86
http://pic23.nipic.com/20120730/4617816_212955503100_2.jpg	http://www.nipic.com/show/1/44/6677321k01f6d92e.html
https://upload.wikimedia.org/wikipedia/commons/thumb/4/46/Bauhinia_blakeana_%28Key_West%29.jpg/250px-Bauhinia_blakeana_%28Key_West%29.jpg	https://zh.wikipedia.org/wiki/%E6%B4%8B%E7%B4%AB%E8%8D%8A
http://img22.mtime.cn/up/2011/04/18/185455.87853753_o.jpg	http://i.mtime.com/co446co/photo/5151919/
http://www.miaomulxt.com/uploads/%E5%B7%A8%E7%B4%AB%E8%8D%861.jpg	http://www.lxtyuanlin.com/2.html
http://news.xiancn.com/images/attachement/jpg/site2/20130328/001e4f983eb812bdfefc1a.jpg	http://www.9yjk.com/%E9%A6%99%E6%B8%AF%E7%B4%AB%E8%8D%86%E8%8A%B1%E6%97%97%E5%B8%9C%E5%9B%BE%E7%89%87/
http://www.miaomu.cc/upfiles/201304/20134223560665.jpg	http://www.miaomu.cc/miaomu.asp?id=35
http://dashulin.com/wp-content/uploads/2011/03/zijing3.jpg	http://dashulin.com/zijing/
http://a4.att.hudong.com/70/67/01100000000000144735670793648_s.jpg	http://www.baike.com/wiki/%E7%B4%AB%E8%8D%86%E6%A0%91
http://gc.yuanlin.com/UpLoadFile/200911/20091127134251305.jpg	http://gc.yuanlin.com/HTML/Article/2009-11/Yuanlin_Project_5883.HTML
http://pic21.nipic.com/20120516/9191709_091643286189_2.jpg	http://www.nipic.com/show/1/44/6220626k661f9f6a.html
http://a1.att.hudong.com/82/60/01300000121401121066608920831_s.jpg	http://www.baike.com/wiki/%E7%B4%AB%E8%8D%86%E8%8A%B1
http://www.zhang007.com/upload/201303/1364133019.jpg	http://www.zhang007.com/product/zj.htm
http://travel.luan.gov.cn/data/upfile/lysw_pic/09121510511560.jpg	http://travel.luan.gov.cn/t_jd/show_jd.php?ID=88
http://idoimg.3mt.com.cn/Article/upload/201104/110406185760300.jpg	http://ido.3mt.com.cn/Article/201104/show2166508c34p1.html
http://a0.att.hudong.com/76/63/01300000121401121066634157904_s.jpg	http://www.baike.com/wiki/%E7%B4%AB%E8%8D%86%E8%8A%B1
http://blog.sciencenet.cn/upload/blog/images/2008/8/2008831152449382.jpg	http://blog.sciencenet.cn/home.php?mod=space&uid=5967&do=blog&id=36816
http://a2.att.hudong.com/54/04/20300543155789142986046080671_s.jpg	http://www.baike.com/wiki/%E6%B4%8B%E7%B4%AB%E8%8D%86
https://www.huabaike.com/uploads/allimg/artimg/201606/20160602131658_51289.jpg	https://m.huabaike.com/jtyh/3925.html
http://pic20.nipic.com/20120406/5681300_091449478193_2.jpg	http://www.nipic.com/show/1/44/5969874k85d0a994.html
http://img01.hua.com/uploadpic/images/20166271727533810687.jpg	http://www.hua.com/huayu/16332.html
https://dimg06.c-ctrip.com/images/fd/tg/g2/M04/A2/ED/CghzgVVkPGGAKJOOAA24QxrzhFk972_C_350_230.jpg	http://you.ctrip.com/sight/hongkong38/26253.html
http://www.shzijing.com.cn/up_files/%E7%B4%AB%E8%8D%86.jpg	http://www.shzijing.com.cn/products/9/
http://imgs9.iaweg.com/pic/HTTP3BpYzEzLm5pcGljLmNvbS8yMDEwMTEyMC82MjQ1NjgzXzIwNDgxMTA0MTA5OF8yLmpwZwloglog.jpg	http://www.iaweg.com/tupian/gvxlnpkpqm
http://pica.nipic.com/2007-11-13/2007111311155818_2.jpg	http://www.donghangprint.com/keji/20100828/40296.html
http://pic62.nipic.com/file/20150324/5347467_150046859617_2.jpg	http://www.nipic.com/show/12107812.html
http://n.sinaimg.cn/gx/transform/20160219/W47A-fxpsfak1655426.jpg	http://gx.sina.com.cn/news/gx/2016-02-19/detail-ifxprucs6248875.shtml
http://img03.tooopen.com/images/20130507/tooopen_21144678.jpg	http://www.tooopen.com/tag/%E7%B4%AB%E8%8D%86%E8%8A%B1.aspx
http://pic16.nipic.com/20110810/8129029_235208532169_2.jpg	http://www.nipic.com/show/5000590.html
http://www.baihuamen.com/d/file/2014/03-20/10868d0823157fc32ca07aa4aaa6840e.jpg	http://www.baihuamen.com/zijinghua/
http://www.diestogo.com/picture/2009022313160159.jpg	http://www.diestogo.com/product/detail-8023.html
http://www.wjhlcz.com/lsxx/UploadFiles_8911/200806/2008061014133182.jpg	http://bbs.zyrb.com.cn/thread-256906-1-1.html
http://www.bm8.com.cn/flower/photo/%E7%B4%AB%E8%8D%868.jpg	http://www.bm8.com.cn/flower/show.asp?id=74
https://img.ys137.com/data/upload/ueditor/20170114/5879f62c4c76f.jpg	http://www.wolaima.com/55901.html
http://pic12.nipic.com/20110107/6208344_162832265000_2.jpg	http://www.nipic.com/show/1/44/4139288kd1157eda.html
https://www.huabaike.com/uploads/allimg/artimg/201606/20160602131643_80955.jpg	https://m.huabaike.com/jtyh/3925.html
http://www.yuanlin8.com/uploadfile/201003/31/2125200857.jpg	http://www.yuanlin8.com/xueyuan/c16/6433.html
http://pic17.nipic.com/20111021/740007_114157670171_2.jpg	http://www.nipic.com/show/1/44/5251135k27178ade.html
http://imglf4.ph.126.net/dN2GdUTVJYH1aACsVkS-DA==/6597417212330938134.jpg	http://song022.lofter.com/post/1073c9_317571
http://www.999miaomu.com/uploads/allimg/130322/2-130322095036262.jpg	http://www.999miaomu.com/huahui/92/
http://image23.360doc.com/DownloadImg/2011/02/1314/9130770_12	http://www.360doc.com/content/11/0213/14/1689336_92682247.shtml
http://img12.007swz.com/cpimg/guanmu/9AJbIagsN_1393896426.jpg	http://www.007swz.com/t/%D7%CF%BE%A3%CA%F7%C3%E7
http://dasouji.com/wp-content/uploads/2017/07/%E7%B4%AB%E8%8D%86%E8%8A%B1-5.jpg	http://www.1fuhua.com/archives/tag/%E7%B4%AB%E8%8D%86%E8%8A%B1
http://www.scib.cas.cn/lyfw/hx/201703/W020170306352762045219.jpg	http://www.scib.cas.cn/lyfw/hx/201703/t20170306_4755264.html
http://img.sczlb.com/uploads/pictures/2016/02/rBPP28.png	http://www.sczlb.com/cate-news/93870.html
http://a0.att.hudong.com/13/62/01300000121401121066625421744_s.jpg	http://www.baike.com/wiki/%E7%B4%AB%E8%8D%86%E8%8A%B1
http://s1.sinaimg.cn/middle/4b1cc52atbdc23007d870&690	http://blog.sina.com.cn/s/blog_4b1cc52a0102dxb5.html?tj=1
http://pic18.nipic.com/20120103/8759743_181257663118_2.jpg	http://www.nipic.com/show/1/44/5590159k2dc1c55c.html
http://www.shmmw.co/pic%5C20040225151110.jpg	http://www.shmmw.co/product_detail.asp?type=4&id=8
http://pic13.nipic.com/20110420/6863287_003815895132_2.jpg	http://www.nipic.com/show/1/44/4475956kdc3b398f.html
http://www.wdptj.com/wp-content/uploads/2014/08/%E7%B4%AB%E8%8D%86%E8%8A%B1.jpg	http://www.wdptj.com/2231.html
https://gw.alicdn.com/bao/uploaded/i4/2445043724/TB2tA3SlDcCL1FjSZFPXXXZgpXa_!!2445043724.jpg_230x230.jpg	https://www.taobao.com/oshtml/buy-cn/cp_18--o7uo18--o8Pn.html
https://tc.sinaimg.cn/maxwidth.2048/tc.service.weibo.com/dingyue_nosdn_127_net/51647dc65ef3e33bb26d4b34f0f8dbe7.jpg	http://weibo.com/ttarticle/p/show?id=2309614074834249283009
http://pic.nipic.com/2007-11-13/2007111311550568_2.jpg	http://www.nipic.com/show/1/74/1b3ad15078f1d5f5.html
http://a1.att.hudong.com/08/67/01100000000000144735671049667_s.jpg	http://www.baike.com/wiki/%E7%B4%AB%E8%8D%86%E6%A0%91
http://img01.hua.com/uploadpic/images/201612513373194262.jpg	http://www.hua.com/huayu/14292.html
http://pic.miaomudi.com/compic/14047/gongying/201531221643.jpg	http://zijing.miaomudi.com/
https://dimg01.c-ctrip.com/images/fd/tg/g1/M00/7C/0E/CghzfVWwyFKALwVGAB7RQX5MUsk336_C_350_230.jpg	http://you.ctrip.com/sight/hongkong38/26253.html
http://pic.nipic.com/2008-03-08/200838946829_2.jpg	http://www.nipic.com/show/1/65/d4112897c15367b0.html
http://img.mp.itc.cn/upload/20170415/7f70594836b44fe39e3c57c59cc2b9eb_th.jpeg	http://www.sohu.com/a/134187875_648576
http://pic6.nipic.com/20100427/294739_024333228291_2.jpg	http://www.nipic.com/show/3077899.html
http://pic2.nipic.com/20090420/267232_055607064_2.jpg	http://www.nipic.com/show/1702855.html
http://wx3.sinaimg.cn/large/69efb82egy1fdvzjb2u5qg20dw05vqv5.jpg	http://gx.sina.com.cn/zimeiti/2017-03-23/detail-ifycsukm3278319.shtml
http://a3.att.hudong.com/43/64/01300000121401121066649653715_s.jpg	http://www.baike.com/wiki/%E7%B4%AB%E8%8D%86%E8%8A%B1
http://dasouji.com/wp-content/uploads/2017/07/%E7%B4%AB%E8%8D%86%E8%8A%B1-6.jpg	http://www.1fuhua.com/archives/tag/%E7%B4%AB%E8%8D%86%E8%8A%B1
http://dashulin.com/wp-content/uploads/2011/03/zijing5.jpg	http://dashulin.com/zijing/
https://www.huabaike.com/uploads/allimg/artimg/201612/20161216103915_84756.jpg	https://www.huabaike.com/yhjq/6335.html
https://www.huabaike.com/uploads/allimg/sltimg/201606/574fc0392fb4c.jpg	https://www.huabaike.com/chonghai/3924.html
https://gw.alicdn.com/bao/uploaded/i3/1070701702/TB2XmFGuXXXXXX8XpXXXXXXXXXX_!!1070701702.jpg_230x230.jpg	https://www.taobao.com/oshtml/buy-cn/cp_18--o7uo18--o8Pn.html
http://s10.sinaimg.cn/middle/6fba7475h95dc040d07c9&690	http://blog.sina.com.cn/s/blog_6fba74750100muwq.html
http://pic119.nipic.com/file/20161230/22733065_163426133000_2.jpg	http://www.nipic.com/show/16429415.html
http://img5.artron.net/artist/A0135912/brt013591200369.jpg	http://chenyongqiang.artron.net/works_detail_brt013591200369
http://dasouji.com/wp-content/uploads/2017/07/%E7%B4%AB%E8%8D%86%E8%8A%B1-4.jpg	http://www.1fuhua.com/archives/tag/%E7%B4%AB%E8%8D%86%E8%8A%B1
https://gss0.bdstatic.com/94o3dSag_xI4khGkpoWK1HF6hhy/baike/s%3D220/sign=47d8c52b7f3e6709ba0042fd0bc69fb8/d833c895d143ad4b314d7fcc82025aafa40f065e.jpg	https://baike.baidu.com/item/%E6%B0%B8%E8%BF%9C%E7%9B%9B%E5%BC%80%E7%9A%84%E7%B4%AB%E8%8D%86%E8%8A%B1
http://www.baihuamen.com/d/file/2014/04-19/07cd34d7bd789d8be3fe08985da0f619.jpg	http://www.baihuamen.com/honghuazijing/
http://n2-q.mafengwo.net/s5/M00/ED/F7/wKgB3FC1oLGATf-IAAgcWRHWA7M30.jpeg?imageMogr2%2Fthumbnail%2F%21305x183r%2Fgravity%2FCenter%2Fcrop%2F%21305x183%2Fquality%2F100	http://www.mafengwo.cn/poi/12259.html
