
http://www.tcm100.com/Images_ZhongYaoXue/Gegen-YuanTai.jpg	http://www.tcm100.com/userReg/JiaoCai/ZhongYaoXue/zzZhongYao26.htm
https://gss3.bdstatic.com/-Po3dSag_xI4khGkpoWK1HF6hhy/baike/w%3D268%3Bg%3D0/sign=2330dc4b259759ee4a5067cd8ac0242b/94cad1c8a786c91754f4ea7fca3d70cf3ac75784.jpg	https://baike.baidu.com/item/%E8%91%9B%E6%A0%B9
https://i1.kknews.cc/large/ad300010a064ee6bde6	https://kknews.cc/health/4pkn6v.html
https://pic.pimg.tw/ccu198855/1465873575-3985009107_n.jpg?v=1465873611	http://ccu198855.pixnet.net/blog/post/328337907-%E8%B1%90%E8%83%B8%E9%A3%9F%E6%9D%90%E3%80%8C%E8%91%9B%E6%A0%B9%E3%80%8D-%E6%87%B6%E4%BA%BA%E8%B1%90%E8%83%B8%E9%A3%9F%E8%A3%9C
http://p.ayxbk.com/images/thumb/a/a5/Bk1i1.jpg/200px-Bk1i1.jpg	http://www.a-hospital.com/w/%E8%91%9B%E6%A0%B9
http://img0.pclady.com.cn/pclady/1504/19/1292353_1.jpg	http://health.pclady.com.cn/healthzq/gg/index_6.html
http://s14.sinaimg.cn/mw690/bce37be0ge15bdf5bed6d&690	http://blog.sina.com.cn/s/blog_bce37be00101c5vv.html
http://www.dianshu119.com/uploads/201311/13841443649sO0SAwG.jpg	http://www.dianshu119.com/index.php?doc-view-1666.html
https://i1.kknews.cc/large/9df0001e366217b96af	https://kknews.cc/health/eopr6q.html
http://pic.baike.soso.com/ugc/baikepic2/4033/cut-20160111154805-1592182989.jpg/0	http://baike.soso.com/ShowTitle.e?sp=S%E8%91%9B%E6%A0%B9
http://www.zhongyaoyi.com/d/file/fuzuoyong/2015-11-01/906ecdf53217ab41bb9f799ec107049d.jpg	http://www.zhongyaoyi.com/t/gegen/
http://s5.sinaimg.cn/mw690/bce37be0g7cef95e97a64&690	http://blog.sina.com.cn/s/blog_bce37be00101c5vv.html
http://www.zhongyaoyi.com/d/file/tupian/2015-11-01/a91962f67ea066c7aa9655cf9bfc8f71.jpg	http://www.zhongyaoyi.com/t/gegen/
http://a2.att.hudong.com/16/73/19300534106437134476730449720.jpg	http://gegen.h.baike.com/article-497866.html
http://img.doheal.com/uploads/8/12/8128826E82_800x600.jpeg	http://www.doheal.com/article/5502.html
http://www.zhongyaoyi.com/d/file/tupian/2015-11-01/7ec501390a53d810f67abb1c1088af05.jpg	http://www.zhongyaoyi.com/t/gegen/
http://a0.att.hudong.com/34/85/19300534106437134476857305767_950.jpg	http://gegen.baike.com/
http://h2.bytravel.cn/shop/head/12793.gif	http://shop.bytravel.cn/produce/845B6839/
http://p.ayxbk.com/images/thumb/8/85/Bk1i0.jpg/220px-Bk1i0.jpg	http://www.a-hospital.com/w/%E8%91%9B%E6%A0%B9
http://a4.att.hudong.com/03/58/19300534106437134476581060710.jpg	http://gegen.h.baike.com/article-497822.html
http://www.tianwin.cn/upload/userfiles/%E8%91%9B%E6%A0%B9%E7%89%873(2).jpg	http://www.tianwin.cn/gg.html
http://img.39yst.com/uploads/2015/0105/1420438792488.jpg	http://www.39yst.com/zycb/201501/214138_9.shtml
https://img.diytrade.com/smimg/150664/26525192-2175476-0/nn/d81c.jpg	http://www.diseasefreetea.com/sdp/150664/2/pd-942492/10552789-2495119/%E8%91%9B%E6%A0%B9%E7%B2%89_%E8%91%9B%E7%B2%89_%E8%B6%85%E5%BE%AE%E7%B2%89_Kudzu_Root_Powder.html
http://pic.pingguolv.com/uploads/allimg/160902/136-160Z2093U1-lp.jpg	http://www.pingguolv.com/zy/gegenfen/list_71_2.html
http://www.chengantang.org/upload/201108/1314583390.jpg	http://www.chengantang.org/zhongyao/showimg.php?lang=cn&id=23
http://static.cndzys.com/20161018/be63acb93870a45555dd13ab98fb9ff4.jpg	http://www.cndzys.com/yssc/gegen/
http://pic.pimg.tw/t737t209/1381672694-2885443836.jpg	http://t737t209.pixnet.net/blog/post/5330782-%E8%91%9B%E6%A0%B9%E7%9A%84%E5%8A%9F%E6%95%88
http://pic.pingguolv.com/uploads/121207/1-12120G13204462.jpg	http://www.pingguolv.com/zy/gegenfen/
http://www.18ladys.com/tupian3/gegen3.jpg	http://www.18ladys.com/post/2150.html
http://img.39yst.com/uploads/2015/0105/1420438788276.jpg	http://www.39yst.com/zycb/201501/214138_3.shtml
http://image7.360doc.com/DownloadImg/2010/03/0217/2443829_1	http://www.360doc.com/content/10/0302/17/99869_17334963.shtml
https://i3.read01.com/uploads/0Bm7Iz02.jpg	https://read01.com/gzejkP.html
http://www.lynabio.com/wp-content/uploads/2017/06/%E8%91%9B%E6%A0%B93.jpg	http://www.lynabio.com/929.html
http://www.cqnhd.com/imageRepository/05025452-853d-41bd-ac88-324e9d6e3f61.jpg	http://www.cqnhd.com/
https://img.ys137.com/data/upload/ueditor/20161213/584f6ee8ea1e7.jpg	https://www.ys137.com/shicai/1681055.html
http://images.meishij.net/p/20120109/fc5a38b42b386bb38e2f3332a993a2a6_180x180.jpg	http://www.meishij.net/%E8%91%9B%E6%A0%B9
http://a2.att.hudong.com/73/54/19300534106437134476542798974_950.jpg	http://gegen.h.baike.com/article-497806.html
http://www.zhongyaoyi.com/d/file/tupian/2015-11-01/bc2a5acffa139c8956e82d2bdbd21bf9.jpg	http://www.zhongyaoyi.com/t/gegen/
https://i1.kknews.cc/large/5b000ae204e552fdfd	https://kknews.cc/health/anvxx.html
http://img1.readhouse.net/20161219/14821321231836319.jpg	http://www.readhouse.net/articles/138497790/
http://i.weather.com.cn/images/guizhou/gzly/tcxc/2009/11/16/60F169F717431BEC62D60C7DE6A55181.jpg	http://www.weather.com.cn/guizhou/gzly/tcxc/11/87251.shtml
http://m.39zhongyao.com/uploadfile/2016/0229/42-1510301A01X46.jpg	http://m.39zhongyao.com/zhongyaocai/gegenfen/12971.html
https://i2.kknews.cc/large/3f100025972e371245e	https://kknews.cc/other/kx5byr.html
http://tianyegy.com/images/up_images/20129519659.jpg	http://tianyegy.com/Product/210548529.html
http://img0.pchouse.com.cn/pchouse/baike/decorate/1112/gegenfen-(2).jpg	http://www.pchouse.com.cn/baike/shenghuo/909/
https://img.ys137.com/data/upload/ueditor/20170312/58c52f13e956a.jpg	https://www.ys137.com/yinshi/1691052.html
http://www.zhongyaoyi.com/d/file/tupian/2015-11-01/de05ba5b2b257c2343cb911c7d14c37a.jpg	http://www.zhongyaoyi.com/t/gegen/
http://images.meishij.net/p/20130617/b41234b1e9959fdfced028daa50ba707.jpg	http://www.meishij.net/%E8%91%9B%E6%A0%B9
http://pic.pingguolv.com/uploads/allimg/151104/77-1511041G208.jpg	http://www.pingguolv.com/sl/yingyang/28569.html
http://www.zhongyao360.com/uploads/160328/31-16032QG9212Y.jpg	http://www.zhongyao360.com/z/gegen/
http://a0.att.hudong.com/05/84/19300534106437134476849103355.jpg	http://gegen.baike.com/article-497898.html
http://www.22202255.com.tw/templates/cache/6202/images/4f71580399026.JPG	http://sorbanie.eu5.org/?tag=%E8%91%9B%E6%A0%B9
http://img0.pclady.com.cn/pclady/1705/31/1717549_47425780_1495168562568.jpg	http://health.pclady.com.cn/healthzq/gg/
http://www.dianshu119.com/uploads/201210/1349527837hkqBpNWA.jpg	http://www.dianshu119.com/index.php?doc-view-251.html
http://i.79cha.com/zhongcaoyao/a/a5/gegentupian_0.jpg	http://yaodian.79cha.com/ming-%E8%91%9B%E6%A0%B9
https://pic.pimg.tw/mantochen97/1451378413-3382864855_n.jpg	http://mantochen97.pixnet.net/blog/post/183626446-%E8%91%9B%E6%A0%B9%E6%B9%AF%E9%80%99%E6%A8%A3%E7%85%AE-%E5%96%9D%E5%87%BA%E5%82%B2%E4%BA%BA%E9%9B%99%E5%B3%B0
http://img0.pclady.com.cn/pclady/1705/25/1715837_1614655_11933467.jpg	http://health.pclady.com.cn/healthzq/gg/
http://zhongyao.aipinkd.com/dragphotos/2011042810521692172007713163344170.jpg	http://zhongyao.aipinkd.com/zhongyao_41.html
http://img0.pclady.com.cn/pclady/1611/06/1614641_7017284.jpg	http://www.pclady.com.cn/tlist/87569-3.html
http://www.hal.msn.to/kankaisetu/objects/kakkon018.jpg	http://www.hal.msn.to/kankaisetu/chuyaku026.html
http://www.hal.msn.to/kankaisetu/objects/kakkon123.jpg	http://www.hal.msn.to/kankaisetu/chuyaku026.html
https://pic.7y7.com/Uploads/Picture/2017-01-03/586b44ba9d3be_550_0.jpg	http://www.7y7.com/jiankang/15/270515.html
http://img.zyctd.com/upload/zytd/system/f5/8965s.gif	http://www.zyctd.com/jh183.html
https://i1.kknews.cc/large/1021000338372b920ac8	https://kknews.cc/health/mggxng2.html
http://a3.att.hudong.com/62/68/01300000020425119174684417016_s.jpg	http://www.baike.com/wiki/%E8%91%9B%E6%A0%B9%E5%8F%82%E8%8C%B6
http://img0.pclady.com.cn/pclady/1707/13/1734591_42096858_1491551982492.jpg	http://health.pclady.com.cn/healthzq/gg/
http://www.zcyzcy.com/pic/20120909235241544.jpg	http://www.zcyzcy.com/zhongyao/jiebiao/26.html
http://img.doheal.com/uploads/4/51/45100F5C6A_800x600.jpeg	http://www.doheal.com/article/5502.html
http://m.39zhongyao.com/uploadfile/2016/0229/40-150924111210.jpg	http://m.39zhongyao.com/zhongyaocai/gegenfen/12974.html
https://www.uooyoo.com/img2016/9/29/2016092941979889.jpg	https://www.uooyoo.com/a/160929/19962000.html
http://www.user1.jqw.com/2011/03/01/333254/product/b201103011559096178.JPG	http://www.lvyegeye.jqw.com/productShow-945836.htm
https://gw.alicdn.com/bao/uploaded/i2/T1HmNmFLhfXXXXXXXX_!!0-item_pic.jpg_230x230.jpg	https://www.taobao.com/oshtml/buy-cn/cp_uPC4-dbW19M.html
http://www.fengemiao.com/product/pics/20151218/1450408941.jpg	http://www.fengemiao.com/product/class/?123.html
https://i2.kknews.cc/large/18b000004c92a198b7ae	https://kknews.cc/health/5mlbo62.html
https://i2.kknews.cc/large/93d00062699bb0782c3	https://kknews.cc/health/29x6g.html
http://img2.readhouse.net/14766907081786984.jpg	http://www.readhouse.net/post/32694/
http://img.99.com.cn/uploads/160317/412_132051_1.jpg	http://zyk.99.com.cn/zyys/jjys/2016/0317/618382.html
http://www.gegenmiao1688.com/product/pics/20161006/1475754473.jpg	http://www.gegenmiao1688.com/product/class/?115.html
http://www.rensheng2.com/upload/2016/05/03/729beba4-44af-4381-8b1c-eb24a92387d1.jpg	http://www.rensheng2.com/1200000/1191243.shtml
http://img.39yst.com/uploads/allimg/130313/64-13031313133D04.jpg	http://www.39yst.com/20130313/115664.shtml
https://img.laonanren.com/upload2/2016-01/16011015018179.jpg	https://www.laonanren.com/news/2016-01/107100p4.htm
http://p.ayxbk.com/images/thumb/8/84/Bkdr0.jpg/220px-Bkdr0.jpg	http://www.a-hospital.com/w/%E8%8B%A6%E8%91%9B%E6%A0%B9
http://img0.pclady.com.cn/pclady/1703/30/1692949_3004139.jpg	http://health.pclady.com.cn/healthzq/bupin/ggf/
http://a2.att.hudong.com/74/92/20200000013920144736925474858_s.jpg	http://www.baike.com/wiki/%E8%91%9B%E6%A0%B9
http://health.2liang.net/d/file/health/lmcy/2016-07/f65ff065907859eef601bc7c16976e98.jpg	http://health.2liang.net/zt/gg/
http://a2.att.hudong.com/06/56/19300534106437134476560680431.jpg	http://gegen.h.baike.com/article-497814.html
http://i4.qhimg.com/t018ac85a308b04c2f2.png	http://www.360doc.com/content/15/0709/15/2987031_483807879.shtml
http://www.wed114.cn/jiehun/uploads/allimg/121012/16341442P-0.jpg	http://www.wed114.cn/jiehun/fengxiongshipu/2012101275248.html
https://img.ys137.com/data/upload/ueditor/20170117/587d63575c43d.jpg	https://www.ys137.com/shicai/1698155.html
http://www.yunangeye.com/upLoad/product/month_1504/201504141143109646.jpg	http://www.yunangeye.com/list/?5_1.html
http://img.laozongyi.com/portal/201612/22/151301j2228267sv6ywhvy.jpg	http://www.laozongyi.com/yinshi/297326.html
http://www.zjol.com.cn/pic/0/02/99/98/2999814_147390.jpg	http://health.zjol.com.cn/system/2009/06/26/015624226.shtml
http://m.39zhongyao.com/uploadfile/2016/0229/42-151030164910N3.jpg	http://m.39zhongyao.com/zhongyaocai/gegenfen/12971.html
http://hk.huaxia.com/hxjk/zhms/msqt/images/2017/02/14/1509709.jpg	http://hk.huaxia.com/hxjk/zhms/msqt/2017/02/5187726.html
http://a1.att.hudong.com/75/71/19300534106437134476711788568_950.jpg	http://gegen.h.baike.com/article-497860.html
http://img.pcbaby.com.cn/images/upload/upc/tx/baby_baike/1603/02/c0/18796589_1456904168164_295x220.jpg	http://baike.pcbaby.com.cn/qzbd/12922.html
http://www.kodomo-kampo.net/image/i.A5ABA5C3A5B3A5F3.jpg	http://www.kodomo-kampo.net/article/14196736.html
http://img0.pchouse.com.cn/pchouse/baike/decorate/1112/01261742074b7a247f0.jpg	http://www.pchouse.com.cn/baike/shenghuo/908/
http://img.doheal.com/uploads/9/7B/97BBED9C10.jpeg	http://www.doheal.com/article/5502.html
https://www.kampo-view.com/images/jiten/syouyaku/ka-photo0002.jpg	https://www.kampo-view.com/jiten/syouyaku/syouyaku-ka/s-ka002.html
