
http://www.huayugu.com.cn/uploads/allimg/160913/1-1609131AG70-L.jpg	http://www.huayugu.com.cn/honghuashihu/
http://map1.zw3w.com:8080/zw_news_map/350/2014054/1401268370618027710.jpg	http://zwbk.idwoo.com/archives/tag/%E8%AE%A4%E8%AF%86%E7%BA%A2%E8%8A%B1%E7%9F%B3%E6%96%9B%E7%BA%A2%E8%8A%B1%E7%9F%B3%E6%96%9B%E7%9F%A5%E5%A4%9A%E5%B0%91
http://www.wed114.cn/jiehun/uploads/allimg/161012/52_161012100700_2.jpg	http://m.zx.wed114.cn/zhiwu/20161012158384.html
http://s11.sinaimg.cn/mw690/001LPod7gy6YMjL4vi24a&690	http://blog.sina.com.cn/s/blog_60bb01c50102w5vu.html
https://www.huabaike.com/uploads/allimg/artimg/201701/20170105160534_29506.jpg	https://www.huabaike.com/jtyh/6644.html
https://www.huabaike.com/uploads/allimg/artimg/201701/20170105160614_37696.jpg	https://www.huabaike.com/jtyh/6644.html
https://www.huabaike.com/uploads/allimg/sltimg/201606/574e3e675c9f1.jpg	http://www.huabaike.com/hyjk/3879.html
http://www.huayugu.com.cn/uploads/allimg/160913/1-1609131A1480-L.jpg	http://www.huayugu.com.cn/honghuashihu/
https://www.huabaike.com/uploads/allimg/sltimg/201606/574e3ceda7ff4.jpg	http://www.huabaike.com/hyjk/3879.html
http://xshihu.com/wp-content/uploads/2015/05/38161222206.jpg	http://xshihu.com/tupian/431.html
http://www.huayugu.com.cn/uploads/allimg/160913/1-160913164Z40-L.jpg	http://www.huayugu.com.cn/honghuashihu/
http://pic1.win4000.com/pic/e/8c/de951367829.jpg	http://www.w88ok.net/meinv114914_10.html
https://www.huabaike.com/uploads/allimg/artimg/201606/20160601095334_35633.jpg	https://www.huabaike.com/yhjq/3882.html
http://pic1.win4000.com/pic/e/8c/de951367822.jpg	http://www.w88ok.net/meinv114914_3.html
http://s13.sinaimg.cn/mw690/002eWvsOgy6ERxazT4w9c&690	http://blog.sina.com.cn/s/blog_7a5f7d460101qc3q.html
http://pic1.win4000.com/pic/e/8c/de951367832.jpg	http://www.w88ok.net/meinv114914_13.html
http://img001.mllres.com//images/upload/%E7%BA%A2%E8%8A%B1%E7%9F%B3%E6%96%9B02.jpg	http://www.meilele.com/article/shipin/38426.html
http://www.huayugu.com.cn/uploads/allimg/160913/1-1609131A0270-L.jpg	http://www.huayugu.com.cn/honghuashihu/
http://pic1.huashichang.com/2016/0913/06/57d726fba32f8.jpg	http://m.aihuhua.com/tupian/tupianqwe.html
http://pic1.win4000.com/pic/e/8c/de951367830.jpg	http://www.w88ok.net/meinv114914_11.html
https://www.huabaike.com/uploads/allimg/artimg/201701/20170105160547_85627.jpg	https://www.huabaike.com/jtyh/6644.html
https://gss3.bdstatic.com/-Po3dSag_xI4khGkpoWK1HF6hhy/baike/s%3D220/sign=7e7d32a382cb39dbc5c06054e01709a7/728da9773912b31b13e89b608518367adbb4e1f7.jpg	https://baike.baidu.com/item/%E7%BA%A2%E8%8A%B1%E7%9F%B3%E6%96%9B
http://pic1.win4000.com/pic/e/8c/de951367824.jpg	http://www.w88ok.net/meinv114914_5.html
http://pic1.win4000.com/pic/e/8c/de951367820.jpg	http://www.win4000.com/meinv114914.html
http://pic1.win4000.com/pic/e/8c/de951367831.jpg	http://www.w88ok.net/meinv114914_12.html
http://img003.mllres.com//images/upload/%E7%BA%A2%E8%8A%B1%E7%9F%B3%E6%96%9B03.jpg	http://www.meilele.com/article/shipin/38426.html
http://pic1.win4000.com/pic/e/8c/de951367821.jpg	http://www.w88ok.net/meinv114914_2.html
http://www.zhongyao360.com/uploads/160204/31_134845_1.jpg	http://www.zhongyao360.com/gongxiao/0462701.html
https://www.huabaike.com/uploads/allimg/artimg/201701/20170105160635_86772.jpg	https://www.huabaike.com/jtyh/6644.html
http://www.wed114.cn/jiehun/uploads/allimg/161012/52_161012102919_1.jpg	http://www.wed114.cn/jiehun/zhiwu/20161012158384.html
https://www.huabaike.com/uploads/allimg/sltimg/201606/574e3eb20ea4b.jpg	https://www.huabaike.com/binghai/3880.html
https://gss1.bdstatic.com/9vo3dSag_xI4khGkpoWK1HF6hhy/baike/w%3D268%3Bg%3D0/sign=5414d77939f33a879e6d071cfe677705/34fae6cd7b899e518e9e6e5d41a7d933c8950d62.jpg	https://baike.baidu.com/item/%E7%BA%A2%E8%8A%B1%E7%9F%B3%E6%96%9B
https://www.huabaike.com/uploads/allimg/sltimg/201606/574e40403a312.jpg	http://www.huabaike.com/hyjk/3879.html
http://s4.sinaimg.cn/bmiddle/001LPod7gy6YMjM0xhN73&690	http://blog.sina.com.cn/s/blog_60bb01c50102w5vu.html
http://s3.sinaimg.cn/mw690/001LPod7gy6YMjNBjQSa2&690	http://blog.sina.com.cn/s/blog_60bb01c50102w5vu.html
http://1.im.guokr.com/XzocS7fut9sstCh3NZjpBdJu0ho2zDlacMsIE1qDGLZMBAAAqAYAAEpQ.jpg?imageView2/1/w/590/h/913	http://www.guokr.com/post/469844/
http://pic1.win4000.com/pic/e/8c/de951367825.jpg	http://www.w88ok.net/meinv114914_6.html
http://pic1.huashichang.com/2016/0913/06/57d726fda06ba.jpg	http://m.aihuhua.com/tupian/tupianqwk.html
http://xshihu.com/wp-content/uploads/2015/05/20161222482.jpg	http://xshihu.com/tupian/431.html
http://s12.sinaimg.cn/mw600/001UnzBvgy6YFIMhlWjab&690	http://blog.sina.com.cn/s/blog_5093fc7f0102wksr.html
http://xshihu.com/wp-content/uploads/2015/05/22161221343.jpg	http://xshihu.com/tupian/431.html
https://gw.alicdn.com/bao/uploaded/i1/822726402/TB279pGhrBkpuFjy1zkXXbSpFXa_!!822726402.jpg_230x230.jpg	https://www.taobao.com/oshtml/buy-cn/cp_uuy7qMqv9frAvA.html
http://pic1.win4000.com/pic/7/09/e4af1354237.jpg	http://www.win4000.com/meinv113614.html
https://www.huabaike.com/uploads/huatuku/20160601/574e42de1b2b5.jpg	https://www.huabaike.com/ghzw/241.html
http://www.baihuamen.com/d/file/2014/03-07/8e7fc53c1b5a75528c55ea4b4c90393b.jpg	http://www.baihuamen.com/shihu/
https://gw.alicdn.com/bao/uploaded/i2/669028159/TB2ZCKmkpXXXXbiXXXXXXXXXXXX_!!669028159.jpg_230x230.jpg	https://www.taobao.com/article/D4DeCCD9DoAlFBEH.html
http://pic1.win4000.com/pic/e/8c/de951367827.jpg	http://www.w88ok.net/meinv114914_8.html
https://gss1.bdstatic.com/-vo3dSag_xI4khGkpoWK1HF6hhy/baike/w%3D400/sign=9890866b3301213fcf334fdc64e636f8/574e9258d109b3de890256dac6bf6c81810a4cc6.jpg	https://baike.baidu.com/item/%E7%BA%A2%E8%8A%B1%E7%9F%B3%E6%96%9B
https://gw.alicdn.com/bao/uploaded/i2/669028159/TB2g2EdXUifF1JjSspdXXclLpXa_!!669028159.jpg_230x230.jpg	https://www.taobao.com/article/D4DeCCD9DoAlFBEH.html
http://xshihu.com/wp-content/uploads/2015/05/10-13052H15439.jpg	http://xshihu.com/tupian/431.html
https://www.huabaike.com/uploads/allimg/artimg/201606/20160601095314_44598.jpg	https://www.huabaike.com/yhjq/3882.html
http://s6.sinaimg.cn/mw690/002eWvsOgy6ERwUgrf755&690	http://blog.sina.com.cn/s/blog_7a5f7d460101qc3q.html
http://www.huabaike.com/uploads/allimg/artimg/201701/20170105160625_19920.jpg	http://www.lh51.net/lh3084.html
http://www.wed114.cn/jiehun/uploads/allimg/161012/52_161012101953_5.jpg	http://www.wed114.cn/jiehun/zhiwu/20161012158384.html
http://wap.yunmencraft.com/Upload/20160927011746AjKi.jpg	http://wap.yunmencraft.com/index.php/shachong/7154.html
http://pic1.huashichang.com/2016/0913/06/57d726fc04377_200_140.jpg	http://www.aihuhua.com/tu/honghuashihu.html
http://xshihu.com/wp-content/uploads/2015/05/AA161222308.jpg	http://xshihu.com/tupian/431.html
https://gw.alicdn.com/bao/uploaded/i2/649610197/TB2KkfLXxf9F1JjSZFDXXXyUpXa_!!649610197.jpg_230x230.jpg	https://www.taobao.com/article/D4DeCCD9DoAlFBEH.html
https://gw.alicdn.com/bao/uploaded/i3/822726402/TB2CDVlnFXXXXaCXpXXXXXXXXXX_!!822726402.jpg_230x230.jpg	https://www.taobao.com/article/D4DeCCD9DoAlFBEH.html
https://gw.alicdn.com/bao/uploaded/i2/2813880614/TB2TmFlxNlmpuFjSZPfXXc9iXXa_!!2813880614.jpg_230x230.jpg	https://www.taobao.com/article/EmDGG4DSClF0AMA6.html
http://s12.sinaimg.cn/mw690/002eWvsOgy6ERx1XArVab&690	http://blog.sina.com.cn/s/blog_7a5f7d460101qc3q.html
https://gw.alicdn.com/bao/uploaded/i4/T1WVewXEdaXXXXXXXX_!!0-item_pic.jpg_230x230.jpg	https://www.taobao.com/article/D4DeCCD9DoAlFBEH.html
https://www.huabaike.com/uploads/allimg/artimg/201606/20160601095353_95042.jpg	https://www.huabaike.com/yhjq/3882.html
http://www.wed114.cn/jiehun/uploads/allimg/161012/52_161012102919_3.jpg	http://www.wed114.cn/jiehun/zhiwu/20161012158390.html
https://gw.alicdn.com/bao/uploaded/i1/TB1FVtcRVXXXXasXpXXXXXXXXXX_!!0-item_pic.jpg_230x230.jpg	https://www.taobao.com/article/GxC1AxCOCmFWERGD.html
https://gw.alicdn.com/bao/uploaded/i2/778391449/TB2ZGS9pNxmpuFjSZFNXXXrRXXa_!!778391449.jpg_230x230.jpg	https://www.taobao.com/article/EmDGG4DSClF0AMA6.html
https://www.huabaike.com/uploads/allimg/artimg/201606/20160601094529_15232.jpg	http://www.huabaike.com/hyjk/3879.html
http://userimage8.360doc.com/16/0715/14/18903586_2016071514552105930JFFFFGWZGGH876FQS.jpg	http://www.360doc.com/content/16/0715/14/18903586_575714444.shtml
http://spic.xeeok.com/uploads/20170418/201704181337309875/260149_001_s.jpg	http://www.xeeok.com/wangluo_detail_19774_2.html
http://spic.xeeok.com/uploads/20170418/201704181337309875/260149_005_s.jpg	http://www.xeeok.com/wangluo_detail_19774_2.html
http://s11.sinaimg.cn/mw690/002eWvsOgy6ERx6ZPqGda&690	http://blog.sina.com.cn/s/blog_7a5f7d460101qc3q.html
http://s4.sinaimg.cn/mw690/002eWvsOgy6ERxbsdNx23&690	http://blog.sina.com.cn/s/blog_7a5f7d460101qc3q.html
http://s6.sinaimg.cn/mw690/002eWvsOgy6ERxdyWAl95&690	http://blog.sina.com.cn/s/blog_7a5f7d460101qc3q.html
https://gw.alicdn.com/bao/uploaded/i2/TB1PCSALVXXXXaJaXXXXXXXXXXX_!!0-item_pic.jpg_230x230.jpg	https://www.taobao.com/article/EmDGG4DSClF0AMA6.html
http://img.excnote.com/mmbiz/Pkiae06l4WRM52edRswrDlbwUCfPTcUyOKaRz9OsqF3COBH7tHxnavjcLdSfd9w1kLevNugVURLtJULsSJw8KXQ/640?wx_fmt=jpeg	https://www.suibi8.com/essay/2ceb96-2943894.html
http://wap.yunmencraft.com/Upload/20160927011747ilqv.jpg	http://wap.yunmencraft.com/index.php/shachong/7154.html
http://f12.baidu.com/it/u=1852281827,3153677129&fm=72	http://www.wed114.cn/jiehun/zhiwu/20161012158384_2.html
http://s9.sinaimg.cn/mw690/001LPod7gy6YMjPJxig58&690	http://blog.sina.com.cn/s/blog_60bb01c50102w5vu.html
http://pic1.huashichang.com/2016/0913/06/57d726ff5180d_200_140.jpg	http://www.aihuhua.com/tu/honghuashihu.html
http://pic1.huashichang.com/2016/0913/06/57d726fef3cd7_200_140.jpg	http://www.aihuhua.com/tu/honghuashihu.html
http://userimage8.360doc.com/16/0715/14/18903586_2016071514552105776TWNPXK4L9IC4PQ4IE.jpg	http://www.360doc.com/content/16/0715/14/18903586_575714444.shtml
http://s12.sinaimg.cn/mw600/001UnzBvgy6YFIMu3N1bb&690	http://blog.sina.com.cn/s/blog_5093fc7f0102wksr.html
http://s2.sinaimg.cn/mw690/001LPod7gy6YMjQevkZ01&690	http://blog.sina.com.cn/s/blog_60bb01c50102w5vu.html
http://s14.sinaimg.cn/mw690/002eWvsOgy6ERxgI6rX9d&690	http://blog.sina.com.cn/s/blog_1079bad50101gncf.html
http://4.bp.blogspot.com/-SJefEsYJXiI/UuChPC-COhI/AAAAAAAAGmc/PSX1EWZ3ud4/s1600/DSC_7252.JPG	http://kimhong-flower.blogspot.com/2014/01/blog-post_1523.html
https://f.share.photo.xuite.net/jemi7956844/1f0e646/9899234/442037092_m.jpg	http://blog.xuite.net/jemi7956844/twblog/123411256-%E7%9F%B3%E6%96%9B%E8%98%AD++Den.+primulinum+%E3%80%88%E7%B4%85%E8%B2%9D%E6%AE%BC%E3%80%89+X++Den.++anosmum+%E3%80%88%E4%BA%94%E6%9C%88%E8%8A%B1%E3%80%89
https://img.alicdn.com/imgextra/i4/2862915351/TB2gkMQbpHzQeBjSZFmXXbcDVXa_!!2862915351.jpeg_230x230.jpg	https://www.taobao.com/article/D4DeCCD9DoAlFBEH.html
http://pic1.huashichang.com/2016/0913/06/57d726fca1bf8_200_140.jpg	http://www.aihuhua.com/tupian/tupianqwg.html
http://www.mikiorchid.url.tw/e84fcf13e7aa72582c4d18393ab60118.jpg	http://www.mikiorchid.url.tw/cn/product_918825.html
http://i4.szhomeimg.com/n/2016/11/27/11272039132101479.JPG	http://bbs.szhome.com/80-130240-detail-175301659.html
https://himg.china.cn/2/3_836_87119_376_405.jpg	https://www.china.cn/xianhua/3797927632.html
https://gw.alicdn.com/bao/uploaded/i1/2813880614/TB2n7c_tZtnpuFjSZFvXXbcTpXa_!!2813880614.jpg_200x200.jpg_.webp	https://m.taobao.com/article/FdGnDMEQGmFkD7Fl.html
https://gw.alicdn.com/bao/uploaded/i3/649610197/TB2KGddepXXXXbcXpXXXXXXXXXX_!!649610197.jpg_230x230.jpg	https://www.taobao.com/article/DBGQEmAYDFBYEHCX.html
http://a0.att.hudong.com/64/79/01300001213964130382794235008_s.jpg	http://www.baike.com/wiki/%E7%BA%A2%E8%8A%B1%E7%9F%B3%E6%96%9B
http://i4.szhomeimg.com/o/2016/12/19/12191441181253199.JPG	http://bbs.szhome.com/80-130240-detail-175336638.html
https://cbu01.alicdn.com/img/ibank/2017/942/870/4054078249_1753513259.220x220.jpg	http://www.1688.com/chanpin/-D6E9CAAFF5FA.html
http://i3.szhomeimg.com/o/2016/05/06/05061507439749287.JPG	http://bbs.szhome.com/520-520040-detail-173957585.html
https://gw.alicdn.com/bao/uploaded/i3/TB1pyucPpXXXXctXVXXXXXXXXXX_!!0-item_pic.jpg_230x230.jpg	https://www.taobao.com/article/D9BLFKEHFOE9B6Aj.html
https://gw.alicdn.com/bao/uploaded/i2/2813880614/TB2AQ17vOlnpuFjSZFgXXbi7FXa_!!2813880614.jpg_230x230.jpg	https://www.taobao.com/article/D9BLFKEHFOE9B6Aj.html
https://w5.sanwen8.cn/mmbiz_jpg/XqxnRKY28hiayXNgO41hY6HvSHhWr5jVicvmrymibB51ej5YTqhA70vsVCniccfvXdWxob5Saj0dUibRgwA0pzs2HEg/0?wx_fmt=jpeg	https://sanwen8.cn/p/7d5wFT4.html
