
http://www.wed114.cn/jiehun/uploads/allimg/160715/54_160715172901_1.jpg	http://m.zx.wed114.cn/zhiwu/20160715149870.html
http://zsdhgs.51hm.cn/zwpic/%E7%93%A3%E8%95%8A%E5%94%90%E6%9D%BE%E8%8D%891.jpg	http://zsdhgs.51hm.cn/zw/zwshow_m.asp?zwid=2308
http://pic1.huashichang.com/2016/0831/05/57c601421b848.jpg	http://www.aihuhua.com/tupian/tupianqlq.html
http://www.baihuamen.com/d/file/2014/04-24/b6b50393684566b76d61299ebb41d9ae.jpg	http://www.baihuamen.com/banruitangsongcao/
http://pic1.huashichang.com/2016/0831/05/57c601413ea53.jpg	http://m.aihuhua.com/tupian/tupianqlv.html
http://www.baihuamen.com/d/file/2014/04-24/938f6a676f077219f92f80527aeac4ae.jpg	http://www.baihuamen.com/banruitangsongcao/
http://www.neipet.com/wp-content/uploads/2016/07/%E7%93%A3%E8%95%8A%E5%94%90%E6%9D%BE%E8%8D%89.jpg	http://www.neipet.com/plant/27936.html
http://www.baihuamen.com/d/file/2014/04-24/d1a5fa7fcb817fb56239e57cf6b06ef0.jpg	http://www.baihuamen.com/banruitangsongcao/
http://pic.pingguolv.com/uploads/allimg/170421/148-1F421194152-lp.jpg	http://www.pingguolv.com/zy/gongxiao/94400.html
http://pic1.win4000.com/pic/e/5f/5bd41367756.jpg	http://www.w88ok.net/meinv114910.html
http://pic1.huashichang.com/2016/0831/05/57c60142e6575.jpg	http://www.aihuhua.com/tupian/tupianqlq.html
http://www.baihuamen.com/d/file/2014/04-24/91b6f46a37e10e058fd52f984a1bfd86.jpg	http://www.baihuamen.com/banruitangsongcao/
https://gss0.bdstatic.com/-4o3dSag_xI4khGkpoWK1HF6hhy/baike/s%3D220/sign=393874bd81cb39dbc5c06054e01709a7/728da9773912b31b54addd7e8618367adbb4e1a0.jpg	https://baike.baidu.com/item/%E7%93%A3%E8%95%8A%E5%94%90%E6%9D%BE%E8%8D%89
http://pic.pingguolv.com/uploads/allimg/170124/109-1F124104431.png	http://www.pingguolv.com/zy/gongxiao/84698.html
http://pic.pingguolv.com/uploads/allimg/170721/152-1FH1204341-lp.jpg	http://www.pingguolv.com/zy/gongxiao/105817.html
http://pic1.huashichang.com/2016/0831/05/57c60143bfa4d.jpg	http://www.aihuhua.com/tupian/tupianqm1.html
http://www.yixue.com/images/6/6a/Bkc3c.jpg	http://www.yixue.com/%E7%93%A3%E8%95%8A%E5%94%90%E6%9D%BE%E8%8D%89
http://a0.att.hudong.com/46/69/01300000888015127597699548128_s.jpg	http://www.baike.com/wiki/%E7%93%A3%E8%95%8A%E5%94%90%E6%9D%BE%E8%8D%89
http://pic1.huashichang.com/2016/0831/05/57c6013f26897.jpg	http://www.aihuhua.com/tupian/tupianqlq.html
http://www.baihuamen.com/d/file/2014/04-24/db7cab482c30c27b3be07d8adee55a4a.jpg	http://www.baihuamen.com/banruitangsongcao/10810_10.html
http://img.yanquecao.com/img/grass/thalictrumpetaloideum/thalictrumpetaloideum1.jpg	http://www.yanquecao.com/detail/544
http://pic.pingguolv.com/uploads/allimg/170124/109-1F124104444.png	http://www.pingguolv.com/zy/gongxiao/84698.html
http://img.39yst.com/uploads/2015/0529/1432871716569.jpg	http://www.39yst.com/byy/272732.shtml
http://www.huayugu.com.cn/uploads/allimg/160909/1-160ZZ221260-L.jpg	http://www.huayugu.com.cn/banruitangsongcao/
http://pic1.huashichang.com/2016/0831/05/57c601435e74c.jpg	http://m.aihuhua.com/tupian/tupianqm0.html
http://www.wed114.cn/jiehun/uploads/allimg/160715/54_160715172914_1.jpg	http://m.zx.wed114.cn/zhiwu/20160715149870.html
http://www.huayugu.com.cn/uploads/allimg/160909/1-160ZZ219260-L.jpg	http://www.huayugu.com.cn/banruitangsongcao/
http://upload-images.jianshu.io/upload_images/3829095-80ddb2c4152a22de.jpg?imageMogr2/auto-orient/strip%7CimageView2/2/w/1240	http://www.jianshu.com/p/ea476ffa7a65
http://zsdhgs.51hm.cn/zwpic/%E7%93%A3%E8%95%8A%E5%94%90%E6%9D%BE%E8%8D%892.jpg	http://zsdhgs.51hm.cn/zw/zwshow_m.asp?zwid=2308
https://gss0.bdstatic.com/-4o3dSag_xI4khGkpoWK1HF6hhy/baike/w%3D268%3Bg%3D0/sign=0064aed28eb1cb133e693b15e56f3173/0bd162d9f2d3572c251359e18913632762d0c31e.jpg	https://baike.baidu.com/item/%E7%93%A3%E8%95%8A%E5%94%90%E6%9D%BE%E8%8D%89%E7%B3%BB
https://b-ssl.duitang.com/uploads/item/201207/16/20120716102158_mJBXR.jpeg	https://www.duitang.com/blog/?id=35946990
http://www.yuhuagu.com/uploads/allimg/120630/43-120630054023.jpg	http://www.yuhuagu.com/ktsh/3303.html
http://img.aihuau.com/images/31101031/31025848t0141294d86fa7dacca.jpg	http://www.aihuau.com/a/25101011/66171.html
http://upload-images.jianshu.io/upload_images/3829095-91408761d5dcb7e5.jpg?imageMogr2/auto-orient/strip%7CimageView2/2/w/1240	http://www.jianshu.com/p/ea476ffa7a65
http://pic.pingguolv.com/uploads/allimg/170721/152-1FH1204413.jpg	http://www.pingguolv.com/zy/gongxiao/105817.html
http://www.baihuamen.com/d/file/2014/04-24/984a3a3c4c1e4c5e15f090034c124e69.jpg	http://www.baihuamen.com/banruitangsongcao/10810_16.html
http://www.baihuamen.com/d/file/2014/04-24/b751a4085e143a4ef0b9d82ce9a60f2d.jpg	http://www.baihuamen.com/banruitangsongcao/10810_7.html
http://www.baihuamen.com/d/file/2014/04-24/3b681e000846847165465f7dacd6c807.jpg	http://www.baihuamen.com/banruitangsongcao/10810_13.html
http://www.zhiwutong.com/tu/cvh/limin/000502.jpg	http://www.zhiwutong.com/dan_tu/54/43830.htm
https://gss0.bdstatic.com/94o3dSag_xI4khGkpoWK1HF6hhy/baike/s%3D220/sign=f269b906c295d143de76e32143f18296/9f2f070828381f3059ead8aca3014c086f06f0c0.jpg	https://baike.baidu.com/item/%E7%93%A3%E8%95%8A%E5%94%90%E6%9D%BE%E8%8D%89
http://www.baihuamen.com/d/file/2014/04-24/15fa2c10362ddab02a4b78f360be95a3.jpg	http://www.baihuamen.com/banruitangsongcao/10810_12.html
http://pic.pingguolv.com/uploads/allimg/170124/109-1F124104602.png	http://www.gxqjgs.com/zy/gongxiao/84698.html
http://www.baihuamen.com/d/file/2014/04-24/c9a5524d3acc8db5134e586c51834b17.jpg	http://www.baihuamen.com/banruitangsongcao/10810_9.html
http://www.baihuamen.com/d/file/2014/04-24/76df948fbe61769167fdb581232c4c46.jpg	http://www.baihuamen.com/banruitangsongcao/
http://www.baihuamen.com/d/file/2014/04-24/f40a67c79fec271b5a38070cffccd4ce.jpg	http://www.baihuamen.com/banruitangsongcao/10810_19.html
http://upload-images.jianshu.io/upload_images/3829095-a3617906876f81b5.jpg?imageMogr2/auto-orient/strip%7CimageView2/2/w/1240	http://www.jianshu.com/p/ea476ffa7a65
http://img.yanquecao.com/img/grass/thalictrumpetaloideum/thalictrumpetaloideum4.jpg	http://www.yanquecao.com/detail/544
http://img.yanquecao.com/img/grass/thalictrumpetaloideum/thalictrumpetaloideum3.jpg	http://www.yanquecao.com/detail/544
http://www.baihuamen.com/d/file/2014/04-24/0648b37c3d4946a921a41dc2983bd174.jpg	http://www.baihuamen.com/banruitangsongcao/10810_18.html
http://pic.pingguolv.com/uploads/allimg/170124/109-1F124104548.png	http://www.pingguolv.com/zy/gongxiao/84698.html
http://a3.att.hudong.com/32/73/01300000888015127597736062818_s.jpg	http://www.baike.com/wiki/%E7%93%A3%E8%95%8A%E5%94%90%E6%9D%BE%E8%8D%89
http://www.baihuamen.com/d/file/2014/04-24/8511797cfccf293b91e891eab7b76b4f.jpg	http://www.baihuamen.com/banruitangsongcao/10810_5.html
http://s13.sinaimg.cn/middle/62a6efe5n9c9b99f1df2c&690&690	http://blog.sina.com.cn/s/blog_62a6efe50100qdac.html
http://upload-images.jianshu.io/upload_images/3829095-c47eca8e6d8f8bb9.jpg?imageMogr2/auto-orient/strip%7CimageView2/2/w/1240	http://www.jianshu.com/p/ea476ffa7a65
http://www.huaxianer.com/uploads/allimg/170427/2-1F42G55F62C.jpg	http://www.huaxianer.com/zhishi/04169.html
http://slidesplayer.com/11600252/62/images/19/11+%E6%B2%99%E8%93%AC.+%E8%8D%89%E6%9C%AC.+2.+12.+%E7%8C%AA%E6%AF%9B%E8%8F%9C.+6.+3.5.+13.+%E7%93%A3%E8%95%8A%E5%94%90%E6%9D%BE%E8%8D%89.+1.+4.+14.+%E8%91%B1%E5%B1%9E%E4%B8%80%E7%A7%8D.+15.+%E9%B9%A4%E8%99%B1%E5%B1%9E%E4%B8%80%E7%A7%8D.+2.5.+16.+%E7%81%B0%E5%8F%B6%E9%BB%84%E8%8A%AA..jpg	http://slidesplayer.com/slide/11600252/
http://img.yanquecao.com/img/grass/thalictrumpetaloideum/thalictrumpetaloideum2.jpg	http://www.yanquecao.com/detail/544
http://upload-images.jianshu.io/upload_images/3829095-9b4a8617cbfd0ad9.jpg?imageMogr2/auto-orient/strip%7CimageView2/2/w/1240	http://www.jianshu.com/p/ea476ffa7a65
http://img.xunhai.com/2015/11/26/144854504736425.jpg	http://www.xunhai.com/banruitangsongcao/2015/1126/4689.html
http://s6.sinaimg.cn/mw690/0022rybyzy6SSt4OX7D55&690	http://blog.sina.com.cn/s/blog_6f5d495c0102vkbm.html
http://s2.sinaimg.cn/mw690/0022rybyzy6SSt59rqxc1&690	http://blog.sina.com.cn/s/blog_6f5d495c0102vkbm.html
http://s2.sinaimg.cn/mw690/0022rybyzy6SSt5Tm8hd1&690	http://blog.sina.com.cn/s/blog_6f5d495c0102vkbm.html
http://s3.sinaimg.cn/mw690/0022rybyzy6SSt6Uxrka2&690	http://blog.sina.com.cn/s/blog_6f5d495c0102vkbm.html
http://s9.sinaimg.cn/mw690/0022rybyzy6SSt7C8TSc8&690	http://blog.sina.com.cn/s/blog_6f5d495c0102vkbm.html
http://pic1.huashichang.com/2016/0831/05/57c6014052201.jpg	http://www.aihuhua.com/tupian/tupianqlq.html
http://pic1.huashichang.com/2016/0831/05/57c6013feb021.jpg	http://www.aihuhua.com/tupian/tupianqlr.html
http://pic1.win4000.com/pic/e/5f/5bd41367762.jpg	http://www.palmedazur.com/meinv114910_7.html
http://www.yuhuagu.com/uploads/allimg/120616/10-120616135625.jpg	http://www.yuhuagu.com/ktsh/3303.html
https://gss0.bdstatic.com/94o3dSag_xI4khGkpoWK1HF6hhy/baike/w%3D400/sign=e29827ac998fa0ec7fc7650d1696594a/023b5bb5c9ea15ceb69b0596be003af33a87b23c.jpg	https://baike.baidu.com/item/%E7%93%A3%E8%95%8A%E5%94%90%E6%9D%BE%E8%8D%89
http://pic.pingguolv.com/uploads/allimg/170124/109-1F124104501.png	http://www.gxqjgs.com/zy/gongxiao/84698.html
http://img.xunhai.com/2015/12/23/145085139182403.jpg	http://www.xunhai.com/tangsongcao/2015/1223/25698.html
http://www.g12e.com/upload/html/2006/9/30/zlm89092006930857858657.jpg	http://www.g12e.com/html/5/289/294/300/2006/9/zl3884205858039600215600-0.shtml
http://img.xunhai.com/2015/12/23/145085139978739.jpg	http://www.xunhai.com/tangsongcao/
http://cms.hebeijiaoyu.com.cn:8081/cms/images/jpg/whys_100ks/20160316/0d20574c-4ab4-4e65-9548-db91d307bca8.jpg	http://wsm.hebeijiaoyu.com.cn/html/cp/whys_100k/swgwsm/port1/beizi/doc-18784.html
http://img.xunhai.com/2015/11/26/144854505177641.jpg	http://www.xunhai.com/banruitangsongcao/2015/1126/4689.html
http://cms.hebeijiaoyu.com.cn:8081/cms/images/jpg/whys_100ks/20160316/65f1af19-14f3-4f69-a630-f50043a7ee17.jpg	http://wsm.hebeijiaoyu.com.cn/html/cp/whys_100k/swgwsm/port1/beizi/doc-18784.html
http://img.xunhai.com/2015/11/26/144854504957109.jpg	http://www.xunhai.com/banruitangsongcao/2015/1126/4689.html
http://s13.sinaimg.cn/middle/62a6efe5n9c9b994d214c&690&690	http://blog.sina.com.cn/s/blog_62a6efe50100qdac.html
http://www.cfh.ac.cn/data/a97826d9-70e3-4ee4-b47f-da4f0acbbfdd.photonormal	http://www.cfh.ac.cn/BioBook/SCList/1/499.html
http://www.zhiwutong.com/tu/cvh/liubing/007/02000205.jpg	http://www.zhiwutong.com/dan_tu/70/56572.htm
http://www.52ij.com/uploads/allimg/160317/05302RM2-5.jpg?	http://www.52ij.com/gongxiao/451153.html
http://www.zhiwutong.com/tu/cvh/limin/000393.jpg	http://www.zhiwutong.com/dan_tu/54/43736.htm
http://img.91ddcc.com/14144161914162.jpg	https://sns.91ddcc.com/b/20893
http://iflora.cn/picture/IF/27-505.jpg	http://iflora.cn/search_result.aspx?p=50AFC94A88926818EE41FED0278AAB7B
http://www.zhiwutong.com/tu/cvh/limin/000500.jpg	http://www.zhiwutong.com/dan_tu/54/43828.htm
http://lh3.ggpht.com/_wa3o2CWf7E8/SkvIuNU3slI/AAAAAAAAA_w/WYOyJLUudpM/s288/IMGP0040%E7%93%A3%E8%95%8A%E5%94%90%E6%9D%BE%E8%8D%89%20%E6%AF%9B%E8%8C%9B%E7%A7%91%E5%94%90%E6%9D%BE%E8%8D%89%E5%B1%9E-2%E2%98%85.jpg	http://blog.tianya.cn/blogger/post_show.asp?BlogID=21825&PostID=17965925
http://lh5.ggpht.com/_wa3o2CWf7E8/SkvIu1-OT4I/AAAAAAAAA_0/jRSOgnQj9lQ/s288/IMGP0040%E7%93%A3%E8%95%8A%E5%94%90%E6%9D%BE%E8%8D%89%20%E6%AF%9B%E8%8C%9B%E7%A7%91%E5%94%90%E6%9D%BE%E8%8D%89%E5%B1%9E-3%E2%98%86.jpg	http://blog.tianya.cn/blogger/post_show.asp?BlogID=21825&PostID=17965925
http://www.zhiwutong.com/tu/cvh/liubing/007/02000204.jpg	http://www.zhiwutong.com/dan_tu/70/56571.htm
http://www.51agritech.com/pestweb/weeds/0001-0200/0198.jpg	http://www.51agritech.com/pestweb/weeds/keshu/RAN/mgk.htm
http://www.51agritech.com/pestweb/weeds/1201-1400/1257.jpg	http://www.51agritech.com/pestweb/weeds/keshu/RAN/mgk.htm
http://www.51agritech.com/pestweb/weeds/1201-1400/1261.jpg	http://www.51agritech.com/pestweb/weeds/keshu/RAN/mgk.htm
http://img2.blog.eastmoney.com/gu/guojing2013/201306/20130606214911507.jpg	http://blog.eastmoney.com/guojing2013/blog_219317812.html
http://img.xunhai.com/2015/12/23/145085141225527.jpg	http://www.xunhai.com/tangsongcao/
http://frps.eflora.cn/QRCode.ashx?id=39855	http://frps.eflora.cn/frps/Thalictrum%20petaloideum
http://file27.mafengwo.net/M00/27/D0/wKgB6lSxICeAR4dCAAMRxrpd1c872.groupinfo.w600.jpeg	http://www.lingshan2303.com/newdetail.aspx?id=55
http://www.wed114.cn/jiehun/uploads/allimg/160715/54-160G51H9270-L.jpg	http://www.wed114.cn/jiehun/zhiwu/list_779_154.html
https://b3-q.mafengwo.net/s4/M00/CB/DE/wKgByU_qnAjH_nySAAjPN6kXkq867.jpeg?imageView2%2F2%2Fw%2F600%2Fq%2F90	http://www.mafengwo.cn/i/921376.html
http://img.ph.126.net/XoNqc0tZcbBmqElmlEzHTA==/570268302832621697.jpg	http://harbincathy0314like.lofter.com/post/2f22d2_1a20edb
http://a1.att.hudong.com/15/92/16300000044935128369921110224_140.jpg	http://www.baike.com/wiki/%E7%93%A3%E8%95%8A%E5%94%90%E6%9D%BE%E8%8D%89
http://i1.sinaimg.cn/travel/2012/0529/U7117P704DT20120529140650.jpg	http://travel.sina.com.cn/china/ard/2012-05-29/1419175272_2.shtml
