
https://gss1.bdstatic.com/-vo3dSag_xI4khGkpoWK1HF6hhy/baike/c0%3Dbaike92%2C5%2C5%2C92%2C30/sign=b30b28de4aed2e73e8e48e7ee668caee/77094b36acaf2edd26bd8eb38d1001e939019318.jpg
https://gss2.bdstatic.com/-fo3dSag_xI4khGkpoWK1HF6hhy/baike/c0%3Dbaike80%2C5%2C5%2C80%2C26/sign=36200a738618367ab984778f4f1ae0b1/4a36acaf2edda3ccfaa87f7a01e93901213f9218.jpg
https://gss1.bdstatic.com/9vo3dSag_xI4khGkpoWK1HF6hhy/baike/c0%3Dbaike92%2C5%2C5%2C92%2C30/sign=e681628576c6a7efad2ba0749c93c434/5bafa40f4bfbfbedaaf4f12578f0f736afc31f3e.jpg
https://gss2.bdstatic.com/9fo3dSag_xI4khGkpoWK1HF6hhy/baike/c0%3Dbaike150%2C5%2C5%2C150%2C50/sign=c16d0e699245d688b70fbaf6c5ab167b/a50f4bfbfbedab6401df8a9af736afc379311e3e.jpg
https://gss3.bdstatic.com/7Po3dSag_xI4khGkpoWK1HF6hhy/baike/c0%3Dbaike150%2C5%2C5%2C150%2C50/sign=e728d747d42a283457ab3e593adca28f/adaf2edda3cc7cd90a61f3833901213fb80e9118.jpg
https://gss0.bdstatic.com/94o3dSag_xI4khGkpoWK1HF6hhy/baike/c0%3Dbaike92%2C5%2C5%2C92%2C30/sign=a60279beb31c8701c2bbbab44616f54a/2fdda3cc7cd98d108998cb6b213fb80e7bec9018.jpg
https://gss0.bdstatic.com/-4o3dSag_xI4khGkpoWK1HF6hhy/baike/c0%3Dbaike92%2C5%2C5%2C92%2C30/sign=a37f3c719d16fdfacc61cebcd5e6e731/faedab64034f78f0f3a65da979310a55b3191c3e.jpg
https://gss1.bdstatic.com/9vo3dSag_xI4khGkpoWK1HF6hhy/baike/c0%3Dbaike180%2C5%2C5%2C180%2C60/sign=a145c6f1033b5bb5aada28ac57babe5c/a2cc7cd98d1001e9b070d355b80e7bec54e79718.jpg
https://gss2.bdstatic.com/-fo3dSag_xI4khGkpoWK1HF6hhy/baike/c0%3Dbaike92%2C5%2C5%2C92%2C30/sign=9b860f90af51f3ded7bfb136f5879b7a/024f78f0f736afc37fa1f83fb319ebc4b745123e.jpg
https://gss3.bdstatic.com/-Po3dSag_xI4khGkpoWK1HF6hhy/baike/c0%3Dbaike92%2C5%2C5%2C92%2C30/sign=0c7053e187d6277ffd1f3a6a49517455/8c1001e93901213f337f898654e736d12f2e9518.jpg
https://gss0.bdstatic.com/94o3dSag_xI4khGkpoWK1HF6hhy/baike/c0%3Dbaike92%2C5%2C5%2C92%2C30/sign=a7c101b4b48f8c54f7decd7d5b404690/f636afc379310a55bb8919aeb74543a98226103e.jpg
https://gss3.bdstatic.com/-Po3dSag_xI4khGkpoWK1HF6hhy/baike/c0%3Dbaike80%2C5%2C5%2C80%2C26/sign=47e1e688820a19d8df0e8c575293e9ee/a08b87d6277f9e2f8c56a2311d30e924b899f3ac.jpg

https://gss0.bdstatic.com/94o3dSag_xI4khGkpoWK1HF6hhy/baike/c0%3Dbaike150%2C5%2C5%2C150%2C50/sign=c53382bfee1190ef15f69a8daf72f673/bd3eb13533fa828be618cfb1f41f4134970a5aac.jpg
https://gss1.bdstatic.com/-vo3dSag_xI4khGkpoWK1HF6hhy/baike/crop%3D0%2C13%2C800%2C528%3Bc0%3Dbaike92%2C5%2C5%2C92%2C30/sign=d6320998b2119313d30ca5f0580820e6/77094b36acaf2edd26bd8eb38d1001e939019318.jpg
https://gss0.bdstatic.com/-4o3dSag_xI4khGkpoWK1HF6hhy/baike/c0%3Dbaike180%2C5%2C5%2C180%2C60/sign=f61b91617a8da9775a228e79d138937c/a8ec8a13632762d04b88f6eda9ec08fa513dc62a.jpg
https://gss1.bdstatic.com/9vo3dSag_xI4khGkpoWK1HF6hhy/baike/c0%3Dbaike272%2C5%2C5%2C272%2C90/sign=0fc7d7ef7dd98d1062d904634056d36b/8d5494eef01f3a290cef94dd9825bc315c607cf9.jpg

https://gss1.bdstatic.com/9vo3dSag_xI4khGkpoWK1HF6hhy/baike/c0%3Dbaike80%2C5%2C5%2C80%2C26/sign=0000ff6db6fd5266b3263446ca71fc4e/f31fbe096b63f624eaabca858744ebf81b4ca346.jpg
https://gss1.bdstatic.com/9vo3dSag_xI4khGkpoWK1HF6hhy/baike/c0%3Dbaike80%2C5%2C5%2C80%2C26/sign=b2247afb510fd9f9b41a5d3b4444bf4f/314e251f95cad1c8fe5aa9a07f3e6709c83d5157.jpg
https://gss2.bdstatic.com/9fo3dSag_xI4khGkpoWK1HF6hhy/baike/c0%3Dbaike80%2C5%2C5%2C80%2C26/sign=dd58b88a70cf3bc7fc0dc5beb069d1c4/10dfa9ec8a136327d88186b4918fa0ec09fac7cd.jpg
https://gss2.bdstatic.com/-fo3dSag_xI4khGkpoWK1HF6hhy/baike/c0%3Dbaike80%2C5%2C5%2C80%2C26/sign=aedaddb64c086e067ea5371963611091/8435e5dde71190ef6085d358ce1b9d16fdfa603e.jpg
https://gss0.bdstatic.com/-4o3dSag_xI4khGkpoWK1HF6hhy/baike/c0%3Dbaike80%2C5%2C5%2C80%2C26/sign=5894129497dda144ce0464e0d3debbc7/0ff41bd5ad6eddc40599027c39dbb6fd5266333e.jpg
https://gss0.bdstatic.com/-4o3dSag_xI4khGkpoWK1HF6hhy/baike/c0%3Dbaike80%2C5%2C5%2C80%2C26/sign=f301f07c0a46f21fdd395601974d0005/18d8bc3eb13533faa6402da9a8d3fd1f40345b46.jpg
https://gss0.bdstatic.com/-4o3dSag_xI4khGkpoWK1HF6hhy/baike/c0%3Dbaike80%2C5%2C5%2C80%2C26/sign=3665dfb8d9f9d72a0369184fb5434351/241f95cad1c8a786e53ef1896709c93d70cf5024.jpg
https://gss1.bdstatic.com/-vo3dSag_xI4khGkpoWK1HF6hhy/baike/c0%3Dbaike80%2C5%2C5%2C80%2C26/sign=662668b49245d688b70fbaf6c5ab167b/b3fb43166d224f4a857fd29409f790529922d157.jpg
https://gss1.bdstatic.com/9vo3dSag_xI4khGkpoWK1HF6hhy/baike/c0%3Dbaike80%2C5%2C5%2C80%2C26/sign=788f9da5b31bb0519b29bb7a5713b1d1/30adcbef76094b367d578a6aa3cc7cd98c109d74.jpg

https://gss0.bdstatic.com/-4o3dSag_xI4khGkpoWK1HF6hhy/baike/c0%3Dbaike150%2C5%2C5%2C150%2C50/sign=69ab8be7f3deb48fef64a98c9176514c/960a304e251f95ca45998330c9177f3e660952c3.jpg
https://gss2.bdstatic.com/-fo3dSag_xI4khGkpoWK1HF6hhy/baike/c0%3Dbaike150%2C5%2C5%2C150%2C50/sign=077498875c6034a83defb0d3aa7a2231/71cf3bc79f3df8dc4f519e17cd11728b461028c3.jpg
https://gss1.bdstatic.com/9vo3dSag_xI4khGkpoWK1HF6hhy/baike/c0%3Dbaike180%2C5%2C5%2C180%2C60/sign=785897689c82d158af8f51e3e16372bd/c2cec3fdfc0392457fd9f0898794a4c27c1e25c3.jpg
https://gss0.bdstatic.com/94o3dSag_xI4khGkpoWK1HF6hhy/baike/c0%3Dbaike150%2C5%2C5%2C150%2C50/sign=e87fa2ae367adab429dd1311eabdd879/503d269759ee3d6d459d964d43166d224e4aded8.jpg
https://gss0.bdstatic.com/94o3dSag_xI4khGkpoWK1HF6hhy/baike/c0%3Dbaike150%2C5%2C5%2C150%2C50/sign=0a4a2a421bd5ad6ebef46cb8e0a252be/78310a55b319ebc46f14671f8226cffc1f1716c3.jpg
https://gss2.bdstatic.com/-fo3dSag_xI4khGkpoWK1HF6hhy/baike/c0%3Dbaike150%2C5%2C5%2C150%2C50/sign=675b022159ee3d6d36cb8f99227f0647/c8ea15ce36d3d53980661e453a87e950342ab0d8.jpg
https://gss3.bdstatic.com/7Po3dSag_xI4khGkpoWK1HF6hhy/baike/c0%3Dbaike272%2C5%2C5%2C272%2C90/sign=ed77b7a5b07eca80060831b5f04afcb8/55e736d12f2eb938c4366b74d5628535e4dd6fd8.jpg
https://gss3.bdstatic.com/-Po3dSag_xI4khGkpoWK1HF6hhy/baike/c0%3Dbaike272%2C5%2C5%2C272%2C90/sign=5e706bfc20a446236ac7ad30f94b196b/359b033b5bb5c9ea269c1265d539b6003bf3b3cc.jpg
https://gss2.bdstatic.com/-fo3dSag_xI4khGkpoWK1HF6hhy/baike/c0%3Dbaike150%2C5%2C5%2C150%2C50/sign=71180412462309f7f362a54013676796/342ac65c10385343c5a096a79313b07ecb8088cc.jpg
https://gss1.bdstatic.com/-vo3dSag_xI4khGkpoWK1HF6hhy/baike/c0%3Dbaike150%2C5%2C5%2C150%2C50/sign=350b019bd42a283457ab3e593adca28f/adaf2edda3cc7cd9d842255f3901213fb90e91cc.jpg
https://gss2.bdstatic.com/9fo3dSag_xI4khGkpoWK1HF6hhy/baike/c0%3Dbaike220%2C5%2C5%2C220%2C73/sign=068ba9a601e93901420f856c1a853f82/5d6034a85edf8db1b1416de20923dd54574e74cc.jpg

https://gss3.bdstatic.com/7Po3dSag_xI4khGkpoWK1HF6hhy/baike/c0%3Dbaike80%2C5%2C5%2C80%2C26/sign=ac240a9cfc039245b5b8e95de6fdcfa7/54fbb2fb43166d2220a0e9c5462309f79152d288.jpg
https://gss2.bdstatic.com/-fo3dSag_xI4khGkpoWK1HF6hhy/baike/c0%3Dbaike80%2C5%2C5%2C80%2C26/sign=f9d731bdd100baa1ae214fe92679d277/63d0f703918fa0ec6e10985c269759ee3c6ddb88.jpg
https://gss2.bdstatic.com/9fo3dSag_xI4khGkpoWK1HF6hhy/baike/c0%3Dbaike92%2C5%2C5%2C92%2C30/sign=19f17930f8198618554ae7d62b844516/d1a20cf431adcbefdce38257acaf2edda2cc9f88.jpg
https://gss2.bdstatic.com/-fo3dSag_xI4khGkpoWK1HF6hhy/baike/c0%3Dbaike116%2C5%2C5%2C116%2C38/sign=6d26b5b88d1001e95a311c5dd9671089/95eef01f3a292df52e145044bc315c6035a87388.jpg
https://gss2.bdstatic.com/-fo3dSag_xI4khGkpoWK1HF6hhy/baike/c0%3Dbaike80%2C5%2C5%2C80%2C26/sign=023c584297dda144ce0464e0d3debbc7/0ff41bd5ad6eddc45f3148aa39dbb6fd53663388.jpg
https://gss0.bdstatic.com/-4o3dSag_xI4khGkpoWK1HF6hhy/baike/c0%3Dbaike92%2C5%2C5%2C92%2C30/sign=95fcb65f6709c93d13ff06a5fe5493b9/03087bf40ad162d9ae389e4d11dfa9ec8b13cd89.jpg
https://gss2.bdstatic.com/9fo3dSag_xI4khGkpoWK1HF6hhy/baike/c0%3Dbaike80%2C5%2C5%2C80%2C26/sign=613e640fddc451dae2fb04b9d7943903/0df3d7ca7bcb0a4688f477686b63f6246a60af89.jpg
https://gss3.bdstatic.com/-Po3dSag_xI4khGkpoWK1HF6hhy/baike/c0%3Dbaike92%2C5%2C5%2C92%2C30/sign=0cc270599b504fc2b652b85784b48c74/d833c895d143ad4bf2ffba9182025aafa50f0689.jpg
https://gss2.bdstatic.com/9fo3dSag_xI4khGkpoWK1HF6hhy/baike/c0%3Dbaike80%2C5%2C5%2C80%2C26/sign=386b2031352ac65c73086e219a9bd974/b812c8fcc3cec3fdfeef5b24d688d43f86942789.jpg
https://gss0.bdstatic.com/-4o3dSag_xI4khGkpoWK1HF6hhy/baike/c0%3Dbaike92%2C5%2C5%2C92%2C30/sign=12a25b39d109b3deffb2ec3aadd607e4/b151f8198618367a9e58838c2e738bd4b21ce58a.jpg
https://gss2.bdstatic.com/-fo3dSag_xI4khGkpoWK1HF6hhy/baike/c0%3Dbaike80%2C5%2C5%2C80%2C26/sign=f9d131bdd100baa1ae214fe92679d277/63d0f703918fa0ec6e16985c269759ee3c6ddb8a.jpg
https://gss0.bdstatic.com/-4o3dSag_xI4khGkpoWK1HF6hhy/baike/c0%3Dbaike92%2C5%2C5%2C92%2C30/sign=5daf642ad11373f0e13267cdc566209e/d52a2834349b033bd759008b15ce36d3d439bd8a.jpg
https://gss2.bdstatic.com/-fo3dSag_xI4khGkpoWK1HF6hhy/baike/c0%3Dbaike80%2C5%2C5%2C80%2C26/sign=67004372632762d09433acedc185639f/95eef01f3a292df52e125044bc315c6035a8738a.jpg
https://gss2.bdstatic.com/9fo3dSag_xI4khGkpoWK1HF6hhy/baike/c0%3Dbaike92%2C5%2C5%2C92%2C30/sign=d7c11d4b2834349b600b66d7a8837eab/94cad1c8a786c9178dd2ae68c93d70cf3ac7578a.jpg
https://gss0.bdstatic.com/94o3dSag_xI4khGkpoWK1HF6hhy/baike/c0%3Dbaike80%2C5%2C5%2C80%2C26/sign=91d552314fc2d562e605d8bf8678fb8a/72f082025aafa40f6316328cab64034f79f0198a.jpg
https://gss1.bdstatic.com/9vo3dSag_xI4khGkpoWK1HF6hhy/baike/c0%3Dbaike92%2C5%2C5%2C92%2C30/sign=750affb02f2eb938f86072a0b40bee50/0e2442a7d933c895f0ae642ad11373f08302008a.jpg
https://gss0.bdstatic.com/-4o3dSag_xI4khGkpoWK1HF6hhy/baike/c0%3Dbaike80%2C5%2C5%2C80%2C26/sign=6bdb66a279310a55d029d6a6d62c28cc/5243fbf2b21193132c9303e165380cd790238d8b.jpg

https://gss2.bdstatic.com/9fo3dSag_xI4khGkpoWK1HF6hhy/baike/c0%3Dbaike116%2C5%2C5%2C116%2C38/sign=09974fcbddc451dae2fb04b9d7943903/a50f4bfbfbedab64110d9a55f736afc379311e23.jpg
https://gss0.bdstatic.com/94o3dSag_xI4khGkpoWK1HF6hhy/baike/c0%3Dbaike116%2C5%2C5%2C116%2C38/sign=314b9d9b6709c93d13ff06a5fe5493b9/dcc451da81cb39db4ea1b0c3d0160924aa1830c6.jpg
https://gss2.bdstatic.com/-fo3dSag_xI4khGkpoWK1HF6hhy/baike/c0%3Dbaike116%2C5%2C5%2C116%2C38/sign=204a6827b9014a9095334eefc81e5277/a8014c086e061d953426e0ad7bf40ad163d9cac7.jpg
https://gss1.bdstatic.com/-vo3dSag_xI4khGkpoWK1HF6hhy/baike/c0%3Dbaike92%2C5%2C5%2C92%2C30/sign=428137c78535e5dd8421ad8d17afcc8a/ac4bd11373f0820257ec46aa4bfbfbedab641b2c.jpg
https://gss2.bdstatic.com/-fo3dSag_xI4khGkpoWK1HF6hhy/baike/c0%3Dbaike92%2C5%2C5%2C92%2C30/sign=9d9d7e27d158ccbf0fb1bd6878b1d75b/377adab44aed2e73a59751b98701a18b87d6fa2d.jpg

https://gss1.bdstatic.com/-vo3dSag_xI4khGkpoWK1HF6hhy/baike/c0%3Dbaike150%2C5%2C5%2C150%2C50/sign=682477f5e5dde711f3df4ba4c686a57e/18d8bc3eb13533fa3fcd54dea8d3fd1f40345bc3.jpg
https://gss2.bdstatic.com/-fo3dSag_xI4khGkpoWK1HF6hhy/baike/c0%3Dbaike150%2C5%2C5%2C150%2C50/sign=8689c9079f3df8dcb23087c3ac7819ee/9f510fb30f2442a72f753a55d143ad4bd01302c3.jpg
https://gss1.bdstatic.com/9vo3dSag_xI4khGkpoWK1HF6hhy/baike/c0%3Dbaike150%2C5%2C5%2C150%2C50/sign=2cbd140d7b899e516c83324623ceb256/3812b31bb051f8199f5fc4badab44aed2f73e7cc.jpg
https://gss2.bdstatic.com/9fo3dSag_xI4khGkpoWK1HF6hhy/baike/c0%3Dbaike150%2C5%2C5%2C150%2C50/sign=ba5e74d8367adab429dd1311eabdd879/503d269759ee3d6d17bc403b43166d224e4adecc.jpg
https://gss1.bdstatic.com/-vo3dSag_xI4khGkpoWK1HF6hhy/baike/c0%3Dbaike116%2C5%2C5%2C116%2C38/sign=8aba8bf10a55b31988f48a2722c0e943/a08b87d6277f9e2f2271daf81f30e924b999f3fe.jpg
https://gss0.bdstatic.com/-4o3dSag_xI4khGkpoWK1HF6hhy/baike/c0%3Dbaike150%2C5%2C5%2C150%2C50/sign=720328744aed2e73e8e48e7ee668caee/58ee3d6d55fbb2fb076f9fe24f4a20a44723dcfe.jpg

https://gss2.bdstatic.com/9fo3dSag_xI4khGkpoWK1HF6hhy/baike/c0%3Dbaike92%2C5%2C5%2C92%2C30/sign=958907ae8326cffc7d27b7e0d86821f5/b3119313b07eca8047f448d0902397dda1448317.jpg
https://gss3.bdstatic.com/-Po3dSag_xI4khGkpoWK1HF6hhy/baike/c0%3Dbaike92%2C5%2C5%2C92%2C30/sign=b97c132b10dfa9ece9235e4503b99c66/cf1b9d16fdfaaf51b871f0888d5494eef01f7a72.jpg
https://gss3.bdstatic.com/7Po3dSag_xI4khGkpoWK1HF6hhy/baike/c0%3Dbaike92%2C5%2C5%2C92%2C30/sign=20fcad23b999a9012f3853647cfc611e/37d12f2eb9389b50700e91658435e5dde7116e17.jpg
https://gss2.bdstatic.com/-fo3dSag_xI4khGkpoWK1HF6hhy/baike/c0%3Dbaike92%2C5%2C5%2C92%2C30/sign=e720ce14622762d09433acedc185639f/ae51f3deb48f8c54da22b4183b292df5e0fe7f17.jpg
https://gss3.bdstatic.com/-Po3dSag_xI4khGkpoWK1HF6hhy/baike/c0%3Dbaike92%2C5%2C5%2C92%2C30/sign=fbee36090df3d7ca18fb37249376d56c/d009b3de9c82d158af732886810a19d8bc3e4217.jpg
https://gss3.bdstatic.com/-Po3dSag_xI4khGkpoWK1HF6hhy/baike/c0%3Dbaike92%2C5%2C5%2C92%2C30/sign=3bd18e8764380cd7f213aabfc02dc651/9345d688d43f87942f6d3919d31b0ef41bd53a72.jpg
https://gss2.bdstatic.com/9fo3dSag_xI4khGkpoWK1HF6hhy/baike/c0%3Dbaike92%2C5%2C5%2C92%2C30/sign=d199e8a82fdda3cc1fe9b07260805264/5366d0160924ab180d84900034fae6cd7b890b72.jpg
https://gss1.bdstatic.com/-vo3dSag_xI4khGkpoWK1HF6hhy/baike/c0%3Dbaike92%2C5%2C5%2C92%2C30/sign=f14872d62e2eb938f86072a0b40bee50/0e2442a7d933c89574ece94cd01373f082020072.jpg
https://gss0.bdstatic.com/94o3dSag_xI4khGkpoWK1HF6hhy/baike/c0%3Dbaike92%2C5%2C5%2C92%2C30/sign=34fbd0e9f11f3a294ec5dd9cf84cd754/0b55b319ebc4b745fb06c621cefc1e178a821572.jpg
https://gss0.bdstatic.com/94o3dSag_xI4khGkpoWK1HF6hhy/baike/c0%3Dbaike92%2C5%2C5%2C92%2C30/sign=c60ae3e8cf1b9d169eca923392b7dfea/4afbfbedab64034fc83cb331aec379310a551d17.jpg
https://gss1.bdstatic.com/9vo3dSag_xI4khGkpoWK1HF6hhy/baike/c0%3Dbaike92%2C5%2C5%2C92%2C30/sign=f5641ad88cb1cb132a643441bc3d3d2b/b8014a90f603738d68bb7d15b21bb051f819ec10.jpg
https://gss3.bdstatic.com/-Po3dSag_xI4khGkpoWK1HF6hhy/baike/c0%3Dbaike92%2C5%2C5%2C92%2C30/sign=7812d885d058ccbf0fb1bd6878b1d75b/377adab44aed2e734018f71b8601a18b87d6fa10.jpg
https://gss0.bdstatic.com/-4o3dSag_xI4khGkpoWK1HF6hhy/baike/c0%3Dbaike92%2C5%2C5%2C92%2C30/sign=f9d3d1cdd0c8a786aa27425c0660a258/4d086e061d950a7bdec43ff30bd162d9f2d3c910.jpg
https://gss0.bdstatic.com/-4o3dSag_xI4khGkpoWK1HF6hhy/baike/c0%3Dbaike92%2C5%2C5%2C92%2C30/sign=94037fc09e3df8dcb23087c3ac7819ee/f3d3572c11dfa9ec6edf272063d0f703918fc110.jpg
https://gss3.bdstatic.com/-Po3dSag_xI4khGkpoWK1HF6hhy/baike/c0%3Dbaike92%2C5%2C5%2C92%2C30/sign=04034b2343a7d933aba5ec21cc22ba76/500fd9f9d72a60592e9d902d2934349b033bba73.jpg
https://gss3.bdstatic.com/-Po3dSag_xI4khGkpoWK1HF6hhy/baike/c0%3Dbaike92%2C5%2C5%2C92%2C30/sign=56a299c350da81cb5aeb8b9f330fbb73/91529822720e0cf32c063fcc0b46f21fbe09aa10.jpg
https://gss1.bdstatic.com/9vo3dSag_xI4khGkpoWK1HF6hhy/baike/c0%3Dbaike92%2C5%2C5%2C92%2C30/sign=7244da560eb30f242197e451a9fcba26/eaf81a4c510fd9f9dee7245e242dd42a2834a410.jpg
https://gss3.bdstatic.com/-Po3dSag_xI4khGkpoWK1HF6hhy/baike/c0%3Dbaike92%2C5%2C5%2C92%2C30/sign=1ccfda28060828387c00d446d9f0c264/203fb80e7bec54e70d616b29b8389b504fc26a73.jpg
https://gss3.bdstatic.com/-Po3dSag_xI4khGkpoWK1HF6hhy/baike/c0%3Dbaike92%2C5%2C5%2C92%2C30/sign=b963132b10dfa9ece9235e4503b99c66/cf1b9d16fdfaaf51b86ef0888d5494eef01f7a73.jpg
https://gss1.bdstatic.com/-vo3dSag_xI4khGkpoWK1HF6hhy/baike/c0%3Dbaike92%2C5%2C5%2C92%2C30/sign=3ac56c3f1e30e924dba994632d610563/7aec54e736d12f2e84f5df574ec2d56285356810.jpg
https://gss2.bdstatic.com/-fo3dSag_xI4khGkpoWK1HF6hhy/baike/c0%3Dbaike92%2C5%2C5%2C92%2C30/sign=6283c343eaf81a4c323fe49bb6430b3c/838ba61ea8d3fd1f2f84d30d314e251f95ca5f73.jpg
https://gss1.bdstatic.com/-vo3dSag_xI4khGkpoWK1HF6hhy/baike/c0%3Dbaike92%2C5%2C5%2C92%2C30/sign=687e72d4d439b60059c307e588395e4f/71cf3bc79f3df8dcacb0fea6cc11728b47102873.jpg
https://gss1.bdstatic.com/9vo3dSag_xI4khGkpoWK1HF6hhy/baike/c0%3Dbaike92%2C5%2C5%2C92%2C30/sign=4d56473c5ab5c9ea76fe0bb1b450dd65/c8177f3e6709c93d09027fc09e3df8dcd1005410.jpg
https://gss1.bdstatic.com/9vo3dSag_xI4khGkpoWK1HF6hhy/baike/c0%3Dbaike92%2C5%2C5%2C92%2C30/sign=3bdcd714b17eca80060831b5f04afcb8/c2fdfc039245d6885df2c393a5c27d1ed21b2410.jpg
https://gss3.bdstatic.com/7Po3dSag_xI4khGkpoWK1HF6hhy/baike/c0%3Dbaike92%2C5%2C5%2C92%2C30/sign=a6608fe877094b36cf9f13bfc2a517bc/80cb39dbb6fd526647db4d23aa18972bd4073610.jpg
https://gss3.bdstatic.com/-Po3dSag_xI4khGkpoWK1HF6hhy/baike/c0%3Dbaike92%2C5%2C5%2C92%2C30/sign=819969f2e1fe9925df01610255c135ba/b64543a98226cffca5a7ce85b8014a90f603ea7c.jpg
https://gss0.bdstatic.com/94o3dSag_xI4khGkpoWK1HF6hhy/baike/c0%3Dbaike92%2C5%2C5%2C92%2C30/sign=c60be3e8cf1b9d169eca923392b7dfea/4afbfbedab64034fc83db331aec379310a551d10.jpg
https://gss3.bdstatic.com/-Po3dSag_xI4khGkpoWK1HF6hhy/baike/c0%3Dbaike92%2C5%2C5%2C92%2C30/sign=4e7c8f1448540923be646b2cf331ba6c/f703738da977391270d6f456f9198618367ae211.jpg
https://gss3.bdstatic.com/-Po3dSag_xI4khGkpoWK1HF6hhy/baike/c0%3Dbaike92%2C5%2C5%2C92%2C30/sign=253890388694a4c21e2eef796f9d70b0/54fbb2fb43166d22bcfa64a3472309f79052d27c.jpg
https://gss1.bdstatic.com/-vo3dSag_xI4khGkpoWK1HF6hhy/baike/c0%3Dbaike92%2C5%2C5%2C92%2C30/sign=de0adb3af9dcd100d991f07313e22c75/562c11dfa9ec8a1386ea26d7f603918fa0ecc011.jpg

https://gss2.bdstatic.com/-fo3dSag_xI4khGkpoWK1HF6hhy/baike/c0%3Dbaike116%2C5%2C5%2C116%2C38/sign=f7121532c9177f3e0439f45f11a650a2/1ad5ad6eddc451daa7118b6fb6fd5266d116324a.jpg
https://gss0.bdstatic.com/-4o3dSag_xI4khGkpoWK1HF6hhy/baike/c0%3Dbaike116%2C5%2C5%2C116%2C38/sign=e7c2259fd40735fa85fd46ebff3864d6/b219ebc4b74543a9cefc7d481e178a82b801144a.jpg
https://gss0.bdstatic.com/94o3dSag_xI4khGkpoWK1HF6hhy/baike/c0%3Dbaike116%2C5%2C5%2C116%2C38/sign=07db133f87d6277ffd1f3a6a49517455/a1ec08fa513d2697d9348fd955fbb2fb4216d84b.jpg
https://gss1.bdstatic.com/-vo3dSag_xI4khGkpoWK1HF6hhy/baike/c0%3Dbaike116%2C5%2C5%2C116%2C38/sign=e50b2b91bc315c60579863bdecd8a076/4034970a304e251f903f637ca786c9177e3e536d.jpg
https://gss3.bdstatic.com/7Po3dSag_xI4khGkpoWK1HF6hhy/baike/c0%3Dbaike116%2C5%2C5%2C116%2C38/sign=6735c472a7efce1bfe26c098ce3898bb/b2de9c82d158ccbf9b5b32be19d8bc3eb035414b.jpg

https://gss3.bdstatic.com/-Po3dSag_xI4khGkpoWK1HF6hhy/baike/c0%3Dbaike116%2C5%2C5%2C116%2C38/sign=a38ba78f60380cd7f213aabfc02dc651/2e2eb9389b504fc2c697e83ae0dde71191ef6dc0.jpg
https://gss0.bdstatic.com/-4o3dSag_xI4khGkpoWK1HF6hhy/baike/c0%3Dbaike92%2C5%2C5%2C92%2C30/sign=ac6cc40e49086e067ea5371963611091/b8389b504fc2d56291c088d2e21190ef77c66cc0.jpg

https://gss3.bdstatic.com/7Po3dSag_xI4khGkpoWK1HF6hhy/baike/c0%3Dbaike180%2C5%2C5%2C180%2C60/sign=9208ba1b0b087bf469e15fbb93ba3c49/bf096b63f6246b6083ae3724e2f81a4c510fa23a.jpg
https://gss3.bdstatic.com/-Po3dSag_xI4khGkpoWK1HF6hhy/baike/c0%3Dbaike92%2C5%2C5%2C92%2C30/sign=f784ec003da85edfee81f671283d6246/1f178a82b9014a90bdb6c3eda0773912b21beed2.jpg

https://gss2.bdstatic.com/9fo3dSag_xI4khGkpoWK1HF6hhy/baike/c0%3Dbaike220%2C5%2C5%2C220%2C73/sign=90d5bdad09f431ada8df4b6b2a5fc7ca/f2deb48f8c5494eed27d572628f5e0fe99257eb5.jpg
https://gss2.bdstatic.com/9fo3dSag_xI4khGkpoWK1HF6hhy/baike/c0%3Dbaike92%2C5%2C5%2C92%2C30/sign=b2f095168318367ab984778f4f1ae0b1/0df431adcbef76094997c1a02bdda3cc7cd99e74.jpg
https://gss1.bdstatic.com/-vo3dSag_xI4khGkpoWK1HF6hhy/baike/c0%3Dbaike92%2C5%2C5%2C92%2C30/sign=6c6eddc3c411728b24208470a995a8ab/8b13632762d0f7032ce1c78e01fa513d2697c515.jpg

https://gss0.bdstatic.com/-4o3dSag_xI4khGkpoWK1HF6hhy/baike/c0%3Dbaike92%2C5%2C5%2C92%2C30/sign=717d1b75b6fb43160e12722841cd2d46/5d6034a85edf8db1870307da0d23dd54564e745a.jpg
https://gss2.bdstatic.com/-fo3dSag_xI4khGkpoWK1HF6hhy/baike/c0%3Dbaike80%2C5%2C5%2C80%2C26/sign=1c04fd97efc4b7452099bf44ae957572/9213b07eca8065381a86dfad93dda144ad34821b.jpg
https://gss1.bdstatic.com/9vo3dSag_xI4khGkpoWK1HF6hhy/baike/c0%3Dbaike80%2C5%2C5%2C80%2C26/sign=d7123d03ad773912d02b8d339970ed7d/d1a20cf431adcbef571805b8a8af2edda3cc9f5b.jpg
https://gss3.bdstatic.com/-Po3dSag_xI4khGkpoWK1HF6hhy/baike/c0%3Dbaike116%2C5%2C5%2C116%2C38/sign=a9be858a552c11dfcadcb771024e09b5/d6ca7bcb0a46f21f756e1c3af4246b600c33ae05.jpg
