
https://upload.wikimedia.org/wikipedia/commons/thumb/4/40/Sunflower_sky_backdrop.jpg/280px-Sunflower_sky_backdrop.jpg	https://zh-yue.wikipedia.org/wiki/%E5%90%91%E6%97%A5%E8%91%B5
https://i2.read01.com/uploads/0D5RNJ01.jpg	https://read01.com/DAnEMJ.html
http://img02.tooopen.com/images/20150821/tooopen_sy_139296032728.jpg	http://www.tooopen.com/img/856_859.aspx
http://a0.att.hudong.com/55/58/19300001338703133421580854358.jpg	http://huayu.baike.com/article-268688.html
http://4.bp.blogspot.com/-1QuL_tGDqWE/VXEfQ77lDKI/AAAAAAAAGGg/BWuPn51_8Y0/s1600/flickr_barbarawalsh_5815691698_caeb3e850e_o_resized.jpg	http://blog.igarden.com.tw/2015/06/fertilizer-recommendations-for-sunflowers-and-strawberries.html
http://www.jiaocheng8.com/uploads/img/2014/0425/201978-12062015252397.jpg	http://www.jiaocheng8.com/huayu/1045.html
http://pic.qiantucdn.com/58pic/11/02/49/49M58PIC4jk.jpg!qt290	http://www.58pic.com/tupian/xiangrikui.html
http://a4.att.hudong.com/66/91/01000000000000119089130220666.jpg	http://www.baike.com/wiki/%E5%90%91%E6%97%A5%E8%91%B5%E5%B1%9E
http://a3.att.hudong.com/82/56/20300543351429143944562666561_s.jpg	http://www.baike.com/wiki/%E5%90%91%E6%97%A5%E8%91%B5
http://wportfolio.wzu.edu.tw/blog/attach/26/28026/44/bf_50775_5917733_92791_200811241024160_2.jpg	http://wportfolio.wzu.edu.tw/blog/files/12-28026-7758.php
http://livedoor.blogimg.jp/ando_shinsaku/imgs/a/8/a87b23d8.jpg	http://www.ando-shinsaku.com/bulesky_and_sunflower.html
https://abc.2008php.com/2014_Website_appreciate/2015-12-27/20151227235814.jpg	https://abc.2008php.com/tu_shouji.php?id=950899&topy=2
http://photo.eastday.com/images/thumbnailimg/month_1609/201609260915328513.jpg	http://photo.eastday.com/2013slideshow/20160926_4/index.html
http://01.gatag.net/img/201508/12l/gatag-00014149.jpg	http://01.gatag.net/tag/%E5%90%91%E6%97%A5%E8%91%B5%EF%BC%88%E3%83%92%E3%83%9E%E3%83%AF%E3%83%AA%EF%BC%89/
http://img.baidu.com/img/iknow/r/image/2014-01-28/d1149cdb93e7fe9bae9e4c6ffde9bfe3.jpg	http://zhidao.baidu.com/s/daily/2014-01-28/1397352200.html
http://pic.pimg.tw/chic719/4a65590d7aca5.jpg	http://chic719.pixnet.net/blog/post/26727261-%E5%90%91%E6%97%A5%E8%91%B5%E7%A8%AE%E6%A4%8D%E6%A2%9D%E4%BB%B6~
http://i1.15yan.guokr.cn/jyfnr25js6sfys2gkvpyj8d7asi76uqp.jpg%21content	http://www.guokr.com/question/446087/
http://imgs21.iaweg.com/pic/HTTP2ltZzA1LnRvb29wZW4uY29tL2ltYWdlcy8yMDE1MDYzMC90b29vcGVuX3N5XzEzMjM0NDE0MTI1OS5qcGclog.jpg	http://www.iaweg.com/tupian/f10vpskpss
http://blog.roodo.com/green80861/7bf4ff2c.jpg	http://blog.roodo.com/green80861/archives/1522157.html
http://1.blog.xuite.net/1/c/4/2/11814345/blog_2562463/txt/71220041/0.jpg	http://blog.xuite.net/marx.yeh/lican/71220041-%E5%90%91%E6%97%A5%E8%91%B5%E7%9A%84%E4%B8%80%E7%94%9F
http://pic.pingguolv.com/uploads/allimg/161220/109-161220150638.jpg	http://www.pingguolv.com/zy/gongxiao/80269.html
http://img.ltn.com.tw/2017/new/jan/3/images/bigPic/600_209.jpg	http://news.ltn.com.tw/news/local/paper/1068044
http://studentweb.bhes.ntpc.edu.tw/91s/s860565/www/images/%E5%90%91%E6%97%A5%E8%91%B5%E5%9C%9631.jpg	http://studentweb.bhes.ntpc.edu.tw/91s/s860565/www/new_page_6.htm
http://img05.tooopen.com/images/20150730/tooopen_sy_136055763137.jpg	http://www.tooopen.com/img/856_859.aspx
http://imgbdb3.bendibao.com/bjbdb/20167/8/20160708134642_21041.jpg	http://bj.bendibao.com/tour/xiangrikui/
https://www.taichung.travel/Utility/DisplayImage?id=15309	https://www.taichung.travel/zh-tw/Attractions/Intro/210/%E5%90%91%E6%97%A5%E8%91%B5%E8%BE%B2%E5%A0%B4
http://pic.qiantucdn.com/58pic/18/52/54/55r58PIC5RK.jpg!qt290	http://www.58pic.com/tupian/xiangrikui.html
http://www.wallcoo.net/flower/sunflower/m01/H21sunflower_11.jpg	https://tieba.baidu.com/p/27637812
http://pic2.nipic.com/20090406/196487_091605058_2.jpg	http://soso.nipic.com/?q=%E5%90%91%E6%97%A5%E8%91%B5%EF%BC%8E%E5%A4%AA%E9%99%BD%E8%8A%B1
http://pic.pimg.tw/chieh922/48dff2cd6d392.jpg	http://blog.sina.com.cn/s/blog_64c610630100rjg5.html
https://i1.kknews.cc/large/48300032863c47ea878	https://kknews.cc/zh-hk/agriculture/rejj43v.html
http://online.sccnn.com/desk2/1156/1920Sunflower_2008.jpg	http://tony01254470.pixnet.net/blog/post/19585561-%E5%90%91%E6%97%A5%E8%91%B5
http://uploadfile.deskcity.org/2015/0902/20150902104310266.jpg	http://www.deskcity.org/photos/tag-%E5%90%91%E6%97%A5%E8%91%B5/
http://cphualientour.weebly.com/uploads/4/5/8/0/45800523/1909863_orig.jpg	http://bighandsome.cptaiwantour.com/%E3%80%90%E8%8A%B1%E8%93%AE%E8%8A%B1%E6%B5%B7%E3%80%91%E3%80%8E2016%E7%91%9E%E7%A9%97%E5%90%91%E6%97%A5%E8%91%B5%E8%8A%B1%E6%B5%B7%E3%80%8F%E3%80%80%E7%91%9E%E7%A9%97%E5%8C%97%E5%9B%9E%E6%AD%B8/
http://img02.tooopen.com/Downs/images/2010/11/29/sy_20101129104009937646.jpg	http://www.tooopen.com/img/856_859_1_10.aspx
http://new-cloudfront.zekkei-japan.jp/images/articles/bppcldwo65i0m5z3hdgy2ao2hv0cn9mti.jpg	http://zh.zekkeijapan.com/spot/index/419?language=zh
http://image2.sina.com.cn/IT/d/2004-10-13/U68P2T1D440102F13DT20041013155234.jpg	http://tech.sina.com.cn/d/2004-10-13/1552440102.shtml
https://upload.wikimedia.org/wikipedia/commons/thumb/a/a9/A_sunflower.jpg/260px-A_sunflower.jpg	https://zh.wikipedia.org/wiki/%E5%90%91%E6%97%A5%E8%91%B5
http://book.tndais.gov.tw/Brochure/images/tech119/tech119l.jpg	http://book.tndais.gov.tw/Brochure/tech119.htm
http://www.1adh.com/2007/20070714/004/20070001-0003.jpg	http://delia8292.blog.163.com/blog/static/89274292200952911536199/
https://cdn2.ettoday.net/images/2312/d2312886.jpg	http://travel.ettoday.net/article/860065.htm?t=%E5%BD%B7%E5%BD%BF%E7%BD%AE%E8%BA%AB%E9%87%91%E9%BB%83%E5%9C%8B%E5%BA%A6%EF%BC%81%E8%8A%B1%E8%93%AE5%E8%90%AC%E6%A0%AA%E5%90%91%E6%97%A5%E8%91%B5%E8%8A%B1%E6%B5%B7%E5%85%8D%E8%B2%BB%E6%8B%8D%E5%88%B0%E7%88%BD
https://thumbs.dreamstime.com/z/%E7%A7%80%E4%B8%BD%E5%A4%8F%E5%A4%A9%E5%90%91%E6%97%A5%E8%91%B5-8052330.jpg	https://cn.dreamstime.com/%E5%BA%93%E5%AD%98%E7%85%A7%E7%89%87-%E7%A7%80%E4%B8%BD%E5%A4%8F%E5%A4%A9%E5%90%91%E6%97%A5%E8%91%B5-image8052330
http://img05.tooopen.com/images/20150723/tooopen_sy_135000534262.jpg	http://www.tooopen.com/img/856_859.aspx
http://pic.pimg.tw/btorpf817/4a59e81496083.jpg	http://btorpf817.pixnet.net/blog/post/24597486-%3A%3A%E6%88%91%E8%AA%AA%3A%3A-%E5%B7%A7%E9%81%87%E5%90%91%E6%97%A5%E8%91%B5
http://a1.att.hudong.com/58/72/19300001338703133421723297130_950.jpg	http://huayu.baike.com/article-268772.html
https://cdn.101mediaimage.com/img/2016/06/22/16063677821nxd1.png	https://www.101newsmedia.com/news/23496
http://gb.cri.cn/mmsource/images/2005/02/23/pa050223101.jpg	http://gb.cri.cn/3821/2005/02/23/152@458553.htm
http://fs.mingpao.com/ldy/20170703/s00028/4d20f06f95a430b4bc98602b34647314.jpg	http://ol.mingpao.com/php/hotpick3.php?nodeid=1498215262417&issue=20170703
https://blog-001.west.edge.storage-yahoo.jp/res/blog-a5-70/katsuryouluck/folder/445072/95/15208495/img_0	https://blogs.yahoo.co.jp/katsuryouluck/15208495.html
http://pic3.nipic.com/20090520/1242397_093817035_2.jpg	http://tieba.baidu.com/p/1542683791
http://img02.tooopen.com/images/20150714/tooopen_sy_133956856146.jpg	http://www.tooopen.com/img/856_859_4_1.aspx
http://lzs.jjbird.com/uploads/questions/20140509/769cb59df4d3c08a05328be18dbeb9a4.jpg	http://lzs.jjbird.com/?/question/250
https://gss2.bdstatic.com/9fo3dSag_xI4khGkpoWK1HF6hhy/baike/w%3D480/sign=bebb3ce2e3f81a4c2632edc1e72b6029/30adcbef76094b361e27957babcc7cd98c109deb.jpg	https://baike.baidu.com/item/%E5%90%91%E6%97%A5%E8%91%B5/6106
https://farm1.staticflickr.com/733/32563990556_0528656704_b.jpg	http://coylwn94.pixnet.net/blog/post/457089062-%E3%80%8A%E5%8F%B0%E5%8C%97%E8%B3%9E%E8%8A%B1-%E3%80%8B%E5%BD%A9%E8%99%B9%E6%B2%B3%E6%BF%B1%E5%85%AC%E5%9C%92%E5%90%91%E6%97%A5%E8%91%B5%E8%8A%B1%E6%B5%B7--%E9%BB%83%E6%BE%84
http://fs.mingpao.com/ldy/20170703/s00028/4d21072ffb9cfc0dd9f91326aacac975.jpg	http://ol.mingpao.com/php/hotpick3.php?nodeid=1498215262417&issue=20170703
http://fs.mingpao.com/ldy/20170703/s00028/4d20fc4ba05f9b6444d1132f3aae09d7.jpg	http://ol.mingpao.com/php/hotpick3.php?nodeid=1498215262417&issue=20170703
http://www.ljes.tn.edu.tw/%E5%AD%B8%E7%94%9F%E7%B6%B2%E9%A0%81/93%E7%95%A2%E6%A5%AD%E7%8F%AD/610/%E6%9E%97%E5%AE%B6%E5%AC%BF/images/X2.jpg	http://www.ljes.tn.edu.tw/%E5%AD%B8%E7%94%9F%E7%B6%B2%E9%A0%81/93%E7%95%A2%E6%A5%AD%E7%8F%AD/610/%E6%9E%97%E5%AE%B6%E5%AC%BF/%E5%90%91%E6%97%A5%E8%91%B5%E7%9A%84%E7%A8%AE%E9%A1%9E.htm
http://uploadfile.huiyi8.com/2014/0529/20140529101946783.jpg	http://www.huiyi8.com/xiangrikui/
http://pic.pingguolv.com/uploads/allimg/161220/109-161220150A0.jpg	http://www.pingguolv.com/zy/gongxiao/80269.html
https://giftflowers.com.hk/media/wysiwyg/giftflowers/blog/images/summerbloom.jpg	https://giftflowers.com.hk/cn/blog/all-about-sunflowers-cn/
https://gss2.bdstatic.com/9fo3dSag_xI4khGkpoWK1HF6hhy/baike/c0%3Dbaike60%2C5%2C5%2C60%2C20/sign=fc81f83390529822113e3191b6a310ae/d058ccbf6c81800aa37a4dfab13533fa838b47a3.jpg	https://baike.baidu.com/item/%E5%90%91%E6%97%A5%E8%91%B5%E5%B1%9E
http://fs.mingpao.com/ldy/20170703/s00028/4d20d92bd3b0ff239290bd327bf9c16e.jpg	http://ol.mingpao.com/php/hotpick3.php?nodeid=1498215262417&issue=20170703
http://a0.att.hudong.com/04/37/300001345928131705376284907_950.jpg	http://yuanyi.baike.com/article-73313.html
http://pic130.nipic.com/file/20170518/12398452_110125003000_2.jpg	http://www.nipic.com/show/17256909.html
http://a3.att.hudong.com/11/43/01300000312118122939438642800_s.jpg	http://www.baike.com/wiki/%E5%90%91%E6%97%A5%E8%91%B5
http://news.xinhuanet.com/science/2015-11/15/134816185_14474960462511n.png	http://news.xinhuanet.com/science/2015-11/15/c_134816185.htm
https://farm1.staticflickr.com/566/31792532793_d657e4bbc5_b.jpg	http://coylwn94.pixnet.net/blog/post/457089062-%E3%80%8A%E5%8F%B0%E5%8C%97%E8%B3%9E%E8%8A%B1-%E3%80%8B%E5%BD%A9%E8%99%B9%E6%B2%B3%E6%BF%B1%E5%85%AC%E5%9C%92%E5%90%91%E6%97%A5%E8%91%B5%E8%8A%B1%E6%B5%B7--%E9%BB%83%E6%BE%84
http://a3.att.hudong.com/84/43/01300000312118122939431152802_s.jpg	http://www.baike.com/wiki/%E5%90%91%E6%97%A5%E8%91%B5
http://1.bp.blogspot.com/-yKrvsCt-G10/VYAZCAXC8-I/AAAAAAAAaWQ/CWtzFMpcvqg/s1600/DSC03754.JPG	http://aeni1203.pixnet.net/blog/post/5110828-%E5%90%91%E6%97%A5%E8%91%B5-sunflower
http://hk.on.cc/hk/bkn/cnt/news/20170626/photo/bkn-20170626060042164-0626_00822_001_09p.jpg?20170626061216	http://hk.on.cc/hk/bkn/cnt/news/20170626/bkn-20170626060042164-0626_00822_001.html
https://pbs.twimg.com/profile_images/882051812949278725/gdG4AnRN.jpg	https://twitter.com/52sunflowersan
http://img2.3png.com/0d7291be71279c3faea85bdc74bc263a334c.png	http://3png.com/a-24775911.html
http://japan-magazine.jnto.go.jp/jnto2wm/wp-content/uploads/1506_himawari_02.jpg	http://japan-magazine.jnto.go.jp/zh/1506_himawari.html
https://lovegreen.net/wp-content/uploads/2016/06/84cd530a7d5fa912ec8f0b27d965f00f.jpg	https://lovegreen.net/languageofflower/p29918/
http://pic.qiantucdn.com/58pic/10/99/63/16758PICj3b.jpg!qt290	http://www.58pic.com/tupian/xiangrikuitupian.html
http://kplant.biodiv.tw/%E5%90%91%E6%97%A5%E8%91%B5/%E5%90%91%E6%97%A5%E8%91%B5-%E8%8A%B1%E5%BF%8310.JPG	http://kplant.biodiv.tw/%E5%90%91%E6%97%A5%E8%91%B5/%E5%90%91%E6%97%A5%E8%91%B5.htm
http://kplant.biodiv.tw/%E5%90%91%E6%97%A5%E8%91%B5/%E5%90%91%E6%97%A5%E8%91%B5-%E8%8A%B11.jpg	http://kplant.biodiv.tw/%E5%90%91%E6%97%A5%E8%91%B5/%E5%90%91%E6%97%A5%E8%91%B5.htm
http://pic2.nipic.com/20090331/811223_093028081_2.jpg	http://www.nipic.com/show/1609466.html
http://japan-magazine.jnto.go.jp/jnto2wm/wp-content/uploads/1506_himawari_01.jpg	http://japan-magazine.jnto.go.jp/zh/1506_himawari.html
http://kplant.biodiv.tw/%E5%90%91%E6%97%A5%E8%91%B5/%E5%90%91%E6%97%A5%E8%91%B513.jpg	http://kplant.biodiv.tw/%E5%90%91%E6%97%A5%E8%91%B5/%E5%90%91%E6%97%A5%E8%91%B5.htm
https://thumbs.dreamstime.com/z/%E5%90%91%E6%97%A5%E8%91%B5%E5%BE%AE%E7%AC%91-43629617.jpg	https://cn.dreamstime.com/%E5%BA%93%E5%AD%98%E7%85%A7%E7%89%87-%E5%90%91%E6%97%A5%E8%91%B5%E5%BE%AE%E7%AC%91-image43629617
http://i2.wp.com/sera.ne.jp/cont/wp-content/uploads/2016/08/IMG_3931.jpg?resize=700%2C450	http://sera.ne.jp/zh-hans/hana/kaika-sunflower-zh-hans/
http://new-cloudfront.zekkei-japan.jp/images/spots/do3e9eeqzpa3fz414qcwjjtpe9n6rsthe.jpg	http://zh-tw.zekkeijapan.com/spot/index/350?language=zh-tw
http://new-cloudfront.zekkei-japan.jp/images/spots/7offj9fdj8bl1vynltn42zxvxs5b0fdfi.jpg	http://zh-tw.zekkeijapan.com/spot/index/421?language=zh-tw
https://i1.read01.com/uploads/0D5RNJ00.jpg	https://read01.com/DAnEMJ.html
http://www.oufa-travel.com/upload/789341432023289119.jpg	http://www.oufa-travel.com/scenery/page25
http://kplant.biodiv.tw/%E5%90%91%E6%97%A5%E8%91%B5/%E5%90%91%E6%97%A5%E8%91%B514.JPG	http://kplant.biodiv.tw/%E5%90%91%E6%97%A5%E8%91%B5/%E5%90%91%E6%97%A5%E8%91%B5.htm
http://cphualientour.weebly.com/uploads/4/5/8/0/45800523/9820062_orig.jpg	http://bighandsome.cptaiwantour.com/%E3%80%90%E8%8A%B1%E8%93%AE%E8%8A%B1%E6%B5%B7%E3%80%91%E3%80%8E2016%E7%91%9E%E7%A9%97%E5%90%91%E6%97%A5%E8%91%B5%E8%8A%B1%E6%B5%B7%E3%80%8F%E3%80%80%E7%91%9E%E7%A9%97%E5%8C%97%E5%9B%9E%E6%AD%B8/
http://pic27.nipic.com/20130325/8786105_105348870000_2.png	http://www.nipic.com/show/7728994.html
http://www.twword.com/uploads/wiki/bf/8a/670617_0.jpg	http://www.twword.com/wiki/%E8%A7%80%E8%B3%9E%E5%90%91%E6%97%A5%E8%91%B5
http://www.huaniaotu.com/images/zhiwu/xiangrikui/0520086001475306472.jpg	http://www.huaniaotu.com/zhiwu/xiangrikui.html
http://kplant.biodiv.tw/%E5%90%91%E6%97%A5%E8%91%B5/%E5%90%91%E6%97%A5%E8%91%B501.JPG	http://kplant.biodiv.tw/%E5%90%91%E6%97%A5%E8%91%B5/%E5%90%91%E6%97%A5%E8%91%B5.htm
https://tblg.k-img.com/restaurant/images/Rvw/54379/640x640_rect_54379179.jpg	https://tabelog.com/chiba/A1203/A120303/12021529/
https://gss1.bdstatic.com/9vo3dSag_xI4khGkpoWK1HF6hhy/baike/s%3D220/sign=e53e3f7257df8db1b82e7b663922dddb/c2cec3fdfc0392456fd6dfe58e94a4c27c1e25fc.jpg	https://baike.baidu.com/item/%E5%90%91%E6%97%A5%E8%91%B5%E5%B1%9E
http://japan-magazine.jnto.go.jp/jnto2wm/wp-content/uploads/1506_himawari_main.jpg	http://japan-magazine.jnto.go.jp/zh/1506_himawari.html
http://news.xinhuanet.com/science/2016-01/22/135035798_14534470780291n.jpg	http://news.xinhuanet.com/science/2016-01/22/c_135035798.htm
https://5.share.photo.xuite.net/bobowin/1543b4d/19998895/1150707358_o.jpg	http://blog.xuite.net/bobowin/me/481303966-%E3%80%90+%E5%8F%B0%E5%8C%97%E8%B3%9E%E8%8A%B1%E9%87%8E%E9%A4%90%E6%99%AF%E9%BB%9E+%E3%80%91%E5%BD%A9%E8%99%B9%E6%B2%B3%E6%BF%B1%E5%85%AC%E5%9C%92+%E5%8D%83%E5%9D%AA%E5%90%91%E6%97%A5%E8%91%B5%E8%8A%B1%E6%B5%B7%E7%8F%BE%E6%AD%A3%E9%96%8B%E6%94%BE%EF%BC%8C%E6%9C%89%E5%A6%82%E6%98%8E%E4%BF%A1%E7%89%87%E8%88%AC%E9%A2%A8%E6%99%AF%E7%95%AB
http://pic.baike.soso.com/ugc/baikepic2/24707/cov-20170111172149-356191131.jpg/300	http://baike.soso.com/ShowTitle.e?sp=S%E5%90%91%E6%97%A5%E8%91%B5
https://i.ytimg.com/vi/hAiPge-u1Z4/hqdefault.jpg	https://www.youtube.com/watch?v=hAiPge-u1Z4
https://i2.kknews.cc/large/f75000344854f6ad571	https://kknews.cc/essay/8r3ere.html
