
http://www.yuhuagu.com/uploads/allimg/140714/43_140714113526_1.jpg	http://www.yuhuagu.com/changshi/2014/0714/11005.html
https://www.huabaike.com/uploads/allimg/sltimg/201704/58feae1d6f1ec.jpg	http://www.huabaike.com/jtyh/8478.html
http://www.chinabaike.com/article/UploadPic/2007-7/2007718192246229.jpg	http://www.chinabaike.com/article/316/331/2007/20070718142997.html
http://www.huadian360.com/upload/baike/2012-7/g6Op58p16i7CekMKt1Mb.jpg	http://www.huadian360.com/baike/baike.asp?id=1457
https://www.huabaike.com/uploads/allimg/sltimg/201611/58311c4aa420f.jpg	https://www.huabaike.com/xrz/6811.html
http://a0.att.hudong.com/55/06/01300000167299126051062484214_s.jpg	http://www.baike.com/wiki/%E4%BB%99%E4%BA%BA%E6%8C%87
http://www.yuhuagu.com/uploads/allimg/120714/10-120G4152Z7.jpg	http://www.yuhuagu.com/duojiang/2012/0714/3631.html
http://www.pjcn.org/uploads/allimg/1605/1-16051921301RL.jpg	http://www.pjcn.org/hy/1771/
http://www.baihuamen.com/d/file/2014/04-12/37bfa4238b969ab3d1a278f339eff1b0.jpg	http://www.baihuamen.com/xianrenzhi/
http://img0.pchouse.com.cn/pchouse/1407/30/786572_jp5hgl8g5hss_hjkgo.jpg	http://www.pchouse.com.cn/baike/shenghuo/2690/
http://www.yuhuagu.com/uploads/allimg/151220/43_151220094915_1.jpg	http://www.yuhuagu.com/renshi/2015/1220/12775.html
http://a0.att.hudong.com/45/15/01300000343744126077152438181_s.jpg	http://www.baike.com/wiki/%E4%BB%99%E4%BA%BA%E6%8C%87
http://www.baihuamen.com/d/file/2014/04-12/6dd88a799cdb88d708f308170ffabeaa.jpg	http://www.baihuamen.com/xianrenzhi/
http://a2.att.hudong.com/67/12/16300000336597124995128961968.jpg	http://tupian.baike.com/a2_67_12_16300000336597124995128961968_jpg.html?prd=zhengwenye_left_futu_miaoshu
http://img0.pchouse.com.cn/pchouse/1410/20/879976_10.jpg	http://www.pchouse.com.cn/baike/shenghuo/2690/
http://www.huafensi.com/uploads/allimg/141022/1-141022142425K7.jpg	http://www.huafensi.com/huahui/xianrenzhi_150.html
http://www.yuhuagu.com/uploads/allimg/130708/43_130708174005_1.jpg	http://www.yuhuagu.com/duorou/2013/0708/8662_2.html
https://www.huabaike.com/uploads/allimg/sltimg/201607/577ddffb52ff3.jpg	https://www.huabaike.com/xrz/6811.html
http://a1.att.hudong.com/12/07/01300000167299126051074728972_s.jpg	http://www.baike.com/wiki/%E4%BB%99%E4%BA%BA%E6%8C%87
http://img1.ph.126.net/lG43uU6LUHE9wEKULpAgyw==/6598250642144733901.jpg	http://bianchengxiuxiulike.lofter.com/post/391deb_65a26b7
http://www.wed114.cn/jiehun/uploads/allimg/160411/41_160411135924_1.jpg	http://m.zx.wed114.cn/zhiwu/20160411144821.html
https://gss2.bdstatic.com/9fo3dSag_xI4khGkpoWK1HF6hhy/baike/s%3D220/sign=08260e0e05f431adb8d2443b7b37ac0f/8cb1cb134954092367c588e29b58d109b2de49fa.jpg	https://baike.baidu.com/item/%E4%BB%99%E4%BA%BA%E6%8C%87
http://a3.att.hudong.com/86/06/01300000167299126051067184914_s.jpg	http://www.baike.com/wiki/%E4%BB%99%E4%BA%BA%E6%8C%87
http://img0.pchouse.com.cn/pchouse/baike/decorate/1408/xianrenzhi.jpg	http://www.pchouse.com.cn/baike/shenghuo/2690/
http://pic7.nipic.com/20100611/4224370_080227022881_2.jpg	http://www.nipic.com/show/1/44/93f4a42d8dc4459d.html
http://img2.guang.j.cn/g1/M00/4C/04/wKggWFbDMFSyCbb1AADbdutmpuM65.jpeg!q.50	http://www.cnwpw.cn/tu/%E4%BB%99%E4%BA%BA%E6%8C%87%E6%80%8E%E6%A0%B7%E5%85%BB%E6%AE%96%E5%92%8C%E7%B9%81%E6%AE%96
http://img.ucenfotec.com/cd3d3LmR1b3JvdXlvdS5jb20vdXBsb2Fkcy9wcm9kdWN0LzMzMy9waG90b18xNDY5NDQ5OTYyLmpwZw==.jpg	http://ucenfotec.com/product-lkl9m9.html
https://www.huabaike.com/uploads/allimg/artimg/201704/20170425100259_20063.jpg	http://www.huabaike.com/jtyh/8478.html
http://www.yuhuagu.com/uploads/allimg/140714/43_140714113508_1.jpg	http://www.yuhuagu.com/changshi/2014/0714/11005.html
http://a0.att.hudong.com/45/05/01300000167299126051050601025_s.jpg	http://www.baike.com/wiki/%E4%BB%99%E4%BA%BA%E6%8C%87
http://cdn.nongshiye.com/uploadfile/2016/0125/20160125011656946.jpg	http://www.nongshiye.com/index.php?m=content&c=index&a=show&catid=39&id=5473
http://pic30.nipic.com/20130620/13038877_163054372110_2.jpg	http://www.nipic.com/show/1/44/8313817kdcd33d62.html
https://img1.qunarzz.com/travel/poi/1410/24/23ca45ad807c403affffffffc8d65eac.jpg_480x360x95_35616299.jpg	https://travel.qunar.com/p-oi7524559-xianrenzhilu
https://img1.qunarzz.com/travel/poi/1606/39/e0eb0e271c9bf3f7.jpg_480x360x95_1c04db7c.jpg	https://travel.qunar.com/p-oi7524559-xianrenzhilu
http://www.iqiya.com/uploadfile/article/69/1_rgect__.jpg	http://www.iqiya.com/article/2016-05-22/65842.html
http://www.kumanju.com/acglife/uploads/allimg/140716/2_140716144926_1.jpg	http://www.kumanju.com/acglife/riyong/201407/16-936.html
http://www.xqah.com/uploadpic/pic6/20065416162091989.jpg	http://www.xqah.com/ReadNews.asp?NewsID=623
https://gss2.bdstatic.com/9fo3dSag_xI4khGkpoWK1HF6hhy/baike/s%3D220/sign=5d14ce791530e924cba49b337c086e66/f7246b600c338744b1e4fc0d5b0fd9f9d72aa09a.jpg	https://baike.baidu.com/item/%E4%BB%99%E4%BA%BA%E6%8C%87
http://a2.att.hudong.com/48/23/20300542526460139973239331610_s.jpg	http://www.baike.com/wiki/%E4%BB%99%E4%BA%BA%E6%8C%87%E8%B7%AF%5B%E9%BB%84%E5%B1%B1%E6%99%AF%E7%82%B9%5D
https://www.huabaike.com/uploads/allimg/sltimg/201701/5883190485be6.jpg	https://www.huabaike.com/qita/6908.html
http://www.baihuamen.com/d/file/2014/04-12/71c5be5f0582f41fd863b23623f1d119.jpg	http://www.baihuamen.com/xianrenzhi/
http://www.fensui168.com/uploads/allimg/160920/1-1609201HG0633.jpg	http://www.fensui168.com/var_1235/
http://www.baihuamen.com/d/file/2014/04-12/9d67c31d2133697903fe7365b2f324b5.jpg	http://www.baihuamen.com/xianrenzhi/
https://www.huabaike.com/uploads/allimg/sltimg/201701/bp_588702f93fd22.jpg	https://www.huabaike.com/xrz/6811.html
http://pic4.55jia.net/fengshuizhiwu/06/a299819.jpg	http://www.55jia.net/75/315001.html
http://img0.pchouse.com.cn/pchouse/1407/30/786573_8k5abs55ra6e8spwjg.jpg	http://www.pchouse.com.cn/baike/shenghuo/2690/
http://www.huayugu.com.cn/uploads/allimg/160825/1-160R51RQ20-L.jpg	http://www.huayugu.com.cn/xianrenzhi/
http://i1.wp.com/inews.gtimg.com/newsapp_match/0/307092944/0	http://www.ifuun.com/a2016926386007/
https://www.huabaike.com/uploads/allimg/artimg/201607/20160707131458_82020.jpg	https://www.huabaike.com/yhjq/4574.html
http://www.iqiya.com/uploadfile/article/304/1_f1cq7k43_140219222728_1.jpg	http://www.iqiya.com/article/2015-06-25/64769.html
http://a0.att.hudong.com/28/12/20300542856671143274123703551_s.jpg	http://www.baike.com/wiki/%E4%BB%99%E4%BA%BA%E6%8C%87
https://www.huabaike.com/uploads/allimg/sltimg/201607/bp_577de50468abb.jpg	https://www.huabaike.com/xrz/6811.html
https://img1.qunarzz.com/travel/d2/1702/c3/0242ff40e7158fb5.jpg_480x360x95_739d30d2.jpg	https://travel.qunar.com/p-oi7524559-xianrenzhilu
http://web.huangshan.gov.cn/Photo100/UpFiles/Picture700/CI00000177_1.JPG	http://web.huangshan.gov.cn/Photo100/chl/news-bj.asp?ci_id=CI00000177
https://gss0.baidu.com/6b1IcTe9R1gBo1vgoIiO_jowehsv/maps/services/thumbnails?width=525&height=295&quality=100&align=middle,middle&src=http://gss0.baidu.com/7LsWdDW5_xN3otqbppnN2DJv/lvpics/pic/item/cdbf6c81800a19d8af8b29f832fa828ba71e4646.jpg	https://lvyou.baidu.com/xianrenzhilu
http://pic1.win4000.com/pic/c/a4/c7e21351744.jpg_195.jpg	http://www.win4000.com/meinv113374.html
http://www.neipet.com/wp-content/uploads/2016/06/%E4%BB%99%E4%BA%BA%E6%8C%87.png	http://www.neipet.com/plant/25582.html
https://www.huabaike.com/uploads/allimg/artimg/201611/20161115182513_23395.png	https://www.huabaike.com/jtyh/5741.html
http://picuser.city8.com/news/image/2016725m/636050566484310903%E4%BB%99%E4%BA%BA%E6%8C%87%E8%B7%AF1.jpg	http://m.city8.com/ditu/58518.html
https://www.huabaike.com/uploads/allimg/artimg/201701/20170124153249_17959.jpg	https://www.huabaike.com/yhjq/6950.html
http://img.qingmo.com/800x0/2017/3/22/352436696f674411938a03f15d1dc312.jpg	http://ps.qingmo.com/87881.html
http://wap.yunmencraft.com/Upload/20160122130026csvG.jpg	http://wap.yunmencraft.com/index.php/xianrenzhi.html
http://www.huayugu.com.cn/uploads/allimg/160825/1-160R51R5160-L.jpg	http://www.huayugu.com.cn/xianrenzhi/
http://pic1.huashichang.com/2016/0824/22/57bdb1179c973_200_140.jpg	http://www.aihuhua.com/tu/xianrenzhi.html
http://7i.danxie.org:802/pic/xtimg/zhutu/2016-12/2016120220444503002540.jpg	http://www.7izw.com/dr/jkf.html
https://gw.alicdn.com/bao/uploaded/i2/TB1H_iXSXXXXXaOXFXXXXXXXXXX_!!0-item_pic.jpg_230x230.jpg	https://www.taobao.com/oshtml/buy-cn/cp_z8nIy9a4xejU1A.html
https://cbu01.alicdn.com/img/ibank/2016/827/380/3678083728_1356603897.220x220.jpg	https://s.1688.com/kq/-CFC9C8CBD6B8C2B7.html
http://www.38fan.com/uploads/allimg/170317/60_170317112528_1.png	http://m.38fan.com/zhiwu/20170317156643.html
http://pic1.huashichang.com/2016/0824/22/57bdb113beaa0_200_140.jpg	http://www.aihuhua.com/tu/xianrenzhi.html
http://www.wanhuajing.com/pic/1512/2510/2057417/1_505_558.jpg	http://www.wanhuajing.com/d152203
https://www.huabaike.com/uploads/allimg/artimg/201702/20170203112535_34433.jpg	https://m.huabaike.com/hyjk/7021.html
https://gw.alicdn.com/bao/uploaded/i4/2267715773/TB254DWeohnpuFjSZFEXXX0PFXa_!!2267715773.jpg_230x230.jpg	https://www.taobao.com/oshtml/buy-cn/cp_z8nIy9a4xejU1A.html
http://www.net767.com/book/UploadFiles_8829/201003/2010030623075637.gif	http://www.net767.com/book/kxiantu/200905/15987.html
http://map1.zw3e.com:8080/zw_news_map/550/2014081/1407401433614138951.jpg	http://www.zw3e.com/m75/
https://img1.qunarzz.com/travel/d8/1608/d5/839b176d3a3c50b5.jpg_r_480x360x95_3c6a01ec.jpg	https://travel.qunar.com/p-oi7524559-xianrenzhilu
http://www.huayugu.com.cn/uploads/allimg/160825/1-160R51R6310-L.jpg	http://www.huayugu.com.cn/xianrenzhi/
http://n.sinaimg.cn/sinacn/20170427/1ce3-fyetwtf8382854.jpg	http://k.sina.com.cn/article_6012250789_1665baaa50010016ot.html
http://map1.zw3e.com:8080/zw_news_map/550/2016041/1459937182909298401.png	http://www.zw3e.com/75/e10238.html
http://img.yanquecao.com/img/flower/schumbergerabridgesii/schumbergerabridgesii2.jpg	http://www.yanquecao.com/detail/513
https://gw.alicdn.com/bao/uploaded/i3/TB1Mp9tRXXXXXbtapXXXXXXXXXX_!!0-item_pic.jpg_230x230.jpg	https://www.taobao.com/oshtml/buy-cn/cp_z8nIy9a4xejU1A.html
https://gss0.bdstatic.com/94o3dSag_xI4khGkpoWK1HF6hhy/baike/s%3D220/sign=3055504a0a3b5bb5bad727fc06d2d523/2e2eb9389b504fc2cd03e1e4ecdde71191ef6df6.jpg	https://baike.baidu.com/item/%E4%BB%99%E4%BA%BA%E6%8C%87%E8%B7%AF/68518
http://www.huayugu.com.cn/uploads/allimg/160825/1-160R51S0360-L.jpg	http://www.huayugu.com.cn/xianrenzhi/
https://www.huabaike.com/uploads/allimg/artimg/201701/20170123163323_55527.jpg	https://www.huabaike.com/yhjq/6934.html
http://m.21cbi.com/data/img.php?ref=http://blog.sina.com.cn&url=http://s2.sinaimg.cn/middle/5e0b92aehbf7cb7499e61&690	http://m.21cbi.com/s/1/385520.html
http://www.huatan.net/bbs/1245633537/Mon_0912/82_156161_baa7709907827cf.jpg	http://blog.163.com/yong933@126/blog/static/11818078520111191469796
http://5izhiwu.danxie.org:801/pic/xtimg/zhutu/2016-12/2016123100074233371760.jpg	http://www.5izhiwu.com/d/mzg.html
http://www.yuhuagu.com/uploads/allimg/151220/43_151220094915_2.jpg	http://www.yuhuagu.com/renshi/2015/1220/12775.html
http://www.huayugu.com.cn/uploads/allimg/160825/1-160R51R2140-L.jpg	http://www.huayugu.com.cn/xianrenzhi/18764.html
https://www.huabaike.com/uploads/allimg/artimg/201702/20170203112525_14930.jpg	https://m.huabaike.com/hyjk/7021.html
http://s5.sinaimg.cn/mw690/001nPxoHzy7bLHUA4kc34&690	http://blog.sina.com.cn/s/blog_4b984a370102xblk.html
http://thub.sssccc.net/%E5%9B%BE%E7%89%87%E7%B4%A0%E6%9D%90/high/%E5%9B%AD%E6%9E%97/%E6%B2%99%E6%BC%A0%E7%B1%BB/%E4%BB%99%E4%BA%BA%E6%8C%871.jpg	http://www.sssccc.net/source/227002.shtml
https://gss2.bdstatic.com/9fo3dSag_xI4khGkpoWK1HF6hhy/baike/s%3D220/sign=38cd0b7b998fa0ec7bc7630f1696594a/b7003af33a87e9506f373a2418385343fbf2b452.jpg	https://baike.baidu.com/item/%E4%BB%99%E4%BA%BA%E6%8C%87
http://www.1988.tv/Upload_Map/2017nian/3/6/2017-03-06-09-01-01.jpg	http://www.1988.tv/baike/zhongzhi/25791
http://pic2.nipic.com/20090403/1682690_135052022_2.jpg	http://www.nipic.com/show/1/14/7624fa103e5844b9.html
http://i1.wp.com/inews.gtimg.com/newsapp_match/0/307092965/0	http://www.ifuun.com/a2016926386007/
http://www.tusuku.com/img/zhujiao-img/20150409220710_516.jpg	http://www.tusuku.com/zhujiao-danye/390/
http://blog.sina.com.tw/myimages/234/36074/images/20110508223844765.jpg	http://blog.sina.com.tw/lkk_blog/article.php?pbgid=36074&entryid=624926
http://s14.sinaimg.cn/mw690/001nPxoHzy7bLHOrYtv3d&690	http://blog.sina.com.cn/s/blog_4b984a370102xblk.html
https://www.huabaike.com/uploads/allimg/sltimg/201702/5893f812a4dac.jpg	https://m.huabaike.com/hyjk/7021.html
http://www.1nongjing.com/uploads/allimg/160818/902-160QQ622051J.jpg	http://net.1nongjing.com/a/201608/147618.html
