
https://upload.wikimedia.org/wikipedia/commons/a/a6/RedTulip.JPG	https://zh.wikipedia.org/wiki/%E9%83%81%E9%87%91%E9%A6%99
http://a3.att.hudong.com/43/69/01100000000000144738692972858_s.jpg	http://www.baike.com/wiki/%E9%83%81%E9%87%91%E9%A6%99
http://img0.pchouse.com.cn/pchouse/1109/21/130524_21.jpg	http://www.pchouse.com.cn/baike/shenghuo/612/
http://www.kedo.gov.cn/upload/resources/image/2017/03/23/147468.jpg	http://story.kedo.gov.cn/stories/zrt/zw/877267.shtml
http://i.epochtimes.com/assets/uploads/2011/05/1105040557361456_1.jpg	http://www.epochtimes.com/gb/tag/%E9%83%81%E9%87%91%E9%A6%99.html
http://pic25.nipic.com/20121203/5252423_125417804000_2.jpg	http://www.nipic.com/show/7219343.html
http://img0.pchouse.com.cn/pchouse/1109/21/130536_23.jpg	http://www.pchouse.com.cn/baike/shenghuo/612/
http://a3.att.hudong.com/35/20/19300001382667132165203734617.jpg	http://yanghua.baike.com/article-103437.html
http://alvintanproperties.com/wp-content/uploads/2017/04/%E9%83%81%E9%87%91%E9%A6%99.jpg	http://alvintanproperties.com/spring_flower/
http://img.mp.itc.cn/upload/20170328/b3ef6f00ac064ee0b3f123e932bf5664_th.jpeg	http://www.sohu.com/a/130664483_383674
http://pic.nipic.com/2007-10-16/20071016151238218_2.jpg	http://www.nipic.com/zhuanti/12335.html
https://www.huabaike.com/uploads/allimg/sltimg/201511/5646ccf1875e3.jpg	https://www.huabaike.com/jtyh/468.html
http://pp.tuzi123.com/118851/10/09/17/104_11794797_4aa63b045eaee77.jpg	https://www.paipai.fm/r6196115
http://a2.att.hudong.com/77/69/20200000013920144738692905618_s.jpg	http://www.baike.com/wiki/%E9%83%81%E9%87%91%E9%A6%99
http://img04.tooopen.com/images/20120923/tooopen_201209231730393358.jpg	http://www.tooopen.com/topiclist/95.aspx
http://img04.tooopen.com/images/20130203/tooopen_07361118.jpg	http://www.tooopen.com/img/856_864_2_2.aspx
http://img04.tooopen.com/images/20121213/tooopen_16523830.jpg	http://www.tooopen.com/img/856_864_2_1.aspx
http://pic1.nipic.com/20090318/1843154_085642066_2.jpg	http://www.nipic.com/show/1/47/c3f6b2275d875fbc.html
http://www.imagewa.com/PhotoPreview/230/230_9230.jpg	http://www.imagewa.com/Photo/230/9230.html
http://www.easy-linkholiday.com/de/uploadImages/2008611395615086.jpg	http://www.baike.com/wiki/%E9%87%91%E7%9B%8F%E9%83%81%E9%87%91%E9%A6%99%E8%8A%B1%E5%9B%AD
https://gss2.bdstatic.com/9fo3dSag_xI4khGkpoWK1HF6hhy/baike/c0%3Dbaike60%2C5%2C5%2C60%2C20/sign=98986bd4ebc4b7452099bf44ae957572/cb8065380cd7912305107989ad345982b3b7805f.jpg	https://baike.baidu.com/item/%E9%83%81%E9%87%91%E9%A6%99/13506
http://pic19.nipic.com/20120208/1369025_001013288151_2.jpg	http://www.nipic.com/show/5682307.html
http://d.5857.com/hlyjxzm_140417/001.jpg	http://www.5857.com/wall/30447.html
http://a0.att.hudong.com/61/69/01100000000000144738693358923_s.jpg	http://www.baike.com/wiki/%E9%83%81%E9%87%91%E9%A6%99
http://image84.360doc.com/DownloadImg/2015/04/1114/52266284_1.jpg	http://www.360doc.com/content/15/0411/14/7590279_462409030.shtml
http://www.wdptj.com/wp-content/uploads/2016/04/%E9%83%81%E9%87%91%E9%A6%993.jpg	http://www.wdptj.com/19509.html
http://img03.tooopen.com/images/20120727/sy_201207270920069990.jpg	http://www.tooopen.com/topiclist/95.aspx
http://tupian.geimian.com/pic/2015/07/2015-07-29_184432.jpg	https://www.geimian.com/wx/44566.html
https://www.huabaike.com/uploads/allimg/sltimg/201511/5646cc58984ae.jpg	https://www.huabaike.com/jtyh/468.html
http://a1.att.hudong.com/68/69/01100000000000144738693219001_s.jpg	http://www.baike.com/wiki/%E9%83%81%E9%87%91%E9%A6%99
http://pic1.nipic.com/2009-01-06/2009161326936_2.jpg	http://www.nipic.com/show/4/105/5ccb943961c860e2.html
http://imgs.ntdtv.com/pic/2016/5-21/p7474643a770127300.jpg	http://www.ntdtv.com/xtr/gb/2016/05/21/a1267683.html
http://pic3.nipic.com/20090605/2260586_165214003_2.jpg	http://www.nipic.com/show/1924547.html
http://pic5.nipic.com/20100120/3218971_120749913561_2.jpg	http://www.nipic.com/show/1/44/3cae4af38f55fcf1.html
http://www.wallcoo.com/1440x900/1440x900_Keukenhof_gardern/wallpapers/1440x900/%5Bwallcoo.com%5D_tuplin_in_Keukenhof_gardern_260601.jpg	http://www.wallcoo.com/1440x900/1440x900_Keukenhof_gardern/wallpapers/1440x900/%5Bwallcoo.com%5D_tuplin_in_Keukenhof_gardern_260601.html
http://pic1.huashichang.com/2013/1007/10/52521da48e9d6.jpg	http://www.aihuhua.com/wenzhang/117.html
http://p.ayxbk.com/images/thumb/c/c1/Bkg7z.jpg/200px-Bkg7z.jpg	http://www.a-hospital.com/w/%E9%83%81%E9%87%91%E9%A6%99
http://yy.yuanlin.com/uppic/201012/2010121102652527.jpg	https://tieba.baidu.com/p/945770094
http://www.slowtime.eu/assets/uploads/2017/01/152718hgijq5hb2tto2b6t.jpg	http://www.slowtime.eu/2017-nation-tulip-day/
http://pic21.nipic.com/20120508/2786001_090815684000_2.jpg	http://www.nipic.com/show/1/44/6148435kbc82a2d0.html
https://gss3.bdstatic.com/-Po3dSag_xI4khGkpoWK1HF6hhy/baike/c0%3Dbaike60%2C5%2C5%2C60%2C20/sign=55cd8b24adaf2eddc0fc41bbec796a8c/d50735fae6cd7b89bd95cfa10e2442a7d9330e12.jpg	https://baike.baidu.com/item/%E9%83%81%E9%87%91%E9%A6%99/13506
https://www.nesochina.org/71677247/160502LT9785.jpg/@@images/b9ea7561-b112-4b24-9926-d4185da5aee9.jpeg	https://www.nesochina.org/65b095fb/90c191d1999976844f208bf4-1
http://img0.pchouse.com.cn/pchouse/1507/27/1217826_9062b.jpg	http://www.pchouse.com.cn/baike/shenghuo/612/
http://a0.att.hudong.com/80/69/01100000000000144738693760508_s.jpg	http://www.baike.com/wiki/%E9%83%81%E9%87%91%E9%A6%99
http://www.wdptj.com/wp-content/uploads/2015/03/%E7%B4%AB%E8%89%B2%E9%83%81%E9%87%91%E9%A6%99%E8%8A%B1%E8%AF%AD.jpg	http://www.wdptj.com/yujinx/
http://pic1.win4000.com/wallpaper/c/4fcec48b33dfc.jpg	http://www.win4000.com/wallpaper_big_5219.html
http://s5.sinaimg.cn/mw690/001Byhbpzy7cJtmW3KA84&690	http://blog.sina.com.cn/s/blog_57ae15270102x06p.html
http://img0.pchouse.com.cn/pchouse/1109/21/130497_26.jpg	http://www.pchouse.com.cn/baike/shenghuo/612/
http://pic.nipic.com/2007-10-16/20071016151333613_2.jpg	http://www.nipic.com/zhuanti/12335.html
http://pic19.nipic.com/20120306/2457331_093554035364_2.jpg	http://www.nipic.com/show/3/40/5783292k0897fc55.html
http://www.iask.ca/uploads/allimg/170502/101RT3R-8.jpg	http://www.iask.ca/news/canada/2017/05/432549.html
http://www.cnzyao.com/uploads/allimg/120715/1-120G51144380-L.jpg	http://www.cnzyao.com/yaocai/hua/3534.html
http://img04.tooopen.com/images/20130422/tooopen_09353947.jpg	http://www.tooopen.com/img/856_864_3_1.aspx
http://sc.52design.com/pic2/201112/20111201134323662366.jpg	http://sc.52design.com/pic/detail/4232.htm
http://imgs.ntdtv.com/pic/2016/5-14/p7466644a366283428.jpg	http://ca.ntdtv.com/xtr/gb/2016/05/14/a1266846.html
http://news.superlife.ca/files/Tulips-Flower-15.jpg	http://news.superlife.ca/2014/05/09/%E7%9B%98%E7%82%B9%EF%BC%9A%E5%8A%A0%E6%8B%BF%E5%A4%A7%E8%B5%8F%E9%83%81%E9%87%91%E9%A6%99%E7%9A%84%E7%BB%9D%E4%BD%B3%E5%9C%B0%E7%82%B9/
http://cdn-photos.vanfun.com/newhouse/2017/04/06/6a66881a-be1a-465c-8885-e2e03b29f422.png	http://m.vanfun.com/Article/Detail/12218
http://pic5.nipic.com/20100120/3218971_120749722655_2.jpg	http://www.nipic.com/zhuanti/634206.html
http://pic13.nipic.com/20110426/1670924_094421143159_2.jpg	http://www.nipic.com/show/1/44/4499736k7805fd88.html
http://p.d1xz.net/2016/03/07/14573216624490049.gif	http://www.d1xz.net/astro/huayu/art126015.aspx
http://c2-q.mafengwo.net/s6/M00/E5/87/wKgB4lNGIoWANL8NAAnBlF9yzoc15.jpeg?imageView2%2F2%2Fw%2F2000%2Fh%2F600%2Fq%2F90%7Cwatermark%2F3%2Fimage%2FaHR0cDovL2MyLXEubWFmZW5nd28ubmV0L3M5L00wMC82My84RS93S2dCczFaTmVzV0FZb29JQUFBU2JNMElpRjQyNDEucG5n%2Fgravity%2FSouthEast%2Fdx%2F20%2Fdy%2F20%2Fimage%2FaHR0cDovL2MyLXEubWFmZW5nd28ubmV0L3M5L00wMC82My84RS93S2dCczFaTmVzV0FZb29JQUFBU2JNMElpRjQyNDEucG5n%2Fgravity%2FSouthEast%2Fdx%2F20%2Fdy%2F20	http://www.mafengwo.cn/travel-news/213483.html
https://www.huabaike.com/uploads/allimg/sltimg/201511/5646c9b033bd1.jpg	https://www.huabaike.com/qgzw/653.html
http://p.d1xz.net/2016/03/07/14573313685010252.gif	http://www.d1xz.net/astro/huayu/art126075.aspx
http://p4-q.mafengwo.net/s5/M00/52/C4/wKgB3FFMcMqATCnNABF2Lkj0pJo16.jpeg?imageView2%2F2%2Fw%2F2000%2Fh%2F600%2Fq%2F90%7Cwatermark%2F3%2Fimage%2FaHR0cDovL2MyLXEubWFmZW5nd28ubmV0L3M5L00wMC82My84RS93S2dCczFaTmVzV0FZb29JQUFBU2JNMElpRjQyNDEucG5n%2Fgravity%2FSouthEast%2Fdx%2F20%2Fdy%2F20%2Fimage%2FaHR0cDovL2MyLXEubWFmZW5nd28ubmV0L3M5L00wMC82My84RS93S2dCczFaTmVzV0FZb29JQUFBU2JNMElpRjQyNDEucG5n%2Fgravity%2FSouthEast%2Fdx%2F20%2Fdy%2F20	http://www.mafengwo.cn/travel-news/221183.html
http://img01.hua.com/uploadpic/newpic/9012077.jpg	http://www.hua.com/huayu/17746.html
http://p.d1xz.net/2016/3/4/yujin1.jpg	http://www.d1xz.net/astro/huayu/yujinxianghuayu/
http://pic4.nipic.com/20090818/1242397_110859065_2.jpg	http://www.nipic.com/show/1/44/0cb40656d760d3cf.html
http://huayu.huabaike.com/wp-content/uploads/2016/07/tp12.jpg	http://huayu.huabaike.com/706.html
http://pic28.nipic.com/20130326/8181831_182210260000_2.jpg	http://www.nipic.com/show/2/42/7856909kc29d4c98.html
http://p.d1xz.net/2016/03/07/14573360179710615.gif	http://www.d1xz.net/astro/huayu/art126097.aspx
http://www.chinaflower214.com/proimages/2014223225258434_.jpg	http://www.chinaflower214.com/cn/hua/yujingxiang/
http://pic4.nipic.com/20091218/4005022_112316011069_2.jpg	http://www.nipic.com/show/1/47/a3f456d096d79eed.html
http://c1-q.mafengwo.net/s6/M00/C9/EF/wKgB4lNeXdyAbonWAAKQUuBVk1c11.jpeg?imageView2%2F2%2Fw%2F2000%2Fh%2F600%2Fq%2F90%7Cwatermark%2F3%2Fimage%2FaHR0cDovL2MyLXEubWFmZW5nd28ubmV0L3M5L00wMC82My84RS93S2dCczFaTmVzV0FZb29JQUFBU2JNMElpRjQyNDEucG5n%2Fgravity%2FSouthEast%2Fdx%2F20%2Fdy%2F20%2Fimage%2FaHR0cDovL2MyLXEubWFmZW5nd28ubmV0L3M5L00wMC82My84RS93S2dCczFaTmVzV0FZb29JQUFBU2JNMElpRjQyNDEucG5n%2Fgravity%2FSouthEast%2Fdx%2F20%2Fdy%2F20	http://www.mafengwo.cn/travel-news/221183.html
http://a0.att.hudong.com/44/61/20300543534508144664611077966_s.jpg	http://www.baike.com/wiki/%E8%B1%AA%E5%8D%8E%E9%83%81%E9%87%91%E9%A6%99
http://a3.att.hudong.com/55/68/01100000000000144738684289824_s.jpg	http://www.baike.com/wiki/%E9%83%81%E9%87%91%E9%A6%99
http://pic1.nipic.com/20090313/288962_083207091_2.jpg	http://www.nipic.com/show/3/40/9fc85c31ce5ae202.html
http://img0.pchouse.com.cn/pchouse/1109/21/130535_22.jpg	http://www.pchouse.com.cn/baike/shenghuo/612/
https://gss0.bdstatic.com/94o3dSag_xI4khGkpoWK1HF6hhy/baike/c0%3Dbaike60%2C5%2C5%2C60%2C20/sign=9551ac3d83cb39dbd5cd6f04b17f6241/f31fbe096b63f62423f5f1d48544ebf81b4ca3b9.jpg	https://baike.baidu.com/item/%E9%83%81%E9%87%91%E9%A6%99/13506
http://3.im.guokr.com/G1zql1D76zkA-AyystSNwv3D9akf-QOjaWR6e2KYCnCAAgAAqwEAAEpQ.jpg	http://www.guokr.com/article/440159/
http://www.zhongyixueyuan.com/uploads/allimg/160226/13-1602260931521T.jpg	http://www.zhongyixueyuan.com/yujinxiang/
http://c1-q.mafengwo.net/s5/M00/30/F0/wKgB3FFtBaGAImO-AAHxccaADR471.jpeg?imageView2%2F2%2Fw%2F2000%2Fh%2F600%2Fq%2F90%7Cwatermark%2F3%2Fimage%2FaHR0cDovL2MyLXEubWFmZW5nd28ubmV0L3M5L00wMC82My84RS93S2dCczFaTmVzV0FZb29JQUFBU2JNMElpRjQyNDEucG5n%2Fgravity%2FSouthEast%2Fdx%2F20%2Fdy%2F20%2Fimage%2FaHR0cDovL2MyLXEubWFmZW5nd28ubmV0L3M5L00wMC82My84RS93S2dCczFaTmVzV0FZb29JQUFBU2JNMElpRjQyNDEucG5n%2Fgravity%2FSouthEast%2Fdx%2F20%2Fdy%2F20	http://www.mafengwo.cn/travel-news/213483.html
http://p.d1xz.net/2015/5/28/092834243424.jpg	http://www.d1xz.net/astro/huayu/art91626.aspx
http://img2.ph.126.net/BXuTeFmI9C3RoN-j0RFYOQ==/3294101652445539935.jpg	http://www.360doc.com/content/14/0721/15/502486_396055357.shtml
http://pic3.nipic.com/20090508/497767_120837045_2.jpg	http://www.nipic.com/show/1/44/db5526ad12f06c7e.html
http://s5.sinaimg.cn/mw690/002sSCv4gy6Zta0lVDC54	http://blog.sina.com.cn/s/blog_86a5ebee0102weqk.html
https://i.ytimg.com/vi/BuiDlLGjejE/maxresdefault.jpg	https://www.youtube.com/watch?v=BuiDlLGjejE
http://pic2.nipic.com/20090504/1697529_184153042_2.jpg	http://www.nipic.com/show/1/44/607ce792c24133dd.html
http://pic1.win4000.com/wallpaper/0/562709304fd6e.jpg	http://www.win4000.com/hj/yujinxiang.html
http://www.sz-huadian.com/images/cp/25.jpg	http://www.sz-huadian.com/info-51.html
http://www.wdptj.com/wp-content/uploads/2015/01/%E9%83%81%E9%87%91%E9%A6%99%E6%80%8E%E4%B9%88%E5%85%BB1.jpg	http://www.wdptj.com/7902.html
http://www.ts.cn/big5/pic/content/attache/site1/20070508/000cf183415c07aa884402.jpg	http://www.ts.cn/big5/pic/content/2007-05/08/content_1861933.htm
http://img04.tooopen.com/images/20130202/tooopen_21012067.jpg	http://www.tooopen.com/img/856_864_3_1.aspx
http://dasouji.com/wp-content/uploads/2014/11/%E9%83%81%E9%87%91%E9%A6%99-27.jpg	http://dasouji.com/archives/11054
http://cdn-photos.vanfun.com/newhouse/2017/04/06/14cfea26-8bf6-4eb7-93b1-b667afa9fc25.jpg	http://www.vanfun.net/news-5-0-12218.aspx
https://www.huabaike.com/uploads/allimg/sltimg/201511/5646ca1a4dc46.jpg	https://m.huabaike.com/sphh/455.html
http://img2.ph.126.net/Xd2AbvRdGwanzaV7EVE0pQ==/3242310256730784320.jpg	http://www.360doc.com/content/14/0721/15/502486_396055357.shtml
http://a4.att.hudong.com/52/69/01100000000000144738693395331_s.jpg	http://www.baike.com/wiki/%E9%83%81%E9%87%91%E9%A6%99
http://s5.sinaimg.cn/middle/5fd26d46gca7348d7a6c4&690	http://blog.sina.com.cn/s/blog_5fd26d4601013ufj.html
http://img04.tooopen.com/images/20130202/tooopen_20543496.jpg	http://www.tooopen.com/img/856_864_3_1.aspx
http://pic7.nipic.com/20100515/2572038_195716005308_2.jpg	http://www.nipic.com/zhuanti/690745.html
