
https://gss3.bdstatic.com/-Po3dSag_xI4khGkpoWK1HF6hhy/baike/c0%3Dbaike80%2C5%2C5%2C80%2C26/sign=bcb136fb0e55b31988f48a2722c0e943/faf2b2119313b07ed9f22af208d7912396dd8cf8.jpg
https://gss1.bdstatic.com/9vo3dSag_xI4khGkpoWK1HF6hhy/baike/crop%3D0%2C46%2C662%2C437%3Bc0%3Dbaike80%2C5%2C5%2C80%2C26/sign=69ea3daba318972bb7755a8adbfd57bd/4afbfbedab64034fc10cc3b9a7c379310b551d4f.jpg
https://gss0.bdstatic.com/-4o3dSag_xI4khGkpoWK1HF6hhy/baike/c0%3Dbaike150%2C5%2C5%2C150%2C50/sign=f8bbbbf31dd8bc3ed2050e98e3e2cd7b/8694a4c27d1ed21b9ace202ca96eddc450da3ff7.jpg
https://gss0.bdstatic.com/-4o3dSag_xI4khGkpoWK1HF6hhy/baike/c0%3Dbaike150%2C5%2C5%2C150%2C50/sign=83b44af1bc99a9012f3853647cfc611e/0df3d7ca7bcb0a466e9b1ddc6f63f6246a60af9e.jpg
https://gss2.bdstatic.com/9fo3dSag_xI4khGkpoWK1HF6hhy/baike/c0%3Dbaike116%2C5%2C5%2C116%2C38/sign=70f7c63d362ac65c73086e219a9bd974/7dd98d1001e939016b4f976378ec54e736d19619.jpg
https://gss3.bdstatic.com/-Po3dSag_xI4khGkpoWK1HF6hhy/baike/c0%3Dbaike80%2C5%2C5%2C80%2C26/sign=6941483309d79123f4ed9c26cc5d32e7/7c1ed21b0ef41bd50eaff0cf54da81cb39db3d08.jpg

https://gss3.bdstatic.com/7Po3dSag_xI4khGkpoWK1HF6hhy/baike/c0%3Dbaike116%2C5%2C5%2C116%2C38/sign=5f82947e9f3df8dcb23087c3ac7819ee/b7fd5266d016092484553892d40735fae7cd34c2.jpg
https://gss2.bdstatic.com/-fo3dSag_xI4khGkpoWK1HF6hhy/baike/c0%3Dbaike116%2C5%2C5%2C116%2C38/sign=44a4e8a9b912c8fca0fefe9f9d6af920/34fae6cd7b899e51399ca09d42a7d933c8950d2c.jpg
https://gss0.bdstatic.com/94o3dSag_xI4khGkpoWK1HF6hhy/baike/c0%3Dbaike150%2C5%2C5%2C150%2C50/sign=00038aa695cad1c8c4b6f4751e570c6c/5366d0160924ab18a7667bbe35fae6cd7a890bc2.jpg
https://gss3.bdstatic.com/7Po3dSag_xI4khGkpoWK1HF6hhy/baike/c0%3Dbaike150%2C5%2C5%2C150%2C50/sign=5026668470cf3bc7fc0dc5beb069d1c4/e7cd7b899e510fb3380bed1ed933c895d1430c2c.jpg
https://gss1.bdstatic.com/9vo3dSag_xI4khGkpoWK1HF6hhy/baike/c0%3Dbaike116%2C5%2C5%2C116%2C38/sign=ae705765d100baa1ae214fe92679d277/d1160924ab18972be54a9a43e6cd7b899f510ac2.jpg

https://gss2.bdstatic.com/-fo3dSag_xI4khGkpoWK1HF6hhy/baike/c0%3Dbaike150%2C5%2C5%2C150%2C50/sign=b14255868826cffc7d27b7e0d86821f5/7af40ad162d9f2d3512b07f0a3ec8a136327ccf2.jpg
https://gss3.bdstatic.com/7Po3dSag_xI4khGkpoWK1HF6hhy/baike/c0%3Dbaike180%2C5%2C5%2C180%2C60/sign=51c5b5e376d98d1062d904634056d36b/35a85edf8db1cb13364c1f0cd754564e92584b83.jpg
https://gss1.bdstatic.com/9vo3dSag_xI4khGkpoWK1HF6hhy/baike/c0%3Dbaike180%2C5%2C5%2C180%2C60/sign=98ad9c3c692762d09433acedc185639f/d8f9d72a6059252de56b3e1b3e9b033b5bb5b9b4.jpg
https://gss2.bdstatic.com/9fo3dSag_xI4khGkpoWK1HF6hhy/baike/c0%3Dbaike92%2C5%2C5%2C92%2C30/sign=31c08912f2dcd100d991f07313e22c75/562c11dfa9ec8a13692074fffd03918fa0ecc0f2.jpg
https://gss3.bdstatic.com/-Po3dSag_xI4khGkpoWK1HF6hhy/baike/c0%3Dbaike92%2C5%2C5%2C92%2C30/sign=9f1e916be1f81a4c323fe49bb6430b3c/838ba61ea8d3fd1fd21981253a4e251f95ca5f98.jpg
https://gss2.bdstatic.com/9fo3dSag_xI4khGkpoWK1HF6hhy/baike/c0%3Dbaike150%2C5%2C5%2C150%2C50/sign=4d8afe4099504fc2b652b85784b48c74/d058ccbf6c81800a7b7cfb46b33533fa838b47d8.jpg
https://gss3.bdstatic.com/-Po3dSag_xI4khGkpoWK1HF6hhy/baike/c0%3Dbaike80%2C5%2C5%2C80%2C26/sign=86cc921e0bf41bd5ce5ee0a630b3eaae/91529822720e0cf32c183bce0f46f21fbe09aa1c.jpg

https://gss3.bdstatic.com/-Po3dSag_xI4khGkpoWK1HF6hhy/baike/c0%3Dbaike116%2C5%2C5%2C116%2C38/sign=3f5ea9641e950a7b613846966bb809bc/21a4462309f79052eb74b56c0ff3d7ca7bcbd57d.jpg
https://gss0.bdstatic.com/94o3dSag_xI4khGkpoWK1HF6hhy/baike/c0%3Dbaike80%2C5%2C5%2C80%2C26/sign=d22617740a24ab18f41be96554938da8/f7246b600c3387446bb8dd2e520fd9f9d72aa067.jpg
https://gss1.bdstatic.com/9vo3dSag_xI4khGkpoWK1HF6hhy/baike/c0%3Dbaike80%2C5%2C5%2C80%2C26/sign=5156ce46a818972bb737089887a410ec/6a600c338744ebf89b0c966ddaf9d72a6059a767.jpg
https://gss2.bdstatic.com/9fo3dSag_xI4khGkpoWK1HF6hhy/baike/c0%3Dbaike116%2C5%2C5%2C116%2C38/sign=754356eda3ec08fa320d1bf538875608/0d338744ebf81a4cd34f1e9bd42a6059252da667.jpg
https://gss3.bdstatic.com/-Po3dSag_xI4khGkpoWK1HF6hhy/baike/c0%3Dbaike80%2C5%2C5%2C80%2C26/sign=28585049d70735fa85fd46ebff3864d6/8644ebf81a4c510f5ab910486359252dd42aa567.jpg
https://gss0.bdstatic.com/94o3dSag_xI4khGkpoWK1HF6hhy/baike/c0%3Dbaike92%2C5%2C5%2C92%2C30/sign=7db5b1dc94ef76c6c4dff379fc7f969f/83025aafa40f4bfb6385fda9074f78f0f63618f1.jpg
https://gss1.bdstatic.com/9vo3dSag_xI4khGkpoWK1HF6hhy/baike/c0%3Dbaike150%2C5%2C5%2C150%2C50/sign=5aa69530f8039245b5b8e95de6fdcfa7/5bafa40f4bfbfbed320c55827cf0f736aec31ff1.jpg
https://gss2.bdstatic.com/9fo3dSag_xI4khGkpoWK1HF6hhy/baike/c0%3Dbaike116%2C5%2C5%2C116%2C38/sign=478a24464310b912abccfeaca2949766/d50735fae6cd7b8914ca597e0b2442a7d8330eac.jpg
