
http://a3.att.hudong.com/81/02/01300000239358122475022911451_s.jpg	http://www.baike.com/wiki/%E7%BA%A2%E5%8D%83%E5%B1%82
https://gss3.bdstatic.com/7Po3dSag_xI4khGkpoWK1HF6hhy/baike/s%3D220/sign=057ffcd4748b4710ca2ffacef3ccc3b2/faedab64034f78f048e89e067f310a55b2191c67.jpg	https://baike.baidu.com/item/%E7%BA%A2%E5%8D%83%E5%B1%82
http://pic31.nipic.com/20130724/5942739_090051476178_2.jpg	http://www.nipic.com/show/1/44/8533605k0a25d62f.html
http://www.wdptj.com/wp-content/uploads/2014/07/%E7%BA%A2%E5%8D%83%E5%B1%821.jpg	http://www.wdptj.com/hongqianceng/
http://www.shjllw.com/attached/tupian/H43/20160703-4.jpg	http://www.shjllw.com/zhiwu/hongqianceng.php
http://www.kuailea.com/wiki/uploads/201505/1430747362Q7p0lmAw.jpg	http://www.kuailea.com/wiki/doc-view-2811.html
http://www.huacaoshumu.net/attached/tupian/H43/20160703-0.jpg	http://www.huacaoshumu.net/zhiwu/hongqianceng.php
http://www.huadian360.com/upload/baike/2011-11/7QBmg30DRdTnvPVvgqX9.JPG	http://www.huadian360.com/baike/baike.asp?id=582
http://a3.att.hudong.com/05/68/20300542527389139957681861377_s.jpg	http://www.baike.com/wiki/%E7%BA%A2%E5%8D%83%E5%B1%82
https://cbu01.alicdn.com/img/ibank/2016/953/813/3143318359_1732061643.220x220.jpg	http://www.1688.com/jiage/-B0C4D6DEBAECC7A7B2E3.html
https://cdn.pixabay.com/photo/2016/04/14/14/08/bottlebrush-1328936_960_720.jpg	https://pixabay.com/zh/bottlebrush-%E6%A0%91-%E6%A4%8D%E7%89%A9-%E7%BA%A2%E5%8D%83%E5%B1%82-%E8%8A%B1-%E7%BA%A2%E8%89%B2-%E5%B8%83%E4%BB%80-%E7%81%8C%E6%9C%A8-1328936/
http://sygxyl.com/upLoad/product/month_1605/201605181537379998.jpg	http://sygxyl.com/content/?951.html
https://cbu01.alicdn.com/img/ibank/2016/546/301/2752103645_1998825570.jpg	https://www.1688.com/topic/hongqiancengshu.html
http://img.xunhai.com/2015/11/25/144845263298523.jpg	http://www.xunhai.com/hongqianceng/
http://img.xunhai.com/2015/11/25/144845269814114.jpg	http://www.xunhai.com/hongqianceng/
http://a1.att.hudong.com/88/06/01300000239358122475061822161_s.jpg	http://www.baike.com/wiki/%E7%BA%A2%E5%8D%83%E5%B1%82
https://cbu01.alicdn.com/img/ibank/2013/674/487/791784476_1089564821.jpg	http://m.1688.com/club_detail/34605265.html
http://img01.hua.com/uploadpic/images/2016991059327387423.jpg	http://www.hua.com/huayu/17296.html
http://a2.att.hudong.com/41/08/01300542063297137249083748682.jpg	http://tupian.baike.com/a2_41_08_01300542063297137249083748682_140_jpg.html
http://a1.att.hudong.com/56/72/01300544128450148957723561350_s.jpg	http://www.baike.com/wiki/%E6%BE%B3%E6%B4%B2%E7%BA%A2%E5%8D%83%E5%B1%82
http://image.sciencenet.cn/album/201204/01/1828580xh80iizh85u50di.jpg	http://blog.sciencenet.cn/blog-629259-554326.html
http://www.huacaoshumu.net/attached/tupian/H43/20160703-5.jpg	http://www.huacaoshumu.net/zhiwu/hongqianceng.php
http://blog.gxnews.com.cn/upload/images/2010/3/u115/201031619484451663.jpg	http://blog.sina.com.cn/s/blog_474863c70100hpa7.html
http://www.huacaoshumu.net/attached/tupian/H43/20160703-2.jpg	http://www.huacaoshumu.net/zhiwu/hongqianceng.php
http://www.baihuamen.com/d/file/2014/03-28/3f75cb21c60e04592dca38d3a453f6a6.jpg	http://www.baihuamen.com/hongqianceng/
http://1842.img.pp.sohu.com.cn/images/blog/2010/4/10/18/8/1289998a947g214.jpg	http://luoyj1951.blog.sohu.com/148093498.html
http://www.baihuamen.com/d/file/2014/03-28/27025ec7de48054203b1521d97eb0c61.jpg	http://www.baihuamen.com/hongqianceng/
http://img.boqiicdn.com/Data/BK/A/1510/21/imagick65971445410975_y.jpg	http://www.boqii.com/entry/detail/2135.html
http://www.iqiya.com/uploadfile/2014/1103/20141103084035856.jpg	http://www.iqiya.com/article/2014-11-03/6144.html
http://pic36.nipic.com/20131222/10361790_231702657000_2.jpg	http://www.nipic.com/show/9486837.html
http://www.yixue.com/images/c/c0/Bkd5i.jpg	http://www.yixue.com/%E7%BA%A2%E5%8D%83%E5%B1%82
http://www.pjcn.org/uploads/allimg/1609/1-160919222541604.jpg	http://www.pjcn.org/hy/2421/
http://sygxyl.com/upLoad/product/month_1605/201605181538535872.jpg	http://sygxyl.com/content/?951.html
http://www.huacaoshumu.net/attached/tupian/H43/20160703-3.jpg	http://www.huacaoshumu.net/zhiwu/hongqianceng.php
https://cbu01.alicdn.com/img/ibank/2016/515/190/2981091515_788509921.220x220.jpg	https://s.1688.com/kq/-BAECC7A7B2E3CAF7.html
https://gw.alicdn.com/bao/uploaded/i1/723316534/TB2gIFaXV_AQeBjSZFtXXbFBVXa_!!723316534.jpg_230x230.jpg	https://www.taobao.com/article/CrDRFsDWDzE4CmE8.html
http://www.baihuamen.com/d/file/2014/03-28/cc5313d9f85a08d8e8378bee8081f041.jpg	http://www.baihuamen.com/hongqianceng/
http://upload-images.jianshu.io/upload_images/4016317-e21b0d8ab080a41a.jpg?imageMogr2/auto-orient/strip%7CimageView2/2/w/1080/q/50	http://www.jianshu.com/p/c78326f0442b
https://gw.alicdn.com/bao/uploaded/i4/TB17ia2JpXXXXX5XVXXXXXXXXXX_!!0-item_pic.jpg_230x230.jpg	https://www.taobao.com/article/FyDUCgFzD7EcE-Fh.html
https://gw.alicdn.com/bao/uploaded/i2/104365526/TB2eI.dXZPRfKJjSZFOXXbKEVXa_!!104365526.jpg_230x230.jpg	https://www.taobao.com/article/CrDRFsDWDzE4CmE8.html
https://cbu01.alicdn.com/img/ibank/2013/026/577/791775620_1089564821.jpg	http://m.1688.com/club_detail/34605265.html
http://img.aihuahui.com/d/2017/02/58b383e82b2f8.jpg	http://www.aihuahui.com/aiguanmuhuahui/2478.html
https://gw.alicdn.com/bao/uploaded/i2/TB1o7DxGpXXXXcUXFXXXXXXXXXX_!!0-item_pic.jpg_230x230.jpg	https://www.taobao.com/article/FyDUCgFzD7EcE-Fh.html
http://img.aihuahui.com/d/2017/02/58b381218a752.jpg	http://www.aihuahui.com/aiguanmuhuahui/2478.html
https://gss1.bdstatic.com/-vo3dSag_xI4khGkpoWK1HF6hhy/baike/w%3D268%3Bg%3D0/sign=2a3d0f0dd933c895a67e9f7de92814cd/b3b7d0a20cf431adeef63ba34b36acaf2edd9807.jpg	https://baike.baidu.com/item/%E7%BA%A2%E5%8D%83%E5%B1%82%E5%B1%9E
https://gw.alicdn.com/bao/uploaded/i1/139410329/TB2ovPrcHlmpuFjSZFlXXbdQXXa_!!139410329.jpg_230x230.jpg	https://www.taobao.com/article/CrDRFsDWDzE4CmE8.html
http://image.yuanlin.com/News/UploadFiles/2016/8/0c21c714-89a4-4ffe-9480-8ac5424e4ad6.png	http://www.yuanlin.com/baike/detail_937.html
https://gw.alicdn.com/bao/uploaded/i3/2269803784/TB2nECxabaI.eBjSszdXXaB6XXa_!!2269803784.jpg_230x230.jpg	https://www.taobao.com/article/CrDRFsDWDzE4CmE8.html
http://s15.sinaimg.cn/mw690/68c0bec3td5c4b7cc9b9e&690	http://blog.sina.com.cn/s/blog_68c0bec301018kfc.html
https://cdn.pixabay.com/photo/2017/03/31/09/19/bottlebrush-2190793_960_720.jpg	https://pixabay.com/zh/bottlebrush-%E7%BA%A2%E5%8D%83%E5%B1%82-%E8%8A%B1-%E7%BA%A2%E8%89%B2-%E6%A4%8D%E7%89%A9-%E8%87%AA%E7%84%B6-%E7%9B%9B%E5%BC%80-%E6%A0%91-2190793/
https://st.depositphotos.com/1184927/1409/i/950/depositphotos_14095728-stock-photo-australian-native-flower-red-callistemon.jpg	https://cn.depositphotos.com/14095728/stock-photo-australian-native-flower-red-callistemon.html
https://gw.alicdn.com/bao/uploaded/i4/2270011587/TB2N81WtVXXXXb4XpXXXXXXXXXX_!!2270011587.jpg_230x230.jpg	https://www.taobao.com/article/EvBCE5FJFRDEChDY.html
https://gw.alicdn.com/bao/uploaded/i2/46950423/TB2pd0pXWryQeBjSszdXXaL.XXa_!!46950423.jpg_230x230.jpg	https://www.taobao.com/article/CrDRFsDWDzE4CmE8.html
http://image.yuanlin.com/News/UploadFiles/2016/8/13eb82c9-44d2-4867-9a1b-82d31463ec63.png	http://www.yuanlin.com/baike/detail_937.html
http://s14.sinaimg.cn/mw690/001MoBF2zy7aaVy8vWBed	http://blog.sina.com.cn/s/blog_613b13a40102wy9i.html
https://cdn.pixabay.com/photo/2017/03/04/09/08/callistemon-2115691_960_720.jpg	https://pixabay.com/zh/%E7%BA%A2%E5%8D%83%E5%B1%82-bottlebrush-%E4%B9%A1%E5%9C%9F%E6%A0%91%E7%A7%8D-%E8%87%AA%E7%84%B6-%E6%A0%91-%E7%81%8C%E6%9C%A8%E4%B8%9B-2115691/
https://cdn.pixabay.com/photo/2016/04/14/14/09/bottlebrush-1328937_960_720.jpg	https://pixabay.com/zh/bottlebrush-%E6%A0%91-%E6%A4%8D%E7%89%A9-%E7%BA%A2%E5%8D%83%E5%B1%82-%E8%8A%B1-%E7%BA%A2%E8%89%B2-%E5%B8%83%E4%BB%80-%E7%81%8C%E6%9C%A8-1328937/
http://a3.att.hudong.com/07/47/01300000239358122467475217057_s.jpg	http://www.baike.com/wiki/%E7%BA%A2%E5%8D%83%E5%B1%82
http://img.aihuahui.com/d/2017/02/58b383cc2c5f4.jpg	http://www.aihuahui.com/aiguanmuhuahui/2478.html
https://st.depositphotos.com/1184927/1404/i/950/depositphotos_14044128-stock-photo-red-australian-flower-callistemon-little.jpg	https://cn.depositphotos.com/14044128/stock-photo-red-australian-flower-callistemon-little.html
https://cbu01.alicdn.com/img/ibank/2017/614/531/4160135416_1593731460.220x220.jpg	http://www.1688.com/jiage/-BAECC7A7B2E3.html
https://cbu01.alicdn.com/img/ibank/2016/535/667/3752766535_898270456.220x220.jpg	http://www.1688.com/jiage/-B0C4D6DEBAECC7A7B2E3.html
http://www.pjcn.org/uploads/allimg/1609/1-16091922314S91.jpg	http://www.pjcn.org/hy/2421/
http://www.nongshiye.com/uploadfile/2016/0330/20160330085754133.jpg	http://www.nongshiye.com/index.php?m=content&c=index&a=show&catid=39&id=6741
https://img.ys137.com/data/upload/ueditor/20170221/58ac50522cce8.jpg	https://www.ys137.com/zyys/1691312.html
http://img.boqiicdn.com/Data/BK/A/1601/12/imagick23001452570677_y.jpg	http://www.boqii.com/entry/detail/2417.html
https://gw.alicdn.com/bao/uploaded/i1/231888157/TB2LiUrqVXXXXXaXFXXXXXXXXXX_!!231888157.jpg_230x230.jpg	https://www.taobao.com/article/EvBCE5FJFRDEChDY.html
http://www.baihuamen.com/d/file/2014/03-28/d84cca8e152f6b9ee771fdc4605e89d1.jpg	http://www.baihuamen.com/hongqianceng/
https://gw.alicdn.com/bao/uploaded/i4/TB1sLJhGXXXXXX5XVXXXXXXXXXX_!!0-item_pic.jpg_230x230.jpg	https://www.taobao.com/article/FyDUCgFzD7EcE-Fh.html
https://cdn.pixabay.com/photo/2016/04/14/14/10/bottlebrush-1328940_960_720.jpg	https://pixabay.com/zh/bottlebrush-%E6%A0%91-%E6%A4%8D%E7%89%A9-%E7%BA%A2%E5%8D%83%E5%B1%82-%E8%8A%B1-%E7%BA%A2%E8%89%B2-%E5%B8%83%E4%BB%80-%E7%81%8C%E6%9C%A8-1328940/
http://s1.sinaimg.cn/middle/049d4760gbd8688803b50&690	http://blog.sina.com.cn/s/blog_049d4760010137my.html
https://gw.alicdn.com/bao/uploaded/i2/906101913/TB2vRmld9hlpuFjSspkXXa1ApXa_!!906101913.jpg_230x230.jpg	https://www.taobao.com/article/EvBCE5FJFRDEChDY.html
https://cbu01.alicdn.com/img/ibank/2016/351/534/3004435153_573566169.220x220.jpg	https://www.1688.com/chanpin/-CAF7BAECC7A7B2E3.html
http://image.yuanlin.com/News/UploadFiles/2016/8/eb12356e-cb7b-4598-a44f-50c44bbd883d.png	http://www.yuanlin.com/baike/detail_937.html
https://gw.alicdn.com/bao/uploaded/i2/TB1rTlvSpXXXXaWXpXXXXXXXXXX_!!0-item_pic.jpg_230x230.jpg	https://www.taobao.com/oshtml/buy-cn/cp_uuzHp7LjuqPLrtPj.html
http://s2.sinaimg.cn/mw690/001xiLqHzy7bkzS0GHfa1&690	http://blog.sina.com.cn/s/blog_53efcb930102x5ca.html
http://www.52yhua.com/uploads/allimg/151207/1-15120H20429.jpg	http://m.52yhua.com/mubentp/1229.html
http://www.huayugu.com.cn/uploads/allimg/160908/1-160ZQH5430-L.jpg	http://www.huayugu.com.cn/hongqianceng/
http://s3.sinaimg.cn/mw690/001xiLqHzy7bkzS4b1U02&690	http://blog.sina.com.cn/s/blog_53efcb930102x5ca.html
http://a1.att.hudong.com/22/03/01100000000000144727038125730_s.jpg	http://www.baike.com/wiki/%E5%9E%82%E6%9E%9D%E7%BA%A2%E5%8D%83%E5%B1%82
http://www.jxzcxn.com/uploads/2016/09/291949461302.jpg	http://www.jxzcxn.com/article/345-1.html
http://www.huacaijia.com/images/201608/goods_img/4452_P_1470637826907.png	http://www.huacaijia.com/mobile/goods.php?id=40113
http://7.blog.xuite.net/7/4/e/4/11253733/blog_227360/txt/18704449/0.jpg	http://blog.xuite.net/e2202778/boaboa/18704449-%E7%B4%85%E5%8D%83%E5%B1%A4
http://www.pjcn.org/uploads/allimg/1609/1-16091922395NQ.jpg	http://www.pjcn.org/hy/2421/
http://www.huaxianer.com/uploads/allimg/170703/6-1FF31H3320-L.jpg	http://www.huaxianer.com/wiki/071398.html
https://gw.alicdn.com/bao/uploaded/i3/2923012034/TB2gKU0sodnpuFjSZPhXXbChpXa_!!2923012034.jpg_230x230.jpg	https://www.taobao.com/article/AdF3DPELDiFpB9FZ.html
https://cbu01.alicdn.com/img/ibank/2017/161/165/4315561161_1026556056.220x220.jpg	http://www.1688.com/jiage/-BAECC7A7B2E3.html
https://upload.wikimedia.org/wikipedia/commons/thumb/e/ee/C_viminalis3.jpg/250px-C_viminalis3.jpg	https://zh-yue.wikipedia.org/wiki/%E5%9E%82%E6%9E%9D%E7%B4%85%E5%8D%83%E5%B1%A4
http://www.baihuamen.com/d/file/2014/03-28/44eafd6c140f738014517ad0871adcc3.jpg	http://www.baihuamen.com/hongqianceng/
https://cbu01.alicdn.com/img/ibank/2015/005/315/2142513500_626902972.220x220.jpg	http://www.1688.com/chanpin/-BAECC7A7B2E3C3E7.html
http://www.huacaoshumu.net/attached/tupian/H43/20160703-6.jpg	http://www.huacaoshumu.net/zhiwu/hongqianceng.php
http://www.lezhuang8.com/attachs/photo/20160923/iyol3ddzu3v5652.jpg	http://www.lezhuang8.com/article-detail-3066-1.html
http://s12.sinaimg.cn/mw690/68c0bec3td5c4b3bc1a5b&690	http://blog.sina.com.cn/s/blog_68c0bec301018kfc.html
https://cbu01.alicdn.com/img/ibank/2015/411/199/2124991114_99864327.220x220.jpg	http://www.1688.com/jiage/-BAECC7A7B2E3.html
https://cbu01.alicdn.com/img/ibank/2015/826/606/2136606628_690009886.220x220.jpg	http://www.1688.com/chanpin/-BAECC7A7B2E3C3E7.html
http://www.zpol.cn/uploadfile/2017/0429/20170429103058545.jpg	http://www.zpol.cn/index.php?m=content&c=index&a=show&catid=47&id=40233
http://www.citygf.com/fxfs/djrd/201604/W020160422596782559513.jpg	http://www.citygf.com/fxfs/djrd/201604/t20160422_8728.html
http://www.baihuamen.com/d/file/2014/05-24/bce0f5217a0f4e5f1a3038f07dea4288.jpg	http://www.baihuamen.com/baihuajiazhutao1/17572_15.html
https://cbu01.alicdn.com/img/ibank/2016/287/778/3315877782_379375274.220x220.jpg	https://s.1688.com/kq/-BAECC7A7B2E3CAF7.html
https://gw.alicdn.com/bao/uploaded/i2/TB1qbiNIVXXXXbMXpXXXXXXXXXX_!!0-item_pic.jpg_230x230.jpg	https://www.taobao.com/article/EaCwAkEaD8E0C_DA.html
