
http://imgs.bzw315.com/UploadFiles/Version2/0/20160902/201609021659168813.jpg	http://www.bzw315.com/zx/zhiwu/373448.html
http://www.baihuamen.com/d/file/2014/06-01/f499a6f3bf8858807b645baad643d1d7.jpg	http://www.baihuamen.com/duobeiyinlianhua/17456_13.html
http://img.redocn.com/sheying/20140711/shengkaideduobeiyinlianhua_2709021.jpg	http://sucai.redocn.com/dongwuzhiwu_2709021.html
https://gss3.bdstatic.com/7Po3dSag_xI4khGkpoWK1HF6hhy/baike/s%3D220/sign=9bbbf7f4e4cd7b89ed6c3d813f254291/2f738bd4b31c8701ee3745d8257f9e2f0708ff0f.jpg	https://baike.baidu.com/item/%E5%A4%9A%E8%A2%AB%E9%93%B6%E8%8E%B2%E8%8A%B1
http://www.huayugu.com.cn/uploads/allimg/160920/1-160920002H30-L.jpg	http://www.huayugu.com.cn/duobeiyinlianhua/
http://www.baihuamen.com/d/file/2014/06-01/50c9b990a00fbfc5be303ea47e24c4e2.jpg	http://www.baihuamen.com/duobeiyinlianhua/17456_15.html
http://www.baihuamen.com/d/file/2014/06-01/f7b0e5bf6b84702b98126178a5f25412.jpg	http://www.baihuamen.com/duobeiyinlianhua/17456.html
http://pic1.huashichang.com/2016/0919/23/57dffe7be44e2.jpg	http://m.aihuhua.com/tupian/tupianr19.html
http://www.baihuamen.com/d/file/2014/06-01/03058bcefc0c859196d761f7ad6c36af.jpg	http://www.baihuamen.com/duobeiyinlianhua/17456_8.html
http://img.tulaoshi.com/201706/20/33ae9bb29bf186bfd38947bee217ad68.jpg	http://www.tulaoshi.com/duobeiyinlianhua/
http://www.baihuamen.com/d/file/2014/06-01/f59c1911a0867ace375e1e6318b6cfee.jpg	http://www.baihuamen.com/duobeiyinlianhua/17456_7.html
http://www.baihuamen.com/d/file/2014/05-29/cd8089cc036b3a4735d64eef1d46bbeb.jpg	http://www.baihuamen.com/duobeiyinlianhua/
http://www.baihuamen.com/d/file/2014/06-01/90c5f5142cd5e39dd0dc4e5c5ad4f371.jpg	http://www.baihuamen.com/duobeiyinlianhua/17456_6.html
http://www.21cbi.com/upload/201611/19/14795169169.jpg	http://m.21cbi.com/s/14/356151.html
http://www.gzhphb.com/gpPic/600/0/mmbiz.qpic.cn/mmbiz_jpg/XsIwRJdqcdt9ic3IUKsaXQJl6ia4VCSW5Relmb3A4JgbYEkMlIy9fm5j9xIm4HviaO8iaA2MOHzuc5ley54Tw0y5ag/0?wx_fmt=jpeg	http://www.gzhphb.com/article/71/710196.html
http://www.baihuamen.com/d/file/2014/06-01/e0d499c138566e5e949381d26f38e899.jpg	http://www.baihuamen.com/duobeiyinlianhua/17456_9.html
http://a2.att.hudong.com/04/52/01300001218100130692525175436_s.jpg	http://www.baike.com/wiki/%E5%A4%9A%E8%A2%AB%E9%93%B6%E8%8E%B2%E8%8A%B1
http://p.d1xz.net/2014/7/7/172776997699.jpg	http://3g.d1xz.net/astro/huayu/art56383.aspx
http://www.huaxianer.com/uploads/allimg/170427/2-1F42GF240516.jpg	http://www.huaxianer.com/jishu/04183.html
http://www.neipet.com/wp-content/uploads/2016/07/%E5%A4%9A%E8%A2%AB%E9%93%B6%E8%8E%B2%E8%8A%B1.jpg	http://www.neipet.com/dbylh/
http://www.21cbi.com/upload/201611/19/147951691654.jpg	http://m.21cbi.com/s/14/356151.html
http://www.baihuamen.com/d/file/2014/06-01/b345a943c3c40e67012483041af855e4.jpg	http://www.baihuamen.com/duobeiyinlianhua/17456_11.html
http://www.baihuamen.com/d/file/2014/06-01/89014240a99d2b418831d77242d9af98.jpg	http://www.baihuamen.com/duobeiyinlianhua/17456_14.html
http://pic1.huashichang.com/2016/0919/23/57dffe7c7af7f.jpg	http://www.aihuhua.com/tupian/tupianr1a.html
http://a2.att.hudong.com/01/39/20300543523714144578398219354_s.jpg	http://www.baike.com/wiki/%E5%A4%9A%E8%A2%AB%E9%93%B6%E8%8E%B2%E8%8A%B1
http://3.im.guokr.com/jRu-_9TZUIHwzj3XG84hvbLto1OgwyQ6OeEf8l2JCxfoAwAA3AUAAEpQ.jpg?imageView2/1/w/590/h/885	http://www.guokr.com/post/756296/
http://www.cyone.com.cn/yangzhi/UploadFiles_9223/201705/2017051710181487.jpg	http://www.cyone.com.cn/yangzhi/42129.html
http://www.huayugu.com.cn/uploads/allimg/160920/1-1609200036120-L.jpg	http://www.huayugu.com.cn/duobeiyinlianhua/
http://3.im.guokr.com/q4YOBXznrsVSSHpX1pEwMQ5PyJW1dQxRXH-putIC7tPoAwAA3AUAAEpQ.jpg?imageView2/1/w/590/h/885	http://www.guokr.com/post/756296/
http://www.huayugu.com.cn/uploads/allimg/160920/1-1609200034020-L.jpg	http://www.huayugu.com.cn/duobeiyinlianhua/
http://img.tulaoshi.com/ueditor/201707/06/170a3b5b0376d1c31ddda144c3bd0fbb.jpg	http://www.tulaoshi.com/n/20170706/2655838.html
http://a1.att.hudong.com/35/08/01300543140711147853088162964_s.jpg	http://www.baike.com/wiki/%E5%A4%9A%E8%A2%AB%E9%93%B6%E8%8E%B2%E8%8A%B1
http://pic1.huashichang.com/2016/0919/23/57dffe7d4399c_200_140.jpg	http://www.aihuhua.com/tu/duobeiyinlianhua.html
https://b-ssl.duitang.com/uploads/item/201206/04/20120604101119_W3scS.thumb.700_0.jpeg	https://www.duitang.com/blog/?id=30557350
http://www.rensheng2.com/upload/2017/06/08/3a18c23d860481c3.jpg	http://www.rensheng2.com/1780000/1773924.shtml
http://www.rensheng2.com/upload/2017/06/08/e116dfaa438848e3.jpg	http://www.rensheng2.com/1780000/1773924.shtml
http://www.baihuamen.com/d/file/2014/06-01/d7d739a0c873e0ecd6979e3eb67d2658.jpg	http://www.baihuamen.com/duobeiyinlianhua/17456_16.html
http://www.gzhphb.com/gpPic/600/0/mmbiz.qpic.cn/mmbiz_jpg/XsIwRJdqcdt9ic3IUKsaXQJl6ia4VCSW5Rut3ooWp5c8SldvqSdMpnS4wkzicnz5OGZcJUSs3NcXF3CmdBp7F46MA/0?wx_fmt=jpeg	http://www.gzhphb.com/article/71/710196.html
http://www.baihuamen.com/d/file/2014/06-01/3629b5e763c1b69ad1b8aaad7cc27d83.jpg	http://www.baihuamen.com/duobeiyinlianhua/
http://www.rensheng2.com/upload/2017/06/08/b493b95ce5b7c029.jpg	http://www.rensheng2.com/1780000/1773924.shtml
https://s9.rr.itc.cn/r/wapChange/20173_29_0/a8xo0y7546513930619.gif	https://m.sohu.com/n/485292083/
http://www.baihuamen.com/d/file/2014/06-01/41c01b35d85768bfeb8b78bef40cb2ed.jpg	http://www.baihuamen.com/duobeiyinlianhua/
http://temp4.jinnong.cn/201403/20160317030907377.jpg	https://www.ltzg.com.cn/news/149053.html
http://www.gzhphb.com/gpPic/600/0/mmbiz.qpic.cn/mmbiz_png/XsIwRJdqcdt9ic3IUKsaXQJl6ia4VCSW5R2bJxzOQVicoh0GwfyDXdSFGcGIMLT8AJn2Uibgynz3NVLMwLQxJyEg8Q/0?wx_fmt=png	http://www.gzhphb.com/article/71/710196.html
http://www.rensheng2.com/upload/2017/06/08/3358b899451c2cc7.jpg	http://www.rensheng2.com/1780000/1773924.shtml
http://3.im.guokr.com/_tCD0wKu--o5u_lBqPZj-y6chvWX2PNoDTLtO4nzpmmQBgAACAcAAEpQ.jpg?imageView2/1/w/590/h/632	http://www.guokr.com/post/756296/
http://temp4.jinnong.cn/201403/20160317144454376.jpg	https://www.ltzg.com.cn/news/149053.html
http://www.huaxianer.com/uploads/allimg/170427/2-1F42GF314520.jpg	http://www.huaxianer.com/jishu/04183.html
http://2.im.guokr.com/0dXoT1AUw60oNQq3Md8fKaNrNuhPLIK8oAzTgMigXMDcBQAA6AMAAEpQ.jpg?imageView2/1/w/590/h/393	http://www.guokr.com/post/756296/
http://pic1.win4000.com/pic/7/09/e4af1354240.jpg_195.jpg	http://www.win4000.com/meinv113616.html
https://gss2.bdstatic.com/9fo3dSag_xI4khGkpoWK1HF6hhy/baike/w%3D400/sign=67a84563a751f3dec3b2b864a4eff0ec/241f95cad1c8a78633a9c7a76f09c93d71cf509c.jpg	https://baike.baidu.com/item/%E5%A4%9A%E8%A2%AB%E9%93%B6%E8%8E%B2%E8%8A%B1
http://img.tulaoshi.com/ueditor/201707/06/960bd76df977757d2b4241bc84cc3ffa.jpg	http://www.tulaoshi.com/n/20170706/2655838.html
http://img.redocn.com/sheying/20140711/fensededuobeiyinlianhua_2709023.jpg	http://sucai.redocn.com/dongwuzhiwu_2709023.html
http://img.redocn.com/sheying/20140711/hongsededuobeiyinlianhua_2709019.jpg	http://sucai.redocn.com/dongwuzhiwu_2709019.html
https://image.chemsrc.com/caspic/003/124961-61-1.png	https://www.chemsrc.com/cas/124961-61-1_1085000.html
http://www.zhiwutong.com/tu/photo/2/53700302.jpg	http://www.zhiwutong.com/latin/Ranunculaceae/Anemone-raddeana-Regel.htm
http://www.cdderick.com/file/%E5%A4%9A%E8%A2%AB%E9%93%B6%E8%8E%B2%E8%8A%B1%E7%9A%82%E8%8B%B7R8.gif	http://www.cdderick.com/show_17_35_1.html
http://imgs.bzw315.com/UploadFiles/Version2/0/20160902/201609021700078969.jpg	http://www.bzw315.com/zx/zhiwu/373448.html
http://www.cyone.com.cn/yangzhi/UploadFiles_9223/201705/2017051710182734.jpg	http://www.cyone.com.cn/yangzhi/42129.html
http://1.im.guokr.com/0SWdIx84XNjmmAjuVOWjqQGokUr6yxon9ykwiVXr3gIgAwAAVwIAAEpQ.jpg?imageView2/1/w/590/h/441	http://www.guokr.com/post/756296/
http://www.chemblink.com/structures/124961-61-1.gif	http://www.chemblink.com/products/124961-61-1C.htm
http://www.cdderick.com/uploadfile/2016/1229/20161229040710454.png	http://www.cdderick.com/show_17_534_1.html
http://slidesplayer.com/11163685/59/images/24/%E5%A4%9A%E8%A2%AB%E9%93%B6%E8%8E%B2%E8%8A%B1Anemone+raddeana.jpg	http://slidesplayer.com/slide/11163685/
http://img.rsswx.com/sg_1490853951891	http://www.rsswx.com/jingxuan/3652991811.html
https://image.chemsrc.com/caspic/361/89412-79-3.png	https://www.chemsrc.com/cas/124961-61-1_1085000.html
http://img.rsswx.com/sg_1490853954167	http://www.rsswx.com/jingxuan/3652991811.html
http://img.rsswx.com/sg_1490853952393	http://www.rsswx.com/jingxuan/3652991811.html
http://www.rensheng2.com/upload/2017/06/08/452044f739ca7825.jpg	http://www.rensheng2.com/1780000/1773924.shtml
http://www.21cbi.com/upload/201611/19/147951691867.jpg	http://m.21cbi.com/s/14/356151.html
http://img.rsswx.com/sg_1490853955140	http://www.rsswx.com/jingxuan/3652991811.html
http://pic1.win4000.com/pic/0/f9/d3af1354283.jpg_195.jpg	http://www.win4000.com/meinv113616.html
http://img.xunhai.com/2015/11/27/144858380158201.jpg	http://www.xunhai.com/duobeiyinlianhua/
http://www.rensheng2.com/upload/2017/06/08/6f4ef2c8ed96bdd6.jpg	http://www.rensheng2.com/1780000/1773924.shtml
http://www.rensheng2.com/upload/2017/06/08/dad79319f894f473.jpg	http://www.rensheng2.com/1780000/1773924.shtml
http://www.best-reagent.com/images/201210/1350906272880844287.jpg	http://www.best-reagent.com/goods-15308.html
http://s3.sinaimg.cn/mw690/003sae9dzy7aHzYVMGK72&690	http://blog.sina.com.cn/s/blog_bc9f8f830102wt7j.html
http://read.html5.qq.com/image?src=forum&q=5&r=0&imgflag=7&imageUrl=http://mmbiz.qpic.cn/mmbiz_jpg/Kx0XicibU3cCYZQ5HicXlWiaYx7qN5c8WVO0t2eTxu6eBWu3CibSaR9jbmHUHcT99nGON9dFPqGRHV8O5I3L57sdhuQ/0?wx_fmt=jpeg	http://www.yangqiu.cn/zq92110/2208326.html
http://read.html5.qq.com/image?src=forum&q=5&r=0&imgflag=7&imageUrl=http://mmbiz.qpic.cn/mmbiz_jpg/Kx0XicibU3cCb9ImicZcakdvXhwdMWMicm3kSRiaRYlibXGHB0v6nznt87pUFagWBWCicmAPibc66pQEZibv9Tzviaab5S5g/0?wx_fmt=jpeg	http://www.yangqiu.cn/zq92110/2208326.html
http://read.html5.qq.com/image?src=forum&q=5&r=0&imgflag=7&imageUrl=http://mmbiz.qpic.cn/mmbiz_jpg/Kx0XicibU3cCYZQ5HicXlWiaYx7qN5c8WVO0zoX7YM3v4ic1xyVSQYr0fKvhCuujpMtt6YS5guhkAsqXFYvJbRFdmiaA/0?wx_fmt=jpeg	http://www.yangqiu.cn/zq92110/2208326.html
http://read.html5.qq.com/image?src=forum&q=5&r=0&imgflag=7&imageUrl=http://mmbiz.qpic.cn/mmbiz_jpg/Kx0XicibU3cCaFUAXGOclqpY1iazsXp9iacBSW6oheU8wJab1761vY118GylVAHAWW8ia4DPeDmxtuOgY7Nq9UGbVNQ/0?wx_fmt=jpeg	http://www.yangqiu.cn/zq92110/2208326.html
https://image.chemsrc.com/caspic/338/109606-00-0.png	https://www.chemsrc.com/cas/124961-61-1_1085000.html
https://thumbs.dreamstime.com/z/%E7%94%A8%E7%BE%BD%E6%AF%9B%E8%A3%85%E9%A5%B0fluted-%E6%8B%A2%E7%9A%84%E5%96%B7%E7%B2%89%E5%99%A8%E8%A0%95%E8%99%ABbryozoans%E3%80%81%E5%A4%9A%E5%88%BA%E7%9A%84%E6%B5%B7%E8%9B%87%E5%B0%BE%E5%92%8C%E4%BF%B1%E4%B9%90%E9%83%A8%E8%A2%AB%E6%89%93-%E7%9A%84%E9%93%B6%E8%8E%B2%E8%8A%B1%E5%B1%9E-72082270.jpg	https://cn.dreamstime.com/%E5%BA%93%E5%AD%98%E7%85%A7%E7%89%87-%E7%94%A8%E7%BE%BD%E6%AF%9B%E8%A3%85%E9%A5%B0fluted-%E6%8B%A2%E7%9A%84%E5%96%B7%E7%B2%89%E5%99%A8%E8%A0%95%E8%99%ABbryozoans%E3%80%81%E5%A4%9A%E5%88%BA%E7%9A%84%E6%B5%B7%E8%9B%87%E5%B0%BE%E5%92%8C%E4%BF%B1%E4%B9%90%E9%83%A8%E8%A2%AB%E6%89%93-%E7%9A%84%E9%93%B6%E8%8E%B2%E8%8A%B1%E5%B1%9E-image72082270
http://pic1.huashichang.com/2016/0919/22/57dffcc34f842_140_120.jpg	http://www.aihuhua.com/tu/duobeiyinlianhua.html
http://img.xunhai.com/2015/11/27/144858383642452.jpg	http://www.xunhai.com/duobeiyinlianhua/
http://www.rensheng2.com/upload/2017/06/08/cab46c20b0ff193a.jpg	http://www.rensheng2.com/1780000/1773924.shtml
http://www.1988.tv/Upload_Map/2015nian/1/29/2015-01-29-10-11-15.jpg	http://www.1988.tv/news/93842
http://img.xunhai.com/2015/11/27/144858377224525.jpg	http://www.xunhai.com/duobeiyinlianhua/
http://a2.att.hudong.com/24/72/01300000178518123981721606886.jpg	http://www.baike.com/wiki/%E9%93%B6%E8%8E%B2%E8%8A%B1
http://frps.eflora.cn/QRCode.ashx?id=38273	http://frps.eflora.cn/frps/Anemone%20altaica
http://img.xunhai.com/2015/11/27/144858374833750.jpg	http://www.xunhai.com/duobeiyinlianhua/
https://thumbs.dreamstime.com/z/%E8%A2%AB%E8%AE%BE%E7%BD%AE%E7%9A%84%E8%8A%B1%EF%BC%9A%E8%AF%A6-%E7%9A%84%E6%89%8B%E6%8B%89%E7%9A%84%E9%93%B6%E8%8E%B2%E8%8A%B1%E5%B1%9E-67421759.jpg	https://cn.dreamstime.com/%E5%BA%93%E5%AD%98%E4%BE%8B%E8%AF%81-%E6%89%8B-%E5%BD%A9%E7%8E%AB%E7%91%B0%E3%80%81%E9%93%B6%E8%8E%B2%E8%8A%B1%E5%B1%9E%E5%92%8C%E7%89%A1%E4%B8%B9%E8%8A%B1%E5%9C%88-image81502212
http://a4.att.hudong.com/53/46/01300000244526122369464635217_140.jpg	http://www.baike.com/wiki/%E5%A4%9A%E8%A2%AB%E9%93%B6%E8%8E%B2%E8%8A%B1
http://www.baihuamen.com/d/file/2014/03-06/74c56f4859051d83b3c58ba76deb5b45.jpg	http://www.baihuamen.com/duobeiyinlianhua/17456_13.html
https://thumbs.dreamstime.com/z/%E4%B8%8A%E8%89%B2%E9%85%8D%E8%89%B2%E8%AE%A1%E7%AE%97%E6%9C%BA%E8%8A%B1%E8%A2%AB%E7%94%9F%E6%88%90%E7%9A%84%E5%92%8C%E8%B0%90%E9%A1%B6-%E5%9B%BE%E8%B1%A1-%E6%AF%9B%E8%8C%9B%E5%B1%9E%EF%BC%8C%E5%90%91%E6%97%A5%E8%91%B5%EF%BC%8C%E5%9C%A8%E7%99%BD%E8%89%B2%E9%9A%94-%E7%9A%84%E9%93%B6%E8%8E%B2%E8%8A%B1%E5%B1%9E-45758292.jpg	https://cn.dreamstime.com/%E5%BA%93%E5%AD%98%E7%85%A7%E7%89%87-%E7%8A%B6%E8%8A%B1%E5%BA%8F%E9%B8%A6%E7%89%87%E7%BA%A2%E8%89%B2%E9%93%B6%E8%8E%B2%E8%8A%B1%E5%B1%9E%E9%9A%94-%E4%BA%86%E7%99%BD%E8%89%B2%E8%83%8C%E6%99%AF-image86290467
http://www.rensheng2.com/upload/2017/06/08/021ad14b8551e4b9.jpg	http://www.rensheng2.com/1780000/1773924.shtml
https://thumbs.dreamstime.com/z/%E9%87%8E%E8%8A%B1%E9%93%B6%E8%8E%B2%E8%8A%B1%E5%B1%9E%E5%9C%A8-%E5%BD%A9%E6%A0%B7%E5%BC%8F%E7%9A%84%E8%8A%B1%E6%A1%86%E6%9E%B6%E8%A2%AB%E9%9A%94-%E7%9A%84-79036884.jpg	https://cn.dreamstime.com/%E5%BA%93%E5%AD%98%E4%BE%8B%E8%AF%81-%E4%B8%8E%E9%93%B6%E5%85%83%E7%8E%89%E6%A0%91%E7%9A%84-%E5%BD%A9%E8%8A%B1%E5%8D%89%E8%BE%B9%E7%95%8C-%E5%BC%80%EF%BC%8C%E5%A4%9A%E6%B1%81%E6%A4%8D%E7%89%A9%E5%92%8C%E9%93%B6%E8%8E%B2%E8%8A%B1%E5%B1%9E%E8%8A%B1-%E4%B8%8E%E5%88%86%E6%94%AF%E7%9A%84%E6%89%8B-%E8%8A%B1%E5%9C%88-image77629979
http://img.xunhai.com/2015/11/27/14485837405460.jpg	http://www.xunhai.com/duobeiyinlianhua/
https://thumbs.dreamstime.com/z/%E9%93%B6%E8%8E%B2%E8%8A%B1%E5%B1%9E%EF%BC%8C%E4%B8%8A%E5%8D%87%E4%BA%86%EF%BC%8C%E5%8F%98%E7%B2%89%E7%BA%A2%E8%89%B2%E8%8A%B1%E5%92%8C%E8%A3%85%E9%A5%B0eucaliptus%E5%8F%B6%E5%AD%90%E4%BC%A0%E6%9F%93%E5%AA%92-%E8%A2%AB%E5%8F%8D%E6%98%A0%E7%9A%84%E8%AE%BE%E8%AE%A1%E5%8D%A1%E7%89%87-78150984.jpg	https://cn.dreamstime.com/%E5%BA%93%E5%AD%98%E4%BE%8B%E8%AF%81-%E9%93%B6%E8%8E%B2%E8%8A%B1%E5%B1%9E%EF%BC%8C%E4%B8%8A%E5%8D%87%E4%BA%86%EF%BC%8C%E5%8F%98%E7%B2%89%E7%BA%A2%E8%89%B2%E8%8A%B1%E5%92%8C%E8%A3%85%E9%A5%B0eucaliptus%E5%8F%B6%E5%AD%90%E4%BC%A0%E6%9F%93%E5%AA%92-%E8%AE%BE%E8%AE%A1%E5%8D%A1%E7%89%87-image69941179
http://a4.att.hudong.com/77/28/01300000350658126197281176888_s.jpg	http://www.baike.com/wiki/%E9%93%B6%E8%8E%B2%E8%8A%B1
https://thumbs.dreamstime.com/z/%E9%93%B6%E8%8E%B2%E8%8A%B1%E5%B1%9E%EF%BC%8C%E4%B8%8A%E5%8D%87%E4%BA%86%EF%BC%8C%E5%8F%98%E7%B2%89%E7%BA%A2%E8%89%B2%E8%8A%B1%E5%92%8C%E8%A3%85%E9%A5%B0eucaliptus%E5%8F%B6%E5%AD%90%E4%BC%A0%E6%9F%93%E5%AA%92-%E8%A2%AB%E5%8F%8D%E6%98%A0%E7%9A%84%E8%AE%BE%E8%AE%A1%E5%8D%A1%E7%89%87-70290403.jpg	https://cn.dreamstime.com/%E5%BA%93%E5%AD%98%E4%BE%8B%E8%AF%81-%E9%93%B6%E8%8E%B2%E8%8A%B1%E5%B1%9E%EF%BC%8C%E4%B8%8A%E5%8D%87%E4%BA%86%EF%BC%8C%E5%8F%98%E7%B2%89%E7%BA%A2%E8%89%B2%E8%8A%B1%E5%92%8C%E8%A3%85%E9%A5%B0eucaliptus%E5%8F%B6%E5%AD%90%E4%BC%A0%E6%9F%93%E5%AA%92-%E8%AE%BE%E8%AE%A1%E5%8D%A1%E7%89%87-image69941179
