
https://gss0.bdstatic.com/94o3dSag_xI4khGkpoWK1HF6hhy/baike/s%3D220/sign=dc835227369b033b2888fbd825cf3620/37d12f2eb9389b50476baf718735e5dde7116e78.jpg	https://baike.baidu.com/item/%E9%93%83%E5%85%B0/43127
https://gss2.bdstatic.com/9fo3dSag_xI4khGkpoWK1HF6hhy/baike/c0%3Dbaike60%2C5%2C5%2C60%2C20/sign=0b3711f4a9014c080d3620f76b12696d/e4dde71190ef76c645fc67769d16fdfaaf516745.jpg	https://baike.baidu.com/item/%E9%93%83%E5%85%B0/43127
http://a0.att.hudong.com/41/82/01300542519316142087829670480_s.jpg	http://www.baike.com/wiki/%E9%93%83%E5%85%B0
http://www.huabaike.com/uploads/allimg/artimg/201512/20151228160400_76519.jpg	https://www.huabaike.com/hyjk/1116.html
https://gss1.bdstatic.com/-vo3dSag_xI4khGkpoWK1HF6hhy/baike/c0%3Dbaike60%2C5%2C5%2C60%2C20/sign=2748632478f40ad101e9cfb136457aba/9c16fdfaaf51f3de99bced7897eef01f3a29799b.jpg	https://baike.baidu.com/item/%E9%93%83%E5%85%B0/43127
http://a3.att.hudong.com/00/71/01300000336597124219718025046.jpg	http://www.baike.com/wiki/%E5%BE%B7%E5%9B%BD%E9%93%83%E5%85%B0
http://image82.360doc.com/DownloadImg/2015/02/1320/50157606_1.jpg	http://www.360doc.com/content/15/0213/20/16967035_448432550.shtml
https://timg01.bdimg.com/timg?wapbaike&quality=60&size=b1024_676crop=&cut_x=0&cut_y=255&cut_w=1024&cut_h=676&sec=1349839550&di=6cab24fd815e2efbe03d0217fea0bc92&src=http://imgsrc.baidu.com/baike/pic/item/fc1f4134970a304eb2e182e7d9c8a786c8175cef.jpg	https://wapbaike.baidu.com/item/%E9%93%83%E5%85%B0/43127
http://tupian.geimian.com/pic/2015/10/2015-10-09_184129.jpg	https://www.geimian.com/wx/51453.html
http://a3.att.hudong.com/80/58/20300542519316142087589778178_s.jpg	http://www.baike.com/wiki/%E9%93%83%E5%85%B0
http://www.huabaike.com/uploads/allimg/artimg/201512/20151228160715_81257.jpg	https://www.huabaike.com/hyjk/1116.html
http://pic.nipic.com/2008-02-25/2008225102523411_2.jpg	http://www.nipic.com/show/1/44/35a13eb03ed6508a.html
http://map1.zw3e.com:8080/zw_news_map/550/2015052/1431679719300177021.jpg	http://www.zw3e.com/84/e9053.html
http://www.tianqi.com/upload/article/15-08-27/gcDj_150827065843_1.png	http://wannianli.tianqi.com/news/102384.html
http://a0.att.hudong.com/44/81/01300542519316142087812262481_s.jpg	http://www.baike.com/wiki/%E9%93%83%E5%85%B0
http://gmimg.geimian.com/pic/2017/03/005bd11ecfdbddb9fc1e0dfff7ea2caf.jpg	https://www.geimian.com/wx/83731.html
http://img1.soufun.com/bbs/usercenter/portrait/2009_08/24/1251126323821.jpg	http://blog.fang.com/blog_25217710.htm
http://www.ybx8.com/%E9%93%83%E5%85%B0%E6%A0%BD%E5%9F%B9/UploadFiles/201511/20151104161512143.jpg	http://www.ybx8.com/%E9%93%83%E5%85%B0%E6%A0%BD%E5%9F%B9/Search.asp?KeyWord=%D6%D0%B9%FA
https://www.huabaike.com/uploads/allimg/artimg/201512/20151228162020_33291.jpg	https://m.huabaike.com/yhjq/1119.html
http://img.aiuw.com//images/20130123/13589255294185.jpg	http://www.aiuw.com/zhiwu/huayu/article-17226.html
http://img04.tooopen.com/images/20130325/tooopen_14363875.jpg	http://www.tooopen.com/view/358466.html
http://a0.att.hudong.com/64/61/20300000164151143334615943938_s.jpg	http://www.baike.com/wiki/%E5%BE%B7%E5%9B%BD%E9%93%83%E5%85%B0
https://gss2.bdstatic.com/9fo3dSag_xI4khGkpoWK1HF6hhy/baike/c0%3Dbaike60%2C5%2C5%2C60%2C20/sign=ed72ff68ae345982d187edc06d9d5ac8/50da81cb39dbb6fd28c98e3a0a24ab18972b371f.jpg	https://baike.baidu.com/item/%E9%93%83%E5%85%B0/43127
http://www.huabaike.com/uploads/allimg/artimg/201512/20151228160329_86637.jpg	https://www.huabaike.com/hyjk/1116.html
http://img0.pchouse.com.cn/pchouse/baike/decorate/1110/2_1.jpg	http://www.pchouse.com.cn/baike/shenghuo/742/
http://www.tianqi.com/upload/article/15-08-27/rgiP_150827065827_1.png	http://wannianli.tianqi.com/news/102384.html
http://www.tasshm.com/UploadFile/Product/2010011556955265.jpg	http://www.tasshm.com/pic_34.htm
http://pic15.nipic.com/20110804/7990257_093235271167_2.jpg	http://www.nipic.com/zhuanti/965515.html
https://gss1.bdstatic.com/9vo3dSag_xI4khGkpoWK1HF6hhy/baike/c0%3Dbaike60%2C5%2C5%2C60%2C20/sign=3e79ae379e16fdfacc61cebcd5e6e731/78310a55b319ebc42ed323858126cffc1e171606.jpg	https://baike.baidu.com/item/%E9%93%83%E5%85%B0/43127
http://img0.pchouse.com.cn/pchouse/1110/31/142225_1.jpg	http://www.pchouse.com.cn/baike/shenghuo/742/
http://dl.bizhi.sogou.com/images/2013/04/10/335134.jpg	http://bizhi.sogou.com/detail/info/335134
http://img04.tooopen.com/images/20130325/tooopen_15061303.jpg	http://www.tooopen.com/view/358457.html
http://www.ew9z.com/wp-content/uploads/2010/03/Convallaria_majalis_flower_2.jpg	http://www.ew9z.com/linglan-junyingcao-tupian.html
https://www.huabaike.com/uploads/allimg/artimg/201608/20160809124741_14864.jpg	https://www.huabaike.com/hyjk/4933.html
http://www.ybx8.com/%E9%93%83%E5%85%B0%E6%A0%BD%E5%9F%B9/UploadFiles/201511/20151104161425757.jpg	http://www.ybx8.com/%E9%93%83%E5%85%B0%E6%A0%BD%E5%9F%B9/
https://www.huabaike.com/uploads/allimg/sltimg/201611/5836ea94b9acc.jpg	https://www.huabaike.com/hyjk/1116.html
http://www.hanyi365.com/attach/userfiles/image/2013-09-09_13_43_47.png	http://www.hanyi365.com/article_55.html
http://www.ybx8.com/%E9%93%83%E5%85%B0%E6%A0%BD%E5%9F%B9/UploadFiles/201511/20151104162009874.jpg	http://www.ybx8.com/%E9%93%83%E5%85%B0%E6%A0%BD%E5%9F%B9/Search.asp?KeyWord=%D6%D0%B9%FA
http://old.bz55.com/uploads/allimg/120903/1-120Z3114K6.jpg	http://www.bz55.com/fengjingbizhi/3713.html
https://thumbs.dreamstime.com/z/%E9%93%83%E5%85%B0%E5%9C%A8%E6%A3%AE%E6%9E%97%E9%87%8C-71024051.jpg	https://cn.dreamstime.com/%E5%BA%93%E5%AD%98%E7%85%A7%E7%89%87-%E9%93%83%E5%85%B0%E5%9C%A8%E6%A3%AE%E6%9E%97%E9%87%8C-image71024051
https://b-ssl.duitang.com/uploads/item/201201/21/20120121151359_urMFj.thumb.700_0.jpg	https://www.duitang.com/blog/?id=585546745
https://gss0.bdstatic.com/-4o3dSag_xI4khGkpoWK1HF6hhy/baike/c0%3Dbaike60%2C5%2C5%2C60%2C20/sign=7bcbb52b36fae6cd18b9a3336eda6441/500fd9f9d72a6059c9cdb5062b34349b023bbac9.jpg	https://baike.baidu.com/item/%E9%93%83%E5%85%B0/43127
http://a2.att.hudong.com/68/83/01300542519316142087833289428_s.jpg	http://www.baike.com/wiki/%E9%93%83%E5%85%B0
https://upload.wikimedia.org/wikipedia/commons/3/32/C._m._cv._Plena.JPG	https://zh.wikipedia.org/wiki/%E9%88%B4%E8%98%AD
http://s1.sinaimg.cn/mw690/001qubYbgy6JwkmnBu080&690	http://blog.sina.com.cn/s/blog_4def124f0101lshi.html
http://pic15.nipic.com/20110803/7990257_132141251199_2.jpg	http://www.nipic.com/zhuanti/965515.html
http://img.ph.126.net/vJqDZtMajSSigdSaixzRfQ==/3382766270109243949.jpg	http://bmw320d.blog.163.com/blog/static/8713745720104335939281/
http://www.cnhua.net/uploads/090526/1_215032_1.jpg	http://www.cnhua.net/zhiwu/baiheke/linglan/
https://www.huabaike.com/uploads/allimg/artimg/201608/20160809124726_47427.jpg	https://www.huabaike.com/hyjk/4933.html
https://cbu01.alicdn.com/img/ibank/2016/402/042/3530240204_69683537.220x220.jpg	http://www.1688.com/jiage/-C1E5C0BCC5E8D4D4.html
http://1.bp.blogspot.com/-ra7LJWwTgBQ/T14KIAa-e9I/AAAAAAAAADI/BnySdW-VZIw/s1600/1043845_124819018_2.JPG	http://chucf.blogspot.com/2012/03/blog-post.html
https://b-ssl.duitang.com/uploads/item/201112/22/20111222171138_VfsSX.thumb.700_0.jpg	https://www.duitang.com/album/?id=76961019
https://thumbs.dreamstime.com/b/%E9%93%83%E5%85%B0-31316618.jpg	https://cn.dreamstime.com/%E5%85%8D%E7%89%88%E7%A8%8E%E5%BA%93%E5%AD%98%E7%85%A7%E7%89%87-%E9%93%83%E5%85%B0-image31316618
https://www.huabaike.com/uploads/allimg/sltimg/201703/58ca0da9551d3.jpg	https://www.huabaike.com/sgzw/1681.html
http://imgs.shougongke.com/Public/data/hand/201505/19/host/143202750768652_593.jpg@!web_course_593	http://www.shougongke.com/course/199507.html
http://pic.baike.soso.com/ugc/baikepic2/16335/cut-20150519184310-953490005.jpg/0	http://baike.soso.com/ShowTitle.e?sp=S%E9%93%83%E5%85%B0
http://i.zgjm.org/uploads/allimg/c140424/13b31X93YM0-4G35.jpg	http://www.zgjm.org/yuce/huayu/41924.html
http://pic18.nipic.com/20111208/8568219_095853652160_2.jpg	http://www.nipic.com/show/1/44/5470563k60604d5a.html
https://www.huabaike.com/uploads/allimg/sltimg/201608/bp_57a95f9656316.jpg	https://www.huabaike.com/sgzw/1681.html
http://n.7k7kimg.cn/2012/1023/1350972973375.jpg	http://news.7k7k.com/content/20121107/540639.html
http://img0.pclady.com.cn/pclady/1206/15/839034_1.jpg	http://emotion.pclady.com.cn/zxzq/1206/839034_all.html
http://pic19.nipic.com/20120229/876920_134626217000_2.jpg	http://www.nipic.com/show/2/42/5775702ka071fa53.html
http://tupian.geimian.com/pic/2017/03/6043910756178724856ca7595269cf12.jpg	https://www.geimian.com/wx/83731.html
http://pic10.nipic.com/20101101/2808626_080150099851_2.jpg	http://www.nipic.com/show/1/44/3864177ka7c61c24.html
http://www.itingwa.com/file/img/2014-01/20140111042734-ODk3MTgw_479x359.jpg	http://www.itingwa.com/listen/30903
http://pic4.nipic.com/20090731/1200731_153354003_2.jpg	http://www.nipic.com/show/3/40/a73c05030b7c0a9a.html
http://tupian.geimian.com/pic/2017/03/20120120222253_ezcCF.thumb_.700_0.jpg?700&1054	http://www.zgjyfww.com/baike/show.php?itemid=14383
http://img0.pchouse.com.cn/pchouse/1110/31/142230_4.jpg	http://www.pchouse.com.cn/baike/shenghuo/742/
http://pic.hongdou.gxnews.com.cn/picbbs/big/2013/0501/1344985_3a929ccc1bf86410449515e362f8f353.jpg	http://blog.gxnews.com.cn/u/82991/a/1108108.html
http://pic21.nipic.com/20120530/2034846_212544006344_2.jpg	http://www.nipic.com/show/4/79/6329226kef86c250.html
http://img.back2china.com/space/album/201205/07/050948zq9w993n9h5ssvhw.jpg	http://www.backchina.com/blog/327728/article-148116.html
http://img04.tooopen.com/images/20130325/tooopen_14345524.jpg	http://www.tooopen.com/view/358467.html
http://www.baihuamen.com/d/file/2014/05-12/996370ab4cfb58f52fe93cb27eab8e28.jpg	http://www.baihuamen.com/linglan/
http://3.bp.blogspot.com/-QDuM55lqmA4/T14JG9y4dWI/AAAAAAAAADA/VLdmbEkxmMI/s1600/%E9%93%83%E5%85%B0.gif	http://chucf.blogspot.com/2012/03/blog-post.html
http://www.toutiaoabc.com/public/images/2016_05_01/0/pic_1462097196_50468.jpg	http://www.toutiaoabc.com/index.php?act=view&nid=19728
http://www.zhiwu365.com/uploads/plant/238_linglan/default/original/5_linglan.jpg	http://www.zhiwu365.com/plant/270
http://img.aiuw.com//images/20130123/13589255392071.jpg	http://www.aiuw.com/zhiwu/huayu/article-17226.html
http://img01.tooopen.com/downs/images/2011/3/17/sy_20110317145039879312.jpg	http://www.tooopen.com/view/149464.html
http://a1.att.hudong.com/57/83/01300542519316142087836320133_s.jpg	http://www.baike.com/wiki/%E9%93%83%E5%85%B0
http://tgi13.jia.com/114/829/14829577.jpg	http://www.jia.com/baike/bdetail-3139/
http://www.itingwa.com/file/img/2012-07/20120709041823-NzI2Mzcz.jpg	http://www.itingwa.com/listen/14981
http://www.cnxxdd.com/ContentFile/image/2015/10/09/15100916515751780678.jpg	http://www.cnxxdd.com/Article/9384629419473020.htm
https://thumbs.dreamstime.com/z/%E5%87%A0%E6%9C%B5%E8%8A%B1%E9%93%83%E5%85%B0-53960122.jpg	https://cn.dreamstime.com/%E5%BA%93%E5%AD%98%E7%85%A7%E7%89%87-%E5%87%A0%E6%9C%B5%E8%8A%B1%E9%93%83%E5%85%B0-image53960122
https://thumbs.dreamstime.com/z/%E6%96%B0%E9%B2%9C%E7%9A%84%E9%93%83%E5%85%B0%E5%9C%A8%E7%99%BD%E8%89%B2%E5%90%8E%E9%9D%A2%E9%9A%94-%E7%9A%84%E4%B8%80%E4%B8%AA-%E7%92%83%E7%93%B6%E5%AD%90%E7%9A%84-31871251.jpg	https://cn.dreamstime.com/%E5%BA%93%E5%AD%98%E7%85%A7%E7%89%87-%E5%9C%A8%E7%99%BD%E8%89%B2%E8%83%8C%E6%99%AF%E7%9A%84%E9%93%83%E5%85%B0-image50977202
http://www.chantuguan.com/ueditor/php/upload/image/20170411/1491900080751550.jpg	http://www.chantuguan.com/baike/292.html
http://www.sduod.com/Attachments/baike/201704/267b022cd16d211ced2a21ea01550f67.png	http://www.sduod.com/baike/article_15059.html
http://userimage8.360doc.com/16/1110/03/11600627_201611100340180639174087.jpg	http://www.360doc.com/content/16/1110/03/11600627_605301579.shtml
https://thumbs.dreamstime.com/z/%E9%93%83%E5%85%B0%E8%8A%B1%E6%9D%9F-46376757.jpg	https://cn.dreamstime.com/%E5%BA%93%E5%AD%98%E7%85%A7%E7%89%87-%E9%93%83%E5%85%B0%E8%8A%B1%E6%9D%9F-image46376757
http://tupian.geimian.com/pic/2017/03/7e360a51da32acc9afd00f99d3c7360a.jpg	https://www.geimian.com/wx/83731.html
http://p.ayxbk.com/images/thumb/b/b1/Bkdym.jpg/220px-Bkdym.jpg	http://www.a-hospital.com/w/%E9%93%83%E5%85%B0
http://www.aswetalk.net/bbs/data/attachment/album/201703/13/182337yvzcqyr46vhmhvrl.jpg	http://www.aswetalk.net/bbs/thread-48830-1-1.html
http://p.d1xz.net/2015/11/13/114425692569.jpg	http://www.d1xz.net/astro/huayu/art110162.aspx
https://www.huabaike.com/uploads/allimg/artimg/201701/20170109152846_41588.jpg	https://www.huabaike.com/hyjk/6705.html
http://imglf1.nosdn.127.net/img/KzFUWHNCOWUremtwYk8rTm9sakhnTmdreUIxVEZySUV4Mk4wTWVuQU4zZUV1ak4rNnFUR1d3PT0.jpg?imageView&thumbnail=500x0&quality=96&stripmeta=0&type=jpg	http://www.lofter.com/tag/%E9%93%83%E5%85%B0%E9%9F%B3
http://www.yunmencraft.com/Upload/20150810021042pTfd.jpg	http://www.yunmencraft.com/index.php/linglan/431.html
https://www.huabaike.com/uploads/allimg/artimg/201611/20161125153005_71567.jpg	https://www.huabaike.com/jtyh/5904.html
http://pic97.nipic.com/file/20160511/9589885_095221604569_2.jpg	http://www.nipic.com/show/14806309.html
http://pic4.55jia.net/fengshuizhiwu/18/a364292.jpg	http://www.55jia.net/75/330330.html
http://www.1nongjing.com/uploads/allimg/151119/892-151119161050D6.jpg	http://net.1nongjing.com/a/201511/121193.html
http://www.52yhua.com/uploads/allimg/151005/1-1510051FS1.jpg	http://www.52yhua.com/fanzhi/322.html
