
https://upload.wikimedia.org/wikipedia/commons/d/dc/Cerbera_odollam.jpg	https://zh.wikipedia.org/wiki/%E6%B5%B7%E8%8A%92%E6%9E%9C
https://upload.wikimedia.org/wikipedia/commons/thumb/6/62/Cerbera_manghas_%28Cerbera%29.jpg/250px-Cerbera_manghas_%28Cerbera%29.jpg	https://zh.wikipedia.org/wiki/%E6%B5%B7%E8%8A%92%E6%9E%9C
http://a4.att.hudong.com/25/84/01300000254155123200846346028_s.jpg	http://www.baike.com/wiki/%E6%B5%B7%E8%8A%92%E6%9E%9C
https://0.share.photo.xuite.net/stephen_cyk/1031482/5919105/235966465_l.jpg	http://blog.xuite.net/stephen_cyk/stephen/63663677
https://i3.read01.com/uploads/0CAJ4w02.jpg	https://read01.com/3BDzJ6.html
http://137.189.92.25:1314/hkcww/large_image/83.jpg	http://hkcww.org/hkplant/readid.php?id=83
http://www.cas.cn/kxcb/kpdt/200806/W020090619837345793621.jpg	http://www.cas.cn/kxcb/kpdt/200806/t20080616_1708889.shtml
http://8.blog.xuite.net/86/3e/10066293/blog_11149/txt/3393141/3393141_1.jpg	http://blog.xuite.net/dreamkid/heart/3393141-%E9%96%8B%E8%8A%B1%E4%B8%AD%E7%9A%84%E6%B5%B7%E6%AA%AC%E6%9E%9C%EF%BC%88%E6%B5%B7%E8%8A%92%E6%9E%9C%EF%BC%89
http://a0.att.hudong.com/60/84/01300000254155123200840249678_s.jpg	http://www.baike.com/wiki/%E6%B5%B7%E8%8A%92%E6%9E%9C
http://www.gdzjdaily.com.cn/zjnews/zjsociety/attachement/jpg/site2/20090612/00221900f1220b9c93340e.jpg	http://www.gdzjdaily.com.cn/zjnews/zjsociety/2009-06/12/content_1067032.htm
http://a4.att.hudong.com/23/37/01200000184418136323374489000_s.jpg	http://www.baike.com/wiki/%E6%B5%B7%E8%8A%92%E6%9E%9C
http://www.cas.cn/kxcb/kpwz/201006/W020100608348000868322.jpg	http://www.cas.cn/kxcb/kpwz/201006/t20100608_2875123.shtml
http://210.240.131.84/stu/103/09/images/%E6%B5%B7%E8%8A%92%E6%9E%9C.jpg	http://210.240.131.84/stu/103/09/new_page_3.htm
https://0.share.photo.xuite.net/stephen_cyk/103147a/5919105/235966713_l.jpg	http://blog.xuite.net/stephen_cyk/stephen/63663677
http://b.blog.xuite.net/b/f/0/2/17192603/blog_763548/txt/12375112/0.jpg	http://blog.xuite.net/travel1021/2007/12375112-%E5%8A%87%E6%AF%92%E6%B5%B7%E8%8A%92%E6%9E%9C+++%E5%8D%8A%E9%A1%86%E8%83%BD%E8%87%B4%E5%91%BD
http://a1.att.hudong.com/00/24/01300543922769147157248136716_s.jpg	http://www.baike.com/wiki/%E6%B5%B7%E8%8A%92%E6%9E%9C
http://photocdn.sohu.com/20140414/Img398184871.jpg	http://city.sohu.com/20140414/n398184868.shtml
http://s10.sinaimg.cn/middle/66019f9eha7e896b7d049&690	http://blog.sina.com.cn/s/blog_66019f9e0102dqxj.html
http://s10.sinaimg.cn/middle/66019f9eha7e895b48609&690	http://blog.sina.com.cn/s/blog_66019f9e0102dqxj.html
https://i.ytimg.com/vi/wDbZECk_xmg/hqdefault.jpg	https://www.youtube.com/watch?v=wDbZECk_xmg
http://image.yuanlin.com/News/UploadFiles/2013/7/48c71ab7-b4b1-4141-b998-e469f39105dc.jpg	http://news.yuanlin.com/detail/2013723/154024.htm
http://www.qzws.org/up/DSC06943.JPG	http://www.qzws.org/sdzs1page.asp?id=299
https://0.share.photo.xuite.net/stephen_cyk/1031444/5919105/235966403_m.jpg	http://blog.xuite.net/stephen_cyk/stephen/63663677
http://8.blog.xuite.net/86/3e/10066293/blog_11149/txt/3393141/3393141_2.jpg	http://blog.xuite.net/dreamkid/heart/3393141-%E9%96%8B%E8%8A%B1%E4%B8%AD%E7%9A%84%E6%B5%B7%E6%AA%AC%E6%9E%9C%EF%BC%88%E6%B5%B7%E8%8A%92%E6%9E%9C%EF%BC%89
http://s8.sinaimg.cn/middle/66019f9eha7e8966b8e87&690	http://blog.sina.com.cn/s/blog_66019f9e0102dqxj.html
http://4.bp.blogspot.com/-3XD0P_V_K0o/VEuF1NiX3eI/AAAAAAAALo8/SmscSmNMhLs/s1600/sm%2B2_1%2BDSC_2009.JPG	http://notsomoon.blogspot.com/2015/05/blog-post_7.html
http://het-vl.com.tw/system/files/cae.jpg	http://het-vl.com.tw/node/946
http://4.bp.blogspot.com/-dZBkH-FBAeM/VEuFuuwj-KI/AAAAAAAALo0/3Qiz1lAEiC4/s1600/sm%2B1_2%2BDSC_2006.JPG	http://notsomoon.blogspot.com/2015/05/blog-post_7.html
http://photocdn.sohu.com/20140414/Img398178673.jpg	http://chihe.sohu.com/20140414/n398178672.shtml
http://pic.pimg.tw/acchl/1383188702-4204089950_n.jpg?v=1383188703	http://acchl.pixnet.net/blog/post/39818527-%E6%B5%B7%E8%8A%92%E6%9E%9C
http://s13.sinaimg.cn/middle/66019f9eha7e89713690c&690	http://blog.sina.com.cn/s/blog_66019f9e0102dqxj.html
http://blog.sciencenet.cn/upload/blog/images/2010/5/2010527135938141.jpg	http://blog.sciencenet.cn/blog-38998-329262.html
https://0.share.photo.xuite.net/stephen_cyk/103148b/5919105/235966218_m.jpg	http://blog.xuite.net/stephen_cyk/stephen/63663677
http://image.digitalarchives.tw/ImageCache/00/0c/80/be.jpg	http://catalog.digitalarchives.tw/item/00/2e/73/0c.html
http://amuseum.cdstm.cn/AMuseum/mangrove/images/haimangguo03_10929.gif	http://amuseum.cdstm.cn/AMuseum/mangrove/hmg.html
https://2.share.photo.xuite.net/eva330eva/12d1f2c/10240023/468152085_m.jpg	http://blog.xuite.net/eva330eva/twblog/125648426-%E6%B5%B7%E6%AA%AC%E6%9E%9C%E6%9C%89%E6%AF%92%E5%96%94%21
http://www.51hm.cn/zwpic/%E6%B5%B7%E8%8A%92%E6%9E%9C1.jpg	http://www.51hm.cn/zw/default.asp?sm=%BA%A3%96x%B9%FB%CA%F4
http://zjphoto.yinsha.com/file/200610/2006101509360348/1.jpg	http://zjphoto.yinsha.com/file/200610/2006101509360348.htm
http://pic.pingguolv.com/uploads/allimg/161123/77-161123143Z0.jpg	http://www.pingguolv.com/zy/gongxiao/75899.html
http://www.green007.cn/freecg-oa/kindupload/image/20140515/20140515101204_50.jpg	http://www.green007.cn/school/baiker/detail/1/668
http://www.rensheng2.com/upload/2015/04/10/5efbf14c-dd7c-4be8-b171-9ee114f6d052.jpg	http://www.p77.org/read/117537002/
http://static.ettoday.net/images/16/d16617.jpg	http://travel.ettoday.net/article/11140.htm?t=%E5%B0%8F%E5%BF%83%EF%BC%8C%E5%8A%87%E6%AF%92%E5%B0%B1%E5%9C%A8%E4%BD%A0%E8%BA%AB%E9%82%8A%EF%BC%81%E5%B8%B8%E8%A6%8B%E7%9A%84%E6%B5%B7%E6%AA%AC%E6%9E%9C
http://www.ilovetaio.com/files/images/03122008_16.preview.JPG	http://www.ilovetaio.com/?q=node/53
https://upload.wikimedia.org/wikipedia/commons/thumb/8/8d/Cerbera_manghas_InflorescencesFlower_BotGardBln0906a.jpg/640px-Cerbera_manghas_InflorescencesFlower_BotGardBln0906a.jpg	http://www.wikiwand.com/zh-sg/%E6%B5%B7%E8%8A%92%E6%9E%9C
http://e.share.photo.xuite.net/bruce0342/1e07dfe/10988478/512975424_m.jpg	http://bruce0342.blogspot.com/2008/08/blog-post_11.html
http://4.bp.blogspot.com/-O8NXGIqbAa0/VEuF7PDcwNI/AAAAAAAALpE/ZA2mDCbcgAw/s1600/sm%2B2_2%2BDSC_2011.JPG	http://notsomoon.blogspot.com/2015/05/blog-post_7.html
http://www.fpcn.net/uploads/allimg/130716/2-130G60Z91Q14.JPG	http://www.fpcn.net/a/qiaomu/20130716/Cerbera_manghas.html
https://gss1.bdstatic.com/9vo3dSag_xI4khGkpoWK1HF6hhy/baike/s%3D220/sign=5b2a73aa6b63f624185d3e01b745eb32/caef76094b36acaf87e86e6f7cd98d1001e99c1d.jpg	https://baike.baidu.com/item/%E6%B5%B7%E8%8A%92%E6%9E%9C
http://pic.pingguolv.com/uploads/allimg/170503/147-1F503100I8.jpg	http://www.pingguolv.com/zy/gongxiao/95508.html
http://img.photo.163.com/Ha61MuCYpkpoA9SzJs9dlQ==/2847963814358465835.jpg	http://blog.sina.com.cn/s/blog_a4ff34b001013zzo.html
http://pic.pimg.tw/lnhocoka/1381239652-181210960.jpg	http://lnhocoka.pixnet.net/blog/post/29261179-%E5%BE%88%E5%83%8F%E8%8A%92%E6%9E%9C%E7%9A%84%E6%B5%B7%E6%AA%AC%E6%9E%9C
http://pic.pingguolv.com/uploads/allimg/170614/124-1F6141U043.png	http://www.pingguolv.com/sl/yingyang/101136.html
http://www.zhiwu365.com/uploads/plant/167_haimangguo/default/original/2_haimangguo.jpg	http://www.zhiwu365.com/plant/188
http://2.bp.blogspot.com/-HrRjUPve3Ro/VEuFot5aDAI/AAAAAAAALos/qVbqXSlV2W8/s1600/sm%2B1_1%2BDSC_2003.JPG	http://notsomoon.blogspot.com/2015/05/blog-post_7.html
https://i1.read01.com/uploads/0CAJ4w00.jpg	https://read01.com/3BDzJ6.html
http://5.share.photo.xuite.net/wmwm5600/1576228/11026196/515371540_m.jpg	http://wmwm5600.blogspot.com/2011/09/blog-post_26.html
https://cbu01.alicdn.com/img/ibank/2015/017/474/2203474710_750176986.220x220.jpg	http://www.1688.com/jiage/-BAA3C3A2B9FB.html
http://pic.pingguolv.com/uploads/allimg/161123/77-161123143H7.jpg	http://www.pingguolv.com/zy/gongxiao/75899.html
http://www.wed114.cn/jiehun/uploads/allimg/170707/57_170707155745_1.jpg	http://www.wed114.cn/jiehun/shuiguo/20170707189091.html
http://www.hktree.com/images/trees/PICT8275.jpg	https://hk.answers.yahoo.com/question/index?qid=20070116000051KK01833
http://hast.sinica.edu.tw/plants_images/Seamango_fr.jpg	http://mkwang.blogspot.com/2012/08/blog-post_16.html
https://gss3.bdstatic.com/-Po3dSag_xI4khGkpoWK1HF6hhy/baike/s%3D220/sign=ca01df328313632711edc531a18da056/c8ea15ce36d3d5396dde4c2d3387e950342ab079.jpg	https://baike.baidu.com/item/%E6%B5%B7%E8%8A%92%E6%9E%9C
http://img.007swz.com/cpimg/huahuizhongzizhongmiao/t1vK0NnYC3_1263673915.jpg	http://www.007swz.com/mohsingwen/products/huahuizhongzizhongmiao_3228.html
http://www.wed114.cn/jiehun/uploads/allimg/170707/57_170707155200_2.jpg	http://www.wed114.cn/jiehun/shuiguo/20170707189092.html
http://img.xunhai.com/2015/11/27/144858702955998.jpg	http://www.xunhai.com/hai_guo/2015/1127/4772.html
https://gss1.bdstatic.com/-vo3dSag_xI4khGkpoWK1HF6hhy/baike/s%3D220/sign=dcfbac166059252da7171a06049b032c/203fb80e7bec54e733d35412b9389b504fc26afa.jpg	https://baike.baidu.com/item/%E6%B5%B7%E8%8A%92%E6%9E%9C
http://www.cgris.net/photobase/cropphoshop/%E8%8D%AF%E7%94%A8%E4%BD%9C%E7%89%A9/%E6%B5%B7%E8%8A%92%E6%9E%9C/%E6%B5%B7%E8%8A%92%E6%9E%9C01130028.JPG	http://www.cgris.net/photobase/cropphoshop/%E8%8D%AF%E7%94%A8%E4%BD%9C%E7%89%A9/%E6%B5%B7%E8%8A%92%E6%9E%9C/%E6%B5%B7%E8%8A%92%E6%9E%9C01130028.htm
https://b.share.photo.xuite.net/byu229/1bf5b8d/10619873/492130988_m.jpg	http://blog.xuite.net/byu229/twblog/128870501-%E9%9D%92%E5%89%9B%E6%AB%9F%26%E6%B5%B7%E6%AA%AC%E6%9E%9C%E7%A8%AE%E5%AD%90%E7%9B%86%E6%A0%BD
https://cdn.pixabay.com/photo/2015/01/23/12/24/sea-mango-609057_960_720.jpg	https://pixabay.com/zh/%E6%B5%B7%E8%8A%92%E6%9E%9C-%E9%A9%AC%E8%BE%BE%E5%8A%A0%E6%96%AF%E5%8A%A0%E8%80%83%E9%AA%8C%E8%B1%86-odollam%E6%A0%91-%E7%B2%89%E7%BA%A2%E8%89%B2%E7%9A%84%E7%9C%BC%E7%9D%9B%E6%B5%B7%E6%9D%A7%E6%9E%9C%E5%B1%9E-609057/
http://pic0.nidbox.net/13/y1381058934_d0db99b4_13.jpg	https://oceanmangoanne.nidbox.com/diary/read/8366819
http://images.nongmiao.com/big/baike/2014/08/20/21/1408202114547593.JPG	http://www.nongmiao.com/baike/haimangguo.html
http://www.38fan.com/uploads/allimg/170707/60-1FFG415570-L.png	http://www.38fan.com/qitashiwu/20170707166659.html
http://img.redocn.com/sheying/20170314/youduzhiwuhaimangguodeguoshi_7973143.jpg	http://sucai.redocn.com/dongwuzhiwu_7973143.html
http://www.gdzjdaily.com.cn/zjnews/zjsociety/attachement/jpg/site2/20090612/00221900f1220b9c936113.jpg	http://www.gdzjdaily.com.cn/zjnews/zjsociety/2009-06/12/content_1067032.htm
https://0.share.photo.xuite.net/stephen_cyk/10314c1/5919105/235966528_l.jpg	http://blog.xuite.net/stephen_cyk/stephen/63663677
http://pic.pingguolv.com/uploads/allimg/170503/147-1F503100Q4.jpg	http://www.pingguolv.com/zy/gongxiao/95508.html
http://www.978hm.com/upfile/proimage/20097914273644345.jpg	http://www.978hm.com/chanpin/products.asp?id=41
https://2.share.photo.xuite.net/eva330eva/12d1f7c/10240023/468145253_m.jpg	http://blog.xuite.net/eva330eva/twblog/125648426-%E6%B5%B7%E6%AA%AC%E6%9E%9C%E6%9C%89%E6%AF%92%E5%96%94%21
https://i2.kknews.cc/large/18ab0003dba13c968fe3	https://kknews.cc/news/mmkxppp.html
http://www.zuocai.tv/news/d/file/content/2017/07/07/595f251f56698.jpg	http://www.zuocai.tv/news/88966.html
http://static.panoramio.com/photos/large/90274630.jpg	http://www.panoramio.com/photo/90274630
http://pic.pingguolv.com/uploads/allimg/170503/147-1F503100P0.jpg	http://www.pingguolv.com/zy/gongxiao/95508.html
http://img002.mllres.com//images/upload/%E6%B5%B7%E8%8A%92%E6%9E%9C44.jpg	http://www.meilele.com/article/shipin/30091.html
http://read.html5.qq.com/image?src=forum&q=5&r=0&imgflag=7&imageUrl=http://mmbiz.qpic.cn/mmbiz/m2lX6C7krzOhjD6e91GAtbJWjGiaPfH55Fzia7xzHpvGaVC6ADGwVjOq9b7cyiaeMOwtVGGDuOchNvI1QSk0KWsow/0	http://chuansong.me/n/851858
http://pic.pimg.tw/hjlee0301/70b9b6da216af34508d48abc67479a55.jpg	http://hjlee0301.pixnet.net/blog/post/20616086-%E6%B5%B7%E8%8A%92%E6%9E%9C%EF%BC%9A%E5%BE%88%E6%AF%92%E5%96%94
http://pic.pimg.tw/lnhocoka/1381239654-374314528.jpg	http://lnhocoka.pixnet.net/blog/post/29261179-%E5%BE%88%E5%83%8F%E8%8A%92%E6%9E%9C%E7%9A%84%E6%B5%B7%E6%AA%AC%E6%9E%9C
http://202.192.143.142:8080/res/suite/di-temp/855170/%E6%A4%8D%E7%89%A9%E5%88%86%E7%B1%BB%E5%9B%BE%E5%BA%932/%E5%8F%8C%E5%AD%90%E5%8F%B6%E6%A4%8D%E7%89%A9/%E5%90%88%E7%93%A3%E8%8A%B1%E7%B1%BB/%E5%A4%B9%E7%AB%B9%E6%A1%83%E7%A7%91/images/%E6%B5%B7%E8%8A%92%E6%9E%9C.jpg	http://202.192.143.142:8080/res/suite/di-temp/855170/%E6%A4%8D%E7%89%A9%E5%88%86%E7%B1%BB%E5%9B%BE%E5%BA%932/%E5%8F%8C%E5%AD%90%E5%8F%B6%E6%A4%8D%E7%89%A9/%E5%90%88%E7%93%A3%E8%8A%B1%E7%B1%BB/%E5%A4%B9%E7%AB%B9%E6%A1%83%E7%A7%91/pages/%E6%B5%B7%E8%8A%92%E6%9E%9C.html
http://oldblog.voc.com.cn/sp1/liuchunpan/215209435037/1202357661070_435037.jpg	http://blog.voc.com.cn/blog_showone_type_blog_id_435037_p_4.html
http://www.gdzjdaily.com.cn/zjnews/zjsociety/attachement/jpg/site2/20090612/00221900f1220b9c935510.jpg	http://www.gdzjdaily.com.cn/zjnews/zjsociety/2009-06/12/content_1067032.htm
http://www.38fan.com/uploads/allimg/170707/60_170707141618_2.png	http://www.38fan.com/qitashiwu/20170707166659.html
http://0.share.photo.xuite.net/stephen_cyk/103148b/5919105/235966986_l.jpg	http://blog.liontravel.com/stephencyk/post/12862/65901
http://www.hkma.net/images/poisionveget_pic/image005.jpg	http://www.hkma.net/poision_plant_1.htm
http://a4.att.hudong.com/12/86/01300000254155123200867077537_s.jpg	http://www.baike.com/wiki/%E6%B5%B7%E8%8A%92%E6%9E%9C
http://img.ixiumei.com/uploadfile/2017/0707/20170707013730211.jpg	http://www.ixiumei.com/a/20170707/248285.shtml
https://4.share.photo.xuite.net/tatda/1458427/15380369/822116758_m.jpg	http://blog.xuite.net/tatda/twblog/165128012-%E9%84%89%E9%96%93%E5%B8%B8%E8%A6%8B%E6%9C%89%E6%AF%92%E6%A4%8D%E7%89%A9%E7%B3%BB%E5%88%97%EF%BC%8D%E6%B5%B7%E6%AA%AC%E6%9E%9C
http://s5.sinaimg.cn/middle/66019f9eha7e896100f84&690	http://blog.sina.com.cn/s/blog_66019f9e0102dqxj.html
http://s7.sinaimg.cn/middle/6d35b6fdgb0b8e5366636&690	http://blog.sina.com.cn/s/blog_6d35b6fd0100y3v1.html
http://p.d1xz.net/2015/10/8/11060145145.jpg	http://3g.d1xz.net/astro/huayu/art104513.aspx
http://www.52yhua.com/uploads/allimg/170329/1-1F329214S1.jpg	http://m.52yhua.com/mubentp/6828.html
http://mw2.google.com/mw-panoramio/photos/medium/60193606.jpg	http://www.panoramio.com/user/5874767?photo_page=24
