
https://gss0.bdstatic.com/94o3dSag_xI4khGkpoWK1HF6hhy/baike/c0%3Dbaike92%2C5%2C5%2C92%2C30/sign=cde35c8c4610b912abccfeaca2949766/63d0f703918fa0ec08087f3a279759ee3d6ddb3d.jpg
https://gss1.bdstatic.com/9vo3dSag_xI4khGkpoWK1HF6hhy/baike/c0%3Dbaike92%2C5%2C5%2C92%2C30/sign=03e201748ad4b31ce4319ce9e6bf4c1a/adaf2edda3cc7cd9c41f2eee3801213fb80e91d2.jpg
https://gss2.bdstatic.com/9fo3dSag_xI4khGkpoWK1HF6hhy/baike/c0%3Dbaike92%2C5%2C5%2C92%2C30/sign=479a257c03087bf469e15fbb93ba3c49/8435e5dde71190ef2cc988e8cf1b9d16fdfa60d2.jpg
https://gss1.bdstatic.com/9vo3dSag_xI4khGkpoWK1HF6hhy/baike/c0%3Dbaike92%2C5%2C5%2C92%2C30/sign=4902d931aec3793169658e7b8aaddc20/3b87e950352ac65c21ca7d44faf2b21193138a3d.jpg

https://gss0.bdstatic.com/-4o3dSag_xI4khGkpoWK1HF6hhy/baike/c0%3Dbaike92%2C5%2C5%2C92%2C30/sign=07c42541f31fbe090853cb460a096756/cdbf6c81800a19d8c0319e3232fa828ba61e46d2.jpg
https://gss3.bdstatic.com/7Po3dSag_xI4khGkpoWK1HF6hhy/baike/c0%3Dbaike92%2C5%2C5%2C92%2C30/sign=8c3474b2c8ea15ce55e3e85bd7695196/7e3e6709c93d70cfb4c8b03af9dcd100baa12bd2.jpg
https://gss3.bdstatic.com/7Po3dSag_xI4khGkpoWK1HF6hhy/baike/c0%3Dbaike80%2C5%2C5%2C80%2C26/sign=8f377c44faf2b211f0238d1cabe90e5d/fd039245d688d43f189b8bc57c1ed21b0ef43bd2.jpg

https://gss2.bdstatic.com/-fo3dSag_xI4khGkpoWK1HF6hhy/baike/c0%3Dbaike92%2C5%2C5%2C92%2C30/sign=d8066431adaf2eddc0fc41bbec796a8c/b7fd5266d01609240517b82cd50735fae6cd34d2.jpg
https://gss0.bdstatic.com/94o3dSag_xI4khGkpoWK1HF6hhy/baike/c0%3Dbaike92%2C5%2C5%2C92%2C30/sign=156daa32e4dde711f3df4ba4c686a57e/d01373f082025aaf640064fcfaedab64034f1ad2.jpg
https://gss0.bdstatic.com/94o3dSag_xI4khGkpoWK1HF6hhy/baike/c0%3Dbaike92%2C5%2C5%2C92%2C30/sign=93c975b2c8ea15ce55e3e85bd7695196/7e3e6709c93d70cfab35b13af9dcd100baa12b3d.jpg

https://gss2.bdstatic.com/9fo3dSag_xI4khGkpoWK1HF6hhy/baike/c0%3Dbaike92%2C5%2C5%2C92%2C30/sign=673c06f306087bf469e15fbb93ba3c49/8435e5dde71190ef0c6fab67ca1b9d16fcfa60f5.jpg
https://gss1.bdstatic.com/-vo3dSag_xI4khGkpoWK1HF6hhy/baike/c0%3Dbaike92%2C5%2C5%2C92%2C30/sign=ffb1027c1fd5ad6ebef46cb8e0a252be/21a4462309f79052b5887e8608f3d7ca7acbd5f6.jpg
https://gss0.bdstatic.com/94o3dSag_xI4khGkpoWK1HF6hhy/baike/c0%3Dbaike92%2C5%2C5%2C92%2C30/sign=00857e8608f3d7ca18fb37249376d56c/d009b3de9c82d15854186009840a19d8bd3e42eb.jpg
https://gss2.bdstatic.com/9fo3dSag_xI4khGkpoWK1HF6hhy/baike/c0%3Dbaike92%2C5%2C5%2C92%2C30/sign=44d8875cb71c8701c2bbbab44616f54a/2fdda3cc7cd98d106b423589253fb80e7aec90f7.jpg
https://gss2.bdstatic.com/-fo3dSag_xI4khGkpoWK1HF6hhy/baike/c0%3Dbaike92%2C5%2C5%2C92%2C30/sign=67b8a1bc5d82b2b7b392319650c4a08a/d31b0ef41bd5ad6e1b385d5285cb39dbb7fd3c40.jpg
https://gss2.bdstatic.com/9fo3dSag_xI4khGkpoWK1HF6hhy/baike/c0%3Dbaike92%2C5%2C5%2C92%2C30/sign=0057d5bbcc95d143ce7bec711299e967/d62a6059252dd42a6ac43813073b5bb5c8eab8bc.jpg
https://gss3.bdstatic.com/-Po3dSag_xI4khGkpoWK1HF6hhy/baike/c0%3Dbaike92%2C5%2C5%2C92%2C30/sign=718a0e807ff40ad101e9cfb136457aba/e4dde71190ef76c6dc1ec2939916fdfaae5167bd.jpg

https://gss1.bdstatic.com/-vo3dSag_xI4khGkpoWK1HF6hhy/baike/c0%3Dbaike80%2C5%2C5%2C80%2C26/sign=3cd54db9b53533fae1bb9b7cc9ba967a/9f2f070828381f30cc29491ead014c086e06f051.jpg
https://gss1.bdstatic.com/-vo3dSag_xI4khGkpoWK1HF6hhy/baike/c0%3Dbaike92%2C5%2C5%2C92%2C30/sign=cc39319ab71bb0519b29bb7a5713b1d1/5882b2b7d0a20cf454e3c36772094b36acaf9912.jpg
https://gss1.bdstatic.com/9vo3dSag_xI4khGkpoWK1HF6hhy/baike/c0%3Dbaike80%2C5%2C5%2C80%2C26/sign=f734ab4478d98d1062d904634056d36b/34fae6cd7b899e51d65a07ac46a7d933c9950db5.jpg
https://gss0.bdstatic.com/94o3dSag_xI4khGkpoWK1HF6hhy/baike/c0%3Dbaike92%2C5%2C5%2C92%2C30/sign=2b7a8d1e4936acaf4ded9eae1db0e675/38dbb6fd5266d016e9b1500f952bd40735fa3569.jpg

https://gss1.bdstatic.com/-vo3dSag_xI4khGkpoWK1HF6hhy/baike/c0%3Dbaike92%2C5%2C5%2C92%2C30/sign=6abae2acbc99a9012f3853647cfc611e/37d12f2eb9389b503a48deea8135e5dde6116ed6.jpg
https://gss0.bdstatic.com/94o3dSag_xI4khGkpoWK1HF6hhy/baike/c0%3Dbaike92%2C5%2C5%2C92%2C30/sign=8255e2d8312ac65c73086e219a9bd974/bba1cd11728b471001c0c374c7cec3fdfd03239e.jpg
https://gss3.bdstatic.com/-Po3dSag_xI4khGkpoWK1HF6hhy/baike/c0%3Dbaike92%2C5%2C5%2C92%2C30/sign=7d8f1bb05743fbf2d121ae71d117a1e5/4610b912c8fcc3ce782ef78b9645d688d53f209f.jpg
https://gss0.bdstatic.com/94o3dSag_xI4khGkpoWK1HF6hhy/baike/c0%3Dbaike92%2C5%2C5%2C92%2C30/sign=e8a002acaf18972bb737089887a410ec/f31fbe096b63f62453d607bb8344ebf81b4ca3fa.jpg
https://gss1.bdstatic.com/9vo3dSag_xI4khGkpoWK1HF6hhy/baike/c0%3Dbaike92%2C5%2C5%2C92%2C30/sign=123aa2ff3d12b31bd361c57be7715d1f/ac345982b2b7d0a26d433a25cfef76094a369afb.jpg
https://gss3.bdstatic.com/-Po3dSag_xI4khGkpoWK1HF6hhy/baike/c0%3Dbaike92%2C5%2C5%2C92%2C30/sign=8672da40a386c9171c0e5a6ba8541baa/6f061d950a7b0208684c015966d9f2d3562cc884.jpg
https://gss2.bdstatic.com/-fo3dSag_xI4khGkpoWK1HF6hhy/baike/c0%3Dbaike92%2C5%2C5%2C92%2C30/sign=f3c54abc930a304e462fa8a8b0a1cce3/1e30e924b899a90142d2658e19950a7b0308f5a6.jpg

https://gss1.bdstatic.com/9vo3dSag_xI4khGkpoWK1HF6hhy/baike/c0%3Dbaike116%2C5%2C5%2C116%2C38/sign=5ec129d47f3e6709aa0d4dad5aaef458/ac6eddc451da81cbc09c563e5266d016082431cf.jpg
https://gss2.bdstatic.com/-fo3dSag_xI4khGkpoWK1HF6hhy/baike/c0%3Dbaike116%2C5%2C5%2C116%2C38/sign=8e88db049f3df8dcb23087c3ac7819ee/b7fd5266d0160924555f77e8d40735fae7cd34cf.jpg
https://gss0.bdstatic.com/94o3dSag_xI4khGkpoWK1HF6hhy/baike/c0%3Dbaike116%2C5%2C5%2C116%2C38/sign=2f6f702c76c6a7efad2ba0749c93c434/d009b3de9c82d15804c18c42800a19d8bd3e4286.jpg
https://gss1.bdstatic.com/-vo3dSag_xI4khGkpoWK1HF6hhy/baike/c0%3Dbaike116%2C5%2C5%2C116%2C38/sign=2afbefe742a7d933aba5ec21cc22ba76/8b82b9014a90f60356c549b43912b31bb151edc8.jpg
https://gss3.bdstatic.com/-Po3dSag_xI4khGkpoWK1HF6hhy/baike/c0%3Dbaike116%2C5%2C5%2C116%2C38/sign=0ace4df75982b2b7b392319650c4a08a/e4dde71190ef76c60c652ed89d16fdfaae51678a.jpg
