
https://upload.wikimedia.org/wikipedia/commons/thumb/b/b3/Cluster_amaryllis_close-up.jpg/250px-Cluster_amaryllis_close-up.jpg	https://zh.wikipedia.org/wiki/%E7%9F%B3%E8%92%9C
http://g.udn.com.tw/upfiles/B_TN/tnwinsto/PSN_PHOTO/766/f_9895766_1.jpg	http://blog.udn.com/tnwinsto/8864649
http://pic.baike.soso.com/p/20130723/20130723095624-1384556698.jpg	http://baike.sogou.com/h410643.htm?sp=l61034212
http://g.udn.com.tw/upfiles/B_ME/meatball2/PSN_PHOTO/557/f_18061557_1.JPG	http://blog.udn.com/meatball2/69399223
http://www.baihuamen.com/d/file/2014/05-05/d27a08dd19cb3c74557222f76fb3e966.jpg	http://www.baihuamen.com/shisuanhua/
http://i.epochtimes.com/assets/uploads/2005/08/5081916411535.jpg	http://www.epochtimes.com/gb/5/8/19/n1024635.htm
http://a0.att.hudong.com/74/12/01100000000000144735121525514_s.jpg	http://www.baike.com/wiki/%E7%9F%B3%E8%92%9C
http://pic.pimg.tw/papilio0204/1380781728-284493639_n.jpg	http://papilio0204.pixnet.net/blog/post/19761470-%E6%9B%BC%E7%8F%A0%E6%B2%99%E8%8F%AF%EF%BC%8C%E7%9B%B8%E4%BA%92%E7%9A%84%E6%80%9D%E5%BF%B5%EF%BC%8D%E9%87%91%E9%96%80%E5%A4%AA%E6%AD%A6%E5%B1%B1%E7%9A%84%E7%B4%85%E8%8A%B1%E7%9F%B3
http://www.baihuamen.com/d/file/2014/05-06/8c2749595e9438672f6848ead54c5260.jpg	http://www.baihuamen.com/shisuanhua/
http://4.bp.blogspot.com/-mkJiHHkCZzA/VYDkfKjbE4I/AAAAAAAAbbQ/MpnwmCL2iN8/s1600/DSC00129.JPG	http://aeni1203.pixnet.net/blog/category/3272239
http://www.cnhua.net/uploads/allimg/100203/1_100203165621_1.jpg	http://www.cnhua.net/zhiwu/shisuanke/
http://blog.sina.com.tw/myimages/192/5568/images/20100920224707810.jpg	http://blog.sina.com.tw/a1823145/article.php?entryid=594217
http://a0.att.hudong.com/74/12/01100000000000144735121721074_s.jpg	http://www.baike.com/wiki/%E7%9F%B3%E8%92%9C
http://www.mihuyuan.com/pics/original/20150120/1421765359578590.jpg	http://www.mihuyuan.com/blogdetail.do?blog_id=1421765379265591
http://www.hkhselderly.com/Publish/images/%E9%BE%8D%E9%AC%9A%E7%9F%B3%E8%92%9C.png	http://www.hkhselderly.com/tc/travel/scenic/261
http://map1.zw3e.com:8080/zw_news_map/550/2016043/1461634995930180611.png	http://www.zw3e.com/1283/e10698.html
https://c1.staticflickr.com/7/6090/6158655748_d8a34745c9_b.jpg	https://www.flickr.com/photos/shallwin/6158655748
http://www.gxyyzwy.com/Files/%E6%A0%87%E6%9C%AC%E9%A6%86/%E6%B4%BB%E4%BD%93%E6%A0%87%E6%9C%AC/%E4%BF%9D%E5%AD%98%E7%89%A9%E7%A7%8D/%E9%BB%84%E8%8A%B1%E7%9F%B3%E8%92%9C11.JPG	http://www.gxyyzwy.com/html/baocunwuzhong/1636904.html
http://pic1.17xie.com/i/2009-12-28/29/28bae2a367a4c76db7cdb4c0e279e8fb.jpg	http://www.17xie.com/read-518454.html
http://www.wdptj.com/wp-content/uploads/2015/07/%E7%9F%B3%E8%92%9C%E8%8A%B1%E7%A7%8D%E6%A4%8D%E6%96%B9%E6%B3%954.jpg	http://www.wdptj.com/shisuanhua/
http://mmbiz.qpic.cn/mmbiz/l1FHvX6g4zG1RaZ3toc9DsJVKpGvcRTu2icG3YwA0uSHibC8CyGcYddIFDh8kFM7631ezzO62tkJRN3RFnMB23Rg/0?wx_fmt=jpeg	https://freewechat.com/a/MzA3OTY1NjQ1MQ==/400915309/1
http://img8.zol.com.cn/bbs/upload/19697/19696170.jpg	http://bbs.zol.com.cn/dcbbs/d268_55177.html
http://sa.ylib.com/circus/images/sm117-122-1.jpg	http://sa.ylib.com/MagArticle.aspx?Unit=columns&id=1861
http://dashulin.com/wp-content/uploads/2008/03/ss3.jpg	http://dashulin.com/shisuan/
https://upload.wikimedia.org/wikipedia/commons/thumb/2/23/TYOU%26HIGANBANA.JPG/250px-TYOU%26HIGANBANA.JPG	https://zh.wikipedia.org/wiki/%E7%9F%B3%E8%92%9C
http://www.cnhua.net/uploads/allimg/100203/1_100203164821_1.jpg	http://www.cnhua.net/zhiwu/shisuanke/
http://pic.pimg.tw/taconet/427207b5d433b6c9351dd39518cf2936.jpg	http://taconet.pixnet.net/blog/post/32401408-%E7%B4%85%E8%8A%B1%E7%9F%B3%E8%92%9C
http://www.huayugu.com.cn/uploads/allimg/160606/1-1606061T4300-L.jpg	http://www.huayugu.com.cn/lanshisuan/
http://blog.sina.com.tw/myimages/192/5568/images/20100920225001798.jpg	http://blog.sina.com.tw/a1823145/article.php?entryid=594217
http://a3.att.hudong.com/77/31/01200000029691136324315183052_s.jpg	http://www.baike.com/wiki/%E7%A8%BB%E8%8D%89%E7%9F%B3%E8%92%9C
http://g.udn.com.tw/upfiles/B_ME/meatball2/PSN_PHOTO/555/f_18061555_1.jpg	http://blog.udn.com/meatball2/69399223
http://pic.pingguolv.com/uploads/allimg/161228/109-16122Q45129.jpg	http://www.pingguolv.com/zy/gongxiao/81363.html
http://www.zhiwu365.com/uploads/plant/281_shisuan/default/original/2_shisuan.jpg	http://www.zhiwu365.com/plant/323
http://www.zhiwu365.com/uploads/plant/281_shisuan/default/original/3_shisuan.jpg	http://www.zhiwu365.com/plant/323
http://img.zwbk.org/baike/spic/2010/12/06/2010120612333989_5742.jpg	http://www.zwbk.org/MyLemmaShow.aspx?zh=zh-tw&lid=93064
http://www.twword.com/uploads/wiki/95/32/3801_0.jpg	http://www.twword.com/wiki/%E7%9F%B3%E8%92%9C%E7%A7%91
http://3.im.guokr.com/-v2wZWpTbzFPZU3fkcsiq6qYWNq03P1OgVJ0ZNBKhY9ADgAAsAoAAEpQ.jpg?imageView2/1/w/580/h/435	http://www.guokr.com/post/642525/
http://c3-q.mafengwo.net/s6/M00/E4/F5/wKgB4lIxOYmAavXvAAh1CSj0hd088.jpeg?imageView2%2F2%2Fw%2F680%2Fq%2F90	http://www.mafengwo.cn/g/i/2853153.html
http://blog.sina.com.tw/myimages/28/28956/images/1192873572_1.jpg	http://m.blog.sina.com.tw/28956/article.php?pbgid=28956&entryid=574187
http://www.ew9z.com/wp-content/uploads/2010/02/Lycoris_radiata_Herb_5.jpg	http://www.ew9z.com/shisuan-ziliao-tupian.html
http://www.matsu-news.gov.tw/upload/images_big/50164.jpg	http://www.matsu.idv.tw/topicdetail.php?f=139&t=21139
http://a3.att.hudong.com/22/00/01300000764046126474008181044_s.jpg	http://www.baike.com/wiki/%E7%9F%B3%E8%92%9C%E5%B1%9E
http://pic.showhua.com/pinzhong/201432152432.jpg	http://www.showhua.com/pinzhong/shisuan/
http://pic0.nidbox.net/6/y1379123884_dc6a6d9b_6.jpg	https://wiwa5656.nidbox.com/diary/read/8122809
https://upload.wikimedia.org/wikipedia/commons/thumb/6/68/Wildflower_001.jpg/250px-Wildflower_001.jpg	https://zh.wikipedia.org/wiki/%E7%9F%B3%E8%92%9C
https://www.newsmarket.com.tw/files/2016/09/%E7%B4%85%E8%8A%B1%E7%9F%B3%E8%92%9C%E6%98%AF%E9%A6%AC%E7%A5%96%E5%8E%9F%E7%94%9F%E7%A8%AE%EF%BC%8C%E5%9B%9B%E9%84%89%E4%BA%94%E5%B3%B6%E9%83%BD%E8%83%BD%E7%9C%8B%E5%88%B0%E5%85%B6%E8%BA%AB%E5%BD%B1.jpg	https://www.newsmarket.com.tw/blog/88153/
http://www.huajiang.cc/uploads/160226/15-160226114K4c7.jpg	http://m.huajiang.cc/tag/1942.html
http://a2.att.hudong.com/57/45/20300542856671143271454431377_s.jpg	http://www.baike.com/wiki/%E7%9F%AD%E8%95%8A%E7%9F%B3%E8%92%9C
http://blog.sina.com.tw/myimages/192/5568/images/20100920224708552.jpg	http://blog.sina.com.tw/a1823145/article.php?entryid=594217
https://en.pimg.jp/001/663/126/1/1663126.jpg	https://tw.pixtastock.com/illustration/1663126
http://2.bp.blogspot.com/-tQvfOn2maSk/VYDkZPb0VgI/AAAAAAAAbaY/AU_YirJHi_E/s1600/DSC00120.JPG	http://blog.xuite.net/aeni1203/blog/155786062
http://pic0.nidbox.net/39/1413033880_e881adb0_39.jpg	https://lisa5592.nidbox.com/diary/read/8816619
https://en.pimg.jp/024/433/972/1/24433972.jpg	https://tw.pixtastock.com/illustration/24433972
http://pic.baike.soso.com/ugc/baikepic/30421/cut-20140326093441-1788003972.jpg/0	http://baike.soso.com/ShowTitle.e?sp=S%E7%9F%B3%E8%92%9C
https://cbu01.alicdn.com/img/ibank/2015/900/586/2395685009_889135173.220x220.jpg	http://www.1688.com/jiage/-CAAFCBE2BBA8D6D6D6B2.html
http://www.matsu-news.gov.tw/upload/images_big/94512.JPG	http://blog.xuite.net/andwer1972/twblog/127818172-%E7%B4%85%E8%8A%B1%E7%9F%B3%E8%92%9C%E9%96%8B%E6%BB%BF%E5%A4%A7%E8%A1%97%E5%B0%8F%E5%B7%B7%E3%80%80%E8%89%B7%E9%BA%97%E5%AC%8C%E5%A7%BF%E6%A0%BC%E5%A4%96%E9%86%92%E7%9B%AE
https://t18.pimg.jp/022/310/988/1/22310988.jpg	https://tw.pixtastock.com/tags/%E7%9F%B3%E8%92%9C%E7%A7%91
http://www.pwsannong.com/booklib/zeimage.zhtml?ID=30762&SiteID=123&Type=norm	http://www.pwsannong.com/c/2016-04-13/553088.shtml
https://upload.wikimedia.org/wikipedia/commons/thumb/7/70/Amaryllis_belladonna_sfbg_2.jpg/584px-Amaryllis_belladonna_sfbg_2.jpg	https://zh.wikipedia.org/wiki/%E7%9F%B3%E8%92%9C%E7%A7%91
https://en.pimg.jp/012/026/939/1/12026939.jpg	https://tw.pixtastock.com/illustration/12026939
http://a3.att.hudong.com/07/96/01300000764046126473969232210_s.jpg	http://www.baike.com/wiki/%E7%9F%B3%E8%92%9C%E5%B1%9E
http://www.ivsky.com/img/tupian/pic/201509/13/shisuanhua-005.jpg	http://www.ivsky.com/tupian/shisuanhua_v30679/
http://1.im.guokr.com/wbd-prgyFOVaFimCwMz8Re22h8pflmOz7gDRunDt1MtYAgAAkAEAAEpQ.jpg?imageView2/1/w/590/h/393	http://www.guokr.com/post/642525/
http://g.udn.com.tw/upfiles/B_IN/Innchris/PSN_PHOTO/201/f_8606201_1.jpg	http://blog.udn.com/article/article_print.jsp?uid=Innchris&f_ART_ID=6753459
http://dashulin.com/wp-content/uploads/2008/03/ss5.jpg	http://dashulin.com/shisuan/
http://dashulin.com/wp-content/uploads/2008/03/ss2.jpg	http://dashulin.com/shisuan/
https://en.pimg.jp/002/967/927/1/2967927.jpg	https://tw.pixtastock.com/illustration/2967927
http://s4.sinaimg.cn/middle/66019f9en771d1ac2c223&690	http://blog.sina.com.cn/s/blog_515359c40102ebg8.html
http://a2.att.hudong.com/65/05/16200000195096131718056770355_s.jpg	http://www.baike.com/wiki/%E4%B8%AD%E5%9B%BD%E7%9F%B3%E8%92%9C
https://gss1.bdstatic.com/-vo3dSag_xI4khGkpoWK1HF6hhy/baike/s%3D220/sign=0d3b2edcbaa1cd1101b675228910c8b0/a50f4bfbfbedab64f6a8872cf736afc378311e00.jpg	https://baike.baidu.com/item/%E7%BA%A2%E8%8A%B1%E7%9F%B3%E8%92%9C
https://gss0.baidu.com/9fo3dSag_xI4khGko9WTAnF6hhy/zhidao/pic/item/8cb1cb1349540923f74727059458d109b3de499a.jpg	http://zhidao.baidu.com/question/1303871734600243459.html
http://a2.att.hudong.com/45/99/01300000167299126458993241357_s.jpg	http://www.baike.com/wiki/%E7%9F%AD%E8%95%8A%E7%9F%B3%E8%92%9C
http://www.haojing888.com/uploadfiles/pictures/product/20161109164800_8880.jpg	http://www.haojing888.com/Products/ss_02.html
https://cdn.pixabay.com/photo/2016/03/10/16/43/amaryllis-1248720_960_720.jpg	https://pixabay.com/zh/%E9%98%BF%E7%8E%9B%E4%B8%BD%E5%88%A9%E6%96%AF-%E7%9F%B3%E8%92%9C%E7%A7%91-%E8%9C%98%E8%9B%9B%E7%99%BE%E5%90%88-%E7%BA%A2%E8%89%B2%E8%8A%B1%E6%9C%B5-higanbana-1248720/
http://www.huayugu.com.cn/uploads/allimg/160606/1-1606061Z2380-L.jpg	http://www.huayugu.com.cn/lanshisuan/
https://en.pimg.jp/019/440/642/1/19440642.jpg	https://tw.pixtastock.com/photo/19440642
http://image21.360doc.com/DownloadImg/2010/12/2409/7917477_4.jpg	http://www.360doc.com/content/10/1224/09/109289_80872239.shtml
http://image21.360doc.com/DownloadImg/2010/12/2409/7917477_2.jpg	http://www.360doc.com/content/10/1224/09/109289_80872239.shtml
http://a4.att.hudong.com/07/60/01300000802987126468604257602_s.jpg	http://www.baike.com/wiki/%E7%9F%B3%E8%92%9C%E5%B1%9E
https://gss1.bdstatic.com/-vo3dSag_xI4khGkpoWK1HF6hhy/baike/s%3D220/sign=2b6011480a7b020808c938e352d8f25f/d8f9d72a6059252d914c24e9349b033b5ab5b987.jpg	https://baike.baidu.com/item/%E7%99%BD%E8%8A%B1%E7%9F%B3%E8%92%9C/311303
https://www.itsfun.com.tw/cacheimg/6f/54/446baaa65cea080a7d7a243ab9ab.jpg	https://www.itsfun.com.tw/%E5%BD%BC%E5%B2%B8%E8%8A%B1/wiki-3689511-5616901
http://a4.att.hudong.com/60/12/20200000013920144735120079672_s.jpg	http://www.baike.com/wiki/%E7%9F%B3%E8%92%9C
http://www.21cbi.com/upload/201609/23/147459968122.jpg	http://www.21cbi.com/s/1/85489.html
http://6.blog.xuite.net/6/1/7/6/16970365/blog_1120766/txt/84843794/0.jpg	http://blog.xuite.net/a147b480c285/0325/84843794-%E7%B4%85%E8%8A%B1%E7%9F%B3%E8%92%9C
https://cbu01.alicdn.com/img/ibank/2015/615/834/2493438516_1662313521.310x310.jpg	https://www.1688.com/pic/-BAECBBA8CAAFCBE2.html
http://pic.pimg.tw/waterdragonfly/1386850789-3370347996.jpg	http://waterdragonfly.pixnet.net/blog/post/326736641-%5B-%E8%87%AA%E7%84%B6%E7%AD%86%E8%A8%98-%5D%E6%9B%BC%E7%8F%A0%E6%B2%99%E8%8F%AF-%E7%B4%85%E8%8A%B1%E7%9F%B3%E8%92%9C
https://gss3.bdstatic.com/7Po3dSag_xI4khGkpoWK1HF6hhy/baike/s%3D220/sign=05c6167bcc95d143de76e32143f18296/9f2f070828381f30ae4577d1ad014c086e06f06e.jpg	https://baike.baidu.com/item/%E7%9F%B3%E8%92%9C
http://p.ayxbk.com/images/f/f3/Bkmtn.jpg	http://www.a-hospital.com/w/%E7%9F%B3%E8%92%9C
https://en.pimg.jp/017/702/035/1/17702035.jpg	https://tw.pixtastock.com/illustration/17702035
http://pic110.nipic.com/file/20160921/1474617_091130994001_2.jpg	http://www.nipic.com/show/15738308.html
http://dashulin.com/wp-content/uploads/2008/03/ss1.jpg	http://dashulin.com/shisuan/
http://www.21cbi.com/upload/201609/24/147471852258.jpg	http://m.21cbi.com/s/1/118246.html
http://www.huayugu.com.cn/uploads/allimg/160606/1-1606061T6100-L.jpg	http://www.huayugu.com.cn/lanshisuan/
http://z.xiziwang.net/uploads/allimg/170102/39_170102193750_1.jpg	http://z.xiziwang.net/hua/32375/
http://img.kanzhongguo.com/dat/media/25/2011/05/01/20110501082223888.jpg	https://www.secretchina.com/news/gb/2011/05/01/402220.html
https://cdn.pixabay.com/photo/2016/03/07/18/13/amaryllis-1242713_960_720.jpg	https://pixabay.com/zh/%E9%98%BF%E7%8E%9B%E4%B8%BD%E5%88%A9%E6%96%AF-%E7%9F%B3%E8%92%9C%E7%A7%91-%E8%9C%98%E8%9B%9B%E7%99%BE%E5%90%88-%E7%BA%A2%E8%89%B2%E8%8A%B1%E6%9C%B5-higanbana-1242713/
https://en.pimg.jp/012/026/940/1/12026940.jpg	https://tw.pixtastock.com/illustration/12026940
http://img.zhzyw.org/2009103015521127309.jpg	http://www.zhzyw.org/zycs/zytp/zy/0910301576DACFC18BC0I7DD1.html
http://b.blog.xuite.net/b/8/6/7/12205185/blog_135607/txt/21161195/2.jpg	http://blog.xuite.net/sweetybabe0120/maoneow/21161195-%E5%AE%88%E6%B8%AF%E5%8F%A3%E7%9A%84%E8%A7%80%E6%B8%AC%E5%AE%98-%E7%9F%B3%E8%92%9C%E8%8A%B1%E9%96%8B
https://en.pimg.jp/001/235/612/1/1235612.jpg	https://tw.pixtastock.com/illustration/1235612
