
http://7.blog.xuite.net/7/4/e/4/11253733/blog_227360/txt/22064281/0.jpg	http://blog.xuite.net/e2202778/boaboa/22064281-%E7%82%AE%E4%BB%97%E8%8A%B1
http://album.udn.com/community/img/PSN_PHOTO/changerose/f_4461405_1.jpg	http://blog.udn.com/changerose/3770194
https://upload.wikimedia.org/wikipedia/commons/thumb/0/04/Pyrostegia_venusta1.JPG/250px-Pyrostegia_venusta1.JPG	https://zh.wikipedia.org/wiki/%E7%82%AE%E4%BB%97%E8%8A%B1
https://blackwalnut.npust.edu.tw/wp-content/uploads/xdcm/bd/NPUST-BD-BI00062-007-i.jpg	https://blackwalnut.npust.edu.tw/archives/introduce/129976
http://9.blog.xuite.net/9/b/0/2/12143622/blog_664768/txt/57857156/42.jpg	http://blog.xuite.net/akao_chen/mntnsea/57857156-%E9%8A%85%E9%91%BC%E6%94%BE%E8%9C%82%E7%82%AE_%E7%82%AE%E4%BB%97%E8%8A%B1%E7%9B%9B%E9%96%8B%EF%BC%88%E9%8A%85%E9%91%BC%EF%BC%89
https://4.share.photo.xuite.net/tomkt0936/140644c/10205543/464758757_m.jpg	http://blog.xuite.net/tomkt0936/twblog1/130778232-%E9%BB%83%E9%87%91%E8%8A%B1%E9%9B%A8~%E7%82%AE%E4%BB%97%E8%8A%B1
http://mmmfile.emmm.tw/L3/89676/image/17.JPG	http://car0126.pixnet.net/blog/post/42862715-%E8%8B%97%E6%A0%97%E8%B3%9E%E8%8A%B1%E9%8A%85%E9%91%BC%E7%82%AE%E4%BB%97%E8%8A%B1%E6%AD%A5%E9%81%93%28%E9%8A%85%E9%91%BC%E7%92%B0%E4%BF%9D%E5%85%AC%E5%9C%92%29%E3%80%8B%E7%82%AE
http://album.udn.com/community/img/PSN_PHOTO/mayfun/f_2822105_1.JPG	http://blog.udn.com/mayfun/2644029
http://pic.pimg.tw/passat911/1423831148-1078795220.jpg	http://passat911.pixnet.net/blog/post/30702184-%E8%8B%97%E6%A0%97%E2%97%8F%E9%8A%85%E9%91%BC%E2%97%8F%E9%8A%85%E9%91%BC%E5%B7%A5%E6%A5%AD%E5%8D%80%E7%9A%84%E7%82%AE%E4%BB%97%E8%8A%B120150212
http://pic.pimg.tw/bkkfan/1361628048-2187794649.jpg	http://bkkfan.pixnet.net/blog/post/28459676-%5B%E8%8B%97%E6%A0%97%E9%8A%85%E9%91%BC%5D-%E8%8B%97%E6%A0%97%E5%B0%8F%E6%97%85%E8%A1%8C--%E5%AE%A2%E5%AE%B6%E5%A4%A7%E9%99%A2%26%E7%82%AE%E4%BB%97%E8%8A%B1%E6%AD%A5%E9%81%93
http://img.ipet.tw/uploads/0/64/064D307555.jpeg	http://www.ipet.tw/content/30368.html
http://pic.pimg.tw/bkkfan/1361628011-159849713.jpg	http://bkkfan.pixnet.net/blog/post/28459676-%5B%E8%8B%97%E6%A0%97%E9%8A%85%E9%91%BC%5D-%E8%8B%97%E6%A0%97%E5%B0%8F%E6%97%85%E8%A1%8C--%E5%AE%A2%E5%AE%B6%E5%A4%A7%E9%99%A2%26%E7%82%AE%E4%BB%97%E8%8A%B1%E6%AD%A5%E9%81%93
http://a2.att.hudong.com/35/57/01300000164586121764573204533_s.jpg	http://www.baike.com/wiki/%E7%82%AE%E4%BB%97%E8%8A%B1
http://www.baihuamen.com/d/file/2014/04-07/5a75a822da8e44e1460204c6e60cb59d.jpg	http://www.baihuamen.com/paozhanghua/
http://a3.att.hudong.com/11/92/300000764046131397920592137.jpg	http://www.baike.com/wiki/%E7%82%AE%E4%BB%97%E8%8A%B1
https://i.ytimg.com/vi/WEQAJocCsYU/hqdefault.jpg	https://www.youtube.com/watch?v=WEQAJocCsYU
https://www.huabaike.com/uploads/allimg/artimg/201611/20161122102424_62270.jpg	https://www.huabaike.com/hyjk/5789.html
http://a0.att.hudong.com/63/51/01300000164586121764517864216_s.jpg	http://www.baike.com/wiki/%E7%82%AE%E4%BB%97%E8%8A%B1
http://7.blog.xuite.net/7/4/e/4/11253733/blog_227360/txt/22064281/2.jpg	http://blog.xuite.net/e2202778/boaboa/22064281-%E7%82%AE%E4%BB%97%E8%8A%B1
https://gss2.bdstatic.com/-fo3dSag_xI4khGkpoWK1HF6hhy/baike/c0%3Dbaike60%2C5%2C5%2C60%2C20/sign=ffb65eff80025aafc73f76999a84c001/d439b6003af33a87c7f51825c45c10385343b570.jpg	https://baike.baidu.com/item/%E7%82%AE%E4%BB%97%E8%8A%B1
http://i452.photobucket.com/albums/qq241/Mizuru99/2009Q1/20090221/DSC07877r.jpg	http://mizuru99.blog125.fc2.com/blog-entry-413.html
http://163.17.203.129/bakup/green/%E7%82%AE%E4%BB%97%E8%8A%B1/%E7%82%AE%E4%BB%97%E8%8A%B124.JPG	http://163.17.203.129/bakup/green/%E7%82%AE%E4%BB%97%E8%8A%B1/%E7%82%AE%E4%BB%97%E8%8A%B1.htm
http://album.udn.com/community/img/PSN_PHOTO/changerose/f_4461399_1.jpg	http://blog.udn.com/changerose/3770194
https://i1.read01.com/uploads/0CjUTc00.jpg	https://read01.com/8kG7AR.html
http://1.bp.blogspot.com/-7ugHuoWCpHA/VOyAnj3wCMI/AAAAAAAAJgQ/ll-44uBcmdw/s1600/%E7%82%AE%E4%BB%97%E8%8A%B1%2B03.jpg	http://kingcatkong.blogspot.com/2015/02/blog-post_41.html
https://i3.read01.com/uploads/0CjUTc05.jpg	https://read01.com/8kG7AR.html
http://img1.topshop.com.tw/twr/pic/%7BFFA1A382-3B58-6A4E-AA29-94BC2902E951%7D_1.jpg	http://www.twr.com.tw/product_one.asp?guid=FFA1A382-3B58-6A4E-AA29-94BC2902E951
http://9.blog.xuite.net/9/b/0/2/12143622/blog_664768/txt/57857156/31.jpg	http://blog.xuite.net/akao_chen/mntnsea/57857156-%E9%8A%85%E9%91%BC%E6%94%BE%E8%9C%82%E7%82%AE_%E7%82%AE%E4%BB%97%E8%8A%B1%E7%9B%9B%E9%96%8B%EF%BC%88%E9%8A%85%E9%91%BC%EF%BC%89
http://pic.pimg.tw/zinkou/49940d04775f7.jpg	http://oursogo.com/thread-2075628-1-1.html
http://map1.zw3e.com:8080/zw_news_map/550/2014101/1412164156946302334.jpg	http://www.zw3e.com/see/f546i15.html
http://a1.att.hudong.com/31/40/01200000027654136323408116914_s.jpg	http://www.baike.com/wiki/%E7%82%AE%E4%BB%97%E8%8A%B1
https://blackwalnut.npust.edu.tw/wp-content/uploads/gallery/2/2-6626.jpg	https://blackwalnut.npust.edu.tw/archives/555
http://163.17.203.129/bakup/green/%E7%82%AE%E4%BB%97%E8%8A%B1/%E7%82%AE%E4%BB%97%E8%8A%B121.JPG	http://163.17.203.129/bakup/green/%E7%82%AE%E4%BB%97%E8%8A%B1/%E7%82%AE%E4%BB%97%E8%8A%B1.htm
http://3.bp.blogspot.com/-MisgkrsyGxI/UuPQr3bVPBI/AAAAAAAAMcI/Upcy_DLmqLQ/s1600/%25E7%2582%25AE%25E4%25BB%2597%25E8%258A%25B1+%25281%2529.jpg	http://chiaming0501.pixnet.net/blog/post/348336098-%E3%80%90%E6%96%B0%E5%B9%B4%E5%BF%AB%E6%A8%82%E3%80%91%E5%96%9C%E6%B0%A3%E7%9A%84%E7%82%AE%E4%BB%97%E8%8A%B1
http://4.bp.blogspot.com/-NzAi-2exdZk/VOyAnvg06KI/AAAAAAAAJgY/1DKcIn8zJPY/s1600/%E7%82%AE%E4%BB%97%E8%8A%B1%2B01.jpg	http://kingcatkong.blogspot.com/2015/02/blog-post_41.html
http://www.hktree.com/images/trees/IMG_5209.jpg	http://www.hktree.com/tree/Pyrostegia%20venusta.htm
http://album.udn.com/community/img/PSN_PHOTO/mayfun/f_2822010_1.jpg	http://blog.udn.com/mayfun/2644029
http://163.17.203.129/bakup/green/%E7%82%AE%E4%BB%97%E8%8A%B1/%E7%82%AE%E4%BB%97%E8%8A%B122.JPG	http://163.17.203.129/bakup/green/%E7%82%AE%E4%BB%97%E8%8A%B1/%E7%82%AE%E4%BB%97%E8%8A%B1.htm
http://pic.to8to.com/attch/day_140804/20140804_db4d487f4e21f4d44a67brzDl8788Wt3.jpeg	http://www.to8to.com/yezhu/z20224.html
https://9.share.photo.xuite.net/lansan8888/19e6cc1/10391879/479062138_m.jpg	http://blog.xuite.net/lansan8888/lansan/127078834-%E6%BB%BF%E7%89%86%E9%87%91%E9%BB%83%E7%9A%84%E7%82%AE%E4%BB%97%E8%8A%B1
https://blackwalnut.npust.edu.tw/wp-content/uploads/xdcm/bd/NPUST-BD-BI00062-001-i.jpg	https://blackwalnut.npust.edu.tw/archives/introduce/129976
http://a.blog.xuite.net/a/e/4/6/14022222/blog_148560/txt/42666484/1.jpg	http://blog.xuite.net/johnck1028/9414/42666484-%E7%82%AE%E4%BB%97%E8%8A%B1%E4%B8%8A%E6%A8%B9
https://4.share.photo.xuite.net/tomkt0936/140642c/10205543/464760005_m.jpg	http://blog.xuite.net/tomkt0936/twblog1/130778232-%E9%BB%83%E9%87%91%E8%8A%B1%E9%9B%A8~%E7%82%AE%E4%BB%97%E8%8A%B1
http://link.photo.pchome.com.tw/s08/slinwang/115/127142936482/	http://mypaper.pchome.com.tw/slinwang/post/1320858504
http://p.d1xz.net/2014/5/30/114767266726.jpg	http://www.d1xz.net/astro/huayu/art51053.aspx
http://blog.udn.com/community/img/PSN_PHOTO/v7v8v9abc/f_5931417_1.JPG	http://blog.udn.com/v7v8v9abc/4863625
http://4.bp.blogspot.com/-AUOGUpcHoGg/TXFLPJ1Ij8I/AAAAAAAAReI/RTlOSPgu9WU/s1600/DSCI0447.JPG	http://136136s.blogspot.com/2011/03/blog-post_5019.html
http://grc.hhups.tp.edu.tw/ecofinder/wp-content/uploads/2014/02/IMG_6134.jpg	http://grc.hhups.tp.edu.tw/ecofinder/?p=154
https://6.share.photo.xuite.net/crystal.chia/16e62d3/19181728/1116248627_o.jpg	http://blog.xuite.net/crystal.chia/chia/384086379-%E7%82%AE%E4%BB%97%E8%8A%B1%E3%80%82%E8%BF%8E%E6%98%A5%E7%9A%84%E7%88%86%E7%AB%B9%E3%80%90%E8%8A%B1%E8%93%AE%E3%80%91
http://pic.pimg.tw/hinlin/1202867682.jpg	http://hinlin.pixnet.net/blog/post/14241655-%E8%AA%8D%E8%AD%98%E6%A4%8D%E7%89%A918%3A%E7%82%AE%E4%BB%97%E8%8A%B1%2897.2.13%29
https://farm1.staticflickr.com/310/32377914741_35ff8c4881_b.jpg	http://fuyan0131.pixnet.net/blog/post/456980534-%E3%80%90%E8%8B%97%E6%A0%97%E9%8A%85%E9%91%BC%E3%80%912017%E7%82%AE%E4%BB%97%E8%8A%B1%E6%AD%A5%E9%81%93%E2%95%B1%E7%92%B0%E4%BF%9D%E5%85%AC%E5%9C%92%EF%BC%88%E8%BE%B2
http://www.baihuamen.com/d/file/2014/04-07/7a6c5cb7be35ead677f39e0662c35f9a.jpg	http://www.baihuamen.com/paozhanghua/
https://www.huabaike.com/uploads/allimg/artimg/201611/20161120145359_94457.jpg	https://www.huabaike.com/jtyh/5780.html
http://140.128.214.102/gallery2/main.php?g2_view=core.DownloadItem&g2_itemId=3805&g2_serialNumber=3	http://140.128.214.102/gallery2/main.php?g2_itemId=3805
http://e.blog.xuite.net/e/4/9/a/10211170/blog_2806632/txt/55169492/0.jpg	http://blog.xuite.net/jaspersma/myblog/55169492-%E7%82%AE%E4%BB%97%E8%8A%B1
http://1.bp.blogspot.com/-FKQF9g2uTr8/U5h77LWqAZI/AAAAAAAAFxc/P8YjcxwTMU0/s1600/DSC08265.JPG	http://blog.xuite.net/aeni1203/blog/154686798-%E7%82%AE%E4%BB%97%E8%8A%B1+++
https://b.share.photo.xuite.net/foch2250/1b5ae7a/12064196/583867062_m.jpg	http://blog.xuite.net/foch2250/twblog/136363398-%E7%82%AE%E4%BB%97%E8%8A%B1
https://f.share.photo.xuite.net/z123456772/1f52c73/9606229/420552734_m.jpg	http://blog.xuite.net/z123456772/twblog1/137772646-%E9%87%91%E8%89%B2%E7%9A%84%E9%9B%A8%E7%B5%B2~+%E7%82%AE%E4%BB%97%E8%8A%B1
https://blackwalnut.npust.edu.tw/wp-content/uploads/gallery/2/2-6720.jpg	https://blackwalnut.npust.edu.tw/archives/558
https://2.share.photo.xuite.net/b030805/120e56f/14299606/753644953_m.jpg	http://blog.xuite.net/b030805/twblog/153830706-%E7%82%AE%E4%BB%97%E8%8A%B1vs%E7%82%AE%E7%AB%B9%E7%B4%85
http://1.bp.blogspot.com/-YaYo0fdNEEg/T0xn4WUErfI/AAAAAAAAAYI/XwTVM0O_25o/s1600/IMG_6535.JPG	http://23368897dolphin.blogspot.com/2012/02/blog-post_28.html
http://kplant.biodiv.tw/%E7%82%AE%E4%BB%97%E8%8A%B1/%E7%82%AE%E4%BB%97%E8%8A%B108.JPG	http://kplant.biodiv.tw/%E7%82%AE%E4%BB%97%E8%8A%B1/%E7%82%AE%E4%BB%97%E8%8A%B1.htm
http://grc.hhups.tp.edu.tw/ecofinder/wp-content/uploads/2014/02/IMG_6135.jpg	http://grc.hhups.tp.edu.tw/ecofinder/?p=154
http://farm4.staticflickr.com/3800/9720082886_6f785d1b44_o.jpg	http://nicole1173.pixnet.net/blog/post/52399014-%5B%E8%B3%9E%E8%8A%B1%5D%E7%82%AE%E4%BB%97%E8%8A%B1%26%E9%B5%9D%E6%8E%8C%E8%97%A4
http://www.wdptj.com/wp-content/uploads/2015/06/%E7%82%AE%E4%BB%97%E8%8A%B1%E7%A7%8D%E5%AD%90%E7%A7%8D%E6%A4%8D%E6%96%B9%E6%B3%95.jpg	http://www.wdptj.com/11049.html
http://www.iyanghua.com/f/paozhanghua/200921892505_2.jpg	http://www.iyanghua.com/f/paozhanghua/
http://1.bp.blogspot.com/-tTNaKfwnvRI/Un5EIRJVi3I/AAAAAAAADhk/6Q7batDzLmU/s1600/a.jpg	http://yc19220516.blogspot.com/2012/12/blog-post_1192.html
http://163.17.203.129/bakup/green/%E7%82%AE%E4%BB%97%E8%8A%B1/%E7%82%AE%E4%BB%97%E8%8A%B127.JPG	http://163.17.203.129/bakup/green/%E7%82%AE%E4%BB%97%E8%8A%B1/%E7%82%AE%E4%BB%97%E8%8A%B1.htm
http://link.photo.pchome.com.tw/imgdata/czo0NDoidUduM3dFSzV4WlZOdnhQOTZ5bWJDbExCTDFVS0dzelZESHBOVlJrTTNqaz0iOw==.jpg	http://mypaper.pchome.com.tw/slinwang/post/1370477375
https://lh3.googleusercontent.com/IhdjtUYIXxpK0tbQY77CjEgqyE-o1cDRF5GhrHyTdvmdxLnGnHXiy4ddJwznurBkMVs5VAfAK0BpqtLMAuLxqcr926VklYqihB4Y7-C1s4kBqHmxtlDu8P58NuDwboQoUdtPcNEuPunThS253AZN30T69Bwk8hP7NNbvMGBIfVrWZu9ZxMEoDPCFmJOpxqsetRGipO4KgMGBgN3mMw4lDcuIYJm-nWYlmCniVvjyaiXTQPtHfwjig7UYoyNEKGlG3UwTzqVr5d1NzkLvJueBrX3rQFXdRWeANOyLg6BivZ4aK2VGLxSsIjkSG2xBR2Poxz6V34g33gc1X9_hBtxneGald6j6wIVNU_yBbUqlxY34c0dQ55PUa04IZuDY1Y50IboBPz96aHRbAX_JbT5ZjdCYxi05XVpRLGPczqStSWnKY_06UN5fbJ4EaH-0A5oVctRXDAqbMerMBGq0s1F2FjT6iNbRmcJw0CyVfPtUr26r8GF9qDixZElH-8RhKLHH_Hyq56pjvcUPzLBhNW3emE9F2tnSTSD5f72Z1H2l-04_hxh06SUO6k9hHrc-y0hb9rqkECFKfdOwPRVLP6mBTn5PiGoQYTIdP7i6SxJzNfEtm4ak=w1330-h890-no	https://sites.google.com/a/mail.yses.tyc.edu.tw/plant/4gua-peng-jiao-shi/pao-zhang-hua
http://news.china-flower.com/Upload2005/2012-1-12/2012112131351672.jpg	http://news.china-flower.com/paper/papernewsinfo.asp?n_id=223037
http://2.bp.blogspot.com/-dEV5ozNSyxE/VOyAp3nD97I/AAAAAAAAJgw/kEvwq15mUK4/s1600/%E7%82%AE%E4%BB%97%E8%8A%B1%2B10.jpg	http://kingcatkong.blogspot.com/2015/02/blog-post_41.html
http://1.bp.blogspot.com/-8p8xFSdXb8E/U5h7_z5k9wI/AAAAAAAAFx8/kbMp4zRX0AA/s1600/DSC08266.JPG	http://blog.xuite.net/aeni1203/blog/154686798-%E7%82%AE%E4%BB%97%E8%8A%B1+++
http://link.photo.pchome.com.tw/s08/slinwang/137/129560267983/	http://mypaper.pchome.com.tw/slinwang/post/1281677480
http://3.bp.blogspot.com/-Wn--ex_3osc/VYGrlmEbwUI/AAAAAAAAcR0/K5-52KHzIqc/s1600/DSC01705.JPG	http://blog.xuite.net/aeni1203/blog/154686798-%E7%82%AE%E4%BB%97%E8%8A%B1+++
http://163.17.203.129/bakup/green/%E7%82%AE%E4%BB%97%E8%8A%B1/%E7%82%AE%E4%BB%97%E8%8A%B131.JPG	http://163.17.203.129/bakup/green/%E7%82%AE%E4%BB%97%E8%8A%B1/%E7%82%AE%E4%BB%97%E8%8A%B1.htm
https://travel.yam.com/DATA/ARTICLE/20170214150544754.jpg	http://travel.yam.com/Article.aspx?sn=100449
http://d.blog.xuite.net/d/a/a/6/16713963/blog_1411628/txt/66128684/2.jpg	http://blog.xuite.net/jusboy1970/papago/66128684
http://pic59.nipic.com/file/20150124/532538_185917561000_2.jpg	http://www.nipic.com/zhuanti/1522317.html
http://idoimg.3mt.com.cn/Article/upload/200902/090209161830297.jpg	http://ido.3mt.com.cn/Article/200902/show1283445c19p1.html
http://pic.pimg.tw/travel2tp/4b7e87bed295a.jpg	http://travel2tp.pixnet.net/blog/post/30365886-%E5%96%9C%E6%B0%A3%E6%B4%8B%E6%B4%8B%E7%82%AE%E4%BB%97%E8%8A%B1
https://3.share.photo.xuite.net/c560kc/13a4e67/10054104/453300623_m.jpg	http://blog.xuite.net/c560kc/twblog1/124250228-7063++%E4%B8%80%E4%B8%B2%E7%B4%85%E3%80%81%E7%82%AE%E4%BB%97%E8%8A%B1
http://wap.yunmencraft.com/Upload/2016/01/paozhanghua_02.jpg	http://wap.yunmencraft.com/index.php/paozhanghua/1551.html?wxref=mp.weixin.qq.com
http://pic.pimg.tw/chingmaio/49137fcd73410.jpg	http://chingmaio.pixnet.net/blog/post/22323158-11%E6%9C%88%E7%AC%AC%E4%B8%80%E5%91%A8%E6%A4%8D%E7%89%A9%E7%8C%9C%E4%B8%80%E7%8C%9C%E7%AD%94%E6%A1%88%E6%8F%AD%E6%9B%89---%E7%82%AE%E4%BB%97%E8%8A%B1
http://163.27.57.9/discuz/attachments/forumid_143/02_HUScHpMEQg4O.jpg	http://web.haes.cy.edu.tw/discuz/archiver/?fid-143.html
https://farm1.staticflickr.com/632/32120953120_b01d721088_b.jpg	http://fuyan0131.pixnet.net/blog/post/456980534-%E3%80%90%E8%8B%97%E6%A0%97%E9%8A%85%E9%91%BC%E3%80%912017%E7%82%AE%E4%BB%97%E8%8A%B1%E6%AD%A5%E9%81%93%E2%95%B1%E7%92%B0%E4%BF%9D%E5%85%AC%E5%9C%92%EF%BC%88%E8%BE%B2
http://pic0.nidbox.net/12/y1380082998_431ce374_12.jpg	https://fannie2924.nidbox.com/diary/read/8249677
https://i1.kknews.cc/large/1686000236ab48e3d318	https://kknews.cc/home/gv2rvny.html
http://iphoto.ipeen.com.tw/photo/comment/201503/cgme7ff0ceb92c974666bad29b835667edb911.jpg	http://www.ipeen.com.tw/shop/1008620-%E8%8B%97%E6%A0%97%E7%82%AE%E4%BB%97%E8%8A%B1%E6%AD%A5%E9%81%93
http://www.ntcu.edu.tw/newsletter/%E6%9C%9F%E6%95%B8/45%E6%9C%9F/IMAGES/3D.htm33.jpg	http://www.ntcu.edu.tw/newsletter/%E6%9C%9F%E6%95%B8/45%E6%9C%9F/3D.htm
http://g.udn.com.tw/upfiles/B_ME/MeiGarden/PSN_PHOTO/837/f_10437837_1.jpg	http://blog.udn.com/MeiGarden/10899607
http://www.dnps.tc.edu.tw/plants/057.JPG	http://www.dnps.tc.edu.tw/plants/__76.html
https://blackwalnut.npust.edu.tw/wp-content/uploads/gallery/2/2-6732.jpg	https://blackwalnut.npust.edu.tw/archives/558
http://1832.img.pp.sohu.com.cn/images/2012/6/25/22/11/u70331736_138e68b7172g213.jpg	http://zhudajiahao.blog.sohu.com/223270637.html
http://pic0.nidbox.net/12/y1380082998_7aecb0eb_12.jpg	https://fannie2924.nidbox.com/diary/read/8249677
http://4.bp.blogspot.com/-c7-XjJDsdRo/VOyAnmrEj6I/AAAAAAAAJgU/CxOQYnTS-9s/s1600/%E7%82%AE%E4%BB%97%E8%8A%B1%2B02.jpg	http://kingcatkong.blogspot.com/2015/02/blog-post_41.html
http://pic4.55jia.net/fengshuizhiwu/40/a367414.jpg	http://www.55jia.net/75/331138.html
http://1.bp.blogspot.com/-WEYnG3Vt8_c/U1SEky7i2XI/AAAAAAAAHt8/W_PYxH4Lz1E/s1600/P2060054%E7%82%AE%E4%BB%97.JPG	http://yc19220516.blogspot.com/2012/12/blog-post_1192.html
http://pic.pimg.tw/caspar328/1422651871-1550195340.jpg?v=1422651874	http://taiwanking68.pixnet.net/blog/post/408209200-%E8%8B%97%E6%A0%97%E9%8A%85%E9%91%BC%E9%84%89%E7%9A%84%E7%82%AE%E4%BB%97%E8%8A%B1%E5%85%AC%E8%B7%AF
https://www.huabaike.com/uploads/allimg/artimg/201611/20161122111445_13359.jpg	https://www.huabaike.com/yhjq/5791.html
