
https://upload.wikimedia.org/wikipedia/commons/thumb/4/4d/Musella_lasiocarpa2.jpg/250px-Musella_lasiocarpa2.jpg	https://zh.wikipedia.org/wiki/%E5%9C%B0%E6%B9%A7%E9%87%91%E8%93%AE
http://a0.att.hudong.com/44/23/01300000171642121585231854805_s.jpg	http://www.baike.com/wiki/%E5%9C%B0%E6%B6%8C%E9%87%91%E8%8E%B2
http://www.iqiya.com/uploadfile/article/322/1_l04fgf20150505_a112ac7727a7e9ea3973opoksANvN8wj.jpg	http://m.iqiya.com/article/2015-05-22/64096.html
http://www.iqiya.com/uploadfile/article/322/1_nhgek720150505_e46cbbc11926e5b6d7f752CQVjAPMrut.jpg	http://m.iqiya.com/article/2015-05-22/64090.html
http://www.zhiwu365.com/uploads/plant/229_diyongjinlian/default/original/1_diyongjinlian.jpg	http://www.zhiwu365.com/plant/261
http://file-rail-bbs.railcn.net/attachment/forum/day_110304/20110304_5b2dfff5ab51f9be7fc0oiCf6Gm5zavk.jpg	http://bbs.railcn.net/thread-597197-1-1.html
http://pic.pimg.tw/wiwa5656/1390392915-2790968053.jpg	http://wiwa5656.pixnet.net/blog/post/347496662-%E5%9C%B0%E6%B9%A7%E9%87%91%E8%93%AE
http://z.xiziwang.net/uploads/allimg/140830/14_140830114416_1.jpg	http://z.xiziwang.net/hua/14920/
http://www.youduo.com/forum/attachments/month_1110/20111009_c297df407edde6bc3e7cL80fkd652lgF.jpg	http://www.youduo.com/forum/thread-39168-1-1.html
http://a4.att.hudong.com/85/78/01300542679117142975782739800_s.jpg	http://www.baike.com/wiki/%E5%9C%B0%E6%B6%8C%E9%87%91%E8%8E%B2
http://www.1nongjing.com/uploads/allimg/170116/892-1F116162KV08.jpg	http://net.1nongjing.com/a/201701/163418.html
http://i00.c.aliimg.com/img/ibank/2010/732/046/153640237_1072745958.jpg	http://blog.sina.com.cn/s/blog_734eefb20101429w.html
http://www.chla.com.cn/uploadfile/2011/0512/20110512093711238.jpg	http://www.chla.com.cn/htm/2011/0512/85213.html
http://www.forestry.gov.cn/uploadfile/lky/2012-8/image/2012-8-21-00631d5c76164f8e957eeadeebdf9eda.jpg	http://www.forestry.gov.cn/lky/2811/content-558496.html
http://s3.sinaimg.cn/mw690/002Mz5Katy71WoXsI3U72&690	http://blog.sina.com.cn/s/blog_97fc48ea0102we6s.html
http://www.wdptj.com/wp-content/uploads/2014/11/%E5%9C%B0%E6%B6%8C%E9%87%91%E8%8E%B2.jpg	http://www.wdptj.com/6161.html
http://www.chla.com.cn/uploadfile/2011/new2011617/images/2013/06/20130614082545.jpg	http://www.chla.com.cn/htm/2013/0614/172636.html
http://www.baihuamen.com/d/file/2014/04-17/c158049d2506400915d8aa2cf801d871.jpg	http://www.baihuamen.com/diyongjinlian/
http://chulao.net/wp-content/uploads/2015/08/%E5%9C%B0%E6%B9%A7%E9%87%91%E8%93%AE5.jpg	http://chulao.net/?p=8938
http://img.ph.126.net/8pZQfysok14o4RSSiRFHYw==/3006997176201577545.jpg	http://k0071468299323like.lofter.com/post/2f6a1d_e5a750
http://www.baihuamen.com/d/file/2014/04-17/98ec62f929618d18bdd445a6857b7262.jpg	http://www.baihuamen.com/diyongjinlian/
http://s9.sinaimg.cn/mw690/68c0bec3hcdac80c77238&690	http://blog.sina.com.cn/s/blog_68c0bec301016iat.html
http://www.lvhua.com/chinese/biz/..%2Fpicture%2Fproduction%2FC00000011115%2F23273%2F2327320084815646.jpg	http://www.lvhua.com/chinese/biz/mach_pd_list.asp?me_order=2&id=1070
http://www.zhiwutong.com/tu/yanghua/%E5%9C%B0%E6%B6%8C%E9%87%91%E8%8E%B2.jpg	http://www.zhiwutong.com/gardens/09-28/9536.htm
http://www.wdptj.com/wp-content/uploads/2014/11/%E5%9C%B0%E6%B6%8C%E9%87%91%E8%8E%B21.jpg	http://www.wdptj.com/6161.html
http://pic6.nipic.com/20100415/4718937_171907012321_2.jpg	http://www.nipic.com/show/1/8/45a376c9b8c71389.html
http://a4.att.hudong.com/24/20/01300000171642121585207376542_s.jpg	http://www.baike.com/wiki/%E5%9C%B0%E6%B6%8C%E9%87%91%E8%8E%B2
http://www.1nongjing.com/uploads/allimg/170116/892-1F116161H52a.jpg	http://b2b.1nongjing.com/a/201701/163415.html
http://www.baihuamen.com/d/file/2014/04-17/ef46eda7ac3eca1dadfd505ee7dc848d.jpg	http://www.baihuamen.com/diyongjinlian/
http://www.mihuyuan.com/pics/middle/20150630/1435651084847172.png	http://www.mihuyuan.com/blogdetail.do?blog_id=1435651190260173
http://pic16.nipic.com/20110820/6298817_175046248182_2.jpg	http://www.nipic.com/show/1/44/4987216k6e805d1e.html
http://www.huayugu.com.cn/uploads/allimg/160809/1-160P91512150-L.jpg	http://www.huayugu.com.cn/diyongjinlian/
http://image89.360doc.com/DownloadImg/2015/10/1314/60159178_2	http://www.360doc.com/content/15/1013/14/22751477_505346609.shtml
http://img.zwbk.org/baike/spic/2011/08/24/20110824045741625_8309.jpg	http://www.zwbk.org/zh-tw/Lemma_Show/206822.aspx
http://tgi13.jia.com/114/944/14944039.jpg	http://www.jia.com/baike/xartile/359752.html
http://www.kepu.net.cn/gb/special/201012_03_cchh/source/be6531ffb4c24eb0816edcae961771e7.jpg	http://www.kepu.net.cn/gb/special/201012_03_cchh/2/9.html
http://www.ynidd.com/u/cms/www/201502/24195112f2n3.jpg	http://www.ynidd.com/opusdetail.jhtml?projectid=71&userId=142
http://www.kepu.net.cn/gb/lives/banna/folk/images/fol110_01b_pic.jpg	http://www.kepu.net.cn/gb/lives/banna/folk/fol110.html
http://www.chla.com.cn/uploadfile/2011/new2011617/images/2013/06/20130614082517.jpg	http://www.chla.com.cn/htm/2013/0614/172636.html
http://www.21cbi.com/data/img.php?ref=http://blog.sina.com.cn&url=http://s14.sinaimg.cn/mw690/001KskmKty6V5N9rByl3d&690	http://www.21cbi.com/s/1/109298.html
http://pic1.huashichang.com/2017/0306/23/58bd7b3f0898c.jpg	http://www.aihuhua.com/tu/diyongjinlian.html
http://a1.att.hudong.com/36/56/300000764046131311569082316_950.jpg	http://www.baike.com/wiki/%E5%9C%B0%E6%B6%8C%E9%87%91%E8%8E%B2
http://www.baihuamen.com/d/file/2014/04-17/435a6639ed37f10566a2901357d988a1.jpg	http://www.baihuamen.com/diyongjinlian/
http://pic.pimg.tw/wiwa5656/1390392791-1699948803.jpg?v=1390392793	http://wiwa5656.pixnet.net/blog/post/347496662-%E5%9C%B0%E6%B9%A7%E9%87%91%E8%93%AE
http://s6.sinaimg.cn/mw690/002Mz5Kagy71WpaN0Y585&690	http://blog.sina.com.cn/s/blog_97fc48ea0102we6s.html
http://www.318yishu.com/images/201301/thumb_img/667_thumb_G_1357946336041.JPG	http://www.318yishu.com/goods-667.html
http://a4.att.hudong.com/70/86/31300542679117142975860054786_s.jpg	http://www.baike.com/wiki/%E5%9C%B0%E6%B6%8C%E9%87%91%E8%8E%B2
http://album.udn.com/community/img/PSN_PHOTO/tj28wang/f_6702315_1.jpg	http://blog.udn.com/tj28wang/5679161
http://s12.sinaimg.cn/middle/698def87gedf6a526badb&690	http://blog.sina.com.cn/s/blog_698def870100w2ik.html
http://www.jxveg.net/sphh/upfiles/image/20151129002108.jpg	http://www.jxveg.net/sphh/show.asp?id=2199
http://www.zhiwu365.com/uploads/plant/229_diyongjinlian/default/original/6_diyongjinlian.jpg	http://www.zhiwu365.com/plant/261
http://a1.att.hudong.com/04/26/01300000171642121585260023027_s.jpg	http://www.baike.com/wiki/%E5%9C%B0%E6%B6%8C%E9%87%91%E8%8E%B2
http://pic1.huashichang.com/2017/0306/23/58bd7b434c94e.jpg	http://www.aihuhua.com/tu/diyongjinlian.html
http://www.1nongjing.com/uploads/allimg/170116/892-1F116161644447.jpg	http://b2b.1nongjing.com/a/201701/163415.html
http://album.udn.com/community/img/PSN_PHOTO/tj28wang/f_6702311_1.jpg	http://blog.udn.com/tj28wang/5679161
http://y0.ifengimg.com/cmpp/2016/02/12/05/19391c94-ef33-4e66-b0e7-a7812940f6c6_size157_w300_h459.jpg	http://news.ifeng.com/a/20160212/47411635_0.shtml
http://img3.artron.net/auction/2013/art002581/d/art0025810021.jpg	http://auction.artron.net/paimai-art0025810021/
https://4.bp.blogspot.com/-DKi0PWrD7BI/UKT8Ec5MJII/AAAAAAABSlc/SMGBjlLqcqw/s1600/BvgkNypnn3DrLIdsxNyVIg.jpg	https://gfcci00.blogspot.com/2012/11/blog-post_6988.html
http://www.baihuamen.com/d/file/2014/04-17/8ea4743cbf228334f932364c57a43e1b.jpg	http://www.baihuamen.com/diyongjinlian/
http://3.bp.blogspot.com/-32RzeDnWA-I/VPLnKp0oHfI/AAAAAAAAZLc/-bb6Q-IsF9c/s1600/DSC00358-400.jpg	http://pancat1120.blogspot.com/2015/03/blog-post_9.html
http://s9.sinaimg.cn/mw690/002Mz5Katy71WoXm1f2a8&690	http://blog.sina.com.cn/s/blog_97fc48ea0102we6s.html
https://www.huabaike.com/uploads/allimg/artimg/201606/20160608171024_69831.jpg	https://www.huabaike.com/jtyh/4113.html
http://imgbdb3.bendibao.com/tour/20165/6/201656171128563.jpg	http://m.bendibao.com/show767373.html
http://img.xunhai.com/2015/11/26/144852382189527.jpg	http://www.xunhai.com/diyongjinlian/2015/1126/4352.html
http://pic4.55jia.net/fengshuizhiwu/44/a372893.jpg	http://www.55jia.net/75/332558.html
https://upload.wikimedia.org/wikipedia/commons/thumb/d/d5/4660f73e440c23e9f2190.jpg/220px-4660f73e440c23e9f2190.jpg	https://zh.wikipedia.org/wiki/%E5%9C%B0%E6%B9%A7%E9%87%91%E8%93%AE
http://img4.artron.net/artist/A0135912/brt013591200091.jpg	http://chenyongqiang.artron.net/works_detail_brt013591200091
http://bbs.cfh.ac.cn/attachment.aspx?attachmentid=587	http://bbs.cfh.ac.cn/showtopic-485.aspx
http://y1.ifengimg.com/cmpp/2016/01/14/03/2fc8c9c2-a2ae-4f17-b473-8a6d1c1bc6fb_size44_w510_h339.jpg	https://m.ltzg.com.cn/news/148326.html
http://pic.pingguolv.com/uploads/allimg/161231/109-161231152030.jpg	http://www.pingguolv.com/zy/gongxiao/81584.html
https://pic.pimg.tw/splendor666/1468305626-1592485474.jpg?v=1468305627	http://taiwanking68.pixnet.net/blog/post/364536848-%E4%BD%9B%E6%95%99%E4%BA%94%E6%A8%B9%E5%85%AD%E8%8A%B1%E4%B9%8B%E4%B8%80%E7%9A%84%E5%9C%B0%E6%B9%A7%E9%87%91%E8%93%AE
http://img6.cache.netease.com/house/2015/8/11/20150811230951c9062.jpg	http://yn.news.163.com/15/0811/23/B0P9G75D03230L55.html
http://s1.sinaimg.cn/mw690/002Mz5Kagy71Wpat052d0&690	http://blog.sina.com.cn/s/blog_97fc48ea0102we6s.html
http://pic.pimg.tw/q19540803/1394800509-1564664890_n.jpg	http://q19540803.pixnet.net/blog/post/358948136-%E7%A4%BE%E9%A0%AD%E9%84%89~%E5%9C%B0%E6%B9%A7%E9%87%91%E8%93%AE%E8%8A%B1%E9%96%8Bin%E6%B8%85%E6%B0%B4%E5%B2%A9%E5%AF%BA
http://www.zhongzi.net/files/huahui/diyongjinlian-d.jpg	http://www.zhongzi.net/photo/flowers/diyongjinlian.htm
http://s8.sinaimg.cn/mw690/003sae9dzy78us7ZDJJ37&690	http://blog.sina.com.cn/s/blog_bc9f8f830102wp3k.html
http://img.ltn.com.tw/Upload/liveNews/BigPic/600_1378679_1.jpg	http://news.ltn.com.tw/news/life/breakingnews/1378679
http://www.wdptj.com/wp-content/uploads/2014/11/%E5%9C%B0%E6%B6%8C%E9%87%91%E8%8E%B22.jpg	http://www.wdptj.com/6161.html
http://www.qiwen.org/uploads/allimg/150422/1-150422225635U9.jpg	http://www.qiwen.org/dongwuzhiwu/454.html
http://www.zhibeidy.com/d/file/content/2017/05/59140f1f6e82c.jpg	http://www.zhibeidy.com/index.php?a=shows&catid=68&id=44034
http://img.xunhai.com/2015/11/26/144852386184039.jpg	http://www.xunhai.com/diyongjinlian/
http://www.yuhuagu.com/uploads/allimg/120818/10-120QR23149.jpg	http://www.yuhuagu.com/ktsh/4053.html
http://www.zhiwutong.com/tu/yanghua/%E5%9C%B0%E6%B6%8C%E9%87%91%E8%8E%B29.jpg	http://www.zhiwutong.com/gardens/09-28/9536.htm
https://www.huabaike.com/uploads/allimg/artimg/201606/20160608172039_96138.jpg	https://m.huabaike.com/qita/4117.html
http://img06.tooopen.com/images/20160928/tooopen_sy_180221241789.jpg	http://www.tooopen.com/view/1286680.html
http://www.qiwen.org/uploads/allimg/150422/1-150422225512U4.jpg	http://www.qiwen.org/dongwuzhiwu/454.html
http://www.38fan.com/uploads/allimg/170207/51_170207140651_1.png	http://www.38fan.com/zhiwu/20170207154137.html
http://images.rednet.cn/articleimage/2015/04/23/945727.JPG	http://hn.rednet.cn/c/2015/04/23/3659326.htm
http://s10.sinaimg.cn/bmiddle/4d26b9a5g71f2e34719c9&690	http://blog.sina.com.cn/s/blog_4d26b9a50100exdx.html
http://s14.sinaimg.cn/mw690/68c0bec3hcdac862c6ccd&690	http://blog.sina.com.cn/s/blog_68c0bec301016iat.html
https://i2.read01.com/uploads/0DwDowhqh4.jpg	https://read01.com/86B3BQ.html
https://www.huabaike.com/uploads/allimg/sltimg/201606/5757e29b11799.jpg	https://m.huabaike.com/yhjq/4116.html
http://image48.360doc.com/DownloadImg/2012/01/1200/20690341_3	http://www.360doc.com/content/12/0112/00/5733130_178861046.shtml
http://img.boqiicdn.com/Data/BK/A/1601/5/imagick51901451965900_y.jpg	http://www.boqii.com/entry/detail/2392.html
http://3.bp.blogspot.com/-h3EBQ4-3rOc/VPBvlGaHg2I/AAAAAAAAHmo/c8f2VeuA01k/s1600/img_show%2B(2).jpeg	http://blog.igarden.com.tw/2005/11/5M51145.html
https://www.huabaike.com/uploads/allimg/artimg/201606/20160608171006_80114.jpg	https://www.huabaike.com/jtyh/4113.html
http://pic52.nipic.com/file/20141108/18080070_183457447000_2.jpg	http://www.nipic.com/show/11336272.html
http://www.huayugu.com.cn/uploads/allimg/160809/1-160P91504080-L.jpg	http://www.huayugu.com.cn/diyongjinlian/
http://www.1818hm.com/file/upload/201609/14/1618493416.jpg	http://www.1818hm.com/huamu/show-4892.html
http://2.bp.blogspot.com/-uJeKUp0Sy7A/VPBvl8SRxnI/AAAAAAAAHnI/oWHx5bdeYoY/s1600/img_show%2B(1).jpeg	http://blog.igarden.com.tw/2005/11/5M51145.html
