
http://a3.att.hudong.com/42/73/01300000009843120824736114081.jpg	http://www.baike.com/wiki/%E6%A1%83%E8%8A%B1&prd=citiaorebang
http://a2.att.hudong.com/71/83/20300542898868142891835979657_s.jpg	http://www.baike.com/wiki/%E6%A1%83%E8%8A%B1&prd=citiaorebang
http://a1.att.hudong.com/14/74/01300000009843120824749804077.jpg	http://www.baike.com/wiki/%E6%A1%83%E8%8A%B1&prd=citiaorebang
http://pic12.nipic.com/20101225/2801196_112156047157_2.jpg	http://www.nipic.com/show/1/44/4193688ke522b57a.html
http://n.sinaimg.cn/travel/transform/20170215/GLES-fyamvns5472394.jpg	http://travel.sina.com.cn/domestic/pages/2017-02-15/detail-ifyarmcu6005229.shtml
http://img1.lotour.net/News/201503/2015031117360412204612_min.jpg	http://beijing.lotour.com/zhengwen/2015/03/1266974.shtml
http://a3.att.hudong.com/87/71/01300000009843120824712706560.jpg	http://www.baike.com/wiki/%E6%A1%83%E8%8A%B1&prd=citiaorebang
https://img.imynest.com/uploads/C/C0/CC0B300323.jpeg	https://www.imynest.com/content/13950.html
http://img1.lotour.net/News/201503/2015031117360459187140_min.jpg	http://beijing.lotour.com/zhengwen/2015/03/1266974.shtml
http://www.mingpaocanada.com/healthnet/gallery_image/20160906001.jpg	http://www.mingpaocanada.com/healthnet/content.php?artid=5432
http://www.ijfate.com/wp-content/uploads/wpid-%E6%A1%83%E8%8A%B121.jpg	http://www.ijfate.com/?p=6373
http://pic.baike.soso.com/ugc/baikepic2/26364/20170226144647-2022687545.jpg/0	http://baike.soso.com/ShowTitle.e?sp=S%E6%A1%83%E8%8A%B1
http://idoimg.3mt.com.cn/Article/upload/200904/090405114553400.jpg	http://ido.3mt.com.cn/Article/200904/picview1380306c27p1.html
http://www.baishanxi.com/uploads/allimg/130729/0S35K301-0.jpg	http://www.baishanxi.com/zyys/548.html
http://www.etaoist.org/taoist/images/stories/20130417-4.jpg	http://www.etaoist.org/taoist/index.php/2011-08-07-02-10-49/2011-08-07-04-49-48/2320-2013-04-17-07-54-52
https://pgw.udn.com.tw/gw/photo.php?u=https://uc.udn.com.tw/photo/2016/04/11/99/2025853.jpg&x=0&y=0&sw=0&sh=0&sl=W&fw=1050	http://oops.udn.com/oops/story/6681/1621310
http://jad.police.taipei/public/MMO/PKL/%E6%A1%83%E8%8A%B110102-01.jpg	http://jad.police.taipei/fp.asp?fpage=cp&xItem=17443266&ctNode=8957&mp=108161
http://img.taopic.com/uploads/allimg/110113/292-11011310363037.jpg	http://www.taopic.com/tuku/201411/622210.html
http://img.yiqibazi.com/Images/Article/Editor/2017/1/20170118163839564.jpg	http://www.yiqibazi.com/wx/sx/ji/11347.html
http://img01.taopic.com/141120/235111-14112009210718.jpg	http://www.taopic.com/tuku/201411/622210.html
http://www.chachaba.com/news/uploads/allimg/161003/4168_161003114116_1.jpg	http://www.chachaba.com/news/html/health/zhongyao/20120130_63159.html
http://culture.kaiwind.com/features/201603/21/W020160323541454039899.jpg	http://culture.kaiwind.com/features/201603/21/t20160321_3618910.shtml
http://c4-q.mafengwo.net/s6/M00/FB/5E/wKgB4lNLTbaAE7RaAAGlmcIJz9o63.jpeg?imageView2%2F2%2Fw%2F2000%2Fh%2F600%2Fq%2F90%7Cwatermark%2F3%2Fimage%2FaHR0cDovL2MyLXEubWFmZW5nd28ubmV0L3M5L00wMC82My84RS93S2dCczFaTmVzV0FZb29JQUFBU2JNMElpRjQyNDEucG5n%2Fgravity%2FSouthEast%2Fdx%2F20%2Fdy%2F20%2Fimage%2FaHR0cDovL2MyLXEubWFmZW5nd28ubmV0L3M5L00wMC82My84RS93S2dCczFaTmVzV0FZb29JQUFBU2JNMElpRjQyNDEucG5n%2Fgravity%2FSouthEast%2Fdx%2F20%2Fdy%2F20	http://www.mafengwo.cn/travel-news/212021.html
http://img.yiqibazi.com/Images/Article/Editor/2017/3/20170330134335456.jpg	http://www.yiqibazi.com/wx/sx/12454.html
http://pic.nipic.com/2008-04-29/20084292110377_2.jpg	http://www.nipic.com/show/1/44/e624b7e7f062a61b.html
http://www.jianchizhai.com/wp-content/uploads/2017/01/20170102123407112.jpg	http://www.jianchizhai.com/wenyi/167.html
http://pic.nipic.com/2008-06-25/200862519534300_2.jpg	http://www.nipic.com/show/829838.html
http://61.63.55.137/70960/self/j20150111202936.jpg	http://www.mingyicollege.com/product/p7822911
http://a1.att.hudong.com/16/93/01200000010146117629386173516_s.jpg	http://www.baike.com/wiki/%E6%A1%83%E8%8A%B1&prd=citiaorebang
http://img1.lotour.net/News/201503/2015031117360506169667_min.jpg	http://beijing.lotour.com/zhengwen/2015/03/1266974.shtml
https://upload.wikimedia.org/wikipedia/commons/a/a7/%E6%A1%83%E8%8A%B12015.JPG	https://zh.wikipedia.org/zh-hans/File:%E6%A1%83%E8%8A%B12015.JPG
http://pic.nipic.com/2008-03-20/200832010634287_2.jpg	http://www.nipic.com/zhuanti/117593.html
http://s4.gigacircle.com/media/s4_540740952ee5d.jpg	http://tw.gigacircle.com/2025737-1
https://gss0.baidu.com/-fo3dSag_xI4khGko9WTAnF6hhy/zhidao/pic/item/728da9773912b31b5e2aec688118367adab4e129.jpg	http://zhidao.baidu.com/question/1693157677254238908.html
https://cdn0-t17-techbang.pixfs.net/system/attached_images/2012/02/27397/original/dd5fdcc200ccb2d33fe062f080c9db72.jpg?1329579987	http://t17.techbang.com/topics/11994-peach-blossom
http://gmimg.geimian.com/pic/2016/03/2016-02-29_092745.jpg	https://www.geimian.com/wx/61316.html
https://www.lnka.tw/images/article/20160727013631862.jpg	https://www.lnka.tw/html/topic/19515.html
https://c.share.photo.xuite.net/genghsingchen/1c22242/4805343/183346531_l.jpg	http://blog.xuite.net/genghsingchen/rtn/43958365-%E6%88%91%E5%9C%A8%E5%8D%97%E4%BA%AC%E8%B3%9E%E8%8A%B1%E3%80%88%E4%B8%80%E3%80%89%E6%A1%83%E8%8A%B1%E7%AF%87
http://jad.police.taipei/public/MMO/PKL/%E6%A1%83%E8%8A%B110102-03.jpg	http://jad.police.taipei/fp.asp?fpage=cp&xItem=17443266&ctNode=8957&mp=108161
http://www.wallcoo.com/flower/peach_blossom_01/mxxx01/%5Bwallcoo.com%5D_peach_blossom_07EZ199.jpg	http://www.wallcoo.com/flower/peach_blossom_01/html/image7.html
http://big5.huaxia.com/ly/jxla/dl/images/2010/03/30/562899.jpg	http://big5.huaxia.com/ly/jpxl/ydl/2010/03/1816599.html
http://3.im.guokr.com/bwFF7ErKw1LAVUgH0iupX5mtF7DJaW1PRnbvaCTDUJcABAAAqwIAAEpQ.jpg?imageView2/1/w/590/h/393	http://www.guokr.com/post/666555/
https://gss3.bdstatic.com/7Po3dSag_xI4khGkpoWK1HF6hhy/baike/s%3D220/sign=a4417c1162d9f2d3241123ed99ed8a53/d52a2834349b033b8400bf2a15ce36d3d439bdb2.jpg	https://baike.baidu.com/item/%E6%A1%83%E8%8A%B1
https://gss3.bdstatic.com/7Po3dSag_xI4khGkpoWK1HF6hhy/baike/s%3D220/sign=5070db681f30e924cba49b337c096e66/f7246b600c338744bc80e91c510fd9f9d72aa00d.jpg	https://baike.baidu.com/item/%E6%A1%83%E8%8A%B1
http://i.epochtimes.com/assets/uploads/2010/06/1006200017461974-450x224.jpg	http://www.epochtimes.com/b5/16/9/17/n8308731.htm
https://gss0.bdstatic.com/94o3dSag_xI4khGkpoWK1HF6hhy/baike/s%3D220/sign=957736df1138534388cf8023a312b01f/9c16fdfaaf51f3de14d27cd795eef01f3a297925.jpg	https://baike.baidu.com/item/%E6%A1%83%E8%8A%B1
http://a0.att.hudong.com/28/73/01300000009843120824731795172_s.jpg	http://www.baike.com/wiki/%E6%A1%83%E8%8A%B1&prd=citiaorebang
http://www.xiren.com.cn/uploadFile/image/20150320/20150320171310_10383.jpg	http://www.xiren.com.cn/yixing/detail/415
http://dc.yesky.com/cmsimagelist/2008/087/3hj3ev3lws44.JPG	http://dc.yesky.com/syscore/33/564533d_4.shtml
https://d1dtpduc7ff7op.cloudfront.net/wp-content/uploads/2016/07/lilies-flowers-1469175305v6f.jpg	https://www.pairs.tw/how-to-be-popular
http://pic.qiantucdn.com/10/82/90/91bOOOPICc9.jpg	http://www.58pic.com/tupian/shiliangtaohua.html
http://image14.360doc.com/DownloadImg/2010/08/2815/4904592_1.JPG	http://www.360doc.com/content/10/0828/15/2129121_49436403.shtml
http://img.appledaily.com.tw/images/ReNews/20170124/640_d31accb48756e0aad43b8c5c5c6a5bce.jpg	http://www.appledaily.com.tw/realtimenews/article/new/20170124/1042820/
https://wemedia01-prod.s3-ap-southeast-1.amazonaws.com/media/images/354852/org/1d3ba6f5fa0f8fd4e6fb0fa5f1809d51.gif	https://www.hk01.com/%E6%B8%AF%E8%81%9E/66853/-%E6%9C%89%E7%89%87-%E5%AF%8C%E8%B1%AA%E5%BE%A1%E7%94%A8%E6%A1%83%E8%8A%B1%E7%8E%8B-%E6%AD%B7%E9%BE%8D%E6%8D%B2%E9%A2%A8%E6%9A%B4-%E9%A0%91%E6%8A%97%E5%85%A7%E5%9C%B0%E8%8A%B1%E8%BE%B2-%E6%8D%8D%E6%9C%AC%E5%9C%9F%E8%BE%B2%E6%A5%AD
http://n2-q.mafengwo.net/s6/M00/0F/E2/wKgB4lMr_IOAHDehACP_ORBhMVU71.jpeg?imageView2%2F2%2Fw%2F2000%2Fh%2F600%2Fq%2F90%7Cwatermark%2F3%2Fimage%2FaHR0cDovL2MyLXEubWFmZW5nd28ubmV0L3M5L00wMC82My84RS93S2dCczFaTmVzV0FZb29JQUFBU2JNMElpRjQyNDEucG5n%2Fgravity%2FSouthEast%2Fdx%2F20%2Fdy%2F20%2Fimage%2FaHR0cDovL2MyLXEubWFmZW5nd28ubmV0L3M5L00wMC82My84RS93S2dCczFaTmVzV0FZb29JQUFBU2JNMElpRjQyNDEucG5n%2Fgravity%2FSouthEast%2Fdx%2F20%2Fdy%2F20	http://www.mafengwo.cn/travel-news/211688.html
http://c3-q.mafengwo.net/s5/M00/4B/4F/wKgB3FGSOquAQ2TIAAwcmQ0lff014.jpeg?imageView2%2F2%2Fw%2F2000%2Fh%2F600%2Fq%2F90%7Cwatermark%2F3%2Fimage%2FaHR0cDovL2MyLXEubWFmZW5nd28ubmV0L3M5L00wMC82My84RS93S2dCczFaTmVzV0FZb29JQUFBU2JNMElpRjQyNDEucG5n%2Fgravity%2FSouthEast%2Fdx%2F20%2Fdy%2F20%2Fimage%2FaHR0cDovL2MyLXEubWFmZW5nd28ubmV0L3M5L00wMC82My84RS93S2dCczFaTmVzV0FZb29JQUFBU2JNMElpRjQyNDEucG5n%2Fgravity%2FSouthEast%2Fdx%2F20%2Fdy%2F20	http://www.mafengwo.cn/travel-news/212922.html
http://wsing.bssdl.kugou.com/5d4dddd865a7bce4b3d322aa9ce19d10.jpg	http://5sing.kugou.com/yc/2399083.html
http://i1.sinaimg.cn/travel/ul/2010/0315/U4013P704DT20100315103046.jpg	http://travel.sina.com.cn/china/2010-03-15/1035130725.shtml
http://a4.att.hudong.com/18/41/01200000228632117644199751218.jpg	http://tupian.baike.com/a4_18_41_01200000228632117644199751218_140_jpg.html
http://img1.readhouse.net/20161208/14811799088049355.jpg	http://www.readhouse.net/articles/117839172/
https://i.ytimg.com/vi/ms2mGrN9MIQ/hqdefault.jpg	https://www.youtube.com/watch?v=ms2mGrN9MIQ
http://farm8.staticflickr.com/7387/9732289301_c31f4cdffd_o.jpg	http://l50740.pixnet.net/blog/post/40983287-%E3%80%90%E9%99%BD%E6%98%8E%E5%B1%B1%E8%B3%9E%E8%8A%B1%E3%80%91%E6%B0%B4%E8%9C%9C%E6%A1%83%E8%8A%B1%E3%80%81%E6%9D%8E%E8%8A%B1%E3%80%81%E6%AB%BB%E8%8A%B1%E9%BD%8A%E7%B6%BB%E6%94%BE
http://p3-q.mafengwo.net/s5/M00/4F/03/wKgB3FGgIuWAULINABWOjTDUgTU10.jpeg?imageView2%2F2%2Fw%2F2000%2Fh%2F600%2Fq%2F90%7Cwatermark%2F3%2Fimage%2FaHR0cDovL2MyLXEubWFmZW5nd28ubmV0L3M5L00wMC82My84RS93S2dCczFaTmVzV0FZb29JQUFBU2JNMElpRjQyNDEucG5n%2Fgravity%2FSouthEast%2Fdx%2F20%2Fdy%2F20%2Fimage%2FaHR0cDovL2MyLXEubWFmZW5nd28ubmV0L3M5L00wMC82My84RS93S2dCczFaTmVzV0FZb29JQUFBU2JNMElpRjQyNDEucG5n%2Fgravity%2FSouthEast%2Fdx%2F20%2Fdy%2F20	http://www.mafengwo.cn/travel-news/221041.html
http://pic8.nipic.com/20100805/5475661_150529037208_2.jpg	http://www.nipic.com/show/2/42/49a15ed606ea922c.html
http://c1-q.mafengwo.net/s8/M00/2A/D8/wKgBpVUzYBOABohSAALL56Gnd_c12.jpeg?imageView2%2F2%2Fw%2F2000%2Fh%2F600%2Fq%2F90%7Cwatermark%2F3%2Fimage%2FaHR0cDovL2MyLXEubWFmZW5nd28ubmV0L3M5L00wMC82My84RS93S2dCczFaTmVzV0FZb29JQUFBU2JNMElpRjQyNDEucG5n%2Fgravity%2FSouthEast%2Fdx%2F20%2Fdy%2F20%2Fimage%2FaHR0cDovL2MyLXEubWFmZW5nd28ubmV0L3M5L00wMC82My84RS93S2dCczFaTmVzV0FZb29JQUFBU2JNMElpRjQyNDEucG5n%2Fgravity%2FSouthEast%2Fdx%2F20%2Fdy%2F20	http://www.mafengwo.cn/travel-news/211688.html
http://y0.ifengimg.com/a/2015_29/c4f36ea12ec5876_size27_w500_h392.jpg	http://ent.ifeng.com/a/20150714/42452952_0.shtml
http://wx4.sinaimg.cn/mw690/61e3ceffgy1fd6h4axa76j205k07stab.jpg	http://www.jjwxc.net/oneauthor.php?authorid=474625
https://i2.kknews.cc/large/f2500024e1dcba2b053	https://kknews.cc/travel/kqnq4v.html
http://pavo.elongstatic.com/trip600/0006HR6i.jpg	http://trip.elong.com/news/n018p20b.html
http://pic4.nipic.com/20090826/2416554_102035045181_2.jpg	http://www.nipic.com/show/1/63/1f24364dab5fdcd1.html
http://c1-q.mafengwo.net/s6/M00/41/B2/wKgB4lNKTXCAeI-yAB4As-HIC3408.jpeg?imageView2%2F2%2Fw%2F2000%2Fh%2F600%2Fq%2F90%7Cwatermark%2F3%2Fimage%2FaHR0cDovL2MyLXEubWFmZW5nd28ubmV0L3M5L00wMC82My84RS93S2dCczFaTmVzV0FZb29JQUFBU2JNMElpRjQyNDEucG5n%2Fgravity%2FSouthEast%2Fdx%2F20%2Fdy%2F20%2Fimage%2FaHR0cDovL2MyLXEubWFmZW5nd28ubmV0L3M5L00wMC82My84RS93S2dCczFaTmVzV0FZb29JQUFBU2JNMElpRjQyNDEucG5n%2Fgravity%2FSouthEast%2Fdx%2F20%2Fdy%2F20	http://www.mafengwo.cn/travel-news/199308.html
http://b4-q.mafengwo.net/s6/M00/10/80/wKgB4lMr_N2AHQbXACHsCO67vCg91.jpeg?imageView2%2F2%2Fw%2F2000%2Fh%2F600%2Fq%2F90%7Cwatermark%2F3%2Fimage%2FaHR0cDovL2MyLXEubWFmZW5nd28ubmV0L3M5L00wMC82My84RS93S2dCczFaTmVzV0FZb29JQUFBU2JNMElpRjQyNDEucG5n%2Fgravity%2FSouthEast%2Fdx%2F20%2Fdy%2F20%2Fimage%2FaHR0cDovL2MyLXEubWFmZW5nd28ubmV0L3M5L00wMC82My84RS93S2dCczFaTmVzV0FZb29JQUFBU2JNMElpRjQyNDEucG5n%2Fgravity%2FSouthEast%2Fdx%2F20%2Fdy%2F20	http://www.mafengwo.cn/travel-news/200603.html
http://img.ltn.com.tw/Upload/liveNews/BigPic/600_1213940_3.jpg	http://news.ltn.com.tw/news/life/breakingnews/1213940
https://mmbiz.qlogo.cn/mmbiz/iapbaQulSuficZbaQHz1bgCdQGxgFtrFyv1Dus2qicwiaCiaBLibJcVaMicJKHQoZBXntLgfwSmZ507Sicp8obI2wCWPiaA/0?wxfrom=5	http://www.360doc.com/content/16/0108/20/7700488_526473539.shtml
http://y0.ifengimg.com/587a223648f5f0c5/2014/0403/rdn_533d195032424.jpg	http://sd.ifeng.com/travel/chengshituijian/detail_2014_04/03/2081626_0.shtml
http://e.share.photo.xuite.net/bruce0342/1e07dbb/10988487/513028084_m.jpg	http://bruce0342.blogspot.com/2009/02/blog-post_4758.html
http://g-life.ouchnet.com/ckfinder/userfiles/images/%E6%A1%83%E8%8A%B1.JPG	http://greenlifepixnet.pixnet.net/blog/post/111602845-%E3%80%8A%E6%98%A5%E4%B9%8B%E9%A5%97%E5%AE%B4%EF%BD%9E%E3%80%8B%E6%A1%83%E8%8A%B1%E8%88%9E%E6%98%A5%E9%A2%A8%EF%BD%9E%E3%80%90%E6%A2%85%E5%B3%B0%E6%A1%83%E8%8A%B1%E7%B7%A3%E3%80%91
http://www.baihuamen.com/d/file/2014/05-04/ec30a2a2bf4ea2c9a82885bc79a6cea4.jpg	http://www.baihuamen.com/taohua/
http://2.im.guokr.com/Rshyz9NeQpeCdJHJpJZ8y4jPe4WKBkCht7sxucc5xUIABAAAqwIAAEpQ.jpg?imageView2/1/w/590/h/393	http://www.guokr.com/post/666555/
http://m1.ablwang.com/uploadfile/2016/0415/20160415073513149.jpg	http://www.aboluowang.com/2016/0416/724478.html
https://cbu01.alicdn.com/img/ibank/2015/176/629/2154926671_755065147.310x310.jpg	https://www.1688.com/pic/-CBDCC1CFCCD2BBA8.html
http://img1.gtimg.com/astro/pics/hv1/32/31/1425/92668562.jpg	http://astro.fashion.qq.com/a/20130924/015738_all.htm
http://pic.qiantucdn.com/10/70/16/62bOOOPIC03.jpg	http://www.58pic.com/tupian/taohuasucai.html
http://www.china5080.com/activity/3/2011_4_14_22_7_16_580.JPG	http://www.china5080.com/sheyingtwo/view/2840.html
http://p.ayxbk.com/images/thumb/0/01/Bkfd3.jpg/200px-Bkfd3.jpg	http://www.a-hospital.com/w/%E6%A1%83%E8%8A%B1
http://pic.pimg.tw/taconet/eed6bc787b7dc28a9f2d137a16c974d2.jpg	http://taconet.pixnet.net/blog/post/34060183-%E6%A1%83%E8%8A%B1
https://s2-ssl.dmcdn.net/hjGbo/x240-84v.jpg	https://www.dailymotion.com/video/x5di3ky
http://www.wallcoo.com/flower/peach_blossom_01/mxxx01/%5Bwallcoo.com%5D_peach_blossom_16GA009.jpg	http://www.wallcoo.com/flower/peach_blossom_01/html/image16.html
http://www.cnzyao.com/uploads/allimg/120704/1-120F42255570-L.jpg	http://www.cnzyao.com/yaocai/hua/3403.html
http://c2-q.mafengwo.net/s5/M00/0F/34/wKgB3FFivP6AKMvuAAYW6s10zTw49.jpeg?imageView2%2F2%2Fw%2F2000%2Fh%2F600%2Fq%2F90%7Cwatermark%2F3%2Fimage%2FaHR0cDovL2MyLXEubWFmZW5nd28ubmV0L3M5L00wMC82My84RS93S2dCczFaTmVzV0FZb29JQUFBU2JNMElpRjQyNDEucG5n%2Fgravity%2FSouthEast%2Fdx%2F20%2Fdy%2F20%2Fimage%2FaHR0cDovL2MyLXEubWFmZW5nd28ubmV0L3M5L00wMC82My84RS93S2dCczFaTmVzV0FZb29JQUFBU2JNMElpRjQyNDEucG5n%2Fgravity%2FSouthEast%2Fdx%2F20%2Fdy%2F20	http://www.mafengwo.cn/travel-news/404687.html
http://p.ayxbk.com/images/thumb/1/14/Bkfd1.jpg/220px-Bkfd1.jpg	http://www.a-hospital.com/w/%E6%A1%83%E8%8A%B1
http://n3-q.mafengwo.net/s6/M00/39/A4/wKgB4lMv2uCAV1ckAAEsqC3XCPs51.jpeg?imageView2%2F2%2Fw%2F2000%2Fh%2F600%2Fq%2F90%7Cwatermark%2F3%2Fimage%2FaHR0cDovL2MyLXEubWFmZW5nd28ubmV0L3M5L00wMC82My84RS93S2dCczFaTmVzV0FZb29JQUFBU2JNMElpRjQyNDEucG5n%2Fgravity%2FSouthEast%2Fdx%2F20%2Fdy%2F20%2Fimage%2FaHR0cDovL2MyLXEubWFmZW5nd28ubmV0L3M5L00wMC82My84RS93S2dCczFaTmVzV0FZb29JQUFBU2JNMElpRjQyNDEucG5n%2Fgravity%2FSouthEast%2Fdx%2F20%2Fdy%2F20	http://www.mafengwo.cn/travel-news/212922.html
http://c3-q.mafengwo.net/s1/M00/42/74/wKgBm026a_PaannUAAFrvcyMteU62.jpeg?imageView2%2F2%2Fw%2F2000%2Fh%2F600%2Fq%2F90%7Cwatermark%2F3%2Fimage%2FaHR0cDovL2MyLXEubWFmZW5nd28ubmV0L3M5L00wMC82My84RS93S2dCczFaTmVzV0FZb29JQUFBU2JNMElpRjQyNDEucG5n%2Fgravity%2FSouthEast%2Fdx%2F20%2Fdy%2F20%2Fimage%2FaHR0cDovL2MyLXEubWFmZW5nd28ubmV0L3M5L00wMC82My84RS93S2dCczFaTmVzV0FZb29JQUFBU2JNMElpRjQyNDEucG5n%2Fgravity%2FSouthEast%2Fdx%2F20%2Fdy%2F20	http://www.mafengwo.cn/travel-news/221319.html
http://c2-q.mafengwo.net/s7/M00/BC/ED/wKgB6lTQkbaAB3hDAAcNxcnJ0Xc31.jpeg?imageView2%2F2%2Fw%2F2000%2Fh%2F600%2Fq%2F90%7Cwatermark%2F3%2Fimage%2FaHR0cDovL2MyLXEubWFmZW5nd28ubmV0L3M5L00wMC82My84RS93S2dCczFaTmVzV0FZb29JQUFBU2JNMElpRjQyNDEucG5n%2Fgravity%2FSouthEast%2Fdx%2F20%2Fdy%2F20%2Fimage%2FaHR0cDovL2MyLXEubWFmZW5nd28ubmV0L3M5L00wMC82My84RS93S2dCczFaTmVzV0FZb29JQUFBU2JNMElpRjQyNDEucG5n%2Fgravity%2FSouthEast%2Fdx%2F20%2Fdy%2F20	http://www.mafengwo.cn/travel-news/220682.html
http://www.zgbgwx.com/uploads/allimg/c111217/1324054930B420-4R61.jpg	http://www.zgbgwx.com/a/20111217/2124.html
http://pic7.nipic.com/20100529/4271569_235019000566_2.jpg	http://www.nipic.com/show/1/44/8531fa547700aded.html
http://img.mp.itc.cn/upload/20170621/c88a323b41f54041b5e0259435154f57_th.jpg	http://www.sohu.com/a/150670207_211194
http://jad.police.taipei/public/MMO/PKL/%E6%A1%83%E8%8A%B110102-02.jpg	http://jad.police.taipei/fp.asp?fpage=cp&xItem=17443266&ctNode=8957&mp=108161
https://www.lnka.tw/images/article/20140612072156642.jpg	https://www.lnka.tw/html/topic/12433.html
http://act.inlishui.com/2011/zt/xd/Upload/2011-04/20110409162538713.jpg	http://yuansq2010like.lofter.com/post/2f0eac_1076ffb
