
http://s7.sinaimg.cn/mw690/49a4b55dhd37af31a8266&690	http://blog.sina.com.cn/s/blog_49a4b55d0102e8p9.html
http://a3.att.hudong.com/80/61/16300000224159124574611356357.jpg	http://tupian.baike.com/a3_80_61_16300000224159124574611356357_jpg.html?prd=zhengwenye_left_futu_tupian
http://a0.att.hudong.com/10/51/01300000164586121775519255671.jpg	http://www.baike.com/wiki/%E5%90%8A%E9%92%9F%E8%8A%B1
http://a0.att.hudong.com/35/55/01300000164586121775557304268.jpg	http://www.baike.com/wiki/%E5%90%8A%E9%92%9F%E8%8A%B1
http://www.ritagiang.com/files/articleFilesfinder/images/DSC_1391-1.jpg	http://www.ritagiang.com/article.php?id=539
http://a3.att.hudong.com/80/61/01300000164586121775615367147_s.jpg	http://www.baike.com/wiki/%E5%90%8A%E9%92%9F%E8%8A%B1
http://3.bp.blogspot.com/-RHMr1ihU5Uw/VOoXkyjpOjI/AAAAAAAAL4s/PXEAh_34gOQ/s1600/MyBlog_%E5%90%8A%E9%90%98%E8%8A%B1.jpg	http://chanddgreen.blogspot.com/2015/02/blog-post.html
http://a1.att.hudong.com/18/55/20300001141980130476551437400.jpg	http://tupian.baike.com/a1_18_55_20300001141980130476551437400_jpg.html&prd=so_tupian
http://a0.att.hudong.com/55/48/01300000164586121775488448332.jpg	http://www.baike.com/wiki/%E5%90%8A%E9%92%9F%E8%8A%B1
http://www.baihuamen.com/d/file/2014/05-18/3ed80a77207776ea61ad889c71af86a8.jpg	http://www.baihuamen.com/diaozhonghua/
http://s16.sinaimg.cn/mw690/49a4b55dhd37b0f8593df&690	http://blog.sina.com.cn/s/blog_49a4b55d0102e8p9.html
http://imglf7.ph.126.net/P72C_zRg2cHr3rC28y0a2w==/606860049805461137.jpg	http://ollerer.lofter.com/post/20f7a_a9f5b
http://pic32.nipic.com/20130827/12518746_230512339147_2.jpg	http://www.nipic.com/show/8763085.html
https://b-ssl.duitang.com/uploads/blog/201309/04/20130904233044_vaSBt.thumb.700_0.jpeg	https://www.duitang.com/blogs/tag/?name=%E5%90%8A%E9%92%9F%E8%8A%B1
http://www.baihuamen.com/d/file/2014/05-18/ca61cdf5e353d405e47ca39971abb492.jpg	http://www.baihuamen.com/diaozhonghua/
http://pic.baike.soso.com/ugc/baikepic/26460/cov-20140621205935-1145866816.jpg/0	http://baike.sogou.com/v228940.htm
http://s13.sinaimg.cn/mw690/49a4b55dhd37af3117d6c&690	http://blog.sina.com.cn/s/blog_49a4b55d0102e8p9.html
http://a4.att.hudong.com/75/52/01300000164586121775529258778_s.jpg	http://www.baike.com/wiki/%E5%90%8A%E9%92%9F%E8%8A%B1
http://flowers.taipei/imagespace/plant_tree/original/thumb_image_8030240.JPG	http://flowers.taipei/Info/Detail/55102b25-aad3-4e01-b841-ecffaf0807a0
http://s1.sinaimg.cn/mw690/49a4b55dh7b8c4a80cd70&690	http://blog.sina.com.cn/s/blog_49a4b55d0102e8p9.html
http://1.bp.blogspot.com/-m2lAgnruXRQ/VGbTLku2IcI/AAAAAAABC8E/doIIb6Yp7Xk/s1600/Fuchsia%2B1(sm).jpg	http://cshuang2.blogspot.com/2014/11/fuchsia-11062014-european-upright.html
http://p.d1xz.net/2014/6/25/191898269826.jpg	http://www.d1xz.net/astro/huayu/art54491.aspx
http://www.ebaomonthly.com/ebao/e1304/Fuchsia_2.jpg	http://www.ebaomonthly.com/ebao/readebao.php?a=20130410
http://a0.att.hudong.com/86/59/16300000224159124574592912515_950.jpg	http://tupian.baike.com/834/7.html?prd=zutu_thumbs
http://g.udn.com.tw/community/img/PSN_PHOTO/chouhwa/f_1584096_1.jpg	http://album.udn.com/chouhwa/photo/1584096?f_number=8
http://2.bp.blogspot.com/-bB_-ms2ZSIo/VGbTzoVGwYI/AAAAAAABC8k/1CYyMiHAS2w/s1600/Fuchsia%E5%90%8A%E9%90%98%E8%8A%B1%2B(2(sm)).jpg	http://cshuang2.blogspot.com/2014/11/fuchsia-11062014-european-upright.html
http://a3.att.hudong.com/02/50/01300000164586121775502630532_s.jpg	http://www.baike.com/wiki/%E5%90%8A%E9%92%9F%E8%8A%B1
http://img165.poco.cn/mypoco/myphoto/20111222/18/42588736200201010819362543232042561_000.jpg	http://www.qiaoyou020.com/uqiaoyou001/38148-493958.aspx
http://www.ebaomonthly.com/ebao/e1304/Fuchsia_1.jpg	http://www.ebaomonthly.com/ebao/readebao.php?a=20130410
http://www.chachaba.com/news/uploads/120312/31_094702_1.jpg	http://www.chachaba.com/news/html/312zhishu/xinwen/20120312/68116.html
http://1.bp.blogspot.com/-x1snt1ymAAw/VMi1KMHQpCI/AAAAAAAAEhY/W5Or9HEggso/s1600/IMG_1505.JPG	http://amicee.blogspot.com/2015/01/2015271.html
http://1.bp.blogspot.com/-XT_hL1AV7TM/U71rQ8DKaqI/AAAAAAAAbyU/MwRBwsFpHlY/s1600/P1400113_%25E5%2589%25AF%25E6%259C%25AC.jpg	http://purplewhee.blogspot.com/2011/12/blog-post_30.html
http://a3.att.hudong.com/28/99/20300543523714147702996888770_s.jpg	http://www.baike.com/wiki/%E6%97%A5%E6%9C%AC%E5%90%8A%E9%92%9F%E8%8A%B1
http://img2.yododo.com/files/forum/2014-03-04/01448BFFF3801C04FF8080814489EFBF.jpg	http://www.yododo.com/group/t/01448C0124381C0FFF8080814489EFBF
http://a1.att.hudong.com/45/61/16300000224159124574611054942.jpg	http://tupian.baike.com/a1_45_61_16300000224159124574611054942_jpg.html?prd=zhengwenye_left_futu_tupian
http://a0.att.hudong.com/34/47/20300000164151143272477671665_s.jpg	http://www.baike.com/wiki/%E5%90%8A%E9%92%9F%E8%8A%B1%E5%B1%9E
https://8.share.photo.xuite.net/tamlubi/182cf10/9837921/437030063_m.jpg	http://blog.xuite.net/tamlubi/twblog/122762365-%E5%90%8A%E9%90%98%E8%8A%B1
http://www.baihuamen.com/d/file/2014/06-01/0c926fd3b419fe0ea4a4d579f25ac530.jpg	http://www.baihuamen.com/chiyuandiaozhonghua/
http://1822.img.pp.sohu.com.cn/images/2012/2/14/20/15/u138866712_1363bd656dag215.jpg	http://ngfy123.blog.sohu.com/203643679.html
http://www.yuhuagu.com/uploads/allimg/151215/43-151215153948.jpg	http://www.yuhuagu.com/ktsh/2996.html
http://www.ritagiang.com/files/articleFilesfinder/images/IMG_5499-1.jpg	http://www.ritagiang.com/article.php?id=539
http://a3.att.hudong.com/52/51/01300000164586121775510736250.jpg	http://tupian.baike.com/a3_52_51_01300000164586121775510736250_jpg.html
https://5.share.photo.xuite.net/r69236923/15263d3/10543553/486810642_m.jpg	http://blog.xuite.net/r69236923/twblog/128334567-%E5%90%8A%E9%90%98%E8%8A%B1
http://img0.dreamhy.com/upload/20130520/0148282203.jpg	http://www.dreamhy.com/meitu/tag-%E5%90%8A%E9%92%9F%E8%8A%B1.aspx
http://pic.baike.soso.com/ugc/baikepic2/7533/cut-20150414115054-1264287280.jpg/0	http://baike.sogou.com/lemma/ShowInnerLink.htm?lemmaId=45706&ss_c=ssc.citiao.link
http://static.apple.nextmedia.com/images/apple-photos/apple_sub/20150214/large/14fe12pnew1.jpg	http://hk.apple.nextmedia.com/supplement/travel/art/20150214/19040938
https://thumbs.dreamstime.com/z/%E6%A1%83%E7%BA%A2%E8%89%B2%E5%92%8C%E7%99%BD%E8%89%B2%E5%90%8A%E9%92%9F%E8%8A%B1-31180553.jpg	https://cn.dreamstime.com/photos-images/%E6%A1%83%E7%BA%A2%E8%89%B2%E5%90%8A%E9%92%9F%E8%8A%B1.html
http://pic31.nipic.com/20130801/13169277_134604601000_2.jpg	http://www.nipic.com/show/1/44/8585598kafd77dbd.html
http://www.ritagiang.com/files/articleFilesfinder/images/IMG_3796-1.jpg	http://www.ritagiang.com/article.php?id=539
http://annatam.com/chinese/wp-content/uploads/2012/02/photo-1-13.jpg	http://annatam.com/chinese/chinese-new-year-flower/
http://www.baihuamen.com/d/file/2014/06-01/cb558dc89c9f9ec32005f6e48af5c507.jpg	http://www.baihuamen.com/chiyuandiaozhonghua/17438_7.html
http://img.boqiicdn.com/Data/BK/A/1601/18/imagick35131453098069_y.jpg	http://www.boqii.com/entry/detail/2436.html
http://www.yuhuagu.com/uploads/allimg/120519/10-120519204156.jpg	http://www.yuhuagu.com/ktsh/2997.html
http://pic.pimg.tw/lily20130627/1378023132-3718254173.jpg	http://lily20130627.pixnet.net/blog/post/34527333-%E8%8A%AD%E8%95%BE%E8%88%9E%E5%AD%83%E3%80%82%E5%90%8A%E9%90%98%E8%8A%B1
http://img.boqiicdn.com/Data/BK/A/1601/18/imagick32161453101453_y.jpg	http://www.boqii.com/article/25982.html
http://www.wed114.cn/jiehun/uploads/allimg/160906/52_160906162755_3.jpg	http://www.wed114.cn/jiehun/zhiwu/20160906154888_2.html
https://thumbs.dreamstime.com/z/%E5%90%8A%E9%92%9F%E8%8A%B1-11304088.jpg	https://cn.dreamstime.com/%E5%85%8D%E7%89%88%E7%A8%8E%E5%BA%93%E5%AD%98%E7%85%A7%E7%89%87-%E5%90%8A%E9%92%9F%E8%8A%B1-image11304088
http://i1.bbs.fd.zol-img.com.cn/t_s800x2000/g1/M04/0E/0D/Cg-4jVL8wZuIEaqeAAFuiK7v5E4AAG7FgHzvtAAAW6g141.jpg	http://bbs.zol.com.cn/dcbbs/d657_149236.html
http://botany.szu.edu.cn/pic/fenlei/qiniangshan%20jpg/%E5%90%8A%E9%92%9F%E8%8A%B1%20enkianthus%20quinqueflorous%20%E8%A7%82%E8%B5%8F%E6%A4%8D%E7%89%A9.jpg	http://botany.szu.edu.cn/photo_view.asp?urlid=1&photoid=271
http://4.bp.blogspot.com/-PiG_BFQE8u4/VOoXjChuC9I/AAAAAAAAL4U/lMUibOYQjlI/s1600/MyBlog_%E5%90%8A%E9%90%98%E8%8A%B1%2B8.jpg	http://chanddgreen.blogspot.com/2015/02/blog-post.html
http://www.oasistrek.com/images/cny_flower/1.jpg	http://www.oasistrek.com/chinese_new_year_flower.php
https://en.pimg.jp/001/716/156/1/1716156.jpg	https://cn.pixtastock.com/photo/1716156
http://pic1.huashichang.com/2016/0901/22/57c841c5e4973.jpg	http://www.aihuhua.com/tu/chiyuandiaozhonghua.html
http://img05.tooopen.com/images/20140607/sy_62611386738.jpg	http://www.tooopen.com/view/626113.html
http://z.xiziwang.net/uploads/allimg/150129/14_150129095054_1.jpg	http://z.xiziwang.net/hua/19122/
http://news.china-flower.com/Upload2005/2008-3-17/2008317143134261.jpg	http://news.china-flower.com/news/newsinfo.asp?n_id=124787
http://2.bp.blogspot.com/-l7RkkqAatek/T090iYyZdRI/AAAAAAAAClQ/3jeEmjq3GXU/s1600/flower+5.JPG	http://notsomoon.blogspot.com/2012/03/blog-post.html
http://1.bp.blogspot.com/-euSj3ibaFYA/VVVNhBkcu4I/AAAAAAAAQPI/3PEWs3TmiiY/s1600/DSC00065.JPG	http://aeni1203.pixnet.net/blog/post/285289924-%E9%BD%92%E7%B7%A3%E5%90%8A%E9%90%98%E8%8A%B1
http://pic19.nipic.com/20120312/8759743_143351292166_2.jpg	http://www.nipic.com/show/1/44/5835457k87dec01a.html
http://www.hkhikers.com/images/Luk%20Wu%20-%20To%20Kwa%20Peng/Luk%20Wu%20-%20To%20Kwa%20Peng%2009.JPG	http://www.hkhikers.com/Luk%20Wu%20-%20To%20Kwa%20Peng.htm
http://pic23.nipic.com/20120911/10926125_154333356163_2.jpg	http://www.nipic.com/show/1/44/6815169k58782c2a.html
http://s16.sinaimg.cn/mw690/49a4b55dh7b8c648ff21f&690	http://blog.sina.com.cn/s/blog_49a4b55d0102e8p9.html
http://pic19.nipic.com/20120312/8759743_143412626168_2.jpg	http://www.nipic.com/show/1/44/5835455kaf74ba1a.html
http://1.bp.blogspot.com/-H6GAoFp1HJ0/UwlXp16PE0I/AAAAAAAAGOw/UhFje0seI44/s1600/resources+(1).jpg	http://siuyue2013.blogspot.com/2014/02/blog-post_24.html
http://kplant.biodiv.tw/%E5%90%8A%E9%90%98%E8%8A%B1/%E5%90%8A%E9%90%98%E8%8A%B1-%E8%8A%B120.jpg	http://kplant.biodiv.tw/%E5%90%8A%E9%90%98%E8%8A%B1/%E5%90%8A%E9%90%98%E8%8A%B1.htm
http://4.bp.blogspot.com/-G2faSJluzqU/VOX9QTf0CiI/AAAAAAAAA8Q/1zgT6Nj7250/s1600/IMG_52.JPG	http://flyingman9394.blogspot.com/2015/02/blog-post_19.html
https://topick.hket.com/res/v3/image/content/1635000/1637691/IMG-20170130-WA0034_1024.jpg	https://topick.hket.com/article/1637691/%E3%80%8C%E5%90%8A%E9%90%98%E7%8E%8B%E3%80%8D%E7%9B%9B%E9%96%8B%20%20%20%20%20%E6%8F%AD%E9%96%8B%E5%90%8A%E9%90%98%E8%8A%B1%E9%96%8B%E5%BA%8F%E5%B9%95
http://4.bp.blogspot.com/-qS_hi-NiFms/VGbTi8O1D9I/AAAAAAABC8U/Ao-XuXn7INs/s1600/Fuchsia%E5%90%8A%E9%90%98%E8%8A%B13b(sm).jpg	http://cshuang2.blogspot.com/2014/11/fuchsia-11062014-european-upright.html
http://www.baihuamen.com/d/file/2014/05-18/407dfd78c52bb20369ef10443b996e07.jpg	http://www.baihuamen.com/diaozhonghua/14706.html
http://static.apple.nextmedia.com/images/apple-photos/apple_sub/20160205/large/5701p.jpg	http://hk.apple.nextmedia.com/supplement/travel/art/20160205/19480054
http://www.neipet.com/wp-content/uploads/2016/07/diaozhonghua.png	http://www.neipet.com/plant/28404.html
http://img.jiuzheng.com/baike/s/56/d4/56d4045e8f1e036e498b45c4.jpg	http://www.jiuzheng.com/baike-detail/id-57485.html
http://a3.att.hudong.com/21/45/20300000164151143304451542824_s.jpg	http://www.baike.com/wiki/%E9%BD%BF%E7%BC%98%E5%90%8A%E9%92%9F%E8%8A%B1
http://pic.baike.soso.com/ugc/baikepic2/7534/cut-20150414115207-872090417.jpg/0	http://baike.sogou.com/lemma/ShowInnerLink.htm?lemmaId=45706&ss_c=ssc.citiao.link
https://thumbs.dreamstime.com/z/%E8%93%9D%E8%89%B2%E5%90%8A%E9%92%9F%E8%8A%B1-71474592.jpg	https://cn.dreamstime.com/%E5%BA%93%E5%AD%98%E7%85%A7%E7%89%87-%E8%93%9D%E8%89%B2%E5%90%8A%E9%92%9F%E8%8A%B1-image71474592
http://hkxforce.net/wordpress/wp-content/uploads/2007/02/20070211_luk_wu_12.jpg	http://www.hkblowwater.net/discuss/forum.php?mod=viewthread&tid=49992
http://3.bp.blogspot.com/-jBy5YicI3z8/VO2e5_V_hUI/AAAAAAAAa9A/Ev_0MmQZS2Q/s1600/DSC_0253.jpg	http://adasimsim.blogspot.com/2015/03/2015.html
http://www.baihuamen.com/d/file/2014/05-18/9f3faad0240569c9e163a9831a0fa681.jpg	http://www.baihuamen.com/diaozhonghua/
http://pic1.huashichang.com/2016/0901/22/57c841c65c8ca.jpg	http://m.aihuhua.com/tupian/tupianqod.html
https://gw.alicdn.com/bao/uploaded/i1/TB1C6K6QXXXXXbNapXXXXXXXXXX_!!0-item_pic.jpg_230x230.jpg	https://www.taobao.com/article/DNC_C5DkAlAsEzCF.html
https://thumbs.dreamstime.com/z/%E5%90%8A%E9%92%9F%E8%8A%B1-72771720.jpg	https://cn.dreamstime.com/%E5%BA%93%E5%AD%98%E7%85%A7%E7%89%87-%E5%90%8A%E9%92%9F%E8%8A%B1-image72771720
http://www.bbioo.com/uploadfile/2014/0509/201405090128554968.jpg	http://www.bbioo.com/lifesciences/43-63688-1.html
https://cdn.huaniaoy.cn/20160201/original/1454257199714.jpg@!pic280zw	https://www.huaniaoy.com/yangzhifangfa/5082/
https://b-ssl.duitang.com/uploads/item/201609/21/20160921092259_NPSGj.thumb.700_0.jpeg	https://www.duitang.com/blogs/tag/?name=%E5%90%8A%E9%92%9F%E8%8A%B1
http://www.52yhua.com/uploads/allimg/160811/1-160Q1224237.jpg	http://m.52yhua.com/mubentp/3260.html
http://3.bp.blogspot.com/-0DyZsR6GpvU/Uoi5i7rbkjI/AAAAAAAAlX0/QMP-kqtI7ws/s1600/YaGVGWASPAVY1dAyPftu8w%5B1%5D.jpg	http://hoepen.blogspot.com/2013/10/blog-post_3935.html
https://t15.pimg.jp/031/926/805/1/31926805.jpg	https://cn.pixtastock.com/tags/%E6%97%A5%E6%9C%AC%E5%90%8A%E9%92%9F%E8%8A%B1
https://thumbs.dreamstime.com/z/%E6%A1%83%E7%BA%A2%E8%89%B2%E5%90%8A%E9%92%9F%E8%8A%B1-91463772.jpg	https://cn.dreamstime.com/%E5%BA%93%E5%AD%98%E7%85%A7%E7%89%87-%E6%A1%83%E7%BA%A2%E8%89%B2%E5%90%8A%E9%92%9F%E8%8A%B1-image91463772
https://thumbs.dreamstime.com/z/%E8%89%B2%E5%90%8A%E9%92%9F%E8%8A%B1ruellia-brittoniana%E8%8A%B1%E5%BC%80%E8%8A%B1-78921332.jpg	https://cn.dreamstime.com/%E5%BA%93%E5%AD%98%E4%BE%8B%E8%AF%81-%E8%89%B2%E5%90%8A%E9%92%9F%E8%8A%B1ruellia-brittoniana%E8%8A%B1%E5%BC%80%E8%8A%B1-image78920873
https://upload.wikimedia.org/wikipedia/commons/thumb/6/64/Enkianthus_quinqueflorus_09032008c.JPG/250px-Enkianthus_quinqueflorus_09032008c.JPG	https://zh.wikipedia.org/wiki/%E5%90%8A%E9%90%98
