
http://a2.att.hudong.com/07/17/01300000180919121683171549554_s.jpg	http://www.baike.com/wiki/%E9%86%89%E9%B1%BC%E8%8D%89
https://upload.wikimedia.org/wikipedia/commons/thumb/9/90/BuddlejaDavidiiStrauch.jpg/280px-BuddlejaDavidiiStrauch.jpg	https://zh.wikipedia.org/wiki/%E5%A4%A7%E5%8F%B6%E9%86%89%E9%B1%BC%E8%8D%89
https://gss0.bdstatic.com/-4o3dSag_xI4khGkpoWK1HF6hhy/baike/s%3D220/sign=196e36e5dbc8a786ba2a4d0c5708c9c7/0eb30f2442a7d933f4e4726ca74bd11373f00164.jpg	https://baike.baidu.com/item/%E9%86%89%E9%B1%BC%E8%8D%89
http://a0.att.hudong.com/37/16/01300000180919121683160594282.jpg	http://www.baike.com/wiki/%E9%86%89%E9%B1%BC%E8%8D%89
http://www.baihuamen.com/d/file/2014/04-24/3e1c283399cf2df15f745da715dba452.jpg	http://www.baihuamen.com/dayezuiyucao/
https://www.huabaike.com/uploads/allimg/artimg/201612/20161221164125_90543.jpg	https://www.huabaike.com/hyjk/6397.html
http://a2.att.hudong.com/22/31/01300000007943118223166402822_s.jpg	http://www.baike.com/wiki/%E5%A4%A7%E5%8F%B6%E9%86%89%E9%B1%BC%E8%8D%89
http://www.jx1689.com/product/heheliuimg/2009012108200535038.jpg	http://www.jx1689.com/productmore.asp?id=58
http://www.52yhua.com/uploads/allimg/160704/1-160F4222Z8.jpg	http://m.52yhua.com/mubentp/2771.html
https://www.huabaike.com/uploads/allimg/sltimg/201606/575d27ce15176.jpg	http://www.huabaike.com/hyjk/4156.html
http://a2.att.hudong.com/38/32/01300543523714147815324153767_s.jpg	http://www.baike.com/wiki/%E5%A4%A7%E7%90%86%E9%86%89%E9%B1%BC%E8%8D%89
http://pic.showhua.com/pinzhong/201432152832.jpg	http://www.showhua.com/pinzhong/zuiyucao/
http://images.nongmiao.com/small//trade/2012/09/14/03/44/449281132_201fb56d884dff0ed2c2b7bd0275a502.310x310.jpg	http://www.nongmiao.com/helvjuyy/supply-304-1.html
http://www.hdzps.com/Article/UploadFile/2008-6/200862113488709.jpg	http://www.hdzps.com/Product.asp?ID=263
http://www.52yhua.com/uploads/allimg/160704/1-160F4223142.jpg	http://www.52yhua.com/mubentp/2772.html
http://www.foodmate.net/upimg/071015/15_134116.jpg	http://www.foodmate.net/4images/plant/88386.html
https://gss1.bdstatic.com/9vo3dSag_xI4khGkpoWK1HF6hhy/baike/s%3D220/sign=0cbcbc3843166d223c77129676220945/b3119313b07eca803c7f0214912397dda04483ce.jpg	https://baike.baidu.com/item/%E9%86%89%E9%B1%BC%E8%8D%89
http://www.yuhuagu.com/uploads/allimg/120628/43-12062P51041.jpg	http://www.yuhuagu.com/ktsh/3286.html
http://img.bimg.126.net/photo/sZNJxEDgdQm0tnEROchsNw==/4796896553103309877.jpg	https://tieba.baidu.com/p/677991141
http://a4.att.hoodong.com/72/15/01300000180919121683156428852_s.jpg	http://www.baike.com/wiki/%E9%86%89%E9%B1%BC%E8%8D%89
https://sites.google.com/site/kevinplants/_/rsrc/1493935628982/home/managementknowledge/fragrantplants/buddlia/Buddlia-010.jpg	https://sites.google.com/site/kevinplants/home/managementknowledge/fragrantplants/buddlia
http://b2b.image.yuanlin.com/Biz/2010-9/201012171613479412.png	http://blog.sina.com.cn/s/blog_4d3b49f10102vngl.html
http://www.yuhuagu.com/uploads/allimg/120223/11-120223223Q6.jpg	http://www.yuhuagu.com/ju/2012/0223/2409.html
https://thumbs.dreamstime.com/z/%E8%89%B2%E5%BC%80%E8%8A%B1%E7%9A%84%E9%86%89%E9%B1%BC%E8%8D%89%E5%B1%9E%E7%81%8C%E6%9C%A8%E6%A0%91%E8%8D%AB%E4%B8%8E-%E8%9D%B6%E7%9A%84-83542173.jpg	https://cn.dreamstime.com/%E5%BA%93%E5%AD%98%E7%85%A7%E7%89%87-%E8%89%B2%E5%BC%80%E8%8A%B1%E7%9A%84%E9%86%89%E9%B1%BC%E8%8D%89%E5%B1%9E%E7%81%8C%E6%9C%A8%E6%A0%91%E8%8D%AB%E4%B8%8E-%E8%9D%B6%E7%9A%84-image83542173
https://cbu01.alicdn.com/img/ibank/2015/617/269/2626962716_1250384539.220x220.jpg	http://www.1688.com/jiage/-D7EDD3E3B2DD.html
http://www.51hm.cn/zwpic/%E9%86%89%E9%B1%BC%E8%8D%891.jpg	http://www.51hm.cn/zw/zwshow.asp?zwid=1696
https://3.bp.blogspot.com/-s5kNwuw9pew/VTW2-heAP9I/AAAAAAAA_JQ/pudTV7_uht8/s1600/DSC_0422.JPG	https://i-hua.blogspot.com/2015/04/blog-post_21.html
http://test.4001890001.com/images/upload/Image/vi9410_6308.jpg	http://test.4001890001.com/goods-991.html
http://lvpu.net/SuGenHuaHui/ZuiYuCao/pic/ZuiYuCao1.jpg	http://lvpu.net/SuGenHuaHui/ZuiYuCao/
http://www.baihuamen.com/d/file/2014/04-25/3cf931152366fb417db7eab3759d259c.jpg	http://www.baihuamen.com/dayezuiyucao/
http://tgi12.jia.com/116/138/16138855.jpg	http://www.jia.com/baike/bdetail-6485/
http://img.redocn.com/photo/20130606/20130604_fb5d89dee75352292c968Sk9LllAGBK3.jpg	http://m.redocn.com/dongwuzhiwu_2098186.html
http://gc.yuanlin.com/UpLoadFile/201001/201014143818475.jpg	http://gc.yuanlin.com/HTML/Article/2010-1/Yuanlin_Project_6003.HTML
http://www.baihuamen.com/d/file/2014/04-25/d8d971cfe6fe617f00a47a5c29a96b22.jpg	http://www.baihuamen.com/dayezuiyucao/
http://a4.att.hudong.com/05/73/01200000028871136324738692514_s.jpg	http://www.baike.com/wiki/%E5%A4%A7%E8%8A%B1%E9%86%89%E9%B1%BC%E8%8D%89
http://www.bm8.com.cn/flower/photo/%E9%86%89%E9%B1%BC%E8%8D%892.jpg	http://www.bm8.com.cn/flower/show.asp?id=170
http://a4.att.hudong.com/45/16/01300000180919121683169228222_s.jpg	http://www.baike.com/wiki/%E9%86%89%E9%B1%BC%E8%8D%89
http://images.nongmiao.com/big//trade/2014/06/29/20/1406292015276628.jpg	http://www.nongmiao.com/chuncaihuahui/supplydetail-146944.html
http://www.baihuamen.com/d/file/2014/04-25/e904dc3d5e07ec2bb57e824032a45d30.jpg	http://www.baihuamen.com/dayezuiyucao/
http://www.chinabaike.com/article/396/hm/2008/20080318/mm/img/200831912271145377801.jpg	http://www.chinabaike.com/article/396/hm/2008/200803191201558.html
https://myfoodandflowers.files.wordpress.com/2012/08/e79faee680a7e5a4a7e89189e98689e9ad9ae88d89-1.jpg	https://myfoodandflowers.wordpress.com/2012/08/20/%E7%9F%AE%E6%80%A7%E5%A4%A7%E8%91%89%E9%86%89%E9%AD%9A%E8%8D%89butterfly-bush-buddleia-davidii-nanho-blue/
http://p.d1xz.net/2015/3/10/164167936793.jpg	http://3g.d1xz.net/astro/huayu/art80788.aspx
https://upload.wikimedia.org/wikipedia/commons/thumb/4/42/Buddleja_lindleyana_flower_in_China_GZ.JPG/220px-Buddleja_lindleyana_flower_in_China_GZ.JPG	https://zh.wikipedia.org/wiki/%E9%86%89%E9%B1%BC%E8%8D%89
https://www.huabaike.com/uploads/allimg/sltimg/201612/58577361b338e.jpg	http://www.huabaike.com/hyjk/4156.html
http://a2.att.hudong.com/12/16/01300000180919121683162011016_s.jpg	http://www.baike.com/wiki/%E9%86%89%E9%B1%BC%E8%8D%89
http://pic.pingguolv.com/uploads/allimg/161025/142-161025130120.png	http://www.pingguolv.com/sl/yingyang/70584.html
https://www.huabaike.com/uploads/allimg/artimg/201606/20160612171213_29096.jpg	https://www.huabaike.com/hyjk/4154.html
https://www.huabaike.com/uploads/allimg/sltimg/201606/575d273c9bcc6.jpg	http://www.huabaike.com/hyjk/4156.html
http://a1.att.hudong.com/31/38/20300000237086143347388936451_s.jpg	http://www.baike.com/wiki/%E9%86%89%E9%B1%BC%E8%8D%89%E7%A7%91
https://www.huabaike.com/uploads/allimg/sltimg/201606/575d25d988f8f.jpg	http://www.huabaike.com/mbzw/4150.html
http://a0.att.hudong.com/23/16/01300000180919121683167005804_s.jpg	http://www.baike.com/wiki/%E9%86%89%E9%B1%BC%E8%8D%89
https://www.huabaike.com/uploads/allimg/artimg/201612/20161221164139_42316.jpg	https://www.huabaike.com/hyjk/6397.html
http://www.cnhua.net/uploads/allimg/090628/204I94N3-0.JPG	http://www.cnhua.net/zhiwu/maqianke/bhzyc/
http://www.zhmf5.com/uploads/allimg/120501/1-120501163Q2216.jpg	http://www.zhmf5.com/html/jishengchongbingyongyaopian/20120501/5052.html
https://upload.wikimedia.org/wikipedia/commons/thumb/6/6c/Buddleja_macrostachya_panicle.jpg/220px-Buddleja_macrostachya_panicle.jpg	https://zh.wikipedia.org/wiki/%E5%A4%A7%E5%BA%8F%E9%86%89%E9%B1%BC%E8%8D%89
https://www.huabaike.com/uploads/allimg/sltimg/201612/585a401cb922c.jpg	http://www.huabaike.com/hyjk/4156.html
https://upload.wikimedia.org/wikipedia/commons/thumb/c/c4/White_buddleia_closeup.jpg/240px-White_buddleia_closeup.jpg	https://zh.wikipedia.org/wiki/%E9%86%89%E9%B1%BC%E8%8D%89%E5%B1%9E
https://www.huabaike.com/uploads/allimg/artimg/201612/20161219134347_10271.jpg	https://www.huabaike.com/jtyh/6357.html
http://www.cnhua.net/uploads/allimg/090628/2045363C0-0.JPG	http://www.cnhua.net/zhiwu/maqianke/bhzyc/
https://b-ssl.duitang.com/uploads/item/201209/27/20120927205324_WZ3CN.thumb.700_0.jpeg	http://www.duitang.com/blog/?id=47123880
http://img.ph.126.net/3nqAb6C2VKvwGVNJYlNlow==/3204311134874825839.jpg	http://zoumengde.blog.163.com/blog/static/5964457920115166555140
http://www.yuhuagu.com/uploads/allimg/120628/43-12062P51045.jpg	http://www.yuhuagu.com/ktsh/3286.html
http://www.yuhuagu.com/uploads/allimg/120616/10-120616120535.jpg	http://www.yuhuagu.com/ktsh/3285.html
http://www.baihuamen.com/d/file/2014/04-25/6f4d6e45f76b74a2f7b7f9119764efb8.jpg	http://www.baihuamen.com/dayezuiyucao/11002_7.html
http://img.ph.126.net/mQl5bsXr7_UTGcoyU4th0g==/1529816498423169290.jpg	http://zoumengde.blog.163.com/blog/static/5964457920115166555140
http://www.yuhuagu.com/uploads/allimg/120616/10-120616121103.jpg	http://www.yuhuagu.com/ktsh/3286.html
https://gss1.bdstatic.com/9vo3dSag_xI4khGkpoWK1HF6hhy/baike/s%3D220/sign=cc5d406fa786c9170c03553bf93c70c6/0e2442a7d933c89588d43cecd11373f0830200fa.jpg	http://baike.baidu.com/item/%E5%A4%A7%E8%8A%B1%E9%86%89%E9%B1%BC%E8%8D%89
http://www.52yhua.com/uploads/allimg/160704/1-160F4222927.jpg	http://m.52yhua.com/mubentp/2771.html
https://gss3.bdstatic.com/7Po3dSag_xI4khGkpoWK1HF6hhy/baike/s%3D220/sign=786e11709d16fdfadc6cc1ec848e8cea/c8177f3e6709c93daf4ee4ac9f3df8dcd1005429.jpg	https://baike.baidu.com/item/%E5%A4%A7%E5%8F%B6%E9%86%89%E9%B1%BC%E8%8D%89
http://pic31.nipic.com/20130722/10515662_123917122199_2.jpg	http://www.nipic.com/show/1/44/8523129k030041e7.html
https://thumbs.dreamstime.com/b/%E9%86%89%E9%B1%BC%E8%8D%89%E5%B1%9E%E5%BC%80%E8%8A%B1%E7%9A%84%E7%81%8C%E6%9C%A8-48223293.jpg	https://cn.dreamstime.com/%E5%BA%93%E5%AD%98%E7%85%A7%E7%89%87-%E9%86%89%E9%B1%BC%E8%8D%89%E5%B1%9E%E5%BC%80%E8%8A%B1%E7%9A%84%E7%81%8C%E6%9C%A8-image48223293
https://gss0.bdstatic.com/94o3dSag_xI4khGkpoWK1HF6hhy/baike/s%3D220/sign=df90c1a20855b31998f9857773a88286/562c11dfa9ec8a131374da43f503918fa0ecc023.jpg	https://baike.baidu.com/item/%E9%86%89%E9%B1%BC%E8%8D%89
https://thumbs.dreamstime.com/z/%E9%86%89%E9%B1%BC%E8%8D%89%E5%B1%9E-74961706.jpg	https://cn.dreamstime.com/%E5%BA%93%E5%AD%98%E7%85%A7%E7%89%87-%E9%86%89%E9%B1%BC%E8%8D%89%E5%B1%9E-image74961706
http://s15.sinaimg.cn/mw690/002Upswfzy6VocLIg5E2e&690	http://blog.sina.com.cn/s/blog_9ee501b70102vuol.html
http://pic.pingguolv.com/uploads/allimg/161025/142-161025130140.png	http://www.pingguolv.com/sl/yingyang/70584.html
https://thumbs.dreamstime.com/z/%E5%9C%A8%E9%86%89%E9%B1%BC%E8%8D%89%E5%B1%9E%E8%8A%B1%E7%9A%84%E6%AC%A7-%E5%AD%94%E9%9B%80%E9%93%97%E8%9D%B6-76526346.jpg	https://cn.dreamstime.com/%E5%BA%93%E5%AD%98%E7%85%A7%E7%89%87-%E5%9C%A8%E9%86%89%E9%B1%BC%E8%8D%89%E5%B1%9E%E8%8A%B1%E7%9A%84%E6%AC%A7-%E5%AD%94%E9%9B%80%E9%93%97%E8%9D%B6-image76526346
http://s1.sinaimg.cn/mw690/001x4TPMzy7bVj6ylaMa0&690	http://blog.sina.com.cn/s/blog_53bd60360102wul5.html
http://pic.pingguolv.com/uploads/allimg/161027/124-16102GS355.jpg	http://www.pingguolv.com/zy/gongxiao/71026.html
http://image.sciencenet.cn/album/201706/02/095238topm5jtyot33ab3j.jpg	http://blog.sciencenet.cn/blog-5889-1058576.html
https://upload.wikimedia.org/wikipedia/commons/thumb/b/b6/Buddleja_alternifolia_A.jpg/220px-Buddleja_alternifolia_A.jpg	https://zh.wikipedia.org/wiki/%E4%BA%92%E5%8F%B6%E9%86%89%E9%B1%BC%E8%8D%89
https://thumbs.dreamstime.com/z/%E5%9C%A8%E9%86%89%E9%B1%BC%E8%8D%89%E5%B1%9E%E8%8A%B1%E7%9A%84%E6%AC%A7-%E5%AD%94%E9%9B%80%E9%93%97%E8%9D%B6-76526158.jpg	https://cn.dreamstime.com/%E5%BA%93%E5%AD%98%E7%85%A7%E7%89%87-%E5%9C%A8%E9%86%89%E9%B1%BC%E8%8D%89%E5%B1%9E%E8%8A%B1%E7%9A%84%E6%AC%A7-%E5%AD%94%E9%9B%80%E9%93%97%E8%9D%B6-image76526210
https://thumbs.dreamstime.com/z/%E5%9C%A8%E9%86%89%E9%B1%BC%E8%8D%89%E5%B1%9E%E8%8A%B1%E7%9A%84%E6%AC%A7-%E5%AD%94%E9%9B%80%E9%93%97%E8%9D%B6-76526829.jpg	https://cn.dreamstime.com/%E5%BA%93%E5%AD%98%E7%85%A7%E7%89%87-%E5%9C%A8%E9%86%89%E9%B1%BC%E8%8D%89%E5%B1%9E%E8%8A%B1%E7%9A%84%E6%AC%A7-%E5%AD%94%E9%9B%80%E9%93%97%E8%9D%B6-image76526829
http://img.tupianzj.com/uploads/allimg/160330/15-160330234113.jpg	http://www.tupianzj.com/sheying/huahui/20160330/44979_2.html
http://www.yeehua.net/pic/2007/IMG3_2046.JPG	http://www.yeehua.net/picview.asp?tpid=2679
https://thumbs.dreamstime.com/z/%E5%9C%A8%E9%86%89%E9%B1%BC%E8%8D%89%E5%B1%9E%E8%8A%B1%E7%9A%84%E5%B0%8F%E8%9B%B1%E8%9D%B6-76292150.jpg	https://cn.dreamstime.com/%E5%BA%93%E5%AD%98%E7%85%A7%E7%89%87-%E5%9C%A8%E9%86%89%E9%B1%BC%E8%8D%89%E5%B1%9E%E8%8A%B1%E7%9A%84%E5%B0%8F%E8%9B%B1%E8%9D%B6-image76292150
https://upload.wikimedia.org/wikipedia/commons/thumb/c/c6/Buddleja_paniculata_inflorescence.jpg/220px-Buddleja_paniculata_inflorescence.jpg	https://zh.wikipedia.org/wiki/%E5%96%89%E8%8D%AF%E9%86%89%E9%B1%BC%E8%8D%89
https://thumbs.dreamstime.com/z/%E5%9C%A8%E9%86%89%E9%B1%BC%E8%8D%89%E5%B1%9E%E7%9A%84%E7%BA%A2%E8%9B%B1%E8%9D%B6-%E8%9D%B6-81314461.jpg	https://cn.dreamstime.com/%E5%85%8D%E7%89%88%E7%A8%8E%E5%BA%93%E5%AD%98%E5%9B%BE%E7%89%87-%E9%86%89%E9%B1%BC%E8%8D%89%E5%B1%9E%EF%BC%8C-%E8%9D%B6%EF%BC%8C-%E5%BD%A9-%E3%80%82-image34650569
https://gss2.bdstatic.com/9fo3dSag_xI4khGkpoWK1HF6hhy/baike/s%3D220/sign=ac89aef0a9773912c0268263c8188675/3c6d55fbb2fb431637a8923720a4462308f7d3cc.jpg	https://baike.baidu.com/item/%E5%A4%A7%E5%8F%B6%E9%86%89%E9%B1%BC%E8%8D%89
http://image.sciencenet.cn/album/201706/02/095239061re1ql76ghzihm.jpg	http://blog.sciencenet.cn/blog-5889-1058576.html
https://tmiao.files.wordpress.com/2013/05/buddleja_davidii_i26905p381071.jpg	https://tmiao.wordpress.com/2013/05/30/%E5%A4%A7%E5%8F%B6%E9%86%89%E9%B1%BC%E8%8D%89-buddleia-davidii-butterfly-bush/
https://thumbs.dreamstime.com/z/%E9%86%89%E9%B1%BC%E8%8D%89%E5%B1%9Edavidii%EF%BC%8C-%E7%BD%97%E5%85%B0%E8%89%B2%E6%B7%A1-%E8%89%B2-%E8%9D%B6%E7%81%8C%E6%9C%A8%E4%B8%9B-61042674.jpg	https://cn.dreamstime.com/%E5%BA%93%E5%AD%98%E7%85%A7%E7%89%87-%E9%86%89%E9%B1%BC%E8%8D%89%E5%B1%9E%E5%BC%80%E8%8A%B1%E7%9A%84%E7%81%8C%E6%9C%A8-image48223343
http://s3.sinaimg.cn/mw690/001KWqsdgy6UK4qwiH052&690	http://blog.sina.com.cn/s/blog_5ff3202d0102vuq3.html
http://www.wed114.cn/jiehun/uploads/allimg/160324/52_160324175322_3.jpg	http://www.wed114.cn/jiehun/zhiwu/20160324144345.html
http://www.yeehua.net/pic/2007/IMG3_0938.JPG	http://www.yeehua.net/picview.asp?tpid=2369
https://cdn.pixabay.com/photo/2014/04/22/12/38/organ-329714_960_720.jpg	https://pixabay.com/zh/%E5%99%A8%E5%AE%98-%E8%8A%B1%E5%8D%89-%E6%80%A7%E8%B4%A8-%E6%98%A5%E5%A4%A9-%E9%86%89%E9%B1%BC%E8%8D%89%E7%8B%BC%E7%89%99%E5%88%BA-329714/
http://www.baihuamen.com/d/file/2014/04-25/e225378840726ca325890441f3aa77b1.jpg	http://www.baihuamen.com/dayezuiyucao/11002_5.html
http://p.ayxbk.com/images/thumb/6/68/Bkgmd.jpg/220px-Bkgmd.jpg	http://www.a-hospital.com/w/%E9%86%89%E9%B1%BC%E8%8D%89
https://thumbs.dreamstime.com/z/%E5%9C%A8%E9%86%89%E9%B1%BC%E8%8D%89%E5%B1%9E%E8%8A%B1%E7%9A%84%E6%AC%A7-%E5%AD%94%E9%9B%80%E9%93%97%E8%9D%B6-76526210.jpg	https://cn.dreamstime.com/%E5%BA%93%E5%AD%98%E7%85%A7%E7%89%87-%E5%9C%A8%E9%86%89%E9%B1%BC%E8%8D%89%E5%B1%9E%E8%8A%B1%E7%9A%84%E6%AC%A7-%E5%AD%94%E9%9B%80%E9%93%97%E8%9D%B6-image76526210
http://s9.sinaimg.cn/mw690/001UnzBvgy6YN5YioPKb8&690	http://blog.sina.com.cn/s/blog_684312490102w1wc.html
http://img.tulaoshi.com/ueditor/201703/31/d8c8684288bb310f7ef0982377829c63.jpg	http://m.tulaoshi.com/n/20170331/2631962.html
