
https://gss3.bdstatic.com/-Po3dSag_xI4khGkpoWK1HF6hhy/baike/c0%3Dbaike92%2C5%2C5%2C92%2C30/sign=e289aa966059252db71a155655f2685e/960a304e251f95caeab8da3ac9177f3e660952e8.jpg
https://gss1.bdstatic.com/-vo3dSag_xI4khGkpoWK1HF6hhy/baike/c0%3Dbaike92%2C5%2C5%2C92%2C30/sign=17b448e0d7ca7bcb6976cf7ddf600006/b2de9c82d158ccbf093bc41919d8bc3eb1354109.jpg
https://gss3.bdstatic.com/7Po3dSag_xI4khGkpoWK1HF6hhy/baike/c0%3Dbaike92%2C5%2C5%2C92%2C30/sign=8f86e6404c086e067ea5371963611091/b8389b504fc2d562b22aaa9ce71190ef76c66ca4.jpg
https://gss3.bdstatic.com/7Po3dSag_xI4khGkpoWK1HF6hhy/baike/c0%3Dbaike80%2C5%2C5%2C80%2C26/sign=680a9b4635fae6cd18b9a3336eda6441/eaf81a4c510fd9f9280b2f18252dd42a2834a4a7.jpg
https://gss1.bdstatic.com/9vo3dSag_xI4khGkpoWK1HF6hhy/baike/c0%3Dbaike80%2C5%2C5%2C80%2C26/sign=9ead2e23c93d70cf58f7a25f99b5ba65/562c11dfa9ec8a1382b42bfaf703918fa0ecc07a.jpg
https://gss3.bdstatic.com/-Po3dSag_xI4khGkpoWK1HF6hhy/baike/c0%3Dbaike80%2C5%2C5%2C80%2C26/sign=1cd8d705070828387c00d446d9f0c264/37d12f2eb9389b5074659c488535e5dde7116e15.jpg
https://gss3.bdstatic.com/-Po3dSag_xI4khGkpoWK1HF6hhy/baike/c0%3Dbaike80%2C5%2C5%2C80%2C26/sign=991a0e3ab912c8fca0fefe9f9d6af920/503d269759ee3d6dbe6afbd143166d224f4ade78.jpg
https://gss1.bdstatic.com/-vo3dSag_xI4khGkpoWK1HF6hhy/baike/c0%3Dbaike92%2C5%2C5%2C92%2C30/sign=b90e6775349b033b3885f48874a75db6/d0c8a786c9177f3e0a2d867c70cf3bc79f3d56a1.jpg
https://gss3.bdstatic.com/7Po3dSag_xI4khGkpoWK1HF6hhy/baike/c0%3Dbaike116%2C5%2C5%2C116%2C38/sign=812052d40a7b020818c437b303b099b6/472309f7905298229d2843b2d7ca7bcb0a46d4ac.jpg
https://gss1.bdstatic.com/9vo3dSag_xI4khGkpoWK1HF6hhy/baike/c0%3Dbaike80%2C5%2C5%2C80%2C26/sign=f75d52ffad6eddc432eabca958b2dd98/730e0cf3d7ca7bcbf3efbb35be096b63f624a810.jpg

https://gss2.bdstatic.com/9fo3dSag_xI4khGkpoWK1HF6hhy/baike/c0%3Dbaike80%2C5%2C5%2C80%2C26/sign=28580c4a1e178a82da3177f2976a18e8/902397dda144ad34f3fc7101d0a20cf430ad85f1.jpg
https://gss1.bdstatic.com/9vo3dSag_xI4khGkpoWK1HF6hhy/baike/c0%3Dbaike80%2C5%2C5%2C80%2C26/sign=9a9b35926b600c33e474d69a7b253a6a/a71ea8d3fd1f413466f2f3f8251f95cad0c85e6b.jpg
https://gss1.bdstatic.com/-vo3dSag_xI4khGkpoWK1HF6hhy/baike/c0%3Dbaike80%2C5%2C5%2C80%2C26/sign=3362f3ccdab44aed4d43b6b6d275ec64/2fdda3cc7cd98d10b493fcb7213fb80e7aec90f5.jpg
https://gss0.bdstatic.com/-4o3dSag_xI4khGkpoWK1HF6hhy/baike/c0%3Dbaike80%2C5%2C5%2C80%2C26/sign=9dd3da4bc3cec3fd9f33af27b7e1bf5a/58ee3d6d55fbb2fb67d77f954f4a20a44723dcbc.jpg
https://gss0.bdstatic.com/94o3dSag_xI4khGkpoWK1HF6hhy/baike/c0%3Dbaike80%2C5%2C5%2C80%2C26/sign=9ab9d9b64a90f60310bd9415587bd87e/ac345982b2b7d0a21ccf511acbef76094b369a36.jpg
https://gss0.bdstatic.com/94o3dSag_xI4khGkpoWK1HF6hhy/baike/c0%3Dbaike80%2C5%2C5%2C80%2C26/sign=e11aff6aa144ad343ab28fd5b1cb6791/1ad5ad6eddc451daf1f2516cb6fd5266d0163234.jpg
https://gss3.bdstatic.com/7Po3dSag_xI4khGkpoWK1HF6hhy/baike/c0%3Dbaike80%2C5%2C5%2C80%2C26/sign=3a9b7b60912397ddc274905638ebd9d2/d31b0ef41bd5ad6e8267266d81cb39dbb7fd3c9e.jpg
https://gss2.bdstatic.com/9fo3dSag_xI4khGkpoWK1HF6hhy/baike/c0%3Dbaike80%2C5%2C5%2C80%2C26/sign=1e6388a83a292df583cea447dd583705/8326cffc1e178a82338c3227f603738da877e881.jpg
https://gss3.bdstatic.com/7Po3dSag_xI4khGkpoWK1HF6hhy/baike/c0%3Dbaike80%2C5%2C5%2C80%2C26/sign=51939b4090529822113e3191b6a310ae/b2de9c82d158ccbf7b3112bd19d8bc3eb03541a3.jpg
https://gss0.bdstatic.com/-4o3dSag_xI4khGkpoWK1HF6hhy/baike/c0%3Dbaike80%2C5%2C5%2C80%2C26/sign=34b4d29409f79052fb124f6c6d9abcaf/d009b3de9c82d158d8aff836800a19d8bc3e4203.jpg
https://gss2.bdstatic.com/-fo3dSag_xI4khGkpoWK1HF6hhy/baike/c0%3Dbaike80%2C5%2C5%2C80%2C26/sign=09a0b6a08a82b90129a0cb6112e4c212/96dda144ad34598274eb78150cf431adcaef84d0.jpg

https://gss1.bdstatic.com/-vo3dSag_xI4khGkpoWK1HF6hhy/baike/c0%3Dbaike150%2C5%2C5%2C150%2C50/sign=b465922e08fa513d45a7648c5c043e9e/359b033b5bb5c9ea30240411d539b6003bf3b368.jpg
https://gss0.bdstatic.com/94o3dSag_xI4khGkpoWK1HF6hhy/baike/c0%3Dbaike116%2C5%2C5%2C116%2C38/sign=d312288e510fd9f9b41a5d3b4444bf4f/cb8065380cd79123af379386ad345982b3b78068.jpg
https://gss0.bdstatic.com/-4o3dSag_xI4khGkpoWK1HF6hhy/baike/c0%3Dbaike150%2C5%2C5%2C150%2C50/sign=c9de6b40b2b7d0a26fc40ccfaa861d6c/8d5494eef01f3a29491fd23c9925bc315d607c68.jpg
https://gss1.bdstatic.com/9vo3dSag_xI4khGkpoWK1HF6hhy/baike/c0%3Dbaike150%2C5%2C5%2C150%2C50/sign=abc351e562d0f703f2bf9d8e69933a58/6159252dd42a2834154b31f95bb5c9ea14cebf56.jpg
https://gss0.bdstatic.com/94o3dSag_xI4khGkpoWK1HF6hhy/baike/c0%3Dbaike150%2C5%2C5%2C150%2C50/sign=e6fdb840b9014a9095334eefc81e5277/562c11dfa9ec8a139bcd5012f703918fa1ecc069.jpg
https://gss2.bdstatic.com/9fo3dSag_xI4khGkpoWK1HF6hhy/baike/c0%3Dbaike150%2C5%2C5%2C150%2C50/sign=33939f89d11373f0e13267cdc566209e/8ad4b31c8701a18b650615bd9e2f07082938fe57.jpg
https://gss2.bdstatic.com/-fo3dSag_xI4khGkpoWK1HF6hhy/baike/c0%3Dbaike180%2C5%2C5%2C180%2C60/sign=0b7938b902087bf469e15fbb93ba3c49/bf096b63f6246b601adfb586ebf81a4c500fa26a.jpg
https://gss2.bdstatic.com/-fo3dSag_xI4khGkpoWK1HF6hhy/baike/c0%3Dbaike150%2C5%2C5%2C150%2C50/sign=86003a38513d26973ade000f3492d99e/023b5bb5c9ea15ce103fe7fbb6003af33b87b26a.jpg
https://gss3.bdstatic.com/7Po3dSag_xI4khGkpoWK1HF6hhy/baike/c0%3Dbaike150%2C5%2C5%2C150%2C50/sign=40fae6c535fae6cd18b9a3336eda6441/728da9773912b31b6780cadb8618367adbb4e150.jpg

https://gss0.bdstatic.com/-4o3dSag_xI4khGkpoWK1HF6hhy/baike/c0%3Dbaike92%2C5%2C5%2C92%2C30/sign=e85977d88cb1cb132a643441bc3d3d2b/b8014a90f603738d75861015b21bb051f819ec3d.jpg

https://gss3.bdstatic.com/7Po3dSag_xI4khGkpoWK1HF6hhy/baike/c0%3Dbaike92%2C5%2C5%2C92%2C30/sign=22c3cd1691ef76c6c4dff379fc7f969f/83025aafa40f4bfb3cf38163024f78f0f73618e1.jpg

https://gss3.bdstatic.com/-Po3dSag_xI4khGkpoWK1HF6hhy/baike/c0%3Dbaike92%2C5%2C5%2C92%2C30/sign=c53f528e9f510fb36c147fc5b85aa3f0/8644ebf81a4c510ffa0bfe2d6159252dd42aa53d.jpg
https://gss2.bdstatic.com/9fo3dSag_xI4khGkpoWK1HF6hhy/baike/c0%3Dbaike92%2C5%2C5%2C92%2C30/sign=7909d2eaaa64034f1bc0ca54ceaa1254/37d3d539b6003af30875c057342ac65c1038b63d.jpg
https://gss3.bdstatic.com/7Po3dSag_xI4khGkpoWK1HF6hhy/baike/c0%3Dbaike92%2C5%2C5%2C92%2C30/sign=46c5abcc38dbb6fd3156ed74684dc07d/730e0cf3d7ca7bcb1d59d818bf096b63f624a8e2.jpg
https://gss0.bdstatic.com/94o3dSag_xI4khGkpoWK1HF6hhy/baike/c0%3Dbaike92%2C5%2C5%2C92%2C30/sign=5e08a085b8014a9095334eefc81e5277/64380cd7912397dde15b87335882b2b7d0a287e2.jpg
https://gss0.bdstatic.com/-4o3dSag_xI4khGkpoWK1HF6hhy/baike/c0%3Dbaike92%2C5%2C5%2C92%2C30/sign=7a65f0b34bed2e73e8e48e7ee668caee/77094b36acaf2eddefd356de8c1001e9390193e2.jpg
https://gss0.bdstatic.com/94o3dSag_xI4khGkpoWK1HF6hhy/baike/c0%3Dbaike92%2C5%2C5%2C92%2C30/sign=8c01fecd7acb0a46912f836b0a0a9d41/9d82d158ccbf6c8100f830dfbd3eb13533fa403d.jpg
https://gss2.bdstatic.com/9fo3dSag_xI4khGkpoWK1HF6hhy/baike/c0%3Dbaike92%2C5%2C5%2C92%2C30/sign=46d80133359b033b3885f48874a75db6/d0c8a786c9177f3ef5fbe03a71cf3bc79f3d563d.jpg
https://gss1.bdstatic.com/-vo3dSag_xI4khGkpoWK1HF6hhy/baike/c0%3Dbaike92%2C5%2C5%2C92%2C30/sign=e53d58090df3d7ca18fb37249376d56c/d009b3de9c82d158b1a04686810a19d8bc3e42e2.jpg
https://gss3.bdstatic.com/-Po3dSag_xI4khGkpoWK1HF6hhy/baike/c0%3Dbaike92%2C5%2C5%2C92%2C30/sign=ba1b1006203fb80e18dc698557b8444b/34fae6cd7b899e51b441262343a7d933c8950d3d.jpg

https://gss2.bdstatic.com/-fo3dSag_xI4khGkpoWK1HF6hhy/baike/c0%3Dbaike150%2C5%2C5%2C150%2C50/sign=bfe7da96dd54564ef168ec6bd2b7f7e7/738b4710b912c8fc357d1048fc039245d78821ad.jpg
https://gss0.bdstatic.com/-4o3dSag_xI4khGkpoWK1HF6hhy/baike/c0%3Dbaike272%2C5%2C5%2C272%2C90/sign=63adfb8d1f30e924dba994632d610563/3c6d55fbb2fb431609879cff20a4462308f7d39f.jpg
https://gss0.bdstatic.com/94o3dSag_xI4khGkpoWK1HF6hhy/baike/c0%3Dbaike150%2C5%2C5%2C150%2C50/sign=6f953a91b899a9012f3853647cfc611e/0df3d7ca7bcb0a4682ba6dbc6b63f6246a60af9f.jpg
https://gss2.bdstatic.com/9fo3dSag_xI4khGkpoWK1HF6hhy/baike/c0%3Dbaike150%2C5%2C5%2C150%2C50/sign=413d4de40fb30f242197e451a9fcba26/b151f8198618367ae00099582e738bd4b21ce5ae.jpg
https://gss0.bdstatic.com/94o3dSag_xI4khGkpoWK1HF6hhy/baike/c0%3Dbaike150%2C5%2C5%2C150%2C50/sign=27e1384d1a4c510fbac9ea4801304e48/d1a20cf431adcbefd6ac9883acaf2edda2cc9f9f.jpg

https://gss2.bdstatic.com/9fo3dSag_xI4khGkpoWK1HF6hhy/baike/c0%3Dbaike150%2C5%2C5%2C150%2C50/sign=b3decbcf213fb80e18dc698557b8444b/0823dd54564e9258633e41109c82d158cdbf4ec2.jpg
https://gss3.bdstatic.com/7Po3dSag_xI4khGkpoWK1HF6hhy/baike/c0%3Dbaike150%2C5%2C5%2C150%2C50/sign=2cfc9cec4f4a20a425133495f13bf347/3b87e950352ac65c7fd2a28dfbf2b21192138a7d.jpg
https://gss3.bdstatic.com/7Po3dSag_xI4khGkpoWK1HF6hhy/baike/c0%3Dbaike150%2C5%2C5%2C150%2C50/sign=a2c037921038534398c28f73f27adb1b/4ec2d5628535e5dd70fb612176c6a7efcf1b627d.jpg
https://gss2.bdstatic.com/-fo3dSag_xI4khGkpoWK1HF6hhy/baike/c0%3Dbaike150%2C5%2C5%2C150%2C50/sign=0cd5dcbd8bd4b31ce4319ce9e6bf4c1a/54fbb2fb43166d220972d26a462309f79152d2c3.jpg
https://gss2.bdstatic.com/-fo3dSag_xI4khGkpoWK1HF6hhy/baike/c0%3Dbaike150%2C5%2C5%2C150%2C50/sign=c6d4fa34513d26973ade000f3492d99e/023b5bb5c9ea15ce50eb27f7b6003af33b87b2c3.jpg
https://gss0.bdstatic.com/-4o3dSag_xI4khGkpoWK1HF6hhy/baike/c0%3Dbaike150%2C5%2C5%2C150%2C50/sign=8f03a97bc9ea15ce55e3e85bd7695196/00e93901213fb80ef7d4a62936d12f2eb83894c3.jpg
https://gss3.bdstatic.com/-Po3dSag_xI4khGkpoWK1HF6hhy/baike/c0%3Dbaike150%2C5%2C5%2C150%2C50/sign=3205cca355fbb2fb202650402e234bc1/37d3d539b6003af3516c189e352ac65c1138b67e.jpg
https://gss0.bdstatic.com/-4o3dSag_xI4khGkpoWK1HF6hhy/baike/c0%3Dbaike150%2C5%2C5%2C150%2C50/sign=9ea7a0c1d9f9d72a0369184fb5434351/30adcbef76094b362844df13a3cc7cd98c109d7e.jpg
https://gss3.bdstatic.com/-Po3dSag_xI4khGkpoWK1HF6hhy/baike/c0%3Dbaike116%2C5%2C5%2C116%2C38/sign=182a04ea6b600c33e474d69a7b253a6a/5243fbf2b2119313c337384e65380cd790238ddc.jpg
https://gss1.bdstatic.com/-vo3dSag_xI4khGkpoWK1HF6hhy/baike/c0%3Dbaike116%2C5%2C5%2C116%2C38/sign=081bbd8420a446236ac7ad30f94b196b/359b033b5bb5c9ea70f7c41dd539b6003bf3b3cc.jpg
https://gss2.bdstatic.com/-fo3dSag_xI4khGkpoWK1HF6hhy/baike/c0%3Dbaike150%2C5%2C5%2C150%2C50/sign=e3bc12309925bc313f5009ca3fb6e6d4/6609c93d70cf3bc751740a12d100baa1cc112adc.jpg
https://gss3.bdstatic.com/-Po3dSag_xI4khGkpoWK1HF6hhy/baike/c0%3Dbaike92%2C5%2C5%2C92%2C30/sign=f51afb3990529822113e3191b6a310ae/dc54564e9258d10900e76e4cd158ccbf6d814dcc.jpg
https://gss2.bdstatic.com/9fo3dSag_xI4khGkpoWK1HF6hhy/baike/c0%3Dbaike92%2C5%2C5%2C92%2C30/sign=bec57e9a94eef01f591910978197f240/78310a55b319ebc4bd0fb1678226cffc1f1716dc.jpg
https://gss3.bdstatic.com/7Po3dSag_xI4khGkpoWK1HF6hhy/baike/c0%3Dbaike92%2C5%2C5%2C92%2C30/sign=dc59bb9a0923dd54357eaf3ab060d8bb/728da9773912b31ba71b0ad78618367adbb4e1dd.jpg
https://gss2.bdstatic.com/9fo3dSag_xI4khGkpoWK1HF6hhy/baike/c0%3Dbaike92%2C5%2C5%2C92%2C30/sign=aadf238dad4bd11310c0bf603bc6cf6a/242dd42a2834349b6171a97bc9ea15ce37d3bedd.jpg
https://gss3.bdstatic.com/7Po3dSag_xI4khGkpoWK1HF6hhy/baike/c0%3Dbaike80%2C5%2C5%2C80%2C26/sign=e4bef81f62d9f2d3341c2cbdc885e176/9c16fdfaaf51f3de2bc57e9a94eef01f3b2979dd.jpg
https://gss3.bdstatic.com/7Po3dSag_xI4khGkpoWK1HF6hhy/baike/c0%3Dbaike92%2C5%2C5%2C92%2C30/sign=c816e311a9ec8a1300175fb2966afaea/9c16fdfaaf51f3de2bb57e9a94eef01f3b2979cd.jpg
https://gss0.bdstatic.com/94o3dSag_xI4khGkpoWK1HF6hhy/baike/c0%3Dbaike80%2C5%2C5%2C80%2C26/sign=c14bd3f1b80e7bec37d70bb34e47d25d/0e2442a7d933c89529095f85d11373f0830200dd.jpg

https://gss3.bdstatic.com/-Po3dSag_xI4khGkpoWK1HF6hhy/baike/c0%3Dbaike116%2C5%2C5%2C116%2C38/sign=9f304e1f8db1cb132a643441bc3d3d2b/94cad1c8a786c917d4a677c9c93d70cf3ac7579c.jpg
https://gss2.bdstatic.com/-fo3dSag_xI4khGkpoWK1HF6hhy/baike/c0%3Dbaike150%2C5%2C5%2C150%2C50/sign=1b4fa23b43166d222c7a1dc6274a6292/b7003af33a87e9507b9ed69c10385343faf2b4b0.jpg
https://gss1.bdstatic.com/-vo3dSag_xI4khGkpoWK1HF6hhy/baike/c0%3Dbaike150%2C5%2C5%2C150%2C50/sign=2749e7c3918fa0ec6bca6c5f47fe328b/d52a2834349b033b1e2cd92a15ce36d3d439bd9d.jpg
https://gss1.bdstatic.com/-vo3dSag_xI4khGkpoWK1HF6hhy/baike/c0%3Dbaike116%2C5%2C5%2C116%2C38/sign=3e2cd92a15ce36d3b6098b625b9a51e2/30adcbef76094b36c9363e1da3cc7cd98c109d9d.jpg
https://gss3.bdstatic.com/-Po3dSag_xI4khGkpoWK1HF6hhy/baike/c0%3Dbaike116%2C5%2C5%2C116%2C38/sign=51442a47e950352aa56c2d5a322a9097/a2cc7cd98d1001e952b631ffb80e7bec55e797b3.jpg
