
http://info.qingdaoexpo2014.org/pic/img/img/2013/9/11/u123/97DinN.jpg	http://info.qingdaoexpo2014.org/en/baike/view_24.html
http://wiki.zhulong.com/upload/other/2013/04/23/df7d429e43c7e3ca5f1267accd8dea20.jpg	http://wiki.zhulong.com/read661661.html
http://www.baihuamen.com/d/file/2014/06-01/0e9f0f002fadb2013c072f365c4cb0c9.jpg	http://www.baihuamen.com/baihuajiazhutao/
http://b2b.image.yuanlin.com/Biz/2014-3/201403111151311264.jpg	http://wuyuxinmeng.yuanlin.com/sell-m815610.html
http://www.yuhuagu.com/uploads/allimg/120526/10-120526202105.jpg	http://www.yuhuagu.com/ktsh/3052.html
http://www.fpcn.net/uploads/allimg/130716/2-130G6102224920.JPG	http://www.fpcn.net/a/guanmu/20130716/Nerium_oleander_Paihua.html
http://www.baihuamen.com/d/file/2014/06-01/aa8e766024039fd5a3508d3cb248c911.jpg	http://www.baihuamen.com/baihuajiazhutao/
http://image.sciencenet.cn/album/201407/12/123056fc8xkrxc1kckacqh.jpg	http://wap.sciencenet.cn/blogview.aspx?id=811085
http://www.zhiwutong.com/tu/photo/6/01950713036.jpg	http://www.zhiwutong.com/latin/Apocynaceae/Nerium-indicum-Mill-cv-Paihua.htm
http://a3.att.hudong.com/60/18/16300000044935127918188299206.jpg	http://tupian.baike.com/a3_60_18_16300000044935127918188299206_jpg.html?prd=zhengwenye_left_futu_tupian
https://thumbs.dreamstime.com/z/%E7%99%BD%E8%8A%B1%E5%A4%B9%E7%AB%B9%E6%A1%83%E5%A4%B9%E7%AB%B9%E6%A1%83-55469734.jpg	https://cn.dreamstime.com/%E5%BA%93%E5%AD%98%E7%85%A7%E7%89%87-%E7%99%BD%E8%8A%B1%E5%A4%B9%E7%AB%B9%E6%A1%83%E5%A4%B9%E7%AB%B9%E6%A1%83-image55469734
http://zw3wmap1.zw3e.com:8080/zw_news_map/350/2014061/1401969424071349471.png	http://www.zw3e.com/bk/guanyezhiwu/wcccd.html
http://map1.zw3w.com:8080/zw_news_map/350/2014062/1402887367937716420.jpg	http://zwbk.idwoo.com/archives/tag/%E7%99%BD%E8%8A%B1%E5%A4%B9%E7%AB%B9%E6%A1%83%E5%9B%BE%E7%89%87-%E7%99%BD%E8%8A%B1%E5%A4%B9%E7%AB%B9%E6%A1%83%E8%8A%B1%E6%9C%9F%E5%9B%BE
http://www.neipet.com/wp-content/uploads/2016/07/%E7%99%BD%E8%8A%B1%E5%A4%B9%E7%AB%B9%E6%A1%83.png	http://www.neipet.com/plant/27774.html
http://b2b.image.yuanlin.com/Biz/2012-9/201406170959277957.jpg	http://bantrx.yuanlin.com/sell-m331355.html
http://img.redocn.com/sheying/20170606/meilidebaihuajiazhutao_8296317.jpg	http://sucai.redocn.com/dongwuzhiwu_8296317.html
http://info.qingdaoexpo2014.org/pic/img/img/2013/9/11/u123/66627lQ.jpg	http://info.qingdaoexpo2014.org/en/baike/view_24.html
http://img004.mllres.com//images/upload/%E7%99%BD%E8%8A%B1%E5%A4%B9%E7%AB%B9%E6%A1%8333.jpg	http://www.meilele.com/article/shipin/29966.html
http://img001.mllres.com//images/upload/%E7%99%BD%E8%8A%B1%E5%A4%B9%E7%AB%B9%E6%A1%8344.jpg	http://www.meilele.com/article/shipin/29966.html
https://gss0.bdstatic.com/94o3dSag_xI4khGkpoWK1HF6hhy/baike/s%3D220/sign=5335dd37ab8b87d65442ac1d37082860/d6ca7bcb0a46f21f5e203155fc246b600c33aea4.jpg	https://baike.baidu.com/item/%E7%99%BD%E8%8A%B1%E5%A4%B9%E7%AB%B9%E6%A1%83
http://a2.att.hudong.com/03/02/01300001164321131208023812673_s.jpg	http://www.baike.com/wiki/%E7%99%BD%E8%8A%B1%E5%A4%B9%E7%AB%B9%E6%A1%83%EF%BC%88%E5%8F%98%E7%A7%8D%EF%BC%89
https://gss3.bdstatic.com/-Po3dSag_xI4khGkpoWK1HF6hhy/baike/s%3D220/sign=3bd227f0e924b899da3c7e3a5e041d59/6a600c338744ebf809a669cfd9f9d72a6159a76e.jpg	https://baike.baidu.com/item/%E7%99%BD%E8%8A%B1%E5%A4%B9%E7%AB%B9%E6%A1%83
https://img.lrgarden.com/flower_pic/212/37/1000009940_1000000745_1471138085.jpg	https://www.lrgarden.com/topic/view/id-1000001444.html
https://upload.wikimedia.org/wikipedia/commons/thumb/f/fe/Purity.jpg/250px-Purity.jpg	https://zh.wikipedia.org/wiki/%E7%99%BD%E8%8A%B1%E5%A4%B9%E7%AB%B9%E6%A1%83
http://image.sciencenet.cn/album/201705/28/101046wunam6e7lnwvvxue.jpg	http://wap.sciencenet.cn/blogview.aspx?id=1057599
http://a1.att.hudong.com/53/75/01300000242726124451757194734_s.jpg	http://www.baike.com/wiki/%E7%99%BD%E8%8A%B1%E5%A4%B9%E7%AB%B9%E6%A1%83
http://static.guanhuaju.com/uploadfiles/2016/0102/gHzHaw0jgjuaiy0c.jpg	http://pic.guanhuaju.com/a/2016/0102/40838.html
https://gss3.bdstatic.com/-Po3dSag_xI4khGkpoWK1HF6hhy/baike/w%3D400/sign=768c010289cb39dbc1c06656e01709a7/cefc1e178a82b901e1d8a6db7b8da9773812efe5.jpg	https://baike.baidu.com/item/%E7%99%BD%E8%8A%B1%E5%A4%B9%E7%AB%B9%E6%A1%83
http://pic1.huashichang.com/2016/0829/23/57c45bab289a2.jpg	http://m.aihuhua.com/tupian/tupianqjx.html
http://pic1.huashichang.com/2016/0829/23/57c45babc1bab_200_140.jpg	http://m.aihuhua.com/tu/baihuajiazhutao.html
http://s8.sinaimg.cn/mw690/b2b50fe9gdda0a2c4adc7&690	http://blog.sina.com.cn/s/blog_dc9502ab0102ww48.html
http://imgupload2.youboy.com/imagestore201603300729e4f4-e26d-4476-94bf-9fce0a09e31e.jpg?360*300	http://www.xn--tnyp4tflm.com/s501627137.html
http://i3.bbswater.fd.zol-img.com.cn/t_s1200x5000/g5/M00/08/0D/ChMkJlkfeBqIfBW2ABus82hvgIMAAce6gPIQC4AG60L359.jpg	http://bbs.zol.com.cn/dcbbs/d167_399453.html
http://s12.sinaimg.cn/mw690/b2b50fe9gdda0a1f65b4b&690	http://blog.sina.com.cn/s/blog_dc9502ab0102ww48.html
https://thumbs.dreamstime.com/t/%E5%A4%B9%E7%AB%B9%E6%A1%83%E5%A4%B9%E7%AB%B9%E6%A1%83%E7%99%BD%E8%8A%B1%E5%92%8C%E8%8A%BD-52304784.jpg	https://cn.dreamstime.com/%E5%BA%93%E5%AD%98%E7%85%A7%E7%89%87-%E7%99%BD%E8%8A%B1%E5%A4%B9%E7%AB%B9%E6%A1%83%E5%A4%B9%E7%AB%B9%E6%A1%83-image55469734
http://www.shanhuilin.com/public/uploads/images/2015/08/20150822211141191.jpg	http://www.shanhuilin.com/cate/12.html
http://img001.mllres.com//images/upload/%E7%99%BD%E8%8A%B1%E5%A4%B9%E7%AB%B9%E6%A1%8388.jpg	http://www.meilele.com/article/shipin/29966.html
http://s16.sinaimg.cn/mw690/b2b50fe9gdda0a208c36f&690	http://blog.sina.com.cn/s/blog_dc9502ab0102ww48.html
http://img002.mllres.com//images/upload/%E7%99%BD%E8%8A%B1%E5%A4%B9%E7%AB%B9%E6%A1%8311.jpg	http://www.meilele.com/article/shipin/29966.html
http://s4.sinaimg.cn/mw690/001oBarhzy6LZsIq8YH03&690	http://blog.sina.com.cn/s/blog_4c457ffb0102v2hx.html
http://file.youboy.com/a/141/93/55/1/399011.jpg	http://www.youboy.com/pics80204049.html
http://idoimg.3mt.com.cn/Article/upload/201105/110523200544751.jpg	http://ido.3mt.com.cn/Article/201105/picview2214797c27p3.html
http://www.baihuamen.com/d/file/2014/06-01/38d0bd80439237d6b3c6cb9e0d91748a.jpg	http://www.baihuamen.com/baihuajiazhutao/17557_9.html
http://www.baihuamen.com/d/file/2014/06-01/02602c059480d18ffdea65b9c82424ea.jpg	http://www.baihuamen.com/baihuajiazhutao/17557_7.html
http://s7.sinaimg.cn/mw690/b2b50fe9gdda0a21fd3a6&690	http://blog.sina.com.cn/s/blog_dc9502ab0102ww48.html
http://www.baihuamen.com/d/file/2014/06-01/d272152fd3541b44e730e22df2ff7be4.jpg	http://www.baihuamen.com/baihuajiazhutao/17557_12.html
https://cbu01.alicdn.com/img/ibank/2016/580/896/3156698085_599228094.220x220.jpg	https://s.1688.com/kq/-B0D7BBA8BCD0D6F1CCD2.html
http://www.baihuamen.com/d/file/2014/06-01/53c67a3e4687222f12b4fd1ca889cd89.jpg	http://www.baihuamen.com/baihuajiazhutao/17557_4.html
http://pic1.huashichang.com/2016/0829/23/57c45bad51091_200_140.jpg	http://m.aihuhua.com/tu/baihuajiazhutao.html
http://manage.ny678.com/upload/130528/1124402010.jpg	http://www.ny678.com/Picture/Show.aspx?pid=339
http://www.baihuamen.com/d/file/2014/06-01/7b2d83d45f42cc0fd346649f93e62335.jpg	http://www.baihuamen.com/baihuajiazhutao/17557_16.html
http://zw3wmap1.zw3e.com:8080/zw_news_map/200/2014061/1402278871953116329.jpg	http://m.zw3e.com/bk/guanhuazhiwu/wdebw.html
http://b2b.image.yuanlin.com/Biz/2012-9/20140617095926779.jpg	http://bantrx.yuanlin.com/sell-m331355.html
http://www.baihuamen.com/d/file/2014/06-01/ab4b8707116bb48711fff932d1a04cb6.jpg	http://www.baihuamen.com/baihuajiazhutao/17557_19.html
http://www.baihuamen.com/d/file/2014/06-01/c2047b84095b7e8d2146a0cc7a358322.jpg	http://www.baihuamen.com/baihuajiazhutao/17557_17.html
http://www.baihuamen.com/d/file/2014/06-01/0f054c9bd28d2ad29b3e26c85cd084e3.jpg	http://www.baihuamen.com/baihuajiazhutao/17557_6.html
http://www.baihuamen.com/d/file/2014/06-01/d659b6d6bdfb9833c08b924c5ed461aa.jpg	http://www.baihuamen.com/baihuajiazhutao/17557_20.html
http://file.youboy.com/a/141/93/55/7/362777.jpg	http://www.youboy.com/pics80204049.html
http://www.baihuamen.com/d/file/2014/06-01/5ee8877a29bf5579bb2f96e5e00990bf.jpg	http://www.baihuamen.com/baihuajiazhutao/17557_11.html
http://file.youboy.com/a/141/93/55/8/146828.jpg	http://www.youboy.com/pics80204049.html
http://www.baihuamen.com/d/file/2014/06-01/ab2b8208d7be1d706e311384d72228e1.jpg	http://www.baihuamen.com/baihuajiazhutao/17557_13.html
http://www.baihuamen.com/d/file/2014/06-01/bb03b75e37acb9cf0d6b2a21dd8cca66.jpg	http://www.baihuamen.com/baihuajiazhutao/17557_18.html
http://www.baihuamen.com/d/file/2014/06-01/62a83e2a7de10fbab7e1340f1ae08b22.jpg	http://www.baihuamen.com/baihuajiazhutao/17557_8.html
http://s15.sinaimg.cn/mw690/b2b50fe9gdda0a29f8dae&690	http://blog.sina.com.cn/s/blog_dc9502ab0102ww48.html
http://i1.bbswater.fd.zol-img.com.cn/t_s1200x5000/g5/M00/08/0D/ChMkJlkfeCqIYwFHABxX86puClYAAce6wAy1pgAHFgL071.jpg	http://bbs.zol.com.cn/dcbbs/d167_399453.html
http://s13.sinaimg.cn/middle/4c457ffbhc2bfb93d78dc&690	http://blog.sina.com.cn/s/blog_4c457ffb0102dygb.html
https://thumbs.dreamstime.com/t/%E5%A4%B9%E7%AB%B9%E6%A1%83%E5%A4%B9%E7%AB%B9%E6%A1%83%E7%99%BD%E8%8A%B1-28863487.jpg	https://cn.dreamstime.com/%E5%BA%93%E5%AD%98%E7%85%A7%E7%89%87-%E7%99%BD%E8%8A%B1%E5%A4%B9%E7%AB%B9%E6%A1%83%E5%A4%B9%E7%AB%B9%E6%A1%83-image55469734
http://dqy.wms.edu/upImgFile/2014728102649800.jpg	http://dingqiya.com/?p=349
http://www.baihuamen.com/d/file/2014/06-01/b0ece501eed02314be5d6e07b5ed411a.jpg	http://www.baihuamen.com/baihuajiazhutao/17557_5.html
http://s9.sinaimg.cn/mw690/001oBarhzy6LZsItSuQ68&690	http://blog.sina.com.cn/s/blog_4c457ffb0102v2hx.html
http://s5.sinaimg.cn/mw690/001oBarhzy6LZsICEhSc4&690	http://blog.sina.com.cn/s/blog_4c457ffb0102v2hx.html
https://cbu01.alicdn.com/img/ibank/2015/922/090/2657090229_132369498.310x310.jpg	https://www.1688.com/pic/-BBC6BBA8BCD0D6F1CCD2.html
http://i0.bbswater.fd.zol-img.com.cn/t_s1200x5000/g5/M00/08/0D/ChMkJ1kfeDuIFmn7ACaa8hfDxUsAAce6wCBlpMAJpsK970.jpg	http://bbs.zol.com.cn/dcbbs/d167_399453.html
http://b2b.image.yuanlin.com/Biz/2014-3/201403111151301361.jpg	http://wuyuxinmeng.yuanlin.com/sell-m815610.html
http://www.baihuamen.com/d/file/2014/06-01/f82434ab033dc2150ee2a6f30ab2a279.jpg	http://www.baihuamen.com/baihuajiazhutao/
http://s7.sinaimg.cn/mw690/b2b50fe9gdda0a3076ef6&690	http://blog.sina.com.cn/s/blog_dc9502ab0102ww48.html
http://i3.bbswater.fd.zol-img.com.cn/t_s1200x5000/g5/M00/08/0D/ChMkJlkfeEuIcIMWACBDldys13QAAce6wDRPFcAIEOt773.jpg	http://bbs.zol.com.cn/dcbbs/d167_399453.html
http://plantnote.com/d/file/2017-01-01/d26541e259089bf9506d77e865e331a0.jpg	http://plantnote.com/knowledge/411.html
http://b2b.image.yuanlin.com/biz/2014-3/20140311115131197.jpg	http://www.yuanlin.com/b2b/sell_detail_815610.html
http://s16.sinaimg.cn/middle/5ff3202dgaeee410040ff&690	http://blog.sina.com.cn/s/blog_5ff3202d0100tu50.html
http://1.bp.blogspot.com/-P_LNVMrpcoc/U4S0_A5aksI/AAAAAAAAbAY/OGZMuxZHlvA/s1600/P1020536.JPG	http://purplewhee.blogspot.com/2014/02/blog-post_3.html
http://i4.bbswater.fd.zol-img.com.cn/t_s1200x5000/g5/M00/08/0D/ChMkJ1kffkCIJbPFACaax3sJsVAAAce7gNFpTEAJprf984.jpg	http://bbs.zol.com.cn/dcbbs/d167_399453.html
https://thumbs.dreamstime.com/z/%E5%85%B3%E9%97%AD%E7%99%BD%E8%8A%B1-wrightia-religiosa%EF%BC%8C%E5%A4%B9%E7%AB%B9%E6%A1%83%E7%A7%91-67041675.jpg	https://cn.dreamstime.com/%E5%BA%93%E5%AD%98%E7%85%A7%E7%89%87-%E5%85%B3%E9%97%AD%E7%99%BD%E8%8A%B1-wrightia-religiosa%EF%BC%8C%E5%A4%B9%E7%AB%B9%E6%A1%83%E7%A7%91-image67041675
http://sucimg.itc.cn/sblog/j894dc310566ca7c6589de96501e96eb5	http://zsl1964.blog.sohu.com/308923043.html
http://s2.sinaimg.cn/mw690/b2b50fe9gdda0a35872e1&690	http://blog.sina.com.cn/s/blog_dc9502ab0102ww48.html
http://www.baihuamen.com/d/file/2014/06-01/7a37b4f85a6d16856c946e5dc25b31f0.jpg	http://www.baihuamen.com/baihuajiazhutao/
http://s14.sinaimg.cn/middle/61d7a7bbt931fdb424d4d&690&690	http://blog.sina.com.cn/s/blog_61d7a7bb0100gtxi.html
https://thumbs.dreamstime.com/z/%E5%9C%A8%E7%99%BD%E8%89%B2%E8%83%8C%E6%99%AF%E9%9A%94-%E7%9A%84%E5%A4%B9%E7%AB%B9%E6%A1%83%E8%8A%B1-44494010.jpg	https://cn.dreamstime.com/%E5%BA%93%E5%AD%98%E7%85%A7%E7%89%87-%E7%99%BD%E8%8A%B1%E5%A4%B9%E7%AB%B9%E6%A1%83%E5%A4%B9%E7%AB%B9%E6%A1%83-image55469734
http://a3.att.hudong.com/03/01/01300000247011124452011385228_s.jpg	http://www.baike.com/wiki/%E5%A4%B9%E7%AB%B9%E6%A1%83%E7%A7%91
http://s9.sinaimg.cn/middle/4c457ffbhc2bfb9b41958&690	http://blog.sina.com.cn/s/blog_4c457ffb0102dygb.html
http://s12.sinaimg.cn/mw690/b2b50fe9gdda0a3819e9b&690	http://blog.sina.com.cn/s/blog_dc9502ab0102ww48.html
http://i.sosuo.name/img/jiemeng/1/jiemeng17103.jpg	http://www.sosuo.name/jiemeng/1286242-baihuajiazhu
http://www.xazwy.com/admmag/editor/attached/image/20140827/20140827105500_6317.jpg	http://www.xazwy.com/news/28/250.html
http://sucimg.itc.cn/sblog/j1a6c54a48aac912663e6cd30c46ca992	http://zsl1964.blog.sohu.com/308923043.html
http://www.baihuamen.com/d/file/2014/04-29/9ae9b277363928c2a08a59c9f614562d.jpg	http://www.baihuamen.com/jiazhutao/
http://s4.sinaimg.cn/mw690/001HdLBqzy7bbQ8QTAL63&690	http://blog.sina.com.cn/s/blog_5cac4ff40102wxab.html
http://s16.sinaimg.cn/middle/4c457ffbhc2bfbc44554f&690	http://blog.sina.com.cn/s/blog_4c457ffb0102dygb.html
http://s16.sinaimg.cn/middle/4c457ffbhc2bfbaf9daef&690	http://blog.sina.com.cn/s/blog_4c457ffb0102dygb.html
http://s12.sinaimg.cn/middle/5ff3202dgaeee417a591b&690	http://blog.sina.com.cn/s/blog_5ff3202d0100tu50.html
https://thumbs.dreamstime.com/t/%E6%A1%83%E7%BA%A2%E8%89%B2%E8%8A%B1%E7%9A%84%E5%88%86%E8%A1%8C-%E5%A4%B9%E7%AB%B9%E6%A1%83%E5%A4%B9%E7%AB%B9%E6%A1%83-26140939.jpg	https://cn.dreamstime.com/%E5%BA%93%E5%AD%98%E7%85%A7%E7%89%87-%E7%99%BD%E8%8A%B1%E5%A4%B9%E7%AB%B9%E6%A1%83%E5%A4%B9%E7%AB%B9%E6%A1%83-image55469734
