
http://www.twwiki.com/uploads/wiki/64/06/18891_0.jpg	http://www.twwiki.com/wiki/%E6%A1%94%E6%A2%97%E8%8A%B1
https://gss3.bdstatic.com/-Po3dSag_xI4khGkpoWK1HF6hhy/baike/c0%3Dbaike60%2C5%2C5%2C60%2C20/sign=78e83c2a530fd9f9b41a5d3b4444bf4f/94cad1c8a786c917ec2e416fcb3d70cf3bc757b2.jpg	https://baike.baidu.com/item/%E6%A1%94%E6%A2%97
https://i1.kknews.cc/large/14d0005fe0bf08a758d	https://kknews.cc/agriculture/k8gaq.html
http://www.westatic.com/img/dict/skbzk/plants-ka/kikyou_2.jpg	http://www.weblio.jp/content/%E6%A1%94%E6%A2%97
http://blogimg.goo.ne.jp/user_image/0a/bb/e52b591120621ff2c1c7bf7bfebabd0f.jpg	https://matome.naver.jp/odai/2143127203317347301
http://cdn-ak.f.st-hatena.com/images/fotolife/s/sarunokinobori/20150609/20150609000600.jpg	http://kyototravelnoosusume.hatenablog.com/entry/chisyakuinkikyou
http://www.twwiki.com/uploads/wiki/64/06/18891_9.jpg	http://www.twwiki.com/wiki/%E6%A1%94%E6%A2%97%E8%8A%B1
https://lovegreen.net/wp-content/uploads/2016/04/GettyImages-505281229-e1481523676731.jpg	https://lovegreen.net/languageofflower/p28757/
http://a0.att.hudong.com/53/68/19300001333271131667683980881.jpg	http://huayu.baike.com/article-70919.html
http://www.twwiki.com/uploads/wiki/64/06/18891_2.jpg	http://www.twwiki.com/wiki/%E6%A1%94%E6%A2%97%E8%8A%B1
https://i1.kknews.cc/large/14d0005fe260c3ff57f	https://kknews.cc/agriculture/k8gaq.html
https://i2.kknews.cc/large/7fb0002378006c4eb13	https://kknews.cc/home/gq5ve.html
http://www.chinabaike.com/article/UploadPic/2007-7/2007718192235606.jpg	http://www.chinabaike.com/article/316/331/2007/20070718142990.html
http://useful-method.com/wp-content/uploads/2015/06/bell-flower.jpg	http://useful-method.com/?p=2125
https://i2.kknews.cc/large/e9200059a91d1ba4773	https://kknews.cc/food/j34pny.html
http://www.tcm100.com/Images_ZhongYaoXue/Jiegeng-YuanTai.jpg	http://www.tcm100.com/userReg/JiaoCai/ZhongYaoXue/zzZhongYao314.htm
https://cdn.pixabay.com/photo/2015/07/15/14/06/balloon-flowe-846197_960_720.jpg	https://pixabay.com/zh/photos/%E6%A1%94%E6%A2%97/
http://plantsvsgarden.com/wp-content/uploads/2016/09/%E6%A1%94%E6%A2%97%EF%BC%92%EF%BC%90%EF%BC%90%EF%BC%98.jpg	http://plantsvsgarden.com/kikyou-240
http://7.blog.xuite.net/7/4/e/4/11253733/blog_227360/txt/34178847/17.jpg	http://blog.xuite.net/e2202778/boaboa/34178847-%E6%A1%94%E6%A2%97
http://bellflower.forestry.gov.cn/jugen/mdzl/201410/b746ffe0894343d38e29150910dfb1ba/images/bc1de9cf172e4509959f04fe4f772b0c.jpg	http://bellflower.forestry.gov.cn/
http://static.cndzys.com/20161018/70b26327e8a0015d2d4d2df3be49ac15.jpg	http://www.cndzys.com/yssc/jiegeng/
http://image.meilele.com/zximages/images/upload/Image/62321349662586.jpg	http://wujiayu520.pixnet.net/blog/post/248226764-%E6%A1%94%E6%A2%97%E8%8A%B1%E7%9A%84%E8%8A%B1%E8%AA%9E%E8%88%87%E5%82%B3%E8%AA%AA%E8%80%90%E4%BA%BA%E5%B0%8B%E5%91%B3-
https://gss2.bdstatic.com/9fo3dSag_xI4khGkpoWK1HF6hhy/baike/w%3D400/sign=50e9f4fe4d90f60304b09d470913b370/622762d0f703918f7a874505563d269758eec4af.jpg	https://baike.baidu.com/item/%E6%A1%94%E6%A2%97
https://ddmxdtm74ysa7.cloudfront.net/uploads/2015/11/30071048/a25c7652d073cb98776459db634c7cb2_1448867447-480x320.jpg	https://horti.jp/11775
https://i2.kknews.cc/large/e510004e769d141e5c5	https://kknews.cc/food/j34pny.html
http://i49.tinypic.com/214y1x2.jpg	http://bbs.wenxuecity.com/health/340237.html
http://www.hana300.com/kikyou4.jpg	http://www.hana300.com/kikyou3.html
https://i2.read01.com/uploads/0CAcuP01.jpg	https://read01.com/2GxO4M.html
https://t19.pimg.jp/023/378/289/1/23378289.jpg	https://tw.pixtastock.com/tags/%E6%A1%94%E6%A2%97?search_type=2
https://www.twfood.cc/img/code/FU000/_.jpg	https://www.twfood.cc/flower/FU452/%E6%B4%8B%E6%A1%94%E6%A2%97-%E9%9B%99%E7%93%A3%E5%BD%A9%E8%97%8D
http://a2.att.hudong.com/52/99/01300542684355141169995280423_s.jpg	http://www.baike.com/wiki/%E6%A1%94%E6%A2%97
http://image.meilele.com/zximages/images/upload/Image/15071349662605.jpg	http://wujiayu520.pixnet.net/blog/post/248226764-%E6%A1%94%E6%A2%97%E8%8A%B1%E7%9A%84%E8%8A%B1%E8%AA%9E%E8%88%87%E5%82%B3%E8%AA%AA%E8%80%90%E4%BA%BA%E5%B0%8B%E5%91%B3-
http://image.meilele.com/zximages/images/upload/Image/40851349662595.jpg	http://wujiayu520.pixnet.net/blog/post/248226764-%E6%A1%94%E6%A2%97%E8%8A%B1%E7%9A%84%E8%8A%B1%E8%AA%9E%E8%88%87%E5%82%B3%E8%AA%AA%E8%80%90%E4%BA%BA%E5%B0%8B%E5%91%B3-
https://upload.wikimedia.org/wikipedia/commons/thumb/f/f8/The_Botanical_Magazine%2C_Plate_252_%28Volume_7%2C_1794%29.png/200px-The_Botanical_Magazine%2C_Plate_252_%28Volume_7%2C_1794%29.png	https://zh.wikipedia.org/wiki/%E6%A1%94%E6%A2%97
https://i1.kknews.cc/large/f26000c6f6ef4d90802	https://kknews.cc/agriculture/prbnr2.html
https://www.huabaike.com/uploads/allimg/artimg/201611/20161125133633_39275.jpg	https://m.huabaike.com/hyjk/5885.html
https://i2.kknews.cc/large/7da0006bdd9ccf7316e	https://kknews.cc/home/gq5ve.html
http://www.hana300.com/kikyou1.jpg	http://www.hana300.com/kikyou2.html
https://i2.kknews.cc/large/184f00006ba46e88e849	https://kknews.cc/zh-hk/essay/qy38e4r.html
http://p.d1xz.net/2016/02/16/14556047909927870.gif	http://www.d1xz.net/astro/huayu/art122854.aspx
http://image.meilele.com/zximages/images/upload/Image/64111349662569.jpg	http://wujiayu520.pixnet.net/blog/post/248226764-%E6%A1%94%E6%A2%97%E8%8A%B1%E7%9A%84%E8%8A%B1%E8%AA%9E%E8%88%87%E5%82%B3%E8%AA%AA%E8%80%90%E4%BA%BA%E5%B0%8B%E5%91%B3-
http://kplant.biodiv.tw/%E6%B4%8B%E6%A1%94%E6%A2%97/%E6%B4%8B%E6%A1%94%E6%A2%97-%E8%8A%B12.jpg	http://kplant.biodiv.tw/%E6%B4%8B%E6%A1%94%E6%A2%97/%E6%B4%8B%E6%A1%94%E6%A2%97.htm
https://i1.kknews.cc/large/e4d0004d332ddf737eb	https://kknews.cc/food/j34pny.html
http://img0.pchouse.com.cn/pchouse/1112/06/155677_jig1.jpg	http://www.pchouse.com.cn/baike/shenghuo/925/
https://s-media-cache-ak0.pinimg.com/originals/7f/43/4a/7f434a52b01132496cc2886f440b1211.jpg	https://www.pinterest.jp/pin/80853755785584271/
http://www.zhongyao360.com/uploads/allimg/160509/31-160509105555.jpg	http://www.zhongyao360.com/z/jiegeng/
https://blog-001.west.edge.storage-yahoo.jp/res/blog-b0-f4/yunitake2000/folder/893299/18/45382318/img_7?1312520527	http://blogs.yahoo.co.jp/yunitake2000/45382318.html
https://t13.pimg.jp/016/596/293/1/16596293.jpg	https://tw.pixtastock.com/tags/%E6%A1%94%E6%A2%97?search_type=2
https://www.huabaike.com/uploads/allimg/sltimg/201611/583be42479828.jpg	https://www.huabaike.com/sgzw/2021.html
http://img.doheal.com/uploads/9/F5/9F5597B159.jpeg	http://www.doheal.com/article/10446.html
http://userdisk.webry.biglobe.ne.jp/010/367/09/N000/000/000/IMGP9554.JPG	http://s.webry.info/sp/30414281.at.webry.info/200807/article_12.html
https://i1.kknews.cc/large/7fc00023820847f26d0	https://kknews.cc/home/gq5ve.html
http://pics19.blog.yam.com/15/userfile/c/chiu241/blog/149cf1edc57da1.jpg	http://chiu241.pixnet.net/blog/post/26310606-%E3%80%82%E6%A1%94%E6%A2%97%E3%80%82
http://4.bp.blogspot.com/-WZ2DLa5ypS0/UsIZlqemq1I/AAAAAAAADTQ/t0TfROKdmVg/s1600/%E6%A1%94%E6%A2%97_%E5%B1%B1%E6%A1%94%E6%A2%97+(4).JPG	http://bruce0342.blogspot.com/2008/09/blog-post_29.html
https://cbu01.alicdn.com/img/ibank/2015/186/059/2462950681_833289340.310x310.jpg	https://www.1688.com/pic/-BDDBB9A3BBA820B7C2D5E6.html
http://www.zjylw.com/console/editor/UploadFile/200614132241889.jpg	https://tieba.baidu.com/p/119610583
https://ddmxdtm74ysa7.cloudfront.net/uploads/2015/11/30071042/a516dd6da55e45ae14f6d2af0c06d7d4_1448867441-480x320.jpg	https://horti.jp/11775
https://t16.pimg.jp/013/741/226/1/13741226.jpg	https://tw.pixtastock.com/tags/%E6%A1%94%E6%A2%97?search_type=2
http://a3.att.hudong.com/38/58/20300001128119145621582389330_s.jpg	http://www.baike.com/wiki/%E6%B4%8B%E6%A1%94%E6%A2%97
https://ddmxdtm74ysa7.cloudfront.net/uploads/2015/11/30071049/bdf3205bc1cff4a34da8953cdd5f7569_1448867449-480x320.jpg	https://horti.jp/11775
http://img01.hua.com/uploadpic/images/20165311425206906222.jpg	http://www.hua.com/huayu/17692.html
http://www.twwiki.com/uploads/wiki/64/06/18891_7.jpg	http://www.twwiki.com/wiki/%E6%A1%94%E6%A2%97%E8%8A%B1
https://i1.kknews.cc/large/f26000c6f72282a146b	https://kknews.cc/agriculture/prbnr2.html
https://www.huabaike.com/uploads/allimg/artimg/201703/20170323165231_92095.jpg	https://www.huabaike.com/jtyh/5815.html
http://3.blog.xuite.net/3/d/b/3/13958885/blog_140320/txt/47645784/11.jpg	http://yuchuan517.pixnet.net/blog/post/2880199-07-05%E6%9D%B1%E7%A6%8F%E5%AF%BA%E5%A4%A9%E5%BE%97%E9%99%A2%E8%B3%9E%E6%A1%94%E6%A2%97
https://i1.wp.com/www.treehk.com/wp-content/uploads/2013/09/ballon-flower01.jpg?resize=800%2C445	http://www.treehk.com/%E6%A1%94%E6%A2%97
http://img01.hua.com/uploadpic/images/20165311424191086215.jpg	http://www.hua.com/huayu/17692.html
https://i1.kknews.cc/large/14d0005fe5db7dc650f	https://kknews.cc/agriculture/k8gaq.html
http://huayu.huabaike.com/wp-content/uploads/2016/06/611.jpg	http://huayu.huabaike.com/406.html
http://pics19.blog.yam.com/15/userfile/c/chiu241/blog/149cf240bcd4a5.jpg	http://chiu241.pixnet.net/blog/post/26310606-%E3%80%82%E6%A1%94%E6%A2%97%E3%80%82
http://img0.pclady.com.cn/pclady/1502/20/1270519_7.jpg	http://health.pclady.com.cn/healthzq/jg/
http://www.wsm.cn/uploads/allimg/160927/43-16092G12259.jpg	http://www.wsm.cn/shenghuo/xianhualipin/17847.html
http://s4.gigacircle.com/media/700x300_s4_f3c52e76f8c0ea9e15f9c6a61c0d66dd.jpg	http://tw.gigacircle.com/3583958-1
https://upload.wikimedia.org/wikipedia/commons/thumb/8/83/Kikyo_06c1347s.jpg/250px-Kikyo_06c1347s.jpg	https://ja.wikipedia.org/wiki/%E3%82%AD%E3%82%AD%E3%83%A7%E3%82%A6
http://a1.att.hudong.com/16/45/01300000121401121116452092206_s.jpg	http://www.baike.com/wiki/%E6%A1%94%E6%A2%97%E8%8A%B1%5B%E4%B8%AD%E8%8D%AF%E6%9D%90%5D
https://img.imynest.com/uploads/3/1E/31E8778F65.jpeg	https://www.imynest.com/content/56175.html
http://www.hana300.com/kikyou19.jpg	http://www.hana300.com/kikyou2.html
https://i2.read01.com/uploads/0EKHAJmPAa.jpg	https://read01.com/7kB5dB.html
http://tupian.geimian.com/pic/2016/12/2016-12-18_180829.jpg	https://www.geimian.com/wx/79197.html
http://4.bp.blogspot.com/-A6arsmq4YlE/U0vLt7O5R2I/AAAAAAAABHw/yoAUCuSuSEg/s1600/%E4%B8%BB%E5%9C%96.jpg	http://blog.igarden.com.tw/2014/04/how-to-grow-Platycodon-plant-seeds.html
http://img0.pchouse.com.cn/pchouse/1112/08/155677_jiegeng1.jpg	http://www.pchouse.com.cn/baike/shenghuo/925/
http://7.blog.xuite.net/7/4/e/4/11253733/blog_227360/txt/33677726/0.jpg	http://blog.xuite.net/e2202778/boaboa/33677726-%E6%B4%8B%E6%A1%94%E6%A2%97
http://www.twwiki.com/uploads/wiki/64/06/18891_1.jpg	http://www.twwiki.com/wiki/%E6%A1%94%E6%A2%97%E8%8A%B1
https://cdn.pixabay.com/photo/2016/08/16/11/46/bellflower-1597785_960_720.jpg	https://pixabay.com/zh/photos/%E6%A1%94%E6%A2%97/
https://img.imynest.com/uploads/B/B2/BB2C6CEFDC.jpeg	https://www.imynest.com/content/56175.html
https://www.huabaike.com/uploads/allimg/sltimg/201611/58341fac26ba5.jpg	https://www.huabaike.com/sgzw/2021.html
https://t15.pimg.jp/030/859/855/1/30859855.jpg	https://tw.pixtastock.com/tags/%E6%A1%94%E6%A2%97?search_type=2
http://3.bp.blogspot.com/-Gk9fuZ_6_8E/UsIZh49qjyI/AAAAAAAADSw/WnWxJ4RmmKU/s1600/%E6%A1%94%E6%A2%97_%E5%B1%B1%E6%A1%94%E6%A2%97+(1).JPG	http://bruce0342.blogspot.com/2008/09/blog-post_29.html
https://gss2.bdstatic.com/9fo3dSag_xI4khGkpoWK1HF6hhy/baike/s%3D220/sign=14cc62a294510fb37c197095e933c893/b21c8701a18b87d6d57e87040d0828381f30fde9.jpg	https://baike.baidu.com/item/%E6%A1%94%E6%A2%97%E8%8A%B1
http://a0.att.hudong.com/01/33/20300542991810142244335427720_s.jpg	http://www.baike.com/wiki/%E6%A1%94%E6%A2%97%E8%8A%B1%5B%E4%B8%AD%E8%8D%AF%E6%9D%90%5D
http://pds.exblog.jp/pds/1/200702/09/86/f0005586_1525194.jpg	http://hanaya87.com/library/book/hanamochi02
https://cdn.huaniaoy.cn/20160826/original/1472176491983.jpg@!pic280zw	https://www.huaniaoy.com/yangzhifangfa/534/
https://t16.pimg.jp/016/941/326/1/16941326.jpg	https://tw.pixtastock.com/tags/%E6%A1%94%E6%A2%97?search_type=2
http://www.zcyzcy.com/pic/20120828190822444.jpg	http://www.zcyzcy.com/zhongyao/zcytp/468.html
https://www.huabaike.com/uploads/allimg/sltimg/201611/5837ce25bf115.jpg	https://m.huabaike.com/hyjk/5885.html
http://a2.att.hudong.com/64/03/01300542684355141170030401256_s.jpg	http://www.baike.com/wiki/%E6%A1%94%E6%A2%97
http://huayu.huabaike.com/wp-content/uploads/2016/06/517.jpg	http://huayu.huabaike.com/406.html
http://pics19.blog.yam.com/15/userfile/c/chiu241/blog/149cf23dd1005d.jpg	http://chiu241.pixnet.net/blog/post/26310606-%E3%80%82%E6%A1%94%E6%A2%97%E3%80%82
http://blog-imgs-35.fc2.com/h/a/n/hananokao2012/01j.jpg	http://hananokao2012.blog.fc2.com/blog-entry-3.html
https://www.huabaike.com/uploads/allimg/artimg/201707/20170722103217_54854.jpg	https://www.huabaike.com/hyjk/10122.html
