
http://7.blog.xuite.net/7/4/e/4/11253733/blog_227360/txt/16318217/17.jpg	http://blog.xuite.net/e2202778/boaboa/16318217-%E5%8F%B0%E7%81%A3%E8%90%8D%E8%93%AC%E8%8D%89
https://c1.staticflickr.com/6/5101/5832008557_a5f167d7d6_z.jpg	https://www.flickr.com/photos/ddsnet/albums/72157615169096537/
http://pic.pimg.tw/changfong/1162232055.jpg	http://changfong.pixnet.net/blog/post/576059-%5B%E8%8A%B1%E8%8A%B1%E8%8D%89%E8%8D%89%5D%E5%8F%B0%E7%81%A3%E8%90%8D%E8%93%AC%E8%8D%89
http://www.tulaoer.org/3-Biology/P/T/T31-1.jpg	http://www.tulaoer.org/3-Biology/P/Nuphar_shimadai.html
http://serv.oga.ncku.edu.tw/ezfiles/72/1072/img/1561/P1160064.jpg	http://serv.oga.ncku.edu.tw/files/11-1072-13766.php?Lang=zh-tw
http://pic.pimg.tw/sowells/1386896061-128505658.jpg	http://sowells.pixnet.net/blog/post/327142070-%E5%8F%B0%E7%81%A3%E8%90%8D%E8%93%AC%E8%8D%89
http://taibif.org.tw/biomap/flora/stage1/280/280_1.jpg	http://taibif.tw/flower/detail.php?sc=Nuphar+shimadai&locale=en
http://www.zhongyixueyuan.com/uploads/allimg/160222/14-160222131100Z4.jpg	http://www.zhongyixueyuan.com/pingpengcao/
https://5.share.photo.xuite.net/anny1958/15d0d1c/10548975/487315501_m.jpg	http://blog.xuite.net/anny1958/twblog/128426351-%E5%A3%AB%E6%9E%97%E5%AE%98%E9%82%B8~~%E5%8F%B0%E7%81%A3%E8%90%8D%E8%93%AC%E8%8D%89%28%E6%B0%B4%E8%93%AE%E8%8A%B1%29
http://a0.att.hudong.com/52/86/01200000307188118078686145952.jpg	http://www.baike.com/gwiki/%E8%90%8D%E8%93%AC%E8%8D%89
http://farm5.static.flickr.com/4094/4770824824_af7dbb8fe2.jpg	http://blog.roodo.com/abun3/archives/12958227.html
http://6.blog.xuite.net/6/1/7/6/16970365/blog_1120766/txt/18332412/2.jpg	http://blog.xuite.net/a147b480c285/0325/18332412-%E5%8F%B0%E7%81%A3%E8%90%8D%E8%93%AC%E8%8D%89
http://pic.pimg.tw/changfong/1162232058.jpg	http://changfong.pixnet.net/blog/post/576059-%5B%E8%8A%B1%E8%8A%B1%E8%8D%89%E8%8D%89%5D%E5%8F%B0%E7%81%A3%E8%90%8D%E8%93%AC%E8%8D%89
https://photo.network.com.tw/scenery/E2D1C6A8-D67C-4E20-B34B-2DD07EA2C22B_d.jpg	https://www.travelking.com.tw/tourguide/pic117026.html
http://pic.pimg.tw/barefooter/1208962609.jpg	http://barefooter.pixnet.net/blog/post/16890315-%5B%E6%A4%8D%E7%89%A9%E7%AD%86%E8%A8%98%5D-%E4%B8%89%E6%9C%88%E2%80%A7%E5%8F%B0%E7%81%A3%E8%90%8D%E8%93%AC%E8%8D%89%E9%96%8B%E8%8A%B1
http://pic.pimg.tw/changfong/1162232056.jpg	http://changfong.pixnet.net/blog/post/576059-%5B%E8%8A%B1%E8%8A%B1%E8%8D%89%E8%8D%89%5D%E5%8F%B0%E7%81%A3%E8%90%8D%E8%93%AC%E8%8D%89
http://1.bp.blogspot.com/--QW-0PHTysQ/U_BH0FMOhRI/AAAAAAAAKRs/EuWK_S_0JR0/s1600/%E7%9D%A1%E8%8F%9C_%E5%8F%B0%E7%81%A3%E8%90%8D%E8%93%AC%E8%8D%89%2B(3).JPG	http://bruce0342.blogspot.com/2014/08/blog-post_82.html
http://7.blog.xuite.net/7/4/e/4/11253733/blog_227360/txt/56672067/8.jpg	http://blog.xuite.net/e2202778/boaboa/56672067-%E6%97%A5%E6%9C%AC%E8%90%8D%E8%93%AC%E8%8D%89
http://pic.pimg.tw/liusir/1379753660-3080285242.jpg?v=1379753661	http://liusir.pixnet.net/blog/post/248638256-%E6%88%91%E5%9C%8B%E5%AF%B6%E5%91%A2%EF%BC%81%EF%BC%8D%E5%8F%B0%E7%81%A3%E8%90%8D%E8%93%AC%E8%8D%89
http://eoldata.taibif.tw/files/eoldata/imagecache/data_object_image/images/39/2010711133744_203818_.jpg	http://taibif.tw/zh/namecode/424081
https://www.huabaike.com/uploads/allimg/sltimg/201604/57031f1a88b24.jpg	https://www.huabaike.com/sszw/2285.html
http://nas.cses.chc.edu.tw/~coffee/plants/p199.jpg	http://nas.cses.chc.edu.tw/~coffee/p199.html
http://163.30.50.30/jdemo/uploads/admin/albums/20130422075256/%E5%8F%B0%E7%81%A3%E8%90%8D%E8%93%AC%E8%8D%89.JPG	http://163.30.50.30/jdemo/modules/album/photo_show.php?photo_id=184
http://images.china.cn/attachement/jpg/site1000/20121221/8c89a59109ed123e38e939.jpg	http://guoqing.china.com.cn/2012-12/21/content_27480850.htm
http://163.20.14.1/~lintf/flower/yellow/y03-3.jpg	http://163.20.14.1/~lintf/flower/yellow/y03.htm
https://etoe.tc.edu.tw/frs/dw/moid/4ef2a218f26d960343000007/did/9318	https://etoe.tc.edu.tw/index/vrs/did/9318
http://d.blog.xuite.net/d/3/2/b/16989444/blog_726637/txt/54643449/0.jpg	http://blog.xuite.net/tingbc/blog/54643449-%E5%9F%A4%E5%A1%98%E8%A7%80%E5%AF%9F--%E9%BE%8D%E6%BD%AD%E5%8F%B0%E7%81%A3%E8%90%8D%E8%93%AC%E8%8D%89%E7%9A%84%E5%8E%9F%E7%94%9F%E6%B1%A0
http://pic.pimg.tw/changfong/1162232057.jpg	http://changfong.pixnet.net/blog/post/576059-%5B%E8%8A%B1%E8%8A%B1%E8%8D%89%E8%8D%89%5D%E5%8F%B0%E7%81%A3%E8%90%8D%E8%93%AC%E8%8D%89
http://link.photo.pchome.com.tw/s08/duck0705/105/130111759254/	http://mypaper.pchome.com.tw/duck0705/post/1322021903
http://pic.pimg.tw/billylo/4b2c9629dab0f.jpg	http://billylo.pixnet.net/album/photo/138377389
http://joye.tw/wp-content/uploads/1/.yozZ715D5OtJ4aA.xTDVQ.jpg	http://joye.tw/?p=1238
http://2.bp.blogspot.com/-OxqAftHK_Fg/U_BH2XPSlMI/AAAAAAAAKSk/TOgA0nVeupo/s1600/%E7%9D%A1%E8%8F%9C_%E5%8F%B0%E7%81%A3%E8%90%8D%E8%93%AC%E8%8D%89%2B(8).JPG	http://bruce0342.blogspot.com/2014/08/blog-post_82.html
http://2.bp.blogspot.com/-bAb7J2wJcyM/U_BH0wE8Q6I/AAAAAAAAKSE/mgEpSKz7JFM/s1600/%E7%9D%A1%E8%8F%9C_%E5%8F%B0%E7%81%A3%E8%90%8D%E8%93%AC%E8%8D%89%2B(4).JPG	http://bruce0342.blogspot.com/2014/08/blog-post_82.html
http://icontent.nkps.tp.edu.tw/naturesci/files/10/19/201204291541228132.jpg	http://icontent.nkps.tp.edu.tw/naturesci/Intro.aspx?specID=363&TaxonID=19&funcID=0
http://i747.photobucket.com/albums/xx117/ada2298/20070723_019.jpg	http://www.turtle-family.com/Discuz50/viewthread.php?tid=47088
https://1.share.photo.xuite.net/y1420u/11ca691/10469146/482922359_m.jpg	http://blog.xuite.net/y1420u/twblog/127783992
http://www.tulaoer.org/3-Biology/P/T/T31-2.jpg	http://www.tulaoer.org/3-Biology/P/Nuphar_shimadai.html
http://kplant.biodiv.tw/%E5%8F%B0%E7%81%A3%E8%90%8D%E8%93%AC%E8%8D%89/%E5%8F%B0%E7%81%A3%E8%90%8D%E7%AF%B7%E8%8D%8923.JPG	http://kplant.biodiv.tw/%E5%8F%B0%E7%81%A3%E8%90%8D%E8%93%AC%E8%8D%89/%E5%8F%B0%E7%81%A3%E8%90%8D%E8%93%AC%E8%8D%89.htm
http://pic.pimg.tw/jeannike/e629030e9e5e120c6c98dfb600d8326f.jpg	http://jeannike.pixnet.net/blog/post/25959638-%E6%B0%B4%E7%94%9F%E6%A4%8D%E7%89%A9-%28%E5%85%AD%29-%E6%97%A5%E6%9C%AC%E8%90%8D%E8%93%AC%E8%8D%89
http://163.20.63.1/~pool/images/little/pool%2012-7.jpg	http://163.20.63.1/~pool/newfile_9.html
http://4.bp.blogspot.com/-3WZ5oOyOKuA/U0Pl1R7NGCI/AAAAAAAAKTE/4mTFitdNT5I/s1600/0408+056.JPG	http://sw0829.blogspot.com/2014/04/blog-post_17.html
http://www.chantuguan.com/ueditor/php/upload/image/20170621/1498014035501234.jpg	http://www.chantuguan.com/baike/803.html
http://twrscoffee.com/files/image/cl/twppc02.jpg	http://twrscoffee.com/?%E5%8F%B0%E7%81%A3%E8%90%8D%E8%93%AC%E8%8D%89,84
http://archives.hakka.gov.tw/e_upload_hakka/cms/webEdit/A0/B0/C0/D0/E0/F0/453a4b0c-6456-45c3-9f1d-6fc34c2e9a8d.jpg	http://archives.hakka.gov.tw/blog_detail.php?id=73305
http://pic.baike.soso.com/ugc/baikepic2/20919/20160921140449-996626253.jpg/300	http://baike.sogou.com/v70146.htm
https://upload.wikimedia.org/wikipedia/commons/7/7a/Yellowwaterlili.jpg	https://zh.wikipedia.org/wiki/%E5%8F%B0%E7%81%A3%E8%90%8D%E8%93%AC%E8%8D%89
http://pic.pimg.tw/liusir/1379753663-2999413120.jpg	http://liusir.pixnet.net/blog/post/248638256-%E6%88%91%E5%9C%8B%E5%AF%B6%E5%91%A2%EF%BC%81%EF%BC%8D%E5%8F%B0%E7%81%A3%E8%90%8D%E8%93%AC%E8%8D%89
http://5.share.photo.xuite.net/wmwm5600/15762e1/11026196/515345101_m.jpg	http://blog.xuite.net/wmwm5600/blog/131248506-%E5%8F%B0%E7%81%A3%E8%90%8D%E8%93%AC%E8%8D%89
http://p.d1xz.net/2014/7/5/115870607060.jpg	http://www.d1xz.net/astro/huayu/art56068.aspx
http://163.20.14.1/~lintf/flower/yellow/y03-1.jpg	http://163.20.14.1/~lintf/flower/yellow/y03.htm
http://pic.pimg.tw/b20131201/1385907546-1783829131.jpg	http://b20131201.pixnet.net/blog/post/25939462-%E5%8F%B0%E7%81%A3%E8%90%8D%E8%93%AC%E8%8D%89
https://blackwalnut.npust.edu.tw/wp-content/uploads/gallery/2/2-5918.jpg	https://blackwalnut.npust.edu.tw/archives/518
http://i.epochtimes.com/assets/uploads/2009/05/905201012431535.jpg	http://www.epochtimes.com/b5/9/5/20/n2532917.htm
http://img.aihuahui.com/d/2017/04/58e84c87b6b50.gif	http://www.aihuahui.com/huahuizhenliao/chonghai/4880.html
http://b.blog.xuite.net/b/6/2/2/18253188/blog_911909/txt/16439332/0.jpg	http://blog.xuite.net/chenfu2007/wland/16439332-%E5%8F%B0%E7%81%A3%E8%90%8D%E8%93%AC%E8%8D%89%E7%9A%84%E5%AE%8C%E5%85%A8%E8%8A%B1
http://blog.udn.com/community/img/PSN_PHOTO/kuo2/f_2435209_1.jpg	http://city.udn.com/52614/3120531
http://blog.udn.com/community/img/PSN_PHOTO/kuo2/f_1860657_1.jpg	http://city.udn.com/52614/3120531
http://twrscoffee.com/files/twppc01.jpg	http://twrscoffee.com/?%E5%8F%B0%E7%81%A3%E8%90%8D%E8%93%AC%E8%8D%89,84
https://blackwalnut.npust.edu.tw/wp-content/uploads/gallery/2/2-5922.jpg	https://blackwalnut.npust.edu.tw/archives/518
http://link.photo.pchome.com.tw/s08/huangshuzhen0407/87/126857709749/	http://mypaper.pchome.com.tw/huangshuzhen0407/post/1320734623
http://img.zhongyixueyuan.com/2016/02/25/145640758371776.jpg	http://www.zhongyixueyuan.com/pingpengcao/20160225/8286.html
http://img.zwbk.org/baike/spic/2011/07/29/20110729020409172_6572.jpg	http://www.zwbk.org/MyLemmaShow.aspx?zh=zh-tw&lid=197355
http://c.blog.xuite.net/c/f/8/f/13396183/blog_1400131/txt/34517126/10.jpg	http://blog.xuite.net/smile27/flower/34517126-%E5%8F%B0%E7%81%A3%E8%90%8D%E8%93%AC%E8%8D%89
http://7.blog.xuite.net/7/4/e/4/11253733/blog_227360/txt/16318217/14.jpg	http://blog.xuite.net/e2202778/boaboa/16318217-%E5%8F%B0%E7%81%A3%E8%90%8D%E8%93%AC%E8%8D%89
http://album.udn.com/community/img/PSN_PHOTO/rabenta/f_4542996_1.jpg	http://blog.udn.com/rabenta/3820393
http://www.dxps.tc.edu.tw/plant/photo/aquatic/quantic29.JPG	http://www.dxps.tc.edu.tw/plant/aquatic_6.html
http://www.wenlianyuan.com/upLoad/product/month_1501/201501181923404715.jpg	http://www.wenlianyuan.com/list-137-1.html
http://blog.udn.com/community/img/PSN_PHOTO/kuo2/f_1860659_1.jpg	http://city.udn.com/52614/3120531
http://img.mp.itc.cn/upload/20170614/f40d7600d6d843138623a6f0e851ac15_th.jpg	http://www.sohu.com/a/146584513_506922
https://www.huabaike.com/uploads/allimg/sltimg/201604/57032295d94b1.jpg	https://www.huabaike.com/hyjk/2290.html
http://6.blog.xuite.net/6/1/7/6/16970365/blog_1120766/txt/18332412/0.jpg	http://blog.xuite.net/a147b480c285/0325/18332412-%E5%8F%B0%E7%81%A3%E8%90%8D%E8%93%AC%E8%8D%89
http://www.gbes.ylc.edu.tw/gbes/ecopark/gbesecopark/teachcase/02.files/image002.jpg	http://www.gbes.ylc.edu.tw/gbes/ecopark/gbesecopark/teachcase/02.htm
https://gss2.bdstatic.com/9fo3dSag_xI4khGkpoWK1HF6hhy/baike/s%3D220/sign=40e6eb1268d0f703e2b292de38fb5148/37d3d539b6003af3f07261653f2ac65c1138b6ef.jpg	https://baike.baidu.com/item/%E8%90%8D%E8%93%AC%E8%8D%89
http://pic.pimg.tw/b20131201/1385907538-2533552860.jpg	http://b20131201.pixnet.net/blog/post/25939462-%E5%8F%B0%E7%81%A3%E8%90%8D%E8%93%AC%E8%8D%89
http://163.20.94.176/~web/nature01/images/waterplat/waterplant800/11-12.jpg	http://163.20.94.176/~web/nature01/3-index/waterplant/onwater/onwater1.htm
http://8.share.photo.xuite.net/tamlubi/182cfde/9837978/437069892_m.jpg	http://blog.xuite.net/tamlubi/twblog/122761759-%E5%8F%B0%E7%81%A3%E8%90%8D%E8%93%AC%E8%8D%89
https://etoe.tc.edu.tw/frs/dw/moid/50879f91f26d960e65000000/did/13294	https://etoe.tc.edu.tw/index/vrs/did/13294
http://blog.sina.com.tw/myimages/223/35295/images/1183302146_0.jpg	http://blog.sina.com.tw/show_me_more/article.php?entryid=570033
http://www.zhongyixueyuan.com/uploads/allimg/160222/14-160222131122H4.jpg	http://www.zhongyixueyuan.com/pingpengcao/
http://b.blog.xuite.net/b/6/2/2/18253188/blog_911909/txt/21322164/2.jpg	http://blog.xuite.net/chenfu2007/wland/21322164-%E8%9A%9C%E8%9F%B2%E5%A4%A7%E8%88%89%E5%85%A5%E4%BE%B5%E6%88%91%E5%80%91%E6%B1%A0%E4%B8%AD%E7%9A%84%E5%8F%B0%E7%81%A3%E8%90%8D%E8%93%AC%E8%8D%89%E4%BA%86
http://farm8.static.flickr.com/7503/27786636252_7a36c4aaf5.jpg	http://flickriver.com/photos/tags/%E5%8F%B0%E7%81%A3%E8%90%8D%E8%93%AC%E8%8D%89/interesting/
http://farm3.static.flickr.com/2237/2328185297_1b95e8a196_m.jpg	http://montanahan.pbworks.com/w/page/21639254/%E5%8F%B0%E7%81%A3%E8%90%8D%E8%93%AC%E8%8D%89
http://www.mingdao.edu.tw/biological/bluepool/images/pp15.jpg	http://www.mingdao.edu.tw/biological/bluepool/plant2.htm
https://blackwalnut.npust.edu.tw/wp-content/uploads/gallery/2/2-5909.jpg	https://blackwalnut.npust.edu.tw/archives/518
http://7.blog.xuite.net/7/4/e/4/11253733/blog_227360/txt/56672067/0.jpg	http://blog.xuite.net/e2202778/boaboa/56672067-%E6%97%A5%E6%9C%AC%E8%90%8D%E8%93%AC%E8%8D%89
http://163.20.94.176/~web/nature01/3-index/waterplant/upwater/320-%20%2001-17.JPG	http://163.20.94.176/~web/nature01/3-index/waterplant/upwater/upwater6.htm
http://g.udn.com.tw/upfiles/B_RO/rosa2010/PSN_PHOTO/096/f_18497096_1.JPG	http://blog.udn.com/rosa2010/73076648
http://2.bp.blogspot.com/-N_iGnon-pIk/VQfoE_ORCJI/AAAAAAAAOFc/Rj5DtwkXpKU/s1600/img_show.php-99.jpeg	http://blog.igarden.com.tw/2006/11/5M61112.html
http://farm4.static.flickr.com/3489/5745402125_758f9af4d0.jpg	http://www.flickriver.com/photos/ddsnet/sets/72157615169096537/
http://subject.forest.gov.tw/species/aquaplants/bwpic/016.gif	https://etoe.tc.edu.tw/frs/dw/moid/5458dc58f26d961723000000/did/34551
http://b2b.image.yuanlin.com/biz/2012-2/201224123702428.jpg	http://www.yuanlin.com/b2b/sell_detail_167303.html
https://3.share.photo.xuite.net/jodyhsieh/1377e71/12804876/647281253_m.jpg	http://blog.xuite.net/jodyhsieh/twblog/142244188-%E8%8F%AF%E6%A2%B5%E5%A4%A7%E5%AD%B8%E5%BE%8C%E5%B1%B1%E6%8B%88%E8%8A%B1%E6%83%B9%E8%8D%89
http://www.chantuguan.com/ueditor/php/upload/image/20170621/1498014712106632.jpg	http://www.chantuguan.com/baike/804.html
http://icontent.nkps.tp.edu.tw/naturesci/files/10/19/201204291541225948.jpg	http://icontent.nkps.tp.edu.tw/naturesci/Intro.aspx?specID=363&TaxonID=19&funcID=0
http://icontent.nkps.tp.edu.tw/naturesci/files/10/19/201204291541230004.jpg	http://icontent.nkps.tp.edu.tw/naturesci/Intro.aspx?specID=363&TaxonID=19&funcID=0
http://www.lfes.tc.edu.tw/%E5%AD%B8%E7%BF%92%E5%A4%A9%E5%A0%82/%E7%B6%A0%E6%A0%A1%E5%9C%92%E7%B6%B2%E9%A0%81/%E6%B0%B4%E7%94%9F%E6%A4%8D%E7%89%A9%E5%8D%8040/%E5%8F%B0%E7%81%A3%E8%90%8D%E8%93%AC%E8%8D%89/%E9%A6%96%E5%9C%96_%E5%8F%B0%E7%81%A3%E8%90%8D%E8%93%AC%E8%8D%89.jpeg	http://www.lfes.tc.edu.tw/%E5%AD%B8%E7%BF%92%E5%A4%A9%E5%A0%82/%E7%B6%A0%E6%A0%A1%E5%9C%92%E7%B6%B2%E9%A0%81/%E6%B0%B4%E7%94%9F%E6%A4%8D%E7%89%A9%E5%8D%8040/%E6%B0%B4%E7%94%9F%E6%A4%8D%E7%89%A9-%E5%8F%B0%E7%81%A3%E8%90%8D%E8%93%AC%E8%8D%89.htm
http://link.photo.pchome.com.tw/s08/duck0705/105/130111770928/	http://mypaper.pchome.com.tw/duck0705/post/1322021903
http://eoldata.taibif.tw/files/eoldata/imagecache/data_object_image/images/39/2010711134547_203818_.jpg	http://taibif.tw/zh/namecode/424081
https://img.ys137.com/data/upload/ueditor/20170516/591acb23f2a18.jpg	https://www.ys137.com/zyys/1705876.html
http://pic.pimg.tw/gygy/1194495626_n.jpg	http://gygy.pixnet.net/album/photo/71380840
