
http://1.bp.blogspot.com/-pYANItvQv1I/UzSXh0rZRoI/AAAAAAAAGJY/DoN7nXC1q4Q/s1600/%E5%B0%8F%E6%AA%97_%E7%8E%89%E5%B1%B1%E5%B0%8F%E6%AA%97+(1).JPG	http://bruce0342.blogspot.com/2014/03/blog-post_28.html
http://1.bp.blogspot.com/-4f_yS4jc83w/UzHyC8TyPGI/AAAAAAAAGGk/FrED5gONXLg/s1600/%E5%B0%8F%E6%AA%97_%E5%8F%B0%E7%81%A3%E5%B0%8F%E6%AA%97+(13).jpg	http://bruce0342.blogspot.com/2014/03/blog-post_26.html
http://plant.cqla.cn/07/X701B_Xiyexiaobo4280039.JPG	http://plant.cqla.cn/07/07.htm
http://a0.att.hudong.com/71/64/20300000164151143341641494238_s.jpg	http://www.baike.com/wiki/%E5%B0%8F%E6%AA%97
http://a1.att.hudong.com/88/10/14300000924191128659109334932.jpg	http://w.baike.com/91f8ff47877b40d1a06fd7834893344d.html
http://www.cnhua.net/uploads/allimg/090611/2200136118-0.JPG	http://www.cnhua.net/zhiwu/xiaoboke/xiaobo/
http://1.bp.blogspot.com/-8vL8PDvLqzU/UzCptf_WPOI/AAAAAAAAGFI/nQTq_tGlzgY/s1600/%E5%B0%8F%E6%AA%97_%E9%AB%98%E5%B1%B1%E5%B0%8F%E6%AA%97+(4).JPG	http://bruce0342.blogspot.com/2014/03/blog-post_25.html
http://1.bp.blogspot.com/-v2bNzIhjXtw/UzHyESLjQ5I/AAAAAAAAGGs/in-x5MxSxiM/s1600/%E5%B0%8F%E6%AA%97_%E5%8F%B0%E7%81%A3%E5%B0%8F%E6%AA%97+(2).jpg	http://bruce0342.blogspot.com/2014/03/blog-post_26.html
http://www.yuhuagu.com/uploads/allimg/121001/10-121001112R3.jpg	http://www.yuhuagu.com/ktsh/4510.html
http://pic.showhua.com/pinzhong/201432153218.jpg	http://www.showhua.com/pinzhong/hongyexiaobo/
http://kplant.biodiv.tw/%E5%8F%B0%E7%81%A3%E5%B0%8F%E8%98%97/%E5%8F%B0%E7%81%A3%E5%B0%8F%E8%98%97-%E8%91%89%E8%83%8C1.jpg	http://kplant.biodiv.tw/%E5%8F%B0%E7%81%A3%E5%B0%8F%E8%98%97/%E5%8F%B0%E7%81%A3%E5%B0%8F%E8%98%97.htm
http://a3.att.hudong.com/76/19/20300543582829144715190407452_s.jpg	http://www.baike.com/wiki/%E9%BB%84%E8%83%8C%E5%B0%8F%E6%AA%97
http://www.yuhuagu.com/uploads/allimg/121001/10-121001112R8.jpg	http://www.yuhuagu.com/ktsh/4510.html
https://farm1.staticflickr.com/579/22813703251_730e97042c_c.jpg	http://burt.pixnet.net/blog/post/43011793-%E8%AE%93%E4%BA%BA%E5%8F%88%E6%84%9B%E5%8F%88%E6%81%A8%E7%9A%84%E7%8E%89%E5%B1%B1%E5%B0%8F%E8%98%97
http://a1.bbkz.net/forum/attachment.php?attachmentid=422761&stc=1&thumb=1&d=1315634609	http://www.backpackers.com.tw/forum/showthread.php?p=3259316
http://kplant.biodiv.tw/%E5%8F%B0%E7%81%A3%E5%B0%8F%E8%98%97/%E5%8F%B0%E7%81%A3%E5%B0%8F%E8%98%97-%E7%B6%A0%E8%91%892.jpg	http://kplant.biodiv.tw/%E5%8F%B0%E7%81%A3%E5%B0%8F%E8%98%97/%E5%8F%B0%E7%81%A3%E5%B0%8F%E8%98%97.htm
http://2.bp.blogspot.com/-l8pJtpE9YHE/UzHyF_LnBHI/AAAAAAAAGG4/eFlrH4pdx3Y/s1600/%E5%B0%8F%E6%AA%97_%E5%8F%B0%E7%81%A3%E5%B0%8F%E6%AA%97+(14).JPG	http://bruce0342.blogspot.com/2014/03/blog-post_26.html
http://www.yuanlin.com/flora/UpLoadFile/2013-6/201368125293107.jpg	http://www.yuanlin.com/flora/detail/13202.html
http://1.bp.blogspot.com/-kChyECGyZCg/UzCpycsHxrI/AAAAAAAAGF4/Ja4K0GCl6qQ/s1600/%E5%B0%8F%E6%AA%97_%E9%AB%98%E5%B1%B1%E5%B0%8F%E6%AA%97+(9).JPG	http://bruce0342.blogspot.com/2014/03/blog-post_25.html
http://www.mybaicaoyuan.com/uploads/allimg/170314/1-1F31413453JL.jpg	http://www.mybaicaoyuan.com/hongyexiaobi/296.html
http://pic.pimg.tw/eagle570727/1433486345-1681050242.jpg	http://eagle570727.pixnet.net/blog/post/426280931-%E7%8E%89%E5%B1%B1%E5%B0%8F%E8%98%97_%E5%B7%9D%E4%B8%8A%E6%B0%8F%E5%B0%8F%E8%98%97
http://www.cuibohuahui.com/images/UpFile/2017-2/2017251058390.jpg	http://www.cuibohuahui.com/zhsh1.asp?id=180674
http://www.cnhua.net/uploads/allimg/090611/2201052096-0.JPG	http://www.cnhua.net/zhiwu/xiaoboke/xiaobo/
http://a2.att.hudong.com/41/64/01300000171642121810649385717_s.jpg	http://www.baike.com/wiki/%E5%B0%8F%E6%AA%97
https://farm1.staticflickr.com/684/22384134177_94fd43b70a_c.jpg	http://burt.pixnet.net/blog/post/43011793-%E8%AE%93%E4%BA%BA%E5%8F%88%E6%84%9B%E5%8F%88%E6%81%A8%E7%9A%84%E7%8E%89%E5%B1%B1%E5%B0%8F%E8%98%97
http://2.bp.blogspot.com/-4cjjtsN2bY4/UzNgplvQjNI/AAAAAAAAGH4/Vi4DBsEt1AM/s1600/%E5%B0%8F%E6%AA%97_%E7%9C%A0%E6%9C%88%E5%B0%8F%E6%AA%97+(1).jpg	http://bruce0342.blogspot.com/2014/03/blog-post_27.html
http://www.zhang007.com/upload/201303/1364719262.jpg	http://www.zhang007.com/product/hongye.htm
https://gss0.bdstatic.com/94o3dSag_xI4khGkpoWK1HF6hhy/baike/c0%3Dbaike60%2C5%2C5%2C60%2C20/sign=028bcbc5918fa0ec6bca6c5f47fe328b/9825bc315c6034a83e84b177cb134954082376e5.jpg	https://baike.baidu.com/item/%E5%B0%8F%E6%AA%97%E7%A7%91
http://3.bp.blogspot.com/--ipdDEUStFc/UyjWtZwKk0I/AAAAAAAAF6c/P5YNexdvTaM/s1600/%E5%B0%8F%E8%98%97_%E5%A4%AA%E9%AD%AF%E9%96%A3%E5%B0%8F%E8%98%97+(6).JPG	http://bruce0342.blogspot.com/2014/03/blog-post_19.html
http://www.cnmmhh.com/file/upload/201303/25/et49406251938531.jpg	http://www.cnmmhh.com/plant/show.php?itemid=7353
http://3.bp.blogspot.com/-v_iKiSbm9HQ/UzCpuVhtTaI/AAAAAAAAGFU/J_bVu8-S-hU/s1600/%E5%B0%8F%E6%AA%97_%E9%AB%98%E5%B1%B1%E5%B0%8F%E6%AA%97+(2).JPG	http://bruce0342.blogspot.com/2014/03/blog-post_25.html
http://2.bp.blogspot.com/-R8SFvNWw-vk/UzHyIYJeDSI/AAAAAAAAGHM/bmk-qTftJy8/s1600/%E5%B0%8F%E6%AA%97_%E5%8F%B0%E7%81%A3%E5%B0%8F%E6%AA%97+(6).JPG	http://bruce0342.blogspot.com/2014/03/blog-post_26.html
http://1.bp.blogspot.com/-81QbYlikj8s/UzHyH-g50TI/AAAAAAAAGHI/uB1mqeef518/s1600/%E5%B0%8F%E6%AA%97_%E5%8F%B0%E7%81%A3%E5%B0%8F%E6%AA%97+(5).JPG	http://bruce0342.blogspot.com/2014/03/blog-post_26.html
http://4.bp.blogspot.com/-4sdj9JzaN70/UzSX2vBBF3I/AAAAAAAAGJg/4_MzDdh40q8/s1600/%E5%B0%8F%E6%AA%97_%E7%8E%89%E5%B1%B1%E5%B0%8F%E6%AA%97+(11).JPG	http://bruce0342.blogspot.com/2014/03/blog-post_28.html
http://4.bp.blogspot.com/-apdbXVo4h0I/UzSYDsEdAQI/AAAAAAAAGKw/sPnHFYhUjrs/s1600/%E5%B0%8F%E6%AA%97_%E7%8E%89%E5%B1%B1%E5%B0%8F%E6%AA%97+(7).JPG	http://bruce0342.blogspot.com/2014/03/blog-post_28.html
http://3.bp.blogspot.com/-c3co54b0874/UyjWb0nhURI/AAAAAAAAF5s/Okkuxsxa07g/s1600/%E5%B0%8F%E8%98%97_%E5%A4%AA%E9%AD%AF%E9%96%A3%E5%B0%8F%E8%98%97+(1).JPG	http://bruce0342.blogspot.com/2014/03/blog-post_19.html
http://2.bp.blogspot.com/-M9mDXW33egk/UzHyBsib8xI/AAAAAAAAGGY/quUhrRl-or0/s1600/%E5%B0%8F%E6%AA%97_%E5%8F%B0%E7%81%A3%E5%B0%8F%E6%AA%97+(12).JPG	http://bruce0342.blogspot.com/2014/03/blog-post_26.html
http://1.bp.blogspot.com/-E4sR4y2T9og/UzNg_Ccj3pI/AAAAAAAAGIY/0RGiHfFc3gw/s1600/%E5%B0%8F%E6%AA%97_%E7%9C%A0%E6%9C%88%E5%B0%8F%E6%AA%97+(3).JPG	http://bruce0342.blogspot.com/2014/03/blog-post_27.html
http://2.bp.blogspot.com/-RpZJvGpd0qc/UzSYE9v5pcI/AAAAAAAAGK4/pluRUwDERJQ/s1600/%E5%B0%8F%E6%AA%97_%E7%8E%89%E5%B1%B1%E5%B0%8F%E6%AA%97+(8).JPG	http://bruce0342.blogspot.com/2014/03/blog-post_28.html
http://www.tbn.org.tw/Public/Photo/20120612/sjmm/0//L/20120612170700843.jpg	https://edu.ieco.tw/illustration/EcologySpecies_FamilyList/369
http://upload.wikimedia.org/wikipedia/commons/thumb/8/8f/Berberis_valdiviana_120502-2.jpg/640px-Berberis_valdiviana_120502-2.jpg	http://www.wikiwand.com/zh/%E5%B0%8F%E6%AA%97%E5%B1%9E
https://gss1.bdstatic.com/9vo3dSag_xI4khGkpoWK1HF6hhy/baike/s%3D220/sign=a490650c7b899e517c8e3d1672a6d990/8ad4b31c8701a18b16bca4be9e2f07082938fee8.jpg	https://baike.baidu.com/item/%E5%B0%8F%E6%AA%97
https://www.spnp.gov.tw/userfiles/image/%E7%8E%89%E5%B1%B1%E5%B0%8F%E6%AA%97.jpg	https://www.spnp.gov.tw/Mobile/Article.aspx?lang=1&a=9v1HwsyYXyY%3D
http://life.nju.edu.cn/plantae/images/pics/ribenxiaobo.JPG	http://life.nju.edu.cn/plantae/species/xiaoboke/ribenxiaonie.htm
https://gss1.bdstatic.com/9vo3dSag_xI4khGkpoWK1HF6hhy/baike/s%3D220/sign=d9f04dd845086e066ea8384932097b5a/eaf81a4c510fd9f9b64384802c2dd42a2934a487.jpg	https://baike.baidu.com/item/%E5%B0%8F%E6%AA%97%E7%A7%91
http://s9.sinaimg.cn/mw690/0029Dvdfzy7bhYolsrm28&690	http://blog.sina.com.cn/s/blog_75b308c90102wror.html
https://gss0.bdstatic.com/-4o3dSag_xI4khGkpoWK1HF6hhy/baike/s%3D220/sign=6a0157d6376d55fbc1c671245d234f40/11385343fbf2b211df85be46c08065380cd78e0a.jpg	https://baike.baidu.com/item/%E6%97%A5%E6%9C%AC%E5%B0%8F%E6%AA%97
http://www.yshuangjing.com/UpFile/201512/2015122180596049.jpg	http://www.yshuangjing.com/zhongyao/1159.html
http://1.bp.blogspot.com/-1Vsh7fGGj60/UzNhBhXPqkI/AAAAAAAAGIs/SsNwCLcwQOE/s1600/%E5%B0%8F%E6%AA%97_%E7%9C%A0%E6%9C%88%E5%B0%8F%E6%AA%97+(6).jpg	http://bruce0342.blogspot.com/2014/03/blog-post_27.html
https://gss0.bdstatic.com/-4o3dSag_xI4khGkpoWK1HF6hhy/baike/s%3D220/sign=ec7b03c25b3d26972ad30f5f65fab24f/e850352ac65c10381fd4f0cab8119313b07e890b.jpg	https://baike.baidu.com/item/%E5%B0%8F%E6%AA%97
http://s1.sinaimg.cn/mw690/0029Dvdfzy7bhYoEFxu40&690	http://blog.sina.com.cn/s/blog_75b308c90102wror.html
http://a0.att.hudong.com/13/35/01300544026248147792355060506_s.png	http://www.baike.com/wiki/%E5%8D%97%E6%96%B9%E5%B0%8F%E6%AA%97
http://a1.att.hudong.com/76/59/20300543527908144654599893007_s.jpg	http://www.baike.com/wiki/%E7%BA%A2%E5%8F%B6%E5%B0%8F%E6%AA%97%E7%A7%8D%E8%8B%97
http://4.bp.blogspot.com/-UDhcmoOjfsM/UzSX6DyNRRI/AAAAAAAAGJ0/V9AXeL9WQoc/s1600/%E5%B0%8F%E6%AA%97_%E7%8E%89%E5%B1%B1%E5%B0%8F%E6%AA%97+(12).JPG	http://bruce0342.blogspot.com/2014/03/blog-post_28.html
http://1.bp.blogspot.com/-hJhkgrEogxA/UyjWr26_pkI/AAAAAAAAF6I/qMIwtllsDL0/s1600/%E5%B0%8F%E8%98%97_%E5%A4%AA%E9%AD%AF%E9%96%A3%E5%B0%8F%E8%98%97+(4).JPG	http://bruce0342.blogspot.com/2014/03/blog-post_19.html
http://a0.att.hudong.com/15/16/20300000164151143332167315516_s.jpg	http://www.baike.com/wiki/%E9%BB%84%E7%9A%AE%E5%B0%8F%E6%AA%97
http://a3.att.hudong.com/13/12/01300000822820126700128602811.jpg	http://www.baike.com/gwiki/%E5%B0%8F%E6%AA%97%E5%B1%9E
http://a1.att.hudong.com/65/21/20300000164151143361211415667_s.jpg	http://www.baike.com/wiki/%E5%8F%B0%E6%B9%BE%E5%B0%8F%E6%AA%97
http://1.bp.blogspot.com/-NQyi4PW6-UM/UzSX6BbECzI/AAAAAAAAGJw/Vk3U6l_6rrU/s1600/%E5%B0%8F%E6%AA%97_%E7%8E%89%E5%B1%B1%E5%B0%8F%E6%AA%97+(13).JPG	http://bruce0342.blogspot.com/2014/03/blog-post_28.html
http://a0.att.hudong.com/54/51/20300396105035143280514246624_s.jpg	http://www.baike.com/wiki/%E8%85%B0%E6%9E%9C%E5%B0%8F%E6%AA%97
https://upload.wikimedia.org/wikipedia/commons/thumb/0/02/BerberisThunbergiiBerries.jpg/250px-BerberisThunbergiiBerries.jpg	https://zh.wikipedia.org/wiki/%E5%B0%8F%E6%AA%97%E7%A7%91
https://s-media-cache-ak0.pinimg.com/736x/f2/ee/f4/f2eef41a7ad2013053e9bdf0352fc7e5.jpg	https://www.pinterest.co.uk/appletcorp01/%E9%9B%99%E5%AD%90%E8%91%89%E5%B0%8F%E6%AA%97%E7%A7%91%E5%B0%8F%E8%98%97%E5%B1%AC-berberis%E9%AB%98%E5%B1%B1%E5%B0%8F%E6%AA%97/
http://www.caohuajidi.com/uploads/cp/20170320044645.jpg	http://www.caohuajidi.com/supply/159.html
http://2.bp.blogspot.com/-tlh-d-411sA/UzCpvoh64XI/AAAAAAAAGFg/SKPvKzsL3AE/s1600/%E5%B0%8F%E6%AA%97_%E9%AB%98%E5%B1%B1%E5%B0%8F%E6%AA%97+(5).JPG	http://bruce0342.blogspot.com/2014/03/blog-post_25.html
http://taibnet.sinica.edu.tw/uploads_moved/20130622104917_203985.jpg	http://taibif.tw/zh/namecode/203985?order=solr_document_3&sort=asc
http://p.d1xz.net/2014/10/23/084039013901.jpg	http://3g.d1xz.net/astro/huayu/art67535.aspx
https://farm6.staticflickr.com/5804/22380107780_585c7d4aea_c.jpg	http://burt.pixnet.net/blog/post/43011793-%E8%AE%93%E4%BA%BA%E5%8F%88%E6%84%9B%E5%8F%88%E6%81%A8%E7%9A%84%E7%8E%89%E5%B1%B1%E5%B0%8F%E8%98%97
http://b2b.image.yuanlin.com/biz/2012-1/2012131636489116.jpg	http://www.yuanlin.com/b2b/sell_detail_164450.html
http://www.bzjxhzs.com/upload/day_150923/201509231756093864.jpg	http://www.bzjxhzs.com/hongyexiaobo/263_1.html
http://www.52yhua.com/uploads/allimg/160305/1-160305223403.jpg	http://m.52yhua.com/mubentp/1856.html
https://image.zhongyibaike.com/image/%E5%AE%89%E5%BE%BD%E5%B0%8F%E6%AA%97/%E5%AE%89-%E5%BE%BD-%E5%B0%8F-%E6%AA%97.jpg	https://zhongyibaike.com/wiki/%E5%AE%89%E5%BE%BD%E5%B0%8F%E6%AA%97
http://a3.att.hudong.com/82/84/01300544000509147884844585237_s.jpg	http://www.baike.com/wiki/%E5%BC%82%E6%9E%9C%E5%B0%8F%E6%AA%97
https://gss3.bdstatic.com/7Po3dSag_xI4khGkpoWK1HF6hhy/baike/c0%3Dbaike60%2C5%2C5%2C60%2C20/sign=7e0a0fd3b33533fae1bb9b7cc9ba967a/29381f30e924b899ced3ffe56c061d950b7bf604.jpg	http://baike.baidu.com/item/%E6%98%86%E6%98%8E%E5%B0%8F%E6%AA%97
http://a3.att.hudong.com/03/34/01300001184070130336340442307_s.jpg	http://www.baike.com/gwiki/%E5%B0%8F%E6%AA%97%E5%B1%9E
http://s4.sinaimg.cn/mw690/001LPod7gy6RFEiWQsXe3&690	http://blog.sina.com.cn/s/blog_60bb01c50102vn7w.html
https://cdn.pixabay.com/photo/2014/10/17/15/33/barberry-492403_960_720.jpg	https://pixabay.com/zh/photos/%E5%B0%8F%E6%AA%97/
http://a1.att.hudong.com/63/39/01300544011868147895391422542_s.jpg	http://www.baike.com/wiki/%E5%85%B4%E6%96%87%E5%B0%8F%E6%AA%97
http://a3.att.hudong.com/53/88/20300543490551144625885679972_s.jpg	http://www.baike.com/gwiki/%E5%8C%97%E4%BA%AC%E5%B0%8F%E6%AA%97
http://a3.att.hudong.com/45/50/01300543523714147841504093750_s.jpg	http://www.baike.com/wiki/%E5%A4%9A%E7%8F%A0%E5%B0%8F%E6%AA%97
http://www.xjylgc.com/(S(r5a3q055yyqf0k55ptzrh245))/uploads/201503140405471344333763VbKllhcE.jpg	http://www.xjylgc.com/(S(r5a3q055yyqf0k55ptzrh245))/productview.aspx?id=1117
http://www.wranb.gov.tw/public/Data/812911291371.jpg	http://www.wranb.gov.tw/ct.asp?xItem=2464&ctNode=791&mp=4
http://www.52yhua.com/uploads/allimg/170627/1-1F62H32A2.jpg	http://m.52yhua.com/mubentp/7602.html
http://www.21cbi.com/upload/201610/12/147621648995.jpg	http://m.21cbi.com/s/14/238020.html
http://2.bp.blogspot.com/-oAUJjsQ1ZMA/UzCpxO_lb_I/AAAAAAAAGFs/SHY6_8uBhJo/s1600/%E5%B0%8F%E6%AA%97_%E9%AB%98%E5%B1%B1%E5%B0%8F%E6%AA%97+(8).JPG	http://bruce0342.blogspot.com/2014/03/blog-post_25.html
http://www.baihuamen.com/d/file/2014/03-07/1695b7221fb9d2b56d2c0a377e2b3ad2.jpg	http://www.baihuamen.com/xiaobo/
http://pic.pingguolv.com/uploads/allimg/161116/77-161116155S1.jpg	http://www.pingguolv.com/zy/gongxiao/74725.html
http://a0.att.hudong.com/39/37/01000000000000119093711623739_s.jpg	http://www.baike.com/wiki/%E6%8B%89%E8%90%A8%E5%B0%8F%E6%AA%97
http://s14.sinaimg.cn/mw690/0029Dvdfzy7bhYnBFjTfd&690	http://blog.sina.com.cn/s/blog_75b308c90102wror.html
https://cdn.pixabay.com/photo/2016/04/06/22/32/barberry-1313010_960_720.jpg	https://pixabay.com/zh/photos/%E5%B0%8F%E6%AA%97/
http://www.hdhmw.com/file/upload/201601/06/163018661.jpg	http://www.hdhmw.com/baike/show-1.html
https://cdn.pixabay.com/photo/2017/04/20/13/42/barberry-2245757_960_720.jpg	https://pixabay.com/zh/photos/%E5%B0%8F%E6%AA%97/
http://a4.att.hudong.com/23/24/20300001045622130666242069562_s.jpg	http://www.baike.com/wiki/%E5%BA%90%E5%B1%B1%E5%B0%8F%E6%AA%97
http://s9.sinaimg.cn/mw690/001LPod7gy6RFEjAtN628&690	http://blog.sina.com.cn/s/blog_60bb01c50102vn7w.html
http://www.huayugu.com.cn/uploads/allimg/160530/1-1605300216260-L.jpg	http://www.huayugu.com.cn/xiaobo/
http://a3.att.hudong.com/78/88/01300000669572127173881442705_s.jpg	http://www.baike.com/wiki/%E5%B0%8F%E6%AA%97
http://s1.sinaimg.cn/mw690/0029Dvdfzy7bhYnRKbSa0&690	http://blog.sina.com.cn/s/blog_75b308c90102wror.html
https://flora.megaview.com.tw/images/products/P0994.jpg	https://flora.megaview.com.tw/product_info.php?products_id=724
http://s7.sinaimg.cn/mw690/0029Dvdfzy7bhYo21x4b6&690	http://blog.sina.com.cn/s/blog_75b308c90102wror.html
https://cdn.pixabay.com/photo/2016/01/05/10/48/berberis-1122241_960_720.jpg	https://pixabay.com/zh/%E5%B0%8F%E6%AA%97-%E5%BC%80%E8%8A%B1-%E5%B8%83%E4%BB%80-berberitzengew%C3%A4chs-%E7%81%8C%E6%9C%A8-%E8%A3%85%E9%A5%B0-1122241/
http://www.21cbi.com/upload/201610/12/147621645117.jpg	http://m.21cbi.com/s/14/238018.html
