
https://gss0.bdstatic.com/94o3dSag_xI4khGkpoWK1HF6hhy/baike/c0%3Dbaike116%2C5%2C5%2C116%2C38/sign=ae437571ce1b9d169eca923392b7dfea/9d82d158ccbf6c81588fcb46bc3eb13532fa40e0.jpg
https://gss2.bdstatic.com/9fo3dSag_xI4khGkpoWK1HF6hhy/baike/c0%3Dbaike60%2C5%2C5%2C60%2C20/sign=99f9b3e8f736afc31a013737d27080a1/5243fbf2b21193132ac8019865380cd791238d0b.jpg
https://gss2.bdstatic.com/-fo3dSag_xI4khGkpoWK1HF6hhy/baike/c0%3Dbaike92%2C5%2C5%2C92%2C30/sign=4c05f8be0924ab18f41be96554938da8/0b46f21fbe096b63e84743c80c338744eaf8accf.jpg
https://gss3.bdstatic.com/7Po3dSag_xI4khGkpoWK1HF6hhy/baike/c0%3Dbaike116%2C5%2C5%2C116%2C38/sign=823bac63912397ddc274905638ebd9d2/9a504fc2d562853502de47a590ef76c6a7ef637c.jpg
https://gss0.bdstatic.com/-4o3dSag_xI4khGkpoWK1HF6hhy/baike/c0%3Dbaike92%2C5%2C5%2C92%2C30/sign=25b89e555266d0166a14967af642bf62/d6ca7bcb0a46f21fa26a43cbf6246b600d33aecf.jpg
https://gss3.bdstatic.com/-Po3dSag_xI4khGkpoWK1HF6hhy/baike/c0%3Dbaike272%2C5%2C5%2C272%2C90/sign=41b3dfab918fa0ec6bca6c5f47fe328b/6a600c338744ebf8392f79a7d9f9d72a6159a7cf.jpg

https://gss3.bdstatic.com/-Po3dSag_xI4khGkpoWK1HF6hhy/baike/c0%3Dbaike272%2C5%2C5%2C272%2C90/sign=ab218199d42a283457ab3e593adca28f/a044ad345982b2b71bdaa84031adcbef77099be9.jpg
https://gss0.bdstatic.com/-4o3dSag_xI4khGkpoWK1HF6hhy/baike/c0%3Dbaike150%2C5%2C5%2C150%2C50/sign=3a5ccfd40c33874488c8272e3066b29c/ac345982b2b7d0a2c08c9519cbef76094a369ae9.jpg
https://gss1.bdstatic.com/-vo3dSag_xI4khGkpoWK1HF6hhy/baike/c0%3Dbaike180%2C5%2C5%2C180%2C60/sign=c14b23f0ebf81a4c323fe49bb6430b3c/5882b2b7d0a20cf4fcd56f5b76094b36adaf99e9.jpg
https://gss2.bdstatic.com/-fo3dSag_xI4khGkpoWK1HF6hhy/baike/c0%3Dbaike220%2C5%2C5%2C220%2C73/sign=9f777d4dd72a6059461de948495d5ffe/b3b7d0a20cf431ad0597d2bd4b36acaf2fdd98e9.jpg
https://gss0.bdstatic.com/94o3dSag_xI4khGkpoWK1HF6hhy/baike/c0%3Dbaike150%2C5%2C5%2C150%2C50/sign=f06c902f033b5bb5aada28ac57babe5c/7dd98d1001e93901f9671cba7bec54e737d196c9.jpg

https://gss3.bdstatic.com/7Po3dSag_xI4khGkpoWK1HF6hhy/baike/c0%3Dbaike150%2C5%2C5%2C150%2C50/sign=0d491053738da9775a228e79d138937c/8b13632762d0f703d65646bc08fa513d2797c5ee.jpg
https://gss1.bdstatic.com/9vo3dSag_xI4khGkpoWK1HF6hhy/baike/c0%3Dbaike220%2C5%2C5%2C220%2C73/sign=f9881e498618367ab984778f4f1ae0b1/63d0f703918fa0ec4123b76d269759ee3c6ddbee.jpg
https://gss3.bdstatic.com/-Po3dSag_xI4khGkpoWK1HF6hhy/baike/c0%3Dbaike272%2C5%2C5%2C272%2C90/sign=f8c56151a18b87d6444fa34d6661435d/908fa0ec08fa513d6d4ebfbe3d6d55fbb3fbd9ee.jpg
https://gss1.bdstatic.com/-vo3dSag_xI4khGkpoWK1HF6hhy/baike/c0%3Dbaike150%2C5%2C5%2C150%2C50/sign=fd881e498618367ab984778f4f1ae0b1/09fa513d269759ee70b4b3abb2fb43166c22dfee.jpg
https://gss3.bdstatic.com/7Po3dSag_xI4khGkpoWK1HF6hhy/baike/c0%3Dbaike92%2C5%2C5%2C92%2C30/sign=8c241a539245d688b70fbaf6c5ab167b/279759ee3d6d55fbfd22a5466d224f4a21a4ddee.jpg
https://gss1.bdstatic.com/9vo3dSag_xI4khGkpoWK1HF6hhy/baike/c0%3Dbaike116%2C5%2C5%2C116%2C38/sign=56d1ce681f30e924dba994632d610563/3c6d55fbb2fb43163cfba91a20a4462308f7d3ee.jpg
https://gss3.bdstatic.com/-Po3dSag_xI4khGkpoWK1HF6hhy/baike/c0%3Dbaike180%2C5%2C5%2C180%2C60/sign=d80d554c8701a18be4e61a1dff466c6d/b3fb43166d224f4a737da07309f790529922d1ee.jpg
https://gss1.bdstatic.com/-vo3dSag_xI4khGkpoWK1HF6hhy/baike/c0%3Dbaike220%2C5%2C5%2C220%2C73/sign=72a6787f070828387c00d446d9f0c264/6c224f4a20a446235c2e76029822720e0df3d7ee.jpg
https://gss3.bdstatic.com/7Po3dSag_xI4khGkpoWK1HF6hhy/baike/c0%3Dbaike220%2C5%2C5%2C220%2C73/sign=50d1ce681f30e924dba994632d610563/21a4462309f79052cffb945e0cf3d7ca7acbd5ee.jpg
https://gss1.bdstatic.com/9vo3dSag_xI4khGkpoWK1HF6hhy/baike/c0%3Dbaike220%2C5%2C5%2C220%2C73/sign=46e90f74b899a9012f3853647cfc611e/08f790529822720e552a319a7bcb0a46f31fabee.jpg
https://gss1.bdstatic.com/-vo3dSag_xI4khGkpoWK1HF6hhy/baike/c0%3Dbaike150%2C5%2C5%2C150%2C50/sign=42e90f74b899a9012f3853647cfc611e/0df3d7ca7bcb0a46afc658596b63f6246a60afee.jpg
https://gss3.bdstatic.com/7Po3dSag_xI4khGkpoWK1HF6hhy/baike/c0%3Dbaike80%2C5%2C5%2C80%2C26/sign=821db78a81cb39dbd5cd6f04b17f6241/7acb0a46f21fbe0934ba10746b600c338644adee.jpg
https://gss1.bdstatic.com/9vo3dSag_xI4khGkpoWK1HF6hhy/baike/c0%3Dbaike150%2C5%2C5%2C150%2C50/sign=2dd188561d950a7b613846966bb809bc/f31fbe096b63f6240ab9ea638744ebf81b4ca3ee.jpg
https://gss3.bdstatic.com/-Po3dSag_xI4khGkpoWK1HF6hhy/baike/c0%3Dbaike116%2C5%2C5%2C116%2C38/sign=e9ca857762d0f703f2bf9d8e69933a58/6a63f6246b600c33e49d0da81a4c510fd8f9a1ee.jpg
https://gss1.bdstatic.com/-vo3dSag_xI4khGkpoWK1HF6hhy/baike/c0%3Dbaike220%2C5%2C5%2C220%2C73/sign=970ab17c11dfa9ece9235e4503b99c66/6a600c338744ebf87f95b75fd9f9d72a6159a7ee.jpg
https://gss3.bdstatic.com/7Po3dSag_xI4khGkpoWK1HF6hhy/baike/c0%3Dbaike116%2C5%2C5%2C116%2C38/sign=f65646bc08fa513d45a7648c5c043e9e/8644ebf81a4c510fbe20317a6059252dd52aa5ee.jpg
https://gss1.bdstatic.com/9vo3dSag_xI4khGkpoWK1HF6hhy/baike/c0%3Dbaike92%2C5%2C5%2C92%2C30/sign=f788e9e30f2442a7ba03f5f7b02ac62e/1b4c510fd9f9d72a0980c37dd42a2834359bbbee.jpg
https://gss0.bdstatic.com/94o3dSag_xI4khGkpoWK1HF6hhy/baike/c0%3Dbaike220%2C5%2C5%2C220%2C73/sign=4986b1d59822720e6fc3eaa81aa26123/e850352ac65c10381332da75b2119313b07e893c.jpg
https://gss0.bdstatic.com/-4o3dSag_xI4khGkpoWK1HF6hhy/baike/c0%3Dbaike272%2C5%2C5%2C272%2C90/sign=b52114adc65c10383073c690d378f876/8c1001e93901213fe47f5a6b54e736d12f2e953c.jpg
https://gss1.bdstatic.com/9vo3dSag_xI4khGkpoWK1HF6hhy/baike/c0%3Dbaike220%2C5%2C5%2C220%2C73/sign=32478d282edda3cc1fe9b07260805264/2cf5e0fe9925bc312511152f5edf8db1cb13703c.jpg
https://gss0.bdstatic.com/-4o3dSag_xI4khGkpoWK1HF6hhy/baike/c0%3Dbaike220%2C5%2C5%2C220%2C73/sign=515b6ecd20a446236ac7ad30f94b196b/d439b6003af33a87d52914adc65c10385243b5c4.jpg

https://gss3.bdstatic.com/-Po3dSag_xI4khGkpoWK1HF6hhy/baike/c0%3Dbaike80%2C5%2C5%2C80%2C26/sign=14b3d8aac93d70cf58f7a25f99b5ba65/562c11dfa9ec8a1308aadd73f703918fa1ecc0f5.jpg
https://gss2.bdstatic.com/9fo3dSag_xI4khGkpoWK1HF6hhy/baike/c0%3Dbaike220%2C5%2C5%2C220%2C73/sign=3a92f214b8a1cd1111bb7a72d87ba399/7a899e510fb30f2480e9fa27ca95d143ad4b03a6.jpg

https://gss2.bdstatic.com/9fo3dSag_xI4khGkpoWK1HF6hhy/baike/c0%3Dbaike150%2C5%2C5%2C150%2C50/sign=0763b540b2b7d0a26fc40ccfaa861d6c/8d5494eef01f3a2987a20c3c9925bc315d607cde.jpg
https://gss2.bdstatic.com/9fo3dSag_xI4khGkpoWK1HF6hhy/baike/c0%3Dbaike150%2C5%2C5%2C150%2C50/sign=f961406d2edda3cc1fe9b07260805264/5d6034a85edf8db17944a5960923dd54574e74de.jpg
https://gss1.bdstatic.com/9vo3dSag_xI4khGkpoWK1HF6hhy/baike/c0%3Dbaike150%2C5%2C5%2C150%2C50/sign=5a07a300d562853586edda73f1861da3/6d81800a19d8bc3e7062df38828ba61ea9d345de.jpg
https://gss3.bdstatic.com/-Po3dSag_xI4khGkpoWK1HF6hhy/baike/c0%3Dbaike150%2C5%2C5%2C150%2C50/sign=30cd45b53912b31bd361c57be7715d1f/63d0f703918fa0ec4bbabdff269759ee3c6ddbc7.jpg
https://gss0.bdstatic.com/-4o3dSag_xI4khGkpoWK1HF6hhy/baike/c0%3Dbaike150%2C5%2C5%2C150%2C50/sign=ca6febca28381f308a1485fbc868276d/91529822720e0cf3838a97090a46f21fbf09aac7.jpg
