
http://s6.sinaimg.cn/middle/66019f9enb379897dc365&690	http://blog.sina.com.cn/s/blog_66019f9e0102dx89.html
http://img0.dreamhy.com/upload/20130623/0547157578.jpg	http://www.westca.com/pda/forums/op=view_topic/t=715547/lang=schinese.html
http://s5.sinaimg.cn/middle/a0ab533fhbedcebd96234&690	http://blog.sina.com.cn/s/blog_a0ab533f01014ssp.html
http://s11.sinaimg.cn/mw690/001TWJuZgy6HYBDbELM2a&690	http://blog.sina.com.cn/s/blog_67e176b50101i81j.html
http://i717.photobucket.com/albums/ww178/vivkelly/garden/2012/a05-1.jpg	http://bbs.wenxuecity.com/myhouse/2531796.html
http://www.hongyue.com/images/wrapper-tiexianlian/banner-2.jpg	http://www.hongyue.com/miaomu08/
http://www.wdptj.com/wp-content/uploads/2016/09/342.jpg	http://www.wdptj.com/26527.html
http://a1.att.hudong.com/70/93/14300000928661128816939765443_950.jpg	http://w.baike.com/0c2a2dd8d5ca463aa242852651899cfe.html
http://www.yuhuagu.com/uploads/allimg/120630/43-1206300A337.jpg	http://www.yuhuagu.com/tengben/2012/0616/3298.html
http://www.wdptj.com/wp-content/uploads/2016/09/165.jpg	http://www.wdptj.com/26527.html
http://www.tiandixiuse.com/sijiyemian/tiexianlian/Clematis-siji/shijiyingyong/c8.gif	http://www.tiandixiuse.com/sijiyemian/tiexianlian/shijingc8.html
http://news.china-flower.com/Upload2005/2012-8-24/201282411014395.jpg	http://news.china-flower.com/paper/papernewsinfo.asp?n_id=226739
http://www.yuhuagu.com/uploads/allimg/100326/1_100326135635_1.jpg	http://www.yuhuagu.com/renshi/2010/0325/221.html
http://www.tiandixiuse.com/sijiyemian/tiexianlian/Clematis-siji/shijiyingyong/c5.gif	http://www.tiandixiuse.com/sijiyemian/tiexianlian/shijingc5.html
http://img2.trends.com.cn/upload/130606/1306061050536663.jpg	http://www.xici.net/d189530054.htm
http://www.wdptj.com/wp-content/uploads/2016/09/243.jpg	http://www.wdptj.com/26527.html
http://img241.ph.126.net/RtuE4AgbkCVzgZQrEW2bww==/2198038093134754194.jpg	http://blog.163.com/clematis_weiwei/blog/static/105523747201023121530642
http://1804.img.pp.sohu.com.cn/images/blog/2010/2/27/19/22/127bffed92fg214.jpg	http://clematis2010.blog.sohu.com/144988921.html
https://www.ritagiang.com/files/articleFilesfinder/images/Rita%20027-1.jpg	https://www.ritagiang.com/article.php?id=155
http://clematis.hongyue.com/d/file/apply/4dbcfc6174e2991972c1999cc5a03554.jpg	https://tieba.baidu.com/p/1621163250
http://news.china-flower.com/Upload2005/2011-7-1/20117193746520.jpg	http://news.china-flower.com/paper/papernewsinfo.asp?n_id=219989
http://www.yunzhonglai.com/uploadfile/2015/0317/20150317011514278.jpg	http://www.yunzhonglai.com/show-106-207-1.html
http://www.4001890001.com/images/201101/goods_img/720_P_1370516072.jpg	http://test.4001890001.com/goods-720.html
https://cbu01.alicdn.com/img/ibank/2016/307/958/3552859703_1471965365.310x310.jpg	https://www.1688.com/pic/-CCFACFDFC1AB.html
https://www.huabaike.com/uploads/allimg/artimg/201601/20160128172254_52596.jpg	https://www.huabaike.com/jtyh/1632.html
http://www.hongyue.com/images/wrapper-tiexianlian/banner-1.jpg	http://www.hongyue.com/miaomu08/
http://img245.ph.126.net/GSkLEF6uvP2eZNHPhOcAnQ==/2115565924958701528.jpg	http://blog.163.com/clematis_weiwei/blog/static/105523747201023121530642
http://www.ybx8.com/%E9%93%81%E7%BA%BF%E8%95%A8/UploadFiles/201508/20150807205934907.jpg	http://www.ybx8.com/%E9%93%81%E7%BA%BF%E8%95%A8/list.asp?id=38
https://cbu01.alicdn.com/img/ibank/2015/199/460/2655064991_436725001.310x310.jpg	https://www.1688.com/pic/-CCFACFDFC1AB.html
http://www.yuhuagu.com/uploads/allimg/130618/43-13061R22338.jpg	http://www.yuhuagu.com/tengben/2013/0618/8393.html
https://img.ys137.com/data/upload/ueditor/20170116/587c84d597e02.jpg	https://www.ys137.com/zyys/1687005.html
http://a3.att.hudong.com/12/67/20300543533248144671679613978_s.jpg	http://www.baike.com/wiki/%E9%87%8D%E7%93%A3%E9%93%81%E7%BA%BF%E8%8E%B2
https://gw.alicdn.com/bao/uploaded/i2/TB1aFPvOXXXXXb3XpXXXXXXXXXX_!!0-item_pic.jpg_230x230.jpg	https://www.taobao.com/article/DyE1DJFlDeBIFyCU.html
http://i198.photobucket.com/albums/aa250/xiao_lin_photos/Clematis01.jpg	http://blog.beimeicn.com/blog_u12485/p_full/110987.html
http://clematis.hongyue.com/d/file/clematis/39905dd4c2ca9f1f5357f67b56aa8a5a.jpg	http://clematis.hongyue.com/e/action/ListInfo.php?classid=6&ph=1&groups=%D2%E2%B4%F3%C0%FB%D0%CD%28Viticella+Group%29
http://image5.tuku.cn/wallpaper/Flower%20Wallpapers/9137_1280x800.jpg	http://www.tuku.cn/wallpapers/wallpapers.aspx?typeid=9137
http://www.huacaijia.com/images/upload/image/201607/20160713134935_71507.jpg	http://www.huacaijia.com/mobile/Micro_detail.php?id=2028
http://www.yuhuagu.com/uploads/allimg/121216/53_121216191012_1.jpg	http://www.yuhuagu.com/muben/2012/1216/5315.html
http://news.china-flower.com/Upload2005/2012-3-7/2012379931179.jpg	http://news.china-flower.com/paper/papernewsinfo.asp?n_id=223848
http://s7.sinaimg.cn/mw690/001xDViqzy6TaoNfr7Me6&690	http://blog.sina.com.cn/s/blog_543cbe120102vutq.html
http://i52.tinypic.com/2mzo0l.jpg	http://blog.wenxuecity.com/myblog/38683/201105/12225.html
https://thumbs.dreamstime.com/z/%E9%93%81%E7%BA%BF%E8%8E%B2%E5%B1%9Ejackmanii%EF%BC%8C%E4%B8%A4%E6%9C%B5%E8%8A%B1-59153919.jpg	https://cn.dreamstime.com/%E5%BA%93%E5%AD%98%E7%85%A7%E7%89%87-%E9%93%81%E7%BA%BF%E8%8E%B2%E5%B1%9Ejackmanii%E5%BC%80%E8%8A%B1%EF%BC%8C%E8%8A%BD%E5%92%8C%E5%8F%B6%E5%AD%90-image56727297
https://www.huabaike.com/uploads/allimg/artimg/201601/20160129165055_95457.jpg	https://www.huabaike.com/jtyh/1639.html
https://upload.wikimedia.org/wikipedia/commons/7/70/Clematis_%27Nelly_Moser%27.JPG	https://zh.wikipedia.org/wiki/%E9%93%81%E7%BA%BF%E8%8E%B2%E5%B1%9E
http://www.ailianshuo.net/uploads/yhzs/201408/yhzs_rvpozflhoqv.jpg	http://www.ailianshuo.net/huahuibinghaifangzhi/3098/
http://img.xunhai.com/2015/12/04/144920535086781.jpg	http://www.xunhai.com/yuanzhuitiexianlian/
http://a1.att.hudong.com/54/26/01100000000000144739266763670_s.jpg	http://www.baike.com/wiki/%E9%93%81%E7%BA%BF%E8%8E%B2
http://a4.att.hudong.com/68/37/01300000091274121008373140177_s.jpg	http://www.baike.com/wiki/%E9%87%8D%E7%93%A3%E9%93%81%E7%BA%BF%E8%8E%B2
http://www.wdptj.com/wp-content/uploads/2016/09/440.jpg	http://www.wdptj.com/26527.html
http://img0.dreamhy.com/upload/20130618/0443446570.jpg	http://www.dreamhy.com/search/tag-%E9%93%81%E7%BA%BF%E8%8E%B2.aspx
http://s10.sinaimg.cn/mw690/0027SafAgy6T1OnXWVX09&690	http://blog.sina.com.cn/s/blog_74256a6e0102v1mq.html
https://www.huabaike.com/uploads/allimg/sltimg/201601/56ab277d43084.jpg	https://www.huabaike.com/tbzw/1631.html
http://news.china-flower.com/Upload2005/2011-12-2/201112291044580.jpg	http://news.china-flower.com/paper/papernewsinfo.asp?n_id=222332
http://www.yuhuagu.com/uploads/allimg/140922/43_140922072501_1.jpg	http://www.yuhuagu.com/fanzhi/2014/0922/11305.html
http://wanamaka.com/huatan/2012spring/Clematis_20120508_2.jpg	http://wuwow.com/wu/wu/tag/%E9%93%81%E7%BA%BF%E8%8E%B2
http://s13.sinaimg.cn/mw690/0027SafAgy6LgCtTAQs1c&690	http://blog.sina.com.cn/s/blog_74256a6e0102v1mq.html
http://www.xihuanzhan.com/d/file/jishu/2016-04-28/71c194d2b528e83ab7de903d57b11f48.jpg	http://www.xihuanzhan.com/jishu/55855.html
http://s3.sinaimg.cn/mw690/0027SafAgy6T1Ooa96a52&690	http://blog.sina.com.cn/s/blog_74256a6e0102v1mq.html
https://thumbs.dreamstime.com/z/jackmanii%E9%93%81%E7%BA%BF%E8%8E%B2%E5%B1%9E%E8%8A%B1-26092884.jpg	https://cn.dreamstime.com/%E5%BA%93%E5%AD%98%E5%9B%BE%E7%89%87-jackmanii%E9%93%81%E7%BA%BF%E8%8E%B2%E5%B1%9E%E8%8A%B1-image26092884
http://www.weisanli.com/images/novelflower/upfile/20080114160102.jpg	http://www.weisanli.com/novelflower/1271/clematis-japonica-thunb.
http://www.tiandixiuse.com/sanjiyemian/tiexianlian/images/clematis-g/sikaotejiangjun.gif	http://blog.sina.com.cn/s/blog_571febb30101bebe.html
http://www.tiandixiuse.com/sijiyemian/tiexianlian/Clematis-siji/Clematis-siji/tingyuan2.gif	https://tieba.baidu.com/p/316473978
http://www.baihuajian.com/uploads/201206/1339775309bqpYoSAy.jpg	http://www.baihuajian.com/doc-view-68.html
http://s8.sinaimg.cn/mw690/0027SafAzy6Lg9BrU7Za7&690	http://blog.sina.com.cn/s/blog_a06afb0a0102vauf.html
http://read.html5.qq.com/image?src=forum&q=5&r=0&imgflag=7&imageUrl=http://mmbiz.qpic.cn/mmbiz_jpg/zRkUEVsyjIXicjJV2Mg91ISZ7a9H0EcVANsZoT6bibHQx6g8oxAMibQRzC6U1PkkfvXcVgOXJdbPs5rZwDcRF36vA/0?wx_fmt=jpeg	http://www.weidu8.net/wx/1016149788715136
http://www.wed114.cn/jiehun/uploads/allimg/151231/52_151231095239_1.jpg	http://www.wed114.cn/jiehun/zhiwu/20151229141388.html
http://www.yuhuagu.com/uploads/allimg/160428/43_160428073401_1.jpg	http://www.yuhuagu.com/jiating/2016/0428/12981.html
http://clematis.hongyue.com/d/file/apply/7065a8175fe3a2374d9ac17a46fb27ab.jpg	http://clematis.hongyue.com/apply/apply12.php
https://www.huabaike.com/uploads/allimg/artimg/201601/20160129170340_97596.jpg	https://www.huabaike.com/yhjq/1641.html
http://www.tiandixiuse.com/sijiyemian/tiexianlian/Clematis-siji/Clematis-siji/weian.gif	http://blog.sina.com.cn/s/blog_4741086f0102v5xc.html
http://www.ritagiang.com/files/articleFilesfinder/images/IMG_4234-1.jpg	https://www.ritagiang.com/article.php?id=155
http://1804.img.pp.sohu.com.cn/images/blog/2010/2/26/13/1/127b996babfg213.jpg	http://clematis2010.blog.sohu.com/144914151.html
http://www.tiandixiuse.com/sijiyemian/tiexianlian/Clematis-siji/Clematis-siji/rumen.gif	http://blog.sina.com.cn/s/blog_571febb30101bebe.html
https://www.huabaike.com/uploads/allimg/sltimg/201701/587f27d0ca68e.jpg	https://www.huabaike.com/yhjq/6843.html
http://www.tiexianlian.com/vines/Fen%20Zhuang/090413_IMG_7380.jpg	http://www.tiexianlian.com/care/temperature.htm
http://f11.baidu.com/it/u=2944280662,713568869&fm=72	http://m.nongmiao.com/keywords/107545.html
http://clematis.hongyue.com/d/file/clematis/d162c4c3079a565fea602e467e29f7bd.jpg	http://clematis.hongyue.com/intro/intro15.php
http://s3.sinaimg.cn/middle/67e176b5gb5c2354bae42&690	http://blog.sina.com.cn/s/blog_67e176b50100zyo6.html
http://www.huacaijia.com/images/upload/image/201607/20160713132142_99249.jpg	http://www.huacaijia.com/mobile/Micro_detail.php?id=2023
http://img2.ph.126.net/Gzv6zuqvFHESmFzPxpI3jg==/2830512365819395932.jpg	http://fuyunlvye.blog.163.com/blog/static/36203260201192711531315/
http://p3.pstatp.com/large/5dd00033347f1f24d8f	http://www.aboluowang.com/2016/0601/747636.html
http://ww4.sinaimg.cn/large/74256a6egw1ev6msvxd7jj21kw0zk4bs.jpg	http://blog.sina.com.cn/s/blog_74256a6e0102w53s.html
http://a3.att.hudong.com/22/55/01300001251343130637557678008.jpg	http://www.baike.com/wiki/%E9%87%8D%E7%93%A3%E9%93%81%E7%BA%BF%E8%8E%B2
http://s12.sinaimg.cn/middle/67e176b5gb5c29a87e03b&690	http://blog.sina.com.cn/s/blog_67e176b50100zyo6.html
http://a0.att.hudong.com/74/71/01300535235163136984716932066_s.jpg	http://www.baike.com/wiki/%E9%93%81%E7%BA%BF%E8%8E%B2
http://s6.sinaimg.cn/mw690/4973150dgddabc6b01565&690	http://blog.sina.com.cn/s/blog_4973150d0102e5ln.html
http://jiaju.inhe.net/jjxw/hb/dtlj/201306/W020130609570194543695.jpg	http://m.btapjx.com/2017-08-10-93743841320.html
http://www.huacaijia.com/images/upload/image/201607/20160713135549_59556.jpg	http://www.huacaijia.com/mobile/Micro_detail.php?id=2028
http://a2.att.hudong.com/58/80/01300001217360130654806777756.jpg	http://www.baike.com/wiki/%E8%A5%BF%E8%97%8F%E9%93%81%E7%BA%BF%E8%8E%B2
http://www.tiexianlian.info/graph/ph_char_clematis_rehderiana_kwiaty.jpg	http://www.tiexianlian.info/zh/informacje-o-roslinach-cn/charakterystyka-i-uprawa-cn/538-odmiany-zh.html
http://www.21miaomu.com/file/upload/201501/29/22-39-53-34-1.jpg	http://www.21miaomu.com/news/tiexianlian/2015/01/5984.html
http://a0.att.hudong.com/62/26/01100000000000144739266346326_s.jpg	http://www.baike.com/wiki/%E9%93%81%E7%BA%BF%E8%8E%B2
https://www.huabaike.com/uploads/allimg/20120724/120H4131420381520-L.jpg	https://www.huabaike.com/huahuidaquan/201207/1163.html
http://www.huatan.net/bbs/1245633537/Mon_1205/82_239202_41a4b8b9bfcb02f.jpg	https://tieba.baidu.com/p/1621163250?see_lz=1
http://www.huacaijia.com/images/201705/thumb_img/1000_thumb_G_1493792827723.jpg	http://www.huacaijia.com/mobile/Micro_detail.php?id=1747
http://test.4001890001.com/images/201210/goods_img/4024_P_1350205040504.JPG	http://test.4001890001.com/brand-28-c0.html
http://img01.hua.com/uploadpic/images/20164291722502702029.jpg	http://www.hua.com/huayu/15753.html
https://thumbs.dreamstime.com/z/%E5%9C%A8%E6%97%A9%E6%99%A8%E9%9C%B2-%E4%B8%8B%E8%90%BD%E7%9A%84%E6%A4%8D%E7%89%A9%E9%93%81%E7%BA%BF%E8%8E%B2%E5%B1%9E-66657486.jpg	https://cn.dreamstime.com/%E5%BA%93%E5%AD%98%E7%85%A7%E7%89%87-%E5%9C%A8%E6%97%A9%E6%99%A8%E9%9C%B2-%E4%B8%8B%E8%90%BD%E7%9A%84%E6%A4%8D%E7%89%A9%E9%93%81%E7%BA%BF%E8%8E%B2%E5%B1%9E-image66657486
http://img0.dreamhy.com/upload/20140308/0558163949.jpg	http://www.dreamhy.com/search/tag-%E9%93%81%E7%BA%BF%E8%8E%B2.aspx
http://hua36.com/t/tiexianlian/11.jpg	http://hua36.com/p/tiexianlian/1416.html
