
http://www.tcm100.com/Images_ZhongYaoXue/Shegan-YuanTai.jpg	http://www.tcm100.com/userReg/JiaoCai/ZhongYaoXue/zzZhongYao72.htm
http://serv.oga.ncku.edu.tw/ezfiles/72/1072/img/1561/P1110220.jpg	http://serv.oga.ncku.edu.tw/m/412-1072-12674.php?Lang=zh-tw
http://7.blog.xuite.net/7/4/e/4/11253733/blog_227360/txt/24370400/0.jpg	http://blog.xuite.net/e2202778/boaboa/24370400-%E5%B0%84%E5%B9%B2
http://serv.oga.ncku.edu.tw/ezfiles/72/1072/img/1561/P1110219.jpg	http://serv.oga.ncku.edu.tw/m/412-1072-12674.php?Lang=zh-tw
http://www.zhongyaoyi.com/d/file/gongxiao/2015-06-14/3bed468142bf69e132915229c2789b39.jpg	http://www.zhongyaoyi.com/t/shegan/
https://gss2.bdstatic.com/9fo3dSag_xI4khGkpoWK1HF6hhy/baike/s%3D220/sign=f065c7ddb07eca8016053ee5a1229712/8d5494eef01f3a296f81b4309925bc315d607c86.jpg	https://baike.baidu.com/item/%E5%B0%84%E5%B9%B2
http://img.zhongyaocai360.com/all/img/s/shegan_1.jpg	http://zhongyaocai360.com/zhongyao/shegan.html
http://4.bp.blogspot.com/-P6e2pzGc34I/VXBNfj9KKXI/AAAAAAAASnI/9vAgc98Ht_U/s1600/DSC09147.JPG	http://aeni1203.pixnet.net/blog/post/5110078-%E5%B0%84%E5%B9%B2
http://e.share.photo.xuite.net/bruce0342/1e07dff/10988455/512977496_m.jpg	http://bruce0342.blogspot.com/2009/05/blog-post_3.html
http://pic.pingguolv.com/uploads/allimg/161025/124-1610251UG4.jpg	http://www.pingguolv.com/zy/gongxiao/70636.html
http://images.nongmiao.com/big/baike/2014/08/20/21/1408202115277254.jpg	http://www.nongmiao.com/baike/shegan.html
http://www.huacaoshumu.net/attached/tupian/S31/20150524-4.jpg	http://www.huacaoshumu.net/zhiwu/shegan.php
http://www.huacaoshumu.net/attached/tupian/S31/20150524-3.jpg	http://www.huacaoshumu.net/zhiwu/shegan.php
http://7.blog.xuite.net/7/4/e/4/11253733/blog_227360/txt/24370400/15.jpg	http://blog.xuite.net/e2202778/boaboa/24370400-%E5%B0%84%E5%B9%B2
http://image.sciencenet.cn/album/201703/05/074456n3o1o3lt1l1u1j3l.jpg	http://blog.sciencenet.cn/home.php?mod=space&uid=5977&do=blog&id=1037401
http://pic20.nipic.com/20111221/8995135_080127400190_2.jpg	http://www.nipic.com/show/1/44/6031190k762a3328.html
http://kplant.biodiv.tw/%E5%B0%84%E5%B9%B2%E8%8F%96%E8%92%B2/%E5%B0%84%E5%B9%B2%E8%8F%96%E8%92%B22.jpg	http://kplant.biodiv.tw/%E5%B0%84%E5%B9%B2%E8%8F%96%E8%92%B2/%E5%B0%84%E5%B9%B2%E8%8F%96%E8%92%B2.htm
http://pic8.nipic.com/20100621/3477454_090242063922_2.jpg	http://www.nipic.com/show/1/44/44248ab299915573.html
https://i.ytimg.com/vi/Q8UW7GUimRI/maxresdefault.jpg	https://www.youtube.com/watch?v=Q8UW7GUimRI
http://9.blog.xuite.net/9/8/b/4/11296815/blog_108107/txt/429043040/5.jpg	http://blog.xuite.net/maya569/01/429043040-%E5%B0%84%E5%B9%B2
http://pic65.nipic.com/file/20150503/8871153_123304831000_2.jpg	http://www.nipic.com/show/12369439.html
http://www.zhongyaoyi.com/d/file/chandi/2015-06-14/720c7b3a33b3ebf4b842dd56fd4bb73c.jpg	http://www.zhongyaoyi.com/t/shegan/
http://pic.pimg.tw/melee0107/1384756399-2019674234.jpg	http://melee0107.pixnet.net/blog/post/20563690-%E7%A8%AE%E5%AD%90%E7%9B%86%E6%A0%BD~%E5%B0%84%E5%B9%B2%E9%96%8B%E8%8A%B1
http://1.bp.blogspot.com/-PfUvRto88E0/VXBNgze03uI/AAAAAAAASnY/P7uY6MJ8GwE/s1600/DSC09149.JPG	http://aeni1203.pixnet.net/blog/post/5110078-%E5%B0%84%E5%B9%B2
http://w3.hrps.tp.edu.tw/park/%E7%A4%BE/photo/flower01.jpg	http://w3.hrps.tp.edu.tw/park/%E7%A4%BE/dryflower.htm
http://pic8.nipic.com/20100621/3477454_090242061499_2.jpg	http://www.nipic.com/show/1/44/6823c17b9d7ca450.html
http://3.bp.blogspot.com/-3Mq54iYPrTc/VXBNpu3FXhI/AAAAAAAASpI/CiF9GTwnH2U/s1600/DSC09166.JPG	http://aeni1203.pixnet.net/blog/post/5110078-%E5%B0%84%E5%B9%B2
http://www.brion.org.tw/images/olddata/images/20090711102534yegan.jpg	http://www.brion.org.tw/crude-drug-show.php?Seq=176
http://7.blog.xuite.net/7/4/e/4/11253733/blog_227360/txt/26127603/0.jpg	http://blog.xuite.net/e2202778/boaboa/26127603-%E5%B0%84%E5%B9%B2%E8%8F%96%E8%92%B2
http://www.cksmh.gov.tw/upload/attachment/2751980960475be60739ea7163785c41.jpg	http://www.cksmh.gov.tw/index.php?code=list&flag=detail&ids=107&article_id=869
https://blackwalnut.npust.edu.tw/wp-content/uploads/gallery/2/2-21420.jpg	https://blackwalnut.npust.edu.tw/archives/1164
https://b.share.photo.xuite.net/hann_long/1bfe82f/16467064/886720183_m.jpg	http://blog.xuite.net/hann_long/wretch/177391319-%E5%B0%84%E5%B9%B2100.12.30
http://www.huaxia.com/jjtw/lyxx/images/20100622/140889.jpg	http://www.huaxia.com/jjtw/lyxx/2010/06/1946144.html
http://www.jibingnet.com/tupian/20109/20109201017590.jpg	http://www.jibingnet.com/picture/zhongcaoyao/45268.asp
http://88sy88.com/upload/2017-6/2017061469947249.jpg	http://88sy88.com/display.asp?id=764
http://www.mchh688.com/pic1/136.jpg	http://www.mchh688.com/cp31.htm
http://www.dianshu119.com/uploads/201211/1352860161HO2AJtVE.jpg	http://www.dianshu119.com/index.php?doc-view-450.html
http://e.share.photo.xuite.net/bruce0342/1e07d4a/10988455/513014947_m.jpg	http://bruce0342.blogspot.com/2008/07/blog-post_25.html
http://www.zhongyaoyi.com/d/file/tupian/2015-06-14/5eb34bb820de5905e709982fe1c442f2.jpg	http://www.zhongyaoyi.com/t/shegan/
http://www.huaxia.com/jjtw/lyxx/images/20100622/140890.jpg	http://www.cnbg.net/inc/AArticleRead.aspx?ArticleID=4018
http://pic.pimg.tw/candy56a/1382522688-4225426916.jpg	http://candy56a.pixnet.net/blog/post/9440698-%E6%9C%89%E8%91%97%E6%A9%98%E8%89%B2%E8%B1%B9%E7%B4%8B%E6%96%91%E9%BB%9E%E7%9A%84%E8%8A%B1%E6%9C%B5~%E5%B0%84%E5%B9%B2
http://www.huacaoshumu.net/attached/tupian/S31/20150524-2.jpg	http://www.huacaoshumu.net/zhiwu/shegan.php
http://blog.sina.com.tw/myimages/194/28354/images/20080206124356022.jpg	http://blog.sina.com.tw/tomato6666/article.php?entryid=576568
http://img.zwbk.org/baike/spic/2011/01/13/20110113045413242_9002.jpg	http://m.zwbk.org/lemma/107075
http://www.tcm100.com/Images_ZhongYaoXue/Shegan-YinPian.jpg	http://www.tcm100.com/userReg/JiaoCai/ZhongYaoXue/zzZhongYao72.htm
http://pic.pimg.tw/w5shopping/1379488342-3265924890.jpg	http://w5shopping.pixnet.net/blog/post/161955164-%E7%A8%AE%E5%AD%90%E7%9B%86%E6%A0%BD-%E5%B0%84%E5%B9%B2
http://pic.pingguolv.com/uploads/allimg/131025/53-131025161956.jpg	http://www.pingguolv.com/zy/gongxiao/6848.html
http://www.cksmh.gov.tw/upload/attachment/7ea2faab602f1ae48250bfcf396327cc.jpg	http://www.cksmh.gov.tw/index.php?code=list&flag=detail&ids=107&article_id=869
http://album.udn.com/community/img/PSN_PHOTO/bio0918/f_3566009_1.jpg	http://blog.udn.com/bio0918/3124158
http://pic3.nidbox.net/34/1383063992_4ecd4d7b_34.jpg	http://emmy.nidbox.com/diary/read/8503842
https://1.share.photo.xuite.net/wen529595/117cdfd/9940166/444674103_m.jpg	http://blog.xuite.net/wen529595/twblog/123616921-2009%E5%B0%84%E5%B9%B2Belamcanda+chinensis+%E7%A8%AE%E5%AD%90%E7%9B%86%E6%A0%BD
http://pic.pimg.tw/srj5557/1379907080-138141432.jpg	http://srj5557.pixnet.net/blog/post/162261431-%E5%B0%84%E5%B9%B2%E8%8A%B1
https://parks.taipei/Web/imagespace/plant_tree/original/thumb_image_6892218.384.thumbnail.jpg	https://parks.taipei/Web/Plant/Detail/D079C200B2D24B12B0AB4194B0A12B97
https://3.bp.blogspot.com/-wnM7vyWoyp8/WK-mIjWcCoI/AAAAAAAAT28/Wg7ddqsfeqsjb7aH__cPGFkZAYVgJ68vwCLcB/s1600/%25E5%25B0%2584%25E5%25B9%25B2_5531.JPG	http://pkblog0438.blogspot.com/2017/02/blog-post_23.html
http://kplant.biodiv.tw/%E5%B0%84%E5%B9%B2/%E5%B0%84%E5%B9%B203.jpg	http://kplant.biodiv.tw/%E5%B0%84%E5%B9%B2/%E5%B0%84%E5%B9%B2.htm
http://www.qnong.com.cn/uploadfile/2013/1213/20131213100712504.jpg	http://www.qnong.com.cn/zhuanti/7993.html
http://pic.pimg.tw/d6i6n6a6/1381448761-4142142031.jpg	http://d6i6n6a6.pixnet.net/blog/post/38103301-%E5%B0%84%E5%B9%B2
http://jinsenhuahui.com/images/UpFile/2014-9/201494749210.jpg	http://jinsenhuahui.com/zhsh.asp?id=179239
http://image.digitalarchives.tw/ImageCache/00/0a/bc/da.jpg	http://catalog.digitalarchives.tw/item/00/25/e9/33.html
http://www.tcm100.com/Images_ZhongYaoXue/Shegan-YaoCai.jpg	http://www.tcm100.com/userReg/JiaoCai/ZhongYaoXue/zzZhongYao72.htm
http://www.yaocaizhongzi.com/fzpz/tupian2/shegan0.jpg	http://www.yaocaizhongzi.com/zzjs/shegan.htm
http://www.baishanxi.com/uploads/allimg/1603/1-16030R3192C32.jpg	http://www.baishanxi.com/zyys/zhong-yao/7761.html
http://fjnwyzyc.com/uploads/allimg/170317/201TVB3-0.jpg	http://fjnwyzyc.com/cpzs/20170317/3.html
http://www.zhongyaoyi.com/d/file/fuzuoyong/2015-06-14/80baeaf92c2621116ed38b168b4019f4.jpg	http://www.zhongyaoyi.com/fuzuoyong/551.html
http://pic29.nipic.com/20130508/12411709_195018128170_2.jpg	http://www.nipic.com/show/1/44/8032380k0d9534f9.html
http://icontent.nkps.tp.edu.tw/naturesci/files/11/29/201203301651152833.jpg	http://icontent.nkps.tp.edu.tw/naturesci/Intro.aspx?funcID=0&taxonID=29&specID=257
http://p.ayxbk.com/images/thumb/2/27/Bk3nf.jpg/220px-Bk3nf.jpg	http://www.a-hospital.com/w/%E5%B0%84%E5%B9%B2
http://www.nmns.edu.tw/public/BotanicalGarden/flowers/2010/summer/image/990629_1.jpg	http://www.nmns.edu.tw/public/BotanicalGarden/flowers/2010/summer/990629.htm
http://img.zhongyixueyuan.com/2016/02/21/145605455785725.jpg	http://www.zhongyixueyuan.com/shegan/2016/0221/7983.html
http://www.zhongyao360.com/uploads/allimg/160530/31-160530110R5.jpg	http://www.zhongyao360.com/z/shegan/
http://pic.pimg.tw/d6i6n6a6/1381448756-815643083.jpg	http://d6i6n6a6.pixnet.net/blog/post/38103301-%E5%B0%84%E5%B9%B2
http://6.blog.xuite.net/6/9/1/c/13792959/blog_539218/txt/12057029/8.jpg	http://blog.xuite.net/h22027/blog1/12057029-%E9%A3%9B%E8%88%9E%E7%9A%84%E8%9D%B4%E8%9D%B6%EF%BC%8D%E5%B0%84%E5%B9%B2
http://pic.pimg.tw/ajs0414/1342704458-2347565502_n.jpg	http://ajs0414.pixnet.net/blog/post/35486842-2012-07-%E5%B0%84%E5%B9%B2%E8%8F%96%E8%92%B2
http://plus.webdo.com.tw/userfiles/93114430/image/%E5%B0%84%E5%B9%B2%20OK%201.jpg	http://kunlun-village.com.tw/portal_b1_page.php?owner_num=b1_378662&button_num=b1&cnt_id=25465&search_type=1&sn_judge=1
http://a3.att.hudong.com/75/23/31300542631234140437230589043.jpg	http://tupian.baike.com/a3_75_23_31300542631234140437230589043_jpg.html?prd=citiao_tuce_zhangzishi
http://img.zwbk.org/baike/spic/2011/01/13/20110113045636430_4136.jpg	http://m.zwbk.org/lemma/107075
http://1.bp.blogspot.com/-Sr4cpOGWll8/VOHwUm7-gsI/AAAAAAAADP8/pacZKsmpxsY/s1600/img_show.jpeg	http://blog.igarden.com.tw/2005/11/5M51105.html
https://8.share.photo.xuite.net/leechungmo/1895baa/9649229/422787933_m.jpg	http://blog.xuite.net/leechungmo/twblog/119808452-%E8%B1%B9%E7%B4%8B%E8%8A%B1%E6%9C%B5-%E5%B0%84%E5%B9%B2
http://i0.wp.com/www.ptwrca.org.tw/wp-content/uploads/2013/04/%E5%B7%A6%E6%B0%B8%E5%A4%A7%E5%B0%84%E5%B9%B2-2-800.jpg	http://www.ptwrca.org.tw/?p=1832
http://www.zhongyaoyi.com/d/file/tupian/2015-06-14/a0e43f806c8222a238d5a0d40bf79147.jpg	http://www.zhongyaoyi.com/t/shegan/
http://2.bp.blogspot.com/-z2dIFkIe9qA/UYXBWhIKZ6I/AAAAAAAABnA/WNKmrobr5_Q/s1600/%E5%B0%84%E5%B9%B202.jpg	http://hla-plant.blogspot.com/2013/05/blog-post_9285.html
https://c1.staticflickr.com/4/3635/3284542565_855f33561a.jpg	https://www.flickr.com/photos/karinsu99/3284542565
http://lvpu.net/SuGenHuaHui/SheGan/SheGan07.jpg	http://lvpu.net/SuGenHuaHui/SheGan/
http://www.westatic.com/img/dict/skbzk/plants-sa/shaga_3.jpg	http://www.weblio.jp/content/%E5%B0%84%E5%B9%B2
http://www.lvpu.net/files/product/ProductImages/2012_03/26/214/26214147798_b.jpg	http://www.lvpu.net/product/product-715528772.htm
http://www.cnhua.net/uploads/allimg/090603/224GV5G-0.JPG	http://www.cnhua.net/zhiwu/yuanweike/shegan/
http://xycc.tw/wp-content/uploads/C-B2-04-1-%E5%B0%84%E5%B9%B2.jpg	http://xycc.tw/item/%E5%B0%84%E5%B9%B2/
http://kplant.biodiv.tw/%E5%B0%84%E5%B9%B2/%E5%B0%84%E5%B9%B202.jpg	http://kplant.biodiv.tw/%E5%B0%84%E5%B9%B2/%E5%B0%84%E5%B9%B2.htm
http://www.sd.ks.edu.tw/sch-p/sch-p13/images/sch-p13.jpg	http://www.sd.ks.edu.tw/sch-p/sch-p13/sch-p13.htm
http://kplant.biodiv.tw/%E5%B0%84%E5%B9%B2/%E5%B0%84%E5%B9%B205.jpg	http://kplant.biodiv.tw/%E5%B0%84%E5%B9%B2/%E5%B0%84%E5%B9%B2.htm
https://8.share.photo.xuite.net/leechungmo/1895baa/9649229/422768221_m.jpg	http://blog.xuite.net/leechungmo/twblog/119807239-%E7%BE%8E%E9%BA%97%E7%9A%84%E9%B3%A5%E8%8A%B1%EF%BC%8D%E7%B4%AB%E9%B3%B6
http://kplant.biodiv.tw/%E5%B0%84%E5%B9%B2/%E5%B0%84%E5%B9%B208.jpg	http://kplant.biodiv.tw/%E5%B0%84%E5%B9%B2/%E5%B0%84%E5%B9%B2.htm
https://blackwalnut.npust.edu.tw/wp-content/uploads/gallery/2/2-21350.jpg	https://blackwalnut.npust.edu.tw/archives/1164
http://farm4.static.flickr.com/3650/3520892892_3cf0a6b60e_o.jpg	http://chinling0419.pixnet.net/blog/post/202959944-%EF%BC%8A%E3%80%90%E5%B0%84%E5%B9%B2%E3%80%91
https://4.bp.blogspot.com/-2y93diR_tVs/WK-2cARPO3I/AAAAAAAAT3w/YSs5-t9Ahq0WO9aaOi_VvH4T3ZEVIRPnwCLcB/s1600/%25E5%25B0%2584%25E5%25B9%25B2_3176.JPG	http://pkblog0438.blogspot.com/2017/02/blog-post_23.html
http://3.bp.blogspot.com/-7f_GnyBrpgw/VOHwbWE199I/AAAAAAAADQE/i9rwQuzNo5Q/s1600/img_show%2B(1).jpeg	http://blog.igarden.com.tw/2005/11/5M51105.html
http://pic.pimg.tw/hsoldbody/1342618487-2586674796_n.jpg	http://hsoldbody.pixnet.net/blog/post/35377422-%E5%B0%84%E5%B9%B2%28%E5%94%B8%E4%BD%9C%E3%84%A7%E3%84%9D%CB%8B%E5%B9%B2%EF%BC%8C%E4%B8%8D%E6%98%AF%E3%84%95%E3%84%9C%CB%8B%E5%B9%B2%29~%E5%8D%91%E5%8D%97%E6%96%87%E5%8C%96
http://kplant.biodiv.tw/%E5%B0%84%E5%B9%B2/%E5%B0%84%E5%B9%B200.jpg	http://kplant.biodiv.tw/%E5%B0%84%E5%B9%B2/%E5%B0%84%E5%B9%B2.htm
http://w3.hrps.tp.edu.tw/park/%E7%A4%BE/photo/flower01-2.jpg	http://w3.hrps.tp.edu.tw/park/%E7%A4%BE/dryflower.htm
http://img.doheal.com/uploads/E/61/E61BCD7CA3.jpeg	http://www.doheal.com/article/4068.html
