
http://a2.att.hudong.com/77/45/20300055174188134287456373835.jpg	http://tupian.baike.com/a2_77_45_20300055174188134287456373835_140_jpg.html
http://e.share.photo.xuite.net/bruce0342/1e07d08/10988406/513069458_m.jpg	http://bruce0342.blogspot.com/2009/04/blog-post_19.html
http://2.bp.blogspot.com/-HRk8A36US2Y/VWUpD5xridI/AAAAAAAARlI/hbyE3fgsJIY/s1600/DSC08165.JPG	http://aeni1203.pixnet.net/blog/post/287700835-%E9%98%BF%E6%8B%89%E4%BC%AF%E5%A9%86%E5%A9%86%E7%B4%8D
http://image82.360doc.com/DownloadImg/2015/02/1322/50161130_1.jpg	http://www.360doc.com/content/15/0213/22/16967035_448453037.shtml
http://e.share.photo.xuite.net/bruce0342/1e07d11/10988406/513064091_m.jpg	http://bruce0342.blogspot.com/2009/04/blog-post_19.html
http://img.blog.163.com/photo/CkHE3Tk2SmUTVbuzSlijeg==/1690257235148049954.jpg	http://bd1560.blog.163.com/blog/static/8316372008895033809/
http://7.blog.xuite.net/7/4/e/4/11253733/blog_227360/txt/18022347/9.jpg	http://blog.xuite.net/e2202778/boaboa/18022347
https://f.share.photo.xuite.net/hsu042/1f458f4/9851226/437753498_m.jpg	http://blog.xuite.net/hsu042/twblog1/122927615-%E9%98%BF%E6%8B%89%E4%BC%AF%E5%A9%86%E5%A9%86%E7%B4%8D
https://upload.wikimedia.org/wikipedia/commons/d/d0/Veronica_persica_060403Fw.jpg	https://zh.wikipedia.org/wiki/%E9%98%BF%E6%8B%89%E4%BC%AF%E5%A9%86%E5%A9%86%E7%BA%B3
http://upload.wikimedia.org/wikipedia/commons/thumb/6/6b/Veronica_persica%28gli_occhi_della_Madonna%29_01.JPG/240px-Veronica_persica%28gli_occhi_della_Madonna%29_01.JPG	http://www.wikiwand.com/zh/%E9%98%BF%E6%8B%89%E4%BC%AF%E5%A9%86%E5%A9%86%E7%BA%B3
http://img.xunhai.com/2015/12/01/144893156560144.jpg	http://www.xunhai.com/alabopopona/
http://a2.att.hudong.com/37/66/20200000013920144739666284148_s.jpg	http://www.baike.com/wiki/%E9%98%BF%E6%8B%89%E4%BC%AF%E5%A9%86%E5%A9%86%E7%BA%B3
http://img.boqiicdn.com/Data/BK/A/1512/3/imagick1851449121671_y.jpg	http://m.boqii.com/entry/detail/2285.html
http://img.xunhai.com/2015/12/01/144893158665982.jpg	http://www.xunhai.com/alabopopona/
http://img.blog.163.com/photo/g9y3Tt_Qc5H7KVTHe_rYcw==/1999598234553052455.jpg	http://bd1560.blog.163.com/blog/static/8316372008895033809/
http://7.blog.xuite.net/7/4/e/4/11253733/blog_227360/txt/18022347/12.jpg	http://blog.xuite.net/e2202778/boaboa/18022347
http://pic.pimg.tw/letterflag/1394719712-227621592_n.jpg	http://letterflag.pixnet.net/blog/post/174577158-%E3%80%90%E9%87%8E%E8%8A%B1%E8%A3%9C%E9%81%BA%E3%80%91%E9%98%BF%E6%8B%89%E4%BC%AF%E5%A9%86%E5%A9%86%E7%B4%8D%E7%9A%84%E3%80%8C%E5%A9%86%E5%A9%86%E7%B4%8D%E3%80%8D
http://2.im.guokr.com/nN9tWYCCwAppxzfHRf_oHxSRenfyejgAoUvsslVc13IcAgAAwAMAAEpQ.jpg	http://www.guokr.com/post/642325/
https://gss3.bdstatic.com/-Po3dSag_xI4khGkpoWK1HF6hhy/baike/s%3D220/sign=f9ab42f5d43f8794d7ff4f2ce21a0ead/eac4b74543a98226a4128a6a8a82b9014b90eba8.jpg	https://baike.baidu.com/item/%E9%98%BF%E6%8B%89%E4%BC%AF%E5%A9%86%E5%A9%86%E7%BA%B3
http://img8.ph.126.net/cdJJbFHkfSzdRtXMxn3oXQ==/2657405255142657438.jpg	http://yxbsa.blog.163.com/blog/static/3637739201223135746993/
http://img3.hoto.cn/group/201504/12/5933178_00157844.thumb.jpg	http://group.haodou.com/topic-336168.html
http://e.share.photo.xuite.net/bruce0342/1e07da8/10988406/513067314_m.jpg	http://bruce0342.blogspot.com/2009/04/blog-post_19.html
http://img.boqiicdn.com/Data/BK/A/1512/3/imagick50401449114140_y.jpg	http://m.boqii.com/entry/detail/2285.html
http://uploads.xuexila.com/allimg/1603/640-16030G35JG35.jpg	http://www.kyunhe.com/liyi/huayu/515946.html
http://attach.wzdsb.net/blog_attachment/201403/1/16811113_1393675987JhYY.jpg	http://blog.wendu.cn/space-16811113-do-blog-id-451968.html
http://www.1988.tv/Upload_Map/2013nian/8/26/2013-08-26-11-15-24.jpg	http://zhuanti.1988.tv/news/20130826111528.html
http://d.share.photo.xuite.net/greendodo5511/1d63119/14662302/777129851_m.jpg	http://blog.xuite.net/greendodo5511/twblog/157725454-%E9%98%BF%E9%87%8C%E5%B1%B1%E9%87%8E%E8%8A%B1%E4%BB%8B%E7%B4%B9%E4%B9%8B%E5%85%AD%3D%E9%98%BF%E6%8B%89%E4%BC%AF%E5%A9%86%E5%A9%86%E7%B4%8D
http://img.xunhai.com/2015/12/01/144893158173619.jpg	http://www.xunhai.com/alabopopona/2015/1201/9091.html
http://pic19.nipic.com/20120321/5793673_130504922000_2.jpg	http://www.nipic.com/show/1/44/5886675kd1debc1b.html
http://1.bp.blogspot.com/-rb-59c0jADo/VWUpBnV3z4I/AAAAAAAARk4/NDkRt3lXzBk/s1600/DSC08163.JPG	http://aeni1203.pixnet.net/blog/post/287700835-%E9%98%BF%E6%8B%89%E4%BC%AF%E5%A9%86%E5%A9%86%E7%B4%8D
http://img.xunhai.com/2016/01/11/145245195684823.jpg	http://www.xunhai.com/popona/2016/0111/28288.html
https://i2.kknews.cc/large/162e0006ddc3bcea19f7	https://kknews.cc/zh-my/travel/zmql2yq.html
http://s7.sinaimg.cn/bmiddle/492d9ffa44bd724e5b276	http://blog.sina.com.cn/s/blog_492d9ffa010093y7.html
http://pic.pimg.tw/rong152725/1384533397-3632757475.jpg	http://rong152725.pixnet.net/blog/post/304656068-%E9%98%BF%E6%8B%89%E4%BC%AF%E5%A9%86%E5%A9%86%E7%B4%8D
http://pic.pimg.tw/cleyera08/1379721489-1186260199.jpg	http://cleyera08.pixnet.net/blog/post/248113196-%E9%98%BF%E6%8B%89%E4%BC%AF%E5%A9%86%E5%A9%86%E7%B4%8D-%28%E5%8F%B0%E5%8C%97%E6%B0%B4%E8%8B%A6%E8%95%92%29
http://g.udn.com.tw/upfiles/B_RO/rosa2010/PSN_PHOTO/454/f_14876454_1.JPG	http://blog.udn.com/rosa2010/50790317
http://read.html5.qq.com/image?src=forum&q=5&r=0&imgflag=7&imageUrl=http://essay.b0.upaiyun.com/4489/684339/5.jpg	http://chuansong.me/n/684339
http://s11.sinaimg.cn/mw690/001pqJMbgy6FB9Fdye6ba&690	http://blog.sina.com.cn/s/blog_4d0109ff0102e9sb.html
http://s11.sinaimg.cn/mw690/001pqJMbgy6FB9EHN9Mea&690	http://blog.sina.com.cn/s/blog_4d0109ff0102e9sb.html
http://img.xunhai.com/2015/12/01/144893155274525.jpg	http://www.xunhai.com/alabopopona/2015/1201/9086.html
http://www.gd.xinhuanet.com/newscenter/1120752971_14913643185671n.jpg	http://www.gd.xinhuanet.com/newscenter/2017-04/05/c_1120753463.htm
https://i2.kknews.cc/large/16350007083cf2c95d9a	https://kknews.cc/zh-my/travel/zmql2yq.html
http://pic22.nipic.com/20120723/8664439_084149223000_2.jpg	http://www.nipic.com/show/1/44/6546313k453d84fd.html
http://a0.att.hudong.com/82/66/01100000000000144739666574614_s.jpg	http://www.baike.com/wiki/%E9%98%BF%E6%8B%89%E4%BC%AF%E5%A9%86%E5%A9%86%E7%BA%B3
http://zw3wmap1.zw3e.com:8080/zw_news_map/350/2014053/1400898997483018848.jpg	http://www.zw3e.com/bk/guanyezhiwu/wccca.html
http://7.blog.xuite.net/7/4/e/4/11253733/blog_227360/txt/18022347/11.jpg	http://blog.xuite.net/e2202778/boaboa/18022347
http://s16.sinaimg.cn/mw690/001pqJMbgy6FB9AZAFF9f&690	http://blog.sina.com.cn/s/blog_4d0109ff0102e9sb.html
http://a3.att.hudong.com/68/50/01300055174188134287501589468.jpg	http://tupian.baike.com/a3_68_50_01300055174188134287501589468_140_jpg.html
http://1.bp.blogspot.com/-Egh7n4cAxh4/VWUpEq4wB_I/AAAAAAAARlQ/jI36sZYpqe0/s1600/DSC08166.JPG	http://aeni1203.pixnet.net/blog/post/287700835-%E9%98%BF%E6%8B%89%E4%BC%AF%E5%A9%86%E5%A9%86%E7%B4%8D
http://imglf0.nosdn.127.net/img/Vnc5V1F6OFZSemYzU2VWbWZXekhzblE3blFHT1JIdXZkTm9QbXN0Z1g3U3UvYUFvcXJPQ1pBPT0.jpg?=imageView&thumbnail=500x0&quality=96&stripmeta=0&type=jpg%7Cwatermark&type=2	http://www.lofter.com/tag/%E9%98%BF%E6%8B%89%E4%BC%AF%E5%A9%86%E5%A9%86%E7%BA%B3
http://img.boqiicdn.com/Data/BK/A/1512/3/imagick70741449121621_y.jpg	http://www.boqii.com/article/25201.html
http://s10.sinaimg.cn/mw690/001YaAzrgy70f3HqGY979&690	http://blog.sina.com.cn/s/blog_6b99ba750102wvwg.html
https://www.huabaike.com/uploads/allimg/sltimg/201706/59520b70be739.jpg	https://www.huabaike.com/cbzw/9291.html
http://pic.pimg.tw/letterflag/1394719717-3485526003_n.jpg	http://letterflag.pixnet.net/blog/post/174577158-%E3%80%90%E9%87%8E%E8%8A%B1%E8%A3%9C%E9%81%BA%E3%80%91%E9%98%BF%E6%8B%89%E4%BC%AF%E5%A9%86%E5%A9%86%E7%B4%8D%E7%9A%84%E3%80%8C%E5%A9%86%E5%A9%86%E7%B4%8D%E3%80%8D
http://s1.sinaimg.cn/mw690/002kiosLgy6Hjh5Mqo830&690	http://blog.sina.com.cn/s/blog_7f166dc70101ful0.html
http://img.boqiicdn.com/Data/BK/A/1512/3/imagick99421449114106_y.jpg	http://www.boqii.com/article/25198.html
http://pic0.nidbox.net/12/y1379902088_6203ca69_12.jpg	https://sowells.nidbox.com/diary/read/8221918
http://s11.sinaimg.cn/mw690/001YaAzrgy70f3HmH2i9a&690	http://blog.sina.com.cn/s/blog_6b99ba750102wvwg.html
http://pics17.yamedia.tw/28/userfile/c/chinaberry/blog/14ca459f182af8.jpg	https://chinaberry.tian.yam.com/posts/31164620
http://pic.pimg.tw/llhgapi/49f5c6a64db40.jpg	http://llhgapi.pixnet.net/blog/archives/200904
http://pic.pimg.tw/llhgapi/49f5c69f26030.jpg	http://llhgapi.pixnet.net/blog/post/27501443-20090423%E6%BB%AC%E5%B0%BE%E7%A0%B2%E5%8F%B0%E5%85%AC%E5%9C%92%E6%82%A0%E9%96%92%E8%A1%8C
http://imglf.nosdn.127.net/img/SFF2b1VzNzF4VG54Y2wrWU9lYUZqVmdZaUNiQkErd2JOTkpUKzlsdnBkUEcrdGk1dGdDNWZRPT0.jpg?imageView&thumbnail=500x0&quality=96&stripmeta=0&type=jpg	http://www.lofter.com/tag/%E9%98%BF%E6%8B%89%E4%BC%AF%E5%A9%86%E5%A9%86%E7%BA%B3
http://sh.lhsr.cn/Plugins/ueditor1_2_5_1-utf8-net/net/upload/2014-03-24/ac663b10-280e-4105-b0b1-4d38d8c8ba86.jpg	http://www.shbg.org/sites/zhiwuyuan/InfoContent.aspx?CtgId=6522203e-d493-47b0-be9f-0574b7df3558&InfoId=e8fd3694-ba7d-435a-8277-5b5b2b707ad8
http://3.bp.blogspot.com/-IIjmTvw5YWs/U37kUV6qvEI/AAAAAAAALho/wyBOTmOIxi4/s1600/g%E9%98%BF%E6%8B%89%E4%BC%AF%E5%A9%86%E5%A9%86%E7%B4%8D-%E8%8A%B13.jpg	http://flowers-in-akirei.blogspot.com/2014/05/blog-post_1293.html
http://pic.pimg.tw/rong152725/1384533397-3961447374.jpg	http://rong152725.pixnet.net/blog/post/304656068-%E9%98%BF%E6%8B%89%E4%BC%AF%E5%A9%86%E5%A9%86%E7%B4%8D
http://s9.sinaimg.cn/mw690/001lCa4Zty72mZTLvJe48&690	http://blog.sina.com.cn/s/blog_49a4b55d0102wgjg.html
http://s11.sinaimg.cn/mw690/001TWJuZzy78wjODvESea&690	http://blog.sina.com.cn/s/blog_67e176b50102x6bd.html
http://www.plantsword.com/bbs/upload/data/attachment/portal/201706/29/115240plcf17uqcn0nqwc3.jpg	http://www.plantsword.com/bbs/upload/article11091.html
http://s9.sinaimg.cn/mw690/001lCa4Zty72mZXpgCs58&690	http://blog.sina.com.cn/s/blog_49a4b55d0102wgjg.html
http://s6.sinaimg.cn/mw690/001YaAzrgy70f4rU6yxa5&690	http://blog.sina.com.cn/s/blog_6b99ba750102wvwg.html
http://www.gd.xinhuanet.com/newscenter/1120753463_14913738255591n.jpg	http://www.gd.xinhuanet.com/newscenter/2017-04/05/c_1120753463.htm
http://1.bp.blogspot.com/-ioEXx3c44tQ/U37kTZHcZhI/AAAAAAAALhg/z7Bh3f6J_Zw/s1600/g%E9%98%BF%E6%8B%89%E4%BC%AF%E5%A9%86%E5%A9%86%E7%B4%8D-%E8%8A%B12.jpg	http://flowers-in-akirei.blogspot.com/2014/05/blog-post_1293.html
http://s12.sinaimg.cn/mw690/001YaAzrgy70f3Hi8R57b&690	http://blog.sina.com.cn/s/blog_6b99ba750102wvwg.html
http://imglf.nosdn.127.net/img/b25PYWVoa0RiS1NxbHpUMTUzNTJqZ2JmZnJqT2JvUUFYUWpVcG4wK245MFIydE10UUF6RWRnPT0.jpg?imageView&thumbnail=500x0&quality=96&stripmeta=0&type=jpg%7Cwatermark&type=2&text=wqkgSXNsZSAvIGxlaXNsZS5sb2Z0ZXIuY29t&font=bXN5aA==&gravity=southwest&dissolve=30&fontsize=240&dx=8&dy=10&stripmeta=0	http://www.lofter.com/tag/%E9%98%BF%E6%8B%89%E4%BC%AF%E5%A9%86%E5%A9%86%E7%BA%B3
https://img1.doubanio.com/lpic/s27944089.jpg	https://www.douban.com/subject/26278839/
http://pic.pimg.tw/llhgapi/49f5c69b266c1.jpg	http://llhgapi.pixnet.net/blog/post/27501443-20090423%E6%BB%AC%E5%B0%BE%E7%A0%B2%E5%8F%B0%E5%85%AC%E5%9C%92%E6%82%A0%E9%96%92%E8%A1%8C
http://eoldata.taibif.tw/files/eoldata/imagecache/data_object_image/images/33/p_4_341_0.jpg	http://taibif.tw/zh/namecode/204654
http://2.bp.blogspot.com/-zCb2YGUCV9s/VWUo-z5jZ0I/AAAAAAAARko/d5AD2qYQ4XA/s1600/DSC08161.JPG	http://aeni1203.pixnet.net/blog/post/287700835-%E9%98%BF%E6%8B%89%E4%BC%AF%E5%A9%86%E5%A9%86%E7%B4%8D
http://pic20.nipic.com/20120405/2478357_162712144000_2.jpg	http://www.dmwhw.cn/tu/%E9%98%BF%E6%8B%89%E4%BC%AF%E5%A9%86%E5%A9%86%E7%BA%B3
http://www.neipet.com/wp-content/uploads/2016/07/%E9%98%BF%E6%8B%89%E4%BC%AF%E5%A9%86%E5%A9%86%E7%BA%B3.png	http://www.neipet.com/plant/27309.html
https://www.huabaike.com/uploads/allimg/artimg/201706/20170627153847_26679.jpg	https://www.huabaike.com/jtyh/9697.html
http://s3.sinaimg.cn/mw690/001pqJMbgy6FB9CsLoSe2&690	http://blog.sina.com.cn/s/blog_4d0109ff0102e9sb.html
http://a3.att.hudong.com/10/54/01200000201042118575454409710.jpg	http://tupian.baike.com/a3_10_54_01200000201042118575454409710_140_jpg.html
http://img.yanquecao.com/img/grass/veronicapersica/veronicapersica1.jpg	http://www.yanquecao.com/detail/1036
http://s3.sinaimg.cn/mw690/002760qzzy770nnJwI2d2&690	http://blog.sina.com.cn/s/blog_7376486f0102xepd.html
https://scontent-ams3-1.cdninstagram.com/t51.2885-15/e35/17596179_145653199296159_3387622615400054784_n.jpg?ig_cache_key=MTQ4Mzc5MzE4NzE3MTczOTc4NQ%3D%3D.2&se=7	http://instagom.com/explore/tags/%E9%98%BF%E6%8B%89%E4%BC%AF%E5%A9%86%E5%A9%86%E7%BA%B3
http://upload-images.jianshu.io/upload_images/3015327-a3d5ba3feb85c91c.jpg?imageMogr2/auto-orient/strip%7CimageView2/2/w/1240	http://www.jianshu.com/p/2aff5ab8b5c5
http://img.yanquecao.com/img/grass/veronicapersica/veronicapersica4.jpg	http://www.yanquecao.com/detail/1036
https://scontent-ams3-1.cdninstagram.com/t51.2885-15/e35/17932664_1854761398099426_5347751260143484928_n.jpg?ig_cache_key=MTQ5MzE4MzgzMjU4NDA0NzYwNw%3D%3D.2&se=7	http://instagom.com/explore/tags/%E9%98%BF%E6%8B%89%E4%BC%AF%E5%A9%86%E5%A9%86%E7%BA%B3
http://scitech.people.com.cn/mediafile/200709/04/F200709040931243092916411.bmp	http://www.sqtgw.cn/tu/%E5%A9%86%E5%A9%86%E7%BA%B3%E4%B8%BA%E4%BB%80%E4%B9%88%E5%8F%AB%E5%A9%86%E5%A9%86%E7%BA%B3
http://www.gd.xinhuanet.com/newscenter/1120752971_14913643184651n.jpg	http://www.gd.xinhuanet.com/newscenter/2017-04/05/c_1120753463.htm
https://pic.pimg.tw/der1206pix/1453283031-2682776704.jpg	http://der1206pix.pixnet.net/blog/post/443138111-%E9%98%BF%E6%8B%89%E4%BC%AF%E5%A9%86%E5%A9%86%E7%B4%8D~%E7%BE%8E%E9%BA%97%E7%9A%84%E6%AF%92%E8%8D%8920151115%E4%B8%AD%E6%A9%AB%E9%97%9C%E5%8E%9F
http://pic15.nipic.com/20110623/6613039_203659232149_2.jpg	http://www.nipic.com/show/1/44/4744467k7a71615f.html
http://image.sciencenet.cn/album/201704/07/131515tmzu736n8l7535j3.jpg	http://blog.sciencenet.cn/blog-421287-1047367.html
http://www.plantsword.com/bbs/upload/data/attachment/portal/201706/29/115250bqp3bxr32poaac08.jpg	http://www.plantsword.com/bbs/upload/article11091.html
http://img.aihuahui.com/d/2017/06/595324d060bc6.jpg	http://www.aihuahui.com/huahuizhishi/jiatingyanghua/7122.html
http://pic.pimg.tw/dawnchorus/1377037175-1507963309_m.jpg?v=1377037180	http://dawnchorus.pixnet.net/blog/post/39532451-%E9%98%BF%E6%8B%89%E4%BC%AF%E5%A9%86%E5%A9%86%E7%B4%8D-veronica-persica
https://gss2.bdstatic.com/-fo3dSag_xI4khGkpoWK1HF6hhy/baike/w%3D400/sign=2390405ad9c8a786be2a4b0e5708c9c7/962bd40735fae6cd7d064bc107b30f2443a70fdb.jpg	https://baike.baidu.com/item/%E9%98%BF%E6%8B%89%E4%BC%AF%E5%A9%86%E5%A9%86%E7%BA%B3
https://bbs.pku.edu.cn/attach/87/90/879074a9ef44c35f/%E9%98%BF%E6%8B%89%E4%BC%AF%E5%A9%86%E5%A9%86%E7%BA%B3%EF%BC%9F.jpg	https://bbs.pku.edu.cn/v2/collection-read.php?path=groups%2FGROUP_6%2FGreen_hut%2FD96FDE965%2FM.1056725501.A
http://imglf.nosdn.127.net/img/Vnc5V1F6OFZSemRrZm5zWFQ1MWl0dE96MzVISVBPZXBPZklEYkpLbWkrTldLWGVLampaZEFBPT0.jpg?=imageView&thumbnail=500x0&quality=96&stripmeta=0&type=jpg%7Cwatermark&type=2	http://www.lofter.com/tag/%E9%98%BF%E6%8B%89%E4%BC%AF%E5%A9%86%E5%A9%86%E7%BA%B3
