
https://gss0.bdstatic.com/94o3dSag_xI4khGkpoWK1HF6hhy/baike/c0%3Dbaike80%2C5%2C5%2C80%2C26/sign=e1ad721d6b061d95694b3f6a1a9d61b4/e4dde71190ef76c6ef43f00e9816fdfaaf516705.jpg
https://gss1.bdstatic.com/9vo3dSag_xI4khGkpoWK1HF6hhy/baike/c0%3Dbaike272%2C5%2C5%2C272%2C90/sign=6a5a4f6f7ef0f736ccf344536b3cd87c/2f738bd4b31c870160b5cbf6217f9e2f0708ff9b.jpg
https://gss2.bdstatic.com/-fo3dSag_xI4khGkpoWK1HF6hhy/baike/c0%3Dbaike80%2C5%2C5%2C80%2C26/sign=7c7e9c6e6963f62408503151e62d809d/32fa828ba61ea8d3737e6353950a304e251f580c.jpg
https://gss2.bdstatic.com/9fo3dSag_xI4khGkpoWK1HF6hhy/baike/c0%3Dbaike272%2C5%2C5%2C272%2C90/sign=00f307cd28738bd4d02cba63c0e2ecb3/8b13632762d0f7034bc8edcc0efa513d2697c5ac.jpg

https://gss1.bdstatic.com/-vo3dSag_xI4khGkpoWK1HF6hhy/baike/c0%3Dbaike92%2C5%2C5%2C92%2C30/sign=5e4c310e4a36acaf4ded9eae1db0e675/38dbb6fd5266d0169c87ec1f962bd40735fa356e.jpg
https://gss0.bdstatic.com/94o3dSag_xI4khGkpoWK1HF6hhy/baike/c0%3Dbaike92%2C5%2C5%2C92%2C30/sign=7dc1c232e4dde711f3df4ba4c686a57e/d01373f082025aaf0cac0cfcfaedab64034f1a6e.jpg
https://gss3.bdstatic.com/7Po3dSag_xI4khGkpoWK1HF6hhy/baike/c0%3Dbaike92%2C5%2C5%2C92%2C30/sign=993548b40e2442a7ba03f5f7b02ac62e/1b4c510fd9f9d72a673d622ad52a2834349bbbaf.jpg
https://gss1.bdstatic.com/-vo3dSag_xI4khGkpoWK1HF6hhy/baike/c0%3Dbaike92%2C5%2C5%2C92%2C30/sign=93edd55fd009b3deffb2ec3aadd607e4/b151f8198618367a1f170dea2f738bd4b31ce56f.jpg
https://gss2.bdstatic.com/-fo3dSag_xI4khGkpoWK1HF6hhy/baike/c0%3Dbaike92%2C5%2C5%2C92%2C30/sign=f5a0f04242a98226accc2375ebebd264/faf2b2119313b07ed4e4223f0dd7912397dd8caf.jpg
https://gss0.bdstatic.com/94o3dSag_xI4khGkpoWK1HF6hhy/baike/c0%3Dbaike92%2C5%2C5%2C92%2C30/sign=ead00dea2f738bd4d02cba63c0e2ecb3/4a36acaf2edda3cc4cbdca1700e93901213f92af.jpg
https://gss3.bdstatic.com/-Po3dSag_xI4khGkpoWK1HF6hhy/baike/c0%3Dbaike92%2C5%2C5%2C92%2C30/sign=d7a372fde7cd7b89fd6132d16e4d29c2/6a600c338744ebf819e81608d8f9d72a6059a76f.jpg
https://gss3.bdstatic.com/7Po3dSag_xI4khGkpoWK1HF6hhy/baike/c0%3Dbaike92%2C5%2C5%2C92%2C30/sign=deb734f783025aafc73f76999a84c001/359b033b5bb5c9ea1a6a71d4d439b6003af3b36f.jpg
https://gss2.bdstatic.com/-fo3dSag_xI4khGkpoWK1HF6hhy/baike/c0%3Dbaike92%2C5%2C5%2C92%2C30/sign=6b0912fcb3fb43160e12722841cd2d46/5d6034a85edf8db19d770e530823dd54564e74af.jpg
https://gss1.bdstatic.com/-vo3dSag_xI4khGkpoWK1HF6hhy/baike/c0%3Dbaike92%2C5%2C5%2C92%2C30/sign=6f22b518bf096b63951456026d5aec21/6d81800a19d8bc3ed45174fd838ba61ea8d345af.jpg
https://gss1.bdstatic.com/-vo3dSag_xI4khGkpoWK1HF6hhy/baike/c0%3Dbaike92%2C5%2C5%2C92%2C30/sign=5d50739c023b5bb5aada28ac57babe5c/a686c9177f3e6709bc5937c83ac79f3df8dc55af.jpg
https://gss0.bdstatic.com/94o3dSag_xI4khGkpoWK1HF6hhy/baike/c0%3Dbaike92%2C5%2C5%2C92%2C30/sign=6934722dc75c10383073c690d378f876/cc11728b4710b912489884c9c2fdfc03924522af.jpg
https://gss1.bdstatic.com/-vo3dSag_xI4khGkpoWK1HF6hhy/baike/c0%3Dbaike92%2C5%2C5%2C92%2C30/sign=5e8b310e4a36acaf4ded9eae1db0e675/38dbb6fd5266d0169c40ec1f962bd40735fa35af.jpg
https://gss0.bdstatic.com/94o3dSag_xI4khGkpoWK1HF6hhy/baike/c0%3Dbaike92%2C5%2C5%2C92%2C30/sign=f88635090df3d7ca18fb37249376d56c/d009b3de9c82d158ac1b2b86810a19d8bc3e426f.jpg
https://gss2.bdstatic.com/-fo3dSag_xI4khGkpoWK1HF6hhy/baike/c0%3Dbaike92%2C5%2C5%2C92%2C30/sign=423f443c5ab5c9ea76fe0bb1b450dd65/c8177f3e6709c93d066b7cc09e3df8dcd100546f.jpg
https://gss3.bdstatic.com/7Po3dSag_xI4khGkpoWK1HF6hhy/baike/c0%3Dbaike92%2C5%2C5%2C92%2C30/sign=14b7f779cb8065386fe7ac41f6b4ca21/fd039245d688d43f0030e3c57c1ed21b0ef43b6f.jpg
https://gss3.bdstatic.com/-Po3dSag_xI4khGkpoWK1HF6hhy/baike/c0%3Dbaike92%2C5%2C5%2C92%2C30/sign=757aefd4fc1f4134f43a0d2c4476feaf/060828381f30e9246bfdee064d086e061d95f7a8.jpg
https://gss3.bdstatic.com/7Po3dSag_xI4khGkpoWK1HF6hhy/baike/c0%3Dbaike92%2C5%2C5%2C92%2C30/sign=be9bff097aec54e755e1124cd851f035/7a899e510fb30f24dd039e34c995d143ad4b036f.jpg
https://gss3.bdstatic.com/7Po3dSag_xI4khGkpoWK1HF6hhy/baike/c0%3Dbaike92%2C5%2C5%2C92%2C30/sign=2a75358c4610b912abccfeaca2949766/63d0f703918fa0ecef9e163a279759ee3d6ddba8.jpg
https://gss2.bdstatic.com/-fo3dSag_xI4khGkpoWK1HF6hhy/baike/c0%3Dbaike92%2C5%2C5%2C92%2C30/sign=8a0c19d88cb1cb132a643441bc3d3d2b/b8014a90f603738d17d37e15b21bb051f819ec68.jpg
https://gss1.bdstatic.com/9vo3dSag_xI4khGkpoWK1HF6hhy/baike/c0%3Dbaike92%2C5%2C5%2C92%2C30/sign=5526965fcdbf6c81e33a24badd57da50/dbb44aed2e738bd47ab8c006a08b87d6277ff968.jpg
https://gss1.bdstatic.com/-vo3dSag_xI4khGkpoWK1HF6hhy/baike/c0%3Dbaike92%2C5%2C5%2C92%2C30/sign=14b338396609c93d13ff06a5fe5493b9/03087bf40ad162d92f77102b10dfa9ec8a13cd68.jpg
https://gss2.bdstatic.com/9fo3dSag_xI4khGkpoWK1HF6hhy/baike/c0%3Dbaike92%2C5%2C5%2C92%2C30/sign=1c16ccd3b21c8701c2bbbab44616f54a/2fdda3cc7cd98d10338c7e06203fb80e7bec90a8.jpg
https://gss1.bdstatic.com/-vo3dSag_xI4khGkpoWK1HF6hhy/baike/c0%3Dbaike92%2C5%2C5%2C92%2C30/sign=e3683c8e9f510fb36c147fc5b85aa3f0/8644ebf81a4c510fdc5c902d6159252dd42aa568.jpg
https://gss0.bdstatic.com/-4o3dSag_xI4khGkpoWK1HF6hhy/baike/c0%3Dbaike92%2C5%2C5%2C92%2C30/sign=7cc1012408f79052fb124f6c6d9abcaf/0823dd54564e92588d6cf4d99d82d158ccbf4ea8.jpg

https://gss3.bdstatic.com/-Po3dSag_xI4khGkpoWK1HF6hhy/baike/c0%3Dbaike92%2C5%2C5%2C92%2C30/sign=5648932d2934349b600b66d7a8837eab/94cad1c8a786c9170c5b200ec83d70cf3bc757a8.jpg

https://gss2.bdstatic.com/-fo3dSag_xI4khGkpoWK1HF6hhy/baike/c0%3Dbaike92%2C5%2C5%2C92%2C30/sign=863cee064d086e067ea5371963611091/b8389b504fc2d562bb90a2dae61190ef76c66c68.jpg
https://gss2.bdstatic.com/9fo3dSag_xI4khGkpoWK1HF6hhy/baike/c0%3Dbaike92%2C5%2C5%2C92%2C30/sign=5b7aeeeb8b13632701e0ca61f0e6cb89/fcfaaf51f3deb48fc6f1d3e9f11f3a292df57868.jpg

https://gss1.bdstatic.com/9vo3dSag_xI4khGkpoWK1HF6hhy/baike/c0%3Dbaike92%2C5%2C5%2C92%2C30/sign=b7b8e4cb7dd98d1062d904634056d36b/0824ab18972bd407ac9fa1ca7a899e510fb309a8.jpg
https://gss2.bdstatic.com/-fo3dSag_xI4khGkpoWK1HF6hhy/baike/c0%3Dbaike92%2C5%2C5%2C92%2C30/sign=3d3508c5d462853586edda73f1861da3/d043ad4bd11373f024671da8a50f4bfbfbed04a8.jpg
https://gss3.bdstatic.com/-Po3dSag_xI4khGkpoWK1HF6hhy/baike/c0%3Dbaike92%2C5%2C5%2C92%2C30/sign=40bbf3888d5494ee932f074b4c9c8b9b/aec379310a55b31958a1f04242a98226cffc17a8.jpg
https://gss1.bdstatic.com/-vo3dSag_xI4khGkpoWK1HF6hhy/baike/c0%3Dbaike92%2C5%2C5%2C92%2C30/sign=cba57df43b87e950561afb3e71513826/f9dcd100baa1cd110f2e0017b812c8fcc3ce2d68.jpg
https://gss1.bdstatic.com/9vo3dSag_xI4khGkpoWK1HF6hhy/baike/c0%3Dbaike92%2C5%2C5%2C92%2C30/sign=55e7965fcdbf6c81e33a24badd57da50/dbb44aed2e738bd47a79c006a08b87d6277ff9a9.jpg
https://gss0.bdstatic.com/-4o3dSag_xI4khGkpoWK1HF6hhy/baike/c0%3Dbaike92%2C5%2C5%2C92%2C30/sign=a5088ce877094b36cf9f13bfc2a517bc/80cb39dbb6fd526644b34e23aa18972bd4073668.jpg
https://gss3.bdstatic.com/7Po3dSag_xI4khGkpoWK1HF6hhy/baike/c0%3Dbaike92%2C5%2C5%2C92%2C30/sign=b86c8e3a71cf3bc7fc0dc5beb069d1c4/0bd162d9f2d3572ccebaeeeb8b13632762d0c3a9.jpg
https://gss2.bdstatic.com/-fo3dSag_xI4khGkpoWK1HF6hhy/baike/c0%3Dbaike92%2C5%2C5%2C92%2C30/sign=3df508c5d462853586edda73f1861da3/d043ad4bd11373f024a71da8a50f4bfbfbed0468.jpg
https://gss1.bdstatic.com/-vo3dSag_xI4khGkpoWK1HF6hhy/baike/c0%3Dbaike92%2C5%2C5%2C92%2C30/sign=39f1d3e9f11f3a294ec5dd9cf84cd754/0b55b319ebc4b745f60cc521cefc1e178a821568.jpg
https://gss2.bdstatic.com/-fo3dSag_xI4khGkpoWK1HF6hhy/baike/c0%3Dbaike92%2C5%2C5%2C92%2C30/sign=8a0d19d88cb1cb132a643441bc3d3d2b/b8014a90f603738d17d27e15b21bb051f819ec69.jpg
https://gss0.bdstatic.com/-4o3dSag_xI4khGkpoWK1HF6hhy/baike/c0%3Dbaike92%2C5%2C5%2C92%2C30/sign=c4f39644ac4bd11310c0bf603bc6cf6a/242dd42a2834349b0f5d1cb2c8ea15ce36d3bea9.jpg
https://gss3.bdstatic.com/-Po3dSag_xI4khGkpoWK1HF6hhy/baike/c0%3Dbaike92%2C5%2C5%2C92%2C30/sign=62574d52b219ebc4d4757ecbe34fa499/c75c10385343fbf2a977d414b17eca8065388fa9.jpg
https://gss0.bdstatic.com/-4o3dSag_xI4khGkpoWK1HF6hhy/baike/c0%3Dbaike92%2C5%2C5%2C92%2C30/sign=2f6b84fafd039245b5b8e95de6fdcfa7/503d269759ee3d6db95ef5fc42166d224f4ade69.jpg
https://gss2.bdstatic.com/9fo3dSag_xI4khGkpoWK1HF6hhy/baike/c0%3Dbaike92%2C5%2C5%2C92%2C30/sign=5ff34d7c03087bf469e15fbb93ba3c49/8435e5dde71190ef34a0e0e8cf1b9d16fdfa60a9.jpg
https://gss2.bdstatic.com/-fo3dSag_xI4khGkpoWK1HF6hhy/baike/c0%3Dbaike92%2C5%2C5%2C92%2C30/sign=6b0b12fcb3fb43160e12722841cd2d46/5d6034a85edf8db19d750e530823dd54564e74a9.jpg
https://gss0.bdstatic.com/-4o3dSag_xI4khGkpoWK1HF6hhy/baike/c0%3Dbaike92%2C5%2C5%2C92%2C30/sign=16f3f41eeac4b7452099bf44ae957572/11385343fbf2b2118fb5f779cb8065380cd78e69.jpg
https://gss0.bdstatic.com/94o3dSag_xI4khGkpoWK1HF6hhy/baike/c0%3Dbaike92%2C5%2C5%2C92%2C30/sign=5b2bee703812b31bd361c57be7715d1f/ac345982b2b7d0a2245276aacaef76094b369a69.jpg
https://gss0.bdstatic.com/-4o3dSag_xI4khGkpoWK1HF6hhy/baike/c0%3Dbaike92%2C5%2C5%2C92%2C30/sign=2396ae23b999a9012f3853647cfc611e/37d12f2eb9389b50736492658435e5dde7116e69.jpg
https://gss3.bdstatic.com/-Po3dSag_xI4khGkpoWK1HF6hhy/baike/c0%3Dbaike92%2C5%2C5%2C92%2C30/sign=4c77d7e877c6a7efad2ba0749c93c434/5bafa40f4bfbfbed0002444879f0f736afc31fa9.jpg
https://gss1.bdstatic.com/-vo3dSag_xI4khGkpoWK1HF6hhy/baike/c0%3Dbaike92%2C5%2C5%2C92%2C30/sign=6fe0b518bf096b63951456026d5aec21/6d81800a19d8bc3ed49374fd838ba61ea8d34569.jpg
https://gss3.bdstatic.com/-Po3dSag_xI4khGkpoWK1HF6hhy/baike/c0%3Dbaike92%2C5%2C5%2C92%2C30/sign=4d75923eb7003af359b7d4325443ad39/3ac79f3df8dcd100c1078a16738b4710b9122f69.jpg
https://gss2.bdstatic.com/-fo3dSag_xI4khGkpoWK1HF6hhy/baike/c0%3Dbaike92%2C5%2C5%2C92%2C30/sign=9752d00d314e251ff6faecaac6efa272/e824b899a9014c08b8605a920b7b02087bf4f4aa.jpg
https://gss1.bdstatic.com/-vo3dSag_xI4khGkpoWK1HF6hhy/baike/c0%3Dbaike92%2C5%2C5%2C92%2C30/sign=147138396609c93d13ff06a5fe5493b9/03087bf40ad162d92fb5102b10dfa9ec8a13cdaa.jpg
https://gss3.bdstatic.com/7Po3dSag_xI4khGkpoWK1HF6hhy/baike/c0%3Dbaike92%2C5%2C5%2C92%2C30/sign=2a77358c4610b912abccfeaca2949766/63d0f703918fa0ecef9c163a279759ee3d6ddbaa.jpg
https://gss1.bdstatic.com/9vo3dSag_xI4khGkpoWK1HF6hhy/baike/c0%3Dbaike92%2C5%2C5%2C92%2C30/sign=2c93a2dae61190ef15f69a8daf72f673/72f082025aafa40fe25dbceaaa64034f78f01969.jpg
https://gss1.bdstatic.com/-vo3dSag_xI4khGkpoWK1HF6hhy/baike/c0%3Dbaike92%2C5%2C5%2C92%2C30/sign=39f2d3e9f11f3a294ec5dd9cf84cd754/0b55b319ebc4b745f60fc521cefc1e178a821569.jpg
https://gss1.bdstatic.com/9vo3dSag_xI4khGkpoWK1HF6hhy/baike/c0%3Dbaike92%2C5%2C5%2C92%2C30/sign=0ab50e530823dd54357eaf3ab060d8bb/728da9773912b31b71f7bf1e8718367adab4e16a.jpg
https://gss2.bdstatic.com/-fo3dSag_xI4khGkpoWK1HF6hhy/baike/c0%3Dbaike92%2C5%2C5%2C92%2C30/sign=bd03444879f0f736ccf344536b3cd87c/b7003af33a87e950234d815b11385343fbf2b4aa.jpg
https://gss2.bdstatic.com/-fo3dSag_xI4khGkpoWK1HF6hhy/baike/c0%3Dbaike92%2C5%2C5%2C92%2C30/sign=6cf7b104728da9775a228e79d138937c/96dda144ad34598294d097a50df431adcbef84aa.jpg

https://gss1.bdstatic.com/-vo3dSag_xI4khGkpoWK1HF6hhy/baike/c0%3Dbaike92%2C5%2C5%2C92%2C30/sign=871b13e0e5fe9925df01610255c135ba/b64543a98226cffca325b497bc014a90f603ea8c.jpg
https://gss0.bdstatic.com/94o3dSag_xI4khGkpoWK1HF6hhy/baike/c0%3Dbaike92%2C5%2C5%2C92%2C30/sign=9600f45eb4003af359b7d4325443ad39/3ac79f3df8dcd1001a72ec76708b4710b8122ffe.jpg
