
https://gss0.bdstatic.com/94o3dSag_xI4khGkpoWK1HF6hhy/baike/c0%3Dbaike150%2C5%2C5%2C150%2C50/sign=031d7db58d1001e95a311c5dd9671089/8cb1cb13495409237d8557229258d109b2de49f9.jpg
https://gss2.bdstatic.com/9fo3dSag_xI4khGkpoWK1HF6hhy/baike/c0%3Dbaike92%2C5%2C5%2C92%2C30/sign=ed9b21c8462309f7f362a54013676796/48540923dd54564e3089d065b3de9c82d0584ff9.jpg
https://gss3.bdstatic.com/-Po3dSag_xI4khGkpoWK1HF6hhy/baike/c0%3Dbaike80%2C5%2C5%2C80%2C26/sign=33f373620cf3d7ca18fb37249376d56c/cdbf6c81800a19d817efb05933fa828ba71e46f9.jpg
https://gss1.bdstatic.com/-vo3dSag_xI4khGkpoWK1HF6hhy/baike/c0%3Dbaike220%2C5%2C5%2C220%2C73/sign=7ae2f9b0d100baa1ae214fe92679d277/e7cd7b899e510fb3eafb43cbd933c895d0430c8f.jpg
https://gss3.bdstatic.com/7Po3dSag_xI4khGkpoWK1HF6hhy/baike/c0%3Dbaike150%2C5%2C5%2C150%2C50/sign=5353d034ccbf6c81e33a24badd57da50/9345d688d43f87946b137c72d21b0ef41ad53af9.jpg
https://gss1.bdstatic.com/-vo3dSag_xI4khGkpoWK1HF6hhy/baike/c0%3Dbaike92%2C5%2C5%2C92%2C30/sign=c9e39329d688d43fe4a499a01c77b97e/58ee3d6d55fbb2fb76f66c4e4f4a20a44723dc88.jpg
https://gss0.bdstatic.com/-4o3dSag_xI4khGkpoWK1HF6hhy/baike/c0%3Dbaike150%2C5%2C5%2C150%2C50/sign=b999d07f73f08202399f996d2a929088/b21c8701a18b87d633ad9f43070828381e30fdfa.jpg
https://gss0.bdstatic.com/-4o3dSag_xI4khGkpoWK1HF6hhy/baike/c0%3Dbaike116%2C5%2C5%2C116%2C38/sign=e61b427a6d224f4a43947b41689efb37/d52a2834349b033b0f55c88615ce36d3d439bd88.jpg
https://gss1.bdstatic.com/9vo3dSag_xI4khGkpoWK1HF6hhy/baike/c0%3Dbaike150%2C5%2C5%2C150%2C50/sign=82c9b13df8198618554ae7d62b844516/a1ec08fa513d2697683c3c0155fbb2fb4216d8fa.jpg
https://gss0.bdstatic.com/-4o3dSag_xI4khGkpoWK1HF6hhy/baike/c0%3Dbaike150%2C5%2C5%2C150%2C50/sign=6d17913e9822720e6fc3eaa81aa26123/5243fbf2b2119313d49ecbec65380cd790238d88.jpg
https://gss3.bdstatic.com/7Po3dSag_xI4khGkpoWK1HF6hhy/baike/c0%3Dbaike150%2C5%2C5%2C150%2C50/sign=a1fd066428381f308a1485fbc868276d/91529822720e0cf3e8187aa70a46f21fbf09aafa.jpg
https://gss0.bdstatic.com/-4o3dSag_xI4khGkpoWK1HF6hhy/baike/c0%3Dbaike180%2C5%2C5%2C180%2C60/sign=a3d190e3a0ec08fa320d1bf538875608/d52a2834349b033b0f67c88615ce36d3d439bdfa.jpg
https://gss1.bdstatic.com/9vo3dSag_xI4khGkpoWK1HF6hhy/baike/c0%3Dbaike92%2C5%2C5%2C92%2C30/sign=037da5634bfbfbedc8543e2d19999c53/c8ea15ce36d3d539efd23b9f3a87e950342ab0fa.jpg
https://gss2.bdstatic.com/9fo3dSag_xI4khGkpoWK1HF6hhy/baike/c0%3Dbaike92%2C5%2C5%2C92%2C30/sign=809b03647bf40ad101e9cfb136457aba/e4dde71190ef76c62d0fcf779d16fdfaae516788.jpg
https://gss2.bdstatic.com/-fo3dSag_xI4khGkpoWK1HF6hhy/baike/c0%3Dbaike92%2C5%2C5%2C92%2C30/sign=40a8dbd84aed2e73e8e48e7ee668caee/77094b36acaf2eddd51e7db58d1001e9380193fa.jpg
https://gss1.bdstatic.com/-vo3dSag_xI4khGkpoWK1HF6hhy/baike/c0%3Dbaike92%2C5%2C5%2C92%2C30/sign=5fffbf656b63f62408503151e62d809d/810a19d8bc3eb1359e1a83e7a61ea8d3fc1f4488.jpg
https://gss1.bdstatic.com/9vo3dSag_xI4khGkpoWK1HF6hhy/baike/c0%3Dbaike150%2C5%2C5%2C150%2C50/sign=56f1918376c6a7efad2ba0749c93c434/32fa828ba61ea8d34cff4058970a304e241f5888.jpg

https://gss2.bdstatic.com/-fo3dSag_xI4khGkpoWK1HF6hhy/baike/c0%3Dbaike80%2C5%2C5%2C80%2C26/sign=6c8233894a90f60310bd9415587bd87e/ac345982b2b7d0a2eaf4bb25cbef76094b369a4d.jpg
https://gss3.bdstatic.com/7Po3dSag_xI4khGkpoWK1HF6hhy/baike/crop%3D0%2C0%2C1600%2C1062%3Bc0%3Dbaike180%2C5%2C5%2C180%2C60/sign=3291c0d573f0820239ddcb7f76cbd7dd/bd3eb13533fa828b39c4b915fd1f4134960a5a64.jpg
https://gss0.bdstatic.com/-4o3dSag_xI4khGkpoWK1HF6hhy/baike/c0%3Dbaike80%2C5%2C5%2C80%2C26/sign=e4fe5f99533d26973ade000f3492d99e/bd315c6034a85edfc9a39c704b540923dd5475b1.jpg
https://gss2.bdstatic.com/9fo3dSag_xI4khGkpoWK1HF6hhy/baike/c0%3Dbaike80%2C5%2C5%2C80%2C26/sign=ae7f2b675bb5c9ea76fe0bb1b450dd65/71cf3bc79f3df8dc4be492fdcd11728b46102884.jpg
https://gss3.bdstatic.com/7Po3dSag_xI4khGkpoWK1HF6hhy/baike/c0%3Dbaike92%2C5%2C5%2C92%2C30/sign=7036c490d100baa1ae214fe92679d277/10dfa9ec8a1363278ddbcb4f918fa0ec08fac79c.jpg
https://gss0.bdstatic.com/94o3dSag_xI4khGkpoWK1HF6hhy/baike/c0%3Dbaike80%2C5%2C5%2C80%2C26/sign=ee640b0df5246b606f03ba268a917129/838ba61ea8d3fd1f1159f764334e251f95ca5f1f.jpg

https://gss2.bdstatic.com/-fo3dSag_xI4khGkpoWK1HF6hhy/baike/c0%3Dbaike92%2C5%2C5%2C92%2C30/sign=91bd03ae8326cffc7d27b7e0d86821f5/b3119313b07eca8043c04cd0902397dda144833b.jpg
https://gss2.bdstatic.com/9fo3dSag_xI4khGkpoWK1HF6hhy/baike/c0%3Dbaike92%2C5%2C5%2C92%2C30/sign=bd113bcc0b46f21fdd395601974d0005/d058ccbf6c81800a7303fc39b03533fa828b4726.jpg
https://gss0.bdstatic.com/-4o3dSag_xI4khGkpoWK1HF6hhy/baike/c0%3Dbaike92%2C5%2C5%2C92%2C30/sign=54ef749c023b5bb5aada28ac57babe5c/a686c9177f3e6709b5e630c83ac79f3df8dc5526.jpg
https://gss3.bdstatic.com/7Po3dSag_xI4khGkpoWK1HF6hhy/baike/c0%3Dbaike92%2C5%2C5%2C92%2C30/sign=6e8b752dc75c10383073c690d378f876/cc11728b4710b9124f2783c9c2fdfc0392452226.jpg
https://gss3.bdstatic.com/7Po3dSag_xI4khGkpoWK1HF6hhy/baike/c0%3Dbaike92%2C5%2C5%2C92%2C30/sign=ffda32090df3d7ca18fb37249376d56c/d009b3de9c82d158ab472c86810a19d8bc3e423b.jpg
https://gss1.bdstatic.com/-vo3dSag_xI4khGkpoWK1HF6hhy/baike/c0%3Dbaike92%2C5%2C5%2C92%2C30/sign=ebd20b31adaf2eddc0fc41bbec796a8c/b7fd5266d016092436c3d72cd50735fae6cd3426.jpg
https://gss3.bdstatic.com/-Po3dSag_xI4khGkpoWK1HF6hhy/baike/c0%3Dbaike92%2C5%2C5%2C92%2C30/sign=84f5f93f9a504fc2b652b85784b48c74/d833c895d143ad4b7ac833f783025aafa40f0626.jpg
https://gss2.bdstatic.com/-fo3dSag_xI4khGkpoWK1HF6hhy/baike/c0%3Dbaike92%2C5%2C5%2C92%2C30/sign=4ec47a2e2cf5e0fefa1581533d095fcd/eac4b74543a9822671275e108b82b9014a90eb27.jpg

https://gss3.bdstatic.com/7Po3dSag_xI4khGkpoWK1HF6hhy/baike/c0%3Dbaike80%2C5%2C5%2C80%2C26/sign=8e8d0cadb051f819e5280b18bbdd2188/caef76094b36acaf99421c7a7cd98d1000e99c92.jpg
https://gss3.bdstatic.com/-Po3dSag_xI4khGkpoWK1HF6hhy/baike/c0%3Dbaike80%2C5%2C5%2C80%2C26/sign=64eedda18a82b90129a0cb6112e4c212/96dda144ad34598219a513140cf431adcbef840d.jpg
https://gss0.bdstatic.com/94o3dSag_xI4khGkpoWK1HF6hhy/baike/c0%3Dbaike80%2C5%2C5%2C80%2C26/sign=2a500a4a1e178a82da3177f2976a18e8/902397dda144ad34f1f47701d0a20cf430ad85e9.jpg
https://gss1.bdstatic.com/9vo3dSag_xI4khGkpoWK1HF6hhy/baike/c0%3Dbaike80%2C5%2C5%2C80%2C26/sign=c3cc61b94bfbfbedc8543e2d19999c53/b7003af33a87e950ac4903ea10385343faf2b4de.jpg
https://gss0.bdstatic.com/94o3dSag_xI4khGkpoWK1HF6hhy/baike/c0%3Dbaike80%2C5%2C5%2C80%2C26/sign=da1113a9be096b63951456026d5aec21/b03533fa828ba61e78841ca94134970a314e59ca.jpg
https://gss2.bdstatic.com/9fo3dSag_xI4khGkpoWK1HF6hhy/baike/c0%3Dbaike80%2C5%2C5%2C80%2C26/sign=08bf2c4a1e178a82da3177f2976a18e8/902397dda144ad34d31b5101d0a20cf430ad8594.jpg
https://gss0.bdstatic.com/-4o3dSag_xI4khGkpoWK1HF6hhy/baike/c0%3Dbaike80%2C5%2C5%2C80%2C26/sign=a3a0be7479310a55d029d6a6d62c28cc/5243fbf2b2119313e4e8db3765380cd790238d89.jpg
https://gss1.bdstatic.com/9vo3dSag_xI4khGkpoWK1HF6hhy/baike/c0%3Dbaike80%2C5%2C5%2C80%2C26/sign=c4dea04c43166d222c7a1dc6274a6292/48540923dd54564e037dc3beb3de9c82d1584f18.jpg
https://gss1.bdstatic.com/-vo3dSag_xI4khGkpoWK1HF6hhy/baike/c0%3Dbaike80%2C5%2C5%2C80%2C26/sign=6aabfa93b899a9012f3853647cfc611e/4ec2d5628535e5dd928a835876c6a7efcf1b6296.jpg
https://gss3.bdstatic.com/7Po3dSag_xI4khGkpoWK1HF6hhy/baike/c0%3Dbaike80%2C5%2C5%2C80%2C26/sign=2666ef00d0a20cf4529df68d17602053/80cb39dbb6fd5266aff25493ab18972bd507365f.jpg
https://gss3.bdstatic.com/7Po3dSag_xI4khGkpoWK1HF6hhy/baike/c0%3Dbaike80%2C5%2C5%2C80%2C26/sign=520b8e7fa786c9171c0e5a6ba8541baa/7af40ad162d9f2d390ed4e68a9ec8a136227ccbd.jpg
https://gss3.bdstatic.com/7Po3dSag_xI4khGkpoWK1HF6hhy/baike/c0%3Dbaike80%2C5%2C5%2C80%2C26/sign=6fb55e9e2df5e0fefa1581533d095fcd/cefc1e178a82b901d53a92b4738da9773812efa6.jpg
https://gss0.bdstatic.com/94o3dSag_xI4khGkpoWK1HF6hhy/baike/c0%3Dbaike80%2C5%2C5%2C80%2C26/sign=a22723a7b912c8fca0fefe9f9d6af920/503d269759ee3d6d8557d64c43166d224e4adea0.jpg
https://gss1.bdstatic.com/9vo3dSag_xI4khGkpoWK1HF6hhy/baike/c0%3Dbaike80%2C5%2C5%2C80%2C26/sign=5cdab8a473f08202399f996d2a929088/c8ea15ce36d3d539479153443a87e950342ab08d.jpg
https://gss0.bdstatic.com/94o3dSag_xI4khGkpoWK1HF6hhy/baike/c0%3Dbaike80%2C5%2C5%2C80%2C26/sign=2192c4fcd11373f0e13267cdc566209e/5ab5c9ea15ce36d325e8dfb73af33a87e850b14d.jpg
https://gss2.bdstatic.com/-fo3dSag_xI4khGkpoWK1HF6hhy/baike/c0%3Dbaike80%2C5%2C5%2C80%2C26/sign=3748d95b8a13632701e0ca61f0e6cb89/8d5494eef01f3a290b6290499925bc315d607c8a.jpg
https://gss3.bdstatic.com/7Po3dSag_xI4khGkpoWK1HF6hhy/baike/c0%3Dbaike80%2C5%2C5%2C80%2C26/sign=56e8ccb97bec54e755e1124cd851f035/43a7d933c895d143da9ca5a473f082025baf074a.jpg
https://gss0.bdstatic.com/-4o3dSag_xI4khGkpoWK1HF6hhy/baike/c0%3Dbaike80%2C5%2C5%2C80%2C26/sign=2763db182edda3cc1fe9b07260805264/962bd40735fae6cd17dce9e60fb30f2443a70fc8.jpg
https://gss2.bdstatic.com/9fo3dSag_xI4khGkpoWK1HF6hhy/baike/c0%3Dbaike80%2C5%2C5%2C80%2C26/sign=aa0708b90cf3d7ca18fb37249376d56c/cdbf6c81800a19d88e1bcb8233fa828ba61e4618.jpg
https://gss3.bdstatic.com/7Po3dSag_xI4khGkpoWK1HF6hhy/baike/c0%3Dbaike80%2C5%2C5%2C80%2C26/sign=7a710e3c4710b912abccfeaca2949766/09fa513d269759ee8a0d294cb2fb43166c22dfdc.jpg
https://gss3.bdstatic.com/7Po3dSag_xI4khGkpoWK1HF6hhy/baike/c0%3Dbaike80%2C5%2C5%2C80%2C26/sign=d922edd70c33874488c8272e3066b29c/a9d3fd1f4134970a1f48a3a895cad1c8a7865d79.jpg
https://gss2.bdstatic.com/9fo3dSag_xI4khGkpoWK1HF6hhy/baike/c0%3Dbaike80%2C5%2C5%2C80%2C26/sign=42cf7eae8618367ab984778f4f1ae0b1/4a36acaf2edda3cc8e470ba701e93901203f9292.jpg
https://gss2.bdstatic.com/-fo3dSag_xI4khGkpoWK1HF6hhy/baike/c0%3Dbaike80%2C5%2C5%2C80%2C26/sign=b6678f4d513d26973ade000f3492d99e/bd315c6034a85edf9b3a4ca449540923dc547586.jpg
https://gss3.bdstatic.com/7Po3dSag_xI4khGkpoWK1HF6hhy/baike/c0%3Dbaike80%2C5%2C5%2C80%2C26/sign=ed2a5ba10924ab18f41be96554938da8/f7246b600c33874454b491fb510fd9f9d62aa0c0.jpg
https://gss2.bdstatic.com/9fo3dSag_xI4khGkpoWK1HF6hhy/baike/c0%3Dbaike80%2C5%2C5%2C80%2C26/sign=0693938c5bb5c9ea76fe0bb1b450dd65/71cf3bc79f3df8dce3082a16cd11728b4710287b.jpg
https://gss0.bdstatic.com/94o3dSag_xI4khGkpoWK1HF6hhy/baike/c0%3Dbaike80%2C5%2C5%2C80%2C26/sign=a02fb1a895cad1c8c4b6f4751e570c6c/0b7b02087bf40ad1f2b86664572c11dfa8eccedd.jpg
https://gss3.bdstatic.com/-Po3dSag_xI4khGkpoWK1HF6hhy/baike/c0%3Dbaike80%2C5%2C5%2C80%2C26/sign=031ca22c033b5bb5aada28ac57babe5c/c83d70cf3bc79f3dd3f447b7baa1cd11728b291b.jpg
https://gss0.bdstatic.com/94o3dSag_xI4khGkpoWK1HF6hhy/baike/c0%3Dbaike80%2C5%2C5%2C80%2C26/sign=5877ad4d513d26973ade000f3492d99e/bd315c6034a85edf752a6ea449540923dc547597.jpg
https://gss2.bdstatic.com/9fo3dSag_xI4khGkpoWK1HF6hhy/baike/c0%3Dbaike80%2C5%2C5%2C80%2C26/sign=0b2a6d5876094b36cf9f13bfc2a517bc/d1160924ab18972bee80934de6cd7b899f510afa.jpg
https://gss3.bdstatic.com/-Po3dSag_xI4khGkpoWK1HF6hhy/baike/c0%3Dbaike80%2C5%2C5%2C80%2C26/sign=d054e875d562853586edda73f1861da3/83025aafa40f4bfbb0e90cd3034f78f0f736187f.jpg

https://gss2.bdstatic.com/-fo3dSag_xI4khGkpoWK1HF6hhy/baike/c0%3Dbaike92%2C5%2C5%2C92%2C30/sign=3bcc1985b3b7d0a26fc40ccfaa861d6c/0ff41bd5ad6eddc4c722c1cc38dbb6fd5266333b.jpg
https://gss3.bdstatic.com/-Po3dSag_xI4khGkpoWK1HF6hhy/baike/c0%3Dbaike92%2C5%2C5%2C92%2C30/sign=2ee841ee3801213fdb3e468e358e5db4/d50735fae6cd7b893da94fb40e2442a7d9330e3b.jpg
https://gss1.bdstatic.com/-vo3dSag_xI4khGkpoWK1HF6hhy/baike/c0%3Dbaike92%2C5%2C5%2C92%2C30/sign=9ae5270ec83d70cf58f7a25f99b5ba65/7af40ad162d9f2d3b2f751d8a8ec8a136327cc27.jpg

https://gss1.bdstatic.com/9vo3dSag_xI4khGkpoWK1HF6hhy/baike/c0%3Dbaike80%2C5%2C5%2C80%2C26/sign=05d8d242d788d43fe4a499a01c77b97e/42166d224f4a20a4bff849f091529822720ed027.jpg

https://gss0.bdstatic.com/-4o3dSag_xI4khGkpoWK1HF6hhy/baike/c0%3Dbaike150%2C5%2C5%2C150%2C50/sign=8c7a8184e924b899ca31716a0f6f76f0/730e0cf3d7ca7bcbae046cabbe096b63f624a833.jpg
https://gss1.bdstatic.com/-vo3dSag_xI4khGkpoWK1HF6hhy/baike/c0%3Dbaike272%2C5%2C5%2C272%2C90/sign=af93fc6df2d3572c72ef948eeb7a0842/0df3d7ca7bcb0a46575d20bd6b63f6246b60af33.jpg
https://gss0.bdstatic.com/94o3dSag_xI4khGkpoWK1HF6hhy/baike/c0%3Dbaike180%2C5%2C5%2C180%2C60/sign=7ffe919042a7d933aba5ec21cc22ba76/f9198618367adab43aa0b0c78bd4b31c8601e4c6.jpg
https://gss2.bdstatic.com/-fo3dSag_xI4khGkpoWK1HF6hhy/baike/c0%3Dbaike150%2C5%2C5%2C150%2C50/sign=4f66262da9014c080d3620f76b12696d/d6ca7bcb0a46f21f184bf5d7f6246b600c33ae33.jpg
https://gss3.bdstatic.com/7Po3dSag_xI4khGkpoWK1HF6hhy/baike/c0%3Dbaike180%2C5%2C5%2C180%2C60/sign=0e43d2bc6e061d95694b3f6a1a9d61b4/7acb0a46f21fbe09cc2168906b600c338744ad33.jpg
https://gss2.bdstatic.com/9fo3dSag_xI4khGkpoWK1HF6hhy/baike/c0%3Dbaike180%2C5%2C5%2C180%2C60/sign=30ea4787c895d143ce7bec711299e967/377adab44aed2e73f9992da88701a18b86d6fac6.jpg

https://gss3.bdstatic.com/-Po3dSag_xI4khGkpoWK1HF6hhy/baike/c0%3Dbaike150%2C5%2C5%2C150%2C50/sign=519ce3d9be096b63951456026d5aec21/0dd7912397dda144f6ee4844b2b7d0a20df48664.jpg
https://gss3.bdstatic.com/7Po3dSag_xI4khGkpoWK1HF6hhy/baike/c0%3Dbaike180%2C5%2C5%2C180%2C60/sign=7a07f6d790ef76c6c4dff379fc7f969f/bd3eb13533fa828b39c4b915fd1f4134960a5a64.jpg
https://gss2.bdstatic.com/9fo3dSag_xI4khGkpoWK1HF6hhy/baike/c0%3Dbaike150%2C5%2C5%2C150%2C50/sign=1896a2dfebc4b7452099bf44ae957572/1c950a7b02087bf41812731ff2d3572c10dfcf4d.jpg
https://gss1.bdstatic.com/-vo3dSag_xI4khGkpoWK1HF6hhy/baike/c0%3Dbaike272%2C5%2C5%2C272%2C90/sign=ab1eb20a7cd98d1062d904634056d36b/8d5494eef01f3a29a836f1389925bc315d607c4d.jpg
