
http://www.iyanghua.com/f/guayeju/2009330210306_2.jpg	http://www.iyanghua.com/f/guayeju/
http://www.iyanghua.com/f/guayeju/200935200150_2.jpg	http://www.iyanghua.com/f/guayeju/
http://www.iqiya.com/uploadfile/article/64/1_hdumz__.jpg	http://www.iqiya.com/article/2015-06-22/64739.html
http://www.iyanghua.com/f/guayeju/2009318212004_2.jpg	http://www.iyanghua.com/f/guayeju/
http://a2.att.hudong.com/81/65/01300000201199122339657056544_s.jpg	http://www.baike.com/wiki/%E7%93%9C%E5%8F%B6%E8%8F%8A
http://img0.pchouse.com.cn/pchouse/1305/16/270111_gyq3.jpg	http://www.pchouse.com.cn/baike/shenghuo/1601/
http://www.baihuamen.com/d/file/2014/03-27/ac7f04a3094b975dbdf7816396dd6568.jpg	http://www.baihuamen.com/feizhoujin1/
http://www.iqiya.com/uploadfile/article/322/1_lxbrxx20140109_2301b9aadedbd3162fc2UB9Q8xFVp6ng.jpg	http://www.iqiya.com/article/2015-05-22/62679.html
http://img.wxrw123.com/201602/24/02/ys2yz4tylan.jpg	http://www.wxrw123.com/zw/20160309/212262.html
http://a2.att.hudong.com/86/65/01300000201199122339658887364_s.jpg	http://www.baike.com/wiki/%E7%93%9C%E5%8F%B6%E8%8F%8A
http://www.pjcn.org/uploads/allimg/1701/1-1F10H22211611.jpg	http://www.pjcn.org/gl/3201/
http://www.iyanghua.com/f/guayeju/2012312143418_2.jpg	http://www.iyanghua.com/f/guayeju/
http://pic20.nipic.com/20120411/294739_134830040000_2.jpg	http://www.nipic.com/show/1/44/5991309k975ab6a2.html
http://www.baihuamen.com/d/file/2014/03-27/05403455ab12f8c64629ffce7717a2a3.jpg	http://www.baihuamen.com/guayeju/
http://a3.att.hudong.com/40/21/01300000432684143219211924821_s.jpg	http://www.baike.com/wiki/%E7%93%9C%E5%8F%B6%E8%8F%8A
http://www.ynhmw.com/file/upload/201308/13/15-02-31-91-1.jpg	http://www.ynhmw.com/xuetang/show-2802.html
http://www.wanhonghuahui.com/uFile/44251/image/20167413526458.jpg	http://www.wanhonghuahui.com/m/product_view_71_157.html
http://image.meilele.com/images/upload/5(1667).jpg	http://blog.sina.com.cn/s/blog_5af09b840102eixc.html
http://www.flowercn.net/FlowerIntroduce/UploadFiles_5489/200608/20060822142531348.jpg	http://www.flowercn.net/FlowerIntroduce/caohua/15621.shtml
http://www.baihuamen.com/d/file/2014/03-27/941b1ae3fc53a1b94d46bd2ce827b950.jpg	http://www.baihuamen.com/feizhoujin1/
http://img0.dreamhy.com/upload/20130203/1101458405.jpg	http://www.dreamhy.com/meitu/detail-1501.aspx
http://pic18.nipic.com/20111204/4224370_072628932000_2.jpg	http://www.nipic.com/show/5447787.html
http://img14.3lian.com/201512/10/75cdeeb46df5de2a56c886467c3d7e43.jpg	http://www.3lian.com/zl/2015/12-10/391968.html
http://pic20.nipic.com/20120411/294739_134533627000_2.jpg	http://www.nipic.com/show/1/44/5991345k5affac4d.html
http://pic19.nipic.com/20120207/9114602_083933078000_2.jpg	http://www.nipic.com/zhuanti/1075000.html
http://www.bm8.com.cn/flower/photo/%E7%93%9C%E5%8F%B6%E8%8F%8A.jpg	http://www.bm8.com.cn/flower/show.asp?id=48
http://img01.hua.com/uploadpic/images/20162291421494803302.jpg	http://www.hua.com/huayu/14842.html
http://p.d1xz.net/2014/5/6/134848284828.jpg	http://3g.d1xz.net/astro/huayu/art47797.aspx
http://www.chinabaike.com/uploads/allimg/151007/13453T044-0.jpg	http://www.chinabaike.com/t/9509/2015/1007/3503233.html
http://www.ailianshuo.net/uploads/caoben/guayeju/guayeju_04.jpg	http://www.ailianshuo.net/caobenhuahui/527/
https://www.huabaike.com/uploads/allimg/sltimg/201603/56f4cca689417.jpg	https://www.huabaike.com/cbzw/2167.html
https://gss0.bdstatic.com/-4o3dSag_xI4khGkpoWK1HF6hhy/baike/w%3D400/sign=c571d15e8213632715edc333a18ea056/242dd42a2834349bd7952307c1ea15ce37d3bea5.jpg	https://baike.baidu.com/item/%E7%93%9C%E5%8F%B6%E8%8F%8A
http://pic13.nipic.com/20101110/6168255_174221005391_2.jpg	http://www.nipic.com/show/1/44/4381280k9ce16d8a.html
http://cdn.nongshiye.com/uploadfile/2015/0404/20150404033606425.jpg	http://www.nongshiye.com/index.php?m=content&c=index&a=show&catid=17&id=151
https://www.huabaike.com/uploads/allimg/artimg/201612/20161226164125_58002.jpg	https://www.huabaike.com/hyjk/6483.html
http://a2.att.hudong.com/46/24/01300000432684143219245278274_s.jpg	http://www.baike.com/wiki/%E7%93%9C%E5%8F%B6%E8%8F%8A
http://a4.att.hudong.com/46/64/01300000201199122339649756280.jpg	http://tupian.baike.com/a4_46_64_01300000201199122339649756280_jpg.html
http://www.iyanghua.com/f/guayeju/20131122184400_2.jpg	http://www.iyanghua.com/f/guayeju/
http://www.kaihuala.com/uploads/allimg/140423/1-140423161118.jpg	http://www.kaihuala.com/tupian/guanhua/1857.html
http://www.kaihuala.com/uploads/allimg/140423/1-140423161113.jpg	http://www.kaihuala.com/tupian/guanhua/1857.html
https://upload.wikimedia.org/wikipedia/commons/2/2c/Cineraria.jpg	https://zh.wikipedia.org/wiki/%E7%93%9C%E5%8F%B6%E8%8F%8A
http://pic20.nipic.com/20120411/294739_134938109000_2.jpg	http://www.nipic.com/show/1/44/5992037kb2cf1da8.html
http://opic.tbscache.com/manage/articles/2014/07-23/8C7311D2-3FDA-1C5F-DC08-22C675D7C61A.jpg	http://baike.tobosu.com/view/15071.html
http://www.baihuamen.com/d/file/2014/03-27/0c572fbf275bcebb504872805e9cb693.jpg	http://www.baihuamen.com/feizhoujin1/
http://img0.pchouse.com.cn/pchouse/1305/16/270110_gyq2.jpg	http://www.pchouse.com.cn/baike/shenghuo/1601/
http://pic9.nipic.com/20100914/5710937_220231445766_2.jpg	http://www.nipic.com/show/1/44/3683284k31c01fb8.html
https://www.huabaike.com/uploads/allimg/artimg/201703/20170319171303_95259.jpg	https://www.huabaike.com/yhjq/7793.html
https://www.huabaike.com/uploads/allimg/sltimg/201703/58ce4ace8b556.jpg	https://www.huabaike.com/yhjq/7793.html
http://img0.pchouse.com.cn/pchouse/1305/16/270106_gyq1.jpg	http://www.pchouse.com.cn/baike/shenghuo/1601/
http://www.pjcn.org/uploads/allimg/1701/1-1F10H21535260.jpg	http://www.pjcn.org/gl/3201/
http://www.wsm.cn/uploads/allimg/170601/45-1F601095300-50.jpg	http://m.wsm.cn/zhiwu/guanhuazhiwu/54328.html
http://www.wsm.cn/uploads/allimg/170601/45-1F601095258-50.jpg	http://m.wsm.cn/zhiwu/guanhuazhiwu/54328.html
http://pic4.55jia.net/fengshuizhiwu/54/a68214.jpg	http://www.55jia.net/75/260322.html
http://www.ti29.com/tu/385349.jpg	http://www.ti29.com/hua/1432.html
http://www.chinabaike.com/uploads/allimg/151007/13453U9A-2.jpg	http://www.chinabaike.com/t/9509/2015/1007/3503233.html
http://www.baihuamen.com/d/file/2014/03-27/e3c60054aa2e738a22eeb032ff5f468f.jpg	http://www.baihuamen.com/feizhoujin1/
http://www.cnhua.net/uploads/allimg/090720/1JU1A42-0.JPG	http://www.cnhua.net/zhiwu/juke/guayeju/
http://www.baihuamen.com/d/file/2014/03-27/6cfbc00a456705d7d38006086e756829.jpg	http://www.baihuamen.com/feizhoujin1/
http://www.zhiwutong.com/upload/Image/129292059155625000.jpg	http://www.zhiwutong.com/yanghua/2010-08/38614.htm
http://s6.sinaimg.cn/middle/66019f9enb0fbf9239f95&690	http://blog.sina.com.cn/s/blog_66019f9e0100r6g6.html
http://www.cnhua.net/uploads/090720/1_174200_1.jpg	http://www.cnhua.net/zhiwu/juke/guayeju/
http://www.pjcn.org/uploads/allimg/1611/1-16111H246101F.jpg	http://www.pjcn.org/gl/2816/
https://www.huabaike.com/uploads/allimg/sltimg/201703/58d0d9d6c3084.jpg	https://www.huabaike.com/jtyh/7813.html
http://a3.att.hudong.com/36/09/20300001220069146764093915155_s.jpg	http://www.baike.com/wiki/%E5%AE%9D%E8%93%9D%E7%93%9C%E5%8F%B6%E8%8F%8A
https://9.share.photo.xuite.net/lansan8888/19e6c26/10391866/478761964_m.jpg	http://blog.xuite.net/lansan8888/lansan/127081075-%E5%96%9C%E6%B0%A3%E6%B4%8B%E6%B4%8B%E7%9A%84%E5%AF%8C%E8%B2%B4%E8%8F%8A+--%E7%93%9C%E8%91%89%E8%8F%8A
http://www.1nongjing.com/uploads/allimg/150420/886-150420150401118.jpg	http://m.1nongjing.com/a/201504/82958.html
https://www.huabaike.com/uploads/allimg/artimg/201703/20170319171212_31239.jpg	https://www.huabaike.com/yhjq/7793.html
http://www.iqiya.com/uploadfile/article/64/1_hih75__.jpg	http://www.iqiya.com/article/2015-06-22/64739.html
http://www.baihuamen.com/d/file/2014/03-27/25ccf3dfd6f7235481b7dfbfcd7746fc.jpg	http://www.baihuamen.com/guayeju/
http://map1.zw3e.com:8080/zw_news_map/550/2017022/1487051666221330517.jpg	http://www.zw3e.com/110/
https://www.huabaike.com/uploads/allimg/artimg/201612/20161226164113_76851.jpg	https://www.huabaike.com/hyjk/6483.html
http://pic4.55jia.net/fengshuizhiwu/48/a372475.jpg	http://www.55jia.net/75/332445.html
http://img0.pchouse.com.cn/pchouse/baike/decorate/1306/35474.jpg	http://www.pchouse.com.cn/baike/shenghuo/1601/
http://img.aihuahui.com/d/2016/12/5865ce3b2ed97.jpg	http://www.aihuahui.com/huahuizhishi/yanghuajiqiao/3985.html
http://pic20.nipic.com/20120411/294739_134537962000_2.jpg	http://www.nipic.com/show/1/44/5991342k2b980260.html
https://www.huabaike.com/uploads/allimg/sltimg/201703/58d0dc2d8d848.jpg	https://www.huabaike.com/yhjq/7819.html
http://zixun.rrs.com/uploads/allimg/140918/1343355423-2.jpg	http://zixun.rrs.com/jiashigonglue/2480.html
http://www.wsm.cn/uploads/allimg/170601/45-1F601095258.jpg	http://m.wsm.cn/zhiwu/guanhuazhiwu/54328.html
http://pic20.nipic.com/20120405/6863287_004208114156_2.jpg	http://www.nipic.com/show/1/44/5959639k83b9a987.html
https://www.huabaike.com/uploads/allimg/sltimg/201612/5864cc57780a3.jpg	https://www.huabaike.com/yhjq/7819.html
http://pic13.nipic.com/20110316/4224370_201539136140_2.jpg	http://www.nipic.com/show/1/44/4343449k52d980e8.html
http://zixun.rrs.com/uploads/allimg/140918/13433520c-0.jpg	http://zixun.rrs.com/jiashigonglue/2480.html
http://www.wdptj.com/wp-content/uploads/2014/10/%E7%93%9C%E5%8F%B6%E8%8F%8A1.jpg	http://www.wdptj.com/guayeju/
http://www.52yhua.com/uploads/allimg/161022/1-161022215404.jpg	http://www.52yhua.com/zhuanti/6220.html
http://image.meilele.com/images/upload/6(847).jpg	http://blog.sina.com.cn/s/blog_5af09b840102eixc.html
http://www.dizhuyi.com/uploads/dzy/PHvB1474379806_720x960.jpg	http://www.dizhuyi.com/activity/detail?token=s74rK9I7
http://www.52yhua.com/uploads/allimg/161022/1-161022215409.jpg	http://www.52yhua.com/zhuanti/6220.html
http://www.52yhua.com/uploads/allimg/170629/1-1F62Z00255.jpg	http://www.52yhua.com/juke/7620.html
http://www.chinabaike.com/uploads/allimg/151007/13453R425-1.jpg	http://www.chinabaike.com/t/9509/2015/1007/3503233.html
http://img.zwbk.org/baike/spic/2010/12/16/20101216110843548_9430.jpg	http://m.zwbk.org/lemma/96485
http://tupian.enterdesk.com/uploadfile/2015/0305/20150305023351972.jpeg	http://tu.enterdesk.com/pic/23928.html
http://www.52yhua.com/uploads/allimg/161022/1-161022215403.jpg	http://www.52yhua.com/zhuanti/6220.html
http://2.bp.blogspot.com/-MuB1Vlc2fow/U7bNqDljIFI/AAAAAAAAbn8/0H5xgJfpipE/s1600/P1660507.JPG	http://purplewhee.blogspot.com/2013/03/blog-post_17.html
http://img01.hua.com/uploadpic/images/20162291421337078021.jpg	http://www.hua.com/huayu/14842.html
https://cdn.huaniaoy.cn/20160123/original/1453511910732.jpg@!pic280zw	https://www.huaniaoy.com/yangzhifangfa/730/
http://opic.tbscache.com/manage/articles/2014/07-16/04A20C4D-1AED-E3F9-772E-F1DE7F4E24D5.jpg	http://www.tobosu.com/article/2014-08-08/114522.html
https://cdn.huaniaoy.cn/20160123/original/1453511912594.jpg@!pic280zw	https://www.huaniaoy.com/yangzhifangfa/730/
http://s9.sinaimg.cn/middle/66019f9enb0fbe0063578&690	http://blog.sina.com.cn/s/blog_66019f9e0100r6g6.html
http://www.cnhua.net/uploads/allimg/090720/1JA163S-0.JPG	http://www.cnhua.net/zhiwu/juke/guayeju/
http://www.pjcn.org/uploads/allimg/1611/1-16111H20919600.jpg	http://www.pjcn.org/hy/2809/
