
https://gss2.bdstatic.com/9fo3dSag_xI4khGkpoWK1HF6hhy/baike/c0%3Dbaike92%2C5%2C5%2C92%2C30/sign=b69e2ae0f51f3a294ec5dd9cf84cd754/0b55b319ebc4b74579633c28cafc1e178a82151c.jpg
https://gss3.bdstatic.com/-Po3dSag_xI4khGkpoWK1HF6hhy/baike/crop%3D0%2C1%2C500%2C330%3Bc0%3Dbaike80%2C5%2C5%2C80%2C26/sign=ec585b7873310a55d06b84b48a756f98/267f9e2f07082838045e1d9fb299a9014d08f1ee.jpg

https://gss0.bdstatic.com/94o3dSag_xI4khGkpoWK1HF6hhy/baike/c0%3Dbaike220%2C5%2C5%2C220%2C73/sign=ea7b8cafebc4b7452099bf44ae957572/b999a9014c086e06fdbb35cd02087bf40ad1cb21.jpg
https://gss1.bdstatic.com/9vo3dSag_xI4khGkpoWK1HF6hhy/baike/c0%3Dbaike220%2C5%2C5%2C220%2C73/sign=5237d472b74543a9e116f29e7f7ee1e7/a8014c086e061d95eb553dbe7bf40ad162d9ca21.jpg
https://gss2.bdstatic.com/9fo3dSag_xI4khGkpoWK1HF6hhy/baike/c0%3Dbaike180%2C5%2C5%2C180%2C60/sign=9b1f35e3b319ebc4d4757ecbe34fa499/4d086e061d950a7be02644420ad162d9f2d3c921.jpg
https://gss1.bdstatic.com/-vo3dSag_xI4khGkpoWK1HF6hhy/baike/c0%3Dbaike150%2C5%2C5%2C150%2C50/sign=44cb02db55fbb2fb202650402e234bc1/37d3d539b6003af327a2d6e6352ac65c1038b61f.jpg
https://gss3.bdstatic.com/-Po3dSag_xI4khGkpoWK1HF6hhy/baike/c0%3Dbaike116%2C5%2C5%2C116%2C38/sign=5a2f7526f603738dca470470d272db34/6f061d950a7b020898da356762d9f2d3572cc821.jpg

https://gss3.bdstatic.com/-Po3dSag_xI4khGkpoWK1HF6hhy/baike/c0%3Dbaike150%2C5%2C5%2C150%2C50/sign=72f5fda5632762d09433acedc185639f/d62a6059252dd42af32d432d033b5bb5c9eab814.jpg
https://gss2.bdstatic.com/9fo3dSag_xI4khGkpoWK1HF6hhy/baike/c0%3Dbaike220%2C5%2C5%2C220%2C73/sign=df74224db2fb43160e12722841cd2d46/5ab5c9ea15ce36d33720c1b63af33a87e950b114.jpg
https://gss1.bdstatic.com/-vo3dSag_xI4khGkpoWK1HF6hhy/baike/c0%3Dbaike150%2C5%2C5%2C150%2C50/sign=8c2dece64fc2d562e605d8bf8678fb8a/cdbf6c81800a19d8892bc68333fa828ba61e460f.jpg
https://gss1.bdstatic.com/9vo3dSag_xI4khGkpoWK1HF6hhy/baike/c0%3Dbaike150%2C5%2C5%2C150%2C50/sign=aa0f1a944f4a20a425133495f13bf347/3b87e950352ac65cf92124f5fbf2b21193138a14.jpg
https://gss3.bdstatic.com/-Po3dSag_xI4khGkpoWK1HF6hhy/baike/c0%3Dbaike150%2C5%2C5%2C150%2C50/sign=dc04e75976c6a7efad2ba0749c93c434/32fa828ba61ea8d3c60a3682970a304e251f580f.jpg

https://gss1.bdstatic.com/-vo3dSag_xI4khGkpoWK1HF6hhy/baike/c0%3Dbaike180%2C5%2C5%2C180%2C60/sign=f75f4a6a572c11dfcadcb771024e09b5/8644ebf81a4c510f4c7f6f936059252dd52aa584.jpg
https://gss0.bdstatic.com/-4o3dSag_xI4khGkpoWK1HF6hhy/baike/c0%3Dbaike150%2C5%2C5%2C150%2C50/sign=4b4c19fdad345982d187edc06d9d5ac8/f2deb48f8c5494ee2c8e82902df5e0fe98257e8f.jpg
https://gss1.bdstatic.com/-vo3dSag_xI4khGkpoWK1HF6hhy/baike/c0%3Dbaike150%2C5%2C5%2C150%2C50/sign=7cd5158d5982b2b7b392319650c4a08a/b58f8c5494eef01fe7b8954ce0fe9925bd317d8f.jpg
https://gss2.bdstatic.com/-fo3dSag_xI4khGkpoWK1HF6hhy/baike/c0%3Dbaike150%2C5%2C5%2C150%2C50/sign=73a5e13bb2b7d0a26fc40ccfaa861d6c/8d5494eef01f3a29f36458479925bc315d607c8f.jpg
https://gss3.bdstatic.com/7Po3dSag_xI4khGkpoWK1HF6hhy/baike/c0%3Dbaike150%2C5%2C5%2C150%2C50/sign=86130a0ed0a20cf4529df68d17602053/95eef01f3a292df53f6f219cbc315c6035a8738f.jpg
https://gss0.bdstatic.com/94o3dSag_xI4khGkpoWK1HF6hhy/baike/c0%3Dbaike150%2C5%2C5%2C150%2C50/sign=cfaaa966a9ec8a1300175fb2966afaea/500fd9f9d72a6059bdab6c932834349b023bba84.jpg

https://gss3.bdstatic.com/7Po3dSag_xI4khGkpoWK1HF6hhy/baike/c0%3Dbaike116%2C5%2C5%2C116%2C38/sign=b3d1586ba3cc7cd9ee203c8b58684a5a/b58f8c5494eef01f25575b43e0fe9925bd317df0.jpg
https://gss1.bdstatic.com/-vo3dSag_xI4khGkpoWK1HF6hhy/baike/c0%3Dbaike116%2C5%2C5%2C116%2C38/sign=ec6be6e49822720e6fc3eaa81aa26123/14ce36d3d539b600df6f4c31e950352ac75cb797.jpg
https://gss1.bdstatic.com/9vo3dSag_xI4khGkpoWK1HF6hhy/baike/c0%3Dbaike116%2C5%2C5%2C116%2C38/sign=e56fa17c7bcb0a46912f836b0a0a9d41/3bf33a87e950352a2fc0668e5343fbf2b3118b97.jpg
https://gss0.bdstatic.com/-4o3dSag_xI4khGkpoWK1HF6hhy/baike/c0%3Dbaike116%2C5%2C5%2C116%2C38/sign=e6da84a9be096b63951456026d5aec21/342ac65c10385343176ec4a79313b07ecb808897.jpg
https://gss0.bdstatic.com/94o3dSag_xI4khGkpoWK1HF6hhy/baike/c0%3Dbaike116%2C5%2C5%2C116%2C38/sign=a3ba1b944f4a20a425133495f13bf347/2934349b033b5bb52946637836d3d539b700bca7.jpg

https://gss2.bdstatic.com/-fo3dSag_xI4khGkpoWK1HF6hhy/baike/c0%3Dbaike150%2C5%2C5%2C150%2C50/sign=d94ff9bb9d16fdfacc61cebcd5e6e731/a9d3fd1f4134970a4eee12bf95cad1c8a6865d84.jpg
https://gss1.bdstatic.com/-vo3dSag_xI4khGkpoWK1HF6hhy/baike/c0%3Dbaike150%2C5%2C5%2C150%2C50/sign=0597b1b8367adab429dd1311eabdd879/503d269759ee3d6da875855b43166d224e4adeeb.jpg
https://gss0.bdstatic.com/94o3dSag_xI4khGkpoWK1HF6hhy/baike/c0%3Dbaike150%2C5%2C5%2C150%2C50/sign=2b7eab22d158ccbf0fb1bd6878b1d75b/fd039245d688d43f1f3493627d1ed21b0ff43b84.jpg
https://gss2.bdstatic.com/-fo3dSag_xI4khGkpoWK1HF6hhy/baike/c0%3Dbaike150%2C5%2C5%2C150%2C50/sign=1c5e5579f2d3572c72ef948eeb7a0842/8644ebf81a4c510fcf76e08a6059252dd52aa5eb.jpg
https://gss2.bdstatic.com/9fo3dSag_xI4khGkpoWK1HF6hhy/baike/c0%3Dbaike150%2C5%2C5%2C150%2C50/sign=3f6ae668a786c9171c0e5a6ba8541baa/0824ab18972bd4079f5ad16d7b899e510eb30984.jpg

https://gss0.bdstatic.com/-4o3dSag_xI4khGkpoWK1HF6hhy/baike/c0%3Dbaike116%2C5%2C5%2C116%2C38/sign=2ea9732f2e738bd4d02cba63c0e2ecb3/8b13632762d0f7036592992e08fa513d2697c524.jpg
https://gss0.bdstatic.com/94o3dSag_xI4khGkpoWK1HF6hhy/baike/c0%3Dbaike116%2C5%2C5%2C116%2C38/sign=1dc9ece82834349b600b66d7a8837eab/ac345982b2b7d0a23410096fcbef76094a369a62.jpg
https://gss1.bdstatic.com/-vo3dSag_xI4khGkpoWK1HF6hhy/baike/c0%3Dbaike150%2C5%2C5%2C150%2C50/sign=031e4a4fa9773912d02b8d339970ed7d/622762d0f703918f55f13138513d269759eec424.jpg
https://gss2.bdstatic.com/9fo3dSag_xI4khGkpoWK1HF6hhy/baike/c0%3Dbaike150%2C5%2C5%2C150%2C50/sign=36d7bf86ebf81a4c323fe49bb6430b3c/b3b7d0a20cf431adf10b4ecb4b36acaf2fdd9862.jpg
https://gss0.bdstatic.com/-4o3dSag_xI4khGkpoWK1HF6hhy/baike/c0%3Dbaike116%2C5%2C5%2C116%2C38/sign=3fdf6377c9ea15ce55e3e85bd7695196/0df431adcbef760977d2946d2edda3cc7dd99e62.jpg

https://gss1.bdstatic.com/9vo3dSag_xI4khGkpoWK1HF6hhy/baike/c0%3Dbaike150%2C5%2C5%2C150%2C50/sign=382d7dd8972bd40756cadbaf1ae0f534/4b90f603738da977081b65dbb051f8198618e30e.jpg
https://gss3.bdstatic.com/7Po3dSag_xI4khGkpoWK1HF6hhy/baike/c0%3Dbaike180%2C5%2C5%2C180%2C60/sign=1e9378f45982b2b7b392319650c4a08a/f2deb48f8c5494ee4fc8efe92df5e0fe98257e5c.jpg
https://gss0.bdstatic.com/94o3dSag_xI4khGkpoWK1HF6hhy/baike/c0%3Dbaike116%2C5%2C5%2C116%2C38/sign=6c78fb1da3cc7cd9ee203c8b58684a5a/b58f8c5494eef01ffafef835e0fe9925bd317d5c.jpg
https://gss1.bdstatic.com/9vo3dSag_xI4khGkpoWK1HF6hhy/baike/c0%3Dbaike150%2C5%2C5%2C150%2C50/sign=6ce38c42b2b7d0a26fc40ccfaa861d6c/8d5494eef01f3a29ec22353e9925bc315d607c5c.jpg
https://gss0.bdstatic.com/94o3dSag_xI4khGkpoWK1HF6hhy/baike/c0%3Dbaike180%2C5%2C5%2C180%2C60/sign=33ad554ba61ea8d39e2f7c56f6635b2b/0ff41bd5ad6eddc4518d560b39dbb6fd536633d3.jpg

https://gss1.bdstatic.com/9vo3dSag_xI4khGkpoWK1HF6hhy/baike/c0%3Dbaike180%2C5%2C5%2C180%2C60/sign=f6dcc54ca0ec08fa320d1bf538875608/d52a2834349b033b5a6a9d2915ce36d3d439bd66.jpg
https://gss2.bdstatic.com/9fo3dSag_xI4khGkpoWK1HF6hhy/baike/c0%3Dbaike180%2C5%2C5%2C180%2C60/sign=8aa19e4365380cd7f213aabfc02dc651/77c6a7efce1b9d16c725fb92f3deb48f8d546466.jpg
https://gss3.bdstatic.com/7Po3dSag_xI4khGkpoWK1HF6hhy/baike/c0%3Dbaike180%2C5%2C5%2C180%2C60/sign=6ede1e53f603738dca470470d272db34/10dfa9ec8a136327b50fa3c0918fa0ec09fac767.jpg
https://gss0.bdstatic.com/-4o3dSag_xI4khGkpoWK1HF6hhy/baike/c0%3Dbaike116%2C5%2C5%2C116%2C38/sign=a53ec21ea144ad343ab28fd5b1cb6791/d4628535e5dde711a4f22305a7efce1b9d166124.jpg
https://gss0.bdstatic.com/94o3dSag_xI4khGkpoWK1HF6hhy/baike/c0%3Dbaike92%2C5%2C5%2C92%2C30/sign=8be54f8f510fd9f9b41a5d3b4444bf4f/a9d3fd1f4134970a505370dc95cad1c8a7865d24.jpg

https://gss2.bdstatic.com/9fo3dSag_xI4khGkpoWK1HF6hhy/baike/c0%3Dbaike116%2C5%2C5%2C116%2C38/sign=c50f46acc93d70cf58f7a25f99b5ba65/50da81cb39dbb6fde857f1b30924ab18972b3712.jpg
https://gss2.bdstatic.com/-fo3dSag_xI4khGkpoWK1HF6hhy/baike/c0%3Dbaike180%2C5%2C5%2C180%2C60/sign=020ea631a4c27d1eb12b33967abcc60b/aa64034f78f0f73679f258940a55b319ebc41312.jpg
https://gss2.bdstatic.com/-fo3dSag_xI4khGkpoWK1HF6hhy/baike/c0%3Dbaike92%2C5%2C5%2C92%2C30/sign=9cc8c8f5352ac65c73086e219a9bd974/bba1cd11728b47101f5de959c3cec3fdfc032330.jpg
https://gss0.bdstatic.com/94o3dSag_xI4khGkpoWK1HF6hhy/baike/c0%3Dbaike116%2C5%2C5%2C116%2C38/sign=0b81e258fc039245b5b8e95de6fdcfa7/0eb30f2442a7d93300daf0e6ad4bd11373f00130.jpg
https://gss2.bdstatic.com/9fo3dSag_xI4khGkpoWK1HF6hhy/baike/c0%3Dbaike180%2C5%2C5%2C180%2C60/sign=b149ca61b74543a9e116f29e7f7ee1e7/1c950a7b02087bf40881437cf2d3572c11dfcf31.jpg

https://gss2.bdstatic.com/9fo3dSag_xI4khGkpoWK1HF6hhy/baike/c0%3Dbaike150%2C5%2C5%2C150%2C50/sign=c78c7ab473f08202399f996d2a929088/b21c8701a18b87d64db83588070828381e30fdab.jpg
https://gss0.bdstatic.com/-4o3dSag_xI4khGkpoWK1HF6hhy/baike/c0%3Dbaike150%2C5%2C5%2C150%2C50/sign=153a7c8d6059252db71a155655f2685e/77094b36acaf2edd6f0fd77e8d1001e9380193af.jpg
https://gss3.bdstatic.com/-Po3dSag_xI4khGkpoWK1HF6hhy/baike/c0%3Dbaike150%2C5%2C5%2C150%2C50/sign=32c6e7af6e061d95694b3f6a1a9d61b4/0b46f21fbe096b636de3c0c70c338744eaf8acab.jpg
https://gss2.bdstatic.com/9fo3dSag_xI4khGkpoWK1HF6hhy/baike/c0%3Dbaike180%2C5%2C5%2C180%2C60/sign=dbfc13a97bec54e755e1124cd851f035/dc54564e9258d109491d3725d158ccbf6d814daf.jpg
https://gss0.bdstatic.com/-4o3dSag_xI4khGkpoWK1HF6hhy/baike/c0%3Dbaike150%2C5%2C5%2C150%2C50/sign=24e5d9a90cf3d7ca18fb37249376d56c/b3119313b07eca80d9ffa770912397dda04483ab.jpg
https://gss0.bdstatic.com/94o3dSag_xI4khGkpoWK1HF6hhy/baike/c0%3Dbaike116%2C5%2C5%2C116%2C38/sign=391c1799b13533fae1bb9b7cc9ba967a/b812c8fcc3cec3fddcc739e2d688d43f869427af.jpg

https://gss1.bdstatic.com/-vo3dSag_xI4khGkpoWK1HF6hhy/baike/c0%3Dbaike116%2C5%2C5%2C116%2C38/sign=c6fe27fd510fd9f9b41a5d3b4444bf4f/cb8065380cd79123badb9cf5ad345982b2b78073.jpg
https://gss3.bdstatic.com/7Po3dSag_xI4khGkpoWK1HF6hhy/baike/c0%3Dbaike116%2C5%2C5%2C116%2C38/sign=53f7aef4d688d43fe4a499a01c77b97e/43a7d933c895d14302bfeda273f082025baf0761.jpg
https://gss2.bdstatic.com/9fo3dSag_xI4khGkpoWK1HF6hhy/baike/c0%3Dbaike116%2C5%2C5%2C116%2C38/sign=525f189cd42a283457ab3e593adca28f/a044ad345982b2b7e2a4314531adcbef76099b73.jpg
https://gss2.bdstatic.com/9fo3dSag_xI4khGkpoWK1HF6hhy/baike/c0%3Dbaike116%2C5%2C5%2C116%2C38/sign=67306d6b81cb39dbd5cd6f04b17f6241/faedab64034f78f04dc2937279310a55b2191c61.jpg
https://gss3.bdstatic.com/7Po3dSag_xI4khGkpoWK1HF6hhy/baike/c0%3Dbaike150%2C5%2C5%2C150%2C50/sign=c2eaeeaa0ef41bd5ce5ee0a630b3eaae/aec379310a55b31954308bf443a98226cefc1761.jpg
https://gss2.bdstatic.com/-fo3dSag_xI4khGkpoWK1HF6hhy/baike/c0%3Dbaike116%2C5%2C5%2C116%2C38/sign=029d3e8a5bb5c9ea76fe0bb1b450dd65/d1a20cf431adcbef400f7687acaf2edda3cc9f73.jpg

https://gss0.bdstatic.com/94o3dSag_xI4khGkpoWK1HF6hhy/baike/c0%3Dbaike116%2C5%2C5%2C116%2C38/sign=b1e6d2886059252db71a155655f2685e/902397dda144ad34319db715d0a20cf431ad8505.jpg
https://gss1.bdstatic.com/9vo3dSag_xI4khGkpoWK1HF6hhy/baike/c0%3Dbaike116%2C5%2C5%2C116%2C38/sign=be3565fb252dd42a4b0409f9625230d0/96dda144ad345982dba8d5000cf431adcbef8405.jpg
https://gss2.bdstatic.com/9fo3dSag_xI4khGkpoWK1HF6hhy/baike/c0%3Dbaike116%2C5%2C5%2C116%2C38/sign=48b8a3bca8d3fd1f2204aa6851274e7a/fd039245d688d43f4da7a1607d1ed21b0ef43b11.jpg
https://gss3.bdstatic.com/-Po3dSag_xI4khGkpoWK1HF6hhy/baike/c0%3Dbaike116%2C5%2C5%2C116%2C38/sign=6d2dad71fd1f4134f43a0d2c4476feaf/9345d688d43f87946ff178bcd21b0ef41bd53a11.jpg
https://gss0.bdstatic.com/-4o3dSag_xI4khGkpoWK1HF6hhy/baike/c0%3Dbaike150%2C5%2C5%2C150%2C50/sign=1d6bc91d6c81800a7ae8815cd05c589f/d788d43f8794a4c2b12dd7b90ef41bd5ad6e3911.jpg
https://gss1.bdstatic.com/-vo3dSag_xI4khGkpoWK1HF6hhy/baike/c0%3Dbaike150%2C5%2C5%2C150%2C50/sign=018c6923800a19d8df0e8c575293e9ee/d53f8794a4c27d1e1f280b561bd5ad6eddc43811.jpg

https://gss3.bdstatic.com/7Po3dSag_xI4khGkpoWK1HF6hhy/baike/c0%3Dbaike116%2C5%2C5%2C116%2C38/sign=ae8eb5b37bec54e755e1124cd851f035/9825bc315c6034a8d16e800ccb134954082376aa.jpg
https://gss2.bdstatic.com/-fo3dSag_xI4khGkpoWK1HF6hhy/baike/c0%3Dbaike116%2C5%2C5%2C116%2C38/sign=24e9dcb4b3de9c82b268f1dd0de8eb6f/3ac79f3df8dcd1000c10c0ac728b4710b8122faa.jpg
https://gss3.bdstatic.com/7Po3dSag_xI4khGkpoWK1HF6hhy/baike/c0%3Dbaike116%2C5%2C5%2C116%2C38/sign=e1cc7e30a9773912d02b8d339970ed7d/0b7b02087bf40ad17516ff6e572c11dfa8ecce48.jpg
https://gss3.bdstatic.com/-Po3dSag_xI4khGkpoWK1HF6hhy/baike/c0%3Dbaike116%2C5%2C5%2C116%2C38/sign=7ca39d5276c6a7efad2ba0749c93c434/d009b3de9c82d158570d613c800a19d8bd3e42ab.jpg
https://gss3.bdstatic.com/-Po3dSag_xI4khGkpoWK1HF6hhy/baike/c0%3Dbaike116%2C5%2C5%2C116%2C38/sign=6a793466b6fd5266b3263446ca71fc4e/024f78f0f736afc3928307e8b319ebc4b64512ab.jpg

https://gss2.bdstatic.com/9fo3dSag_xI4khGkpoWK1HF6hhy/baike/c0%3Dbaike220%2C5%2C5%2C220%2C73/sign=1bf81a3b828ba61ecbe3c07d205dfc6f/8694a4c27d1ed21ba4393214ad6eddc450da3f4a.jpg
https://gss2.bdstatic.com/9fo3dSag_xI4khGkpoWK1HF6hhy/baike/c0%3Dbaike150%2C5%2C5%2C150%2C50/sign=f7a328283901213fdb3e468e358e5db4/48540923dd54564ee8ebf8c8b3de9c82d0584fb0.jpg
https://gss3.bdstatic.com/-Po3dSag_xI4khGkpoWK1HF6hhy/baike/c0%3Dbaike150%2C5%2C5%2C150%2C50/sign=7a5a10c0213fb80e18dc698557b8444b/0823dd54564e9258aaba9a1f9c82d158cdbf4eb0.jpg
https://gss3.bdstatic.com/-Po3dSag_xI4khGkpoWK1HF6hhy/baike/c0%3Dbaike150%2C5%2C5%2C150%2C50/sign=2bc73019bc3eb13550cabfe9c777c3b6/a5c27d1ed21b0ef4b01884afddc451da80cb3e4a.jpg
https://gss0.bdstatic.com/-4o3dSag_xI4khGkpoWK1HF6hhy/baike/c0%3Dbaike116%2C5%2C5%2C116%2C38/sign=a9d1acf4e5dde711f3df4ba4c686a57e/dc54564e9258d109cf6db543d158ccbf6d814db0.jpg

https://gss0.bdstatic.com/-4o3dSag_xI4khGkpoWK1HF6hhy/baike/c0%3Dbaike180%2C5%2C5%2C180%2C60/sign=b9ff0b224710b912abccfeaca2949766/c995d143ad4bd113071efbab5aafa40f4afb0553.jpg
https://gss0.bdstatic.com/-4o3dSag_xI4khGkpoWK1HF6hhy/baike/c0%3Dbaike116%2C5%2C5%2C116%2C38/sign=e5ce4a53828ba61ecbe3c07d205dfc6f/c2cec3fdfc0392458273ad968794a4c27c1e2560.jpg
https://gss1.bdstatic.com/9vo3dSag_xI4khGkpoWK1HF6hhy/baike/c0%3Dbaike180%2C5%2C5%2C180%2C60/sign=d5d8519d349b033b3885f48874a75db6/2fdda3cc7cd98d10001b40a8213fb80e7aec905f.jpg
https://gss1.bdstatic.com/-vo3dSag_xI4khGkpoWK1HF6hhy/baike/c0%3Dbaike180%2C5%2C5%2C180%2C60/sign=e090fc9ce5dde711f3df4ba4c686a57e/810a19d8bc3eb1350608fb22a61ea8d3fc1f445f.jpg
https://gss0.bdstatic.com/94o3dSag_xI4khGkpoWK1HF6hhy/baike/c0%3Dbaike116%2C5%2C5%2C116%2C38/sign=b929cf545266d0166a14967af642bf62/79f0f736afc379318aa7cab0ebc4b74542a9115f.jpg

https://gss2.bdstatic.com/9fo3dSag_xI4khGkpoWK1HF6hhy/baike/c0%3Dbaike92%2C5%2C5%2C92%2C30/sign=db00edeb09fa513d45a7648c5c043e9e/f11f3a292df5e0fed3aaf1365d6034a85edf7252.jpg
https://gss3.bdstatic.com/-Po3dSag_xI4khGkpoWK1HF6hhy/baike/c0%3Dbaike92%2C5%2C5%2C92%2C30/sign=298141f4d6ca7bcb6976cf7ddf600006/b2de9c82d158ccbf370ecd0d18d8bc3eb1354152.jpg
https://gss3.bdstatic.com/7Po3dSag_xI4khGkpoWK1HF6hhy/baike/c0%3Dbaike92%2C5%2C5%2C92%2C30/sign=1016ec43ac345982d187edc06d9d5ac8/7c1ed21b0ef41bd52aa590c350da81cb39db3d16.jpg

https://gss3.bdstatic.com/-Po3dSag_xI4khGkpoWK1HF6hhy/baike/c0%3Dbaike92%2C5%2C5%2C92%2C30/sign=bd53eecb7dd98d1062d904634056d36b/0824ab18972bd407a674abca7a899e510fb30951.jpg
https://gss3.bdstatic.com/-Po3dSag_xI4khGkpoWK1HF6hhy/baike/c0%3Dbaike92%2C5%2C5%2C92%2C30/sign=e06219e037d12f2eda08a6322eabbe07/0eb30f2442a7d933531b9c44ac4bd11373f00151.jpg
https://gss0.bdstatic.com/94o3dSag_xI4khGkpoWK1HF6hhy/baike/c0%3Dbaike92%2C5%2C5%2C92%2C30/sign=0f61831c9c16fdfacc61cebcd5e6e731/faedab64034f78f05fb8e2c478310a55b3191c51.jpg
https://gss1.bdstatic.com/9vo3dSag_xI4khGkpoWK1HF6hhy/baike/c0%3Dbaike92%2C5%2C5%2C92%2C30/sign=2cdb3f8c4610b912abccfeaca2949766/63d0f703918fa0ece9301c3a279759ee3d6ddb16.jpg
https://gss3.bdstatic.com/-Po3dSag_xI4khGkpoWK1HF6hhy/baike/c0%3Dbaike92%2C5%2C5%2C92%2C30/sign=2e0e1cdd80cb39dbd5cd6f04b17f6241/9922720e0cf3d7ca88014741f31fbe096b63a916.jpg
https://gss1.bdstatic.com/-vo3dSag_xI4khGkpoWK1HF6hhy/baike/c0%3Dbaike92%2C5%2C5%2C92%2C30/sign=29cd78fde7cd7b89fd6132d16e4d29c2/6a600c338744ebf8e7861c08d8f9d72a6059a716.jpg
https://gss2.bdstatic.com/-fo3dSag_xI4khGkpoWK1HF6hhy/baike/c0%3Dbaike92%2C5%2C5%2C92%2C30/sign=4530b6eaaa64034f1bc0ca54ceaa1254/37d3d539b6003af3344ca457342ac65c1038b616.jpg
https://gss0.bdstatic.com/94o3dSag_xI4khGkpoWK1HF6hhy/baike/c0%3Dbaike92%2C5%2C5%2C92%2C30/sign=fe7a56d2ac6eddc432eabca958b2dd98/472309f790529822828041f4d6ca7bcb0a46d452.jpg
https://gss1.bdstatic.com/9vo3dSag_xI4khGkpoWK1HF6hhy/baike/c0%3Dbaike92%2C5%2C5%2C92%2C30/sign=29984423aa18972bb737089887a410ec/f31fbe096b63f62492ee41348644ebf81a4ca352.jpg
https://gss0.bdstatic.com/94o3dSag_xI4khGkpoWK1HF6hhy/baike/c0%3Dbaike92%2C5%2C5%2C92%2C30/sign=a5c49c1472f08202399f996d2a929088/2934349b033b5bb5c16558c937d3d539b600bc52.jpg
https://gss0.bdstatic.com/-4o3dSag_xI4khGkpoWK1HF6hhy/baike/c0%3Dbaike92%2C5%2C5%2C92%2C30/sign=215e477c03087bf469e15fbb93ba3c49/8435e5dde71190ef4a0deae8cf1b9d16fdfa6016.jpg
https://gss0.bdstatic.com/-4o3dSag_xI4khGkpoWK1HF6hhy/baike/c0%3Dbaike92%2C5%2C5%2C92%2C30/sign=44311c3a279759ee5e5d6899d3922873/2cf5e0fe9925bc3110ab79af5fdf8db1cb137016.jpg
https://gss3.bdstatic.com/-Po3dSag_xI4khGkpoWK1HF6hhy/baike/c0%3Dbaike92%2C5%2C5%2C92%2C30/sign=8af87415b21bb0519b29bb7a5713b1d1/5882b2b7d0a20cf4122286e877094b36acaf9952.jpg
https://gss0.bdstatic.com/94o3dSag_xI4khGkpoWK1HF6hhy/baike/c0%3Dbaike92%2C5%2C5%2C92%2C30/sign=513cdd559922720e6fc3eaa81aa26123/574e9258d109b3dec4499c5fcdbf6c81800a4c16.jpg
https://gss0.bdstatic.com/94o3dSag_xI4khGkpoWK1HF6hhy/baike/c0%3Dbaike92%2C5%2C5%2C92%2C30/sign=4a5e2fdef3d3572c72ef948eeb7a0842/77c6a7efce1b9d16bd75e256f2deb48f8c546452.jpg

https://gss1.bdstatic.com/-vo3dSag_xI4khGkpoWK1HF6hhy/baike/c0%3Dbaike92%2C5%2C5%2C92%2C30/sign=12759e80b899a9012f3853647cfc611e/37d12f2eb9389b504287a2c68535e5dde7116e2d.jpg
https://gss3.bdstatic.com/7Po3dSag_xI4khGkpoWK1HF6hhy/baike/c0%3Dbaike92%2C5%2C5%2C92%2C30/sign=13de87bb3a292df583cea447dd583705/b219ebc4b74543a90516b8581e178a82b9011410.jpg
https://gss2.bdstatic.com/9fo3dSag_xI4khGkpoWK1HF6hhy/baike/c0%3Dbaike80%2C5%2C5%2C80%2C26/sign=7b27089a6709c93d13ff06a5fe5493b9/f3d3572c11dfa9ec3823148362d0f703918fc111.jpg

https://gss0.bdstatic.com/94o3dSag_xI4khGkpoWK1HF6hhy/baike/c0%3Dbaike116%2C5%2C5%2C116%2C38/sign=d15b77799c82d158af8f51e3e16372bd/9e3df8dcd100baa1cd43b62c4710b912c8fc2e3d.jpg
https://gss3.bdstatic.com/-Po3dSag_xI4khGkpoWK1HF6hhy/baike/c0%3Dbaike180%2C5%2C5%2C180%2C60/sign=f586676b7cd98d1062d904634056d36b/35a85edf8db1cb13920fcd84dd54564e93584bc7.jpg
https://gss2.bdstatic.com/9fo3dSag_xI4khGkpoWK1HF6hhy/baike/c0%3Dbaike180%2C5%2C5%2C180%2C60/sign=45e1cb8342a7d933aba5ec21cc22ba76/f9198618367adab400bfead48bd4b31c8701e43e.jpg
https://gss3.bdstatic.com/7Po3dSag_xI4khGkpoWK1HF6hhy/baike/c0%3Dbaike180%2C5%2C5%2C180%2C60/sign=89a196c1d0160924c828aa49b56e5e9f/cefc1e178a82b90175cc32a4738da9773812efc0.jpg
https://gss2.bdstatic.com/-fo3dSag_xI4khGkpoWK1HF6hhy/baike/c0%3Dbaike92%2C5%2C5%2C92%2C30/sign=3191bd960a55b31988f48a2722c0e943/342ac65c1038534365a076b69313b07eca80883e.jpg

https://gss1.bdstatic.com/-vo3dSag_xI4khGkpoWK1HF6hhy/baike/c0%3Dbaike150%2C5%2C5%2C150%2C50/sign=d8b32d64b2fb43160e12722841cd2d46/d439b6003af33a870c8e4db5c65c10385243b5ba.jpg
https://gss1.bdstatic.com/-vo3dSag_xI4khGkpoWK1HF6hhy/baike/c0%3Dbaike116%2C5%2C5%2C116%2C38/sign=e4f74b65828ba61ecbe3c07d205dfc6f/c2cec3fdfc039245834aaca08794a4c27c1e25a5.jpg
https://gss1.bdstatic.com/9vo3dSag_xI4khGkpoWK1HF6hhy/baike/c0%3Dbaike116%2C5%2C5%2C116%2C38/sign=f11185804134970a537e187df4a3baad/d788d43f8794a4c224dcaa840ef41bd5ac6e39a5.jpg
https://gss2.bdstatic.com/9fo3dSag_xI4khGkpoWK1HF6hhy/baike/c0%3Dbaike116%2C5%2C5%2C116%2C38/sign=e0988a80be096b63951456026d5aec21/342ac65c10385343112cca8e9313b07ecb8088ba.jpg
https://gss2.bdstatic.com/-fo3dSag_xI4khGkpoWK1HF6hhy/baike/c0%3Dbaike116%2C5%2C5%2C116%2C38/sign=7bdded55d1c8a786aa27425c0660a258/d31b0ef41bd5ad6e8306294581cb39dbb7fd3ca5.jpg

https://gss1.bdstatic.com/-vo3dSag_xI4khGkpoWK1HF6hhy/baike/c0%3Dbaike150%2C5%2C5%2C150%2C50/sign=571afd9311dfa9ece9235e4503b99c66/1b4c510fd9f9d72ac5908f92d42a2834359bbb4d.jpg
https://gss3.bdstatic.com/7Po3dSag_xI4khGkpoWK1HF6hhy/baike/c0%3Dbaike150%2C5%2C5%2C150%2C50/sign=daebe5f520a446236ac7ad30f94b196b/e850352ac65c1038e48a514db2119313b17e894d.jpg
https://gss2.bdstatic.com/-fo3dSag_xI4khGkpoWK1HF6hhy/baike/c0%3Dbaike180%2C5%2C5%2C180%2C60/sign=f616339abc315c60579863bdecd8a076/6609c93d70cf3bc789d55263d100baa1cc112a63.jpg
https://gss3.bdstatic.com/7Po3dSag_xI4khGkpoWK1HF6hhy/baike/c0%3Dbaike180%2C5%2C5%2C180%2C60/sign=eb1e3b9c97dda144ce0464e0d3debbc7/9c16fdfaaf51f3de534626eb94eef01f3b29794d.jpg
https://gss2.bdstatic.com/-fo3dSag_xI4khGkpoWK1HF6hhy/baike/c0%3Dbaike116%2C5%2C5%2C116%2C38/sign=e22ad7a1d21b0ef478e5900cbcad3abf/d01373f082025aafe2e7e144fbedab64024f1a63.jpg
https://gss3.bdstatic.com/7Po3dSag_xI4khGkpoWK1HF6hhy/baike/c0%3Dbaike116%2C5%2C5%2C116%2C38/sign=6f26dc79a7efce1bfe26c098ce3898bb/b2de9c82d158ccbf93482ab519d8bc3eb035414d.jpg
https://gss0.bdstatic.com/94o3dSag_xI4khGkpoWK1HF6hhy/baike/c0%3Dbaike180%2C5%2C5%2C180%2C60/sign=55124c727b899e516c83324623ceb256/a8773912b31bb05198f12ca7367adab44bede06c.jpg
https://gss1.bdstatic.com/-vo3dSag_xI4khGkpoWK1HF6hhy/baike/c0%3Dbaike116%2C5%2C5%2C116%2C38/sign=cc9266006c81800a7ae8815cd05c589f/bba1cd11728b4710a4d86243c3cec3fdfd03234d.jpg
https://gss1.bdstatic.com/9vo3dSag_xI4khGkpoWK1HF6hhy/baike/c0%3Dbaike150%2C5%2C5%2C150%2C50/sign=9e4c63a87f3e6709aa0d4dad5aaef458/962bd40735fae6cd424334ee0fb30f2443a70f4d.jpg
https://gss1.bdstatic.com/-vo3dSag_xI4khGkpoWK1HF6hhy/baike/c0%3Dbaike180%2C5%2C5%2C180%2C60/sign=f3eeb72a0a7b020818c437b303b099b6/f31fbe096b63f624f688a68c8744ebf81b4ca36c.jpg
https://gss2.bdstatic.com/9fo3dSag_xI4khGkpoWK1HF6hhy/baike/c0%3Dbaike180%2C5%2C5%2C180%2C60/sign=5c3eb16aad6eddc432eabca958b2dd98/78310a55b319ebc4e58fe9168226cffc1f17164d.jpg
https://gss0.bdstatic.com/94o3dSag_xI4khGkpoWK1HF6hhy/baike/c0%3Dbaike116%2C5%2C5%2C116%2C38/sign=c3d3417bb74543a9e116f29e7f7ee1e7/9f2f070828381f3099ee1226a9014c086f06f04e.jpg
https://gss3.bdstatic.com/7Po3dSag_xI4khGkpoWK1HF6hhy/baike/c0%3Dbaike116%2C5%2C5%2C116%2C38/sign=4ecb3d62a144ad343ab28fd5b1cb6791/d4628535e5dde7114f07dc79a7efce1b9c16616c.jpg
https://gss3.bdstatic.com/-Po3dSag_xI4khGkpoWK1HF6hhy/baike/c0%3Dbaike150%2C5%2C5%2C150%2C50/sign=0dd29cc5dab44aed4d43b6b6d275ec64/279759ee3d6d55fb3931e9a96d224f4a21a4dd4e.jpg
https://gss0.bdstatic.com/-4o3dSag_xI4khGkpoWK1HF6hhy/baike/c0%3Dbaike150%2C5%2C5%2C150%2C50/sign=4b2b7fdd8535e5dd8421ad8d17afcc8a/810a19d8bc3eb13537132834a61ea8d3fc1f446c.jpg
https://gss3.bdstatic.com/-Po3dSag_xI4khGkpoWK1HF6hhy/baike/c0%3Dbaike180%2C5%2C5%2C180%2C60/sign=4536270ecb1349546a13e0363727f93d/f9dcd100baa1cd116962edafb912c8fcc2ce2d6c.jpg

https://gss0.bdstatic.com/-4o3dSag_xI4khGkpoWK1HF6hhy/baike/c0%3Dbaike150%2C5%2C5%2C150%2C50/sign=9a9621d7f6246b606f03ba268a917129/96dda144ad34598296289a160cf431adcaef8497.jpg
https://gss2.bdstatic.com/9fo3dSag_xI4khGkpoWK1HF6hhy/baike/c0%3Dbaike150%2C5%2C5%2C150%2C50/sign=0a95536cbc3eb13550cabfe9c777c3b6/a5c27d1ed21b0ef4914ae7daddc451da80cb3e97.jpg
https://gss2.bdstatic.com/-fo3dSag_xI4khGkpoWK1HF6hhy/baike/c0%3Dbaike150%2C5%2C5%2C150%2C50/sign=ae4c424e513d26973ade000f3492d99e/023b5bb5c9ea15ce38739f8db6003af33b87b290.jpg
https://gss2.bdstatic.com/-fo3dSag_xI4khGkpoWK1HF6hhy/baike/c0%3Dbaike150%2C5%2C5%2C150%2C50/sign=b5b403e00923dd54357eaf3ab060d8bb/cc11728b4710b912b65b897ac3fdfc039345229f.jpg
https://gss0.bdstatic.com/94o3dSag_xI4khGkpoWK1HF6hhy/baike/c0%3Dbaike150%2C5%2C5%2C150%2C50/sign=74af014ffbedab64607f4592965fc4a6/9f2f070828381f303984f22da9014c086f06f091.jpg

https://gss2.bdstatic.com/9fo3dSag_xI4khGkpoWK1HF6hhy/baike/c0%3Dbaike92%2C5%2C5%2C92%2C30/sign=3e6463daa2cc7cd9ee203c8b58684a5a/d1160924ab18972b46cc78fde7cd7b899e510a16.jpg
