
http://www.baihuamen.com/d/file/2014/05-26/280726dc53f9da2e13566408fa214baa.jpg	http://www.baihuamen.com/jiulian/16383_14.html
http://s8.sinaimg.cn/middle/6078383fhaa84e60d77c7&690	http://blog.sina.com.cn/s/blog_15b479c630102wte8.html
http://img.redocn.com/sheying/20140829/kaifangzhuodejiulian_2980145.jpg	http://sucai.redocn.com/dongwuzhiwu_2980145.html
http://img.ph.126.net/rMPKcymEx0HcQIiuED4EsQ==/2360167679719595541.jpg	http://hsqlxy.blog.163.com/blog/static/941173662011529327944/
http://s4.sinaimg.cn/middle/6078383fhaa84eaa45143&690	http://blog.sina.com.cn/s/blog_15b479c630102wte8.html
http://www.baihuamen.com/d/file/2014/05-26/427763ab1ba2e18f6f091a4a9c577012.jpg	http://www.baihuamen.com/jiulian/16383_16.html
http://tu.qt3191.com/120512/20103232218764331.jpg	http://www.qt3191.com/qiugenhuahui/66860.html
http://a4.att.hudong.com/23/77/01000000000000119087728408023_s.jpg	http://www.baike.com/wiki/%E9%9F%AD%E8%8E%B2
http://pic.pingguolv.com/uploads/allimg/170126/109-1F126145512.png	http://www.pingguolv.com/zy/gongxiao/84819.html
http://dashulin.com/wp-content/uploads/2011/04/jiulan3.jpg	http://dashulin.com/jiulan/
http://www.baihuamen.com/d/file/2014/05-26/f39961290e517c7aafcfc95875a4ed0a.jpg	http://www.baihuamen.com/jiulian/16383_9.html
http://www.baihuamen.com/d/file/2014/05-26/718605c787a5004bf2d0b61c7c970508.jpg	http://www.baihuamen.com/jiulian/16383_11.html
http://www.baihuamen.com/d/file/2014/05-26/8dc746916f2bd9fee9381626340f25b1.jpg	http://www.baihuamen.com/jiulian/16383_17.html
http://image.sciencenet.cn/album/201207/18/20381611z9mc1mng3gzv11.jpg	http://blog.sciencenet.cn/blog-629259-593745.html
http://i54.tinypic.com/2dj9jz7.jpg	http://www.backchina.com/blog/250647/article-107911.html
http://img.tulaoshi.com/201704/21/cb8cd2b03dbc4559d4f637a73347d2c6.jpg	http://www.tulaoshi.com/jiulian/
http://mmbiz.qpic.cn/mmbiz/5tk43VCQic67NgGplxmBibKZonex6MAYDS2QHeB9cYsmChl0pK9EIoWfxTwvWBWPsjwldiaGbpicdx3dyS6xQnNia4Q/0	http://www.weixinquanquan.com/wa/meitidaren/show_57966.html
http://www.huayugu.com.cn/uploads/allimg/161010/1-161010001I10-L.jpg	http://www.huayugu.com.cn/jiulian/
http://a2.att.hudong.com/56/37/20200000013920144740375140981_s.jpg	http://www.baike.com/wiki/%E9%9F%AD%E8%8E%B2
http://image.sciencenet.cn/album/201705/16/083827rylz8jjjjc4i7jj8.jpg	http://blog.sciencenet.cn/blog-3319332-1055193.html
http://pic.pingguolv.com/uploads/allimg/170126/109-1F126145524.png	http://www.pingguolv.com/zy/gongxiao/84819.html
http://b2b.image.yuanlin.com/biz/2014-3/201403110245468830.jpg	http://www.yuanlin.com/b2b/sell_detail_815262.html
http://0.blog.xuite.net/0/d/6/e/16932481/blog_1130062/txt/85132190/1.jpg	http://blog.xuite.net/cool.john/blog/85132190-%E7%B2%89%E7%B4%85%E5%B0%8F%E9%9F%AD%E8%98%AD
http://img.boqiicdn.com/Data/BK/A/1512/31/imagick47921451533529_y.png	http://www.boqii.com/entry/detail/2382.html
https://cdn.huaniaoy.cn/20151223/original/1450808695644.jpg@!picb	https://www.huaniaoy.com/yangzhifangfa/1383/
http://s7.sinaimg.cn/middle/48ea37c3tc7d84c98dd96&690	http://blog.sina.com.cn/s/blog_48ea37c30101526y.html
https://t13.pimg.jp/031/458/193/1/31458193.jpg	http://cn.pixtastock.com/tags/%E9%9F%AD%E8%8E%B2
https://img.lrgarden.com/feed_pic/94/63/1000224094_24373_1495848959.jpg	http://www.lrgarden.com/topic/view/id-1000001785.html
https://gss2.bdstatic.com/-fo3dSag_xI4khGkpoWK1HF6hhy/baike/s%3D220/sign=1c60175a918fa0ec7bc7630f1696594a/b7003af33a87e9504b9a260510385343faf2b4ce.jpg	https://baike.baidu.com/item/%E9%9F%AD%E8%8E%B2
https://t14.pimg.jp/031/790/834/1/31790834.jpg	http://cn.pixtastock.com/tags/%E9%9F%AD%E8%8E%B2
http://pic1.arkoo.com/lmhlmh/picture/o_1bdgi7g8v8od128o13b19apr8d3f.jpg	http://www.slxxty.org/sf_4134462AEBD3419C85BC5D437B68CFB8_277_lmhlmh.html
http://a3.att.hudong.com/38/37/01100000000000144740375782326_s.jpg	http://www.baike.com/wiki/%E9%9F%AD%E8%8E%B2
http://www.fei123.com/upload/2017/07/21/144dfa0b2e39a3ca.jpg	http://www.fei123.com/2070000/2064303.shtml
http://pic.pingguolv.com/uploads/allimg/170126/109-1F126145500-lp.png	http://www.pingguolv.com/zy/gongxiao/84819.html
https://gss0.bdstatic.com/-4o3dSag_xI4khGkpoWK1HF6hhy/baike/w%3D400/sign=fa2e8996d909b3deebbfe568fcbe6cd3/fd039245d688d43f2bf4bf0c751ed21b0ff43bea.jpg	https://baike.baidu.com/item/%E9%9F%AD%E8%8E%B2
http://s8.sinaimg.cn/middle/6078383fhaa84e8236dd7&690	http://blog.sina.com.cn/s/blog_15b479c630102wte8.html
http://pic.pingguolv.com/uploads/allimg/170126/109-1F126145547.png	http://www.pingguolv.com/zy/gongxiao/84819.html
http://pic1.huashichang.com/2017/0710/20/5963751411f44.jpg	http://www.aihuhua.com/tu/jiulian.html
http://a1.att.hudong.com/87/37/01100000000000144740375832857_s.jpg	http://www.baike.com/wiki/%E9%9F%AD%E8%8E%B2
http://pic1.huashichang.com/2017/0710/20/59637511cc111.jpg	http://m.aihuhua.com/tupian/tupianwkc.html
http://a4.att.hudong.com/48/37/01100000000000144740375713015_s.jpg	http://www.baike.com/wiki/%E9%9F%AD%E8%8E%B2
http://2.im.guokr.com/83U6lBlfqsrZKAflvAMjeMrOcXkViQolUK5kTwDWIi1ABgAAsAQAAEpQ.jpg?imageView2/1/w/590/h/442	http://www.guokr.com/post/756180/focus/1129481616/
http://pic1.huashichang.com/2017/0710/20/5963751751443.jpg	http://m.aihuhua.com/tupian/tupianwkl.html
https://upload.wikimedia.org/wikipedia/commons/3/3a/Zephyranthes_grandiflora.jpg	https://zh.wikipedia.org/wiki/%E9%9F%AD%E8%8E%B2
http://www.fei123.com/upload/2017/07/21/1588b6a1b6022c0a.jpg	http://www.fei123.com/2070000/2064303.shtml
http://www.fei123.com/upload/2017/07/21/3dd3eecfd85ad839.jpg	http://www.fei123.com/2070000/2064302.shtml
http://pic1.huashichang.com/2017/0710/20/5963751058428.jpg	http://m.aihuhua.com/tupian/tupianwka.html
http://pic1.huashichang.com/2017/0710/20/596375165d9d8.jpg	http://m.aihuhua.com/tu/jiulian.html
http://www.fei123.com/upload/2017/07/21/42f89b559d2918d5.jpg	http://www.fei123.com/2070000/2064303.shtml
https://b-ssl.duitang.com/uploads/item/201512/01/20151201221225_x5PRZ.jpeg	https://www.duitang.com/blog/?id=490769766
http://www.fei123.com/upload/2017/07/21/dab200baf6460ec1.jpg	http://www.fei123.com/2070000/2064303.shtml
http://img.tulaoshi.com/ueditor/201704/22/312a293a836f599c86a260eb988c0cf3.jpg	http://www.tulaoshi.com/n/20170422/2643568.html
http://i51.tinypic.com/mai9n4.jpg	http://www.backchina.com/blog/250647/article-107911.html
http://www.fei123.com/upload/2017/07/21/5e3a21e925086707.jpg	http://www.fei123.com/2070000/2064303.shtml
http://www.fei123.com/upload/2017/07/21/620d63ffab3c67d0.jpg	http://www.fei123.com/2070000/2064301.shtml
http://pic1.huashichang.com/2017/0710/20/596375128cdb7_200_140.jpg	http://www.aihuhua.com/tu/jiulian.html
http://www.jinriyaoshi.net/uploads/allimg/170605/3-1F605155T5393.png	http://www.jinriyaoshi.net/baike/j/2094.html
http://img.boqiicdn.com/Data/BK/P/imagick99781451554757.jpg	http://www.boqii.com/entry/detail/2382.html
http://pic1.huashichang.com/2017/0710/20/596375134552d_200_140.jpg	http://www.aihuhua.com/tu/jiulian.html
http://s16.sinaimg.cn/mw690/001sXXrFgy6Vbyi52zl8f&690	http://blog.sina.com.cn/s/blog_501e41670102vr6q.html
http://www.huayugu.com.cn/uploads/allimg/161010/1-161010001U00-L.jpg	http://www.huayugu.com.cn/jiulian/
http://pic1.huashichang.com/2017/0710/20/596375147aa7f_200_140.jpg	http://www.aihuhua.com/tu/jiulian.html
http://www.fei123.com/upload/2017/07/21/e32b7544a1a5e3ed.jpg	http://www.fei123.com/2070000/2064301.shtml
https://cdn.huaniaoy.cn/20160201/original/1454257282871.jpg@!pic280zw	https://www.huaniaoy.com/yangzhifangfa/1383/
http://s16.sinaimg.cn/mw690/0016EbTuzy7bORrmIJF1f&690	http://blog.sina.com.cn/s/blog_3c760d9c0102xg60.html
http://www.huayugu.com.cn/uploads/allimg/161010/1-1610100014190-L.jpg	http://www.huayugu.com.cn/jiulian/
http://tu.qt3191.com/120512/201032322182691604.jpg	http://www.qt3191.com/qiugenhuahui/66860.html
http://img.tulaoshi.com/ueditor/201704/22/13897f2915a55fd4d95331f13200723e.jpg	http://www.tulaoshi.com/n/20170422/2643568.html
https://cdn.huaniaoy.cn/20160507/original/1462552678646.jpg@!pic280zw	https://www.huaniaoy.com/yangzhifangfa/1383/
http://image.sciencenet.cn/album/201705/16/083828pts8hh9ajz389jz3.jpg	http://blog.sciencenet.cn/blog-3319332-1055193.html
http://www.huayugu.com.cn/uploads/allimg/161010/1-1610100015560-L.jpg	http://www.huayugu.com.cn/jiulian/
http://www.chantuguan.com/ueditor/php/upload/image/20170519/1495157515795829.jpg	http://www.chantuguan.com/baike/531.html
http://www.baihuamen.com/d/file/2014/05-26/b31727978219a3d3bd8f21f3278ba8c4.jpg	http://www.baihuamen.com/jiulian/16383.html
http://www.fei123.com/upload/2017/07/21/da69591dcb454f84.jpg	http://www.fei123.com/2070000/2064298.shtml
http://img.boqiicdn.com/Data/BK/A/1512/31/imagick62121451540418_y.jpg	http://www.boqii.com/entry/detail/2382.html
http://img.boqiicdn.com/Data/BK/A/1512/31/imagick96701451541648_y.jpg	http://www.boqii.com/entry/detail/2382.html
http://read.html5.qq.com/image?src=forum&q=5&r=0&imgflag=7&imageUrl=http://mmbiz.qpic.cn/mmbiz/Kzd5ljwqrvDh8hMYZOneoP2cfjZPWVGsHwoX0Nkn3oMrQXL1j270ojJ4f3JN7ibpHMg8PYcT3aGHymnuM1A0AKg/0?wx_fmt=jpeg	http://chuansong.me/n/367667151347
http://www.baihuamen.com/d/file/2014/05-26/94a78a660eee4c9e43d3e19699377fdb.jpg	http://www.baihuamen.com/jiulian/16383_8.html
http://a2.att.hudong.com/70/37/01100000000000144740375921116_s.jpg	http://www.baike.com/wiki/%E9%9F%AD%E8%8E%B2
http://www.baihuamen.com/d/file/2014/05-26/e18c1b934d7e708cad4090ec339a44ff.jpg	http://www.baihuamen.com/jiulian/16383_13.html
http://www.baihuamen.com/d/file/2014/05-26/afde724c8da414334d5ceb9d731625c4.jpg	http://www.baihuamen.com/jiulian/16383_10.html
http://www.baihuamen.com/d/file/2014/05-26/ae63c257ab4e22790539cd501d54ccdb.jpg	http://www.baihuamen.com/jiulian/16383_2.html
http://www.baihuamen.com/d/file/2014/05-26/2e9abb41f6488335da4b4c132807d8b9.jpg	http://www.baihuamen.com/jiulian/16383_18.html
http://www.baihuamen.com/d/file/2014/05-26/8d5964f8a0ac0e37afcc5ae66bbc63eb.jpg	http://www.baihuamen.com/jiulian/16383_20.html
http://www.huayugu.com.cn/uploads/allimg/161010/1-1610100009130-L.jpg	http://m.huayugu.com.cn/list.php?tid=1726
http://www.baihuamen.com/d/file/2014/05-26/1731a29aa8732c1a11cd6a4997ef9553.jpg	http://www.baihuamen.com/jiulian/16383_7.html
http://img2.ph.126.net/YfQj-A_0Ar-vmmE-YxP4tQ==/975029319344003237.jpg	http://yuandezhi8888.lofter.com/post/458bf5_78d4a7d
http://www.baihuamen.com/d/file/2014/05-26/3a4d041526ed78e2946fec4b3dc19408.jpg	http://www.baihuamen.com/jiulian/16383_15.html
http://1.im.guokr.com/E1M3RSjtsMXzEDMg5cqGjxLaHMshuOznXc3RhELXfriwBAAAQAYAAEpQ.jpg?imageView2/1/w/590/h/786	http://www.guokr.com/post/756180/focus/1129481616/
http://www.weisanli.com/images/sill/upfile/20070517045541.gif	http://www.weisanli.com/sill/1646/zephyranthes-grandiflora
https://cdn.huaniaoy.cn/20151223/original/1450805394762.jpg@!pic280zw	https://www.huaniaoy.com/yangzhifangfa/1383/
http://www.baihuamen.com/d/file/2014/05-26/69b86c654a7e98ed9bde810e5fa1a75a.jpg	http://www.baihuamen.com/jiulian/16383_5.html
https://cdn.huaniaoy.cn/20161116/original/1479279536896.jpg@!pic280zw	https://www.huaniaoy.com/yangzhifangfa/1383/
https://cdn.huaniaoy.cn/20160916/original/1473990602620.jpg@!pic280zw	https://www.huaniaoy.com/yangzhifangfa/1383/
http://s2.sinaimg.cn/middle/6078383fhaa84e5df9511&690	http://blog.sina.com.cn/s/blog_15b479c630102wte8.html
http://s14.sinaimg.cn/mw690/0016EbTuzy7bORJofpPed&690	http://blog.sina.com.cn/s/blog_3c760d9c0102xg60.html
http://s9.sinaimg.cn/mw690/0016EbTuzy7bORvYu3mb8&690	http://blog.sina.com.cn/s/blog_3c760d9c0102xg60.html
http://s3.sinaimg.cn/mw690/0016EbTuzy7bORxj75832&690	http://blog.sina.com.cn/s/blog_3c760d9c0102xg60.html
http://s3.sinaimg.cn/mw690/0016EbTuzy7bORDvc8G22&690	http://blog.sina.com.cn/s/blog_3c760d9c0102xg60.html
http://s3.sinaimg.cn/mw690/0016EbTuzy7bORtchbkd2&690	http://blog.sina.com.cn/s/blog_3c760d9c0102xg60.html
