
https://www.huabaike.com/uploads/allimg/sltimg/201703/58b68bc2822d7.jpg	https://www.huabaike.com/binghai/7437.html
http://www.baihuamen.com/d/file/2014/05-25/fd66b356156c0ff20062a757553a2de9.jpg	http://www.baihuamen.com/songhongmei/
http://img.boqiicdn.com/Data/BK/A/1512/3/imagick73641449111043_y.jpg	http://m.boqii.com/entry/detail/2286.html
http://zz.ag365.com/zhongzhi/UploadPic/2007-3/20073223944867.jpg	http://zz.ag365.com/zhongzhi/huahui/pinzhongjieshao/2007/2007030264192.html
http://www.cas.cn/kxcb/kpwz/201105/W020110516711726084341.jpg	http://www.cas.cn/kxcb/kpwz/201105/t20110516_3133791.shtml
http://www.pibaosi.net/uploads/allimg/160210/1-1602100019550-L.jpg	http://huahui.pibaosi.net/20160210/117329.html
http://www.baihuamen.com/d/file/2014/05-25/3d1ba87374e94426c1701727b18bd759.jpg	http://www.baihuamen.com/songhongmei/
http://a0.att.hudong.com/77/22/01100000000000144732227065062_s.jpg	http://www.baike.com/wiki/%E6%9D%BE%E7%BA%A2%E6%A2%85
https://www.huabaike.com/uploads/allimg/sltimg/201606/575ce6a4e78c9.jpg	https://www.huabaike.com/mbzw/4129.html
https://www.huabaike.com/uploads/allimg/sltimg/201606/575ce63c7235f.jpg	https://www.huabaike.com/hyjk/4132.html
https://www.huabaike.com/uploads/allimg/sltimg/201606/575e37cfe3c4d.jpg	https://www.huabaike.com/hyjk/4132.html
https://www.huabaike.com/uploads/allimg/sltimg/201606/575e365f46c58.jpg	https://www.huabaike.com/hyjk/4132.html
http://img.aihuahui.com/d/2017/03/58bf9e1267769.jpg	http://www.aihuahui.com/aiqiaomuhuahui/2515.html
http://img.boqiicdn.com/Data/BK/P/imagick26601449135361.jpg	http://m.boqii.com/entry/detail/2286.html
http://www.gzhphb.com/gpPic/600/0/mmbiz.qpic.cn/mmbiz/lECU5NGHsLBdD1YgIfLGCxldBsru7OSsBcCebB6RZbvfOeAjjX3CUpOS5KyR43m5HfUxa099NicqY6W8MmvZxLg/0?wx_fmt=jpeg	http://m.gzhphb.com/article/48/481063.html
http://img.warting.com/allimg/2016/0826/3be1ejz2j3d-1338.jpg	http://www.warting.com/pic/2016/0826/198012.html
http://s7.sinaimg.cn/mw690/001uWGjDgy6OETcJbka86&690	http://blog.sina.com.cn/s/blog_51dc8d590102v959.html
http://www.yuhuagu.com/uploads/allimg/160622/43_160622154858_1.jpg	http://www.yuhuagu.com/muben/2016/0622/13126.html
http://www.gzhphb.com/gpPic/600/0/mmbiz.qpic.cn/mmbiz_jpg/fQIVicOPQZmE4CX8lwro94NAdUQEzu3ZDeLtVCb9h71tVNjRuXCMD8KKHAZVTQk8IPvNzUYK6NXwYV6xsnF7NVQ/0?wx_fmt=jpeg	http://www.gzhphb.com/article/48/486551.html
http://img.mp.itc.cn/upload/20170427/260e0a366c8347f2b83ded8555f86202_th.jpg	http://www.sohu.com/a/136671377_648797
https://www.huabaike.com/uploads/allimg/artimg/201606/20160612123438_86341.jpg	https://www.huabaike.com/hyjk/4132.html
http://www.52yhua.com/uploads/allimg/151207/1-15120H20212.jpg	http://m.52yhua.com/mubentp/1228.html
http://img.mp.itc.cn/upload/20170427/541b53a1652d4bcdb69488ae815983fc_th.jpg	http://www.sohu.com/a/136671377_648797
http://3.bp.blogspot.com/-43ZcURJMvR0/U_mwWDVPv4I/AAAAAAAAgSM/dxQ2zJ9t1W8/s1600/P1020028.JPG	http://purplewhee.blogspot.com/2014/05/blog-post_49.html
http://2.bp.blogspot.com/-d0pxZfqMj28/UoXOsyO-BOI/AAAAAAAADcs/aaBusoe-PMw/s1600/DSC_0075.JPG	http://kimhong-flower.blogspot.com/2013/11/blog-post_1479.html
http://www.rmyygs.com/Upload/images/7b75fe7dd554410ead36661f4ad94b71.jpg	http://www.rmyygs.com/rmcpxx/265731.aspx
http://www.pjcn.org/uploads/allimg/1611/1-161130213600221.jpg	http://www.pjcn.org/hy/2940/
http://img1.ph.126.net/LSxlv3XRBHH0L3VLgKueIQ==/649925721242734831.jpg	http://liuyukuii.lofter.com/post/3d7f0a_5d3c12b
http://s15.sinaimg.cn/bmiddle/001ROMKqgy6TB5WYWD43e&690	http://blog.sina.com.cn/s/blog_66019f9e0102vjiv.html
https://www.huabaike.com/uploads/allimg/artimg/201606/20160612123450_42763.jpg	https://www.huabaike.com/hyjk/4132.html
http://4.bp.blogspot.com/-P5Od0fVrRK4/U_msV5CB3oI/AAAAAAAAgRA/zCcufQX-QUs/s1600/P1220661.JPG	http://purplewhee.blogspot.com/2012/07/blog-post_24.html
http://s4.sinaimg.cn/middle/6d35b6fdgb3452d2c4143&690	http://blog.sina.com.cn/s/blog_6d35b6fd0100zlh7.html
https://www.huabaike.com/uploads/allimg/sltimg/201606/575ce5ae6e908.jpg	https://www.huabaike.com/jtyh/4131.html
http://s7.sinaimg.cn/mw690/001uWGjDgy6OERlYLzw26&690	http://blog.sina.com.cn/s/blog_51dc8d590102v959.html
http://img.aihuahui.com/d/2017/03/58bf9ffb811f2.jpg	http://www.aihuahui.com/aiqiaomuhuahui/2515.html
http://a4.att.hudong.com/30/50/01300000939432128323507154320_s.jpg	http://www.baike.com/wiki/%E6%9D%BE%E7%BA%A2%E6%A2%85%E7%B2%BE%E6%B2%B9
http://img.blog.voc.com.cn/jpg/201306/22/2765_4419cecdca24535.jpg	http://blog.voc.com.cn/blog_showone_type_blog_id_754474_p_1.html
https://www.huabaike.com/uploads/allimg/artimg/201606/20160613122905_26325.jpg	https://www.huabaike.com/qita/4162.html
https://www.huabaike.com/uploads/allimg/artimg/201703/20170303164722_29388.jpg	https://www.huabaike.com/jtyh/7462.html
http://img.xunhai.com/2015/11/26/1448491111536.jpg	http://www.xunhai.com/songhongmei/2015/1126/3762.html
http://www.pjcn.org/uploads/allimg/1611/1-161130211611R5.jpg	http://www.pjcn.org/hy/2940/
http://www.neipet.com/wp-content/uploads/2016/07/songhongmei.png	http://www.neipet.com/plant/26939.html
https://www.huabaike.com/uploads/huatuku/20160608/5757c5513a554.jpg	https://www.huabaike.com/ghzw/377.html
https://www.huabaike.com/uploads/allimg/sltimg/201703/58b92d553ccdb.jpg	https://www.huabaike.com/jtyh/7462.html
http://www.38fan.com/uploads/allimg/170327/51_170327171145_1.png	http://www.38fan.com/zhiwu/20170327157474.html
http://www.baihuamen.com/d/file/2014/05-25/3dfd33c84ba786de12965bf7110a9919.jpg	http://www.baihuamen.com/songhongmei/
http://www.itaomiao.com/img/nursery/2016/11/18/17/1479462725206IgVN.jpg	http://www.itaomiao.com/supplys/songhongmei.html
https://www.huabaike.com/uploads/allimg/artimg/201703/20170301165246_78450.jpg	https://www.huabaike.com/binghai/7437.html
http://www.itaomiao.com/img/nursery/2016/10/31/12/1477888846095bZYt.jpg	http://www.itaomiao.com/supplys/songhongmei.html
http://www.hortiflorexpo.com/cms_upload/20151026/20151026100242_330.png	http://www.hortiflorexpo.com/huahui/1203.html
http://www.38fan.com/uploads/allimg/170327/51_170327171158_1.png	http://www.38fan.com/zhiwu/20170327157474.html
http://www.pjcn.org/uploads/allimg/1611/1-16113021293a49.jpg	http://www.pjcn.org/gl/2942/
http://www.pjcn.org/uploads/allimg/1703/1-1F30113595OD.jpg	http://www.pjcn.org/gl/2942/
http://img.51yangsheng.com/pic/2017/0522/A653734.jpg	http://www.51yangsheng.com/zhonghuazhicao/288276.html
http://s13.sinaimg.cn/mw690/001ROMKqgy6TB5SUgDa7c&690	http://blog.sina.com.cn/s/blog_66019f9e0102vjiv.html
http://www.21miaomu.com/file/upload/201703/22/09-43-58-74-5337.jpg	http://www.21miaomu.com/news/huahuifanzhi/2017/03/20896.html
http://www.wed114.cn/jiehun/uploads/allimg/160805/57_160805171430_1.jpg	http://www.wed114.cn/jiehun/zhiwu/20160805151823.html
https://www.huabaike.com/uploads/allimg/artimg/201703/20170301165311_56606.jpg	https://www.huabaike.com/binghai/7437.html
http://www.gzhphb.com/gpPic/600/0/mmbiz.qpic.cn/mmbiz_jpg/fQIVicOPQZmE4CX8lwro94NAdUQEzu3ZDkGKKhIwLtZhYysVr0LG93MC5kRsO3iaE62icE8kshgufky9GicxR7NicNg/0?wx_fmt=jpeg	http://www.gzhphb.com/article/48/486551.html
http://img.yanquecao.com/img/flower/leptospermumscoparium/leptospermumscoparium2.jpg	http://www.yanquecao.com/detail/59
http://img.yanquecao.com/img/flower/leptospermumscoparium/leptospermumscoparium1.jpg	http://www.yanquecao.com/detail/59
http://www.wed114.cn/jiehun/uploads/170313/36-1F3131125451F.jpg	http://www.wed114.cn/jiehun/z99523.html
http://www.plantsword.com/bbs/upload/data/attachment/portal/201703/22/100252hk2hhq62f48b4khq.jpg	http://www.plantsword.com/bbs/upload/article3771.html
http://www.21cbi.com/upload/201703/08/148896498523.jpg	http://m.21cbi.com/s/14/484729.html
https://cbu01.alicdn.com/img/ibank/2016/765/277/2929772567_1328838033.310x310.jpg	https://www.1688.com/pic/-CBC9BAECC3B7.html
http://s4.sinaimg.cn/mw690/001ROMKqgy6TB5SQDAf43&690	http://blog.sina.com.cn/s/blog_66019f9e0102vjiv.html
http://pic28.nipic.com/20130501/4224370_142814051000_2.jpg	http://www.nipic.com/show/1/44/7968490k76dde18f.html
https://www.huabaike.com/uploads/allimg/artimg/201606/20160613122854_26699.jpg	https://www.huabaike.com/qita/4162.html
https://www.flower-db.com/uploads/large_12dbf564-97a8-4df0-842c-d8656e382907.jpg	https://www.flower-db.com/zh/flower:611
https://cdn.huaniaoy.cn/20160507/original/1462553764167.jpg@!pic280zw	https://www.huaniaoy.com/yangzhifangfa/509/
https://www.huabaike.com/uploads/allimg/artimg/201606/20160613123521_31253.jpg	https://m.huabaike.com/yhjq/4164.html
http://img01.hua.com/uploadpic/images/20162291347201476642.jpg	http://www.hua.com/huayu/14841.html
https://www.huabaike.com/uploads/allimg/sltimg/201606/575e385031ae4.jpg	https://www.huabaike.com/yhjq/4165.html
http://img.yanquecao.com/img/flower/leptospermumscoparium/leptospermumscoparium5.jpg	http://www.yanquecao.com/detail/59
http://s12.sinaimg.cn/mw690/001DUOhKgy6Zo3sdCGf4b&690	http://blog.sina.com.cn/s/blog_59c2f7a40102w66b.html
http://www.52yhua.com/uploads/allimg/151207/1-15120H20210.jpg	http://m.52yhua.com/mubentp/1228.html
http://img.tulaoshi.com/ueditor/201706/27/b47038a7ed6bf6143ecf7b2f21f00403.jpg	http://www.tulaoshi.com/n/20170627/2655017.html
http://www.wed114.cn/jiehun/uploads/allimg/c170306/14XM00254E60-393a6.jpg	http://www.wed114.cn/jiehun/zhiwu/20170306168938_2.html
http://img.xunhai.com/2015/12/01/14489308644365.jpg	http://www.xunhai.com/songhongmei/
http://img.mp.itc.cn/upload/20170427/cadca787c25741eaa47f6cc544e53cc6_th.jpg	http://www.sohu.com/a/136671377_648797
http://www.plantsword.com/bbs/upload/data/attachment/portal/201703/22/100203n0k9jjgo5gn09nj2.jpg	http://www.plantsword.com/bbs/upload/article3771.html
https://cbu01.alicdn.com/img/ibank/2014/778/084/1783480877_1117519243.220x220.jpg	https://s.1688.com/kq/-CBC9BAECC3B7.html
http://www.scib.cas.cn/lyfw/hx/201509/W020150901584357776059.jpg	http://www.scib.cas.cn/lyfw/hx/201509/t20150901_4419129.html
https://www.huabaike.com/uploads/allimg/artimg/201703/20170301165257_11851.jpg	https://www.huabaike.com/binghai/7437.html
http://www.baihuamen.com/d/file/2014/05-25/30f5c1afad30014aa00b638c7674ff89.jpg	http://www.baihuamen.com/songhongmei/16254_11.html
http://www.yuhuagu.com/uploads/allimg/160623/43_160623093412_1.jpg	http://www.yuhuagu.com/fanzhi/2016/0623/13127.html
http://www.21miaomu.com/file/upload/201703/22/09-45-38-31-5337.jpg	http://www.21miaomu.com/news/huahuifanzhi/2017/03/20896.html
http://www.baihuamen.com/d/file/2014/05-25/140bd4a6f4a5491de267f485d8aa79f9.jpg	http://www.baihuamen.com/songhongmei/16254_10.html
http://www.she.vc/d/file/life/shenghuo/20161118/aab4f9d919e337413864c19503bd2f4d.jpg	http://www.she.vc/life/shenghuo/399041.html
https://cbu01.alicdn.com/img/ibank/2017/483/810/3949018384_128663992.220x220.jpg	https://s.1688.com/kq/-CBC9BAECC3B7.html
https://www.cmeii.com/uploads/allimg/160621/6-160621131535935.jpg	https://www.cmeii.com/xinwenzhongxin/2317.html
http://www.52yhua.com/uploads/allimg/151207/1-15120H20214.jpg	http://m.52yhua.com/mubentp/1228.html
http://www.baihuamen.com/d/file/2014/05-25/dc76ecc486a6df7a37fa7d811b270724.jpg	http://www.baihuamen.com/songhongmei/16254_8.html
http://img.boqiicdn.com/Data/BK/P/imagick7781449135161.jpg	http://m.boqii.com/entry/detail/2286.html
https://w5.sanwen8.cn/mmbiz_jpg/s7P9IEbAzRpg8ia6x7H71l1bibP5oic414ERlicibkFNPDXUFlcxOPvZqGib8YfIuAYLIA38rMfhqZF6o8dByWRJdsoQ/0?wx_fmt=jpeg	https://sanwen8.cn/p/74ctSw5.html
http://img.redocn.com/sheying/20160903/yiduohongsedesonghongmei_7044727.jpg	http://m.redocn.com/dongwuzhiwu_7044727.html
http://img.aihuahui.com/d/2016/07/5785fc79e6f4a.jpg	http://www.aihuahui.com/huahuizhenliao/yezi/1116.html
http://pic1.win4000.com/pic/2/c6/a6561333588.jpg	http://www.w88ok.net/meinv111659_6.html
http://image.yuanlin.com/News/UploadFiles/2016/8/8e7fad8d-3df6-4009-a3b7-ad7aee7e72a8.jpg	http://www.yuanlin.com/baike/detail_989.html
http://www.huamu.cn/upload/Supply/201702281405259441.JPG	http://www.huamu.cn/Product/S_%E6%9D%BE%E7%BA%A2%E6%A2%85_____1.html
