
http://imgbdb3.bendibao.com/bjbdb/20162/19/20160219145628_55112.jpg	http://bj.bendibao.com/z/youcaihua/
http://b2-q.mafengwo.net/s5/M00/F1/91/wKgB3FECP3SAVx_MAAeB7dEl7CM83.jpeg?imageView2%2F2%2Fw%2F2000%2Fh%2F600%2Fq%2F90%7Cwatermark%2F3%2Fimage%2FaHR0cDovL2MyLXEubWFmZW5nd28ubmV0L3M5L00wMC82My84RS93S2dCczFaTmVzV0FZb29JQUFBU2JNMElpRjQyNDEucG5n%2Fgravity%2FSouthEast%2Fdx%2F20%2Fdy%2F20%2Fimage%2FaHR0cDovL2MyLXEubWFmZW5nd28ubmV0L3M5L00wMC82My84RS93S2dCczFaTmVzV0FZb29JQUFBU2JNMElpRjQyNDEucG5n%2Fgravity%2FSouthEast%2Fdx%2F20%2Fdy%2F20	http://www.mafengwo.cn/travel-news/199312.html
http://m.diyijuzi.com/diyijuzi/uploads/allimg/150912/6_150912173041_1.jpg	http://www.diyijuzi.com/youmei/2561.html
http://news.qingdaonews.com/images/attachement/jpg/site1/20160310/ec55f9c0c592184b798d02.jpg	http://news.qingdaonews.com/qingdao/2016-03/10/content_11517894_all.htm
http://www.tcn-aomori.com/wp-content/uploads/2015/03/00000166_3.jpg	http://www.tcn-aomori.com/scenery-011.html
http://pic1.nipic.com/2008-08-21/200882111455790_2.jpg	http://www.nipic.com/zhuanti/238497.html
http://pic1.win4000.com/wallpaper/5/56e8bb5e2140c.jpg	http://www.win4000.com/hj/youcaihua.html
http://file21.mafengwo.net/M00/9C/7F/wKgB3FEkaYSAc4l-AA282emLWD037.jpeg	http://www.gzota.com/bbs/forum.php?mod=viewthread&tid=53
http://p1-q.mafengwo.net/s5/M00/7C/73/wKgB3FFANwmAcxqqAAJbl0WXEVQ47.jpeg?imageView2%2F2%2Fw%2F2000%2Fh%2F600%2Fq%2F90%7Cwatermark%2F3%2Fimage%2FaHR0cDovL2MyLXEubWFmZW5nd28ubmV0L3M5L00wMC82My84RS93S2dCczFaTmVzV0FZb29JQUFBU2JNMElpRjQyNDEucG5n%2Fgravity%2FSouthEast%2Fdx%2F20%2Fdy%2F20%2Fimage%2FaHR0cDovL2MyLXEubWFmZW5nd28ubmV0L3M5L00wMC82My84RS93S2dCczFaTmVzV0FZb29JQUFBU2JNMElpRjQyNDEucG5n%2Fgravity%2FSouthEast%2Fdx%2F20%2Fdy%2F20	http://www.mafengwo.cn/travel-news/199896.html
http://c1-q.mafengwo.net/s7/M00/2A/9C/wKgB6lPbbzaAAV3KAAQyqtCJCgU28.jpeg?imageView2%2F2%2Fw%2F2000%2Fh%2F600%2Fq%2F90%7Cwatermark%2F3%2Fimage%2FaHR0cDovL2MyLXEubWFmZW5nd28ubmV0L3M5L00wMC82My84RS93S2dCczFaTmVzV0FZb29JQUFBU2JNMElpRjQyNDEucG5n%2Fgravity%2FSouthEast%2Fdx%2F20%2Fdy%2F20%2Fimage%2FaHR0cDovL2MyLXEubWFmZW5nd28ubmV0L3M5L00wMC82My84RS93S2dCczFaTmVzV0FZb29JQUFBU2JNMElpRjQyNDEucG5n%2Fgravity%2FSouthEast%2Fdx%2F20%2Fdy%2F20	http://www.mafengwo.cn/travel-news/220874.html
http://pic.nipic.com/2008-04-02/20084215405335_2.jpg	http://tieba.baidu.com/p/660318648
http://img.article.pchome.net/01/59/22/62/pic_lib/wm/Youcaihua03.jpg	http://article.pchome.net/content-1592262-1.html
http://img.tuku.cn/file_big/201403/ce30fbe05aac43c08dbf46c46fb811ce.jpg	http://m.gd7j.com/ppt%E6%B2%B9%E8%8F%9C%E8%8A%B1%E9%A3%8E%E6%99%AF%E5%9B%BE%E7%89%87/
http://n3-q.mafengwo.net/s5/M00/F1/36/wKgB3FECPwOAKJgwAAr43kty5fY29.jpeg?imageView2%2F2%2Fw%2F2000%2Fh%2F600%2Fq%2F90%7Cwatermark%2F3%2Fimage%2FaHR0cDovL2MyLXEubWFmZW5nd28ubmV0L3M5L00wMC82My84RS93S2dCczFaTmVzV0FZb29JQUFBU2JNMElpRjQyNDEucG5n%2Fgravity%2FSouthEast%2Fdx%2F20%2Fdy%2F20%2Fimage%2FaHR0cDovL2MyLXEubWFmZW5nd28ubmV0L3M5L00wMC82My84RS93S2dCczFaTmVzV0FZb29JQUFBU2JNMElpRjQyNDEucG5n%2Fgravity%2FSouthEast%2Fdx%2F20%2Fdy%2F20	http://www.mafengwo.cn/travel-news/199312.html
http://hk.on.cc/hk/bkn/cnt/lifestyle/20170221/photo/bkn-20170221165101625-0221_00982_001_02p.jpg?20170221165113	http://hk.on.cc/hk/bkn/cnt/lifestyle/20170221/bkn-20170221165101625-0221_00982_001_cn.html?section=all
http://b1-q.mafengwo.net/s7/M00/9D/D5/wKgB6lTxvQGAR6zRAAhZtuDQD-889.jpeg?imageView2%2F2%2Fw%2F2000%2Fh%2F600%2Fq%2F90%7Cwatermark%2F3%2Fimage%2FaHR0cDovL2MyLXEubWFmZW5nd28ubmV0L3M5L00wMC82My84RS93S2dCczFaTmVzV0FZb29JQUFBU2JNMElpRjQyNDEucG5n%2Fgravity%2FSouthEast%2Fdx%2F20%2Fdy%2F20%2Fimage%2FaHR0cDovL2MyLXEubWFmZW5nd28ubmV0L3M5L00wMC82My84RS93S2dCczFaTmVzV0FZb29JQUFBU2JNMElpRjQyNDEucG5n%2Fgravity%2FSouthEast%2Fdx%2F20%2Fdy%2F20	http://www.mafengwo.cn/travel-news/211147.html
http://b2-q.mafengwo.net/s7/M00/9C/72/wKgB6lTxu_qAX72pAAyVV8afjAg15.jpeg?imageView2%2F2%2Fw%2F2000%2Fh%2F600%2Fq%2F90%7Cwatermark%2F3%2Fimage%2FaHR0cDovL2MyLXEubWFmZW5nd28ubmV0L3M5L00wMC82My84RS93S2dCczFaTmVzV0FZb29JQUFBU2JNMElpRjQyNDEucG5n%2Fgravity%2FSouthEast%2Fdx%2F20%2Fdy%2F20%2Fimage%2FaHR0cDovL2MyLXEubWFmZW5nd28ubmV0L3M5L00wMC82My84RS93S2dCczFaTmVzV0FZb29JQUFBU2JNMElpRjQyNDEucG5n%2Fgravity%2FSouthEast%2Fdx%2F20%2Fdy%2F20	http://www.mafengwo.cn/travel-news/220680.html
http://s3.zaiseoul.com/upload/2016/03/18/160318zefo_article992_14.png	http://www.zaiseoul.com/article/view/992
http://static.zhidao.manmankan.com/kimages/201603/23_1458724212306601.jpg	http://www.manmankan.com/nizhidaoma/article/2016/2442.shtml
http://img.fotomen.cn/2011/04/youcaihua01.jpg	http://fotomen.cn/tag/%E6%B2%B9%E8%8F%9C%E8%8A%B1/
https://aqwxuw.bay.livefilestore.com/y1mapMAFSdm1P8zYm4ktFqGBIqVrGXVzQolyZ3EyFihu7GucKmr8_50V91puLoD35DFDeDKdGz6pcXMF43nhVNniadOcUWWrr-GA9btzzCkk8X6KRA5zdnSYw1Nm010644cuAXAK_MyqrY/%E6%B2%B9%E8%8F%9C%E8%8A%B1%5B2%5D.jpg	http://www.yantan.yt/bbs/archiver/tid-90392.html
http://travel.people.com.cn/mediafile/200903/27/F200903271356282541620601.jpg	http://travel.people.com.cn/GB/139035/150614/index.html
http://iguide.lvmama.com/uploadfile/2011/0111/20110111011627504.jpg	http://www.lvmama.com/guide/2011-0111-124029.html
http://pic16.nipic.com/20110922/3101644_071212664651_2.jpg	http://www.nipic.com/show/5133971.html
http://pic1.nipic.com/2008-12-30/200812309248940_2.jpg	http://www.nipic.com/show/1/74/5a9e5a49c7c558d4.html
http://4evervoyage.net/wp-content/uploads/2011/02/DSC2577-950x630.jpg	http://4evervoyage.net/2011/02/brassica-napus/
http://pic.pimg.tw/papilio0204/4ad18c1fa56a5.jpg	http://papilio0204.pixnet.net/blog/post/1465216-%E9%87%8E%E5%9C%B0%E8%A3%A1%E7%9A%84%E6%B2%B9%E8%8F%9C%E8%8A%B1
http://c1-q.mafengwo.net/s5/M00/0B/5C/wKgB3FFRooqATE2yAAtTmucE57g58.jpeg?imageView2%2F2%2Fw%2F2000%2Fh%2F600%2Fq%2F90%7Cwatermark%2F3%2Fimage%2FaHR0cDovL2MyLXEubWFmZW5nd28ubmV0L3M5L00wMC82My84RS93S2dCczFaTmVzV0FZb29JQUFBU2JNMElpRjQyNDEucG5n%2Fgravity%2FSouthEast%2Fdx%2F20%2Fdy%2F20%2Fimage%2FaHR0cDovL2MyLXEubWFmZW5nd28ubmV0L3M5L00wMC82My84RS93S2dCczFaTmVzV0FZb29JQUFBU2JNMElpRjQyNDEucG5n%2Fgravity%2FSouthEast%2Fdx%2F20%2Fdy%2F20	http://www.mafengwo.cn/travel-news/220857.html
http://img17.3lian.com/d/file/201702/18/4e8a955dbdb5e4e4657f3c59fc141305.jpg	http://m.3lian.com/gif/11/youcaihua/
http://n4-q.mafengwo.net/s6/M00/6C/79/wKgB4lJ7NfOAOofbAAFB9OE_wuo28.jpeg?imageView2%2F2%2Fw%2F2000%2Fh%2F600%2Fq%2F90%7Cwatermark%2F3%2Fimage%2FaHR0cDovL2IyLXEubWFmZW5nd28ubmV0L3M5L00wMC82My84RS93S2dCczFaTmVzV0FZb29JQUFBU2JNMElpRjQyNDEucG5n%2Fgravity%2FSouthEast%2Fdx%2F20%2Fdy%2F20%2Fimage%2FaHR0cDovL2IyLXEubWFmZW5nd28ubmV0L3M5L00wMC82My84RS93S2dCczFaTmVzV0FZb29JQUFBU2JNMElpRjQyNDEucG5n%2Fgravity%2FSouthEast%2Fdx%2F20%2Fdy%2F20	http://www.mafengwo.cn/travel-news/1110182.html
http://pic.nipic.com/2008-05-28/200852817241453_2.jpg	http://www.nipic.com/show/1/44/46c0ff1fb8a0cdc1.html
https://g-search3.alicdn.com/bao/uploaded/i1/TB1.udPJXXXXXXhaXXXXXXXXXXX_!!0-item_pic.jpg_240x240q50	https://www.taobao.com/product/%E6%B2%B9%E8%8F%9C%E8%8A%B1%E7%A8%AE%E5%AD%90.htm
http://m.wangchao.net.cn/resizeimg.jsp?imageurl=http://image.wangchao.net.cn/fengjing/1324790727245.jpg	http://m.wangchao.net.cn/fengjing/scdetail_136.html
http://n4-q.mafengwo.net/s7/M00/9A/6E/wKgB6lTxukqADRPLAAzT_ewoKPM70.jpeg?imageView2%2F2%2Fw%2F2000%2Fh%2F600%2Fq%2F90%7Cwatermark%2F3%2Fimage%2FaHR0cDovL2MyLXEubWFmZW5nd28ubmV0L3M5L00wMC82My84RS93S2dCczFaTmVzV0FZb29JQUFBU2JNMElpRjQyNDEucG5n%2Fgravity%2FSouthEast%2Fdx%2F20%2Fdy%2F20%2Fimage%2FaHR0cDovL2MyLXEubWFmZW5nd28ubmV0L3M5L00wMC82My84RS93S2dCczFaTmVzV0FZb29JQUFBU2JNMElpRjQyNDEucG5n%2Fgravity%2FSouthEast%2Fdx%2F20%2Fdy%2F20	http://www.mafengwo.cn/travel-news/220680.html
http://c4-q.mafengwo.net/s5/M00/34/40/wKgB3FElif6AU83zAAb-KEgLvWA49.jpeg?imageView2%2F2%2Fw%2F2000%2Fh%2F600%2Fq%2F90%7Cwatermark%2F3%2Fimage%2FaHR0cDovL2MyLXEubWFmZW5nd28ubmV0L3M5L00wMC82My84RS93S2dCczFaTmVzV0FZb29JQUFBU2JNMElpRjQyNDEucG5n%2Fgravity%2FSouthEast%2Fdx%2F20%2Fdy%2F20%2Fimage%2FaHR0cDovL2MyLXEubWFmZW5nd28ubmV0L3M5L00wMC82My84RS93S2dCczFaTmVzV0FZb29JQUFBU2JNMElpRjQyNDEucG5n%2Fgravity%2FSouthEast%2Fdx%2F20%2Fdy%2F20	http://www.mafengwo.cn/travel-news/199434.html
http://n2-q.mafengwo.net/s7/M00/9A/6B/wKgB6lTxukeAZ2rwAAyQ6jfGl0Y42.jpeg?imageView2%2F2%2Fw%2F2000%2Fh%2F600%2Fq%2F90%7Cwatermark%2F3%2Fimage%2FaHR0cDovL2MyLXEubWFmZW5nd28ubmV0L3M5L00wMC82My84RS93S2dCczFaTmVzV0FZb29JQUFBU2JNMElpRjQyNDEucG5n%2Fgravity%2FSouthEast%2Fdx%2F20%2Fdy%2F20%2Fimage%2FaHR0cDovL2MyLXEubWFmZW5nd28ubmV0L3M5L00wMC82My84RS93S2dCczFaTmVzV0FZb29JQUFBU2JNMElpRjQyNDEucG5n%2Fgravity%2FSouthEast%2Fdx%2F20%2Fdy%2F20	http://www.mafengwo.cn/travel-news/220680.html
https://gss1.bdstatic.com/-vo3dSag_xI4khGkpoWK1HF6hhy/baike/s%3D220/sign=9bd5fe72fafaaf5180e386bdbc5594ed/7e3e6709c93d70cf6e09fc59ffdcd100bba12bf6.jpg	https://baike.baidu.com/item/%E6%B2%B9%E8%8F%9C%E8%8A%B1
http://6.share.photo.xuite.net/crystal.chia/16e6264/19934411/1149730201_o.jpg	http://ru8ru8ing.pixnet.net/blog/post/456557063-%E6%9A%96%E9%99%BD%E4%B8%8B%E3%80%82%E7%B8%B1%E8%B0%B7%E5%86%AC%E5%AD%A3%E6%B2%B9%E8%8F%9C%E8%8A%B1%E9%96%8B%E3%80%822017%E8%8A%B1%E6%9D%B1%E8%8A%B1%E6%B5%B7%E5%AD%A3
https://gss2.bdstatic.com/9fo3dSag_xI4khGkpoWK1HF6hhy/baike/s%3D220/sign=2653c77006e9390152028a3c4bed54f9/d058ccbf6c81800a4352f65eb63533fa828b472e.jpg	https://baike.baidu.com/item/%E6%B2%B9%E8%8F%9C%E8%8A%B1
http://pic2.nipic.com/20090406/1450961_212723005_2.jpg	http://www.nipic.com/show/1/8/14557c4dcb0f03ca.html
http://ww2.sinaimg.cn/large/4d94cad7gw1f1jfzgsjzxj21kw0yt7uj.jpg	http://blog.sina.com.cn/s/blog_4d94cad70102w585.html
http://info.wenweipo.com/attachments/2015/03/783473_2015031411114810hWF.jpg	http://info.wenweipo.com/index.php?action-viewnews-itemid-72294
http://a1.att.hudong.com/61/30/01100000000000144733303340202_s.jpg	http://www.baike.com/wiki/%E6%B2%B9%E8%8F%9C%E8%8A%B1
http://img0.dili360.com/rw9/ga/M00/01/D6/wKgBy1Q2tVCAIYxqAARhgDN39ic045.jpg	http://www.dili360.com/cng/article/p5350c3d7ec7ee39.htm
http://n1-q.mafengwo.net/s5/M00/F1/8B/wKgB3FECP1uAEVUaAA052MMG85U75.jpeg?imageView2%2F2%2Fw%2F2000%2Fh%2F600%2Fq%2F90%7Cwatermark%2F3%2Fimage%2FaHR0cDovL2MyLXEubWFmZW5nd28ubmV0L3M5L00wMC82My84RS93S2dCczFaTmVzV0FZb29JQUFBU2JNMElpRjQyNDEucG5n%2Fgravity%2FSouthEast%2Fdx%2F20%2Fdy%2F20%2Fimage%2FaHR0cDovL2MyLXEubWFmZW5nd28ubmV0L3M5L00wMC82My84RS93S2dCczFaTmVzV0FZb29JQUFBU2JNMElpRjQyNDEucG5n%2Fgravity%2FSouthEast%2Fdx%2F20%2Fdy%2F20	http://www.mafengwo.cn/travel-news/199312.html
http://n4-q.mafengwo.net/s2/M00/DF/7D/wKgBpU5cUqmRcl70AALbaoRXN1c51.jpeg?imageView2%2F2%2Fw%2F2000%2Fh%2F600%2Fq%2F90%7Cwatermark%2F3%2Fimage%2FaHR0cDovL2MyLXEubWFmZW5nd28ubmV0L3M5L00wMC82My84RS93S2dCczFaTmVzV0FZb29JQUFBU2JNMElpRjQyNDEucG5n%2Fgravity%2FSouthEast%2Fdx%2F20%2Fdy%2F20%2Fimage%2FaHR0cDovL2MyLXEubWFmZW5nd28ubmV0L3M5L00wMC82My84RS93S2dCczFaTmVzV0FZb29JQUFBU2JNMElpRjQyNDEucG5n%2Fgravity%2FSouthEast%2Fdx%2F20%2Fdy%2F20	http://www.mafengwo.cn/travel-news/220848.html
http://6.blog.xuite.net/6/a/7/c/13252587/blog_60031/txt/15693343/4.jpg	http://blog.xuite.net/keroleen/firsttime/15693343-%E7%98%8B%E8%8A%B1%E8%93%AE%5B%E9%81%8A%5D+-%E7%8E%89%E6%BA%AA%E6%B2%B9%E8%8F%9C%E8%8A%B1%E6%B5%B7
https://gss2.bdstatic.com/9fo3dSag_xI4khGkpoWK1HF6hhy/baike/s%3D220/sign=79baf97c8001a18bf4eb154dae2e0761/0df3d7ca7bcb0a460071f4696c63f6246b60af0b.jpg	https://baike.baidu.com/item/%E6%B2%B9%E8%8F%9C%E8%8A%B1
http://pic.nipic.com/2008-03-08/200838111816205_2.jpg	http://www.nipic.com/zhuanti/115082.html
http://9.blog.xuite.net/9/8/b/4/11296815/blog_108107/txt/486955634/19.jpg	http://blog.xuite.net/maya569/01/486955634
https://gss3.bdstatic.com/-Po3dSag_xI4khGkpoWK1HF6hhy/baike/w%3D400/sign=9839961e3112b31bc76ccc29b6193674/a1ec08fa513d2697b25a02045dfbb2fb4216d8da.jpg	https://baike.baidu.com/item/%E6%B2%B9%E8%8F%9C%E8%8A%B1
http://p0.ifengimg.com/pmop/2017/0202/A850490BC658EFC98B481F7B592BFAEC4A8B3863_size22_w545_h490.jpeg	http://wemedia.ifeng.com/7778614/wemedia.shtml
http://tupian.geimian.com/pic/2017/03/2017-03-19_154819.jpg	https://www.geimian.com/wx/84323.html
http://n2-q.mafengwo.net/s5/M00/73/C1/wKgB3FE4IuWAKZSPAAFdg30W-FY00.jpeg?imageView2%2F2%2Fw%2F2000%2Fh%2F600%2Fq%2F90%7Cwatermark%2F3%2Fimage%2FaHR0cDovL2MyLXEubWFmZW5nd28ubmV0L3M5L00wMC82My84RS93S2dCczFaTmVzV0FZb29JQUFBU2JNMElpRjQyNDEucG5n%2Fgravity%2FSouthEast%2Fdx%2F20%2Fdy%2F20%2Fimage%2FaHR0cDovL2MyLXEubWFmZW5nd28ubmV0L3M5L00wMC82My84RS93S2dCczFaTmVzV0FZb29JQUFBU2JNMElpRjQyNDEucG5n%2Fgravity%2FSouthEast%2Fdx%2F20%2Fdy%2F20	http://www.mafengwo.cn/travel-news/199708.html
http://i3.sinaimg.cn/travel/ul/2009/0225/U3405P704DT20090225094324.jpg	http://travel.sina.com.cn/china/2009-02-25/095064731.shtml
http://c1-q.mafengwo.net/s3/M00/FE/C4/wKgBt09-iwCw0Sr3AAT-aV4UM6A91.jpeg?imageView2%2F2%2Fw%2F2000%2Fh%2F600%2Fq%2F90%7Cwatermark%2F3%2Fimage%2FaHR0cDovL2MyLXEubWFmZW5nd28ubmV0L3M5L00wMC82My84RS93S2dCczFaTmVzV0FZb29JQUFBU2JNMElpRjQyNDEucG5n%2Fgravity%2FSouthEast%2Fdx%2F20%2Fdy%2F20%2Fimage%2FaHR0cDovL2MyLXEubWFmZW5nd28ubmV0L3M5L00wMC82My84RS93S2dCczFaTmVzV0FZb29JQUFBU2JNMElpRjQyNDEucG5n%2Fgravity%2FSouthEast%2Fdx%2F20%2Fdy%2F20	http://www.mafengwo.cn/travel-news/220680.html
http://www.33trip.com/chunyou/image/youcai1.jpg	http://www.33trip.com/chunyou/youcaihua.htm
http://pic3.nipic.com/20090617/2154843_114912004_2.jpg	http://www.nipic.com/show/1/47/6f6485858c3eb802.html
http://p4-q.mafengwo.net/s4/M00/83/1D/wKgByU_Oz03gi8PdAASmNW2N_lE02.jpeg?imageView2%2F2%2Fw%2F2000%2Fh%2F600%2Fq%2F90%7Cwatermark%2F3%2Fimage%2FaHR0cDovL2MyLXEubWFmZW5nd28ubmV0L3M5L00wMC82My84RS93S2dCczFaTmVzV0FZb29JQUFBU2JNMElpRjQyNDEucG5n%2Fgravity%2FSouthEast%2Fdx%2F20%2Fdy%2F20%2Fimage%2FaHR0cDovL2MyLXEubWFmZW5nd28ubmV0L3M5L00wMC82My84RS93S2dCczFaTmVzV0FZb29JQUFBU2JNMElpRjQyNDEucG5n%2Fgravity%2FSouthEast%2Fdx%2F20%2Fdy%2F20	http://www.mafengwo.cn/travel-news/203525.html
http://fitz.hk/wp-content/uploads/2016/02/%E5%B8%B6%E6%AF%92%E7%9A%84%E6%B2%B9%E8%8F%9C%E8%8A%B1-1.jpg	http://fitz.hk/sports/hiking/%E6%B2%99%E8%9E%BA%E6%B4%9E%E8%B7%9F%E9%80%B2-%E5%B8%B6%E6%AF%92%E7%9A%84%E6%B2%B9%E8%8F%9C%E8%8A%B1/
http://6.share.photo.xuite.net/crystal.chia/16e62e0/19934411/1149726741_o.jpg	http://ru8ru8ing.pixnet.net/blog/post/456557063-%E6%9A%96%E9%99%BD%E4%B8%8B%E3%80%82%E7%B8%B1%E8%B0%B7%E5%86%AC%E5%AD%A3%E6%B2%B9%E8%8F%9C%E8%8A%B1%E9%96%8B%E3%80%822017%E8%8A%B1%E6%9D%B1%E8%8A%B1%E6%B5%B7%E5%AD%A3
http://www.sayweee.com/static_img/2016-01/I8kuzdMXSReq36OL7xZJ3g.jpg	https://www.sayweee.com/article/view/71t9s
http://travel.people.com.cn/mediafile/200903/20/F2009032011162700273.jpg	http://travel.people.com.cn/GB/139035/150614/index.html
http://b4-q.mafengwo.net/s5/M00/A1/DB/wKgB3FFsAGaAYz05AAynEi-hcGI75.jpeg?imageView2%2F2%2Fw%2F2000%2Fh%2F600%2Fq%2F90%7Cwatermark%2F3%2Fimage%2FaHR0cDovL2MyLXEubWFmZW5nd28ubmV0L3M5L00wMC82My84RS93S2dCczFaTmVzV0FZb29JQUFBU2JNMElpRjQyNDEucG5n%2Fgravity%2FSouthEast%2Fdx%2F20%2Fdy%2F20%2Fimage%2FaHR0cDovL2MyLXEubWFmZW5nd28ubmV0L3M5L00wMC82My84RS93S2dCczFaTmVzV0FZb29JQUFBU2JNMElpRjQyNDEucG5n%2Fgravity%2FSouthEast%2Fdx%2F20%2Fdy%2F20	http://www.mafengwo.cn/travel-news/211947.html
http://pic6.nipic.com/20100404/3114308_221422026676_2.jpg	http://www.nipic.com/show/1/8/814c1c29f1872bd4.html
http://n1-q.mafengwo.net/s3/M00/3C/7C/wKgBt098hbOmZkHvAAG74kzmUQo21.jpeg?imageView2%2F2%2Fw%2F2000%2Fh%2F600%2Fq%2F90%7Cwatermark%2F3%2Fimage%2FaHR0cDovL2MyLXEubWFmZW5nd28ubmV0L3M5L00wMC82My84RS93S2dCczFaTmVzV0FZb29JQUFBU2JNMElpRjQyNDEucG5n%2Fgravity%2FSouthEast%2Fdx%2F20%2Fdy%2F20%2Fimage%2FaHR0cDovL2MyLXEubWFmZW5nd28ubmV0L3M5L00wMC82My84RS93S2dCczFaTmVzV0FZb29JQUFBU2JNMElpRjQyNDEucG5n%2Fgravity%2FSouthEast%2Fdx%2F20%2Fdy%2F20	http://www.mafengwo.cn/travel-news/211572.html
http://p4-q.mafengwo.net/s5/M00/A1/AA/wKgB3FFsADyAGJ6EAAVW_VvenVU14.jpeg?imageView2%2F2%2Fw%2F2000%2Fh%2F600%2Fq%2F90%7Cwatermark%2F3%2Fimage%2FaHR0cDovL2MyLXEubWFmZW5nd28ubmV0L3M5L00wMC82My84RS93S2dCczFaTmVzV0FZb29JQUFBU2JNMElpRjQyNDEucG5n%2Fgravity%2FSouthEast%2Fdx%2F20%2Fdy%2F20%2Fimage%2FaHR0cDovL2MyLXEubWFmZW5nd28ubmV0L3M5L00wMC82My84RS93S2dCczFaTmVzV0FZb29JQUFBU2JNMElpRjQyNDEucG5n%2Fgravity%2FSouthEast%2Fdx%2F20%2Fdy%2F20	http://www.mafengwo.cn/travel-news/211947.html
http://www.liontravel.com/promotion/season/Global-Flower/FileUpLoad/SnsImg/342/3349/%E6%B2%B9%E8%8F%9C%E8%8A%B1_599x314.jpg	http://www.liontravel.com/promotion/season/Global-Flower/rapeflower-yunnan.html
http://c3-q.mafengwo.net/s3/M00/FE/BC/wKgBt09-ivry_9OfAAWZa_D1was54.jpeg?imageView2%2F2%2Fw%2F2000%2Fh%2F600%2Fq%2F90%7Cwatermark%2F3%2Fimage%2FaHR0cDovL2MyLXEubWFmZW5nd28ubmV0L3M5L00wMC82My84RS93S2dCczFaTmVzV0FZb29JQUFBU2JNMElpRjQyNDEucG5n%2Fgravity%2FSouthEast%2Fdx%2F20%2Fdy%2F20%2Fimage%2FaHR0cDovL2MyLXEubWFmZW5nd28ubmV0L3M5L00wMC82My84RS93S2dCczFaTmVzV0FZb29JQUFBU2JNMElpRjQyNDEucG5n%2Fgravity%2FSouthEast%2Fdx%2F20%2Fdy%2F20	http://www.mafengwo.cn/travel-news/220680.html
http://www.travelwithv.net/wp-content/uploads/2015/02/%E5%8F%B0%E6%9D%B1%E6%B1%A0%E4%B8%8A%E6%B2%B9%E8%8F%9C%E8%8A%B110.jpg	http://www.travelwithv.net/%E5%8F%B0%E6%9D%B1%E6%B1%A0%E4%B8%8A%E9%84%89%E4%BC%AF%E6%9C%97%E5%A4%A7%E9%81%93%E5%A4%A9%E5%A0%82%E8%B7%AF%E6%B2%B9%E8%8F%9C%E8%8A%B1%E8%8A%B1%E7%94%B0%E9%87%91%E5%9F%8E%E6%AD%A6%E6%A8%B9/
http://fs.mingpao.com/ldy/20170313/s00028/1489387378403_FB7BF10D311842C4978346D2A7C2B69F.jpg	http://ol.mingpao.com/php/hotpick3.php?nodeid=1489139220438&issue=20170313
http://pic16.nipic.com/20110902/2786001_182658689000_2.jpg	http://www.nipic.com/show/1/8/5044388kf5cff5ca.html
http://img.article.pchome.net/01/59/22/62/pic_lib/wm/Youcaihua04.jpg	http://article.pchome.net/content-1592262-1.html
http://pic1.nipic.com/2008-09-16/200891672958754_2.jpg	http://www.nipic.com/show/1068561.html
http://www.mjjq.com/pic/20070404/20070404054828583.jpg	http://www.mjjq.com/blog/archives/1556.html
http://gmimg.geimian.com/pic/2017/03/2017-03-19_154157.jpg	https://www.geimian.com/wx/84323.html
http://hk.on.cc/hk/bkn/cnt/news/20160214/photo/bkn-20160214161327924-0214_00822_001_04b.jpg?20160214221534	http://hk.on.cc/hk/bkn/cnt/news/20160214/bkn-20160214161327924-0214_00822_001.html
http://c2-q.mafengwo.net/s6/M00/C0/84/wKgB4lLeIYSAOF04AAK6hDGTa3481.jpeg?imageView2%2F2%2Fw%2F2000%2Fh%2F600%2Fq%2F90%7Cwatermark%2F3%2Fimage%2FaHR0cDovL2MyLXEubWFmZW5nd28ubmV0L3M5L00wMC82My84RS93S2dCczFaTmVzV0FZb29JQUFBU2JNMElpRjQyNDEucG5n%2Fgravity%2FSouthEast%2Fdx%2F20%2Fdy%2F20%2Fimage%2FaHR0cDovL2MyLXEubWFmZW5nd28ubmV0L3M5L00wMC82My84RS93S2dCczFaTmVzV0FZb29JQUFBU2JNMElpRjQyNDEucG5n%2Fgravity%2FSouthEast%2Fdx%2F20%2Fdy%2F20	http://www.mafengwo.cn/travel-news/211099.html
http://tupian.geimian.com/pic/2017/03/2017-03-19_154104.jpg	https://www.geimian.com/wx/84323.html
http://news.gd.sina.com.cn/play/2004-02-25/327_5_5.jpg	http://gd.news.sina.com.cn/play/2004-02-25/316539.html
http://c3-q.mafengwo.net/s5/M00/21/44/wKgB3FEh2GaABSFmAAfhtrSa1DU69.jpeg?imageView2%2F2%2Fw%2F2000%2Fh%2F600%2Fq%2F90%7Cwatermark%2F3%2Fimage%2FaHR0cDovL2MyLXEubWFmZW5nd28ubmV0L3M5L00wMC82My84RS93S2dCczFaTmVzV0FZb29JQUFBU2JNMElpRjQyNDEucG5n%2Fgravity%2FSouthEast%2Fdx%2F20%2Fdy%2F20%2Fimage%2FaHR0cDovL2MyLXEubWFmZW5nd28ubmV0L3M5L00wMC82My84RS93S2dCczFaTmVzV0FZb29JQUFBU2JNMElpRjQyNDEucG5n%2Fgravity%2FSouthEast%2Fdx%2F20%2Fdy%2F20	http://www.mafengwo.cn/travel-news/199273.html
https://i2.kknews.cc/large/16c800051d3c5436f2a7	https://kknews.cc/travel/aeal3y6.html
http://2.bp.blogspot.com/-aSdfCnrf9pQ/UiijRTKElTI/AAAAAAAAIoI/_PxGzRzWnBE/s1600/02.jpg	http://www.annalovestravel.com/2013/03/blog-post_28.html
http://b4-q.mafengwo.net/s7/M00/BE/32/wKgB6lTPJk-AeL9tAAY5AZ8COD042.jpeg?imageView2%2F2%2Fw%2F2000%2Fh%2F600%2Fq%2F90%7Cwatermark%2F3%2Fimage%2FaHR0cDovL2MyLXEubWFmZW5nd28ubmV0L3M5L00wMC82My84RS93S2dCczFaTmVzV0FZb29JQUFBU2JNMElpRjQyNDEucG5n%2Fgravity%2FSouthEast%2Fdx%2F20%2Fdy%2F20%2Fimage%2FaHR0cDovL2MyLXEubWFmZW5nd28ubmV0L3M5L00wMC82My84RS93S2dCczFaTmVzV0FZb29JQUFBU2JNMElpRjQyNDEucG5n%2Fgravity%2FSouthEast%2Fdx%2F20%2Fdy%2F20	http://www.mafengwo.cn/travel-news/220667.html
https://upload.wikimedia.org/wikipedia/commons/thumb/c/ce/Brassica_napus_2.jpg/477px-Brassica_napus_2.jpg	https://zh.wikipedia.org/wiki/%E6%B2%B9%E8%8F%9C
http://pic.pimg.tw/dawnchorus/f1549710829b2dd47b60909bed2d8d52.jpg	http://dawnchorus.pixnet.net/blog/post/33880133-%E6%B2%B9%E8%8F%9C%E8%8A%B1
http://www.nyzy.com/UploadFiles/2015-12/admin4/2015121613284941862.jpg	http://www.nyzy.com/youcaihua/hyzx.html
http://www.33trip.com/chunyou/image/youcai2.jpg	http://www.33trip.com/chunyou/youcaihua.htm
http://9.blog.xuite.net/9/b/0/2/12143622/blog_664768/txt/30286749/23.jpg	http://blog.xuite.net/akao_chen/mntnsea/30286749-%E8%8B%91%E8%A3%A1_%E6%B2%B9%E8%8F%9C%E8%8A%B1%E4%B9%8B%E6%97%85
http://p4-q.mafengwo.net/s5/M00/FC/1C/wKgB21AK47Ty_o_gABAIUTBM9jg46.jpeg?imageView2%2F2%2Fw%2F2000%2Fh%2F600%2Fq%2F90%7Cwatermark%2F3%2Fimage%2FaHR0cDovL2MyLXEubWFmZW5nd28ubmV0L3M5L00wMC82My84RS93S2dCczFaTmVzV0FZb29JQUFBU2JNMElpRjQyNDEucG5n%2Fgravity%2FSouthEast%2Fdx%2F20%2Fdy%2F20%2Fimage%2FaHR0cDovL2MyLXEubWFmZW5nd28ubmV0L3M5L00wMC82My84RS93S2dCczFaTmVzV0FZb29JQUFBU2JNMElpRjQyNDEucG5n%2Fgravity%2FSouthEast%2Fdx%2F20%2Fdy%2F20	http://www.mafengwo.cn/travel-news/203316.html
http://i.epochtimes.com/assets/uploads/2008/03/803240051421110.jpg	http://www.epochtimes.com/b5/tag/%E6%B2%B9%E8%8F%9C%E8%8A%B1.html
http://www.52uyn.com/attachments/month_0805/20070503112659389_nUJY1up6aqIi.jpg	http://www.52uyn.com/destinations/detail.php?tid=10426
http://b2-q.mafengwo.net/s7/M00/2B/0A/wKgB6lTu2gmAHpp9AAOSXEdSGdk16.jpeg?imageView2%2F2%2Fw%2F2000%2Fh%2F600%2Fq%2F90%7Cwatermark%2F3%2Fimage%2FaHR0cDovL2MyLXEubWFmZW5nd28ubmV0L3M5L00wMC82My84RS93S2dCczFaTmVzV0FZb29JQUFBU2JNMElpRjQyNDEucG5n%2Fgravity%2FSouthEast%2Fdx%2F20%2Fdy%2F20%2Fimage%2FaHR0cDovL2MyLXEubWFmZW5nd28ubmV0L3M5L00wMC82My84RS93S2dCczFaTmVzV0FZb29JQUFBU2JNMElpRjQyNDEucG5n%2Fgravity%2FSouthEast%2Fdx%2F20%2Fdy%2F20	http://www.mafengwo.cn/travel-news/220861.html
http://b3-q.mafengwo.net/s3/M00/69/2A/wKgBt0-FRI2kZAQ-AANV5KwKpYQ21.jpeg?imageView2%2F2%2Fw%2F2000%2Fh%2F600%2Fq%2F90%7Cwatermark%2F3%2Fimage%2FaHR0cDovL2MyLXEubWFmZW5nd28ubmV0L3M5L00wMC82My84RS93S2dCczFaTmVzV0FZb29JQUFBU2JNMElpRjQyNDEucG5n%2Fgravity%2FSouthEast%2Fdx%2F20%2Fdy%2F20%2Fimage%2FaHR0cDovL2MyLXEubWFmZW5nd28ubmV0L3M5L00wMC82My84RS93S2dCczFaTmVzV0FZb29JQUFBU2JNMElpRjQyNDEucG5n%2Fgravity%2FSouthEast%2Fdx%2F20%2Fdy%2F20	http://www.mafengwo.cn/travel-news/220874.html
http://www.china.com.cn/images/68105.jpg	http://www.china.com.cn/chinese/TR-c/505964.htm
http://n1-q.mafengwo.net/s5/M00/AC/E8/wKgB21AKXYb1Nq7aAAnJ5JwJtIU67.jpeg?imageView2%2F2%2Fw%2F2000%2Fh%2F600%2Fq%2F90%7Cwatermark%2F3%2Fimage%2FaHR0cDovL2MyLXEubWFmZW5nd28ubmV0L3M5L00wMC82My84RS93S2dCczFaTmVzV0FZb29JQUFBU2JNMElpRjQyNDEucG5n%2Fgravity%2FSouthEast%2Fdx%2F20%2Fdy%2F20%2Fimage%2FaHR0cDovL2MyLXEubWFmZW5nd28ubmV0L3M5L00wMC82My84RS93S2dCczFaTmVzV0FZb29JQUFBU2JNMElpRjQyNDEucG5n%2Fgravity%2FSouthEast%2Fdx%2F20%2Fdy%2F20	http://www.mafengwo.cn/travel-news/203525.html
http://www.ys8.com/uploads/allimg/161118/26-16111Q55J7.jpg	http://www.ys8.com/xinde/28405_all.html
http://p2-q.mafengwo.net/s5/M00/31/1A/wKgB3FHijzuAAniOAAI9q4nE7SA99.jpeg?imageView2%2F2%2Fw%2F2000%2Fh%2F600%2Fq%2F90%7Cwatermark%2F3%2Fimage%2FaHR0cDovL2MyLXEubWFmZW5nd28ubmV0L3M5L00wMC82My84RS93S2dCczFaTmVzV0FZb29JQUFBU2JNMElpRjQyNDEucG5n%2Fgravity%2FSouthEast%2Fdx%2F20%2Fdy%2F20%2Fimage%2FaHR0cDovL2MyLXEubWFmZW5nd28ubmV0L3M5L00wMC82My84RS93S2dCczFaTmVzV0FZb29JQUFBU2JNMElpRjQyNDEucG5n%2Fgravity%2FSouthEast%2Fdx%2F20%2Fdy%2F20	http://www.mafengwo.cn/travel-news/220874.html
https://i1.kknews.cc/large/18540005521202378b66	https://kknews.cc/travel/engzzpr.html
http://images.china.cn/attachement/jpg/site1000/20130307/001fd04cef8212a2507c2f.jpg	http://www.china.com.cn/photochina/2013-03/07/content_28161085_8.htm
