
https://gss2.bdstatic.com/-fo3dSag_xI4khGkpoWK1HF6hhy/baike/c0%3Dbaike92%2C5%2C5%2C92%2C30/sign=ebf6d7ce79f08202399f996d2a929088/2934349b033b5bb58f5713133cd3d539b700bc5e.jpg
https://gss0.bdstatic.com/-4o3dSag_xI4khGkpoWK1HF6hhy/baike/crop%3D0%2C8%2C1000%2C660%3Bc0%3Dbaike116%2C5%2C5%2C116%2C38/sign=84ff985b973df8dcb272d5d1f0215eb3/35a85edf8db1cb13bd64aabfd554564e92584b09.jpg
https://gss3.bdstatic.com/7Po3dSag_xI4khGkpoWK1HF6hhy/baike/c0%3Dbaike80%2C5%2C5%2C80%2C26/sign=ed0ccb5deb50352aa56c2d5a322a9097/4610b912c8fcc3ce14020dd99045d688d53f201e.jpg
https://gss0.bdstatic.com/-4o3dSag_xI4khGkpoWK1HF6hhy/baike/c0%3Dbaike80%2C5%2C5%2C80%2C26/sign=314f20c10cf41bd5ce5ee0a630b3eaae/91529822720e0cf39b9b89110846f21fbf09aae8.jpg
https://gss2.bdstatic.com/-fo3dSag_xI4khGkpoWK1HF6hhy/baike/c0%3Dbaike80%2C5%2C5%2C80%2C26/sign=34c404d9718da9775a228e79d138937c/b3b7d0a20cf431adb5bb84d34936acaf2fdd98eb.jpg
https://gss3.bdstatic.com/-Po3dSag_xI4khGkpoWK1HF6hhy/baike/c0%3Dbaike80%2C5%2C5%2C80%2C26/sign=bf4e679fd488d43fe4a499a01c77b97e/42166d224f4a20a4056efc2d92529822730ed0ec.jpg
https://gss2.bdstatic.com/-fo3dSag_xI4khGkpoWK1HF6hhy/baike/c0%3Dbaike80%2C5%2C5%2C80%2C26/sign=cca2dba989d4b31ce4319ce9e6bf4c1a/8c1001e93901213f3e418e3656e736d12e2e95ee.jpg
https://gss0.bdstatic.com/94o3dSag_xI4khGkpoWK1HF6hhy/baike/c0%3Dbaike80%2C5%2C5%2C80%2C26/sign=c869a699f9f2b211f0238d1cabe90e5d/fd039245d688d43f5fc551187f1ed21b0ff43be8.jpg
https://gss1.bdstatic.com/-vo3dSag_xI4khGkpoWK1HF6hhy/baike/c0%3Dbaike80%2C5%2C5%2C80%2C26/sign=6f5860c9b27eca80060831b5f04afcb8/d53f8794a4c27d1e0f52fd2e19d5ad6edcc438e0.jpg
https://gss0.bdstatic.com/94o3dSag_xI4khGkpoWK1HF6hhy/baike/c0%3Dbaike80%2C5%2C5%2C80%2C26/sign=3d6613249b25bc313f5009ca3fb6e6d4/8b82b9014a90f603631e5aad3b12b31bb151edaa.jpg
https://gss3.bdstatic.com/7Po3dSag_xI4khGkpoWK1HF6hhy/baike/c0%3Dbaike80%2C5%2C5%2C80%2C26/sign=d4f605fe69600c33e474d69a7b253a6a/a71ea8d3fd1f4134289fc394271f95cad0c85eb4.jpg
https://gss0.bdstatic.com/-4o3dSag_xI4khGkpoWK1HF6hhy/baike/c0%3Dbaike80%2C5%2C5%2C80%2C26/sign=97b53f3017ce36d3b6098b625b9a51e2/9e3df8dcd100baa1011184514510b912c8fc2e1f.jpg
https://gss2.bdstatic.com/-fo3dSag_xI4khGkpoWK1HF6hhy/baike/c0%3Dbaike80%2C5%2C5%2C80%2C26/sign=eefd6fffbe315c60579863bdecd8a076/b8014a90f603738da774cfc8b11bb051f819ec1a.jpg
https://gss0.bdstatic.com/-4o3dSag_xI4khGkpoWK1HF6hhy/baike/c0%3Dbaike80%2C5%2C5%2C80%2C26/sign=928d22e58594a4c21e2eef796f9d70b0/4e4a20a4462309f7d4576ef8700e0cf3d7cad624.jpg
https://gss2.bdstatic.com/9fo3dSag_xI4khGkpoWK1HF6hhy/baike/c0%3Dbaike80%2C5%2C5%2C80%2C26/sign=3bc0cdf0c45c10383073c690d378f876/c9fcc3cec3fdfc0340d52e52d63f8794a5c226af.jpg
https://gss3.bdstatic.com/-Po3dSag_xI4khGkpoWK1HF6hhy/baike/c0%3Dbaike80%2C5%2C5%2C80%2C26/sign=e65f3e861238534398c28f73f27adb1b/c2cec3fdfc03924505fd2ce58594a4c27c1e2594.jpg
https://gss1.bdstatic.com/9vo3dSag_xI4khGkpoWK1HF6hhy/baike/c0%3Dbaike80%2C5%2C5%2C80%2C26/sign=567b6955a2ec08fa320d1bf538875608/e1fe9925bc315c6095d0a6058fb1cb1348547797.jpg
https://gss3.bdstatic.com/-Po3dSag_xI4khGkpoWK1HF6hhy/baike/c0%3Dbaike80%2C5%2C5%2C80%2C26/sign=729dbf8b4dc2d562e605d8bf8678fb8a/72f082025aafa40f805edf36a964034f79f01944.jpg
https://gss3.bdstatic.com/7Po3dSag_xI4khGkpoWK1HF6hhy/baike/c0%3Dbaike92%2C5%2C5%2C92%2C30/sign=fea86e4bf403738dca470470d272db34/902397dda144ad341e2b966cd2a20cf430ad8540.jpg
https://gss0.bdstatic.com/94o3dSag_xI4khGkpoWK1HF6hhy/baike/c0%3Dbaike80%2C5%2C5%2C80%2C26/sign=d5fc280c932397ddc274905638ebd9d2/d31b0ef41bd5ad6e6d00750183cb39dbb7fd3c5b.jpg
https://gss3.bdstatic.com/-Po3dSag_xI4khGkpoWK1HF6hhy/baike/c0%3Dbaike80%2C5%2C5%2C80%2C26/sign=ba34b2d1324e251ff6faecaac6efa272/6f061d950a7b020880f42f0a60d9f2d3572cc818.jpg
https://gss0.bdstatic.com/94o3dSag_xI4khGkpoWK1HF6hhy/baike/c0%3Dbaike80%2C5%2C5%2C80%2C26/sign=ef095dea0855b31988f48a2722c0e943/faf2b2119313b07e8a4a41e30ed7912396dd8c61.jpg
https://gss0.bdstatic.com/-4o3dSag_xI4khGkpoWK1HF6hhy/baike/c0%3Dbaike80%2C5%2C5%2C80%2C26/sign=8d3bb4899a22720e6fc3eaa81aa26123/9d82d158ccbf6c8104c63d03be3eb13532fa4063.jpg

https://gss3.bdstatic.com/-Po3dSag_xI4khGkpoWK1HF6hhy/baike/c0%3Dbaike80%2C5%2C5%2C80%2C26/sign=33a73ac497cad1c8c4b6f4751e570c6c/0b7b02087bf40ad16130ed08552c11dfa8ecce00.jpg
https://gss2.bdstatic.com/9fo3dSag_xI4khGkpoWK1HF6hhy/baike/c0%3Dbaike80%2C5%2C5%2C80%2C26/sign=fdac5c728026cffc7d27b7e0d86821f5/64380cd7912397ddebadb2ef5b82b2b7d1a28700.jpg
https://gss2.bdstatic.com/9fo3dSag_xI4khGkpoWK1HF6hhy/baike/c0%3Dbaike116%2C5%2C5%2C116%2C38/sign=fc154bb8f4246b606f03ba268a917129/11385343fbf2b211d10f90a5c88065380cd78e33.jpg
https://gss2.bdstatic.com/-fo3dSag_xI4khGkpoWK1HF6hhy/baike/c0%3Dbaike116%2C5%2C5%2C116%2C38/sign=591066ea0855b31988f48a2722c0e943/a08b87d6277f9e2ff1db37e31d30e924b999f36b.jpg
https://gss1.bdstatic.com/9vo3dSag_xI4khGkpoWK1HF6hhy/baike/c0%3Dbaike116%2C5%2C5%2C116%2C38/sign=29de0603be3eb13550cabfe9c777c3b6/4610b912c8fcc3ce6a29e3d89045d688d53f206b.jpg
https://gss1.bdstatic.com/9vo3dSag_xI4khGkpoWK1HF6hhy/baike/c0%3Dbaike116%2C5%2C5%2C116%2C38/sign=0a16e3d89045d688b70fbaf6c5ab167b/0e2442a7d933c89518a8b290d31373f083020002.jpg
https://gss3.bdstatic.com/7Po3dSag_xI4khGkpoWK1HF6hhy/baike/c0%3Dbaike80%2C5%2C5%2C80%2C26/sign=e67c8d90d31373f0e13267cdc566209e/5ab5c9ea15ce36d3e20696db38f33a87e850b1de.jpg

https://gss0.bdstatic.com/-4o3dSag_xI4khGkpoWK1HF6hhy/baike/c0%3Dbaike80%2C5%2C5%2C80%2C26/sign=7b98d2c09f16fdfacc61cebcd5e6e731/f636afc379310a556f6ef71fb54543a983261096.jpg
https://gss1.bdstatic.com/9vo3dSag_xI4khGkpoWK1HF6hhy/baike/c0%3Dbaike116%2C5%2C5%2C116%2C38/sign=3881b5378813632701e0ca61f0e6cb89/f31fbe096b63f624423e10e88544ebf81b4ca3fd.jpg
https://gss1.bdstatic.com/-vo3dSag_xI4khGkpoWK1HF6hhy/baike/c0%3Dbaike80%2C5%2C5%2C80%2C26/sign=d083ae2041166d222c7a1dc6274a6292/48540923dd54564e1720cdd2b1de9c82d0584f97.jpg
https://gss3.bdstatic.com/-Po3dSag_xI4khGkpoWK1HF6hhy/baike/c0%3Dbaike80%2C5%2C5%2C80%2C26/sign=08c1160a60d9f2d3341c2cbdc885e176/9c16fdfaaf51f3dec7ba908f96eef01f3b2979d4.jpg
https://gss0.bdstatic.com/94o3dSag_xI4khGkpoWK1HF6hhy/baike/c0%3Dbaike92%2C5%2C5%2C92%2C30/sign=024f8fc8b27eca80060831b5f04afcb8/c2fdfc039245d68864619b4fa6c27d1ed31b24fd.jpg
https://gss2.bdstatic.com/-fo3dSag_xI4khGkpoWK1HF6hhy/baike/c0%3Dbaike92%2C5%2C5%2C92%2C30/sign=e170a5e399504fc2b652b85784b48c74/d833c895d143ad4b1f4d6f2b80025aafa50f06fd.jpg

https://gss3.bdstatic.com/-Po3dSag_xI4khGkpoWK1HF6hhy/baike/c0%3Dbaike80%2C5%2C5%2C80%2C26/sign=de216c504510b912abccfeaca2949766/09fa513d269759ee2e5d4b20b0fb43166c22dfcf.jpg
https://gss0.bdstatic.com/94o3dSag_xI4khGkpoWK1HF6hhy/baike/c0%3Dbaike92%2C5%2C5%2C92%2C30/sign=703e653756e736d14c1e845afa3924a7/9f510fb30f2442a71103d64ed343ad4bd01302cf.jpg
https://gss3.bdstatic.com/-Po3dSag_xI4khGkpoWK1HF6hhy/baike/c0%3Dbaike116%2C5%2C5%2C116%2C38/sign=f3c69bc3347adab429dd1311eabdd879/562c11dfa9ec8a1368f87f0bf503918fa1ecc07e.jpg
https://gss1.bdstatic.com/9vo3dSag_xI4khGkpoWK1HF6hhy/baike/c0%3Dbaike80%2C5%2C5%2C80%2C26/sign=2eecbf9faf345982d187edc06d9d5ac8/ac6eddc451da81cb80eaa8265066d016082431c8.jpg
https://gss0.bdstatic.com/94o3dSag_xI4khGkpoWK1HF6hhy/baike/c0%3Dbaike80%2C5%2C5%2C80%2C26/sign=f1eed53474094b36cf9f13bfc2a517bc/d1160924ab18972b14442b21e4cd7b899f510ada.jpg
https://gss0.bdstatic.com/94o3dSag_xI4khGkpoWK1HF6hhy/baike/c0%3Dbaike80%2C5%2C5%2C80%2C26/sign=a8e1e3c44334970a537e187df4a3baad/a8014c086e061d950a491cd379f40ad163d9cac9.jpg
https://gss1.bdstatic.com/-vo3dSag_xI4khGkpoWK1HF6hhy/baike/c0%3Dbaike80%2C5%2C5%2C80%2C26/sign=21d773dd1f950a7b613846966bb809bc/e61190ef76c6a7efa3c480cdfffaaf51f2de667e.jpg
https://gss3.bdstatic.com/-Po3dSag_xI4khGkpoWK1HF6hhy/baike/c0%3Dbaike80%2C5%2C5%2C80%2C26/sign=8901c853d63f8794c7f2407cb3726591/6c224f4a20a4462312b38e899a22720e0df3d7db.jpg
https://gss2.bdstatic.com/9fo3dSag_xI4khGkpoWK1HF6hhy/baike/c0%3Dbaike80%2C5%2C5%2C80%2C26/sign=83fa8e899a22720e6fc3eaa81aa26123/9d82d158ccbf6c810a070703be3eb13533fa402c.jpg
https://gss2.bdstatic.com/9fo3dSag_xI4khGkpoWK1HF6hhy/baike/c0%3Dbaike80%2C5%2C5%2C80%2C26/sign=492dafca9113b07ea9b0585a6dbefa46/d788d43f8794a4c2cfc1cfc00cf41bd5ac6e397e.jpg
https://gss0.bdstatic.com/94o3dSag_xI4khGkpoWK1HF6hhy/baike/c0%3Dbaike80%2C5%2C5%2C80%2C26/sign=e60e32f5bb389b502cf2e800e45c8eb8/ac4bd11373f082028a70b9d449fbfbedaa641b7e.jpg
