
https://gss2.bdstatic.com/-fo3dSag_xI4khGkpoWK1HF6hhy/baike/c0%3Dbaike92%2C5%2C5%2C92%2C30/sign=27fb93fa5366d0166a14967af642bf62/d6ca7bcb0a46f21fa0294e64f7246b600c33aee3.jpg
https://gss3.bdstatic.com/7Po3dSag_xI4khGkpoWK1HF6hhy/baike/c0%3Dbaike92%2C5%2C5%2C92%2C30/sign=c1ed5e8e9f510fb36c147fc5b85aa3f0/8644ebf81a4c510ffed9f22d6159252dd42aa5e3.jpg
https://gss2.bdstatic.com/9fo3dSag_xI4khGkpoWK1HF6hhy/baike/c0%3Dbaike92%2C5%2C5%2C92%2C30/sign=1a43ef8764380cd7f213aabfc02dc651/9345d688d43f87940eff5819d31b0ef41bd53a80.jpg
https://gss0.bdstatic.com/94o3dSag_xI4khGkpoWK1HF6hhy/baike/c0%3Dbaike92%2C5%2C5%2C92%2C30/sign=9344264879f0f736ccf344536b3cd87c/b7003af33a87e9500d0ae35b11385343fbf2b4e3.jpg
https://gss0.bdstatic.com/94o3dSag_xI4khGkpoWK1HF6hhy/baike/c0%3Dbaike92%2C5%2C5%2C92%2C30/sign=02b0d304728da9775a228e79d138937c/96dda144ad345982fa97f5a50df431adcbef84e3.jpg
https://gss0.bdstatic.com/94o3dSag_xI4khGkpoWK1HF6hhy/baike/c0%3Dbaike92%2C5%2C5%2C92%2C30/sign=77d2eb1c9c16fdfacc61cebcd5e6e731/faedab64034f78f0270b8ac478310a55b3191c80.jpg
https://gss3.bdstatic.com/-Po3dSag_xI4khGkpoWK1HF6hhy/baike/c0%3Dbaike92%2C5%2C5%2C92%2C30/sign=77bff45fcdbf6c81e33a24badd57da50/dbb44aed2e738bd45821a206a08b87d6277ff981.jpg
https://gss3.bdstatic.com/-Po3dSag_xI4khGkpoWK1HF6hhy/baike/c0%3Dbaike92%2C5%2C5%2C92%2C30/sign=d3cc2dfd503d26973ade000f3492d99e/3b292df5e0fe9925cf11796735a85edf8db171e3.jpg
https://gss0.bdstatic.com/94o3dSag_xI4khGkpoWK1HF6hhy/baike/c0%3Dbaike92%2C5%2C5%2C92%2C30/sign=7f00420ec83d70cf58f7a25f99b5ba65/7af40ad162d9f2d3571234d8a8ec8a136327cc81.jpg
https://gss2.bdstatic.com/9fo3dSag_xI4khGkpoWK1HF6hhy/baike/c0%3Dbaike92%2C5%2C5%2C92%2C30/sign=4bd9f22d6159252db71a155655f2685e/960a304e251f95ca43e88281c8177f3e670952e3.jpg
https://gss0.bdstatic.com/-4o3dSag_xI4khGkpoWK1HF6hhy/baike/c0%3Dbaike92%2C5%2C5%2C92%2C30/sign=93aa81c57c1ed21b6dc426b7cc07b6a1/42166d224f4a20a4521d2cf091529822720ed081.jpg
https://gss1.bdstatic.com/-vo3dSag_xI4khGkpoWK1HF6hhy/baike/c0%3Dbaike92%2C5%2C5%2C92%2C30/sign=b5187644faf2b211f0238d1cabe90e5d/b812c8fcc3cec3fd5923b742d788d43f879427e3.jpg
https://gss2.bdstatic.com/-fo3dSag_xI4khGkpoWK1HF6hhy/baike/c0%3Dbaike92%2C5%2C5%2C92%2C30/sign=e6abf444ac4bd11310c0bf603bc6cf6a/242dd42a2834349b2d057eb2c8ea15ce36d3be81.jpg
https://gss2.bdstatic.com/-fo3dSag_xI4khGkpoWK1HF6hhy/baike/c0%3Dbaike92%2C5%2C5%2C92%2C30/sign=7dc5deeaaa64034f1bc0ca54ceaa1254/37d3d539b6003af30cb9cc57342ac65c1038b681.jpg
https://gss0.bdstatic.com/94o3dSag_xI4khGkpoWK1HF6hhy/baike/c0%3Dbaike92%2C5%2C5%2C92%2C30/sign=53706ac5d462853586edda73f1861da3/d043ad4bd11373f04a227fa8a50f4bfbfbed04e3.jpg
https://gss3.bdstatic.com/7Po3dSag_xI4khGkpoWK1HF6hhy/baike/c0%3Dbaike92%2C5%2C5%2C92%2C30/sign=b727a31f377adab429dd1311eabdd879/30adcbef76094b36e3910bdaa2cc7cd98d109d81.jpg
https://gss2.bdstatic.com/9fo3dSag_xI4khGkpoWK1HF6hhy/baike/c0%3Dbaike92%2C5%2C5%2C92%2C30/sign=7d41bb28060828387c00d446d9f0c264/203fb80e7bec54e76cef0a29b8389b504fc26a81.jpg
https://gss3.bdstatic.com/7Po3dSag_xI4khGkpoWK1HF6hhy/baike/c0%3Dbaike92%2C5%2C5%2C92%2C30/sign=1cca2fd663d9f2d3341c2cbdc885e176/91ef76c6a7efce1bfa28d8fdae51f3deb48f6581.jpg
https://gss0.bdstatic.com/-4o3dSag_xI4khGkpoWK1HF6hhy/baike/c0%3Dbaike92%2C5%2C5%2C92%2C30/sign=69eaf4cfa686c9171c0e5a6ba8541baa/6f061d950a7b020887d42fd663d9f2d3572cc8ec.jpg
https://gss1.bdstatic.com/-vo3dSag_xI4khGkpoWK1HF6hhy/baike/c0%3Dbaike92%2C5%2C5%2C92%2C30/sign=c5dde6c9c2fdfc03f175ebeab556ecf1/09fa513d269759ee304c70fcb3fb43166d22dfec.jpg
https://gss3.bdstatic.com/-Po3dSag_xI4khGkpoWK1HF6hhy/baike/c0%3Dbaike92%2C5%2C5%2C92%2C30/sign=c6e574dd80cb39dbd5cd6f04b17f6241/9922720e0cf3d7ca60ea2f41f31fbe096b63a9ec.jpg
https://gss0.bdstatic.com/94o3dSag_xI4khGkpoWK1HF6hhy/baike/c0%3Dbaike92%2C5%2C5%2C92%2C30/sign=9acd1f80e850352aa56c2d5a322a9097/d000baa1cd11728be72e9c15c9fcc3cec3fd2c81.jpg
https://gss2.bdstatic.com/-fo3dSag_xI4khGkpoWK1HF6hhy/baike/c0%3Dbaike92%2C5%2C5%2C92%2C30/sign=3474961eeac4b7452099bf44ae957572/11385343fbf2b211ad329579cb8065380cd78eec.jpg
https://gss0.bdstatic.com/-4o3dSag_xI4khGkpoWK1HF6hhy/baike/c0%3Dbaike92%2C5%2C5%2C92%2C30/sign=90d913d62e2eb938f86072a0b40bee50/0e2442a7d933c895157d884cd01373f082020081.jpg
https://gss2.bdstatic.com/9fo3dSag_xI4khGkpoWK1HF6hhy/baike/c0%3Dbaike92%2C5%2C5%2C92%2C30/sign=4f28d8fdae51f3ded7bfb136f5879b7a/024f78f0f736afc3ab0f2f52b219ebc4b7451281.jpg
https://gss2.bdstatic.com/-fo3dSag_xI4khGkpoWK1HF6hhy/baike/c0%3Dbaike92%2C5%2C5%2C92%2C30/sign=3b6a73499358d109d0eea1e0b031a7da/b21bb051f8198618d044ffb34bed2e738bd4e682.jpg
https://gss2.bdstatic.com/-fo3dSag_xI4khGkpoWK1HF6hhy/baike/c0%3Dbaike92%2C5%2C5%2C92%2C30/sign=50b67ce93c6d55fbd1cb7e740c4b242f/9825bc315c6034a828fea8b6ca134954092376ec.jpg
https://gss1.bdstatic.com/-vo3dSag_xI4khGkpoWK1HF6hhy/baike/c0%3Dbaike92%2C5%2C5%2C92%2C30/sign=2cf68281c8177f3e0439f45f11a650a2/1c950a7b02087bf4f7ef47def3d3572c11dfcf82.jpg
https://gss2.bdstatic.com/9fo3dSag_xI4khGkpoWK1HF6hhy/baike/c0%3Dbaike92%2C5%2C5%2C92%2C30/sign=78b46217b812c8fca0fefe9f9d6af920/f603918fa0ec08fa5b02039058ee3d6d55fbda82.jpg
https://gss3.bdstatic.com/7Po3dSag_xI4khGkpoWK1HF6hhy/baike/c0%3Dbaike92%2C5%2C5%2C92%2C30/sign=29211ff43b87e950561afb3e71513826/f9dcd100baa1cd11edaa6217b812c8fcc3ce2dec.jpg

https://gss1.bdstatic.com/-vo3dSag_xI4khGkpoWK1HF6hhy/baike/c0%3Dbaike150%2C5%2C5%2C150%2C50/sign=f5552bdd5ee736d14c1e845afa3924a7/9358d109b3de9c829c039c8e6681800a19d84348.jpg
https://gss2.bdstatic.com/-fo3dSag_xI4khGkpoWK1HF6hhy/baike/c0%3Dbaike150%2C5%2C5%2C150%2C50/sign=7f306923b91bb0519b29bb7a5713b1d1/f603918fa0ec08fa877a76a653ee3d6d55fbdabd.jpg
https://gss0.bdstatic.com/94o3dSag_xI4khGkpoWK1HF6hhy/baike/c0%3Dbaike116%2C5%2C5%2C116%2C38/sign=3c3b649954df8db1a8237436684ab631/241f95cad1c8a786a94c2f0f6d09c93d70cf5048.jpg
https://gss2.bdstatic.com/-fo3dSag_xI4khGkpoWK1HF6hhy/baike/c0%3Dbaike92%2C5%2C5%2C92%2C30/sign=a4fb1721b312c8fca0fefe9f9d6af920/f603918fa0ec08fa874d76a653ee3d6d55fbda66.jpg
https://gss3.bdstatic.com/7Po3dSag_xI4khGkpoWK1HF6hhy/baike/c0%3Dbaike92%2C5%2C5%2C92%2C30/sign=608f41eea3ec8a1300175fb2966afaea/9c16fdfaaf51f3de832cdc659eeef01f3a297910.jpg

https://gss3.bdstatic.com/7Po3dSag_xI4khGkpoWK1HF6hhy/baike/c0%3Dbaike180%2C5%2C5%2C180%2C60/sign=756300620cf431ada8df4b6b2a5fc7ca/95eef01f3a292df5272a49e5bc315c6035a87351.jpg
https://gss0.bdstatic.com/-4o3dSag_xI4khGkpoWK1HF6hhy/baike/c0%3Dbaike150%2C5%2C5%2C150%2C50/sign=a8bfe4685edf8db1a8237436684ab631/9e3df8dcd100baa139cea24b4710b912c9fc2e64.jpg
https://gss3.bdstatic.com/-Po3dSag_xI4khGkpoWK1HF6hhy/baike/c0%3Dbaike116%2C5%2C5%2C116%2C38/sign=e2076cfeb13533fae1bb9b7cc9ba967a/b812c8fcc3cec3fd07dc4285d688d43f86942764.jpg
https://gss3.bdstatic.com/7Po3dSag_xI4khGkpoWK1HF6hhy/baike/c0%3Dbaike180%2C5%2C5%2C180%2C60/sign=ac38842736d12f2eda08a6322eabbe07/9358d109b3de9c82068c1c7f6c81800a18d84351.jpg
https://gss0.bdstatic.com/94o3dSag_xI4khGkpoWK1HF6hhy/baike/c0%3Dbaike150%2C5%2C5%2C150%2C50/sign=3b1a524ba61ea8d39e2f7c56f6635b2b/1ad5ad6eddc451da892be91bb6fd5266d1163264.jpg
https://gss3.bdstatic.com/-Po3dSag_xI4khGkpoWK1HF6hhy/baike/c0%3Dbaike150%2C5%2C5%2C150%2C50/sign=a3332ddf4134970a537e187df4a3baad/50da81cb39dbb6fd598600d60924ab18962b3764.jpg
https://gss1.bdstatic.com/9vo3dSag_xI4khGkpoWK1HF6hhy/baike/c0%3Dbaike72%2C5%2C5%2C72%2C24/sign=61ae20c831adcbef15397654cdc645b8/38dbb6fd5266d016b8288724972bd40735fa358c.jpg
https://gss3.bdstatic.com/-Po3dSag_xI4khGkpoWK1HF6hhy/baike/c0%3Dbaike92%2C5%2C5%2C92%2C30/sign=d8592fa35aafa40f28cbc68fca0d682a/023b5bb5c9ea15ce9d7a7898b6003af33b87b28f.jpg
https://gss3.bdstatic.com/7Po3dSag_xI4khGkpoWK1HF6hhy/baike/c0%3Dbaike92%2C5%2C5%2C92%2C30/sign=f4159c6df8198618554ae7d62b844516/d1a20cf431adcbef3107670aacaf2edda3cc9f8e.jpg
https://gss2.bdstatic.com/9fo3dSag_xI4khGkpoWK1HF6hhy/baike/c0%3Dbaike116%2C5%2C5%2C116%2C38/sign=d61ecc5ff01f3a294ec5dd9cf84cd754/32fa828ba61ea8d3a7551985970a304e251f583f.jpg
https://gss1.bdstatic.com/9vo3dSag_xI4khGkpoWK1HF6hhy/baike/c0%3Dbaike72%2C5%2C5%2C72%2C24/sign=8df8fbf67bcb0a46912f836b0a0a9d41/6d81800a19d8bc3e303e1fc6828ba61ea8d34583.jpg

https://gss2.bdstatic.com/9fo3dSag_xI4khGkpoWK1HF6hhy/baike/c0%3Dbaike116%2C5%2C5%2C116%2C38/sign=c400adacc91349546a13e0363727f93d/d0c8a786c9177f3efdd6e92072cf3bc79f3d5638.jpg

https://gss0.bdstatic.com/94o3dSag_xI4khGkpoWK1HF6hhy/baike/c0%3Dbaike92%2C5%2C5%2C92%2C30/sign=7a46f40eb2de9c82b268f1dd0de8eb6f/f9198618367adab4a2f30b748ad4b31c8701e4e2.jpg
https://gss0.bdstatic.com/-4o3dSag_xI4khGkpoWK1HF6hhy/baike/c0%3Dbaike92%2C5%2C5%2C92%2C30/sign=69d4f4cfa686c9171c0e5a6ba8541baa/6f061d950a7b020887ea2fd663d9f2d3572cc8e2.jpg
https://gss0.bdstatic.com/94o3dSag_xI4khGkpoWK1HF6hhy/baike/c0%3Dbaike92%2C5%2C5%2C92%2C30/sign=89cbb5559922720e6fc3eaa81aa26123/574e9258d109b3de1cbef45fcdbf6c81800a4c87.jpg
https://gss1.bdstatic.com/9vo3dSag_xI4khGkpoWK1HF6hhy/baike/c0%3Dbaike92%2C5%2C5%2C92%2C30/sign=f1092c23aa18972bb737089887a410ec/f31fbe096b63f6244a7f29348644ebf81a4ca3e2.jpg
https://gss3.bdstatic.com/-Po3dSag_xI4khGkpoWK1HF6hhy/baike/c0%3Dbaike92%2C5%2C5%2C92%2C30/sign=9616e35b1138534398c28f73f27adb1b/738b4710b912c8fc60f2e6fafd039245d6882187.jpg
https://gss3.bdstatic.com/7Po3dSag_xI4khGkpoWK1HF6hhy/baike/c0%3Dbaike92%2C5%2C5%2C92%2C30/sign=38e18443ac345982d187edc06d9d5ac8/7c1ed21b0ef41bd50252f8c350da81cb39db3d87.jpg
https://gss1.bdstatic.com/9vo3dSag_xI4khGkpoWK1HF6hhy/baike/c0%3Dbaike92%2C5%2C5%2C92%2C30/sign=f65a66ae8326cffc7d27b7e0d86821f5/b3119313b07eca80242729d0902397dda14483e2.jpg
https://gss0.bdstatic.com/-4o3dSag_xI4khGkpoWK1HF6hhy/baike/c0%3Dbaike92%2C5%2C5%2C92%2C30/sign=7a6caed3b21c8701c2bbbab44616f54a/2fdda3cc7cd98d1055f61c06203fb80e7bec90e2.jpg
https://gss3.bdstatic.com/-Po3dSag_xI4khGkpoWK1HF6hhy/baike/c0%3Dbaike92%2C5%2C5%2C92%2C30/sign=f6c9c5f99825bc313f5009ca3fb6e6d4/42a98226cffc1e1751be9c064b90f603738de980.jpg
https://gss2.bdstatic.com/-fo3dSag_xI4khGkpoWK1HF6hhy/baike/c0%3Dbaike92%2C5%2C5%2C92%2C30/sign=e40c462063d0f703f2bf9d8e69933a58/f2deb48f8c5494ee9e001f2e2cf5e0fe99257ee2.jpg
https://gss3.bdstatic.com/-Po3dSag_xI4khGkpoWK1HF6hhy/baike/c0%3Dbaike92%2C5%2C5%2C92%2C30/sign=c0c6a78ca71ea8d39e2f7c56f6635b2b/267f9e2f07082838ec0ccc23b999a9014c08f180.jpg
https://gss2.bdstatic.com/9fo3dSag_xI4khGkpoWK1HF6hhy/baike/c0%3Dbaike92%2C5%2C5%2C92%2C30/sign=cb0055c83ac79f3d9becec62dbc8a674/63d9f2d3572c11dfabd1af14622762d0f703c280.jpg
https://gss1.bdstatic.com/9vo3dSag_xI4khGkpoWK1HF6hhy/baike/c0%3Dbaike92%2C5%2C5%2C92%2C30/sign=8378f38fd53f8794c7f2407cb3726591/3c6d55fbb2fb43167c1f6a4d21a4462309f7d380.jpg
https://gss0.bdstatic.com/-4o3dSag_xI4khGkpoWK1HF6hhy/baike/c0%3Dbaike92%2C5%2C5%2C92%2C30/sign=b316f10034fae6cd18b9a3336eda6441/f7246b600c338744cfc53f4b500fd9f9d72aa080.jpg
https://gss0.bdstatic.com/-4o3dSag_xI4khGkpoWK1HF6hhy/baike/c0%3Dbaike92%2C5%2C5%2C92%2C30/sign=90f813d62e2eb938f86072a0b40bee50/0e2442a7d933c895155c884cd01373f0820200e2.jpg
https://gss0.bdstatic.com/94o3dSag_xI4khGkpoWK1HF6hhy/baike/c0%3Dbaike92%2C5%2C5%2C92%2C30/sign=77f0eb1c9c16fdfacc61cebcd5e6e731/faedab64034f78f027298ac478310a55b3191ce2.jpg
https://gss1.bdstatic.com/9vo3dSag_xI4khGkpoWK1HF6hhy/baike/c0%3Dbaike80%2C5%2C5%2C80%2C26/sign=d2e9961b8601a18be4e61a1dff466c6d/3801213fb80e7bec0dda13d62e2eb9389b506b80.jpg

https://gss2.bdstatic.com/9fo3dSag_xI4khGkpoWK1HF6hhy/baike/c0%3Dbaike92%2C5%2C5%2C92%2C30/sign=98ee722b10dfa9ece9235e4503b99c66/cf1b9d16fdfaaf5199e391888d5494eef01f7a80.jpg
https://gss0.bdstatic.com/94o3dSag_xI4khGkpoWK1HF6hhy/baike/c0%3Dbaike92%2C5%2C5%2C92%2C30/sign=7f1e420ec83d70cf58f7a25f99b5ba65/7af40ad162d9f2d3570c34d8a8ec8a136327cce3.jpg
https://gss2.bdstatic.com/-fo3dSag_xI4khGkpoWK1HF6hhy/baike/c0%3Dbaike92%2C5%2C5%2C92%2C30/sign=cdeee6fafd039245b5b8e95de6fdcfa7/503d269759ee3d6d5bdb97fc42166d224f4adee3.jpg
