
http://e.share.photo.xuite.net/bruce0342/1e07d85/10988499/513019314_m.jpg	http://bruce0342.blogspot.com/2008/11/blog-post_13.html
http://www.taiwanplant.org.tw/attachment.php?fid=1315	http://www.taiwanplant.org.tw/read.php/55.htm
http://baotang.meishic.com/uploadfile/2011/1024/20111024101623136.jpg	http://baotang.meishic.com/shicai/1NMDAwMDAwMTU1NA.html
https://5.share.photo.xuite.net/wmwm5600/15762b1/11026196/515377821_m.jpg	http://blog.xuite.net/wmwm5600/blog/131246406-%E3%80%90%E4%B8%AD%E8%97%A5%E6%A4%8D%E7%89%A9%E3%80%91+%E8%95%BA+%E8%8F%9C
https://1.share.photo.xuite.net/m49.k5083/1155308/14283492/752773668_m.jpg	http://blog.xuite.net/m49.k5083/twblog/153766431-%E8%95%BA%E8%8F%9C%EF%BC%88%E9%AD%9A%E8%85%A5%E8%8D%89%EF%BC%89%E7%85%8E%E8%9B%8B
http://www.zcyzcy.com/pic/20121207110521645.jpg	http://www.zcyzcy.com/zhongyao/zcytp/521.html
http://163.23.70.123/~gg/cyberfair/0005/_Media/herbs11.jpg	http://163.23.70.123/~gg/cyberfair/0005/herbs/herbs11.html
http://pic.biodiscover.com/files/y/ti/biodiscover_7731328.jpg	http://www.biodiscover.com/image/plant/1100.html
https://3.bp.blogspot.com/-p-LSJRpMwIE/V2Kf2DQOYqI/AAAAAAAACgc/ruFn4se7uzoko2llPv_2nhjh9KT52RCtgCLcB/s1600/DSCN3332.JPG	https://writingasifeeling.blogspot.com/2016/06/blog-post_16.html
https://i.ytimg.com/vi/SDvAMJPSrQo/maxresdefault.jpg	https://www.youtube.com/watch?v=SDvAMJPSrQo
https://f.share.photo.xuite.net/cline621/1fd36fc/4046534/154428726_m.jpg	http://blog.xuite.net/cline621/nature/34190964-%E5%97%85%E8%A6%BA%E5%8D%B0%E8%A8%98%EF%BC%9A%E8%B2%BC%E8%BF%91%E7%9A%84%22%E5%91%B3%E9%81%93%22-%E9%AD%9A%E8%85%A5%E8%8D%89
http://kite.biodiv.tw/files/kite/imagecache/w1024/images/23/pict3937.jpg	http://kite.biodiv.tw/gallery/taxonomy/16494
http://1833.img.pp.sohu.com.cn/images/blog/2009/6/5/11/10/1225a8d348cg213.jpg	http://fabales.blog.sohu.com/117893881.html
https://gss1.bdstatic.com/9vo3dSag_xI4khGkpoWK1HF6hhy/baike/c0%3Dbaike60%2C5%2C5%2C60%2C20/sign=7aa1d5c8a864034f1bc0ca54ceaa1254/342ac65c10385343caa89c349013b07eca8088bb.jpg	https://baike.baidu.com/item/%E8%95%BA%E8%8F%9C
http://www.zcyzcy.com/pic/20121207110629421.jpg	http://www.zcyzcy.com/zhongyao/zcytp/521.html
https://5.share.photo.xuite.net/wmwm5600/15762b8/11026196/515377572_m.jpg	http://blog.xuite.net/wmwm5600/blog/131246406-%E3%80%90%E4%B8%AD%E8%97%A5%E6%A4%8D%E7%89%A9%E3%80%91+%E8%95%BA+%E8%8F%9C
http://www.100md.com/images/tcm/2005/43-b-1-%E8%95%BA%E8%8F%9C-zw-yuxingcao.jpg	http://www.100md.com/html/dirdu/2005/08/11/69/79/60.htm
http://www.rensheng2.com/upload/2015/09/19/416153cb-7049-4e26-9827-d674be2a9ee6.jpg	http://www.rensheng2.com/440000/435049.shtml
http://scitech.people.com.cn/mediafile/200708/30/F200708301614111706318371.bmp	http://scitech.people.com.cn/GB/25509/99037/99062/99189/99600/6194666.html
http://e.share.photo.xuite.net/bruce0342/1e07d30/10988499/513015901_m.jpg	http://bruce0342.blogspot.com/2008/11/blog-post_13.html
http://image.digitalarchives.tw/ImageCache/00/6c/ef/2b.jpg	http://catalog.digitalarchives.tw/item/00/6d/45/52.html
http://www.baihuamen.com/d/file/2014/05-24/1d699691af0f2a1d22fcce2c9332df7d.jpg	http://www.baihuamen.com/cai/
http://www.51hm.cn/zwpic/%E8%95%BA%E8%8F%9C2.jpg	http://www.51hm.cn/zw/zwshow.asp?zwid=2360
http://e.share.photo.xuite.net/bruce0342/1e07d3f/10988499/512891500_m.jpg	http://bruce0342.blogspot.com/2008/11/blog-post_13.html
http://www.zcyzcy.com/pic/20121207110615613.jpg	http://www.zcyzcy.com/zhongyao/zcytp/521.html
http://www.51hm.cn/zwpic/%E8%95%BA%E8%8F%9C3.jpg	http://www.51hm.cn/zw/zwshow.asp?zwid=2360
http://www.ys8.com/uploads/161010/20-1610100934061N.jpg	http://www.ys8.com/dna/6461/
https://1.share.photo.xuite.net/m49.k5083/115538d/14283493/753044904_m.jpg	http://blog.xuite.net/m49.k5083/twblog/153768475-%E8%95%BA%E8%8F%9C%EF%BC%88%E9%AD%9A%E8%85%A5%E8%8D%89%EF%BC%89
http://www.dianshu119.com/uploads/201405/14001633927bVIP6Vy.jpg	http://www.dianshu119.com/index.php?doc-view-2189.html
http://www.nykjzf.com/images/201612/goods_img/102_P_1482675843048.jpg	http://www.nykjzf.com/goods-102.html
http://www.baihuamen.com/d/file/2014/05-24/0b75fce8b617f11678753cb37fa8bffe.jpg	http://www.baihuamen.com/cai/
http://www.fjkpjd.com/uploads/userup/63/13HT0W3-K29.png	http://www.fjkpjd.com/jdpic/201307032776.html
http://img.xunhai.com/2015/11/26/144847619521173.jpg	http://www.xunhai.com/jicai/2015/1126/3494.html
http://img.zyjd.co/images/zyyd/zyc/zyc0934.jpg	http://zyjd.co/zyyd/zycDetail.jsp?id=934
http://www.nykjzf.com/images/201612/goods_img/102_G_1482675843816.jpg	http://www.nykjzf.com/mobile/goods-102.html
http://kplant.biodiv.tw/%E9%AD%9A%E8%85%A5%E8%8D%89/%E9%AD%9A%E8%85%A5%E8%8D%8902.JPG	http://kplant.biodiv.tw/%E9%AD%9A%E8%85%A5%E8%8D%89/%E9%AD%9A%E8%85%A5%E8%8D%89.htm
http://a.share.photo.xuite.net/shakylee66/1a879af/13086675/665169372_m.jpg	http://blog.xuite.net/shakylee66/twblog/143711783-%E9%AD%9A%E8%85%A5%E8%8D%89_%E5%AF%B6%E7%88%B8%E7%9A%84%E6%A4%8D%E6%A0%BD
http://www.orangenews.hk/pic/600/10/08/91/10089119_534274.jpg	http://www.orangenews.hk/culture/system/2016/07/29/010038537.shtml
http://baotang.meishic.com/uploadfile/2011/1015/20111015051314846.jpg	http://baotang.meishic.com/shicai/1NMDAwMDAwMTU1NA.html
https://bitex-cn.com/upload/wordfile/801/801_p1..jpg	https://bitex-cn.com/?m=Dic&a=search&searchtype=bywordtype&wordtypeid=114&currentpage=9
https://gss2.bdstatic.com/9fo3dSag_xI4khGkpoWK1HF6hhy/baike/w%3D480/sign=4df24e0a0f082838680ddd1c8898a964/730e0cf3d7ca7bcb60cb223ab6096b63f624a877.jpg	https://baike.baidu.com/item/%E9%B1%BC%E8%85%A5%E8%8D%89
https://gss2.bdstatic.com/9fo3dSag_xI4khGkpoWK1HF6hhy/baike/c0%3Dbaike60%2C5%2C5%2C60%2C20/sign=230906cf75094b36cf9f13bfc2a517bc/aa18972bd40735faf469b6a99d510fb30f240800.jpg	https://baike.baidu.com/item/%E9%B1%BC%E8%85%A5%E8%8D%89
http://recipe1.hoto.cn/pic/fooddata/5d/41/82269_120.jpg	http://www.haodou.com/recipe/food/82269/
http://image97.360doc.com/DownloadImg/2016/06/0115/73052106_3	http://www.360doc.com/content/16/0601/15/19830080_564198676.shtml
http://s4.sinaimg.cn/mw690/003sae9dzy78P4pOHab63&690	http://blog.sina.com.cn/s/blog_bc9f8f830102wpso.html
https://pic.pimg.tw/teddy911405/1496717625-116995328_n.jpg	http://teddy911405.pixnet.net/blog/post/161456318-%E8%95%BA%E8%8F%9C%28%E9%AD%9A%E8%85%A5%E8%8D%89%29
http://www.baihuamen.com/d/file/2014/05-24/99c9d0208ed4ccda08558b5679d7ecaa.jpg	http://www.baihuamen.com/cai/
http://www.huaxianer.com/uploads/allimg/170427/2-1F42GA42I35.jpg	http://www.huaxianer.com/jishu/04180.html
http://www.baihuamen.com/d/file/2014/05-24/dd6b723978c55850d93fe6643778eae7.jpg	http://www.baihuamen.com/cai/
http://www.ys8.com/uploads/allimg/161216/28-161216112522.jpg	http://www.ys8.com/xinde/40446.html
http://d.share.photo.xuite.net/jimlin7777/1d398f3/14388783/759499204_m.jpg	http://blog.xuite.net/jimlin7777/twblog/154719258
http://1.share.photo.xuite.net/m49.k5083/1155341/14283492/752835421_m.jpg	http://seiming.blogspot.com/2013/09/blog-post_5886.html
https://1.share.photo.xuite.net/m49.k5083/1155371/14283493/753036172_m.jpg	http://blog.xuite.net/m49.k5083/twblog/153768475-%E8%95%BA%E8%8F%9C%EF%BC%88%E9%AD%9A%E8%85%A5%E8%8D%89%EF%BC%89
http://www.huayugu.com.cn/uploads/allimg/160216/1-1602161039540-L.jpg	http://www.huayugu.com.cn/jicai/8546.html
http://www.baihuamen.com/d/file/2014/05-24/37400d13a47621f5cf8cecdfc080feda.jpg	http://www.baihuamen.com/cai/
http://s11.sinaimg.cn/mw690/001sXXrFgy71SDA46fg0a&690	http://blog.sina.com.cn/s/blog_501e41670102wfif.html
http://www.rensheng2.com/upload/2015/09/19/83c927b2-4a7d-42a6-be36-ce23c8d7c210.jpg	http://www.rensheng2.com/440000/435049.shtml
https://5.share.photo.xuite.net/wmwm5600/15762bd/11026196/515379113_m.jpg	http://blog.xuite.net/wmwm5600/blog/131246406-%E3%80%90%E4%B8%AD%E8%97%A5%E6%A4%8D%E7%89%A9%E3%80%91+%E8%95%BA+%E8%8F%9C
http://s4.sinaimg.cn/mw690/003sae9dzy78P4pxT3R93&690	http://blog.sina.com.cn/s/blog_bc9f8f830102wpso.html
https://2.share.photo.xuite.net/tw0938499111/12d8d74/8597183/1077850293_l.jpg	http://blog.xuite.net/tw0938499111/hui/244215696
https://8.share.photo.xuite.net/brday1257/1806557/8136565/321328354_m.jpg	http://blog.xuite.net/brday1257/twblog/112194520
http://pic.pimg.tw/letterflag/1398945102-1994732984.jpg	http://letterflag.pixnet.net/blog/post/160534958-%E3%80%90%E5%BF%AB%E8%AE%80%E9%87%8E%E8%8A%B19%E3%80%91%E4%B8%89%E7%99%BD%E8%8D%89%E7%A7%91%EF%BC%9A%E8%95%BA%E8%8F%9C%28%E9%AD%9A%E8%85%A5%E8%8D%89%29%E2%80%A7%E4%B8%89%E7%99%BD
https://1.share.photo.xuite.net/m49.k5083/11553da/14283493/752846837_m.jpg	http://blog.xuite.net/m49.k5083/twblog/153768475-%E8%95%BA%E8%8F%9C%EF%BC%88%E9%AD%9A%E8%85%A5%E8%8D%89%EF%BC%89
https://cbu01.alicdn.com/img/ibank/2012/481/175/646571184_1076744843.400x400.jpg	http://detail.1688.com/offer/1191455219.html
http://s1.sinaimg.cn/large/001HdLBqzy7bvDfbnQ1ed	http://blog.sina.com.cn/s/blog_5cac4ff40102wxsx.html
https://img.diytrade.com/smimg/150664/749429-2175653-0/nn/bfc0.jpg	http://www.diseasefreetea.com/sdp/150664/2/pd-942492/553232-472102/%E9%B1%BC%E8%85%A5%E8%8D%89_%E8%95%BA%E8%8F%9C_%E4%BE%A7%E8%80%B3%E6%A0%B9_Houttuynia_cordata%E9%98%B2%E8%BE%90%E5%B0%84.html
http://xycc.tw/wp-content/uploads/A-B1-01-3.jpg	http://xycc.tw/item/%E8%95%BA%E8%8F%9C-%E9%B1%BC%E8%85%A5%E8%8D%89/
http://s1.sinaimg.cn/large/001HdLBqzy7bvDd8vPVff	http://blog.sina.com.cn/s/blog_5cac4ff40102wxsx.html
http://s8.sinaimg.cn/mw690/001sXXrFgy71SDBhb5Z87&690	http://blog.sina.com.cn/s/blog_501e41670102wfif.html
https://1.share.photo.xuite.net/m49.k5083/1155322/14283493/753042237_m.jpg	http://blog.xuite.net/m49.k5083/twblog/153768475-%E8%95%BA%E8%8F%9C%EF%BC%88%E9%AD%9A%E8%85%A5%E8%8D%89%EF%BC%89
http://cmc.todps.com/upload/20120215/20120215145424_62.jpg	http://cmc.todps.com/herbdetail.action?id=77
http://s2.sinaimg.cn/mw690/001sXXrFgy71SDAK4O521&690	http://blog.sina.com.cn/s/blog_501e41670102wfif.html
https://1.share.photo.xuite.net/y1420u/11ca6d4/10469144/482917564_m.jpg	http://blog.xuite.net/y1420u/twblog/127781639-20130603%E6%96%B0%E7%AB%B9%E5%B3%A8%E7%9C%89%E9%84%89%E8%97%A4%E5%9D%AA%E6%AD%A5%E9%81%93%E6%88%B6%E5%A4%96%E8%AA%B2%E7%85%A7%E7%89%872%2F2_%E9%A1%A7%E5%BB%B6%E4%BD%A9
http://taibnet.sinica.edu.tw/uploads_moved/20101114143620_203854.jpg	http://taibif.tw/zh/namecode/203854
http://www.rensheng2.com/upload/2015/09/19/8e1b5aea-efbd-435b-830e-65f0ae548ff5.jpg	http://www.rensheng2.com/440000/435049.shtml
http://www.pfa360.org/home/uploads/14/min(1055-426)603e2dcf9d9e73e3_14_1427684826.jpg	http://www.pfa360.org/plant/view/index/id/573
http://m.xiaohongti.com/uploadfile/2016/1203/42-161119134508.jpg	http://m.xiaohongti.com/yinshi/scyp/137102.html
http://s8.sinaimg.cn/mw690/001sXXrFgy71SDAZ6kL97&690	http://blog.sina.com.cn/s/blog_501e41670102wfif.html
https://img.diytrade.com/smimg/150664/23295198-2175654-0/nn/bef0.jpg	http://www.diseasefreetea.com/sdp/150664/2/pd-942492/553232-472102/%E9%B1%BC%E8%85%A5%E8%8D%89_%E8%95%BA%E8%8F%9C_%E4%BE%A7%E8%80%B3%E6%A0%B9_Houttuynia_cordata%E9%98%B2%E8%BE%90%E5%B0%84.html
http://www.huaxianer.com/uploads/allimg/170427/2-1F42GA4514b.jpg	http://www.huaxianer.com/jishu/04180.html
http://pic.pimg.tw/letterflag/1398945074-195013452.jpg	http://letterflag.pixnet.net/blog/post/160534958-%E3%80%90%E5%BF%AB%E8%AE%80%E9%87%8E%E8%8A%B19%E3%80%91%E4%B8%89%E7%99%BD%E8%8D%89%E7%A7%91%EF%BC%9A%E8%95%BA%E8%8F%9C%28%E9%AD%9A%E8%85%A5%E8%8D%89%29%E2%80%A7%E4%B8%89%E7%99%BD
http://www.cres.tc.edu.tw/teacher/share/%E8%8A%B1%E8%8D%89%E7%89%A9%E8%AA%9E/plants/IMAGES/039-2.jpg	http://www.cres.tc.edu.tw/teacher/share/%E8%8A%B1%E8%8D%89%E7%89%A9%E8%AA%9E/plants/039%E8%95%BA%E8%8F%9C.html
http://www.fpcn.net/uploads/allimg/131109/2-131109132U0520.JPG	http://www.fpcn.net/a/shuishengzhiwu/20131109/4387.html
http://img.xunhai.com/2015/11/26/144847618798336.jpg	http://www.xunhai.com/jicai/
https://1.share.photo.xuite.net/m49.k5083/1155316/14283493/752854833_m.jpg	http://blog.xuite.net/m49.k5083/twblog/153768475-%E8%95%BA%E8%8F%9C%EF%BC%88%E9%AD%9A%E8%85%A5%E8%8D%89%EF%BC%89
https://5.share.photo.xuite.net/hsu123.tw/15f9629/19810437/1123354276_m.jpg	http://blog.xuite.net/hsu123.tw/wretch/406078420-%E9%B1%BC%E8%85%A5%E8%8D%89%C2%A0%EF%BC%88%E4%B8%89%E7%99%BD%E8%8D%89%E7%A7%91%E8%95%BA%E8%8F%9C%E5%B1%9E%E6%A4%8D%E7%89%A9%EF%BC%89
http://s6.sinaimg.cn/mw690/001sXXrFgy71SDArdat45&690	http://blog.sina.com.cn/s/blog_501e41670102wfif.html
http://s1.sinaimg.cn/large/001HdLBqzy7bvDb89xK20	http://blog.sina.com.cn/s/blog_5cac4ff40102wxsx.html
https://cbu01.alicdn.com/img/ibank/2013/866/633/1008336668_1808125314.220x220.jpg	https://s.1688.com/kq/-D3E3D0C8B2DDD6D6D7D3.html
http://s13.sinaimg.cn/bmiddle/001sXXrFgy71SDzZmCE1c&690	http://blog.sina.cn/dpool/blog/s/blog_501e41670102wfif.html
http://img.mp.itc.cn/upload/20170419/f6dbe72c66b645b5a9ee108dd9548350_th.jpeg	http://www.sohu.com/a/134918041_732433
http://slidesplayer.com/11337586/61/images/2/%E8%AA%8D%E8%AD%98%E9%AD%9A%E8%85%A5%E8%8D%89+%E2%80%A7+%E7%A7%91%E5%90%8D%EF%BC%9A+%E4%B8%89%E7%99%BD%E8%8D%89%E7%A7%91%E3%80%81%E8%95%BA%E8%8F%9C%E5%B1%AC%E3%80%82+%E2%80%A7+%E5%88%A5%E5%90%8D%28%E5%8F%B0%E7%81%A3%29%EF%BC%9A+%E8%87%AD%E5%97%9F%E8%8D%89%E3%80%81%E8%87%AD%E8%87%8A%E8%8D%89%E3%80%82+%E2%80%A7+%E5%88%86%E4%BD%88%EF%BC%9A+%E7%94%9F%E6%96%BC%E6%BA%9D%E9%82%8A%E3%80%81%E6%BA%AA%E9%82%8A%E5%8F%8A%E6%BD%AE%E6%BF%95%E7%9A%84%E7%96%8F%E6%9E%97%E4%B8%8B%E3%80%82+%E2%80%A7+%E7%94%A8%E9%80%94%EF%BC%9A.jpg	http://slidesplayer.com/slide/11337586/
http://s3.sinaimg.cn/mw690/001sXXrFgy71SDAQg7wd2&690	http://blog.sina.com.cn/s/blog_501e41670102wfif.html
http://s4.sinaimg.cn/mw690/001sXXrFgy71SDAB3s713&690	http://blog.sina.com.cn/s/blog_501e41670102wfif.html
http://www.ys8.com/uploads/160929/20-160929163100K0.jpg	http://www.ys8.com/dna/6461/
http://www.ys8.com/uploads/161216/28-161216112225Z7.jpg	http://www.ys8.com/dna/6461/
http://pic1.huashichang.com/2015/1231/01/5684198b1af00_140_120.jpg	http://www.aihuhua.com/huahui/jicai.html
https://gw.alicdn.com/bao/uploaded/i2/T1Uzs2FvVXXXXXXXXX_!!0-item_pic.jpg_230x230.jpg	https://www.taobao.com/article/EFClDQDtCaCtCDFX.html
http://p1.pstatp.com/large/ef4001a9fee46777552	https://www.wukong.com/question/6359433761339212033/
http://pic.pimg.tw/letterflag/1398945086-561859951.jpg	http://letterflag.pixnet.net/blog/post/160534958-%E3%80%90%E5%BF%AB%E8%AE%80%E9%87%8E%E8%8A%B19%E3%80%91%E4%B8%89%E7%99%BD%E8%8D%89%E7%A7%91%EF%BC%9A%E8%95%BA%E8%8F%9C%28%E9%AD%9A%E8%85%A5%E8%8D%89%29%E2%80%A7%E4%B8%89%E7%99%BD
