
https://timg05.bdimg.com/timg?wapbaike&quality=60&size=b867_572crop=&cut_x=59&cut_y=19&cut_w=867&cut_h=572&sec=1349839550&di=f31bde8a2a3d102ef7f933c23c39c240&src=http://imgsrc.baidu.com/baike/pic/item/1e30e924b899a9018f1a3c2815950a7b0208f585.jpg	https://wapbaike.baidu.com/item/%E8%8F%8A%E8%8A%B1
http://a1.att.hudong.com/31/48/19300001333271131667482952605.jpg	http://huayu.baike.com/article-70879.html
http://img2.wutuojia.com/pic/sq_small/cms/article/20160612/232831_44935.jpg	http://www.wutuojia.com/zixun/article/6156.html
http://www.winddesktop.com/Wallpaper/00301/Original/00301_007_JIAkVB29.jpg	http://www.winddesktop.com/View_Wallpaper.aspx?PicId=5950
http://pic.nipic.com/2008-01-12/2008112174648409_2.jpg	http://www.nipic.com/show/4/79/53a99ba4c86bc8de.html
http://img05.tooopen.com/images/20141009/sy_72610234293.jpg	http://www.tooopen.com/img/856_862.aspx
http://www.yuanlin8.com/uploadfile/201104/4/1048144205.jpg	http://www.yuanlin8.com/plants/5684.html
http://img03.tooopen.com/images/20130527/tooopen_00351920.jpg	http://www.tooopen.com/tag/%E8%8F%8A%E8%8A%B1%E7%B4%A0%E6%9D%90.aspx
http://pic12.nipic.com/20110218/4692880_171509214123_2.jpg	http://www.nipic.com/show/4258717.html
http://img0.pclady.com.cn/pclady/1706/05/1719904_12508990.jpg	http://health.pclady.com.cn/healthzq/jh/
http://i6.download.fd.pchome.net/g1/M00/10/11/oYYBAFWceICIW8sJAAXJOwaZFR0AAClRgAGLsUABclT590.jpg	http://download.pchome.net/wallpaper/info-7503-16-1.html
http://pic.nipic.com/2008-02-22/20082228511542_2.jpg	http://www.nipic.com/show/1/44/380142769e34c4b6.html
http://img.39yst.com/uploads/2015/0617/1434506925451.jpg	http://m.39yst.com/flist/1223402.shtml
http://p.ayxbk.com/images/6/69/Bk295.jpg	http://www.a-hospital.com/w/%E8%8F%8A%E8%8A%B1
http://www.jieju.cn/baikeimages/images/1626443650.jpg	http://www.jieju.cn/baike/detail482.html
http://i.epochtimes.com/assets/uploads/2007/05/705091056191535.jpg	http://www.epochtimes.com/b5/tag/%E8%8F%8A%E8%8A%B1.html
http://img0.pclady.com.cn/pclady/1703/31/1693409_12506303.jpg	http://health.pclady.com.cn/healthzq/yjh/
http://www.quanhuhh.com/static/upload/imgs/20150610053001_21.jpg	http://www.quanhuhh.com/shop-flower-50.html
http://a4.att.hudong.com/27/73/01300000178518123867739864234_s.jpg	http://www.baike.com/wiki/%E8%8F%8A%E8%8A%B1
http://img1.ttymq.com/201609/21/59628_1474418452o4wP.jpg	http://home.ttymq.com/space-59628-do-blog-id-99488.html
http://a1.att.hudong.com/00/74/01300000178518123867742377618_s.jpg	http://www.baike.com/wiki/%E8%8F%8A%E8%8A%B1
http://a0.att.hudong.com/22/56/01300534872876136274563842744_s.png	http://www.baike.com/wiki/%E8%8F%8A%E8%8A%B1
http://www.wallcoo.com/flower/flower_Chrysanthemum_daisy_1024/mxxx01/%5Bwallcoo.com%5D_Chrysanthemum_flower_0155378.jpg	https://tieba.baidu.com/p/588783872
https://img.imynest.com/uploads/0/C8/0C86F5F950.jpeg	https://www.imynest.com/content/208061.html
http://wallcoo.com/flower/flower_Chrysanthemum_daisy_1024/mxxx01/%5Bwallcoo.com%5D_Chrysanthemum_flowerEZ045.jpg	http://wallcoo.com/flower/flower_Chrysanthemum_daisy_1024/html/image24.html
http://pic.nipic.com/2008-03-13/2008313111242252_2.jpg	http://www.nipic.com/show/4/79/7d227f533359dbc9.html
http://img04.tooopen.com/images/20130319/tooopen_16453876.jpg	http://www.tooopen.com/topiclist/6976.aspx
http://m1.ablwang.com/uploadfile/2012/1115/20121115033825617.jpg	http://hk.aboluowang.com/2012/1115/268878.html
http://the-sun.on.cc/cnt/lifestyle/20110920/photo/0920-00479-004b2.jpg	http://the-sun.on.cc/cnt/lifestyle/20110920/00479_004.html
http://a1.att.hudong.com/65/57/19300001382667132136573956174.jpg	http://yanghua.baike.com/article-101327.html
http://pic8.nipic.com/20100706/4975242_000648737370_2.jpg	http://www.nipic.com/show/3375384.html
https://i2.kknews.cc/large/f730000927e2d42400a	https://kknews.cc/news/mg5yayp.html
http://pic4.nipic.com/20090722/2082016_084754044_2.jpg	https://tieba.baidu.com/p/1465464534
http://www.wdptj.com/wp-content/uploads/2016/09/245.jpg	http://www.wdptj.com/26572.html
http://pic13.nipic.com/20110324/2531170_180849770732_2.jpg	http://www.nipic.com/show/1/44/4378100kbc403b04.html
https://upload.wikimedia.org/wikipedia/commons/thumb/f/fa/Chrysanthemums.jpg/250px-Chrysanthemums.jpg	https://zh.wikipedia.org/wiki/%E8%8F%8A%E5%B1%9E
http://www.tcm100.com/Images_ZhongYaoXue/Juhua-YaoCai.jpg	http://www.tcm100.com/userReg/JiaoCai/ZhongYaoXue/zzZhongYao22.htm
http://www.tcm100.com/Images_ZhongYaoXue/Juhua-YuanTai.jpg	http://www.tcm100.com/userReg/JiaoCai/ZhongYaoXue/zzZhongYao22.htm
http://pic2.nipic.com/20090429/2497408_174620057_2.jpg	http://www.nipic.com/show/1/44/77adfaaa47cfd54f.html
http://a4.att.hudong.com/55/74/01300000178518123867745935505_s.jpg	http://www.baike.com/wiki/%E8%8F%8A%E8%8A%B1
http://c3-q.mafengwo.net/s6/M00/D2/47/wKgB4lIy0vWAahA1AAE_jKz3oGY99.jpeg?imageView2%2F2%2Fw%2F2000%2Fh%2F600%2Fq%2F90%7Cwatermark%2F3%2Fimage%2FaHR0cDovL2MyLXEubWFmZW5nd28ubmV0L3M5L00wMC82My84RS93S2dCczFaTmVzV0FZb29JQUFBU2JNMElpRjQyNDEucG5n%2Fgravity%2FSouthEast%2Fdx%2F20%2Fdy%2F20%2Fimage%2FaHR0cDovL2MyLXEubWFmZW5nd28ubmV0L3M5L00wMC82My84RS93S2dCczFaTmVzV0FZb29JQUFBU2JNMElpRjQyNDEucG5n%2Fgravity%2FSouthEast%2Fdx%2F20%2Fdy%2F20	http://www.mafengwo.cn/travel-news/206794.html
http://a0.att.hudong.com/30/13/20300542517439140015134902637_s.jpg	http://www.baike.com/wiki/%E8%8F%8A%E8%8A%B1
https://www.huabaike.com/uploads/allimg/sltimg/201602/56aecd46acd0a.jpg	https://www.huabaike.com/hyjk/1649.html
http://pic1.nipic.com/2008-10-23/20081023132653375_2.jpg	http://www.nipic.com/show/1/44/7cdae7ea75f50a03.html
http://img0.pclady.com.cn/pclady/1308/15/724328_9_1_WESTF01209.jpg	http://health.pclady.com.cn/healthzq/1108/724328_all.html
http://pic19.nipic.com/20120307/9173494_152112640000_2.jpg	http://soso.nipic.com/?q=%E6%A9%99%E8%89%B2%E5%B0%8F%E8%8F%8A%E8%8A%B1
http://1.im.guokr.com/gkimage/dj/h1/v2/djh1v2.png	http://www.guokr.com/article/378391/
https://gss3.bdstatic.com/7Po3dSag_xI4khGkpoWK1HF6hhy/baike/c0%3Dbaike60%2C5%2C5%2C60%2C20/sign=f51e92d779f40ad101e9cfb136457aba/9c16fdfaaf51f3de4bea1c8b96eef01f3b297981.jpg	https://baike.baidu.com/item/%E8%8F%8A%E8%8A%B1
http://p.ayxbk.com/images/thumb/e/e1/Bk297.jpg/200px-Bk297.jpg	http://www.a-hospital.com/w/%E8%8F%8A%E8%8A%B1
https://t12.pimg.jp/019/998/622/1/19998622.jpg	https://cn.pixtastock.com/tags/%E5%B0%8F%E8%8F%8A%E8%8A%B1
http://www.wdptj.com/wp-content/uploads/2015/09/%E8%8F%8A%E8%8A%B1%E8%8C%B6%E7%9A%84%E7%A7%8D%E7%B1%BB4.jpg	http://www.wdptj.com/baijuhua/
http://gmimg.geimian.com/pic/2015/09/2015-09-18_211025.jpg	https://www.geimian.com/wx/50510.html
http://pic13.nipic.com/20110302/2457331_202242335864_2.jpg	http://www.nipic.com/show/4290842.html
http://i3.meishichina.com/attachment/recipe/2015/11/24/201511241448346546237.jpg@!p800	http://www.meishichina.com/YuanLiao/JuHua/
http://i.zgjm.org/uploads/allimg/140531/1_140531143743_1.jpg	http://www.zgjm.org/zhiwu/juhua.html
http://pic.qiantucdn.com/58pic/13/03/10/26j58PICPfm.jpg	http://www.58pic.com/tupian/juhuasucai-3-0.html
http://img0.pclady.com.cn/pclady/1702/27/1676214_12355474.jpg	http://health.pclady.com.cn/healthzq/jh/index_5.html
http://www.winddesktop.com/Wallpaper/00301/Original/00301_009_p0w7rj4T.jpg	http://www.winddesktop.com/View_Wallpaper.aspx?PicId=5952
http://www.wed114.cn/jiehun/uploads/allimg/c170317/14YG33C61610-540L.png	http://www.wed114.cn/jiehun/huayudaquan/20170317171502.html
http://img02.tooopen.com/images/20160112/tooopen_sy_154182716925.jpg	http://www.tooopen.com/img/856_862.aspx
http://www.wdptj.com/wp-content/uploads/2016/09/168.jpg	http://www.wdptj.com/26572.html
http://img03.tooopen.com/images/20130516/tooopen_18331528.jpg	http://www.tooopen.com/img/856_862_2_1.aspx
http://pic.pimg.tw/ss19650808/1423791484-3898156810.jpg	http://ss19650808.pixnet.net/blog/post/409859320-%E8%8A%B1%E8%8A%B1%E4%B8%96%E7%95%8C-%E8%8F%8A%E8%8A%B1
http://pic.pingguolv.com/uploads/allimg/130517/52-13051G03124.jpg	http://www.pingguolv.com/zy/yejuhua/3478.html
http://hubei.sinaimg.cn/2013/0722/S94824T1374489432658.jpg	http://hb.sina.com.cn/zt/whzwy/index.shtml
http://a4.att.hudong.com/78/53/19300542784453149753534802226.jpg	http://kafei.baike.com/article-2063019.html
http://healthy.bayvoice.net/wp-content/uploads/sites/5/2016/04/14608159491535.jpg	http://healthy.bayvoice.net/b5/cubicman/2014/12/14/182268.htm%E3%80%90%E8%8F%8A%E8%8A%B1%E8%8C%B6%E7%85%AE%E6%B3%95%E3%80%91.html
http://wallcoo.com/flower/flower_Chrysanthemum_daisy_1024/mxxx01/%5Bwallcoo.com%5D_Chrysanthemum_flowerEZ082.jpg	http://wallcoo.com/flower/flower_Chrysanthemum_daisy_1024/html/image27.html
http://pic.qiantucdn.com/58pic/19/64/91/56fe1187086fe.jpg!qt290	http://www.58pic.com/tupian/juhuatupian.html
http://master-insight.com/sites/default/files/img/IMG_20170210_121041.JPG	http://www.master-insight.com/%E5%94%90%E4%BB%A3%E9%87%91%E9%8A%80%E5%99%A8%E6%89%80%E8%A6%8B%E7%9A%87%E5%AE%A4%E7%9A%84%E8%8F%8A%E8%8A%B1%E6%96%87%E5%8C%96/
http://www.wdptj.com/wp-content/uploads/2015/04/%E8%8F%8A%E8%8A%B1%E7%9A%84%E5%93%81%E7%A7%8D12.jpg	http://www.wdptj.com/9430.html
http://2.im.guokr.com/gkimage/34/o9/06/34o906.png	http://www.guokr.com/article/378391/
http://img.39yst.com/uploads/2015/0423/1429775399760.jpg	http://www.39yst.com/zhuanti/jhc/
http://img.doheal.com/uploads/C/FE/CFE2626439_800x600.jpeg	http://www.doheal.com/article/3547.html
https://www.huabaike.com/uploads/allimg/artimg/201602/20160201111052_90524.png	https://www.huabaike.com/hyjk/1649.html
http://gate.sinovision.net:82/gate/big5/cdnwww.sinovision.net/data/attachment/album/201609/22/194802so5mhhx4ygtsd2s4.jpg	http://gate.sinovision.net:82/gate/big5/blog.sinovision.net/home/space/do/blog/uid/298400/id/297132.html
http://2.im.guokr.com/gkimage/7w/ig/7t/7wig7t.png	http://www.guokr.com/article/378391/
http://wangci.net/word/images/%E8%8F%8A%E8%8A%B1%E7%B4%A7.jpg	http://wangci.net/word/juhuajin.html
http://c3-q.mafengwo.net/s6/M00/F4/AA/wKgB4lJuhCaARoiMAAMo74sU7Dc32.jpeg?imageView2%2F2%2Fw%2F2000%2Fh%2F600%2Fq%2F90%7Cwatermark%2F3%2Fimage%2FaHR0cDovL2MyLXEubWFmZW5nd28ubmV0L3M5L00wMC82My84RS93S2dCczFaTmVzV0FZb29JQUFBU2JNMElpRjQyNDEucG5n%2Fgravity%2FSouthEast%2Fdx%2F20%2Fdy%2F20%2Fimage%2FaHR0cDovL2MyLXEubWFmZW5nd28ubmV0L3M5L00wMC82My84RS93S2dCczFaTmVzV0FZb29JQUFBU2JNMElpRjQyNDEucG5n%2Fgravity%2FSouthEast%2Fdx%2F20%2Fdy%2F20	http://www.mafengwo.cn/travel-news/217746.html
http://gate.sinovision.net:82/gate/big5/cdnwww.sinovision.net/data/attachment/album/201602/26/220009nyzfohqym5i2ljjo.jpg	http://gate.sinovision.net:82/gate/big5/blog.sinovision.net/home/space/do/blog/uid/217419/id/278563.html
http://www.40777.cn/upload/huiyuan/yingxiansheng6488/201183014342831137.jpg	http://www.40777.cn/producttopics-3962/
http://pic6.nipic.com/20100306/4269626_173033078746_2.jpg	http://www.nipic.com/show/4/79/13169b88bb543801.html
http://healthy.bayvoice.net/wp-content/uploads/sites/5/2016/05/14621977459503.jpg	http://healthy.bayvoice.net/gb/good-tips/2016/05/03/205823.htm%E6%9E%B8%E6%9D%9E%E3%80%81%E8%8F%8A%E8%8A%B1%E4%B8%80%E8%B5%B7%E6%B3%A1%E6%B0%B4%E5%96%9D%E7%9A%84%E7%A5%9E%E5%A5%87%E5%8A%9F%E6%95%88%EF%BC%81%E7%BB%84%E5%9B%BE.html
http://www.ailingfei.com/wp-content/uploads/2015/10/522d88810d23d.jpg	http://www.ailingfei.com/index.php/archives/tag/%E8%8F%8A%E8%8A%B1%E5%88%86%E5%93%AA%E5%87%A0%E7%A7%8D
https://gss0.bdstatic.com/-4o3dSag_xI4khGkpoWK1HF6hhy/baike/c0%3Dbaike60%2C5%2C5%2C60%2C20/sign=02ac1a6a7ed98d1062d904634056d36b/7a899e510fb30f246ed66095ca95d143ac4b03d3.jpg	https://baike.baidu.com/item/%E7%99%BD%E8%8F%8A%E8%8A%B1
http://image.jasve.com/2019/01/d6ab0764c73e32c0ab8de2245533437a.png	http://www.atoomu.com/culture/fengshui/office/NDc1NDc0.shtml
http://i3.meishichina.com/attachment/recipe/2014/08/11/201408111407748334928.jpg@!p800	http://www.meishichina.com/YuanLiao/JuHua/
http://www.wdptj.com/wp-content/uploads/2015/09/%E8%8F%8A%E8%8A%B1%E8%8C%B6%E7%9A%84%E7%A7%8D%E7%B1%BB1.jpg	http://www.wdptj.com/baijuhua/
http://wallcoo.com/flower/flower_Chrysanthemum_daisy_1024/mxxx01/%5Bwallcoo.com%5D_Chrysanthemum_flower_0009.jpg	http://wallcoo.com/flower/flower_Chrysanthemum_daisy_1024/html/image1.html
http://file.cnkang.com/cnkfile1/M00/01/DD/oYYBAFcDk-KANYetAAB0_8d8viM77.jpeg	http://www.cnkang.com/tags/2606.html
http://www.dianshu119.com/uploads/201303/1362404273gH9GrjKq.jpg	http://www.dianshu119.com/index.php?doc-view-1167.html
https://s1.cdn.xiangha.com/caipu/201207/2013/201339577791.jpg/MjUweDI1MA	https://www.xiangha.com/shicai/%E8%8F%8A%E8%8A%B1
https://gss1.bdstatic.com/-vo3dSag_xI4khGkpoWK1HF6hhy/baike/s%3D220/sign=dbfeb72fce1b9d168ec79d63c3dfb4eb/a686c9177f3e67096405600f3bc79f3df8dc553c.jpg	https://baike.baidu.com/item/%E7%99%BD%E8%8F%8A%E8%8A%B1
http://pic2.nipic.com/20090330/846285_195454009_2.jpg	http://www.nipic.com/show/1/47/43d7cc500c9d2992.html
https://s1.cdn.xiangha.com/caipu/201208/3014/301457407479.jpg/MjUweDI1MA	https://www.xiangha.com/xiangke/324
http://www.wallcoo.com/flower/flower_Chrysanthemum_daisy_1280/mxxx01/%5Bwallcoo.com%5D_1280_1024_Chrysanthemum_flower_167.jpg	http://www.wallcoo.com/flower/flower_Chrysanthemum_daisy_1280/html/image4.html
https://www.huabaike.com/uploads/allimg/artimg/201602/20160201111141_36479.png	https://www.huabaike.com/hyjk/1649.html
http://ali.xinshipu.cn/20130608/original/1370706055475.jpg	https://www.xinshipu.com/zuofa/202661
https://cdn.pixabay.com/photo/2011/11/16/12/02/garden-chrysanthemum-10365_960_720.jpg	https://pixabay.com/zh/%E8%8A%B1%E5%9B%AD%E8%8F%8A%E8%8A%B1-%E8%8F%8A%E8%8A%B1-grandifloraum-%E8%8F%8A%E8%8A%B1%E6%A1%94%E6%A2%97-%E8%8F%8A%E8%8A%B1-%E8%A7%82%E8%B5%8F%E6%A4%8D%E7%89%A9-10365/
http://www.zcyzcy.com/pic/20120909225434407.jpg	http://www.zcyzcy.com/zhongyao/jiebiao/22.html
