
https://gss3.bdstatic.com/-Po3dSag_xI4khGkpoWK1HF6hhy/baike/c0%3Dbaike150%2C5%2C5%2C150%2C50/sign=744616c59716fdfacc61cebcd5e6e731/a9d3fd1f4134970ae3e7fdc19fcad1c8a6865d4c.jpg
https://gss0.bdstatic.com/-4o3dSag_xI4khGkpoWK1HF6hhy/baike/crop%3D0%2C48%2C945%2C623%3Bc0%3Dbaike116%2C5%2C5%2C116%2C38/sign=ce0ac137312ac65c734a3c33c6c29e25/a8014c086e061d95fef62a6f7ff40ad162d9ca31.jpg
https://gss2.bdstatic.com/-fo3dSag_xI4khGkpoWK1HF6hhy/baike/c0%3Dbaike272%2C5%2C5%2C272%2C90/sign=e97eb0020255b31988f48a2722c0e943/a08b87d6277f9e2f41b5e10b1730e924b899f335.jpg

https://gss2.bdstatic.com/9fo3dSag_xI4khGkpoWK1HF6hhy/baike/c0%3Dbaike150%2C5%2C5%2C150%2C50/sign=09af78fb78f0f736ccf344536b3cd87c/1e30e924b899a901eec315b21d950a7b0308f544.jpg
https://gss2.bdstatic.com/9fo3dSag_xI4khGkpoWK1HF6hhy/baike/c0%3Dbaike150%2C5%2C5%2C150%2C50/sign=7e7a256b8db1cb132a643441bc3d3d2b/f9dcd100baa1cd1138593ca4b912c8fcc2ce2d42.jpg
https://gss3.bdstatic.com/-Po3dSag_xI4khGkpoWK1HF6hhy/baike/c0%3Dbaike150%2C5%2C5%2C150%2C50/sign=150df605cb1349546a13e0363727f93d/d000baa1cd11728b0cc2c2a6c8fcc3cec2fd2c42.jpg
https://gss0.bdstatic.com/-4o3dSag_xI4khGkpoWK1HF6hhy/baike/c0%3Dbaike116%2C5%2C5%2C116%2C38/sign=9d8ab70b6c81800a7ae8815cd05c589f/bba1cd11728b4710f5c0b348c3cec3fdfd032342.jpg
https://gss1.bdstatic.com/9vo3dSag_xI4khGkpoWK1HF6hhy/baike/c0%3Dbaike150%2C5%2C5%2C150%2C50/sign=35927f8f5bb5c9ea76fe0bb1b450dd65/8c1001e93901213fb907075854e736d12f2e9579.jpg

https://gss2.bdstatic.com/-fo3dSag_xI4khGkpoWK1HF6hhy/baike/c0%3Dbaike116%2C5%2C5%2C116%2C38/sign=7f02e39ed32a6059461de948495d5ffe/0dd7912397dda144833963e5b6b7d0a20cf486b0.jpg
https://gss3.bdstatic.com/7Po3dSag_xI4khGkpoWK1HF6hhy/baike/c0%3Dbaike92%2C5%2C5%2C92%2C30/sign=960c70f7f203738dca470470d272db34/902397dda144ad34768f88d0d4a20cf431ad85b0.jpg
https://gss0.bdstatic.com/94o3dSag_xI4khGkpoWK1HF6hhy/baike/c0%3Dbaike80%2C5%2C5%2C80%2C26/sign=e4a70cb62b2eb938f86072a0b40bee50/d043ad4bd11373f0324260c8a00f4bfbfbed0463.jpg
https://gss1.bdstatic.com/9vo3dSag_xI4khGkpoWK1HF6hhy/baike/c0%3Dbaike80%2C5%2C5%2C80%2C26/sign=a61641ac0e46f21fdd395601974d0005/18d8bc3eb13533faf3579c79acd3fd1f40345b87.jpg

https://gss0.bdstatic.com/-4o3dSag_xI4khGkpoWK1HF6hhy/baike/c0%3Dbaike116%2C5%2C5%2C116%2C38/sign=ea9aa2e5bd014a9095334eefc81e5277/a8014c086e061d95fef62a6f7ff40ad162d9ca31.jpg
https://gss2.bdstatic.com/-fo3dSag_xI4khGkpoWK1HF6hhy/baike/c0%3Dbaike80%2C5%2C5%2C80%2C26/sign=bc04e576768b4710da22f59ea2a7a898/a1ec08fa513d26975f4b150a51fbb2fb4216d8c8.jpg
https://gss2.bdstatic.com/-fo3dSag_xI4khGkpoWK1HF6hhy/baike/c0%3Dbaike80%2C5%2C5%2C80%2C26/sign=7491966e6f63f62408503151e62d809d/32fa828ba61ea8d37b916953930a304e251f5831.jpg
https://gss3.bdstatic.com/7Po3dSag_xI4khGkpoWK1HF6hhy/baike/c0%3Dbaike92%2C5%2C5%2C92%2C30/sign=aaa3fc4d2c34349b600b66d7a8837eab/94cad1c8a786c917f0b04f6ecd3d70cf3bc75731.jpg
https://gss1.bdstatic.com/-vo3dSag_xI4khGkpoWK1HF6hhy/baike/c0%3Dbaike116%2C5%2C5%2C116%2C38/sign=7068fb7477f08202399f996d2a929088/3812b31bb051f8195b3b1c1ddeb44aed2e73e74f.jpg
https://gss2.bdstatic.com/9fo3dSag_xI4khGkpoWK1HF6hhy/baike/c0%3Dbaike92%2C5%2C5%2C92%2C30/sign=59b3a8655eafa40f28cbc68fca0d682a/023b5bb5c9ea15ce1c90ff5eb2003af33a87b26e.jpg
https://gss3.bdstatic.com/7Po3dSag_xI4khGkpoWK1HF6hhy/baike/c0%3Dbaike92%2C5%2C5%2C92%2C30/sign=a7171efc073b5bb5aada28ac57babe5c/a686c9177f3e6709461e5aa83fc79f3df8dc554e.jpg

https://gss0.bdstatic.com/94o3dSag_xI4khGkpoWK1HF6hhy/baike/c0%3Dbaike92%2C5%2C5%2C92%2C30/sign=d3d3fd8d11ce36d3b6098b625b9a51e2/6609c93d70cf3bc7175bccbbd500baa1cd112a09.jpg
https://gss0.bdstatic.com/-4o3dSag_xI4khGkpoWK1HF6hhy/baike/c0%3Dbaike80%2C5%2C5%2C80%2C26/sign=e1e7d5999d25bc313f5009ca3fb6e6d4/8b82b9014a90f603bf9f9c103d12b31bb051edbe.jpg
https://gss3.bdstatic.com/7Po3dSag_xI4khGkpoWK1HF6hhy/baike/c0%3Dbaike92%2C5%2C5%2C92%2C30/sign=a8c6a5e8a4ec08fa320d1bf538875608/95eef01f3a292df5bf3bad42b8315c6035a873e8.jpg
https://gss2.bdstatic.com/9fo3dSag_xI4khGkpoWK1HF6hhy/baike/c0%3Dbaike92%2C5%2C5%2C92%2C30/sign=16a859e6840a19d8df0e8c575293e9ee/2f738bd4b31c87017b9cb2b1237f9e2f0708ffbb.jpg
https://gss2.bdstatic.com/-fo3dSag_xI4khGkpoWK1HF6hhy/baike/c0%3Dbaike92%2C5%2C5%2C92%2C30/sign=6c88e3efd03f8794c7f2407cb3726591/3c6d55fbb2fb431693ef7a2d24a4462308f7d3f1.jpg
https://gss0.bdstatic.com/94o3dSag_xI4khGkpoWK1HF6hhy/baike/c0%3Dbaike80%2C5%2C5%2C80%2C26/sign=8ebfa73fd509b3deffb2ec3aadd607e4/dbb44aed2e738bd46bedb266a58b87d6267ff99d.jpg

https://gss3.bdstatic.com/-Po3dSag_xI4khGkpoWK1HF6hhy/baike/c0%3Dbaike92%2C5%2C5%2C92%2C30/sign=328f130a51fbb2fb202650402e234bc1/bd315c6034a85edfe6d0e5744d540923dd54750c.jpg
https://gss0.bdstatic.com/94o3dSag_xI4khGkpoWK1HF6hhy/baike/c0%3Dbaike80%2C5%2C5%2C80%2C26/sign=6ab34cbef6d3572c72ef948eeb7a0842/fcfaaf51f3deb48fec36ba89f41f3a292df5780d.jpg
https://gss3.bdstatic.com/7Po3dSag_xI4khGkpoWK1HF6hhy/baike/c0%3Dbaike92%2C5%2C5%2C92%2C30/sign=0d9600148fd4b31ce4319ce9e6bf4c1a/adaf2edda3cc7cd9ca6b2f8e3d01213fb80e9126.jpg
https://gss0.bdstatic.com/94o3dSag_xI4khGkpoWK1HF6hhy/baike/c0%3Dbaike150%2C5%2C5%2C150%2C50/sign=0e097689396d55fbd1cb7e740c4b242f/14ce36d3d539b600126d15e0ed50352ac75cb7c1.jpg
https://gss2.bdstatic.com/-fo3dSag_xI4khGkpoWK1HF6hhy/baike/c0%3Dbaike80%2C5%2C5%2C80%2C26/sign=6d65352b550fd9f9b41a5d3b4444bf4f/314e251f95cad1c8211be6707b3e6709c83d51c0.jpg
