
http://a3.att.hudong.com/61/49/01300542888708141683499052631_s.jpg	http://www.baike.com/wiki/%E9%87%91%E6%A8%B1%E5%AD%90
http://www.tcm100.com/Images_ZhongYaoXue/Jinyingzi-YaoCai.jpg	http://www.tcm100.com/userReg/JiaoCai/ZhongYaoXue/zzZhongYao449.htm
http://www.zhongyaoyi.com/d/file/gongxiao/2015-08-29/371749ea96caa29c95e99971156738eb.jpg	http://www.zhongyaoyi.com/t/jinyingzi/
http://www.tcm100.com/Images_ZhongYaoXue/Jinyingzi-YuanTai.jpg	http://www.tcm100.com/userReg/JiaoCai/ZhongYaoXue/zzZhongYao449.htm
http://www.zhongyaoyi.com/d/file/tupian/2015-08-29/1c997329c3c9d91438f232f9e0decf19.jpg	http://www.zhongyaoyi.com/t/jinyingzi/
http://www.ysw.com/uploads/151113/23-15111314522U44.png	http://www.ysw.com/guoshizirenlei/jinyingzi.html
http://www.qnong.com.cn/uploadfile/2016/0726/20160726080743655.jpg	http://www.qnong.com.cn/jiankang/yaoshan/12669.html
http://www.dianshu119.com/uploads/201210/1350739938Ko4u7R0O.jpg	http://www.dianshu119.com/index.php?doc-view-336.html
http://www.cnzyao.com/uploads/allimg/120728/1-120HQ322540-L.jpg	http://www.cnzyao.com/yaocai/gszz/3696.html
http://a1.att.hudong.com/25/73/01300542888708141683739842754_s.jpg	http://www.baike.com/wiki/%E9%87%91%E6%A8%B1%E5%AD%90
http://a4.att.hudong.com/20/46/01300542888708141683467917340_s.jpg	http://www.baike.com/wiki/%E9%87%91%E6%A8%B1%E5%AD%90
http://pic4.55jia.net/fengshuizhiwu/28/a366110.jpg	http://www.55jia.net/75/330799.html
http://www.zhongyaoyi.com/d/file/tupian/2015-08-29/a6e85108b03c3d988fb5821be0afdede.jpg	http://www.zhongyaoyi.com/t/jinyingzi/
http://image.sciencenet.cn/album/201301/02/1522449s5rlddslcbd4fl3.jpg	http://blog.sciencenet.cn/blog-5967-648884.html
http://www.huayugu.com.cn/uploads/allimg/160729/1-160H91003080-L.jpg	http://www.huayugu.com.cn/jinyingzi/
http://a2.att.hudong.com/83/74/01300542888708141683743270478_s.jpg	http://www.baike.com/wiki/%E9%87%91%E6%A8%B1%E5%AD%90
http://www.zhongyaoyi.com/d/file/tupian/2015-08-29/ab115f2d82c0ab19458f8a5f741934da.jpg	http://www.zhongyaoyi.com/t/jinyingzi/
http://www.huayugu.com.cn/uploads/allimg/160729/1-160H9100P60-L.jpg	http://www.huayugu.com.cn/jinyingzi/15458.html
http://pic19.nipic.com/20120327/9332784_204040731138_2.jpg	http://www.nipic.com/show/1/44/5924193kc5ced953.html
http://www.baihuamen.com/d/file/2014/04-01/af39c8a10fadd512f22db9f2a3fe3b27.jpg	http://www.baihuamen.com/jinyingzi/
http://img.zybd.org/all/bcgmpt/GangMu144_3.jpg	http://zhongyaocai360.com/j/jinyingzi.html
http://att.huarenjie.com/attachment/forum/201412/05/210622l7td2fpxlt0u4dl6.jpg	http://www.huarenjie.com/thread-3993059-1-1.html
http://img.zhongyixueyuan.com/2015/12/23/145080496251717.jpg	http://www.zhongyixueyuan.com/jinyingzi/20151223/3703.html
http://image.sciencenet.cn/album/201301/02/15252377dojhsx8jm6rrv6.jpg	http://wap.sciencenet.cn/blogview.aspx?id=648884
https://gss1.bdstatic.com/9vo3dSag_xI4khGkpoWK1HF6hhy/baike/w%3D268%3Bg%3D0/sign=79e094b9357adab43dd01c45b3efd421/8d5494eef01f3a29ac0cf25f9a25bc315d607c5e.jpg	https://baike.baidu.com/item/%E9%87%91%E6%A8%B1%E5%AD%90
http://www.wdptj.com/wp-content/uploads/2015/07/%E9%87%91%E6%A8%B1%E5%AD%90%E7%9A%84%E5%8A%9F%E6%95%88%E4%B8%8E%E4%BD%9C%E7%94%A82.jpg	http://www.wdptj.com/12452.html
http://image.meilele.com/images/upload/%E9%87%91%E6%A8%B1%E5%AD%9005.jpg	http://www.meiwai.net/dongwu/463184.html
http://www.huayugu.com.cn/uploads/allimg/160729/1-160H91000440-L.jpg	http://www.huayugu.com.cn/jinyingzi/
http://www.baihuamen.com/d/file/2014/04-01/581b0e7c42a59b1431e129e94375e25b.jpg	http://www.baihuamen.com/jinyingzi/
https://www.jiankangti.com/uploads/201406/1402324613ibvTQNPP.jpg	https://www.jiankangti.com/doc-view-295.html
http://static.cndzys.com/20161018/0768ffc8ecb30c7d64cdff4286f7f2ed.jpg	http://www.cndzys.com/shicai/jinyingzi.html
http://www.8u58.com/assets/images/1481719985.jpg	http://www.8u58.com/jinyingzi/
http://pic.pingguolv.com/uploads/allimg/170119/109-1F1191F444.png	http://www.pingguolv.com/zy/gongxiao/84146.html
http://www.wiki8.com/UploadFiles/ZoomImg/2009-1/2009112185433784.jpg.jpg	http://www.wiki8.com/jinyingzi_22952/
http://z.xiziwang.net/uploads/allimg/141129/32_141129173827_1.jpg	http://z.xiziwang.net/zhongyao/17106/
https://cbu01.alicdn.com/img/ibank/2017/222/781/4253187222_421960156.jpg	https://www.1688.com/topic/jinyingzidegongxiao.html
http://resource.ysindex.com/Images/zycbigimg/060680111.jpg	http://price.ysindex.com/price/info/060680111
http://www.11ysw.com/uploads/allimg/160322/145V1F2113050-192X.jpg	http://m.11ysw.com/yaofang/16754.html
http://a0.att.hudong.com/54/52/01300542888708141683526861076_s.jpg	http://www.baike.com/wiki/%E9%87%91%E6%A8%B1%E5%AD%90
http://dashulin.com/wp-content/uploads/2011/08/jinyingzi2.jpg	http://dashulin.com/jinyingzi/
http://img.zybd.org/all/zycpt/%E9%87%91%E6%A8%B1%E5%AD%90.jpg	http://zhongyaocai360.com/j/jinyingzi.html
http://pic.pingguolv.com/uploads/allimg/170119/109-1F1191F432.png	http://www.pingguolv.com/zy/gongxiao/84146.html
http://img.zhongyixueyuan.com/2015/12/23/145080500269029.jpg	http://www.zhongyixueyuan.com/jinyingzi/20151223/3706.html
http://www.haoshanpu.com/uploadfiles/multiplepictures/farmnews/81b7a7aa-0b52-4de7-9a66-a1326655082e/%E9%87%91%E6%A8%B1%E5%AD%903_600px.JPG	http://www.haoshanpu.com/news/1859
http://www.haoshanpu.com/uploadfiles/multiplepictures/farmnews/81b7a7aa-0b52-4de7-9a66-a1326655082e/%E9%87%91%E6%A8%B1%E5%AD%904_600px.JPG	http://www.haoshanpu.com/news/1859
http://www.cnhua.net/uploads/allimg/090623/213QHZ6-0.JPG	http://huahui.h.baike.com/article-622252.html
http://shop.kmzyw.com.cn/upload/herb_db/5201583EE4E16F17D41F58740C4E3136/thumbnail/%E9%87%91%E6%A8%B1%E5%AD%90--4.jpg	http://www.kmzyw.com.cn/yaocai/yc_%25E9%2587%2591%25E6%25A8%25B1%25E5%25AD%2590.html
http://www.zhongyixueyuan.com/uploads/allimg/160223/11-160223105Z13A.jpg	http://www.zhongyixueyuan.com/jinyingzi/
http://pic.baike.soso.com/ugc/baikepic2/10732/cut-20170602080047-1063241854.jpg/300	http://baike.soso.com/v234578.htm?ch=ch.bk.innerlink
http://www.wdptj.com/wp-content/uploads/2015/07/%E9%87%91%E6%A8%B1%E5%AD%90%E4%BB%B7%E6%A0%BC%E5%A4%A7%E5%85%A83.jpg	http://www.wdptj.com/12505.html
http://img.mp.itc.cn/upload/20170222/70109cf146434314a77c7937e12eab98_th.jpg	http://www.sohu.com/a/126951735_536065
http://p.d1xz.net/2014/6/20/165433273327.jpg	http://www.d1xz.net/astro/huayu/art53599.aspx
http://file.cnkang.com/cnkfile1/M00/13/5E/ooYBAFkqKWGAPIqyAAOTD_T9qj8235.png	http://www.cnkang.com/cm/201705/1587025.html
http://www.zcyzcy.com/pic/20120924155751643.jpg	http://www.zcyzcy.com/zhongyao/shouse/434.html
https://img.jkyd.net/data/upload/ueditor/20170204/58959ba2b1aa4.jpg	https://www.jkyd.net/zhongyi/232667.html
http://www.wdptj.com/wp-content/uploads/2014/10/%E9%87%91%E6%A8%B1%E5%AD%902.jpg	http://www.wdptj.com/jinyingzi/
http://www.wdptj.com/wp-content/uploads/2014/10/%E9%87%91%E6%A8%B1%E5%AD%90.jpg	http://www.wdptj.com/jinyingzi/
http://img.zhongyixueyuan.com/2015/12/23/145080495978635.jpg	http://www.zhongyixueyuan.com/jinyingzi/20151223/3703.html
https://gw.alicdn.com/bao/uploaded/i3/1884200764/TB2E3YorbJkpuFjy1zcXXa5FFXa_!!1884200764.jpg_230x230.jpg	https://www.taobao.com/oshtml/buy-cn/cp_vfDTpNfTvfDTo9fT.html
http://img14.3lian.com/201507/07/7a04c743703cd11096b09459b0e54e9c.jpg	http://www.3lian.com/zl/2015/07/339943.html
http://img0.pchouse.com.cn/pchouse/1112/06/155688_jyz3.jpg	http://www.pchouse.com.cn/baike/shenghuo/924/
http://www.meishi-baike.com/d/file/7804a95a2e31e30530f4e9fa0b08f750.jpg	http://www.meishi-baike.com/drugs/14522.html
http://www.wdptj.com/wp-content/uploads/2015/07/%E9%87%91%E6%A8%B1%E5%AD%90%E7%9A%84%E5%8A%9F%E6%95%88%E4%B8%8E%E4%BD%9C%E7%94%A84.jpg	http://www.wdptj.com/12452.html
https://img.ys137.com/data/upload/ueditor/20170112/587730873462a.jpg	https://www.ys137.com/zyys/1684329.html
http://www.wdptj.com/wp-content/uploads/2014/10/%E9%87%91%E6%A8%B1%E5%AD%901.jpg	http://www.wdptj.com/jinyingzi/
http://img.mp.itc.cn/upload/20170508/5edbcb386143415ca5292f8ac86d7a53_th.jpeg	http://www.sohu.com/a/138969497_662412
http://www.cnhua.net/uploads/allimg/c090104/12310LVBZ-4Z62.jpg	http://www.cnhua.net/minghua/tbzw/355530.html
https://img.jkyd.net/data/upload/ueditor/20170204/58959bac2d86a.jpg	https://www.jkyd.net/zhongyi/232667.html
https://upload.wikimedia.org/wikipedia/commons/thumb/8/8c/Cherokee_rose.jpg/250px-Cherokee_rose.jpg	https://zh.wikipedia.org/wiki/%E9%87%91%E6%A8%B1%E5%AD%90
https://www.huabaike.com/uploads/allimg/artimg/201706/20170610144004_51888.jpg	https://www.huabaike.com/jtyh/9425.html
http://img.mp.itc.cn/upload/20170508/19276f61d52f4bc085b9b56488600999_th.jpeg	http://www.sohu.com/a/138969497_662412
https://st2.depositphotos.com/3874863/6485/i/950/depositphotos_64854491-stock-photo-hawthorn-berries-crataegus-laevigata.jpg	http://cn.depositphotos.com/64854491/stock-photo-hawthorn-berries-crataegus-laevigata.html
http://www.huacaoshumu.net/attached/tupian/J1/20140407-4.jpg	http://www.huacaoshumu.net/zhiwu/jinyingzi.php
http://shop.kmzyw.com.cn/upload/herb_db/5201583EE4E16F17D41F58740C4E3136/thumbnail/%E9%87%91%E6%A8%B1%E5%AD%90--1.jpg	http://www.kmzyw.com.cn/yaocai/yc_%25E9%2587%2591%25E6%25A8%25B1%25E5%25AD%2590.html
https://i1.kknews.cc/large/26ec00010d39442339e6	https://kknews.cc/zh-my/health/var2rva.html
http://z.xiziwang.net/uploads/allimg/170320/39_170320074645_1.jpg	http://z.xiziwang.net/zhongyao/33513/
http://a2.att.hudong.com/00/67/01300542888708141683672069268_s.jpg	http://www.baike.com/wiki/%E9%87%91%E6%A8%B1%E5%AD%90
http://www.jibingnet.com/tupian/201311/201311231236300.jpg	http://www.jibingnet.com/jiankang/zydq/47010.asp
http://www.zhongyixueyuan.com/uploads/allimg/160223/11-16022310591C01.jpg	http://www.zhongyixueyuan.com/jinyingzi/
http://www.zhongyaoyi.com/d/file/jiazhi/2015-08-29/5776e7fa532beb1adf18bcadb9adcd71.jpg	http://m.zhongyaoyi.com/t/jinyingzi/
http://pic.pingguolv.com/uploads/allimg/170119/109-1F1191F520.png	http://www.pingguolv.com/zy/gongxiao/84146.html
http://img.laozongyi.com/portal/201612/16/113900qpcvmisjbidccpeb.jpg	http://www.laozongyi.com/shenghuo/294478.html
http://www.zcyzcy.com/pic/20120910085132175.jpg	http://www.zcyzcy.com/zhongyao/shouse/434.html
http://www.ysw.com/uploads/allimg/151113/23-1511131f608-lp.png	http://www.ysw.com/guoshizirenlei/jinyingzi.html
http://www.rensheng2.com/upload/2015/07/13/0ec29d5f-c6bb-4fcc-8f33-d442cdafd8a5.jpg	http://www.rensheng2.com/220000/218528.shtml
http://img.laozongyi.com/portal/201612/18/220922t3p3rjjdmmmdpd9o.jpg	http://www.laozongyi.com/yinshi/295318.html
http://img.zyctd.com/upload/zytd/system/f5/8635s.gif	http://www.zyctd.com/jh311.html
http://www.gzhphb.com/gpPic/600/0/mmbiz.qpic.cn/mmbiz/ealFkXWPWnsMhqx8ULkuDyuF8V5hRUuQ8hZ2OIGCW1TibonLbI9rwtXJWOUaMIajbQZ9sKOIicoZHG341rluJ6Dw/0?wx_fmt=jpeg	http://m.gzhphb.com/article/42/426727.html
http://www.haoshanpu.com/uploadfiles/multiplepictures/farmnews/81b7a7aa-0b52-4de7-9a66-a1326655082e/%E9%87%91%E6%A8%B1%E5%AD%902_600px.JPG	http://www.haoshanpu.com/m/news/1859
http://photo.cvh.org.cn/gallery/photo/zhangdaigui/005/000107.jpg	http://zhiwu.bm8.com.cn/show.asp?id=%BD%F0%D3%A3%D7%D3
https://cbu01.alicdn.com/img/ibank/2016/200/359/3193953002_1193334308.310x310.jpg	https://www.1688.com/pic/-BDF0D3A3D7D3.html
http://www.huacaoshumu.net/attached/tupian/J1/20131104-2.jpg	http://www.huacaoshumu.net/zhiwu/jinyingzi.php
http://img.ziyimall.com/image/20170105/20170105213915_92311.jpg	http://www.ziyimall.com/tag/jinyingzi/
http://www.fei123.com/upload/2017/04/29/9c20d830bcf433b0.jpg	http://www.fei123.com/1910000/1907470.shtml
http://www.ys8.com/uploads/allimg/161118/28-16111Q54956.png	http://www.ys8.com/zhenjiu/37429.html
http://img.ziyimall.com/image/20160724/20160724111600_39465.jpg	http://www.ziyimall.com/tag/jinyingzi/
https://www.huabaike.com/uploads/allimg/sltimg/201610/5800a642329e4.jpg	https://www.huabaike.com/mbzw/9393.html
http://pic4.55jia.net/fengshuizhiwu/57/a285965.png	http://www.55jia.net/75/311615.html
http://www.huayugu.com.cn/uploads/allimg/160729/1-160H91004310-L.jpg	http://www.huayugu.com.cn/jinyingzi/
https://cbu01.alicdn.com/img/ibank/2017/904/982/4127289409_1753151359.220x220.jpg	http://www.1688.com/chanpin/-BDF0D3A3D7D3B8C9.html
