
https://i1.kknews.cc/large/bd800048bf81b19e522	https://kknews.cc/home/3xpbvg.html
http://163.20.10.10/plant/section_g/b5_fl_1.JPG	http://163.20.10.10/plant/plant/b/b5.htm
http://www.ew9z.com/wp-content/uploads/2010/03/Serissa_japonica_3.jpg	http://chengminghong520.pixnet.net/blog/post/252378038-%E5%85%AD%E6%9C%88%E9%9B%AA%E6%A0%BD%E5%9F%B9%E6%8A%80%E8%A1%93%E5%8F%8A%E5%A4%8F%E5%AD%A3%E7%AE%A1%E7%90%86
http://image.yuanlin.com/yuanyi/2013/7/048fd068-6613-457e-a211-abaf86590ef1.jpg	http://chengminghong520.pixnet.net/blog/post/249645767-%E5%85%AD%E6%9C%88%E9%9B%AA%E7%9A%84%E9%A4%8A%E6%AE%96%E6%96%B9%E6%B3%95%E8%88%87%E6%A0%BD%E5%9F%B9%E6%8A%80%E8%A1%93
http://classweb.loxa.edu.tw/clockloxa/plant/html/n/n009.jpg	http://classweb.loxa.edu.tw/clockloxa/plant/html/n/n009.htm
http://img0.pchouse.com.cn/pchouse/1408/04/785758_1.jpg	http://www.pchouse.com.cn/baike/shenghuo/2667/
http://163.17.203.129/bakup/green/%E5%85%AD%E6%9C%88%E9%9B%AA/%E5%85%AD%E6%9C%88%E9%9B%AA06.JPG	http://163.17.203.129/bakup/green/%E5%85%AD%E6%9C%88%E9%9B%AA/%E5%85%AD%E6%9C%88%E9%9B%AA.htm
http://kplant.biodiv.tw/%E5%85%AD%E6%9C%88%E9%9B%AA/%E5%85%AD%E6%9C%88%E9%9B%AA01.JPG	http://kplant.biodiv.tw/%E5%85%AD%E6%9C%88%E9%9B%AA/%E5%85%AD%E6%9C%88%E9%9B%AA.htm
http://kplant.biodiv.tw/%E5%85%AD%E6%9C%88%E9%9B%AA/%E5%85%AD%E6%9C%88%E9%9B%AA04.JPG	http://kplant.biodiv.tw/%E5%85%AD%E6%9C%88%E9%9B%AA/%E5%85%AD%E6%9C%88%E9%9B%AA.htm
https://gss1.bdstatic.com/-vo3dSag_xI4khGkpoWK1HF6hhy/baike/s%3D220/sign=55c418014334970a4373172da5cad1c0/d50735fae6cd7b896346eaad0d2442a7d9330ef2.jpg	https://baike.baidu.com/item/%E5%85%AD%E6%9C%88%E9%9B%AA
https://gss1.bdstatic.com/9vo3dSag_xI4khGkpoWK1HF6hhy/baike/s%3D220/sign=7b0d81c7f0d3572c62e29bdeba126352/2934349b033b5bb5b836f6d034d3d539b600bc3f.jpg	https://baike.baidu.com/item/%E5%85%AD%E6%9C%88%E9%9B%AA
http://7.blog.xuite.net/7/4/e/4/11253733/blog_227360/txt/18664989/0.jpg	http://blog.xuite.net/e2202778/boaboa/18664989-%E5%85%AD%E6%9C%88%E9%9B%AA
http://163.17.203.129/bakup/green/%E5%85%AD%E6%9C%88%E9%9B%AA/%E5%85%AD%E6%9C%88%E9%9B%AA09.JPG	http://163.17.203.129/bakup/green/%E5%85%AD%E6%9C%88%E9%9B%AA/%E5%85%AD%E6%9C%88%E9%9B%AA.htm
https://8.share.photo.xuite.net/brday1257/180659d/9358718/1025744927_l.jpg	http://blog.xuite.net/brday1257/twblog/112197558
http://163.20.10.10/plant/section_g/b5_fl_6.JPG	http://163.20.10.10/plant/plant/b/b5.htm
http://www.dtes.chc.edu.tw/localspecial/plant/images/P1010039.JPG	http://www.dtes.chc.edu.tw/localspecial/plant/p46.htm
http://album.udn.com/community/img/PSN_PHOTO/hcnhcnh/f_3877038_1.jpg	http://blog.udn.com/hcnhcnh/3352241
http://pic.pimg.tw/hjlee0301/7b595f129d3c4c8e3352861c297bff7b_n.jpg	http://hjlee0301.pixnet.net/blog/post/28799108-%E6%96%91%E8%91%89-%E9%87%91%E9%82%8A%E5%85%AD%E6%9C%88%E9%9B%AA%E2%94%80%E2%94%80%E6%96%91%E8%91%89%E7%B3%BB%E5%88%97%E5%9B%9B%E4%B9%8B%E4%BA%8C
http://g.udn.com.tw/community/img/PSN_ARTICLE/gardenhouse588/f_4051623_3.JPG	http://blog.udn.com/gardenhouse588/4051623
http://tcmp.cpami.gov.tw/filesys/metro_tc/images/plant/78%E5%85%AD%E6%9C%88%E9%9B%AA.JPG	http://tcmp.cpami.gov.tw/index.php?option=com_content&view=article&id=90:2013-08-06-16-37-50&catid=64&Itemid=182
http://www.dianshu119.com/uploads/201310/1383227341Iedgqq05.jpg	http://www.dianshu119.com/index.php?doc-view-1633.html
http://163.22.52.1/plantweb/forecourt/14/14_1.jpg	http://163.22.52.1/plantweb/forecourt/14/14.htm
http://www.iyanghua.com/f/liuyuexue/20081229214211_2.jpg	http://www.iyanghua.com/f/liuyuexue/
http://eoldata.taibif.tw/files/eoldata/imagecache/data_object_image/images/61/liu_yue_xue_-66.jpg	http://taibif.tw/zh/namecode/204366?page=5
http://a0.att.hudong.com/28/73/16300000026741124633737944057.jpg	http://tupian.baike.com/a0_28_73_16300000026741124633737944057_jpg.html
http://album.udn.com/community/img/PSN_PHOTO/hcnhcnh/f_3877044_1.jpg	http://blog.udn.com/hcnhcnh/3352241
http://s1.sinaimg.cn/mw690/003sae9dgy6YV40dAti00&690	http://blog.sina.com.cn/s/blog_bc9f8f830102w25l.html
http://pic.pimg.tw/taconet/1309787912-831cdd8f2a5118ca29074756a618902e.jpg	http://taconet.pixnet.net/blog/post/35270463-%E5%85%AD%E6%9C%88%E9%9B%AA
http://pic22.nipic.com/20120718/787579_125547271139_2.jpg	http://www.nipic.com/show/1/44/6555652k088fbfb4.html
http://blog.sina.com.tw/myimages/192/5568/images/20110601204829066.jpg	http://blog.sina.com.tw/5568/article.php?entryid=602876
http://7.blog.xuite.net/7/4/e/4/11253733/blog_227360/txt/18664989/1.jpg	http://blog.xuite.net/e2202778/boaboa/18664989-%E5%85%AD%E6%9C%88%E9%9B%AA
https://www.huabaike.com/uploads/allimg/artimg/201605/20160517165408_60133.jpg	https://www.huabaike.com/jtyh/3508.html
http://a0.att.hudong.com/13/89/01300000111348120996895616548.jpg	http://tupian.baike.com/a0_13_89_01300000111348120996895616548_jpg.html
https://0.share.photo.xuite.net/tracysung2002/103be88/14706809/779965967_m.jpg	http://blog.xuite.net/tracysung2002/twblog1/165854477
https://www.huabaike.com/uploads/allimg/artimg/201612/20161213170810_17800.jpg	https://www.huabaike.com/langen/6263.html
http://image61.360doc.com/DownloadImg/2013/06/1509/33166526_1.jpg	http://www.360doc.com/content/13/0615/09/8546499_292971935.shtml
https://i.ytimg.com/vi/24MLN6Va9_Q/maxresdefault.jpg	https://www.youtube.com/watch?v=24MLN6Va9_Q
http://a0.att.hudong.com/51/89/01300000111348120996899049913.jpg	http://tupian.baike.com/a0_51_89_01300000111348120996899049913_jpg.html
http://a2.att.hudong.com/11/18/01300543848932147012185707115_s.jpg	http://www.baike.com/wiki/%E5%85%AD%E6%9C%88%E9%9B%AA
http://www.hmes.kh.edu.tw/learn/plant/plan021a1.jpg	http://www.hmes.kh.edu.tw/learn/plant/plant021.htm
https://www.huabaike.com/uploads/allimg/sltimg/201612/58510bc24038c.jpg	https://www.huabaike.com/yzfh/6287.html
http://pic.pimg.tw/taconet/1309787912-6f5346644a6faa9ea571c9947780191d.jpg	http://taconet.pixnet.net/blog/post/35270463-%E5%85%AD%E6%9C%88%E9%9B%AA
http://7.blog.xuite.net/7/4/e/4/11253733/blog_227360/txt/18664989/2.jpg	http://blog.xuite.net/e2202778/boaboa/18664989-%E5%85%AD%E6%9C%88%E9%9B%AA
http://163.20.10.10/plant/section_g/b5_1.JPG	http://163.20.10.10/plant/plant/b/b5.htm
http://8.blog.xuite.net/8/d/c/b/238292692/blog_3589718/txt/371687639/2.jpg	http://blog.xuite.net/linkkjj/twblog/371687639-%E5%85%AD%E6%9C%88%E9%9B%AA
http://8.blog.xuite.net/8/d/c/b/238292692/blog_3589718/txt/371687639/3.jpg	http://blog.xuite.net/linkkjj/twblog/371687639-%E5%85%AD%E6%9C%88%E9%9B%AA
https://www.huabaike.com/uploads/allimg/sltimg/201605/573ada3810d49.jpg	https://www.huabaike.com/yhjq/6213.html
https://5.share.photo.xuite.net/courage.determi/158baeb/10294443/471637312_m.jpg	http://blog.xuite.net/courage.determi/twblog1/125890746-%E9%87%91%E9%82%8A%E5%85%AD%E6%9C%88%E9%9B%AA
http://a1.att.hudong.com/37/23/01300543848932147012239347602_s.jpg	http://www.baike.com/wiki/%E5%85%AD%E6%9C%88%E9%9B%AA
http://pic.showhua.com/pinzhong/201432152938.jpg	http://www.showhua.com/pinzhong/liuyuexue/
http://img0.pchouse.com.cn/pchouse/1410/18/878871_1.png	http://www.pchouse.com.cn/baike/shenghuo/2667/
https://img.imynest.com/uploads/D/94/D94B851391.jpeg	https://www.imynest.com/content/225581.html
http://163.17.203.129/bakup/green/%E5%85%AD%E6%9C%88%E9%9B%AA/%E5%85%AD%E6%9C%88%E9%9B%AA-%E8%8A%B110.JPG	http://163.17.203.129/bakup/green/%E5%85%AD%E6%9C%88%E9%9B%AA/%E5%85%AD%E6%9C%88%E9%9B%AA.htm
http://pic1.17xie.com/i/2011-09-21/07/9df557a891bd0611d97e2af60c53f15b.jpg	http://www.17xie.com/read-485518.html
https://www.huabaike.com/uploads/allimg/artimg/201612/20161216090311_91021.jpg	https://www.huabaike.com/jtyh/6331.html
http://4.bp.blogspot.com/-E4MVJW8XH4c/VNoToAdvUQI/AAAAAAAACHc/QesuTwBsdV0/s1600/img_show.php-18.jpeg	http://blog.igarden.com.tw/2007/05/5M70505.html
https://gss0.bdstatic.com/94o3dSag_xI4khGkpoWK1HF6hhy/baike/s%3D220/sign=199dcfca7bec54e745ec1d1c89399bfd/18d8bc3eb13533faba29d1daa8d3fd1f40345ba2.jpg	https://baike.baidu.com/item/%E5%85%AD%E6%9C%88%E9%9B%AA
http://www.wdptj.com/wp-content/uploads/2014/09/%E5%85%AD%E6%9C%88%E9%9B%AA1.jpg	http://www.wdptj.com/4237.html
http://img0.pchouse.com.cn/pchouse/baike/decorate/1408/4_32.jpg	http://www.pchouse.com.cn/baike/shenghuo/2667/
http://dashulin.com/wp-content/uploads/2011/07/liuyuexue5.jpg	http://dashulin.com/liuyuexue/
http://pic.pimg.tw/hjlee0301/2b1775466f017c36b470b82ffc1c0bcb_n.jpg	http://hjlee0301.pixnet.net/blog/post/28799108-%E6%96%91%E8%91%89-%E9%87%91%E9%82%8A%E5%85%AD%E6%9C%88%E9%9B%AA%E2%94%80%E2%94%80%E6%96%91%E8%91%89%E7%B3%BB%E5%88%97%E5%9B%9B%E4%B9%8B%E4%BA%8C
http://c.blog.xuite.net/c/f/8/f/13396183/blog_1400131/txt/62948594/15.jpg	http://blog.xuite.net/smile27/flower/62948594-%E5%85%AD%E6%9C%88%E9%9B%AA
http://c.blog.xuite.net/c/f/8/f/13396183/blog_1400131/txt/45359962/11.jpg	http://blog.xuite.net/smile27/flower/45359962-%E6%96%91%E8%91%89%E5%85%AD%E6%9C%88%E9%9B%AA
https://www.huabaike.com/uploads/allimg/sltimg/201608/57b6af348d70f.jpg	https://www.huabaike.com/jtyh/3396.html
http://web.kinmen.gov.tw/MultiMedia_ImageResize.ashx?guid=1bfdc61f-f72b-4006-a82d-db7c01823658&max=550&mode=Max	http://web.kinmen.gov.tw/Layout/sub_F/ArtHtml_Show.aspx?ID=320e0973-7c70-444e-af03-653ffd928606&path=10366
http://eoldata.taibif.tw/files/eoldata/imagecache/data_object_image/images/61/liu_yue_xue_-65.jpg	http://taibif.tw/zh/namecode/204366?page=5
http://2.bp.blogspot.com/-BAyQbeJW5zM/VNoTo-yF_WI/AAAAAAAACHk/_rkRfAM4OMY/s1600/img_show.php-21.jpeg	http://blog.igarden.com.tw/2007/05/5M70505.html
http://web.cjjh.ptc.edu.tw/%E6%A0%A1%E5%9C%92%E6%A4%8D%E7%89%A9/%E5%85%AD%E6%9C%88%E9%9B%AA.jpg	http://web.cjjh.ptc.edu.tw/%E6%A0%A1%E5%9C%92%E6%A4%8D%E7%89%A9/%E5%85%AD%E6%9C%88%E9%9B%AA.htm
http://a2.att.hudong.com/17/19/01300543848932147012197845877_s.jpg	http://www.baike.com/wiki/%E5%85%AD%E6%9C%88%E9%9B%AA
http://images.nongmiao.com/small//trade/2012/09/14/04/38/415304061_656438632.310x310.jpg	http://www.nongmiao.com/lzh0905/supply-169-1.html
http://img1.topshop.com.tw/twr/pic/%7BEF1B526A-6107-E14A-9BDB-34BD7B3BD2A4%7D_0.jpg	http://www.twr.com.tw/product_one.asp?guid=EF1B526A-6107-E14A-9BDB-34BD7B3BD2A4
http://asp.ljes.ylc.edu.tw/~office_60/images/plant/pla%20(35).jpg	http://asp.ljes.ylc.edu.tw/~office_60/newfile_38.html
http://2.bp.blogspot.com/-behIH2RwJDI/VNoTpjCYSGI/AAAAAAAACHw/v-FdHSmf0BI/s1600/img_show.php-22.jpeg	http://blog.igarden.com.tw/2007/05/5M70505.html
http://a4.att.hudong.com/36/75/16300000026741124633759913903.jpg	http://tupian.baike.com/787/8.html
https://8.share.photo.xuite.net/brday1257/180653d/8136580/321382329_m.jpg	http://blog.xuite.net/brday1257/twblog/112197558
https://8.share.photo.xuite.net/brday1257/1806545/8136580/1025744065_l.jpg	http://blog.xuite.net/brday1257/twblog/112197558
http://www.inmjh.kh.edu.tw/project/inmplant/Plant/091-100/095.jpg	http://www.inmjh.kh.edu.tw/project/inmplant/Plant/091-100/095.htm
http://pic1.17xie.com/i/2009-12-18/22/17ed74ea5d2c50736a9a50151e018cfb.jpg	http://www.17xie.com/read-485518.html
https://a.share.photo.xuite.net/yueh1/1a7b02b/10100787/456658936_m.jpg	http://blog.xuite.net/yueh1/twblog/124534418-%E5%90%88%E6%AD%A1%E3%80%81%E5%A5%87%E8%90%8A%E5%85%AD%E6%9C%88%E9%9B%AA
http://a0.att.hudong.com/78/73/14300001059150129051735460450_950.jpg	http://w.baike.com/9f71040282374351a2de00f2675ced1c.html
https://img.imynest.com/uploads/E/EB/EEB05E8EF4.jpeg	https://www.imynest.com/content/33400.html
http://img0.pchouse.com.cn/pchouse/1408/04/785757_3.jpg	http://www.pchouse.com.cn/baike/shenghuo/2667/
http://kplant.biodiv.tw/%E5%85%AD%E6%9C%88%E9%9B%AA/%E5%85%AD%E6%9C%88%E9%9B%AA14.JPG	http://kplant.biodiv.tw/%E5%85%AD%E6%9C%88%E9%9B%AA/%E5%85%AD%E6%9C%88%E9%9B%AA.htm
https://i2.read01.com/uploads/08uebl04.jpg	https://read01.com/8zK5oy.html
http://www.12flower.com.taipei/upimg/%E9%87%91%E9%82%8A%E5%85%AD%E6%9C%88%E9%9B%AA.jpg	http://www.12flower.com.taipei/store/productshow.asp?prodid=323
http://1.bp.blogspot.com/-3TZ2ZrMCkmA/VNoToPhPTQI/AAAAAAAACIQ/368pgFbAtkQ/s1600/img_show.php-19.jpeg	http://blog.igarden.com.tw/2007/05/5M70505.html
http://ncyugarden.ncyu.edu.tw/lantan/pic/34567855nopqrs.jpg	http://ncyugarden.ncyu.edu.tw/lantan/show_plant.asp?id=165
https://i3.read01.com/uploads/0CLBV502.jpg	https://read01.com/Ozxk6.html
http://herballiving.hk/wp-content/uploads/2016/04/2.jpg	http://herballiving.hk/%E5%85%AD%E6%9C%88%E9%9B%AA/
http://i1.wp.com/inews.gtimg.com/newsapp_match/0/589801215/0	http://www.ifuun.com/a2016918358480/
http://xsxiaofang.com/product/pics/20160511/1462951878.jpg	http://xsxiaofang.com/product/class/?134.html
http://www.yuhuagu.com/uploads/allimg/120525/43-120525055F3.jpg	http://www.yuhuagu.com/pjtp/2012/0525/3040.html
https://i2.read01.com/uploads/0DQ8OWW5ev.jpg	https://read01.com/dx5R2O.html
http://kplant.biodiv.tw/%E5%85%AD%E6%9C%88%E9%9B%AA/%E5%85%AD%E6%9C%88%E9%9B%AA-%E8%8A%B19.JPG	http://kplant.biodiv.tw/%E5%85%AD%E6%9C%88%E9%9B%AA/%E5%85%AD%E6%9C%88%E9%9B%AA.htm
http://www.dianshu119.com/uploads/201310/1383227472i2SY333z.jpg	http://www.dianshu119.com/index.php?doc-view-1633.html
https://www.huabaike.com/uploads/allimg/artimg/201612/20161216090651_44996.jpg	https://www.huabaike.com/hyjk/6332.html
https://cbu01.alicdn.com/img/ibank/2015/223/142/2397241322_349060375.310x310.jpg	https://www.1688.com/pic/-C1F9D4C2D1A9C5E8D4D4.html
http://www.pjcn.org/uploads/allimg/1604/1-160426221229158.jpg	http://www.pjcn.org/pz/js/1550/
http://pic.pimg.tw/hjlee0301/1318330270-1439978959_n.jpg	http://hjlee0301.pixnet.net/blog/post/38270102-%E7%9F%AE%E7%B1%AC%EF%BC%9A%E5%85%AD%E6%9C%88%E9%9B%AA%E3%80%81%E8%83%A1%E6%A4%92%E6%9C%A8%E3%80%81%E7%9F%AE%E4%BB%99%E4%B8%B9%E5%92%8C%E6%A1%82%E8%8A%B1
https://upload.wikimedia.org/wikipedia/commons/thumb/5/56/Serissa.jpg/240px-Serissa.jpg	https://zh.wikipedia.org/wiki/%E5%85%AD%E6%9C%88%E9%9B%AA
