
https://www.huabaike.com/uploads/allimg/sltimg/201605/5730492373d33.jpg	http://www.huabaike.com/jtyh/3196.html
http://a1.att.hudong.com/88/54/01100000000000144740541148681_s.jpg	http://www.baike.com/wiki/%E9%A3%9E%E7%87%95%E8%8D%89
http://s8.sinaimg.cn/mw690/001ROMKqgy6Wf3P25ldb7&690	http://blog.sina.com.cn/s/blog_66019f9e0100r7ug.html
http://www.yuhuagu.com/uploads/allimg/120629/43-12062Z54024.jpg	http://www.yuhuagu.com/ktsh/3295.html
http://a0.att.hudong.com/83/54/20200000013920144740540667312_s.jpg	http://www.baike.com/wiki/%E9%A3%9E%E7%87%95%E8%8D%89
http://p.d1xz.net/2014/5/21/105116321632.jpg	http://www.d1xz.net/astro/huayu/art49769.aspx
http://img.boqiicdn.com/Data/BK/A/1509/28/imagick70871443423728_y.jpg	http://www.boqii.com/entry/detail/2082.html
http://img.boqiicdn.com/Data/BK/A/1509/28/imagick63531443420968_y.jpg	http://www.boqii.com/entry/detail/2082.html
http://www.wed114.cn/jiehun/uploads/allimg/160113/52_160113155609_2.jpg	http://www.wed114.cn/jiehun/zhiwu/20160113141868.html
http://www.tianqi.com/upload/article/15-08-21/CybY_150821073724_1.jpg	http://wannianli.tianqi.com/news/101346.html
http://a0.att.hudong.com/58/53/01100000000000144740531780154_s.jpg	http://www.baike.com/wiki/%E9%A3%9E%E7%87%95%E8%8D%89
http://www.wed114.cn/jiehun/uploads/allimg/160113/52_160113155609_1.jpg	http://www.wed114.cn/jiehun/zhiwu/20160113141868.html
http://www.tyfmy.com/MyWeb/tianyefeng/633761899700411250/20090514031613539_big.jpg	http://www.tyfmy.com/product/productshow/826/3024.html
http://www.ew9z.com/wp-content/uploads/2010/03/Consolida_ajacis_flower_5.jpg	http://www.ew9z.com/feiyancao-tupian.html
http://p.ayxbk.com/images/thumb/1/11/Bkcsd.jpg/220px-Bkcsd.jpg	http://www.a-hospital.com/w/%E9%A3%9E%E7%87%95%E8%8D%89
https://www.huabaike.com/uploads/allimg/artimg/201605/20160509162141_85272.jpg	http://www.huabaike.com/jtyh/3196.html
http://www.shiy.net/d/file/ylzw/hhzw/yens/2007-06-04/4902e8bd58fb1a11cc12e761f5d46f3e.jpg	http://www.shiy.net/ylzw/hhzw/yens/20070604/13.html
http://img0.ddyuanlin.com/upload/photo/2007-11/129/d/141240411804044220.jpg	http://blog.sina.com.cn/s/blog_4d3b49f10102v1fw.html
http://www.gxyyzwy.com/Files/%E6%AF%8F%E6%9C%88%E8%8A%B1%E4%BA%8B/10%E6%9C%88%E7%9B%9B%E5%BC%80%E8%8A%B1%E5%8D%89/%E9%A3%9E%E7%87%95%E8%8D%89ALIM0421.JPG	http://www.gxyyzwy.com/html/sy/0942907.html
http://www.zhiwu365.com/uploads/plant/155_feiyancao/default/original/1_feiyancao.jpg	http://www.zhiwu365.com/plant/170
http://www.baihuamen.com/d/file/2014/03-26/0b4efdb75e6bb3451b3eb7763eb0b6f9.jpg	http://www.baihuamen.com/feiyancao/
https://cbu01.alicdn.com/img/ibank/2015/551/123/2675321155_275374095.220x220.jpg	http://www.1688.com/jiage/-B7C9D1E0B2DDD6D6D6B2.html
http://www.wed114.cn/jiehun/uploads/allimg/160113/52_160113155609_4.jpg	http://www.wed114.cn/jiehun/zhiwu/20160113141868.html
http://s3.sinaimg.cn/mw690/001OqtwOty71KCEDZ9Ed2&690	http://blog.sina.com.cn/s/blog_6304cf960102w9l0.html
http://s13.sinaimg.cn/mw690/001ROMKqgy6Wf3TzmHOac&690	http://blog.sina.com.cn/s/blog_66019f9e0100r7ug.html
http://www.yuhuagu.com/uploads/allimg/120616/10-120616131606.jpg	http://www.yuhuagu.com/ktsh/3295.html
http://www.hxzyy.com.cn/uploadfile/201071112394613703.jpg	http://www.hxzyy.com.cn/product_detail_1323.html
http://www.zhongzi.net/files/feiyancao.gif	http://www.zhongzi.net/huahui/feiyancao.htm
http://www.gdyuanlin.cn/miaomuimages/%E5%A4%A7%E8%8A%B1%E9%A3%9E%E7%87%95%E8%8D%89.jpg	http://www.gdyuanlin.cn/wikipedia/31048327.html
http://b2b.image.yuanlin.com/biz/2011-1/20111182050332354.jpg	http://www.yuanlin.com/b2b/sell_detail_115479.html
http://pic.pingguolv.com/uploads/allimg/161027/96-16102G62039.png	http://www.pingguolv.com/sl/yingyang/71031.html
http://s3.sinaimg.cn/mw690/001ROMKqgy6Wicaj7xg32&690	http://blog.sina.com.cn/s/blog_66019f9e0100r8u2.html
http://www.wed114.cn/jiehun/uploads/allimg/160113/52_160113155609_3.jpg	http://www.wed114.cn/jiehun/zhiwu/20160113141868.html
http://landaishu.hi2net.com/home/upload20083/2011413175611604.jpg	http://landaishu.hi2net.com/home/blog_read.asp?id=62&blogid=97129
http://news.china-flower.com/Upload2005/2007-11-19/20071119103249996.jpg	http://news.china-flower.com/paper/papernewsinfo.asp?n_id=200248
http://www.huayugu.com.cn/uploads/allimg/160804/1-160P40Q0130-L.jpg	http://www.huayugu.com.cn/feiyancao/
http://www.yuhuagu.com/uploads/allimg/100614/1_100614193550_1.gif	http://www.yuhuagu.com/renshi/2010/0614/962.html
http://i.79cha.com/zhongcaoyao/b/b0/feiyancaotupian_1.jpg	http://zhongcaoyao.79cha.com/ming-%E9%A3%9E%E7%87%95%E8%8D%89
http://www.ritagiang.com/files/articleFilesfinder/images/IMG_7239-1.jpg	http://info.51.ca/life/encyclopedia/2017-01/499609.html
http://a4.att.hudong.com/26/00/20300543578952144661009472935_s.jpg	http://www.baike.com/wiki/%E5%A4%A7%E8%8A%B1%E9%A3%9E%E7%87%95%E8%8D%89
https://www.huabaike.com/uploads/allimg/sltimg/201605/57304ce3c9404.jpg	https://m.huabaike.com/jtyh/3196.html
https://img.diytrade.com/smimg/150664/7805941-2175674-0/nn/c418.jpg	http://www.diseasefreetea.com/sdp/150664/2/pd-942492/4993794-472102/%E9%A3%9E%E7%87%95%E8%8D%89_%E5%8D%97%E6%AC%A7%E7%BF%A0%E9%9B%80_%E5%8D%83%E9%B8%9F%E8%8A%B1_Delphinium.html
http://i52.tinypic.com/r2uxok.jpg	http://www.backchina.com/blog/250647/article-107664.html
http://a1.att.hudong.com/82/54/01100000000000144740541074582_s.jpg	http://www.baike.com/wiki/%E9%A3%9E%E7%87%95%E8%8D%89
http://i.79cha.com/zhongcaoyao/5/5d/feiyancaotupian_2.jpg	http://zhongcaoyao.79cha.com/ming-%E9%A3%9E%E7%87%95%E8%8D%89
http://www.ritagiang.com/files/articleFilesfinder/images/IMG_9287-1.jpg	http://info.51.ca/life/encyclopedia/2017-01/499609.html
https://www.huabaike.com/uploads/allimg/artimg/201605/20160509164709_75376.jpg	https://www.huabaike.com/hyjk/3208.html
http://www.ritagiang.com/files/articleFilesfinder/images/img009-1.jpg	http://info.51.ca/life/encyclopedia/2017-01/499609.html
http://www.qnong.com.cn/uploadfile/2016/0906/20160906112656782.jpg	http://www.qnong.com.cn/zhongzhi/huahui/13605.html
https://gw.alicdn.com/bao/uploaded/i1/2008691717/TB2wUGuX5afF1Jjy1zcXXcu5XXa_!!2008691717.jpg_230x230.jpg	https://www.taobao.com/oshtml/buy-cn/cp_x9C7qLfJ0eCy3dbW19M.html
https://www.huabaike.com/uploads/allimg/sltimg/201605/57304e6b76607.jpg	http://www.huabaike.com/jtyh/3196.html
http://www.ritagiang.com/files/articleFilesfinder/images/IMG_4070-1.jpg	http://info.51.ca/life/encyclopedia/2017-01/499609.html
https://www.huabaike.com/uploads/allimg/artimg/201605/20160509162438_86094.jpg	https://www.huabaike.com/yhjq/3198.html
http://www.zhiwutong.com/tu/yanghua/%E9%A3%9E%E7%87%95%E8%8D%89.jpg	http://www.zhiwutong.com/gardens/09-28/9401.htm
http://www.hxzyy.com.cn/uploadfile/20108311415293917.jpg	http://www.hxzyy.com.cn/product_detail_1462.html
http://img0.pchouse.com.cn/pchouse/1412/24/972833_1219928122528_mthumb.jpg	http://www.pchouse.com.cn/baike/shenghuo/4360/
http://www.ritagiang.com/files/articleFilesfinder/images/IMG_2969-1(1).jpg	http://info.51.ca/life/encyclopedia/2017-01/499609.html
http://pic.nipic.com/2008-03-31/200833195529512_2.jpg	http://www.nipic.com/show/1/44/08459c67b504d6bd.html
https://img.lrgarden.com/feed_pic/207/50/1000271567_1000014626_1498919858.jpg	https://www.lrgarden.com/topic/view/id-1000000044.html
http://img01.hua.com/uploadpic/images/20163281813595576327.jpg	http://www.hua.com/huayu/15226.html
https://upload.wikimedia.org/wikipedia/commons/thumb/7/75/Consolida_ajacis_habito.jpg/450px-Consolida_ajacis_habito.jpg	https://zh.wikipedia.org/wiki/%E9%A3%9E%E7%87%95%E8%8D%89
http://www.zhiwu365.com/uploads/plant/267_dahuafeiyancao/default/original/1_dahuafeiyancao.jpg	http://www.zhiwu365.com/plant/306
http://s1.sinaimg.cn/middle/66019f9ena14443a90880&690	http://blog.sina.com.cn/s/blog_515359c40102ebd4.html
http://s13.sinaimg.cn/mw690/001OqtwOty71KCstpbm3c&690	http://blog.sina.com.cn/s/blog_6304cf960102w9l0.html
http://pic1.huashichang.com/2015/1129/00/5659d2b24b233.jpg	http://www.aihuhua.com/tu/feiyancao.html
http://s1.sinaimg.cn/mw690/0024e51Ozy6QOGBfV5K60&690	http://blog.sina.com.cn/s/blog_70ef3d140102vbol.html
http://zhiwuw.com/d/8n/feiyancao/6.jpg	http://zhiwuw.com/huahuitupian/203.html
http://imglf.nosdn.127.net/img/cHBaTXFqeXdOdXc1bjRZTjVFVCt3bXRzOWc0d1VNZVM4UllWK0xBUEMxT1JKU0dhTHRMUWRnPT0.jpg?imageView&thumbnail=500x0&quality=96&stripmeta=0&type=jpg	http://www.lofter.com/tag/%E9%A3%9E%E7%87%95%E8%8D%89
https://www.huabaike.com/uploads/allimg/artimg/201703/20170316155400_42818.jpg	https://www.huabaike.com/jtyh/7682.html
http://jky.qzedu.cn/zhsj/hhzp/fl--xz/437.gif	http://www.zj700.com/html/4PrMIxa7xDH3aQKq.html
https://www.huabaike.com/uploads/huatuku/20160526/57469e7a28eb5.jpg	https://www.huabaike.com/ghzw/111.html
http://www.cuibohuahui.com/images/UpFile/2017-2/201725114240.jpg	http://www.cuibohuahui.com/zhsh1.asp?id=180698
https://gss0.baidu.com/-fo3dSag_xI4khGko9WTAnF6hhy/zhidao/pic/item/c83d70cf3bc79f3d06386e23bea1cd11738b29cc.jpg	https://zhidao.baidu.com/question/1883326503714603588.html
http://www.cyone.com.cn/yangzhi/UploadFiles_9223/201705/2017051216564904.jpg	http://www.cyone.com.cn/yangzhi/42063.html
http://s4.sinaimg.cn/mw690/006qB3cwzy758UOICht13&690	http://blog.sina.com.cn/s/blog_15f0f66cc0102xs80.html
http://a1.att.hudong.com/70/73/01200000023788136446733113067_s.jpg	http://www.baike.com/wiki/%E5%A4%A7%E8%8A%B1%E9%A3%9E%E7%87%95%E8%8D%89
http://pic.pingguolv.com/uploads/allimg/161207/109-16120G33952.jpg	http://www.pingguolv.com/zy/gongxiao/78082.html
https://img.ys137.com/data/upload/ueditor/20170207/58999f8b69e2f.jpg	https://www.ys137.com/zyys/1700030.html
http://pic1.huashichang.com/2015/1129/00/5659d2b3b6afc.jpg	http://www.aihuhua.com/tu/feiyancao.html
https://www.huabaike.com/uploads/allimg/artimg/201605/20160509164727_38341.jpg	https://www.huabaike.com/hyjk/3208.html
http://pic31.nipic.com/20130704/13170913_094457503119_2.jpg	http://www.nipic.com/show/2/27/8408056k85e20678.html
https://cbu01.alicdn.com/img/ibank/2015/464/249/2209942464_1374213954.400x400.jpg	http://detail.1688.com/offer/42820077.html
https://cbu01.alicdn.com/img/ibank/2017/818/133/4164331818_1382386511.310x310.jpg	https://www.1688.com/pic/-B7C9D1E0B2DDD6D6D7D3.html
http://img.boqiicdn.com/Data/BK/P/imagick37951443432010.jpg	http://www.boqii.com/entry/detail/2082.html
https://s1.sinaimg.cn/mw690/001zKPDOzy7cvA29MU870&690	http://weibo.com/ttarticle/p/show?id=2313501000014127646249286709
http://www.pjcn.org/uploads/allimg/1608/1-160Q6221501W6.jpg	http://www.pjcn.org/hg/2238/
http://s10.sinaimg.cn/mw690/001ROMKqgy6WicayVo549&690	http://blog.sina.com.cn/s/blog_66019f9e0100r8u2.html
http://www.jianglishi.cn/uploadfile/janglishi/2016/0701/201607014e4ece7516b8e86417d9cb3529d74729.jpg	http://www.jianglishi.cn/baike/95992.html
http://www.zhiwu365.com/uploads/plant/155_feiyancao/default/original/2_feiyancao.jpg	http://www.zhiwu365.com/plant/170
http://img.mp.itc.cn/upload/20170518/1df93247009b43f3993e8111d17bc5d7_th.jpg	http://www.sohu.com/a/141625928_661370
https://img.lrgarden.com/feed_pic/212/31/1000271572_1000014626_1498919967.jpg	https://www.lrgarden.com/topic/view/id-1000000044.html
http://s1.sinaimg.cn/middle/66019f9ena1308f105df0&690	http://blog.sina.com.cn/s/blog_66019f9e0100r7ug.html
https://cbu01.alicdn.com/img/ibank/2016/519/702/3171207915_773204859.310x310.jpg	https://www.1688.com/pic/-B7C9D1E0B2DD.html
http://img.xunhai.com/2015/11/30/144888683495000.jpg	http://www.xunhai.com/feiyancao/2015/1130/8978.html
http://a3.att.hudong.com/70/28/01300001190991130889289501670_s.jpg	http://www.baike.com/wiki/%E7%A9%97%E8%8A%B1%E9%A3%9E%E7%87%95%E8%8D%89
https://img.ys137.com/data/upload/ueditor/20170207/58999f7c06897.jpg	https://www.ys137.com/zyys/1700030.html
http://www.mrhy.com.cn/inc/uploads/product/201304/M-Q028%20(6).jpg	http://www.mrhy.com.cn/search.php?type=2&tag=%E4%BB%BF%E7%9C%9F%E9%A3%9E%E7%87%95%E8%8D%89
http://www.21cbi.com/upload/201609/23/147456833752.jpg	http://m.21cbi.com/s/14/75563.html
https://cdn.huaniaoy.cn/20161122/original/1479790471792.jpg@!pic280zw	https://www.huaniaoy.com/yangzhifangfa/1815/
https://gw.alicdn.com/bao/uploaded/i3/139083869/TB2Yd3_or_0UKFjy1XaXXbKfXXa_!!139083869.jpg_230x230.jpg	https://www.taobao.com/oshtml/buy-cn/cp_x9C7qLfJ0eCy3dbW19M.html
