
http://4.bp.blogspot.com/-tu5MDuKGoGU/UXDphnzKQwI/AAAAAAAAAg8/SA2hmA9LuhY/s1600/%25E5%25A4%25A7%25E5%25B2%25A9%25E6%25A1%2590+%25E7%259A%2587%25E5%2590%258E%25E6%25B7%25B7%25E5%2590%2588%25E5%259C%25962.jpg	http://blog.igarden.com.tw/2013/04/sinningia-speciosa-culture-tips.html
http://a2.att.hudong.com/00/00/01300000165486121143004769474_s.jpg	http://www.baike.com/wiki/%E5%A4%A7%E5%B2%A9%E6%A1%90
http://a3.att.hudong.com/61/28/01300000012653118882859956461_s.jpg	http://www.baike.com/wiki/%E5%A4%A7%E5%B2%A9%E6%A1%90
http://classweb.loxa.edu.tw/clockloxa/plant/html/d/d002d.jpg	http://classweb.loxa.edu.tw/clockloxa/plant/html/d/d002.htm
http://2.bp.blogspot.com/-eOlTMkgw8mc/UXD27pETUJI/AAAAAAAAAiU/Q9YbfyWmNLs/s1600/%25E5%25A4%25A7%25E5%25B2%25A9%25E6%25A1%2590+%25E6%25AD%25A1%25E6%25A8%2582%25E7%258E%25B2+%25E6%25B7%25B7%25E5%2590%2588%25E5%25A4%25A7.jpg	http://blog.igarden.com.tw/2013/04/sinningia-speciosa-culture-tips.html
http://www.iyanghua.com/f/dayantong/20081122230648_2.jpg	http://www.iyanghua.com/f/dayantong/
http://a2.att.hudong.com/26/08/01300000165486121143080285786_s.jpg	http://www.baike.com/wiki/%E5%A4%A7%E5%B2%A9%E6%A1%90
https://2.bp.blogspot.com/-nxrFs4397NY/VrBj2UWxHvI/AAAAAAAAHUY/6bHmxVtEvLc/s800/1602W1_b.jpg	http://blog.igarden.com.tw/2013/04/sinningia-speciosa-culture-tips.html
http://www.twword.com/uploads/wiki/13/d7/682190_3.jpg	http://www.twword.com/wiki/%E5%A4%A7%E5%B2%A9%E6%A1%90
http://www.epochtimes.com/i6/100929073521.jpg	http://john680073.pixnet.net/blog/post/234418856-%E8%8A%B1%E4%B8%AD%E8%B2%B4%E5%A9%A6-%E2%94%80-%E5%A4%A7%E5%B2%A9%E6%A1%90
http://a2.att.hudong.com/72/96/01300000165486121142966530746_s.jpg	http://www.baike.com/wiki/%E5%A4%A7%E5%B2%A9%E6%A1%90
http://3.bp.blogspot.com/-029s5SyQaiU/Vbno09v5r-I/AAAAAAAAGX4/98Gqt1TAn-Y/s800/150730_Gloxinia-cover.JPG	http://blog.igarden.com.tw/2015/08/why-Gloxinia-turned-brown-and-wilted.html
http://4.share.photo.xuite.net/appleming6/146096c/13303892/681393688_m.jpg	http://blog.xuite.net/appleming6/twblog?st=c&p=1&w=4938216
https://simg314.magcasa.com/content_images/2016/05/06/313966/1462520975_3235.jpg	https://www.gigcasa.com/articles/313966
http://pic.pimg.tw/seba/1343602846-61566209.jpg	http://elegantbooks.pixnet.net/blog/post/28300510-%E3%80%90%E8%8A%B1%E8%8D%89%E9%9B%9C%E8%A8%98%E3%80%91%E5%A4%A7%E5%B2%A9%E6%A1%90%E5%92%8C%E6%88%91%E7%9A%84%E6%84%9B%E6%81%A8%E6%83%85%E4%BB%87%E3%80%82
http://pic.to8to.com/attch/day_130924/20130924_22a5b497546bc86c3d48Lo8a96xbviEo.jpg	http://www.to8to.com/yezhu/z9072.html
https://i.magcasa.com/content_images/2016/05/06/313966/1462520975_5146.jpg	https://www.gigcasa.com/articles/313966
http://www.iyanghua.com/f/dayantong/20081122230156_2.jpg	http://www.iyanghua.com/f/dayantong/
http://farm3.static.flickr.com/2573/5741265785_a69b8d3c21_z.jpg	http://oak0512.pixnet.net/blog/post/34229231-3%E8%89%B2%E5%A4%A7%E5%B2%A9%E6%A1%90--229
https://www.huabaike.com/uploads/allimg/sltimg/201605/572b07334549b.jpg	https://www.huabaike.com/yhjq/5890.html
http://2.bp.blogspot.com/-24Ux-LVj__U/UXDp0nocLKI/AAAAAAAAAhE/kk0HbDezQlM/s1600/%25E5%25A4%25A7%25E5%25B2%25A9%25E6%25A1%2590+%25E7%259A%2587%25E5%2590%258E+%25E6%25B7%25B7%25E5%2590%2588.jpg	http://blog.igarden.com.tw/2013/04/sinningia-speciosa-culture-tips.html
http://9.blog.xuite.net/9/b/0/2/12143622/blog_664768/txt/60920499/61.jpg	http://blog.xuite.net/akao_chen/mntnsea/60920499-%E7%BE%8E%E8%89%B7%E4%B8%89%E5%A7%9D_%E5%A4%A7%E5%B2%A9%E6%A1%90%E8%8A%B1%E9%96%8B
http://farm4.static.flickr.com/3018/2564954534_d1e81ee356_o.jpg	http://changegirl.pixnet.net/blog/post/2120168-%E5%A4%A7%E5%B2%A9%E6%A1%90
https://i.ytimg.com/vi/REhhq0sNi-0/hqdefault.jpg	https://www.youtube.com/watch?v=REhhq0sNi-0
http://blog.xuite.net/appleming6/twblog/145889793/cover600.jpg?d=600.png	http://blog.xuite.net/appleming6/twblog/145889792-%E5%A4%A7%E5%B2%A9%E6%A1%90%E5%A6%82%E4%BD%95%E9%87%8D%E6%96%B0%E7%A8%AE%E6%A4%8D
https://4.share.photo.xuite.net/appleming6/1460987/13303887/681388344_m.jpg	http://blog.xuite.net/appleming6/twblog/145889792-%E5%A4%A7%E5%B2%A9%E6%A1%90%E5%A6%82%E4%BD%95%E9%87%8D%E6%96%B0%E7%A8%AE%E6%A4%8D
http://9.blog.xuite.net/9/b/0/2/12143622/blog_664768/txt/60920499/55.jpg	http://blog.xuite.net/akao_chen/mntnsea/60920499-%E7%BE%8E%E8%89%B7%E4%B8%89%E5%A7%9D_%E5%A4%A7%E5%B2%A9%E6%A1%90%E8%8A%B1%E9%96%8B
https://i.ytimg.com/vi/r63uuBdrWSQ/maxresdefault.jpg	https://www.youtube.com/watch?v=r63uuBdrWSQ
http://pic.pimg.tw/lag12323/1311390531-f021a48c48f2418402ac9c798ce9bb6b_q.jpg	http://lag12323.pixnet.net/blog/post/72939639-%E5%A4%A7%E5%B2%A9%E6%A1%90%E7%85%A7%E9%A1%A7%E6%96%B9%E6%B3%95%E5%88%86%E4%BA%AB
http://1.bp.blogspot.com/-VMUPEs8_31M/UXDvdIeRvrI/AAAAAAAAAh0/I4XmvoyT7xA/s1600/%25E6%25AD%25A1%25E6%25A8%2582%25E9%2588%25B4%25E7%25B4%2585%2526%25E8%2597%258D.jpg	http://blog.igarden.com.tw/2013/04/sinningia-speciosa-culture-tips.html
http://a2.att.hudong.com/45/34/01200000026367136323346105048_s.jpg	http://www.baike.com/wiki/%E5%A4%A7%E5%B2%A9%E6%A1%90
http://2.bp.blogspot.com/-eFiHN1pUA_M/UXD4LOU_OuI/AAAAAAAAAis/VZHU6wmGv8I/s1600/%25E5%25A4%25A7%25E5%25B2%25A9%25E6%25A1%2590+%25E5%2589%258D%25E9%258B%2592-%25E6%25A1%2583%25E7%25B4%2585.jpg	http://blog.igarden.com.tw/2013/04/sinningia-speciosa-culture-tips.html
http://pcdn1.rimg.tw/photos/3608853_j5itmo2_l.jpg?131754	http://blog.roodo.com/k_sylvia/archives/25095570.html
http://blog.xuite.net/fredchen2429/twblog1/123165362/cover600.jpg?d=600.png	http://blog.xuite.net/fredchen2429/twblog1/123165364-%E5%A4%A7%E5%B2%A9%E6%A1%90%E5%9C%93%E5%9C%88%E5%9C%88%E8%8A%B1%E8%89%B2%E7%B3%BB%E5%88%97
http://9.blog.xuite.net/9/b/0/2/12143622/blog_664768/txt/60920499/34.jpg	http://blog.xuite.net/akao_chen/mntnsea/60920499-%E7%BE%8E%E8%89%B7%E4%B8%89%E5%A7%9D_%E5%A4%A7%E5%B2%A9%E6%A1%90%E8%8A%B1%E9%96%8B
http://2.bp.blogspot.com/-tFtC9EzNQzY/VNi5uXWyKPI/AAAAAAAABXA/SFYn5MHKGMw/s1600/img_show%2B(1).jpeg	http://blog.igarden.com.tw/2012/06/5M120623.html
http://i1.wp.com/inews.gtimg.com/newsapp_match/0/412901298/0	http://www.ifuun.com/a2016715230872/
https://www.huabaike.com/uploads/allimg/sltimg/201605/572b09e7551aa.jpg	https://www.huabaike.com/qgzw/3144.html
http://blog.roodo.com/huang625/4bfe7541.jpg	http://blog.roodo.com/huang625/archives/12449531.html
http://www.ew9z.com/wp-content/uploads/2010/02/Sinningia_speciosa_15.jpg	http://www.ew9z.com/dayantong-pinzhong-ziliao.html
http://www.pjcn.org/uploads/allimg/1704/1-1F41R15240W0.jpg	http://www.pjcn.org/hy/4455/
http://pic.to8to.com/attch/day_130924/20130924_a5b5564cdfe841478f0ePurNWqITpKFo.jpg	http://www.to8to.com/baike/78
http://www.12flower.com.taipei/upimg/%E5%A4%A7%E5%B2%A9%E6%A1%90.jpg	http://www.12flower.com.taipei/store/productshow.asp?prodid=700
http://c.blog.xuite.net/c/7/f/6/20629228/blog_1169790/txt/18873517/12.jpg	http://blog.xuite.net/hchuang0905/blog/18873517-%E7%B9%81%E6%AE%96%E5%A4%A7%E5%B2%A9%E6%A1%90
https://www.huabaike.com/uploads/allimg/sltimg/201705/592553c364dbc.jpg	https://www.huabaike.com/yhjq/9080.html
http://www.iyanghua.com/f/dayantong/20081122225948_2.jpg	http://www.iyanghua.com/f/dayantong/
http://tupian.geimian.com/pic/2015/10/2015-10-11_214154.jpg	https://www.geimian.com/wx/51679.html
http://a4.att.hudong.com/47/01/01300000165486121143016612960_s.jpg	http://blog.xuite.net/moondiana.tw/twblog/188171718-%E5%A4%A7%E5%B2%A9%E6%A1%90
http://img.appledaily.com.tw//images/twapple/640pix/20100723/HA16/HA16_006.jpg	http://www.appledaily.com.tw/appledaily/article/property/20100723/32680993/
http://img1.ph.126.net/uFoIXhJGbn7mtHapRkTx5Q==/6630060613047588040.jpg	http://lian201305.lofter.com/post/1cca6f17_7a01eb7
http://4.bp.blogspot.com/-qR-asCpa1R8/VOBmhoznR2I/AAAAAAAADO8/wre0_JL1mPA/s1600/img_show.jpeg	http://blog.igarden.com.tw/2004/06/5M40623-2.html
http://www.huacaoshumu.net/attached/tupian/D5/20131202-0.jpg	http://www.huacaoshumu.net/zhiwu/dayantong.php
http://4.blog.xuite.net/4/8/1/5/237093459/blog_4202130/txt/290008034/9.jpg	http://blog.xuite.net/c46269.xuite.net/asdfghjkl/290008034-%E8%8A%B1%E5%8D%89--%E5%A4%A7%E5%B2%A9%E6%A1%90
http://pic.pimg.tw/akau610316/1336826131-2933239580_n.jpg	http://akau610316.pixnet.net/blog/post/89519993-%E5%A4%A7%E5%B2%A9%E6%A1%90%E8%91%89%E6%8F%92%E7%B9%81%E6%AE%96
http://www.ttvs.cy.edu.tw/kcc/926sea/TA15.Jpg	http://www.ttvs.cy.edu.tw/kcc/926sea/ta.htm
http://www.yuhuagu.com/uploads/allimg/150812/43_150812075733_1.jpg	http://www.yuhuagu.com/caoben/2015/0812/12393.html
http://i1.wp.com/inews.gtimg.com/newsapp_match/0/573076281/0	http://www.ifuun.com/a2016914346011/
https://cbu01.alicdn.com/img/ibank/2016/863/036/3188630368_1110690598.220x220.jpg	http://www.1688.com/jiage/-B4F3D1D2CDA9BBA8.html
http://7.blog.xuite.net/7/1/a/8/246870161/blog_5172474/txt/419231754/0.jpg	http://blog.xuite.net/gouldian/blog/419231754-%E5%A4%A7%E5%B2%A9%E6%A1%90%E8%8A%B1%E9%96%8B%E7%87%A6%E7%88%9B
http://0.blog.xuite.net/0/f/d/0/12994029/blog_1133239/txt/33045841/0.jpg	http://blog.xuite.net/f39862/sunflower/33045841-%E5%A4%A7%E5%B2%A9%E6%A1%90%E7%B9%81%E6%AE%96-%E8%91%89%E6%8F%92
http://pic.pimg.tw/lag12323/1310189699-0f986f238fb75426006ebece57b7264b_q.jpg	http://lag12323.pixnet.net/blog/post/72939639-%E5%A4%A7%E5%B2%A9%E6%A1%90%E7%85%A7%E9%A1%A7%E6%96%B9%E6%B3%95%E5%88%86%E4%BA%AB
http://www.ttvs.cy.edu.tw/kcc/926sea/TA11.Jpg	http://www.ttvs.cy.edu.tw/kcc/926sea/ta.htm
http://pic.pimg.tw/lag12323/1310796423-16226b6e9f8d57f2a45d14ea8c9cddba_q.jpg	http://lag12323.pixnet.net/blog/post/72939639-%E5%A4%A7%E5%B2%A9%E6%A1%90%E7%85%A7%E9%A1%A7%E6%96%B9%E6%B3%95%E5%88%86%E4%BA%AB
http://blog.roodo.com/justvic/93f0d8a9.jpg	http://blog.roodo.com/justvic/archives/4782327.html
http://att2.citysbs.com/hangzhou/sns01/forum/2010/08/16-12/middle_20100816_310cf5278b3b851b380byxEc262mTJwY.jpg	http://tw.gigacircle.com/1461879-1
http://pic.pimg.tw/seba/1350064817-3768992720.jpg	http://elegantbooks.pixnet.net/blog/post/28300510-%E3%80%90%E8%8A%B1%E8%8D%89%E9%9B%9C%E8%A8%98%E3%80%91%E5%A4%A7%E5%B2%A9%E6%A1%90%E5%92%8C%E6%88%91%E7%9A%84%E6%84%9B%E6%81%A8%E6%83%85%E4%BB%87%E3%80%82
http://www.iyanghua.com/f/dayantong/20081122225830_2.jpg	http://www.iyanghua.com/f/dayantong/
http://i.epochtimes.com/assets/uploads/2010/09/100929073527.jpg	http://www.epochtimes.com/gb/10/9/29/n3039615.htm
http://pic.pimg.tw/lag12323/1310189697-7ecfccb7c3b4bd6a66397088044936b1_q.jpg	http://lag12323.pixnet.net/blog/post/72939639-%E5%A4%A7%E5%B2%A9%E6%A1%90%E7%85%A7%E9%A1%A7%E6%96%B9%E6%B3%95%E5%88%86%E4%BA%AB
https://www.huabaike.com/uploads/allimg/sltimg/201605/572b07b16c611.jpg	https://www.huabaike.com/yhjq/5890.html
https://7.share.photo.xuite.net/sanhome123456789/174deaf/13150572/667702851_m.jpg	http://blog.xuite.net/sanhome123456789/twblog/143766590-%E5%A4%A7%E5%B2%A9%E6%A1%90%E7%B9%81%E6%AE%96+%E8%8A%BD%E6%8F%92%E6%B3%95
http://a4.att.hudong.com/00/75/19300001382667132849751876066.jpg	http://yanghua.baike.com/article-144317.html
https://8.share.photo.xuite.net/chentse/18adaa5/9906951/441746078_m.jpg	http://blog.xuite.net/chentse/twblog/123372565-%E5%A4%A7%E5%B2%A9%E6%A1%90
http://6.blog.xuite.net/6/1/7/6/16970365/blog_1120766/txt/17676229/0.jpg	http://blog.xuite.net/a147b480c285/0325/17676229-%E9%87%8D%E7%93%A3%E5%A4%A7%E5%B2%A9%E6%A1%90
https://farm4.staticflickr.com/3905/14859722485_4070d099c6_o.jpg	http://blog.xuite.net/debbieyi/us/221862930-%E5%A4%A7%E5%B2%A9%E6%A1%90+%E6%B0%B4%E8%80%95%E7%B9%81%E6%AE%96
https://upload.wikimedia.org/wikipedia/commons/thumb/2/2f/Sinningia_speciosa-IMG_0659.JPG/220px-Sinningia_speciosa-IMG_0659.JPG	https://zh.wikipedia.org/wiki/%E5%A4%A7%E5%B2%A9%E6%A1%90
http://2.bp.blogspot.com/-TSERL1lR_vI/Vgt1Du4RP6I/AAAAAAAAGoU/QCKCaMovV5s/s1600/150924_%25E5%25A4%25A7%25E5%25B2%25A9%25E6%25A1%2590%25E8%258B%2597.JPG	http://blog.igarden.com.tw/2015/09/why-my-Gloxinia-grow-so-slow.html
http://4.blog.xuite.net/4/5/a/4/23075667/blog_1812266/txt/45800014/5.jpg	http://blog.xuite.net/sioulee/011/45800014-%E5%A4%A7%E5%B2%A9%E6%A1%90
http://www.taihort.com.tw/newsletter/new_s_images/1109_1.jpg	http://mychannel.pchome.com.tw/channel/class/show_preview.php3/?d=2011-09-09&enname=igarden&t=.htm&fn=main&view=1
http://www.pjcn.org/uploads/allimg/1704/1-1F4191RU34L.jpg	http://www.pjcn.org/gl/4463/
https://www.huabaike.com/uploads/allimg/artimg/201605/20160505165341_45565.jpg	https://www.huabaike.com/yhjq/3162.html
http://2.bp.blogspot.com/-ua55AZPe2qs/U_SjEwVOODI/AAAAAAAAfuU/DmwndPejkQw/s1600/P1060148.JPG	http://purplewhee.blogspot.com/2011/12/blog-post_25.html
http://pic.pimg.tw/lag12323/1310796424-2c76a2c6e895636bac4d72f3f156bb0a_q.jpg	http://lag12323.pixnet.net/blog/post/72939639-%E5%A4%A7%E5%B2%A9%E6%A1%90%E7%85%A7%E9%A1%A7%E6%96%B9%E6%B3%95%E5%88%86%E4%BA%AB
https://4.share.photo.xuite.net/appleming6/14609a9/13303892/681404501_m.jpg	http://blog.xuite.net/appleming6/twblog/145890056-%E5%A4%A7%E5%B2%A9%E6%A1%90++2009++%E6%92%AD%E7%A8%AE%E5%88%B0%E9%96%8B%E8%8A%B1
https://6.share.photo.xuite.net/fredchen2429/167561a/9877608/439606450_m.jpg	http://blog.xuite.net/fredchen2429/twblog1/123165302-%E5%A4%A7%E5%B2%A9%E6%A1%90%E8%98%8B%E6%9E%9C%E5%9C%88%E5%9C%88%E8%8A%B1%E8%89%B2%E7%B3%BB%E5%88%97
http://www.pjcn.org/uploads/allimg/1704/1-1F419202T6356.jpg	http://www.pjcn.org/pz/ym/4462/
http://gmimg.geimian.com/pic/2015/10/2015-10-11_212706.jpg	https://www.geimian.com/wx/51679.html
https://i.ytimg.com/vi/gvJlg01OmyA/maxresdefault.jpg	https://www.youtube.com/watch?v=gvJlg01OmyA
http://pics1.blog.yam.com/3/userfile/a/ammayumi/album/1445d59931fcea.jpg	https://ammayumi.tian.yam.com/posts/1921886
https://5.share.photo.xuite.net/nini_su/15d7b43/10339602/475205425_m.jpg	http://blog.xuite.net/nini_su/twblog/126288111-%E5%88%86%E6%A0%AA%E5%BE%8C%E7%9A%84%E5%A4%A7%E5%B2%A9%E6%A1%90-%E8%BA%B2%E8%91%97%E5%B0%8F%E8%8A%B1%E8%8B%9E
http://byfiles.storage.live.com/y1p9dBwVCXtnyNRI3-ejhzxr6RjNPKNXdytZsCUoczUMuPQcd1bGuOMPcggOs9kwhs4	http://blog.xuite.net/ingridk/wretch1/99201333-%E5%A4%A7%E5%B2%A9%E6%A1%90
http://www.ttvs.cy.edu.tw/kcc/926sea/TA12.Jpg	http://www.ttvs.cy.edu.tw/kcc/926sea/ta.htm
http://blog.xuite.net/fredchen2429/twblog1/123165442/cover600.jpg?d=600.png	http://blog.xuite.net/fredchen2429/twblog1/123165445-%E5%A4%A7%E5%B2%A9%E6%A1%90%E5%85%A8%E6%97%A5%E7%85%A7%E6%9B%B4%E6%9C%83%E9%96%8B%E8%8A%B1
https://i1.kknews.cc/large/14a00004c023afdd5cd4	https://kknews.cc/news/38qk3lo.html
https://gss0.bdstatic.com/-4o3dSag_xI4khGkpoWK1HF6hhy/baike/s%3D220/sign=729628540a7b020808c938e352d8f25f/d8f9d72a6059252dc8ba1df5349b033b5ab5b995.jpg	https://baike.baidu.com/item/%E5%A4%A7%E5%B2%A9%E6%A1%90%E8%8A%B1
http://pic.pimg.tw/yulingcheng/1381331222-3974807429.jpg?v=1381331223	http://yulingcheng.pixnet.net/blog/post/164346504-%E7%94%A8%E6%B0%B4%E8%8B%94%E7%A8%AE%E5%A4%A7%E5%B2%A9%E6%A1%90
http://pic.pimg.tw/fish/7add62418b84f7fff7df111e6a5abb1b.jpg	http://fish.pixnet.net/blog/post/31113529-%E8%BE%A6%E5%85%AC%E5%AE%A4%E7%9B%9B%E9%96%8B%E7%9A%84%E5%A4%A7%E5%B2%A9%E6%A1%90
https://www.huabaike.com/uploads/allimg/artimg/201701/20170112162544_21997.jpg	https://www.huabaike.com/jtyh/6772.html
http://s6.sinaimg.cn/orignal/59190cf5h6d9b7f229d55&690	http://blog.sina.com.cn/s/blog_77897bed0101jwjo.html
http://www.pjcn.org/uploads/allimg/1704/1-1F41R14Rb34.jpg	http://www.pjcn.org/tag/dayantong_11128_1.html
