
http://a1.att.hudong.com/43/43/01200000307188117264334405043_s.jpg	http://www.baike.com/wiki/%E7%BF%A0%E9%9B%80%E8%8A%B1
http://p.d1xz.net/2015/10/8/11020682682.jpg	http://3g.d1xz.net/astro/huayu/art104512.aspx
http://www.nighouse.com/photo/4a/4aa63a8236425245aa4fc48d3ddd0e45.jpg	http://www.nighouse.com/delphinium-garden-photos.html
http://pic40.nipic.com/20140417/4224370_200425310127_2.jpg	http://www.nipic.com/show/10134182.html
http://a1.att.hudong.com/26/48/01200000033053136352485918588_s.jpg	http://www.baike.com/wiki/%E7%BF%A0%E9%9B%80
http://img.ipet.tw/uploads/C/43/C43DE9AB32.jpeg	http://www.ipet.tw/content/56609.html
http://www.bm8.com.cn/flower/photo/%E7%BF%A0%E9%9B%80%E8%8A%B13.jpg	http://www.bm8.com.cn/flower/show.asp?id=310
http://img.ph.126.net/RX9WBTnaYGC3c8CegINzFA==/621496748593987018.jpg	http://peiyuehui45.blog.163.com/blog/static/10901462720117710333831
http://p1.pccoo.cn/bendi/20130904/201309041837072358.jpg	http://www.ems.ccoo.cn/bendi/info-92084.html
http://a1.att.hudong.com/88/31/01300000091274121008319417753_s.jpg	http://www.baike.com/wiki/%E7%BF%A0%E9%9B%80
http://pic70.nipic.com/file/20150623/18249246_161050263412_2.jpg	http://www.nipic.com/show/12738558.html
http://s13.sinaimg.cn/mw690/005y9hQ2zy6RsHrRlnK3c&690	http://blog.sina.com.cn/s/blog_12f1b1c160102vqhg.html
https://thumbs.dreamstime.com/z/%E7%BF%A0%E9%9B%80-19920041.jpg	https://cn.dreamstime.com/%E5%BA%93%E5%AD%98%E5%9B%BE%E7%89%87-%E7%BF%A0%E9%9B%80-image19920041
http://a3.att.hudong.com/74/51/20300000164151143340515911833_s.jpg	http://www.baike.com/wiki/%E6%AF%9B%E8%8C%9B%E5%8F%B6%E7%BF%A0%E9%9B%80%E8%8A%B1
http://images.freeimages.com/images/premium/previews/3657/3657132-rittersporn-delphinium-belladonna.jpg	http://cn.freeimages.com/premium/rittersporn-delphinium-belladonna-197143
http://image.sciencenet.cn/album/201106/04/11102900qe08a7o002la80.jpg	http://blog.sciencenet.cn/blog-252763-451510.html
https://www.huabaike.com/uploads/allimg/sltimg/201612/5862154126810.jpg	https://www.huabaike.com/hyjk/6505.html
https://www.huabaike.com/uploads/allimg/artimg/201612/20161227151418_11557.jpg	https://www.huabaike.com/jtyh/6508.html
http://www.nighouse.com/photo/9a/9a62a9a8ab840a72f2d960cb3dde0bc3.jpg	http://www.nighouse.com/delphinium-garden-photos.html
https://thumbs.dreamstime.com/z/%E8%93%9D%E8%89%B2%E7%BF%A0%E9%9B%80%E8%8A%B1%E8%83%8C%E6%99%AF-56698048.jpg	https://cn.dreamstime.com/%E5%85%8D%E7%89%88%E7%A8%8E%E5%BA%93%E5%AD%98%E7%85%A7%E7%89%87-%E8%93%9D%E8%89%B2%E7%BF%A0%E9%9B%80%E8%8A%B1-image15065078
https://thumbs.dreamstime.com/z/%E7%BF%A0%E9%9B%80%E8%8A%B1%E6%9C%AC-%E4%B8%8A-34878951.jpg	https://cn.dreamstime.com/%E5%BA%93%E5%AD%98%E5%9B%BE%E7%89%87-%E7%BF%A0%E9%9B%80%E8%8A%B1%E6%9C%AC-%E4%B8%8A-image34878951
https://thumbs.dreamstime.com/z/%E7%BF%A0%E9%9B%80%E8%8A%B1-30767603.jpg	https://cn.dreamstime.com/%E5%BA%93%E5%AD%98%E7%85%A7%E7%89%87-%E7%BF%A0%E9%9B%80%E8%8A%B1-image30767603
http://s1.1zoom.me/big0/720/345200-svetik.jpg	http://www.1zoom.me/zh/wallpaper/345200/z2547.5/
https://www.huabaike.com/uploads/allimg/artimg/201612/20161226164249_55810.jpg	https://www.huabaike.com/yhjq/6484.html
http://www.ew9z.com/wp-content/uploads/2010/03/Delphinium_grandiflorum_flower_3.jpg	http://www.ew9z.com/cuique-gezihua.html
https://flora.megaview.com.tw/images/_cache/magic_toolbox/ec8358a7a7f6eb317732ea13a6fd8d83/1/9/1940/original/4153989377/P3026.jpg	https://flora.megaview.com.tw/product_info.php?products_id=1940
http://plant.yuanlin123.com/plant/UploadFile/Picture/2010-6/366.jpg	http://plant.yuanlin123.com/plant/PictureShow.asp?PicID=704
https://img.diytrade.com/smimg/150664/7805941-2175674-0/nn/c418.jpg	http://www.diseasefreetea.com/sdp/150664/2/pd-942492/4993794-472102/%E9%A3%9E%E7%87%95%E8%8D%89_%E5%8D%97%E6%AC%A7%E7%BF%A0%E9%9B%80_%E5%8D%83%E9%B8%9F%E8%8A%B1_Delphinium.html
http://a0.att.hudong.com/03/28/01300000091274121008286875355_s.jpg	http://www.baike.com/wiki/%E7%BF%A0%E9%9B%80
http://s6.sinaimg.cn/bmiddle/001lCa4Zzy73dPNR8YB95&690	http://blog.sina.com.cn/s/blog_49a4b55d0102wjzc.html
https://thumbs.dreamstime.com/z/%E7%BF%A0%E9%9B%80%E8%8A%B1-25991506.jpg	https://cn.dreamstime.com/%E5%85%8D%E7%89%88%E7%A8%8E%E5%BA%93%E5%AD%98%E5%9B%BE%E7%89%87-%E7%BF%A0%E9%9B%80%E8%8A%B1-image25991506
https://i1.kknews.cc/large/16870002297b7359ae80	https://kknews.cc/news/z64vvlp.html
https://upload.wikimedia.org/wikipedia/commons/8/86/Ranunculaceae_-_Delphinium_brunonianum.jpg	https://zh.wikipedia.org/wiki/%E5%9B%8A%E8%B7%9D%E7%BF%A0%E9%9B%80%E8%8A%B1
https://thumbs.dreamstime.com/z/%E7%BF%A0%E9%9B%80%E8%8A%B1%E5%9C%A8%E5%BA%AD%E9%99%A2%E9%87%8C%E3%80%82-32717328.jpg	https://cn.dreamstime.com/%E5%85%8D%E7%89%88%E7%A8%8E%E5%BA%93%E5%AD%98%E7%85%A7%E7%89%87-%E7%BF%A0%E9%9B%80%E8%8A%B1%E5%9C%A8%E5%BA%AD%E9%99%A2%E9%87%8C%E3%80%82-image32717328
https://www.huabaike.com/uploads/allimg/artimg/201612/20161226165655_93789.jpg	https://www.huabaike.com/hyjk/6490.html
http://a3.att.hudong.com/16/20/20300000164151143308200921321_s.jpg	http://www.baike.com/wiki/%E5%87%89%E5%B1%B1%E7%BF%A0%E9%9B%80%E8%8A%B1
http://img.bimg.126.net/photo/Kvx1yoGqQ7_ZaQ5XsxdKTA==/307652149561684622.jpg	http://caozuolan2013.lofter.com/post/301107_4e01274
https://www.huabaike.com/uploads/allimg/artimg/201605/20160509165026_21793.jpg	https://www.huabaike.com/jtyh/3211.html
https://thumbs.dreamstime.com/z/%E5%A5%97-%E5%BD%A9%E7%BF%A0%E9%9B%80%E5%9B%BE-%E8%8A%B1-73306824.jpg	https://cn.dreamstime.com/%E5%BA%93%E5%AD%98%E4%BE%8B%E8%AF%81-%E5%A5%97-%E5%BD%A9%E7%BF%A0%E9%9B%80%E5%9B%BE-%E8%8A%B1-image73306824
https://www.huabaike.com/uploads/allimg/sltimg/201612/5860d7e75b2db.jpg	https://www.huabaike.com/yhjq/6484.html
http://yizitong.org/upload/images11/a3941d421860b3f025c7ee4a0f8862bc.jpg	http://yizitong.com/my/picture.php?img=a3941d421860b3f025c7ee4a0f8862bc_31165
http://www.52yhua.com/uploads/allimg/170628/1-1F62R35404.jpg	http://www.52yhua.com/caobentp/7615.html
https://thumbs.dreamstime.com/z/%E4%B8%8E-%E5%BD%A9%E7%9A%84%E6%97%A0%E7%BC%9D%E7%9A%84%E6%A0%B7%E5%BC%8F%E5%88%86%E6%94%AF%E4%B8%8E%E5%A4%9A%E5%BD%A9%E5%A4%9A%E5%A7%BF%E7%9A%84%E7%BF%A0%E9%9B%80%E8%8A%B1-69464901.jpg	https://cn.dreamstime.com/%E5%BA%93%E5%AD%98%E4%BE%8B%E8%AF%81-%E4%B8%8E-%E5%BD%A9%E7%9A%84%E4%B8%80%E4%B8%AA%E4%BE%8B%E8%AF%81%E5%88%86%E6%94%AF%E4%B8%8E%E6%A1%83%E7%BA%A2%E8%89%B2%E7%BF%A0%E9%9B%80%E8%8A%B1-image69698451
http://a4.att.hudong.com/55/32/01300000180919121485328972134_s.jpg	http://www.baike.com/wiki/%E7%BF%A0%E9%9B%80
https://thumbs.dreamstime.com/z/%E8%93%9D%E8%89%B2%E7%BF%A0%E9%9B%80%E8%8A%B1-15065078.jpg	https://cn.dreamstime.com/%E5%85%8D%E7%89%88%E7%A8%8E%E5%BA%93%E5%AD%98%E5%9B%BE%E7%89%87-%E7%BF%A0%E9%9B%80%E8%8A%B1-image25991506
http://www.baihuamen.com/d/file/2014/05-15/daa37696fdc648f3e0d387abb3a2dbe4.jpg	http://www.baihuamen.com/cuiquehua/
https://www.huabaike.com/uploads/allimg/artimg/201612/20161227151508_74404.jpg	https://www.huabaike.com/jtyh/6508.html
https://thumbs.dreamstime.com/z/%E7%BF%A0%E9%9B%80%E8%93%9D%E8%89%B2%E9%B8%9F%E8%8A%B1-74173725.jpg	https://cn.dreamstime.com/%E5%BA%93%E5%AD%98%E7%85%A7%E7%89%87-%E7%BF%A0%E9%9B%80%E8%93%9D%E8%89%B2%E9%B8%9F%E8%8A%B1-image74173725
https://gss1.bdstatic.com/9vo3dSag_xI4khGkpoWK1HF6hhy/baike/s%3D220/sign=1c496fe38bcb39dbc5c06054e01709a7/728da9773912b31b71dcc6208c18367adab4e103.jpg	http://baike.baidu.com/item/%E9%AB%98%E7%BF%A0%E9%9B%80%E8%8A%B1
http://4.bp.blogspot.com/-lkVcjTJl7jw/VF1YI9LLKoI/AAAAAAAAdRI/mDusjlRNFFY/s1600/IMG_9506_%E5%89%AF%E6%9C%AC.jpg	http://jane-suixinsuoyu.blogspot.com/2014/11/blog-post.html
https://i.ytimg.com/vi/JFGsEqL0SHg/maxresdefault.jpg	https://www.youtube.com/watch?v=JFGsEqL0SHg
https://www.huabaike.com/uploads/allimg/artimg/201612/20161226165644_28193.jpg	https://www.huabaike.com/hyjk/6490.html
http://www.twwiki.com/uploads/wiki/ef/21/622102_0.jpg	http://www.twwiki.com/wiki/%E7%BF%A0%E9%9B%80%E5%B1%AC
https://gss0.bdstatic.com/94o3dSag_xI4khGkpoWK1HF6hhy/baike/s%3D220/sign=43e2eb8aae1ea8d38e227306a70a30cf/0824ab18972bd40745e28fcc73899e510fb309dd.jpg	http://baike.baidu.com/item/%E9%AB%98%E7%BF%A0%E9%9B%80%E8%8A%B1
http://s1.1zoom.me/big0/958/342066-svetik.jpg	http://www.1zoom.me/zh/wallpaper/342066/z2165.4/
https://thumbs.dreamstime.com/z/%E9%AB%98%E7%BF%A0%E9%9B%80%E8%8A%B1-91423297.jpg	https://cn.dreamstime.com/%E5%BA%93%E5%AD%98%E7%85%A7%E7%89%87-%E9%AB%98%E7%BF%A0%E9%9B%80%E8%8A%B1-image91423297
http://a4.att.hudong.com/37/94/01000000000000119089482974037_s.jpg	http://www.baike.com/wiki/%E7%BF%A0%E9%9B%80%E8%8A%B1
https://thumbs.dreamstime.com/z/%E8%93%9D%E8%89%B2larkspur%E8%8A%B1%EF%BC%8C%E7%BF%A0%E9%9B%80elatum-74685480.jpg	https://cn.dreamstime.com/%E5%BA%93%E5%AD%98%E7%85%A7%E7%89%87-%E8%93%9D%E8%89%B2larkspur%E8%8A%B1%EF%BC%8C%E7%BF%A0%E9%9B%80elatum-image74685480
https://thumbs.dreamstime.com/z/%E7%BF%A0%E9%9B%80%E8%8A%B1%E5%9C%A8%E5%BA%AD%E9%99%A2%E9%87%8C-64829951.jpg	https://cn.dreamstime.com/%E5%BA%93%E5%AD%98%E7%85%A7%E7%89%87-%E7%BF%A0%E9%9B%80%E8%8A%B1%E5%9C%A8%E5%BA%AD%E9%99%A2%E9%87%8C-image64829951
https://upload.wikimedia.org/wikipedia/commons/thumb/c/c0/Delphinium_grandiflorum_472.jpg/220px-Delphinium_grandiflorum_472.jpg	https://zh.wikipedia.org/wiki/%E7%BF%A0%E9%9B%80
http://a2.att.hudong.com/75/32/01300000091274121008322278674_s.jpg	http://www.baike.com/wiki/%E7%BF%A0%E9%9B%80
http://s9.sinaimg.cn/bmiddle/001lCa4Zzy73dPNyBTO78&690	http://blog.sina.com.cn/s/blog_49a4b55d0102wjzc.html
http://pic.baike.soso.com/p/20140305/bki-20140305232955-1912849309.jpg	http://baike.sogou.com/v66193095.htm
https://gss0.bdstatic.com/94o3dSag_xI4khGkpoWK1HF6hhy/baike/s%3D220/sign=0181b363ce177f3e1434fb0f40ce3bb9/43a7d933c895d1437d02c5f674f082025baf07ea.jpg	https://baike.baidu.com/item/%E8%A3%82%E7%93%A3%E7%BF%A0%E9%9B%80
https://thumbs.dreamstime.com/z/%E7%BF%A0%E9%9B%80-47576177.jpg	https://cn.dreamstime.com/%E5%BA%93%E5%AD%98%E7%85%A7%E7%89%87-%E7%BF%A0%E9%9B%80-image47576177
https://thumbs.dreamstime.com/z/%E9%9D%92%E5%92%8C-%E8%89%B2%E5%BC%80%E8%8A%B1%E7%9A%84%E7%BF%A0%E9%9B%80%E5%9C%A8%E5%BA%AD%E9%99%A2%E9%87%8C-76994693.jpg	https://cn.dreamstime.com/%E5%BA%93%E5%AD%98%E7%85%A7%E7%89%87-%E9%9D%92%E5%92%8C-%E8%89%B2%E5%BC%80%E8%8A%B1%E7%9A%84%E7%BF%A0%E9%9B%80%E5%9C%A8%E5%BA%AD%E9%99%A2%E9%87%8C-image76994693
https://www.huabaike.com/uploads/allimg/artimg/201612/20161229164800_32447.jpg	https://www.huabaike.com/binghai/6557.html
https://thumbs.dreamstime.com/z/%E8%8A%B1%E7%BF%A0%E9%9B%80-48297434.jpg	https://cn.dreamstime.com/%E5%85%8D%E7%89%88%E7%A8%8E%E5%BA%93%E5%AD%98%E5%9B%BE%E7%89%87-%E7%BF%A0%E9%9B%80%E8%8A%B1-image25991506
https://www.huabaike.com/uploads/allimg/artimg/201612/20161226164258_95877.jpg	https://www.huabaike.com/yhjq/6484.html
https://thumbs.dreamstime.com/z/%E8%89%B2%E7%BF%A0%E9%9B%80%E8%8A%B1-55292500.jpg	https://cn.dreamstime.com/%E5%BA%93%E5%AD%98%E7%85%A7%E7%89%87-%E8%89%B2%E7%BF%A0%E9%9B%80%E8%8A%B1-image55292500
http://www.baihuamen.com/d/file/2014/05-15/5534504c6b6bed1e036a7b28d7dbca88.jpg	http://www.baihuamen.com/cuiquehua/
https://cbu01.alicdn.com/img/ibank/2017/606/632/4340236606_831045964.220x220.jpg	http://www.1688.com/jiage/-B4E4C8B8BBA8.html
https://thumbs.dreamstime.com/z/%E8%89%B2larkspur%E8%8A%B1%EF%BC%8C%E7%BF%A0%E9%9B%80elatum-71876061.jpg	https://cn.dreamstime.com/%E5%BA%93%E5%AD%98%E7%85%A7%E7%89%87-%E8%89%B2larkspur%E8%8A%B1%EF%BC%8C%E7%BF%A0%E9%9B%80elatum-image71876061
http://static4.depositphotos.com/1007162/308/i/950/depositphotos_3082347-stock-photo-blue-larkspur.jpg	http://cn.depositphotos.com/3082347/stock-photo-blue-larkspur.html
http://www.52yhua.com/uploads/allimg/170628/1-1F62R35403.jpg	http://www.52yhua.com/caobentp/7615.html
http://a0.att.hudong.com/01/87/01300001217360130682870160283_s.jpg	http://www.baike.com/wiki/%E4%B8%AD%E7%94%B8%E7%BF%A0%E9%9B%80%E8%8A%B1
http://s7.sinaimg.cn/mw690/0016EbTuzy7bNV1Y2QC96&690	http://blog.sina.com.cn/s/blog_3c760d9c0102xg44.html
http://s11.sinaimg.cn/mw690/0016EbTuzy7bNUQLqdA3a&690	http://blog.sina.com.cn/s/blog_3c760d9c0102xg44.html
http://www.yuhuagu.com/uploads/allimg/120809/10-120P9213016.jpg	http://www.yuhuagu.com/ktsh/3816.html
https://thumbs.dreamstime.com/z/%E8%8A%B1%E6%A1%86%E6%9E%B6%E6%96%87%E6%9C%AC%E7%9A%84-%E8%93%9D%E8%89%B2%E5%BC%80%E8%8A%B1%E7%BF%A0%E9%9B%80-72597014.jpg	https://cn.dreamstime.com/%E5%BA%93%E5%AD%98%E4%BE%8B%E8%AF%81-%E8%8A%B1%E6%A1%86%E6%9E%B6%E6%96%87%E6%9C%AC%E7%9A%84-%E8%93%9D%E8%89%B2%E5%BC%80%E8%8A%B1%E7%BF%A0%E9%9B%80-image72597014
https://thumbs.dreamstime.com/z/%E4%B8%8E-%E5%BD%A9%E7%9A%84%E6%97%A0%E7%BC%9D%E7%9A%84%E6%A0%B7%E5%BC%8F%E5%88%86%E6%94%AF%E4%B8%8E%E8%93%9D%E8%89%B2%E7%BF%A0%E9%9B%80%E8%8A%B1-69464068.jpg	https://cn.dreamstime.com/%E5%BA%93%E5%AD%98%E4%BE%8B%E8%AF%81-%E4%B8%8E-%E5%BD%A9%E7%9A%84%E4%B8%80%E4%B8%AA%E4%BE%8B%E8%AF%81%E5%88%86%E6%94%AF%E4%B8%8E%E6%A1%83%E7%BA%A2%E8%89%B2%E7%BF%A0%E9%9B%80%E8%8A%B1-image69698451
http://s15.sinaimg.cn/bmiddle/49a4b55dh73232c4584de&690&690	http://blog.sina.com.cn/s/blog_49a4b55d0100fzi3.html
http://www.ctibet.cn/upload/img/post/201506/1435217997949047225.jpg	http://www.ctibet.cn/culture/detail/CUL435218046890.html
https://c1.staticflickr.com/4/3797/11286439466_caec01439d_b.jpg	https://www.flickr.com/photos/110998217@N03/11286439466
http://3.bp.blogspot.com/-dkv3lZj93ak/VF1Eh_DCoxI/AAAAAAAAdOE/lKAVYZUV8ck/s1600/IMG_3993_%E5%89%AF%E6%9C%AC.jpg	http://jane-suixinsuoyu.blogspot.com/2014/11/blog-post.html
http://s10.sinaimg.cn/bmiddle/001lCa4Zzy73dPPrq0F49&690	http://blog.sina.com.cn/s/blog_49a4b55d0102wjzc.html
http://image.sciencenet.cn/album/201206/11/225336k3hhwwwtw28hhvtt.jpg	http://blog.sciencenet.cn/blog-504206-581180.html
https://img.lrgarden.com/feed_pic/212/31/1000271572_1000014626_1498919967.jpg	https://www.lrgarden.com/topic/view/id-1000002454.html
https://gss2.bdstatic.com/-fo3dSag_xI4khGkpoWK1HF6hhy/baike/s%3D220/sign=aa0246faf3edab6470724ac2c736af81/1c950a7b02087bf404dc6fd8fad3572c11dfcfca.jpg	https://baike.baidu.com/item/%E8%93%9D%E7%BF%A0%E9%9B%80%E8%8A%B1
http://a1.att.hudong.com/08/81/20300542608910143374817049805_s.jpg	http://www.baike.com/gwiki/%E7%A7%A6%E5%B2%AD%E7%BF%A0%E9%9B%80%E8%8A%B1
http://www.zhongyao360.com/uploads/170612/31_105214_1.jpg	http://www.zhongyao360.com/z/bailancuiquehua/
http://a3.att.hudong.com/44/16/01300543998734147851167786255_s.jpg	http://www.baike.com/wiki/%E5%AF%86%E8%B7%9D%E7%BF%A0%E9%9B%80%E8%8A%B1
http://9.blog.xuite.net/9/8/b/4/11296815/blog_108107/txt/143872930/7.jpg	http://blog.xuite.net/maya569/01/143872930-%E5%B0%8F%E9%B3%A5%E8%8A%B1%E2%80%9C%E7%BF%A0%E9%9B%80%E7%8F%8A%E7%91%9A%E2%80%9D
http://s10.sinaimg.cn/bmiddle/001lCa4Zzy73dPO6bxf89&690	http://blog.sina.com.cn/s/blog_49a4b55d0102wjzc.html
http://www.huayugu.com.cn/uploads/allimg/160616/1-160616222Z20-L.jpg	http://www.huayugu.com.cn/cuique/12466.html
https://gw.alicdn.com/bao/uploaded/i2/2682321137/TB2J_CtrJhvOuFjSZFBXXcZgFXa_!!2682321137.jpg_230x230.jpg	https://www.taobao.com/article/D6EcDUC_ATDdEgFt.html
http://s12.sinaimg.cn/bmiddle/001lCa4Zzy73dPP8FFF0b&690	http://blog.sina.com.cn/s/blog_49a4b55d0102wjzc.html
http://a1.att.hudong.com/20/13/20300000164151143394134468623_s.jpg	http://www.baike.com/wiki/%E4%BA%8C%E9%83%8E%E5%B1%B1%E7%BF%A0%E9%9B%80%E8%8A%B1
http://www.huayugu.com.cn/uploads/allimg/160616/1-1606162225430-L.jpg	http://www.huayugu.com.cn/cuique/
https://cbu01.alicdn.com/img/ibank/2014/253/562/1138265352_871157949.220x220.jpg	http://www.1688.com/jiage/-B4E4C8B8BBA8.html
