
http://kntsdagblad.com/wp-content/uploads/2014/04/A544-0523060tp.jpg	http://kntsdagblad.com/2014/04/17/%E7%88%86%E4%BB%97%E7%AB%B9/
http://a4.att.hudong.com/12/01/14300000877827129594016194841.jpg	http://tupian.baike.com/a4_12_01_14300000877827129594016194841_jpg.html
https://www.huabaike.com/uploads/allimg/artimg/201511/20151117172218_74953.jpg	https://www.huabaike.com/pjzz/277.html
http://www.52yhua.com/uploads/allimg/161010/1-161010221035.jpg	http://www.52yhua.com/jishu/6016.html
http://www.wed114.cn/jiehun/uploads/allimg/160330/52_160330163107_2.jpg	http://www.wed114.cn/jiehun/zhiwu/20160330144523.html
https://img.imynest.com/uploads/C/EC/CEC1ED4660.jpeg	https://www.imynest.com/content/29299.html
https://cdn.huaniaoy.cn/20151216/original/1450278256350.jpg@!picb	https://www.huaniaoy.com/yanghu/95
https://img.imynest.com/uploads/2/E4/2E477BC11C.jpeg	https://www.imynest.com/content/29299.html
http://www.wed114.cn/jiehun/uploads/allimg/160330/52_160330163107_1.jpg	http://www.wed114.cn/jiehun/zhiwu/20160330144523.html
http://a2.att.hudong.com/87/96/300000764046131304963787033_950.jpg	http://tupian.baike.com/91529/1.html
https://img.imynest.com/uploads/F/89/F89A86F8C4.jpeg	https://www.imynest.com/content/46961.html
https://www.huabaike.com/uploads/allimg/artimg/201611/20161120145718_78711.jpg	https://www.huabaike.com/jtyh/5780.html
http://kntsdagblad.com/wp-content/uploads/2014/04/RIMG0818.jpg	http://kntsdagblad.com/2014/04/17/%E7%88%86%E4%BB%97%E7%AB%B9/
http://www.52yhua.com/uploads/allimg/161010/1-161010221034.jpg	http://www.52yhua.com/jishu/6016.html
https://img.imynest.com/uploads/F/C3/FC3FF30D5C.jpeg	https://www.imynest.com/content/29299.html
https://www.huabaike.com/uploads/allimg/sltimg/201511/564689b93761f.jpg	https://www.huabaike.com/tbzw/660.html
https://img.lrgarden.com/feed_pic/14/23/1000269326_1000014626_1498736215.jpg	https://www.lrgarden.com/topic/view/id-1000001740.html
http://image85.360doc.com/DownloadImg/2015/05/0515/53195293_2.jpg	http://www.360doc.com/content/15/0505/15/7590279_468247747.shtml
https://cdn.huaniaoy.cn/20151216/original/1450278264325.jpg@!pic280zw	https://www.huaniaoy.com/yangzhifangfa/657/
http://a1.att.hudong.com/67/12/01100000000000144734120848007_s.jpg	http://www.baike.com/wiki/%E7%88%86%E4%BB%97%E7%AB%B9
http://a0.att.hudong.com/37/13/01100000000000144734130072281_s.jpg	http://www.baike.com/wiki/%E7%88%86%E4%BB%97%E7%AB%B9
https://www.wetlandpark.gov.hk/images/wcms/biodiversity_shrub_herbs_43.jpg	https://www.wetlandpark.gov.hk/tc/biodiversity/wildlife/shrubs_herbs/details/shrubs_herbs_43.asp
https://i1.kknews.cc/large/cff000883c5c1771866	https://kknews.cc/science/bg5x4n.html
http://www.huayugu.com.cn/uploads/allimg/161016/1-1610160123480-L.jpg	http://www.huayugu.com.cn/baozhangzhu/
https://www.flower-db.com/uploads/large_947ccb43-0e86-4c17-9a86-840f504ef02b.jpg	https://www.flower-db.com/zh/flower:692
http://www.chantuguan.com/ueditor/php/upload/image/20170608/1496911197891188.jpg	http://www.chantuguan.com/baike/673.html
http://a0.att.hudong.com/02/97/300000764046131304973163817_s.jpg	http://www.baike.com/wiki/%E7%88%86%E4%BB%97%E7%AB%B9
http://img004.mllres.com//images/upload/%E7%88%86%E4%BB%97%E7%AB%B904.jpg	http://www.meilele.com/article/shipin/38700.html
http://a0.att.hudong.com/87/12/20200000013920144734129703750_s.jpg	http://www.baike.com/wiki/%E7%88%86%E4%BB%97%E7%AB%B9
http://www.52yhua.com/uploads/allimg/161010/1-161010221032.jpg	http://www.52yhua.com/jishu/6016.html
https://gss3.bdstatic.com/7Po3dSag_xI4khGkpoWK1HF6hhy/baike/w%3D400/sign=262e4a11c511728b302d8d22f8fdc3b3/ac4bd11373f08202ad8154bf43fbfbedab641b1b.jpg	https://baike.baidu.com/item/%E7%88%86%E4%BB%97%E7%AB%B9
http://img.zwbk.org/baike/spic/2011/06/02/20110602020916832_8460.jpg	http://www.zwbk.org/MyLemmaShow.aspx?zh=zh-tw&lid=170541
http://plantjdx.com/russelia_equisetiformis1.jpg	http://plantjdx.com/russelia_equisetiformis.htm
https://img.imynest.com/uploads/E/87/E876C88717.jpeg	https://www.imynest.com/content/29299.html
https://img.imynest.com/uploads/20170703/EA/EA9048314991w445h300.jpeg	https://www.imynest.com/content/250946.html
https://www.huabaike.com/uploads/allimg/sltimg/201611/58314843eeb14.jpg	https://www.huabaike.com/jtyh/5780.html
http://p3.pstatp.com/large/d0100024ffde44116e3	http://blog.sina.com.cn/s/blog_9670032f0102w9ik.html
https://www.huabaike.com/uploads/allimg/sltimg/201511/56467ff683610.jpg	https://www.huabaike.com/tbzw/660.html
https://cdn.huaniaoy.cn/20151216/original/1450280325769.jpg@!pic280zw	https://www.huaniaoy.com/yangzhifangfa/657/
https://www.huabaike.com/uploads/allimg/artimg/201611/20161120145359_94457.jpg	https://www.huabaike.com/jtyh/5780.html
https://cdn.huaniaoy.cn/20151216/original/1450279838531.jpg@!pic280zw	https://www.huaniaoy.com/yangzhifangfa/657/
https://www.huabaike.com/uploads/allimg/sltimg/201511/56468d26adc21.jpg	https://www.huabaike.com/tbzw/660.html
https://img.moegirl.org/common/thumb/1/10/FKG-Rasseria-blossom.png/400px-FKG-Rasseria-blossom.png	https://zh.moegirl.org/%E7%BE%8E%E5%B0%91%E5%A5%B3%E8%8A%B1%E9%AA%91%E5%A3%AB:%E7%88%86%E4%BB%97%E7%AB%B9
https://www.huabaike.com/uploads/allimg/artimg/201511/20151117172445_32337.jpg	https://www.huabaike.com/hyjk/272.html
http://a3.att.hudong.com/45/13/01100000000000144734130148800_s.jpg	http://www.baike.com/wiki/%E7%88%86%E4%BB%97%E7%AB%B9
http://www.huayugu.com.cn/uploads/allimg/161016/1-1610160110010-L.jpg	http://www.huayugu.com.cn/baozhangzhu/20833.html
http://www.huayugu.com.cn/uploads/allimg/161016/1-161016011U80-L.jpg	http://www.huayugu.com.cn/baozhangzhu/20838.html
http://i804.photobucket.com/albums/yy321/nswong/russelia_equisetiformis.jpg	http://nswong.50webs.com/russelia_equisetiformis.htm
http://www.neipet.com/wp-content/uploads/2016/07/baozhangzhu.png	http://www.neipet.com/plant/29034.html
http://www.huayugu.com.cn/uploads/allimg/161016/1-1610160120340-L.jpg	http://www.huayugu.com.cn/baozhangzhu/
http://www.weisanli.com/images/novelflower/upfile/20080120173913.jpg	http://www.weisanli.com/novelflower/1273/russelia-equisetiformis-schlecht.et-cham.
http://img.boqiicdn.com/Data/BK/A/1601/20/imagick26031453272527_y.jpg	http://www.boqii.com/entry/detail/2441.html
https://img.tipelse.com/uploads/A/65/A655BC0515.jpeg	https://www.tipelse.com/article/482003.html
http://www.huayugu.com.cn/uploads/allimg/161016/1-1610160125080-L.jpg	http://www.huayugu.com.cn/baozhangzhu/
http://www.52yhua.com/uploads/allimg/161010/1-161010221033.jpg	http://www.52yhua.com/jishu/6016.html
https://img.moegirl.org/common/thumb/c/c3/%E3%83%A9%E3%83%83%E3%82%BB%E3%83%AA%E3%82%A2.jpg/250px-%E3%83%A9%E3%83%83%E3%82%BB%E3%83%AA%E3%82%A2.jpg	https://zh.moegirl.org/%E7%BE%8E%E5%B0%91%E5%A5%B3%E8%8A%B1%E9%AA%91%E5%A3%AB:%E7%88%86%E4%BB%97%E7%AB%B9
https://www.huabaike.com/uploads/allimg/sltimg/201511/56493ca11cf78.jpg	https://www.huabaike.com/tbzw/660.html
https://i1.kknews.cc/large/2a4300003328b68fd92b	https://kknews.cc/zh-sg/home/y6lne9n.html
https://i2.kknews.cc/large/cff000883c37f8937fe	https://kknews.cc/science/bg5x4n.html
http://www.yiyigreen.com:8078/web/app/upload/product/yiyid20161126114028162.JPG	http://www.yiyigreen.com/Product/Detail/index/id/36729.html
http://pic.pimg.tw/a780615/1398676386-2132430183.jpg	http://a780615.pixnet.net/blog/post/364632983-%E6%BE%B3%E6%B4%B2%E8%8C%B6%E6%A8%B9%E8%88%87%E7%82%AE%E7%AB%B9%E7%B4%85
https://www.huabaike.com/uploads/allimg/20150729/150H9111342421700-L.jpg	https://www.huabaike.com/jiatingyanghua/201507/3987.html
http://www.yiyigreen.com:8078/web/app/upload/product/yiyid20161126114028119.JPG	http://www.yiyigreen.com/Product/Detail/index/id/36729.html
https://www.huabaike.com/uploads/allimg/artimg/201511/20151114083412_95234.jpg	https://www.huabaike.com/jtyh/263.html
http://www.huayugu.com.cn/uploads/allimg/161016/1-1610160112360-L.jpg	http://www.huayugu.com.cn/baozhangzhu/20834.html
https://flora.megaview.com.tw/images/_cache/magic_toolbox/ec8358a7a7f6eb317732ea13a6fd8d83/2/1/2165/original/3845101251/P0601.jpg	https://flora.megaview.com.tw/product_info.php?products_id=2165
http://pic1.win4000.com/pic/d/d8/ad581354419.jpg	http://www.win4000.com/meinv113628_2.html
http://opic.tbscache.com/manage/articles/2014/07-17/A9332071-3F42-F547-889B-339E3BA81500.jpg	http://www.tobosu.com/article/2014-07-17/113990.html
http://pic1.win4000.com/pic/d/d8/ad581354427.jpg_195.jpg	http://www.win4000.com/meinv113628.html
http://image48.360doc.com/DownloadImg/2012/01/1101/20666693_3	http://www.360doc.com/content/12/0111/01/5733130_178650004.shtml
http://img.boqiicdn.com/Data/BK/A/1601/20/imagick4301453272496_y.jpg	http://www.boqii.com/article/26002.html
http://img3.jc001.cn/img/001/1/1601/1656ab21014d0d3.jpg	http://baike.jc001.cn/words/53500.html
http://s4.sinaimg.cn/middle/049d4760gbf932fae8133&690	http://blog.sina.com.cn/s/blog_049d476001013vd2.html
https://i1.kknews.cc/large/2a420001581ba98a403b	https://kknews.cc/zh-sg/home/y6lne9n.html
http://opic.tbscache.com/manage/articles/2014/07-16/4F6B3387-18D6-D442-218A-173A10C18C33.jpg	http://www.tobosu.com/article/2014-07-16/113948.html
https://i1.kknews.cc/large/ca300084b620b78496d	https://kknews.cc/science/bg5x4n.html
http://www.wed114.cn/jiehun/uploads/allimg/160330/52_160330163107_4.jpg	http://www.wed114.cn/jiehun/zhiwu/20160330144523.html
https://i2.kknews.cc/large/2a3e0004b8931ffe0841	https://kknews.cc/zh-sg/home/y6lne9n.html
http://s5.sinaimg.cn/middle/049d4760gbf9367782774&690	http://blog.sina.com.cn/s/blog_049d476001013vd2.html
http://opic.tbscache.com/manage/articles/2014/07-16/0493CA36-D5CE-C6A3-FED4-EF6F82D4F8F0.jpg	http://www.tobosu.com/article/2014-07-16/113948.html
http://s3.sinaimg.cn/middle/049d4760gbf938263f1a2&690	http://blog.sina.com.cn/s/blog_049d476001013vd2.html
http://img003.mllres.com//images/upload/%E7%88%86%E4%BB%97%E7%AB%B903.jpg	http://www.meilele.com/article/shipin/38700.html
http://image48.360doc.com/DownloadImg/2012/01/1101/20666693_4	http://www.360doc.com/content/12/0111/01/5733130_178650004.shtml
https://i1.kknews.cc/large/2a410001c140a4c2e44d	https://kknews.cc/zh-sg/home/y6lne9n.html
http://www.weshare.hk/uploads/17674/9NLU4G6pv2RAjeQ9zZS5XA.jpg	http://www.weshare.com.hk/leunggillian/articles/2344117
http://pic1.huashichang.com/2014/0921/12/541e5307d68b0_140_120.jpg	http://www.aihuhua.com/huahui/baozhangzhu.html
http://s9.sinaimg.cn/middle/049d4760gbf933755adc8&690	http://blog.sina.com.cn/s/blog_049d476001013vd2.html
http://opic.tbscache.com/manage/articles/2014/07-16/9CA74A66-CE96-126D-664F-1A835BD3E776.jpg	http://www.tobosu.com/article/2014-07-16/113948.html
https://img.moegirl.org/common/thumb/4/43/FKG-Rasseria-after.png/400px-FKG-Rasseria-after.png	https://zh.moegirl.org/%E7%BE%8E%E5%B0%91%E5%A5%B3%E8%8A%B1%E9%AA%91%E5%A3%AB:%E7%88%86%E4%BB%97%E7%AB%B9
http://img3.jc001.cn/img/001/1/1601/1656ab2100d0c8a_s.jpg	http://baike.jc001.cn/words/53500.html
https://c.share.photo.xuite.net/adslee/1c8062a/9323899/404142767_m.jpg	http://blog.xuite.net/adslee/hkblog/117976648-%E7%88%86%E4%BB%97%E7%AB%B9%EF%BC%8E%E5%90%89%E7%A5%A5%E8%8D%89
http://s9.sinaimg.cn/middle/049d4760g798eb4644118&690	http://blog.sina.com.cn/s/blog_049d476001013vd2.html
https://c.share.photo.xuite.net/adslee/1c80648/9323899/404164557_m.jpg	http://blog.xuite.net/adslee/hkblog/117976648-%E7%88%86%E4%BB%97%E7%AB%B9%EF%BC%8E%E5%90%89%E7%A5%A5%E8%8D%89
http://s15.sinaimg.cn/middle/049d4760gbf9362d36a9e&690	http://blog.sina.com.cn/s/blog_049d476001013vd2.html
https://i2.kknews.cc/large/cfe00087ff5771cbc6e	https://kknews.cc/science/bg5x4n.html
http://image48.360doc.com/DownloadImg/2012/01/1101/20666693_6	http://www.360doc.com/content/12/0111/01/5733130_178650004.shtml
http://kntsdagblad.com/wp-content/uploads/2014/04/foto-603-2.jpg	http://kntsdagblad.com/2014/04/17/%E7%88%86%E4%BB%97%E7%AB%B9/
https://c.share.photo.xuite.net/adslee/1c80658/9323899/404151261_m.jpg	http://blog.xuite.net/adslee/hkblog/117976648-%E7%88%86%E4%BB%97%E7%AB%B9%EF%BC%8E%E5%90%89%E7%A5%A5%E8%8D%89
http://s10.sinaimg.cn/middle/049d4760gbf93261be2a9&690	http://blog.sina.com.cn/s/blog_049d476001013vd2.html
http://f12.baidu.com/it/u=3844537304,3948918790&fm=72	http://www.wed114.cn/jiehun/zhiwu/20160330144522.html
