
http://www.baihuamen.com/d/file/2014/03-06/e44de564d183f603e2f137ed9a3fef01.jpg	http://www.baihuamen.com/kongquecao/
http://1.bp.blogspot.com/-QjLQKASxBYA/VXFEyKYn93I/AAAAAAAAGHU/2C5r6l_OSq0/s1600/5M10703_DSCF0200.JPG	http://blog.igarden.com.tw/2010/07/5M10703.html
https://a.share.photo.xuite.net/shakylee66/1a879b5/13086675/664693730_m.jpg	http://blog.xuite.net/shakylee66/twblog/143711761-%E5%AD%94%E9%9B%80%E8%8D%89_%E5%8A%A0%E6%98%8C%E5%9C%8B%E5%B0%8F%E7%9A%84%E6%A4%8D%E6%A0%BD
http://2.bp.blogspot.com/-vAlEMkCi5b4/VXFExd2vp1I/AAAAAAAAGHM/OnmFitrAqys/s1600/5M10703_DSCF0026.JPG	http://blog.igarden.com.tw/2010/07/5M10703.html
http://a3.att.hudong.com/42/12/20300001385827134261123702941_s.jpg	http://www.baike.com/wiki/%E5%AD%94%E9%9B%80%E8%8D%89
http://www.ivsky.com/img/tupian/pic/201412/13/tagetespatulal.jpg	http://www.ivsky.com/tupian/kongquecao_t28287/
https://a.share.photo.xuite.net/shakylee66/1a8794a/13086675/665536375_m.jpg	http://blog.xuite.net/shakylee66/twblog/143711761-%E5%AD%94%E9%9B%80%E8%8D%89_%E5%8A%A0%E6%98%8C%E5%9C%8B%E5%B0%8F%E7%9A%84%E6%A4%8D%E6%A0%BD
http://www.baihuamen.com/d/file/2014/03-06/96517d2c39d7fee1be28f2ad5b5ed897.jpg	http://www.baihuamen.com/kongquecao/
http://pic18.nipic.com/20111215/7883841_102555500161_2.jpg	http://www.nipic.com/show/1/44/5503593kdf571f1f.html
http://www.iq61.com/UserData/36542/201006092346004647.jpg	http://www.iq61.com/show/10261/5893.aspx
http://pic11.nipic.com/20101103/2473187_132911084549_2.jpg	http://www.nipic.com/show/3887193.html
http://img.ipet.tw/uploads/A/1F/A1F63655E7_800x600.jpeg	http://www.ipet.tw/content/46595.html
http://zixun.rrs.com/uploads/allimg/140920/1500005448-0.jpg	http://zixun.rrs.com/jiashigonglue/2504.html
https://d.share.photo.xuite.net/m899518/1d2ddcd/15419828/824600601_m.jpg	http://blog.xuite.net/m899518/spring/171130617-%E5%B0%8F%E8%90%AC%E5%A3%BD%E8%8F%8A%E2%80%93%E5%AD%94%E9%9B%80%E8%8D%89
http://a0.att.hudong.com/02/55/01300000180919122164556731114_s.jpg	http://blog.xuite.net/moondiana.tw/twblog/188171734-%E5%AD%94%E9%9B%80%E8%8D%89
http://pic16.nipic.com/20110920/8379628_233546155148_2.jpg	http://www.nipic.com/show/1/44/5127356kba740517.html
http://b2b.image.yuanlin.com/biz/2012-1/20121121729404020.jpg	http://www.yuanlin.com/b2b/sell_detail_165908.html
http://kplant.biodiv.tw/%E5%AD%94%E9%9B%80%E8%8D%89/%E5%AD%94%E9%9B%80%E8%8D%8905.JPG	http://kplant.biodiv.tw/%E5%AD%94%E9%9B%80%E8%8D%89/%E5%AD%94%E9%9B%80%E8%8D%89.htm
http://pic31.nipic.com/20130715/13244750_154723405162_2.jpg	http://www.nipic.com/show/1/44/8485932k1ffc96fa.html
http://www.hllhz.com/UploadFiles/Others/201410271529424375757.jpg	http://www.hllhz.com/yensh/kqc.html
http://plantjdx.com/tagetes_honeycomb.jpg	http://plantjdx.com/tagetes_honeycomb.htm
http://www.zhiwu365.com/uploads/plant/199_kongquecao/default/original/3_kongquecao.jpg	http://www.zhiwu365.com/plant/226
https://www.huabaike.com/uploads/allimg/artimg/201607/20160720131857_58545.jpg	https://www.huabaike.com/hyjk/4733.html
http://www.cnhua.net/uploads/allimg/090718/14121621T-0.JPG	http://www.cnhua.net/zhiwu/juke/kongquecao/
http://syyxhm.com/upLoad/product/month_1410/201410131742442614.jpg	http://syyxhm.com/content/?657.html
http://link.photo.pchome.com.tw/s08/slinwang/183/135460894371/	http://mypaper.pchome.com.tw/slinwang/post/1323564203
https://a.share.photo.xuite.net/shakylee66/1a8798c/13086519/664214613_m.jpg	http://blog.xuite.net/shakylee66/twblog/143711761-%E5%AD%94%E9%9B%80%E8%8D%89_%E5%8A%A0%E6%98%8C%E5%9C%8B%E5%B0%8F%E7%9A%84%E6%A4%8D%E6%A0%BD
http://kplant.biodiv.tw/%E5%AD%94%E9%9B%80%E8%8D%89/%E5%AD%94%E9%9B%80%E8%8D%892.JPG	http://kplant.biodiv.tw/%E5%AD%94%E9%9B%80%E8%8D%89/%E5%AD%94%E9%9B%80%E8%8D%89.htm
http://zixun.rrs.com/uploads/allimg/140920/1500005492-1.jpg	http://zixun.rrs.com/jiashigonglue/2504.html
http://pic.pimg.tw/homgradinia/1358237972-562893219.jpg	http://homgradinia.pixnet.net/blog/post/93745796-%E8%97%A5%E7%94%A8%E6%A4%8D%E7%89%A9%E5%A4%A7%E6%8F%AD%E5%AF%86--%E5%AD%94%E9%9B%80%E8%8D%89%28%E8%90%AC%E5%A3%BD%E8%8F%8A%29french-marigold
https://www.huabaike.com/uploads/allimg/artimg/201607/20160720131912_88684.jpg	https://www.huabaike.com/hyjk/4733.html
http://www.yuhuagu.com/uploads/allimg/100411/1_100411195943_1.jpg	http://www.yuhuagu.com/qita/2010/0411/586.html
https://www.huabaike.com/uploads/allimg/sltimg/201701/586eecb472efb.jpg	https://www.huabaike.com/jtyh/6665.html
http://pic16.nipic.com/20110825/6759425_142941254186_2.jpg	http://www.nipic.com/show/1/44/5007350k376e3cca.html
http://www.yuhuagu.com/uploads/allimg/120610/43-1206100RH5.jpg	http://www.yuhuagu.com/tupian/yi/2012/0603/3134.html
https://i2.read01.com/uploads/0AjUvh04.jpg	https://read01.com/zRLER.html
https://4.share.photo.xuite.net/appleming6/14609d0/13303889/681400703_m.jpg	http://blog.xuite.net/appleming6/twblog/145889728-%E5%AD%94%E9%9B%80%E8%8D%89%E6%92%AD%E7%A8%AE%E6%A0%BD%E5%9F%B9%E7%B4%80%E9%8C%84++-+%E5%AD%94%E9%9B%80%E8%8D%89%E8%88%87%E8%90%AC%E5%A3%BD%E8%8F%8A
http://2.bp.blogspot.com/-VyF4sCozStE/Vbrn_9I4HiI/AAAAAAAAGZk/VyKu9Nd8If4/s640/150731_desktop-02.jpg	http://blog.igarden.com.tw/2015/07/desktop-Marigold-Harlequin.html
http://pic11.nipic.com/20101206/3690414_062939041696_2.jpg	http://www.nipic.com/show/1/44/4011258k71f3f4ed.html
http://www.cmyuanyi.com/UploadFiles/2009-11/admin/2009112710274057900.jpg	http://www.cmyuanyi.com/hua/kqc_577_38.html
http://www.pjcn.org/uploads/allimg/1610/1-161031215ZV32.jpg	http://www.pjcn.org/hg/2704/
http://www.zhongzi.net/files/allimg/151130/1-15113004091GL.jpg	http://m.zhongzi.net/huahui/mihuakongquecao.htm
http://www.westatic.com/img/dict/skbzk/plants-ka/kujaso_1.jpg	http://www.weblio.jp/content/%E5%AD%94%E9%9B%80%E8%8D%89
https://img.imynest.com/uploads/8/97/897E14A37B.jpeg	https://www.imynest.com/content/173697.html
http://pic24.nipic.com/20120927/8759743_152733391196_2.jpg	http://www.nipic.com/show/1/44/6894379k6b2ec82e.html
http://ntucae.blog.ntu.edu.tw/wp-content/uploads/sites/3025/files/2013/02/01.jpg	http://ntucae.blog.ntu.edu.tw/2012/06/30/n93_03/
http://www.tyfmy.com/MyWeb/tianyefeng/633761899700411250/20090430112055627_big.jpg	http://www.tyfmy.com/product/productshow/828/2796.html
http://www.cqlqyy.com/UpLoadFiles/image/%E5%AD%94%E9%9B%80%E8%8D%89.jpg	http://www.cqlqyy.com/332-332-400/show649.html
http://www.baihuamen.com/d/file/2014/03-06/51b2dc3b6a472ea667d13fb75798d550.jpg	http://www.baihuamen.com/kongquecao/
http://www.komagane.com/jpg/kuzyaku2.jpg	http://www.komagane.com/f-albu10.htm
http://www.cmyuanyi.com/UploadFiles/2009-11/admin/2009112710274769314.jpg	http://www.cmyuanyi.com/hua/kqc_577_38.html
https://fs1.shop123.com.tw/200443/upload/product/2004433460pic_outside_249080.jpg	http://www.gp-garden.com/product.php?pid_for_show=3460
http://www.hana300.com/kujaso2.jpg	http://www.hana300.com/kujaso1.html
https://i1.read01.com/uploads/0AjUvh0E.jpg	https://read01.com/zRLER.html
https://market.cloud.edu.tw/api/download/129774/94499013/jpg	https://market.cloud.edu.tw/resources/web/1619521
http://3.bp.blogspot.com/-TUgpHdcMf-U/VXFFFy0FzII/AAAAAAAAGHg/l-_9WoZCAQM/s1600/flickr_58754750%2540N08_5381192581_845e7fb132_b.jpg	http://blog.igarden.com.tw/2010/07/5M10703.html
http://www.westatic.com/img/dict/skbzk/plants-ka/kujaso_2.jpg	http://www.weblio.jp/content/%E5%AD%94%E9%9B%80%E8%8D%89
http://www.cmyuanyi.com/UploadFiles/2009-11/admin/2009112710255099616.jpg	http://www.cmyuanyi.com/hua/kqc_577_38.html
http://www.cnhua.net/uploads/allimg/c090103/1230c064Y60-45200.jpg	http://www.cnhua.net/minghua/ynhh/68304.html
http://img.zwbk.org/baike/spic/2011/03/24/20110324112237442_8146.jpg	http://www.zwbk.org/zh-tw/Lemma_Show/133505.aspx
https://www.huabaike.com/uploads/allimg/artimg/201701/20170106090836_90408.jpg	https://www.huabaike.com/jtyh/6665.html
https://i1.read01.com/uploads/0AjUvh09.jpg	https://read01.com/zRLER.html
https://i1.read01.com/uploads/0AjUvh03.jpg	https://read01.com/zRLER.html
http://pic.pimg.tw/arthur5320/1421930983-95995550_n.jpg	http://arthur5320.pixnet.net/blog/post/41937928-%E5%AD%94%E9%9B%80%E8%8D%89
http://b2b.image.yuanlin.com/biz/2012-3/201231163769121.jpg	http://www.yuanlin.com/b2b/sell_detail_172520.html
http://pic.pimg.tw/hsulihua717/1349168901-543103314_n.jpg?v=1349168902	http://hsulihua717.pixnet.net/blog/post/93094012-%E5%AD%94%E9%9B%80%E8%8D%89
http://images.hisupplier.com/var/userImages/200810/30/221007990.jpg	https://www.twstar.biz/33847.html
http://www.huahuipifa.com/uploadfile/20113116174767287.jpg	http://www.huahuipifa.com/product_xx.asp?/876.html
https://2.bp.blogspot.com/-Gg3P2A6CEdA/WNIJwb9cToI/AAAAAAAAImI/s6S3mqjmY2wpK3xoi0DgKgQSdYcVqWTMgCPcB/s1600/170202_%25E5%25AD%2594%25E9%259B%2580%25E8%258D%2589%2B%25E6%2598%259F%25E7%2581%25AB-%25E6%25B7%25B7%25E5%2590%25882.JPG	http://blog.igarden.com.tw/2010/07/5M10703.html
https://4.share.photo.xuite.net/appleming6/146097c/13303889/681399595_m.jpg	http://blog.xuite.net/appleming6/twblog/145889728-%E5%AD%94%E9%9B%80%E8%8D%89%E6%92%AD%E7%A8%AE%E6%A0%BD%E5%9F%B9%E7%B4%80%E9%8C%84++-+%E5%AD%94%E9%9B%80%E8%8D%89%E8%88%87%E8%90%AC%E5%A3%BD%E8%8F%8A
http://www.baihuamen.com/d/file/2014/02-25/5d5ea02f66318a89ffc49e3bc0dfb786.jpg	http://www.baihuamen.com/kongquecao/
http://c.blog.xuite.net/c/8/6/b/11765317/blog_609541/txt/24656925/0.jpg	http://blog.xuite.net/shuying.lihming/travel/24656925-%5B%E5%BA%AD%E9%99%A2%E6%A4%8D%E7%89%A9%5D%E5%AD%94%E9%9B%80%E8%8D%89
http://img.sczlb.com/uploads/pictures/2016/03/tTBN21.png	http://www.sczlb.com/cate-news/95774.html
http://images.nongmiao.com/big//trade/2015/03/18/1503180531203486.jpg	http://www.nongmiao.com/meizhou11/supplydetail-598563.html
https://www.huabaike.com/uploads/allimg/artimg/201703/20170326205137_51745.jpg	https://www.huabaike.com/yhjq/7939.html
http://www.syzhuoer.com/uploads/allimg/130223/1-130223125T5X3.jpg	http://www.syzhuoer.com/gyxx/jdchxs/20130223/7.html
http://pic20.nipic.com/20120424/3310118_215918471000_2.jpg	http://www.nipic.com/show/1/44/6055886kc5f3b053.html
https://4.share.photo.xuite.net/appleming6/146090a/13303889/681399737_m.jpg	http://blog.xuite.net/appleming6/twblog/145889728-%E5%AD%94%E9%9B%80%E8%8D%89%E6%92%AD%E7%A8%AE%E6%A0%BD%E5%9F%B9%E7%B4%80%E9%8C%84++-+%E5%AD%94%E9%9B%80%E8%8D%89%E8%88%87%E8%90%AC%E5%A3%BD%E8%8F%8A
https://cbu01.alicdn.com/img/ibank/2015/777/255/2637552777_275374095.310x310.jpg	http://www.1688.com/pic/-C5E8D4D4BFD7C8B8B2DD.html
https://cbu01.alicdn.com/img/ibank/2015/292/341/2219143292_1374213954.310x310.jpg	http://www.1688.com/pic/-C5E8D4D4BFD7C8B8B2DD.html
http://pic28.nipic.com/20130417/3807814_122511700198_2.jpg	http://www.nipic.com/show/1/44/7931311k259a3745.html
https://www.echiy.com/upload_files/SEED-000/SEED-A-200/_medium_/6.JPG	https://www.echiy.com/%E5%AD%94%E9%9B%80%E8%8D%89%E7%A8%AE%E5%AD%90%E7%A8%AE%E6%A4%8D.html
http://pic.baike.soso.com/ugc/baikepic/33220/cut-20140401140154-1344784598.jpg/0	http://baike.soso.com/v113853.htm?ch=ch.bk.innerlink
http://www.westatic.com/img/dict/skbzk/plants-ka/kuasty_2.jpg	http://www.weblio.jp/content/%E5%AD%94%E9%9B%80%E8%8D%89%E3%83%BB%E3%82%A2%E3%82%B9%E3%83%86%E3%82%A3%E3%83%BC
http://www.tyfmy.com/MyWeb/tianyefeng/633761899700411250/20090506044852776_big.jpg	http://www.tyfmy.com/product/productshow/808/2841.html
http://gate.sinovision.net:82/gate/big5/cdnwww.sinovision.net/data/attachment/album/201607/10/2134213dah5se4coh8diha.jpg	http://gate.sinovision.net:82/gate/big5/blogger.sinovision.net/home/space/do/blog/uid/30435/id/291277.html
http://www.iq61.com/UserData/32965/201006031705131377.jpg	http://www.iq61.com/show/10261/5528.aspx
http://www.hana300.com/kujaso9.jpg	http://www.hana300.com/kujaso.html
http://www.yuehongyuanyi.com/wp-content/uploads/2011/02/kongquecao.jpg	http://www.yuehongyuanyi.com/chanpinzhanshi/caohu/kongquecao-2
http://pic18.nipic.com/20111213/8199588_113709734000_2.jpg	http://www.nipic.com/show/5496996.html
http://zsimgtest.b0.upaiyun.com/10363793612796727564!small	http://www.zhongsou.com/third.cgi?w=%BF%D7%C8%B8%B2%DD&y=5&k=&netid=&v=%D7%DB%BA%CF
http://b2b.image.yuanlin.com/biz/2015-10/201510180954493980_small_200.jpg	http://www.sailsnoosa.com/b2b/product_detail_303.html
https://www.huabaike.com/uploads/allimg/sltimg/201701/586eede28d816.jpg	https://www.huabaike.com/jtyh/6665.html
http://3.bp.blogspot.com/_bFnnHZorebY/TPZ05V0FtSI/AAAAAAAAJTc/8Sf_I9JtPsA/s1600/f73574.jpg	http://woodman-gardenplants.blogspot.com/2011/01/p07.html
http://kplant.biodiv.tw/%E5%AD%94%E9%9B%80%E8%8D%89/%E5%AD%94%E9%9B%80%E8%8D%8906.JPG	http://kplant.biodiv.tw/%E5%AD%94%E9%9B%80%E8%8D%89/%E5%AD%94%E9%9B%80%E8%8D%89.htm
https://www.huabaike.com/uploads/allimg/artimg/201703/20170326204744_82671.jpg	https://www.huabaike.com/yhjq/7938.html
http://pic.pimg.tw/hsw2756/1381590420-4136251182.jpg	http://hsw2756.pixnet.net/blog/post/271330235-%E5%AD%B8%E6%A0%A1%E7%9A%84%E5%AD%94%E9%9B%80%E8%8D%89
http://kplant.biodiv.tw/%E5%AD%94%E9%9B%80%E8%8D%89/%E5%AD%94%E9%9B%80%E8%8D%894.JPG	http://kplant.biodiv.tw/%E5%AD%94%E9%9B%80%E8%8D%89/%E5%AD%94%E9%9B%80%E8%8D%89.htm
http://tgi1.jia.com/114/938/14938652.jpg	http://www.jia.com/baike/xartile/357635.html
http://img003.mllres.com//images/upload/%E5%9B%BE%E7%89%873(187).jpg	http://www.meilele.com/article/shipin/13278.html
