
https://gss3.bdstatic.com/-Po3dSag_xI4khGkpoWK1HF6hhy/baike/c0%3Dbaike92%2C5%2C5%2C92%2C30/sign=32e6ae9cd343ad4bb2234e92e36b31ca/6159252dd42a2834df4e653259b5c9ea15cebf1b.jpg
https://gss2.bdstatic.com/-fo3dSag_xI4khGkpoWK1HF6hhy/baike/c0%3Dbaike92%2C5%2C5%2C92%2C30/sign=8341abd79125bc313f5009ca3fb6e6d4/42a98226cffc1e172436f2284290f603738de91a.jpg

https://gss2.bdstatic.com/9fo3dSag_xI4khGkpoWK1HF6hhy/baike/c0%3Dbaike92%2C5%2C5%2C92%2C30/sign=f2bff007bba1cd1111bb7a72d87ba399/a8ec8a13632762d0fd60b088a1ec08fa513dc6ae.jpg
https://gss2.bdstatic.com/9fo3dSag_xI4khGkpoWK1HF6hhy/baike/c0%3Dbaike92%2C5%2C5%2C92%2C30/sign=8b67eae877094b36cf9f13bfc2a517bc/80cb39dbb6fd52666adc2823aa18972bd4073615.jpg
https://gss1.bdstatic.com/9vo3dSag_xI4khGkpoWK1HF6hhy/baike/c0%3Dbaike92%2C5%2C5%2C92%2C30/sign=ff1b0e29b8389b502cf2e800e45c8eb8/43a7d933c895d1436481f01472f082025aaf0715.jpg
https://gss2.bdstatic.com/9fo3dSag_xI4khGkpoWK1HF6hhy/baike/c0%3Dbaike92%2C5%2C5%2C92%2C30/sign=c0e198064b90f60310bd9415587bd87e/0dd7912397dda144e7577885b3b7d0a20cf486ae.jpg
https://gss3.bdstatic.com/7Po3dSag_xI4khGkpoWK1HF6hhy/baike/c0%3Dbaike92%2C5%2C5%2C92%2C30/sign=c14c260f29381f308a1485fbc868276d/b90e7bec54e736d1704d983f9a504fc2d56269ae.jpg
https://gss0.bdstatic.com/-4o3dSag_xI4khGkpoWK1HF6hhy/baike/c0%3Dbaike92%2C5%2C5%2C92%2C30/sign=7bf5460ec83d70cf58f7a25f99b5ba65/7af40ad162d9f2d353e730d8a8ec8a136327cc16.jpg

https://gss3.bdstatic.com/-Po3dSag_xI4khGkpoWK1HF6hhy/baike/c0%3Dbaike92%2C5%2C5%2C92%2C30/sign=d036dd049345d688b70fbaf6c5ab167b/279759ee3d6d55fba13062116c224f4a20a4dd16.jpg
https://gss3.bdstatic.com/7Po3dSag_xI4khGkpoWK1HF6hhy/baike/c0%3Dbaike92%2C5%2C5%2C92%2C30/sign=8cd3b62cd50735fa85fd46ebff3864d6/6a63f6246b600c33a08fcaff1b4c510fd9f9a116.jpg

https://gss2.bdstatic.com/-fo3dSag_xI4khGkpoWK1HF6hhy/baike/c0%3Dbaike92%2C5%2C5%2C92%2C30/sign=4f9af62d6159252db71a155655f2685e/960a304e251f95ca47ab8681c8177f3e670952ae.jpg
https://gss2.bdstatic.com/-fo3dSag_xI4khGkpoWK1HF6hhy/baike/c0%3Dbaike92%2C5%2C5%2C92%2C30/sign=3d4688703812b31bd361c57be7715d1f/ac345982b2b7d0a2423f10aacaef76094b369a16.jpg

https://gss0.bdstatic.com/94o3dSag_xI4khGkpoWK1HF6hhy/baike/c0%3Dbaike116%2C5%2C5%2C116%2C38/sign=dcd6dd8033fa828bc52e95b19c762a51/c9fcc3cec3fdfc03f2adba3dd43f8794a5c22659.jpg
https://gss2.bdstatic.com/9fo3dSag_xI4khGkpoWK1HF6hhy/baike/c0%3Dbaike116%2C5%2C5%2C116%2C38/sign=bcd271200a7b020818c437b303b099b6/472309f790529822a0da6046d7ca7bcb0b46d44e.jpg
https://gss1.bdstatic.com/9vo3dSag_xI4khGkpoWK1HF6hhy/baike/c0%3Dbaike220%2C5%2C5%2C220%2C73/sign=b0b0a00a6c81800a7ae8815cd05c589f/c2cec3fdfc039245b760b88a8794a4c27c1e2559.jpg
https://gss2.bdstatic.com/9fo3dSag_xI4khGkpoWK1HF6hhy/baike/c0%3Dbaike116%2C5%2C5%2C116%2C38/sign=5112ee3ea61ea8d39e2f7c56f6635b2b/c2fdfc039245d688b6d7eb21a4c27d1ed31b2459.jpg
https://gss3.bdstatic.com/-Po3dSag_xI4khGkpoWK1HF6hhy/baike/c0%3Dbaike116%2C5%2C5%2C116%2C38/sign=e163caaba8d3fd1f2204aa6851274e7a/fd039245d688d43fe47cc8777d1ed21b0ff43b59.jpg
https://gss3.bdstatic.com/-Po3dSag_xI4khGkpoWK1HF6hhy/baike/c0%3Dbaike116%2C5%2C5%2C116%2C38/sign=ce4166ce02087bf469e15fbb93ba3c49/08f790529822720edf27bb7f7bcb0a46f31fab4e.jpg
https://gss0.bdstatic.com/-4o3dSag_xI4khGkpoWK1HF6hhy/baike/c0%3Dbaike220%2C5%2C5%2C220%2C73/sign=e4e2756dbc3eb13550cabfe9c777c3b6/9345d688d43f8794c02a11abd21b0ef41ad53a59.jpg

https://gss2.bdstatic.com/-fo3dSag_xI4khGkpoWK1HF6hhy/baike/c0%3Dbaike150%2C5%2C5%2C150%2C50/sign=245a0ce55d2c11dfcadcb771024e09b5/eaf81a4c510fd9f991a99e6f2f2dd42a2834a47e.jpg
https://gss0.bdstatic.com/-4o3dSag_xI4khGkpoWK1HF6hhy/baike/c0%3Dbaike150%2C5%2C5%2C150%2C50/sign=5c8bcaad093b5bb5aada28ac57babe5c/7dd98d1001e939015580463871ec54e736d19632.jpg
https://gss1.bdstatic.com/9vo3dSag_xI4khGkpoWK1HF6hhy/baike/c0%3Dbaike150%2C5%2C5%2C150%2C50/sign=34a9b17c2aa446236ac7ad30f94b196b/e850352ac65c10380ac805c4b8119313b07e8906.jpg
https://gss2.bdstatic.com/-fo3dSag_xI4khGkpoWK1HF6hhy/baike/c0%3Dbaike180%2C5%2C5%2C180%2C60/sign=36c134b66f380cd7f213aabfc02dc651/77c6a7efce1b9d167b455167f9deb48f8c546432.jpg
https://gss0.bdstatic.com/94o3dSag_xI4khGkpoWK1HF6hhy/baike/c0%3Dbaike150%2C5%2C5%2C150%2C50/sign=1f11efe9a3ec8a1300175fb2966afaea/500fd9f9d72a60596d102a1c2234349b033bbab0.jpg
