
http://www.wed114.cn/jiehun/uploads/allimg/160721/54_160721163307_1.jpg	http://www.wed114.cn/jiehun/zhiwu/20160721150451.html
http://images.nongmiao.com/big/baike/2014/08/20/21/1408202115572361.jpg	http://www.nongmiao.com/baike/duohuazhijialan.html
http://www.wed114.cn/jiehun/uploads/allimg/160721/54_160721163316_1.jpg	http://www.wed114.cn/jiehun/zhiwu/20160721150451.html
http://www.wed114.cn/jiehun/uploads/allimg/160729/52_160729143348_4.jpg	http://www.wed114.cn/jiehun/zhiwu/20160729151164_2.html
http://tu.qt3191.com/allimg/c110627/130916205530E0-RF3.gif	http://www.qt3191.com/lankezhiwutupian/55908.html
http://www.huayugu.com.cn/uploads/allimg/160608/1-16060Q24J90-L.jpg	http://www.huayugu.com.cn/duohuazhijialan/
http://img.ivsky.com/img/tupian/pre/201301/08/duohuazhijialan_zhiwu_huaduo-001.jpg	http://www.ivsky.com/tupian/duohuazhijialan_t17762/
http://www.neipet.com/wp-content/uploads/2016/07/%E5%A4%9A%E8%8A%B1%E6%8C%87%E7%94%B2%E5%85%B0.jpg	http://www.neipet.com/plant/28420.html
http://img.boqiicdn.com/Data/BK/A/1601/21/imagick33161453344719_y.jpg	http://www.boqii.com/entry/detail/2446.html
http://image58.360doc.com/DownloadImg/2013/02/0410/30129409_11.jpg	http://www.360doc.com/content/13/0204/10/1630322_264147741.shtml
http://www.huayugu.com.cn/uploads/allimg/160608/1-16060Q246160-L.jpg	http://www.huayugu.com.cn/duohuazhijialan/
http://www.huayugu.com.cn/uploads/allimg/160608/1-16060Q251200-L.jpg	http://www.huayugu.com.cn/duohuazhijialan/12195.html
http://www.huayugu.com.cn/uploads/allimg/160608/1-16060Q25K30-L.jpg	http://www.huayugu.com.cn/duohuazhijialan/
http://pic1.win4000.com/pic/6/ef/4a041373996.jpg	http://www.w88ok.net/meinv115497_4.html
http://img.boqiicdn.com/Data/BK/A/1601/21/imagick10531453346589_y.jpg	http://www.boqii.com/entry/detail/2446.html
http://www.huayugu.com.cn/uploads/allimg/160608/1-16060Q252490-L.jpg	http://www.huayugu.com.cn/duohuazhijialan/
http://img.yuedidai.com/T1PsCsB_hA1RCvBVdK.jpg	http://www.yuedidai.com/g5624/T1zEK0BQLg1RCvBVdK.html
http://www.huayugu.com.cn/uploads/allimg/160608/1-16060Q255570-L.jpg	http://www.huayugu.com.cn/duohuazhijialan/
http://pic.baike.soso.com/ugc/baikepic2/52979/20161021215950-480200339.jpg/300	http://baike.sogou.com/v9694001.htm
https://cdn.huaniaoy.cn/20160627/original/1467011593816.jpg@!pic280zw	https://www.huaniaoy.com/yangzhifangfa/249/
http://www.52yhua.com/uploads/allimg/160717/1-160GH15645.jpg	http://www.52yhua.com/lanketp/3014.html
http://pic1.huashichang.com/2016/0728/05/579924a22172f.jpg	http://m.aihuhua.com/tupian/tupianper.html
https://cdn.huaniaoy.cn/20151216/original/1450277611832.jpg@!pic280zw	https://www.huaniaoy.com/yangzhifangfa/249/
http://img.laozongyi.com/portal/201701/14/160800krbnbu2v2f2cvnfv.jpg	http://www.laozongyi.com/shenghuo/315086.html
http://pic1.huashichang.com/2016/0728/05/579924a1197e9.jpg	http://www.aihuhua.com/tupian/tupianpeo.html
https://upload.wikimedia.org/wikipedia/commons/thumb/7/7e/L%27Illustration_horticole_%28Plate_088%29.jpg/1200px-L%27Illustration_horticole_%28Plate_088%29.jpg	https://zh.wikipedia.org/wiki/%E5%A4%9A%E8%8A%B1%E6%8C%87%E7%94%B2%E5%85%B0
http://img.boqiicdn.com/Data/BK/A/1601/21/imagick31051453343564_y.jpg	http://www.boqii.com/entry/detail/2446.html
http://pic1.huashichang.com/2016/0728/05/5799249ff2b25.jpg	http://www.aihuhua.com/tupian/tupianpel.html
http://pic1.huashichang.com/2016/0728/05/5799249e8be84.jpg	http://www.aihuhua.com/tupian/tupianpeo.html
http://pic1.win4000.com/pic/6/ef/4a041374001.jpg	http://www.w88ok.net/meinv115497_8.html
http://nxzx.scau.edu.cn/hhscx/hhtp-quanji/%E7%B4%A0%E6%9D%90%E5%BA%93/%E5%A4%9A%E8%8A%B1%E6%8C%87%E7%94%B2%E5%85%B0.JPG	http://nxzx.scau.edu.cn/hhscx/hhtp-quanji/sckwy/duohuazhijialan.htm
https://gss2.bdstatic.com/9fo3dSag_xI4khGkpoWK1HF6hhy/baike/w%3D400/sign=b20346ae4834970a4773112fa5cbd1c0/b7fd5266d0160924b1c82c9add0735fae7cd3445.jpg	https://baike.baidu.com/item/%E5%A4%9A%E8%8A%B1%E6%8C%87%E7%94%B2%E5%85%B0
https://cdn.huaniaoy.cn/20151216/original/1450280215128.jpg@!pic280zw	https://www.huaniaoy.com/yangzhifangfa/249/
http://www.wed114.cn/jiehun/uploads/allimg/160729/52_160729143432_1.jpg	http://www.wed114.cn/jiehun/zhiwu/20160721150451.html
http://www.wed114.cn/jiehun/uploads/allimg/160721/54_160721163326_1.jpg	http://www.wed114.cn/jiehun/zhiwu/20160721150451.html
http://www.52yhua.com/uploads/allimg/160717/1-160GH15646.jpg	http://www.52yhua.com/lanketp/3014.html
http://userimage8.360doc.com/16/0708/20/18903586_201607082019490611TJXRI7LNHVBI0UHR9N.jpg	http://www.360doc.com/content/16/0724/09/178233_577957019.shtml
http://pic1.huashichang.com/2016/0728/05/579924a0bf077.jpg	http://m.aihuhua.com/tupian/tupianpen.html
https://www.huabaike.com/uploads/allimg/artimg/201611/20161129133922_27687.jpg	https://m.huabaike.com/jtyh/5955.html
http://img.ivsky.com/img/tupian/pre/201301/08/duohuazhijialan_zhiwu_huaduo-003.jpg	http://www.ivsky.com/tupian/duohuazhijialan_zhiwu_huaduo_v16391/pic_377561.html
http://pic1.huashichang.com/2016/0728/05/579924a0624ff.jpg	http://m.aihuhua.com/tupian/tupianpem.html
http://img.wxrw123.com/201602/23/22/40hfkh0sntq.jpg	http://www.wxrw123.com/zw/20160226/105233.html
http://pic1.huashichang.com/2016/0728/05/579924a16f2c6.jpg	http://m.aihuhua.com/tupian/tupianpep.html
http://piccdn.pptfans.cn/2016/11/26/pptfans_20161126004827aec542a17a.jpg@!medium	http://tupian.pptfans.cn/p/17895.html
http://www.huayugu.com.cn/uploads/allimg/160608/1-16060Q249320-L.jpg	http://www.huayugu.com.cn/duohuazhijialan/12194.html
http://img.jiuzheng.com/baike/s/58/0f/580f27338f1e03214a8b45fd.jpg	http://www.jiuzheng.com/baike-detail/id-76093.html
https://cdn.huaniaoy.cn/20151216/original/1450279227255.jpg@!picb	https://www.huaniaoy.com/yangzhifangfa/249/
http://tu.qt3191.com/allimg/c110627/130916205521Q0-E918.gif	http://www.qt3191.com/lankezhiwutupian/55908.html
http://hmw047310.chinaw3.com/UploadFiles/201368201559530.jpg	http://qdpyuyang.com/product.asp?id=1650
http://m.huafensi.com/uploads/allimg/141106/1-14110614202W42.jpg	http://m.huafensi.com/huahui/duohuazhijialan_531.html
https://gss0.bdstatic.com/94o3dSag_xI4khGkpoWK1HF6hhy/baike/w%3D268%3Bg%3D0/sign=27ec0267d333c895a67e9f7de92814cd/b3b7d0a20cf431ade32736c94136acaf2fdd984c.jpg	https://baike.baidu.com/item/%E5%A4%9A%E8%8A%B1%E6%8C%87%E7%94%B2%E5%85%B0
http://tu.qt3191.com/allimg/c110627/130916205512260-55207.gif	http://www.qt3191.com/lankezhiwutupian/55908.html
http://tu.qt3191.com/allimg/c110627/13091620553530-91442.gif	http://www.qt3191.com/lankezhiwutupian/55908.html
http://www.gocea.org/art/files/attach/images/10399/075/435/dc8d6fddc189f496e58bf2386b306ff7.jpg	http://www.gocea.org/art/435075
http://tu.qt3191.com/allimg/c110627/130916205526340-N041.gif	http://www.qt3191.com/lankezhiwutupian/55908.html
https://cdn.huaniaoy.cn/20151216/original/1450279257368.jpg@!pic280zw	https://www.huaniaoy.com/yangzhifangfa/249/
http://a3.att.hudong.com/61/86/01300543523714147842860418128_s.jpg	http://www.baike.com/wiki/%E5%A4%9A%E8%8A%B1%E6%8C%87%E7%94%B2%E5%85%B0
http://userimage8.360doc.com/16/0708/20/18903586_201607082019490439Q67E3SKOF65F6LAATR.jpg	http://www.360doc.com/content/16/0724/09/178233_577957019.shtml
http://www.21cbi.com/upload/201611/21/147970066511.jpg	http://m.21cbi.com/s/14/360365.html
http://www.toorchid.com/Bbs/attachment.aspx?attachmentid=660	http://www.toorchid.com/Bbs/Showtopic-405.aspx
http://pic4.55jia.net/fengshuizhiwu/01/a372961.jpg	http://www.55jia.net/75/332564.html
http://www.twword.com/uploads/wiki/e9/29/433838_0.jpg	http://www.twword.com/wiki/%E5%A4%9A%E8%8A%B1%E6%8C%87%E7%94%B2%E8%98%AD
http://www.gocea.org/art/files/attach/images/10399/075/435/c106a0ff2ae5329c422aeedc7de70dfc.jpg	http://www.gocea.org/art/435075
http://www.wed114.cn/jiehun/uploads/allimg/160729/52_160729143348_5.jpg	http://www.wed114.cn/jiehun/zhiwu/20160729151164_2.html
http://img.boqiicdn.com/Data/BK/A/1601/21/imagick25491453344669_y.jpg	http://www.boqii.com/article/26018.html
http://www.pibaosi.net/uploads/allimg/160218/1-16021Q636150-L.jpg	http://huahui.pibaosi.net/20160218/117863.html
http://img.boqiicdn.com/Data/BK/A/1601/21/imagick49291453346513_y.jpg	http://www.boqii.com/article/26019.html
http://pic1.huashichang.com/2016/0728/05/579924a1c2e9a.jpg	http://www.aihuhua.com/tupian/tupianpeo.html
https://www.huabaike.com/uploads/allimg/sltimg/201511/5647e036d1809.jpg	https://m.huabaike.com/lkzw
http://img.boqiicdn.com/Data/BK/P/imagick13561453369175.jpg	http://www.boqii.com/entry/detail/2446.html
http://userimage8.360doc.com/16/0708/20/18903586_2016070820194905330RFEL7L84E8GPAFCXB.jpg	http://www.360doc.com/content/16/0724/09/178233_577957019.shtml
http://img.jiuzheng.com/baike/s/58/0f/580f27338f1e03214a8b4603.jpg	http://www.jiuzheng.com/baike-detail/id-76093.html
http://userimage8.360doc.com/16/0708/20/18903586_201607082019500439CLXK8A2Z94E0Q8T1HE.jpg	http://www.360doc.com/content/16/0724/09/178233_577957019.shtml
http://userimage8.360doc.com/16/0708/20/18903586_201607082019490548TP8NSDR243QWXFBSEH.jpg	http://www.360doc.com/content/16/0724/09/178233_577957019.shtml
http://userimage8.360doc.com/16/0708/20/18903586_201607082019500158WVOQJ4SVPA4N52V5WR.jpg	http://www.360doc.com/content/16/0724/09/178233_577957019.shtml
http://i3.szhomeimg.com/o/2015/08/01/08011946113071205.JPG	http://bbs.szhome.com/80-130240-detail-172864455.html
https://gw.alicdn.com/bao/uploaded/i4/TB1PP1sIFXXXXc7apXXXXXXXXXX_!!0-item_pic.jpg_230x230.jpg	https://www.taobao.com/article/GkDiDeCLD-CLD0Dh.html
http://www.baihuamen.com/d/file/2014/04-16/49cc9f2945ceb430fbdc00162cd744c1.jpg	http://www.baihuamen.com/zhijialan/
https://gw.alicdn.com/bao/uploaded/i3/TB1X._xIXXXXXXkXpXXXXXXXXXX_!!0-item_pic.jpg_230x230.jpg	https://www.taobao.com/article/GkDiDeCLD-CLD0Dh.html
https://gw.alicdn.com/bao/uploaded/i2/TB1OFt5GpXXXXXsXVXXXXXXXXXX_!!0-item_pic.jpg_230x230.jpg	https://www.taobao.com/article/BBDXDxB6BqDvEaCV.html
http://img.yuedidai.com/T1BSDWB4xS1RCvBVdK.jpg	http://www.yuedidai.com/g5624/T1zEK0BQLg1RCvBVdK.html
http://www.shijiezhiyan.com/d/file/bigpic/2016/11/06/frlatfmbrel.jpg	http://www.shijiezhiyan.com/pptbeijing/wutippt/8210.html
https://gw.alicdn.com/bao/uploaded/i3/TB14Jc0JpXXXXabXFXXXXXXXXXX_!!0-item_pic.jpg_230x230.jpg	https://www.taobao.com/article/BBDXDxB6BqDvEaCV.html
http://pic1.huashichang.com/2016/0728/05/5799256beeb1a.JPG	http://www.aihuhua.com/hua/xiyin/page-2.html
http://a2.att.hudong.com/33/54/01100000000000144051541380820_s.jpg	http://www.baike.com/gwiki/%E6%8C%87%E7%94%B2%E5%85%B0%E5%B1%9E
http://img.yuedidai.com/T1ysA7BK_H1RCvBVdK.jpg	http://www.yuedidai.com/g5624/T1zEK0BQLg1RCvBVdK.html
http://img.yuedidai.com/T15BWvBXYV1RCvBVdK.jpg	http://www.yuedidai.com/g5624/T1zEK0BQLg1RCvBVdK.html
http://pic1.huashichang.com/2016/0728/05/579924a22172f_200_140.jpg	http://www.aihuhua.com/tupian/tupianpej.html
http://i3.szhomeimg.com/o/2015/08/01/08011946157226127.JPG	http://bbs.szhome.com/80-130240-detail-172864455.html
http://frps.eflora.cn/QRCode.ashx?id=21430	http://frps.eflora.cn/frps/Aerides%20flabellata
http://img.yuedidai.com/T1dUJnB_Wi1RCvBVdK.jpg	http://www.yuedidai.com/g5624/T1zEK0BQLg1RCvBVdK.html
http://read.html5.qq.com/image?src=forum&q=5&r=0&imgflag=7&imageUrl=mmbiz.qpic.cn/mmbiz_jpg/277zqjvRYTAjMHDZzEmfHq7sm8CVdic63Un9ZaJ1TE1cpoa72YrRP0kJGO7tI5HJDkNFXeDsjQnuLSVj50fiausA/640?wx_fmt=jpeg	http://m.v4.cc/News-3801473.html
http://gw.alicdn.com/bao/uploaded/i2/711174111/TB2JrCXhVXXXXXoXpXXXXXXXXXX_!!711174111.jpg_200x200.jpg_.webp	https://m.taobao.com/article/AdFIEtCLDNDuEDFy.html
http://i3.szhomeimg.com/o/2015/08/01/08011946192328998.JPG	http://bbs.szhome.com/80-130240-detail-172864455.html
http://www.xsbnzrbfq.org/attached/image/20130909/20130909154220_6157.jpg	http://www.xsbnzrbfq.org/Article_lists.aspx?cid=14
https://img.alicdn.com/imgextra/i3/2862915351/TB2aVnRXwUc61BjSZFmXXbJHFXa_!!2862915351.jpeg_230x230.jpg	https://www.taobao.com/article/C0FeCbBSDyEmFBGu.html
http://pic1.win4000.com/pic/9/38/14d21374025.jpg_195.jpg	http://www.win4000.com/meinv115497.html
http://tu.webps.cn/ts4959219/39849045096/img/4/TB1MyO8GXXXXXX_XVXXXXXXXXXX_!!0-item_pic.jpg	https://www.webps.cn/tb4959219/
https://gw.alicdn.com/bao/uploaded/i4/2891128053/TB2wRFhlNBmpuFjSZFsXXcXpFXa_!!2891128053.jpg_230x230.jpg	https://www.taobao.com/article/EfCyDsC8BtCIFKDJ.html
http://read.html5.qq.com/image?src=forum&q=5&r=0&imgflag=7&imageUrl=mmbiz.qpic.cn/mmbiz_jpg/277zqjvRYTAjMHDZzEmfHq7sm8CVdic63gibBZmYlzVnMFaXQiabaWgZMowyRxdBKaCp9taof7Qs41XHxUicF4RZKw/640?wx_fmt=jpeg	http://m.v4.cc/News-3801473.html
