
https://gss3.bdstatic.com/-Po3dSag_xI4khGkpoWK1HF6hhy/baike/c0%3Dbaike180%2C5%2C5%2C180%2C60/sign=d8e709e4cffc1e17e9b284632bf99d66/7af40ad162d9f2d3cc629a1da9ec8a136227ccd5.jpg
https://gss0.bdstatic.com/-4o3dSag_xI4khGkpoWK1HF6hhy/baike/c0%3Dbaike150%2C5%2C5%2C150%2C50/sign=dfe709e4cffc1e17e9b284632bf99d66/0bd162d9f2d3572c8d91222e8a13632763d0c3d5.jpg
https://gss1.bdstatic.com/9vo3dSag_xI4khGkpoWK1HF6hhy/baike/c0%3Dbaike180%2C5%2C5%2C180%2C60/sign=956a1987d688d43fe4a499a01c77b97e/a50f4bfbfbedab646a26f332f736afc378311eef.jpg
https://gss1.bdstatic.com/-vo3dSag_xI4khGkpoWK1HF6hhy/baike/c0%3Dbaike180%2C5%2C5%2C180%2C60/sign=52b295d58a82b90129a0cb6112e4c212/63d9f2d3572c11df34a201d1632762d0f603c2d5.jpg
https://gss2.bdstatic.com/-fo3dSag_xI4khGkpoWK1HF6hhy/baike/c0%3Dbaike150%2C5%2C5%2C150%2C50/sign=51b295d58a82b90129a0cb6112e4c212/f3d3572c11dfa9ec145de8e562d0f703908fc1d5.jpg

https://gss3.bdstatic.com/7Po3dSag_xI4khGkpoWK1HF6hhy/baike/c0%3Dbaike150%2C5%2C5%2C150%2C50/sign=60161368d100baa1ae214fe92679d277/0e2442a7d933c8952e6846ffd11373f082020024.jpg
https://gss0.bdstatic.com/-4o3dSag_xI4khGkpoWK1HF6hhy/baike/c0%3Dbaike150%2C5%2C5%2C150%2C50/sign=c6e1a8a26d224f4a43947b41689efb37/3bf33a87e950352ab246fb8c5343fbf2b2118b0b.jpg
https://gss1.bdstatic.com/-vo3dSag_xI4khGkpoWK1HF6hhy/baike/c0%3Dbaike272%2C5%2C5%2C272%2C90/sign=2251cb10462309f7f362a54013676796/023b5bb5c9ea15ce5bc83e8db6003af33a87b214.jpg
https://gss1.bdstatic.com/9vo3dSag_xI4khGkpoWK1HF6hhy/baike/c0%3Dbaike150%2C5%2C5%2C150%2C50/sign=b8f2d2b5213fb80e18dc698557b8444b/0823dd54564e92586812586a9c82d158ccbf4e14.jpg
https://gss3.bdstatic.com/7Po3dSag_xI4khGkpoWK1HF6hhy/baike/c0%3Dbaike150%2C5%2C5%2C150%2C50/sign=3cc55f3b8c5494ee932f074b4c9c8b9b/241f95cad1c8a786060c948a6709c93d70cf5014.jpg

https://gss1.bdstatic.com/9vo3dSag_xI4khGkpoWK1HF6hhy/baike/c0%3Dbaike92%2C5%2C5%2C92%2C30/sign=c37a139828738bd4d02cba63c0e2ecb3/4a36acaf2edda3cc6517d46507e93901203f9287.jpg
https://gss3.bdstatic.com/7Po3dSag_xI4khGkpoWK1HF6hhy/baike/crop%3D42%2C0%2C874%2C577%3Bc0%3Dbaike116%2C5%2C5%2C116%2C38/sign=99999810b91c8701c2f9e8a61a4bac03/a5c27d1ed21b0ef4ac3fbeaad7c451da80cb3e6a.jpg
https://gss0.bdstatic.com/94o3dSag_xI4khGkpoWK1HF6hhy/baike/c0%3Dbaike92%2C5%2C5%2C92%2C30/sign=29c02a8584025aafc73f76999a84c001/359b033b5bb5c9eaed1d6fa6d339b6003bf3b38d.jpg
https://gss1.bdstatic.com/-vo3dSag_xI4khGkpoWK1HF6hhy/baike/c0%3Dbaike80%2C5%2C5%2C80%2C26/sign=c2db45628c82b90129a0cb6112e4c212/96dda144ad345982bf908bd70af431adcbef8458.jpg
https://gss3.bdstatic.com/7Po3dSag_xI4khGkpoWK1HF6hhy/baike/c0%3Dbaike92%2C5%2C5%2C92%2C30/sign=ea4f6bb548540923be646b2cf331ba6c/f703738da9773912d4e510f7f9198618377ae261.jpg
https://gss3.bdstatic.com/7Po3dSag_xI4khGkpoWK1HF6hhy/baike/c0%3Dbaike72%2C5%2C5%2C72%2C24/sign=d50a29ef572c11dfcadcb771024e09b5/fcfaaf51f3deb48f3b874fd2f01f3a292cf578d4.jpg
https://gss3.bdstatic.com/7Po3dSag_xI4khGkpoWK1HF6hhy/baike/c0%3Dbaike72%2C5%2C5%2C72%2C24/sign=d0dfeb72251f95cab2f89ae4a87e145b/6f061d950a7b02083c21d1ed62d9f2d3562cc8d6.jpg
https://gss0.bdstatic.com/-4o3dSag_xI4khGkpoWK1HF6hhy/baike/c0%3Dbaike80%2C5%2C5%2C80%2C26/sign=39130aaf87cb39dbd5cd6f04b17f6241/7acb0a46f21fbe098fb4ad516d600c338644ad89.jpg
https://gss3.bdstatic.com/-Po3dSag_xI4khGkpoWK1HF6hhy/baike/c0%3Dbaike92%2C5%2C5%2C92%2C30/sign=ffa3d76507e93901420f856c1a853f82/962bd40735fae6cdf8f3c42409b30f2442a70f2b.jpg

https://gss2.bdstatic.com/-fo3dSag_xI4khGkpoWK1HF6hhy/baike/c0%3Dbaike80%2C5%2C5%2C80%2C26/sign=4d2673f343a98226accc2375ebebd264/cb8065380cd79123313f65f2ad345982b3b7805d.jpg
https://gss3.bdstatic.com/7Po3dSag_xI4khGkpoWK1HF6hhy/baike/c0%3Dbaike80%2C5%2C5%2C80%2C26/sign=81a2eb4190529822113e3191b6a310ae/b2de9c82d158ccbfab0062bc19d8bc3eb03541fc.jpg
https://gss0.bdstatic.com/-4o3dSag_xI4khGkpoWK1HF6hhy/baike/c0%3Dbaike80%2C5%2C5%2C80%2C26/sign=d895a84dfbedab64607f4592965fc4a6/3bf33a87e950352abac6f38e5343fbf2b3118b95.jpg
https://gss3.bdstatic.com/7Po3dSag_xI4khGkpoWK1HF6hhy/baike/c0%3Dbaike80%2C5%2C5%2C80%2C26/sign=fe1057689c82d158af8f51e3e16372bd/2f738bd4b31c87018e926360277f9e2f0708ff14.jpg
https://gss2.bdstatic.com/-fo3dSag_xI4khGkpoWK1HF6hhy/baike/c0%3Dbaike80%2C5%2C5%2C80%2C26/sign=91a70ea08a82b90129a0cb6112e4c212/96dda144ad345982ececc0150cf431adcaef84d6.jpg
https://gss2.bdstatic.com/-fo3dSag_xI4khGkpoWK1HF6hhy/baike/c0%3Dbaike80%2C5%2C5%2C80%2C26/sign=d5033dc9ca8065386fe7ac41f6b4ca21/8694a4c27d1ed21b48e49662ad6eddc451da3f03.jpg
https://gss0.bdstatic.com/-4o3dSag_xI4khGkpoWK1HF6hhy/baike/c0%3Dbaike80%2C5%2C5%2C80%2C26/sign=cf098ffb510fd9f9b41a5d3b4444bf4f/314e251f95cad1c883775ca07f3e6709c83d516c.jpg
https://gss2.bdstatic.com/9fo3dSag_xI4khGkpoWK1HF6hhy/baike/c0%3Dbaike80%2C5%2C5%2C80%2C26/sign=0fe8419d2834349b600b66d7a8837eab/7e3e6709c93d70cf11020a8af8dcd100bba12bb8.jpg
https://gss3.bdstatic.com/-Po3dSag_xI4khGkpoWK1HF6hhy/baike/c0%3Dbaike80%2C5%2C5%2C80%2C26/sign=f095d0be4b36acaf4ded9eae1db0e675/0824ab18972bd4070e80407a7b899e510eb309f5.jpg
https://gss1.bdstatic.com/9vo3dSag_xI4khGkpoWK1HF6hhy/baike/c0%3Dbaike80%2C5%2C5%2C80%2C26/sign=17a6fad1d0160924c828aa49b56e5e9f/6a63f6246b600c33261f434f1a4c510fd8f9a1d7.jpg
