
http://pic3.nipic.com/20090619/2911659_083835084_2.jpg	http://www.nipic.com/show/1/44/88be9d9e32102054.html
http://a3.att.hudong.com/41/88/01300001248577133812880154973_s.jpg	http://www.baike.com/wiki/%E5%9E%82%E4%B8%9D%E6%B5%B7%E6%A3%A0
http://image.sciencenet.cn/home/1642422927t506i76rqifb.jpg	http://wap.sciencenet.cn/blogview.aspx?id=557205
http://pic3.nipic.com/20090619/2911659_084248066_2.jpg	http://www.nipic.com/show/1/44/05496f3d9e5eceb0.html
http://pic76.nipic.com/file/20150825/2297350_224923189643_2.jpg	http://www.nipic.com/show/13167078.html
http://s7.sinaimg.cn/middle/66019f9eha7ea6051bfb6&690	http://blog.sina.com.cn/s/blog_66019f9e0102dqy5.html
http://www.baihuamen.com/d/file/2014/04-17/55058eaf3c8cb67c8cfbe9f7d2d322ff.jpg	http://www.baihuamen.com/chuisihaitang/
https://img3.doubanio.com/lpic/s25789135.jpg	https://www.douban.com/subject/21365784/
http://www.huajiang.cc/uploads/allimg/140710/9-140G02005170-L.jpg	http://m.huajiang.cc/tag/723.html
http://www.zhang007.com/upload/201303/1363779646.jpg	http://www.zhang007.com/product/showproduct103.htm
http://www.ahcyjj.com/upload/Supply/201702091457352253.jpg	http://www.ahcyjj.com/Product/S_chuisihaitang_____1.html
http://s7.sinaimg.cn/middle/3fbae89ag82db4dbc8896&690	http://blog.sina.com.cn/s/blog_3fbae89a0100hnci.html
http://pic65.nipic.com/file/20150422/18665450_163932723132_2.jpg	http://www.nipic.com/show/12307734.html
http://www.huadian360.com/upload/baike/2011-9/b59Fp7k3II6CNc61FP67.jpg	http://www.huadian360.com/baike/baike.asp?id=194
http://sdkdb.sdkd.net.cn/2010/725/images/%E5%9E%82%E4%B8%9D%E6%B5%B7%E6%A3%A0.JPG	http://sdkdb.sdkd.net.cn/2010/725/2/2.html
http://www.cnhaoshu.com/file/upload/201609/13/09-05-17-45-1.png	http://www.cnhaoshu.com/news/show/4089/
http://www.baicaolu.com/uploads/201401/1388731274cj8fVqtr.jpg	http://www.baicaolu.com/doc-view-11521.html
http://a2.att.hudong.com/82/78/19300001382667132174787424540.jpg	http://yanghua.baike.com/article-103904.html
https://www.huabaike.com/uploads/allimg/artimg/201703/20170317190756_64695.jpg	https://www.huabaike.com/yhjq/7734.html
http://pic.tugou.com/baike/1460121892_6672824.jpeg	http://www.tugou.com/baike/657.html
http://img.39yst.com/uploads/2015/0401/1427885154869.jpg	http://www.39yst.com/zxy/201504/254050.shtml
http://a3.att.hudong.com/86/92/01300001248577133812921589443_s.jpg	http://www.baike.com/wiki/%E5%9E%82%E4%B8%9D%E6%B5%B7%E6%A3%A0
http://www.user0.jqw.com/2010/11/02/309087/product/b201011101609577139.jpg	http://www.p77.org/read/2076889739/
http://www.55haitang.com/d/file/chuisihaitang/zixun/20150821/1440142413510834.jpg	http://www.55haitang.com/chuisihaitang/zixun/248.html
http://pic7.nipic.com/20100517/4900781_191925059888_2.jpg	http://www.nipic.com/show/1/44/e35e4994dd6ee440.html
http://pic40.nipic.com/20140407/5257444_144742504188_2.jpg	http://www.nipic.com/show/10060200.html
http://pic.showhua.com/pinzhong/201432154133.jpg	http://www.showhua.com/pinzhong/chuisihaitang/
http://i.79cha.com/zhongcaoyao/8/87/chuisihaitangtupian_2.jpg	http://www.p77.org/read/2755799509/
http://img8.zol.com.cn/bbs/upload/17880/17879393.JPG	http://www.taici.org/siyi/5Z6C5Lid.html
https://cbu01.alicdn.com/img/ibank/2016/230/569/3766965032_1530692097.220x220.jpg	http://www.1688.com/jiage/-B4B9CBBFBAA3CCC4C3E7C4BE.html
http://www.hanyi365.com/attach/userfiles/image/2013-11-09_12_04_42.png	http://www.hanyi365.com/article_1191.html
http://a0.att.hudong.com/27/91/01300001248577133812913677357_s.jpg	http://www.baike.com/wiki/%E5%9E%82%E4%B8%9D%E6%B5%B7%E6%A3%A0
http://www.55haitang.com/d/file/tupian/20150822/1440205041137451.jpg	http://www.55haitang.com/tupian/264.html
http://www.55haitang.com/d/file/chuisihaitang/zixun/20151113/1447402968991134.jpg	http://www.55haitang.com/chuisihaitang/zhishi/586.html
http://img001.mllres.com/zximages/images/20121225/13564334814418.jpg	http://zx.meilele.com/zhiwu/article-15616.html
http://img1.ph.126.net/9ElAsfnFez9I6Kv0LdnVBQ==/6619308488840490082.jpg	http://www.lofter.com/tag/%E5%9E%82%E4%B8%9D%E6%B5%B7%E6%A3%A0%E8%8A%B1
http://img1.ph.126.net/vao9mT7yT2LNc6hwmQl7JQ==/6597820733099413366.jpg	http://yangli.1946.blog.163.com/blog/static/7307975620133841822104/
http://www.ksyllh.com/UpFile/201264152820.jpg	http://www.ksyllh.com/productshow75.html
https://gss2.bdstatic.com/9fo3dSag_xI4khGkpoWK1HF6hhy/baike/s%3D220/sign=7dbd1c6570cf3bc7ec00caeee101babd/ac4bd11373f08202401b71574bfbfbedaa641bc8.jpg	https://baike.baidu.com/item/%E5%9E%82%E4%B8%9D%E6%B5%B7%E6%A3%A0
http://www2.xitek.com/topic2011/spring/upload/201104/15/1456192601.JPG	http://www2.xitek.com/topic2011/spring/showphoto.php?photoid=486
http://www.czyisen.com/uploadfile/201304151258879308.jpg	http://www.czyisen.com/product.asp?pclassname=1
http://www.jfymm.com/data/upload/thumb/52a2d34f3c3d6.jpg	http://www.jfymm.com/html/product/yiji/chuisibeimei/38.html
http://s15.sinaimg.cn/middle/66019f9eha7ea5f6cd4be&690	http://blog.sina.com.cn/s/blog_66019f9e0102dqy5.html
http://image.sciencenet.cn/album/201704/12/104110a9sz280sy98k3y9k.jpg	http://blog.sciencenet.cn/blog-5800-1048389.html
http://www.wdptj.com/wp-content/uploads/2015/07/%E8%A5%BF%E5%BA%9C%E6%B5%B7%E6%A3%A0%E4%B8%8E%E5%9E%82%E4%B8%9D%E6%B5%B7%E6%A3%A0%E5%8C%BA%E5%88%AB3.jpg	http://www.wdptj.com/chuisi/
http://img2.ph.126.net/4NR6mrjrOgwcRDVW_YbaoA==/3318308500542263165.jpg	http://xiay009.lofter.com/tag/%E5%9E%82%E4%B8%9D%E6%B5%B7%E6%A3%A0
http://img1.ph.126.net/zcDoiwaQ9E5ipJWzqIgelw==/6599275386982187731.jpg	http://xiay009.lofter.com/tag/%E5%9E%82%E4%B8%9D%E6%B5%B7%E6%A3%A0
http://www.zhiwutong.com/tu/yanghua/%E5%9E%82%E4%B8%9D%E6%B5%B7%E6%A3%A0.jpg	http://www.zhiwutong.com/gardens/09-28/9171.htm
http://www.55haitang.com/d/file/chuisihaitang/zhishi/20150918/1442577712886253.jpg	http://www.55haitang.com/chuisihaitang/zhishi/406.html
http://image82.360doc.com/DownloadImg/2015/02/1320/50157300_1.jpg	http://www.360doc.com/content/15/0213/20/16967035_448430803.shtml
https://upload.wikimedia.org/wikipedia/commons/thumb/f/f8/Malus_halliana2.jpg/250px-Malus_halliana2.jpg	https://zh.wikipedia.org/wiki/%E5%9E%82%E4%B8%9D%E6%B5%B7%E6%A3%A0
http://www.huayugu.com.cn/uploads/allimg/160628/1-16062Q304070-L.jpg	http://www.huayugu.com.cn/chuisihaitang/
http://img.redocn.com/sheying/20170306/yipianchuisihaitang_7947725.jpg	http://sucai.redocn.com/dongwuzhiwu_7947725.html
http://www.guoshujishu.com/Article/UploadFiles/201003/2010031710044919.jpg	http://www.guoshujishu.com/Article/qitaguoshujishu/zaipeijishu/11439.html
http://pic1.win4000.com/wallpaper/7/5990fe9db565a.jpg	http://www.w88ok.net/wallpaper_detail_133496.html
http://www.yuhuagu.com/uploads/allimg/120625/43-120625053K1.jpg	http://www.yuhuagu.com/pjtp/2012/0625/3443.html
http://a0.att.hudong.com/42/92/01300001248577133812929304950_s.jpg	http://www.baike.com/wiki/%E5%9E%82%E4%B8%9D%E6%B5%B7%E6%A3%A0
https://www.huabaike.com/uploads/allimg/artimg/201702/20170207100729_78527.jpg	https://www.huabaike.com/jtyh/7079.html
http://www.wdptj.com/wp-content/uploads/2015/07/%E5%9E%82%E4%B8%9D%E6%B5%B7%E6%A3%A0%E5%9B%BE%E7%89%871.jpg	http://www.wdptj.com/12453.html
http://www.iyanghua.com/f/chuisihaitang/20081115135238_2.jpg	http://www.iyanghua.com/f/chuisihaitang/
http://www.baihuamen.com/d/file/2014/04-17/3c57ea092799316d2d25156062ae3387.jpg	http://www.baihuamen.com/chuisihaitang/
http://pic25.nipic.com/20121202/8759743_211156427181_2.jpg	http://www.nipic.com/show/1/44/7211542ka00e6961.html
http://pic4.nipic.com/20090721/2178382_170944074_2.jpg	http://www.nipic.com/show/2147698.html
http://www.haojing888.com/uploadfiles/pictures/product/20160605090856_9531.jpg	http://www.haojing888.com/Products/csht.html
http://img001.mllres.com/zximages/images/20121225/13564334823258.jpg	http://zx.meilele.com/zhiwu/article-15616.html
http://www.jsmmzx.top/upfile/images/%E8%8A%B1%E7%81%8C%E6%A4%8D%E7%89%A9/%E5%9E%82%E4%B8%9D%E6%B5%B7%E6%A3%A0.jpg	http://www.jsmmzx.top/557/557/45
http://s8.sinaimg.cn/mw690/003yivztzy6I3tDKqbl47&690	http://blog.sina.com.cn/s/blog_c2067d430101detm.html
https://b-ssl.duitang.com/uploads/item/201503/26/20150326223847_hH8Pw.thumb.224_0.jpeg	https://www.duitang.com/blogs/tag/?name=%E5%9E%82%E4%B8%9D%E6%B5%B7%E6%A3%A0
http://www.haojing888.com/uploadfiles/pictures/product/20160605090855_2031.jpg	http://www.haojing888.com/Products/csht.html
http://img05.huishangbao.com/file/bupload/201211/07/17-47-39-90-2400.jpg	http://www.p77.org/read/2491975384/
http://www.syjwmm.top/upfile/images/%E8%8A%B1%E7%81%8C%E6%9C%A8%E7%B1%BB/%E5%9E%82%E4%B8%9D%E6%B5%B7%E6%A3%A0.jpg	http://www.syjwmm.top/556/556/177
http://chnlzj.com/upLoad/product/month_1705/201705180941371169.jpg	http://chnlzj.com/content/?337.html
http://www.syxhhh.top/upfile/images/%E7%BB%BF%E5%8C%96%E8%8B%97/%E5%9E%82%E4%B8%9D%E6%B5%B7%E6%A3%A0(1).jpg	http://www.syxhhh.top/556/568/127
http://attach.wzdsb.net/blog_attachment/201303/14/16811113_1363219432N1GJ.jpg	http://blog.wendu.cn/space-16811113-do-blog-id-385481.html
http://s5.sinaimg.cn/middle/66019f9ehad7e57a599f4&690	http://blog.sina.com.cn/s/blog_66019f9e0102dqy5.html
http://www.55haitang.com/d/file/tupian/20150822/1440205041203591.jpg	http://www.55haitang.com/tupian/264.html
http://pic7.nipic.com/20100517/4900781_191322052793_2.jpg	http://www.nipic.com/show/1/44/a10a305f5c9d4635.html
http://www.miaonongol.com/uploadfile/upload/image/20150605/6356909075710567442542141.jpg	http://www.miaonongol.com/news-details.aspx?category=1&id=302
https://gss0.baidu.com/7Po3dSag_xI4khGko9WTAnF6hhy/zhidao/pic/item/810a19d8bc3eb135dc25386ba31ea8d3fc1f4404.jpg	http://zhidao.baidu.com/question/90828873.html
http://s8.sinaimg.cn/middle/66019f9eha7ea60057897&690	http://blog.sina.com.cn/s/blog_66019f9e0102dqy5.html
http://tantmm.com/images/UpFile/2017-3/2017391046370.jpg	http://tantmm.com/zhsh.asp?id=350
http://img1.jqw.com/2011/09/27/392249/product/b201110120939522563.jpg	http://www.wenm.jqw.com/productstype30-127052.htm
http://www.xbmiaomu.com/upfile/20081006054250196.jpg	http://www.xbmiaomu.com/miaomutupianku2217/
http://www.hongchunzy.com/upfile/products/20150613101111_541.jpg	http://www.hongchunzy.com/index.php?ac=article&at=list&tid=145
http://www.llwlyy.com/Upload/Image/20160912160208815.jpg	http://www.llwlyy.com/product/csht/
https://www.huabaike.com/uploads/allimg/sltimg/201702/5898864b30344.jpg	https://www.huabaike.com/jtyh/7079.html
http://www.scmiaopu.com/uploads/160407/1-16040G63202913.jpg	http://www.scmiaopu.com/product/csht/
http://www.55haitang.com/d/file/tupian/20150822/1440205041403517.jpg	http://www.55haitang.com/tupian/264.html
https://cbu01.alicdn.com/img/ibank/2016/449/079/3146970944_1732061643.310x310.jpg	https://www.1688.com/pic/-B4B9CBBFBAA3CCC4D6D6D7D3.html
http://www.nyzy.com/UploadFiles/2015-11/admin1/2015110511230318187.jpg	http://www.nyzy.com/haitang/139.html
http://s15.sinaimg.cn/mw690/001iVkI3zy79SddPhkWee&690	http://blog.sina.com.cn/s/blog_474605330102xgud.html
http://plant.hytc.edu.cn/plant/uploads/Photo/%E5%9E%82%E4%B8%9D%E6%B5%B7%E6%A3%A0/%E5%9E%82%E4%B8%9D%E6%B5%B7%E6%A3%A016.JPG	http://plant.hytc.edu.cn/plantView.aspx?id=62
http://www.haojing888.com/uploadfiles/pictures/product/20160605090856_0625.jpg	http://www.haojing888.com/Products/csht.html
http://img.huamu.com/data/upload/goods/201607/15/74/201607151534342131.jpg?x-oss-process=image/resize,m_fill,h_200,w_200	http://www.huamu.com/store_30389/category_10782
https://cbu01.alicdn.com/img/ibank/2017/476/875/3813578674_821702021.220x220.jpg	http://www.1688.com/jiage/-B4B9CBBFBAA3CCC4CAF7.html
http://www.syhmnc.com/data/images/product/thumb_20161202174332_782.jpg	http://www.syhmnc.com/search.php?wd=%E9%AB%98%E6%9D%86%E5%9E%82%E4%B8%9D%E6%B5%B7%E6%A3%A0
http://jinminhm.com/upfile/images/%E9%AB%98%E6%9D%86%E4%B9%94%E6%9C%A8/%E5%9E%82%E4%B8%9D%E6%B5%B7%E6%A3%A0.jpg	http://jinminhm.com/556/570/99
http://www.haojing888.com/uploadfiles/pictures/product/20160605090856_3437.jpg	http://www.haojing888.com/Products/csht.html
http://sh.xinhuanet.com/136199674_14918918114071n.jpg	http://sh.xinhuanet.com/2017-04/11/c_136199674.htm
http://www.tdysyl.com/upload/image/20170524054420_42747_lit.jpg	http://www.tdysyl.com/index.php?_m=mod_product&_a=prdlist&cap_id=83
