
http://www.baihuamen.com/d/file/2014/05-16/b5186e632abdbcdbb3614510c24f9e47.jpg	http://www.baihuamen.com/jinguangju/
http://www.baihuamen.com/d/file/2014/05-16/591643f3a0e8bad6f9d99234f7502c5f.jpg	http://www.baihuamen.com/jinguangju/
http://www.baihuamen.com/d/file/2014/06-01/e6f65179db98ad002bc8bc9f1b5cc4c7.jpg	http://www.baihuamen.com/heixinjinguangju/
http://a4.att.hudong.com/14/83/01300000201199122339832276275.jpg	http://tupian.baike.com/a4_14_83_01300000201199122339832276275_jpg.html&prd=so_tupian
http://b2b.image.yuanlin.com/Biz/2012-3/201235133432428.jpg	http://syfchm.yuanlin.com/sell-m173071.html
http://b2b.image.yuanlin.com/biz/2013-5/2013581930442622.jpg	http://www.yuanlin.com/b2b/sell_detail_531769.html
http://www.cdzxyl.com/upload/image/20160619093941_56595.jpg	http://www.cdzxyl.com/index.php?_m=mod_product&_a=view&p_id=180
http://pic8.nipic.com/20100621/3477454_090242055905_2.jpg	http://www.nipic.com/show/1/44/a71f69499217fd83.html
http://www.baihuamen.com/d/file/2014/06-01/371ec8946ba1c8f2b20bf27921ad0de6.jpg	http://www.baihuamen.com/heixinjinguangju/
http://img.ph.126.net/hpkKaxiePX-0wPhoeG5V3g==/3301138526862940878.jpg	http://bd1560.blog.163.com/blog/static/831637200911191740612/
http://pic15.nipic.com/20110807/4224370_201644618141_2.jpg	http://www.nipic.com/show/4931458.html
https://cdn.pixabay.com/photo/2014/08/06/12/13/purple-coneflower-411524_960_720.jpg	https://pixabay.com/zh/%E7%B4%AB%E8%89%B2%E9%87%91%E5%85%89%E8%8F%8A-%E8%8F%8A-%E5%A4%AA%E9%98%B3%E5%B8%BD%E5%AD%90-%E7%BA%A2%E8%89%B2%E8%BE%89%E5%85%89%E7%B4%AB%E8%89%B2%E9%87%91%E5%85%89%E8%8F%8A-%E7%B2%89%E7%BA%A2%E8%89%B2-%E7%B4%AB-%E5%BC%80%E8%8A%B1-411524/
http://a0.att.hudong.com/21/05/01100000000000144739052055317_s.jpg	http://www.baike.com/wiki/%E9%87%91%E5%85%89%E8%8F%8A
http://a2.att.hudong.com/43/05/20200000013920144739051913462_s.jpg	http://www.baike.com/wiki/%E9%87%91%E5%85%89%E8%8F%8A
http://www.zhongzi.net/files/allimg/151130/1-151130031RX45.jpg	http://m.zhongzi.net/huahui/jinguangju.htm
http://img.zwbk.org/baike/bpic/2012/07/09/20120709145918325_9556.jpg	http://www.zwbk.org/MyLemmaShow.aspx?lid=249820
http://www.dictall.com/picture/bkimg/ch_2/2_6_11_0.jpg	http://www.dictall.com/indu61/02/610270695E6.htm
http://www.baihuamen.com/d/file/2014/05-06/fd2c7b763c1f4490e39f9d2772c6a7d7.jpg	http://www.baihuamen.com/maoyejinguangju/
https://www.huabaike.com/uploads/allimg/artimg/201610/20161023162418_11653.jpg	https://www.huabaike.com/jtyh/5411.html
http://a4.att.hudong.com/57/55/20300001171572130630554958520_s.jpg	http://www.baike.com/wiki/%E6%AF%9B%E5%8F%B6%E9%87%91%E5%85%89%E8%8F%8A
https://cdn.pixabay.com/photo/2014/12/05/03/56/rudbeckia-557480_960_720.jpg	https://pixabay.com/zh/%E9%87%91%E5%85%89%E8%8F%8A-%E5%B8%8C%E5%B0%94-%E8%8A%B1-%E9%BB%84%E8%89%B2-%E8%8B%8F%E7%8F%8A-%E5%BC%80%E8%8A%B1-%E6%A3%95%E8%89%B2-%E8%8A%B1%E5%9B%AD-%E9%BB%91-%E9%BB%91%E7%9C%BC-557480/
http://www.pibaosi.net/uploads/allimg/160208/1-16020Q632050-L.jpg	http://huahui.pibaosi.net/20160208/117208.html
http://pic17.nipic.com/20111013/5344375_132852596000_2.jpg	http://www.nipic.com/show/1/44/5217491k2f2e1da1.html
http://img610.ph.126.net/Tc-g1fyJXfI_BheM-g7U8g==/1948369788792475023.jpg	http://bd1560.blog.163.com/blog/static/831637200911191740612/
http://www.baihuamen.com/d/file/2014/05-06/580efd4a1834def42e1e578207f60b57.jpg	http://www.baihuamen.com/maoyejinguangju/
http://www.wm-sec.com/rudbeckia_fulgida.jpg	http://www.wm-sec.com/rudbeckia_fulgida.htm
http://www.baihuamen.com/d/file/2014/06-01/48cbf8d434511b7eb7a91d2bfe722408.jpg	http://www.baihuamen.com/heixinjinguangju/
https://www.huabaike.com/uploads/huatuku/20160607/5756901c165ea.jpg	https://m.huabaike.com/jktu/372.html
http://a0.att.hudong.com/00/05/01100000000000144739052228018_s.jpg	http://www.baike.com/wiki/%E9%87%91%E5%85%89%E8%8F%8A
http://www.huajiang.cc/uploads/allimg/140630/8-1406302131525F.jpg	http://www.huajiang.cc/yanghua/20140630/1265.html
https://cdn.pixabay.com/photo/2014/12/05/04/19/rudbeckia-557510_960_720.jpg	https://pixabay.com/zh/%E9%87%91%E5%85%89%E8%8F%8A-%E5%B8%8C%E5%B0%94-%E9%BB%91%E7%9C%BC%E8%B1%86%E7%9A%84%E8%8B%8F%E7%8F%8A-%E8%8A%B1-%E7%9B%9B%E5%BC%80-%E9%BB%84%E8%89%B2-%E8%87%AA%E7%84%B6-%E5%BC%80%E8%8A%B1-%E8%8A%B1%E7%9A%84-557510/
http://www.cmyuanyi.com/UploadFiles/2009-11/admin/2009111916412471112.jpg	http://www.cmyuanyi.com/hua/qtfl_580_26.html
http://www.twword.com/uploads/wiki/12/08/122967_3.jpg	http://www.twword.com/wiki/%E9%87%91%E5%85%89%E8%8F%8A
http://9.share.photo.xuite.net/a0710291/1900829/10166412/461792925_m.jpg	http://blog.xuite.net/a0710291/twblog/125156286
https://cdn.pixabay.com/photo/2015/08/11/00/37/rudbeckia-883386_960_720.jpg	https://pixabay.com/zh/%E9%87%91%E5%85%89%E8%8F%8A-%E9%BB%91%E7%9C%BC%E8%8B%8F%E7%8F%8A-%E9%BB%84%E8%89%B2-%E5%A4%8F%E5%A4%A9-%E9%9B%8F%E8%8F%8A-%E5%85%89%E6%98%8E-%E5%8E%9F%E9%87%8E-%E9%A2%9C%E8%89%B2-%E6%A3%95%E8%89%B2-883386/
http://www.baihuamen.com/d/file/2014/06-01/2196e77927cef0aad21f23d26acef433.jpg	http://www.baihuamen.com/heixinjinguangju/
http://img170.ph.126.net/xNHnbzT15EEs3kwoMjjf8g==/2292332210332827795.jpg	http://bd1560.blog.163.com/blog/static/8316372009102811566244/
http://a0.att.hudong.com/66/00/20300001207858130863005781320_s.jpg	http://www.baike.com/wiki/%E5%85%A8%E7%BC%98%E9%87%91%E5%85%89%E8%8F%8A
http://www.fc312.com/web_manage/manage/wenedit/UploadFile/201511015549985.JPG	http://www.fc312.com/pro_info.asp?id=1606
http://a3.att.hudong.com/68/05/01100000000000144739052294320_s.jpg	http://www.baike.com/wiki/%E9%87%91%E5%85%89%E8%8F%8A
http://img.xunhai.com/2015/11/26/144848452741485.jpg	http://www.xunhai.com/jinguangju/2015/1126/3650.html
http://a1.att.hudong.com/72/05/01100000000000144739052192906_s.jpg	http://www.baike.com/wiki/%E9%87%91%E5%85%89%E8%8F%8A
http://hua36.com/tupian/dajinguangju/1.jpg	http://hua36.com/huahui/caoben/359.html
https://img.lrgarden.com/feed_pic/124/14/1000273532_1000014626_1499086350.jpg	https://www.lrgarden.com/topic/view/id-1000001933.html
http://www.baihuamen.com/d/file/2014/06-01/eda076ac8343f0d4db0c968f5b3321ee.jpg	http://www.baihuamen.com/heixinjinguangju/
http://www.neipet.com/wp-content/uploads/2016/07/%E9%BB%91%E5%BF%83%E9%87%91%E5%85%89%E8%8F%8A.jpg	http://www.neipet.com/plant/28544.html
https://gss2.bdstatic.com/9fo3dSag_xI4khGkpoWK1HF6hhy/baike/s%3D220/sign=2fd6438cb1b7d0a27fc9039ffbee760d/35a85edf8db1cb13cbb6132dde54564e92584b34.jpg	https://baike.baidu.com/item/%E9%BB%91%E5%BF%83%E9%87%91%E5%85%89%E8%8F%8A
http://blog.windstyle.cn/wp-content/uploads/sites/2/2012/07/120617-110419-075.jpg	http://blog.windstyle.cn/2012-flowers-2/
https://b-ssl.duitang.com/uploads/item/201205/08/20120508125607_jZz2y.thumb.224_0.jpeg	https://www.duitang.com/blogs/tag/?name=%E9%BB%91%E5%BF%83%E9%87%91%E5%85%89%E8%8F%8A
https://gw.alicdn.com/bao/uploaded/i1/2227298458/TB2WhkmbsH_F1JjSZFKXXbcvFXa_!!2227298458.jpg_230x230.jpg	https://www.taobao.com/article/BqBrDQBoBpBUBuCW.html
http://img05.tooopen.com/images/20150107/sy_78719771554.jpg	http://www.tooopen.com/view/787197.html
http://img.xunhai.com/2015/11/26/144848445375308.jpg	http://www.xunhai.com/jinguangju/2015/1126/3650.html
http://a0.att.hudong.com/28/69/20300001183534130313690966727_s.jpg	http://www.baike.com/wiki/%E9%87%91%E5%85%89%E8%8F%8A%E5%B1%9E
http://www.baihuamen.com/d/file/2014/06-01/3fc010e7b47c7b7580bed2d03c1c48db.jpg	http://www.baihuamen.com/heixinjinguangju/17486_13.html
https://upload.wikimedia.org/wikipedia/commons/5/55/%E3%83%94%E3%83%B3%E3%82%AF%E3%83%BB%E3%82%B0%E3%83%A9%E3%82%B8%E3%82%AA%E3%83%A9%E3%82%B9%E3%80%81%E9%BB%84%E8%89%B2%E3%83%BB%E3%83%AB%E3%83%89%E3%83%99%E3%82%AD%E3%82%A2Rudbeckia_2004%E5%B9%B47%E6%9C%8810%E6%97%A5P7100036.jpg	https://zh.wikipedia.org/wiki/%E9%87%91%E5%85%89%E8%8F%8A%E5%B1%9E
http://www.huacaoshumu.net/attached/tupian/J26/20150527-3.jpg	http://www.huacaoshumu.net/zhiwu/jinguangju.php
https://gss2.bdstatic.com/9fo3dSag_xI4khGkpoWK1HF6hhy/baike/s%3D220/sign=aa6257ea2df5e0feea188e036c6134e5/bba1cd11728b4710e36fa53fc3cec3fdfd032384.jpg	https://baike.baidu.com/item/%E6%8A%B1%E8%8C%8E%E9%87%91%E5%85%89%E8%8F%8A
https://www.huabaike.com/uploads/huatuku/20160607/5756901f65cb5.jpg	https://m.huabaike.com/jktu/372.html
https://cbu01.alicdn.com/img/ibank/2015/340/576/2614675043_275374095.220x220.jpg	http://www.1688.com/jiage/-BADAD0C4BDF0B9E2BED5.html
https://www.huabaike.com/uploads/allimg/artimg/201610/20161023162350_67774.jpg	https://www.huabaike.com/jtyh/5411.html
https://cbu01.alicdn.com/img/ibank/2015/052/830/2658038250_1686866314.310x310.jpg	https://www.1688.com/pic/-BDF0B9E2BED5D6D6D7D3.html
https://b-ssl.duitang.com/uploads/item/201510/26/20151026212541_XzHdN.thumb.224_0.jpeg	https://www.duitang.com/blogs/tag/?name=%E9%BB%91%E5%BF%83%E9%87%91%E5%85%89%E8%8F%8A
http://img.itc.cn/photo/jruo2gdRMHE	http://zsl1964.blog.sohu.com/274147806.html
https://b-ssl.duitang.com/uploads/item/201510/26/20151026212445_cSs4u.thumb.224_0.jpeg	https://www.duitang.com/blogs/tag/?name=%E9%BB%91%E5%BF%83%E9%87%91%E5%85%89%E8%8F%8A
http://c.blog.xuite.net/c/f/8/f/13396183/blog_1400131/txt/208216173/2.jpg	http://blog.xuite.net/smile27/flower/208216173-%E9%87%91%E5%85%89%E8%8F%8A
http://www.baihuamen.com/d/file/2014/05-13/b0dcc59f8226c2f256ae94f5365f3fb2.jpg	http://www.baihuamen.com/jinguangju/
http://img05.tooopen.com/images/20140508/sy_60645549587.jpg	http://www.tooopen.com/view/606455.html
http://www.baihuamen.com/d/file/2014/05-16/06457662c8e9c24aac84a3e0ad75c33e.jpg	http://www.baihuamen.com/jinguangju/
http://pic41.nipic.com/20140511/18448629_013940719191_2.jpg	http://www.nipic.com/show/10264792.html
https://cdn.pixabay.com/photo/2014/12/05/04/31/rudbeckia-557531_960_720.jpg	https://pixabay.com/zh/%E9%87%91%E5%85%89%E8%8F%8A-%E5%B8%8C%E5%B0%94-%E9%BB%91%E7%9C%BC%E8%B1%86%E7%9A%84%E8%8B%8F%E7%8F%8A-%E8%8A%B1-%E7%9B%9B%E5%BC%80-%E9%BB%84%E8%89%B2-%E8%87%AA%E7%84%B6-%E5%BC%80%E8%8A%B1-%E8%8A%B1%E7%9A%84-557531/
https://cdn.pixabay.com/photo/2014/08/06/12/04/purple-coneflower-411519_960_720.jpg	https://pixabay.com/zh/%E7%B4%AB%E8%89%B2%E9%87%91%E5%85%89%E8%8F%8A-%E8%8F%8A-%E5%A4%AA%E9%98%B3%E5%B8%BD%E5%AD%90-%E7%BA%A2%E8%89%B2%E8%BE%89%E5%85%89%E7%B4%AB%E8%89%B2%E9%87%91%E5%85%89%E8%8F%8A-%E7%B2%89%E7%BA%A2%E8%89%B2-%E7%B4%AB-%E5%BC%80%E8%8A%B1-411519/
http://s2.sinaimg.cn/mw690/001nPxoHgy72tPoHV4J11&690	http://blog.sina.com.cn/s/blog_4b984a370102wbjx.html
https://st.depositphotos.com/2619703/3106/i/950/depositphotos_31065003-stock-photo-black-eyed-susan-and-pink.jpg	https://cn.depositphotos.com/31065003/stock-photo-black-eyed-susan-and-pink.html
https://b-ssl.duitang.com/uploads/item/201510/26/20151026212606_d3Y8W.thumb.224_0.jpeg	https://www.duitang.com/blogs/tag/?name=%E9%BB%91%E5%BF%83%E9%87%91%E5%85%89%E8%8F%8A
https://cdn.pixabay.com/photo/2015/03/06/04/26/rudbeckia-661244_960_720.jpg	https://pixabay.com/zh/%E9%87%91%E5%85%89%E8%8F%8A-%E8%8A%B1-%E9%BB%84%E8%89%B2-%E8%87%AA%E7%84%B6-%E8%8A%B1%E5%9B%AD-%E6%A4%8D%E7%89%A9-%E8%8B%8F%E7%8F%8A-%E5%BC%80%E8%8A%B1-%E9%9B%8F%E8%8F%8A-%E9%BB%91-661244/
https://www.huabaike.com/uploads/allimg/sltimg/201610/580c736e8cc4b.jpg	https://www.huabaike.com/jtyh/5411.html
http://img768.ph.126.net/NPHgehcjaiGnTV2P44T1XA==/2985605077971028068.jpg	http://bd1560.blog.163.com/blog/static/8316372009102811566244/
http://g.udn.com.tw/upfiles/B_YU/YunChingsCrafts/PSN_PHOTO/699/f_12427699_1.JPG	http://blog.udn.com/YunChingsCrafts/25561242
http://a3.att.hudong.com/57/79/01300000866993127255793307840_s.jpg	http://www.baike.com/wiki/%E4%BA%8C%E8%89%B2%E9%87%91%E5%85%89%E8%8F%8A
https://i1.kknews.cc/large/d0000048a522e1b6f28	https://kknews.cc/agriculture/n3rgl2.html
http://9.share.photo.xuite.net/a0710291/1900846/10166412/461782458_m.jpg	http://blog.xuite.net/a0710291/twblog/125156286
https://www.huabaike.com/uploads/huatuku/20160607/5756901a351bb.jpg	https://m.huabaike.com/jktu/372.html
https://cbu01.alicdn.com/img/ibank/2016/096/407/3447704690_1651660579.220x220.jpg	https://s.1688.com/kq/-BDF0B9E2BED5.html
http://tu.qt3191.com/allimg/c110627/130916192b4Z-14119.gif	http://www.qt3191.com/huamutupian/55710.html
http://p.ayxbk.com/images/thumb/c/cd/Bkdiu.jpg/200px-Bkdiu.jpg	http://www.a-hospital.com/w/%E9%87%91%E5%85%89%E8%8F%8A
https://cdn.pixabay.com/photo/2016/08/11/00/47/coneflower-1584656_960_720.jpg	https://pixabay.com/zh/coneflower-%E8%8A%B1-%E6%A4%8D%E7%89%A9-%E6%9D%BE%E6%9E%9C%E8%8F%8A-%E7%99%BD%E8%89%B2%E7%9A%84%E9%87%91%E5%85%89%E8%8F%8A-%E8%8A%B1%E7%93%A3-%E8%8D%89%E8%8D%AF-1584656/
http://yjyzhy.com/upfile/images/%E8%8F%8A%E8%8A%B1/%E9%87%91%E5%85%89%E8%8F%8A2.jpg	http://yjyzhy.com/557/0/213
http://www.51hm.cn/zwpic/%E9%87%91%E5%85%89%E8%8F%8A3.jpg	http://www.51hm.cn/zw/zwshow.asp?zwid=2663
http://img003.mllres.com//images/upload/%E9%BB%91%E5%BF%83%E8%8F%8A04.jpg	http://www.meilele.com/article/shipin/37500.html
http://www.1nongjing.com/uploads/allimg/160518/902-16051Q60055242.jpg	http://net.1nongjing.com/a/201605/139961.html
https://www.huabaike.com/uploads/allimg/artimg/201610/20161023162403_52338.jpg	https://www.huabaike.com/jtyh/5411.html
http://hua36.com/tupian/dajinguangju/2.jpg	http://hua36.com/huahui/caoben/359.html
https://www.flower-db.com/uploads/large_ab9cf7cf-6c6c-4df8-8872-2131f19a2ede.jpg	https://www.flower-db.com/zh/flower:994
http://a3.att.hudong.com/07/05/01100000000000144739052249140_s.jpg	http://www.baike.com/wiki/%E9%87%91%E5%85%89%E8%8F%8A
http://www.baihuamen.com/d/file/2014/05-06/d72f4461c24b73128547bce35662c089.jpg	http://www.baihuamen.com/maoyejinguangju/
http://pic1.huashichang.com/2017/0311/22/58c4047c92f11_200_140.jpg	http://www.aihuhua.com/tu/jinguangju.html
http://www.pjcn.org/uploads/allimg/1611/1-161129222149320.jpg	http://www.pjcn.org/hg/2937/
https://www.huabaike.com/uploads/huatuku/20160607/5756901b39e2d.jpg	https://m.huabaike.com/jktu/372.html
https://b-ssl.duitang.com/uploads/item/201510/26/20151026212632_MaXTn.thumb.224_0.jpeg	https://www.duitang.com/blogs/tag/?name=%E9%BB%91%E5%BF%83%E9%87%91%E5%85%89%E8%8F%8A
https://gw.alicdn.com/bao/uploaded/i3/TB1qcunHpXXXXcNaXXXXXXXXXXX_!!0-item_pic.jpg_230x230.jpg	https://www.taobao.com/article/CcD0FODkCfF1BCBR.html
