
https://www.huabaike.com/uploads/allimg/sltimg/201601/56a08210511a5.jpg	https://www.huabaike.com/hyjk/1549.html
http://www.twword.com/uploads/wiki/ea/e9/643036_0.jpg	http://www.twword.com/wiki/%E8%99%8E%E5%88%BA%E6%A2%85
http://www.twword.com/uploads/wiki/ea/e9/643036_1.jpg	http://www.twword.com/wiki/%E8%99%8E%E5%88%BA%E6%A2%85
http://www.huajiang.cc/uploads/allimg/150227/145304O08_0.jpg	http://baike.huajiang.cc/dr/hucimei/
http://a3.att.hudong.com/72/80/01300326182207136572801292226_s.jpg	http://www.baike.com/wiki/%E8%99%8E%E5%88%BA%E6%A2%85
https://www.huabaike.com/uploads/allimg/sltimg/201702/bp_58ac0e0fbd79f.jpg	https://www.huabaike.com/mbzw/1537.html
http://dashulin.com/wp-content/uploads/2011/12/hucimei1.jpg	http://dashulin.com/hucimei/
https://www.huabaike.com/uploads/allimg/artimg/201601/20160121145632_61737.jpg	https://www.huabaike.com/hyjk/1549.html
http://img0.pchouse.com.cn/pchouse/baike/decorate/1408/hucimei.jpg	http://www.pchouse.com.cn/baike/shenghuo/2692/
https://www.huabaike.com/uploads/allimg/artimg/201702/20170221175437_15498.jpg	https://www.huabaike.com/jtyh/7258.html
http://www.huajiang.cc/uploads/140618/10-14061R10635647.jpg	http://baike.huajiang.cc/dr/hucimei/
http://dashulin.com/wp-content/uploads/2011/12/hucimei2.jpg	http://dashulin.com/hucimei/
http://www.yuhuagu.com/uploads/allimg/111107/11_111107212600_2.jpg	http://www.yuhuagu.com/renshi/2011/1107/1809.html
https://img.imynest.com/uploads/8/E0/8E0ECCF476.jpeg	https://www.imynest.com/content/25186.html
http://p.d1xz.net/2014/6/15/180454305430.jpg	http://www.d1xz.net/astro/huayu/art52847.aspx
http://image.sciencenet.cn/album/201102/20/100747wapr2wbnqkqameez.jpg	http://wap.sciencenet.cn/blogview.aspx?id=414722
http://img0.dreamhy.com/upload/20140708/0505474751.jpg	http://www.dreamhy.com/jingyan/detail-29010.aspx
http://pic.nipic.com/2007-11-30/2007113020480986_2.jpg	http://www.nipic.com/show/1/44/0d9fbc9ecbdb72b3.html
https://www.huabaike.com/uploads/allimg/artimg/201702/20170221175500_35331.jpg	https://www.huabaike.com/jtyh/7258.html
http://www.ew9z.com/wp-content/uploads/2010/02/euphorbia_milli_24.jpg	http://www.ew9z.com/qilinhua-hucimei-pinzhong.html
http://www.duorouyou.com/uploads/product/76/photo_1463327376.jpg	http://www.duorouyou.com/product-4ey5at.html
http://www.cnhua.net/uploads/allimg/100411/1_100411131239_1.jpg	http://www.cnhua.net/zhiwu/dajike/hucimei/7802.html
http://img.ivsky.com/img/tupian/pre/201408/21/hucimei-016.jpg	http://www.ivsky.com/tupian/hucimei_v23655/pic_461130.html
http://pic27.nipic.com/20130329/4224370_194357537000_2.jpg	http://www.nipic.com/show/1/44/7783105k37850872.html
http://pic26.nipic.com/20130106/11291564_144032551170_2.jpg	http://www.nipic.com/show/1/44/7378434k75ba1b85.html
http://www.baihuamen.com/d/file/2014/05-22/eda61d8065b6f603dc0ab12fd0b4ca23.jpg	http://www.baihuamen.com/hucimei/
https://i2.kknews.cc/large/5d90002e6dccd211c9a	https://kknews.cc/home/9rmn8.html
https://img.imynest.com/uploads/E/29/E299125D1E.jpeg	https://www.imynest.com/content/25186.html
http://www.huajiang.cc/uploads/160322/15-1603221J35W09.jpg	http://baike.huajiang.cc/dr/hucimei/
http://www.huacaoshumu.net/attached/tupian/H32/20150113-0.jpg	http://www.huacaoshumu.net/zhiwu/hucimei.php
http://www.fei123.com/upload/2015/06/23/3fa00103-b5b7-4741-8f3c-cdae39cf58a4.jpg	http://www.fei123.com/220000/218960.shtml
http://www.chinabaike.com/uploads/allimg/110221/06292Q1a-0.jpg	http://www.chinabaike.com/z/nong/zp/337856.html
http://img.007swz.com/cpimg/qiuleizhiwu/k9HnTJa9ym_1241998603.jpg	http://m.007swz.com/t/%BB%A2%B4%CC%C3%B7
http://yangzhiriji.com/wp-content/uploads/2015/05/hucimei2.jpg	http://www.yangzhiriji.com/714/
https://www.huabaike.com/uploads/allimg/sltimg/201601/56a081cb82499.jpg	https://www.huabaike.com/hyjk/1539.html
http://www.wbg.cas.cn/kxcb/mrhx/khzw/200911/W020091105493602810218.jpg	http://www.wbg.cas.cn/kxcb/mrhx/khzw/200911/t20091105_2648228.html
https://img.imynest.com/uploads/9/4F/94F5F31716.jpeg	https://www.imynest.com/content/27680.html
http://p2.pstatp.com/large/219000600985fc54032	http://www.ezhongzi.cn/baike/512/1/1353.html
http://s10.sinaimg.cn/middle/66019f9eha7daf7d9c9f9&690	http://blog.sina.com.cn/s/blog_66019f9e0102dqvu.html
http://img01.hua.com/uploadpic/images/201512111616201425967.jpg	http://www.hua.com/huayu/13696.html
https://gw.alicdn.com/bao/uploaded/i3/TB1OQL0KVXXXXb0XpXXXXXXXXXX_!!0-item_pic.jpg_230x230.jpg	https://www.taobao.com/oshtml/buy-cn/cp_0KG7qLuitMzDt7qjzMQ.html
http://s7.sinaimg.cn/middle/66019f9eha7daf8af5726&690	http://blog.sina.com.cn/s/blog_66019f9e0102dqvu.html
http://map1.zw3e.com:8080/zw_news_map/550/2014101/1412672533312489928.jpg	http://wap.yunmencraft.com/index.php/wap/tiehaitang/3740.html
http://www.38fan.com/uploads/allimg/160301/51_160301173157_1.png	http://www.38fan.com/zhiwu/20160301138929.html
http://www.52yhua.com/uploads/allimg/150929/1-150929220241.jpg	http://www.52yhua.com/duojiangtp/132.html
http://www.iyanghua.com/f/hucimei/20131111224342_2.jpg	http://www.iyanghua.com/f/hucimei/
http://www.yuhuagu.com/uploads/allimg/131031/10_131031201359_1.JPG	http://www.yuhuagu.com/zhuangshi/2013/1031/9662.html
http://img.mp.itc.cn/upload/20170418/5e8b4b518feb403c8606338f8cd960a6_th.jpg	http://www.sohu.com/a/134740881_632421
http://www.yuhuagu.com/uploads/allimg/151021/43_151021134435_1.jpg	http://www.yuhuagu.com/jiating/2015/1021/12601.html
http://tc.sinaimg.cn/maxwidth.2048/tc.service.weibo.com/p/mmbiz_qpic_cn/5b1029a6ff49452a830f2498e8b0d3fd.jpg	http://www.guokr.com/post/710744/focus/1023708141/
https://i1.kknews.cc/large/cfe000702c6aa23e864	https://kknews.cc/agriculture/m66q8p.html
https://www.huabaike.com/uploads/allimg/sltimg/201601/56a0435c1af48.jpg	https://www.huabaike.com/mbzw/1537.html
http://www.yuhuagu.com/uploads/allimg/110301/1_110301145311_1.jpg	http://www.yuhuagu.com/jiating/2011/0301/1262.html
http://map1.zw3e.com:8080/zw_news_map/550/2017011/1483944842222145096.png	http://www.zw3e.com/209/e11147.html
https://gss2.bdstatic.com/-fo3dSag_xI4khGkpoWK1HF6hhy/baike/s%3D220/sign=031d58a8e0dde711e3d244f497eecef4/960a304e251f95ca07b77a1bcc177f3e660952d9.jpg	https://baike.baidu.com/item/%E8%99%8E%E5%88%BA%E6%A2%85
https://www.huabaike.com/uploads/allimg/artimg/201702/20170228163806_76890.jpg	https://www.huabaike.com/jtyh/7423.html
http://img1.wutuojia.com/cms/articleDetail/20160126/144838_538198_sy70c40fb28.jpg	http://www.wutuojia.com/zixun/article/7811.html
http://www.yunzhonglai.com/uploadfile/2015/0228/20150228034513672.jpg	http://www.yunzhonglai.com/show-105-140-1.html
http://img14.3lian.com/201605/07/d0daebf93ce88ea5ff911dbc2005c231.jpg	http://www.3lian.com/zl/2016/05-07/1462601691443105.html
http://www.ew9z.com/wp-content/uploads/2010/02/euphorbia_milli_19.jpg	http://www.ew9z.com/qinlinhua-hucimei-tedian.html
https://www.huabaike.com/uploads/allimg/artimg/201601/20160121105024_24067.jpg	https://www.huabaike.com/yhjq/1542.html
http://www.yuhuagu.com/uploads/allimg/140707/43_140707141134_1.jpg	http://www.yuhuagu.com/changshi/2014/0707/10969.html
https://gss0.bdstatic.com/-4o3dSag_xI4khGkpoWK1HF6hhy/baike/s%3D220/sign=7cc19c7151e736d15c138b0aab514ffc/bd3eb13533fa828b62d14f4ef81f4134960a5aa9.jpg	https://baike.baidu.com/item/%E8%99%8E%E5%88%BA%E6%A2%85
https://www.huabaike.com/uploads/allimg/sltimg/201601/bp_56a0450bec694.jpg	https://www.huabaike.com/mbzw/1537.html
http://img01.hua.com/uploadpic/images/20161111831535727115.jpg	http://www.hua.com/huayu/14056.html
http://www.ichong123.com/files/2017/4/1/238/1.jpg	http://www.ichong123.com/news/86238.html
http://img.timetw.com/duorou/34648_080514pu4uo6unvrs33u38.jpg	http://duorou.timetw.com/1378.html
http://www.iyanghua.com/f/hucimei/20131111224457_2.jpg	http://www.iyanghua.com/f/hucimei/
http://1841.img.pp.sohu.com.cn/images/blog/2009/9/5/11/1/124363dcfedg214.jpg	http://huaweng-0354.blog.sohu.com/131154198.html
http://hua-img.fengqiaoju.com/tupian2014/201405/tupian2014-5376c99a2649e61_500_500.jpg	http://huahui.fengqiaoju.com/huahui-zixun/hucimeizhiai/
http://read.html5.qq.com/image?src=forum&q=5&r=0&imgflag=7&imageUrl=http://mmbiz.qpic.cn/mmbiz/icZklJrRfHgAubyEzq2HoZhGKDMKeY0U5LYv8cTibDGAtdy8wFvxciaeLQZCOOibKAAyZUfdicWc8AQZRcBbWlOpWkQ/0?wx_fmt=jpeg	http://www.gegugu.com/2015/12/04/4580.html
http://a4.att.hudong.com/51/95/28300309316150149750955735482_s.jpg	http://www.baike.com/wiki/%E8%99%8E%E5%88%BA%E6%A2%85
http://tc.sinaimg.cn/maxwidth.2048/tc.service.weibo.com/p/mmbiz_qpic_cn/a50f39d466e98c66905c638ca6af57a9.jpg	http://www.guokr.com/post/710744/focus/1023708141/
http://www.gdyuanlin.cn/miaomuimages/%E8%99%8E%E5%88%BA%E6%A2%85.jpg	http://www.gdyuanlin.cn/wikipedia/16637791.html
https://cbu01.alicdn.com/img/ibank/2017/330/123/4003321033_220144737.310x310.jpg	https://www.1688.com/pic/-BBA2B4CCC3B7C5E8D4D4.html
https://www.huabaike.com/uploads/allimg/sltimg/201601/bp_56a082820e384.jpg	https://www.huabaike.com/hyjk/1549.html
http://gate.sinovision.net:82/gate/big5/cdnwww.sinovision.net/data/attachment/album/201310/01/1648380wwptjdt02qwzg90.jpg	http://gate.sinovision.net:82/gate/big5/blog.sinovision.net/space/do/blog/uid/30435/id/210886.html
http://img0.pchouse.com.cn/pchouse/1407/30/786691_0uz30s46xee_6kw.jpg	http://www.pchouse.com.cn/baike/shenghuo/2692/
http://pic13.nipic.com/20110328/6818794_192103302196_2.jpg	http://www.nipic.com/show/4397667.html
http://s11.sinaimg.cn/middle/66019f9eha7daf82600da&690	http://blog.sina.com.cn/s/blog_66019f9e0102dqvu.html
http://pic88.nipic.com/file/20160117/22298602_085505616000_2.jpg	http://www.nipic.com/show/14064843.html
http://upload-images.jianshu.io/upload_images/5287290-c8dfb477d6c1f2d8.png?imageMogr2/auto-orient/strip%7CimageView2/2/w/1240	http://www.jianshu.com/p/040c01936489
https://1.bp.blogspot.com/-bFAezwJbvCY/VydP19J1v3I/AAAAAAAABWk/_D4MaXEAIEAX-rblJTlDU82tlpomJ6VUwCLcB/s1600/%25E8%2599%258E%25E5%2588%25BA%25E6%25A2%2585_%25E9%25BA%2592%25E9%25BA%259F%25E8%258A%25B1_%25E9%2590%25B5%25E6%25B5%25B7%25E6%25A3%25A0_%25E8%2590%25AC%25E5%25B9%25B4%25E5%2588%25BA_Euphorbia_milii_%25E7%25B4%2585%25E8%2589%25B2%25E8%258A%25B1_%25E6%2598%25A5%25E5%25A4%25A9%25E8%258A%25B1_4.jpg	http://hkflower.blogspot.com/2016/05/blog-post_88.html
https://i1.kknews.cc/large/2540003dc13607adc4d	https://kknews.cc/zh-cn/travel/96epgl.html
http://www.wed114.cn/jiehun/uploads/allimg/160713/54_160713174132_1.jpg	http://www.wed114.cn/jiehun/zhiwu/20160713149578.html
http://pic.tugou.com/baike/1460873603_2901381.jpeg	http://www.tugou.com/baike/1129.html
https://www.huabaike.com/uploads/allimg/sltimg/201601/56a0835a50dbd.jpg	https://www.huabaike.com/jtyh/1553.html
http://img.walltu.com/d/file/hengtu/2016-12-24/1482475281bKPw.jpg	http://www.walltu.com/tags/%E8%99%8E%E5%88%BA%E6%A2%85
https://upload.wikimedia.org/wikipedia/commons/thumb/0/07/%E8%99%8E%E5%88%BA%E6%A2%85.jpg/220px-%E8%99%8E%E5%88%BA%E6%A2%85.jpg	https://zh.wikipedia.org/wiki/%E8%99%8E%E5%88%BA%E6%A2%85
http://202.91.231.136/frontuserfiles/%E7%A7%8B%E4%B9%8B%E6%9E%AB%E5%8F%B6/image/%E8%99%8E%E5%88%BA%E6%A2%85-01.jpg	http://202.91.231.136/articles12/168856.html
http://a1.att.hudong.com/38/95/28300309316150149750954895731_s.jpg	http://www.baike.com/wiki/%E8%99%8E%E5%88%BA%E6%A2%85
https://upload.wikimedia.org/wikipedia/commons/thumb/7/77/Euphorbia_Milii_flowers.jpg/220px-Euphorbia_Milii_flowers.jpg	https://zh.wikipedia.org/wiki/%E8%99%8E%E5%88%BA%E6%A2%85
https://www.huabaike.com/uploads/allimg/sltimg/201601/bp_56a04746ef243.jpg	https://www.huabaike.com/hyjk/1549.html
http://img1.wutuojia.com/cms/articleDetail/20160126/144830_412435_sy70c40fb28.jpg	http://www.wutuojia.com/zixun/article/7811.html
http://m.cnpenjing.com/uploads/allimg/160414/1-160414152532N9.jpg	http://m.cnpenjing.com/huahui/huahuitupian/13591.html
http://pic40.nipic.com/20140411/2889686_215134163000_2.jpg	http://www.nipic.com/show/10110427.html
http://www.zhiwutong.com/tu/yanghua/%E8%99%8E%E5%88%BA%E6%A2%851.jpg	http://www.zhiwutong.com/gardens/09-28/9269.htm
http://img0.pchouse.com.cn/pchouse/1410/20/879977_11.jpg	http://www.pchouse.com.cn/baike/shenghuo/2692/
https://www.huabaike.com/uploads/allimg/artimg/201601/20160121103354_78354.jpg	https://www.huabaike.com/jtyh/1538.html
http://www.38fan.com/uploads/allimg/170502/51-1F5021100270-L.png	http://www.38fan.com/z100212.html
