
https://gss2.bdstatic.com/-fo3dSag_xI4khGkpoWK1HF6hhy/baike/c0%3Dbaike92%2C5%2C5%2C92%2C30/sign=2035a1a7bb014a9095334eefc81e5277/64380cd7912397dd9f6686115b82b2b7d0a28783.jpg
https://gss0.bdstatic.com/-4o3dSag_xI4khGkpoWK1HF6hhy/baike/c0%3Dbaike80%2C5%2C5%2C80%2C26/sign=2dcc164857fbb2fb202650402e234bc1/8cb1cb1349540923a9767d6b9058d109b3de4983.jpg
https://gss1.bdstatic.com/-vo3dSag_xI4khGkpoWK1HF6hhy/baike/c0%3Dbaike80%2C5%2C5%2C80%2C26/sign=c32b6013aeaf2eddc0fc41bbec796a8c/aa18972bd40735fa53ef50ac9c510fb30f240883.jpg
https://gss0.bdstatic.com/94o3dSag_xI4khGkpoWK1HF6hhy/baike/c0%3Dbaike80%2C5%2C5%2C80%2C26/sign=dd75beefd3c8a786aa27425c0660a258/03087bf40ad162d90ab97c0913dfa9ec8a13cd54.jpg
https://gss1.bdstatic.com/9vo3dSag_xI4khGkpoWK1HF6hhy/baike/c0%3Dbaike80%2C5%2C5%2C80%2C26/sign=8ca51df6d739b60059c307e588395e4f/d000baa1cd11728bde7b9237cafcc3cec3fd2c54.jpg
https://gss3.bdstatic.com/7Po3dSag_xI4khGkpoWK1HF6hhy/baike/c0%3Dbaike80%2C5%2C5%2C80%2C26/sign=527dd6dfad51f3ded7bfb136f5879b7a/78310a55b319ebc4782e688c8026cffc1e171654.jpg
https://gss0.bdstatic.com/-4o3dSag_xI4khGkpoWK1HF6hhy/baike/c0%3Dbaike80%2C5%2C5%2C80%2C26/sign=d5249184cf11728b24208470a995a8ab/908fa0ec08fa513d22b372cb3f6d55fbb2fbd98d.jpg
https://gss2.bdstatic.com/-fo3dSag_xI4khGkpoWK1HF6hhy/baike/c0%3Dbaike80%2C5%2C5%2C80%2C26/sign=d1ba0c5a9c2f07084b082252884dd3fc/55e736d12f2eb938cd3c64e7d7628535e5dd6f55.jpg
https://gss3.bdstatic.com/7Po3dSag_xI4khGkpoWK1HF6hhy/baike/c0%3Dbaike92%2C5%2C5%2C92%2C30/sign=cc2fd0d7b0119313d34ef7e2045167b2/c9fcc3cec3fdfc030d29fdadd63f8794a4c22655.jpg
https://gss1.bdstatic.com/-vo3dSag_xI4khGkpoWK1HF6hhy/baike/c0%3Dbaike80%2C5%2C5%2C80%2C26/sign=f405acf3257f9e2f6438155a7e598241/7aec54e736d12f2eecb6b0754dc2d56285356877.jpg
https://gss1.bdstatic.com/9vo3dSag_xI4khGkpoWK1HF6hhy/baike/c0%3Dbaike80%2C5%2C5%2C80%2C26/sign=ccb627f2932397ddc274905638ebd9d2/d31b0ef41bd5ad6e744a7aff83cb39dbb6fd3c77.jpg
https://gss0.bdstatic.com/94o3dSag_xI4khGkpoWK1HF6hhy/baike/c0%3Dbaike80%2C5%2C5%2C80%2C26/sign=f5accbdb9b25bc313f5009ca3fb6e6d4/8b82b9014a90f603abd482523b12b31bb051edbb.jpg
https://gss2.bdstatic.com/9fo3dSag_xI4khGkpoWK1HF6hhy/baike/c0%3Dbaike80%2C5%2C5%2C80%2C26/sign=f9419b74fa198618554ae7d62b844516/77094b36acaf2edde99657fc8f1001e9390193bb.jpg
https://gss0.bdstatic.com/-4o3dSag_xI4khGkpoWK1HF6hhy/baike/c0%3Dbaike80%2C5%2C5%2C80%2C26/sign=5fa899349113b07ea9b0585a6dbefa46/d788d43f8794a4c2d944f93e0cf41bd5ad6e39bb.jpg
https://gss3.bdstatic.com/-Po3dSag_xI4khGkpoWK1HF6hhy/baike/c0%3Dbaike92%2C5%2C5%2C92%2C30/sign=128b803d952bd40756cadbaf1ae0f534/bf096b63f6246b60179cac61e9f81a4c510fa210.jpg
https://gss0.bdstatic.com/-4o3dSag_xI4khGkpoWK1HF6hhy/baike/c0%3Dbaike80%2C5%2C5%2C80%2C26/sign=cf7d8041014f78f0940692a118586130/e850352ac65c103867d3d0d7b0119313b07e8971.jpg
https://gss0.bdstatic.com/94o3dSag_xI4khGkpoWK1HF6hhy/baike/c0%3Dbaike80%2C5%2C5%2C80%2C26/sign=d07c23df533d26973ade000f3492d99e/bd315c6034a85edffd21e0364b540923dd547571.jpg
https://gss1.bdstatic.com/9vo3dSag_xI4khGkpoWK1HF6hhy/baike/c0%3Dbaike92%2C5%2C5%2C92%2C30/sign=f048971bb33533fae1bb9b7cc9ba967a/8601a18b87d6277f77bf2c2d2a381f30e924fc72.jpg
https://gss2.bdstatic.com/-fo3dSag_xI4khGkpoWK1HF6hhy/baike/c0%3Dbaike80%2C5%2C5%2C80%2C26/sign=234b99de41166d222c7a1dc6274a6292/48540923dd54564ee4e8fa2cb1de9c82d1584f11.jpg
https://gss3.bdstatic.com/-Po3dSag_xI4khGkpoWK1HF6hhy/baike/c0%3Dbaike92%2C5%2C5%2C92%2C30/sign=91427c0913dfa9ece9235e4503b99c66/cf1b9d16fdfaaf51904f9faa8e5494eef01f7a72.jpg

https://gss2.bdstatic.com/9fo3dSag_xI4khGkpoWK1HF6hhy/baike/c0%3Dbaike92%2C5%2C5%2C92%2C30/sign=55d556aa242dd42a4b0409f9625230d0/314e251f95cad1c82579ffe47e3e6709c83d5136.jpg
https://gss0.bdstatic.com/94o3dSag_xI4khGkpoWK1HF6hhy/baike/c0%3Dbaike80%2C5%2C5%2C80%2C26/sign=00eae6f3bba1cd1111bb7a72d87ba399/f603918fa0ec08faa90b116458ee3d6d54fbdaee.jpg
https://gss2.bdstatic.com/9fo3dSag_xI4khGkpoWK1HF6hhy/baike/c0%3Dbaike92%2C5%2C5%2C92%2C30/sign=4be89e1f8b13632701e0ca61f0e6cb89/fcfaaf51f3deb48fd663a31df11f3a292cf578ee.jpg
https://gss3.bdstatic.com/-Po3dSag_xI4khGkpoWK1HF6hhy/baike/c0%3Dbaike92%2C5%2C5%2C92%2C30/sign=52398bc25d6034a83defb0d3aa7a2231/cefc1e178a82b901818cc1f0728da9773812efd4.jpg
https://gss2.bdstatic.com/-fo3dSag_xI4khGkpoWK1HF6hhy/baike/c0%3Dbaike92%2C5%2C5%2C92%2C30/sign=52bdc7ec3b292df583cea447dd583705/b219ebc4b74543a94475f80f1f178a82b8011482.jpg
https://gss3.bdstatic.com/7Po3dSag_xI4khGkpoWK1HF6hhy/baike/c0%3Dbaike92%2C5%2C5%2C92%2C30/sign=c156447ea8773912d02b8d339970ed7d/a044ad345982b2b7e7f73b0730adcbef77099b8c.jpg
https://gss1.bdstatic.com/-vo3dSag_xI4khGkpoWK1HF6hhy/baike/c0%3Dbaike92%2C5%2C5%2C92%2C30/sign=3b3b0d003b87e950561afb3e71513826/f9dcd100baa1cd11ffb070e3b812c8fcc2ce2dea.jpg
https://gss0.bdstatic.com/94o3dSag_xI4khGkpoWK1HF6hhy/baike/c0%3Dbaike92%2C5%2C5%2C92%2C30/sign=f189971f09fa513d45a7648c5c043e9e/f11f3a292df5e0fef9238bc25d6034a85edf723d.jpg
https://gss3.bdstatic.com/-Po3dSag_xI4khGkpoWK1HF6hhy/baike/c0%3Dbaike80%2C5%2C5%2C80%2C26/sign=c5285c90f7246b606f03ba268a917129/838ba61ea8d3fd1f3a15a0f9314e251f94ca5fd0.jpg
https://gss3.bdstatic.com/7Po3dSag_xI4khGkpoWK1HF6hhy/baike/c0%3Dbaike92%2C5%2C5%2C92%2C30/sign=843c6c46c8ea15ce55e3e85bd7695196/7e3e6709c93d70cfbcc0a8cef9dcd100baa12b3e.jpg

https://gss0.bdstatic.com/-4o3dSag_xI4khGkpoWK1HF6hhy/baike/c0%3Dbaike80%2C5%2C5%2C80%2C26/sign=6d8c446558ee3d6d36cb8f99227f0647/35a85edf8db1cb1375e56bd1dc54564e93584b67.jpg
https://gss3.bdstatic.com/7Po3dSag_xI4khGkpoWK1HF6hhy/baike/c0%3Dbaike80%2C5%2C5%2C80%2C26/sign=44f70bedfe03918fc3dc359830544df2/3b292df5e0fe99259be1355d3da85edf8cb171c9.jpg

https://gss2.bdstatic.com/9fo3dSag_xI4khGkpoWK1HF6hhy/baike/c0%3Dbaike116%2C5%2C5%2C116%2C38/sign=2dcb943078310a55d029d6a6d62c28cc/8601a18b87d6277f44d23cfb29381f30e824fc35.jpg
https://gss0.bdstatic.com/94o3dSag_xI4khGkpoWK1HF6hhy/baike/c0%3Dbaike80%2C5%2C5%2C80%2C26/sign=f93b8944d1a20cf4529df68d17602053/80cb39dbb6fd526670af32d7aa18972bd5073668.jpg
https://gss0.bdstatic.com/-4o3dSag_xI4khGkpoWK1HF6hhy/baike/c0%3Dbaike80%2C5%2C5%2C80%2C26/sign=35138d0e5366d0166a14967af642bf62/bf096b63f6246b6000fbbcb7eaf81a4c500fa27f.jpg
https://gss2.bdstatic.com/-fo3dSag_xI4khGkpoWK1HF6hhy/baike/c0%3Dbaike150%2C5%2C5%2C150%2C50/sign=f0e8b171b8014a9095334eefc81e5277/562c11dfa9ec8a138dd85923f603918fa1ecc037.jpg
https://gss1.bdstatic.com/-vo3dSag_xI4khGkpoWK1HF6hhy/baike/c0%3Dbaike80%2C5%2C5%2C80%2C26/sign=4758edfab2de9c82b268f1dd0de8eb6f/4bed2e738bd4b31c52019d7886d6277f9e2ff830.jpg
https://gss3.bdstatic.com/-Po3dSag_xI4khGkpoWK1HF6hhy/baike/c0%3Dbaike80%2C5%2C5%2C80%2C26/sign=63f624c3e824b899ca31716a0f6f76f0/9a504fc2d5628535ae13dce291ef76c6a6ef6305.jpg
https://gss1.bdstatic.com/-vo3dSag_xI4khGkpoWK1HF6hhy/baike/c0%3Dbaike92%2C5%2C5%2C92%2C30/sign=aae55baa242dd42a4b0409f9625230d0/314e251f95cad1c8da49f2e47e3e6709c83d5106.jpg
https://gss1.bdstatic.com/-vo3dSag_xI4khGkpoWK1HF6hhy/baike/c0%3Dbaike116%2C5%2C5%2C116%2C38/sign=dc19a7a34ec2d562e605d8bf8678fb8a/ca1349540923dd54336faeabd009b3de9d8248d0.jpg
https://gss2.bdstatic.com/-fo3dSag_xI4khGkpoWK1HF6hhy/baike/c0%3Dbaike92%2C5%2C5%2C92%2C30/sign=c702e1a7574e9258b2398ebcfdebba3d/3812b31bb051f81948390a89dbb44aed2f73e7d1.jpg
https://gss3.bdstatic.com/7Po3dSag_xI4khGkpoWK1HF6hhy/baike/c0%3Dbaike92%2C5%2C5%2C92%2C30/sign=6fea24c3e824b899ca31716a0f6f76f0/55e736d12f2eb938dc827431d4628535e4dd6f01.jpg

https://gss1.bdstatic.com/9vo3dSag_xI4khGkpoWK1HF6hhy/baike/c0%3Dbaike116%2C5%2C5%2C116%2C38/sign=561a795a8326cffc7d27b7e0d86821f5/29381f30e924b899485e76fb6f061d950b7bf697.jpg
https://gss2.bdstatic.com/-fo3dSag_xI4khGkpoWK1HF6hhy/baike/c0%3Dbaike92%2C5%2C5%2C92%2C30/sign=43c495a2f2deb48fef64a98c9176514c/79f0f736afc37931b46b89eaeac4b74542a911f5.jpg
https://gss3.bdstatic.com/-Po3dSag_xI4khGkpoWK1HF6hhy/baike/c0%3Dbaike92%2C5%2C5%2C92%2C30/sign=b1b30074e850352aa56c2d5a322a9097/d000baa1cd11728bcc5083e1c9fcc3cec2fd2cf7.jpg
https://gss2.bdstatic.com/9fo3dSag_xI4khGkpoWK1HF6hhy/baike/c0%3Dbaike116%2C5%2C5%2C116%2C38/sign=a270cdc5aec3793169658e7b8aaddc20/b21c8701a18b87d6fdffa4dc060828381e30fdb0.jpg
https://gss2.bdstatic.com/-fo3dSag_xI4khGkpoWK1HF6hhy/baike/c0%3Dbaike116%2C5%2C5%2C116%2C38/sign=d4da89eaeac4b7452099bf44ae957572/267f9e2f07082838c1bfd3d7b999a9014d08f147.jpg
https://gss3.bdstatic.com/-Po3dSag_xI4khGkpoWK1HF6hhy/baike/c0%3Dbaike116%2C5%2C5%2C116%2C38/sign=488273a70823dd54357eaf3ab060d8bb/c8177f3e6709c93df35e01349e3df8dcd0005440.jpg
https://gss2.bdstatic.com/-fo3dSag_xI4khGkpoWK1HF6hhy/baike/c0%3Dbaike116%2C5%2C5%2C116%2C38/sign=c25b669335a85edfee81f671283d6246/314e251f95cad1c8d9ecf3e47e3e6709c83d5199.jpg
https://gss0.bdstatic.com/-4o3dSag_xI4khGkpoWK1HF6hhy/baike/c0%3Dbaike116%2C5%2C5%2C116%2C38/sign=8e33e3c0c995d143ce7bec711299e967/4b90f603738da977f58689e8b151f8198718e34c.jpg
https://gss0.bdstatic.com/94o3dSag_xI4khGkpoWK1HF6hhy/baike/c0%3Dbaike116%2C5%2C5%2C116%2C38/sign=89b586cdb03533fae1bb9b7cc9ba967a/b812c8fcc3cec3fd6c6ea8b6d788d43f869427a4.jpg
https://gss1.bdstatic.com/9vo3dSag_xI4khGkpoWK1HF6hhy/baike/c0%3Dbaike80%2C5%2C5%2C80%2C26/sign=e9ee48fd0df3d7ca18fb37249376d56c/cdbf6c81800a19d8cdf28bc632fa828ba71e467b.jpg

https://gss1.bdstatic.com/9vo3dSag_xI4khGkpoWK1HF6hhy/baike/c0%3Dbaike92%2C5%2C5%2C92%2C30/sign=200d8152cc11728b24208470a995a8ab/8b13632762d0f70360829b1f09fa513d2797c5c5.jpg
https://gss0.bdstatic.com/94o3dSag_xI4khGkpoWK1HF6hhy/baike/c0%3Dbaike80%2C5%2C5%2C80%2C26/sign=6f47a5dc060828387c00d446d9f0c264/37d12f2eb9389b5007faee918435e5dde6116eef.jpg
https://gss2.bdstatic.com/-fo3dSag_xI4khGkpoWK1HF6hhy/baike/c0%3Dbaike80%2C5%2C5%2C80%2C26/sign=5b4a6e08b3fb43160e12722841cd2d46/ca1349540923dd543069a9abd009b3de9d8248de.jpg
https://gss2.bdstatic.com/9fo3dSag_xI4khGkpoWK1HF6hhy/baike/c0%3Dbaike80%2C5%2C5%2C80%2C26/sign=78959ffc4afbfbedc8543e2d19999c53/b7003af33a87e9501710fdaf11385343faf2b4e9.jpg
https://gss2.bdstatic.com/9fo3dSag_xI4khGkpoWK1HF6hhy/baike/c0%3Dbaike80%2C5%2C5%2C80%2C26/sign=7ec9ec397acb0a46912f836b0a0a9d41/810a19d8bc3eb13541c0b978a71ea8d3fc1f44e9.jpg
https://gss1.bdstatic.com/-vo3dSag_xI4khGkpoWK1HF6hhy/baike/c0%3Dbaike80%2C5%2C5%2C80%2C26/sign=acd302f2203fb80e18dc698557b8444b/0eb30f2442a7d93365afeab0ac4bd11372f001e9.jpg
https://gss2.bdstatic.com/9fo3dSag_xI4khGkpoWK1HF6hhy/baike/c0%3Dbaike80%2C5%2C5%2C80%2C26/sign=7ff0ea3ba686c9171c0e5a6ba8541baa/7af40ad162d9f2d3bd162a2ca8ec8a136227ccea.jpg
https://gss1.bdstatic.com/-vo3dSag_xI4khGkpoWK1HF6hhy/baike/c0%3Dbaike116%2C5%2C5%2C116%2C38/sign=c1b4b7a795eef01f591910978197f240/b03533fa828ba61edde8c6ec4034970a314e59ea.jpg
https://gss3.bdstatic.com/-Po3dSag_xI4khGkpoWK1HF6hhy/baike/c0%3Dbaike80%2C5%2C5%2C80%2C26/sign=d7e5b6e300e93901420f856c1a853f82/7a899e510fb30f24e99be2c0c995d143ac4b03eb.jpg
https://gss1.bdstatic.com/9vo3dSag_xI4khGkpoWK1HF6hhy/baike/c0%3Dbaike80%2C5%2C5%2C80%2C26/sign=e4c8db0d9825bc313f5009ca3fb6e6d4/8b82b9014a90f603bab092843812b31bb151edf5.jpg
https://gss2.bdstatic.com/-fo3dSag_xI4khGkpoWK1HF6hhy/baike/c0%3Dbaike80%2C5%2C5%2C80%2C26/sign=973f1accb90e7bec37d70bb34e47d25d/0e2442a7d933c8957f7d96b8d01373f0830200f5.jpg
https://gss2.bdstatic.com/-fo3dSag_xI4khGkpoWK1HF6hhy/baike/c0%3Dbaike92%2C5%2C5%2C92%2C30/sign=62b3ec397acb0a46912f836b0a0a9d41/9d82d158ccbf6c81ee4a222bbd3eb13532fa40f7.jpg
