
https://gss0.bdstatic.com/94o3dSag_xI4khGkpoWK1HF6hhy/baike/c0%3Dbaike92%2C5%2C5%2C92%2C30/sign=42efec0eb2de9c82b268f1dd0de8eb6f/f9198618367adab49a5a13748ad4b31c8701e47b.jpg
https://gss2.bdstatic.com/9fo3dSag_xI4khGkpoWK1HF6hhy/baike/c0%3Dbaike92%2C5%2C5%2C92%2C30/sign=5a6bca31aec3793169658e7b8aaddc20/3b87e950352ac65c32a36e44faf2b21193138a66.jpg
https://gss0.bdstatic.com/94o3dSag_xI4khGkpoWK1HF6hhy/baike/c0%3Dbaike92%2C5%2C5%2C92%2C30/sign=be830b7ddbb44aed4d43b6b6d275ec64/caef76094b36acaf16469ecb7dd98d1001e99c66.jpg
https://gss3.bdstatic.com/7Po3dSag_xI4khGkpoWK1HF6hhy/baike/c0%3Dbaike92%2C5%2C5%2C92%2C30/sign=e975468e9f510fb36c147fc5b85aa3f0/8644ebf81a4c510fd641ea2d6159252dd42aa57b.jpg
https://gss0.bdstatic.com/94o3dSag_xI4khGkpoWK1HF6hhy/baike/c0%3Dbaike92%2C5%2C5%2C92%2C30/sign=7a28cb04728da9775a228e79d138937c/96dda144ad345982820feda50df431adcbef847b.jpg
https://gss2.bdstatic.com/9fo3dSag_xI4khGkpoWK1HF6hhy/baike/c0%3Dbaike92%2C5%2C5%2C92%2C30/sign=d92ef4ed14ce36d3b6098b625b9a51e2/6609c93d70cf3bc71da6c5dbd000baa1cd112a66.jpg
https://gss0.bdstatic.com/94o3dSag_xI4khGkpoWK1HF6hhy/baike/c0%3Dbaike92%2C5%2C5%2C92%2C30/sign=2bcb72c5d462853586edda73f1861da3/d043ad4bd11373f0329967a8a50f4bfbfbed0466.jpg
https://gss0.bdstatic.com/94o3dSag_xI4khGkpoWK1HF6hhy/baike/c0%3Dbaike92%2C5%2C5%2C92%2C30/sign=39fc90335882b2b7b392319650c4a08a/d31b0ef41bd5ad6e457c6cdd80cb39dbb6fd3c7b.jpg
https://gss2.bdstatic.com/-fo3dSag_xI4khGkpoWK1HF6hhy/baike/c0%3Dbaike92%2C5%2C5%2C92%2C30/sign=411df4107e3e6709aa0d4dad5aaef458/0b7b02087bf40ad18442cfd4562c11dfa9ecce67.jpg

https://gss1.bdstatic.com/-vo3dSag_xI4khGkpoWK1HF6hhy/baike/c0%3Dbaike80%2C5%2C5%2C80%2C26/sign=ee6bf4419645d688b70fbaf6c5ab167b/b3fb43166d224f4a0d324e610df790529822d11c.jpg
https://gss2.bdstatic.com/-fo3dSag_xI4khGkpoWK1HF6hhy/baike/crop%3D0%2C0%2C1022%2C678%3Bc0%3Dbaike116%2C5%2C5%2C116%2C38/sign=9b81648f9258d109d0acf3f2ec68e08f/4a36acaf2edda3cc3a0cbfd101e93901203f9252.jpg
https://gss1.bdstatic.com/9vo3dSag_xI4khGkpoWK1HF6hhy/baike/c0%3Dbaike92%2C5%2C5%2C92%2C30/sign=216c5369d72a283457ab3e593adca28f/241f95cad1c8a7868822097a6409c93d70cf50bd.jpg
https://gss1.bdstatic.com/9vo3dSag_xI4khGkpoWK1HF6hhy/baike/c0%3Dbaike116%2C5%2C5%2C116%2C38/sign=02252bf1caea15ce55e3e85bd7695196/0df431adcbef76094a28dceb2ddda3cc7cd99ea6.jpg
https://gss0.bdstatic.com/-4o3dSag_xI4khGkpoWK1HF6hhy/baike/c0%3Dbaike60%2C5%2C5%2C60%2C20/sign=3f07c26a2ddda3cc1fe9b07260805264/34fae6cd7b899e517b8261e141a7d933c8950d32.jpg
https://gss0.bdstatic.com/94o3dSag_xI4khGkpoWK1HF6hhy/baike/c0%3Dbaike60%2C5%2C5%2C60%2C20/sign=77fbb9c236fae6cd18b9a3336eda6441/500fd9f9d72a6059c5fdb9ef2b34349b023bba52.jpg

https://gss1.bdstatic.com/9vo3dSag_xI4khGkpoWK1HF6hhy/baike/c0%3Dbaike92%2C5%2C5%2C92%2C30/sign=77a3a011fcfaaf5190ee89eded3dff8b/aa64034f78f0f736167b44360b55b319ebc4137b.jpg

https://gss3.bdstatic.com/7Po3dSag_xI4khGkpoWK1HF6hhy/baike/c0%3Dbaike92%2C5%2C5%2C92%2C30/sign=b1616f61d1160924c828aa49b56e5e9f/7acb0a46f21fbe096cffcb236a600c338744ad67.jpg
https://gss3.bdstatic.com/-Po3dSag_xI4khGkpoWK1HF6hhy/baike/c0%3Dbaike92%2C5%2C5%2C92%2C30/sign=999e67a8a50f4bfb98dd960662261395/5ab5c9ea15ce36d3cea58b073bf33a87e950b167.jpg

https://gss0.bdstatic.com/-4o3dSag_xI4khGkpoWK1HF6hhy/baike/c0%3Dbaike92%2C5%2C5%2C92%2C30/sign=d77fa23af9dcd100d991f07313e22c75/562c11dfa9ec8a138f9f5fd7f603918fa0ecc004.jpg
https://gss1.bdstatic.com/-vo3dSag_xI4khGkpoWK1HF6hhy/baike/c0%3Dbaike92%2C5%2C5%2C92%2C30/sign=597a4019d31b0ef478e5900cbcad3abf/6c224f4a20a44623f44fad559922720e0cf3d704.jpg
https://gss2.bdstatic.com/-fo3dSag_xI4khGkpoWK1HF6hhy/baike/c0%3Dbaike92%2C5%2C5%2C92%2C30/sign=3b43dbca7a899e516c83324623ceb256/0d338744ebf81a4c5fb6e4fed62a6059252da604.jpg
https://gss3.bdstatic.com/7Po3dSag_xI4khGkpoWK1HF6hhy/baike/c0%3Dbaike92%2C5%2C5%2C92%2C30/sign=9c64274b500fd9f9b41a5d3b4444bf4f/a9d3fd1f4134970a47d2181894cad1c8a7865d67.jpg

https://gss3.bdstatic.com/7Po3dSag_xI4khGkpoWK1HF6hhy/baike/c0%3Dbaike150%2C5%2C5%2C150%2C50/sign=061ca47a36d3d539d53007915bee8235/203fb80e7bec54e7f9279e9ab9389b504ec26a6f.jpg
https://gss3.bdstatic.com/-Po3dSag_xI4khGkpoWK1HF6hhy/baike/c0%3Dbaike150%2C5%2C5%2C150%2C50/sign=742310f0ad345982d187edc06d9d5ac8/f2deb48f8c5494ee13e18b9d2df5e0fe98257e77.jpg
https://gss3.bdstatic.com/7Po3dSag_xI4khGkpoWK1HF6hhy/baike/c0%3Dbaike150%2C5%2C5%2C150%2C50/sign=c12312787cd98d1062d904634056d36b/5fdf8db1cb134954e6dd6ce0564e9258d0094a77.jpg
https://gss2.bdstatic.com/9fo3dSag_xI4khGkpoWK1HF6hhy/baike/c0%3Dbaike150%2C5%2C5%2C150%2C50/sign=7fe6b05d3901213fdb3e468e358e5db4/48540923dd54564e60ae60bdb3de9c82d0584f6f.jpg
https://gss3.bdstatic.com/7Po3dSag_xI4khGkpoWK1HF6hhy/baike/c0%3Dbaike150%2C5%2C5%2C150%2C50/sign=8c1ae55336d12f2eda08a6322eabbe07/d009b3de9c82d1583b49dd35800a19d8bd3e426f.jpg

https://gss1.bdstatic.com/-vo3dSag_xI4khGkpoWK1HF6hhy/baike/c0%3Dbaike92%2C5%2C5%2C92%2C30/sign=5f43318b78f40ad101e9cfb136457aba/e4dde71190ef76c6f2d7fd989e16fdfaaf51677f.jpg
https://gss2.bdstatic.com/9fo3dSag_xI4khGkpoWK1HF6hhy/baike/c0%3Dbaike92%2C5%2C5%2C92%2C30/sign=7f2766dbdd39b60059c307e588395e4f/71cf3bc79f3df8dcbbe9eaa9c511728b47102835.jpg

https://gss1.bdstatic.com/9vo3dSag_xI4khGkpoWK1HF6hhy/baike/c0%3Dbaike92%2C5%2C5%2C92%2C30/sign=22ab61eb8701a18be4e61a1dff466c6d/a2cc7cd98d1001e9907ef3c8b80e7bec55e797b3.jpg
https://gss3.bdstatic.com/7Po3dSag_xI4khGkpoWK1HF6hhy/baike/c0%3Dbaike92%2C5%2C5%2C92%2C30/sign=21b9713b7cd98d1062d904634056d36b/0824ab18972bd4073a9e343a7b899e510eb3099f.jpg
https://gss2.bdstatic.com/9fo3dSag_xI4khGkpoWK1HF6hhy/baike/c0%3Dbaike92%2C5%2C5%2C92%2C30/sign=127e2aee8618367ab984778f4f1ae0b1/0df431adcbef7609e9197e582edda3cc7dd99ee3.jpg
https://gss2.bdstatic.com/-fo3dSag_xI4khGkpoWK1HF6hhy/baike/c0%3Dbaike92%2C5%2C5%2C92%2C30/sign=4c9085db11dfa9ece9235e4503b99c66/cf1b9d16fdfaaf514d9d66788c5494eef11f7aff.jpg
https://gss0.bdstatic.com/94o3dSag_xI4khGkpoWK1HF6hhy/baike/c0%3Dbaike80%2C5%2C5%2C80%2C26/sign=2181f3c8b80e7bec37d70bb34e47d25d/0e2442a7d933c895c9c37fbcd11373f0830200b3.jpg
https://gss3.bdstatic.com/7Po3dSag_xI4khGkpoWK1HF6hhy/baike/c0%3Dbaike92%2C5%2C5%2C92%2C30/sign=c26914ab1038534398c28f73f27adb1b/738b4710b912c8fc348d110afc039245d78821ff.jpg
https://gss0.bdstatic.com/94o3dSag_xI4khGkpoWK1HF6hhy/baike/c0%3Dbaike92%2C5%2C5%2C92%2C30/sign=c54a033fa786c9171c0e5a6ba8541baa/6f061d950a7b02082b74d82662d9f2d3562cc8bc.jpg
https://gss0.bdstatic.com/-4o3dSag_xI4khGkpoWK1HF6hhy/baike/c0%3Dbaike92%2C5%2C5%2C92%2C30/sign=26e602e10924ab18f41be96554938da8/0b46f21fbe096b6382a4b9970c338744eaf8acbc.jpg
https://gss0.bdstatic.com/-4o3dSag_xI4khGkpoWK1HF6hhy/baike/c0%3Dbaike92%2C5%2C5%2C92%2C30/sign=2b7ab5fec93d70cf58f7a25f99b5ba65/7af40ad162d9f2d30368c328a9ec8a136227ccf8.jpg
https://gss2.bdstatic.com/9fo3dSag_xI4khGkpoWK1HF6hhy/baike/c0%3Dbaike80%2C5%2C5%2C80%2C26/sign=731479ef972bd40756cadbaf1ae0f534/0d338744ebf81a4c2b3f0b0ed72a6059242da6ec.jpg
https://gss0.bdstatic.com/94o3dSag_xI4khGkpoWK1HF6hhy/baike/c0%3Dbaike92%2C5%2C5%2C92%2C30/sign=d473053d7bcb0a46912f836b0a0a9d41/9d82d158ccbf6c81588acb2fbc3eb13532fa40bc.jpg
https://gss3.bdstatic.com/-Po3dSag_xI4khGkpoWK1HF6hhy/baike/c0%3Dbaike80%2C5%2C5%2C80%2C26/sign=0a33ebe5b31bb0519b29bb7a5713b1d1/30adcbef76094b360febfc2aa3cc7cd98c109df8.jpg
https://gss2.bdstatic.com/9fo3dSag_xI4khGkpoWK1HF6hhy/baike/c0%3Dbaike92%2C5%2C5%2C92%2C30/sign=b838a9030ad162d991e36a4e70b6c289/e61190ef76c6a7ef742b4fe1fdfaaf51f2de66ec.jpg
https://gss2.bdstatic.com/9fo3dSag_xI4khGkpoWK1HF6hhy/baike/c0%3Dbaike92%2C5%2C5%2C92%2C30/sign=2e0052fd19d8bc3ed2050e98e3e2cd7b/8ad4b31c8701a18bc557f5889e2f07082938febd.jpg
https://gss3.bdstatic.com/-Po3dSag_xI4khGkpoWK1HF6hhy/baike/c0%3Dbaike92%2C5%2C5%2C92%2C30/sign=c0aaa4fe4b36acaf4ded9eae1db0e675/38dbb6fd5266d016026179ef972bd40734fa35f8.jpg
https://gss0.bdstatic.com/94o3dSag_xI4khGkpoWK1HF6hhy/baike/c0%3Dbaike92%2C5%2C5%2C92%2C30/sign=bd479dbd20a446236ac7ad30f94b196b/ca1349540923dd54862b40afd109b3de9d824899.jpg
https://gss2.bdstatic.com/-fo3dSag_xI4khGkpoWK1HF6hhy/baike/c0%3Dbaike92%2C5%2C5%2C92%2C30/sign=7c35981a2e738bd4d02cba63c0e2ecb3/4a36acaf2edda3ccda585fe701e93901203f92bd.jpg
https://gss2.bdstatic.com/9fo3dSag_xI4khGkpoWK1HF6hhy/baike/c0%3Dbaike80%2C5%2C5%2C80%2C26/sign=305285db11dfa9ece9235e4503b99c66/f2deb48f8c5494ee329ee8de2df5e0fe98257ebd.jpg
https://gss0.bdstatic.com/94o3dSag_xI4khGkpoWK1HF6hhy/baike/c0%3Dbaike92%2C5%2C5%2C92%2C30/sign=c5ac033fa786c9171c0e5a6ba8541baa/6f061d950a7b02082b92d82662d9f2d3562cc89a.jpg
https://gss2.bdstatic.com/-fo3dSag_xI4khGkpoWK1HF6hhy/baike/c0%3Dbaike92%2C5%2C5%2C92%2C30/sign=f59650f55aafa40f28cbc68fca0d682a/023b5bb5c9ea15ceb0b507ceb6003af33b87b29a.jpg

https://gss1.bdstatic.com/9vo3dSag_xI4khGkpoWK1HF6hhy/baike/c0%3Dbaike116%2C5%2C5%2C116%2C38/sign=c6ac7ab335fae6cd18b9a3336eda6441/eac4b74543a982269e7bb0a38a82b9014b90ebf8.jpg
https://gss0.bdstatic.com/94o3dSag_xI4khGkpoWK1HF6hhy/baike/c0%3Dbaike116%2C5%2C5%2C116%2C38/sign=e285f41ba40f4bfb98dd960662261395/f9198618367adab42a6a80c78bd4b31c8601e4f8.jpg
https://gss1.bdstatic.com/-vo3dSag_xI4khGkpoWK1HF6hhy/baike/c0%3Dbaike116%2C5%2C5%2C116%2C38/sign=864319f143a98226accc2375ebebd264/060828381f30e924d51e07b54c086e061c95f7f8.jpg
https://gss3.bdstatic.com/-Po3dSag_xI4khGkpoWK1HF6hhy/baike/c0%3Dbaike116%2C5%2C5%2C116%2C38/sign=918fd5400ad162d991e36a4e70b6c289/9922720e0cf3d7cae84ca4f2f21fbe096a63a9f8.jpg
https://gss2.bdstatic.com/-fo3dSag_xI4khGkpoWK1HF6hhy/baike/c0%3Dbaike116%2C5%2C5%2C116%2C38/sign=f668949d2df5e0fefa1581533d095fcd/a71ea8d3fd1f4134917d9efa251f95cad0c85eef.jpg
https://gss1.bdstatic.com/9vo3dSag_xI4khGkpoWK1HF6hhy/baike/c0%3Dbaike92%2C5%2C5%2C92%2C30/sign=7cfc134fe51190ef15f69a8daf72f673/72f082025aafa40fb2320d7fa964034f79f01998.jpg
https://gss3.bdstatic.com/-Po3dSag_xI4khGkpoWK1HF6hhy/baike/c0%3Dbaike80%2C5%2C5%2C80%2C26/sign=cac3454c9e82d158af8f51e3e16372bd/2f738bd4b31c8701ba417144257f9e2f0608ff99.jpg
https://gss3.bdstatic.com/7Po3dSag_xI4khGkpoWK1HF6hhy/baike/c0%3Dbaike92%2C5%2C5%2C92%2C30/sign=868a4525d2a20cf4529df68d17602053/1ad5ad6eddc451da5ec3ce49b4fd5266d016325f.jpg
https://gss2.bdstatic.com/-fo3dSag_xI4khGkpoWK1HF6hhy/baike/c0%3Dbaike80%2C5%2C5%2C80%2C26/sign=3ce6529d49fbfbedc8543e2d19999c53/b7003af33a87e950536330ce12385343fbf2b418.jpg

https://gss2.bdstatic.com/-fo3dSag_xI4khGkpoWK1HF6hhy/baike/c0%3Dbaike116%2C5%2C5%2C116%2C38/sign=7006e7f8b6003af359b7d4325443ad39/4a36acaf2edda3cc3a0cbfd101e93901203f9252.jpg
https://gss3.bdstatic.com/-Po3dSag_xI4khGkpoWK1HF6hhy/baike/c0%3Dbaike116%2C5%2C5%2C116%2C38/sign=dc283de542a7d933aba5ec21cc22ba76/8b82b9014a90f603a0169bb63912b31bb151ed99.jpg
https://gss0.bdstatic.com/-4o3dSag_xI4khGkpoWK1HF6hhy/baike/c0%3Dbaike116%2C5%2C5%2C116%2C38/sign=a920d23f9925bc313f5009ca3fb6e6d4/fc1f4134970a304ea1caa70bd1c8a786c8175c52.jpg
https://gss1.bdstatic.com/-vo3dSag_xI4khGkpoWK1HF6hhy/baike/c0%3Dbaike116%2C5%2C5%2C116%2C38/sign=9612adfcf8dcd100d991f07313e22c75/5366d0160924ab183afee6c635fae6cd7a890b52.jpg
https://gss0.bdstatic.com/-4o3dSag_xI4khGkpoWK1HF6hhy/baike/c0%3Dbaike150%2C5%2C5%2C150%2C50/sign=7e0fc012572c11dfcadcb771024e09b5/eaf81a4c510fd9f9cbfc5298252dd42a2934a453.jpg
