
http://www.chinabaike.com/article/396/hm/2008/20080318/mm/img/20083191323235977801.jpg	http://www.chinabaike.com/article/396/hm/2008/200803191202615.html
http://www.baihuamen.com/d/file/2014/05-26/425655a1cc0bc6c725b0bf132ff12a59.jpg	http://www.baihuamen.com/ezhangcao/
http://pic1.huashichang.com/2016/0923/00/57e4044ee5070.jpg	http://www.aihuhua.com/tu/ezhangcao.html
https://thumbs.dreamstime.com/z/%E9%93%B6%E8%8E%B2%E8%8A%B1%E5%B1%9Enemorosa-%E4%BA%94%E5%8F%B6%E9%93%B6%E8%8E%B2%E8%8A%B1%E3%80%81%E7%99%BD-%E7%BF%81%E3%80%81%E9%B9%85%E6%8E%8C%E8%8D%89%E3%80%81%E6%B0%94%E5%91%B3%E7%8B%90%E7%8B%B8%EF%BC%8C-anemonoides-nemorosa-%E7%99%BD%E8%8A%B1-52801924.jpg	https://cn.dreamstime.com/%E5%85%8D%E7%89%88%E7%A8%8E%E5%BA%93%E5%AD%98%E5%9B%BE%E7%89%87-%E7%99%BD-%E7%BF%81%EF%BC%8C%E9%B9%85%E6%8E%8C%E8%8D%89-image39351969
http://www.zhiwutong.com/tu/photo/2/090404171202.jpg	http://www.zhiwutong.com/latin/Ranunculaceae/Anemone-flaccida-Fr-Schmidt.htm
https://www.huabaike.com/uploads/allimg/artimg/201611/20161123133618_69128.jpg	https://www.huabaike.com/jtyh/5826.html
http://plantlife.cn/wp-content/uploads/2013/03/%E9%B9%85%E6%8E%8C%E8%8D%891.jpg	http://plantlife.cn/plant-culture/1893/attachment/%E9%B9%85%E6%8E%8C%E8%8D%891
https://www.huabaike.com/uploads/allimg/artimg/201611/20161123133426_91897.jpg	https://www.huabaike.com/jtyh/5826.html
http://www.baihuamen.com/d/file/2014/05-26/07123b20092e5fe108b17afb53291e3a.jpg	http://www.baihuamen.com/ezhangcao/16317_18.html
http://img.niwota.com/album/images/2006-06-09/23632537.jpg	http://www.niwota.com/submsg/628790
https://upload.wikimedia.org/wikipedia/commons/thumb/f/fe/Anemone_flaccida_two_flowers.JPG/220px-Anemone_flaccida_two_flowers.JPG	https://zh.wikipedia.org/wiki/%E9%B9%85%E6%8E%8C%E8%8D%89
http://www.3456.tv/images/2011nian/10/2015-04-27-09-45-53.jpg	http://ask.3456.tv/question/14413.html
http://zw3wmap1.zw3e.com:8080/zw_news_map/350/2014053/1401181113691289652.jpg	http://www.zw3e.com/bk/guanyezhiwu/wccgf.html
https://gss2.bdstatic.com/-fo3dSag_xI4khGkpoWK1HF6hhy/baike/s%3D220/sign=337a283b32f33a879a6d0718f65c1018/e61190ef76c6a7ef2858032df5faaf51f3de66bb.jpg	https://baike.baidu.com/item/%E9%B9%85%E6%8E%8C%E8%8D%89
http://pic1.huashichang.com/2016/0923/00/57e4045136c85.jpg	http://www.aihuhua.com/tu/ezhangcao.html
http://pic1.huashichang.com/2016/0923/00/57e4045039a6f.jpg	http://www.aihuhua.com/tu/ezhangcao.html
https://gss0.bdstatic.com/-4o3dSag_xI4khGkpoWK1HF6hhy/baike/s%3D220/sign=7757903750afa40f38c6c9df9b65038c/a8014c086e061d950edc103d71f40ad162d9ca18.jpg	https://baike.baidu.com/item/%E9%B9%85%E6%8E%8C%E8%8D%89
https://thumbs.dreamstime.com/z/%E6%97%A5%E6%9C%AC%E9%93%B6%E8%8E%B2%E8%8A%B1%E5%B1%9E%E3%80%81%E9%B9%85%E6%8E%8C%E8%8D%89%E6%88%96%E8%80%85%E7%99%BD-%E7%BF%81%EF%BC%8C-43099700.jpg	https://cn.dreamstime.com/%E5%BA%93%E5%AD%98%E7%85%A7%E7%89%87-%E6%97%A5%E6%9C%AC%E9%93%B6%E8%8E%B2%E8%8A%B1%E5%B1%9E%E3%80%81%E9%B9%85%E6%8E%8C%E8%8D%89%E6%88%96%E8%80%85%E7%99%BD-%E7%BF%81%EF%BC%8C-image43099700
http://pic1.huashichang.com/2016/0923/00/57e4044fdc8a4.jpg	http://m.aihuhua.com/tu/ezhangcao.html
http://s3.sinaimg.cn/mw690/001LPod7gy6RH3oLc9I72&690	http://blog.sina.com.cn/s/blog_60bb01c50102vnaf.html
https://gss1.bdstatic.com/-vo3dSag_xI4khGkpoWK1HF6hhy/baike/s%3D220/sign=10489bc554da81cb4ae684cf6266d0a4/f703738da97739120e3df650fd198618367ae2ec.jpg	https://baike.baidu.com/item/%E9%B9%85%E6%8E%8C%E8%8D%89
https://www.huabaike.com/uploads/allimg/artimg/201611/20161123122413_21925.jpg	https://www.huabaike.com/jtyh/5826.html
http://pic1.huashichang.com/2016/0923/00/57e40452897d4.jpg	http://m.aihuhua.com/tupian/tupianr2q.html
http://pic1.huashichang.com/2016/0923/00/57e40450dfa6f.jpg	http://www.aihuhua.com/tu/ezhangcao.html
https://thumbs.dreamstime.com/z/%E5%BC%80%E8%8A%B1%E7%9A%84nemorosa%E6%88%96%E9%B9%85%E6%8E%8C%E8%8D%89-91649598.jpg	https://cn.dreamstime.com/%E5%BA%93%E5%AD%98%E7%85%A7%E7%89%87-%E5%BC%80%E8%8A%B1%E7%9A%84nemorosa%E6%88%96%E9%B9%85%E6%8E%8C%E8%8D%89-image91649598
http://img.supfree.net/zhongyao/images/2176_3.jpg	http://zhongyao.m.supfree.net/hao.asp?id=%B6%EC%D5%C6%BD%F0%D0%C7%B2%DD
http://pic1.huashichang.com/2016/0923/00/57e4044f8ffcf.jpg	http://www.aihuhua.com/tu/ezhangcao.html
https://gss2.bdstatic.com/9fo3dSag_xI4khGkpoWK1HF6hhy/baike/s%3D220/sign=0eb1443a5eb5c9ea66f304e1e539b622/b8389b504fc2d562bf1fa2dce21190ef76c66cef.jpg	https://baike.baidu.com/item/%E9%B9%85%E6%8E%8C%E8%8D%89
http://img.xunhai.com/2015/11/26/144853622962971.jpg	http://www.xunhai.com/ezhangcao/
https://thumbs.dreamstime.com/z/%E9%B9%85%E6%8E%8C%E8%8D%89%E5%BC%80%E8%8A%B1%E5%92%8C%E5%8F%B6%E5%AD%90%E8%83%8C%E6%99%AF-52514354.jpg	https://cn.dreamstime.com/%E5%BA%93%E5%AD%98%E7%85%A7%E7%89%87-%E9%B9%85%E6%8E%8C%E8%8D%89%E5%BC%80%E8%8A%B1%E5%92%8C%E5%8F%B6%E5%AD%90%E8%83%8C%E6%99%AF-image52514354
http://img.39yst.com/uploads/allimg/130321/125FaT4-0.jpg	http://www.39yst.com/20120601/111357.shtml
http://www.yuhuagu.com/uploads/allimg/130122/10-130122203645.jpg	http://www.yuhuagu.com/ktsh/5818.html
http://pic1.huashichang.com/2016/0923/00/57e4045186a31.jpg	http://m.aihuhua.com/tupian/tupianr2n.html
https://thumbs.dreamstime.com/z/%E7%99%BD-%E7%BF%81%EF%BC%8C%E9%B9%85%E6%8E%8C%E8%8D%89-39351969.jpg	https://cn.dreamstime.com/%E5%85%8D%E7%89%88%E7%A8%8E%E5%BA%93%E5%AD%98%E5%9B%BE%E7%89%87-%E7%99%BD-%E7%BF%81%EF%BC%8C%E9%B9%85%E6%8E%8C%E8%8D%89-image39351969
https://thumbs.dreamstime.com/z/%E5%BC%80%E8%8A%B1%E7%9A%84%E9%B9%85%E6%8E%8C%E8%8D%89%EF%BC%8C%E9%93%B6%E8%8E%B2%E8%8A%B1%E5%B1%9Enemorosa%E9%9A%94-%E5%9C%A8-backg-91681277.jpg	https://cn.dreamstime.com/%E5%BA%93%E5%AD%98%E7%85%A7%E7%89%87-%E5%BC%80%E8%8A%B1%E7%9A%84%E9%B9%85%E6%8E%8C%E8%8D%89%EF%BC%8C%E9%93%B6%E8%8E%B2%E8%8A%B1%E5%B1%9Enemorosa%E9%9A%94-%E5%9C%A8-backg-image91681277
https://thumbs.dreamstime.com/z/%E5%9C%A8%E9%B9%85%E6%8E%8C%E8%8D%89%E7%9A%84%E6%97%A5%E5%87%BA%E5%9C%A8%E5%BE%B7%E5%9B%BD-90013564.jpg	https://cn.dreamstime.com/%E5%BA%93%E5%AD%98%E7%85%A7%E7%89%87-%E5%9C%A8%E9%B9%85%E6%8E%8C%E8%8D%89%E7%9A%84%E6%97%A5%E5%87%BA%E5%9C%A8%E5%BE%B7%E5%9B%BD-image90013564
https://www.flower-db.com/uploads/large_1024d814-7ee4-4427-9030-d4c838df601b.jpg	https://www.flower-db.com/zh/flower:893
http://www.huayugu.com.cn/uploads/allimg/160923/1-1609231219260-L.jpg	http://www.huayugu.com.cn/ezhangcao/
http://www.huayugu.com.cn/uploads/allimg/160923/1-160923121Q80-L.jpg	http://www.huayugu.com.cn/ezhangcao/19963.html
http://img.xunhai.com/2015/12/01/144897015096375.jpg	http://www.xunhai.com/ezhangcao/
http://s3.sinaimg.cn/mw690/0029Dvdfzy79jcbnSCue2&690	http://blog.sina.com.cn/s/blog_75b308c90102wp0k.html
https://thumbs.dreamstime.com/z/%E7%99%BD-%E7%BF%81%EF%BC%8C%E9%B9%85%E6%8E%8C%E8%8D%89-39351737.jpg	https://cn.dreamstime.com/%E5%85%8D%E7%89%88%E7%A8%8E%E5%9B%BE%E5%BA%93%E6%91%84%E5%BD%B1-%E7%99%BD-%E7%BF%81%EF%BC%8C%E9%B9%85%E6%8E%8C%E8%8D%89-image39351737
https://thumbs.dreamstime.com/z/%E9%B9%85%E6%8E%8C%E8%8D%89%E5%BC%80%E8%8A%B1%E5%92%8C%E5%8F%B6%E5%AD%90%E8%83%8C%E6%99%AF-52514392.jpg	https://cn.dreamstime.com/%E5%BA%93%E5%AD%98%E7%85%A7%E7%89%87-%E9%B9%85%E6%8E%8C%E8%8D%89%E5%BC%80%E8%8A%B1%E5%92%8C%E5%8F%B6%E5%AD%90%E8%83%8C%E6%99%AF-image52514392
http://www.huayugu.com.cn/uploads/allimg/160923/1-1609231222460-L.jpg	http://www.huayugu.com.cn/ezhangcao/
https://image.zhongyibaike.com/image/%E7%89%9B%E7%AD%8B%E8%8D%89/%E7%89%9B%E7%AD%8B%E8%8D%89.jpg	https://zhongyibaike.com/wiki/%E9%B9%85%E6%8E%8C%E8%8D%89
https://thumbs.dreamstime.com/t/%E5%B0%91%E5%A6%87%E5%92%8C%E5%A5%B9%E7%9A%84%E7%8B%97%E5%9C%A8%E9%B9%85%E6%8E%8C%E8%8D%89%E4%B9%8B-89527619.jpg	https://cn.dreamstime.com/%E5%BA%93%E5%AD%98%E7%85%A7%E7%89%87-%E5%B0%91%E5%A6%87%E5%92%8C%E5%A5%B9%E7%9A%84%E7%8B%97%E5%9C%A8%E9%B9%85%E6%8E%8C%E8%8D%89%E4%B9%8B-image89527772
https://thumbs.dreamstime.com/z/%E5%9C%A8%E5%BC%80%E8%8A%B1%E7%9A%84%E4%BA%94%E5%8F%B6%E9%93%B6%E8%8E%B2%E8%8A%B1-%E5%BC%80%E8%8A%B1%E7%9A%84%E9%93%B6%E8%8E%B2%E8%8A%B1%E5%B1%9Enemorosa-x-%E7%9F%A5%E5%90%8D%E5%BD%93%E7%99%BD-%E7%BF%81%E6%88%96%E9%B9%85%E6%8E%8C%E8%8D%89%E6%88%96%E8%80%85%E6%B0%94%E5%91%B3fox-x-89745284.jpg	https://cn.dreamstime.com/%E5%BA%93%E5%AD%98%E7%85%A7%E7%89%87-%E5%9C%A8%E5%BC%80%E8%8A%B1%E7%9A%84%E4%BA%94%E5%8F%B6%E9%93%B6%E8%8E%B2%E8%8A%B1-%E5%BC%80%E8%8A%B1%E7%9A%84%E9%93%B6%E8%8E%B2%E8%8A%B1%E5%B1%9Enemorosa-x-%E7%9F%A5%E5%90%8D%E5%BD%93%E7%99%BD-%E7%BF%81%E6%88%96%E9%B9%85%E6%8E%8C%E8%8D%89%E6%88%96%E8%80%85%E6%B0%94%E5%91%B3fox-x-image89745284
https://thumbs.dreamstime.com/z/%E9%93%B6%E8%8E%B2%E8%8A%B1%E5%B1%9Enemorosa-%E4%BA%94%E5%8F%B6%E9%93%B6%E8%8E%B2%E8%8A%B1%E3%80%81%E7%99%BD-%E7%BF%81%E3%80%81%E9%B9%85%E6%8E%8C%E8%8D%89%EF%BC%8C-anemonoides-nemorosa-52802069.jpg	https://cn.dreamstime.com/%E5%BA%93%E5%AD%98%E7%85%A7%E7%89%87-%E9%93%B6%E8%8E%B2%E8%8A%B1%E5%B1%9Enemorosa-%E4%BA%94%E5%8F%B6%E9%93%B6%E8%8E%B2%E8%8A%B1%E3%80%81%E7%99%BD-%E7%BF%81%E3%80%81%E9%B9%85%E6%8E%8C%E8%8D%89%EF%BC%8C-anemonoides-nemorosa-image52802069
http://img.tulaoshi.com/ueditor/201706/27/5f63d0c32b138206f74e0a005a0c445d.jpg	http://www.tulaoshi.com/n/20170627/2655033.html
https://www.huabaike.com/uploads/allimg/artimg/201707/20170718112058_74404.jpg	https://www.huabaike.com/hyjk/10032.html
https://thumbs.dreamstime.com/t/%E5%B0%91%E5%A6%87%E5%92%8C%E5%A5%B9%E7%9A%84%E7%8B%97%E5%9C%A8%E9%B9%85%E6%8E%8C%E8%8D%89%E4%B9%8B-89527675.jpg	https://cn.dreamstime.com/%E5%BA%93%E5%AD%98%E7%85%A7%E7%89%87-%E5%B0%91%E5%A6%87%E5%92%8C%E5%A5%B9%E7%9A%84%E7%8B%97%E5%9C%A8%E9%B9%85%E6%8E%8C%E8%8D%89%E4%B9%8B-image89527772
https://thumbs.dreamstime.com/t/%E5%B0%91%E5%A6%87%E5%92%8C%E5%A5%B9%E7%9A%84%E7%8B%97%E5%9C%A8%E9%B9%85%E6%8E%8C%E8%8D%89%E4%B9%8B-89527815.jpg	https://cn.dreamstime.com/%E5%BA%93%E5%AD%98%E7%85%A7%E7%89%87-%E5%B0%91%E5%A6%87%E5%92%8C%E5%A5%B9%E7%9A%84%E7%8B%97%E5%9C%A8%E9%B9%85%E6%8E%8C%E8%8D%89%E4%B9%8B-image89527772
http://ksbookshelf.com/DW/Flower/image/nirinsouL.jpg	http://ksbookshelf.com/DW/Flower/FlowerNINA.htm
https://thumbs.dreamstime.com/z/%E7%99%BD-%E7%BF%81%EF%BC%8C%E9%B9%85%E6%8E%8C%E8%8D%89-39352103.jpg	https://cn.dreamstime.com/%E5%BA%93%E5%AD%98%E7%85%A7%E7%89%87-%E7%99%BD-%E7%BF%81%EF%BC%8C%E9%B9%85%E6%8E%8C%E8%8D%89-image39352103
http://www.cnhua.net/uploads/allimg/090627/2239245D8-0.JPG	http://www.cnhua.net/zhiwu/maogenke/ezhangcao/
https://thumbs.dreamstime.com/t/%E9%B9%85%E6%8E%8C%E8%8D%89-91066057.jpg	https://cn.dreamstime.com/%E5%BA%93%E5%AD%98%E7%85%A7%E7%89%87-%E5%BC%80%E8%8A%B1%E7%9A%84%E9%B9%85%E6%8E%8C%E8%8D%89%EF%BC%8C%E9%93%B6%E8%8E%B2%E8%8A%B1%E5%B1%9Enemorosa%E9%9A%94-%E5%9C%A8-backg-image91681318
https://thumbs.dreamstime.com/t/%E5%BC%80%E8%8A%B1%E7%9A%84%E9%B9%85%E6%8E%8C%E8%8D%89%EF%BC%8C%E9%93%B6%E8%8E%B2%E8%8A%B1%E5%B1%9Enemorosa%E9%9A%94-%E5%9C%A8-backg-91681242.jpg	https://cn.dreamstime.com/%E5%BA%93%E5%AD%98%E7%85%A7%E7%89%87-%E5%BC%80%E8%8A%B1%E7%9A%84%E9%B9%85%E6%8E%8C%E8%8D%89%EF%BC%8C%E9%93%B6%E8%8E%B2%E8%8A%B1%E5%B1%9Enemorosa%E9%9A%94-%E5%9C%A8-backg-image91681248
http://s9.sinaimg.cn/mw690/0029Dvdfgy6QELjCXgs08&690	http://blog.sina.com.cn/s/blog_75b308c90102vg73.html
http://www.bst.nutn.edu.tw/chi/public_html/plant/flower2/013%E9%B5%9D%E6%8E%8C%E8%97%A4.jpg	http://www.bst.nutn.edu.tw/chi/public_html/plant/flower2/room.html
http://pic1.win4000.com/pic/a/b1/dd831342051.jpg	http://www.win4000.com/meinv112450_6.html
https://thumbs.dreamstime.com/z/%E5%B0%91%E5%A6%87%E5%92%8C%E5%A5%B9%E7%9A%84%E7%8B%97%E5%9C%A8%E9%B9%85%E6%8E%8C%E8%8D%89%E4%B9%8B-89527772.jpg	https://cn.dreamstime.com/%E5%BA%93%E5%AD%98%E7%85%A7%E7%89%87-%E5%B0%91%E5%A6%87%E5%92%8C%E5%A5%B9%E7%9A%84%E7%8B%97%E5%9C%A8%E9%B9%85%E6%8E%8C%E8%8D%89%E4%B9%8B-image89527772
https://gss0.bdstatic.com/-4o3dSag_xI4khGkpoWK1HF6hhy/baike/w%3D400/sign=08a43f8953b5c9ea62f302e3e538b622/203fb80e7bec54e70aee139cb1389b504fc26a35.jpg	https://baike.baidu.com/item/%E9%B9%85%E6%8E%8C%E8%8D%89
http://www.baihuamen.com/d/file/2014/05-26/091f2ed11b2a9333a83d583fe31e2363.jpg	http://www.baihuamen.com/ezhangcao/
https://thumbs.dreamstime.com/z/%E5%BC%80%E8%8A%B1%E7%9A%84%E9%B9%85%E6%8E%8C%E8%8D%89%EF%BC%8C%E9%93%B6%E8%8E%B2%E8%8A%B1%E5%B1%9Enemorosa%E9%9A%94-%E5%9C%A8-backg-91681248.jpg	https://cn.dreamstime.com/%E5%BA%93%E5%AD%98%E7%85%A7%E7%89%87-%E5%BC%80%E8%8A%B1%E7%9A%84%E9%B9%85%E6%8E%8C%E8%8D%89%EF%BC%8C%E9%93%B6%E8%8E%B2%E8%8A%B1%E5%B1%9Enemorosa%E9%9A%94-%E5%9C%A8-backg-image91681248
http://www.baihuamen.com/d/file/2014/05-26/28ce96e327f22c4cfa7353aa040eb895.jpg	http://www.baihuamen.com/ezhangcao/
http://www.baihuamen.com/d/file/2014/05-26/dd13dcc71dc85fff179e82a578de1ae6.jpg	http://www.baihuamen.com/ezhangcao/16317_19.html
https://thumbs.dreamstime.com/z/%E5%B0%91%E5%A6%87%E5%92%8C%E5%A5%B9%E7%9A%84%E7%8B%97%E5%9C%A8%E9%B9%85%E6%8E%8C%E8%8D%89%E4%B9%8B-89527675.jpg	https://cn.dreamstime.com/%E5%BA%93%E5%AD%98%E7%85%A7%E7%89%87-%E5%B0%91%E5%A6%87%E5%92%8C%E5%A5%B9%E7%9A%84%E7%8B%97%E5%9C%A8%E9%B9%85%E6%8E%8C%E8%8D%89%E4%B9%8B-image89527675
https://thumbs.dreamstime.com/z/%E5%BC%80%E8%8A%B1%E7%9A%84%E9%B9%85%E6%8E%8C%E8%8D%89%EF%BC%8C%E9%93%B6%E8%8E%B2%E8%8A%B1%E5%B1%9Enemorosa%E9%9A%94-%E5%9C%A8-backg-91681318.jpg	https://cn.dreamstime.com/%E5%BA%93%E5%AD%98%E7%85%A7%E7%89%87-%E5%BC%80%E8%8A%B1%E7%9A%84%E9%B9%85%E6%8E%8C%E8%8D%89%EF%BC%8C%E9%93%B6%E8%8E%B2%E8%8A%B1%E5%B1%9Enemorosa%E9%9A%94-%E5%9C%A8-backg-image91681318
http://www.baihuamen.com/d/file/2014/05-26/25d2ea4540c84c76f23f187acb05297c.jpg	http://www.baihuamen.com/ezhangcao/
http://www.baihuamen.com/d/file/2014/05-26/f0b5b1eed9372b3e11c9d34519c3f695.jpg	http://www.baihuamen.com/ezhangcao/16317_15.html
http://s4.sinaimg.cn/mw690/0029Dvdfzy79jccB9Xte3&690	http://blog.sina.com.cn/s/blog_75b308c90102wp0k.html
https://gss3.bdstatic.com/-Po3dSag_xI4khGkpoWK1HF6hhy/baike/s%3D220/sign=59683028b87eca8016053ee5a1229712/8d5494eef01f3a29c68c43c59125bc315c607c71.jpg	https://baike.baidu.com/item/%E8%A3%82%E8%8B%9E%E9%B9%85%E6%8E%8C%E8%8D%89
http://a4.att.hudong.com/23/70/20300543554748144628702631782_s.jpg	http://www.baike.com/wiki/%E5%B1%95%E6%AF%9B%E9%B9%85%E6%8E%8C%E8%8D%89
http://www.baihuamen.com/d/file/2014/05-26/0e96802f2baba77a17c415fc69c299ea.jpg	http://www.baihuamen.com/ezhangcao/16317_12.html
http://www.baihuamen.com/d/file/2014/05-26/7e6a4bdaf6dff4cc5bcb85aaf2dd0678.jpg	http://www.baihuamen.com/ezhangcao/16317_13.html
http://www.baihuamen.com/d/file/2014/05-26/b3f497ce92425cf8aa193bc5975846f4.jpg	http://www.baihuamen.com/ezhangcao/16317_16.html
http://www.baihuamen.com/d/file/2014/05-26/8c430a6b0ceb7c7b79b0d517adff765a.jpg	http://www.baihuamen.com/ezhangcao/16317_5.html
http://www.baihuamen.com/d/file/2014/05-26/15f632f86b0601ccd97a53dc1e36d916.jpg	http://www.baihuamen.com/ezhangcao/
http://www.baihuamen.com/d/file/2014/05-26/c7c84af99d4867cc35cf6120d98e96bc.jpg	http://www.baihuamen.com/ezhangcao/16317_6.html
http://www.baihuamen.com/d/file/2014/05-26/ba3f242fb03f642bd7b43e5907ce6d37.jpg	http://www.baihuamen.com/ezhangcao/16317_8.html
http://www.baihuamen.com/d/file/2014/05-26/8e9ace8e49d35c810835913544b480a6.jpg	http://www.baihuamen.com/ezhangcao/16317_17.html
https://gw.alicdn.com/bao/uploaded/i2/183118994/TB2LGewdxmI.eBjy0FlXXbgkVXa_!!183118994.jpg_230x230.jpg	https://www.taobao.com/article/EvGmD9CFCnBXBRDL.html
http://www.baihuamen.com/d/file/2014/05-26/a253b7d335aad3cdd9bfc92a308770f1.jpg	http://www.baihuamen.com/ezhangcao/16317_10.html
http://www.kun.ac.cn/home/uploads/70/min(1055-426)c4949938f4242ec4__1420791790.jpg	http://www.kun.ac.cn/plant/view/index/id/159
https://gw.alicdn.com/bao/uploaded/i4/311928228/TB2plIpt9hlpuFjSspkXXa1ApXa_!!311928228.jpg_230x230.jpg	https://www.taobao.com/article/EvGmD9CFCnBXBRDL.html
https://tshop.r10s.jp/lighterya/cabinet/main070-2/070164621-r1.jpg?fitin=330:330	https://global.rakuten.com/zh-cn/store/lighterya/item/070164621/
https://thumbs.dreamstime.com/t/%E5%9C%A8%E5%BC%80%E8%8A%B1%E7%9A%84%E4%BA%94%E5%8F%B6%E9%93%B6%E8%8E%B2%E8%8A%B1-%E5%BC%80%E8%8A%B1%E7%9A%84%E9%93%B6%E8%8E%B2%E8%8A%B1%E5%B1%9Enemorosa-x-%E7%9F%A5%E5%90%8D%E5%BD%93%E7%99%BD-%E7%BF%81%E6%88%96%E9%B9%85%E6%8E%8C%E8%8D%89%E6%88%96%E8%80%85%E6%B0%94%E5%91%B3fox-x-91408238.jpg	https://cn.dreamstime.com/%E5%BA%93%E5%AD%98%E7%85%A7%E7%89%87-%E5%9C%A8%E5%BC%80%E8%8A%B1%E7%9A%84%E4%BA%94%E5%8F%B6%E9%93%B6%E8%8E%B2%E8%8A%B1-%E5%BC%80%E8%8A%B1%E7%9A%84%E9%93%B6%E8%8E%B2%E8%8A%B1%E5%B1%9Enemorosa-x-%E7%9F%A5%E5%90%8D%E5%BD%93%E7%99%BD-%E7%BF%81%E6%88%96%E9%B9%85%E6%8E%8C%E8%8D%89%E6%88%96%E8%80%85%E6%B0%94%E5%91%B3fox-x-image89745284
https://thumbs.dreamstime.com/t/%E5%9C%A8%E5%BC%80%E8%8A%B1%E7%9A%84%E4%BA%94%E5%8F%B6%E9%93%B6%E8%8E%B2%E8%8A%B1-%E5%BC%80%E8%8A%B1%E7%9A%84%E9%93%B6%E8%8E%B2%E8%8A%B1%E5%B1%9Enemorosa-x-%E7%9F%A5%E5%90%8D%E5%BD%93%E7%99%BD-%E7%BF%81%E6%88%96%E9%B9%85%E6%8E%8C%E8%8D%89%E6%88%96%E8%80%85%E6%B0%94%E5%91%B3fox-x-91408230.jpg	https://cn.dreamstime.com/%E5%BA%93%E5%AD%98%E7%85%A7%E7%89%87-%E5%9C%A8%E5%BC%80%E8%8A%B1%E7%9A%84%E4%BA%94%E5%8F%B6%E9%93%B6%E8%8E%B2%E8%8A%B1-%E5%BC%80%E8%8A%B1%E7%9A%84%E9%93%B6%E8%8E%B2%E8%8A%B1%E5%B1%9Enemorosa-x-%E7%9F%A5%E5%90%8D%E5%BD%93%E7%99%BD-%E7%BF%81%E6%88%96%E9%B9%85%E6%8E%8C%E8%8D%89%E6%88%96%E8%80%85%E6%B0%94%E5%91%B3fox-x-image89745284
http://s13.sinaimg.cn/mw690/0029Dvdfzy79jcdwVacec&690	http://blog.sina.com.cn/s/blog_75b308c90102wp0k.html
https://thumbs.dreamstime.com/t/%E5%9C%A8%E5%BC%80%E8%8A%B1%E7%9A%84%E4%BA%94%E5%8F%B6%E9%93%B6%E8%8E%B2%E8%8A%B1-%E5%BC%80%E8%8A%B1%E7%9A%84%E9%93%B6%E8%8E%B2%E8%8A%B1%E5%B1%9Enemorosa-x-%E7%9F%A5%E5%90%8D%E5%BD%93%E7%99%BD-%E7%BF%81%E6%88%96%E9%B9%85%E6%8E%8C%E8%8D%89%E6%88%96%E8%80%85%E6%B0%94%E5%91%B3fox-x-89745308.jpg	https://cn.dreamstime.com/%E5%BA%93%E5%AD%98%E7%85%A7%E7%89%87-%E5%9C%A8%E5%BC%80%E8%8A%B1%E7%9A%84%E4%BA%94%E5%8F%B6%E9%93%B6%E8%8E%B2%E8%8A%B1-%E5%BC%80%E8%8A%B1%E7%9A%84%E9%93%B6%E8%8E%B2%E8%8A%B1%E5%B1%9Enemorosa-x-%E7%9F%A5%E5%90%8D%E5%BD%93%E7%99%BD-%E7%BF%81%E6%88%96%E9%B9%85%E6%8E%8C%E8%8D%89%E6%88%96%E8%80%85%E6%B0%94%E5%91%B3fox-x-image89745284
http://s16.sinaimg.cn/mw690/0029Dvdfzy79jceU4s7bf&690	http://blog.sina.com.cn/s/blog_75b308c90102wp0k.html
https://thumbs.dreamstime.com/t/cloe%E7%99%BD-%E7%BF%81-%E4%BA%94%E5%8F%B6%E9%93%B6%E8%8E%B2%E8%8A%B1%EF%BC%8C%E7%99%BD-%E7%BF%81%EF%BC%8C%E9%B9%85%E6%8E%8C%E8%8D%89%EF%BC%8C%E6%B0%94%E5%91%B3%E7%8B%90%E7%8B%B8-%E9%93%B6%E8%8E%B2%E8%8A%B1%E5%B1%9Enemorosa-30187946.jpg	https://cn.dreamstime.com/%E5%85%8D%E7%89%88%E7%A8%8E%E5%BA%93%E5%AD%98%E5%9B%BE%E7%89%87-%E7%99%BD-%E7%BF%81%EF%BC%8C%E9%B9%85%E6%8E%8C%E8%8D%89-image39351969
http://a3.att.hudong.com/31/80/20300543499049144637801175388_s.jpg	http://www.baike.com/wiki/%E8%A3%82%E8%8B%9E%E9%B9%85%E6%8E%8C%E8%8D%89
http://www.chuanyefood.com/imageRepository/a2160d7c-a7b3-494b-ad4a-806373c63171.jpg	http://www.chuanyefood.com/products_detail_chushi/productId=277.html
http://www.yuhuagu.com/uploads/allimg/130122/10-130122203636.jpg	http://www.yuhuagu.com/ktsh/5818.html
http://www.yuhuagu.com/uploads/allimg/130122/10-130122203640.jpg	http://www.yuhuagu.com/ktsh/5818.html
https://thumbs.dreamstime.com/t/%E5%B0%91%E5%A6%87%E5%92%8C%E5%A5%B9%E7%9A%84%E7%8B%97%E5%9C%A8%E9%B9%85%E6%8E%8C%E8%8D%89%E4%B9%8B-89527330.jpg	https://cn.dreamstime.com/%E5%BA%93%E5%AD%98%E7%85%A7%E7%89%87-%E5%B0%91%E5%A6%87%E5%92%8C%E5%A5%B9%E7%9A%84%E7%8B%97%E5%9C%A8%E9%B9%85%E6%8E%8C%E8%8D%89%E4%B9%8B-image89527772
http://cmc.todps.com/upload/20120524/20120524104453_541.jpg	http://cmc.todps.com/nrAction_find.action?nrid=389
http://cmc.todps.com/upload/20120524/20120524104453_623.jpg	http://cmc.todps.com/nrAction_find.action?nrid=389
https://thumbs.dreamstime.com/t/%E5%B0%91%E5%A6%87%E5%92%8C%E5%A5%B9%E7%9A%84%E7%8B%97%E5%9C%A8%E9%B9%85%E6%8E%8C%E8%8D%89%E4%B9%8B-89527551.jpg	https://cn.dreamstime.com/%E5%BA%93%E5%AD%98%E7%85%A7%E7%89%87-%E5%B0%91%E5%A6%87%E5%92%8C%E5%A5%B9%E7%9A%84%E7%8B%97%E5%9C%A8%E9%B9%85%E6%8E%8C%E8%8D%89%E4%B9%8B-image89527772
