
https://gss1.bdstatic.com/-vo3dSag_xI4khGkpoWK1HF6hhy/baike/c0%3Dbaike80%2C5%2C5%2C80%2C26/sign=dfca08877a8b4710da22f59ea2a7a898/a1ec08fa513d26973c85f8fb5dfbb2fb4216d8c6.jpg
https://gss3.bdstatic.com/7Po3dSag_xI4khGkpoWK1HF6hhy/baike/c0%3Dbaike80%2C5%2C5%2C80%2C26/sign=d3144d6fa1cc7cd9ee203c8b58684a5a/d50735fae6cd7b89e1ea6c010d2442a7d8330ea9.jpg
https://gss3.bdstatic.com/7Po3dSag_xI4khGkpoWK1HF6hhy/baike/c0%3Dbaike80%2C5%2C5%2C80%2C26/sign=30c94e87753e6709aa0d4dad5aaef458/63d9f2d3572c11df3ea30d83692762d0f703c224.jpg
https://gss0.bdstatic.com/-4o3dSag_xI4khGkpoWK1HF6hhy/baike/c0%3Dbaike80%2C5%2C5%2C80%2C26/sign=5311964fa3ec8a1300175fb2966afaea/b58f8c5494eef01f3e14aa65eafe9925bc317d09.jpg
https://gss2.bdstatic.com/9fo3dSag_xI4khGkpoWK1HF6hhy/baike/c0%3Dbaike80%2C5%2C5%2C80%2C26/sign=a9f42afed7c451dae2fb04b9d7943903/0df3d7ca7bcb0a46403e39996163f6246b60af76.jpg
https://gss3.bdstatic.com/7Po3dSag_xI4khGkpoWK1HF6hhy/baike/c0%3Dbaike80%2C5%2C5%2C80%2C26/sign=1d6d144608d162d991e36a4e70b6c289/cf1b9d16fdfaaf51ecbbdb3d8e5494eef11f7ad3.jpg

https://gss1.bdstatic.com/-vo3dSag_xI4khGkpoWK1HF6hhy/baike/c0%3Dbaike92%2C5%2C5%2C92%2C30/sign=18fa8fcc02087bf469e15fbb93ba3c49/8435e5dde71190ef73a92258ce1b9d16fcfa60e2.jpg
https://gss2.bdstatic.com/-fo3dSag_xI4khGkpoWK1HF6hhy/baike/c0%3Dbaike80%2C5%2C5%2C80%2C26/sign=67a7d927f603738dca470470d272db34/5882b2b7d0a20cf4ef0b585876094b36adaf999a.jpg

https://gss3.bdstatic.com/-Po3dSag_xI4khGkpoWK1HF6hhy/baike/c0%3Dbaike180%2C5%2C5%2C180%2C60/sign=2ede49f4970a304e462fa8a8b0a1cce3/50da81cb39dbb6fd81a7d8d60924ab18962b3745.jpg
https://gss2.bdstatic.com/-fo3dSag_xI4khGkpoWK1HF6hhy/baike/c0%3Dbaike180%2C5%2C5%2C180%2C60/sign=097107e442a7d933aba5ec21cc22ba76/f9198618367adab44c2f26b38bd4b31c8601e446.jpg
https://gss1.bdstatic.com/-vo3dSag_xI4khGkpoWK1HF6hhy/baike/c0%3Dbaike150%2C5%2C5%2C150%2C50/sign=e3db8471cb1349546a13e0363727f93d/d000baa1cd11728bfa14b0d2c8fcc3cec3fd2c00.jpg
https://gss1.bdstatic.com/9vo3dSag_xI4khGkpoWK1HF6hhy/baike/c0%3Dbaike150%2C5%2C5%2C150%2C50/sign=771aa113fd1f4134f43a0d2c4476feaf/dcc451da81cb39db67f95ba6d0160924ab183000.jpg
https://gss1.bdstatic.com/9vo3dSag_xI4khGkpoWK1HF6hhy/baike/c0%3Dbaike150%2C5%2C5%2C150%2C50/sign=21f8ca0ec3fdfc03f175ebeab556ecf1/83025aafa40f4bfb12e9a2a4034f78f0f7361800.jpg
https://gss2.bdstatic.com/9fo3dSag_xI4khGkpoWK1HF6hhy/baike/c0%3Dbaike150%2C5%2C5%2C150%2C50/sign=92fa5b83fbf2b211f0238d1cabe90e5d/8435e5dde71190eff404af2fce1b9d16fcfa6046.jpg

https://gss2.bdstatic.com/9fo3dSag_xI4khGkpoWK1HF6hhy/baike/c0%3Dbaike92%2C5%2C5%2C92%2C30/sign=4689dca33a292df583cea447dd583705/b219ebc4b74543a95041e3401e178a82b80114e7.jpg
https://gss1.bdstatic.com/-vo3dSag_xI4khGkpoWK1HF6hhy/baike/c0%3Dbaike92%2C5%2C5%2C92%2C30/sign=6fcd49840cd79123f4ed9c26cc5d32e7/d788d43f8794a4c2d853fea70ef41bd5ac6e39cd.jpg
https://gss1.bdstatic.com/-vo3dSag_xI4khGkpoWK1HF6hhy/baike/c0%3Dbaike92%2C5%2C5%2C92%2C30/sign=f892cc429925bc313f5009ca3fb6e6d4/42a98226cffc1e175fe595bd4a90f603728de9e0.jpg
https://gss3.bdstatic.com/7Po3dSag_xI4khGkpoWK1HF6hhy/baike/c0%3Dbaike180%2C5%2C5%2C180%2C60/sign=ffb6aaa4367adab429dd1311eabdd879/09fa513d269759ee3ac27947b2fb43166c22dfaf.jpg
https://gss2.bdstatic.com/-fo3dSag_xI4khGkpoWK1HF6hhy/baike/c0%3Dbaike116%2C5%2C5%2C116%2C38/sign=c9728df8ad345982d187edc06d9d5ac8/8435e5dde71190ef28698b53ce1b9d16fcfa60af.jpg
https://gss2.bdstatic.com/9fo3dSag_xI4khGkpoWK1HF6hhy/baike/c0%3Dbaike116%2C5%2C5%2C116%2C38/sign=062dfde4ccbf6c81e33a24badd57da50/d000baa1cd11728bddbf95aec8fcc3cec2fd2caf.jpg
https://gss3.bdstatic.com/-Po3dSag_xI4khGkpoWK1HF6hhy/baike/c0%3Dbaike180%2C5%2C5%2C180%2C60/sign=04af837f79310a55d029d6a6d62c28cc/b999a9014c086e06ee0c26c702087bf40bd1cb92.jpg
https://gss2.bdstatic.com/-fo3dSag_xI4khGkpoWK1HF6hhy/baike/c0%3Dbaike150%2C5%2C5%2C150%2C50/sign=16586b9f09f79052fb124f6c6d9abcaf/c75c10385343fbf284edbeafb07eca8064388f7c.jpg

https://gss2.bdstatic.com/9fo3dSag_xI4khGkpoWK1HF6hhy/baike/c0%3Dbaike150%2C5%2C5%2C150%2C50/sign=a107044ff736afc31a013737d27080a1/e824b899a9014c08cc4e612a0a7b02087af4f4cc.jpg
https://gss2.bdstatic.com/9fo3dSag_xI4khGkpoWK1HF6hhy/baike/c0%3Dbaike92%2C5%2C5%2C92%2C30/sign=b8bc8abc738da9775a228e79d138937c/96dda144ad345982409bac1d0cf431adcbef8428.jpg
https://gss0.bdstatic.com/94o3dSag_xI4khGkpoWK1HF6hhy/baike/c0%3Dbaike116%2C5%2C5%2C116%2C38/sign=701ae49d720e0cf3b4fa46a96b2f997a/37d3d539b6003af3dacf95ef352ac65c1138b6cc.jpg
https://gss1.bdstatic.com/-vo3dSag_xI4khGkpoWK1HF6hhy/baike/c0%3Dbaike150%2C5%2C5%2C150%2C50/sign=79ca4a6e2f2eb938f86072a0b40bee50/b2de9c82d158ccbf41acfcb519d8bc3eb1354128.jpg
https://gss2.bdstatic.com/9fo3dSag_xI4khGkpoWK1HF6hhy/baike/c0%3Dbaike150%2C5%2C5%2C150%2C50/sign=7d8ba9dd8535e5dd8421ad8d17afcc8a/810a19d8bc3eb13501b3fe34a61ea8d3fc1f44cc.jpg
https://gss2.bdstatic.com/9fo3dSag_xI4khGkpoWK1HF6hhy/baike/c0%3Dbaike116%2C5%2C5%2C116%2C38/sign=ac4f612a0a7b020818c437b303b099b6/472309f790529822b047704cd7ca7bcb0b46d4cd.jpg

https://gss2.bdstatic.com/9fo3dSag_xI4khGkpoWK1HF6hhy/baike/c0%3Dbaike92%2C5%2C5%2C92%2C30/sign=890ab0a82fdda3cc1fe9b07260805264/5366d0160924ab185517c80034fae6cd7b890b87.jpg
https://gss1.bdstatic.com/-vo3dSag_xI4khGkpoWK1HF6hhy/baike/c0%3Dbaike92%2C5%2C5%2C92%2C30/sign=2401d0b86d81800a7ae8815cd05c589f/4bed2e738bd4b31c7258bd8c86d6277f9e2ff8a5.jpg
https://gss1.bdstatic.com/-vo3dSag_xI4khGkpoWK1HF6hhy/baike/c0%3Dbaike92%2C5%2C5%2C92%2C30/sign=ac48d4fbc2cec3fd9f33af27b7e1bf5a/a1ec08fa513d26974cb4216a54fbb2fb4316d8a5.jpg
https://gss2.bdstatic.com/9fo3dSag_xI4khGkpoWK1HF6hhy/baike/c0%3Dbaike92%2C5%2C5%2C92%2C30/sign=2335afd99d82d158af8f51e3e16372bd/8718367adab44aeddc4f97d3b21c8701a18bfb80.jpg
