
http://botany.szu.edu.cn/pic/fenlei/qiniangshan%20jpg/%E9%BB%84%E6%A7%BF%20hibiscus%20tiliaceus%20%E8%A7%82%E8%B5%8F%E6%A4%8D%E7%89%A9.jpg	http://botany.szu.edu.cn/Photo_Show.asp?PhotoID=297
http://www.baihuamen.com/d/file/2014/05-24/f24481314e83128f76d17905f564d21c.jpg	http://www.baihuamen.com/huangjin/
http://1.bp.blogspot.com/-rLDSkEA8On8/Vkbl1JTcR-I/AAAAAAAAmic/M2-o8b1mJJg/s1600/DSC01361.JPG	http://aeni1203.pixnet.net/blog/post/311152947-%E9%BB%83%E6%A7%BF
https://gss3.bdstatic.com/-Po3dSag_xI4khGkpoWK1HF6hhy/baike/s%3D220/sign=4a114023d143ad4ba22e41c2b2035a89/060828381f30e9242bbb21b74c086e061d95f71d.jpg	https://baike.baidu.com/item/%E9%BB%84%E6%A7%BF
http://img28.hc360.cn/28/busin/142/155/b/28-142155658.jpg	http://b2b.hc360.com/supplyself/174520982.html
http://thub.sssccc.net/%E5%9B%BE%E7%89%87%E7%B4%A0%E6%9D%90/high/%E5%9B%AD%E6%9E%97/%E6%B0%B4%E8%BE%B9%E7%B1%BB/%E9%BB%84%E6%A7%BF3.jpg	http://www.sssccc.net/source/227089.shtml
http://a3.att.hudong.com/41/25/01100000000000144766257890981_s.jpg	http://www.baike.com/wiki/%E9%BB%84%E6%A7%BF
http://202.116.160.98:8000/course/ylshmx/tpzy/%E6%A0%A1%E5%9B%AD%E6%A4%8D%E7%89%A9/%E6%A0%A1%E5%9B%AD%E6%A4%8D%E7%89%A9/nEO_IMG_%E9%94%A6%E8%91%B5%E7%A7%91-%E9%BB%84%E6%A7%BF.jpg	http://202.116.160.98:8000/course/ylshmx/tpzy/%E6%A0%A1%E5%9B%AD%E6%A4%8D%E7%89%A9/%E6%A0%A1%E5%9B%AD%E6%A4%8D%E7%89%A9/page_6.htm
http://www.china-mangrove.org/uploads/page/20130815/13765654831118.png	http://www.china-mangrove.org/page/3982
http://sowhc.sow.org.tw/html/observation/sea/plant/202/m201.JPG	http://sowhc.sow.org.tw/html/observation/sea/plant/202/202.htm
http://a2.att.hudong.com/45/25/01100000000000144766257511386_s.jpg	http://www.baike.com/wiki/%E9%BB%84%E6%A7%BF
http://img.boqiicdn.com/Data/BK/P/imagick42781447667331.jpg	http://m.boqii.com/entry/detail/2224.html
http://a3.att.hudong.com/74/25/01100000000000144766257548940_s.jpg	http://www.baike.com/wiki/%E9%BB%84%E6%A7%BF
https://img.lrgarden.com/feed_pic/9/18/1000273161_1000014626_1499066450.jpg	https://www.lrgarden.com/topic/view/id-1000000999.html
http://www.baihuamen.com/d/file/2014/05-24/40ec3b321e9baafe3d7066723d2f08f6.jpg	http://www.baihuamen.com/huangjin/
http://hges.tn.edu.tw/Old1402/InformationS/scplant/image/%E9%BB%83%E6%A7%BF1-1.JPG	http://hges.tn.edu.tw/Old1402/InformationS/scplant/04/4-11/4-11.htm
http://sowhc.sow.org.tw/html/observation/sea/plant/202/m04.JPG	http://sowhc.sow.org.tw/html/observation/sea/plant/202/202.htm
http://wetlandpark.gov.hk/images/wcms/biodiversity_mangroves_03.jpg	http://sc.afcd.gov.hk/gb/wetlandpark.gov.hk/tc/biodiversity/wildlife/mangroves/details/mangroves_03.asp
http://www.yuanlin.com/flora/UpLoadFile/2015-5/20155181338297084.jpg	http://www.yuanlin.com/flora/Detail/1424.html
https://upload.wikimedia.org/wikipedia/commons/7/71/Hibiscus_tiliaceus.jpg	https://zh.wikipedia.org/wiki/%E9%BB%83%E6%A7%BF
http://www.huayugu.com.cn/uploads/allimg/160216/1-1602161025450-L.jpg	http://m.huayugu.com.cn/list.php?tid=227
http://www.52yhua.com/uploads/allimg/170329/1-1F329222143.jpg	http://m.52yhua.com/mubentp/6832.html
http://www.baihuamen.com/d/file/2014/05-24/93046f64556ee78ca49633d804d4e37a.jpg	http://www.baihuamen.com/huangjin/16179_9.html
http://wetlandpark.gov.hk/images/wcms/biodiversity_mangroves_06.jpg	http://sc.afcd.gov.hk/gb/wetlandpark.gov.hk/tc/biodiversity/wildlife/mangroves/details/mangroves_06.asp
http://www.neipet.com/wp-content/uploads/2016/06/huangjin.png	http://www.neipet.com/plant/25790.html
https://blackwalnut.npust.edu.tw/wp-content/uploads/2014/11/103%E9%BB%83%E6%A7%BF02.jpg	https://blackwalnut.npust.edu.tw/archives/305471
http://pic1.huashichang.com/2016/0108/23/568fd52a0639d.jpg	http://www.aihuhua.com/tupian/tupianjdr.html
https://gss1.bdstatic.com/9vo3dSag_xI4khGkpoWK1HF6hhy/baike/s%3D220/sign=9f51f80da6af2eddd0f14eebbd110102/574e9258d109b3de75da6263c6bf6c81800a4c50.jpg	https://baike.baidu.com/item/%E9%BB%84%E6%A7%BF
http://img.boqiicdn.com/Data/BK/A/1511/16/imagick31561447657512_y.jpg	http://www.boqii.com/entry/detail/2224.html
https://i.ytimg.com/vi/4j2tiMD_kl4/maxresdefault.jpg	https://www.youtube.com/watch?v=4j2tiMD_kl4
http://pic.pimg.tw/hjlee0301/14ca9a6eebf821e837802169504be201.jpg	http://hjlee0301.pixnet.net/blog/post/20776058-%E9%96%8B%E8%91%97%E9%BB%83%E8%8A%B1%E7%9A%84%E6%BF%B1%E6%B5%B7%E5%96%AC%E6%9C%A8%E9%BB%83%E6%A7%BF
http://img.boqiicdn.com/Data/BK/A/1511/16/imagick95801447657970_y.jpg	http://www.boqii.com/entry/detail/2224.html
http://www.baihuamen.com/d/file/2014/05-24/241f31db99943de64f2be7b85a7a0e1a.jpg	http://www.baihuamen.com/huangjin/16179_17.html
http://www.zxhm2.com/upLoadFile/20169288145.jpg	http://www.zxhm2.com/pro_detail145.html
http://pic1.huashichang.com/2016/0108/23/568fd52147de2.jpg	http://www.aihuhua.com/tupian/tupianjdl.html
http://www.shucity.cn/wordpress/wp-content/uploads/2016/08/%E9%BB%84%E6%A7%BF2-300x300.jpg	http://www.shucity.cn/wordpress/category/%E5%B8%B8%E7%BB%BF%E4%B9%94%E6%9C%A8/%E9%BB%84%E6%A7%BF
http://pic1.huashichang.com/2016/0108/23/568fd51aa3dab.jpg	http://m.aihuhua.com/tupian/tupianjdh.html
https://www.twtainan.net/Utility/DisplayImage?id=37078&u=attraction-200x150	https://www.twtainan.net/zh-cn/Multimedia/Album/11385/%E6%B0%B4%E9%BB%84%E7%9A%AE-%E5%A4%A7%E5%8F%B6%E6%A6%84%E4%BB%81-%E9%BB%84%E6%A7%BF%E7%BB%BF%E8%89%B2%E9%9A%A7%E9%81%93
http://www.baihuamen.com/d/file/2014/05-24/c072636a2f7d33e5219655dbf197fd9c.jpg	http://www.baihuamen.com/huangjin/16179_11.html
https://upload.wikimedia.org/wikipedia/commons/thumb/0/09/HK_KowloonPark_Hibiscus_tiliaceus.JPG/200px-HK_KowloonPark_Hibiscus_tiliaceus.JPG	https://zh.wikipedia.org/wiki/%E9%BB%83%E6%A7%BF
http://xinyaaa.com/e/upload/s1/fck/image/2017/01/03/2223542485.jpg	http://xinyaaa.com/index.aspx?lanmuid=67&sublanmuid=699&id=526
http://zydyl.com.cn/kindeditor/attached/image/20150828/201508281540399300.jpg	http://zydyl.com.cn/ProShow.aspx?SortID=2&PID=114
https://lh3.googleusercontent.com/W7AvGaz-At0qyD2eS5pqlnfedWRKadUEihIeKZCnHPJhCclYb9yha56MLSLY0GL-xHq8bKqgmBXLUd0okBrx6NnjbmXVeyvG4k9d5hzi3fqsco9ylJdSyMNnAacV3sUxQrJWf6Du0P6FYEiLvlLg5uvPlD8X-seX3kClafw5XRj10go7Twi4y0KDW_UyTkmtY2c8rKRGZFs0P-9ZbllCfs4xZCdoPaI-O0uXJxyAsD31y5BvVkX3rC-dDCfqnk87rGIqbGRIoA_SivqNLoj8XU7JLqTdA1FbaRp2gWN4JuxJ_56-A1uNeow_U1X09Gyx6xsqJRW6IpJ5mzy5iVBVVf2dWrQJcnYR0QFV3xUl2w2Q_-QA93oUWsi15SY6lsnJKTTdQ0HSim08BlHAH2aXf6FfouKuGXwbV-BxK7HldaAKG0KrpmEBJea8l-qglO-h0FPP_GPOIMAaUq-Vcziw7ubkzPkm5Yux_4C_fNZKfWXfN-ej5YLN97Jyb7W8ftXvvFdCs6ew6xiPn_hSJB1BzYI4kU09FqY-Tnv2eyCVYT5866wQZVAiNlJSMAUgUbAY4Vr0le4I7OyGAukVC4TWzM9mJUE-BmDmKvQDQrQOHxKdplQm=w1268-h882-no	https://sites.google.com/a/mail.yses.tyc.edu.tw/plant/6ji-su-bing-yuan/huang-jin
http://a4.att.hudong.com/62/89/20300000164151143279893833764_s.jpg	http://www.baike.com/wiki/%E6%81%92%E6%98%A5%E9%BB%84%E6%A7%BF
http://a3.att.hudong.com/78/25/01100000000000144766257836408_s.jpg	http://www.baike.com/wiki/%E9%BB%84%E6%A7%BF
http://zydyl.com.cn/kindeditor/attached/image/20150828/201508281540392269.jpg	http://zydyl.com.cn/ProShow.aspx?SortID=2&PID=114
http://www.baihuamen.com/d/file/2014/05-24/6f608f9fff937d7f5d6e09688c027ac6.jpg	http://www.baihuamen.com/huangjin/16179_18.html
https://cdn.huaniaoy.cn/20160507/original/1462552772604.jpg@!picb	https://www.huaniaoy.com/yanghu/124557
https://cdn.pixabay.com/photo/2016/07/13/15/58/portia-tree-1514840_960_720.jpg	https://pixabay.com/zh/%E9%B2%8D%E8%A5%BF%E5%A8%85%E6%A0%91-%E8%8A%B1-%E6%81%92%E6%98%A5%E9%BB%84%E6%A7%BF-%E6%80%A7%E8%B4%A8-%E8%8A%B1%E6%A0%91-1514840/
http://a0.att.hudong.com/43/25/01100000000000144766258167958_s.jpg	http://www.baike.com/wiki/%E9%BB%84%E6%A7%BF
http://202.116.160.98:8000/course/ylshmx/tpzy/%E6%A0%A1%E5%9B%AD%E6%A4%8D%E7%89%A9/%E6%A0%A1%E5%9B%AD%E6%A4%8D%E7%89%A9/nEO_IMG_%E9%94%A6%E8%91%B5%E7%A7%91-%E9%BB%84%E6%A7%BF%20(%E6%9E%9C).jpg	http://202.116.160.98:8000/course/ylshmx/tpzy/%E6%A0%A1%E5%9B%AD%E6%A4%8D%E7%89%A9/%E6%A0%A1%E5%9B%AD%E6%A4%8D%E7%89%A9/page_6.htm
http://www.huayugu.com.cn/uploads/allimg/160216/1-1602160939430-L.jpg	http://www.huayugu.com.cn/huangjin/8539.html
http://s1.sinaimg.cn/middle/62a6efe5n975502514be0&690&690	http://blog.sina.com.cn/s/blog_62a6efe50100oxb6.html
http://360mm.cc/file/upload/201405/27/22-18-16-57-1.jpg	http://www.360mm.cc/huahui/show-htm-itemid-170.html
http://pic.pimg.tw/aak805/1387471320-3511625096_n.jpg	http://aak805.pixnet.net/blog/post/243997061-%E9%BB%84%E6%A7%BF%E7%9B%86%E6%A0%BD%E9%80%A0%E5%BD%A2%E5%89%B5%E4%BD%9C%E3%80%903%E3%80%91--2010-11-24-
http://zydyl.com.cn/kindeditor/attached/image/20150828/201508281540382894.jpg	http://zydyl.com.cn/ProShow.aspx?SortID=2&PID=114
http://images.nongmiao.com/big/baike/2014/08/30/19/1408301935542371.jpg	http://www.nongmiao.com/baike/huangjin.html
http://www.yiyigreen.com:8078/web/app/upload/yiyid6668201411291132351417231955554%E9%BB%84%E6%A7%BF%20(1).jpg	http://www.yiyigreen.com/Product/Detail/index/id/27628.html
https://cdn.huaniaoy.cn/20160507/original/1462552772769.jpg@!picb	https://www.huaniaoy.com/yanghu/124557
http://pic.pimg.tw/cleyera08/1379720944-96101897.jpg?v=1379720945	http://cleyera08.pixnet.net/blog/post/248112380-%E9%BB%83%E6%A7%BF
https://cbu01.alicdn.com/img/ibank/2015/693/947/2352749396_1172577516.400x400.jpg	http://detail.1688.com/offer/897128635.html
http://%E5%8F%B0%E7%81%A3%E7%9B%86%E6%A0%BD%E4%B8%96%E7%95%8C.tw/uCweb/109/CProduct/1388125779_XL.jpg	http://xn--rhq85lq1tnvhwlgzmc.tw/cweb.php?bzId=109&c=product&proId=6249
http://p.ayxbk.com/images/thumb/4/45/Bkdal.jpg/220px-Bkdal.jpg	http://www.a-hospital.com/w/%E9%BB%84%E6%A7%BF
http://www.yiyigreen.com:8078/web/app/upload//huangjin96334/96334%20(3).jpg	http://www.yiyigreen.com/product/detail/index/id/18924.html
http://www.yiyigreen.com:8078/web/app/upload/product/yiyid20151022215829509.jpg	http://www.yiyigreen.com/Product/Detail/index/id/33209.html
http://7.blog.xuite.net/7/4/e/4/11253733/blog_227360/txt/18409134/17.jpg	http://blog.xuite.net/e2202778/boaboa/18409134-%E9%BB%83%E6%A7%BF
http://s1.sinaimg.cn/bmiddle/499164f3g6240f33d0f60	http://blog.sina.com.cn/s/blog_499164f30100dax1.html
http://www.yiyigreen.com:8078/web/app/upload/product/yiyid20160325101408876.jpg	http://www.yiyigreen.com/Product/Detail/index/id/35348.html
http://upload-images.jianshu.io/upload_images/4096112-48f42ba1b2d8b62f.JPG?imageMogr2/auto-orient/strip%7CimageView2/2/w/1240	http://www.jianshu.com/p/8bc1604ae396
http://img.028hmw.com/pic/user/2015411145221241.jpg	http://www.028hmw.com/hm/18769.html
http://s11.sinaimg.cn/bmiddle/499164f3g6240f0aab91a	http://blog.sina.com.cn/s/blog_499164f30100dax1.html
http://www.baihuamen.com/d/file/2014/05-24/329e517992cc01dab676023eb36ef7cf.jpg	http://www.baihuamen.com/huangjin/16179_16.html
http://img1.3lian.com/2015/a2/223/d/124.jpg	http://www.3lian.com/gif/2015/12-15/107639.html
http://www.yiyigreen.com:8078/web/app/upload/yiyid6123201411291132351417231955632%E9%BB%84%E6%A7%BF%20(5).jpg	http://www.yiyigreen.com/Product/Detail/index/id/27628.html
http://img.album.toocle.com/0-0-1/2012/06/22/toocle/album/91/4fe4193a6c691.jpg	http://2326961.s.toocle.com/product-12310313.html
http://meda.ntou.edu.tw/mpedia/thumb/1-0040-picture_480.jpg	http://meda.ntou.edu.tw/mpedia/?t=1&i=0040
https://photo.tuchong.com/1449510/f/22181484.jpg	https://tuchong.com/1449510/13466883/
https://gss3.bdstatic.com/7Po3dSag_xI4khGkpoWK1HF6hhy/baike/s%3D220/sign=d25438c0b8fb43161e1f7d7810a44642/faf2b2119313b07e25b9080306d7912397dd8cb1.jpg	https://baike.baidu.com/item/%E9%BB%84%E6%A7%BF
http://hslnr.forestry.gov.cn/publicfiles/business/htmlfiles/zjkhslbhq/cmsmedia/image/2013/11/img32430.jpg	http://hslnr.forestry.gov.cn/publicfiles/business/htmlfiles/zjkhslbhq/s17463/201312/27236.html
http://www.itaomiao.com/img/nursery/2016/11/01/20/1478002056565shuS.png	http://www.itaomiao.com/supply/supplyInfo.itm?code=0000000000113691
http://www.51hm.cn/zwpic/%E9%BB%84%E6%A7%BF1.jpg	http://www.51hm.cn/zw/zwshow.asp?zwid=1012
http://zlyl.cnhmsq.com/Data/ProductPhoto/2012/02/17/Show_20122171134538927.jpg	http://zlyl.cnhmsq.com/9/ProductSaleShowContent.asp?ProductSaleID=299834
http://www.yiyigreen.com:8078/web/app/upload//huangjin96335/96335%20(3).jpg	http://www.yiyigreen.com/product/detail/index/id/18925.html
http://www.yiyigreen.com:8078/web/app/upload/product/yiyid20151013110729370.jpg	http://www.yiyigreen.com/Product/Detail/index/id/32858.html
http://www.baihuamen.com/d/file/2014/05-24/9064a1763a06636ecbc6e9e9e449ae66.jpg	http://www.baihuamen.com/huangjin/16179_20.html
http://www.yiyigreen.com:8078/web/app/upload/product/yiyid20151104164541497.jpg	http://www.yiyigreen.com/Product/Detail/index/id/33532.html
http://www.yiyigreen.com:8078/web/app/upload//huangjin96335/96335%20(1).jpg	http://www.yiyigreen.com/product/detail/index/id/18925.html
http://360mm.cc/file/upload/201501/09/20-57-17-71-1.jpg	http://www.360mm.cc/news/show-htm-itemid-8329.html
http://img.boqiicdn.com/Data/BK/P/imagick8451447667211.jpg	http://www.boqii.com/entry/detail/2224.html
http://www.fpcn.net/uploads/allimg/131016/2-1310161U135b7.JPG	http://www.fpcn.net/a/qiaomu/20131016/Hibiscus_tiliaceus.html
http://6.blog.xuite.net/6/1/7/6/16970365/blog_1120766/txt/17588633/1.jpg	http://blog.xuite.net/a147b480c285/0325/17588633-%E9%BB%83%E6%A7%BF
http://www.yiyigreen.com:8078/web/app/upload/yiyid2980201501151110461421291446454%E9%BB%84%E6%A7%BF%20(3).jpg	http://www.yiyigreen.com/Product/Detail/index/id/29097.html
http://pic28.nipic.com/20130414/779788_143205014375_2.jpg	http://www.nipic.com/show/3/88/7853007k7054e5ad.html
http://thub.sssccc.net/%E5%9B%BE%E7%89%87%E7%B4%A0%E6%9D%90/high/%E5%9B%AD%E6%9E%97/%E6%B0%B4%E8%BE%B9%E7%B1%BB/%E9%BB%84%E6%A7%BF1.jpg	http://www.sssccc.net/source/227087.shtml
http://thub.sssccc.net/%E5%9B%BE%E7%89%87%E7%B4%A0%E6%9D%90/high/%E5%9B%AD%E6%9E%97/%E6%B0%B4%E8%BE%B9%E7%B1%BB/%E9%BB%84%E6%A7%BF4.jpg	http://www.sssccc.net/source/227090.shtml
http://blog.htps.tn.edu.tw/sphsph/attachments/201107/0590670841.jpg	http://blog.htps.tn.edu.tw/sphsph/index.php?load=read&id=40
http://thub.sssccc.net/%E5%9B%BE%E7%89%87%E7%B4%A0%E6%9D%90/high/%E5%9B%AD%E6%9E%97/%E6%B0%B4%E8%BE%B9%E7%B1%BB/%E9%BB%84%E6%A7%BF2.jpg	http://www.sssccc.net/source/227088.shtml
http://www.xianjingguan.com/attach.php?r=MjAxMy0wNi0xOC8xMzcxNTQwNDA3ZlV5Ui5qcGcsMCwwLDEsNTYyYjYx	http://www.xianjingguan.com/index.php?Article-index-id-3.html
http://pic.pimg.tw/aak805/1387436984-2622588036_n.jpg	http://aak805.pixnet.net/blog/post/243989786-%E9%BB%83%E6%A7%BF%E7%9B%86%E6%A0%BD%E3%80%90%E6%95%B4%E5%A7%BF%E9%85%8D%E7%9B%86%E3%80%91--2010-08-20
http://www.tulaoer.org/5-Images/3-Bio/P/Thespesia_populnea/20140302_1040x.jpg	http://www.tulaoer.org/3-Biology/P/Thespesia.html
