
https://gss1.bdstatic.com/9vo3dSag_xI4khGkpoWK1HF6hhy/baike/c0%3Dbaike116%2C5%2C5%2C116%2C38/sign=9cf70242b2b7d0a26fc40ccfaa861d6c/e61190ef76c6a7efffd8c6d6fdfaaf51f2de6647.jpg
https://gss1.bdstatic.com/9vo3dSag_xI4khGkpoWK1HF6hhy/baike/c0%3Dbaike116%2C5%2C5%2C116%2C38/sign=60fce3ce7bec54e755e1124cd851f035/9825bc315c6034a81f1cd671cb13495408237647.jpg
https://gss3.bdstatic.com/7Po3dSag_xI4khGkpoWK1HF6hhy/baike/c0%3Dbaike116%2C5%2C5%2C116%2C38/sign=fefbc0904fc2d562e605d8bf8678fb8a/ca1349540923dd54118dc998d109b3de9d824847.jpg
https://gss1.bdstatic.com/-vo3dSag_xI4khGkpoWK1HF6hhy/baike/c0%3Dbaike116%2C5%2C5%2C116%2C38/sign=c4e6e7f15c6034a83defb0d3aa7a2231/960a304e251f95ca8c0bfc46c9177f3e66095247.jpg
https://gss2.bdstatic.com/-fo3dSag_xI4khGkpoWK1HF6hhy/baike/c0%3Dbaike116%2C5%2C5%2C116%2C38/sign=d94592d77f3e6709aa0d4dad5aaef458/ac6eddc451da81cb4718ed3d5266d01608243147.jpg

https://gss3.bdstatic.com/7Po3dSag_xI4khGkpoWK1HF6hhy/baike/c0%3Dbaike92%2C5%2C5%2C92%2C30/sign=52a6e580f3deb48fef64a98c9176514c/79f0f736afc37931a509f9c8ebc4b74542a911e9.jpg
https://gss0.bdstatic.com/94o3dSag_xI4khGkpoWK1HF6hhy/baike/c0%3Dbaike80%2C5%2C5%2C80%2C26/sign=1eb8026228381f308a1485fbc868276d/2e2eb9389b504fc255f5805fe5dde71191ef6dc5.jpg
https://gss2.bdstatic.com/-fo3dSag_xI4khGkpoWK1HF6hhy/baike/c0%3Dbaike80%2C5%2C5%2C80%2C26/sign=0018b1ebfcfaaf5190ee89eded3dff8b/aec379310a55b31925c79bb842a98226cefc17c4.jpg

https://gss2.bdstatic.com/-fo3dSag_xI4khGkpoWK1HF6hhy/baike/c0%3Dbaike116%2C5%2C5%2C116%2C38/sign=0cde22bd4a90f60310bd9415587bd87e/4d086e061d950a7b8454e0480ad162d9f3d3c9dd.jpg
https://gss1.bdstatic.com/-vo3dSag_xI4khGkpoWK1HF6hhy/baike/c0%3Dbaike150%2C5%2C5%2C150%2C50/sign=2350f0dc0c33874488c8272e3066b29c/ac345982b2b7d0a2d980aa11cbef76094a369af5.jpg
https://gss2.bdstatic.com/9fo3dSag_xI4khGkpoWK1HF6hhy/baike/c0%3Dbaike116%2C5%2C5%2C116%2C38/sign=a13f6d986b600c33e474d69a7b253a6a/5243fbf2b21193137a22513c65380cd790238ddd.jpg
https://gss0.bdstatic.com/94o3dSag_xI4khGkpoWK1HF6hhy/baike/c0%3Dbaike150%2C5%2C5%2C150%2C50/sign=69570c61a144ad343ab28fd5b1cb6791/ae51f3deb48f8c546c9a6ba33a292df5e1fe7ff5.jpg
https://gss0.bdstatic.com/94o3dSag_xI4khGkpoWK1HF6hhy/baike/c0%3Dbaike150%2C5%2C5%2C150%2C50/sign=854d9a553901213fdb3e468e358e5db4/48540923dd54564e9a054ab5b3de9c82d0584fdd.jpg
https://gss3.bdstatic.com/-Po3dSag_xI4khGkpoWK1HF6hhy/baike/c0%3Dbaike180%2C5%2C5%2C180%2C60/sign=864b6646af51f3ded7bfb136f5879b7a/fc1f4134970a304e3e420e76d1c8a786c8175cdd.jpg
https://gss1.bdstatic.com/9vo3dSag_xI4khGkpoWK1HF6hhy/baike/c0%3Dbaike150%2C5%2C5%2C150%2C50/sign=bc6ada88970a304e462fa8a8b0a1cce3/80cb39dbb6fd526691639298ab18972bd50736f5.jpg
https://gss3.bdstatic.com/-Po3dSag_xI4khGkpoWK1HF6hhy/baike/c0%3Dbaike150%2C5%2C5%2C150%2C50/sign=e25428629c82d158af8f51e3e16372bd/c2fdfc039245d688e7621c28a4c27d1ed31b24dd.jpg
https://gss2.bdstatic.com/9fo3dSag_xI4khGkpoWK1HF6hhy/baike/c0%3Dbaike116%2C5%2C5%2C116%2C38/sign=84fd4f838794a4c21e2eef796f9d70b0/c995d143ad4bd113218519be5aafa40f4afb05f5.jpg
https://gss2.bdstatic.com/-fo3dSag_xI4khGkpoWK1HF6hhy/baike/c0%3Dbaike150%2C5%2C5%2C150%2C50/sign=d9e13f7e7d1ed21b6dc426b7cc07b6a1/79f0f736afc37931542028a5ebc4b74542a911f5.jpg
https://gss1.bdstatic.com/9vo3dSag_xI4khGkpoWK1HF6hhy/baike/c0%3Dbaike116%2C5%2C5%2C116%2C38/sign=f724940f0f2442a7ba03f5f7b02ac62e/1f178a82b9014a909f76e831a9773912b21beef6.jpg
https://gss2.bdstatic.com/-fo3dSag_xI4khGkpoWK1HF6hhy/baike/c0%3Dbaike150%2C5%2C5%2C150%2C50/sign=ef4f5340c3cec3fd9f33af27b7e1bf5a/72f082025aafa40f1da66051ab64034f79f019dd.jpg
https://gss0.bdstatic.com/-4o3dSag_xI4khGkpoWK1HF6hhy/baike/c0%3Dbaike150%2C5%2C5%2C150%2C50/sign=fcad6c8aafc3793169658e7b8aaddc20/b999a9014c086e0699c891c702087bf40bd1cbde.jpg
https://gss1.bdstatic.com/9vo3dSag_xI4khGkpoWK1HF6hhy/baike/c0%3Dbaike150%2C5%2C5%2C150%2C50/sign=328d81f0510fd9f9b41a5d3b4444bf4f/0df431adcbef7609924337132edda3cc7dd99ef6.jpg
https://gss0.bdstatic.com/-4o3dSag_xI4khGkpoWK1HF6hhy/baike/c0%3Dbaike150%2C5%2C5%2C150%2C50/sign=bf3e6d986b600c33e474d69a7b253a6a/a044ad345982b2b704ff974831adcbef77099bde.jpg
https://gss1.bdstatic.com/9vo3dSag_xI4khGkpoWK1HF6hhy/baike/c0%3Dbaike150%2C5%2C5%2C150%2C50/sign=5f5da14f3a87e950561afb3e71513826/37d12f2eb9389b50a69f4ede8535e5dde6116ede.jpg

https://gss1.bdstatic.com/-vo3dSag_xI4khGkpoWK1HF6hhy/baike/c0%3Dbaike80%2C5%2C5%2C80%2C26/sign=b3091675d0160924c828aa49b56e5e9f/6a63f6246b600c3382b0afeb1a4c510fd8f9a1c3.jpg
https://gss2.bdstatic.com/-fo3dSag_xI4khGkpoWK1HF6hhy/baike/c0%3Dbaike80%2C5%2C5%2C80%2C26/sign=2f9949626e061d95694b3f6a1a9d61b4/e4dde71190ef76c62177cb719d16fdfaae5167c6.jpg
