
https://gss2.bdstatic.com/-fo3dSag_xI4khGkpoWK1HF6hhy/baike/c0%3Dbaike150%2C5%2C5%2C150%2C50/sign=b7324092b919ebc4d4757ecbe34fa499/6f061d950a7b0208b5f7401668d9f2d3572cc80f.jpg
https://gss2.bdstatic.com/-fo3dSag_xI4khGkpoWK1HF6hhy/baike/crop%3D0%2C36%2C800%2C527%3Bc0%3Dbaike92%2C5%2C5%2C92%2C30/sign=4fac0051a944ad343af0ddc7ed9220c7/8c1001e93901213f6681ec605ce736d12e2e95d8.jpg
https://gss3.bdstatic.com/7Po3dSag_xI4khGkpoWK1HF6hhy/baike/c0%3Dbaike116%2C5%2C5%2C116%2C38/sign=4cfa4d643b12b31bd361c57be7715d1f/03087bf40ad162d9cda4b33f13dfa9ec8a13cd4f.jpg
https://gss1.bdstatic.com/-vo3dSag_xI4khGkpoWK1HF6hhy/baike/c0%3Dbaike150%2C5%2C5%2C150%2C50/sign=37289ec3372ac65c73086e219a9bd974/b8389b504fc2d562889a924ee51190ef77c66c86.jpg
https://gss2.bdstatic.com/9fo3dSag_xI4khGkpoWK1HF6hhy/baike/c0%3Dbaike80%2C5%2C5%2C80%2C26/sign=98d0a227a8d3fd1f2204aa6851274e7a/e824b899a9014c08745d19ac0a7b02087bf4f450.jpg
https://gss2.bdstatic.com/9fo3dSag_xI4khGkpoWK1HF6hhy/baike/c0%3Dbaike80%2C5%2C5%2C80%2C26/sign=dd76d03e35fae6cd18b9a3336eda6441/eaf81a4c510fd9f99d776460252dd42a2834a452.jpg
https://gss0.bdstatic.com/94o3dSag_xI4khGkpoWK1HF6hhy/baike/c0%3Dbaike80%2C5%2C5%2C80%2C26/sign=6576f9c3af51f3ded7bfb136f5879b7a/78310a55b319ebc44f2547908226cffc1e17165d.jpg
https://gss0.bdstatic.com/-4o3dSag_xI4khGkpoWK1HF6hhy/baike/c0%3Dbaike80%2C5%2C5%2C80%2C26/sign=b4b4f9264134970a537e187df4a3baad/a8014c086e061d95161c06317bf40ad162d9ca64.jpg
https://gss2.bdstatic.com/9fo3dSag_xI4khGkpoWK1HF6hhy/baike/c0%3Dbaike80%2C5%2C5%2C80%2C26/sign=b1e14bea2cdda3cc1fe9b07260805264/962bd40735fae6cd815e79140db30f2443a70fd9.jpg
https://gss2.bdstatic.com/9fo3dSag_xI4khGkpoWK1HF6hhy/baike/c0%3Dbaike92%2C5%2C5%2C92%2C30/sign=734251045bee3d6d36cb8f99227f0647/e1fe9925bc315c6016d7294c8fb1cb13485477d6.jpg
https://gss3.bdstatic.com/-Po3dSag_xI4khGkpoWK1HF6hhy/baike/c0%3Dbaike150%2C5%2C5%2C150%2C50/sign=51f1796719d5ad6ebef46cb8e0a252be/78310a55b319ebc434af343a8026cffc1f1716b9.jpg

https://gss3.bdstatic.com/7Po3dSag_xI4khGkpoWK1HF6hhy/baike/c0%3Dbaike80%2C5%2C5%2C80%2C26/sign=c0c8978e1f30e924dba994632d610563/b8389b504fc2d56242f55a6be71190ef77c66cb3.jpg
https://gss0.bdstatic.com/94o3dSag_xI4khGkpoWK1HF6hhy/baike/c0%3Dbaike80%2C5%2C5%2C80%2C26/sign=73bb47b7a18b87d6444fa34d6661435d/203fb80e7bec54e7f676ef98b9389b504ec26a9a.jpg
https://gss3.bdstatic.com/7Po3dSag_xI4khGkpoWK1HF6hhy/baike/c0%3Dbaike80%2C5%2C5%2C80%2C26/sign=bed4774b5266d0166a14967af642bf62/bf096b63f6246b608b3c46f2ebf81a4c510fa202.jpg
https://gss3.bdstatic.com/-Po3dSag_xI4khGkpoWK1HF6hhy/baike/c0%3Dbaike80%2C5%2C5%2C80%2C26/sign=317029e6352ac65c73086e219a9bd974/b812c8fcc3cec3fdf7f452f3d688d43f86942769.jpg
https://gss1.bdstatic.com/-vo3dSag_xI4khGkpoWK1HF6hhy/baike/c0%3Dbaike80%2C5%2C5%2C80%2C26/sign=f028107ea786c9171c0e5a6ba8541baa/7af40ad162d9f2d332ced069a9ec8a136227cc5d.jpg
https://gss3.bdstatic.com/7Po3dSag_xI4khGkpoWK1HF6hhy/baike/c0%3Dbaike80%2C5%2C5%2C80%2C26/sign=41576559ce1b9d169eca923392b7dfea/79f0f736afc379313dc471afebc4b74542a91183.jpg
https://gss0.bdstatic.com/-4o3dSag_xI4khGkpoWK1HF6hhy/baike/c0%3Dbaike80%2C5%2C5%2C80%2C26/sign=fa006b65fd1f4134f43a0d2c4476feaf/b999a9014c086e06418bc9cd02087bf40ad1cb11.jpg
https://gss1.bdstatic.com/9vo3dSag_xI4khGkpoWK1HF6hhy/baike/c0%3Dbaike80%2C5%2C5%2C80%2C26/sign=2083149c6059252db71a155655f2685e/d0c8a786c9177f3e9e730a8b70cf3bc79e3d56f5.jpg
https://gss0.bdstatic.com/94o3dSag_xI4khGkpoWK1HF6hhy/baike/c0%3Dbaike80%2C5%2C5%2C80%2C26/sign=f78ef3f8251f95cab2f89ae4a87e145b/1c950a7b02087bf46a55a16ff2d3572c10dfcfff.jpg
https://gss1.bdstatic.com/-vo3dSag_xI4khGkpoWK1HF6hhy/baike/c0%3Dbaike80%2C5%2C5%2C80%2C26/sign=84d9546ba144ad343ab28fd5b1cb6791/1ad5ad6eddc451da9431fa6db6fd5266d1163274.jpg
https://gss0.bdstatic.com/-4o3dSag_xI4khGkpoWK1HF6hhy/baike/c0%3Dbaike80%2C5%2C5%2C80%2C26/sign=fac89d583d6d55fbd1cb7e740c4b242f/5fdf8db1cb134954d57c19e2564e9258d0094ad2.jpg
https://gss0.bdstatic.com/-4o3dSag_xI4khGkpoWK1HF6hhy/baike/c0%3Dbaike80%2C5%2C5%2C80%2C26/sign=f45439a94134970a537e187df4a3baad/a8014c086e061d9556fcc6be7bf40ad163d9cafa.jpg
https://gss2.bdstatic.com/-fo3dSag_xI4khGkpoWK1HF6hhy/baike/c0%3Dbaike80%2C5%2C5%2C80%2C26/sign=61c810d48535e5dd8421ad8d17afcc8a/5bafa40f4bfbfbed856ec6f978f0f736afc31f04.jpg
https://gss0.bdstatic.com/94o3dSag_xI4khGkpoWK1HF6hhy/baike/c0%3Dbaike80%2C5%2C5%2C80%2C26/sign=c5906ae7f3deb48fef64a98c9176514c/0b55b319ebc4b7457bc34790cffc1e178b8215e4.jpg
https://gss0.bdstatic.com/-4o3dSag_xI4khGkpoWK1HF6hhy/baike/c0%3Dbaike80%2C5%2C5%2C80%2C26/sign=ae62cb421bd5ad6ebef46cb8e0a252be/9922720e0cf3d7ca07b2cff0f21fbe096a63a9f4.jpg
https://gss3.bdstatic.com/7Po3dSag_xI4khGkpoWK1HF6hhy/baike/c0%3Dbaike80%2C5%2C5%2C80%2C26/sign=3db4929a11dfa9ece9235e4503b99c66/f2deb48f8c5494ee3f78ff9f2df5e0fe98257eda.jpg
https://gss0.bdstatic.com/-4o3dSag_xI4khGkpoWK1HF6hhy/baike/c0%3Dbaike80%2C5%2C5%2C80%2C26/sign=d73fb3bf4b36acaf4ded9eae1db0e675/0824ab18972bd407292a237b7b899e510eb30942.jpg
https://gss0.bdstatic.com/94o3dSag_xI4khGkpoWK1HF6hhy/baike/c0%3Dbaike80%2C5%2C5%2C80%2C26/sign=57e06a7579310a55d029d6a6d62c28cc/5243fbf2b211931310a80f3665380cd790238d49.jpg
https://gss3.bdstatic.com/-Po3dSag_xI4khGkpoWK1HF6hhy/baike/c0%3Dbaike80%2C5%2C5%2C80%2C26/sign=e11934a9be096b63951456026d5aec21/b03533fa828ba61e438c3ba94134970a314e59d2.jpg
https://gss3.bdstatic.com/7Po3dSag_xI4khGkpoWK1HF6hhy/baike/c0%3Dbaike80%2C5%2C5%2C80%2C26/sign=a9abdb230a7b020818c437b303b099b6/91ef76c6a7efce1b5abb3b4caf51f3deb58f65a0.jpg
https://gss0.bdstatic.com/-4o3dSag_xI4khGkpoWK1HF6hhy/baike/c0%3Dbaike80%2C5%2C5%2C80%2C26/sign=d6b616a00924ab18f41be96554938da8/f7246b600c3387446f28dcfa510fd9f9d62aa043.jpg
https://gss0.bdstatic.com/94o3dSag_xI4khGkpoWK1HF6hhy/baike/c0%3Dbaike80%2C5%2C5%2C80%2C26/sign=f57e177ea786c9171c0e5a6ba8541baa/7af40ad162d9f2d33798d769a9ec8a136227ccaf.jpg
https://gss3.bdstatic.com/7Po3dSag_xI4khGkpoWK1HF6hhy/baike/c0%3Dbaike80%2C5%2C5%2C80%2C26/sign=ecb054398c5494ee932f074b4c9c8b9b/eac4b74543a98226d092fea18a82b9014b90ebe1.jpg
https://gss1.bdstatic.com/-vo3dSag_xI4khGkpoWK1HF6hhy/baike/c0%3Dbaike80%2C5%2C5%2C80%2C26/sign=3bc5e7be28381f308a1485fbc868276d/2e2eb9389b504fc270886583e5dde71191ef6d65.jpg
https://gss3.bdstatic.com/-Po3dSag_xI4khGkpoWK1HF6hhy/baike/c0%3Dbaike80%2C5%2C5%2C80%2C26/sign=bbe7e992ab18972bb737089887a410ec/6a600c338744ebf871bdb1b9d9f9d72a6159a76c.jpg
https://gss2.bdstatic.com/-fo3dSag_xI4khGkpoWK1HF6hhy/baike/c0%3Dbaike80%2C5%2C5%2C80%2C26/sign=dab0aa4dfbedab64607f4592965fc4a6/3bf33a87e950352ab8e3f18e5343fbf2b3118bb2.jpg
https://gss1.bdstatic.com/-vo3dSag_xI4khGkpoWK1HF6hhy/baike/c0%3Dbaike80%2C5%2C5%2C80%2C26/sign=f008d765d539b60059c307e588395e4f/d000baa1cd11728ba2d658a4c8fcc3cec2fd2cb9.jpg
https://gss3.bdstatic.com/7Po3dSag_xI4khGkpoWK1HF6hhy/baike/c0%3Dbaike80%2C5%2C5%2C80%2C26/sign=f70ad62d033b5bb5aada28ac57babe5c/c83d70cf3bc79f3d27e233b6baa1cd11728b2931.jpg
https://gss1.bdstatic.com/-vo3dSag_xI4khGkpoWK1HF6hhy/baike/c0%3Dbaike80%2C5%2C5%2C80%2C26/sign=79d76fa601e93901420f856c1a853f82/7a899e510fb30f2447a93b85c895d143ad4b0300.jpg
https://gss3.bdstatic.com/-Po3dSag_xI4khGkpoWK1HF6hhy/baike/c0%3Dbaike80%2C5%2C5%2C80%2C26/sign=6657777cd1c8a786aa27425c0660a258/03087bf40ad162d9b19bb59a11dfa9ec8a13cd3b.jpg

https://gss0.bdstatic.com/94o3dSag_xI4khGkpoWK1HF6hhy/baike/c0%3Dbaike150%2C5%2C5%2C150%2C50/sign=df33f211462309f7f362a54013676796/342ac65c103853436b8b60a49313b07ecb8088eb.jpg
https://gss1.bdstatic.com/9vo3dSag_xI4khGkpoWK1HF6hhy/baike/c0%3Dbaike150%2C5%2C5%2C150%2C50/sign=b1dd949609f79052fb124f6c6d9abcaf/c75c10385343fbf2236841a6b07eca8064388feb.jpg
https://gss2.bdstatic.com/9fo3dSag_xI4khGkpoWK1HF6hhy/baike/c0%3Dbaike150%2C5%2C5%2C150%2C50/sign=d45adb4290529822113e3191b6a310ae/11385343fbf2b211016a62cbca8065380dd78eeb.jpg
https://gss2.bdstatic.com/-fo3dSag_xI4khGkpoWK1HF6hhy/baike/c0%3Dbaike116%2C5%2C5%2C116%2C38/sign=fa74e74fe6cd7b89fd6132d16e4d29c2/b64543a98226cffc30645837b9014a90f703eaed.jpg
https://gss3.bdstatic.com/7Po3dSag_xI4khGkpoWK1HF6hhy/baike/c0%3Dbaike150%2C5%2C5%2C150%2C50/sign=6a0fd8ce02087bf469e15fbb93ba3c49/6a63f6246b600c33f0de394d1a4c510fd8f9a194.jpg

https://gss0.bdstatic.com/94o3dSag_xI4khGkpoWK1HF6hhy/baike/c0%3Dbaike92%2C5%2C5%2C92%2C30/sign=b836ec86e924b899ca31716a0f6f76f0/55e736d12f2eb9380b5ebc74d5628535e5dd6f01.jpg
https://gss0.bdstatic.com/-4o3dSag_xI4khGkpoWK1HF6hhy/baike/c0%3Dbaike150%2C5%2C5%2C150%2C50/sign=7d4fc69cc65c10383073c690d378f876/9a504fc2d562853571c214a790ef76c6a7ef6312.jpg
https://gss0.bdstatic.com/94o3dSag_xI4khGkpoWK1HF6hhy/baike/c0%3Dbaike92%2C5%2C5%2C92%2C30/sign=9264f1be7bf40ad101e9cfb136457aba/e4dde71190ef76c63ff03dad9d16fdfaaf516712.jpg
https://gss1.bdstatic.com/9vo3dSag_xI4khGkpoWK1HF6hhy/baike/c0%3Dbaike150%2C5%2C5%2C150%2C50/sign=62fc41a79313b07ea9b0585a6dbefa46/e61190ef76c6a7ef57156ea0fdfaaf51f3de6601.jpg
https://gss3.bdstatic.com/7Po3dSag_xI4khGkpoWK1HF6hhy/baike/c0%3Dbaike92%2C5%2C5%2C92%2C30/sign=8ec05a5a8a13632701e0ca61f0e6cb89/fcfaaf51f3deb48f134b6758f01f3a292df57812.jpg
https://gss0.bdstatic.com/94o3dSag_xI4khGkpoWK1HF6hhy/baike/c0%3Dbaike116%2C5%2C5%2C116%2C38/sign=f1ed47f6d11373f0e13267cdc566209e/a8773912b31bb051d8b76ca5367adab44bede0a8.jpg
https://gss2.bdstatic.com/-fo3dSag_xI4khGkpoWK1HF6hhy/baike/c0%3Dbaike150%2C5%2C5%2C150%2C50/sign=ce79e247513d26973ade000f3492d99e/023b5bb5c9ea15ce58463f84b6003af33b87b297.jpg
https://gss3.bdstatic.com/-Po3dSag_xI4khGkpoWK1HF6hhy/baike/c0%3Dbaike150%2C5%2C5%2C150%2C50/sign=eb48739f720e0cf3b4fa46a96b2f997a/faf2b2119313b07eb19a8e850cd7912397dd8c1c.jpg
https://gss3.bdstatic.com/-Po3dSag_xI4khGkpoWK1HF6hhy/baike/c0%3Dbaike150%2C5%2C5%2C150%2C50/sign=9021b008c9ea15ce55e3e85bd7695196/00e93901213fb80ee8f6bf5a36d12f2eb938941c.jpg
https://gss1.bdstatic.com/9vo3dSag_xI4khGkpoWK1HF6hhy/baike/c0%3Dbaike150%2C5%2C5%2C150%2C50/sign=3ec74af9ad345982d187edc06d9d5ac8/f2deb48f8c5494ee5905d1942df5e0fe99257e1c.jpg
https://gss2.bdstatic.com/9fo3dSag_xI4khGkpoWK1HF6hhy/baike/c0%3Dbaike150%2C5%2C5%2C150%2C50/sign=594aa47fd562853586edda73f1861da3/6d81800a19d8bc3e732fd847828ba61ea8d3451c.jpg
https://gss0.bdstatic.com/94o3dSag_xI4khGkpoWK1HF6hhy/baike/c0%3Dbaike150%2C5%2C5%2C150%2C50/sign=7bcf1050ab64034f1bc0ca54ceaa1254/060828381f30e92488ad42bc4c086e061d95f736.jpg

https://gss0.bdstatic.com/94o3dSag_xI4khGkpoWK1HF6hhy/baike/c0%3Dbaike92%2C5%2C5%2C92%2C30/sign=fa6d2cf4d6ca7bcb6976cf7ddf600006/b2de9c82d158ccbfe4e2a00d18d8bc3eb13541ae.jpg
https://gss0.bdstatic.com/94o3dSag_xI4khGkpoWK1HF6hhy/baike/c0%3Dbaike92%2C5%2C5%2C92%2C30/sign=b36874e037d12f2eda08a6322eabbe07/0eb30f2442a7d9330011f144ac4bd11373f0014f.jpg
https://gss1.bdstatic.com/9vo3dSag_xI4khGkpoWK1HF6hhy/baike/c0%3Dbaike92%2C5%2C5%2C92%2C30/sign=76d5d3d9b58f8c54f7decd7d5b404690/f636afc379310a556a9dcbc3b64543a98226104f.jpg
https://gss3.bdstatic.com/-Po3dSag_xI4khGkpoWK1HF6hhy/baike/c0%3Dbaike92%2C5%2C5%2C92%2C30/sign=5357dd184034970a537e187df4a3baad/29381f30e924b89952856c0f6f061d950a7bf648.jpg
https://gss2.bdstatic.com/9fo3dSag_xI4khGkpoWK1HF6hhy/baike/c0%3Dbaike92%2C5%2C5%2C92%2C30/sign=7b469c365d6034a83defb0d3aa7a2231/cefc1e178a82b901a8f3d604728da9773912efaf.jpg
https://gss2.bdstatic.com/9fo3dSag_xI4khGkpoWK1HF6hhy/baike/c0%3Dbaike80%2C5%2C5%2C80%2C26/sign=236a93d99d82d158af8f51e3e16372bd/2f738bd4b31c870153e8a7d1267f9e2f0708ffaf.jpg
https://gss2.bdstatic.com/-fo3dSag_xI4khGkpoWK1HF6hhy/baike/c0%3Dbaike92%2C5%2C5%2C92%2C30/sign=b0d42fb40e2442a7ba03f5f7b02ac62e/1b4c510fd9f9d72a4edc052ad52a2834349bbb48.jpg
https://gss3.bdstatic.com/7Po3dSag_xI4khGkpoWK1HF6hhy/baike/c0%3Dbaike92%2C5%2C5%2C92%2C30/sign=ce5950c83ac79f3d9becec62dbc8a674/63d9f2d3572c11dfae88aa14622762d0f703c2af.jpg
https://gss2.bdstatic.com/-fo3dSag_xI4khGkpoWK1HF6hhy/baike/c0%3Dbaike92%2C5%2C5%2C92%2C30/sign=b886538aa8773912d02b8d339970ed7d/a044ad345982b2b79e272cf330adcbef76099b48.jpg
https://gss0.bdstatic.com/94o3dSag_xI4khGkpoWK1HF6hhy/baike/c0%3Dbaike92%2C5%2C5%2C92%2C30/sign=feaa270f29381f308a1485fbc868276d/b90e7bec54e736d14fab993f9a504fc2d5626948.jpg
https://gss1.bdstatic.com/-vo3dSag_xI4khGkpoWK1HF6hhy/baike/c0%3Dbaike92%2C5%2C5%2C92%2C30/sign=1755d704908fa0ec6bca6c5f47fe328b/8d5494eef01f3a295870c0f99825bc315c607c48.jpg
https://gss2.bdstatic.com/9fo3dSag_xI4khGkpoWK1HF6hhy/baike/c0%3Dbaike92%2C5%2C5%2C92%2C30/sign=cdcf00a3472309f7f362a54013676796/48540923dd54564e10ddf10eb2de9c82d1584f48.jpg
https://gss2.bdstatic.com/-fo3dSag_xI4khGkpoWK1HF6hhy/baike/c0%3Dbaike92%2C5%2C5%2C92%2C30/sign=308c4b64f7246b606f03ba268a917129/18d8bc3eb13533fa0c0e8619a9d3fd1f41345b48.jpg

https://gss1.bdstatic.com/-vo3dSag_xI4khGkpoWK1HF6hhy/baike/c0%3Dbaike150%2C5%2C5%2C150%2C50/sign=ee75a1e0ca8065386fe7ac41f6b4ca21/77c6a7efce1b9d16809cbecff3deb48f8d5464c0.jpg
https://gss2.bdstatic.com/-fo3dSag_xI4khGkpoWK1HF6hhy/baike/c0%3Dbaike150%2C5%2C5%2C150%2C50/sign=ce18db1e65380cd7f213aabfc02dc651/a6efce1b9d16fdfad137e240b48f8c5495ee7bc0.jpg

https://gss3.bdstatic.com/-Po3dSag_xI4khGkpoWK1HF6hhy/baike/c0%3Dbaike92%2C5%2C5%2C92%2C30/sign=7c53c923b999a9012f3853647cfc611e/37d12f2eb9389b502ca1f5658435e5dde7116eae.jpg
https://gss3.bdstatic.com/7Po3dSag_xI4khGkpoWK1HF6hhy/baike/c0%3Dbaike92%2C5%2C5%2C92%2C30/sign=9db0772b10dfa9ece9235e4503b99c66/cf1b9d16fdfaaf519cbd94888d5494eef01f7aae.jpg
https://gss3.bdstatic.com/-Po3dSag_xI4khGkpoWK1HF6hhy/baike/c0%3Dbaike92%2C5%2C5%2C92%2C30/sign=5df479e93c6d55fbd1cb7e740c4b242f/9825bc315c6034a825bcadb6ca134954092376ae.jpg

https://gss3.bdstatic.com/-Po3dSag_xI4khGkpoWK1HF6hhy/baike/c0%3Dbaike116%2C5%2C5%2C116%2C38/sign=fad1446fb6fd5266b3263446ca71fc4e/024f78f0f736afc3022b77e1b319ebc4b745120a.jpg
https://gss0.bdstatic.com/-4o3dSag_xI4khGkpoWK1HF6hhy/baike/c0%3Dbaike150%2C5%2C5%2C150%2C50/sign=fb8ed9767d1ed21b6dc426b7cc07b6a1/79f0f736afc37931764fceadebc4b74543a9110a.jpg
https://gss1.bdstatic.com/-vo3dSag_xI4khGkpoWK1HF6hhy/baike/c0%3Dbaike116%2C5%2C5%2C116%2C38/sign=cbe72fd2d0160924c828aa49b56e5e9f/f636afc379310a55ce039670b74543a98226100a.jpg
https://gss1.bdstatic.com/-vo3dSag_xI4khGkpoWK1HF6hhy/baike/c0%3Dbaike150%2C5%2C5%2C150%2C50/sign=cceeb448c3cec3fd9f33af27b7e1bf5a/72f082025aafa40f3e078759ab64034f79f01974.jpg
https://gss2.bdstatic.com/-fo3dSag_xI4khGkpoWK1HF6hhy/baike/c0%3Dbaike150%2C5%2C5%2C150%2C50/sign=0304afaf0ef41bd5ce5ee0a630b3eaae/aec379310a55b31995decaf143a98226cffc170a.jpg

https://gss2.bdstatic.com/9fo3dSag_xI4khGkpoWK1HF6hhy/baike/c0%3Dbaike92%2C5%2C5%2C92%2C30/sign=6591a7b4db33c895b2739029b07a1895/d8f9d72a6059252dbe9fcd27369b033b5bb5b90d.jpg
https://gss0.bdstatic.com/-4o3dSag_xI4khGkpoWK1HF6hhy/baike/c0%3Dbaike80%2C5%2C5%2C80%2C26/sign=a5a696e380025aafc73f76999a84c001/14ce36d3d539b6004e46df94eb50352ac65cb70d.jpg
https://gss0.bdstatic.com/-4o3dSag_xI4khGkpoWK1HF6hhy/baike/c0%3Dbaike116%2C5%2C5%2C116%2C38/sign=46fe35050b24ab18f41be96554938da8/aec379310a55b319ff5c525641a98226cffc176f.jpg
https://gss1.bdstatic.com/-vo3dSag_xI4khGkpoWK1HF6hhy/baike/c0%3Dbaike116%2C5%2C5%2C116%2C38/sign=c58eec37a918972bb737089887a410ec/78310a55b319ebc4a2dda6ba8026cffc1e17166f.jpg
https://gss1.bdstatic.com/-vo3dSag_xI4khGkpoWK1HF6hhy/baike/c0%3Dbaike92%2C5%2C5%2C92%2C30/sign=3e4e1efea964034f1bc0ca54ceaa1254/37d3d539b6003af34f320c43372ac65c1038b60d.jpg

https://gss1.bdstatic.com/-vo3dSag_xI4khGkpoWK1HF6hhy/baike/c0%3Dbaike180%2C5%2C5%2C180%2C60/sign=e90385c0cbef7609280691cd4fb4c8a9/3b292df5e0fe992559c6e80d34a85edf8cb171a1.jpg
https://gss3.bdstatic.com/7Po3dSag_xI4khGkpoWK1HF6hhy/baike/c0%3Dbaike272%2C5%2C5%2C272%2C90/sign=ada0e562d9f9d72a0369184fb5434351/64380cd7912397dd16a819595982b2b7d1a2879e.jpg
https://gss0.bdstatic.com/94o3dSag_xI4khGkpoWK1HF6hhy/baike/c0%3Dbaike272%2C5%2C5%2C272%2C90/sign=e9e36d94d72a6059461de948495d5ffe/0dd7912397dda14415d8edefb2b7d0a20df4869e.jpg
https://gss2.bdstatic.com/-fo3dSag_xI4khGkpoWK1HF6hhy/baike/c0%3Dbaike116%2C5%2C5%2C116%2C38/sign=e71e8d6c213fb80e18dc698557b8444b/2cf5e0fe9925bc31ba9780c55edf8db1ca1370a1.jpg
https://gss3.bdstatic.com/7Po3dSag_xI4khGkpoWK1HF6hhy/baike/c0%3Dbaike150%2C5%2C5%2C150%2C50/sign=d65a7f8276094b36cf9f13bfc2a517bc/e1fe9925bc315c60d35feab28db1cb13485477a1.jpg
https://gss1.bdstatic.com/9vo3dSag_xI4khGkpoWK1HF6hhy/baike/c0%3Dbaike116%2C5%2C5%2C116%2C38/sign=601563476059252db71a155655f2685e/902397dda144ad34e06e06dad0a20cf430ad859e.jpg
https://gss0.bdstatic.com/94o3dSag_xI4khGkpoWK1HF6hhy/baike/c0%3Dbaike150%2C5%2C5%2C150%2C50/sign=2318c2644b36acaf4ded9eae1db0e675/9825bc315c6034a8b62839dccb134954082376a1.jpg
https://gss2.bdstatic.com/9fo3dSag_xI4khGkpoWK1HF6hhy/baike/c0%3Dbaike150%2C5%2C5%2C150%2C50/sign=04e5df0ef6246b606f03ba268a917129/96dda144ad345982085b64cf0cf431adcaef849e.jpg
https://gss1.bdstatic.com/-vo3dSag_xI4khGkpoWK1HF6hhy/baike/c0%3Dbaike150%2C5%2C5%2C150%2C50/sign=4e3bc8b48d1001e95a311c5dd9671089/8cb1cb134954092330a3e2239258d109b2de49a1.jpg
https://gss1.bdstatic.com/9vo3dSag_xI4khGkpoWK1HF6hhy/baike/c0%3Dbaike180%2C5%2C5%2C180%2C60/sign=90e36d94d72a6059461de948495d5ffe/30adcbef76094b366d439ab0a3cc7cd98c109d9e.jpg

https://gss2.bdstatic.com/-fo3dSag_xI4khGkpoWK1HF6hhy/baike/c0%3Dbaike150%2C5%2C5%2C150%2C50/sign=54c3227fc895d143ce7bec711299e967/dbb44aed2e738bd4a5787c4da18b87d6277ff975.jpg
https://gss0.bdstatic.com/94o3dSag_xI4khGkpoWK1HF6hhy/baike/c0%3Dbaike150%2C5%2C5%2C150%2C50/sign=288a8d8aa7efce1bfe26c098ce3898bb/838ba61ea8d3fd1ff9516c46304e251f95ca5f76.jpg
https://gss2.bdstatic.com/9fo3dSag_xI4khGkpoWK1HF6hhy/baike/c0%3Dbaike180%2C5%2C5%2C180%2C60/sign=379c49b743166d222c7a1dc6274a6292/d439b6003af33a878b37ce66c65c10385343b570.jpg
https://gss1.bdstatic.com/9vo3dSag_xI4khGkpoWK1HF6hhy/baike/c0%3Dbaike150%2C5%2C5%2C150%2C50/sign=596de294bc3eb13550cabfe9c777c3b6/a5c27d1ed21b0ef4c2b25622ddc451da81cb3e70.jpg
https://gss1.bdstatic.com/9vo3dSag_xI4khGkpoWK1HF6hhy/baike/c0%3Dbaike150%2C5%2C5%2C150%2C50/sign=923a35cc4b36acaf4ded9eae1db0e675/9825bc315c6034a8070ace74cb1349540823765e.jpg
https://gss0.bdstatic.com/-4o3dSag_xI4khGkpoWK1HF6hhy/baike/c0%3Dbaike150%2C5%2C5%2C150%2C50/sign=457a7dd7b31bb0519b29bb7a5713b1d1/f603918fa0ec08fabd30625259ee3d6d55fbda17.jpg
https://gss0.bdstatic.com/94o3dSag_xI4khGkpoWK1HF6hhy/baike/c0%3Dbaike150%2C5%2C5%2C150%2C50/sign=47fbfafd9b504fc2b652b85784b48c74/d058ccbf6c81800a710dfffbb13533fa838b475e.jpg
https://gss2.bdstatic.com/-fo3dSag_xI4khGkpoWK1HF6hhy/baike/c0%3Dbaike150%2C5%2C5%2C150%2C50/sign=7dd9f7d98701a18be4e61a1dff466c6d/42166d224f4a20a4b02e4d3290529822720ed017.jpg
https://gss1.bdstatic.com/9vo3dSag_xI4khGkpoWK1HF6hhy/baike/c0%3Dbaike150%2C5%2C5%2C150%2C50/sign=0713e42ace1b9d169eca923392b7dfea/a71ea8d3fd1f4134e6df738b251f95cad0c85e5e.jpg
https://gss1.bdstatic.com/9vo3dSag_xI4khGkpoWK1HF6hhy/baike/c0%3Dbaike150%2C5%2C5%2C150%2C50/sign=f581d72bf01f3a294ec5dd9cf84cd754/d0c8a786c9177f3e1edc8af870cf3bc79e3d565e.jpg
