
http://1.bp.blogspot.com/-udGGiVhAOS4/UUf-K6sIdvI/AAAAAAAAAdQ/84cWOFkYVCk/s1600/DSCF8207.JPG	http://blog.igarden.com.tw/2013/03/Zinnia-culture.html
https://i2.wp.com/livingtucson.com/wp-content/uploads/2016/01/hyakunitisou-1-e1460895025173.jpg?fit=450%2C338&ssl=1	https://livingtucson.com/hyakunitisou-3741.html
http://2.bp.blogspot.com/-9ogQcgSGTbk/UUf-fbYpEgI/AAAAAAAAAdY/rTLWkBO21TA/s1600/%25E5%25A4%25A7%25E7%2599%25BE%25E6%2597%25A5%25E8%258D%2589.jpg	http://blog.igarden.com.tw/2013/03/Zinnia-culture.html
http://a3.att.hudong.com/44/46/01300000178518123981463081303_s.jpg	http://www.baike.com/wiki/%E7%99%BE%E6%97%A5%E8%8D%89
http://www.zhiwutong.com/tu/yanghua/%E7%99%BE%E6%97%A5%E8%8D%89.jpg	http://www.zhiwutong.com/gardens/09-28/9409.htm
http://7.blog.xuite.net/7/4/e/4/11253733/blog_227360/txt/18612354/0.jpg	http://blog.xuite.net/e2202778/boaboa/18612354-%E7%99%BE%E6%97%A5%E8%8D%89
https://ddmxdtm74ysa7.cloudfront.net/uploads/2015/09/21030052/841df49a17cd379915cc58bbc7ef88b3-480x320.jpg	https://horti.jp/7178
http://www.twword.com/uploads/wiki/02/b2/39707_0.jpg	http://www.twword.com/wiki/%E7%99%BE%E6%97%A5%E8%8D%89
http://1.bp.blogspot.com/-78GrEXf1uJs/UUgCFx4ck9I/AAAAAAAAAdo/fkPqrJ4YTvU/s1600/%25E5%25B0%258F%25E7%2599%25BE%25E6%2597%25A5%25E8%258D%2589%25E9%2587%258D%25E7%2593%25A3.jpg	http://blog.igarden.com.tw/2013/03/Zinnia-culture.html
http://www.westatic.com/img/dict/skbzk/plants-ha/hyakun_3.jpg	http://www.weblio.jp/content/%E7%99%BE%E6%97%A5%E8%8D%89
http://a4.att.hudong.com/41/45/01300000178518123981458890365_s.jpg	http://www.baike.com/wiki/%E7%99%BE%E6%97%A5%E8%8D%89
http://8.blog.xuite.net/8/8/2/3/10776940/blog_1157605/txt/40697857/24.jpg	http://blog.xuite.net/scppaul/blog/40697857-%E8%8A%B1%E7%8F%BE%E8%8A%8E%E6%9E%97%E2%94%80%E2%94%80%E6%B3%A2%E6%96%AF%E8%8F%8A%E7%88%AD%E5%A6%8D%E7%99%BE%E6%97%A5%E8%8D%89%EF%BC%88%E4%BA%8C%EF%BC%89
http://1.bp.blogspot.com/-jtSUr3jAB90/VXy3A7WzdEI/AAAAAAAAZQg/QIZ9JgobjaA/s1600/DSC03008.JPG	http://blog.xuite.net/aeni1203/blog/154709099-%E7%99%BE%E6%97%A5%E8%8D%89%2FZinnia%EF%BC%8CYouth-and-old-age
https://www.huabaike.com/uploads/allimg/sltimg/201605/5745384cecef7.jpg	https://m.huabaike.com/jtyh/3766.html
http://www.pjcn.org/uploads/allimg/1611/1-16112R151491A.jpg	http://www.pjcn.org/pz/xj/4527/
http://web.igarden.com.tw/club/desktop/desktop_images/desktop140331_4.jpg	http://blog.igarden.com.tw/2014/03/desktop-Zinnia.html
https://i1.kknews.cc/large/7fb0002344309a83030	https://kknews.cc/agriculture/anr4kn.html
https://shop.takii.co.jp/shop/img/product/l1/FZN139.jpg	https://shop.takii.co.jp/CGI/shop/search/detail.cgi?item_code=FZN139
http://a4.att.hudong.com/38/05/28300309316150149734057791965_s.jpg	http://www.baike.com/wiki/%E7%99%BE%E6%97%A5%E8%8D%89
http://www.wed114.cn/jiehun/uploads/allimg/160128/52_160128112735_3.jpg	http://www.wed114.cn/jiehun/zhiwu/20160128142606.html?_t_t_t=0.04896853305399418
http://a3.att.hudong.com/78/00/01300309316150150121000848767_s.jpg	http://www.baike.com/wiki/%E7%99%BE%E6%97%A5%E8%8D%89
http://www.kcfa.org.tw/LS/96%E6%9C%9F/13-2.jpg	http://www.kcfa.org.tw/LS/Display.asp?Num=96&Num2=13
http://a0.att.hudong.com/72/99/20300309316150150120996504158_s.jpg	http://www.baike.com/wiki/%E7%99%BE%E6%97%A5%E8%8D%89
https://www.jataff.jp/seihin/img/3166.jpg	https://www.jataff.jp/seihin/products/product31066.html
http://4.bp.blogspot.com/-c1vNCuIf00s/UUgDEs-IE8I/AAAAAAAAAdw/KxWJpdPJ1Q4/s1600/%25E7%25B4%25B0%25E8%2591%2589%25E7%2599%25BE%25E6%2597%25A5%25E8%258D%2589.jpg	http://blog.igarden.com.tw/2013/03/Zinnia-culture.html
http://www.kdais.gov.tw/htmlarea_graph/web_articles/kdais/3075/094_24.jpg	http://www.kdais.gov.tw/view.php?catid=3209
http://7.blog.xuite.net/7/4/e/4/11253733/blog_227360/txt/18612354/1.jpg	http://blog.xuite.net/e2202778/boaboa/18612354-%E7%99%BE%E6%97%A5%E8%8D%89
https://ddmxdtm74ysa7.cloudfront.net/uploads/2015/09/20230009/3c66bb09969da9cf508badebed62c0f1-480x320.jpg	https://horti.jp/7178
http://www.genesis-oge.net/Image3/%E7%B6%A0%E8%89%B2%E5%85%AC%E5%9C%92/%E7%99%BE%E6%97%A5%E8%8F%8A%E7%99%BE%E6%97%A5%E8%8D%89/DSC03363%E6%98%A5%E9%96%8B%E5%A4%9A%E5%BD%A9%E7%99%BE%E6%97%A5%E8%8F%8A.JPG	http://www.genesis-oge.net/plantinpu/202%20-%20(2).aspx
http://www.hanyi365.com/attach/userfiles/image/2013-11-07_11_52_59.png	http://www.hanyi365.com/article_1148.html
https://pic.pimg.tw/anny3805201314/1446612124-2472241744_l.jpg?v=1446612576	http://anny3805201314.pixnet.net/blog/post/205786300-%3C%E8%8A%B1%E7%B3%BB%E5%88%97%3E%E8%8B%97%E6%A0%97%E9%8A%85%E9%91%BC~%E6%B2%92%E6%9C%89%E6%9D%AD%E8%8F%8A%2C%E5%8F%AA%E5%A5%BD%E6%8B%8D%E6%8B%8D%E7%99%BE%E6%97%A5%E8%8D%89
http://nhjy.hzau.edu.cn/kech/hhx/piclib/upload/20058417463959515.jpg	http://nhjy.hzau.edu.cn/kech/hhx/piclib/display.asp?id=628
http://www.hanagoods.com/img/hana/jinia230.jpg	http://www.hanagoods.com/hana/jinia.html
https://shop.takii.co.jp/shop/img/product/l1/FZN219.jpg	https://shop.takii.co.jp/CGI/shop/search/detail.cgi?item_code=FZN219
http://happamisaki.jp-o.net/flower/h/hyakunichisou01.jpg	http://happamisaki.jp-o.net/flower/h/hyakunichisou.htm
https://www.huabaike.com/uploads/allimg/artimg/201605/20160525133016_45137.jpg	https://m.huabaike.com/jtyh/3766.html
http://pic.pimg.tw/rong152725/1384542395-2360529029.jpg	http://rong152725.pixnet.net/blog/post/304660475-%E5%A4%A7-%E7%99%BE-%E6%97%A5-%E8%8D%89
http://www.baihuamen.com/d/file/2014/04-22/66ce1cc34fe2b0dc5f303c9cb2957c1e.jpg	http://www.baihuamen.com/xiaobairicao/
http://www.yuhuagu.com/uploads/allimg/140328/43_140328064415_1.jpg	http://www.yuhuagu.com/caoben/2014/0328/10444.html
http://163.17.203.129/bakup/green/%E7%99%BE%E6%97%A5%E8%8D%89/%E7%99%BE%E6%97%A5%E8%8D%8911.JPG	http://163.17.203.129/bakup/green/%E7%99%BE%E6%97%A5%E8%8D%89/%E7%99%BE%E6%97%A5%E8%8D%89.htm
https://i2.read01.com/uploads/0CbO0304.jpg	https://read01.com/xmEz0D.html
http://2.bp.blogspot.com/-P4RkHmmSNWk/VXy3LhlRNiI/AAAAAAAAZRw/ua7wGnmjhN0/s1600/DSC03027.JPG	http://blog.xuite.net/aeni1203/blog/154709099-%E7%99%BE%E6%97%A5%E8%8D%89%2FZinnia%EF%BC%8CYouth-and-old-age
http://www.wed114.cn/jiehun/uploads/allimg/160128/52_160128112735_2.jpg	http://www.wed114.cn/jiehun/zhiwu/20160128142606.html?_t_t_t=0.04896853305399418
http://www.cl-sh.net/upload/20104/20100423163409312.jpg	http://www.cl-sh.net/Product/20100423163429515.html
http://www.westatic.com/img/dict/skbzk/plants-ha/hyakun_2.jpg	http://www.weblio.jp/content/%E7%99%BE%E6%97%A5%E8%8D%89
http://pds.exblog.jp/pds/1/200907/13/82/a0034382_23285352.jpg	http://himewaka.exblog.jp/8628338/
https://s.yimg.com/xd/api/res/1.2/D5f.6ng6aVf3XEmvbs88Pw--/YXBwaWQ9eXR3YXVjdGlvbnNlcnZpY2U7aD00Njc7cT04NTtyb3RhdGU9YXV0bzt3PTcwMA--/http://nevec-img.zenfs.com/prod/tw_ec05-7/ad92ad9b-74d6-4f5c-b6f6-d72d04ce7499.jpg	https://tw.bid.yahoo.com/item/%E3%80%90%E9%87%8E%E8%8F%9C%E9%83%A8%E5%B1%8B-%E3%80%91-%E7%99%BE%E6%97%A5%E8%8D%89%E7%A8%AE%E5%AD%90-150g%E5%88%86%E8%A3%9D%E5%8C%85-%E5%85%A8%E5%B9%B4%E5%9D%87%E5%8F%AF%E7%A8%AE%E6%A4%8D-100089228477
http://www.sakataseed.co.jp/product/search/file/906769_p.jpg	http://www.sakataseed.co.jp/product/search/code00906769.html
http://hananomiyakokouen.jp/up_img/flower/30/flwr_00003001.JPG	http://hananomiyakokouen.jp/contents/kaika/info.php?no=30
https://i2.wp.com/livingtucson.com/wp-content/uploads/2016/01/hyakunitisou-1-1.jpg?resize=300%2C201&ssl=1	https://livingtucson.com/hyakunitisou-3741.html
http://img0.pchouse.com.cn/pchouse/1407/31/788091_bai2.jpg	http://www.pchouse.com.cn/baike/shenghuo/2721/
http://www.genesis-oge.net/Image3/%E7%B6%A0%E8%89%B2%E5%85%AC%E5%9C%92/%E7%99%BE%E6%97%A5%E8%8F%8A%E7%99%BE%E6%97%A5%E8%8D%89/%E8%8F%8A%E7%A7%91(%20Compositae%20)%E7%99%BE%E6%97%A5%E8%8D%89%E5%B1%AC.bmp	http://www.genesis-oge.net/plantinpu/202%20-%20(2).aspx
https://ddmxdtm74ysa7.cloudfront.net/uploads/2015/09/20230009/ea970c695e2aa131042d5bd16849acf6-480x320.jpg	https://horti.jp/7169
http://www.baihuamen.com/d/file/2014/03-14/7735ce4dfe2e242be8236b1b8251f692.jpg	http://www.baihuamen.com/bairicao/
https://www.huabaike.com/uploads/allimg/sltimg/201605/574535d8d698a.jpg	https://www.huabaike.com/hyjk/3762.html
http://img.boqiicdn.com/Data/BK/A/1512/2/imagick31301449035339_y.jpg	http://www.boqii.com/entry/detail/2280.html
http://blogimg.goo.ne.jp/user_image/2d/b5/736792b3edeae42bd3746c8052d8f7e4.jpg	http://blog.goo.ne.jp/raishou0213/e/349fac226225da93ffecd35482d37749
http://g.udn.com.tw/upfiles/B_FI/fiower/PSN_PHOTO/219/f_17902219_1.JPG	http://blog.udn.com/fiower/67684505
https://i1.wp.com/livingtucson.com/wp-content/uploads/2016/01/ponpon-saki.jpg?resize=300%2C225&ssl=1	https://livingtucson.com/hyakunitisou-3741.html
http://4.bp.blogspot.com/-E3S9vPBfLkk/VThRc7knxQI/AAAAAAAABv8/DLRK8e-DVAQ/s1600/%E7%99%BE%E6%97%A5%E8%8D%89%E9%9B%86%E5%90%88.jpg	http://blog.igarden.com.tw/2015/04/love-my-garden-spring-blooming-flowers-Gerbera-Zinnia-Begonia.html
https://4.share.photo.xuite.net/appleming6/146090d/13303889/681366716_m.jpg	http://blog.xuite.net/appleming6/twblog/145889897-%E7%99%BE%E6%97%A5%E8%8D%89%E6%92%AD%E7%A8%AE%E6%A0%BD%E5%9F%B9%E7%B4%80%E9%8C%84
http://pic.baike.soso.com/ugc/baikepic/32161/cut-20140320120948-719730964.jpg/0	http://baike.soso.com/v31306.htm?ch=ch.bk.innerlink
http://pds.exblog.jp/pds/1/201607/28/65/d0337265_18112020.jpg	http://hanamomo24.exblog.jp/23339307/
http://gate.sinovision.net:82/gate/big5/cdnwww.sinovision.net/data/attachment/album/201512/19/105435pz8i6mz439r6b1rf.jpg	http://gate.sinovision.net:82/gate/big5/blog.sinovision.net/home/space/do/blog/uid/492162/id/272627.html
https://upload.wikimedia.org/wikipedia/commons/1/12/Zinnia_angustifolia_Profusion_Orange.JPG	https://zh.wikipedia.org/wiki/%E5%B0%8F%E7%99%BE%E6%97%A5%E8%8D%89
https://i.ytimg.com/vi/omGjQ_Y9su0/maxresdefault.jpg	https://www.youtube.com/watch?v=omGjQ_Y9su0
http://163.17.203.129/bakup/green/%E7%99%BE%E6%97%A5%E8%8D%89/%E7%99%BE%E6%97%A5%E8%8D%8925.JPG	http://163.17.203.129/bakup/green/%E7%99%BE%E6%97%A5%E8%8D%89/%E7%99%BE%E6%97%A5%E8%8D%89.htm
http://www.wed114.cn/jiehun/uploads/allimg/140123/36_140123114931_2.jpg	http://www.wed114.cn/jiehun/z99550.html
http://pds.exblog.jp/pds/1/200610/27/94/f0005594_11162630.jpg	http://hanaya87.com/library/book/october27
http://wap.yunmencraft.com/Upload/150919/bairicao008.jpg	http://wap.yunmencraft.com/index.php/wap/bairicao.html
http://www.i-lohas.tw/blog/wp-content/uploads/2013/11/DSC_4200.jpg	http://www.i-lohas.tw/?p=4902
https://i1.wp.com/livingtucson.com/wp-content/uploads/2016/01/hyakunitisou-3.jpg?resize=300%2C231&ssl=1	https://livingtucson.com/hyakunitisou-3741.html
http://i1.wp.com/inews.gtimg.com/newsapp_match/0/1247379485/0	http://www.ifuun.com/a20173121347971/
http://kplant.biodiv.tw/%E7%99%BE%E6%97%A5%E8%8D%89/%E7%99%BE%E6%97%A5%E8%8D%89-%E8%8A%B118.jpg	http://kplant.biodiv.tw/%E7%99%BE%E6%97%A5%E8%8D%89/%E7%99%BE%E6%97%A5%E8%8D%89.htm
https://www.huabaike.com/uploads/allimg/sltimg/201605/574536fc6e0a9.jpg	https://www.huabaike.com/hyjk/3762.html
http://pic.nipic.com/2008-03-17/2008317204315425_2.jpg	http://www.nipic.com/show/1/44/76eca0f808be4f34.html
http://static.flickr.com/106/311256174_25abaec770_o.jpg	http://blog.roodo.com/abun3/archives/2540358.html
https://www.huabaike.com/uploads/allimg/sltimg/201703/58ce4132697ad.jpg	https://www.huabaike.com/jtyh/7910.html
https://www.huabaike.com/uploads/allimg/artimg/201605/20160525133104_66206.jpg	https://m.huabaike.com/jtyh/3766.html
http://4.bp.blogspot.com/-p5-A3Xspw-8/UUf59X7CqRI/AAAAAAAAAdA/rPcUe78ito8/s1600/DSCF8194.jpg	http://blog.igarden.com.tw/2013/03/Zinnia-culture.html
http://www.baihuamen.com/d/file/2014/04-22/a9dea6d4210239ab4ee569039588c827.jpg	http://www.baihuamen.com/xiaobairicao/
http://pic.pimg.tw/rong152725/1384542395-743371497.jpg	http://rong152725.pixnet.net/blog/post/304660475-%E5%A4%A7-%E7%99%BE-%E6%97%A5-%E8%8D%89
https://www.huabaike.com/uploads/allimg/artimg/201605/20160525132744_48814.jpg	https://www.huabaike.com/hyjk/3762.html
https://www.huabaike.com/uploads/allimg/artimg/201605/20160525133220_12927.jpg	https://m.huabaike.com/jtyh/3766.html
http://www.hllhz.com/UploadFiles/Others/201608281652212812714.jpg	http://www.hllhz.com/yensh/brchhzz.html
https://i1.read01.com/uploads/0CbO0303.jpg	https://read01.com/xmEz0D.html
https://www.huabaike.com/uploads/allimg/artimg/201703/20170324160955_22697.jpg	https://www.huabaike.com/jtyh/7910.html
http://nisshin-h.co.jp/wp-content/uploads/2015/07/IMG_6008.jpg	http://nisshin-h.co.jp/?p=9718
http://www.52yhua.com/uploads/allimg/170803/1-1FP3230I0.jpg	http://www.52yhua.com/tengben/7874.html
http://www.12flower.com.taipei/upimg/%E5%B0%8F%E7%99%BE%E6%97%A5%E8%8D%89.jpg	http://www.12flower.com.taipei/store/productshow.asp?prodid=428
https://www.huabaike.com/uploads/allimg/artimg/201605/20160525133206_41028.jpg	https://m.huabaike.com/jtyh/3766.html
https://www.huabaike.com/uploads/allimg/artimg/201703/20170321221325_26366.jpg	https://www.huabaike.com/yhjq/7773.html
http://pic.pimg.tw/m88g8888/1378801339-4019713865.jpg	http://m88g8888.pixnet.net/album/photo/139373361-%E8%8D%89%E8%8A%B1%3A%E5%A4%A7%E7%99%BE%E6%97%A5%E8%8D%89
https://shop.takii.co.jp/shop/img/product/l1/FZN642.jpg	https://shop.takii.co.jp/CGI/shop/search/detail.cgi?item_code=FZN642&prev=enable
https://pic.pimg.tw/anny3805201314/1446612024-3679237764_l.jpg?v=1446612576	http://anny3805201314.pixnet.net/blog/post/205786300-%3C%E8%8A%B1%E7%B3%BB%E5%88%97%3E%E8%8B%97%E6%A0%97%E9%8A%85%E9%91%BC~%E6%B2%92%E6%9C%89%E6%9D%AD%E8%8F%8A%2C%E5%8F%AA%E5%A5%BD%E6%8B%8D%E6%8B%8D%E7%99%BE%E6%97%A5%E8%8D%89
http://image.blog.livedoor.jp/hanasen1/imgs/3/d/3dee7e20.jpg	http://flower-word.com/030/post_36.html
http://www.52yhua.com/uploads/allimg/160409/1-160409213922.jpg	http://m.52yhua.com/jiating/2196.html
https://cdn.pixabay.com/photo/2016/03/22/19/36/zinnia-daliowa-1273615_960_720.jpg	https://pixabay.com/zh/%E7%99%BE%E6%97%A5%E8%8D%89daliowa-%E7%99%BE%E6%97%A5%E8%8D%89-%E8%8A%B1-%E8%8A%B1%E5%8D%89-%E9%B2%9C%E8%8A%B1-%E5%BC%80%E8%8A%B1-%E5%89%A7%E6%83%85-%E8%8A%B1%E5%9B%AD-1273615/
https://6.share.photo.xuite.net/gunyichou/16fdadd/7267566/279900911_m.jpg	http://blog.xuite.net/gunyichou/wretch/104163163-%E7%99%BE%E6%97%A5%E8%8D%89
http://www.hana300.com/hyakun99.jpg	http://www.hana300.com/hyakun.html
