
http://a2.att.hudong.com/78/42/01300000171642121809420257116_s.jpg	http://www.baike.com/wiki/%E5%8D%81%E5%A4%A7%E5%8A%9F%E5%8A%B3
https://image.zhongyibaike.com/image/%E5%8D%81%E5%A4%A7%E5%8A%9F%E5%8A%B3%E5%8F%B6/%E5%8D%81%E5%A4%A7%E5%8A%9F%E5%8A%B3%E5%8F%B61.jpg	https://zhongyibaike.com/wiki/%E5%8D%81%E5%A4%A7%E5%8A%9F%E5%8A%B3%E5%8F%B6
http://a4.att.hudong.com/11/42/01300000171642121809423035785_s.jpg	http://www.baike.com/wiki/%E5%8D%81%E5%A4%A7%E5%8A%9F%E5%8A%B3
http://a2.att.hudong.com/20/55/20300542518197139878552048301_s.jpg	http://www.baike.com/wiki/%E5%8D%81%E5%A4%A7%E5%8A%9F%E5%8A%B3
http://a3.att.hudong.com/72/28/01300000065995121940284906307_s.jpg	http://www.baike.com/wiki/%E5%8D%81%E5%A4%A7%E5%8A%9F%E5%8A%B3%E5%8F%B6
http://www.wbg.cas.cn/kxcb/mrhx/khzw/201008/W020100816624712695298.jpg	http://www.wbg.cas.cn/kxcb/mrhx/khzw/201008/t20100816_2924999.html
http://pic6.nipic.com/20100322/2721555_231949036517_2.jpg	http://www.nipic.com/show/1/44/726e3cc94edd4ec0.html
https://gss0.bdstatic.com/94o3dSag_xI4khGkpoWK1HF6hhy/baike/s%3D220/sign=8b2ee9b63912b31bc36cca2bb6193674/54fbb2fb43166d22b7e96065462309f79152d2a1.jpg	https://baike.baidu.com/item/%E5%8D%81%E5%A4%A7%E5%8A%9F%E5%8A%B3
http://dashulin.com/wp-content/uploads/2011/07/shidagonglao3.jpg	http://dashulin.com/shidagonglao/
http://news.nwsuaf.edu.cn/images/content/upimg/userup//1012/100Z42641K.jpg	http://news.nwsuaf.edu.cn/ztxw/xyzwtj/3855.htm
http://gate.sinovision.net:82/gate/big5/cdnwww.sinovision.net/data/attachment/album/201306/10/185030os2oueaee1a22uvw.jpg	http://gate.sinovision.net:82/gate/big5/blog.sinovision.net/space/do/blog/uid/30435/id/205644.html
http://www.treehug.net/wp-content/uploads/2013/01/%E9%98%BF%E9%87%8C%E5%B1%B1%E5%8D%81%E5%A4%A7%E5%8A%9F%E5%8B%9E4-logo1.jpg	http://www.treehug.net/diy%E8%87%AA%E5%B7%B1%E5%8B%95%E6%89%8B%E5%81%9A%E8%8C%B6%E5%96%9D-%E5%8D%81%E5%A4%A7%E5%8A%9F%E5%8B%9E%E8%8C%B6/
http://www.yuanlin.com/flora/UpLoadFile/2012-8/2012821619301167.jpg	http://www.yuanlin.com/flora/Detail/4661.html
http://e.share.photo.xuite.net/bruce0342/1e07d71/10988519/512891530_m.jpg	http://bruce0342.blogspot.com/2009/05/blog-post_4309.html
http://gate.sinovision.net:82/gate/big5/cdnwww.sinovision.net/data/attachment/album/201306/10/185412ykq1ynk1zskyvsqk.jpg	http://gate.sinovision.net:82/gate/big5/blog.sinovision.net/space/do/blog/uid/30435/id/205644.html
http://dashulin.com/wp-content/uploads/2011/07/shidagonglao1.jpg	http://dashulin.com/shidagonglao/
http://img0.pchouse.com.cn/pchouse/baike/sh/1503/shidagonglao.jpg	http://www.pchouse.com.cn/baike/shenghuo/4333/
http://2.im.guokr.com/gkimage/v6/uu/rb/v6uurb.jpg	http://www.guokr.com/question/156012/
http://www.zhongyao1.com/uploads/201506/1433929113Qie3q7pK.jpg	http://www.zhongyao1.com/doc-view-732.html
http://%E9%A2%90%E6%BE%9C%E6%99%AF%E8%A7%82.com/upload/2014-09-05/540971914b952_800X0.jpg	http://xn--ukv27r21vcrn.com/case/detail?id=298
http://plantjdx.com/mahonia_bealei.jpg	http://plantjdx.com/mahonia_bealei.htm
https://gss1.bdstatic.com/-vo3dSag_xI4khGkpoWK1HF6hhy/baike/c0%3Dbaike60%2C5%2C5%2C60%2C20/sign=407d36e422a446236ac7ad30f94b196b/d009b3de9c82d158e1e0152f820a19d8bd3e42c9.jpg	https://baike.baidu.com/item/%E5%8D%81%E5%A4%A7%E5%8A%9F%E5%8A%B3
http://www.miaomuzhan.com/uploads/userup/15842/1314262Y6-S37-lp.jpg	http://www.miaomuzhan.com/html/changyongmiaomu/shidagonglao.html
http://img.mp.itc.cn/upload/20170504/23a648beb40a4fa18f47569ed915d4df_th.jpeg	http://www.sohu.com/a/138116142_760632
http://e.share.photo.xuite.net/bruce0342/1e07d9d/10988519/512876982_m.jpg	http://bruce0342.blogspot.com/2009/05/blog-post_4309.html
https://cdn.pixabay.com/photo/2016/01/21/17/32/mahonia-flower-1154274_960_720.jpg	https://pixabay.com/zh/%E5%8D%81%E5%A4%A7%E5%8A%9F%E5%8A%B3%E8%8A%B1-%E9%BB%84%E8%89%B2%E8%8A%B1-%E6%98%A5%E5%A4%A9-1154274/
http://pic.pimg.tw/angmei/1191930227.jpg	http://angmei.pixnet.net/blog/post/23280921-%E9%98%BF%E9%87%8C%E5%B1%B1%E5%8D%81%E5%A4%A7%E5%8A%9F%E5%8B%9E
http://s13.sinaimg.cn/mw690/006nf0nigy720SnWTY84c&690	http://blog.sina.com.cn/s/blog_15c1ad2dc0102wm5s.html
http://www.cnhua.net/uploads/allimg/090611/2130402204-0.JPG	http://www.cnhua.net/zhiwu/xiaoboke/shidagonglao/46776336712.html
http://www.51hm.com.cn/uploads/allimg/111010/1-111010123547.jpg	http://www.51hm.com.cn/picture/guanmuxiaomiao/shidagonglao.html
http://gate.sinovision.net:82/gate/big5/cdnwww.sinovision.net/data/attachment/album/201306/10/1859149f2v35t8t88vhqn5.jpg	http://gate.sinovision.net:82/gate/big5/blog.sinovision.net/space/do/blog/uid/30435/id/205644.html
http://c.blog.xuite.net/c/f/8/f/13396183/blog_1400131/txt/57831381/0.jpg	http://blog.xuite.net/smile27/flower/57831381-%E9%98%BF%E9%87%8C%E5%B1%B1%E5%8D%81%E5%A4%A7%E5%8A%9F%E5%8B%9E
http://www.huamuwang.net/images/2008326144113436.jpg	http://www.huamuwang.net/products/2008326144113436.htm
http://p.ayxbk.com/images/thumb/0/0b/Bkf0c.jpg/220px-Bkf0c.jpg	http://www.a-hospital.com/w/%E5%8D%81%E5%A4%A7%E5%8A%9F%E5%8A%B3
http://www.51etong.com/upload/1322461119824.jpg	http://www.51etong.com/s/jkbj/20623.shtml
http://a4.att.hudong.com/35/40/01300000171642121809402996436_s.jpg	http://www.baike.com/wiki/%E5%8D%81%E5%A4%A7%E5%8A%9F%E5%8A%B3
http://www.cas.cn/kxcb/kpwz/201101/W020110108426213747834.jpg	http://www.cas.cn/kxcb/kpwz/201101/t20110108_3055743.shtml
http://5.blog.xuite.net/5/e/1/e/23192616/blog_2170861/txt/43832275/4.jpg	http://blog.xuite.net/c117113/blog/43832275-%E9%98%BF%E9%87%8C%E5%B1%B1%E5%8D%81%E5%A4%A7%E5%8A%9F%E5%8B%9E%EF%BC%86%E7%8B%B9%E8%91%89%E5%8D%81%E5%A4%A7%E5%8A%9F%E5%8B%9E
http://lh6.ggpht.com/-e0k-AXVHR_U/Ty8odZml0fI/AAAAAAAAYeY/jNxsP-p-lDk/11%25255B2%25255D.jpg?imgmax=800	http://yifertw.blogspot.com/2012/02/blog-post_06.html
http://www.treehug.net/wp-content/uploads/2013/01/%E9%98%BF%E9%87%8C%E5%B1%B1%E5%8D%81%E5%A4%A7%E5%8A%9F%E5%8B%9E2-logo1.jpg	http://www.treehug.net/%E5%8F%B0%E7%81%A3%E5%8D%81%E5%A4%A7%E5%8A%9F%E5%8B%9E/
https://3.share.photo.xuite.net/jodyhsieh/1377e7b/12804911/647215692_m.jpg	http://blog.xuite.net/jodyhsieh/twblog/142243922-%E8%A7%80%E9%9C%A7%E8%B3%9E%E9%98%BF%E9%87%8C%E5%B1%B1%E5%8D%81%E5%A4%A7%E5%8A%9F%E5%8B%9E
http://pic.pingguolv.com/uploads/allimg/140110/49-140110161J4.jpg	http://www.pingguolv.com/zy/gongxiao/8888.html
https://upload.wikimedia.org/wikipedia/commons/thumb/1/13/Mahonia_fortunei.jpg/220px-Mahonia_fortunei.jpg	https://zh.wikipedia.org/wiki/%E5%8D%81%E5%A4%A7%E5%8A%9F%E5%8A%B3
http://www.baihuamen.com/d/file/2014/04-21/2fb27105a93bc8fee36329bd877ca77c.jpg	http://www.baihuamen.com/shidagonglao/
http://3.bp.blogspot.com/-cOjiYaeQxYM/U0je2EcDD9I/AAAAAAAAGXA/EUp_TmcfNzk/s1600/IMG_1502.JPG	http://sunairwater99100.blogspot.com/2014/04/blog-post_3893.html
http://xsxiaofang.com/product/pics/20160511/1462952289.jpg	http://xsxiaofang.com/product/class/?74.html
http://kplant.biodiv.tw/%E9%98%BF%E9%87%8C%E5%B1%B1%E5%8D%81%E5%A4%A7%E5%8A%9F%E5%8B%9E/%E9%98%BF%E9%87%8C%E5%B1%B1%E5%8D%81%E5%A4%A7%E5%8A%9F%E5%8B%9E-%E9%BB%91%E5%AF%A63.jpg	http://kplant.biodiv.tw/%E9%98%BF%E9%87%8C%E5%B1%B1%E5%8D%81%E5%A4%A7%E5%8A%9F%E5%8B%9E/%E9%98%BF%E9%87%8C%E5%B1%B1%E5%8D%81%E5%A4%A7%E5%8A%9F%E5%8B%9E.htm
http://s10.sinaimg.cn/middle/66019f9ehe941095b8fc9&690	http://blog.sina.com.cn/s/blog_66019f9e0102drgr.html
http://p.ayxbk.com/images/thumb/5/5d/Bkf0j.jpg/200px-Bkf0j.jpg	http://www.a-hospital.com/w/%E5%8D%81%E5%A4%A7%E5%8A%9F%E5%8A%B3
http://map1.zw3e.com:8080/zw_news_map/550/2016042/1460628145076033428.png	http://www.zw3e.com/570/e6659.html
http://scitech.people.com.cn/mediafile/200709/04/F200709040912501942324781.bmp	http://www.2home.com.tw/bbs/forum.php?mod=viewthread&tid=16911
http://p.ayxbk.com/images/thumb/0/0c/Bkf0e.jpg/200px-Bkf0e.jpg	http://www.a-hospital.com/w/%E5%8D%81%E5%A4%A7%E5%8A%9F%E5%8A%B3
https://gss1.bdstatic.com/-vo3dSag_xI4khGkpoWK1HF6hhy/baike/s%3D220/sign=8051bc66942397ddd2799f066983b216/2cf5e0fe9925bc31b90984195bdf8db1ca1370df.jpg	https://baike.baidu.com/item/%E9%98%94%E5%8F%B6%E5%8D%81%E5%A4%A7%E5%8A%9F%E5%8A%B3
http://a4.att.hudong.com/47/42/01300000171642121809427208850_s.jpg	http://www.baike.com/wiki/%E5%8D%81%E5%A4%A7%E5%8A%9F%E5%8A%B3
http://www.canyin88.com/UploadFiles/201151675117800.jpg	http://www.canyin88.com/shishang/jiankangyinshi/2011/0516/15321.html
https://gss1.bdstatic.com/9vo3dSag_xI4khGkpoWK1HF6hhy/baike/s%3D220/sign=ad0a0f55a4c27d1ea1263cc62bd4adaf/42a98226cffc1e17f3b731c04a90f603738de933.jpg	https://baike.baidu.com/item/%E5%8D%81%E5%A4%A7%E5%8A%9F%E5%8A%B3%E5%8F%B6
https://cdn.pixabay.com/photo/2012/03/17/16/32/holly-22789_960_720.jpg	https://pixabay.com/zh/%E5%86%AC%E9%9D%92-%E5%8F%B6%E5%AD%90-%E6%B5%86%E6%9E%9C-%E6%B0%B4%E6%9E%9C-%E8%91%A1%E8%90%84-%E5%8D%81%E5%A4%A7%E5%8A%9F%E5%8A%B3-%E6%A4%8D%E7%89%A9-%E6%A4%8D%E7%89%A9%E5%8C%BA%E7%B3%BB-22789/
http://www.wiki8.com/uploadfiles/ZoomImg/2009-12/3141325734.jpg.jpg	http://big5.wiki8.com/shidagonglao_78982/
http://pic.pimg.tw/angmei/49ea974af1a5b.jpg	http://angmei.pixnet.net/blog/post/23280921-%E9%98%BF%E9%87%8C%E5%B1%B1%E5%8D%81%E5%A4%A7%E5%8A%9F%E5%8B%9E
http://www.1818hm.com/file/upload/201609/22/113931855.jpg	http://www.1818hm.com/huamu/show-4909.html
http://www.treehug.net/wp-content/uploads/2013/01/%E9%98%BF%E9%87%8C%E5%B1%B1%E5%8D%81%E5%A4%A7%E5%8A%9F%E5%8B%9E3-logo1.jpg	http://www.treehug.net/%E5%8F%B0%E7%81%A3%E5%8D%81%E5%A4%A7%E5%8A%9F%E5%8B%9E/
https://upload.wikimedia.org/wikipedia/commons/1/12/Mahonia_oiwakensis_1.jpg	https://zh.wikipedia.org/wiki/%E9%98%BF%E9%87%8C%E5%B1%B1%E5%8D%81%E5%A4%A7%E5%8A%9F%E5%8A%B3
http://www.zhongyao1.com/uploads/201506/1433929104YZ67cYG4.jpg	http://www.zhongyao1.com/doc-view-732.html
http://lh4.ggpht.com/_-dAli8oCX8Y/SGeLDLMgLzI/AAAAAAAACa4/mE9ZdfMZH6c/%E9%98%94%E5%8F%B6%E5%8D%81%E5%A4%A7%E5%8A%9F%E5%8A%B3.jpg	http://www.2home.com.tw/bbs/forum.php?mod=viewthread&tid=16911
http://kplant.biodiv.tw/%E7%B4%B0%E8%91%89%E5%8D%81%E5%A4%A7%E5%8A%9F%E5%8B%9E/%E7%B4%B0%E8%91%89%E5%8D%81%E5%A4%A7%E5%8A%9F%E5%8B%9E5.JPG	http://kplant.biodiv.tw/%E7%B4%B0%E8%91%89%E5%8D%81%E5%A4%A7%E5%8A%9F%E5%8B%9E/%E7%B4%B0%E8%91%89%E5%8D%81%E5%A4%A7%E5%8A%9F%E5%8B%9E.htm
http://www.hnmm88.com/Images/UpFile/201692913264425.jpg	http://www.hnmm88.com/Files/news291.htm
https://gss0.bdstatic.com/94o3dSag_xI4khGkpoWK1HF6hhy/baike/s%3D220/sign=c1c80d8e9122720e7fcee5f84bca0a3a/96dda144ad3459827a884d7e05f431adcaef84d8.jpg	http://baike.baidu.com/view/2949278.htm
http://d.share.photo.xuite.net/wild.fun/1d7ac64/5085439/196975717_o.jpg	http://www.2home.com.tw/bbs/forum.php?mod=viewthread&tid=41755
http://www.bencaopu.com/images/201311/goods_img/701_P_1384149623665.jpg	http://www.bencaopu.com/yao-701.html
http://img.zybd.org/all/zycpt/156.jpg	http://zhongyaocai360.com/s/shidagonglao.html
http://pic.pingguolv.com/uploads/allimg/140110/49-140110161T7.jpg	http://www.pingguolv.com/zy/gongxiao/8888.html
http://p.ayxbk.com/images/thumb/c/c3/Bkf0f.jpg/200px-Bkf0f.jpg	http://www.a-hospital.com/w/%E5%8D%81%E5%A4%A7%E5%8A%9F%E5%8A%B3
http://www.zhongyao1.com/uploads/201506/1433928992ACD3MNmh.png	http://www.zhongyao1.com/doc-view-732.html
http://kplant.biodiv.tw/%E9%98%BF%E9%87%8C%E5%B1%B1%E5%8D%81%E5%A4%A7%E5%8A%9F%E5%8B%9E/%E9%98%BF%E9%87%8C%E5%B1%B1%E5%8D%81%E5%A4%A7%E5%8A%9F%E5%8B%9E-%E9%BB%91%E5%AF%A64.jpg	http://kplant.biodiv.tw/%E9%98%BF%E9%87%8C%E5%B1%B1%E5%8D%81%E5%A4%A7%E5%8A%9F%E5%8B%9E/%E9%98%BF%E9%87%8C%E5%B1%B1%E5%8D%81%E5%A4%A7%E5%8A%9F%E5%8B%9E.htm
http://a1.att.hudong.com/02/37/01300542495053139921371807142_s.jpg	http://www.baike.com/wiki/%E5%8D%81%E5%A4%A7%E5%8A%9F%E5%8A%B3%E6%A0%B9
http://www.treehug.net/wp-content/uploads/2012/11/%E5%8D%81%E5%A4%A7%E5%8A%9F%E5%8B%9E%E6%9E%9C%E5%AF%A6LOGO.jpg	http://www.treehug.net/%E8%A7%80%E8%B3%9E%E8%88%87%E8%97%A5%E7%94%A8%E5%85%BC%E5%85%B7%E7%9A%84%E5%8D%81%E5%A4%A7%E5%8A%9F%E5%8B%9E/
http://img9.007swz.com/cpimg/guanmu/G5YHUKS7Hx_1361322004.jpg	http://www.007swz.com/t/%C0%AB%D2%B6%CA%AE%B4%F3%B9%A6%C0%CD
http://5.blog.xuite.net/5/e/1/e/23192616/blog_2170861/txt/43832275/1.jpg	http://blog.xuite.net/c117113/blog/43832275-%E9%98%BF%E9%87%8C%E5%B1%B1%E5%8D%81%E5%A4%A7%E5%8A%9F%E5%8B%9E%EF%BC%86%E7%8B%B9%E8%91%89%E5%8D%81%E5%A4%A7%E5%8A%9F%E5%8B%9E
http://a1.att.hudong.com/17/14/20300001128119143384141808184_s.jpg	http://www.baike.com/wiki/%E9%98%94%E5%8F%B6%E5%8D%81%E5%A4%A7%E5%8A%9F%E5%8A%B3
http://i02.c.aliimg.com/img/ibank/2011/499/976/426679994_1092166227.jpg	http://ltyyhm.cn.makepolo.com/product/100209012428.html
https://cbu01.alicdn.com/img/ibank/2016/413/527/3173725314_447529709.220x220.jpg	http://www.1688.com/jiage/-CAAEB4F3B9A6C0CDC4BE.html
https://img.jkyd.net/data/upload/ueditor/20170711/59644dbde76bd.jpg	https://www.jkyd.net/shiliao/258324.html
http://xsxiaofang.com/product/pics/20160511/1462952299.jpg	http://xsxiaofang.com/product/class/?74.html
http://info.qingdaoexpo2014.org/pic/img/img/2013/10/8/u123/1829P56.jpg	http://info.qingdaoexpo2014.org/zh/baike/view_523.html
https://cbu01.alicdn.com/img/ibank/2015/240/327/2422723042_1625559402.220x220.jpg	http://www.1688.com/chanpin/-C0ABD2B6CAAEB4F3B9A6C0CD.html
http://dashulin.com/wp-content/uploads/2011/07/shidagonglao2.jpg	http://dashulin.com/shidagonglao/
http://bowuguan.bucm.edu.cn/images/content/2016-11/20161114094657428443.jpg	http://bowuguan.bucm.edu.cn/kpzl/zyyzs/37349.htm
https://gw.alicdn.com/bao/uploaded/i1/3026859802/TB21TtVnJRopuFjSZFtXXcanpXa_!!3026859802.jpg_230x230.jpg	https://www.taobao.com/article/DzE3DjDgBfDqEcDN.html
http://pic.pingguolv.com/uploads/allimg/140110/49-140110161R0.jpg	http://www.pingguolv.com/zy/gongxiao/8888.html
http://www.99.com.cn/uploads/170503/412-1F503154121F2.jpg	http://zyk.99.com.cn/baike/689428.htm
http://img.mp.itc.cn/upload/20170504/1607aa95397d4e5db7551af1b9dd65bb_th.jpeg	http://www.sohu.com/a/138116142_760632
http://pic.pimg.tw/angmei/49ea9667a601d.jpg	http://angmei.pixnet.net/blog/post/23280921-%E9%98%BF%E9%87%8C%E5%B1%B1%E5%8D%81%E5%A4%A7%E5%8A%9F%E5%8B%9E
https://gss3.bdstatic.com/7Po3dSag_xI4khGkpoWK1HF6hhy/baike/s%3D220/sign=2bd6a99694eef01f49141fc7d0ff99e0/9e3df8dcd100baa1524857494710b912c9fc2edf.jpg	https://baike.baidu.com/item/%E7%BB%86%E5%8F%B6%E5%8D%81%E5%A4%A7%E5%8A%9F%E5%8A%B3
http://img.pipaw.net/wy/editor/news/2016/09/06/e5b35f505c4ccc172b281effc46aee78.jpg	http://www.pipaw.com/qnyh/272701.html
http://p.ayxbk.com/images/thumb/b/b5/Bkf0d.jpg/200px-Bkf0d.jpg	http://www.a-hospital.com/w/%E5%8D%81%E5%A4%A7%E5%8A%9F%E5%8A%B3
http://www.baihuamen.com/d/file/2014/04-21/2e2faffa9831b574efb9f23dbf311b91.jpg	http://www.baihuamen.com/shidagonglao/
http://www.baihuamen.com/d/file/2014/04-21/7b8ee45f3036863a6694e009df0e9e39.jpg	http://www.baihuamen.com/shidagonglao/
https://cbu01.alicdn.com/img/ibank/2016/653/127/3497721356_857802632.220x220.jpg	http://www.1688.com/jiage/-CAAEB4F3B9A6C0CDCAF7.html
http://i.epochtimes.com/assets/uploads/2007/06/706212246381119-600x400.jpg	http://www.epochtimes.com/b5/7/6/18/n1747637.htm
http://life.nju.edu.cn/plantae/images/pics/kuoyeshidagonglao.JPG	http://life.nju.edu.cn/plantae/species/xiaoboke/kuoyeshidagonglao.htm
