
http://a4.att.hudong.com/62/58/01100000000000144736583078038_s.jpg	http://www.baike.com/wiki/%E8%8A%B1%E5%8F%B6%E5%81%87%E8%BF%9E%E7%BF%98
http://pic15.nipic.com/20110805/128199_193624554000_2.jpg	http://www.nipic.com/show/4966696.html
http://www.youduo.com/forum/attachments/month_1211/20121114_42da00be19561f26263dOhTY1h27AP4O.jpg	http://www.youduo.com/forum/thread-40013-1-1.html
http://a4.att.hudong.com/75/85/01300000022805120557852851268_s.jpg	http://www.baike.com/wiki/%E5%81%87%E8%BF%9E%E7%BF%98
http://img1.jqw.com/2010/12/09/318167/product/b201012101647333729.jpg	http://www.lyhmc.jqw.com/productShow-868435.htm
http://www.85151.com/upfiles/200903/20078256449125.JPG	http://www.85151.com/pro_list.php?curpage=3&legit=&lx1=&cpcd=&keyword=&key1=&sortword=%BC%D9%C1%AC%C7%CC&sort=cpname
http://pic18.nipic.com/20120113/8264074_111209227178_2.jpg	http://www.nipic.com/show/1/44/5634433k47a17b6d.html
http://www.yuanlin.com/flora/UpLoadFile/2006/200621459558453.JPG	http://www.yuanlin.com/flora/detail/1694.html
http://www.rensheng2.com/upload/2015/10/29/3a96c55c-53b4-40b7-9f89-451d09fdf4b3.jpg	http://www.rensheng2.com/600000/591984.shtml
http://a3.att.hudong.com/88/15/01300000243622122415159747467_s.jpg	http://www.baike.com/wiki/%E5%81%87%E8%BF%9E%E7%BF%98
http://www.52yhua.com/uploads/allimg/151123/1-151123215H7.jpg	http://m.52yhua.com/mubentp/1138.html
http://www.rensheng2.com/upload/2015/10/29/96d23c59-3b11-4774-9257-422452d1ac63.jpg	http://www.rensheng2.com/600000/592002.shtml
http://www.fjflhp.com/fjflhp/img/upload/%E9%93%B6%E8%BE%B9%E5%81%87%E8%BF%9E%E7%BF%981.jpg	http://www.fjflhp.com/fjflhp/pro.asp?action=45
http://a0.att.hudong.com/00/36/01100000000000143972361880930_s.jpg	http://www.baike.com/wiki/%E9%87%91%E5%8F%B6%E5%81%87%E8%BF%9E%E7%BF%98
http://imglf1.ph.126.net/33_nbuSzT7tyXHp2abFt8w==/6630543298652024245.jpg	http://www.lofter.com/tag/%E5%81%87%E8%BF%9E%E7%BF%98
http://www.scib.ac.cn/lyfw/hx/201611/W020161121332762442085.jpg	http://www.scib.ac.cn/lyfw/hx/201611/t20161121_4698613.html
http://img.wxrw123.com/201602/23/22/anb5jwm4pyt.jpg	http://www.wxrw123.com/zw/20160224/90756.html
http://www.zhiwu365.com/uploads/plant/739_jialianqiao/default/original/2_jialianqiao.jpg	http://www.zhiwu365.com/plant/807
http://image.sciencenet.cn/album/201206/03/0837007d7hddshuew2d8dz.jpg	http://blog.sciencenet.cn/blog-629259-578012.html
http://img.aihuahui.com/d/2016/12/5848c78349ac7.jpg	http://www.aihuahui.com/aitengbenhuahui/2195.html
http://wap.yunmencraft.com/Upload/20160622225829KQFe.jpg	http://wap.yunmencraft.com/index.php/jlq/6282.html
http://202.116.160.98:8000/course/ylshmx/tpzy/%E6%A0%A1%E5%9B%AD%E6%A4%8D%E7%89%A9/%E6%A0%A1%E5%9B%AD%E6%A4%8D%E7%89%A9/nEO_IMG_%E9%A9%AC%E9%9E%AD%E8%8D%89%E7%A7%91-%E9%87%91%E5%8F%B6%E5%81%87%E8%BF%9E%E7%BF%98.jpg	http://202.116.160.98:8000/course/ylshmx/tpzy/%E6%A0%A1%E5%9B%AD%E6%A4%8D%E7%89%A9/%E6%A0%A1%E5%9B%AD%E6%A4%8D%E7%89%A9/page_7.htm
http://a0.att.hudong.com/01/31/01300000243622122415316692858_s.jpg	http://www.baike.com/wiki/%E5%81%87%E8%BF%9E%E7%BF%98
http://img.tupianzj.com/uploads/allimg/160330/15-160330233P1.jpg	http://www.tupianzj.com/sheying/huahui/20160330/44976.html
http://imgbdb2.bendibao.com/tour/20138/22/201382284716530.jpg	http://ly.sz.bendibao.com/tour/2013822/ly557516.html
http://pic1.win4000.com/pic/a/f2/a39a1344392.jpg	http://www.win4000.com/meinv112664_12.html
http://imglf0.nosdn.127.net/img/Vnc5V1F6OFZSemZhYTJWczZpc2dybUduRFJwd0JHRVBwSG5qMTBFRFhFY2dzeFBDNnVOb1Z3PT0.jpg?=imageView&thumbnail=500x0&quality=96&stripmeta=0&type=jpg%7Cwatermark&type=2	http://www.lofter.com/tag/%E5%81%87%E8%BF%9E%E7%BF%98
http://wap.yunmencraft.com/Upload/20160622225829diHa.jpg	http://wap.yunmencraft.com/index.php/jlq/6282.html
http://www.iweeeb.com/images/jingdian/090506/132701055783.jpg	http://www.iweeeb.com/w/%E5%85%B4%E9%9A%86%E7%83%AD%E5%B8%A6%E8%8A%B1%E5%9B%AD
https://www.huabaike.com/uploads/allimg/sltimg/201702/58a6ba739038d.jpg	https://www.huabaike.com/hyjk/7222.html
https://www.huabaike.com/uploads/allimg/artimg/201702/20170224205905_51467.jpg	https://www.huabaike.com/chonghai/7373.html
http://a4.att.hudong.com/02/86/01300000022805120557867379848_s.jpg	http://www.baike.com/wiki/%E5%81%87%E8%BF%9E%E7%BF%98
http://www.lezhuang8.com/attachs/photo/20160923/kfqu3phx3pp5661.jpg	http://www.lezhuang8.com/article-detail-3063-1.html
http://www.yuanlin.com/flora/UpLoadFile/2015-5/2015515133243973.jpg	http://www.yuanlin.com/flora/detail/1694.html
https://cbu01.alicdn.com/img/ibank/2014/834/158/1530851438_617608698.310x310.jpg	https://www.1688.com/pic/-BDF0D2B6BCD9C1ACC7CC.html
http://a3.att.hudong.com/72/87/01300000022805120557871096158_s.jpg	http://www.baike.com/wiki/%E5%81%87%E8%BF%9E%E7%BF%98
http://imglf1.ph.126.net/NQ4--Eo_X7i2IyDJxd0oMQ==/6630898440907799629.jpg	http://www.lofter.com/tag/%E5%81%87%E8%BF%9E%E7%BF%98
http://a4.att.hudong.com/21/06/20200000013920144739061004308_s.jpg	http://www.baike.com/wiki/%E9%87%91%E5%8F%B6%E5%81%87%E8%BF%9E%E7%BF%98
http://image.sciencenet.cn/album/201206/03/083652r4vr6qv1vy61hohv.jpg	http://blog.sciencenet.cn/blog-629259-578012.html
http://www.wdptj.com/wp-content/uploads/2014/11/%E9%BB%84%E5%8F%B6%E5%81%87%E8%BF%9E%E7%BF%983.jpg	http://www.wdptj.com/6030.html
http://wap.yunmencraft.com/Upload/20160622225829rcJO.jpg	http://wap.yunmencraft.com/index.php/jlq/6282.html
https://www.huabaike.com/uploads/allimg/sltimg/201702/58b02ece8064e.jpg	http://www.huabaike.com/yhjq/7375.html
http://b2b.image.yuanlin.com/biz/2009-3/20093171615191519_small_200.jpg	http://www.yuanlin.com/b2b/sell_detail_61582.html
http://www.yuanlin8.com/uploadfile/201004/3/928233585.jpg	http://www.yuanlin8.com/plants/940.html
https://st.depositphotos.com/2765204/4041/i/950/depositphotos_40410775-stock-photo-duranta-erecta-purple-flower.jpg	https://cn.depositphotos.com/40410775/stock-photo-duranta-erecta-purple-flower.html
https://www.huabaike.com/uploads/allimg/artimg/201702/20170224205947_33376.jpg	https://www.huabaike.com/chonghai/7373.html
https://gss2.bdstatic.com/9fo3dSag_xI4khGkpoWK1HF6hhy/baike/s%3D220/sign=bcd66e81c11349547a1eef66664e92dd/fd039245d688d43f659d47f2771ed21b0ef43bfe.jpg	https://baike.baidu.com/item/%E8%8A%B1%E5%8F%B6%E5%81%87%E8%BF%9E%E7%BF%98
http://www.wdptj.com/wp-content/uploads/2014/11/%E9%BB%84%E5%8F%B6%E5%81%87%E8%BF%9E%E7%BF%982.jpg	http://www.wdptj.com/6030.html
https://gss2.bdstatic.com/9fo3dSag_xI4khGkpoWK1HF6hhy/baike/w%3D268%3Bg%3D0/sign=8b5b4a21912bd40742c7d4fb43b2f96c/b17eca8065380cd7135c76e4a744ad345982817d.jpg	https://baike.baidu.com/item/%E5%81%87%E8%BF%9E%E7%BF%98
https://gss0.bdstatic.com/94o3dSag_xI4khGkpoWK1HF6hhy/baike/s%3D220/sign=b8e945de95cad1c8d4bbfb254f3f67c4/9f510fb30f2442a75194a854d143ad4bd01302ac.jpg	https://baike.baidu.com/item/%E9%87%91%E5%8F%B6%E5%81%87%E8%BF%9E%E7%BF%98
https://www.huabaike.com/uploads/allimg/sltimg/201702/58b02ce0ea80a.jpg	https://www.huabaike.com/hyjk/7222.html
http://wap.yunmencraft.com/Upload/20160622225829dmMR.jpg	http://wap.yunmencraft.com/index.php/jlq/6282.html
http://www.scib.ac.cn/lyfw/hx/201611/W020161121332762410435.jpg	http://www.scib.ac.cn/lyfw/hx/201611/t20161121_4698613.html
http://www.itaomiao.com/img/nursery/2016/05/07/13/1462599518701rBWb.jpg	http://www.itaomiao.com/supplys/jialianqiao.html
http://wap.yunmencraft.com/Upload/20160622230511yCHB.jpg	http://wap.yunmencraft.com/index.php/jlq/6284.html
http://www.rensheng2.com/upload/2015/10/29/ce551c67-1438-43e4-8ffc-020358a577a1.jpg	http://www.rensheng2.com/600000/591996.shtml
http://a3.att.hudong.com/83/34/01300000243622122415349584143_s.jpg	http://www.baike.com/wiki/%E5%81%87%E8%BF%9E%E7%BF%98
https://img.alicdn.com/imgextra/i2/291337116/TB2TmUnXsga61Bjy1XaXXafzVXa_!!291337116.jpg_720x720.jpg	http://zhiwuqiang.org/348.htm
http://www.wdptj.com/wp-content/uploads/2014/11/%E9%BB%84%E5%8F%B6%E5%81%87%E8%BF%9E%E7%BF%984.jpg	http://www.wdptj.com/6030.html
http://www.itaomiao.com/img/nursery/2017/05/05/16/1493974082191fcOA.png	http://www.itaomiao.com/supplys/jialianqiao.html
https://cbu01.alicdn.com/img/ibank/2017/901/809/4304908109_2130486955.310x310.jpg	https://www.1688.com/pic/-BDF0D2B6BCD9C1ACC7CC.html
https://static7.depositphotos.com/1063473/767/i/950/depositphotos_7675099-stock-photo-duranta-sky-flower-golden-dew.jpg	https://cn.depositphotos.com/7675099/stock-photo-duranta-sky-flower-golden-dew.html
https://st2.depositphotos.com/5875426/9143/i/950/depositphotos_91439498-stock-photo-butterfly-duranta-erecta-flowers-and.jpg	http://cn.depositphotos.com/91439498/stock-photo-butterfly-duranta-erecta-flowers-and.html
https://cbu01.alicdn.com/img/ibank/2013/905/416/752614509_978389813.220x220.jpg	http://www.1688.com/jiage/-BCD9C1ACC7CC.html
http://www.fpcn.net/uploads/allimg/131110/2-131110111214929.JPG	http://www.fpcn.net/a/guanmu/20131110/4756.html
http://www.bcytylh.com/uploads/allimg/170312/1-1F312210TR18.jpg	http://www.bcytylh.com/miaomu/lianqiao/177.html
http://www.zhiwu365.com/uploads/plant/739_jialianqiao/default/original/3_jialianqiao.jpg	http://www.zhiwu365.com/plant/807
https://www.huabaike.com/uploads/allimg/artimg/201702/20170224211219_29064.jpg	http://www.huabaike.com/yhjq/7375.html
http://www.itaomiao.com/img/nursery/2015/10/19/22/14452641098790fqG.jpg	http://www.itaomiao.com/supplys/jialianqiao.html
http://image.bao315.com/upload/image/201705/12/3a21d35b-b147-48b5-bacd-de40d48fd95d.jpg	http://www.bao315.com/baike/zwzs/201498.html
http://pic4.55jia.net/fengshuizhiwu/57/a382586.jpg	http://www.55jia.net/75/335057.html
http://www.fpcn.net/uploads/allimg/131110/2-131110111125C1.jpg	http://www.fpcn.net/a/guanmu/20131110/4755.html
https://static7.depositphotos.com/1063473/767/i/950/depositphotos_7675072-stock-photo-duranta-sky-flower-golden-dew.jpg	http://cn.depositphotos.com/7675072/stock-photo-duranta-sky-flower-golden-dew.html
http://www.huajiang.cc/uploads/image/20160808/1470618014557003.jpg	http://www.huajiang.cc/yanghua/20160808/7475.html
http://wap.yunmencraft.com/Upload/20160622225829MALm.jpg	http://wap.yunmencraft.com/index.php/jlq/6282.html
http://pic4.55jia.net/fengshuizhiwu/38/a370674.jpg	http://www.55jia.net/75/331978.html
https://www.huabaike.com/uploads/allimg/artimg/201702/20170224211247_42115.jpg	http://www.huabaike.com/yhjq/7375.html
https://st2.depositphotos.com/2681157/5874/i/950/depositphotos_58749005-stock-photo-purple-blue-duranta-or-golden.jpg	http://cn.depositphotos.com/58749005/stock-photo-purple-blue-duranta-or-golden.html
http://img.aihuahui.com/d/2016/12/5848c9cca0e0a.jpg	http://www.aihuahui.com/aitengbenhuahui/2195.html
https://b-ssl.duitang.com/uploads/item/201608/10/20160810233503_cBxtm.thumb.224_0.jpeg	https://www.duitang.com/blogs/tag/?name=%E9%87%91%E5%8F%B6%E5%81%87%E8%BF%9E%E7%BF%98
http://www.itaomiao.com/img/nursery/2015/08/28/15/1440748445600lm6h.jpg	http://www.itaomiao.com/supplys/jialianqiao.html
http://www.yuanlin.com/flora/UpLoadFile/2015-5/20155151332361652.jpg	http://www.yuanlin.com/flora/detail/1694.html
http://www.yuanlin.com/flora/UpLoadFile/2006-11/200611655453893.jpg	http://www.yuanlin.com/flora/HTML/Info/2006-5/Yuanlin_Flora_1442.html
http://pic4.55jia.net/fengshuizhiwu/30/a370633.jpg	http://www.55jia.net/75/331978.html
http://www.qnong.com.cn/uploadfile/2015/1031/20151031075153989.jpg	http://www.qnong.com.cn/zhidao/tujian/8609.html
https://www.huabaike.com/uploads/allimg/artimg/201609/20160906171712_30802.jpg	https://www.huabaike.com/jtyh/5137.html
https://static7.depositphotos.com/1063473/767/i/950/depositphotos_7675124-stock-photo-duranta-sky-flower-golden-dew.jpg	https://cn.depositphotos.com/7675124/stock-photo-duranta-sky-flower-golden-dew.html
http://pic.pingguolv.com/uploads/allimg/161210/109-161210111349.jpg	http://www.pingguolv.com/zy/gongxiao/78565.html
http://pic4.55jia.net/fengshuizhiwu/04/a382619.jpg	http://www.55jia.net/75/335057.html
http://www.51hm.cn/zwpic/%E5%81%87%E8%BF%9E%E7%BF%982.jpg	http://www.51hm.cn/zw/zwshow.asp?zwid=2576
http://s4.sinaimg.cn/mw690/57fed723g7cf2527e3ec3&690	http://blog.sina.com.cn/s/blog_57fed7230101lj08.html
http://www.huayugu.com.cn/uploads/allimg/160820/1-160R00105140-L.jpg	http://www.huayugu.com.cn/jialianqiao/18440.html
http://wap.yunmencraft.com/Upload/20160622230511Pcwi.jpg	http://wap.yunmencraft.com/index.php/jlq/6284.html
http://www.huayugu.com.cn/uploads/allimg/160820/1-160R00104060-L.jpg	http://www.huayugu.com.cn/jialianqiao/
https://www.huabaike.com/uploads/allimg/sltimg/201702/58b0301b5afbb.jpg	http://www.huabaike.com/yhjq/7375.html
http://3972515.s21i-3.faiusr.com/2/ABUIABACGAAg6of2owUo9MiKqwUw0gY4-QQ.jpg	http://www.ylkgfw.com/pd.jsp?id=279
http://www.rensheng2.com/upload/2015/10/29/2f8ea8d1-3542-4afd-8575-c8d9d43539ca.jpg	http://www.rensheng2.com/600000/591997.shtml
http://pic.pingguolv.com/uploads/allimg/161210/109-161210111359.jpg	http://www.pingguolv.com/zy/gongxiao/78565.html
http://www.52yhua.com/uploads/allimg/151215/1-151215223241.jpg	http://m.52yhua.com/mubentp/1285.html
http://www.shucity.cn/wordpress/wp-content/uploads/2016/08/%E8%8A%B1%E5%8F%B6%E5%81%87%E8%BF%9E%E7%BF%981-300x300.jpg	http://www.shucity.cn/wordpress/category/%E5%B8%B8%E7%BB%BF%E7%81%8C%E6%9C%A8/%E5%81%87%E8%BF%9E%E7%BF%98
