
http://album.udn.com/community/img/PSN_PHOTO/sirarong/f_4884715_1.jpg	http://blog.udn.com/sirarong/4063751
https://www.huabaike.com/uploads/allimg/sltimg/201606/575680c18346f.jpg	https://www.huabaike.com/yhjq/4076.html
http://www.wdptj.com/wp-content/uploads/2014/11/%E5%A4%9C%E5%90%88%E8%8A%B1.jpg	http://www.wdptj.com/6093.html
http://pic.pimg.tw/lsm470815/1378584355-4171927851.jpg	http://lsm470815.pixnet.net/blog/post/225607364-%E5%A4%9C%E5%90%88%E8%8A%B1
http://pic1.huashichang.com/2015/0725/23/55b3aa9aab7c7.jpg	http://www.aihuhua.com/tu/yehehua.html
http://www.wdptj.com/wp-content/uploads/2014/11/%E5%A4%9C%E5%90%88%E8%8A%B11.jpg	http://www.wdptj.com/6093.html
http://blog.udn.com/community/img/PSN_PHOTO/juneliu6/f_3300953_1.JPG	http://blog.udn.com/juneliu6/2950726
https://blackwalnut.npust.edu.tw/wp-content/uploads/gallery/2/2-26752.jpg	https://blackwalnut.npust.edu.tw/archives/1365
http://pic3.nipic.com/20090617/2888962_224459034_2.jpg	http://www.nipic.com/show/1/44/9466b7a536671a7a.html
http://3.blog.xuite.net/3/6/0/9/11912716/blog_642448/txt/18254979/0.jpg	http://blog.xuite.net/bright.ho/bright/18254979-%E5%A4%9C%E5%90%88%E8%8A%B1%E9%96%8B
http://blog.sina.com.tw/myimages/253/18685/images/20100107115540081.jpg	http://blog.sina.com.tw/18685/article.php?pbgid=18685&entryid=592767
http://album.udn.com/community/img/PSN_PHOTO/sirarong/f_4871706_1.jpg	http://blog.udn.com/sirarong/4063751
https://i.ytimg.com/vi/-r1Ndtyj4O8/hqdefault.jpg	https://www.youtube.com/watch?v=-r1Ndtyj4O8
https://www.huabaike.com/uploads/allimg/sltimg/201606/575687ebd98ce.jpg	https://www.huabaike.com/yhjq/4076.html
http://web.mhups.tp.edu.tw/plant/IMAGES/11F1A1.JPG	http://web.mhups.tp.edu.tw/plant/11.htm
https://5.share.photo.xuite.net/anny1958/15d0d08/10549114/487481998_m.jpg	http://blog.xuite.net/anny1958/twblog/128424712-%E9%9B%A8%E7%B5%B2%E4%B8%AD%E7%9A%84%E5%A4%9C%E5%90%88%E8%8A%B1
http://pic1.huashichang.com/2015/0725/23/55b3aa95616eb.jpg	http://www.aihuhua.com/tu/yehehua.html
http://www.mygardenlife.com.tw/images/article/100632/a100632_102572_1431598650.jpg	http://www.mygardenlife.com.tw/article_content.php?pk=100632
http://www.taes.tc.edu.tw/taplant/plant/p6701.jpg	http://www.taes.tc.edu.tw/taplant/plant67.htm
http://pic1.huashichang.com/2015/0725/23/55b3aa9490ca1.jpg	http://www.aihuhua.com/tu/yehehua.html
http://z.xiziwang.net/uploads/allimg/140728/30_140728191804_1.jpg	http://z.xiziwang.net/hua/14107/
https://www.huabaike.com/uploads/allimg/sltimg/201606/57567da30b421.jpg	https://www.huabaike.com/yhjq/4076.html
http://pic.pimg.tw/a8802020/1310451715-01b7221fba9efebf90b0f1e10f5c9364.jpg	http://a8802020.pixnet.net/blog/post/27164813-%E5%A4%9C%E5%90%88%E8%8A%B1
http://c.blog.xuite.net/c/f/8/f/13396183/blog_1400131/txt/40050222/15.jpg	http://blog.xuite.net/smile27/flower/40050222-%E5%A4%9C%E5%90%88%E8%8A%B1
http://www.fasuje.com.tw/images/96/D169.jpg	http://www.fasuje.com.tw/9600/D_1-169.htm
http://img2.artron.net/artist/A0262605/brt026260500158.jpg	http://shenweiart.artron.net/works_detail_brt026260500158
http://album.udn.com/community/img/PSN_PHOTO/sirarong/f_4871710_1.jpg	http://blog.udn.com/sirarong/4063751
https://8.share.photo.xuite.net/brday1257/1806542/8136580/321412030_m.jpg	http://blog.xuite.net/brday1257/twblog/112196429-%E5%A4%9C%E5%90%88%E8%8A%B1
http://www.dpm.org.cn/Uploads/Picture/dc/27566[1024].jpg	http://www.dpm.org.cn/collection/paint/229936.html
http://3.blog.xuite.net/3/6/0/9/11912716/blog_642448/txt/18254979/2.jpg	http://blog.xuite.net/bright.ho/bright/18254979-%E5%A4%9C%E5%90%88%E8%8A%B1%E9%96%8B
http://1.bp.blogspot.com/-ErUGEYBcsi8/UghlCVKsloI/AAAAAAAAKgI/5MCHl58rKYk/s1600/%E5%A4%9C%E5%90%88%E8%8A%B102.jpg	http://hla-plant.blogspot.com/2013/04/blog-post_9439.html
http://pic4.55jia.net/fengshuizhiwu/00/a371578.jpg	http://www.55jia.net/75/332220.html
http://pic.pimg.tw/jeannike/1339381508-347472607_n.jpg	http://jeannike.pixnet.net/blog/post/28104161-%E5%A4%9C%E5%90%88%E8%8A%B1
https://www.huabaike.com/uploads/allimg/sltimg/201606/57567b2789bb6.jpg	https://www.huabaike.com/hyjk/4065.html
http://img.boqiicdn.com/Data/BK/A/1511/13/imagick8471447397459_y.jpg	http://www.boqii.com/entry/detail/2219.html
http://taibif.org.tw/biomap/flora/stage5/432/3.jpg	http://taibif.tw/flower/detail.php?sc=Magnolia+coco
https://5.share.photo.xuite.net/shellyu440918/155b3e5/10660680/494583965_m.jpg	http://blog.xuite.net/shellyu440918/twblog/129149386-%E5%A4%9C%E5%90%88%E8%8A%B1-%E6%84%88%E5%A4%9C%E6%84%88%E7%BE%8E%E9%BA%97
https://www.huabaike.com/uploads/allimg/artimg/201606/20160607171705_77225.jpg	https://www.huabaike.com/yhjq/4076.html
http://blog.sina.com.tw/myimages/253/18685/images/20100107115540374.jpg	http://blog.sina.com.tw/18685/article.php?pbgid=18685&entryid=592767
http://e.share.photo.xuite.net/bruce0342/1e07d46/10988515/513009763_m.jpg	http://bruce0342.blogspot.com/2013/01/blog-post_14.html
http://blog.udn.com/community/img/PSN_PHOTO/juneliu6/f_3300960_1.JPG	http://blog.udn.com/juneliu6/2950726
http://agms.tku.edu.tw/edu/qrcode/images/image_62.jpg	http://agms.tku.edu.tw/edu/qrcode/code_62.htm
http://www.lotes.ilc.edu.tw/plant/blog_7919/gallery/7919/7919-612784.jpg	http://www.lotes.ilc.edu.tw/plant/blog_7919/article_128643_1.html
https://blackwalnut.npust.edu.tw/wp-content/uploads/gallery/2/2-26771.jpg	https://blackwalnut.npust.edu.tw/archives/1365
https://www.huabaike.com/uploads/allimg/artimg/201606/20160607155937_86824.jpg	https://www.huabaike.com/binghai/4066.html
https://i2.kknews.cc/large/a9f000314184c63b5e7	https://kknews.cc/culture/3m5bmo.html
https://blackwalnut.npust.edu.tw/wp-content/uploads/gallery/2/2-26770.jpg	https://blackwalnut.npust.edu.tw/archives/1365
http://7.blog.xuite.net/7/4/e/4/11253733/blog_227360/txt/18017045/0.jpg	http://blog.xuite.net/e2202778/boaboa/18017045-%E5%A4%9C%E5%90%88%E8%8A%B1
http://pic.pimg.tw/a8802020/1310451716-fca517ee2685372064199b44bdd8ce05.jpg	http://a8802020.pixnet.net/blog/post/27164813-%E5%A4%9C%E5%90%88%E8%8A%B1
http://www.taes.tc.edu.tw/taplant/plant/p6705.jpg	http://www.taes.tc.edu.tw/taplant/plant67.htm
http://5.blog.xuite.net/5/e/1/e/23192616/blog_2170861/txt/46667252/5.jpg	http://blog.xuite.net/c117113/blog/46667252-%E5%A4%9C%E5%90%88%E8%8A%B1
http://c.blog.xuite.net/c/f/8/f/13396183/blog_1400131/txt/40050222/16.jpg	http://blog.xuite.net/smile27/flower/40050222-%E5%A4%9C%E5%90%88%E8%8A%B1
http://hi2100.com/Plant/Plant%20Illustrations/plant016/Magnolia%20coco%20(Lour.)%20DC/P1070034.JPG	http://hi2100.com/Plant/P2/16-2.htm
https://www.huabaike.com/uploads/allimg/sltimg/201606/57567c68e8854.jpg	https://www.huabaike.com/yhjq/4076.html
http://pic.pimg.tw/zinkou/1215783428.jpg	http://zinkou.pixnet.net/blog/post/19850736-%E5%A4%9C%E5%90%88%E8%8A%B1%28%E7%9B%B8%E7%89%87%29
http://pic.nipic.com/2008-07-04/200874102459978_2.jpg	https://tieba.baidu.com/p/776884194
http://pic.pimg.tw/lsm470815/1378584409-2747144329.jpg	http://lsm470815.pixnet.net/blog/post/225607364-%E5%A4%9C%E5%90%88%E8%8A%B1
https://i1.kknews.cc/large/a6c000bf8118e1f3cc0	https://kknews.cc/news/bqmnkj.html
https://gw.alicdn.com/bao/uploaded/i2/1734128371/TB2ttcmopXXXXcyXpXXXXXXXXXX_!!1734128371.jpg_230x230.jpg	https://www.taobao.com/article/DMEADeD-CnDUFmEg.html
https://www.huabaike.com/uploads/allimg/sltimg/201606/575688eb18051.jpg	https://www.huabaike.com/hyjk/4065.html
http://img.aihuahui.com/d/2016/11/583e2c9781888.jpg	http://www.aihuahui.com/aiguanmuhuahui/2104.html
http://album.udn.com/community/img/PSN_PHOTO/sirarong/f_4884714_1.jpg	http://blog.udn.com/sirarong/4063751
http://1842.img.pp.sohu.com.cn/images/blog/2011/1/20/9/20/u109412532_12e58c0615cg215.jpg	http://yangxiaxia-2.blog.sohu.com/166236914.html
http://kcginfo.kcg.gov.tw/Upload/old_epublication/happysong/200806/images/photo02_02.jpg	http://kcginfo.kcg.gov.tw/Publish_Content.aspx?n=337EA9B16C7004DE&s=0FBAF9CD25B5C01E&chapt=3796&sort=1
http://8.share.photo.xuite.net/tamlubi/182cfa3/9837921/437041986_m.jpg	http://blog.xuite.net/tamlubi/twblog/122762007-%E5%A4%9C%E5%90%88%E8%8A%B1
https://gw.alicdn.com/bao/uploaded/i3/TB18k2_OXXXXXbOXFXXXXXXXXXX_!!0-item_pic.jpg_230x230.jpg	https://www.taobao.com/article/DhDfC1DkDyCRE5EN.html
http://img.ipet.tw/uploads/6/47/647ED772D4.jpeg	http://www.ipet.tw/content/47664.html
http://web.khps.ptc.edu.tw/plant/images/31%E5%A4%9C%E5%90%88%E8%8A%B1.jpg	http://web.khps.ptc.edu.tw/plant/PL31.htm
http://kcginfo.kcg.gov.tw/Upload/old_epublication/happysong/201057/photo02_02.jpg	http://kcginfo.kcg.gov.tw/pda/publish3.aspx?s=520082642F97D7D4
http://www.topid.net/incdesign2009/cocomagnolia1/i01-1-4.jpg	http://www.topid.net/incdesign2009/cocomagnolia1/index1.asp
https://8.share.photo.xuite.net/brday1257/18065a4/8136580/321405984_m.jpg	http://blog.xuite.net/brday1257/twblog/112196429-%E5%A4%9C%E5%90%88%E8%8A%B1
https://www.huabaike.com/uploads/allimg/artimg/201606/20160607155453_29171.jpg	https://www.huabaike.com/hyjk/4065.html
http://pic.pimg.tw/a8802020/1310451717-ef781a26bfcbfd5432d24857a35eefa0.jpg	http://a8802020.pixnet.net/blog/post/27164813-%E5%A4%9C%E5%90%88%E8%8A%B1
http://kplant.biodiv.tw/%E5%A4%9C%E5%90%88%E8%8A%B1/%E5%A4%9C%E5%90%88%E8%8A%B1-%E8%8A%B1%E7%93%A30.jpg	http://kplant.biodiv.tw/%E5%A4%9C%E5%90%88%E8%8A%B1/%E5%A4%9C%E5%90%88%E8%8A%B1.htm
https://blackwalnut.npust.edu.tw/wp-content/uploads/gallery/2/2-26751.jpg	https://blackwalnut.npust.edu.tw/archives/1365
http://blog.sina.com.tw/myimages/139/50059/images/20071011094027346.jpg	http://blog.sina.com.tw/hakka2007/article.php?entryid=573661
http://pic13.eachnet.com/user_2012215125/product/%E5%87%86%E5%A4%87%E5%8F%91%E5%88%B0%E8%8A%B1%E5%9D%9B%E4%B8%8A%E7%9A%84%20%E5%9B%BE/%E5%A4%9C%E5%90%88%E8%8A%B11_300.jpg	http://item.eachnet.com/prd/1243670111715958_prd.html
http://pic.pimg.tw/loveyaminlady/1212639567.gif	http://loveyaminlady.pixnet.net/blog/post/18397639-2008-%E5%A4%9C%E5%90%88%E8%8A%B1%E5%82%B3%E5%A5%87
http://img.ivsky.com/img/tupian/pre/201509/29/yehehua-002.jpg	http://www.ivsky.com/tupian/yehehua_t31364/
http://img1.topshop.com.tw/twr/pic/%7B20B355A4-C3EA-6740-B9CB-8B421DACB2B5%7D_0.jpg	http://www.twr.com.tw/product_one.asp?guid=20B355A4-C3EA-6740-B9CB-8B421DACB2B5
https://i2.read01.com/uploads/0E5pK7U19y.jpg	https://read01.com/3PMQLK.html
http://img.ivsky.com/img/tupian/pre/201509/29/yehehua-011.jpg	http://www.ivsky.com/tupian/yehehua_t31364/
http://pic.to8to.com/attch/day_160329/20160329_191b06f1ac384c8a9c40In3PZZOV19Aj.jpg?	http://www.to8to.com/yezhu/z78908.html
http://www.shw365.com/sycx/UploadFiles_1251/201009/20100920211328679.jpg	http://www.shw365.com/sycx/hua/201009/80986.html
http://img1.topshop.com.tw/twr/pic/%7B8A8B461A-CEF5-C141-97E4-25E1F0E4C23C%7D_1.jpg	http://www.twr.com.tw/product_one.asp?guid=8A8B461A-CEF5-C141-97E4-25E1F0E4C23C
http://www.pjcn.org/uploads/allimg/1611/1-16110H20940G6.jpg	http://www.pjcn.org/hg/2762/
http://p.ayxbk.com/images/thumb/d/da/Bkg2d.jpg/220px-Bkg2d.jpg	http://www.a-hospital.com/w/%E5%A4%9C%E5%90%88%E8%8A%B1
http://163.24.68.10/qoo123/%E4%B8%BB%E9%A1%8C%E7%B6%B2%E9%A0%81/%E6%A0%A1%E5%9C%92%E6%A4%8D%E7%89%A9%E4%B9%8B%E6%97%85/plant/%E5%A4%9C%E5%90%88%E8%8A%B1.jpg	http://163.24.68.10/qoo123/%E4%B8%BB%E9%A1%8C%E7%B6%B2%E9%A0%81/%E6%A0%A1%E5%9C%92%E6%A4%8D%E7%89%A9%E4%B9%8B%E6%97%85/homepage/p041.htm
http://www.wdptj.com/wp-content/uploads/2014/11/%E5%A4%9C%E5%90%88%E8%8A%B12.jpg	http://www.wdptj.com/6093.html
http://img.boqiicdn.com/Data/BK/P/imagick9681447407531.jpg	http://www.boqii.com/entry/detail/2219.html
http://www.caayc.com/upload/120807%E5%A4%9C%E5%90%88%E8%8A%B1%E5%9B%BEs.jpg	http://www.caayc.com/view.asp?id=662
http://kplant.biodiv.tw/%E5%A4%9C%E5%90%88%E8%8A%B1/%E5%A4%9C%E5%90%88%E8%8A%B1-%E8%8A%B13.jpg	http://kplant.biodiv.tw/%E5%A4%9C%E5%90%88%E8%8A%B1/%E5%A4%9C%E5%90%88%E8%8A%B1.htm
https://i2.read01.com/uploads/0E5pK73DtF.jpg	https://read01.com/3PMQLK.html
http://8.share.photo.xuite.net/mtff98/185e0a6/16954940/917268842_m.jpg	http://blog.xuite.net/mtff98/twblog/181678013-20110604++%E4%BB%A3%E8%A1%A8%E5%8B%9E%E5%8B%95%E5%A9%A6%E5%A5%B3%E4%B9%8B%E7%BE%8E%E7%9A%84%E3%80%8A%E5%A4%9C%E5%90%88%E8%8A%B1%E3%80%8B
http://img.pconline.com.cn/images/upload/upc/tx/photoblog/1102/06/c3/6693318_6693318_1296991179830_mthumb.jpg	http://dp.pconline.com.cn/sphoto/2026476.html
http://www.52yhua.com/uploads/allimg/170302/1-1F302221637.jpg	http://www.52yhua.com/mubentp/6626.html
http://kplant.biodiv.tw/%E5%A4%9C%E5%90%88%E8%8A%B1/%E5%A4%9C%E5%90%88%E8%8A%B1-%E8%91%894.jpg	http://kplant.biodiv.tw/%E5%A4%9C%E5%90%88%E8%8A%B1/%E5%A4%9C%E5%90%88%E8%8A%B1.htm
http://3.blog.xuite.net/3/6/0/9/11912716/blog_642448/txt/18254979/1.jpg	http://blog.xuite.net/bright.ho/bright/18254979-%E5%A4%9C%E5%90%88%E8%8A%B1%E9%96%8B
http://img.ipet.tw/uploads/5/61/561B254E84_800x600.jpeg	http://www.ipet.tw/tag/%E5%A4%9C%E5%90%88%E8%8A%B1.html
https://www.huabaike.com/uploads/allimg/sltimg/201606/575686e4a5d8e.jpg	https://www.huabaike.com/hyjk/4071.html
