
http://www.cnhua.net/uploads/allimg/090717/111JaH0-0.JPG	http://www.cnhua.net/zhiwu/juke/cysxc/
http://www.52yhua.com/uploads/allimg/160316/1-160316213628.jpg	http://www.52yhua.com/juketp/1970.html
http://www.neipet.com/wp-content/uploads/2016/07/%E4%B8%B2%E5%8F%B6%E6%9D%BE%E9%A6%99%E8%8D%89.jpg	http://www.neipet.com/cysxc/
http://z.xiziwang.net/uploads/allimg/141222/30_141222090910_1.jpg	http://z.xiziwang.net/hua/17924/
http://www.gfyy.net/uploads/130516/2-130516103303a1.jpg	http://www.gfyy.net/a/chuanyesongxiangcao/
http://hua36.com/tupian/chuanyesongxiangcao/1.jpg	http://hua36.com/huahui/caoben/361.html
http://jsmmzz88.com/upLoad/product/month_1610/201610271538316728.jpg	http://jsmmzz88.com/content/?40.html
https://cbu01.alicdn.com/img/ibank/2016/141/405/3434504141_1995821605.220x220.jpg	http://www.1688.com/chanpin/-B4AED2B6CBC9CFE3B2DD.html
https://gss1.bdstatic.com/-vo3dSag_xI4khGkpoWK1HF6hhy/baike/s%3D220/sign=afad72198bd4b31cf43c93b9b7d7276f/9922720e0cf3d7ca9e8b562cf21fbe096b63a96f.jpg	https://baike.baidu.com/item/%E4%B8%B2%E5%8F%B6%E6%9D%BE%E9%A6%99%E8%8D%89
https://gss2.bdstatic.com/-fo3dSag_xI4khGkpoWK1HF6hhy/baike/s%3D220/sign=357c894ff736afc30a0c38678318eb85/0bd162d9f2d3572c27ec58538a13632762d0c337.jpg	https://baike.baidu.com/item/%E4%B8%B2%E5%8F%B6%E6%9D%BE%E9%A6%99%E8%8D%89
http://pic1.huashichang.com/2016/0810/21/57ab2c0e8ae15.jpg	http://www.aihuhua.com/tupian/tupianpsh.html
https://cbu01.alicdn.com/img/ibank/2016/296/517/3600715692_590037822.220x220.jpg	http://www.1688.com/chanpin/-B4AED2B6CBC9CFE3B2DD.html
http://img.boqiicdn.com/Data/BK/A/1512/16/imagick93941450246084_y.jpg	http://www.boqii.com/entry/detail/2330.html
https://gss1.bdstatic.com/9vo3dSag_xI4khGkpoWK1HF6hhy/baike/s%3D220/sign=2090cea353ee3d6d26c680c973176d41/c75c10385343fbf2c3bc7b27ba7eca8065388f26.jpg	https://baike.baidu.com/item/%E4%B8%B2%E5%8F%B6%E6%9D%BE%E9%A6%99%E8%8D%89
http://www.huayugu.com.cn/uploads/allimg/160810/1-160Q02310590-L.jpg	http://www.huayugu.com.cn/chuanyesongxiangcao/
https://cbu01.alicdn.com/img/ibank/2016/353/757/3595757353_1321595479.220x220.jpg	http://www.1688.com/chanpin/-B4AED2B6CBC9CFE3B2DD.html
https://b-ssl.duitang.com/uploads/item/201304/09/20130409101213_sF8Bm.jpeg	https://www.duitang.com/blog/?id=71579629
http://pic1.huashichang.com/2016/0810/21/57ab2c0dbe858.jpg	http://www.aihuhua.com/tupian/tupianpsh.html
https://cbu01.alicdn.com/img/ibank/2016/216/844/3428448612_259632882.220x220.jpg	http://www.1688.com/chanpin/-B4AED2B6CBC9CFE3B2DD.html
http://www.mucaozhongziwang.com/images/UpFile/2014-3/Small_20143261056200.jpg	http://www.mucaozhongziwang.com/zhsh.asp?lei=21
http://s10.sinaimg.cn/middle/66019f9eha18d5154ad59&690	http://blog.sina.com.cn/s/blog_66019f9e0100rc1z.html
http://www.huayugu.com.cn/uploads/allimg/160810/1-160Q02312030-L.jpg	http://www.huayugu.com.cn/chuanyesongxiangcao/
http://image.cn.made-in-china.com/2f0j01cKBTJOUobQpu/%E5%A4%9A%E5%B9%B4%E7%94%9F%E4%BC%98%E8%B4%A8%E7%89%A7%E8%8D%89%E5%93%81%E7%A7%8D+%E4%B8%B2%E5%8F%B6%E6%9D%BE%E9%A6%99%E8%8D%89%E7%A7%8D%E5%AD%90.jpg	http://cn.made-in-china.com/tupian/jnft123-zbXEtRATsCYv.html
http://www.huayugu.com.cn/uploads/allimg/160810/1-160Q02316360-L.jpg	http://www.huayugu.com.cn/chuanyesongxiangcao/
https://cbu01.alicdn.com/img/ibank/2015/312/216/2615612213_1439078466.310x310.jpg	https://www.1688.com/pic/-B4AED2B6CBC9CFE3B2DDD6D6D7D3.html
https://upload.wikimedia.org/wikipedia/commons/7/7f/Silphium_perfoliatum_MHNT.BOT.2015.34.69.jpg	https://zh.wikipedia.org/wiki/%E4%B8%B2%E5%8F%B6%E6%9D%BE%E9%A6%99%E8%8D%89
https://cbu01.alicdn.com/img/ibank/2015/209/208/2436802902_2084273130.220x220.jpg	http://www.1688.com/chanpin/-B4AED2B6CBC9CFE3B2DD.html
http://s13.sinaimg.cn/mw690/0029Dvdfgy6KFMGn4v2bc&690	http://blog.sina.com.cn/s/blog_75b308c90102uxwg.html
https://cbu01.alicdn.com/img/ibank/2016/376/102/2844201673_1416154153.310x310.jpg	https://www.1688.com/pic/-B4AED2B6CBC9CFE3B2DDD6D6D7D3.html
http://www.huayugu.com.cn/uploads/allimg/160810/1-160Q02313250-L.jpg	http://www.huayugu.com.cn/chuanyesongxiangcao/
https://cbu01.alicdn.com/img/ibank/2014/216/313/1663313612_615848930.220x220.jpg	http://www.1688.com/chanpin/-B4AED2B6CBC9CFE3B2DD.html
https://cbu01.alicdn.com/img/ibank/2015/409/779/2415977904_1443277435.220x220.jpg	https://s.1688.com/kq/-B4AED2B6CBC9CFE3B2DDD6D6D7D3.html
http://www.zjgcjny.com/upLoad/product/month_1609/201609091106437055.jpg	http://www.zjgcjny.com/yaoyongzhiwu/1117.html
http://www.pjcn.org/uploads/allimg/1701/1-1F10H2443WP.jpg	http://www.pjcn.org/hg/3203/
https://cbu01.alicdn.com/img/ibank/2016/226/138/3021831622_626902972.220x220.jpg	https://s.1688.com/kq/-B4AED2B6CBC9CFE3B2DDD6D6D7D3.html
http://s10.sinaimg.cn/mw690/001ROMKqgy6WjS63HeN89&690	http://blog.sina.com.cn/s/blog_66019f9e0100rc1z.html
http://s16.sinaimg.cn/mw690/0045HJBXzy6VItCcQsTaf&690	http://blog.sina.com.cn/s/blog_df72b45d0102vqu3.html
http://www.yuduowang.com/uploadfile/2017/0630/20170630044546173.jpg	http://www.yuduowang.com/yysl/1774.html
http://userimages3.51sole.com/20160105/b_1378269_201601051400262775.jpg	http://tesenongye1234.51sole.com/companyproductdetail_52169147.htm
http://www.hfseeds.com/uploadfile/Product_small/201507171113348957.jpg	http://www.hfseeds.com/productshow.asp?id=366
http://userimages3.51sole.com/20160105/b_1378269_201601051400346839.jpg	http://tesenongye1234.51sole.com/companyproductdetail_52169147.htm
http://www.yeehua.net/pic/2006/IMG_9152%E4%B8%B2%E5%8F%B6%E6%9D%BE%E9%A6%99%E8%8D%89.JPG	http://www.yeehua.net/picview.asp?tpid=346
http://a1.att.hudong.com/84/73/01300543932868147979737368420_s.jpg	http://www.baike.com/wiki/%E4%B8%B2%E5%8F%B6%E6%9D%BE%E9%A6%99%E8%8D%89
http://www.jntsny.com/uploadfile/2016/0727/20160727696738.jpg	http://www.jntsny.com/index.php?m=content&c=index&a=show&catid=86&id=127
http://img.boqiicdn.com/Data/BK/A/1512/16/imagick4641450237425_y.jpg	http://www.boqii.com/entry/detail/2330.html
https://cbu01.alicdn.com/img/ibank/2014/339/585/1897585933_462704874.220x220.jpg	https://s.1688.com/kq/-B4AED2B6CBC9CFE3B2DDD6D6D7D3.html
http://s15.sinaimg.cn/mw690/0029Dvdfgy6KFMGC2tgce&690	http://blog.sina.com.cn/s/blog_75b308c90102uxwg.html
https://cbu01.alicdn.com/img/ibank/2015/945/011/2611110549_2003749465.310x310.jpg	https://www.1688.com/pic/-B4AED2B6CBC9CFE3B2DDD6D6D7D3.html
http://s15.sinaimg.cn/mw690/0029Dvdfgy6KFMG2p5Q9e&690	http://blog.sina.com.cn/s/blog_75b308c90102uxwg.html
http://pic1.win4000.com/pic/0/2f/0c681347662.jpg_195.jpg	http://www.win4000.com/meinv112973.html
https://b-ssl.duitang.com/uploads/item/201602/15/20160215182439_4RsYH.thumb.224_0.jpeg	https://www.duitang.com/blogs/tag/?name=%E4%B8%B2%E5%8F%B6%E6%9D%BE%E9%A6%99%E8%8D%89
https://img5.yxlady.com/Flowers/UploadFiles_9965/20160627/20160627151031179.jpg	https://m.yxlady.com/Flowers/201606/428245.shtml
https://gss0.bdstatic.com/-4o3dSag_xI4khGkpoWK1HF6hhy/baike/w%3D400/sign=d51c8d939f2bd40742c7d2fd4b889e9c/a8773912b31bb0512421a0933e7adab44aede000.jpg	https://baike.baidu.com/item/%E4%B8%B2%E5%8F%B6%E6%9D%BE%E9%A6%99%E8%8D%89
http://img2.3png.com/578aafcccb5656160571cdc30632139992e8.png	http://3png.com/a/4759928.html
https://cbu01.alicdn.com/img/ibank/2014/539/063/1535360935_1543621117.220x220.jpg	https://s.1688.com/kq/-B4AED2B6CBC9CFE3B2DDD6D6D7D3.html
https://b-ssl.duitang.com/uploads/item/201602/15/20160215182345_2kFrN.thumb.224_0.jpeg	https://www.duitang.com/blogs/tag/?name=%E4%B8%B2%E5%8F%B6%E6%9D%BE%E9%A6%99%E8%8D%89
https://b-ssl.duitang.com/uploads/item/201602/15/20160215182208_JjzuC.thumb.224_0.jpeg	https://www.duitang.com/blogs/tag/?name=%E4%B8%B2%E5%8F%B6%E6%9D%BE%E9%A6%99%E8%8D%89
https://b-ssl.duitang.com/uploads/item/201602/15/20160215182258_saUZy.thumb.224_0.jpeg	https://www.duitang.com/blogs/tag/?name=%E4%B8%B2%E5%8F%B6%E6%9D%BE%E9%A6%99%E8%8D%89
https://cbu01.alicdn.com/img/ibank/2013/921/070/825070129_1671394753.220x220.jpg	http://www.1688.com/chanpin/-B4AED2B6CBC9CFE3B2DD.html
http://img.boqiicdn.com/Data/BK/P/imagick73461450258830.jpg	http://www.boqii.com/entry/detail/2330.html
http://img.yanquecao.com/img/flower/silphiumperfoliatum/silphiumperfoliatum1.jpg	http://www.yanquecao.com/detail/1025
http://www.naturelib.net/sites/default/files/styles/larger/public/field/image/DSC_5544%E4%B8%B2%E5%8F%B6%E6%9D%BE%E9%A6%99%E8%8D%89.jpg?itok=53YP77kN	http://www.naturelib.net/node/977
http://www.pibaosi.net/uploads/allimg/160211/1-1602111636390-L.jpg	http://huahui.pibaosi.net/20160211/117417.html
http://pic1.win4000.com/pic/0/2f/0c681347658.jpg	http://www.win4000.com/meinv112973.html
https://www.cmeii.com/uploads/allimg/1707/1-1FF21I411511.jpg	https://www.cmeii.com/huahuizhongzilei/2843.html
http://s8.sinaimg.cn/mw690/0029Dvdfgy6KFMHg8Tlf7&690	http://blog.sina.com.cn/s/blog_75b308c90102uxwg.html
https://cbu01.alicdn.com/img/ibank/2016/187/614/2709416781_1144031517.310x310.jpg	http://tw.1688.com/pic/-B4AED2B6CBC9CFE3B2DDD6D6D7D3.html
https://www.cmeii.com/uploads/allimg/1707/1-1FF21I414196.jpg	https://www.cmeii.com/huahuizhongzilei/2843.html
http://s8.sinaimg.cn/mw690/001KO9s7zy738LNpydha7&690	http://blog.sina.com.cn/s/blog_5fd509230102whzg.html
http://img.yanquecao.com/img/flower/silphiumperfoliatum/silphiumperfoliatum3.jpg	http://www.yanquecao.com/detail/1025
https://cbu01.alicdn.com/img/ibank/2014/228/499/1518994822_1583855304.310x310.jpg	https://www.1688.com/pic/-B4AED2B6CBC9CFE3B2DDD6D6D7D3.html
http://s8.sinaimg.cn/mw690/0029Dvdfgy6KFMF8xRZ27&690	http://blog.sina.com.cn/s/blog_75b308c90102uxwg.html
http://s7.sinaimg.cn/mw690/001KWqsdgy6YoS1kpds56&690	http://blog.sina.com.cn/s/blog_5ff3202d0102w9t7.html
https://www.cmeii.com/uploads/allimg/1707/1-1FF21I411246.jpg	https://www.cmeii.com/huahuizhongzilei/2843.html
http://s7.sinaimg.cn/mw690/0045HJBXzy6VItohELce6&690	http://blog.sina.com.cn/s/blog_df72b45d0102vqu3.html
http://www.tyfmy.com/myweb/tianyefeng/upload/20100608/%E4%B8%B2%E5%8F%B6%E6%9D%BE%E9%A6%99%E8%8D%89.jpg	http://www.tyfmy.com/product/productshow/807/2683.html
http://s10.sinaimg.cn/mw690/001ROMKqgy6WjS8vVZT69&690	http://blog.sina.com.cn/s/blog_66019f9e0100rc1z.html
http://s15.sinaimg.cn/mw690/0045HJBXzy6VItpyBNcde&690	http://blog.sina.com.cn/s/blog_df72b45d0102vqu3.html
http://img.yanquecao.com/img/flower/silphiumperfoliatum/silphiumperfoliatum4.jpg	http://www.yanquecao.com/detail/1025
http://img.boqiicdn.com/Data/BK/A/1512/16/imagick27021450237826_y.jpg	http://www.boqii.com/entry/detail/2330.html
http://upload.wikimedia.org/wikipedia/commons/thumb/0/06/Silphium_perfoliatum-linedrawingBB.png/640px-Silphium_perfoliatum-linedrawingBB.png	http://www.wikiwand.com/zh/%E4%B8%B2%E5%8F%B6%E6%9D%BE%E9%A6%99%E8%8D%89
http://www.cgris.net/photobase/cropphoshop/%E8%8A%B1%E5%8D%89/%E4%B8%B2%E5%8F%B6%E6%9D%BE%E9%A6%99%E8%8D%89.jpg	http://www.cgris.net/photobase/cropphoshop/%E8%8A%B1%E5%8D%89/%E4%B8%B2%E5%8F%B6%E6%9D%BE%E9%A6%99%E8%8D%89.htm
http://s13.sinaimg.cn/mw690/0045HJBXzy6VItoGZUUcc&690	http://blog.sina.com.cn/s/blog_df72b45d0102vqu3.html
http://img.redocn.com/sheying/20140919/juhuazhongleichuanyesongxiangcao_3105633.jpg	http://m.redocn.com/dongwuzhiwu_3105633.html
http://www.zjgcjny.com/upLoad/product/month_1609/201609091106473835.jpg	http://www.zjgcjny.com/yaoyongzhiwu/1117.html
http://zzmm8.com/upLoad/product/month_1602/20160221115936177.jpg	http://zzmm8.com/content/?166.html
https://b-ssl.duitang.com/uploads/item/201111/29/20111129223014_ZRF4v.thumb.224_0.jpg	https://www.duitang.com/blogs/tag/?name=%E4%B8%B2%E5%8F%B6%E6%9D%BE%E9%A6%99%E8%8D%89
http://www.hbyseeds.cn/uploadfile/Products/20140302104771247124.jpg	http://www.hbyseeds.cn/ShowProducts.asp?BigClassID=33&id=155
http://lvpu.net/SuGenHuaHui/ChuanYeSongXiangCao/001.jpg	http://lvpu.net/SuGenHuaHui/ChuanYeSongXiangCao/
https://www.cmeii.com/uploads/allimg/1707/1-1FF21I4124R.jpg	https://www.cmeii.com/huahuizhongzilei/2843.html
http://s1.sinaimg.cn/middle/66019f9ehb0a537b9cb60&690	http://blog.sina.com.cn/s/blog_66019f9e0100rc1z.html
https://cbu01.alicdn.com/img/ibank/2015/749/648/2373846947_968312182.310x310.jpg	https://www.1688.com/pic/-B4AED2B6CBC9CFE3B2DD.html
https://www.cmeii.com/uploads/allimg/1707/1-1FF21I414343.jpg	https://www.cmeii.com/huahuizhongzilei/2843.html
https://cbu01.alicdn.com/img/ibank/2014/910/204/1440402019_102418363.310x310.jpg	https://www.1688.com/pic/-B4AED2B6CBC9CFE3B2DDD6D6D7D3.html
http://www.ysnseed.com/Public/Upload/image/20141109/20141109120244_77537.jpg	http://www.ysnseed.com/product/1415505414.html
http://s12.sinaimg.cn/mw690/001KWqsdgy6YoS3xwvx8b&690	http://blog.sina.com.cn/s/blog_5ff3202d0102w9t7.html
https://w5.sanwen8.cn/mmbiz_jpg/UNJFlDnZ6giatoJHYAcIVBCSPQKHjPI8QS1MuVEo9aqZA32abk561aJBGEqNoukvAFJ04cJZ5uOkvY60DYHCsEA/0?wx_fmt=jpeg	https://sanwen8.cn/p/7f4SmG3.html
https://cbu01.alicdn.com/img/ibank/2014/847/703/1554307748_1123965665.310x310.jpg	https://www.1688.com/pic/-B4AED2B6CBC9CFE3B2DDD6D6D7D3.html
http://www.tyfmy.com/myweb/tianyefeng/upload/20100608/%E4%B8%B2%E5%8F%B6%E6%9D%BE%E9%A6%99%E8%8D%89%E5%A0%86%E7%B2%92.jpg	http://www.tyfmy.com/product/productshow/807/2683.html
https://www.cmeii.com/uploads/allimg/1707/1-1FF21I4135b.jpg	https://www.cmeii.com/huahuizhongzilei/2843.html
