
http://www.baihuamen.com/d/file/2014/04-13/75877578148637e8766acec78763d430.jpg	http://www.baihuamen.com/xiaocanglan/
http://imglf2.nosdn.127.net/img/M3VJVHdzY3hscG5DMERiUTdZYkZJa3FHZFRSTmNOTzl6VzA2Z3ZhaXVwN0dydzBxSkhBZGNBPT0.jpg?imageView&thumbnail=500x0&quality=96&stripmeta=0&type=jpg	http://www.lofter.com/tag/%E5%B0%8F%E8%8B%8D%E5%85%B0
http://a0.att.hudong.com/77/02/01300485195197133527023845118_s.png	http://www.baike.com/wiki/%E5%B0%8F%E8%8B%8D%E5%85%B0
http://a2.att.hudong.com/38/84/01300534872887136308847611811.jpg	http://www.baike.com/wiki/%E5%B0%8F%E8%8B%8D%E5%85%B0
https://www.huabaike.com/uploads/allimg/sltimg/201511/5646c319b8399.jpg	https://www.huabaike.com/yhjq/416.html
https://www.huabaike.com/uploads/allimg/sltimg/201511/5646c5246eec8.jpg	https://www.huabaike.com/yhjq/416.html
http://www.yuhuagu.com/uploads/allimg/131026/10_131026154104_1.JPG	http://www.yuhuagu.com/changshi/2013/1026/9633.html
http://a2.att.hudong.com/12/31/01300000165486121610315733687.jpg	http://tupian.baike.com/a2_12_31_01300000165486121610315733687_140_jpg.html
http://pic27.nipic.com/20130314/3822951_080705901000_2.jpg	http://www.nipic.com/show/7685045.html
http://pic27.nipic.com/20130314/3822951_080641845000_2.jpg	http://www.nipic.com/show/7685029.html
http://s3.sinaimg.cn/mw690/001qMs6hgy6NO7m8Y8y42&690	http://blog.sina.com.cn/s/blog_4e3179f50102v8h8.html
http://www.iyanghua.com/f/xiaocanglan/2009325185929_2.jpg	http://www.iyanghua.com/f/xiaocanglan/
http://www.baihuamen.com/d/file/2014/04-13/c1d8d0c5ecde5e2e24a85415302ca97a.jpg	http://www.baihuamen.com/xiaocanglan/
http://www.hanyi365.com/attach/userfiles/image/2016-10-18_16_32_13.jpg	http://www.hanyi365.com/article_3224.html
http://pic23.nipic.com/20120804/4499633_192240686000_2.jpg	http://www.nipic.com/show/1/44/6642419kedc4a656.html
http://www.52yhua.com/uploads/allimg/160323/1-160323222927-50.jpg	http://www.52yhua.com/jishu/2059.html
http://www.iyanghua.com/f/xiaocanglan/200911211157_2.jpg	http://www.iyanghua.com/f/xiaocanglan/
http://pic15.nipic.com/20110721/3101644_145910566674_2.jpg	http://www.nipic.com/show/1/44/4871822kb33d523b.html
https://thumbs.dreamstime.com/z/%E5%B0%8F%E8%8B%8D%E5%85%B0-24295945.jpg	https://cn.dreamstime.com/%E5%85%8D%E7%89%88%E7%A8%8E%E5%BA%93%E5%AD%98%E7%85%A7%E7%89%87-%E5%B0%8F%E8%8B%8D%E5%85%B0-image24295945
http://www.ynhmw.com/file/upload/201403/31/09-56-23-64-1.jpg	http://www.ynhmw.com/xuetang/show-3781.html
http://a1.att.hudong.com/15/04/01300485195197133527043922463.png	http://tupian.baike.com/a1_15_04_01300485195197133527043922463_png.html
http://a4.att.hudong.com/87/03/01300485195197133527038377076.png	http://www.baike.com/wiki/%E5%B0%8F%E8%8B%8D%E5%85%B0
https://www.huabaike.com/uploads/allimg/artimg/201605/20160518141642_79980.jpg	https://www.huabaike.com/yhjq/3543.html
http://image.yuanlin.com/yuanyi/2013/5/31d6e3ef-7dec-4e63-a3dd-06692313b13d.jpg	http://yy.yuanlin.com/detail/35992.html
http://img.xunhai.com/2015/11/26/144851647046793.jpg	http://www.xunhai.com/xiaocanglan/
http://img1.ph.126.net/NIDCjahaWdxD6fPMMMgMqw==/2830230890843478169.jpg	http://chuofeng20121127.lofter.com/post/2f2e03_653a71a
http://pic34.nipic.com/20131023/496038_153513100000_2.jpg	http://www.nipic.com/show/9068184.html
http://www.hnhm.com/uploads/allimg/130620/1643240.jpg	http://www.hnhm.com/news/zaipei/201306/287945.html
http://img0.ph.126.net/HuzfOKgIBr-WSGYHd30O1Q==/6630740111233492395.jpg	http://chuofeng20121127.lofter.com/post/2f2e03_653a71a
http://a2.att.hudong.com/34/04/01300485195197133527040662673_s.png	http://www.baike.com/wiki/%E5%B0%8F%E8%8B%8D%E5%85%B0
http://www.ew9z.com/wp-content/uploads/2010/03/Freesia_hybrida_5.jpg	http://www.ew9z.com/xiaocanglan-pinzhong-ziliao.html
http://www.kaihuala.com/uploads/allimg/140710/0946331U5-0.jpg	http://www.kaihuala.com/sugen/sg2173.html
https://thumbs.dreamstime.com/z/%E5%BC%80%E8%8A%B1%E5%B0%8F%E8%8B%8D%E5%85%B0-19804664.jpg	https://cn.dreamstime.com/%E5%BA%93%E5%AD%98%E5%9B%BE%E7%89%87-%E5%BC%80%E8%8A%B1%E5%B0%8F%E8%8B%8D%E5%85%B0-image19804664
http://image51.360doc.com/DownloadImg/2012/04/2422/23471876_2	http://www.360doc.com/content/12/0424/22/5733130_206285175.shtml
http://www.zhiwutong.com/tu/yanghua/%E5%B0%8F%E8%8B%8D%E5%85%B01.jpg	http://www.zhiwutong.com/gardens/09-28/9442.htm
http://pic27.nipic.com/20130313/3822951_090252156000_2.jpg	http://www.nipic.com/show/7685063.html
https://thumbs.dreamstime.com/z/%E5%B0%8F%E8%8B%8D%E5%85%B0-31725006.jpg	https://cn.dreamstime.com/%E5%85%8D%E7%89%88%E7%A8%8E%E5%BA%93%E5%AD%98%E5%9B%BE%E7%89%87-%E5%B0%8F%E8%8B%8D%E5%85%B0-image31725006
http://s15.sinaimg.cn/middle/66019f9enbe446350b4ce&690	http://blog.sina.com.cn/s/blog_66019f9e0102e1mx.html
https://www.huabaike.com/uploads/allimg/sltimg/201511/5646a96c7a205.jpg	https://www.huabaike.com/sphh/389.html
http://www.52yhua.com/uploads/allimg/170703/1-1FF3235G5.jpg	http://www.52yhua.com/caoben/7662.html
http://s12.sinaimg.cn/middle/4e3179f5nb2457c77da0b&690	http://blog.sina.com.cn/s/blog_4e3179f50102dtfp.html
https://www.huabaike.com/uploads/allimg/sltimg/201605/573c08b2e48e2.jpg	https://www.huabaike.com/yhjq/3543.html
http://www.wdptj.com/wp-content/uploads/2014/09/%E5%B0%8F%E8%8B%8D%E5%85%B0.jpg	http://www.wdptj.com/xiaocanglan/
http://www.iyanghua.com/f/xiaocanglan/2009211120045_2.jpg	http://www.iyanghua.com/f/xiaocanglan/
https://thumbs.dreamstime.com/z/%E5%9C%A8-%E8%89%B2%E7%9A%84-%E8%89%B2%E5%B0%8F%E8%8B%8D%E5%85%B0-30886846.jpg	https://cn.dreamstime.com/%E5%BA%93%E5%AD%98%E5%9B%BE%E7%89%87-%E5%B0%8F%E8%8B%8D%E5%85%B0%E9%BB%84%E8%89%B2-image23979104
http://v2009.dehong.gov.cn/files/allimg/090523/205T3KH-0.jpg	http://v2009.dehong.gov.cn/feature/plant/2009/0523/feature-8315.html
https://img1.doubanio.com/lpic/s25799019.jpg	https://www.douban.com/game/21423848/
http://s6.sinaimg.cn/mw690/68c0bec3td8708ff06ab5&690	http://blog.sina.com.cn/s/blog_68c0bec301019bab.html
http://map1.zw3e.com:8080/zw_news_map/550/2014102/1413706410031372774.jpg	http://www.zw3e.com/190/
http://tva2.sinaimg.cn/crop.0.0.798.798.180/0068icgTgw1eytjqvopiej30m80m8te4.jpg	http://weibo.wbdacdn.com/user/5619344759/
http://www.ynhmw.com/file/upload/201403/31/09-56-40-50-1.jpg	http://www.ynhmw.com/xuetang/show-3781.html
https://timg01.bdimg.com/timg?wapbaike&quality=80&size=b1024_677crop=&cut_x=0&cut_y=90&cut_w=1024&cut_h=677&sec=1349839550&di=bec89dcb7f0a7adb0ac1e27c9ed6a73a&src=http://imgsrc.baidu.com/baike/pic/item/b151f8198618367a65b00c7826738bd4b31ce55e.jpg	http://wapbaike.baidu.com/item/%E5%B0%8F%E8%8B%8D%E5%85%B0/202078
http://newsimg.5054399.com/uploads/userup/1104/0Q22F62I6.jpg	http://news.4399.com/xiaohuaxian/huazhong/pen/201104-08-92381.html
http://www.mihuyuan.com/pics/original/20150514/1431600350056309.jpg	http://www.mihuyuan.com/advisorydetail.do?ady_id=1431600393353310
http://pic16.nipic.com/20110929/3101644_074145201827_2.jpg	http://www.nipic.com/show/1/44/5165847k2c403acf.html
https://thumbs.dreamstime.com/z/%E5%B0%8F%E8%8B%8D%E5%85%B0%E5%92%8C%E4%B8%80%E4%B8%AA%E7%A9%BA%E6%8F%92-46481001.jpg	https://cn.dreamstime.com/%E5%BA%93%E5%AD%98%E7%85%A7%E7%89%87-%E5%B0%8F%E8%8B%8D%E5%85%B0%E5%92%8C%E4%B8%80%E4%B8%AA%E7%A9%BA%E6%8F%92-image46481001
http://tu.qt3191.com/allimg/c110627/1309161L1W940-614A.gif	http://www.qt3191.com/qiugenhuahuitupian/55591.html
http://a4.att.hudong.com/70/04/01300485195197133527047993711_s.png	http://www.baike.com/wiki/%E5%B0%8F%E8%8B%8D%E5%85%B0
https://thumbs.dreamstime.com/z/%E5%B0%8F%E8%8B%8D%E5%85%B0-29397222.jpg	https://cn.dreamstime.com/%E5%9B%BE%E5%BA%93%E6%91%84%E5%BD%B1-%E5%B0%8F%E8%8B%8D%E5%85%B0-image29397222
https://thumbs.dreamstime.com/z/%E4%BA%94%E9%A2%9C%E5%85%AD%E8%89%B2%E7%9A%84%E5%B0%8F%E8%8B%8D%E5%85%B0%E5%93%81%E7%A7%8D-51922848.jpg	https://cn.dreamstime.com/%E5%BA%93%E5%AD%98%E7%85%A7%E7%89%87-%E4%BA%94%E9%A2%9C%E5%85%AD%E8%89%B2%E7%9A%84%E5%B0%8F%E8%8B%8D%E5%85%B0%E5%93%81%E7%A7%8D-image51922848
http://www.zhongzi.net/files/allimg/151126/1-151126163216212.jpg	http://m.zhongzi.net/zzzp/hhzz/xiaocanglanzaipeijishu.htm
http://img.xunhai.com/2015/12/01/144895371428480.jpg	http://www.xunhai.com/xiaocanglan/
http://www.52yhua.com/uploads/allimg/160323/1-160323222350.jpg	http://m.52yhua.com/qiugen/2057.html
https://thumbs.dreamstime.com/z/%E5%BC%80%E8%8A%B1%E5%B0%8F%E8%8B%8D%E5%85%B0-19040847.jpg	https://cn.dreamstime.com/%E5%85%8D%E7%89%88%E7%A8%8E%E5%9B%BE%E5%BA%93%E6%91%84%E5%BD%B1-%E5%BC%80%E8%8A%B1%E5%B0%8F%E8%8B%8D%E5%85%B0-image19040847
http://images.nongmiao.com/big//trade/2012/09/14/01/31/553307777_733697158.310x310.jpg	http://www.nongmiao.com/suyihuahui88/supplydetail-38112.html
http://b2b.image.yuanlin.com/biz/2009-3/20093161311288894.jpg	http://www.yuanlin.com/b2b/sell_detail_61476_pic.html
https://cdn.pixabay.com/photo/2016/10/24/18/29/flowers-1766876_960_720.jpg	https://pixabay.com/zh/%E9%B2%9C%E8%8A%B1-%E9%BB%84%E8%89%B2%E7%9A%84%E8%8A%B1%E6%9C%B5-%E9%B8%A2%E5%B0%BE%E7%A7%91-%E9%BB%84%E8%89%B2%E5%B0%8F%E8%8B%8D%E5%85%B0-%E5%BE%88%E6%97%A0%E8%81%8A-1766876/
https://thumbs.dreamstime.com/z/%E5%B0%8F%E8%8B%8D%E5%85%B0%E7%99%BD%E8%89%B2-3219102.jpg	https://cn.dreamstime.com/%E5%9B%BE%E5%BA%93%E6%91%84%E5%BD%B1-%E5%B0%8F%E8%8B%8D%E5%85%B0%E7%99%BD%E8%89%B2-image3219102
http://www.imagewa.com/PhotoPreview/358/358_61855.jpg	http://www.imagewa.com/Photo/358/61855.html
http://images.freeimages.com/images/premium/previews/4423/44234812-beautiful-freesia-flowers-isolated-on-white.jpg	http://cn.freeimages.com/premium/beautiful-freesia-flowers-isolated-on-white-505198
https://thumbs.dreamstime.com/z/%E5%B0%8F%E8%8B%8D%E5%85%B0%E9%BB%84%E8%89%B2-23979104.jpg	https://cn.dreamstime.com/%E5%9B%BE%E5%BA%93%E6%91%84%E5%BD%B1-%E5%B0%8F%E8%8B%8D%E5%85%B0%E9%BB%84%E8%89%B2-image23979142
http://img2.ph.126.net/Fh7SQuntao51HummOvUkKw==/6630910535536489169.jpg	http://www.lofter.com/tag/%E5%B0%8F%E8%8B%8D%E5%85%B0
http://s4.sinaimg.cn/mw690/001qMs6hgy6NLjw9RJN83&690	http://blog.sina.com.cn/s/blog_4e3179f50102v8h8.html
https://thumbs.dreamstime.com/z/%E8%89%B2%E5%B0%8F%E8%8B%8D%E5%85%B0%E5%88%86%E6%94%AF%E4%B8%8E%E8%8A%B1%E5%92%8C%E8%8A%BD%E7%9A%84%EF%BC%8C%E8%A2%AB%E9%9A%94-71617131.jpg	https://cn.dreamstime.com/%E5%BA%93%E5%AD%98%E5%9B%BE%E7%89%87-%E5%B0%8F%E8%8B%8D%E5%85%B0%E7%B4%AB%E8%89%B2-image687524
https://gss1.bdstatic.com/-vo3dSag_xI4khGkpoWK1HF6hhy/baike/w%3D400/sign=fa311aa84aa7d933bfa8e5739d4ad194/4bed2e738bd4b31c7283b4078fd6277f9f2ff8cb.jpg	https://baike.baidu.com/item/%E5%B0%8F%E8%8B%8D%E5%85%B0
http://www.iyanghua.com/f/xiaocanglan/200921893238_2.jpg	http://www.iyanghua.com/f/xiaocanglan/
https://upload.wikimedia.org/wikipedia/commons/thumb/4/48/Flowers_February_2009-1.jpg/250px-Flowers_February_2009-1.jpg	https://zh.wikipedia.org/wiki/%E5%B0%8F%E8%92%BC%E8%98%AD%E5%B1%AC
http://a2.att.hudong.com/17/52/300001161782130353522537620_950.jpg	http://www.baike.com/wiki/%E5%B0%8F%E8%8B%8D%E5%85%B0
https://cdn.pixabay.com/photo/2016/10/24/18/36/flowers-1766891_960_720.jpg	https://pixabay.com/zh/%E9%B2%9C%E8%8A%B1-%E9%BB%84%E8%89%B2%E7%9A%84%E8%8A%B1%E6%9C%B5-%E9%B8%A2%E5%B0%BE%E7%A7%91-%E9%BB%84%E8%89%B2%E5%B0%8F%E8%8B%8D%E5%85%B0-%E5%BE%88%E6%97%A0%E8%81%8A-1766891/
https://cbu01.alicdn.com/img/ibank/2014/649/351/1585153946_1787067702.400x400.jpg	http://detail.1688.com/offer/40399721946.html
https://cbu01.alicdn.com/img/ibank/2014/317/581/1593185713_99864327.jpg	https://detail.1688.com/offer/44269301463.html
http://shop.flowerjs.com.tw/pic/digi/41_sml.jpg	http://shop.flowerjs.com.tw/sublist.asp?LarCode=%E5%B0%8F%E8%92%BC%E8%98%AD
https://thumbs.dreamstime.com/z/%E5%B0%8F%E8%8B%8D%E5%85%B0%E5%BC%80%E8%8A%B1%E7%99%BD%E8%89%B2%E6%A1%83%E7%BA%A2%E8%89%B2%E8%8A%BD-69823372.jpg	https://cn.dreamstime.com/%E5%BA%93%E5%AD%98%E7%85%A7%E7%89%87-%E5%B0%8F%E8%8B%8D%E5%85%B0%E5%BC%80%E8%8A%B1%E7%99%BD%E8%89%B2%E6%A1%83%E7%BA%A2%E8%89%B2%E8%8A%BD-image69823372
http://www.jomalone.com.cn/media/taste_notes/fruity/freesia.jpg	http://www.jomalone.com.cn/product/3584/12553/english-pear-freesia-cologne
http://www.chantuguan.com/ueditor/php/upload/image/20170616/1497580279907152.jpg	http://www.chantuguan.com/baike/750.html
http://www.1nongjing.com/uploads/allimg/150420/886-1504201AT9135.jpg	http://m.1nongjing.com/a/201504/83046.html
http://hua36.com/tupian/xiaocanglan/1.jpg	http://hua36.com/huahui/qiugenhuahui/259.html
http://www.chantuguan.com/ueditor/php/upload/image/20170616/1497582427855041.jpg	http://www.chantuguan.com/baike/753.html
https://thumbs.dreamstime.com/b/%E5%88%86%E8%A1%8C%E5%B0%8F%E8%8B%8D%E5%85%B0%E7%99%BD%E8%89%B2-23600787.jpg	https://cn.dreamstime.com/%E5%85%8D%E7%89%88%E7%A8%8E%E5%9B%BE%E5%BA%93%E6%91%84%E5%BD%B1-%E5%88%86%E8%A1%8C%E5%B0%8F%E8%8B%8D%E5%85%B0%E7%99%BD%E8%89%B2-image23600787
http://n.7k7kimg.cn/2015/0610/1433921562812.jpg	http://news.7k7k.com/content/20110408/83563.html
http://www.huayugu.com.cn/uploads/allimg/161029/1-1610291J6440-L.jpg	http://www.huayugu.com.cn/xiaocanglan/
http://s11.sinaimg.cn/mw690/001qMs6hgy6NLjCba9I6a&690	http://blog.sina.com.cn/s/blog_4e3179f50102v8h8.html
http://dasouji.com/wp-content/uploads/2015/07/%E5%B0%8F%E8%8B%8D%E5%85%B0-1.jpg	http://dasouji.com/archives/47062
https://thumbs.dreamstime.com/b/%E5%B0%8F%E8%8B%8D%E5%85%B0-24030622.jpg	https://cn.dreamstime.com/%E5%9B%BE%E5%BA%93%E6%91%84%E5%BD%B1-%E5%B0%8F%E8%8B%8D%E5%85%B0-image24030622
http://hua36.com/tupian/xiaocanglan/3.jpg	http://hua36.com/huahui/qiugenhuahui/259.html
http://s11.sinaimg.cn/mw690/001mwfSXgy6M5YhvEjU4a&690	http://blog.sina.com.cn/s/blog_4a70b2cb0102v3d3.html
https://b-ssl.duitang.com/uploads/blog/201601/06/20160106190044_ZUJRL.thumb.700_0.jpeg	https://www.duitang.com/blog/?id=509283250
http://pic.pimg.tw/agneta/1334292359-1220980343.jpg	http://agneta.pixnet.net/blog/post/27966696-%5Bgreen%5D-%E9%96%8B%E8%8A%B1%E3%80%81%E7%B5%90%E6%9E%9C%EF%BC%8C%E6%98%A5%E6%84%8F%E7%9B%8E%E7%84%B6%E7%9A%84%E5%B0%8F%E8%8A%B1%E5%9C%92%E3%80%82
https://thumbs.dreamstime.com/b/%E5%B0%8F%E8%8B%8D%E5%85%B0-24030512.jpg	https://cn.dreamstime.com/%E5%9B%BE%E5%BA%93%E6%91%84%E5%BD%B1-%E5%B0%8F%E8%8B%8D%E5%85%B0-image24030512
https://thumbs.dreamstime.com/z/%E7%BE%8E%E5%A5%BD%E7%9A%84-%E8%89%B2%E5%B0%8F%E8%8B%8D%E5%85%B0%E8%83%8C%E6%99%AF-%E5%BC%80%E8%8A%B1%E7%9A%84%E5%B0%8F%E8%8B%8D%E5%85%B0%E8%8A%B1-90808347.jpg	https://cn.dreamstime.com/%E5%BA%93%E5%AD%98%E7%85%A7%E7%89%87-%E7%BE%8E%E5%A5%BD%E7%9A%84-%E8%89%B2%E5%B0%8F%E8%8B%8D%E5%85%B0%E8%83%8C%E6%99%AF-%E5%BC%80%E8%8A%B1%E7%9A%84%E5%B0%8F%E8%8B%8D%E5%85%B0%E8%8A%B1-image90808347
