
http://a1.att.hudong.com/05/61/01300000091274121006611375712_s.jpg	http://www.baike.com/wiki/%E7%9E%BF%E9%BA%A6
http://www.tcm100.com/Images_ZhongYaoXue/Qumai-YinPian.jpg	http://www.tcm100.com/userReg/JiaoCai/ZhongYaoXue/zzZhongYao176.htm
http://www.tcm100.com/Images_ZhongYaoXue/Qumai-YuanTai.jpg	http://www.tcm100.com/userReg/JiaoCai/ZhongYaoXue/zzZhongYao176.htm
https://image.zhongyibaike.com/image/%E7%9E%BF%E9%BA%A6/%E7%9E%BF%E9%BA%A62.jpg	https://zhongyibaike.com/wiki/%E7%9E%BF%E9%BA%A6
http://pic.pingguolv.com/uploads/allimg/161208/109-16120Q50316.jpg	http://www.pingguolv.com/zy/gongxiao/78291.html
http://www.zyzydq.com/uploads/allimg/170424/5-1F424144612E2.png	http://www.zyzydq.com/baike/Q/2017/0424/7804.html
http://a2.att.hudong.com/24/61/01300000091274121006619346561_s.jpg	http://www.baike.com/wiki/%E7%9E%BF%E9%BA%A6
http://a0.att.hudong.com/80/14/01300000669572128142142915051_s.jpg	http://www.baike.com/wiki/%E7%9E%BF%E9%BA%A6
http://a4.att.hudong.com/00/31/16300000044935127243318192720.jpg	http://tupian.baike.com/a4_00_31_16300000044935127243318192720_jpg.html?prd=zhengwenye_left_futu_miaoshu
https://gss0.bdstatic.com/-4o3dSag_xI4khGkpoWK1HF6hhy/baike/s%3D220/sign=cf55ecc89013b07eb9bd570a3cd69113/b58f8c5494eef01f0e8e732ce3fe9925bd317d44.jpg	https://baike.baidu.com/item/%E7%9E%BF%E9%BA%A6
http://pic8.nipic.com/20100626/4344513_161944635142_2.jpg	http://www.nipic.com/zhuanti/720332.html
http://pic.pingguolv.com/uploads/allimg/161208/109-16120Q50357.jpg	http://www.pingguolv.com/zy/gongxiao/78291.html
http://www.yaohua3596660.com/pictures/product/2012828918288.jpg	http://www.yaohua3596660.com/product/product11.html
http://pic.pingguolv.com/uploads/allimg/161208/109-16120Q50304.jpg	http://www.pingguolv.com/zy/gongxiao/78291.html
http://a3.att.hudong.com/42/13/01300000669572128142134470232_s.jpg	http://www.baike.com/wiki/%E7%9E%BF%E9%BA%A6
http://a3.att.hudong.com/31/83/19300001382667132171834463203.jpg	http://yanghua.baike.com/article-103877.html
http://pic3.nipic.com/20090712/2517482_214846065_2.jpg	http://www.nipic.com/show/1/44/db02f5778369d390.html
http://www.54md.com/DrugStore/pic/gpic_2d6863536850ace0145c2e2108024512.jpg	http://www.54md.com/drugstore/9907.html
http://www.zhongyixueyuan.com/uploads/allimg/160227/11-16022G50103325.jpg	http://www.zhongyixueyuan.com/qumai/
http://pic.pingguolv.com/uploads/allimg/170208/98-1F20R13528-50.jpg	http://www.pingguolv.com/zy/gongxiao/86121.html
http://www.zhongyao360.com/uploads/160702/31_093854_1.jpg	http://www.zhongyao360.com/zhongyao/0271392.html
https://upload.wikimedia.org/wikipedia/commons/thumb/7/7a/Dianthus_superbus_140805a.jpg/260px-Dianthus_superbus_140805a.jpg	https://zh.wikipedia.org/wiki/%E7%9E%BF%E9%BA%A6
http://www.zhongyao1.com/uploads/201507/1438138429qdoYmeOF.jpg	http://www.zhongyao1.com/doc-view-829.html
http://a0.att.hudong.com/75/15/01300000669572128142151203548_s.jpg	http://www.baike.com/wiki/%E7%9E%BF%E9%BA%A6
http://www.g12e.com/upload/html/2006/9/21/zlm3498200692115472981940.jpg	http://www.g12e.com/html/5/289/294/300/2006/9/zl38952342551129600221672-0.shtml
https://www.huabaike.com/uploads/allimg/sltimg/201707/596d8a17b1fa7.jpg	https://www.huabaike.com/cbzw/9052.html
https://gss0.bdstatic.com/-4o3dSag_xI4khGkpoWK1HF6hhy/baike/w%3D268%3Bg%3D0/sign=73d5dbb58082b9013dadc4354bb6ce4a/e4dde71190ef76c61bc60bb99716fdfaaf516708.jpg	https://baike.baidu.com/item/%E7%9E%BF%E9%BA%A6
http://blogimg.goo.ne.jp/user_image/7c/3f/1caa77b2ac0d303302b242cd62edeb4e.jpg	http://blog.goo.ne.jp/ranranran_1942/e/3db2de2b397b10423c2c7ec87fceaddc
http://pic.pingguolv.com/uploads/allimg/161208/109-16120Q50406.jpg	http://www.pingguolv.com/zy/gongxiao/78291.html
http://www.tcm360.com/uppic/image/20151124/201511241129532859.jpg	http://www.tcm360.com/zyly/disease/707-20643.html
http://pic.pingguolv.com/uploads/allimg/170208/98-1F20R13528.jpg	http://www.pingguolv.com/zy/gongxiao/86121.html
http://shop.kmzyw.com.cn/upload/herb_db/A5B33BEBC4EFBE601310862CA8D355C0/thumbnail/%E7%9E%BF%E9%BA%A6--1.jpg	http://www.kmzyw.com.cn/yaocai/yc_%25E7%259E%25BF%25E9%25BA%25A6.html
http://p.ayxbk.com/images/thumb/5/5d/Bk2a8.jpg/220px-Bk2a8.jpg	http://www.a-hospital.com/w/%E7%9E%BF%E9%BA%A6
http://pic.pingguolv.com/uploads/allimg/161208/109-16120Q50326.jpg	http://www.pingguolv.com/zy/gongxiao/78291.html
http://www.zhongyixueyuan.com/uploads/allimg/160227/11-16022G5011N96.jpg	http://www.zhongyixueyuan.com/qumai/
http://img.zybd.org/all/zycpt/%E7%9E%BF%E9%BA%A6.jpg	http://zhongyaocai360.com/q/qumai.html
http://pro0ce2c3.pic28.websiteonline.cn/upload/xa45.jpg	http://www.52hfgy.net/page125.html?article_id=1497
http://img.xjlz365.com/zhongcaoyao/img_list/2015111200334060.jpg	http://yc.xjlz365.com/zhongcaoyao/qumai.html
http://www.21cbi.com/upload/201609/27/147497670512.jpg	http://m.21cbi.com/s/1/189974.html
http://www.zyzydq.com/uploads/allimg/170424/5-1F424144540204.png	http://www.zyzydq.com/baike/Q/2017/0424/7804.html
http://zhongyao.qqfabu.net/pic/head/22/article_7068322_pic.jpeg	http://zhongyao.qqfabu.net/liniao/ZuoMai.html
http://pic28.nipic.com/20130419/12423878_123440375175_2.jpg	http://www.nipic.com/show/1/44/7917941k355d8e4e.html
https://upload.wikimedia.org/wikipedia/commons/thumb/2/2a/Dianthus_superbus_5.jpg/250px-Dianthus_superbus_5.jpg	https://zh.wikipedia.org/wiki/%E7%9E%BF%E9%BA%A6
http://pic4.55jia.net/fengshuizhiwu/11/a386084.jpg	http://www.55jia.net/75/335963.html
http://m.zhongyoo.com/uploads/allimg/140225/1-140225111S2406.jpg	http://m.zhongyoo.com/name/qumai_654.html
http://www.52yhua.com/uploads/allimg/170811/1-1FQ1220541.jpg	http://www.52yhua.com/caobentp/7943.html
http://a0.att.hudong.com/17/02/20300000164151143341029932762_s.jpg	http://www.baike.com/wiki/%E9%95%BF%E8%90%BC%E7%9E%BF%E9%BA%A6
http://img2.itiexue.net/2172/21727082.jpg	http://bbs.tiexue.net/post_11401607_1.html
http://www.baicaolu.com/article/wp-content/uploads/2016/02/60bb01c5g8be6b4b560fd690.jpg	http://m.baicaolu.com/article/4721.html
http://www.zhongyao1.com/uploads/201507/1438138293Wr5hMArc.jpg	http://www.zhongyao1.com/doc-view-829.html
http://a0.att.hudong.com/80/55/01300000165486121610550274153_s.jpg	http://www.baike.com/wiki/%E9%95%BF%E8%90%BC%E7%9E%BF%E9%BA%A6
https://gss3.bdstatic.com/7Po3dSag_xI4khGkpoWK1HF6hhy/baike/w%3D268%3Bg%3D0/sign=e33d670730fa828bd1239ae5c5242609/54fbb2fb43166d221049f696452309f79052d2f2.jpg	https://baike.baidu.com/item/%E7%9E%BF%E9%BA%A6/14851458
http://www.wiki8.com/UploadFiles/ZoomImg/2009-1/2009112185315784.jpg.jpg	http://www.wiki8.com/jimai_22852/
http://shop.kmzyw.com.cn/upload/herb_db/A5B33BEBC4EFBE601310862CA8D355C0/thumbnail/%E7%9E%BF%E9%BA%A6--3.jpg	http://www.kmzyw.com.cn/yaocai/yc_%25E7%259E%25BF%25E9%25BA%25A6.html
https://www.huabaike.com/uploads/allimg/artimg/201707/20170718122356_92817.jpg	https://www.huabaike.com/yhjq/10038.html
http://a3.att.hudong.com/57/82/01300000201162124218821935907_s.jpg	http://www.baike.com/wiki/%E5%A7%AC%E7%9E%BF%E9%BA%A6
https://www.huabaike.com/uploads/allimg/sltimg/201707/bp_596d8cffb785d.jpg	https://www.huabaike.com/cbzw/9052.html
http://a1.att.hudong.com/01/54/01300000165486121610544737288_s.jpg	http://www.baike.com/wiki/%E9%95%BF%E8%90%BC%E7%9E%BF%E9%BA%A6
https://www.huabaike.com/uploads/allimg/artimg/201707/20170718134049_76969.jpg	https://www.huabaike.com/binghai/10047.html
http://www.52yhua.com//uploads/allimg/160312/1-160312224521-lp.jpg	http://m.52yhua.com/caobentp/7943.html
http://www.tcm100.com/Images_ZhongYaoXue/Qumai-YaoCai.jpg	http://www.tcm100.com/userReg/JiaoCai/ZhongYaoXue/zzZhongYao176.htm
http://file.cnkang.com/cnkfile1/M00/02/A7/o4YBAFh8afKAAErtAADk3E7nvv476.jpeg	http://www.cnkang.com/cm/201702/1284489.html
https://www.huabaike.com/uploads/allimg/artimg/201707/20170718133948_88934.jpg	https://www.huabaike.com/binghai/10047.html
http://pic28.nipic.com/20130419/12423878_123440433174_2.jpg	http://www.nipic.com/show/1/44/7917951k33aaa3c5.html
http://www.52yhua.com//uploads/allimg/160312/1-160312224R6-lp.jpg	http://m.52yhua.com/caobentp/7943.html
http://pic1.huashichang.com/2017/0111/05/5875526a488af_200_140.jpg	http://www.aihuhua.com/tu/mai.html
http://www.21cbi.com/upload/201609/27/147497670437.jpg	http://m.21cbi.com/s/1/189974.html
http://www.21cbi.com/upload/201609/27/147497670354.jpg	http://m.21cbi.com/s/1/189974.html
http://pic.pingguolv.com/uploads/allimg/161208/109-16120Q50345.jpg	http://m.pingguolv.com/zy/gongxiao/78291.html
http://www.21cbi.com/upload/201609/27/147497670412.jpg	http://m.21cbi.com/s/1/189974.html
http://www.qnong.com.cn/uploadfile/2016/0810/20160810100223256.jpg	http://www.qnong.com.cn/jiankang/yaoshan/12997.html
http://pic22.nipic.com/20120730/5554876_100948336187_2.jpg	http://www.nipic.com/show/1/44/6595831k3d8537df.html
http://pic22.nipic.com/20120730/5554876_101226399198_2.jpg	http://www.nipic.com/show/1/44/6595830k333973f1.html
http://www.99sushi.com/images/201202/goods_img/1924_P_1330486453514.jpg	http://www.99sushi.com/goods-1924.html
http://img.99.com.cn/uploads/130418/158_145143_1.jpg	http://www.99.com.cn/zhongliu/kazcy/386134.htm
http://www.yuhuagu.com/uploads/allimg/111104/11_111104224517_1.jpg	http://www.yuhuagu.com/renshi/2011/1104/1796.html
http://pic.pingguolv.com/uploads/allimg/161208/109-16120Q50335.jpg	http://m.pingguolv.com/zy/gongxiao/78291.html
http://pic.baike.soso.com/ugc/baikepic2/10725/cut-20141106104702-249307656.jpg/0	http://baike.sogou.com/v2853785.htm
http://img04.sogoucdn.com/net/a/100520101/link?appid=100520101&url=http://mmbiz.qpic.cn/mmbiz/PJQ8nWUyIUncQL1bcWdoju9oXseslovDQnQAfQ36kA9WicGKqqFOQ4Pj18c1icVyWVsfxkB2gwfIDOlzl2OCIxKQ/0	http://baike.m.sogou.com/baike/weixinArticle.jsp?lid=2853785&g_ut=3&title=%E7%9E%BF%E9%BA%A6
http://zhongyao.qqfabu.net/pic/20170307/45/article_4747745_29730ed85c192f1a784475.jpeg	http://zhongyao.qqfabu.net/liniao/4747745.html
http://www.zhongyao1.com/uploads/201507/1438138492DqnsSZMo.jpg	http://www.zhongyao1.com/doc-view-829.html
https://www.huabaike.com/uploads/allimg/sltimg/201707/596d9ed297978.jpg	https://www.huabaike.com/cbzw/9052.html
http://www.21cbi.com/upload/201609/27/147497670529.jpg	http://m.21cbi.com/s/1/189974.html
http://a1.att.hudong.com/48/63/01300000091274121006630922986_s.jpg	http://www.baike.com/gwiki/%E7%9E%BF%E9%BA%A6
http://www.huayugu.com.cn/uploads/allimg/160619/1-1606191123480-L.jpg	http://www.huayugu.com.cn/qumai/
http://img.ziyimall.com/image/20160310/20160310104228_21288.jpg	http://www.ziyimall.com/zhishi/17356.html
http://www.tianqi.com/upload/article/16-06-28/EiGW_160628103758_1.png	http://www.tianqi.com/news/145095.html
http://pic8.nipic.com/20100629/4344513_014303029507_2.jpg	http://www.nipic.com/zhuanti/720332.html
http://img.zhongyixueyuan.com/2016/02/17/14557237361493.jpg	http://www.zhongyixueyuan.com/qumai/2016/0217/7844.html
http://img03.sogoucdn.com/net/a/100520101/link?appid=100520101&url=http://mmbiz.qpic.cn/mmbiz/fGJBic2IGMJKJiaDkZZiaXY1JwTehl3NzSicS9SgIXrKYHCr9XnGK1lcBcl3RicuOVyfDlemRdYn7bfwAl5RcHqJRjA/0?wx_fmt=jpeg	http://baike.m.sogou.com/baike/weixinArticle.jsp?lid=106641875&g_ut=3&title=%E7%9E%BF%E9%BA%A6(%E7%9F%B3%E7%AB%B9%E7%A7%91%E7%9F%B3%E7%AB%B9%E5%B1%9E%E6%A4%8D%E7%89%A9)
http://img01.sogoucdn.com/net/a/100520101/link?appid=100520101&url=http://mmbiz.qpic.cn/mmbiz/LoPcgBXecYOkpicoHHm0c2RfdlY2kPKCicnuCiaibzfl2JMR2C70sdqsUrZhkfhqZ1LUtfUUDKiao5zp35aloGLCPOw/0?wx_fmt=jpeg	http://baike.m.sogou.com/baike/weixinArticle.jsp?lid=2853785&g_ut=3&title=%E7%9E%BF%E9%BA%A6
http://pic8.nipic.com/20100626/4344513_163355327669_2.jpg	http://www.nipic.com/zhuanti/720332.html
http://pic1.huashichang.com/2015/0328/17/551678d083635.jpg	http://www.aihuhua.com/tu/jijumai.html
https://upload.wikimedia.org/wikipedia/commons/thumb/0/02/Dianthus_longicalyx.jpg/220px-Dianthus_longicalyx.jpg	https://zh.wikipedia.org/wiki/%E9%95%BF%E8%90%BC%E7%9E%BF%E9%BA%A6
http://1.im.guokr.com/4EqlWE_htjlMDeS-Vm35QWPqBNQFUDcuR_IBBQBJ8XqAAgAAEQIAAEpQ.jpg?imageView2/1/w/590/h/487	http://www.guokr.com/post/757230/
http://img3.yododo.com.cn/files/photo/2009-06-08/0121BE7E1A0319B2FF80808121BC7BDD.jpg	http://www.yododo.com/album/012161E8D0742363FF808081215FC139?tags=%E7%9E%BF%E9%BA%A6&mode=list
http://img.99.com.cn/uploads/160420/404_130644_1.jpg	https://m.ltzg.com.cn/news/150429.html
https://t10.pimg.jp/024/909/770/1/24909770.jpg	https://cn.pixtastock.com/tags/%E7%9E%BF%E9%BA%A6?search_type=2
https://www.huabaike.com/uploads/allimg/artimg/201707/20170718122437_29184.jpg	https://www.huabaike.com/yhjq/10038.html
http://www.cnhua.net/uploads/allimg/090613/2122401c4-0.JPG	http://www.cnhua.net/zhiwu/shizhuke/ctjm/506900501298.html
