
http://a2.att.hudong.com/34/77/01100000000000144733772651263_s.jpg	http://www.baike.com/wiki/%E6%B9%96%E5%8C%97%E6%B5%B7%E6%A3%A0
http://a4.att.hudong.com/82/77/01100000000000144733772680288_s.jpg	http://www.baike.com/wiki/%E6%B9%96%E5%8C%97%E6%B5%B7%E6%A3%A0
http://a0.att.hudong.com/38/42/01300000172527121289427334015.jpg	http://tupian.baike.com/a0_38_42_01300000172527121289427334015_jpg.html
http://a2.att.hudong.com/24/77/01100000000000144733772410816_s.jpg	http://www.baike.com/wiki/%E6%B9%96%E5%8C%97%E6%B5%B7%E6%A3%A0
http://img.ph.126.net/X_DWoLjY8NmD21ADHSeLvQ==/3383610695039113416.jpg	http://764507627.blog.163.com/blog/static/114998953201031591143598/
http://a1.att.hudong.com/63/30/20300001213816130571304973856_s.jpg	http://www.baike.com/wiki/%E6%B9%96%E5%8C%97%E6%B5%B7%E6%A3%A0
http://farm8.static.flickr.com/7037/6974870874_7535cd8df5.jpg	http://www.flickriver.com/photos/mingiweng/tags/%E6%B9%96%E5%8C%97%E6%B5%B7%E6%A3%A0/
http://pic1.huashichang.com/2016/0817/01/57b353f47a89d.jpg	http://m.aihuhua.com/tu/hubeihaitang.html
http://img2.jqw.com/2014/12/05/1481603/product/b201412061404582840.jpg	http://www.p77.org/read/2480652140/
http://pic.baike.soso.com/ugc/baikepic2/12425/ori-20160726055805-257185296.jpg/300	http://baike.soso.com/v3486539.htm?ch=ch.bk.innerlink
http://eoldata.taibif.tw/files/eoldata/imagecache/data_object_image/images/33/p_3_045_0.jpg	http://taibif.tw/zh/namecode/204153
http://file.youboy.com/a/39/20/6/7/7622897.jpg	http://www.wfzwy.com/s43053568.html
http://pic.pimg.tw/cleyera08/1379722220-1885111804.jpg	http://cleyera08.pixnet.net/blog/post/248114216-%E6%B9%96%E5%8C%97%E6%B5%B7%E6%A3%A0
http://www.whybh2015.com/ybzs/zwct/201508/W020150803433945593954.png	http://www.whybh2015.com/ybzs/zwct/201508/t20150803_71533.shtml
http://pic1.win4000.com/pic/7/63/b87f1333453.jpg_195.jpg	http://www.win4000.com/meinv111648.html
http://e.share.photo.xuite.net/bruce0342/1e07d07/10988487/512979264_m.jpg	http://bruce0342.blogspot.com/2012/04/blog-post_18.html
http://www.ybx8.com/%E6%B5%B7%E6%A3%A0%E8%8A%B1%E7%9A%84%E5%85%BB%E6%AE%96%E6%96%B9%E6%B3%95/UploadFiles/201509/20150911231932676.jpg	http://www.ybx8.com/%E6%B5%B7%E6%A3%A0%E8%8A%B1%E7%9A%84%E5%85%BB%E6%AE%96%E6%96%B9%E6%B3%95/class.asp?id=24&page=4
http://pic1.huashichang.com/2016/0817/01/57b353f65fd5f.jpg	http://m.aihuhua.com/tu/hubeihaitang.html
https://w4.sanwen8.cn/mmbiz_jpg/43Sd3yJBF12j0uQGZtV3VnyV35VEsOoEH3kjGqZL3fAf9iaicjo8EFnUDNvnSH5u1xQSr6KZgj9L7WKf4zicDTKLw/0?wx_fmt=jpeg	https://sanwen8.cn/p/8fe6n97.html
http://img2.jqw.com/2014/12/05/1481603/cmpprofile/201412061423211547.jpg	http://www.mljny.jqw.com/
http://pic1.huashichang.com/2016/0817/01/57b353f774c13.jpg	http://m.aihuhua.com/tu/hubeihaitang.html
http://pic1.huashichang.com/2016/0817/01/57b353f9b98b0.jpg	http://www.aihuhua.com/tupian/tupianq42.html
http://dingqiya.com/wp-content/uploads/2017/01/h-11.jpg	http://dingqiya.com/?p=20458
http://file.youboy.com/a/31/90/43/0/15525480.jpg?360*300	http://www.wfzwy.com/s70318819.html
http://farm8.static.flickr.com/7062/6974871818_68106fd1e5.jpg	http://www.flickriver.com/photos/mingiweng/tags/%E6%B9%96%E5%8C%97%E6%B5%B7%E6%A3%A0/
http://imgupload.youboy.com/imagestore2016031182d96391-001b-4ac7-a28c-c98644bee2e1.jpg	http://www.wfzwy.com/s70318819.html
http://c.img.youboy.com/201010/27/g3_7011002.jpg	http://www.wfzwy.com/s70318819.html
http://img1.ph.126.net/CgtIRqRbYuS8RYg3N3w5DA==/6619378857584572519.jpg	http://xiaofqe.lofter.com/post/82d6c_a627db9
http://www.sdxlhzs.com/UploadImages/IndexImages/20160823113235241.jpg	http://www.sdxlhzs.com/index_hubei.html
http://www.whybh2015.com/ybzs/zwct/201508/W020150803433945591165.png	http://www.whybh2015.com/ybzs/zwct/201508/t20150803_71533.shtml
http://img2.jqw.com/2014/12/05/1481603/cmpprofile/201412061423351949.jpg	http://www.mljny.jqw.com/
http://www.chla.com.cn/upload/2010-05/10050517025565.gif	http://www.chla.com.cn/html/c31/2010-05/55297p4.html
http://e.share.photo.xuite.net/bruce0342/1e07d85/10988487/512978622_m.jpg	http://bruce0342.blogspot.com/2012/04/blog-post_18.html
http://imgupload4.youboy.com/imagestore20170107a2ec4773-6c68-4c17-85e1-63f7193c7ecf.jpg	http://www.wfzwy.com/s70318819.html
http://map1.zw3w.com:8080/zw_news_map/350/2014054/1401268293291088816.jpg	http://zwbk.idwoo.com/archives/227
http://img.ph.126.net/qBXWO2EevX4ZSdwH6fjo7Q==/3254976630682872407.jpg	http://764507627.blog.163.com/blog/static/114998953201031591143598/
https://w8.sanwen8.cn/mmbiz_jpg/43Sd3yJBF12j0uQGZtV3VnyV35VEsOoEIJahueYf8dCEKjVfmANDF02LZNXcPy73wiajzk5MfC7zZKuvM0OInIQ/0?wx_fmt=jpeg	https://sanwen8.cn/p/8fe6n97.html
http://file.youboy.com/a/31/90/43/6/15525416.jpg	http://www.wfzwy.com/s501511843.html
http://pic1.huashichang.com/2016/0817/01/57b353f714e60.jpg	http://m.aihuhua.com/tupian/tupianq3z.html
http://www.huayugu.com.cn/uploads/allimg/160817/1-160QG13I70-L.jpg	http://www.huayugu.com.cn/hubeihaitang/
http://imgupload.youboy.com/imagestore2015090142207321-2f93-4895-a53b-05b12e5d9392.jpg?360*300	http://www.wfzwy.com/s72410303.html
http://b2b.image.yuanlin.com/Biz/2013-8/201608030842237375.jpg	http://wfzwy1.yuanlin.com/sell-m605283.html
http://www.huayugu.com.cn/uploads/allimg/160817/1-160QG129520-L.jpg	http://www.huayugu.com.cn/hubeihaitang/18032.html
http://pic1.win4000.com/pic/7/63/b87f1333442.jpg	http://www.win4000.com/meinv111648_4.html
http://b2b.image.yuanlin.com/Biz/2013-8/201608030842224465_small_200.jpg	http://wfzwy1.yuanlin.com/sell-m605283.html
http://pic.pimg.tw/cleyera08/1379722221-547072174.jpg	http://cleyera08.pixnet.net/blog/post/248114216-%E6%B9%96%E5%8C%97%E6%B5%B7%E6%A3%A0
http://pic1.win4000.com/pic/7/63/b87f1333439.jpg	http://www.win4000.com/meinv111648.html
http://imgupload4.youboy.com/imagestore20150901ea942d40-5f18-403d-813c-31708608aa43.jpg?360*300	http://www.wfzwy.com/s72410303.html
http://imgupload3.youboy.com/imagestore2015090153b059ea-49ee-4947-9669-4a3777044358.jpg	http://www.wfzwy.com/s85986136.html
http://www.cnhua.net/uploads/allimg/090623/2130222302-0.JPG	http://www.cnhua.net/zhiwu/qiangweike/hubeihaitang/48854902760.html
http://imgupload.youboy.com/imagestore2016031182d96391-001b-4ac7-a28c-c98644bee2e1.jpg?360*300	http://www.wfzwy.com/s70318819.html
http://pic.pimg.tw/cleyera08/1379722221-2033129272.jpg	http://cleyera08.pixnet.net/blog/post/248114216-%E6%B9%96%E5%8C%97%E6%B5%B7%E6%A3%A0
http://pic.pimg.tw/cleyera08/1379722221-888703383.jpg?v=1379722222	http://cleyera08.pixnet.net/blog/post/248114216-%E6%B9%96%E5%8C%97%E6%B5%B7%E6%A3%A0
http://img0.ph.126.net/1UuWXMgtqdi3Xl30xqNqSg==/2863726413072117384.jpg	http://xiaofqe.lofter.com/post/82d6c_a627db9
http://pic.pimg.tw/cleyera08/1379722221-2572239090.jpg	http://cleyera08.pixnet.net/blog/post/248114216-%E6%B9%96%E5%8C%97%E6%B5%B7%E6%A3%A0
http://a3.att.hudong.com/56/77/01100000000000144733772583778_s.jpg	http://www.baike.com/wiki/%E6%B9%96%E5%8C%97%E6%B5%B7%E6%A3%A0
http://www.huayugu.com.cn/uploads/allimg/160817/1-160QG132450-L.jpg	http://www.huayugu.com.cn/hubeihaitang/18034.html
http://a4.att.hudong.com/78/62/01300000179647121310623514483.jpg	http://tupian.baike.com/a4_78_62_01300000179647121310623514483_jpg.html
http://imgupload.youboy.com/imagestore201509013de13200-8917-424b-ba51-0e1519715148.jpg	http://www.wfzwy.com/s501511843.html
https://cbu01.alicdn.com/img/ibank/2014/009/857/1571758900_1147703315.220x220.jpg	https://s.1688.com/kq/-BAFEB1B1BAA3CCC4.html
http://eoldata.taibif.tw/files/eoldata/imagecache/data_object_image/images/33/p_3_044_0.jpg	http://taibif.tw/zh/namecode/204153
http://s10.sinaimg.cn/mw690/001iVkI3gy6Rbg657MR69&690	http://www.xici.net/d215613403.htm
http://imgupload.youboy.com/imagestore201509019d1bc4be-b471-4b46-be90-19c286b788bc.jpg	http://www.wfzwy.com/s72410303.html
http://file.youboy.com/a/31/90/43/9/7498289.jpg?360*300	http://www.wfzwy.com/s43053568.html
https://cbu01.alicdn.com/img/ibank/2014/221/225/1807522122_249890313.220x220.jpg	http://www.1688.com/chanpin/-BAFEB1B1BAA3CCC4.html
http://img0.ph.126.net/B-FZge234AGrD6s-YWXzFg==/1146447580160377848.jpg	http://xiaofqe.lofter.com/post/82d6c_a627db9
https://upload.wikimedia.org/wikipedia/commons/thumb/e/e2/Malus_hupehensis01.JPEG/250px-Malus_hupehensis01.JPEG	https://zh.wikipedia.org/wiki/%E6%B9%96%E5%8C%97%E6%B5%B7%E6%A3%A0
http://pic1.huashichang.com/2016/0817/01/57b353f60d5a8.jpg	http://m.aihuhua.com/tupian/tupianq3w.html
http://pic1.huashichang.com/2016/0817/01/57b353f5a5f73_200_140.jpg	http://m.aihuhua.com/tu/hubeihaitang.html
http://s3.sinaimg.cn/mw690/001zhYH3gy6HP4IQjSy62&690	http://blog.sina.com.cn/s/blog_61239ec80102v9dq.html
https://blog-001.west.edge.storage-yahoo.jp/res/blog-b7-bf/chameleon_arms_blue/folder/1332962/29/40745229/img_1?1382217706	https://blogs.yahoo.co.jp/chameleon_arms_blue/40745229.html
http://www.huayugu.com.cn/uploads/allimg/160817/1-160QG133530-L.jpg	http://www.huayugu.com.cn/hubeihaitang/
http://www.saishihuazhaoyuan.com/uploadfiles/20127594241467113.jpg	http://www.saishihuazhaoyuan.com/Showyanghu.asp?ID=36
http://file.youboy.com/d/161/28/19/9/373109.jpg	http://www.wfzwy.com/s7011002.html
https://w8.sanwen8.cn/mmbiz_jpg/43Sd3yJBF12j0uQGZtV3VnyV35VEsOoEL5FWfRmsibvIGResB7tEia2L6QmvU0ic8ecQv6ZTFd4icAvTXBJ5HD7Iiag/0?wx_fmt=jpeg	https://sanwen8.cn/p/8fe6n97.html
https://w8.sanwen8.cn/mmbiz_jpg/43Sd3yJBF12j0uQGZtV3VnyV35VEsOoEb2JyTm6iaMnkov8dtnvfBoPFGmeaInv8K1ZVPX6xXysWIliba26lsGeA/0?wx_fmt=jpeg	https://sanwen8.cn/p/8fe6n97.html
http://img.bbs.cnhubei.com/forum/201204/28/222213vzvrr2i2mjnm2iis.jpg	http://bbs.cnhubei.com/thread-2575028-1-1.html
http://img3.21food.cn/img/album/2016/8/4/zelang881503024.jpg	http://zelang88.21food.cn/company/pro-show3924312.html
http://www.sdxlhzs.com/uploads/cp/20140315010859.jpg	http://www.sdxlhzs.com/index_hubei.html
http://www.zhiwutong.com/tu/cvh/liubing/005/01001988.jpg	http://www.zhiwutong.com/dan_tu/71/56939.htm
http://www.sdxlhzs.com/UploadImages/IndexImages/20160823023623761.jpg	http://www.sdxlhzs.com/index_hubei.html
http://img2.ph.126.net/-6_1vgmYuRFiBzt8k-dmjg==/3116772417135053444.jpg	http://xiaofqe.lofter.com/post/82d6c_a627db9
http://a2.att.hudong.com/82/78/19300001382667132174787424540.jpg	http://yanghua.baike.com/article-103904.html
http://www.21miaomu.com/file/upload/201602/01/16-43-59-58-5337.jpg	http://www.p77.org/%E6%B9%96%E5%8C%97%E6%B5%B7%E6%A3%A0%E8%8C%B6%E8%8B%97/5.html
http://mmbiz.qpic.cn/mmbiz/l1FHvX6g4zGQkEIQJ39xo4kPDgfAOBWCZtFzuhJAibLDWSicAwic6cQV6tEDksSctuSwossiapiaHLfibmkPSxUibm1eA/0?wx_fmt=jpeg	https://freewechat.com/a/MzA3OTY1NjQ1MQ==/401731842/1
http://bly.nwsuaf.com/uploads/cnbly/images/Day_100405/ef8852bdf6e858420c7a51fd527edeb6.jpg	http://bly.nwsuaf.com/content/979
http://imgupload3.youboy.com/imagestore20160311b02b2773-53d7-4af0-8d56-f463d16d0217.jpg?360*300	http://www.wfzwy.com/s501511843.html
http://www.odk.com.cn/data/attachment/19.png	http://www.odk.com.cn/newsm.php?id=204
http://shflora.ibiodiversity.net/Photos/normal/eed90b7e-d3b7-45f8-8e2e-ebda789df0bf.jpg	http://shflora.ibiodiversity.net/pages/Malus_hupehensis.html
http://whfles.com/UploadFiles/cyxx/2016/6/201606161534092581.jpg	http://whfles.com/Item/384.aspx
http://img1.ph.126.net/fhq_-CBg_H7sWcRaTlSM7w==/6630158469582396658.jpg	http://xiaofqe.lofter.com/post/82d6c_a627db9
http://s2.sinaimg.cn/mw690/001zhYH3gy6HP8ixvQRa1&690	http://blog.sina.com.cn/s/blog_61239ec80102v9dq.html
http://farm8.static.flickr.com/7061/6974878768_65d4476bf3.jpg	http://www.flickriver.com/photos/mingiweng/tags/%E6%B9%96%E5%8C%97%E6%B5%B7%E6%A3%A0/
http://pic1.win4000.com/pic/7/63/b87f1333450.jpg	http://www.win4000.com/meinv111648_12.html
http://www.twnygs.com/UploadImages/IndexImages/20150809064232986.jpg	http://www.twnygs.com/index_hubei.html
http://img2.jqw.com/2014/12/05/1481603/cmpprofile/201412061328069814.jpg	http://www.mljny.jqw.com/
http://s12.sinaimg.cn/mw690/0066bzNfgy6WxwrkHZVfb&690	http://blog.sina.com.cn/s/blog_14d1561c10102w6o5.html
http://s3.sinaimg.cn/mw690/001zhYH3gy6HP8FJTEe02&690	http://blog.sina.com.cn/s/blog_61239ec80102v9dq.html
http://p3.pstatp.com/large/1bf3000affb41d71f6de	https://www.wukong.com/question/6408298777345523970/
http://pic1.huashichang.com/2016/0817/01/57b353f54233e_200_140.jpg	http://www.aihuhua.com/tupian/tupianq42.html
