
https://gss0.bdstatic.com/-4o3dSag_xI4khGkpoWK1HF6hhy/baike/c0%3Dbaike80%2C5%2C5%2C80%2C26/sign=682ca6bae6cd7b89fd6132d16e4d29c2/1b4c510fd9f9d72adc72b66dd42a2834349bbba8.jpg
https://gss3.bdstatic.com/-Po3dSag_xI4khGkpoWK1HF6hhy/baike/c0%3Dbaike80%2C5%2C5%2C80%2C26/sign=62db7433c65c10383073c690d378f876/c9fcc3cec3fdfc0319ce9791d43f8794a4c22660.jpg
https://gss0.bdstatic.com/-4o3dSag_xI4khGkpoWK1HF6hhy/baike/c0%3Dbaike80%2C5%2C5%2C80%2C26/sign=ef41c392a61ea8d39e2f7c56f6635b2b/1e30e924b899a90190b32f1f1d950a7b0208f511.jpg
https://gss0.bdstatic.com/94o3dSag_xI4khGkpoWK1HF6hhy/baike/c0%3Dbaike80%2C5%2C5%2C80%2C26/sign=86f4d341d109b3deffb2ec3aadd607e4/dbb44aed2e738bd463a6c618a18b87d6277ff910.jpg
https://gss0.bdstatic.com/94o3dSag_xI4khGkpoWK1HF6hhy/baike/c0%3Dbaike80%2C5%2C5%2C80%2C26/sign=626d1316d9f9d72a0369184fb5434351/241f95cad1c8a786b1363d276709c93d70cf50fe.jpg
https://gss0.bdstatic.com/94o3dSag_xI4khGkpoWK1HF6hhy/baike/c0%3Dbaike150%2C5%2C5%2C150%2C50/sign=62ca5161aad3fd1f2204aa6851274e7a/ac6eddc451da81cbd99a41825066d01609243105.jpg

https://gss1.bdstatic.com/9vo3dSag_xI4khGkpoWK1HF6hhy/baike/c0%3Dbaike116%2C5%2C5%2C116%2C38/sign=0a9c79c5fd36afc31a013737d27080a1/8ad4b31c8701a18b8e05264a942f07082938fecc.jpg
https://gss0.bdstatic.com/-4o3dSag_xI4khGkpoWK1HF6hhy/baike/c0%3Dbaike116%2C5%2C5%2C116%2C38/sign=db2f1f228082b90129a0cb6112e4c212/b999a9014c086e0609460b4e08087bf40bd1cbcc.jpg
https://gss2.bdstatic.com/-fo3dSag_xI4khGkpoWK1HF6hhy/baike/c0%3Dbaike92%2C5%2C5%2C92%2C30/sign=04aedb06c295d143ce7bec711299e967/d62a6059252dd42a6e3d36ae093b5bb5c9eab8fa.jpg
https://gss3.bdstatic.com/-Po3dSag_xI4khGkpoWK1HF6hhy/baike/c0%3Dbaike220%2C5%2C5%2C220%2C73/sign=73bd441603f79052fb124f6c6d9abcaf/3bf33a87e950352a9545120d5943fbf2b2118b8a.jpg
https://gss1.bdstatic.com/9vo3dSag_xI4khGkpoWK1HF6hhy/baike/c0%3Dbaike92%2C5%2C5%2C92%2C30/sign=eb5df4369b8fa0ec6bca6c5f47fe328b/8d5494eef01f3a29a478e3cb9325bc315c607c06.jpg

https://gss2.bdstatic.com/-fo3dSag_xI4khGkpoWK1HF6hhy/baike/c0%3Dbaike92%2C5%2C5%2C92%2C30/sign=5bf9e4db87cb39dbd5cd6f04b17f6241/9922720e0cf3d7cafdf6bf47f41fbe096b63a9fb.jpg
https://gss1.bdstatic.com/-vo3dSag_xI4khGkpoWK1HF6hhy/baike/c0%3Dbaike92%2C5%2C5%2C92%2C30/sign=5e8b7ceb13ce36d3b6098b625b9a51e2/6609c93d70cf3bc79a034dddd700baa1cd112afb.jpg
https://gss3.bdstatic.com/7Po3dSag_xI4khGkpoWK1HF6hhy/baike/c0%3Dbaike92%2C5%2C5%2C92%2C30/sign=9f59902cd22a283457ab3e593adca28f/241f95cad1c8a7863617ca3f6109c93d70cf50c6.jpg
https://gss2.bdstatic.com/-fo3dSag_xI4khGkpoWK1HF6hhy/baike/c0%3Dbaike92%2C5%2C5%2C92%2C30/sign=559ae1e630d12f2eda08a6322eabbe07/0eb30f2442a7d933e6e36442ab4bd11373f001b3.jpg
https://gss3.bdstatic.com/7Po3dSag_xI4khGkpoWK1HF6hhy/baike/c0%3Dbaike92%2C5%2C5%2C92%2C30/sign=9f2f902cd22a283457ab3e593adca28f/241f95cad1c8a7863661ca3f6109c93d70cf50bc.jpg
https://gss2.bdstatic.com/-fo3dSag_xI4khGkpoWK1HF6hhy/baike/c0%3Dbaike92%2C5%2C5%2C92%2C30/sign=3b6a735d1638534398c28f73f27adb1b/738b4710b912c8fccd8e76fcfa039245d6882185.jpg
https://gss3.bdstatic.com/-Po3dSag_xI4khGkpoWK1HF6hhy/baike/c0%3Dbaike92%2C5%2C5%2C92%2C30/sign=b9a84202978fa0ec6bca6c5f47fe328b/8d5494eef01f3a29f68d55ff9f25bc315c607cbe.jpg
https://gss1.bdstatic.com/9vo3dSag_xI4khGkpoWK1HF6hhy/baike/c0%3Dbaike92%2C5%2C5%2C92%2C30/sign=d6495c25be99a9012f3853647cfc611e/37d12f2eb9389b5086bb60638335e5dde7116ebf.jpg
https://gss2.bdstatic.com/9fo3dSag_xI4khGkpoWK1HF6hhy/baike/c0%3Dbaike92%2C5%2C5%2C92%2C30/sign=235e0d98af014c080d3620f76b12696d/2e2eb9389b504fc21f183034e3dde71190ef6db8.jpg
https://gss2.bdstatic.com/-fo3dSag_xI4khGkpoWK1HF6hhy/baike/c0%3Dbaike92%2C5%2C5%2C92%2C30/sign=5b86e4db87cb39dbd5cd6f04b17f6241/9922720e0cf3d7cafd89bf47f41fbe096b63a980.jpg
https://gss1.bdstatic.com/9vo3dSag_xI4khGkpoWK1HF6hhy/baike/c0%3Dbaike92%2C5%2C5%2C92%2C30/sign=a48653cc7d899e516c83324623ceb256/0d338744ebf81a4cc0736cf8d12a6059252da6ba.jpg
https://gss1.bdstatic.com/-vo3dSag_xI4khGkpoWK1HF6hhy/baike/c0%3Dbaike92%2C5%2C5%2C92%2C30/sign=ec3386fb848ba61ecbe3c07d205dfc6f/86d6277f9e2f0708753eaa31ef24b899a901f2cc.jpg
https://gss0.bdstatic.com/94o3dSag_xI4khGkpoWK1HF6hhy/baike/c0%3Dbaike92%2C5%2C5%2C92%2C30/sign=2c8a84accdef7609280691cd4fb4c8a9/50da81cb39dbb6fd721865170f24ab18972b37bb.jpg
https://gss3.bdstatic.com/-Po3dSag_xI4khGkpoWK1HF6hhy/baike/c0%3Dbaike92%2C5%2C5%2C92%2C30/sign=5576fe37aaaf2eddc0fc41bbec796a8c/b7fd5266d01609248867222ad20735fae6cd3444.jpg
https://gss0.bdstatic.com/94o3dSag_xI4khGkpoWK1HF6hhy/baike/c0%3Dbaike92%2C5%2C5%2C92%2C30/sign=00b8e642fdf2b211f0238d1cabe90e5d/b812c8fcc3cec3fdec832744d088d43f87942745.jpg
https://gss3.bdstatic.com/7Po3dSag_xI4khGkpoWK1HF6hhy/baike/c0%3Dbaike92%2C5%2C5%2C92%2C30/sign=e3b662cb7dcb0a46912f836b0a0a9d41/9d82d158ccbf6c816f4facd9ba3eb13533fa4083.jpg
https://gss2.bdstatic.com/-fo3dSag_xI4khGkpoWK1HF6hhy/baike/c0%3Dbaike92%2C5%2C5%2C92%2C30/sign=7e6dbdfb573d26973ade000f3492d99e/3b292df5e0fe992562b0e96132a85edf8db17147.jpg
https://gss2.bdstatic.com/9fo3dSag_xI4khGkpoWK1HF6hhy/baike/c0%3Dbaike92%2C5%2C5%2C92%2C30/sign=a976bfd064d9f2d3341c2cbdc885e176/91ef76c6a7efce1b4f9448fba951f3deb48f6540.jpg
https://gss0.bdstatic.com/-4o3dSag_xI4khGkpoWK1HF6hhy/baike/c0%3Dbaike92%2C5%2C5%2C92%2C30/sign=a7cccdf1f136afc31a013737d27080a1/3bf33a87e950352a62dfa5395543fbf2b2118b41.jpg
https://gss2.bdstatic.com/9fo3dSag_xI4khGkpoWK1HF6hhy/baike/c0%3Dbaike92%2C5%2C5%2C92%2C30/sign=ce5f21eff61f3a294ec5dd9cf84cd754/0b55b319ebc4b74501a23727c9fc1e178a8215c8.jpg
https://gss1.bdstatic.com/-vo3dSag_xI4khGkpoWK1HF6hhy/baike/c0%3Dbaike92%2C5%2C5%2C92%2C30/sign=eea23727c9fc1e17e9b284632bf99d66/9213b07eca806538a1dc242291dda144ad3482c9.jpg

https://gss3.bdstatic.com/-Po3dSag_xI4khGkpoWK1HF6hhy/baike/c0%3Dbaike92%2C5%2C5%2C92%2C30/sign=04626836d100baa1ae214fe92679d277/10dfa9ec8a136327f98f67e9918fa0ec09fac78e.jpg
https://gss3.bdstatic.com/7Po3dSag_xI4khGkpoWK1HF6hhy/baike/c0%3Dbaike92%2C5%2C5%2C92%2C30/sign=5226e2614710b912abccfeaca2949766/63d0f703918fa0ec97cdc1d7269759ee3c6ddbe6.jpg
https://gss3.bdstatic.com/7Po3dSag_xI4khGkpoWK1HF6hhy/baike/c0%3Dbaike80%2C5%2C5%2C80%2C26/sign=1e42587fd143ad4bb2234e92e36b31ca/359b033b5bb5c9ead2bfa639d539b6003bf3b398.jpg
https://gss1.bdstatic.com/9vo3dSag_xI4khGkpoWK1HF6hhy/baike/c0%3Dbaike92%2C5%2C5%2C92%2C30/sign=f88a852436d3d539d53007915bee8235/c83d70cf3bc79f3dc9bc41eabaa1cd11738b298e.jpg
https://gss0.bdstatic.com/94o3dSag_xI4khGkpoWK1HF6hhy/baike/c0%3Dbaike92%2C5%2C5%2C92%2C30/sign=b50215dfe5dde711f3df4ba4c686a57e/d01373f082025aafc46fdb11fbedab64024f1a8e.jpg
https://gss1.bdstatic.com/9vo3dSag_xI4khGkpoWK1HF6hhy/baike/c0%3Dbaike92%2C5%2C5%2C92%2C30/sign=978b8d7f0a7b020818c437b303b099b6/d4628535e5dde7116962e62ca7efce1b9c1661bc.jpg
https://gss3.bdstatic.com/-Po3dSag_xI4khGkpoWK1HF6hhy/baike/c0%3Dbaike92%2C5%2C5%2C92%2C30/sign=609623f68701a18be4e61a1dff466c6d/a2cc7cd98d1001e9d243b1d5b80e7bec55e797e9.jpg
https://gss0.bdstatic.com/94o3dSag_xI4khGkpoWK1HF6hhy/baike/c0%3Dbaike92%2C5%2C5%2C92%2C30/sign=93ed399d3912b31bd361c57be7715d1f/ac345982b2b7d0a2ec94a147cbef76094a369a8f.jpg
https://gss2.bdstatic.com/9fo3dSag_xI4khGkpoWK1HF6hhy/baike/c0%3Dbaike92%2C5%2C5%2C92%2C30/sign=08f936f4a8d3fd1f2204aa6851274e7a/9f2f070828381f3063562873a9014c086f06f099.jpg
https://gss2.bdstatic.com/-fo3dSag_xI4khGkpoWK1HF6hhy/baike/c0%3Dbaike80%2C5%2C5%2C80%2C26/sign=f58fec338d1001e95a311c5dd9671089/e7cd7b899e510fb35967d24dd933c895d0430ce9.jpg
https://gss1.bdstatic.com/9vo3dSag_xI4khGkpoWK1HF6hhy/baike/c0%3Dbaike92%2C5%2C5%2C92%2C30/sign=5c9470149925bc313f5009ca3fb6e6d4/42a98226cffc1e17fbe329eb4a90f603728de988.jpg
https://gss1.bdstatic.com/-vo3dSag_xI4khGkpoWK1HF6hhy/baike/c0%3Dbaike92%2C5%2C5%2C92%2C30/sign=36ae3b8e034f78f0940692a118586130/d439b6003af33a872413a5c0c65c10385243b5ea.jpg
https://gss3.bdstatic.com/-Po3dSag_xI4khGkpoWK1HF6hhy/baike/c0%3Dbaike92%2C5%2C5%2C92%2C30/sign=0fa3edf4d21b0ef478e5900cbcad3abf/6c224f4a20a44623a29600b89822720e0df3d788.jpg
https://gss2.bdstatic.com/-fo3dSag_xI4khGkpoWK1HF6hhy/baike/c0%3Dbaike92%2C5%2C5%2C92%2C30/sign=4fc8173c277f9e2f6438155a7e598241/00e93901213fb80e95afc40d36d12f2eb83894ea.jpg
https://gss1.bdstatic.com/9vo3dSag_xI4khGkpoWK1HF6hhy/baike/c0%3Dbaike92%2C5%2C5%2C92%2C30/sign=56688135a9ec8a1300175fb2966afaea/9c16fdfaaf51f3deb5cb1cbe94eef01f3b2979ea.jpg
https://gss1.bdstatic.com/-vo3dSag_xI4khGkpoWK1HF6hhy/baike/c0%3Dbaike80%2C5%2C5%2C80%2C26/sign=524e8135a9ec8a1300175fb2966afaea/b58f8c5494eef01f3f4bbd1fe0fe9925bd317d88.jpg
https://gss1.bdstatic.com/-vo3dSag_xI4khGkpoWK1HF6hhy/baike/c0%3Dbaike92%2C5%2C5%2C92%2C30/sign=86abe6e34b36acaf4ded9eae1db0e675/38dbb6fd5266d01644603bf2972bd40734fa35ea.jpg
https://gss0.bdstatic.com/-4o3dSag_xI4khGkpoWK1HF6hhy/baike/c0%3Dbaike92%2C5%2C5%2C92%2C30/sign=24a06df54134970a537e187df4a3baad/29381f30e924b8992572dce26e061d950b7bf69a.jpg
https://gss1.bdstatic.com/-vo3dSag_xI4khGkpoWK1HF6hhy/baike/c0%3Dbaike92%2C5%2C5%2C92%2C30/sign=707dd1de970a304e462fa8a8b0a1cce3/1e30e924b899a901c16afeec1d950a7b0308f589.jpg
https://gss3.bdstatic.com/7Po3dSag_xI4khGkpoWK1HF6hhy/baike/c0%3Dbaike92%2C5%2C5%2C92%2C30/sign=21de9f590f2442a7ba03f5f7b02ac62e/1b4c510fd9f9d72adfd6b5c7d42a2834359bbbbe.jpg

https://gss2.bdstatic.com/-fo3dSag_xI4khGkpoWK1HF6hhy/baike/c0%3Dbaike116%2C5%2C5%2C116%2C38/sign=d0afcd3490529822113e3191b6a310ae/c8ea15ce36d3d539208cfe303a87e950342ab094.jpg
https://gss0.bdstatic.com/-4o3dSag_xI4khGkpoWK1HF6hhy/baike/c0%3Dbaike116%2C5%2C5%2C116%2C38/sign=2da94ed0632762d09433acedc185639f/bf096b63f6246b6088764387ebf81a4c500fa2cd.jpg
https://gss1.bdstatic.com/9vo3dSag_xI4khGkpoWK1HF6hhy/baike/c0%3Dbaike116%2C5%2C5%2C116%2C38/sign=0167b6cd0cf3d7ca18fb37249376d56c/d439b6003af33a877015f1e9c65c10385243b5cd.jpg
https://gss3.bdstatic.com/7Po3dSag_xI4khGkpoWK1HF6hhy/baike/c0%3Dbaike116%2C5%2C5%2C116%2C38/sign=bd0995ccd9f9d72a0369184fb5434351/64380cd7912397dd060169f75982b2b7d1a287cd.jpg
https://gss0.bdstatic.com/94o3dSag_xI4khGkpoWK1HF6hhy/baike/c0%3Dbaike116%2C5%2C5%2C116%2C38/sign=82c22d93352ac65c73086e219a9bd974/7dd98d1001e93901997a7ccd7bec54e737d196cd.jpg
