
https://gss0.bdstatic.com/-4o3dSag_xI4khGkpoWK1HF6hhy/baike/s%3D200/sign=de945f21728b4710ca2ffaccf3cec3b2/faedab64034f78f093033df379310a55b3191ca1.jpg
https://gss0.bdstatic.com/-4o3dSag_xI4khGkpoWK1HF6hhy/baike/crop%3D0%2C34%2C790%2C521%3Bc0%3Dbaike92%2C5%2C5%2C92%2C30/sign=8db6c12dc511728b2462d662f5cceffd/5366d0160924ab18cb9daf8b3dfae6cd7a890b86.jpg

https://gss0.bdstatic.com/94o3dSag_xI4khGkpoWK1HF6hhy/baike/c0%3Dbaike92%2C5%2C5%2C92%2C30/sign=d1285e6a9822720e6fc3eaa81aa26123/574e9258d109b3de445d1f60ccbf6c81810a4cdc.jpg
https://gss2.bdstatic.com/-fo3dSag_xI4khGkpoWK1HF6hhy/baike/c0%3Dbaike180%2C5%2C5%2C180%2C60/sign=73c3fd9e51da81cb5aeb8b9f330fbb73/b219ebc4b74543a95c8befa61e178a82b80114c3.jpg
https://gss1.bdstatic.com/-vo3dSag_xI4khGkpoWK1HF6hhy/baike/c0%3Dbaike80%2C5%2C5%2C80%2C26/sign=6b5fbc38ae773912d02b8d339970ed7d/d1a20cf431adcbefeb558483abaf2edda2cc9fd6.jpg
https://gss1.bdstatic.com/-vo3dSag_xI4khGkpoWK1HF6hhy/baike/c0%3Dbaike92%2C5%2C5%2C92%2C30/sign=2112844efcedab64607f4592965fc4a6/14ce36d3d539b600bfeef532ee50352ac65cb717.jpg
https://gss2.bdstatic.com/9fo3dSag_xI4khGkpoWK1HF6hhy/baike/c0%3Dbaike92%2C5%2C5%2C92%2C30/sign=afd19737b5b7d0a26fc40ccfaa861d6c/0ff41bd5ad6eddc4533f4f7e3edbb6fd5366335e.jpg
https://gss3.bdstatic.com/7Po3dSag_xI4khGkpoWK1HF6hhy/baike/c0%3Dbaike80%2C5%2C5%2C80%2C26/sign=5e677c02d7a20cf4529df68d17602053/80cb39dbb6fd5266d7f3c791ac18972bd507365e.jpg
https://gss0.bdstatic.com/-4o3dSag_xI4khGkpoWK1HF6hhy/baike/c0%3Dbaike92%2C5%2C5%2C92%2C30/sign=5be1d1a28d82b90129a0cb6112e4c212/cb8065380cd7912303c06ef1aa345982b2b78017.jpg
https://gss2.bdstatic.com/9fo3dSag_xI4khGkpoWK1HF6hhy/baike/c0%3Dbaike92%2C5%2C5%2C92%2C30/sign=488f989916dfa9ece9235e4503b99c66/cf1b9d16fdfaaf5149827b3a8b5494eef11f7ad6.jpg
https://gss2.bdstatic.com/9fo3dSag_xI4khGkpoWK1HF6hhy/baike/c0%3Dbaike92%2C5%2C5%2C92%2C30/sign=78c7855829738bd4d02cba63c0e2ecb3/4a36acaf2edda3ccdeaa42a506e93901203f92ed.jpg
https://gss2.bdstatic.com/9fo3dSag_xI4khGkpoWK1HF6hhy/baike/c0%3Dbaike92%2C5%2C5%2C92%2C30/sign=8d0c519a000828387c00d446d9f0c264/203fb80e7bec54e79ca2e09bbe389b504ec26aed.jpg
https://gss3.bdstatic.com/7Po3dSag_xI4khGkpoWK1HF6hhy/baike/c0%3Dbaike92%2C5%2C5%2C92%2C30/sign=cc87c56465d9f2d3341c2cbdc885e176/91ef76c6a7efce1b2a65324fa851f3deb58f65ed.jpg
https://gss2.bdstatic.com/-fo3dSag_xI4khGkpoWK1HF6hhy/baike/c0%3Dbaike92%2C5%2C5%2C92%2C30/sign=5918244d1d4c510fbac9ea4801304e48/a71ea8d3fd1f41344956fffb221f95cad0c85ed6.jpg
https://gss3.bdstatic.com/-Po3dSag_xI4khGkpoWK1HF6hhy/baike/c0%3Dbaike92%2C5%2C5%2C92%2C30/sign=883b5237d658ccbf0fb1bd6878b1d75b/377adab44aed2e73b0317da98001a18b86d6fa5f.jpg
https://gss0.bdstatic.com/94o3dSag_xI4khGkpoWK1HF6hhy/baike/c0%3Dbaike92%2C5%2C5%2C92%2C30/sign=b5fa8f81900a304e462fa8a8b0a1cce3/1e30e924b899a90104eda0b31a950a7b0308f55f.jpg
https://gss2.bdstatic.com/9fo3dSag_xI4khGkpoWK1HF6hhy/baike/c0%3Dbaike92%2C5%2C5%2C92%2C30/sign=5bdf7d02d7a20cf4529df68d17602053/1ad5ad6eddc451da8396f66eb1fd5266d11632d6.jpg
https://gss3.bdstatic.com/-Po3dSag_xI4khGkpoWK1HF6hhy/baike/c0%3Dbaike92%2C5%2C5%2C92%2C30/sign=c63709e91738534398c28f73f27adb1b/738b4710b912c8fc30d30c48fb039245d6882117.jpg
https://gss3.bdstatic.com/-Po3dSag_xI4khGkpoWK1HF6hhy/baike/c0%3Dbaike92%2C5%2C5%2C92%2C30/sign=dea760e4f4deb48fef64a98c9176514c/79f0f736afc3793129087cacecc4b74542a911d6.jpg
https://gss0.bdstatic.com/-4o3dSag_xI4khGkpoWK1HF6hhy/baike/c0%3Dbaike92%2C5%2C5%2C92%2C30/sign=06e7941aa30f4bfb98dd960662261395/5ab5c9ea15ce36d351dc78b53df33a87e850b15f.jpg
https://gss1.bdstatic.com/-vo3dSag_xI4khGkpoWK1HF6hhy/baike/c0%3Dbaike92%2C5%2C5%2C92%2C30/sign=2226b7840d55b31988f48a2722c0e943/342ac65c1038534376177ca49413b07ecb80885f.jpg
https://gss1.bdstatic.com/9vo3dSag_xI4khGkpoWK1HF6hhy/baike/c0%3Dbaike92%2C5%2C5%2C92%2C30/sign=6fab4204cc1349546a13e0363727f93d/4b90f603738da97708667caeb751f8198718e3ee.jpg
https://gss0.bdstatic.com/-4o3dSag_xI4khGkpoWK1HF6hhy/baike/c0%3Dbaike92%2C5%2C5%2C92%2C30/sign=ed46030a6b81800a7ae8815cd05c589f/4bed2e738bd4b31cbb1f6e3e80d6277f9e2ff810.jpg
https://gss0.bdstatic.com/94o3dSag_xI4khGkpoWK1HF6hhy/baike/c0%3Dbaike92%2C5%2C5%2C92%2C30/sign=223b1fa30e24ab18f41be96554938da8/0b46f21fbe096b638679a4d50b338744eaf8acd7.jpg
https://gss1.bdstatic.com/-vo3dSag_xI4khGkpoWK1HF6hhy/baike/c0%3Dbaike92%2C5%2C5%2C92%2C30/sign=d916197f7ccb0a46912f836b0a0a9d41/9d82d158ccbf6c8155efd76dbb3eb13532fa405f.jpg
https://gss0.bdstatic.com/94o3dSag_xI4khGkpoWK1HF6hhy/baike/c0%3Dbaike80%2C5%2C5%2C80%2C26/sign=ef8a6b777a1ed21b6dc426b7cc07b6a1/472309f7905298221a10c346d0ca7bcb0a46d410.jpg
https://gss3.bdstatic.com/-Po3dSag_xI4khGkpoWK1HF6hhy/baike/c0%3Dbaike92%2C5%2C5%2C92%2C30/sign=b050075f12ce36d3b6098b625b9a51e2/6609c93d70cf3bc774d83669d600baa1cc112a5f.jpg
https://gss0.bdstatic.com/-4o3dSag_xI4khGkpoWK1HF6hhy/baike/c0%3Dbaike92%2C5%2C5%2C92%2C30/sign=3eb91686cf95d143ce7bec711299e967/d62a6059252dd42a542afb2e043b5bb5c9eab810.jpg
https://gss3.bdstatic.com/-Po3dSag_xI4khGkpoWK1HF6hhy/baike/c0%3Dbaike92%2C5%2C5%2C92%2C30/sign=5a647c02d7a20cf4529df68d17602053/1ad5ad6eddc451da822df76eb1fd5266d116325f.jpg
https://gss3.bdstatic.com/7Po3dSag_xI4khGkpoWK1HF6hhy/baike/c0%3Dbaike92%2C5%2C5%2C92%2C30/sign=463a772cae014c080d3620f76b12696d/2e2eb9389b504fc27a7c4a80e2dde71190ef6d10.jpg
https://gss1.bdstatic.com/9vo3dSag_xI4khGkpoWK1HF6hhy/baike/c0%3Dbaike92%2C5%2C5%2C92%2C30/sign=054e906a8ab1cb132a643441bc3d3d2b/b8014a90f603738d9891f7a7b41bb051f919ec58.jpg
