
https://gss2.bdstatic.com/9fo3dSag_xI4khGkpoWK1HF6hhy/baike/c0%3Dbaike92%2C5%2C5%2C92%2C30/sign=47ae18ee3801213fdb3e468e358e5db4/d50735fae6cd7b8954ef16b40e2442a7d9330e01.jpg
https://gss2.bdstatic.com/9fo3dSag_xI4khGkpoWK1HF6hhy/baike/c0%3Dbaike92%2C5%2C5%2C92%2C30/sign=fd90a03f9a504fc2b652b85784b48c74/d833c895d143ad4b03ad6af783025aafa40f0601.jpg
https://gss3.bdstatic.com/7Po3dSag_xI4khGkpoWK1HF6hhy/baike/c0%3Dbaike92%2C5%2C5%2C92%2C30/sign=2244b656f2deb48fef64a98c9176514c/79f0f736afc37931d5ebaa1eeac4b74543a91101.jpg
https://gss3.bdstatic.com/7Po3dSag_xI4khGkpoWK1HF6hhy/baike/c0%3Dbaike92%2C5%2C5%2C92%2C30/sign=61b972670d33874488c8272e3066b29c/b03533fa828ba61e3f4ee4184034970a304e5960.jpg
https://gss0.bdstatic.com/-4o3dSag_xI4khGkpoWK1HF6hhy/baike/c0%3Dbaike92%2C5%2C5%2C92%2C30/sign=90061a3c5ab5c9ea76fe0bb1b450dd65/c8177f3e6709c93dd45222c09e3df8dcd1005460.jpg
https://gss2.bdstatic.com/-fo3dSag_xI4khGkpoWK1HF6hhy/baike/c0%3Dbaike92%2C5%2C5%2C92%2C30/sign=64345e17b812c8fca0fefe9f9d6af920/f603918fa0ec08fa47823f9058ee3d6d55fbda02.jpg
https://gss0.bdstatic.com/94o3dSag_xI4khGkpoWK1HF6hhy/baike/c0%3Dbaike92%2C5%2C5%2C92%2C30/sign=103f15f330adcbef15397654cdc645b8/dcc451da81cb39db76604b61d1160924ab183060.jpg
https://gss2.bdstatic.com/-fo3dSag_xI4khGkpoWK1HF6hhy/baike/c0%3Dbaike92%2C5%2C5%2C92%2C30/sign=279bb21f962bd40756cadbaf1ae0f534/bf096b63f6246b60228c9e43eaf81a4c510fa202.jpg
https://gss0.bdstatic.com/94o3dSag_xI4khGkpoWK1HF6hhy/baike/c0%3Dbaike92%2C5%2C5%2C92%2C30/sign=3d40fe1691ef76c6c4dff379fc7f969f/83025aafa40f4bfb2370b263024f78f0f7361860.jpg
https://gss2.bdstatic.com/9fo3dSag_xI4khGkpoWK1HF6hhy/baike/c0%3Dbaike92%2C5%2C5%2C92%2C30/sign=40eaaa1eeac4b7452099bf44ae957572/11385343fbf2b211d9aca979cb8065380cd78e02.jpg
https://gss0.bdstatic.com/-4o3dSag_xI4khGkpoWK1HF6hhy/baike/c0%3Dbaike92%2C5%2C5%2C92%2C30/sign=66c5c80eb2de9c82b268f1dd0de8eb6f/f9198618367adab4be7037748ad4b31c8701e461.jpg
https://gss3.bdstatic.com/-Po3dSag_xI4khGkpoWK1HF6hhy/baike/c0%3Dbaike92%2C5%2C5%2C92%2C30/sign=fe815833960a304e462fa8a8b0a1cce3/1e30e924b899a9014f9677011c950a7b0208f561.jpg

https://gss0.bdstatic.com/94o3dSag_xI4khGkpoWK1HF6hhy/baike/c0%3Dbaike150%2C5%2C5%2C150%2C50/sign=aacb746b572c11dfcadcb771024e09b5/eaf81a4c510fd9f91f38e6e1252dd42a2834a40f.jpg
https://gss1.bdstatic.com/9vo3dSag_xI4khGkpoWK1HF6hhy/baike/c0%3Dbaike220%2C5%2C5%2C220%2C73/sign=f9c07ba74134970a537e187df4a3baad/0ff41bd5ad6eddc400c9077339dbb6fd5266330f.jpg
https://gss0.bdstatic.com/-4o3dSag_xI4khGkpoWK1HF6hhy/baike/c0%3Dbaike220%2C5%2C5%2C220%2C73/sign=2b6dc5118226cffc7d27b7e0d86821f5/6f061d950a7b0208e7dc8c6962d9f2d3572cc825.jpg
https://gss3.bdstatic.com/7Po3dSag_xI4khGkpoWK1HF6hhy/baike/c0%3Dbaike150%2C5%2C5%2C150%2C50/sign=b53b15abb07eca80060831b5f04afcb8/91ef76c6a7efce1b9a3c7b42af51f3deb48f6526.jpg
https://gss3.bdstatic.com/7Po3dSag_xI4khGkpoWK1HF6hhy/baike/c0%3Dbaike150%2C5%2C5%2C150%2C50/sign=d57257b1b3de9c82b268f1dd0de8eb6f/c2cec3fdfc03924591a252878794a4c27d1e2526.jpg
https://gss1.bdstatic.com/-vo3dSag_xI4khGkpoWK1HF6hhy/baike/c0%3Dbaike180%2C5%2C5%2C180%2C60/sign=4b15bc4b3a87e950561afb3e71513826/55e736d12f2eb9386645c97ad5628535e5dd6f0a.jpg
https://gss3.bdstatic.com/-Po3dSag_xI4khGkpoWK1HF6hhy/baike/c0%3Dbaike150%2C5%2C5%2C150%2C50/sign=d2394e44c3cec3fd9f33af27b7e1bf5a/72f082025aafa40f20d07d55ab64034f78f01927.jpg
https://gss1.bdstatic.com/-vo3dSag_xI4khGkpoWK1HF6hhy/baike/c0%3Dbaike150%2C5%2C5%2C150%2C50/sign=c71efd4c0ad162d991e36a4e70b6c289/6a600c338744ebf8df5ad7b7d9f9d72a6059a70b.jpg
https://gss1.bdstatic.com/-vo3dSag_xI4khGkpoWK1HF6hhy/baike/c0%3Dbaike150%2C5%2C5%2C150%2C50/sign=aee24545fc039245b5b8e95de6fdcfa7/5bafa40f4bfbfbedc64885f778f0f736afc31f20.jpg
https://gss0.bdstatic.com/-4o3dSag_xI4khGkpoWK1HF6hhy/baike/c0%3Dbaike150%2C5%2C5%2C150%2C50/sign=e01f01fcebf81a4c323fe49bb6430b3c/b3b7d0a20cf431ad27c3f0b14b36acaf2edd9821.jpg
https://gss3.bdstatic.com/7Po3dSag_xI4khGkpoWK1HF6hhy/baike/c0%3Dbaike150%2C5%2C5%2C150%2C50/sign=adc871bb918fa0ec6bca6c5f47fe328b/d52a2834349b033b94ad4f5215ce36d3d539bd15.jpg
https://gss1.bdstatic.com/-vo3dSag_xI4khGkpoWK1HF6hhy/baike/c0%3Dbaike150%2C5%2C5%2C150%2C50/sign=6a696d401a4c510fbac9ea4801304e48/d1a20cf431adcbef9b24cd8eacaf2edda3cc9f22.jpg
https://gss1.bdstatic.com/9vo3dSag_xI4khGkpoWK1HF6hhy/baike/c0%3Dbaike150%2C5%2C5%2C150%2C50/sign=da942fcf3912b31bd361c57be7715d1f/63d0f703918fa0eca1e3d785269759ee3d6ddb16.jpg
https://gss2.bdstatic.com/9fo3dSag_xI4khGkpoWK1HF6hhy/baike/c0%3Dbaike150%2C5%2C5%2C150%2C50/sign=a7ead76281cb39dbd5cd6f04b17f6241/b64543a98226cffc64390c3ab9014a90f603ea23.jpg
https://gss3.bdstatic.com/-Po3dSag_xI4khGkpoWK1HF6hhy/baike/c0%3Dbaike150%2C5%2C5%2C150%2C50/sign=c57396805343fbf2d121ae71d117a1e5/d4628535e5dde71193c0f07ea7efce1b9d166123.jpg
https://gss3.bdstatic.com/-Po3dSag_xI4khGkpoWK1HF6hhy/baike/c0%3Dbaike180%2C5%2C5%2C180%2C60/sign=8227a02f59ee3d6d36cb8f99227f0647/5ab5c9ea15ce36d3062330b83af33a87e950b117.jpg
https://gss0.bdstatic.com/-4o3dSag_xI4khGkpoWK1HF6hhy/baike/c0%3Dbaike220%2C5%2C5%2C220%2C73/sign=5d0cf54882025aafc73f76999a84c001/4bed2e738bd4b31c0b1e273387d6277f9e2ff81c.jpg
https://gss0.bdstatic.com/-4o3dSag_xI4khGkpoWK1HF6hhy/baike/c0%3Dbaike220%2C5%2C5%2C220%2C73/sign=3b371737a0ec08fa320d1bf538875608/d62a6059252dd42ae400b223033b5bb5c9eab829.jpg
https://gss0.bdstatic.com/94o3dSag_xI4khGkpoWK1HF6hhy/baike/c0%3Dbaike150%2C5%2C5%2C150%2C50/sign=992835669c82d158af8f51e3e16372bd/c2fdfc039245d6889c1e012ca4c27d1ed21b241d.jpg
https://gss1.bdstatic.com/-vo3dSag_xI4khGkpoWK1HF6hhy/baike/c0%3Dbaike220%2C5%2C5%2C220%2C73/sign=b98da865a3cc7cd9ee203c8b58684a5a/e1fe9925bc315c60218ad8678db1cb134954771e.jpg
https://gss2.bdstatic.com/9fo3dSag_xI4khGkpoWK1HF6hhy/baike/c0%3Dbaike150%2C5%2C5%2C150%2C50/sign=6d14297b79310a55d029d6a6d62c28cc/a8014c086e061d95905984b07bf40ad162d9ca1f.jpg
https://gss2.bdstatic.com/9fo3dSag_xI4khGkpoWK1HF6hhy/baike/c0%3Dbaike220%2C5%2C5%2C220%2C73/sign=ca299f60bc3eb13550cabfe9c777c3b6/9345d688d43f8794eee1fba6d21b0ef41bd53a1f.jpg
https://gss0.bdstatic.com/94o3dSag_xI4khGkpoWK1HF6hhy/baike/c0%3Dbaike220%2C5%2C5%2C220%2C73/sign=8487ea39800a19d8df0e8c575293e9ee/c2fdfc039245d6889c07012ca4c27d1ed21b2434.jpg
https://gss3.bdstatic.com/7Po3dSag_xI4khGkpoWK1HF6hhy/baike/c0%3Dbaike220%2C5%2C5%2C220%2C73/sign=9e3635a3b051f819e5280b18bbdd2188/8b13632762d0f70336ab265408fa513d2697c519.jpg
https://gss1.bdstatic.com/-vo3dSag_xI4khGkpoWK1HF6hhy/baike/c0%3Dbaike150%2C5%2C5%2C150%2C50/sign=fabf4faf7f3e6709aa0d4dad5aaef458/962bd40735fae6cd26b018e90fb30f2442a70f35.jpg

https://gss3.bdstatic.com/-Po3dSag_xI4khGkpoWK1HF6hhy/baike/c0%3Dbaike92%2C5%2C5%2C92%2C30/sign=fe825833960a304e462fa8a8b0a1cce3/1e30e924b899a9014f9577011c950a7b0208f560.jpg
https://gss0.bdstatic.com/94o3dSag_xI4khGkpoWK1HF6hhy/baike/c0%3Dbaike92%2C5%2C5%2C92%2C30/sign=2bbb863af9dcd100d991f07313e22c75/562c11dfa9ec8a13735b7bd7f603918fa0ecc047.jpg
https://gss0.bdstatic.com/94o3dSag_xI4khGkpoWK1HF6hhy/baike/c0%3Dbaike92%2C5%2C5%2C92%2C30/sign=a7e8bdc57c1ed21b6dc426b7cc07b6a1/42166d224f4a20a4665f10f091529822720ed047.jpg
https://gss0.bdstatic.com/94o3dSag_xI4khGkpoWK1HF6hhy/baike/c0%3Dbaike92%2C5%2C5%2C92%2C30/sign=f3de15348644ebf8797c6c6db890bc4f/32fa828ba61ea8d365a15833960a304e251f5801.jpg
https://gss2.bdstatic.com/9fo3dSag_xI4khGkpoWK1HF6hhy/baike/c0%3Dbaike92%2C5%2C5%2C92%2C30/sign=7f87af073bf33a878a600848a7357b5d/9e3df8dcd100baa167af6b8c4610b912c8fc2e01.jpg
https://gss0.bdstatic.com/-4o3dSag_xI4khGkpoWK1HF6hhy/baike/c0%3Dbaike92%2C5%2C5%2C92%2C30/sign=06af8a14b17eca80060831b5f04afcb8/c2fdfc039245d68860819e93a5c27d1ed21b2401.jpg
https://gss1.bdstatic.com/-vo3dSag_xI4khGkpoWK1HF6hhy/baike/c0%3Dbaike92%2C5%2C5%2C92%2C30/sign=108a4085b3b7d0a26fc40ccfaa861d6c/0ff41bd5ad6eddc4ec6498cc38dbb6fd52663301.jpg

https://gss0.bdstatic.com/-4o3dSag_xI4khGkpoWK1HF6hhy/baike/c0%3Dbaike272%2C5%2C5%2C272%2C90/sign=da40ac82acaf2eddc0fc41bbec796a8c/ae51f3deb48f8c5438a717ab3a292df5e0fe7f3a.jpg
https://gss2.bdstatic.com/-fo3dSag_xI4khGkpoWK1HF6hhy/baike/c0%3Dbaike150%2C5%2C5%2C150%2C50/sign=9d5ce4fb78f0f736ccf344536b3cd87c/1e30e924b899a9017a3089b21d950a7b0208f529.jpg
https://gss0.bdstatic.com/-4o3dSag_xI4khGkpoWK1HF6hhy/baike/c0%3Dbaike272%2C5%2C5%2C272%2C90/sign=872fe4fb78f0f736ccf344536b3cd87c/2f738bd4b31c87018dc06062277f9e2f0608ffc4.jpg
https://gss1.bdstatic.com/9vo3dSag_xI4khGkpoWK1HF6hhy/baike/c0%3Dbaike150%2C5%2C5%2C150%2C50/sign=c4feb66e81cb39dbd5cd6f04b17f6241/b64543a98226cffc072d6d36b9014a90f603ea2b.jpg
https://gss3.bdstatic.com/7Po3dSag_xI4khGkpoWK1HF6hhy/baike/c0%3Dbaike150%2C5%2C5%2C150%2C50/sign=0c994adaddc451dae2fb04b9d7943903/b219ebc4b74543a9956a28481e178a82b80114c4.jpg

https://gss3.bdstatic.com/7Po3dSag_xI4khGkpoWK1HF6hhy/baike/c0%3Dbaike180%2C5%2C5%2C180%2C60/sign=46b982279982d158af8f51e3e16372bd/c2cec3fdfc0392454138e5c68294a4c27c1e256d.jpg
https://gss0.bdstatic.com/-4o3dSag_xI4khGkpoWK1HF6hhy/baike/c0%3Dbaike180%2C5%2C5%2C180%2C60/sign=4cece0f9bfa1cd1111bb7a72d87ba399/0e2442a7d933c89565739cb2d41373f0830200ed.jpg

https://gss2.bdstatic.com/-fo3dSag_xI4khGkpoWK1HF6hhy/baike/c0%3Dbaike92%2C5%2C5%2C92%2C30/sign=56894cebc5fdfc03f175ebeab556ecf1/09fa513d269759eea318dadeb4fb43166d22df5f.jpg
https://gss1.bdstatic.com/-vo3dSag_xI4khGkpoWK1HF6hhy/baike/c0%3Dbaike80%2C5%2C5%2C80%2C26/sign=9740628a0af431ada8df4b6b2a5fc7ca/38dbb6fd5266d0162cd31930912bd40734fa35db.jpg

https://gss3.bdstatic.com/-Po3dSag_xI4khGkpoWK1HF6hhy/baike/c0%3Dbaike80%2C5%2C5%2C80%2C26/sign=9cd8c73c87d6277ffd1f3a6a49517455/b90e7bec54e736d134f7df8f9b504fc2d4626954.jpg
https://gss0.bdstatic.com/94o3dSag_xI4khGkpoWK1HF6hhy/baike/c0%3Dbaike80%2C5%2C5%2C80%2C26/sign=fd9a6e7a7b899e516c83324623ceb256/500fd9f9d72a6059ed4d5c9d2834349b023bbadc.jpg
