
https://gss3.bdstatic.com/-Po3dSag_xI4khGkpoWK1HF6hhy/baike/c0%3Dbaike116%2C5%2C5%2C116%2C38/sign=fa2b184dd72a6059461de948495d5ffe/0dd7912397dda14406109836b2b7d0a20cf4861d.jpg
https://gss2.bdstatic.com/-fo3dSag_xI4khGkpoWK1HF6hhy/baike/c0%3Dbaike116%2C5%2C5%2C116%2C38/sign=b741c897dd54564ef168ec6bd2b7f7e7/7e3e6709c93d70cfc5d25e89f8dcd100baa12b0e.jpg
https://gss2.bdstatic.com/-fo3dSag_xI4khGkpoWK1HF6hhy/baike/c0%3Dbaike116%2C5%2C5%2C116%2C38/sign=1e86cd4031adcbef15397654cdc645b8/a6efce1b9d16fdfa6175326ab48f8c5494ee7b1d.jpg

https://gss0.bdstatic.com/-4o3dSag_xI4khGkpoWK1HF6hhy/baike/c0%3Dbaike150%2C5%2C5%2C150%2C50/sign=b32fd187ad345982d187edc06d9d5ac8/f2deb48f8c5494eed4ed4aea2df5e0fe98257e71.jpg
https://gss3.bdstatic.com/-Po3dSag_xI4khGkpoWK1HF6hhy/baike/c0%3Dbaike116%2C5%2C5%2C116%2C38/sign=c97abdd2728b4710da22f59ea2a7a898/962bd40735fae6cd0852ee920fb30f2443a70f5a.jpg
https://gss1.bdstatic.com/-vo3dSag_xI4khGkpoWK1HF6hhy/baike/c0%3Dbaike150%2C5%2C5%2C150%2C50/sign=84b6ddf75982b2b7b392319650c4a08a/b58f8c5494eef01f1fdb5d36e0fe9925bd317d71.jpg
https://gss2.bdstatic.com/-fo3dSag_xI4khGkpoWK1HF6hhy/baike/c0%3Dbaike150%2C5%2C5%2C150%2C50/sign=8bc62941b2b7d0a26fc40ccfaa861d6c/8d5494eef01f3a290b07903d9925bc315d607c71.jpg
https://gss2.bdstatic.com/-fo3dSag_xI4khGkpoWK1HF6hhy/baike/c0%3Dbaike272%2C5%2C5%2C272%2C90/sign=31cbc9d1c8fcc3cea0cdc161f32cbded/e7cd7b899e510fb379ff3264d933c895d0430c5a.jpg

https://gss3.bdstatic.com/-Po3dSag_xI4khGkpoWK1HF6hhy/baike/c0%3Dbaike92%2C5%2C5%2C92%2C30/sign=83fe6301f3f2b211f0238d1cabe90e5d/b812c8fcc3cec3fd6fc5a207de88d43f869427cc.jpg
https://gss2.bdstatic.com/-fo3dSag_xI4khGkpoWK1HF6hhy/baike/c0%3Dbaike272%2C5%2C5%2C272%2C90/sign=2f00ea885fee3d6d36cb8f99227f0647/500fd9f9d72a60595b1018352e34349b033bba99.jpg
https://gss0.bdstatic.com/94o3dSag_xI4khGkpoWK1HF6hhy/baike/c0%3Dbaike92%2C5%2C5%2C92%2C30/sign=1be969d15fafa40f28cbc68fca0d682a/023b5bb5c9ea15ce5eca3eeab3003af33a87b229.jpg
https://gss1.bdstatic.com/-vo3dSag_xI4khGkpoWK1HF6hhy/baike/c0%3Dbaike92%2C5%2C5%2C92%2C30/sign=e19e895ad01b0ef478e5900cbcad3abf/6c224f4a20a446234cab64169a22720e0cf3d765.jpg
https://gss1.bdstatic.com/9vo3dSag_xI4khGkpoWK1HF6hhy/baike/c0%3Dbaike92%2C5%2C5%2C92%2C30/sign=038723520b24ab18f41be96554938da8/0b46f21fbe096b63a7c598240e338744eaf8ace2.jpg

https://gss1.bdstatic.com/-vo3dSag_xI4khGkpoWK1HF6hhy/baike/c0%3Dbaike150%2C5%2C5%2C150%2C50/sign=854fc9e1720e0cf3b4fa46a96b2f997a/faf2b2119313b07edf9d34fb0cd7912397dd8c24.jpg
https://gss1.bdstatic.com/9vo3dSag_xI4khGkpoWK1HF6hhy/baike/c0%3Dbaike150%2C5%2C5%2C150%2C50/sign=ced72a080a46f21fdd395601974d0005/cb8065380cd791238ec0f087ad345982b2b78024.jpg
https://gss1.bdstatic.com/-vo3dSag_xI4khGkpoWK1HF6hhy/baike/c0%3Dbaike150%2C5%2C5%2C150%2C50/sign=a3143aa0f6246b606f03ba268a917129/96dda144ad345982afaa81610cf431adcbef8424.jpg
https://gss0.bdstatic.com/94o3dSag_xI4khGkpoWK1HF6hhy/baike/c0%3Dbaike150%2C5%2C5%2C150%2C50/sign=4b7d5df08744ebf8797c6c6db890bc4f/5882b2b7d0a20cf411b09a2c76094b36acaf9924.jpg
https://gss2.bdstatic.com/-fo3dSag_xI4khGkpoWK1HF6hhy/baike/c0%3Dbaike150%2C5%2C5%2C150%2C50/sign=bccd12d56d224f4a43947b41689efb37/3bf33a87e950352ac86a41fb5343fbf2b2118b3d.jpg
https://gss2.bdstatic.com/9fo3dSag_xI4khGkpoWK1HF6hhy/baike/c0%3Dbaike180%2C5%2C5%2C180%2C60/sign=2e7d656b5edf8db1a8237436684ab631/3ac79f3df8dcd100c8bc9cd2728b4710b9122f24.jpg
https://gss0.bdstatic.com/94o3dSag_xI4khGkpoWK1HF6hhy/baike/c0%3Dbaike150%2C5%2C5%2C150%2C50/sign=51459d7c6c81800a7ae8815cd05c589f/d788d43f8794a4c2fd0383d80ef41bd5ad6e3924.jpg
https://gss1.bdstatic.com/-vo3dSag_xI4khGkpoWK1HF6hhy/baike/c0%3Dbaike150%2C5%2C5%2C150%2C50/sign=f21498fe70cf3bc7fc0dc5beb069d1c4/e7cd7b899e510fb39a391364d933c895d1430c24.jpg
https://gss2.bdstatic.com/-fo3dSag_xI4khGkpoWK1HF6hhy/baike/c0%3Dbaike150%2C5%2C5%2C150%2C50/sign=be7874dc95cad1c8c4b6f4751e570c6c/5366d0160924ab18191d85c435fae6cd7b890b3d.jpg
https://gss3.bdstatic.com/-Po3dSag_xI4khGkpoWK1HF6hhy/baike/c0%3Dbaike180%2C5%2C5%2C180%2C60/sign=e15081d50924ab18f41be96554938da8/1f178a82b9014a904535224ea9773912b31bee3e.jpg
https://gss3.bdstatic.com/7Po3dSag_xI4khGkpoWK1HF6hhy/baike/c0%3Dbaike150%2C5%2C5%2C150%2C50/sign=e93a3aa30c33874488c8272e3066b29c/ac345982b2b7d0a213ea606ecbef76094b369a25.jpg
https://gss3.bdstatic.com/7Po3dSag_xI4khGkpoWK1HF6hhy/baike/c0%3Dbaike150%2C5%2C5%2C150%2C50/sign=e6f4440d36d3d539d53007915bee8235/203fb80e7bec54e719cf7eedb9389b504fc26a25.jpg
https://gss2.bdstatic.com/-fo3dSag_xI4khGkpoWK1HF6hhy/baike/c0%3Dbaike150%2C5%2C5%2C150%2C50/sign=bccc12d56d224f4a43947b41689efb37/3bf33a87e950352ac86b41fb5343fbf2b2118b3e.jpg
https://gss1.bdstatic.com/-vo3dSag_xI4khGkpoWK1HF6hhy/baike/c0%3Dbaike150%2C5%2C5%2C150%2C50/sign=12dc84a18535e5dd8421ad8d17afcc8a/810a19d8bc3eb1356ee4d348a61ea8d3fd1f4425.jpg
https://gss2.bdstatic.com/-fo3dSag_xI4khGkpoWK1HF6hhy/baike/c0%3Dbaike150%2C5%2C5%2C150%2C50/sign=cdc0cd41d158ccbf0fb1bd6878b1d75b/fd039245d688d43ff98af5017d1ed21b0ef43b25.jpg
https://gss2.bdstatic.com/9fo3dSag_xI4khGkpoWK1HF6hhy/baike/c0%3Dbaike150%2C5%2C5%2C150%2C50/sign=f2d82705a7efce1bfe26c098ce3898bb/838ba61ea8d3fd1f2303c6c9304e251f95ca5f3e.jpg
https://gss0.bdstatic.com/-4o3dSag_xI4khGkpoWK1HF6hhy/baike/c0%3Dbaike180%2C5%2C5%2C180%2C60/sign=3672874bd43f8794c7f2407cb3726591/4afbfbedab64034fdcc7a6f5afc379310a551d3e.jpg

https://gss2.bdstatic.com/-fo3dSag_xI4khGkpoWK1HF6hhy/baike/c0%3Dbaike80%2C5%2C5%2C80%2C26/sign=db25159c2834349b600b66d7a8837eab/7e3e6709c93d70cfc5cf5e8bf8dcd100baa12b7b.jpg
https://gss0.bdstatic.com/94o3dSag_xI4khGkpoWK1HF6hhy/baike/c0%3Dbaike80%2C5%2C5%2C80%2C26/sign=49a15b88b80e7bec37d70bb34e47d25d/0e2442a7d933c895a1e3d7fcd11373f083020093.jpg
https://gss1.bdstatic.com/-vo3dSag_xI4khGkpoWK1HF6hhy/baike/c0%3Dbaike80%2C5%2C5%2C80%2C26/sign=5a10b213462309f7f362a54013676796/9358d109b3de9c82c4025e086c81800a18d843d5.jpg

https://gss3.bdstatic.com/7Po3dSag_xI4khGkpoWK1HF6hhy/baike/c0%3Dbaike92%2C5%2C5%2C92%2C30/sign=5d1dbdd4562c11dfcadcb771024e09b5/a6efce1b9d16fdfa9095bcd9b58f8c5494ee7b0f.jpg
https://gss3.bdstatic.com/7Po3dSag_xI4khGkpoWK1HF6hhy/baike/c0%3Dbaike92%2C5%2C5%2C92%2C30/sign=a87168789f2f07084b082252884dd3fc/3801213fb80e7bec7b4079d62e2eb9389b506b6a.jpg
https://gss1.bdstatic.com/9vo3dSag_xI4khGkpoWK1HF6hhy/baike/c0%3Dbaike92%2C5%2C5%2C92%2C30/sign=12d222254e4a20a425133495f13bf347/8cb1cb13495409238c9019499358d109b3de490f.jpg
https://gss1.bdstatic.com/9vo3dSag_xI4khGkpoWK1HF6hhy/baike/c0%3Dbaike92%2C5%2C5%2C92%2C30/sign=e94b47fd503d26973ade000f3492d99e/3b292df5e0fe9925f596136735a85edf8db1716a.jpg
https://gss2.bdstatic.com/9fo3dSag_xI4khGkpoWK1HF6hhy/baike/c0%3Dbaike92%2C5%2C5%2C92%2C30/sign=09a443348644ebf8797c6c6db890bc4f/32fa828ba61ea8d39fdb0e33960a304e251f580f.jpg
https://gss2.bdstatic.com/-fo3dSag_xI4khGkpoWK1HF6hhy/baike/c0%3Dbaike92%2C5%2C5%2C92%2C30/sign=7c881e08d8f9d72a0369184fb5434351/fc1f4134970a304e43dbdacdd0c8a786c9175c0f.jpg
https://gss0.bdstatic.com/-4o3dSag_xI4khGkpoWK1HF6hhy/baike/c0%3Dbaike92%2C5%2C5%2C92%2C30/sign=e3e3a4ff1b4c510fbac9ea4801304e48/a71ea8d3fd1f4134f3ad7f49241f95cad1c85e6a.jpg
https://gss2.bdstatic.com/9fo3dSag_xI4khGkpoWK1HF6hhy/baike/c0%3Dbaike92%2C5%2C5%2C92%2C30/sign=e7fc43d0902397ddc274905638ebd9d2/d53f8794a4c27d1e50df41f31ad5ad6eddc4380f.jpg
https://gss0.bdstatic.com/-4o3dSag_xI4khGkpoWK1HF6hhy/baike/c0%3Dbaike92%2C5%2C5%2C92%2C30/sign=2fe4b4f5b3119313d34ef7e2045167b2/c9fcc3cec3fdfc03eee2998fd53f8794a4c2266a.jpg
https://gss1.bdstatic.com/-vo3dSag_xI4khGkpoWK1HF6hhy/baike/c0%3Dbaike92%2C5%2C5%2C92%2C30/sign=24fcd4574ec2d562e605d8bf8678fb8a/c995d143ad4bd113ee34cd055bafa40f4bfb050f.jpg
https://gss2.bdstatic.com/9fo3dSag_xI4khGkpoWK1HF6hhy/baike/c0%3Dbaike92%2C5%2C5%2C92%2C30/sign=316b33de8c1001e95a311c5dd9671089/aa18972bd40735fa746a348e9f510fb30f24086a.jpg
https://gss2.bdstatic.com/9fo3dSag_xI4khGkpoWK1HF6hhy/baike/c0%3Dbaike92%2C5%2C5%2C92%2C30/sign=139c83b86d81800a7ae8815cd05c589f/4bed2e738bd4b31c45c5ee8c86d6277f9e2ff808.jpg
https://gss2.bdstatic.com/-fo3dSag_xI4khGkpoWK1HF6hhy/baike/c0%3Dbaike92%2C5%2C5%2C92%2C30/sign=8ff0d80d314e251ff6faecaac6efa272/e824b899a9014c08a0c252920b7b02087bf4f408.jpg
https://gss0.bdstatic.com/-4o3dSag_xI4khGkpoWK1HF6hhy/baike/c0%3Dbaike92%2C5%2C5%2C92%2C30/sign=24189e07bba1cd1111bb7a72d87ba399/a8ec8a13632762d02bc7de88a1ec08fa513dc608.jpg
https://gss1.bdstatic.com/9vo3dSag_xI4khGkpoWK1HF6hhy/baike/c0%3Dbaike92%2C5%2C5%2C92%2C30/sign=fa5dcd8ca71ea8d39e2f7c56f6635b2b/267f9e2f07082838d697a623b999a9014c08f16b.jpg
https://gss1.bdstatic.com/-vo3dSag_xI4khGkpoWK1HF6hhy/baike/c0%3Dbaike92%2C5%2C5%2C92%2C30/sign=1cb030396609c93d13ff06a5fe5493b9/03087bf40ad162d92774182b10dfa9ec8a13cd6b.jpg
https://gss0.bdstatic.com/-4o3dSag_xI4khGkpoWK1HF6hhy/baike/c0%3Dbaike92%2C5%2C5%2C92%2C30/sign=c93ea9ca7a899e516c83324623ceb256/0d338744ebf81a4cadcb96fed62a6059252da608.jpg
https://gss0.bdstatic.com/-4o3dSag_xI4khGkpoWK1HF6hhy/baike/c0%3Dbaike92%2C5%2C5%2C92%2C30/sign=cc509e44ac4bd11310c0bf603bc6cf6a/242dd42a2834349b07fe14b2c8ea15ce36d3be08.jpg
https://gss1.bdstatic.com/-vo3dSag_xI4khGkpoWK1HF6hhy/baike/c0%3Dbaike92%2C5%2C5%2C92%2C30/sign=435a1d61d1160924c828aa49b56e5e9f/7acb0a46f21fbe099ec4b9236a600c338744ad6b.jpg
https://gss1.bdstatic.com/-vo3dSag_xI4khGkpoWK1HF6hhy/baike/c0%3Dbaike92%2C5%2C5%2C92%2C30/sign=1b6a348e9f510fb36c147fc5b85aa3f0/8644ebf81a4c510f245e982d6159252dd42aa56b.jpg
https://gss2.bdstatic.com/-fo3dSag_xI4khGkpoWK1HF6hhy/baike/c0%3Dbaike92%2C5%2C5%2C92%2C30/sign=a0dd797ddbb44aed4d43b6b6d275ec64/caef76094b36acaf0818eccb7dd98d1001e99c08.jpg
https://gss1.bdstatic.com/9vo3dSag_xI4khGkpoWK1HF6hhy/baike/c0%3Dbaike92%2C5%2C5%2C92%2C30/sign=afea480f29381f308a1485fbc868276d/b90e7bec54e736d11eebf63f9a504fc2d5626908.jpg
https://gss3.bdstatic.com/-Po3dSag_xI4khGkpoWK1HF6hhy/baike/c0%3Dbaike92%2C5%2C5%2C92%2C30/sign=31be4d0f7af40ad101e9cfb136457aba/e4dde71190ef76c69c2a811c9c16fdfaaf516708.jpg
https://gss0.bdstatic.com/94o3dSag_xI4khGkpoWK1HF6hhy/baike/c0%3Dbaike92%2C5%2C5%2C92%2C30/sign=d94aefeb09fa513d45a7648c5c043e9e/f11f3a292df5e0fed1e0f3365d6034a85edf7208.jpg
https://gss3.bdstatic.com/7Po3dSag_xI4khGkpoWK1HF6hhy/baike/c0%3Dbaike92%2C5%2C5%2C92%2C30/sign=9ea9030f6f061d95694b3f6a1a9d61b4/9a504fc2d5628535d275a81691ef76c6a7ef636b.jpg
https://gss2.bdstatic.com/9fo3dSag_xI4khGkpoWK1HF6hhy/baike/c0%3Dbaike92%2C5%2C5%2C92%2C30/sign=563698cd7acb0a46912f836b0a0a9d41/9d82d158ccbf6c81dacf56dfbd3eb13533fa4008.jpg
https://gss2.bdstatic.com/-fo3dSag_xI4khGkpoWK1HF6hhy/baike/c0%3Dbaike92%2C5%2C5%2C92%2C30/sign=7c891e08d8f9d72a0369184fb5434351/fc1f4134970a304e43dadacdd0c8a786c9175c08.jpg
https://gss2.bdstatic.com/-fo3dSag_xI4khGkpoWK1HF6hhy/baike/c0%3Dbaike92%2C5%2C5%2C92%2C30/sign=5f5fdf559922720e6fc3eaa81aa26123/574e9258d109b3deca2a9e5fcdbf6c81800a4c6b.jpg

https://gss1.bdstatic.com/-vo3dSag_xI4khGkpoWK1HF6hhy/baike/c0%3Dbaike92%2C5%2C5%2C92%2C30/sign=8e50554b500fd9f9b41a5d3b4444bf4f/a9d3fd1f4134970a55e66a1894cad1c8a7865d6b.jpg
https://gss1.bdstatic.com/-vo3dSag_xI4khGkpoWK1HF6hhy/baike/c0%3Dbaike92%2C5%2C5%2C92%2C30/sign=c3a875f43b87e950561afb3e71513826/f9dcd100baa1cd1107230817b812c8fcc3ce2d6b.jpg
https://gss1.bdstatic.com/-vo3dSag_xI4khGkpoWK1HF6hhy/baike/c0%3Dbaike92%2C5%2C5%2C92%2C30/sign=24fdd4574ec2d562e605d8bf8678fb8a/c995d143ad4bd113ee35cd055bafa40f4bfb0508.jpg
https://gss1.bdstatic.com/-vo3dSag_xI4khGkpoWK1HF6hhy/baike/c0%3Dbaike92%2C5%2C5%2C92%2C30/sign=4647390e4a36acaf4ded9eae1db0e675/38dbb6fd5266d016848ce41f962bd40735fa356b.jpg

https://gss2.bdstatic.com/-fo3dSag_xI4khGkpoWK1HF6hhy/baike/c0%3Dbaike92%2C5%2C5%2C92%2C30/sign=afa96e38b90e7bec37d70bb34e47d25d/e7cd7b899e510fb3998c0da0d833c895d1430c6b.jpg

https://gss1.bdstatic.com/-vo3dSag_xI4khGkpoWK1HF6hhy/baike/c0%3Dbaike92%2C5%2C5%2C92%2C30/sign=45cf56dfbd3eb13550cabfe9c777c3b6/b21c8701a18b87d6e2bad128060828381f30fd09.jpg
https://gss2.bdstatic.com/-fo3dSag_xI4khGkpoWK1HF6hhy/baike/c0%3Dbaike92%2C5%2C5%2C92%2C30/sign=3a46bf183b292df583cea447dd583705/b219ebc4b74543a92c8e80fb1f178a82b901146b.jpg
https://gss3.bdstatic.com/7Po3dSag_xI4khGkpoWK1HF6hhy/baike/c0%3Dbaike92%2C5%2C5%2C92%2C30/sign=12d43d8c4610b912abccfeaca2949766/63d0f703918fa0ecd73f1e3a279759ee3d6ddb09.jpg
https://gss2.bdstatic.com/-fo3dSag_xI4khGkpoWK1HF6hhy/baike/c0%3Dbaike92%2C5%2C5%2C92%2C30/sign=1ac6dd42d788d43fe4a499a01c77b97e/58ee3d6d55fbb2fba5d322254e4a20a44623dc09.jpg
https://gss3.bdstatic.com/-Po3dSag_xI4khGkpoWK1HF6hhy/baike/c0%3Dbaike92%2C5%2C5%2C92%2C30/sign=720e76dcb7fd5266b3263446ca71fc4e/0df3d7ca7bcb0a4601daf10e6a63f6246b60af09.jpg
https://gss0.bdstatic.com/-4o3dSag_xI4khGkpoWK1HF6hhy/baike/c0%3Dbaike92%2C5%2C5%2C92%2C30/sign=c93fa9ca7a899e516c83324623ceb256/0d338744ebf81a4cadca96fed62a6059252da609.jpg
https://gss2.bdstatic.com/9fo3dSag_xI4khGkpoWK1HF6hhy/baike/c0%3Dbaike92%2C5%2C5%2C92%2C30/sign=6d3cebc57c1ed21b6dc426b7cc07b6a1/42166d224f4a20a4ac8b46f091529822720ed074.jpg
https://gss1.bdstatic.com/-vo3dSag_xI4khGkpoWK1HF6hhy/baike/c0%3Dbaike92%2C5%2C5%2C92%2C30/sign=43551d61d1160924c828aa49b56e5e9f/7acb0a46f21fbe099ecbb9236a600c338744ad74.jpg
https://gss1.bdstatic.com/9vo3dSag_xI4khGkpoWK1HF6hhy/baike/c0%3Dbaike92%2C5%2C5%2C92%2C30/sign=0e8d0da0d833c895b2739029b07a1895/d8f9d72a6059252dd5836733359b033b5bb5b974.jpg
https://gss0.bdstatic.com/-4o3dSag_xI4khGkpoWK1HF6hhy/baike/c0%3Dbaike92%2C5%2C5%2C92%2C30/sign=2bf6a623b999a9012f3853647cfc611e/37d12f2eb9389b507b049a658435e5dde7116e09.jpg
