
http://www.chinabaike.com/uploads/allimg/140525/014A43956-1.jpg	http://www.chinabaike.com/z/shenghuo/20140525/2280126.html
http://p.d1xz.net/2016/02/22/14561231026175901.jpg	http://3g.d1xz.net/astro/huayu/art123757.aspx
http://www.neipet.com/wp-content/uploads/2016/08/%E7%99%BD%E9%A9%AC%E8%B9%84%E8%8E%B2.jpg	http://www.neipet.com/plant/30963.html
http://pic1.huashichang.com/2016/0826/23/57c05e93ee417.jpg	http://www.aihuhua.com/tu/baimatilian.html
http://1.im.guokr.com/_iOKLjfaQDyHRpIIkQ8FxTPBcFQbFVv8yGm1COZ142MUAwAA_AEAAEpQ.jpg?imageView2/1/w/650/h/419	http://www.guokr.com/blog/767372/
http://pic1.huashichang.com/2016/0826/23/57c05e945f124.jpg	http://www.aihuhua.com/tu/baimatilian.html
https://cdn.pixabay.com/photo/2017/05/03/21/54/calla-lily-2282260_960_720.jpg	https://pixabay.com/zh/%E9%A9%AC%E8%B9%84%E8%8E%B2-%E8%8A%B1-%E5%BC%80%E8%8A%B1-%E7%9B%9B%E5%BC%80-%E6%A4%8D%E7%89%A9-%E5%B8%B8%E5%B9%B4-%E5%85%89%E6%98%8E-%E5%A4%9A%E5%BD%A9-%E7%B2%89%E7%BA%A2%E8%89%B2-%E7%99%BD-2282260/
http://www.huayugu.com.cn/uploads/allimg/160827/1-160RG42T20-L.jpg	http://www.huayugu.com.cn/baimatilian/
https://st2.depositphotos.com/3247063/7832/i/950/depositphotos_78323902-stock-photo-white-calla-flower.jpg	https://cn.depositphotos.com/78323902/stock-photo-white-calla-flower.html
http://www.qnong.com.cn/uploadfile/2015/0911/20150911104609808.jpg	http://www.qnong.com.cn/zhidao/changshi/7902.html
https://thumbs.dreamstime.com/z/%E7%99%BD%E6%98%9F%E6%B5%B7%E8%8A%8B%E6%8B%89%E4%B8%81%E5%90%8D%E5%AD%97%E9%A9%AC%E8%B9%84%E8%8E%B2aethiopica-58266769.jpg	https://cn.dreamstime.com/%E5%BA%93%E5%AD%98%E7%85%A7%E7%89%87-%E7%99%BD%E6%98%9F%E6%B5%B7%E8%8A%8B%E6%8B%89%E4%B8%81%E5%90%8D%E5%AD%97%E9%A9%AC%E8%B9%84%E8%8E%B2aethiopica-image58266769
http://pic1.huashichang.com/2016/0826/23/57c05e97276cf.jpg	http://www.aihuhua.com/tupian/tupianqg1.html
http://pic1.huashichang.com/2016/0826/23/57c05e95351ac.jpg	http://www.aihuhua.com/tupian/tupianqfx.html
http://pic1.huashichang.com/2016/0826/23/57c05e96a5af0.jpg	http://www.aihuhua.com/tu/baimatilian.html
http://img2.3png.com/6b5ded9a170778082760de8a57920710daad.png	http://3png.com/a-31853891.html
http://pic1.huashichang.com/2016/0826/23/57c05e981f991.jpg	http://www.aihuhua.com/tupian/tupianqg3.html
http://pic1.huashichang.com/2016/0826/23/57c05e94d3291.jpg	http://www.aihuhua.com/tupian/tupianqfv.html
http://pic4.55jia.net/fengshuizhiwu/43/a397904.png	http://www.55jia.net/75/338937.html
http://gw.alicdn.com/bao/uploaded/i4/TB1k7YoQFXXXXcxapXXXXXXXXXX_!!0-item_pic.jpg_230x230.jpg	http://www.taobao.com/article/EVCVDUEAEzCdAWCf.html
http://pic1.huashichang.com/2016/0826/23/57c05e95cf43d.jpg	http://m.aihuhua.com/tupian/tupianqfy.html
http://pic1.huashichang.com/2016/0826/23/57c05e963bd22.jpg	http://www.aihuhua.com/tu/baimatilian.html
http://pic4.55jia.net/fengshuizhiwu/33/a397878.png	http://www.55jia.net/75/338937.html
https://www.huabaike.com/uploads/allimg/sltimg/201611/583bde5b6e701.jpg	https://www.huabaike.com/jtyh/5917.html
https://cdn.pixabay.com/photo/2015/02/02/17/00/spotted-calla-621106_960_720.jpg	https://pixabay.com/zh/photos/%E9%A9%AC%E8%B9%84%E8%8E%B2/
http://www.huaxianer.com/uploads/allimg/170427/2-1F42GF642959.jpg	http://www.huaxianer.com/zhishi/04184.html
http://www.huayugu.com.cn/uploads/allimg/160827/1-160RG426030-L.jpg	http://www.huayugu.com.cn/baimatilian/
https://thumbs.dreamstime.com/z/%E9%A9%AC%E8%B9%84%E8%8E%B2aethiopica%EF%BC%8C-%E8%8A%8B%E7%99%BE%E5%90%88%EF%BC%8C%E7%99%BD%E6%98%9F%E6%B5%B7%E8%8A%8B-84030314.jpg	https://cn.dreamstime.com/%E5%BA%93%E5%AD%98%E7%85%A7%E7%89%87-%E9%A9%AC%E8%B9%84%E8%8E%B2aethiopica%EF%BC%8C-%E8%8A%8B%E7%99%BE%E5%90%88%EF%BC%8C%E7%99%BD%E6%98%9F%E6%B5%B7%E8%8A%8B-image84030314
http://pic1.huashichang.com/2016/0826/23/57c05e97a137a.jpg	http://m.aihuhua.com/tupian/tupianqg2.html
http://image82.360doc.com/DownloadImg/2015/02/1322/50161213_1.jpg	http://www.360doc.com/content/15/0213/22/16967035_448453479.shtml
https://gw.alicdn.com/bao/uploaded/i1/863911042/TB2LOlWn4lmpuFjSZPfXXc9iXXa_!!863911042.jpg_230x230.jpg	https://www.taobao.com/article/C4CyDwA2ERBPDxE6.html
https://cbu01.alicdn.com/img/ibank/2014/903/264/1683462309_835622370.220x220xz.jpg	http://www.1688.com/yijiandaifa/-B0D7C2EDCCE3C1AB.html
http://a0.att.hudong.com/24/70/01100000000000144765709597284_s.jpg	http://www.baike.com/wiki/%E9%A9%AC%E8%B9%84%E8%8E%B2
http://www.wangsen.cn/upload/photo/w615-h460/20140924/20140924142642_44612.jpg	http://www.wangsen.cn/showcase/2011
https://gss1.bdstatic.com/-vo3dSag_xI4khGkpoWK1HF6hhy/baike/s%3D220/sign=e762da79d1ca7bcb797bc02d8e086b3f/5882b2b7d0a20cf4a4c11d6570094b36acaf9933.jpg	https://baike.baidu.com/item/%E7%99%BD%E9%A9%AC%E8%B9%84%E8%8E%B2
http://www.huayugu.com.cn/uploads/allimg/160827/1-160RG42I60-L.jpg	http://www.huayugu.com.cn/baimatilian/
https://img.yzcdn.cn/upload_files/2017/03/25/Fu2_hvlgtq6LfCp0L3EAaKOHF41L.jpg!580x580.jpg	http://detail.youzan.com/show/goods?alias=272ptscxg27fx
http://www.chuangpic.com/upload/pic1/920005428.jpg	http://www.chuangpic.com/down/show-7381.html
https://thumbs.dreamstime.com/z/%E9%A9%AC%E8%B9%84%E8%8E%B2aethiopica%EF%BC%8C-%E8%8A%8B%E7%99%BE%E5%90%88%EF%BC%8C%E7%99%BD%E6%98%9F%E6%B5%B7%E8%8A%8B-84029246.jpg	https://cn.dreamstime.com/%E5%BA%93%E5%AD%98%E7%85%A7%E7%89%87-%E9%A9%AC%E8%B9%84%E8%8E%B2aethiopica%EF%BC%8C-%E8%8A%8B%E7%99%BE%E5%90%88%EF%BC%8C%E7%99%BD%E6%98%9F%E6%B5%B7%E8%8A%8B-image84029246
http://www.yunzhonglai.com/uploadfile/2015/0325/20150325093902988.jpg	http://www.yunzhonglai.com/show-108-240-1.html
http://www.chuangpic.com/upload/pic1/12060479.jpg	http://www.chuangpic.com/down/show-6473.html
http://a2.att.hudong.com/58/33/19300534058731143027335789930_950.jpg	http://huayu.baike.com/article-1683486.html
http://www.lilywed.cn/uploads/131203/30_154330_8.jpg	http://jiudian.lilywed.cn/buzhi/29943.html
http://longguangstone.com/Uploads/5950abc2382e7.jpg	http://longguangstone.com/cn/product/product-18-136.html
http://a4.att.hudong.com/82/65/01300000178518124305653178288.jpg	http://tieba.baidu.com/p/614177115
https://www.huabaike.com/uploads/allimg/artimg/201611/20161128153718_89475.jpg	https://www.huabaike.com/jtyh/5917.html
http://a2.att.hudong.com/46/70/01100000000000144765709777923_s.jpg	http://www.baike.com/wiki/%E9%A9%AC%E8%B9%84%E8%8E%B2
https://img.yzcdn.cn/upload_files/2017/03/25/Fh0iU-jfI_HHRmBywlJbIUXgheZ4.jpg!580x580.jpg	http://detail.youzan.com/show/goods?alias=272ptscxg27fx
http://img0.pchouse.com.cn/pchouse/1109/25/131811_4.jpg	http://www.pchouse.com.cn/baike/shenghuo/621/
http://pic41.nipic.com/20140513/11118257_155821325183_2.jpg	http://www.nipic.com/show/10279756.html
http://pic4.55jia.net/fengshuizhiwu/49/a397929.png	http://www.55jia.net/75/338937.html
https://cdn.pixabay.com/photo/2017/01/09/00/09/calla-1964298_960_720.jpg	https://pixabay.com/zh/%E9%A9%AC%E8%B9%84%E8%8E%B2-%E8%8A%B1-%E8%8A%B1%E7%9A%84-%E8%87%AA%E7%84%B6-%E7%9B%9B%E5%BC%80-%E6%A4%8D%E7%89%A9-%E7%99%BD-%E4%B8%80%E4%B8%AA%E8%8A%B1%E7%93%A3-1964298/
http://www.chuangpic.com/upload/pic1/12060645.jpg	http://www.chuangpic.com/down/show-8001.html
http://img.huafans.cn/data/attachment/forum/201408/24/150513v7zb6jy64zv66i7b.jpg	http://club.huawei.com/thread-1125601-1-1.html
https://www.huabaike.com/uploads/allimg/artimg/201611/20161128153934_37696.jpg	https://www.huabaike.com/jtyh/5917.html
http://pic4.55jia.net/fengshuizhiwu/52/a397943.png	http://www.55jia.net/75/338937.html
http://www.dahuastone.com/Uploads/566a5f7295a0b.jpg	http://www.dahuastone.com/wap_products_detail_cn/id/143.html
https://www.huabaike.com/uploads/allimg/artimg/201611/20161128153736_33930.jpg	https://www.huabaike.com/jtyh/5917.html
https://cdn.pixabay.com/photo/2014/12/05/03/58/calla-557484_960_720.jpg	https://pixabay.com/zh/%E9%A9%AC%E8%B9%84%E8%8E%B2-%E7%99%BE%E5%90%88-%E8%8A%B1-%E7%9B%9B%E5%BC%80-%E8%8A%B1%E7%9A%84-%E8%87%AA%E7%84%B6-%E7%99%BD-%E5%BC%80%E8%8A%B1-%E8%8A%B1%E7%93%A3-%E4%BC%98%E9%9B%85-557484/
http://www.duood.com/ps/20150025050055.jpg	http://www.duood.com/show.aspx?id=85
http://wx.yihuaxian.com/content/images/thumbs/0000317_550.jpeg	http://wx.yihuaxian.com/q04
http://www.iyanghua.com/f/matilian/2008122083251_2.jpg	http://www.iyanghua.com/f/matilian/
https://cdn.pixabay.com/photo/2015/11/09/12/13/south-africa-1035135_960_720.jpg	https://pixabay.com/zh/photos/%E9%A9%AC%E8%B9%84%E8%8E%B2/
https://img.yzcdn.cn/upload_files/2017/03/25/FpQOdVtzioM1yw1ageK2jDAYEfS6.jpg!580x580.jpg	http://detail.youzan.com/show/goods?alias=272ptscxg27fx
http://www.cilipin.cn/images/201703/goods_img/122_P_1489035828686.jpg	http://www.cilipin.cn/goods.php?id=122
http://img95.699pic.com/photo/50018/8507.jpg_wh300.jpg	http://699pic.com/sousuo-179380-0-1.html
https://img.alicdn.com/imgextra/i4/12481245/TB2MVdboXXXXXawXFXXXXXXXXXX_!!12481245.jpg	http://myflower.dian.taobao.com/item.htm?id=103731475&frm=&
https://cdn.pixabay.com/photo/2014/02/21/23/34/zantedeschia-271733_960_720.jpg	https://pixabay.com/zh/%E5%BD%A9%E8%89%B2%E9%A9%AC%E8%B9%84%E8%8E%B2-%E7%99%BE%E5%90%88-%E7%99%BD-%E8%8A%B1-%E9%98%BF%E9%B2%81%E5%A7%86-%E7%BB%BF%E8%89%B2%E7%9A%84%E6%A0%91%E5%8F%B6-271733/
https://cdn.pixabay.com/photo/2017/03/04/21/40/zantedeschia-2117041_960_720.jpg	https://pixabay.com/zh/%E5%BD%A9%E8%89%B2%E9%A9%AC%E8%B9%84%E8%8E%B2-%E9%A9%AC%E8%B9%84%E8%8E%B2-%E9%98%BF%E9%B2%81%E5%A7%86-%E7%99%BE%E5%90%88-%E5%BC%95%E4%BA%BA%E6%B3%A8%E7%9B%AE-%E7%99%BD-%E8%8A%B1-%E7%BB%93%E8%8A%82%E6%80%A7-2117041/
https://img.alicdn.com/imgextra/i4/12481245/TB2mGtJoXXXXXb0XXXXXXXXXXXX_!!12481245.jpg	http://myflower.dian.taobao.com/item.htm?id=103731475&frm=&
http://img.mp.itc.cn/upload/20170524/c2c506a96415406d89d43ab86a5d2524_th.jpg	http://www.sohu.com/a/143037829_533342
http://www.huayugu.com.cn/uploads/allimg/160827/1-160RG424470-L.jpg	http://m.huayugu.com.cn/view.php?aid=18974
http://img95.699pic.com/photo/50007/8205.jpg_wh300.jpg	http://699pic.com/tupian/278438.html
https://cdn.pixabay.com/photo/2016/09/25/16/25/flower-1694062_960_720.jpg	https://pixabay.com/zh/%E9%A9%AC%E8%B9%84%E8%8E%B2-%E8%8A%B1-%E7%99%BD-%E7%BA%B9%E7%90%86-%E4%B8%80%E4%B8%AA%E8%8A%B1%E7%93%A3-1694062/
http://www.chinabaike.com/uploads/allimg/140525/014A44647-2.jpg	http://www.chinabaike.com/z/shenghuo/20140525/2280126.html
http://www.iyanghua.com/f/69C8C7125B8D48A09FD60CDCEB15DC69/20081114200755_2.jpg	http://www.1008610086.com/matilian/%E9%A9%AC%E8%B9%84%E8%8E%B2.html
http://www.yunzhonglai.com/uploadfile/2015/0325/20150325093921283.jpg	http://www.yunzhonglai.com/show-108-240-1.html
http://map1.zw3w.com:8080/zw_news_map/350/2014053/1400908795514296650.jpg	http://zwbk.idwoo.com/archives/181
https://st3.depositphotos.com/1532932/13717/v/1600/depositphotos_137173764-stock-illustration-collection-of-coloured-arum-lilies.jpg	https://cn.depositphotos.com/137173764/stock-illustration-collection-of-coloured-arum-lilies.html
http://a0.att.hudong.com/32/70/01100000000000144765709476344_s.jpg	http://www.baike.com/wiki/%E9%A9%AC%E8%B9%84%E8%8E%B2
https://a-ssl.duitang.com/uploads/item/201401/08/20140108114316_F35QG.jpeg	https://www.duitang.com/blog/?id=113659265
https://cdn.pixabay.com/photo/2016/01/13/15/30/calla-1138162_960_720.jpg	https://pixabay.com/zh/photos/%E9%A9%AC%E8%B9%84%E8%8E%B2%E8%8A%B1/
http://www.52yhua.com/uploads/allimg/160217/1-16021H12J9.jpg	http://www.52yhua.com/huayu/1731.html
https://thumbs.dreamstime.com/z/%E7%99%BD%E6%98%9F%E6%B5%B7%E8%8A%8B-%E9%A9%AC%E8%B9%84%E8%8E%B2-47381517.jpg	https://cn.dreamstime.com/%E5%BA%93%E5%AD%98%E7%85%A7%E7%89%87-%E7%99%BD%E6%98%9F%E6%B5%B7%E8%8A%8B-%E9%A9%AC%E8%B9%84%E8%8E%B2-image47381517
https://cbu01.alicdn.com/img/ibank/2016/202/969/2745969202_835622370.220x220xz.jpg	http://www.1688.com/yijiandaifa/-B0D7C2EDCCE3C1AB.html
http://img14.3lian.com/201501/14/31350fc9f1f1fdb76d2c159877af6e0d.jpg	http://www.3lian.com/zl/2015/01-14/277982.html
https://gss3.bdstatic.com/7Po3dSag_xI4khGkpoWK1HF6hhy/baike/w%3D400/sign=cce29821c08065387beaa513a7dca115/9c16fdfaaf51f3deeb7ea40b9eeef01f3b297994.jpg	https://baike.baidu.com/item/%E7%99%BD%E9%A9%AC%E8%B9%84%E8%8E%B2
http://www.chuangpic.com/upload/pic1/12060697.jpg	http://www.chuangpic.com/down/show-8051.html
https://b-ssl.duitang.com/uploads/item/201502/28/20150228223024_U2MMs.jpeg	https://www.duitang.com/blogs/tag/?name=%E6%B5%B7%E8%8A%8B%E8%8A%B1
http://www.huaxianer.com/uploads/allimg/170427/2-1F42GFF5603.jpg	http://www.huaxianer.com/zhishi/04184.html
https://cdn.pixabay.com/photo/2016/12/28/16/47/flower-1936441_960_720.jpg	https://pixabay.com/zh/%E8%8A%B1-%E5%BC%80%E8%8A%B1-%E9%A9%AC%E8%B9%84%E8%8E%B2-%E7%99%BD-%E7%99%BD%E8%8A%B1-1936441/
https://thumbs.dreamstime.com/t/%E9%A9%AC%E8%B9%84%E8%8E%B2aethiopica%EF%BC%8C-%E8%8A%8B%E7%99%BE%E5%90%88%EF%BC%8C%E7%99%BD%E6%98%9F%E6%B5%B7%E8%8A%8B-84030314.jpg	https://cn.dreamstime.com/%E5%BA%93%E5%AD%98%E7%85%A7%E7%89%87-%E7%99%BD%E6%98%9F%E6%B5%B7%E8%8A%8B%E6%8B%89%E4%B8%81%E5%90%8D%E5%AD%97%E9%A9%AC%E8%B9%84%E8%8E%B2aethiopica-image58266769
https://img.alicdn.com/imgextra/i1/12481245/TB28XdhoXXXXXXDXFXXXXXXXXXX_!!12481245.jpg	http://myflower.dian.taobao.com/item.htm?id=103731475&frm=&
https://gw.alicdn.com/bao/uploaded/i1/1785325243/TB2PNs2XwQc61BjSZFGXXa1DFXa_!!1785325243.jpg_230x230.jpg	https://www.taobao.com/article/DkBXEbD4EaFiBbDx.html
https://cdn.pixabay.com/photo/2015/12/18/05/17/calla-1098234_960_720.jpg	https://pixabay.com/zh/%E9%A9%AC%E8%B9%84%E8%8E%B2-%E5%8F%B0%E5%8C%97-%E5%8F%B0%E6%B9%BE-%E7%99%BE%E5%90%88-%E5%BC%80%E8%8A%B1-%E8%8A%B1-%E8%87%AA%E7%84%B6-%E6%A4%8D%E7%89%A9-%E7%99%BD-1098234/
https://cdn.pixabay.com/photo/2017/03/28/09/16/calla-2181448_960_720.jpg	https://pixabay.com/zh/%E9%A9%AC%E8%B9%84%E8%8E%B2-%E5%BC%80%E8%8A%B1-%E6%BC%8F%E6%96%97-%E5%AE%A4%E5%86%85%E6%A4%8D%E7%89%A9-%E5%9C%B0%E4%B8%AD%E6%B5%B7-%E7%99%BD-%E8%8A%B1-%E8%8A%B1%E5%BA%8F-2181448/
http://img01.hua.com/uploadpic/images/201552019481373338.jpg	http://www.hua.com/huayu/12252.html
https://gw.alicdn.com/bao/uploaded/i4/TB1O4JCIFXXXXbWXVXXXXXXXXXX_!!0-item_pic.jpg_230x230.jpg	https://www.taobao.com/article/C3EwFuDUEhFFC2Ec.html
http://www.stoneaide.com/uploadfiles/stonepic/201503/small/2014062109174252810.jpg	http://www.stoneaide.com/msg/show1543089.htm
http://img02.taobaocdn.com/bao/uploaded/i2/TB1FpKGRXXXXXaHapXXXXXXXXXX_!!0-item_pic.jpg	http://myflower.dian.taobao.com/item.htm?id=103731729&frm=&
https://cdn.pixabay.com/photo/2017/07/27/20/43/calla-lilies-2546679__340.jpg	https://pixabay.com/zh/photos/%E9%A9%AC%E8%B9%84%E8%8E%B2/
