
http://s2.buzzhand.net/uploads/40/8/743516/14355313679794.png	http://www.buzzhand.com/post_743516.html
https://pic.pimg.tw/anny3805201314/1436323920-1233943151_n.jpg	http://anny3805201314.pixnet.net/blog/post/201150270-%3C%E8%8A%B1%E7%B3%BB%E5%88%97%3E%E7%B4%AB%E8%96%87%E8%8A%B1~%E5%A4%8F%E5%A4%A9%E7%9B%9B%E9%96%8B%E7%9A%84%E8%8A%B1%E6%9C%B5
http://www.baihuamen.com/d/file/2014/03-14/755f169bd64feeed80e607fcf0b7bc91.jpg	http://www.baihuamen.com/ziweihua/
http://a4.att.hudong.com/44/08/01300001385827133923081407322_s.jpg	http://www.baike.com/wiki/%E7%B4%AB%E8%96%87%E8%8A%B1
https://gss2.bdstatic.com/-fo3dSag_xI4khGkpoWK1HF6hhy/baike/s%3D220/sign=7c07bc0e06d79123e4e093769d355917/3b292df5e0fe99250ab685563ea85edf8db1717a.jpg	https://baike.baidu.com/item/%E7%B4%AB%E8%96%87%E8%8A%B1
http://pic16.nipic.com/20110830/7025112_231209119000_2.jpg	http://tony01254470.pixnet.net/blog/post/19568098-%E7%B4%AB%E8%96%87%E8%8A%B1
http://img.boqiicdn.com/Data/BK/P/imagick26041439891316.jpg	http://www.boqii.com/entry/detail/1954.html
https://pic.pimg.tw/moon4085/1434994747-1861138022.jpg	http://moon4085.pixnet.net/blog/post/426942299-%E7%B4%AB%E8%96%87%E8%8A%B1
http://4.blog.xuite.net/4/5/a/4/23075667/blog_1812266/txt/49625779/7.jpg	http://blog.xuite.net/sioulee/011/49625779-%E7%B4%AB%E8%96%87%E8%8A%B1
http://pic8.nipic.com/20100706/5186592_195414683492_2.jpg	https://tieba.baidu.com/p/1378558676
http://pic16.nipic.com/20110818/8138452_101026272161_2.jpg	http://www.nipic.com/show/1/44/4977045k9e3d828e.html
http://pic16.nipic.com/20110820/128199_141722622000_2.jpg	http://www.nipic.com/show/1/44/4992019keb2c0f44.html
https://img.imynest.com/uploads/1/2C/12C2F0EF1D.jpeg	https://www.imynest.com/content/60384.html
http://pic11.nipic.com/20101204/4224370_045258005456_2.jpg	http://www.nipic.com/show/4001320.html
http://pic15.nipic.com/20110802/3625118_142534172150_2.jpg	http://www.nipic.com/show/1/44/4929615ka5100336.html
http://img6.3lian.com/c23/desk4/02/53//d/01.jpg	http://www.3lian.com/desk/2013/12/7236.html
http://tupian.geimian.com/pic/2015/04/20150422_204939_097.jpg	https://www.geimian.com/wx/29493.html
http://a3.att.hudong.com/00/31/01300000426200133853319968044_s.jpg	http://www.baike.com/wiki/%E7%B4%AB%E8%96%87%E8%8A%B1
https://www.huabaike.com/uploads/allimg/artimg/201612/20161209151248_25726.jpg	https://www.huabaike.com/hyjk/6207.html
https://www.huabaike.com/uploads/allimg/sltimg/201511/564701590bfc6.jpg	https://www.huabaike.com/jtyh/621.html
http://img.boqiicdn.com/Data/BK/A/1506/16/imagick47011434423157_y.jpg	http://www.boqii.com/article/22020.html
http://p.img.eol.cn/images/1022/2013/1224/1387885451_12_ffvy.jpg	http://teacher.eol.cn/jiao_shi_tu_pian_6149/20071218/t20071218_271454.shtml
https://i.ytimg.com/vi/dX9_C2vU3JE/maxresdefault.jpg	https://www.youtube.com/watch?v=dX9_C2vU3JE
http://pic30.nipic.com/20130618/3207538_235627730157_2.jpg	http://www.nipic.com/show/1/44/8298200k5a1ff83c.html
https://www.huabaike.com/uploads/allimg/sltimg/201511/5647024419652.jpg	https://www.huabaike.com/mbzw/649.html
http://p.d1xz.net/2014/5/20/120013741374.jpg	http://www.d1xz.net/astro/huayu/art49645.aspx
https://www.huabaike.com/uploads/allimg/artimg/201612/20161209151233_50580.jpg	https://www.huabaike.com/hyjk/6207.html
https://gss3.bdstatic.com/-Po3dSag_xI4khGkpoWK1HF6hhy/baike/s%3D220/sign=2a15aaf3c6cec3fd8f3ea077e688d4b6/f636afc379310a55201e89cbb24543a9822610d2.jpg	https://baike.baidu.com/item/%E7%B4%AB%E8%96%87%E8%8A%B1
https://www.huabaike.com/uploads/allimg/sltimg/201602/56c3dfb1c36a6.jpg	https://www.huabaike.com/jtyh/5975.html
https://pic.pimg.tw/moon4085/1434994744-3586921647.jpg	http://moon4085.pixnet.net/blog/post/426942299-%E7%B4%AB%E8%96%87%E8%8A%B1
http://img14.3lian.com/201606/01/994e89fa511dcf5d599de5bc8aecbb71.jpg	http://www.3lian.com/zl/2016/06-01/1464762850454341.html
https://www.huabaike.com/uploads/allimg/sltimg/201511/5647011a74c7c.jpg	https://www.huabaike.com/mbzw/649.html
http://pic16.nipic.com/20110818/7910730_115154394178_2.jpg	http://www.nipic.com/show/1/44/4970114k554f8014.html
https://i.ytimg.com/vi/KIk7AxQATsU/hqdefault.jpg	https://www.youtube.com/watch?v=KIk7AxQATsU
http://pic11.nipic.com/20101120/4224370_072104043973_2.jpg	http://www.nipic.com/show/3948337.html
http://163.17.203.129/bakup/green/%E7%B4%AB%E8%96%87/%E7%B4%AB%E8%96%87-%E8%8A%B113.JPG	http://163.17.203.129/bakup/green/%E7%B4%AB%E8%96%87/%E7%B4%AB%E8%96%87-910716.htm
https://i2.kknews.cc/large/11150003cad1efbd4d35	https://kknews.cc/news/p4eglej.html
https://s.yimg.com/lo/api/res/1.2/uYvHlQ4EU7OGJvNurC0coQ--~B/YXBwaWQ9eXR3dHJhdmVsO2g9NTAwO3E9OTA7dz01MDA-/http://media.zenfs.com/zh-Hant-TW/homerun/tw-travel.yahookimo.com.tw/f9d58d9a704539304887c046adc2d8df	https://sites.google.com/site/9a132025/zui-xin-xiao-xi/wubiaotidewenzhang
http://www.ew9z.com/wp-content/uploads/2010/04/Lagerstroemia_indica_flower_5.jpg	http://www.ew9z.com/bairihong-ziweihua-tupian.html
https://img.imynest.com/uploads/4/68/468FF56BFB.jpeg	https://www.imynest.com/content/60384.html
http://kplant.biodiv.tw/%E5%A4%A7%E8%8A%B1%E7%B4%AB%E8%96%87/%E5%A4%A7%E8%8A%B1%E7%B4%AB%E8%96%87-%E8%8A%B137.JPG	http://kplant.biodiv.tw/%E5%A4%A7%E8%8A%B1%E7%B4%AB%E8%96%87/%E5%A4%A7%E8%8A%B1%E7%B4%AB%E8%96%87.htm
http://pic11.nipic.com/20101123/6266554_151410095260_2.jpg	http://www.nipic.com/show/4008023.html
https://i1.read01.com/uploads/09aOai00.jpg	https://read01.com/QRndk.html
https://www.huabaike.com/uploads/allimg/sltimg/201702/58929df945157.jpg	https://www.huabaike.com/jtyh/5975.html
https://gss2.bdstatic.com/9fo3dSag_xI4khGkpoWK1HF6hhy/baike/s%3D220/sign=cfa455961438534388cf8023a312b01f/9c16fdfaaf51f3de4e011f9e90eef01f3b29799d.jpg	https://baike.baidu.com/item/%E7%B4%AB%E8%96%87%E8%8A%B1
https://pic.pimg.tw/anny3805201314/1436323930-516359305_n.jpg	http://anny3805201314.pixnet.net/blog/post/201150270-%3C%E8%8A%B1%E7%B3%BB%E5%88%97%3E%E7%B4%AB%E8%96%87%E8%8A%B1~%E5%A4%8F%E5%A4%A9%E7%9B%9B%E9%96%8B%E7%9A%84%E8%8A%B1%E6%9C%B5
http://www.baihuamen.com/d/file/2014/03-14/95453076b991b6a41467cff0e0abbc3c.jpg	http://www.baihuamen.com/ziweihua/
http://imgtu.5011.net/uploads/content/20160329/9606731459235342.jpg	http://www.5011.net/news/61581.html
https://www.huabaike.com/uploads/allimg/artimg/201511/20151119173739_14996.jpg	https://www.huabaike.com/pjzz/624.html
http://www.baihuamen.com/d/file/2014/03-14/d8e80476b03dd0867b3ab8c36441c911.jpg	http://www.baihuamen.com/ziweihua/
http://pic17.nipic.com/20111121/258327_163232457123_2.jpg	http://www.nipic.com/show/5389376.html
https://i2.kknews.cc/large/119300060a82c31673b7	https://kknews.cc/news/p4eglej.html
http://pic.pimg.tw/fonghu0217/1381337825-2183370508.jpg	http://fonghu0217.pixnet.net/blog/post/38060801-%E7%B4%AB%E8%96%87%E8%8A%B1
http://pics21.blog.yam.com/6/userfile/c/chenkc122/album/1467e414deff82.jpg	http://city.udn.com/56684/2282147
http://pic74.nipic.com/file/20150805/19192438_180914337000_2.jpg	http://www.nipic.com/show/13019575.html
http://www.hrd.gov.tw/UpFile/_userfiles/EDM76-0819.JPG	http://www.2home.com.tw/bbs/forum.php?mod=viewthread&tid=25803
http://pic11.nipic.com/20101120/4224370_070259042996_2.jpg	http://www.nipic.com/show/1/44/3948335k438d6a91.html
http://4.blog.xuite.net/4/5/a/4/23075667/blog_1812266/txt/49625779/5.jpg	http://blog.xuite.net/sioulee/011/49625779-%E7%B4%AB%E8%96%87%E8%8A%B1
http://pic4.nipic.com/20090727/2362395_172131055_2.jpg	http://www.nipic.com/show/1/44/d5c9b75e61a18e79.html
http://pic3.nipic.com/20090709/2703364_180950035_2.jpg	http://www.nipic.com/show/2/93/3182c798a912adbc.html
http://img.zwbk.org/baike/spic/2010/11/30/20101130010639573_6886.jpg	http://www.zwbk.org/MyLemmaShow.aspx?zh=zh-tw&lid=90924
http://www.p750.com/uploads/allimg/2016-08/201PK6-1-543B.jpg	http://www.p750.com/huahuipenjingtupian/guanhuazhiwu/176.html
http://tupian.geimian.com/pic/2015/04/20150422_204939_100.jpg	https://www.geimian.com/wx/29493.html
http://nanyuan.hoseo.tw/uploaded/DSCN0993_1.JPG	http://blog.xuite.net/nanyuan6990726/twblog/225432540-%E7%B4%AB%E8%96%87%E8%8A%B1%E9%96%8B%E7%99%BE%E6%97%A5%E7%B4%85
https://www.huabaike.com/uploads/allimg/artimg/201511/20151119173638_69004.jpg	https://www.huabaike.com/pjzz/624.html
http://2.bp.blogspot.com/-a3KrwS8dFPY/Tir2duwntMI/AAAAAAAABEY/ydxwZHNLEfc/s640/DSC09137.JPG	http://tsvs-e2c.blogspot.com/2011/07/blog-post_25.html
http://img2.mtime.com/mg/2010/1/f4fbdb96-3ca9-4316-817a-557c88bd729f.jpg	http://group.mtime.com/arbre/discussion/790020/
https://pic.pimg.tw/splendor666/1470103031-2530806352.jpg?v=1470103032	http://taiwanking68.pixnet.net/blog/post/450030242-%E8%89%B7%E9%BA%97%E7%9A%84%E5%A4%8F%E8%8A%B1%EF%BC%9A%E7%B4%AB%E8%96%87%E8%8A%B1%E8%88%87%E4%B9%9D%E9%87%8D%E8%91%9B
http://pic.pimg.tw/fonghu0217/1381337824-3815933814.jpg	http://fonghu0217.pixnet.net/blog/post/38060801-%E7%B4%AB%E8%96%87%E8%8A%B1
http://www.baihuamen.com/d/file/2014/03-12/3ce8ddcf35a46cbe9209e3b971396708.jpg	http://www.baihuamen.com/ziweihua/
http://tupian.geimian.com/pic/2017/07/2017-07-14_123020.jpg	https://www.geimian.com/wx/90387.html
http://www.baihuamen.com/d/file/2014/03-14/5f466be478903e8b048ddc74cd9f2f23.jpg	http://www.baihuamen.com/ziweihua/
https://img.imynest.com/uploads/9/78/9788F1E10C.jpeg	https://www.imynest.com/content/26142.html
http://4.blog.xuite.net/4/5/a/4/23075667/blog_1812266/txt/49625779/9.jpg	http://blog.xuite.net/sioulee/011/49625779-%E7%B4%AB%E8%96%87%E8%8A%B1
http://nanyuan.hoseo.tw/uploaded/DSCN0808_4.JPG	http://blog.xuite.net/nanyuan6990726/twblog/225432540-%E7%B4%AB%E8%96%87%E8%8A%B1%E9%96%8B%E7%99%BE%E6%97%A5%E7%B4%85
http://www.shundecity.com/uploads/allimg/2013/07/17/22691374023911.jpg	http://www.shundecity.com/a/sdyd/2013/0717/107447.html
http://pic6.nipic.com/20100424/1412106_045643065358_2.jpg	http://www.nipic.com/show/1/44/94d60ac9c0391d15.html
https://img.imynest.com/uploads/2/EA/2EAF805DF7_800x600.jpeg	https://www.imynest.com/content/20106.html
https://i1.read01.com/uploads/0DVMtSsFx0.jpg	https://read01.com/xKORya.html
http://epaper.hrd.gov.tw/102/EDM102-0607.JPG	http://epaper.hrd.gov.tw/102/EDM102-0602.htm
http://a0.att.hudong.com/38/81/14300000932038128818811516338_950.jpg	http://w.baike.com/c9be26ab56ef4c4ca3bb84d42b68138f.html
http://pic15.nipic.com/20110718/6863287_001535138139_2.jpg	http://www.nipic.com/show/1/44/4852166k66ce8c4a.html
http://107.182.238.98/data/attachment/forum/201510/20/202138djuhqalawju9jdzd.jpg	http://oursogo.com/thread-2016915-1-1.html
http://pics21.blog.yam.com/6/userfile/c/chenkc122/album/1467e414c42b58.jpg	http://city.udn.com/56684/2282147
https://img.imynest.com/uploads/E/5C/E5C47A3E62.jpeg	https://www.imynest.com/content/60384.html
https://i1.kknews.cc/large/19e3000bd4a381e067db	https://kknews.cc/fashion/vmvo2j4.html
http://d.blog.xuite.net/d/c/6/f/11531139/blog_525187/txt/47962076/0.jpg	http://blog.xuite.net/yinyuan.chen/bbt/47962076-%E5%A4%A7%E8%8A%B1%E7%B4%AB%E8%96%87%E8%8A%B1%E9%96%8B%E7%9A%84%E5%AD%A3%E7%AF%80
http://pics21.blog.yam.com/6/userfile/c/chenkc122/album/1467e414b7855a.jpg	http://city.udn.com/56684/2282147
http://www.lifedaily.tw/wp-content/uploads/2016/08/547241711_m.jpg	http://www.lifedaily.tw/?p=41512
http://s13.sinaimg.cn/mw690/001DqJtRzy72G8dygoI7c	http://blog.sina.com.cn/s/blog_8ffc4d670102xs5u.html
http://gmimg.geimian.com/pic/2017/07/2017-07-14_121400.jpg	https://www.geimian.com/wx/90387.html
https://www.huabaike.com/uploads/huatuku/20160521/57400e7b64799.jpg	https://www.huabaike.com/ghzw/9.html
http://pic23.nipic.com/20120816/9148618_092313466000_2.jpg	http://www.nipic.com/show/1/44/6665790k0896a636.html
https://www.huabaike.com/uploads/allimg/artimg/201612/20161209151336_88206.jpg	https://www.huabaike.com/hyjk/6207.html
http://pic13.nipic.com/20110310/2668155_154435332142_2.jpg	http://www.nipic.com/show/1/44/4320351k4450f292.html
http://pics21.blog.yam.com/6/userfile/c/chenkc122/album/1467e414a932ed.jpg	http://city.udn.com/56684/2282147
http://pic15.nipic.com/20110812/8144988_123811734191_2.jpg	http://www.nipic.com/show/1/44/4956360k3114d3ae.html
http://tupian.geimian.com/pic/2015/04/20150422_204939_079.jpg	https://www.geimian.com/wx/29493.html
https://img.imynest.com/uploads/0/01/001AA61167_800x600.jpeg	https://www.imynest.com/content/26142.html
http://static.flickr.com/52/175348502_4a553b8178.jpg	http://blog.roodo.com/abun3/archives/1830801.html
