
http://a4.att.hudong.com/27/60/01300001180587130319602133728_s.jpg	http://www.baike.com/wiki/%E8%80%A7%E6%96%97%E8%8F%9C%E5%B1%9E
http://www.baihuamen.com/d/file/2014/06-01/6fb0b5ab07abbef4c56509e742dd5377.jpg	http://www.baihuamen.com/huabeiloudoucai/
http://www.51hm.cn/zwpic/%E5%8D%8E%E5%8C%97%E8%80%A7%E6%96%97%E8%8F%9C1.jpg	http://www.51hm.cn/zw/zwshow.asp?zwid=2565
http://image.sciencenet.cn/album/201205/22/172401adpjntpiuvzttvic.jpg	http://blog.sciencenet.cn/blog-273976-573814.html
http://www.baihuamen.com/d/file/2014/06-01/bd818d4d05c911a305a739cd23749b17.jpg	http://www.baihuamen.com/huabeiloudoucai/17591_5.html
http://www.huayugu.com.cn/uploads/allimg/160824/1-160R40012500-L.jpg	http://www.huayugu.com.cn/huabeiloudoucai/18568.html
http://pic1.huashichang.com/2016/0822/23/57bb170f22739.jpg	http://www.aihuhua.com/tupian/tupianqak.html
http://www.baihuamen.com/d/file/2014/06-01/e59750685c480a8906b59854c8cc8d59.jpg	http://www.baihuamen.com/huabeiloudoucai/
http://a4.att.hudong.com/54/78/01300544024189147878783267500_s.jpg	http://www.baike.com/wiki/%E5%8D%8E%E5%8C%97%E8%80%A7%E6%96%97%E8%8F%9C
http://baike.huaji.com/uploads/201302/1359946159DlmAG3gL.jpg	http://www.fnlady.com/plus/list.php?tid=14&TotalResult=1139&cc=wap&PageNo=80
http://leeweiheng.51hm.cn/zwpic/%E5%8D%8E%E5%8C%97%E8%80%A7%E6%96%97%E8%8F%9C2.jpg	http://leeweiheng.51hm.cn/zw/zwshow.asp?zwid=2565
http://pic1.huashichang.com/2016/0822/23/57bb170131bcd.jpg	http://m.aihuhua.com/tupian/tupianqah.html
http://pic1.huashichang.com/2016/0822/23/57bb1702e2443.jpg	http://www.aihuhua.com/tupian/tupianqak.html
http://www.51hm.cn/zwpic/%E5%8D%8E%E5%8C%97%E8%80%A7%E6%96%97%E8%8F%9C3.jpg	http://www.51hm.cn/zw/zwshow.asp?zwid=2565
http://pic1.huashichang.com/2016/0822/23/57bb1701e06b5.jpg	http://m.aihuhua.com/tupian/tupianqai.html
http://img.redocn.com/sheying/20160719/danzihuabeidoucai_6715023.jpg	http://sucai.redocn.com/dongwuzhiwu_6715023.html
http://pic1.huashichang.com/2016/0822/23/57bb171199583.jpg	http://m.aihuhua.com/tupian/tupianqar.html
http://image82.360doc.com/DownloadImg/2015/02/1321/50159334_1.jpg	http://www.360doc.com/content/15/0213/21/16967035_448442676.shtml
http://pic1.win4000.com/pic/4/84/05711331494.jpg	http://www.win4000.com/meinv111488.html
http://s5.sinaimg.cn/mw690/001rOIjNzy79jG2wxaQ44&690	http://blog.sina.com.cn/s/blog_4f1b2b7b0102x99h.html
http://img.redocn.com/sheying/20160714/shengkaidedanzihuabeidoucai_6692146.jpg	http://sucai.redocn.com/dongwuzhiwu_6692146.html
http://www.zhiwutong.com/tu/cvh/2006/6/18/153313.jpg	http://www.zhiwutong.com/latin/Ranunculaceae/Aquilegia-yabeana-Kitag.htm
http://www.baihuamen.com/d/file/2014/06-01/21ad77ec1ead7c5ad4b4ac24cd30e676.jpg	http://www.baihuamen.com/huabeiloudoucai/17591_7.html
http://pic1.huashichang.com/2016/0822/23/57bb1700201ad.jpg	http://m.aihuhua.com/tupian/tupianqag.html
http://www.baihuamen.com/d/file/2014/06-01/dc76f1fce3707a7f71e34fc9cd45b120.jpg	http://www.baihuamen.com/huabeiloudoucai/17591_9.html
http://a1.att.hudong.com/78/56/01300001180587130319566878482_s.jpg	http://www.baike.com/wiki/%E8%80%A7%E6%96%97%E8%8F%9C%E5%B1%9E
http://img.xunhai.com/2015/12/02/144902454711111.jpg	http://www.xunhai.com/loudoucai/
http://pic1.win4000.com/pic/4/84/05711331500.jpg_195.jpg	http://www.win4000.com/meinv111488.html
http://www.baihuamen.com/d/file/2014/06-01/9e3d2feefcc0acb2773242d53e47783b.jpg	http://www.baihuamen.com/huabeiloudoucai/
http://www.baihuamen.com/d/file/2014/06-01/fc299cefa77b63945fda854532ad1b7a.jpg	http://www.baihuamen.com/huabeiloudoucai/17591_15.html
http://pic1.huashichang.com/2016/0822/23/57bb17088827c.jpg	http://m.aihuhua.com/tupian/tupianqan.html
http://pic1.huashichang.com/2016/0822/23/57bb170ca9f19.jpg	http://m.aihuhua.com/tupian/tupianqap.html
http://www.baihuamen.com/d/file/2014/06-01/43a3959fd133d74f03332dfc1e9878d8.jpg	http://www.baihuamen.com/huabeiloudoucai/17591_18.html
http://www.baihuamen.com/d/file/2014/06-01/96ea5689d650ffb88d8ac28a9d2b50dd.jpg	http://www.baihuamen.com/huabeiloudoucai/17591_14.html
http://www.baihuamen.com/d/file/2014/06-01/30bae1ed81086524e454f7b36d852414.jpg	http://www.baihuamen.com/huabeiloudoucai/17591_8.html
http://2.im.guokr.com/AC-IHwWi2OdtGBMR4E1gpJuAYlP3loIeIQGst09GNGCYBwAAIAoAAEpQ.jpg?imageView2/1/w/590/h/786	http://www.guokr.com/post/756556/
http://www.huayugu.com.cn/uploads/allimg/160824/1-160R40009330-L.jpg	http://www.huayugu.com.cn/huabeiloudoucai/
http://img2.blog.eastmoney.com/gu/guojing2013/201306/20130606214916164.jpg	http://blog.eastmoney.com/guojing2013/blog_219317812.html
http://www.baihuamen.com/d/file/2014/06-01/c281465ab4b9de7388b3fad63515a0cf.jpg	http://www.baihuamen.com/huabeiloudoucai/17591.html
http://img.xunhai.com/2015/11/26/144852837856841.jpg	http://www.xunhai.com/huabeiloudoucai/2015/1126/4436.html
http://www.baihuamen.com/d/file/2014/06-01/0081aeb25035e2db06afdd9de56b95f4.jpg	http://www.baihuamen.com/huabeiloudoucai/17591_6.html
http://blog.sciencenet.cn/upload/blog/images/2009/8/200986182334219.JPG	http://blog.sciencenet.cn/blog-38998-247845.html
http://www.baihuamen.com/d/file/2014/06-01/abe8c1f960dc5bd32f19081ad42b571a.jpg	http://www.baihuamen.com/huabeiloudoucai/17591_3.html
http://www.baihuamen.com/d/file/2014/06-01/c508f6dda10acad655f018be600da2c6.jpg	http://www.baihuamen.com/huabeiloudoucai/17591_19.html
http://www.baihuamen.com/d/file/2014/06-01/f1130793e4211c8e7b7a9a163afccae6.jpg	http://www.baihuamen.com/huabeiloudoucai/17591_17.html
http://img.redocn.com/sheying/20160719/huabeidoucai_6715035.jpg	http://sucai.redocn.com/dongwuzhiwu_6715035.html
http://img.redocn.com/sheying/20160714/huabeidoucai_6692206.jpg	http://sucai.redocn.com/dongwuzhiwu_6692206.html
http://www.huayugu.com.cn/uploads/allimg/160824/1-160R40016150-L.jpg	http://www.huayugu.com.cn/huabeiloudoucai/18570.html
http://s16.sinaimg.cn/mw690/001YaAzrgy71mRb2ZZRef&690	http://blog.sina.com.cn/s/blog_6b99ba750102x5pw.html
https://gss2.bdstatic.com/9fo3dSag_xI4khGkpoWK1HF6hhy/baike/w%3D400/sign=4b45ed1f3fd3d539c13d0ec30a86e927/55e736d12f2eb93819ffb713dc628535e4dd6f45.jpg	https://baike.baidu.com/item/%E5%8D%8E%E5%8C%97%E8%80%A7%E6%96%97%E8%8F%9C
http://vanfei.zenfolio.com/img/s/v-3/p634891466-3.jpg	http://vanfei.zenfolio.com/p750479233/h25D7ACCA
http://www.baihuamen.com/d/file/2014/06-01/1780c5071ca511c0c07863cc60965b95.jpg	http://www.baihuamen.com/huabeiloudoucai/17591_10.html
http://a3.att.hudong.com/08/76/20300543582848144698767182268_s.jpg	http://www.baike.com/wiki/%E9%BB%84%E8%8A%B1%E5%8D%8E%E5%8C%97%E8%80%A7%E6%96%97%E8%8F%9C
http://img.redocn.com/sheying/20160714/danzihuabeidoucai_6692380.jpg	http://sucai.redocn.com/dongwuzhiwu_6692380.html
http://www.baihuamen.com/d/file/2014/06-01/1dee2d3342105e676ed1b6572479aa0e.jpg	http://www.baihuamen.com/huabeiloudoucai/17591_12.html
http://img.redocn.com/sheying/20160714/bankaidedanzihuabeidoucai_6692324.jpg	http://sucai.redocn.com/dongwuzhiwu_6692324.html
http://img.redocn.com/sheying/20160714/danzihuabeidoucaihuabao_6692382.jpg	http://sucai.redocn.com/dongwuzhiwu_6692382.html
http://www.baihuamen.com/d/file/2014/06-01/28192c1af7f324dd7ee9db3f5edd6297.jpg	http://www.baihuamen.com/huabeiloudoucai/17591_21.html
http://img.yanquecao.com/img/grass/yabeana/yabeana4.jpg	http://m.yanquecao.com/detail/545
http://img.xunhai.com/2015/11/26/144852839086085.jpg	http://www.xunhai.com/huabeiloudoucai/2015/1126/4437.html
http://img.yanquecao.com/img/grass/yabeana/yabeana2.jpg	http://m.yanquecao.com/detail/545
https://photo.tuchong.com/288457/f/21954893.jpg	https://eternid.tuchong.com/7052211/
http://img.yanquecao.com/img/grass/yabeana/yabeana3.jpg	http://m.yanquecao.com/detail/545
http://s6.sinaimg.cn/mw690/001qnqJvzy6TOXjIuq135&690	http://blog.sina.com.cn/s/blog_4dd67b350102vodw.html
http://www.baihuamen.com/d/file/2014/06-01/a3f4eb7d68a4ec1b7f57351ce59782b7.jpg	http://www.baihuamen.com/huabeiloudoucai/17591_13.html
http://img.yanquecao.com/img/grass/yabeana/yabeana1.jpg	http://m.yanquecao.com/detail/545
http://s16.sinaimg.cn/mw690/001YaAzrgy71mT44xXh1f&690	http://blog.sina.com.cn/s/blog_6b99ba750102x5pw.html
http://s13.sinaimg.cn/mw690/001rOIjNzy79jGePDoocc&690	http://blog.sina.com.cn/s/blog_4f1b2b7b0102x99h.html
http://s6.sinaimg.cn/bmiddle/4148ece3h6e8fd9731485&690	http://blog.sina.com.cn/s/blog_4148ece30100e3h7.html
http://www.huayugu.com.cn/uploads/allimg/160824/1-160R40010530-L.jpg	http://m.huayugu.com.cn/list.php?tid=1520
http://www.baihuamen.com/d/file/2014/06-01/fceeed3ef72c5cddd8ea4511ba5ed03a.jpg	http://www.baihuamen.com/huabeiloudoucai/
http://www.baihuamen.com/d/file/2014/06-01/e09683500d296a994dc52b61de9cd5d1.jpg	http://www.baihuamen.com/huabeiloudoucai/17591_16.html
http://www.baihuamen.com/d/file/2014/04-16/3c810a278292f16bf1e1723bc9cfb984.jpg	http://www.baihuamen.com/loudoucai/
http://s9.sinaimg.cn/mw690/001rOIjNzy79jGbuyjmf8&690	http://blog.sina.com.cn/s/blog_4f1b2b7b0102x99h.html
http://frps.eflora.cn/QRCode.ashx?id=17692	http://frps.eflora.cn/frps/Aquilegia
https://c1.staticflickr.com/3/2906/14034205595_948f21efb6_b.jpg	https://www.flickr.com/photos/stray_bird726/14034205595
http://www.baihuamen.com/d/file/2014/06-01/81460284276bf36a540f97c0e75c94f1.jpg	http://www.baihuamen.com/huabeiloudoucai/
https://gss3.bdstatic.com/-Po3dSag_xI4khGkpoWK1HF6hhy/baike/w%3D400/sign=95255a5b037b02080cc93ee152d8f25f/6a600c338744ebf8e16f16c1d0f9d72a6059a736.jpg	http://baike.baidu.com/item/%E9%BB%84%E8%8A%B1%E5%8D%8E%E5%8C%97%E8%80%A7%E6%96%97%E8%8F%9C
http://s16.sinaimg.cn/mw690/001YaAzrgy71mRaLQqrbf&690	http://blog.sina.com.cn/s/blog_1079bad50102wvck.html
http://s1.sinaimg.cn/mw690/001YaAzrgy71mRaApCo90&690	http://blog.sina.com.cn/s/blog_1079bad50102wvck.html
http://s12.sinaimg.cn/mw690/001YaAzrgy71mRaFH999b&690	http://blog.sina.com.cn/s/blog_1079bad50102wvck.html
http://image.sciencenet.cn/album/201204/01/101548j0kzqejkj6anaaik.jpg	http://blog.sciencenet.cn/home.php?mod=space&uid=252763&do=blog&id=554122
http://s7.sinaimg.cn/mw690/001rOIjNzy79jGdVZHg76&690	http://blog.sina.com.cn/s/blog_4f1b2b7b0102x99h.html
http://s3.sinaimg.cn/mw690/001rOIjNzy79jGf6tUKf2&690	http://blog.sina.com.cn/s/blog_4f1b2b7b0102x99h.html
http://photo.cvh.org.cn/gallery/photo/2006/5/31/12823.jpg	http://www.bm8.com.cn/zhiwutupian/show.asp?id=%F1%EF%B6%B7%B2%CB
http://www.yeehua.net/pic/2014/aw100s_7145.jpg	http://www.yeehua.net/zwdetail.asp?cs=6&zw_id=444
http://www.yeehua.net/pic/2014/aw100s_6974.jpg	http://www.yeehua.net/zwdetail.asp?cs=6&zw_id=444
http://s9.sinaimg.cn/mw690/001YaAzrgy71mRaov8sc8&690	http://blog.sina.com.cn/s/blog_6b99ba750102x5pw.html
http://s6.sinaimg.cn/mw690/001rOIjNzy79jGeAhfLd5&690	http://blog.sina.com.cn/s/blog_4f1b2b7b0102x99h.html
http://www.yeehua.net/pic/2014/aw100s_6955.jpg	http://www.yeehua.net/zwdetail.asp?cs=6&zw_id=444
http://s8.sinaimg.cn/mw690/001YaAzrgy71mRaRUrld7&690	http://blog.sina.com.cn/s/blog_6b99ba750102x5pw.html
http://s12.sinaimg.cn/mw690/001YaAzrgy71mRaXnbt4b&690	http://blog.sina.com.cn/s/blog_6b99ba750102x5pw.html
http://s3.sinaimg.cn/mw690/001YaAzrgy71mRaurce72&690	http://blog.sina.com.cn/s/blog_6b99ba750102x5pw.html
http://www.yeehua.net/pic/2013/aw100s_4386.jpg	http://www.yeehua.net/zwdetail.asp?cs=6&zw_id=444
http://plant.cqla.cn/06/MG05_huabeiloudoucai7240033.JPG	http://plant.cqla.cn/06/06.htm
http://image.sciencenet.cn/album/201205/22/1724025ae35iivyzqyu3v3.jpg	http://blog.sciencenet.cn/blog-273976-573814.html
http://a2.att.hudong.com/56/57/01300001180587130319577723116_s.jpg	http://www.baike.com/wiki/%E8%80%A7%E6%96%97%E8%8F%9C%E5%B1%9E
http://www.yeehua.net/pic/2008/IMG4_2439.JPG	http://www.yeehua.net/zwdetail.asp?cs=6&zw_id=444
http://image.sciencenet.cn/album/201205/22/1724018nogyn0noqng0ong.jpg	http://blog.sciencenet.cn/blog-273976-573814.html
https://b-ssl.duitang.com/uploads/item/201512/12/20151212073124_kKfd8.thumb.700_0.jpeg	http://www.duitang.com/blog/?id=496171716
