
https://gss2.bdstatic.com/9fo3dSag_xI4khGkpoWK1HF6hhy/baike/c0%3Dbaike80%2C5%2C5%2C80%2C26/sign=8065ee010cd79123f4ed9c26cc5d32e7/7c1ed21b0ef41bd5e78b56fd51da81cb38db3dda.jpg
https://gss1.bdstatic.com/9vo3dSag_xI4khGkpoWK1HF6hhy/baike/crop%3D0%2C0%2C702%2C463%3Bc0%3Dbaike92%2C5%2C5%2C92%2C30/sign=1f8ca81cb9014a9095711cfd94471522/1c950a7b02087bf40b4a4047f2d3572c10dfcffd.jpg
https://gss1.bdstatic.com/9vo3dSag_xI4khGkpoWK1HF6hhy/baike/c0%3Dbaike180%2C5%2C5%2C180%2C60/sign=278da51eb6003af359b7d4325443ad39/b90e7bec54e736d13e70c91f9b504fc2d5626941.jpg
https://gss3.bdstatic.com/7Po3dSag_xI4khGkpoWK1HF6hhy/baike/c0%3Dbaike80%2C5%2C5%2C80%2C26/sign=d5bd6f13c195d143ce7bec711299e967/2934349b033b5bb55ef0a3ee3fd3d539b600bcff.jpg
https://gss2.bdstatic.com/9fo3dSag_xI4khGkpoWK1HF6hhy/baike/c0%3Dbaike92%2C5%2C5%2C92%2C30/sign=18af7dd31bd5ad6ebef46cb8e0a252be/21a4462309f79052529601290cf3d7ca7bcbd518.jpg
https://gss2.bdstatic.com/-fo3dSag_xI4khGkpoWK1HF6hhy/baike/c0%3Dbaike72%2C5%2C5%2C72%2C24/sign=e092faa5b9014a9095334eefc81e5277/96dda144ad3459824c32a0850cf431adcbef8469.jpg
https://gss0.bdstatic.com/94o3dSag_xI4khGkpoWK1HF6hhy/baike/c0%3Dbaike92%2C5%2C5%2C92%2C30/sign=a04902290cf3d7ca18fb37249376d56c/d009b3de9c82d158f4d41ca6800a19d8bc3e4256.jpg
https://gss3.bdstatic.com/-Po3dSag_xI4khGkpoWK1HF6hhy/baike/c0%3Dbaike92%2C5%2C5%2C92%2C30/sign=6fed1ca6800a19d8df0e8c575293e9ee/2f738bd4b31c870102d9f7f1277f9e2f0708ffbe.jpg
https://gss0.bdstatic.com/-4o3dSag_xI4khGkpoWK1HF6hhy/baike/c0%3Dbaike80%2C5%2C5%2C80%2C26/sign=0a235e00b6003af359b7d4325443ad39/bba1cd11728b471085e243c5c3cec3fdfd0323ed.jpg

https://gss1.bdstatic.com/9vo3dSag_xI4khGkpoWK1HF6hhy/baike/c0%3Dbaike116%2C5%2C5%2C116%2C38/sign=f09fb594304e251ff6faecaac6efa272/8694a4c27d1ed21bbf5f394bad6eddc450da3f8d.jpg
https://gss0.bdstatic.com/-4o3dSag_xI4khGkpoWK1HF6hhy/baike/c0%3Dbaike92%2C5%2C5%2C92%2C30/sign=15ef8faa5982b2b7b392319650c4a08a/d31b0ef41bd5ad6e696f734481cb39dbb7fd3c8d.jpg
https://gss1.bdstatic.com/9vo3dSag_xI4khGkpoWK1HF6hhy/baike/c0%3Dbaike92%2C5%2C5%2C92%2C30/sign=d0538518c9177f3e0439f45f11a650a2/1c950a7b02087bf40b4a4047f2d3572c10dfcffd.jpg
https://gss1.bdstatic.com/9vo3dSag_xI4khGkpoWK1HF6hhy/baike/c0%3Dbaike92%2C5%2C5%2C92%2C30/sign=b55f1333cbef7609280691cd4fb4c8a9/50da81cb39dbb6fdebcdf2880924ab18962b378d.jpg
https://gss1.bdstatic.com/-vo3dSag_xI4khGkpoWK1HF6hhy/baike/c0%3Dbaike92%2C5%2C5%2C92%2C30/sign=f69d8e312edda3cc1fe9b07260805264/5366d0160924ab182a80f69935fae6cd7a890b8d.jpg
https://gss3.bdstatic.com/7Po3dSag_xI4khGkpoWK1HF6hhy/baike/c0%3Dbaike116%2C5%2C5%2C116%2C38/sign=bc87a59fa18b87d6444fa34d6661435d/908fa0ec08fa513d290c7b703d6d55fbb3fbd9fd.jpg
https://gss3.bdstatic.com/7Po3dSag_xI4khGkpoWK1HF6hhy/baike/c0%3Dbaike272%2C5%2C5%2C272%2C90/sign=08abcbbab899a9012f3853647cfc611e/b3fb43166d224f4a373f64bd09f790529922d1fd.jpg
https://gss0.bdstatic.com/-4o3dSag_xI4khGkpoWK1HF6hhy/baike/c0%3Dbaike150%2C5%2C5%2C150%2C50/sign=46eef416d43f8794c7f2407cb3726591/faedab64034f78f0239d8d5d79310a55b2191c8d.jpg
https://gss1.bdstatic.com/9vo3dSag_xI4khGkpoWK1HF6hhy/baike/c0%3Dbaike150%2C5%2C5%2C150%2C50/sign=bb8841b962d0f703f2bf9d8e69933a58/6159252dd42a2834050021a55bb5c9ea14cebffd.jpg
https://gss3.bdstatic.com/7Po3dSag_xI4khGkpoWK1HF6hhy/baike/c0%3Dbaike116%2C5%2C5%2C116%2C38/sign=173f64bd09f79052fb124f6c6d9abcaf/5ab5c9ea15ce36d3e2a2949e3af33a87e850b1fd.jpg
https://gss3.bdstatic.com/-Po3dSag_xI4khGkpoWK1HF6hhy/baike/c0%3Dbaike150%2C5%2C5%2C150%2C50/sign=5ee0f38d73f08202399f996d2a929088/b21c8701a18b87d6d4d4bcb1070828381e30fd8e.jpg
https://gss1.bdstatic.com/-vo3dSag_xI4khGkpoWK1HF6hhy/baike/c0%3Dbaike150%2C5%2C5%2C150%2C50/sign=ddb950900cf3d7ca18fb37249376d56c/b3119313b07eca8020a32e49912397dda04483fd.jpg
https://gss3.bdstatic.com/7Po3dSag_xI4khGkpoWK1HF6hhy/baike/c0%3Dbaike150%2C5%2C5%2C150%2C50/sign=50685baf0a55b31988f48a2722c0e943/4d086e061d950a7bfda3596a0ad162d9f3d3c98e.jpg
https://gss1.bdstatic.com/9vo3dSag_xI4khGkpoWK1HF6hhy/baike/c0%3Dbaike116%2C5%2C5%2C116%2C38/sign=4b3cd49d738da9775a228e79d138937c/1c950a7b02087bf40b7d4047f2d3572c10dfcf8e.jpg
https://gss1.bdstatic.com/9vo3dSag_xI4khGkpoWK1HF6hhy/baike/c0%3Dbaike116%2C5%2C5%2C116%2C38/sign=8fb414e4dab44aed4d43b6b6d275ec64/10dfa9ec8a1363276b7cd59d918fa0ec09fac78e.jpg
https://gss3.bdstatic.com/7Po3dSag_xI4khGkpoWK1HF6hhy/baike/c0%3Dbaike116%2C5%2C5%2C116%2C38/sign=82a2949e3af33a878a600848a7357b5d/adaf2edda3cc7cd9da8b23773901213fb90e91fd.jpg
https://gss1.bdstatic.com/-vo3dSag_xI4khGkpoWK1HF6hhy/baike/c0%3Dbaike116%2C5%2C5%2C116%2C38/sign=9bc732a65343fbf2d121ae71d117a1e5/3801213fb80e7bec097c144f2f2eb9389a506bfd.jpg
https://gss3.bdstatic.com/7Po3dSag_xI4khGkpoWK1HF6hhy/baike/c0%3Dbaike116%2C5%2C5%2C116%2C38/sign=089ccbbab899a9012f3853647cfc611e/b3fb43166d224f4a370864bd09f790529922d18e.jpg
https://gss3.bdstatic.com/-Po3dSag_xI4khGkpoWK1HF6hhy/baike/c0%3Dbaike116%2C5%2C5%2C116%2C38/sign=57a44c981d950a7b613846966bb809bc/21a4462309f79052838e50900cf3d7ca7acbd58e.jpg
https://gss0.bdstatic.com/-4o3dSag_xI4khGkpoWK1HF6hhy/baike/c0%3Dbaike116%2C5%2C5%2C116%2C38/sign=72aa3f0b0a7b020818c437b303b099b6/472309f7905298226ea22e6dd7ca7bcb0b46d48e.jpg

https://gss3.bdstatic.com/7Po3dSag_xI4khGkpoWK1HF6hhy/baike/c0%3Dbaike80%2C5%2C5%2C80%2C26/sign=542dd74ccffc1e17e9b284632bf99d66/0dd7912397dda144bab00ce8b2b7d0a20cf4862a.jpg
https://gss3.bdstatic.com/7Po3dSag_xI4khGkpoWK1HF6hhy/baike/c0%3Dbaike116%2C5%2C5%2C116%2C38/sign=1cbf0edfc9ea15ce55e3e85bd7695196/0df431adcbef760954b2f9c52edda3cc7cd99e2a.jpg
https://gss3.bdstatic.com/-Po3dSag_xI4khGkpoWK1HF6hhy/baike/c0%3Dbaike180%2C5%2C5%2C180%2C60/sign=24f7f1a87d1ed21b6dc426b7cc07b6a1/024f78f0f736afc3da525f3fb319ebc4b7451209.jpg
https://gss1.bdstatic.com/9vo3dSag_xI4khGkpoWK1HF6hhy/baike/c0%3Dbaike80%2C5%2C5%2C80%2C26/sign=417e0457269759ee5e5d6899d3922873/5d6034a85edf8db182971c3e0923dd54564e742a.jpg
https://gss1.bdstatic.com/9vo3dSag_xI4khGkpoWK1HF6hhy/baike/c0%3Dbaike92%2C5%2C5%2C92%2C30/sign=5873c5389822720e6fc3eaa81aa26123/574e9258d109b3decd068432ccbf6c81800a4c2a.jpg
https://gss3.bdstatic.com/-Po3dSag_xI4khGkpoWK1HF6hhy/baike/c0%3Dbaike80%2C5%2C5%2C80%2C26/sign=7320134909f79052fb124f6c6d9abcaf/d009b3de9c82d1589f3b39eb800a19d8bc3e422a.jpg
https://gss3.bdstatic.com/7Po3dSag_xI4khGkpoWK1HF6hhy/baike/c0%3Dbaike80%2C5%2C5%2C80%2C26/sign=cfa627640cf3d7ca18fb37249376d56c/cdbf6c81800a19d8ebbae45f33fa828ba61e462a.jpg
https://gss3.bdstatic.com/-Po3dSag_xI4khGkpoWK1HF6hhy/baike/c0%3Dbaike92%2C5%2C5%2C92%2C30/sign=30e7a34e6b600c33e474d69a7b253a6a/bd3eb13533fa828bfd9afdb9fd1f4134970a5a2a.jpg
https://gss0.bdstatic.com/-4o3dSag_xI4khGkpoWK1HF6hhy/baike/c0%3Dbaike150%2C5%2C5%2C150%2C50/sign=fec48c59c895d143ce7bec711299e967/dbb44aed2e738bd40f7fd26ba18b87d6277ff90a.jpg
https://gss2.bdstatic.com/9fo3dSag_xI4khGkpoWK1HF6hhy/baike/c0%3Dbaike92%2C5%2C5%2C92%2C30/sign=338b8c93d72a6059461de948495d5ffe/4034970a304e251ff74e84a2a786c9177f3e532a.jpg
https://gss0.bdstatic.com/-4o3dSag_xI4khGkpoWK1HF6hhy/baike/c0%3Dbaike92%2C5%2C5%2C92%2C30/sign=b3ae3533252dd42a4b0409f9625230d0/314e251f95cad1c8c3029c7d7f3e6709c93d512a.jpg
https://gss1.bdstatic.com/-vo3dSag_xI4khGkpoWK1HF6hhy/baike/c0%3Dbaike150%2C5%2C5%2C150%2C50/sign=f4a1e95b5c6034a83defb0d3aa7a2231/71cf3bc79f3df8dcbc84efcbcd11728b4710282a.jpg
https://gss3.bdstatic.com/7Po3dSag_xI4khGkpoWK1HF6hhy/baike/c0%3Dbaike92%2C5%2C5%2C92%2C30/sign=68e59c7d7f3e6709aa0d4dad5aaef458/0b7b02087bf40ad1adbaa7b9572c11dfa9ecce0a.jpg
https://gss0.bdstatic.com/-4o3dSag_xI4khGkpoWK1HF6hhy/baike/c0%3Dbaike80%2C5%2C5%2C80%2C26/sign=c2846f993a87e950561afb3e71513826/738b4710b912c8fcb74a9697fc039245d688212a.jpg
https://gss3.bdstatic.com/7Po3dSag_xI4khGkpoWK1HF6hhy/baike/c0%3Dbaike116%2C5%2C5%2C116%2C38/sign=e1198fde4aed2e73e8e48e7ee668caee/a8ec8a13632762d02060c4e5a0ec08fa513dc60a.jpg
https://gss2.bdstatic.com/-fo3dSag_xI4khGkpoWK1HF6hhy/baike/c0%3Dbaike92%2C5%2C5%2C92%2C30/sign=7253c44997dda144ce0464e0d3debbc7/8694a4c27d1ed21b70704ebfad6eddc451da3f2a.jpg
https://gss0.bdstatic.com/94o3dSag_xI4khGkpoWK1HF6hhy/baike/c0%3Dbaike92%2C5%2C5%2C92%2C30/sign=239ea9699245d688b70fbaf6c5ab167b/279759ee3d6d55fb5298167c6d224f4a20a4dd0a.jpg
https://gss3.bdstatic.com/7Po3dSag_xI4khGkpoWK1HF6hhy/baike/c0%3Dbaike92%2C5%2C5%2C92%2C30/sign=029454833901213fdb3e468e358e5db4/d50735fae6cd7b8911d55ad90f2442a7d9330e2a.jpg
https://gss0.bdstatic.com/94o3dSag_xI4khGkpoWK1HF6hhy/baike/c0%3Dbaike116%2C5%2C5%2C116%2C38/sign=69ecf58608fa513d45a7648c5c043e9e/8644ebf81a4c510f219a82406059252dd42aa50a.jpg

https://gss1.bdstatic.com/-vo3dSag_xI4khGkpoWK1HF6hhy/baike/c0%3Dbaike272%2C5%2C5%2C272%2C90/sign=bded4db4baa1cd1111bb7a72d87ba399/0824ab18972bd40770cb7a797b899e510fb30921.jpg
https://gss3.bdstatic.com/7Po3dSag_xI4khGkpoWK1HF6hhy/baike/c0%3Dbaike150%2C5%2C5%2C150%2C50/sign=e782da9709f79052fb124f6c6d9abcaf/c75c10385343fbf275370fa7b07eca8065388f1f.jpg
https://gss1.bdstatic.com/9vo3dSag_xI4khGkpoWK1HF6hhy/baike/c0%3Dbaike150%2C5%2C5%2C150%2C50/sign=773ad782acaf2eddc0fc41bbec796a8c/bd315c6034a85edf8c8257a749540923dd547523.jpg
https://gss3.bdstatic.com/7Po3dSag_xI4khGkpoWK1HF6hhy/baike/c0%3Dbaike150%2C5%2C5%2C150%2C50/sign=94fd5f49fc039245b5b8e95de6fdcfa7/5bafa40f4bfbfbedfc579ffb78f0f736afc31f23.jpg
https://gss1.bdstatic.com/-vo3dSag_xI4khGkpoWK1HF6hhy/baike/c0%3Dbaike150%2C5%2C5%2C150%2C50/sign=2af0e5850a55b31988f48a2722c0e943/4d086e061d950a7b873be7400ad162d9f2d3c92c.jpg

https://gss3.bdstatic.com/-Po3dSag_xI4khGkpoWK1HF6hhy/baike/c0%3Dbaike150%2C5%2C5%2C150%2C50/sign=f776b9a75bb5c9ea76fe0bb1b450dd65/8c1001e93901213f7be3c17054e736d12e2e954e.jpg
https://gss0.bdstatic.com/-4o3dSag_xI4khGkpoWK1HF6hhy/baike/c0%3Dbaike150%2C5%2C5%2C150%2C50/sign=c7d6e129c9ea15ce55e3e85bd7695196/00e93901213fb80ebf01ee7b36d12f2eb838944e.jpg
