
https://gss3.bdstatic.com/7Po3dSag_xI4khGkpoWK1HF6hhy/baike/c0%3Dbaike116%2C5%2C5%2C116%2C38/sign=03e7bb05339b033b3885f48874a75db6/5882b2b7d0a20cf4e66058de71094b36acaf993b.jpg
https://gss3.bdstatic.com/-Po3dSag_xI4khGkpoWK1HF6hhy/baike/c0%3Dbaike92%2C5%2C5%2C92%2C30/sign=25d80169d609b3deffb2ec3aadd607e4/b151f8198618367aa922d9dc29738bd4b31ce50c.jpg
https://gss1.bdstatic.com/9vo3dSag_xI4khGkpoWK1HF6hhy/baike/c0%3Dbaike92%2C5%2C5%2C92%2C30/sign=6ad62360ff198618554ae7d62b844516/d1a20cf431adcbefafc4d807abaf2edda3cc9f3b.jpg
https://gss2.bdstatic.com/9fo3dSag_xI4khGkpoWK1HF6hhy/baike/c0%3Dbaike150%2C5%2C5%2C150%2C50/sign=60984ce213d5ad6ebef46cb8e0a252be/78310a55b319ebc405c601bf8a26cffc1e17165d.jpg
https://gss2.bdstatic.com/-fo3dSag_xI4khGkpoWK1HF6hhy/baike/c0%3Dbaike116%2C5%2C5%2C116%2C38/sign=6df8f10a8f01a18be4e61a1dff466c6d/f603918fa0ec08fab711648151ee3d6d55fbda87.jpg

https://gss3.bdstatic.com/7Po3dSag_xI4khGkpoWK1HF6hhy/baike/c0%3Dbaike150%2C5%2C5%2C150%2C50/sign=75529f9a11dfa9ece9235e4503b99c66/1b4c510fd9f9d72ae7d8ed9bd42a2834359bbbfc.jpg
https://gss2.bdstatic.com/-fo3dSag_xI4khGkpoWK1HF6hhy/baike/c0%3Dbaike116%2C5%2C5%2C116%2C38/sign=71aba8ef252dd42a4b0409f9625230d0/96dda144ad345982143618140cf431adcaef84fc.jpg
https://gss1.bdstatic.com/-vo3dSag_xI4khGkpoWK1HF6hhy/baike/c0%3Dbaike116%2C5%2C5%2C116%2C38/sign=8fbc9f9a11dfa9ece9235e4503b99c66/7acb0a46f21fbe09160c3e926b600c338644ade2.jpg
https://gss1.bdstatic.com/9vo3dSag_xI4khGkpoWK1HF6hhy/baike/c0%3Dbaike150%2C5%2C5%2C150%2C50/sign=f44d87fc20a446236ac7ad30f94b196b/e850352ac65c1038ca2c3344b2119313b17e89e2.jpg
https://gss3.bdstatic.com/7Po3dSag_xI4khGkpoWK1HF6hhy/baike/c0%3Dbaike150%2C5%2C5%2C150%2C50/sign=d6bfb8793bc79f3d9becec62dbc8a674/7a899e510fb30f245d251185c895d143ac4b03fc.jpg

https://gss3.bdstatic.com/-Po3dSag_xI4khGkpoWK1HF6hhy/baike/c0%3Dbaike80%2C5%2C5%2C80%2C26/sign=4df09effb51c8701c2bbbab44616f54a/00e93901213fb80e186f41cc30d12f2eb938946a.jpg
https://gss0.bdstatic.com/-4o3dSag_xI4khGkpoWK1HF6hhy/baike/c0%3Dbaike80%2C5%2C5%2C80%2C26/sign=591dc43008f41bd5ce5ee0a630b3eaae/91529822720e0cf3f3c96de00c46f21fbe09aaea.jpg

https://gss1.bdstatic.com/-vo3dSag_xI4khGkpoWK1HF6hhy/baike/c0%3Dbaike150%2C5%2C5%2C150%2C50/sign=c26e1d5676c6a7efad2ba0749c93c434/32fa828ba61ea8d3d860cc8d970a304e241f58fc.jpg
https://gss1.bdstatic.com/9vo3dSag_xI4khGkpoWK1HF6hhy/baike/c0%3Dbaike150%2C5%2C5%2C150%2C50/sign=587afe4982025aafc73f76999a84c001/8601a18b87d6277f17468ab128381f30e824fce7.jpg
https://gss2.bdstatic.com/9fo3dSag_xI4khGkpoWK1HF6hhy/baike/c0%3Dbaike150%2C5%2C5%2C150%2C50/sign=735b26a1972bd40756cadbaf1ae0f534/4b90f603738da977436d3ea2b051f8198718e3fd.jpg
https://gss3.bdstatic.com/-Po3dSag_xI4khGkpoWK1HF6hhy/baike/c0%3Dbaike150%2C5%2C5%2C150%2C50/sign=195942451e178a82da3177f2976a18e8/63d9f2d3572c11df329307aa632762d0f603c2fd.jpg
https://gss0.bdstatic.com/-4o3dSag_xI4khGkpoWK1HF6hhy/baike/c0%3Dbaike150%2C5%2C5%2C150%2C50/sign=b7a6f1608d1001e95a311c5dd9671089/8cb1cb1349540923c93edbf79258d109b2de49e7.jpg

https://gss3.bdstatic.com/-Po3dSag_xI4khGkpoWK1HF6hhy/baike/c0%3Dbaike150%2C5%2C5%2C150%2C50/sign=0c45574676c6a7efad2ba0749c93c434/32fa828ba61ea8d3164b869d970a304e251f583a.jpg
https://gss0.bdstatic.com/94o3dSag_xI4khGkpoWK1HF6hhy/baike/c0%3Dbaike150%2C5%2C5%2C150%2C50/sign=5f1f5986070828387c00d446d9f0c264/08f790529822720e749310637bcb0a46f31fabce.jpg
https://gss1.bdstatic.com/-vo3dSag_xI4khGkpoWK1HF6hhy/baike/c0%3Dbaike116%2C5%2C5%2C116%2C38/sign=2c5d74779c82d158af8f51e3e16372bd/9e3df8dcd100baa13045b5224710b912c8fc2e3a.jpg
https://gss3.bdstatic.com/7Po3dSag_xI4khGkpoWK1HF6hhy/baike/c0%3Dbaike116%2C5%2C5%2C116%2C38/sign=34af4522a61ea8d39e2f7c56f6635b2b/c2fdfc039245d688d36a403da4c27d1ed21b243a.jpg
https://gss1.bdstatic.com/-vo3dSag_xI4khGkpoWK1HF6hhy/baike/c0%3Dbaike150%2C5%2C5%2C150%2C50/sign=8d5fde71bc3eb13550cabfe9c777c3b6/a5c27d1ed21b0ef416806ac7ddc451da81cb3e3a.jpg
https://gss0.bdstatic.com/94o3dSag_xI4khGkpoWK1HF6hhy/baike/c0%3Dbaike150%2C5%2C5%2C150%2C50/sign=a160f453828ba61ecbe3c07d205dfc6f/0ff41bd5ad6eddc4418f466239dbb6fd5266333a.jpg

https://gss1.bdstatic.com/-vo3dSag_xI4khGkpoWK1HF6hhy/baike/c0%3Dbaike92%2C5%2C5%2C92%2C30/sign=9bcd28670d33874488c8272e3066b29c/b03533fa828ba61ec53abe184034970a304e5934.jpg
https://gss2.bdstatic.com/-fo3dSag_xI4khGkpoWK1HF6hhy/baike/c0%3Dbaike92%2C5%2C5%2C92%2C30/sign=6b2775d4d439b60059c307e588395e4f/71cf3bc79f3df8dcafe9f9a6cc11728b47102834.jpg
https://gss1.bdstatic.com/-vo3dSag_xI4khGkpoWK1HF6hhy/baike/c0%3Dbaike92%2C5%2C5%2C92%2C30/sign=1ebb2e254e4a20a425133495f13bf347/8cb1cb134954092380f915499358d109b3de4970.jpg
https://gss0.bdstatic.com/-4o3dSag_xI4khGkpoWK1HF6hhy/baike/c0%3Dbaike92%2C5%2C5%2C92%2C30/sign=30466ddaa2cc7cd9ee203c8b58684a5a/d1160924ab18972b48ee76fde7cd7b899e510a34.jpg

https://gss0.bdstatic.com/-4o3dSag_xI4khGkpoWK1HF6hhy/baike/c0%3Dbaike92%2C5%2C5%2C92%2C30/sign=27188aed14ce36d3b6098b625b9a51e2/6609c93d70cf3bc7e390bbdbd000baa1cd112a70.jpg

https://gss1.bdstatic.com/-vo3dSag_xI4khGkpoWK1HF6hhy/baike/c0%3Dbaike92%2C5%2C5%2C92%2C30/sign=472d263f0dd79123f4ed9c26cc5d32e7/d788d43f8794a4c2f0b3911c0ff41bd5ad6e3970.jpg
