
https://www.huabaike.com/uploads/allimg/sltimg/201703/58b68e341c171.jpg	https://www.huabaike.com/hyjk/6427.html
http://a3.att.hudong.com/80/08/300000764046131424088257063.jpg	http://www.baike.com/wiki/%E6%A6%86%E5%8F%B6%E6%A2%85
http://a3.att.hudong.com/85/64/01100000000000144732649924800_s.jpg	http://www.baike.com/wiki/%E6%A6%86%E5%8F%B6%E6%A2%85
http://pic.pingguolv.com/uploads/allimg/170116/109-1F116213F1.png	http://www.pingguolv.com/zy/gongxiao/83733.html
http://a1.att.hudong.com/42/64/01100000000000144732649788627_s.jpg	http://www.baike.com/wiki/%E6%A6%86%E5%8F%B6%E6%A2%85
http://a1.att.hudong.com/25/81/20300001209310130611818911520.jpg	http://tupian.baike.com/a1_25_81_20300001209310130611818911520_jpg.html
http://a3.att.hudong.com/48/86/01300000171642121696868814812.jpg	http://www.52shici.com/works.php?mem_id=57792&works_id=818203
http://pic4.nipic.com/20090810/3121863_082506003_2.jpg	http://www.nipic.com/show/1/47/b75c92c81d87176d.html
http://pic6.nipic.com/20100412/4667364_094953039172_2.jpg	http://www.nipic.com/show/1/8/78dd64f54b9e5261.html
http://pic10.nipic.com/20101027/3970232_202135088102_2.jpg	http://www.nipic.com/show/1/44/3838654ke0f13883.html
http://www.zgmiaomuw.com/pic/img/20160425123268626862.jpg	http://www.zgmiaomuw.com/jpmm.asp?ssmc=%D3%DC%D2%B6%C3%B7
http://www.mihuyuan.com/pics/original/20150114/1421227930380103.jpg	http://www.mihuyuan.com/guidedetail.do?guide_id=1421227945551104
http://www.mihuyuan.com/pics/original/20150115/1421313898817194.jpg	http://www.mihuyuan.com/guidedetail.do?guide_id=1421313787817165
http://pic2.nipic.com/20090423/2011036_012932257_2.jpg	http://www.nipic.com/show/1/44/beb2ea886433ba11.html
https://www.huabaike.com/uploads/allimg/artimg/201606/20160607152954_93427.jpg	https://www.huabaike.com/yhjq/4060.html
http://s2.ymt360.com/enterprise/221f4cc416162e182a626e159891fb1a.jpg	http://www.bdfqy.com/content/sql3BMb99vZrZhy0.html
http://www.daixi.cc/upLoad/news/month_1302/201302281435507103.jpg	http://www.daixi.cc/list/?118_1.html
https://www.huabaike.com/uploads/allimg/sltimg/201606/5757a243aa073.jpg	https://www.huabaike.com/hyjk/6427.html
http://www.miaomu.com/picture/2011928155725765.jpg	http://m.miaomu.com/cpxx.asp?id=14554
http://www.zgmiaomuw.com/pic/img/20170427164088898889.jpg	http://www.zgmiaomuw.com/miaomu/yuyemei.asp
https://www.huabaike.com/uploads/allimg/sltimg/201606/5756756895d49.jpg	https://www.huabaike.com/mbzw/4049.html
http://www.miaomuzhan.com/uploads/allimg/1406/1430532042-2.jpg	http://www.miaomuzhan.com/html/tupian/382252.shtml
http://pic7.nipic.com/20100530/5064385_230518076364_2.jpg	http://www.nipic.com/show/1/47/0208d116a89eedd5.html
http://a0.att.hudong.com/85/54/01300001211826130580549552622_s.jpg	http://www.baike.com/wiki/%E9%87%8D%E7%93%A3%E6%A6%86%E5%8F%B6%E6%A2%85
http://garden.ibcas.ac.cn/4/yuyemei.jpg	http://garden.ibcas.ac.cn/4/yuyemei.htm
http://www.1nongjing.com/uploads/allimg/150921/892-1509211Q045.jpg	http://net.1nongjing.com/a/201509/113654.html
http://zzmm777.com/upLoad/product/month_1701/201701061132274750.jpg	http://zzmm777.com/content/?203.html
http://www.qnong.com.cn/uploadfile/2016/0808/20160808084924452.jpg	http://www.qnong.com.cn/zhongzhi/huahui/12945.html
http://lzzxmm.com/uploadfiles/title/2013y11m11d20h54m23s281.jpg	http://lzzxmm.com/mc_pro.asp?Cla=23
https://www.huabaike.com/uploads/allimg/artimg/201606/20160607153026_47496.jpg	https://www.huabaike.com/yhjq/4060.html
http://www.chinagreen.net.cn/vipcom/zhaolibing/1220117492.jpg	http://www.chinagreen.net.cn/user/pclass.asp?id=281
http://a0.att.hudong.com/13/64/01100000000000144732649676724_s.jpg	http://www.baike.com/wiki/%E6%A6%86%E5%8F%B6%E6%A2%85
http://img0.pchouse.com.cn/pchouse/1412/23/971503_s6mg5wtribrc7sh1a688j_v.jpg	http://www.pchouse.com.cn/baike/shenghuo/4355/
http://1832.img.pp.sohu.com.cn/images/blog/2010/3/31/15/29/1286520d860g215.jpg	http://huaweng-0354.blog.sohu.com/147350202.html
http://pic7.nipic.com/20100502/4224370_081929063197_2.jpg	http://www.nipic.com/show/3101157.html
https://www.huabaike.com/uploads/allimg/sltimg/201606/575676e877324.jpg	https://www.huabaike.com/hyjk/6427.html
http://yy.yuanlin.com/uppic/201103/201132395452199.jpg	http://www.miaomu777.com/news/show-1574.html
http://pic28.nipic.com/20130424/3722461_205444567000_2.jpg	http://www.nipic.com/show/7959760.html
http://img1.ph.126.net/lT_z4YLlqaWAS8b_ak0Xgw==/2691182252348438599.jpg	http://ningrui0315.blog.163.com/blog/static/11719553620102271115053
http://p.d1xz.net/2014/5/30/164372897289.jpg	http://www.d1xz.net/astro/huayu/art51126.aspx
http://s4.sinaimg.cn/middle/66019f9eha84fe7023b53&690	http://blog.sina.com.cn/s/blog_66019f9e0102drd1.html
http://pic30.nipic.com/20130616/11918471_120048417119_2.jpg	http://www.nipic.com/show/1/44/8281626k79d3c215.html
http://www.yuhuagu.com/uploads/allimg/160616/43_160616175222_1.jpg	http://www.yuhuagu.com/muben/2016/0616/13111.html
https://www.huabaike.com/uploads/allimg/artimg/201606/20160607152012_25257.jpg	https://www.huabaike.com/jtyh/4051.html
http://s6.sinaimg.cn/middle/66019f9eha84fe6d46675&690	http://blog.sina.com.cn/s/blog_66019f9e0102drd1.html
http://www.iqiya.com/uploadfile/article/69/1_jskg4__.jpg	http://www.iqiya.com/article/2015-05-29/64487.html
http://a4.att.hudong.com/70/64/01100000000000144732649823914_s.jpg	http://www.baike.com/wiki/%E6%A6%86%E5%8F%B6%E6%A2%85
http://www.tajgyl.com/UploadFiles/20120713173037310.jpg	http://www.tajgyl.com/cpzs.asp?Small1ClassID=36&SmallClassID=21&bigclassid=65
http://www.gsysjdf.com/upLoad/product/month_1701/201701141432063040.jpg	http://www.gsysjdf.com/content/?1579.html
http://img.aihuahui.com/d/2017/03/58b7930476908.jpg	http://www.aihuahui.com/aiguanmuhuahui/2487.html
http://www.dongyueyuanlin.com/imageRepository/f858b52f-bc17-41d6-be36-6a40a54cd182.jpg	http://www.dongyueyuanlin.com/products_detail/productId=79.html
http://s1.sinaimg.cn/middle/66019f9eha84fe7117e40&690	http://blog.sina.com.cn/s/blog_66019f9e0102drd1.html
http://img0.ph.126.net/ud50K35mjT9MNlJ5Nf0dWQ==/6630930326745771840.jpg	http://t34931509.lofter.com/tag/%E6%A6%86%E5%8F%B6%E6%A2%85
http://www.msyljd.com/uploads/allimg/150806/1-150P61I911E2.jpg	http://www.msyljd.com/yuyemei/index.html
http://a0.att.hudong.com/81/65/01100000000000144732650071566_s.jpg	http://www.baike.com/wiki/%E6%A6%86%E5%8F%B6%E6%A2%85
https://www.huabaike.com/uploads/allimg/artimg/201703/20170301170320_94572.jpg	https://www.huabaike.com/yzfh/7442.html
http://pic2.nipic.com/20090414/1987406_190015005_2.jpg	http://www.nipic.com/show/1/44/3942685afae79da1.html
http://pic18.nipic.com/20111219/8554300_164231973000_2.jpg	http://www.nipic.com/show/1/44/5526392kece62e8e.html
http://www.qiushoumiaomu.com/upLoad/product/month_1408/201408261042252108.jpg	http://www.qiushoumiaomu.com/content/?221.html
http://img0.pchouse.com.cn/pchouse/baike/sh/1503/yuyemei.jpg	http://www.pchouse.com.cn/baike/shenghuo/4355/
http://www.tshsyy.com/UploadFiles/2016131154520436.jpg	http://www.tshsyy.com/Products.asp?BigClassName=%C2%CC%BB%AF%C3%E7%C4%BE&Smallclassname=%D3%DC%D2%B6%C3%B7
http://pic.pingguolv.com/uploads/allimg/170116/109-1F116213H4.png	http://www.pingguolv.com/zy/gongxiao/83733.html
http://pic-c.6399.tv/gzmiaomu/UploadFiles/201504/20150421182700165.jpg	http://www.gzmiaomu.com/0000275/
https://www.huabaike.com/uploads/allimg/artimg/201606/20160608124528_26086.jpg	https://www.huabaike.com/yhjq/4090.html
https://upload.wikimedia.org/wikipedia/commons/thumb/0/09/Prunus_triloba_var._truncata_01.JPG/220px-Prunus_triloba_var._truncata_01.JPG	https://zh.wikipedia.org/wiki/%E6%A6%86%E5%8F%B6%E6%A2%85
http://www.51hm.cn/zwpic/%E6%A6%86%E5%8F%B6%E6%A2%853.jpg	http://www.51hm.cn/zw/zwshow.asp?zwid=1084
http://www.iyanghua.com/f/yuyemei/20081119235002_2.jpg	http://www.iyanghua.com/f/yuyemei/
http://www.jlsmrmp.com/upfile/isClass/pic/20160516172120-96194614423438912.jpg	http://www.jlsmrmp.com/penjing.php?tid=37
http://a0.att.hudong.com/22/64/20200000013920144732649566907_s.jpg	http://www.baike.com/gwiki/%E6%A6%86%E5%8F%B6%E6%A2%85
http://pic.pingguolv.com/uploads/allimg/170116/109-1F116213648.png	http://www.pingguolv.com/zy/gongxiao/83733.html
https://lh3.googleusercontent.com/ViHcRxHBUwB-ADNda3cLZMVLpyieRfel9E_I7EKRNxhQ1qL4ho6SdXqMYI1RJphhhqwKBuGzTlOa000e=w293-h220	https://get.google.com/albumarchive/112255671941891769271/album/AF1QipOBuBTP9fxBAw1VVk-egcfXe9W-YRtqV0V1H2bt
http://pic.baike.soso.com/ugc/baikepic2/15074/20170516091828-1122808007.jpg/300	http://baike.soso.com/ShowTitle.e?sp=S%E6%A6%86%E5%8F%B6%E6%A2%85
https://www.huabaike.com/uploads/allimg/sltimg/201606/5757a057d5d10.jpg	https://www.huabaike.com/hyjk/6427.html
http://a3.att.hudong.com/02/85/01300000171642121696859063807_s.jpg	http://niaolei.org.cn/tag/%E6%A6%86%E5%8F%B6%E6%A2%85
http://pic.baike.soso.com/ugc/baikepic2/25486/20170516091824-1303147454.jpg/300	http://baike.soso.com/ShowTitle.e?sp=S%E6%A6%86%E5%8F%B6%E6%A2%85
http://img.wezhan.cn/content/sitefiles/16805/images/9399494_%E6%A6%86%E5%8F%B6%E6%A2%8533.jpeg	http://www.lvluyuanmiaopu.com/product/276764643
http://fhgarden.com/uploads/cp/20160314095336021.jpg	http://fhgarden.com/yym/
https://www.huabaike.com/uploads/allimg/sltimg/201606/5756766971f3d.jpg	https://www.huabaike.com/mbzw/4049.html
http://www.syqslh.top/upfile/images/%E8%8A%B1%E7%81%8C%E6%9C%A8/%E6%A6%86%E5%8F%B6%E6%A2%85.jpg	http://www.syqslh.top/556/556/158
http://www.1818hm.com/file/upload/201507/27/14-36-20-68-904.jpg	http://wap.1818hm.com/24-0-3655-1.html
https://www.cmeii.com/uploads/allimg/1704/1-1F410145152526.jpg	https://www.cmeii.com/huaguanmulei/396.html
https://www.huabaike.com/uploads/allimg/artimg/201606/20160608123325_79032.jpg	http://www.huabaike.com/jtyh/4084.html
http://pic.baike.soso.com/ugc/baikepic2/29206/20170516091827-1265366618.jpg/300	http://baike.soso.com/ShowTitle.e?sp=S%E6%A6%86%E5%8F%B6%E6%A2%85
http://www.china5080.com/activity/3/2011_4_19_10_52_47_856_s.jpg	http://www.china5080.com/sheyingtwo/view/%E4%B8%87%E6%B0%B4%E5%8D%83%E5%B1%B1/3045.html
https://www.huabaike.com/uploads/allimg/sltimg/201606/5757a145a98de.jpg	https://www.huabaike.com/mbzw/4049.html
https://www.huabaike.com/uploads/allimg/sltimg/201606/57567749b2c25.jpg	https://www.huabaike.com/mbzw/4049.html
http://www.dlyj.net/images/%E6%A6%86%E5%8F%B6%E6%A2%8502.jpg	http://www.dlyj.net/yuyemei.html
http://s7.sinaimg.cn/middle/66019f9eha84fe12fd876&690	http://blog.sina.com.cn/s/blog_66019f9e0102drd1.html
http://www.miaomuzhan.com/uploads/allimg/1406/14305334B-0.jpg	http://www.miaomuzhan.com/html/tupian/382252.shtml
http://map1.zw3e.com:8080/zw_news_map/200/2016034/1459219239271354069.png	http://www.zw3e.com/564/
http://img.aihuahui.com/d/2017/03/58b7945364c93.jpg	http://www.aihuahui.com/aiguanmuhuahui/2487.html
http://www.miaomu158.com/mainn/UploadFiles/201571872448456.jpg	http://www.miaomu158.com/mainn/Product_info.asp?id=888
https://www.huabaike.com/uploads/allimg/artimg/201606/20160607152601_93182.jpg	https://www.huabaike.com/hyjk/4056.html
http://s15.sinaimg.cn/mw690/001p6lBpzy7al3lf2qO3e&690	http://blog.sina.com.cn/s/blog_4cb6e3a30102ww9g.html
http://img.wezhan.cn/content/sitefiles/16805/images/9399493_%E6%A6%86%E5%8F%B6%E6%A2%8522.jpeg	http://www.lvluyuanmiaopu.com/product/276764643
http://www.yangtaizhongcai.cn/ytfile/pictures/2016/09/g9R63F.png	http://m.yangtaizhongcai.cn/arctile/18358.html
http://a3.att.hudong.com/03/91/01300000171642121696915072806.jpg	http://tupian.baike.com/a3_03_91_01300000171642121696915072806_jpg.html
http://s6.sinaimg.cn/mw690/003gUbwtzy6K0oEOpdHa5&690	http://blog.sina.com.cn/s/blog_b2b50fe90102uvwq.html
http://www.jssrhm.com/upfile/eweb/2015225193546843.jpg	http://www.jssrhm.com/cpjs/96110125.html
http://img.wezhan.cn/content/sitefiles/16805/images/9399492_%E6%A6%86%E5%8F%B6%E6%A2%8511.jpeg	http://www.lvluyuanmiaopu.com/product/276764643
