
http://mmmfile.emmm.tw/L3/88490/image/%E5%AD%B8%E7%94%B2/8.JPG	http://car0126.pixnet.net/blog/post/42842342-2017%E5%8F%B0%E5%8D%97%E5%AD%B8%E7%94%B2%E8%9C%80%E8%91%B5%E8%8A%B1%E7%94%B0%E3%80%8B%E4%BA%94%E9%A1%8F%E5%85%AD%E8%89%B2%E8%8A%B1%E4%B8%8A%E8%A1%A3%E7%9A%84%E5%A6%99
http://a4.att.hudong.com/22/06/20300001045622130690067884205_s.jpg	http://www.baike.com/wiki/%E8%9C%80%E8%91%B5
http://mmmfile.emmm.tw/L3/88490/image/%E5%AD%B8%E7%94%B2/10.JPG	http://car0126.pixnet.net/blog/post/42842342-2017%E5%8F%B0%E5%8D%97%E5%AD%B8%E7%94%B2%E8%9C%80%E8%91%B5%E8%8A%B1%E7%94%B0%E3%80%8B%E4%BA%94%E9%A1%8F%E5%85%AD%E8%89%B2%E8%8A%B1%E4%B8%8A%E8%A1%A3%E7%9A%84%E5%A6%99
http://pic.pimg.tw/taweidavid/1336887937-3541511730.jpg	http://taweidavid.pixnet.net/blog/post/36644621-%E5%AD%B8%E7%94%B2-%E8%9C%80%E8%91%B5%E8%8A%B1%E7%94%B0%EF%BC%88%E4%B8%80%E4%B8%88%E7%B4%85%EF%BC%89-%E5%A4%A2%E5%B9%BB%E8%88%AC%E7%9A%84%E8%8A%B1%E7%94%B0%E8%BF%B7%E5%AE%AE
http://pic.pimg.tw/taweidavid/1336888017-609014910.jpg	http://taweidavid.pixnet.net/blog/post/36644621-%E5%AD%B8%E7%94%B2-%E8%9C%80%E8%91%B5%E8%8A%B1%E7%94%B0%EF%BC%88%E4%B8%80%E4%B8%88%E7%B4%85%EF%BC%89-%E5%A4%A2%E5%B9%BB%E8%88%AC%E7%9A%84%E8%8A%B1%E7%94%B0%E8%BF%B7%E5%AE%AE
http://pic.pimg.tw/kwi3/1378500461-159799645.jpg	http://kwi3.pixnet.net/blog/post/159997007-%E5%AD%B8%E7%94%B2%E8%9C%80%E8%91%B5%E8%8A%B1%E7%94%B0
http://pic.pimg.tw/taweidavid/1336888010-3967675685.jpg	http://taweidavid.pixnet.net/blog/post/36644621-%E5%AD%B8%E7%94%B2-%E8%9C%80%E8%91%B5%E8%8A%B1%E7%94%B0%EF%BC%88%E4%B8%80%E4%B8%88%E7%B4%85%EF%BC%89-%E5%A4%A2%E5%B9%BB%E8%88%AC%E7%9A%84%E8%8A%B1%E7%94%B0%E8%BF%B7%E5%AE%AE
https://tainan.fun-taiwan.com/Images/PlayItemPhotos/15616.jpg	https://tainan.fun-taiwan.com/fnf-item.aspx?pid=S20120705021833
http://pic.pimg.tw/taweidavid/1336887942-2582661689.jpg	http://taweidavid.pixnet.net/blog/post/36644621-%E5%AD%B8%E7%94%B2-%E8%9C%80%E8%91%B5%E8%8A%B1%E7%94%B0%EF%BC%88%E4%B8%80%E4%B8%88%E7%B4%85%EF%BC%89-%E5%A4%A2%E5%B9%BB%E8%88%AC%E7%9A%84%E8%8A%B1%E7%94%B0%E8%BF%B7%E5%AE%AE
http://img.boqiicdn.com/Data/BK/A/1512/1/imagick77891448938989_y.jpg	http://m.boqii.com/entry/detail/2276.html
http://www.twword.com/uploads/wiki/b3/bc/637572_1.jpg	http://www.twword.com/wiki/%E8%9C%80%E8%91%B5
http://7.blog.xuite.net/7/4/e/4/11253733/blog_227360/txt/17798855/0.jpg	http://blog.xuite.net/e2202778/boaboa/17798855-%E8%9C%80%E8%91%B5
http://classweb.loxa.edu.tw/clockloxa/plant/html/a/a013.jpg	http://classweb.loxa.edu.tw/clockloxa/plant/html/a/a013.htm
http://a2.att.hudong.com/22/03/01300000178518124279030185861_s.jpg	http://www.baike.com/wiki/%E8%9C%80%E8%91%B5
http://pic.pimg.tw/myheartgoon/1364822905-1948874963.jpg	http://myheartgoon.pixnet.net/blog/post/143215498-%E3%80%8A%E8%B3%9E%E8%8A%B1%E3%80%8B%E5%8F%B0%E5%8D%97%E5%AD%B8%E7%94%B2~%E6%BF%83%E6%BF%83%E4%BA%BA%E6%83%85%E5%91%B3%E7%9A%84%E8%9C%80%E8%91%B5%E8%8A%B1%E7%94%B0
http://www.cqlqyy.com/UpLoadFiles/image/%E8%9C%80%E8%91%B5.jpg	http://www.cqlqyy.com/332-332-490/show646.html
http://img01.hua.com/uploadpic/images/2016427185354276523.jpg	http://www.hua.com/huayu/15708.html
http://pic4.nipic.com/20091201/3845523_102548001134_2.jpg	http://blog.sina.com.cn/s/blog_4addaf280102dxd4.html
http://www.iyanghua.com/f/shukui/2009216185721_2.jpg	http://www.iyanghua.com/f/shukui/
http://3.bp.blogspot.com/-u9SjpSjGxEU/T3_amKAVqBI/AAAAAAAADXU/0urLeuoUbVo/s1600/004.jpg	http://taiwanenjoy.pixnet.net/blog/post/34034510-%E4%B8%80%E7%89%87%E8%8A%B1%E6%B5%B7%E5%85%8D%E8%B2%BB%E7%9C%8B%EF%BC%8D%E5%AD%B8%E7%94%B2%E8%9C%80%E8%91%B5%E8%8A%B1%E7%94%B0
https://1.share.photo.xuite.net/jingyuan.zheng/1174ab3/9095977/387846282_m.jpg	http://blog.xuite.net/jingyuan.zheng/twblog/116373884-2012--%E8%9C%80%E8%91%B5%E8%8A%B1%E7%94%B0
http://g.udn.com.tw/upfiles/B_CH/chicago1717/PSN_PHOTO/315/f_12039315_1.JPG	http://blog.udn.com/chicago1717/21653849
http://images.nongmiao.com/big/baike/2014/08/20/21/1408202115034758.jpg	http://www.nongmiao.com/baike/shukui.html
https://tainan.fun-taiwan.com/Images/PlayNotes/40639-20120705021833.jpg	https://tainan.fun-taiwan.com/fnf-item.aspx?pid=S20120705021833
http://d.share.photo.xuite.net/tingyu6876/1d7b2a4/5608087/217134605_l.jpg	http://tingyu6876.pixnet.net/blog/post/237737036-%E5%8F%B0%E5%8D%97%E5%AD%B8%E7%94%B2%E3%80%82%E8%9C%80%E8%91%B5%E8%8A%B1%E7%94%B0
http://pic.pimg.tw/hg1788/1333897180-3045390385.jpg	http://hg1788.pixnet.net/blog/post/30596724-%3A%3A2012%E5%AD%B8%E7%94%B2%E8%9C%80%E8%91%B5%E8%8A%B1%E7%94%B0%3A%3A
http://farm8.staticflickr.com/7360/12875103653_22a26f1873_o.jpg	http://viablog.okmall.tw/blogview.php?blogid=1500
http://a2.att.hudong.com/88/33/01300309316150136789339439302_s.jpg	http://www.baike.com/wiki/%E8%9C%80%E8%91%B5
http://gate.sinovision.net:82/gate/big5/cdnwww.sinovision.net/data/attachment/album/201306/12/2017148md7oo0v0lsddzzm.jpg	http://gate.sinovision.net:82/gate/big5/blog.sinovision.net/home/space/do/blog/uid/30435/id/205743.html
http://www.zhiwu365.com/uploads/plant/188_shukui/default/original/2_shukui.jpg	http://www.zhiwu365.com/plant/214
http://pic.pimg.tw/myheartgoon/1364895280-2293822485.jpg?v=1364895281	http://myheartgoon.pixnet.net/blog/post/143215498-%E3%80%8A%E8%B3%9E%E8%8A%B1%E3%80%8B%E5%8F%B0%E5%8D%97%E5%AD%B8%E7%94%B2~%E6%BF%83%E6%BF%83%E4%BA%BA%E6%83%85%E5%91%B3%E7%9A%84%E8%9C%80%E8%91%B5%E8%8A%B1%E7%94%B0
https://farm8.staticflickr.com/7602/16713627978_2cdd71e1dc_o.jpg	http://shine.gogoblog.tw/mobile/blogview.php?blogid=1411
http://pic.pimg.tw/kwi3/1395242021-4246782458.jpg	http://kwi3.pixnet.net/blog/post/174963723-%E8%8A%B1%E5%8F%A2%E8%BF%B7%E5%AE%AE%EF%BC%8D%E5%AD%B8%E7%94%B2%E8%9C%80%E8%91%B5%E8%8A%B1%E7%94%B0
http://mmmfile.emmm.tw/L3/89696/image/2017/1.JPG	http://car0126.pixnet.net/blog/post/42842342-2017%E5%8F%B0%E5%8D%97%E5%AD%B8%E7%94%B2%E8%9C%80%E8%91%B5%E8%8A%B1%E7%94%B0%E3%80%8B%E4%BA%94%E9%A1%8F%E5%85%AD%E8%89%B2%E8%8A%B1%E4%B8%8A%E8%A1%A3%E7%9A%84%E5%A6%99
http://pic17.nipic.com/20111117/6863287_011625492146_2.jpg	http://www.nipic.com/show/1/44/5380213k561ff935.html
http://pic.pimg.tw/lovivi63/1334196373-3543679748.jpg	http://lovivi63.pixnet.net/blog/post/44752977-%E5%AD%B8%E7%94%B2~%E8%9C%80%E8%91%B5%E8%8A%B1%E7%94%B0
http://www.iyanghua.com/f/shukui/200918204017_2.jpg	http://www.iyanghua.com/f/shukui/
http://www.nmns.edu.tw/public/BotanicalGarden/flowers/2010/summer/image/990615_1.jpg	http://www.nmns.edu.tw/public/BotanicalGarden/flowers/2010/summer/990615.htm
http://pic.pimg.tw/fangv/1385136120-4085262367.jpg	http://fangv.pixnet.net/blog/post/22360864-%E3%80%90%E5%8F%B0%E5%8D%97%E3%80%91%E3%80%80%EF%BC%8A%E7%B9%BD%E7%B4%9B%E8%8A%B1%E7%94%B0%E3%80%80%E8%89%B7%E9%BA%97%E8%9C%80%E8%91%B5%EF%BC%8A
http://i.epochtimes.com/assets/uploads/2006/03/603070843041469.bmp	http://www.epochtimes.com/b5/6/3/7/n1247161.htm
https://i.ytimg.com/vi/f8ttQY8Hj6Y/maxresdefault.jpg	https://www.youtube.com/watch?v=f8ttQY8Hj6Y
http://www.52yhua.com/uploads/allimg/160710/1-160G0214521.jpg	http://m.52yhua.com/sugentp/2874.html
http://pic11.nipic.com/20101208/6380397_105627095346_2.jpg	http://www.nipic.com/show/1/44/4032987k64859bd5.html
http://d.share.photo.xuite.net/tingyu6876/1d7b279/5608087/217134562_l.jpg	http://tingyu6876.pixnet.net/blog/post/237737036-%E5%8F%B0%E5%8D%97%E5%AD%B8%E7%94%B2%E3%80%82%E8%9C%80%E8%91%B5%E8%8A%B1%E7%94%B0
https://farm9.staticflickr.com/8751/16278893014_2355b7334f_o.jpg	http://shine.gogoblog.tw/mobile/blogview.php?blogid=1411
http://pic12.nipic.com/20110110/4623651_120658055103_2.jpg	http://www.nipic.com/show/1/44/4146651k191fa12d.html
http://g.udn.com.tw/upfiles/B_CH/chicago1717/PSN_PHOTO/313/f_12039313_1.jpg	http://blog.udn.com/chicago1717/21653849
https://via.gogoblog.org/201604/21-08.jpg	http://viablog.okmall.tw/blogview.php?blogid=2172
https://gss3.bdstatic.com/-Po3dSag_xI4khGkpoWK1HF6hhy/baike/s%3D220/sign=73a51ef7033b5bb5bad727fc06d2d523/2e2eb9389b504fc28ef3af59e5dde71190ef6d39.jpg	https://baike.baidu.com/item/%E8%9C%80%E8%91%B5
https://www.huabaike.com/uploads/allimg/sltimg/201605/573c2e502d59b.jpg	https://www.huabaike.com/hyjk/3562.html
http://p.ayxbk.com/images/thumb/c/ce/Bkn57.jpg/200px-Bkn57.jpg	http://www.a-hospital.com/w/%E8%9C%80%E8%91%B5
http://www.gzwzbs.com/upFiles/infoImg/2013071833397017.jpg	http://www.gzwzbs.com/news/?877.html
https://4.share.photo.xuite.net/appleming6/14609b2/13303889/681390945_m.jpg	http://blog.xuite.net/appleming6/twblog/145889875-%E8%9C%80%E8%91%B5%E6%92%AD%E7%A8%AE%E6%A0%BD%E5%9F%B9%E7%B4%80%E9%8C%84+--+%E8%BF%B7%E4%BD%A0%E8%9C%80%E8%91%B5
http://p.ayxbk.com/images/thumb/0/08/Bkn53.jpg/200px-Bkn53.jpg	http://www.a-hospital.com/w/%E8%9C%80%E8%91%B5
http://www.twword.com/uploads/wiki/b3/bc/637572_4.jpg	http://www.twword.com/wiki/%E8%9C%80%E8%91%B5
http://www.bm8.com.cn/flower/photo/%E8%9C%80%E8%91%B511.gif	http://www.bm8.com.cn/flower/show.asp?id=151
https://timg05.bdimg.com/timg?wapbaike&quality=60&size=b960_640&sec=1349839550&di=92a0c1ccd42b92ecc35cabe7e295e8e3&src=http://imgsrc.baidu.com/baike/pic/item/3812b31bb051f819496904dad0b44aed2f73e7d6.jpg	https://wapbaike.baidu.com/item/%E8%9C%80%E8%91%B5
http://a0.att.hudong.com/12/88/300000764046131587887195705_s.jpg	http://www.baike.com/wiki/%E8%9C%80%E8%91%B5
http://mmmfile.emmm.tw/L3/88490/image/%E5%AD%B8%E7%94%B2/1.JPG	http://car0126.pixnet.net/blog/post/42842342-2017%E5%8F%B0%E5%8D%97%E5%AD%B8%E7%94%B2%E8%9C%80%E8%91%B5%E8%8A%B1%E7%94%B0%E3%80%8B%E4%BA%94%E9%A1%8F%E5%85%AD%E8%89%B2%E8%8A%B1%E4%B8%8A%E8%A1%A3%E7%9A%84%E5%A6%99
http://static.taiwandao.tw//uploads/images/20160411/1460356019884491.jpg	http://gonglue.taiwandao.tw/tainan_16443.html
http://pic15.nipic.com/20110628/4224370_161722558170_2.jpg	http://www.nipic.com/show/4765976.html
https://upload.wikimedia.org/wikipedia/commons/thumb/e/ed/Alcea_rosea_-_K%C3%B6hler%E2%80%93s_Medizinal-Pflanzen-009.jpg/250px-Alcea_rosea_-_K%C3%B6hler%E2%80%93s_Medizinal-Pflanzen-009.jpg	https://zh.wikipedia.org/wiki/%E8%9C%80%E8%91%B5
http://link.photo.pchome.com.tw/s08/jun55/190/130542545046/	http://mypaper.pchome.com.tw/kuma55/post/1322154256
http://www.baihuamen.com/d/file/2014/03-09/33b5bc7aeb31a647efad04b44cd74f98.jpg	http://www.baihuamen.com/shukui/
https://9.share.photo.xuite.net/kingdom689/19f2e83/6623091/266107152_m.jpg	http://blog.xuite.net/kingdom689/wretch/87959154
http://lh3.ggpht.com/-GZeSIEjIFSA/UUsiIcc-GmI/AAAAAAAAFDE/0XqXqcTPNpw/s800/IMG_7859.JPG	http://hares.tw/archives/1864
http://g.udn.com.tw/upfiles/B_TA/taoshejii/PSN_PHOTO/545/f_10579545_1.JPG	http://blog.udn.com/taoshejii/11587816
https://gss3.bdstatic.com/-Po3dSag_xI4khGkpoWK1HF6hhy/baike/w%3D400/sign=815d84afd1f9d72a1764111de42b282a/4a36acaf2edda3cce7c858b009e93901213f9276.jpg	https://baike.baidu.com/item/%E8%9C%80%E8%91%B5
http://farm3.staticflickr.com/2806/12875012315_e745818607_o.jpg	http://viablog.okmall.tw/blogview.php?blogid=1500
http://www.baihuamen.com/d/file/2014/03-09/d6f7d958a9384b514ed93d040db48da9.jpg	http://www.baihuamen.com/shukui/
https://www.huabaike.com/uploads/allimg/sltimg/201605/573c2be2a11e0.jpg	https://www.huabaike.com/jtyh/3554.html
https://tainan.fun-taiwan.com/Images/PlayNotes/39453-20120705021833.jpg	https://tainan.fun-taiwan.com/fnf-item.aspx?pid=S20120705021833
http://nhjy.hzau.edu.cn/kech/hhx/piclib/upload/200572016401595342.jpg	http://nhjy.hzau.edu.cn/kech/hhx/piclib/display.asp?id=546
http://img.ltn.com.tw/Upload/liveNews/BigPic/600_2011874_2.jpg	http://news.ltn.com.tw/news/life/breakingnews/2011874
http://www.bm8.com.cn/flower/photo/%E8%9C%80%E8%91%B54.gif	http://www.bm8.com.cn/flower/show.asp?id=151
http://kplant.biodiv.tw/%E8%9C%80%E8%91%B5/%E8%9C%80%E8%91%B5-%E8%8A%B16.jpg	http://kplant.biodiv.tw/%E8%9C%80%E8%91%B5/%E8%9C%80%E8%91%B5.htm
http://d2p1ovod81kcns.cloudfront.net/800_efee3b424ced9754d8d2da299555cac438b4e639e480d3c0c6c5502f1e4681c4.jpeg	http://tw.hiking.biji.co/index.php?q=news&act=info&id=6561&title=%E3%80%90%E5%8F%B0%E5%8D%97%E3%80%91%E8%9C%80%E8%91%B5%E8%8A%B1%E7%B6%BB%E6%94%BE.%E8%9C%80%E8%91%B5%E6%96%87%E5%8C%96%E5%AD%A32016%E9%9D%9C%E9%9D%9C%E7%99%BB%E5%A0%B4
http://i.epochtimes.com/assets/uploads/2006/02/602251014301469.bmp	http://www.epochtimes.com/b5/6/2/25/n1237399.htm
http://pic1.nipic.com/2008-10-10/20081010101152442_2.jpg	http://www.nipic.com/show/1106927.html
http://g.udn.com.tw/upfiles/B_KO/kocj/PSN_PHOTO/251/f_9187251_1.jpg	http://blog.udn.com/kocj/7384847
https://i2.kknews.cc/large/19fb0001201d41c75d79	https://kknews.cc/culture/mmpbe29.html
https://www.huabaike.com/uploads/allimg/sltimg/201605/573c2dd8cb41b.jpg	https://m.huabaike.com/yhjq/3561.html
https://2.share.photo.xuite.net/pinkpig88ueng/12aab70/13152661/668003035_m.jpg	http://blog.xuite.net/pinkpig88ueng/wretch/143794836
http://p.ayxbk.com/images/thumb/b/b7/Bkn58.jpg/200px-Bkn58.jpg	http://www.a-hospital.com/w/%E8%9C%80%E8%91%B5
http://pic27.nipic.com/20130301/4499633_222621013396_2.jpg	http://www.cecx.org/html/2016-02-27/3293.html
http://pics26.yamedia.tw/42/userfile/i/ivans120twtw/album/1533f7dc287a68.jpg	https://ivans120twtw.tian.yam.com/posts/73559755
http://p.ayxbk.com/images/thumb/3/30/Bkn52.jpg/220px-Bkn52.jpg	http://www.a-hospital.com/w/%E8%9C%80%E8%91%B5
http://pic11.nipic.com/20101208/6380397_110206098023_2.jpg	http://www.nipic.com/show/4032983.html
http://6.blog.xuite.net/6/9/1/c/13792959/blog_539218/txt/9394256/2.jpg	http://blog.xuite.net/h22027/blog1/9394256-%E4%B8%80%E4%B8%88%E7%B4%85%E2%86%92%E8%9C%80%E8%91%B5
http://img.appledaily.com.tw/images/ReNews/20150406/640_6b8eb6c177785b16d1ed331154f30667.jpg	http://www.appledaily.com.tw/realtimenews/article/new/20150406/587122/
http://pic.pimg.tw/fangv/1385136119-399908150.jpg	http://fangv.pixnet.net/blog/post/22360864-%E3%80%90%E5%8F%B0%E5%8D%97%E3%80%91%E3%80%80%EF%BC%8A%E7%B9%BD%E7%B4%9B%E8%8A%B1%E7%94%B0%E3%80%80%E8%89%B7%E9%BA%97%E8%9C%80%E8%91%B5%EF%BC%8A
https://b.share.photo.xuite.net/byu229/1bf5be5/10619808/492221253_m.jpg	http://blog.xuite.net/byu229/twblog/128870698-%E8%B7%91%E9%8C%AF%E5%AD%A3%E7%AF%80%E7%9A%84%E5%A4%8F%E8%8A%B1------%E5%9C%A8%E6%98%A5%E6%97%A5%E8%A3%A1%E7%9B%9B%E9%96%8B%E7%9A%84%E8%9C%80%E8%91%B5
https://www.huabaike.com/uploads/allimg/artimg/201605/20160518165523_39061.jpg	https://m.huabaike.com/yhjq/3561.html
https://9.share.photo.xuite.net/ko461206/1925b77/14567606/771444929_m.jpg	http://blog.xuite.net/ko461206/twblog/156776542-%E5%A3%AB%E6%9E%97%E5%AE%98%E9%82%B8%E8%9C%80%E8%91%B5
http://sns.people.com.cn/uploads/figureCaptions/Image/e8/8d/89/e69ca82e626c6f67/1339021359470.JPG	http://blog.people.com.cn/article/1339021723621.html
https://www.huabaike.com/uploads/allimg/artimg/201602/20160204101105_25106.jpg	https://www.huabaike.com/cbzw/1687.html
http://www.yuhuagu.com/uploads/allimg/151019/43_151019112258_1.jpg	http://www.yuhuagu.com/renshi/2015/1019/12596.html
http://1843.img.pp.sohu.com.cn/images/blog/2011/7/2/7/0/u128026538_131a32d0f17g215.jpg	http://huaweng-0354.blog.sohu.com/177512972.html
http://g.udn.com.tw/upfiles/B_CH/chicago1717/PSN_PHOTO/316/f_12039316_1.JPG	http://blog.udn.com/chicago1717/21653849
http://www.gdyuanlin.cn/miaomuimages/%E8%9C%80%E8%91%B5.jpg	http://www.gdyuanlin.cn/wikipedia/71987817.html
