
http://images.nongmiao.com/big/baike/2014/08/20/21/1408202116496136.jpg	http://www.nongmiao.com/baike/jinjiju.html
http://www.xghhmm.com/uploadfiles/20143794238.jpg	http://www.xghhmm.com/cpzs/ggg.htm
http://pic3.nipic.com/20090525/946806_084817077_2.jpg	http://www.nipic.com/show/1868674.html
http://www.ldhh.cn/pic1/048.jpg	http://wujiayu520.pixnet.net/blog/post/257911280-%E9%87%91%E9%9B%9E%E8%8F%8A%E8%8A%B1%E8%AA%9E%E6%98%AF%E4%BB%80%E9%BA%BC
http://www.iqiya.com/uploadfile/article/64/1_dgfy8__.jpg	http://www.iqiya.com/article/2015-07-06/64907.html
http://dashulin.com/wp-content/uploads/2012/06/jinjiju1.jpg	http://dashulin.com/jinjiju/
http://a2.att.hudong.com/10/64/01300001019642130188646485278_s.jpg	http://www.baike.com/wiki/%E4%B8%A4%E8%89%B2%E9%87%91%E9%B8%A1%E8%8F%8A
http://a1.att.hudong.com/06/47/01300000164151121967474847855_s.jpg	http://www.baike.com/wiki/%E5%A4%A7%E8%8A%B1%E9%87%91%E9%B8%A1%E8%8F%8A
http://pic3.nipic.com/20090522/946806_172242094_2.jpg	http://www.nipic.com/show/1/44/50f6038c5b8dbd9e.html
http://s11.sinaimg.cn/middle/5b9a3d81t86711ed02d2a&690	http://blog.sina.com.cn/s/blog_5b9a3d810100ik2v.html
http://pic21.nipic.com/20120522/4061979_092832441000_2.jpg	http://www.nipic.com/show/1/44/6227368k2e1bed4c.html
http://a3.att.hudong.com/73/46/01300000164151121967466863942_s.jpg	http://www.baike.com/wiki/%E5%A4%A7%E8%8A%B1%E9%87%91%E9%B8%A1%E8%8F%8A
http://img.007swz.com/cpimg/huahuizhongzizhongmiao/WWx87d3X24_1256942900.jpg	http://www.007swz.com/t/%BD%F0%BC%A6%BE%D5
http://s13.sinaimg.cn/middle/5b9a3d81t86711b2cfb7c&690	http://blog.sina.com.cn/s/blog_5b9a3d810100ik2v.html
http://www.cnhua.net/uploads/allimg/090717/11222A0P-0.JPG	http://www.cnhua.net/zhiwu/juke/dajinjiju/
https://www.huabaike.com/uploads/allimg/artimg/201605/20160526130021_19841.jpg	https://www.huabaike.com/jtyh/3787.html
https://gss1.bdstatic.com/-vo3dSag_xI4khGkpoWK1HF6hhy/baike/s%3D220/sign=95e65f0e4434970a4373172da5cad1c0/d50735fae6cd7b89a364ada20a2442a7d9330e82.jpg	https://baike.baidu.com/item/%E9%87%91%E9%B8%A1%E8%8F%8A
http://www.baihuamen.com/d/file/2014/03-31/f92c77d62638393852881aa7d9c8df79.jpg	http://www.baihuamen.com/jinjiju/
https://gss3.bdstatic.com/7Po3dSag_xI4khGkpoWK1HF6hhy/baike/s%3D220/sign=88f8bfb5432309f7e36faa10420f0c39/64380cd7912397dd66f632255c82b2b7d0a28700.jpg	https://baike.baidu.com/item/%E9%87%91%E9%B8%A1%E8%8F%8A
http://www.cnhua.net/uploads/allimg/c090103/1230c02OK0-13T0.jpg	http://www.cnhua.net/minghua/sghh/1022604.html
https://4.share.photo.xuite.net/appleming6/14609ea/13303889/681387161_m.jpg	http://blog.xuite.net/appleming6/twblog/145889957-%E9%87%91%E9%9B%9E%E8%8F%8A%E6%92%AD%E7%A8%AE%E6%A0%BD%E5%9F%B9%E7%B4%80%E9%8C%84
http://sygxyl.com/upLoad/product/month_1606/201606161538525709.jpg	http://sygxyl.com/content/?990.html
http://pic7.nipic.com/20100523/3477454_220517084354_2.jpg	http://www.nipic.com/show/1/44/e9a8ee236ef8b541.html
http://1.bp.blogspot.com/-aNvf5CESXtY/VUCJmqaMuTI/AAAAAAAAFxc/DjYLsYeByYA/s1600/150429_desktop-01.JPG	http://blog.igarden.com.tw/2005/06/5M50603.html
http://p1.s.hjfile.cn/thread/201206/2012060280846887_360_o.jpg	http://bulo.hujiang.com/menu/8249/item/600023/
http://4.bp.blogspot.com/-oSk5VHY5L28/VUCJngKcuLI/AAAAAAAAFxk/E8zN2UTqoiw/s1600/150429_desktop-02.JPG	http://blog.igarden.com.tw/2005/06/5M50603.html
https://www.ritagiang.com/files/articleFilesfinder/images/IMG_5238-1.jpg	https://www.ritagiang.com/article.php?id=889
https://www.ritagiang.com/files/articleFilesfinder/images/IMG_9251-1(1).jpg	https://www.ritagiang.com/article.php?id=889
http://www.cnhua.net/uploads/allimg/c090103/1230c0332J0-42961.jpg	http://www.cnhua.net/minghua/sghh/55609886088.html
http://img28.hc360.cn/28/busin/140/924/b/28-140924548.jpg	http://b2b.hc360.com/supplyself/173145772.html
https://gss0.bdstatic.com/94o3dSag_xI4khGkpoWK1HF6hhy/baike/s%3D220/sign=b15e18b9b31bb0518b24b42a067bda77/b3fb43166d224f4a388d678809f790529822d110.jpg	https://baike.baidu.com/item/%E5%A4%A7%E8%8A%B1%E9%87%91%E9%B8%A1%E8%8F%8A
http://pic15.nipic.com/20110727/7976745_115303300126_2.jpg	http://www.nipic.com/show/1/44/4897874keb8490ec.html
http://a3.att.hudong.com/24/49/01300000164151121967492190166.jpg	http://www.baike.com/wiki/%E5%A4%A7%E8%8A%B1%E9%87%91%E9%B8%A1%E8%8F%8A
https://www.ritagiang.com/files/articleFilesfinder/images/IMG_6413-1.jpg	https://www.ritagiang.com/article.php?id=889
https://gw.alicdn.com/bao/uploaded/i2/TB1c2OUFVXXXXagXFXXXXXXXXXX_!!0-item_pic.jpg_230x230.jpg	https://www.taobao.com/article/CJF4D3BMCdCtCUGk.html
https://gss3.bdstatic.com/-Po3dSag_xI4khGkpoWK1HF6hhy/baike/w%3D400/sign=a2ab19b2bb1bb0518f24b228067bda77/09fa513d269759ee36b1755bbafb43166c22dfb8.jpg	https://baike.baidu.com/item/%E9%87%91%E9%B8%A1%E8%8F%8A
http://img.redocn.com/sheying/20150814/secaixianyandejinjijuhuayuan_4811686.jpg	http://sucai.redocn.com/dongwuzhiwu_4811686.html
https://gss0.bdstatic.com/94o3dSag_xI4khGkpoWK1HF6hhy/baike/s%3D220/sign=27be019a82d6277fed12353a18391f63/7acb0a46f21fbe09cbdc56356e600c338744ad15.jpg	https://baike.baidu.com/item/%E9%87%91%E9%B8%A1%E8%8F%8A
http://www.tyfmy.com/MyWeb/tianyefeng/633761899700411250/20090506044349869_big.jpg	http://www.tyfmy.com/product/productshow/808/2839.html
http://a3.att.hudong.com/80/31/01200000307188118113137601980_s.jpg	http://www.baike.com/wiki/%E5%A4%A7%E9%87%91%E9%B8%A1%E8%8F%8A
http://www.baihuamen.com/d/file/2014/03-31/c7b8417b2b31eee970c681403cbacfc9.jpg	http://www.baihuamen.com/jinjiju/
http://a2.att.hudong.com/84/51/01300000164151121967511783618_s.jpg	http://www.baike.com/wiki/%E5%A4%A7%E8%8A%B1%E9%87%91%E9%B8%A1%E8%8F%8A
https://gw.alicdn.com/bao/uploaded/i4/T1zPzJXellXXbRN3wV_020558.jpg_230x230.jpg	https://www.taobao.com/article/FZG7BcDmCYAGDPEo.html
https://gss3.bdstatic.com/-Po3dSag_xI4khGkpoWK1HF6hhy/baike/c0%3Dbaike60%2C5%2C5%2C60%2C20/sign=eaee9acd7bec54e755e1124cd851f035/c995d143ad4bd113b821a0c15aafa40f4afb0550.jpg	https://baike.baidu.com/item/%E9%87%91%E9%B8%A1%E8%8F%8A
http://i.weather.com.cn/images/cn/sjztj/2017/06/03/03092813E52A1536BF86D61F449388D2AB670FA1.jpg	http://p.weather.com.cn/2017/06/2715958.shtml
http://www.1818hm.com/file/upload/201610/09/102931185.jpg	http://www.1818hm.com/huamu/show-4923.html
http://s4.sinaimg.cn/mw690/006vWPPVzy7aOEk8lGP33	http://blog.sina.com.cn/s/blog_163c5f7bf0102yanl.html
http://a1.att.hudong.com/83/78/20300542856671145187789902652_s.jpg	http://www.baike.com/wiki/%E5%89%91%E5%8F%B6%E9%87%91%E9%B8%A1%E8%8F%8A
http://a3.att.hudong.com/21/49/01300000164151121967495757118_s.jpg	http://www.baike.com/wiki/%E5%A4%A7%E8%8A%B1%E9%87%91%E9%B8%A1%E8%8F%8A
https://t11.pimg.jp/030/808/451/1/30808451.jpg	https://cn.pixtastock.com/tags/%E5%89%91%E5%8F%B6%E9%87%91%E9%B8%A1%E8%8F%8A
https://www.huabaike.com/uploads/allimg/sltimg/201605/574682b3b80df.jpg	https://www.huabaike.com/cbzw/3785.html
http://www.nxlsss.com/UploadFile/content/2015072716560009.jpg	http://www.nxlsss.com/pro_view.asp?id=77&aid=274
http://www.huaxianer.com/uploads/allimg/170710/6-1FG01F9280-L.jpg	http://www.huaxianer.com/wiki/071472.html
https://gw.alicdn.com/bao/uploaded/i4/2684443201/TB2w5cSeQqvpuFjSZFhXXaOgXXa_!!2684443201.jpg_230x230.jpg	https://www.taobao.com/oshtml/buy-cn/cp_1tiw6r3wvKa-1Q.html
http://www.chantuguan.com/ueditor/php/upload/image/20170701/1498880277135476.jpg	http://www.chantuguan.com/baike/944.html
http://www.huameixuan.top/upfile/files/%E9%87%91%E9%B8%A1%E8%8F%8A%20(1).png	http://www.huameixuan.top/556/556/101
https://cbu01.alicdn.com/img/ibank/2014/427/359/1465953724_102418363.310x310.jpg	https://www.1688.com/pic/-B4F3BBA8BDF0BCA6BED5.html
https://thumbs.dreamstime.com/z/%E9%95%BF%E7%9F%9B%E6%9C%89%E5%8F%B6%E7%9A%84%E9%87%91%E9%B8%A1%E8%8F%8A-57483479.jpg	https://cn.dreamstime.com/%E5%BA%93%E5%AD%98%E7%85%A7%E7%89%87-%E9%95%BF%E7%9F%9B%E6%9C%89%E5%8F%B6%E7%9A%84%E9%87%91%E9%B8%A1%E8%8F%8A-image57483479
http://web.img.dns4.cn/pic/76596/jinjiju/20160314083113_3900_zs_sy.jpg	http://www.huangloucaohua.com/uks_list_210.html
http://www.52yhua.com/uploads/allimg/170225/1-1F225231R7.jpg	http://www.52yhua.com/juketp/6584.html
http://www.cfxinyuan.com/upLoadFile/c_p/0025.jpg	http://www.cfxinyuan.com/pro_detail89.html
http://s15.sinaimg.cn/mw690/002QLAZTzy7bOdZ8NnE6e&690	http://blog.sina.com.cn/s/blog_9bafa2150102x0ih.html
http://www.baihuamen.com/d/file/2014/03-31/34a1274f478826de490cad2784c2ac78.jpg	http://www.baihuamen.com/jinjiju/
http://www.pjcn.org/uploads/allimg/1611/1-161114205222642.jpg	http://www.pjcn.org/pz/zz/2449/
http://a3.att.hudong.com/58/52/01300000164151121967529118182_s.jpg	http://www.baike.com/wiki/%E5%A4%A7%E8%8A%B1%E9%87%91%E9%B8%A1%E8%8F%8A
http://www.yuhuagu.com/uploads/allimg/120521/43_120521054308_1.jpg	http://www.yuhuagu.com/ju/2012/0521/3028.html
http://p1.s.hjfile.cn/thread/201206/2012060280808387_923_o.jpg	http://bulo.hujiang.com/menu/8249/item/600023/
http://pic37.nipic.com/20140115/11291564_162117600172_2.jpg	http://www.nipic.com/show/9640354.html
http://www.1818hm.com/file/upload/201610/09/102914885.jpg	http://www.1818hm.com/huamu/show-4923.html
https://cbu01.alicdn.com/img/ibank/2015/758/686/2506686857_1188526775.310x310.jpg	https://www.1688.com/pic/-B4F3BBA8BDF0BCA6BED5D6D6D7D3.html
https://cbu01.alicdn.com/img/product/92/00/97/92009762.310x310.jpg	https://www.1688.com/pic/-B4F3BBA8BDF0BCA6BED5.html
http://www.baihuamen.com/d/file/2014/04-18/fd254780365ae6a9b81de7241dbecda0.jpg	http://www.baihuamen.com/dajinjiju/
http://pic3.nipic.com/20090526/946806_154417045_2.jpg	http://www.nipic.com/show/1/44/43270c5103f5532b.html
http://s10.sinaimg.cn/mw690/001nPxoHty727yTPtjj79&690	http://blog.sina.com.cn/s/blog_4b984a370102wamk.html
https://thumbs.dreamstime.com/b/%E9%98%BF%E6%8B%89-%E9%A9%AC%E9%87%91%E9%B8%A1%E8%8F%8Atinctoria%E9%87%8E%E8%8A%B1-32011039.jpg	https://cn.dreamstime.com/%E5%85%8D%E7%89%88%E7%A8%8E%E5%BA%93%E5%AD%98%E5%9B%BE%E7%89%87-%E9%98%BF%E6%8B%89-%E9%A9%AC%E9%87%91%E9%B8%A1%E8%8F%8Atinctoria%E9%87%8E%E8%8A%B1-image32011039
https://thumbs.dreamstime.com/z/%E9%87%91%E9%B8%A1%E8%8F%8A-73772889.jpg	https://cn.dreamstime.com/%E5%BA%93%E5%AD%98%E7%85%A7%E7%89%87-%E9%87%91%E9%B8%A1%E8%8F%8A-image73772889
http://s5.sinaimg.cn/middle/5b9a3d81t867175118464&690	http://blog.sina.com.cn/s/blog_5b9a3d810100ik2v.html
http://www.1818hm.com/file/upload/201610/09/102924645.jpg	http://www.1818hm.com/huamu/show-4923.html
https://gw.alicdn.com/bao/uploaded/i2/3376382558/TB1VIhmNXXXXXaXaXXXXXXXXXXX_!!0-item_pic.jpg_230x230.jpg	https://www.taobao.com/article/CFEwC_EGDdDDDYE1.html
http://img.mp.itc.cn/upload/20170603/c5b7967931f94cc0b2ed44f34df1a139_th.jpg	http://www.sohu.com/a/145831657_391645
https://cdn.pixabay.com/photo/2016/05/23/06/37/flower-1409775_960_720.jpg	https://pixabay.com/zh/%E8%8A%B1-%E9%BB%84%E8%89%B2%E8%8A%B1-tickseed-%E5%B9%B3%E5%8E%9F%E9%87%91%E9%B8%A1%E8%8F%8A%E5%B1%9E-%E6%B3%A2%E6%96%AF%E8%8F%8A-%E8%8A%B1%E5%9B%AD%E9%87%91%E9%B8%A1%E8%8F%8A%E5%B1%9E-1409775/
http://www.52yhua.com/uploads/allimg/170225/1-1F225231S1.jpg	http://www.52yhua.com/juketp/6584.html
http://img95.699pic.com/photo/10025/2600.jpg_wh300.jpg	http://699pic.com/tupian/dahuajinjiju.html
http://s7.sinaimg.cn/mw690/001sXXrFgy6Uii8HCnAb6&690	http://blog.sina.com.cn/s/blog_501e41670102vpiy.html
https://cbu01.alicdn.com/img/ibank/2015/358/100/2678001853_275374095.310x310.jpg	http://www.1688.com/pic/-BDF0BCA6BED520BDF0BCA6BED5.html
http://www.qnong.com.cn/uploadfile/2016/0725/20160725112905149.jpg	http://www.qnong.com.cn/zhongzhi/huahui/12660.html
http://a2.att.hudong.com/33/18/20200000013920144739186572124_s.jpg	http://www.baike.com/wiki/%E9%87%91%E9%B8%A1%E8%8F%8A
http://www.baihuamen.com/d/file/2014/03-31/b519ba361370b08577fa8d9f81fdaca1.jpg	http://www.baihuamen.com/jinjiju/
http://www.icanseed.com/files/fUpfiles/20140730091918.jpg	http://www.icanseed.com/en/product-more.php?ClassId=20&Unid=628
http://s2.sinaimg.cn/mw690/006vWPPVzy7aOEjgxY541	http://blog.sina.com.cn/s/blog_163c5f7bf0102yanl.html
http://img.mp.itc.cn/upload/20170603/a54112c6826549e58fadba55c0b51657_th.jpg	http://www.sohu.com/a/145831657_391645
http://www.baihuamen.com/d/file/2014/03-31/5e9702fe78605f85b93ecab2f1e7e9c9.jpg	http://www.baihuamen.com/jinjiju/
http://img.d1xz.net/d/2016/07/579856f21a2a5.jpg	http://www.aihuahui.com/huahuichuangyi/sugen/1249.html
https://cbu01.alicdn.com/img/ibank/2011/835/425/336524538_804441891.400x400.jpg	http://detail.1688.com/offer/911389825.html
https://cbu01.alicdn.com/img/ibank/2014/572/504/1574405275_1265148821.220x220.jpg	http://www.1688.com/jiage/-D6D8B0EABDF0BCA6BED5.html
https://img.alicdn.com/bao/uploaded/i2/TB1JgANQXXXXXataXXXXXXXXXXX_!!0-item_pic.jpg_b.jpg	https://www.tmall.com/mlist/cp_u6i98LymvtU.html
http://sybente.com/upfile/files/%E8%8D%89%E8%8A%B1%E7%A7%8D%E5%AD%90/%E9%87%91%E9%B8%A1%E8%8F%8A.jpg	http://sybente.com/577/0/104
http://pic3.nipic.com/20090512/1309610_200354022_2.jpg	http://www.nipic.com/show/1/44/5d715c70323e85f7.html
http://a1.att.hudong.com/06/74/01300542856671145190742577718_s.jpg	http://www.baike.com/wiki/%E5%89%91%E5%8F%B6%E9%87%91%E9%B8%A1%E8%8F%8A
https://www.huabaike.com/uploads/huatuku/20160601/574e9b0415a78.jpg	https://www.huabaike.com/jktu/277.html
