
http://a1.att.hudong.com/73/27/19300001302824132203279648204_950.jpg	http://huayu.baike.com/article-106137.html
http://hongzhang.yangzhiriji.com/wp-content/uploads/sites/5/2014/05/1.jpg	http://hongzhang.yangzhiriji.com/
http://img0.pchouse.com.cn/pchouse/1111/01/143054_1.jpg	http://www.pchouse.com.cn/baike/shenghuo/762/
http://www.yuhuagu.com/uploads/allimg/100331/1_100331072840_1.jpg	http://www.yuhuagu.com/qita/2010/0331/409.html
https://www.huabaike.com/uploads/allimg/sltimg/201607/5788572c58984.jpg	https://www.huabaike.com/yhjq/4358.html
https://www.huabaike.com/uploads/allimg/artimg/201512/20151221134637_71221.jpg	https://www.huabaike.com/jtyh/977.html
http://pic6.nipic.com/20100314/2804285_104706057043_2.jpg	http://www.nipic.com/show/1/44/b83592cc22469f35.html
http://pic.to8to.com/attch/day_131213/20131213_f036cceb8c54e3c8a9771SI9hf4IdTbY.jpg	http://www.to8to.com/yezhu/z4460.html
http://dashulin.com/wp-content/uploads/2012/09/hongzhang1.jpg	http://dashulin.com/hongzhang/
http://www.wdptj.com/wp-content/uploads/2015/10/%E7%BA%A2%E6%8E%8C.jpg	http://www.wdptj.com/14851.html
http://static.jutubao.com/Uploads/Picture/2016-11-18/582ea66358d37.jpg	http://www.jutubao.com/baike/530.html
http://pic18.nipic.com/20111203/7960243_191034426118_2.jpg	http://www.nipic.com/show/1/44/5461952kb50f9aa6.html
http://www.zhiwu365.com/uploads/plant/156_hongzhang/default/original/5_hongzhang.jpg	http://www.zhiwu365.com/plant/172
http://www.wed114.cn/jiehun/uploads/allimg/160330/52_160330165814_1.jpg	http://m.zx.wed114.cn/zhiwu/20160330144525.html
http://www.wdptj.com/wp-content/uploads/2014/10/%E7%BA%A2%E6%8E%8C.jpg	http://www.wdptj.com/hongzhang/
http://www.pjcn.org/uploads/allimg/1512/1-15120521013c64.jpg	http://www.pjcn.org/pz/js/618/
http://www.huabeinet.com/uploads/allimg/130702/1041245395-2.jpg	http://www.hsy.mobi/html/19929.html
http://z.xiziwang.net/uploads/allimg/170429/42_170429140518_1.jpg	http://z.xiziwang.net/hua/35685/
https://www.huabaike.com/uploads/allimg/artimg/201607/20160715112658_97319.jpg	https://www.huabaike.com/jtyh/4686.html
http://hongzhang.yangzhiriji.com/wp-content/uploads/sites/5/2014/05/3.jpg	http://hongzhang.yangzhiriji.com/
http://www.yuhuagu.com/uploads/allimg/130212/53_130212221731_1.jpg	http://www.yuhuagu.com/jiating/2013/0212/6214.html
http://zz.ag365.com/zhongzhi/UploadPic/2012-8/201282994636908.jpg	http://zz.ag365.com/zhongzhi/huahui/huahuizhongzhi/2012/20120829122884.html
http://img1.wutuojia.com/cms/articleDetail/20150925/234953_185732.jpg	http://www.wutuojia.com/zixun/article/6245.html
http://www.gzjzyl.com/upfile/proimage/201612180114228451.jpg	http://www.gzjzyl.com/show_product.asp?id=919&anid=179
http://pic.baike.soso.com/p/20130827/bki-20130827115630-1541568887.jpg	http://baike.sogou.com/v100726.htm
http://p750.com/uploads/allimg/160905/21402U051-2.jpg	http://p750.com/m/view.php?aid=251
http://www.iqiya.com/uploadfile/article/322/1_lbgwtr20140827_83870cb53b40e12d05aa8rwtrpVEtI9M.jpg	http://m.iqiya.com/article/2015-05-22/63413.html
http://img.sc115.com/uploads/sc/jpgs/0104apic2740_sc115.com.jpg	http://www.sc115.com/tupian/380171.html
http://img0.pchouse.com.cn/pchouse/1111/01/143060_4.jpg	http://www.pchouse.com.cn/baike/shenghuo/762/
http://dasouji.com/wp-content/uploads/2016/01/%E7%BA%A2%E6%8E%8C-2.jpg	http://dasouji.com/archives/68260
https://www.huabaike.com/uploads/allimg/artimg/201606/20160602103814_76780.jpg	https://www.huabaike.com/jtyh/977.html
http://www.huadian360.com/upload/baike/2011-7/93vt2m5QQ441g24cF3Wu.jpg	http://www.huadian360.com/baike/baike.asp?id=15
http://www.pjcn.org/uploads/allimg/1606/1-160606211R4632.jpg	http://www.pjcn.org/gl/1898/
http://www.hongfen.org/uploads/120704/1_120704180608_1.jpg	http://www.hongfen.org/jiaji/10120_4.html
http://www.baihuamen.com/d/file/2014/03-15/9028e04bfb5eafe894eaab6c2a55bc79.jpg	http://www.baihuamen.com/hongzhang/
http://www.pjcn.org/uploads/allimg/1612/1-16120R12500211.jpg	http://www.pjcn.org/gl/3031/
http://www.szsylh.com/goodsphoto/2607m.jpg	http://www.szsylh.com/goods_read2607.html
http://pic.nipic.com/2008-06-25/2008625234049163_2.jpg	http://www.nipic.com/show/1/44/a43118756afee5c8.html
http://dasouji.com/wp-content/uploads/2016/01/%E7%BA%A2%E6%8E%8C-5.jpg	http://dasouji.com/archives/68260
http://img0.pchouse.com.cn/pchouse/1111/01/143058_3.jpg	http://www.pchouse.com.cn/baike/shenghuo/762/
https://www.huabaike.com/uploads/allimg/artimg/201702/20170203153137_18168.jpg	https://www.huabaike.com/hyjk/7026.html
http://www.hanyi365.com/attach/userfiles/image/2013-09-22_17_56_27.png	http://www.hanyi365.com/article_48.html
http://newsimg.5054399.com/uploads/userup/1009/03223SB2H.jpg	http://news.4399.com/xiaohuaxian/huazhong/tu/201009-03-76707.html
http://dasouji.com/wp-content/uploads/2016/07/%E7%BA%A2%E6%8E%8C-6.jpg	http://dasouji.com/archives/82908
http://a0.att.hudong.com/32/54/19300542784453149762544991327_950.jpg	http://kafei.baike.com/article-2064173.html
https://cbu01.alicdn.com/img/ibank/2017/356/283/4202382653_1473080056.220x220.jpg	http://www.1688.com/chanpin/-BAECD5C6.html
http://img.sczlb.com/uploads/pictures/2016/10/ulesG9.png	http://www.sczlb.com/cate-news/148268.html
http://pic4.55jia.net/fengshuizhiwu/27/a407758.jpg	http://www.55jia.net/75/341409.html
https://cbu01.alicdn.com/img/ibank/2016/410/608/3438806014_356759457.220x220.jpg	http://www.1688.com/chanpin/-BAECD5C6BBA8.html
https://gw.alicdn.com/bao/uploaded/i1/1065976474/TB2m0kss88lpuFjSspaXXXJKpXa_!!1065976474.jpg_230x230.jpg	https://www.taobao.com/oshtml/buy-cn/cp_xejU1Nayzu-67NXG.html
http://www.tmmlp.com/images/201501/goods_img/2781_G_14217560801270.jpg	http://www.tmmlp.com/goods.php?id=2781
http://pic3.nipic.com/20090610/2740624_102017026_2.jpg	http://www.nipic.com/show/1/74/b36ca4abf934d84f.html
http://www.38fan.com/uploads/allimg/170616/51-1F6161G9140-L.png	http://www.38fan.com/zhiwu/20170616164510.html
https://img5.yxlady.com/Flowers/UploadFiles_9965/20170415/20170415111313585.jpg	https://life.yxlady.com/flowers/201704/569525.shtml
http://songhuaxiansheng.com/wp-content/uploads/2017/01/%E7%BA%A2%E6%8E%8C%E8%8A%B1-1050x697.jpg	http://songhuaxiansheng.com/2411.html
http://www.ew9z.com/wp-content/uploads/2010/02/anthurium_red_2.jpg	http://www.ew9z.com/hongzhang-huohehua-pinzhong.html
http://18663505201.xhqqt.com/lq_file/goods_hlw1/zl_j1/1m.jpg	http://18663505201.xhqqt.com/product.php?action=1443340
http://img.aihuahui.com/d/2016/11/582d463396d4e.jpg	http://www.aihuahui.com/huahuizhenliao/yezi/2851.html
http://pic18.nipic.com/20120106/5558054_165503667142_2.jpg	http://www.nipic.com/show/5605373.html
http://s5.sinaimg.cn/middle/66019f9eha771d8d36354&690	http://blog.sina.com.cn/s/blog_66019f9e0102dqi4.html
http://f11.baidu.com/it/u=1981294291,2177404755&fm=72	http://www.38fan.com/zhiwu/20170616164510.html
http://img01.hua.com/uploadpic/newpic/6010608.jpg	http://www.hua.com/huayu/11628.html
https://www.huabaike.com/uploads/allimg/artimg/201607/20160715112619_69817.jpg	https://www.huabaike.com/jtyh/4686.html
https://www.huabaike.com/uploads/allimg/sltimg/201512/567792c8c59ea.jpg	https://www.huabaike.com/cbzw/969.html
https://www.huabaike.com/uploads/allimg/sltimg/201607/5788519355d6b.jpg	https://www.huabaike.com/hyjk/4684.html
http://pic18.nipic.com/20111128/6818477_181728120000_2.jpg	http://www.nipic.com/show/5429073.html
http://www.1nongjing.com/uploads/allimg/170328/1876-1F32QKH9259.jpg	http://net.1nongjing.com/a/201703/172600.html
http://www.wed114.cn/jiehun/uploads/allimg/c170424/1492c5b402140-O303.jpg	http://www.wed114.cn/jiehun/zhiwu/20170424179734.html
http://www.qnong.com.cn/uploadfile/2016/0928/20160928092726945.jpg	http://www.qnong.com.cn/zhongzhi/huahui/14010.html
http://img.51yangsheng.com/pic/2017/0405/9B56148.jpg	http://www.51yangsheng.com/zhonghuazhicao/271647.html
https://cbu01.alicdn.com/img/ibank/2016/673/142/2939241376_1883613149.220x220.jpg	http://www.1688.com/chanpin/-B7C2D5E6BAECD5C6.html
http://www.wed114.cn/jiehun/uploads/allimg/170310/42_170310164017_1.jpg	http://m.zx.wed114.cn/zhiwu/20170310169931.html
http://www.ichong123.com/files/2017/4/10/160/1.jpg	http://www.ichong123.com/news/86292.html
https://www.huabaike.com/uploads/allimg/artimg/201607/20160715104718_95520.jpg	https://www.huabaike.com/sphh/979.html
http://img1.wutuojia.com/cms/articleDetail/20150925/234924_666557.jpg	http://www.wutuojia.com/zixun/article/6245.html
http://www.yuhuagu.com/uploads/allimg/170423/43_170423111607_1.jpg	http://www.yuhuagu.com/changshi/2017/0423/13540.html
https://gw.alicdn.com/bao/uploaded/i2/TB1tU3pPVXXXXaJaXXXXXXXXXXX_!!0-item_pic.jpg_230x230.jpg	https://www.taobao.com/oshtml/buy-cn/cp_uuzVxsXo1NS0-LuosPzTyrTzw-c.html
https://www.huabaike.com/uploads/allimg/sltimg/201512/5677960c73eb5.jpg	https://www.huabaike.com/yhjq/982.html
http://img01.hua.com/uploadpic/images/20151125140122259829.jpg	http://www.hua.com/huayu/13757.html
https://www.huabaike.com/uploads/allimg/sltimg/201512/56778d22a057d.jpg	http://www.huabaike.com/qita/972.html
http://www.iqiya.com/uploadfile/article/322/1_ne1djn20140522_fa5f3600abdbde88c0d2HRB5p6yhsXuA.jpg	http://www.iqiya.com/article/2015-06-16/64635.html
http://www.huajiang.cc/uploads/151224/15-151224111542536.jpg	http://m.huajiang.cc/tag/124.html
http://hongzhang.yangzhiriji.com/wp-content/uploads/sites/5/2014/05/2.jpg	http://hongzhang.yangzhiriji.com/
http://pic1.nipic.com/2009-02-23/2009223182032565_2.jpg	http://www.nipic.com/show/1486012.html
https://www.huabaike.com/uploads/huatuku/20160530/574c06df39f0c.jpg	https://www.huabaike.com/ghzw/186.html
https://www.huabaike.com/uploads/allimg/sltimg/201606/5769ebd1a0b44.jpg	https://www.huabaike.com/yhjq/4369.html
http://img.aiuw.com//images/upload/Image/70261349749380.jpg	http://www.aiuw.com/zhiwu/hhyz/article-12297.html
http://opic.tbscache.com/manage/base/2013-07-23/6e139c24-7aa9-41bc-bc21-6f00b4ef636b.jpg	http://www.tobosu.com/article/2013-07-23/103602.html
http://file.55df.com/2017-02-10/1bd07d9a6f774d8f65e4c7c61b0f1a5d.jpg	http://www.55df.com/c/151219.shtml
http://img.sczlb.com/uploads/pictures/2016/01/tw7Xiv.png	http://www.sczlb.com/cate-news/79795.html
http://www.wdptj.com/wp-content/uploads/2014/07/%E7%BA%A2%E6%8E%8C1.jpg	http://www.wdptj.com/134.html
https://gw.alicdn.com/bao/uploaded/i2/2098881789/TB21gVTa4z_F1JjSZFIXXcxHVXa_!!2098881789.jpg_230x230.jpg	https://www.taobao.com/oshtml/buy-cn/cp_uuzVxruoxeiw_NPK.html
http://www.iqiya.com/uploadfile/2014/1030/20141030074917874.jpg	http://www.iqiya.com/article/2014-10-30/5823.html
http://www.52yhua.com/uploads/allimg/161023/1-161023212F4.jpg	http://www.52yhua.com/zhuanti/6235.html
http://www.ichong123.com/files/2017/4/10/213/2.jpg	http://www.ichong123.com/news/86288.html
https://tc.sinaimg.cn/maxwidth.2048/tc.service.weibo.com/p3_pstatp_com/de8c70ed0aed20b7cfa9bf5b257b0352.jpg	http://weibo.com/ttarticle/p/show?id=2309614079054008531660
https://gw.alicdn.com/bao/uploaded/i3/14687287/TB2xT4KzolnpuFjSZFjXXXTaVXa_!!14687287.jpg_230x230.jpg	https://www.taobao.com/oshtml/buy-cn/cp_uuzVxruoxei_zcz8.html
http://map1.zw3e.com:8080/zw_news_map/550/2016041/1459750939298144363.jpg	http://www.zw3e.com/133/e7716.html
https://cbu01.alicdn.com/img/ibank/2017/186/640/3866046681_1638740558.220x220.jpg	http://www.1688.com/chanpin/-BAECD5C6BBA8.html
http://pic17.nipic.com/20111102/8552903_170017300137_2.jpg	http://www.nipic.com/show/1/44/5302860k582cf41e.html
