
https://gss2.bdstatic.com/9fo3dSag_xI4khGkpoWK1HF6hhy/baike/c0%3Dbaike116%2C5%2C5%2C116%2C38/sign=098ac47fdd0735fa85fd46ebff3864d6/b219ebc4b74543a920b49ca817178a82b9011422.jpg
https://gss1.bdstatic.com/9vo3dSag_xI4khGkpoWK1HF6hhy/baike/crop%3D0%2C213%2C655%2C431%3Bc0%3Dbaike80%2C5%2C5%2C80%2C26/sign=2bf1723dac0f4bfb989fc4143e7f54c2/ac6eddc451da81cb90289e6f5a66d01608243141.jpg
https://gss1.bdstatic.com/9vo3dSag_xI4khGkpoWK1HF6hhy/baike/c0%3Dbaike80%2C5%2C5%2C80%2C26/sign=c84c302a56fbb2fb202650402e234bc1/8cb1cb13495409234cf65b099158d109b3de492d.jpg
https://gss3.bdstatic.com/7Po3dSag_xI4khGkpoWK1HF6hhy/baike/c0%3Dbaike116%2C5%2C5%2C116%2C38/sign=12540190922397ddc274905638ebd9d2/9a504fc2d562853592b1ea5693ef76c6a7ef6377.jpg
https://gss3.bdstatic.com/-Po3dSag_xI4khGkpoWK1HF6hhy/baike/c0%3Dbaike116%2C5%2C5%2C116%2C38/sign=acc4c4bb7fc6a7efad2ba0749c93c434/d009b3de9c82d158876a38d5890a19d8bd3e42ed.jpg
https://gss3.bdstatic.com/-Po3dSag_xI4khGkpoWK1HF6hhy/baike/c0%3Dbaike116%2C5%2C5%2C116%2C38/sign=4383979acafdfc03f175ebeab556ecf1/9f510fb30f2442a7524c9cc1d843ad4bd1130217.jpg
https://gss2.bdstatic.com/-fo3dSag_xI4khGkpoWK1HF6hhy/baike/c0%3Dbaike80%2C5%2C5%2C80%2C26/sign=88875a63dab44aed4d43b6b6d275ec64/2fdda3cc7cd98d100f765518213fb80e7bec907c.jpg
https://gss0.bdstatic.com/94o3dSag_xI4khGkpoWK1HF6hhy/baike/c0%3Dbaike80%2C5%2C5%2C80%2C26/sign=33f696080db30f242197e451a9fcba26/d62a6059252dd42a604b3cc2013b5bb5c9eab81c.jpg
https://gss3.bdstatic.com/-Po3dSag_xI4khGkpoWK1HF6hhy/baike/c0%3Dbaike80%2C5%2C5%2C80%2C26/sign=613cd8fb0ef431ada8df4b6b2a5fc7ca/38dbb6fd5266d016daafa341952bd40735fa3520.jpg
https://gss3.bdstatic.com/-Po3dSag_xI4khGkpoWK1HF6hhy/baike/c0%3Dbaike116%2C5%2C5%2C116%2C38/sign=3e3bf5a3ad51f3ded7bfb136f5879b7a/6d81800a19d8bc3e12183ba3808ba61ea8d34542.jpg
https://gss3.bdstatic.com/7Po3dSag_xI4khGkpoWK1HF6hhy/baike/c0%3Dbaike80%2C5%2C5%2C80%2C26/sign=e5374941b0de9c82b268f1dd0de8eb6f/4bed2e738bd4b31cf06e39c384d6277f9e2ff87c.jpg
https://gss2.bdstatic.com/9fo3dSag_xI4khGkpoWK1HF6hhy/baike/c0%3Dbaike80%2C5%2C5%2C80%2C26/sign=8f45c34a4b540923be646b2cf331ba6c/b21bb051f8198618348ed2ed48ed2e738ad4e689.jpg

https://gss3.bdstatic.com/-Po3dSag_xI4khGkpoWK1HF6hhy/baike/c0%3Dbaike92%2C5%2C5%2C92%2C30/sign=e459993f9a504fc2b652b85784b48c74/d833c895d143ad4b1a6453f783025aafa40f06ba.jpg

https://gss0.bdstatic.com/94o3dSag_xI4khGkpoWK1HF6hhy/baike/c0%3Dbaike92%2C5%2C5%2C92%2C30/sign=fe79270f29381f308a1485fbc868276d/b90e7bec54e736d14f78993f9a504fc2d5626999.jpg
https://gss1.bdstatic.com/9vo3dSag_xI4khGkpoWK1HF6hhy/baike/c0%3Dbaike92%2C5%2C5%2C92%2C30/sign=74c32a7c03087bf469e15fbb93ba3c49/8435e5dde71190ef1f9087e8cf1b9d16fdfa6099.jpg
https://gss1.bdstatic.com/-vo3dSag_xI4khGkpoWK1HF6hhy/baike/c0%3Dbaike92%2C5%2C5%2C92%2C30/sign=1786d704908fa0ec6bca6c5f47fe328b/8d5494eef01f3a2958a3c0f99825bc315c607c99.jpg

https://gss1.bdstatic.com/9vo3dSag_xI4khGkpoWK1HF6hhy/baike/c0%3Dbaike80%2C5%2C5%2C80%2C26/sign=eb0d1cc9e2fe9925df01610255c135ba/1f178a82b9014a90272742b1ab773912b31beea5.jpg
https://gss0.bdstatic.com/-4o3dSag_xI4khGkpoWK1HF6hhy/baike/c0%3Dbaike92%2C5%2C5%2C92%2C30/sign=515865c7b0fb43160e12722841cd2d46/5d6034a85edf8db1a72679680b23dd54564e74b5.jpg
https://gss3.bdstatic.com/-Po3dSag_xI4khGkpoWK1HF6hhy/baike/c0%3Dbaike92%2C5%2C5%2C92%2C30/sign=3299b8e1a344ad343ab28fd5b1cb6791/a5c27d1ed21b0ef4b86f8252dfc451da81cb3e32.jpg
https://gss1.bdstatic.com/-vo3dSag_xI4khGkpoWK1HF6hhy/baike/c0%3Dbaike92%2C5%2C5%2C92%2C30/sign=3c1941f339c79f3d9becec62dbc8a674/63d9f2d3572c11df5cc8bb2f612762d0f703c2a5.jpg

https://gss1.bdstatic.com/9vo3dSag_xI4khGkpoWK1HF6hhy/baike/c0%3Dbaike272%2C5%2C5%2C272%2C90/sign=2a6aed8543a98226accc2375ebebd264/060828381f30e9247937f3c14c086e061c95f7ab.jpg
https://gss2.bdstatic.com/9fo3dSag_xI4khGkpoWK1HF6hhy/baike/c0%3Dbaike150%2C5%2C5%2C150%2C50/sign=6b941050f603738dca470470d272db34/a8ec8a13632762d02596cb4fa0ec08fa503dc692.jpg
https://gss2.bdstatic.com/9fo3dSag_xI4khGkpoWK1HF6hhy/baike/c0%3Dbaike180%2C5%2C5%2C180%2C60/sign=69ca598f78f0f736ccf344536b3cd87c/29381f30e924b8996baf16c86e061d950b7bf6ab.jpg
https://gss3.bdstatic.com/-Po3dSag_xI4khGkpoWK1HF6hhy/baike/c0%3Dbaike272%2C5%2C5%2C272%2C90/sign=8007d8e6cffc1e17e9b284632bf99d66/1e30e924b899a9018fa634c61d950a7b0308f5ab.jpg
https://gss0.bdstatic.com/-4o3dSag_xI4khGkpoWK1HF6hhy/baike/c0%3Dbaike220%2C5%2C5%2C220%2C73/sign=bd9f5095b319ebc4d4757ecbe34fa499/e824b899a9014c08aaa847550a7b02087af4f4ab.jpg
https://gss1.bdstatic.com/-vo3dSag_xI4khGkpoWK1HF6hhy/baike/c0%3Dbaike150%2C5%2C5%2C150%2C50/sign=bd5eadf6afc3793169658e7b8aaddc20/b999a9014c086e06d83b50bb02087bf40bd1cbab.jpg
