
http://pic.pingguolv.com/uploads/allimg/160709/136-160F9211053-lp.jpg	http://www.pingguolv.com/zy/jinyinhuacha/
http://www.zhongyaoyi.com/d/file/gongxiao/2014-11-17/85f53450b89efac0278e1f600cb987ec.jpg	http://www.zhongyaoyi.com/t/jinyinhua/
http://pic.pingguolv.com/uploads/140726/72-140H614591A24.jpg	http://www.pingguolv.com/zy/jinyinhua/
http://www.zhongyaoyi.com/d/file/gongxiao/2014-11-17/1f4024ba4a9071211be6fbf5dc585aa3.jpg	http://www.zhongyaoyi.com/t/jinyinhua/
http://m.39zhongyao.com/uploadfile/2016/0321/37-150911153P6-50.jpg	http://m.39zhongyao.com/zhongyaocai/jinyinhua/13762.html
http://www.zhongyaoyi.com/d/file/tupian/2014-11-17/c4f2eb7f0af36afd149c25a5bcfd0c11.jpg	http://www.zhongyaoyi.com/t/jinyinhua/
http://www.tcm100.com/Images_ZhongYaoXue/Jinyinhua-YinPian.jpg	http://www.tcm100.com/userReg/JiaoCai/ZhongYaoXue/zzZhongYao54.htm
http://www.huacaoshumu.net/attached/tupian/J2/20130515-3.jpg	http://www.huacaoshumu.net/zhiwu/jinyinhua.php
http://a1.att.hudong.com/67/23/19300316366819133013233671014.jpg	http://jinyinhua.h.baike.com/article-166533.html
http://www.gzhphb.com/gpPic/600/0/mmbiz.qpic.cn/mmbiz_jpg/mPiaP4ibZ9ozqcIc64Txic15KvPyWYSCQusV4O5r5Ov3Bcv0Uqlicreo3Pc27CK0icJNW0yibEs8fJ9SRpNrjnV30HDA/0?wx_fmt=jpeg	http://www.gzhphb.com/article/42/427680.html
http://pic.pingguolv.com/uploads/allimg/150904/94-150Z4225054-lp.jpg	http://www.pingguolv.com/zy/jinyinhua/
http://a4.att.hudong.com/60/13/19300316366819133013138140580.jpg	http://jinyinhua.h.baike.com/article-165189.html
https://img.leha.com/editor/5487c5dd3356d.JPG	https://m.leha.com/health/90844
https://www.huabaike.com/uploads/allimg/sltimg/201512/5677adfac9887.jpg	https://www.huabaike.com/hyjk/1011.html
http://www.zhongyaoyi.com/d/file/tupian/2014-11-17/11b6591e974e3088dbc6aaeab6cdc618.jpg	http://www.zhongyaoyi.com/t/jinyinhua/
https://gss0.baidu.com/-Po3dSag_xI4khGko9WTAnF6hhy/zhidao/pic/item/cf1b9d16fdfaaf51107a19b38c5494eef01f7a25.jpg	http://zhidao.baidu.com/question/158425457.html
http://www.dxjyh.com/upload/img/201503071644219885.jpg	http://www.dxjyh.com/product/product.php?id=29
http://a4.att.hudong.com/74/62/19300001287046131218621553988.jpg	http://yaocha.baike.com/article-46630.html
http://pic.pingguolv.com/uploads/allimg/151225/98-151225124T1.jpg	http://www.pingguolv.com/zy/jinyinhuacha/
http://m.39zhongyao.com/uploadfile/2016/0321/37-150911153P6.jpg	http://m.39zhongyao.com/zhongyaocai/jinyinhua/13762.html
http://zixun.rrs.com/uploads/allimg/140916/092A2E19-0.jpg	http://zixun.rrs.com/jiashigonglue/2809.html
http://www.cnzyao.com/uploads/allimg/120416/1-120416161443514.jpg	http://www.cnzyao.com/yaocai/hua/306.html
http://www.zhongyaoyi.com/d/file/chandi/2014-11-17/3cd1dbca4e2c9488744dd2eed11fca21.jpg	http://www.zhongyaoyi.com/t/jinyinhua/
http://a4.att.hudong.com/08/16/01100000000000144739168179524_s.jpg	http://www.baike.com/wiki/%E9%87%91%E9%93%B6%E8%8A%B1
http://www.mrsyj.com/images/201406/goods_img/469_P_1402080598713.jpg	http://www.mrsyj.com/goods.php?id=469
http://www.pewiki.net/wp-content/uploads/2012/12/jinyinhua.jpg	http://www.pewiki.net/ingredients-and-effect-of-flos-lonicerae/
http://pic8.nipic.com/20100715/3576571_160700066219_2.jpg	http://www.nipic.com/show/1/44/6ae3655b09213acb.html
http://pic2.nipic.com/20090420/138112_082508026_2.jpg	http://www.nipic.com/show/1/44/92b1848c584ceba8.html
http://image.tech-food.com/images/kndata/bpic/201604/20160421150857_3733.jpg	http://www.tech-food.com/kndata/detail/k0201377.htm
http://www.wdptj.com/wp-content/uploads/2014/11/%E9%87%91%E9%93%B6%E8%8A%B1%E7%9B%86%E6%99%AF1.jpg	http://www.wdptj.com/jingyh/
http://a2.att.hudong.com/10/07/20300543860292146769078291425_s.jpg	http://www.baike.com/wiki/%E9%87%91%E9%93%B6%E8%8A%B1
http://img0.pclady.com.cn/pclady/1702/20/1672112_15246156.jpg	http://health.pclady.com.cn/healthzq/jyh/
http://pic15.nipic.com/20110729/6911091_120005369154_2.jpg	http://www.nipic.com/show/1/44/4898650ke08fee89.html
http://m.39zhongyao.com/uploadfile/2016/0321/37-150911153P7-50.jpg	http://m.39zhongyao.com/zhongyaocai/jinyinhua/13762.html
http://img0.pclady.com.cn/pclady/1703/31/1693411_12355474.jpg	http://health.pclady.com.cn/healthzq/jyh/
http://pic.pingguolv.com/uploads/allimg/160501/99-160501205916.png	http://www.pingguolv.com/zy/jinyinhua/
http://img0.pclady.com.cn/pclady/1706/05/1719864_12506303.jpg	http://health.pclady.com.cn/healthzq/jyh/
http://a0.att.hudong.com/50/44/01300000410019124408446506702.jpg	http://tupian.baike.com/a0_50_44_01300000410019124408446506702_jpg.html
http://www.wdptj.com/wp-content/uploads/2015/04/%E9%87%91%E9%93%B6%E8%8A%B1%E7%9A%84%E5%8A%9F%E6%95%887.jpg	http://www.wdptj.com/9171.html
http://img05.tooopen.com/images/20151203/tooopen_sy_150239982536.jpg	http://www.tooopen.com/view/1076750.html
http://www.leha.com/Uploads/0526/2ac5bce7ed406.jpg	http://www.leha.com/health/490082
http://www.tcm100.com/Images_ZhongYaoXue/Jinyinhua-YuanTai.jpg	http://www.tcm100.com/userReg/JiaoCai/ZhongYaoXue/zzZhongYao54.htm
http://www.dianshu119.com/uploads/201212/1355237005Cxq7ECOz.jpg	http://www.dianshu119.com/index.php?doc-view-721.html
http://img.zybd.org/all/zycpt/734.jpg	http://zhongyaocai360.com/zhongyao/jinyinhua.html
http://www.techanyi.com/d/file/shandong/linyi/1fe61b342bf4bded07868114fba87ae0.jpg	http://www.techanyi.com/t/jinyinhua/
http://img1.jqw.com/2011/06/18/357970/product/b201106181801132158.jpg	http://www.hljyh.jqw.com/productShow-1116427.htm
https://www.huabaike.com/uploads/allimg/sltimg/201512/5677a4d3369cd.jpg	https://www.huabaike.com/hyjk/997.html
https://www.sg92.com/sg2016/9/2/2016090235682265.jpg	https://www.sg92.com/huahui/2837.htm
http://h2.bytravel.cn/shop/head/3178.gif	http://shop.bytravel.cn/produce/6E58857E91D194F682B1/
http://dashulin.com/wp-content/uploads/2008/03/jyh3.jpg	http://dashulin.com/jinyinhua/
https://pic.7y7.com/Uploads/Picture/2016-09-29/57ec651656769_550_0.jpg	http://www.7y7.com/jiankang/01/243501.html
https://img.ys137.com/data/upload/ueditor/20160817/57b3d87b0ec15.jpg	https://www.ys137.com/shicai/1590862.html
http://pic5.nipic.com/20100119/4200021_101609097838_2.jpg	http://www.nipic.com/show/1/47/690dddc556178e38.html
https://pic.7y7.com/Uploads/Picture/2016-09-29/57ec65160b198_550_0.jpg	http://www.7y7.com/jiankang/01/243501.html
http://upload-images.jianshu.io/upload_images/1764891-30b44a5b03eb5a3b.jpeg?imageMogr2/auto-orient/strip%7CimageView2/2/w/1080/q/100	http://www.jianshu.com/p/37fa86b7848b
http://pic.7y7.com/Uploads/Picture/2016-09-29/57ec6694e463a_275_275.jpg	http://www.7y7.com/jiankang/jinyinhua/index_2.html
http://m.39zhongyao.com/uploadfile/2016/0321/12-15021G11422.jpg	http://m.39zhongyao.com/zhongyaocai/jinyinhua/
http://pic28.nipic.com/20130410/4477750_171217763125_2.jpg	http://www.nipic.com/show/3/84/7833188k853c7a81.html
http://a2.att.hudong.com/32/31/19300316366819133008310611711.jpg	http://jinyinhua.h.baike.com/article-165439.html
http://pic.pingguolv.com/uploads/allimg/151225/98-151225125009.jpg	http://www.pingguolv.com/zy/jinyinhuacha/
http://pic26.nipic.com/20121206/590764_140009424000_2.jpg	http://www.nipic.com/show/1/44/7271143kd11d9cc8.html
https://s1.cdn.xiangha.com/caipu/201602/1314/131446239528.jpg/NjAwX2MxXzQwMA	https://www.xiangha.com/shicai/%E9%87%91%E9%93%B6%E8%8A%B1%E8%8C%B6
http://img0.pclady.com.cn/pclady/1702/27/1677715_3536028.jpg	http://health.pclady.com.cn/healthzq/jyh/
https://b-ssl.duitang.com/uploads/item/201203/02/20120302141318_HGT4C.jpeg	https://www.duitang.com/blog/?id=20197881
http://m.39zhongyao.com/uploadfile/2016/0321/42-15102Q6004B92.jpg	http://m.39zhongyao.com/zhongyaocai/jinyinhua/13760.html
http://m.39zhongyao.com/uploadfile/2016/0321/42-15111115062YJ.jpg	http://m.39zhongyao.com/zhongyaocai/jinyinhua/13756.html
http://www.zyc988.com/UploadFile/2014_4_29_78198_131158.jpg	http://www.zyc988.com/ProductsListA.asp?id=473&Str=%BD%F0%D2%F8%BB%A8
http://www.huajiang.cc/uploads/image/20160418/1460948615524815.jpg	http://m.huajiang.cc/article/7341.html
http://a4.att.hudong.com/83/16/01100000000000144739167464510_s.jpg	http://www.baike.com/wiki/%E9%87%91%E9%93%B6%E8%8A%B1
http://www.wiki8.com/UploadFiles/ZoomImg/2009-1/2009112185231833.jpg.jpg	http://www.wiki8.com/jinyinhua_22792/
http://gmimg.geimian.com/pic/2015/12/2015-12-10_195800.jpg	https://www.geimian.com/wx/56663.html
http://www.39ynt.com/wp-content/uploads/2015/12/t01dfcf80567f9ea165.png	http://www.39ynt.com/15131.html
http://www.zhongyao1.com/uploads/201411/1415241466RoN0QTsb.jpg	http://www.zhongyao1.com/doc-view-133.html
http://www.thjyh.com/upfile/2012103177872038.jpg	http://www.thjyh.com/pdkjwf.html
http://img0.pchouse.com.cn/pchouse/1406/29/734752_2.jpg	http://www.pchouse.com.cn/baike/shenghuo/2269/
http://a0.att.hudong.com/87/16/01100000000000144739167111585_s.jpg	http://www.baike.com/wiki/%E9%87%91%E9%93%B6%E8%8A%B1
http://img.cnys.com/uploads/allimg/140109/8-1401091K4290-L.jpg	http://www.cnys.com/yaoshan/jinyinhua.html
http://seopic.699pic.com/photo/10018/5426.jpg_wh1200.jpg	http://699pic.com/tupian-100185426.html
http://www.scnjkj.gov.cn/Article/UploadFiles/200907/2009070111305425.jpg	https://tieba.baidu.com/p/660245382
http://www.jinyinhuaha.com/UploadFiles/2010122144827262.jpg	http://www.jinyinhuaha.com/
http://image.club.china.com/3776/2008/8/10/1218357308529.jpg	http://club.china.com/data/thread/3776/256/00/63/7_1.html
http://img.cnys.com/upload/thumb/2014/11/0-d2Yr7d.jpg	http://m.cnys.com/shicai/33368.html
http://img.cnys.com/upload/thumb/2015/09/0-kuy32S.jpg	http://m.cnys.com/shicai/33368.html
http://www.52yhua.com/uploads/allimg/161105/1-161105201345.jpg	http://www.52yhua.com/muben/6302.html
http://www.chinaquest.com/upload/techan/201608/01/147002628399.jpg	http://www.chinaquest.com/techan/1934.html
http://img1.lishiwuyu.com/2012/6/4/r_0-0_1_0f259c28-c998-4880-ab2e-5abf395da3fd.jpg	http://www.lishiwuyu.com/lipin/jinyinhua01.html
http://webimg.zgny.com.cn/25141/ProductUpload/20101110926515703.jpg	http://webshop.zgny.com.cn/Products_35324.shtml
http://www.leha.com/Uploads/1227/f47b627853f7c.jpg	http://www.leha.com/health/127141
http://img.leha.com/0525/b0a731035d0fa.jpg	http://www.leha.com/health/93103
http://img1.3lian.com/2015/a2/156/d/227.jpg	http://www.zjerp.net/gif/2015/11-19/104647.html
http://m.39zhongyao.com/uploadfile/2016/0321/42-160102135623536.jpg	http://m.39zhongyao.com/zhongyaocai/jinyinhua/13752.html
http://pic.pingguolv.com/uploads/allimg/160710/124-160G0205342-lp.png	http://www.pingguolv.com/zy/jinyinhua/
http://a1.att.hudong.com/00/63/19300001390660144602631818966.jpg	http://huayu.baike.com/article-1765951.html
http://www.yuhuagu.com/uploads/allimg/100416/1_100416173748_1.jpg	http://www.yuhuagu.com/qita/2010/0416/629.html
http://www.40777.cn/upload/News/9/20116/20116278524499852.jpg	http://news.40777.cn/info_80939.html
http://www.ynxrny.com/UploadPhoto/Original/2012032715410203951.jpg	http://www.ynxrny.com/knowledge.aspx
http://pic13.nipic.com/20110408/7116848_204236561176_2.jpg	http://www.nipic.com/show/1/44/4477523k40d84191.html
http://h2.bytravel.cn/shop/head/1058.gif	http://shop.bytravel.cn/produce/5BC653BF91D194F682B1/
http://www.zcyzcy.com/pic/20120908212534583.jpg	http://www.zcyzcy.com/zhongyao/qingre/56.html
http://img1.lishiwuyu.com/2012/6/4/r_0-0_1_bfca52f0-c869-4fac-9ba3-4304b9509982.jpg	http://www.lishiwuyu.com/lipin/jinyinhua01.html
