
https://gss2.bdstatic.com/9fo3dSag_xI4khGkpoWK1HF6hhy/baike/c0%3Dbaike116%2C5%2C5%2C116%2C38/sign=3ffe82c44510b912abccfeaca2949766/d50735fae6cd7b896cbefffc0d2442a7d8330efb.jpg
https://gss2.bdstatic.com/9fo3dSag_xI4khGkpoWK1HF6hhy/baike/c0%3Dbaike72%2C5%2C5%2C72%2C24/sign=d8232623ebc4b7452099bf44ae957572/b3119313b07eca80b74e99ed912397dda1448375.jpg

https://gss1.bdstatic.com/9vo3dSag_xI4khGkpoWK1HF6hhy/baike/c0%3Dbaike92%2C5%2C5%2C92%2C30/sign=5c51912681cb39dbd5cd6f04b17f6241/9922720e0cf3d7cafa5ecabaf21fbe096a63a956.jpg
https://gss0.bdstatic.com/94o3dSag_xI4khGkpoWK1HF6hhy/baike/c0%3Dbaike92%2C5%2C5%2C92%2C30/sign=9bd136d86b600c33e474d69a7b253a6a/bd3eb13533fa828b56ac682ffd1f4134960a5a6b.jpg
https://gss3.bdstatic.com/7Po3dSag_xI4khGkpoWK1HF6hhy/baike/c0%3Dbaike92%2C5%2C5%2C92%2C30/sign=e5f61674d43f8794c7f2407cb3726591/3c6d55fbb2fb43161a918fb620a4462308f7d374.jpg
https://gss1.bdstatic.com/9vo3dSag_xI4khGkpoWK1HF6hhy/baike/c0%3Dbaike92%2C5%2C5%2C92%2C30/sign=a2a5adde4f4a20a425133495f13bf347/8cb1cb13495409233ce796b29258d109b2de4974.jpg
https://gss1.bdstatic.com/9vo3dSag_xI4khGkpoWK1HF6hhy/baike/c0%3Dbaike92%2C5%2C5%2C92%2C30/sign=5280941b36d12f2eda08a6322eabbe07/0eb30f2442a7d933e1f911bfad4bd11372f001ac.jpg
https://gss1.bdstatic.com/-vo3dSag_xI4khGkpoWK1HF6hhy/baike/c0%3Dbaike92%2C5%2C5%2C92%2C30/sign=4d8e46e4367adab429dd1311eabdd879/30adcbef76094b361938ee21a3cc7cd98c109d50.jpg
https://gss2.bdstatic.com/-fo3dSag_xI4khGkpoWK1HF6hhy/baike/c0%3Dbaike92%2C5%2C5%2C92%2C30/sign=721d9e238db1cb132a643441bc3d3d2b/b8014a90f603738defc2f9eeb31bb051f919ec76.jpg

https://gss2.bdstatic.com/9fo3dSag_xI4khGkpoWK1HF6hhy/baike/c0%3Dbaike180%2C5%2C5%2C180%2C60/sign=faff4079bc3eb13550cabfe9c777c3b6/8694a4c27d1ed21b74014274ad6eddc450da3f52.jpg
https://gss3.bdstatic.com/7Po3dSag_xI4khGkpoWK1HF6hhy/baike/c0%3Dbaike150%2C5%2C5%2C150%2C50/sign=fd603c990cd79123f4ed9c26cc5d32e7/cf1b9d16fdfaaf51c43eed2e8c5494eef11f7a45.jpg
https://gss1.bdstatic.com/-vo3dSag_xI4khGkpoWK1HF6hhy/baike/c0%3Dbaike92%2C5%2C5%2C92%2C30/sign=dcb1f4955982b2b7b392319650c4a08a/d31b0ef41bd5ad6ea031087b81cb39dbb7fd3c52.jpg
https://gss0.bdstatic.com/94o3dSag_xI4khGkpoWK1HF6hhy/baike/c0%3Dbaike92%2C5%2C5%2C92%2C30/sign=6fcc487ea9ec8a1300175fb2966afaea/9c16fdfaaf51f3de8c6fd5f594eef01f3b297945.jpg
https://gss1.bdstatic.com/9vo3dSag_xI4khGkpoWK1HF6hhy/baike/c0%3Dbaike150%2C5%2C5%2C150%2C50/sign=15c8dee5ebf81a4c323fe49bb6430b3c/b3b7d0a20cf431add2142fa84b36acaf2fdd9858.jpg

https://gss3.bdstatic.com/7Po3dSag_xI4khGkpoWK1HF6hhy/baike/c0%3Dbaike116%2C5%2C5%2C116%2C38/sign=b4a84f5315ce36d3b6098b625b9a51e2/30adcbef76094b3643b2a864a3cc7cd98d109d13.jpg
https://gss2.bdstatic.com/9fo3dSag_xI4khGkpoWK1HF6hhy/baike/c0%3Dbaike180%2C5%2C5%2C180%2C60/sign=89eacced0923dd54357eaf3ab060d8bb/bba1cd11728b4710fbeb4d45c3cec3fdfd032376.jpg
https://gss1.bdstatic.com/9vo3dSag_xI4khGkpoWK1HF6hhy/baike/c0%3Dbaike116%2C5%2C5%2C116%2C38/sign=64268a6e912397ddc274905638ebd9d2/9a504fc2d5628535e4c361a890ef76c6a7ef6313.jpg
https://gss2.bdstatic.com/9fo3dSag_xI4khGkpoWK1HF6hhy/baike/c0%3Dbaike116%2C5%2C5%2C116%2C38/sign=c7335471a786c9171c0e5a6ba8541baa/0ff41bd5ad6eddc40323047239dbb6fd53663376.jpg
https://gss1.bdstatic.com/9vo3dSag_xI4khGkpoWK1HF6hhy/baike/c0%3Dbaike116%2C5%2C5%2C116%2C38/sign=2936be7e9f3df8dcb23087c3ac7819ee/b7fd5266d0160924f2e11292d40735fae7cd3476.jpg

https://gss0.bdstatic.com/-4o3dSag_xI4khGkpoWK1HF6hhy/baike/c0%3Dbaike116%2C5%2C5%2C116%2C38/sign=2cd478aeb6315c60579863bdecd8a076/4034970a304e251f59e03043ad86c9177f3e5372.jpg
https://gss2.bdstatic.com/9fo3dSag_xI4khGkpoWK1HF6hhy/baike/c0%3Dbaike116%2C5%2C5%2C116%2C38/sign=4867db5024738bd4d02cba63c0e2ecb3/8b13632762d0f703035c315102fa513d2797c555.jpg
https://gss3.bdstatic.com/-Po3dSag_xI4khGkpoWK1HF6hhy/baike/c0%3Dbaike72%2C5%2C5%2C72%2C24/sign=6c7334b187d6277ffd1f3a6a49517455/203fb80e7bec54e7dda3ba14b9389b504fc26a69.jpg
https://gss3.bdstatic.com/-Po3dSag_xI4khGkpoWK1HF6hhy/baike/c0%3Dbaike60%2C5%2C5%2C60%2C20/sign=7e52da7020a446236ac7ad30f94b196b/d009b3de9c82d158dfcff9bb800a19d8bc3e426e.jpg
https://gss1.bdstatic.com/9vo3dSag_xI4khGkpoWK1HF6hhy/baike/c0%3Dbaike72%2C5%2C5%2C72%2C24/sign=0db2e824d21b0ef478e5900cbcad3abf/472309f790529822db7e99c9d7ca7bcb0a46d46f.jpg
https://gss3.bdstatic.com/7Po3dSag_xI4khGkpoWK1HF6hhy/baike/c0%3Dbaike72%2C5%2C5%2C72%2C24/sign=a7989dc0513d26973ade000f3492d99e/9825bc315c6034a859ab188bcb1349540923766a.jpg
https://gss3.bdstatic.com/-Po3dSag_xI4khGkpoWK1HF6hhy/baike/c0%3Dbaike72%2C5%2C5%2C72%2C24/sign=4a732f9bcd11728b24208470a995a8ab/f603918fa0ec08faca4eb3ad59ee3d6d55fbda6a.jpg
https://gss1.bdstatic.com/9vo3dSag_xI4khGkpoWK1HF6hhy/baike/c0%3Dbaike72%2C5%2C5%2C72%2C24/sign=2f6b3de9fd1f4134f43a0d2c4476feaf/e824b899a9014c08e77388af0a7b02087bf4f474.jpg
https://gss1.bdstatic.com/9vo3dSag_xI4khGkpoWK1HF6hhy/baike/c0%3Dbaike72%2C5%2C5%2C72%2C24/sign=07a54003b6003af359b7d4325443ad39/d000baa1cd11728b76662c28c8fcc3cec3fd2c74.jpg
https://gss2.bdstatic.com/9fo3dSag_xI4khGkpoWK1HF6hhy/baike/c0%3Dbaike72%2C5%2C5%2C72%2C24/sign=d8232623ebc4b7452099bf44ae957572/b3119313b07eca80b74e99ed912397dda1448375.jpg
https://gss3.bdstatic.com/-Po3dSag_xI4khGkpoWK1HF6hhy/baike/c0%3Dbaike72%2C5%2C5%2C72%2C24/sign=6c7534b187d6277ffd1f3a6a49517455/203fb80e7bec54e7dda5ba14b9389b504fc26a6b.jpg

https://gss3.bdstatic.com/-Po3dSag_xI4khGkpoWK1HF6hhy/baike/c0%3Dbaike180%2C5%2C5%2C180%2C60/sign=e6ef9aff20a446236ac7ad30f94b196b/3b87e950352ac65c9bf586f6fbf2b21192138a47.jpg
https://gss1.bdstatic.com/-vo3dSag_xI4khGkpoWK1HF6hhy/baike/c0%3Dbaike150%2C5%2C5%2C150%2C50/sign=91da52f1ebf81a4c323fe49bb6430b3c/b3b7d0a20cf431ad5606a3bc4b36acaf2fdd985b.jpg
https://gss1.bdstatic.com/-vo3dSag_xI4khGkpoWK1HF6hhy/baike/c0%3Dbaike150%2C5%2C5%2C150%2C50/sign=c287f511462309f7f362a54013676796/342ac65c10385343763f67a49313b07ecb808847.jpg
https://gss2.bdstatic.com/-fo3dSag_xI4khGkpoWK1HF6hhy/baike/c0%3Dbaike272%2C5%2C5%2C272%2C90/sign=7cd26bbc6b63f62408503151e62d809d/c75c10385343fbf23cdc46a6b07eca8064388f47.jpg
https://gss2.bdstatic.com/-fo3dSag_xI4khGkpoWK1HF6hhy/baike/c0%3Dbaike150%2C5%2C5%2C150%2C50/sign=19ad3e4d1a4c510fbac9ea4801304e48/d1a20cf431adcbefe8e09e83acaf2edda2cc9f5b.jpg
https://gss3.bdstatic.com/7Po3dSag_xI4khGkpoWK1HF6hhy/baike/c0%3Dbaike116%2C5%2C5%2C116%2C38/sign=31c4bed6f6246b606f03ba268a917129/11385343fbf2b2111cde65cbca8065380dd78e47.jpg
https://gss0.bdstatic.com/94o3dSag_xI4khGkpoWK1HF6hhy/baike/c0%3Dbaike116%2C5%2C5%2C116%2C38/sign=fbae23916b600c33e474d69a7b253a6a/5243fbf2b211931320b31f3565380cd790238d47.jpg
https://gss0.bdstatic.com/94o3dSag_xI4khGkpoWK1HF6hhy/baike/c0%3Dbaike116%2C5%2C5%2C116%2C38/sign=fb5c1c5f15ce36d3b6098b625b9a51e2/30adcbef76094b360c46fb68a3cc7cd98c109d5b.jpg
https://gss1.bdstatic.com/9vo3dSag_xI4khGkpoWK1HF6hhy/baike/c0%3Dbaike150%2C5%2C5%2C150%2C50/sign=019f4d97720e0cf3b4fa46a96b2f997a/faf2b2119313b07e5b4db08d0cd7912396dd8c47.jpg
https://gss2.bdstatic.com/9fo3dSag_xI4khGkpoWK1HF6hhy/baike/c0%3Dbaike150%2C5%2C5%2C150%2C50/sign=7b10029f6059252db71a155655f2685e/77094b36acaf2edd0125a96c8d1001e93801935b.jpg

https://gss2.bdstatic.com/9fo3dSag_xI4khGkpoWK1HF6hhy/baike/c0%3Dbaike272%2C5%2C5%2C272%2C90/sign=ebe26e62277f9e2f6438155a7e598241/09fa513d269759ee7704bc4fb2fb43166c22dfda.jpg
https://gss2.bdstatic.com/9fo3dSag_xI4khGkpoWK1HF6hhy/baike/c0%3Dbaike272%2C5%2C5%2C272%2C90/sign=eae240b54c086e067ea5371963611091/6c224f4a20a446235b8c79e69822720e0df3d7f4.jpg
https://gss0.bdstatic.com/94o3dSag_xI4khGkpoWK1HF6hhy/baike/c0%3Dbaike220%2C5%2C5%2C220%2C73/sign=0aba1eb7918fa0ec6bca6c5f47fe328b/d8f9d72a6059252dbc40c180349b033b5ab5b9db.jpg
https://gss2.bdstatic.com/-fo3dSag_xI4khGkpoWK1HF6hhy/baike/c0%3Dbaike180%2C5%2C5%2C180%2C60/sign=c586bd5336d12f2eda08a6322eabbe07/9358d109b3de9c826f32250b6c81800a18d843db.jpg
https://gss1.bdstatic.com/-vo3dSag_xI4khGkpoWK1HF6hhy/baike/c0%3Dbaike150%2C5%2C5%2C150%2C50/sign=ed2e7196720e0cf3b4fa46a96b2f997a/faf2b2119313b07eb7fc8c8c0cd7912396dd8cf5.jpg
