
http://www.baihuamen.com/d/file/2014/05-28/27b5225a041437486c193caea5d6d52c.jpg	http://www.baihuamen.com/jialongtouhua/
http://www.zhongzi.net/files/allimg/151130/1-151130144P5145.jpg	http://m.zhongzi.net/huahui/jialongtouhua.htm
http://www.52yhua.com/uploads/allimg/160620/1-160620233520.jpg	http://www.52yhua.com/sugentp/2630.html
http://img.boqiicdn.com/Data/BK/P/imagick53581451381038.jpg	http://www.boqii.com/entry/detail/2371.html
http://img.redocn.com/sheying/20140811/jialongtouhuagaoqingsheying_2877707.jpg	http://sucai.redocn.com/dongwuzhiwu_2877707.html
http://img.boqiicdn.com/Data/BK/A/1512/29/imagick49521451370323_y.jpg	http://www.boqii.com/entry/detail/2371.html
http://img.boqiicdn.com/Data/BK/A/1512/29/imagick93691451371089_y.jpg	http://www.boqii.com/entry/detail/2371.html
https://i1.kknews.cc/large/1c5e0005f34c6d79ca16	https://kknews.cc/home/z6lp8vq.html
http://img.xunhai.com/2015/11/26/144851723732.jpg	http://www.xunhai.com/jialongtouhua/2015/1126/4223.html
http://www.baihuamen.com/d/file/2014/05-28/46dcaf36d078abd4fb09cb4a5fd4b78b.jpg	http://www.baihuamen.com/jialongtouhua/16821_2.html
http://www.fpcn.net/uploads/allimg/130925/2-130925110504F4.JPG	http://www.fpcn.net/a/caobenhuahui/20130925/Physostegia_virginiana.html
http://www.baihuamen.com/d/file/2014/05-28/8b03ac901db9dab1b333ddcd230e6083.jpg	http://www.baihuamen.com/jialongtouhua/
http://www.baihuamen.com/d/file/2014/05-28/12b3db30b20e75191ffcb44ec792a5f4.jpg	http://www.baihuamen.com/jialongtouhua/
http://pic1.win4000.com/pic/8/c3/934d1365532.jpg	http://www.palmedazur.com/meinv114709_6.html
http://img.redocn.com/sheying/20150710/shengkaidezisejialongtouhuahuayuan_4627088.jpg	http://sucai.redocn.com/dongwuzhiwu_4627088.html
http://misc.home.news.cn/public/images/original/00/1C/87/61/61.jpg	http://www.dianliwenmi.com/postimg_5400825.html
http://www.baihuamen.com/d/file/2014/05-28/0ad8435a706d42a618cd020ef806d266.jpg	http://www.baihuamen.com/jialongtouhua/
http://www.baihuamen.com/d/file/2014/05-28/402a33020b8dd0dd8ec38247259c366a.jpg	http://www.baihuamen.com/jialongtouhua/16821_11.html
http://pic23.nipic.com/20120829/4224370_104707355000_2.jpg	http://www.nipic.com/show/6734958.html
http://pic47.nipic.com/20140903/19266957_202839603000_2.jpg	http://www.nipic.com/show/10919114.html
https://gss0.bdstatic.com/-4o3dSag_xI4khGkpoWK1HF6hhy/baike/s%3D220/sign=0479f31127f5e0feea188e036c6134e5/bba1cd11728b47104d7401c4c9cec3fdfc03235b.jpg	https://baike.baidu.com/item/%E5%81%87%E9%BE%99%E5%A4%B4%E8%8A%B1
http://s2.sinaimg.cn/mw690/001m8IVhzy7cTERfOEx31&690	http://blog.sina.com.cn/s/blog_4a1b1f8f0102xuas.html
https://gss2.bdstatic.com/-fo3dSag_xI4khGkpoWK1HF6hhy/baike/s%3D220/sign=4949ae080a46f21fcd345951c6256b31/d1a20cf431adcbefe88a9ef5acaf2edda2cc9f83.jpg	https://baike.baidu.com/item/%E5%81%87%E9%BE%99%E5%A4%B4%E8%8A%B1
http://img313.ph.126.net/OeE2C7PTn0aAfp_ZcsP_zQ==/3666493046633579776.jpg	http://bd1560.blog.163.com/blog/static/83163720108283237628/
http://pic1.win4000.com/pic/8/c3/934d1365540.jpg	http://www.win4000.com/meinv114709_14.html
https://gss1.bdstatic.com/-vo3dSag_xI4khGkpoWK1HF6hhy/baike/c0%3Dbaike60%2C5%2C5%2C60%2C20/sign=c24de2d40946f21fdd395601974d0005/b03533fa828ba61ebd5464004234970a304e5962.jpg	https://baike.baidu.com/item/%E5%81%87%E9%BE%99%E5%A4%B4%E8%8A%B1
http://www.baihuamen.com/d/file/2014/05-28/cbf5a95a69ad99dbb404a4cc2eb5bd3e.jpg	http://www.baihuamen.com/jialongtouhua/16821_13.html
http://pic136.nipic.com/file/20170722/4224370_172055957000_2.jpg	http://www.nipic.com/show/17743585.html
http://www.baihuamen.com/d/file/2014/05-28/189b8065757a49e747691b422a22a720.jpg	http://www.baihuamen.com/jialongtouhua/16821_10.html
http://pic136.nipic.com/file/20170722/4224370_172047268000_2.jpg	http://www.nipic.com/show/17743583.html
http://pic136.nipic.com/file/20170722/4224370_172047174000_2.jpg	http://www.nipic.com/show/17743584.html
http://img.boqiicdn.com/Data/BK/P/imagick13091451380956.jpg	http://www.boqii.com/entry/detail/2371.html
https://gw.alicdn.com/bao/uploaded/i2/2601327817/TB2LxQyX0WgF1Jjy0FhXXbeEFXa_!!2601327817.jpg_230x230.jpg	https://www.taobao.com/oshtml/buy-cn/cp_vNnB-s23u6jW1tfT.html
https://gw.alicdn.com/bao/uploaded/i1/3221872797/TB2ixTpXIqGJuJjSZFyXXXFvpXa_!!3221872797.jpg_230x230.jpg	https://www.taobao.com/oshtml/buy-cn/cp_vNnB-s23u6jW1tfT.html
http://www.baihuamen.com/d/file/2014/05-28/3690afd7f02b6151820aa7d3b37ca652.jpg	http://www.baihuamen.com/jialongtouhua/16821_22.html
http://pic1.win4000.com/pic/8/c3/934d1365529.jpg_195.jpg	http://www.win4000.com/meinv114709.html
http://www.baihuamen.com/d/file/2014/05-28/b8cdfb84eeb005b2a3f0c35c92150582.jpg	http://www.baihuamen.com/jialongtouhua/16821_15.html
http://pic1.win4000.com/pic/8/c3/934d1365528.jpg	http://www.win4000.com/meinv114709_2.html
http://www.baihuamen.com/d/file/2014/05-28/eb633b19f4b0d11b447417a2e8b70fbb.jpg	http://www.baihuamen.com/jialongtouhua/16821_5.html
http://www.iqiya.com/uploadfile/article/255/1_e6r16h30_150206205150_1.jpg	http://www.iqiya.com/article/2015-04-11/8120.html
https://gss2.bdstatic.com/9fo3dSag_xI4khGkpoWK1HF6hhy/baike/w%3D400/sign=3c48b499b1389b5038ffe152b534e5f1/6d81800a19d8bc3ebbaca84d8a8ba61ea9d34594.jpg	https://baike.baidu.com/item/%E5%81%87%E9%BE%99%E5%A4%B4%E8%8A%B1
https://gw.alicdn.com/bao/uploaded/i1/TB1lmU.HFXXXXaFXFXXXXXXXXXX_!!0-item_pic.jpg_230x230.jpg	https://www.taobao.com/oshtml/buy-cn/cp_vNnB-s23u6jW1tfT.html
https://gw.alicdn.com/bao/uploaded/i1/1630898459/TB2RlrHXam5V1BjSspbXXX6sXXa_!!1630898459.jpg_230x230.jpg	https://www.taobao.com/oshtml/buy-cn/cp_vNnB-s23u6jW1tfT.html
http://img.redocn.com/sheying/20170206/jialongtouhua_7828143.jpg	http://sucai.redocn.com/dongwuzhiwu_7828143.html
http://www.huayugu.com.cn/uploads/allimg/160804/1-160P40420380-L.jpg	http://www.huayugu.com.cn/jialongtou/
http://www.baihuamen.com/d/file/2014/05-28/44bec6510da3d82226d5eb10417b0e35.jpg	http://www.baihuamen.com/jialongtouhua/16821_9.html
http://www.baihuamen.com/d/file/2014/05-28/fc6f1677725d70cd78d3f90c14106beb.jpg	http://www.baihuamen.com/jialongtouhua/16821_20.html
http://www.baihuamen.com/d/file/2014/05-28/c64d7d07c0c9e08d873ff6257891c055.jpg	http://www.baihuamen.com/jialongtouhua/16821_21.html
http://www.huayugu.com.cn/uploads/allimg/160804/1-160P4040Z90-L.jpg	http://www.huayugu.com.cn/jialongtou/16109.html
http://www.baihuamen.com/d/file/2014/05-28/127cc8ff97de6a8048fd5dcbdb26e923.jpg	http://www.baihuamen.com/jialongtouhua/16821_19.html
http://www.baihuamen.com/d/file/2014/05-28/70bee25f1a108f6b6582ce3671f669a1.jpg	http://www.baihuamen.com/jialongtouhua/16821_23.html
http://www.baihuamen.com/d/file/2014/05-28/d6d94afb8954ce03734b7647580350ac.jpg	http://www.baihuamen.com/jialongtouhua/16821_14.html
http://img.boqiicdn.com/Data/BK/A/1512/29/imagick31781451368928_y.jpg	http://www.boqii.com/entry/detail/2371.html
http://www.baihuamen.com/d/file/2014/05-28/fd23fa25905b5433f47ff66a3970ce9c.jpg	http://www.baihuamen.com/jialongtouhua/16821_16.html
http://www.baihuamen.com/d/file/2014/05-28/a7989dccebb236e3c44dc669d5390b23.jpg	http://www.baihuamen.com/jialongtouhua/16821_4.html
http://www.baihuamen.com/d/file/2014/05-28/419c6a775744164a1afd025d272e8e7d.jpg	http://www.baihuamen.com/jialongtouhua/16821_6.html
http://www.baihuamen.com/d/file/2014/05-28/bed0a12a504f277b0ea38ffe746372dd.jpg	http://www.baihuamen.com/jialongtouhua/16821_18.html
http://img.redocn.com/sheying/20160926/fenjialongtouhua_7159417.jpg	http://sucai.redocn.com/dongwuzhiwu_7159417.html
http://s7.sinaimg.cn/mw690/001m8IVhzy7cTERI4FUe6&690	http://blog.sina.com.cn/s/blog_4a1b1f8f0102xuas.html
https://gw.alicdn.com/bao/uploaded/i3/16298043530932290/T1HQSFFeRfXXXXXXXX_!!0-item_pic.jpg_230x230.jpg	https://www.taobao.com/oshtml/buy-cn/cp_vNnB-s23u6jW1tfT.html
http://img.redocn.com/sheying/20160926/fenzisedejialongtouhua_7159443.jpg	http://sucai.redocn.com/dongwuzhiwu_7159443.html
http://misc.home.news.cn/public/images/original/00/3E/4E/97/97.jpg	http://xhzwy2009.home.news.cn/blog/a/0101002CB7990B42F72F9F71.html
http://img.redocn.com/sheying/20160926/fenbaisejialongtouhua_7159415.jpg	http://sucai.redocn.com/dongwuzhiwu_2877701.html
http://img.redocn.com/sheying/20160926/fenzijialongtouhua_7159421.jpg	http://sucai.redocn.com/dongwuzhiwu_2877701.html
http://www.hllhz.com/UploadFiles/Others/201609051558036718474.jpg	http://www.hllhz.com/Products/jlthhzz.html
http://pic1.win4000.com/pic/8/c3/934d1365534.jpg	http://www.win4000.com/meinv114709_8.html
http://www.neipet.com/wp-content/uploads/2016/08/jlth.png	http://www.neipet.com/plant/30163.html
http://www.hllhz.com/UploadFiles/FCK/2016-09/6360868795931250007309738.jpg	http://www.hllhz.com/Products/jlthhzz.html
http://pic1.win4000.com/pic/8/c3/934d1365527.jpg	http://www.win4000.com/meinv114709.html
http://gw.alicdn.com/bao/uploaded/i4/TB1mKV8FVXXXXXRXFXXXXXXXXXX_!!0-item_pic.jpg_200x200.jpg_.webp	https://m.taobao.com/article/BxAoFoDbE9DQErDm.html
http://s14.sinaimg.cn/mw690/0016EbTuzy74GKj0R3f8d&690	http://blog.sina.com.cn/s/blog_3c760d9c0102wwm7.html
http://pic1.win4000.com/pic/5/8a/fefd1365549.jpg_195.jpg	http://www.win4000.com/meinv114709.html
http://img14.hc360.cn/14/busin/992/805/b/14-99280544.jpg	http://b2b.hc360.com/supplyself/120070031.html
http://pic47.nipic.com/20140903/19266957_202716702000_2.jpg	http://www.nipic.com/show/10917049.html
http://pic1.win4000.com/pic/f/b9/d6771365526.jpg_195.jpg	http://www.win4000.com/meinv114709.html
http://s14.sinaimg.cn/mw690/001ROMKqgy6VO1hkdAx5d&690	http://blog.sina.com.cn/s/blog_66019f9e0100r6lw.html
http://gw.alicdn.com/bao/uploaded/i2/TB12IHcLFXXXXbkXVXXXXXXXXXX_!!0-item_pic.jpg_200x200.jpg_.webp	https://m.taobao.com/article/BxAoFoDbE9DQErDm.html
http://img.xunhai.com/2015/11/26/144851721249148.jpg	http://www.xunhai.com/jialongtouhua/
http://www.huayugu.com.cn/uploads/allimg/160804/1-160P4041U10-L.jpg	http://www.huayugu.com.cn/jialongtou/
https://b-ssl.duitang.com/uploads/item/201603/19/20160319094006_fPBcK.jpeg	https://www.duitang.com/blog/?id=548810283
http://www.huayugu.com.cn/uploads/allimg/160804/1-160P40424090-L.jpg	http://www.huayugu.com.cn/jialongtou/
http://img.redocn.com/sheying/20150910/fanshengdejialongtouhua_4947262.jpg	http://sucai.redocn.com/dongwuzhiwu_4947262.html
http://img.redocn.com/sheying/20150924/yiduojialongtouhua_5015676.jpg	http://sucai.redocn.com/dongwuzhiwu_5015676.html
http://gw.alicdn.com/bao/uploaded/i3/TB1JkeDPFXXXXXoaFXXXXXXXXXX_!!0-item_pic.jpg_200x200.jpg_.webp	https://m.taobao.com/article/BxAoFoDbE9DQErDm.html
http://www.hllhz.com/UploadFiles/FCK/2016-09/6360868807987500001543175.jpg	http://www.hllhz.com/Products/jlthhzz.html
http://img.zwbk.org/baike/spic/2012/07/04/20120704151318672_6667.jpg	http://www.zwbk.org/MyLemmaShow.aspx?lid=249238
http://img.files.swws.258.com//swws/2017/0514/10/5917c500d5ac2.jpg	http://www.huahuijidi.net/Product-detail-id-530473.html
http://gw.alicdn.com/bao/uploaded/i2/2504954197/TB25gM8lFXXXXbOXXXXXXXXXXXX_!!2504954197.jpg_200x200.jpg_.webp	https://m.taobao.com/article/BxAoFoDbE9DQErDm.html
http://gw.alicdn.com/bao/uploaded/i3/T1F62FXltjXXbJNaIZ_031338.jpg_200x200.jpg_.webp	https://m.taobao.com/article/BxAoFoDbE9DQErDm.html
http://www.huayugu.com.cn/uploads/allimg/160804/1-160P40413590-L.jpg	http://www.huayugu.com.cn/jialongtou/
http://s6.sinaimg.cn/mw690/0016EbTuzy74GKnF71j55&690	http://blog.sina.com.cn/s/blog_3c760d9c0102wwm7.html
http://s7.sinaimg.cn/middle/66019f9ena1164974d986&690	http://blog.sina.com.cn/s/blog_66019f9e0100r6lw.html
http://img.xunhai.com/2016/01/11/145244986781561.jpg	http://www.xunhai.com/jialongtou/2016/0111/28280.html
http://www.hepgds.com/wp-content/uploads/2012/11/11210301.jpg	http://www.hepgds.com/3013.html
https://gw.alicdn.com/bao/uploaded/i4/TB1ti.tRXXXXXXIXFXXXXXXXXXX_!!2-item_pic.png_230x230.jpg	https://www.taobao.com/article/CjDNDlFGD3DYDhCI.html
http://s15.sinaimg.cn/mw690/0016EbTuzy74GKnWrTw3e&690	http://blog.sina.com.cn/s/blog_3c760d9c0102wwm7.html
http://www.sccae.com/UploadFiles/2016-08/2/20168114129739716.jpg	http://www.sccae.com/act/2016/08/03074128478.html
http://www.weisanli.com/images/perennial/upfile/1205379751.jpg	http://www.weisanli.com/perennial/1496/physostegia-virginiana
http://www.hllhz.com/UploadFiles/FCK/2016-09/6360868799167187505863062.jpg	http://www.hllhz.com/Products/jlthhzz.html
http://img.redocn.com/sheying/20140811/shengkaidejialongtouhua_2877701.jpg	http://sucai.redocn.com/dongwuzhiwu_2877701.html
