
https://www.huabaike.com/uploads/allimg/artimg/201703/20170309161630_14004.jpg	https://www.huabaike.com/yhjq/7556.html
http://www.baihuamen.com/d/file/2014/05-13/18e827817facc92a6ef6c7087cead114.jpg	http://www.baihuamen.com/hudiehua/
https://www.huabaike.com/uploads/allimg/sltimg/201511/56457571c8456.jpg	https://www.huabaike.com/cbzw/618.html
https://www.huabaike.com/uploads/allimg/artimg/201511/20151127101618_48674.jpg	https://www.huabaike.com/jtyh/14.html
http://pic18.nipic.com/20111207/9005850_233054344101_2.jpg	http://www.nipic.com/show/1/44/5463906kd374c551.html
http://kplant.biodiv.tw/%E8%9D%B4%E8%9D%B6%E8%8A%B1/%E8%9D%B4%E8%9D%B6%E8%8A%B1-%E7%B4%AB%E8%8A%B104.JPG	http://kplant.biodiv.tw/%E8%9D%B4%E8%9D%B6%E8%8A%B1/%E8%9D%B4%E8%9D%B6%E8%8A%B1.htm
https://upload.wikimedia.org/wikipedia/commons/thumb/1/15/Iris_japonica1_flower.jpg/300px-Iris_japonica1_flower.jpg	https://zh.wikipedia.org/wiki/%E8%9D%B4%E8%9D%B6%E8%8A%B1
http://kplant.biodiv.tw/%E8%9D%B4%E8%9D%B6%E8%8A%B1/%E8%9D%B4%E8%9D%B6%E8%8A%B1-%E7%B4%AB%E8%8A%B106.JPG	http://kplant.biodiv.tw/%E8%9D%B4%E8%9D%B6%E8%8A%B1/%E8%9D%B4%E8%9D%B6%E8%8A%B1.htm
http://www.cn486.com/Wallpaper-Flower/tu/17pansy/1024/011.jpg	http://shuizhongxumin.lofter.com/post/1cc5a24c_b2bdd47
http://www.tupian1.com/uploads/allimg/140630/2-140630161041-50.jpg	http://m.tupian1.com/zhiwu/hua/0630143.html
http://file.tonghua5.com/allimg/120703/1_120703222448_1.jpg	http://www.tonghua5.com/jingdiantonghua/20328.html
http://pic2.nipic.com/20090505/2596723_125202094_2.jpg	http://www.nipic.com/show/1/47/2ebf9ae6a44e9c07.html
http://pic1.nipic.com/2008-10-22/20081022144429142_2.jpg	http://www.nipic.com/show/1/8/8df6c0c39dd96167.html
http://pic60.nipic.com/file/20150207/10589333_134023847786_2.jpg	http://www.nipic.com/show/11949280.html
http://img.product.pchome.net/sample_pic/00/00/06/95/695_7_1_m.jpg	http://zhidao.baidu.com/question/53581540.html
http://www.52yhua.com/uploads/allimg/160908/1-160ZR25422.jpg	http://www.52yhua.com/jishu/3517.html
https://www.huabaike.com/uploads/allimg/artimg/201612/20161223090359_14383.jpg	https://www.huabaike.com/hyjk/6441.html
http://www.chem.pku.edu.cn/gonghui/Main/photo2010/images/%E6%B3%A2%E9%B8%BF%E5%A4%A7%E5%AD%A6-%E5%8F%8C%E8%89%B2%E8%9D%B4%E8%9D%B6%E8%8A%B1_jpg.jpg	http://www.chem.pku.edu.cn/gonghui/Main/photo2010/pages/%E6%B3%A2%E9%B8%BF%E5%A4%A7%E5%AD%A6-%E5%8F%8C%E8%89%B2%E8%9D%B4%E8%9D%B6%E8%8A%B1_jpg.htm
http://www.wed114.cn/jiehun/uploads/allimg/150521/43_150521104456_1.jpg	http://m.zx.wed114.cn/huayudaquan/20150521136742.html
http://www.huajiang.cc/uploads/allimg/140614/9-140614161U20-L.jpg	http://m.huajiang.cc/tag/539.html
http://news.china-flower.com/Upload2005/2013-1-25/2013125125344523.jpg	http://news.china-flower.com/paper/papernewsinfo.asp?n_id=229108
http://a3.att.hudong.com/75/91/300001172428130058911912123.jpg	http://tupian.baike.com/74683/15.html?prd=zutu_thumbs
http://pic6.nipic.com/20100420/4369400_172405183688_2.jpg	http://www.nipic.com/show/1/44/554830ba0d8a5079.html
https://f.share.photo.xuite.net/slinwang.tw/1f2aa16/9619129/421081181_m.jpg	http://blog.xuite.net/slinwang.tw/twblog/119354150-%E6%9C%A8%E6%9C%AC%E8%8A%B1%E5%8D%89~%E8%97%8D%E8%9D%B4%E8%9D%B6%E8%8A%B1
http://img.boqiicdn.com/Data/BK/A/1509/24/imagick31321443076827_y.jpg	http://www.boqii.com/entry/detail/2072.html
http://link.photo.pchome.com.tw/s08/slinwang/162/132145390719/	http://mypaper.pchome.com.tw/slinwang/post/1313596992
http://pic1.nipic.com/2008-10-15/20081015235514388_2.jpg	http://www.nipic.com/show/1122601.html
http://pic17.nipic.com/20111117/6863287_012435861161_2.jpg	http://www.nipic.com/show/1/44/5374250k864df03d.html
http://pic.pimg.tw/qq7777/1381554184-424490694.jpg	http://qq7777.pixnet.net/blog/post/270985364-%E8%97%8D%E8%9D%B4%E8%9D%B6%E8%8A%B1
http://pic2.cxtuku.com/00/02/24/b839317aee6d.jpg	http://www.cxtuku.com/pic_224839.html
https://www.huabaike.com/uploads/allimg/artimg/201612/20161223090811_51498.jpg	https://www.huabaike.com/hyjk/6441.html
http://pic16.nipic.com/20110923/7238648_151659741195_2.jpg	http://www.nipic.com/show/5132587.html
http://www.iqiya.com/uploadfile/2014/1103/20141103084100682.jpg	http://www.iqiya.com/article/2014-11-03/6145.html
http://pic17.nipic.com/20111124/5852238_084728413000_2.jpg	http://www.nipic.com/show/1/44/5413940k72efac04.html
http://www.mygardenlife.com.tw/images/article/100815/a100815_103694_1439866470.JPG	http://www.mygardenlife.com.tw/article_content.php?pk=100815
http://pic.nipic.com/2007-08-31/2007831153435663_2.jpg	http://www.nipic.com/show/32823.html
https://www.huabaike.com/uploads/allimg/sltimg/201511/564574c00c665.jpg	https://www.huabaike.com/cbzw/618.html
http://pic3.nipic.com/20090619/2721555_003518992_2.jpg	http://www.nipic.com/show/1/44/3c83060eab1ca633.html
http://pic.nipic.com/2008-04-07/20084710216968_2.jpg	http://www.nipic.com/show/1/44/c7fb85d732593416.html
http://pic8.nipic.com/20100608/4822408_094354006782_2.jpg	http://www.nipic.com/show/1/44/94fed951a0a43107.html
http://pic7.nipic.com/20100510/3871838_113707044119_2.jpg	http://www.nipic.com/show/1/44/712748ae42addaf9.html
http://pic13.nipic.com/20110424/208491_225318343194_2.jpg	http://www.nipic.com/show/1/44/4495289k3d07d690.html
http://pic7.nipic.com/20100425/4271569_174842009075_2.jpg	http://www.nipic.com/show/1/44/c09e24d3b9a57da6.html
http://pic22.nipic.com/20120727/2457331_103549055320_2.jpg	http://www.nipic.com/show/3/40/6572803k9ab56c20.html
http://pic7.nipic.com/20100607/4691817_110157041625_2.jpg	http://www.nipic.com/show/3262970.html
http://pic15.nipic.com/20110802/2587474_165036008306_2.jpg	http://www.nipic.com/show/4/79/4916128kccc37c49.html
http://img.zhaogepu.com/20120405/635004169683225302_927.gif	http://www.zhaogepu.com/jianpu/230640.html
http://web.kkes.tc.edu.tw/QRcode/club/c02.jpg	http://web.kkes.tc.edu.tw/QRcode/c02.htm
http://pic.nipic.com/2007-08-16/2007816104923188_2.jpg	http://www.nipic.com/show/1/72/d4d27860441353b2.html
https://b.share.photo.xuite.net/giinhow/1bf7dc5/7499487/284179942_m.jpg	http://blog.xuite.net/giinhow/twblog/108011031-%E6%BB%BF%E6%A8%B9%E9%A3%9B%E8%88%9E%E7%9A%84%E7%B4%85%E8%9D%B4%E8%9D%B6%E8%8A%B1
https://thumbs.dreamstime.com/z/%E8%8A%B1-%E8%9D%B6%E8%8A%B1-32001008.jpg	https://cn.dreamstime.com/%E5%85%8D%E7%89%88%E7%A8%8E%E5%BA%93%E5%AD%98%E7%85%A7%E7%89%87-%E8%8A%B1-%E8%9D%B6%E8%8A%B1-image32001008
http://4.bp.blogspot.com/-et_G5SgNc2M/UNgV8kpFvFI/AAAAAAAAAOA/mItQLJxZ2KM/s1600/2011_03010032.JPG	http://blog.igarden.com.tw/2012/12/Schizanthus.html
http://images.nongmiao.com/big/baike/2014/08/30/19/1408301935294861.jpg	http://www.nongmiao.com/baike/hudiehua.html
http://img02.tooopen.com/Downs/images/2010/7/22/sy_2010072217021867305.jpg	http://www.tooopen.com/view/86055.html
http://pic13.nipic.com/20110310/2910787_101744398162_2.jpg	http://www.nipic.com/show/1/44/4326694kff00da7a.html
http://www.52yhua.com/uploads/allimg/160908/1-160ZR25419.jpg	http://www.52yhua.com/jishu/3517.html
http://pic1.nipic.com/2008-10-22/2008102215623957_2.jpg	http://www.nipic.com/show/1/8/9238cced0ad9aec3.html
http://pic4.nipic.com/20091120/1675177_114144586953_2.jpg	http://www.nipic.com/show/2/61/a40fe851e879f390.html
http://pic12.nipic.com/20110103/2457331_133650189000_2.jpg	http://www.nipic.com/show/1/44/4127096k5c71be2b.html
https://www.huabaike.com/uploads/allimg/sltimg/201703/58cca69c5990b.jpg	https://www.huabaike.com/cbzw/618.html
http://pic10.nipic.com/20101009/3195868_161328824000_2.jpg	http://www.nipic.com/show/3781945.html
https://9.share.photo.xuite.net/yinshiu/19870e0/7442980/282820796_m.jpg	http://blog.xuite.net/yinshiu/twblog/106144187-100-1009%E8%97%8D%E8%9D%B4%E8%9D%B6%EF%BC%8E%E8%8A%B1%E8%9D%B4%E8%9D%B6
http://link.photo.pchome.com.tw/s08/slinwang/162/132145389853/	http://mypaper.pchome.com.tw/slinwang/post/1313596992
https://upload.wikimedia.org/wikipedia/commons/thumb/d/d8/Iris_tectorum_01.JPG/300px-Iris_tectorum_01.JPG	https://zh-yue.wikipedia.org/wiki/%E8%97%8D%E8%9D%B4%E8%9D%B6%E8%8A%B1
http://pic7.nipic.com/20100429/4271569_222956009167_2.jpg	http://www.nipic.com/show/1/44/980bc6f4c281ffd6.html
http://pic.nipic.com/2007-12-13/2007121315150578_2.jpg	http://www.nipic.com/show/3/70/f67ebbc83ed2f5cd.html
http://www.52yhua.com/uploads/allimg/160908/1-160ZR25020.jpg	http://www.52yhua.com/fanzhi/3516.html
http://kplant.biodiv.tw/%E8%8A%B1%E8%9D%B4%E8%9D%B6/%E8%8A%B1%E8%9D%B4%E8%9D%B6-%E8%8A%B140.JPG	http://kplant.biodiv.tw/%E8%8A%B1%E8%9D%B4%E8%9D%B6/%E8%8A%B1%E8%9D%B4%E8%9D%B6.htm
http://pic.pimg.tw/rong152725/1384533943-818408022.jpg	http://rong152725.pixnet.net/blog/post/304656254-%E8%97%8D%E8%9D%B4%E8%9D%B6%E8%8A%B1
https://i2.read01.com/uploads/0ErEu7cY8U.jpg	https://read01.com/kPEQxe.html
http://www.cnnews.com.tw/cnnews/0003tn/w2/images/15-2.jpg	http://www.cnnews.com.tw/cnnews/0003tn/w2/images/hea-15.htm
http://img.pconline.com.cn/images/photoblog/4/8/8/6/4886423/20087/5/1215234318119_mthumb.jpg	http://dp.pconline.com.cn/sphoto/467283.html
http://pic.nipic.com/2008-01-09/20081910231680_2.jpg	http://www.nipic.com/show/1/44/7efd7c5e81ad0658.html
https://www.huabaike.com/uploads/allimg/sltimg/201511/5657c2087bee3.jpg	https://www.huabaike.com/jtyh/14.html
http://pic27.nipic.com/20130130/2786001_104807603000_2.jpg	http://www.nipic.com/show/1/47/7568994kb2b13611.html
http://www.38fan.com/uploads/allimg/160302/51_160302143102_1.png	http://www.38fan.com/zhiwu/20160302138957.html
http://pic2.ooopic.com/11/49/50/58bOOOPIC73.jpg	http://www.1008610086.com/hudiehua/%E8%9D%B4%E8%9D%B6%E8%8A%B1.html
http://pic19.nipic.com/20120312/2457331_090638315000_2.jpg	http://www.nipic.com/show/3/40/5815268kf4429746.html
https://www.huabaike.com/uploads/allimg/sltimg/201511/bp_564571f83474e.jpg	https://www.huabaike.com/cbzw/618.html
http://pic6.nipic.com/20100427/2419558_185516038930_2.jpg	http://www.nipic.com/show/3081488.html
http://kplant.biodiv.tw/%E8%8A%B1%E8%9D%B4%E8%9D%B6/%E8%8A%B1%E8%9D%B4%E8%9D%B6-%E8%8A%B139.JPG	http://kplant.biodiv.tw/%E8%8A%B1%E8%9D%B4%E8%9D%B6/%E8%8A%B1%E8%9D%B4%E8%9D%B6.htm
http://pic.nipic.com/2008-07-07/20087714263302_2.jpg	http://www.nipic.com/show/855410.html
http://pic13.nipic.com/20110325/6746748_120349628120_2.jpg	http://www.nipic.com/show/1/44/4386889k876cd6ee.html
http://pic.pimg.tw/cleyera08/1379722623-1760970469.jpg?v=1379722624	http://cleyera08.pixnet.net/blog/post/248115002-%E5%8F%B0%E7%81%A3%E8%9D%B4%E8%9D%B6%E8%8A%B1-%28%E5%8F%B0%E7%81%A3%E8%9D%B4%E8%9D%B6%E6%88%B2%E7%8F%A0%E8%8A%B1%29
https://himg.china.cn/2/3_944_10855_750_750.jpg	https://www.china.cn/zhiwugongyipin/2622705965.html
http://pic40.nipic.com/20140419/13155484_125941024325_2.jpg	http://www.nipic.com/show/10140592.html
http://pic7.nipic.com/20100510/3871838_113942082600_2.jpg	http://www.nipic.com/show/1/44/90fa91eaace5cb33.html
http://pic40.nipic.com/20140329/17700690_135834646141_2.jpg	http://www.nipic.com/show/10004907.html
http://img460.ph.126.net/vYSmccZdRzcdf14GNk7lRA==/1026539240065039056.jpg	http://pingguoleyuan22.blog.163.com/blog/static/170056373201131202412636/
http://f.blog.xuite.net/f/a/4/e/10198784/blog_437012/txt/14918441/5.jpg	http://blog.xuite.net/chien017/chien0215/14918441-%E8%9D%B4%E8%9D%B6%E3%80%90%E8%8A%B1%E7%9A%84%E5%AB%81%E7%B4%97%E3%80%91
http://pic4.nipic.com/20090817/3150906_180636004_2.jpg	http://www.nipic.com/show/1/41/0b5ad195c7cc9a99.html
http://img3.ph.126.net/bzmoi-ahNM_0S33Gs1oZFg==/570268302833006613.jpg	http://sucanming56.blog.163.com/blog/static/1117681062012025105519130/
http://img01.hua.com/uploadpic/images/20163161452457600970.jpg	http://www.hua.com/huayu/15058.html
http://pic19.nipic.com/20120312/2457331_090638318000_2.jpg	http://www.nipic.com/show/3/40/5815272k55bd466d.html
https://d.share.photo.xuite.net/abccba9988/1dbfb87/9718248/428350111_m.jpg	http://blog.xuite.net/abccba9988/twblog1/131070789-%E8%97%8D%E8%9D%B4%E8%9D%B6%E8%8A%B1
http://img.boqiicdn.com/Data/BK/A/1509/24/imagick60901443078986_y.jpg	http://m.boqii.com/article/24024.html
http://kplant.biodiv.tw/%E8%9D%B4%E8%9D%B6%E8%8A%B1/%E8%9D%B4%E8%9D%B6%E8%8A%B1-%E7%B4%AB%E8%8A%B103.JPG	http://kplant.biodiv.tw/%E8%9D%B4%E8%9D%B6%E8%8A%B1/%E8%9D%B4%E8%9D%B6%E8%8A%B1.htm
http://pic.nipic.com/2007-12-22/20071222203656608_2.jpg	http://www.nipic.com/show/3/70/70485ec2c6b3534c.html
http://pic12.nipic.com/20110111/2457331_111852489558_2.jpg	http://www.nipic.com/show/1/44/4151696k7f0df360.html
https://www.huabaike.com/uploads/allimg/sltimg/201612/585c777be8e1f.jpg	https://www.huabaike.com/hyjk/6441.html
