
http://7.blog.xuite.net/7/4/e/4/11253733/blog_227360/txt/17392638/0.jpg	http://blog.xuite.net/e2202778/boaboa/17392638-%E7%BE%BD%E8%91%89%E8%96%B0%E8%A1%A3%E8%8D%89
http://pic.pimg.tw/chic719/4b634be84f747.jpg	http://chic719.pixnet.net/blog/post/30239427-%E7%BE%BD%E8%91%89%E8%96%B0%E8%A1%A3%E8%8D%89%E7%9A%84%E6%A0%BD%E5%9F%B9%E6%96%B9%E6%B3%95%E5%88%86%E4%BA%AB
http://7.blog.xuite.net/7/4/e/4/11253733/blog_227360/txt/17392638/1.jpg	http://blog.xuite.net/e2202778/boaboa/17392638-%E7%BE%BD%E8%91%89%E8%96%B0%E8%A1%A3%E8%8D%89
http://www.baihuamen.com/d/file/2014/05-29/1eeb46f6a81ba2e9a2a168deb6d04227.jpg	http://www.baihuamen.com/yuyexunyicao/
http://pic1.huashichang.com/2016/0809/21/57a9d49d46ca4.jpg	http://www.aihuhua.com/tupian/tupianqow.html
http://zw3wmap1.zw3e.com:8080/zw_news_map/350/2014052/1400222174683233661.jpg	http://www.zw3e.com/bk/guanhuazhiwu/wbhdc.html
http://www.baihuamen.com/d/file/2014/06-01/5eb21729b667d8492266165badb8e51f.jpg	http://www.baihuamen.com/yuyexunyicao/
http://www.baihuamen.com/d/file/2014/06-01/45dd9e78044f05425e7644d9ff0eeeec.jpg	http://www.baihuamen.com/yuyexunyicao/
http://pic.pimg.tw/flowershome/f6ffe91591df2461dfb4884e8c09c13a.jpg?v=1298943388	http://flowershome.pixnet.net/blog/post/47449621-%E7%BE%BD%E8%91%89%E8%96%B0%E8%A1%A3%E8%8D%89-%E6%87%B7%E5%BF%B5%E7%9A%84%E6%95%85%E9%84%89
http://pic.pimg.tw/zinkou/498d535d619fa.jpg	http://zinkou.pixnet.net/blog/post/24307851-%E7%BE%BD%E8%91%89%E8%96%B0%E8%A1%A3%E8%8D%89
https://8.share.photo.xuite.net/brday1257/180650b/8136581/321426054_m.jpg	http://blog.xuite.net/brday1257/twblog/112196781-%E7%BE%BD%E8%91%89%E8%96%B0%E8%A1%A3%E8%8D%89+%26+%E9%BD%92%E8%91%89%E8%96%B0%E8%A1%A3%E8%8D%89
http://farm4.static.flickr.com/3064/2829361312_d6fce5b8b3_o.jpg	http://chingmaio.pixnet.net/blog/post/21652021-%E7%BE%BD%E8%91%89%E8%96%B0%E8%A1%A3%E8%8D%89
http://www.neipet.com/wp-content/uploads/2016/08/%E7%BE%BD%E5%8F%B6%E8%96%B0%E8%A1%A3%E8%8D%89.jpg	http://www.neipet.com/plant/30399.html
http://a2.att.hudong.com/51/10/01100000000000144736103948223_s.jpg	http://www.baike.com/wiki/%E7%BE%BD%E5%8F%B6%E8%96%B0%E8%A1%A3%E8%8D%89
http://farm4.static.flickr.com/3126/2828523529_49bcf8e162_o.jpg	http://chingmaio.pixnet.net/blog/post/21652021-%E7%BE%BD%E8%91%89%E8%96%B0%E8%A1%A3%E8%8D%89
http://pic.pimg.tw/grace336/1322657680-3486879652.jpg	http://grace336.pixnet.net/blog/post/39633915-%E3%80%90%E9%A6%99%E8%8D%89%E6%A4%8D%E7%89%A9%E3%80%91%E7%BE%BD%E8%91%89%E8%96%B0%E8%A1%A3%E8%8D%89%E9%96%8B%E8%8A%B1
http://115.img.pp.sohu.com/images/blog/2007/5/29/15/11/1136f1ac625.jpg	http://wangren188.blog.sohu.com/47228009.html
http://pic.pimg.tw/grace336/1330786203-3766810871.jpg	http://grace336.pixnet.net/blog/post/43230826-%E3%80%90%E9%A6%99%E8%8D%89%E6%A4%8D%E7%89%A9%E3%80%91%E9%96%8B%E4%BA%86100%E6%9C%B5%E8%8A%B1%E7%9A%84%E7%BE%BD%E8%91%89%E8%96%B0%E8%A1%A3%E8%8D%89
http://4.bp.blogspot.com/_0be0wxd8T_k/TAcpASj1zyI/AAAAAAAAAiQ/U9KXEYspN80/s1600/%E8%96%B0%E8%A1%A3%E8%8D%8902.jpg	http://lilylu59.blogspot.com/2010/06/blog-post_03.html
http://3.bp.blogspot.com/-Hc3XwSPvQJA/VYkf0hl1ZbI/AAAAAAAAeYA/nS2cQAw2S1M/s1600/DSC01433.JPG	http://aeni1203.pixnet.net/blog/post/5110234-%E7%BE%BD%E8%91%89%E8%96%B0%E8%A1%A3%E8%8D%89-fernleaf-lavender
http://icontent.nkps.tp.edu.tw/naturesci/files/9/26/201203272140023540.jpg	http://icontent.nkps.tp.edu.tw/naturesci/Intro.aspx?funcID=0&taxonID=26&specID=218
http://pic.pimg.tw/grace336/1330786202-2680003980.jpg	http://grace336.pixnet.net/blog/post/43230826-%E3%80%90%E9%A6%99%E8%8D%89%E6%A4%8D%E7%89%A9%E3%80%91%E9%96%8B%E4%BA%86100%E6%9C%B5%E8%8A%B1%E7%9A%84%E7%BE%BD%E8%91%89%E8%96%B0%E8%A1%A3%E8%8D%89
http://pic23.nipic.com/20120804/4499633_191724245000_2.jpg	http://www.nipic.com/show/1/44/6642429k140150b5.html
http://icontent.nkps.tp.edu.tw/naturesci/files/9/26/201204061108093276.jpg	http://icontent.nkps.tp.edu.tw/naturesci/Intro.aspx?funcID=0&taxonID=26&specID=218
http://farm4.static.flickr.com/3542/3455582558_02f15bf8ba_o.jpg	http://www.hsui.idv.tw/phpbb2/viewtopic.php?t=249
http://img1.tbcdn.cn/tfscom/i1/TB1QoHgKXXXXXbmXpXXXXXXXXXX_!!0-item_pic.jpg	http://www.greenseawood.com/maimaimai/%E7%BE%BD%E5%8F%B6%E8%96%B0%E8%A1%A3%E8%8D%89%E7%A7%8D%E5%AD%90.html
http://www.huayugu.com.cn/uploads/allimg/160810/1-160Q00KK90-L.jpg	http://www.huayugu.com.cn/yuyexunyicao/
http://www.zhiwu365.com/uploads/plant/606_yuyexunyicao/default/original/6_yuyexunyicao.jpg	http://www.zhiwu365.com/plant/674
http://s14.sinaimg.cn/large/001sXXrFgy72kLY3vmRcd&690	http://weibo.com/p/230418501e41670102wgx0?from=page_100505_profile&wvr=6&mod=wenzhangmod
http://pic1.huashichang.com/2016/0809/21/57a9d49f402d2.jpg	http://www.aihuhua.com/tupian/tupianqow.html
http://pic.pimg.tw/grace336/1322657680-3600124834.jpg	http://grace336.pixnet.net/blog/post/39633915-%E3%80%90%E9%A6%99%E8%8D%89%E6%A4%8D%E7%89%A9%E3%80%91%E7%BE%BD%E8%91%89%E8%96%B0%E8%A1%A3%E8%8D%89%E9%96%8B%E8%8A%B1
http://www.flower-sh.cn/upload/gallery/g200732691002.jpg	http://www.flower-sh.cn/gallery.asp?action=paste&c_id=76&s_id=232
http://pic0.nidbox.net/12/y1380082675_9860b5e9_12.jpg	https://fannie2924.nidbox.com/diary/read/8249610
http://www.huayugu.com.cn/uploads/allimg/160810/1-160Q00P0180-L.jpg	http://www.huayugu.com.cn/yuyexunyicao/16941.html
http://www.baihuamen.com/d/file/2014/06-01/a16805e5309ee1378a1ee1fed8012708.jpg	http://www.baihuamen.com/yuyexunyicao/17408_14.html
http://7.blog.xuite.net/7/4/e/4/11253733/blog_227360/txt/17392638/3.jpg	http://blog.xuite.net/e2202778/boaboa/17392638-%E7%BE%BD%E8%91%89%E8%96%B0%E8%A1%A3%E8%8D%89
https://8.share.photo.xuite.net/brday1257/1806574/8136581/321427951_m.jpg	http://blog.xuite.net/brday1257/twblog/112196781-%E7%BE%BD%E8%91%89%E8%96%B0%E8%A1%A3%E8%8D%89+%26+%E9%BD%92%E8%91%89%E8%96%B0%E8%A1%A3%E8%8D%89
https://8.share.photo.xuite.net/brday1257/1806554/8136581/321432015_m.jpg	http://blog.xuite.net/brday1257/twblog/112196781-%E7%BE%BD%E8%91%89%E8%96%B0%E8%A1%A3%E8%8D%89+%26+%E9%BD%92%E8%91%89%E8%96%B0%E8%A1%A3%E8%8D%89
http://4.bp.blogspot.com/-07W91cPDsEI/VQgQW1rfq5I/AAAAAAAAOV4/ikajpPSgLe4/s1600/img_show.php-49.jpeg	http://blog.igarden.com.tw/2005/09/5M509077.html
http://pic.pimg.tw/grace336/1391705755-728222573.jpg	http://grace336.pixnet.net/blog/post/55811985-%E3%80%90%E9%A6%99%E8%8D%89%E3%80%91%E7%B4%AB%E8%89%B2%E5%A4%A2%E5%B9%BB%E7%9A%84%E9%9B%99%E7%94%9F%E5%A7%90%E5%A6%B9-%E7%BE%BD%E8%91%89-%26-%E8%95%A8%E8%91%89%E8%96%B0
http://www.herblovertw.com/life/pic/lavender05.jpg	http://www.herblovertw.com/life/monthy/herb200403.htm
http://a2.att.hudong.com/54/10/20200000013920144736103751002_s.jpg	http://www.baike.com/wiki/%E7%BE%BD%E5%8F%B6%E8%96%B0%E8%A1%A3%E8%8D%89
http://6.blog.xuite.net/6/1/7/6/16970365/blog_1120766/txt/24095512/2.jpg	http://blog.xuite.net/a147b480c285/0325/24095512-%E7%BE%BD%E8%91%89%E8%96%B0%E8%A1%A3%E8%8D%89
http://a0.att.hudong.com/64/10/01100000000000144736104004958_s.jpg	http://www.baike.com/wiki/%E7%BE%BD%E5%8F%B6%E8%96%B0%E8%A1%A3%E8%8D%89
http://3.bp.blogspot.com/-qN8aVv2H81M/VYkf3Hg_SoI/AAAAAAAAeYY/1bPep8Ltslw/s1600/DSC01440.JPG	http://aeni1203.pixnet.net/blog/post/5110234-%E7%BE%BD%E8%91%89%E8%96%B0%E8%A1%A3%E8%8D%89-fernleaf-lavender
http://www.huayugu.com.cn/uploads/allimg/160810/1-160Q00K5490-L.jpg	http://www.huayugu.com.cn/yuyexunyicao/
http://pic.pimg.tw/grace336/1391705755-3180293981.jpg	http://grace336.pixnet.net/blog/post/55811985-%E3%80%90%E9%A6%99%E8%8D%89%E3%80%91%E7%B4%AB%E8%89%B2%E5%A4%A2%E5%B9%BB%E7%9A%84%E9%9B%99%E7%94%9F%E5%A7%90%E5%A6%B9-%E7%BE%BD%E8%91%89-%26-%E8%95%A8%E8%91%89%E8%96%B0
https://gss0.bdstatic.com/94o3dSag_xI4khGkpoWK1HF6hhy/baike/s%3D220/sign=b07f3ac90cf3d7ca08f63874c21ebe3c/ac345982b2b7d0a224a9796acbef76094a369ae0.jpg	https://baike.baidu.com/item/%E7%BE%BD%E5%8F%B6%E8%96%B0%E8%A1%A3%E8%8D%89
https://gss3.bdstatic.com/-Po3dSag_xI4khGkpoWK1HF6hhy/baike/s%3D220/sign=deb787879258d109c0e3aeb0e15accd0/a5c27d1ed21b0ef418367ca7ddc451da80cb3e68.jpg	https://baike.baidu.com/item/%E7%BE%BD%E5%8F%B6%E8%96%B0%E8%A1%A3%E8%8D%89
http://www.dopic.net/uploadfile/2015/0821/20150821041407327.jpg	http://www.dopic.net/picture/6735.html
http://pic0.nidbox.net/12/y1380082668_5cc561c7_12.jpg	https://fannie2924.nidbox.com/diary/read/8249610
https://gss3.bdstatic.com/-Po3dSag_xI4khGkpoWK1HF6hhy/baike/s%3D220/sign=42b8080ab20e7bec27da04e31f2fb9fa/810a19d8bc3eb1354843abbeac1ea8d3fd1f442a.jpg	https://baike.baidu.com/item/%E7%BE%BD%E5%8F%B6%E8%96%B0%E8%A1%A3%E8%8D%89
http://3.blog.xuite.net/3/9/f/5/25646356/blog_2620894/txt/48734966/3.jpg	http://blog.xuite.net/areclin1970/green/48734966-%E8%96%B0%E8%A1%A3%E8%8D%89%E7%9A%84%E4%BB%8B%E7%B4%B9%E8%88%87%E5%9C%96%E7%89%87
http://pic0.nidbox.net/12/y1380082675_96a5cb4b_12.jpg	https://fannie2924.nidbox.com/diary/read/8249610
http://mepopedia.com/~web104-2c/hw07/hw07-1035445153/images/%E7%BE%BD%E8%91%89%E8%96%B0%E8%A1%A3%E8%8D%893.jpg	http://mepopedia.com/~web104-2c/hw07/hw07-1035445153/video.html
http://163.16.43.99/public/www/tree/pic_big/071/004.JPG	http://163.16.43.99/public/www/tree/show.asp?name=%A6%D0%B8%AD%C2%C8%A6%E7%AF%F3
http://link.photo.pchome.com.tw/s11/sophw0419/36/133390036338/	http://mypaper.pchome.com.tw/sophw0419/post/1322883238
https://e.share.photo.xuite.net/julia108853/1eeb251/12542797/624306436_m.jpg	http://blog.xuite.net/julia108853/fly/139054879-%E7%BE%BD%E8%91%89%E8%96%B0%E8%A1%A3%E8%8D%89
http://www.cnxiangcao.com/userfiles/image/2011011210325021.jpg	http://www.cnxiangcao.com/yiskyNewsshow.asp?Newsid=35
http://www.zhongzi.net/files/allimg/151126/1-151126002322E4.jpg	http://m.zhongzi.net/herbs/yuyexunyicao.htm
http://img.ipet.tw/uploads/8/2B/82BE48C1CB_800x600.jpeg	http://www.ipet.tw/topic/%E7%BE%BD%E8%91%89%E8%96%B0%E8%A1%A3%E8%8D%89%20%E7%A8%AE%E6%A4%8D.html
http://img.boqiicdn.com/Data/BK/A/1505/14/imagick25791431573565_y.jpg	http://www.boqii.com/article/21316.html
http://2.bp.blogspot.com/-2qvKfTDwcNg/VYkf_Tu48uI/AAAAAAAAeZQ/gaC2T2L1QJU/s1600/DSC01452.JPG	http://aeni1203.pixnet.net/blog/post/5110234-%E7%BE%BD%E8%91%89%E8%96%B0%E8%A1%A3%E8%8D%89-fernleaf-lavender
http://7.blog.xuite.net/7/4/e/4/11253733/blog_227360/txt/17392638/2.jpg	http://blog.xuite.net/e2202778/boaboa/17392638-%E7%BE%BD%E8%91%89%E8%96%B0%E8%A1%A3%E8%8D%89
http://img.aihuahui.com/d/2017/07/59758a8ee9c40.jpg	http://www.aihuahui.com/huahuizhishi/jiatingyanghua/7637.html
http://s12.sinaimg.cn/mw690/001ROMKqgy6VHt7Oe8jbb&690	http://blog.sina.com.cn/s/blog_66019f9e0102ds9x.html
http://www.baihuamen.com/d/file/2014/06-01/ad84da9e99d752e782908b11709c394b.jpg	http://www.baihuamen.com/yuyexunyicao/
http://5.blog.xuite.net/5/e/1/e/23192616/blog_2170861/txt/56035113/11.jpg	http://blog.xuite.net/c117113/blog/56035113-%E7%BE%BD%E8%91%89%E8%96%B0%E8%A1%A3%E8%8D%89
https://cbu01.alicdn.com/img/ibank/2015/851/151/2634151158_2047650453.220x220.jpg	https://s.1688.com/kq/-D3F0D2B6DEB9D2C2B2DD.html
http://img.boqiicdn.com/Data/BK/A/1511/24/imagick60411448347555_y.jpg	http://www.boqii.com/entry/detail/2249.html
http://www.zhiwu365.com/uploads/plant/606_yuyexunyicao/default/original/4_yuyexunyicao.jpg	http://www.zhiwu365.com/plant/674
https://flora.megaview.com.tw/images/_cache/magic_toolbox/ec8358a7a7f6eb317732ea13a6fd8d83/1/4/1459/original/803413689/P1462.jpg	https://flora.megaview.com.tw/product_info.php?products_id=1459
http://www.baihuamen.com/d/file/2014/06-01/a4fc19c438cfcca6e0a2b8283e1e3f7d.jpg	http://www.baihuamen.com/yuyexunyicao/17408_16.html
https://www.huabaike.com/uploads/allimg/artimg/201707/20170722113851_96382.jpg	https://www.huabaike.com/hyjk/10140.html
http://pic1.huashichang.com/2016/0902/05/57c89f58b51c4.jpg	http://www.aihuhua.com/tupian/tupianqow.html
https://c.share.photo.xuite.net/treelover/1c3f115/3065672/115713741_m.jpg	http://blog.xuite.net/treelover/blog/23633423-%E8%96%B0%E8%A1%A3%E8%8D%89
http://www.huayugu.com.cn/uploads/allimg/160810/1-160Q00KA60-L.jpg	http://www.huayugu.com.cn/yuyexunyicao/16938.html
http://img.appledaily.com.tw//images/twapple/640pix/20120330/HA14/HA14_010.jpg	http://www.appledaily.com.tw/appledaily/article/forum/20120330/34124550/
http://pic1.huashichang.com/2016/0809/21/57a9d49ed9190.jpg	http://m.aihuhua.com/tupian/tupianprf.html
http://pic.pimg.tw/bluestarnini/49b52a06ecacb.jpg	http://bluestarnini.pixnet.net/blog/post/26705547-%E5%8D%97%E6%8A%95%EF%BC%8E%E4%B9%9D%E6%97%8F%E6%96%87%E5%8C%96%E6%9D%91%EF%BC%8E%E9%81%87%E8%A6%8B%E8%96%B0%E8%A1%A3%E8%8D%89
https://a.share.photo.xuite.net/shakylee66/1a879ba/13086675/667071719_m.jpg	http://blog.xuite.net/shakylee66/twblog/143711494-%E7%BE%BD%E8%91%89%E8%96%B0%E8%A1%A3%E8%8D%89_%E8%B7%AF%E9%82%8A%E9%A2%A8%E6%99%AF
http://6.blog.xuite.net/66/71/13496948/blog_82218/txt/3960998/3960998_0.jpg	http://blog.xuite.net/a7626/jinglu/3960998-%E8%8A%B1%E6%9C%9F%E8%B6%85%E9%95%B7-%E7%BE%BD%E8%91%89%E8%96%B0%E8%A1%A3%E8%8D%89
https://e.share.photo.xuite.net/julia108853/1eeb242/12542797/624306677_m.jpg	http://blog.xuite.net/julia108853/fly/139054879-%E7%BE%BD%E8%91%89%E8%96%B0%E8%A1%A3%E8%8D%89
http://2.bp.blogspot.com/-djFqFA4x2X4/Uw6SEnId72I/AAAAAAAAHhQ/mhnl0oKKqUQ/s1600/IMG_20140225_074430.jpg	http://sw0829.blogspot.com/2014/02/blog-post_28.html
http://img.boqiicdn.com/Data/BK/A/1511/24/imagick2751448348239_y.jpg	http://www.boqii.com/entry/detail/2249.html
https://gw.alicdn.com/bao/uploaded/i1/1966849308/TB2Q.fokpXXXXcNXpXXXXXXXXXX_!!1966849308.jpg_230x230.jpg	https://www.taobao.com/article/BLBqF5EOBaEDBJDa.html
https://himg.china.cn/1/3_276_82771_750_750.jpg	https://www.china.cn/sugenhuahui/3788447913.html
http://www.huayugu.com.cn/uploads/allimg/160810/1-160Q00K9210-L.jpg	http://www.huayugu.com.cn/yuyexunyicao/
http://www.sln.ks.edu.tw/plants/sanway/sanimg/yushinyi.jpg	http://www.sln.ks.edu.tw/plants/sanway/san21.htm
http://2.bp.blogspot.com/-ifRKdX8aZzw/UGrlFBv1tnI/AAAAAAAAAsA/GGJQNbtmwVg/s1600/%E7%BE%BD%E8%91%89%E8%96%B0%E8%A1%A3%E8%8D%8902.JPG	http://myhome-myrose.blogspot.com/2012/10/blog-post.html
http://www.waytogo.cc/user/kenny/2009/w795/images2/IMM_4595.jpg	http://www.waytogo.cc/user/kenny/2009/w795/index2.htm
https://cbu01.alicdn.com/img/ibank/2016/079/102/3274201970_2031649341.220x220.jpg	https://s.1688.com/kq/-D3F0D2B6DEB9D2C2B2DD.html
https://cbu01.alicdn.com/img/ibank/2015/792/248/2102842297_896177876.jpg	http://detail.1688.com/offer/44985776675.html
http://tu.zwy8.com/120512/2011071133989089.jpg	http://www.zwy8.com/a/yierniansheng/60708.html
http://www.qzyhhh.com/Upfile/2015/2/8/2015020842163729.jpg	http://www.qzyhhh.com/html/chanpinzhanshi/huahuipinzhong/shilingcaohuaxilie/
https://www.huabaike.com/uploads/allimg/sltimg/201705/5929388455185.jpg	https://www.huabaike.com/hyjk/10127.html
http://8.share.photo.xuite.net/penetrate_jr/18ccc1b/17762044/964618527_m.jpg	http://blog.xuite.net/penetrate_jr/wretch/186924256-%E7%BE%BD%E8%91%89%E8%96%B0%E8%A1%A3%E8%8D%89+%E7%99%BC%E5%B0%8F%E2%80%9C%E7%89%99%E2%80%9D
http://www.wed114.cn/jiehun/uploads/allimg/160906/52_160906164117_2.jpg	http://www.wed114.cn/jiehun/zhiwu/20160906154896_2.html
https://7.share.photo.xuite.net/wendyho2285/17f9faf/9597708/419677347_m.jpg	http://blog.xuite.net/wendyho2285/twblog/121510751-%E7%B9%BD%E7%B9%BD%E7%B4%9B%E7%B4%9B+-+%E5%90%84%E9%A1%9E%E8%8A%B1%E5%8D%89
http://img.boqiicdn.com/Data/BK/A/1511/24/imagick99541448348194_y.jpg	http://www.boqii.com/article/25027.html
