
https://www.huabaike.com/uploads/allimg/sltimg/201606/5760a4b9c3833.jpg	https://www.huabaike.com/mbzw/4829.html
http://images.china.cn/attachement/jpg/site1000/20130417/001fd04ceb6412d8244757.jpg	http://big5.china.com.cn/newphoto/2013-04/17/content_28564585.htm
http://www.taxhyyc.com/admin/CMEdit/attached/image/20130601/20130601084695379537.jpg	http://www.taxhyyc.com/product.asp?xx_chanpin_class_id=47
http://a1.att.hudong.com/45/51/01300543062571142382516958427.png	http://www.baike.com/wiki/%E8%A5%BF%E5%BA%9C%E6%B5%B7%E6%A3%A0
http://img.aihuahui.com/d/2016/07/578c81fc7c569.jpg	http://www.aihuahui.com/aiqiaomuhuahui/1105.html
http://www.miaoshang.net/td/uploads/201404/13976419977XXSaQ2w.jpg	http://www.miaoshang.net/news/1/757.html
http://news.china-flower.com/Upload2005/2013-2-25/20132251097626.jpg	http://news.china-flower.com/paper/papernewsinfo.asp?n_id=229453
http://centuryseed.com.tw/proimg/%E8%A5%BF%E5%BA%9C%E6%B5%B7%E6%A3%A07.jpg	http://centuryseed.com.tw/proin.php?id=281
http://imgupload3.youboy.com/imagestore201508156a8e02fd-4992-44a4-a4d3-81193d980695.jpg	http://www.p77.org/read/1817270577/
http://www.user1.jqw.com/2011/10/25/398198/product/b201111081006538588.jpg	http://www.p77.org/%E8%A5%BF%E5%BA%9C%E6%B5%B7%E6%A3%A0%E6%A0%91ps%E7%B4%A0%E6%9D%90/
http://www.bokeyz.com/UploadFiles/2012-4/71819658994.jpg	http://www.bokeyz.com/user1/yzztl/224353.html
https://i2.read01.com/uploads/0D6I6t01.jpg	https://read01.com/A4NdD0.html
http://2.im.guokr.com/R0PE9HOyFsnlO4MBxrq3pVVdor5Erc96-0_VBwhQtnArAgAAcwEAAEpQ.jpg	http://www.guokr.com/article/436905/
http://1852.img.pp.sohu.com.cn/images/2013/4/25/18/9/u86036704_13f096739ffg85_b.jpg	http://luoyj1951.blog.sohu.com/262307799.html
http://www.wdptj.com/wp-content/uploads/2015/07/%E8%A5%BF%E5%BA%9C%E6%B5%B7%E6%A3%A0%E4%B8%8E%E5%9E%82%E4%B8%9D%E6%B5%B7%E6%A3%A0%E5%8C%BA%E5%88%AB6.jpg	http://www.wdptj.com/xfht/
http://www.iqiya.com/uploadfile/2014/1103/20141103083443634.jpg	http://www.iqiya.com/article/2014-11-03/6128.html
http://pic6.nipic.com/20100323/4531548_190019091079_2.jpg	http://www.nipic.com/show/1/44/8f69ccaab5382fd0.html
http://pic16.nipic.com/20110916/2082967_013440915000_2.jpg	http://www.nipic.com/show/1/44/5104272kaf731139.html
http://pic40.nipic.com/20140422/18530444_122425802000_2.jpg	http://www.nipic.com/show/10170421.html
http://a3.att.hudong.com/81/66/01300542517439139998666801853_s.jpg	http://www.baike.com/wiki/%E8%A5%BF%E5%BA%9C%E6%B5%B7%E6%A3%A0
http://opic.tbscache.com/manage/articles/2014/07-10/B869F2C2-EB3E-261D-C7A2-F3040A68F5DE.jpg	http://www.tobosu.com/article/2014-07-10/113779.html
http://centuryseed.com.tw/proimg/%E8%A5%BF%E5%BA%9C%E6%B5%B7%E6%A3%A06.jpg	http://centuryseed.com.tw/proin.php?id=281
http://pic40.nipic.com/20140422/18530444_100846910000_2.jpg	http://www.nipic.com/show/10178965.html
http://s8.sinaimg.cn/middle/4e8726cdt84b94957e477&690	http://blog.sina.com.cn/s/blog_4e8726cd0100i0zn.html
http://big5.3mt.com.cn/g2b.aspx/idoimg.3mt.com.cn/Article/upload/201305/1305141407680810.jpg	http://big5.3mt.com.cn/g2b.aspx/ido.3mt.com.cn/Article/201305/show3061666c33p1.html
http://www.yuanlin365.com/Picture/21006/2008-9/210062008913180210.jpg	http://www.yuanlin365.com/supply/picdetail_216276/
http://img8.zol.com.cn/bbs/upload/11326/11325765.jpg	http://bbs.zol.com.cn/dcbbs/d167_168184.html
http://news.xinhuanet.com/science/2015-11/14/134814086_14474189494641n.png	http://news.xinhuanet.com/science/2015-11/14/c_134814086.htm
http://www.xuexi009.com/upload/201303/1363679566.jpg	http://www.xuexi009.com/product/xfhtang.htm
http://c.blog.xuite.net/c/3/f/1/18511474/blog_969358/txt/16114751/5.jpg	http://blog.xuite.net/treelover/blog/16114751-%E8%A5%BF%E5%BA%9C%E6%B5%B7%E6%A3%A0
http://pic4.55jia.net/fengshuizhiwu/10/a255332.png	http://www.55jia.net/75/304430.html
http://pic6.nipic.com/20100323/4531548_190141052966_2.jpg	http://www.nipic.com/show/1/44/b4a4442bf96c7cd3.html
http://new.gongbi.net/LTTP/tt/xfhtbzt004.JPG	http://www.lixm.net/jc014.htm
http://www.wdptj.com/wp-content/uploads/2015/07/%E8%A5%BF%E5%BA%9C%E6%B5%B7%E6%A3%A0%E4%B8%8E%E5%9E%82%E4%B8%9D%E6%B5%B7%E6%A3%A0%E5%8C%BA%E5%88%AB4.jpg	http://www.wdptj.com/xfht/
https://a-ssl.duitang.com/uploads/item/201208/17/20120817134902_TjHUC.thumb.700_0.jpeg	https://www.duitang.com/blog/?id=346912172
http://www.sql.org.cn/UploadFile/%E6%95%85%E5%B1%85%E7%9A%84%E8%A5%BF%E5%BA%9C%E6%B5%B7%E6%A3%A0-x(1).jpg	http://www.sql.org.cn/NewsDetail.aspx?id=6e5410ba-5b53-4b53-8156-056119a46e5d
https://gss0.baidu.com/9vo3dSag_xI4khGko9WTAnF6hhy/zhidao/pic/item/d1160924ab18972bf5de8f1ae3cd7b899f510a7d.jpg	http://zhidao.baidu.com/question/90828873.html
http://www.zbylyl.com/about/common/upload/2014/12/27/111822ID.jpg	http://www.zbylyl.com/about/?id=17
http://centuryseed.com.tw/proimg/%E8%A5%BF%E5%BA%9C%E6%B5%B7%E6%A3%A02.jpg	http://centuryseed.com.tw/proin.php?id=281
http://www.miaoshang.net/file/upload/201404/16/17-50-41-77-1.jpg	http://www.miaoshang.net/news/1/756.html
http://garden.ibcas.ac.cn/4/xifuhait.jpg	http://garden.ibcas.ac.cn/4/xifuhait.htm
http://h.tongnian.com/data/attachment/album/201505/27/18310665zazz5ussu8us7b.jpg	http://www.tongnian.com/blog/blogdetail?blogId=88594
http://b2b.image.yuanlin.com/Biz/2009-9/20099271518476667.jpg	http://www.p77.org/read/1228550100/
http://www.taxhyyc.com/admin/CMEdit/attached/image/20130601/20130601084729932993.jpg	http://www.taxhyyc.com/product.asp?xx_chanpin_class_id=47
http://www.jzsjkfwzx.com/upload/2014-10/14101715287273.jpg	http://www.jzsjkfwzx.com/show.aspx?id=94&cid=16
https://cbu01.alicdn.com/img/ibank/2014/161/717/1461717161_608201928.jpg	http://detail.1688.com/offer/39279840605.html
https://www.huabaike.com/uploads/allimg/sltimg/201612/585a41186478d.jpg	https://www.huabaike.com/mbzw/4829.html
http://www.user1.jqw.com/2011/04/26/345882/product/b201205111718342197.jpg	http://www.p77.org/%E8%A5%BF%E5%BA%9C%E6%B5%B7%E6%A3%A0%E6%9E%9C%E5%AE%9E/
http://pic.baike.soso.com/ugc/baikepic2/15049/20170516092405-472997882.jpg/300	http://baike.soso.com/ShowTitle.e?sp=S%E8%A5%BF%E5%BA%9C%E6%B5%B7%E6%A3%A0
http://map1.zw3e.com:8080/zw_news_map/200/2014101/1412767193001552908.png	http://www.zw3e.com/see/f267i57.html
http://img8.007swz.com/cpimg/qitalvhuamiaomu/fFf8xaX3m_1343731255.jpg	http://www.007swz.com/t/%C9%BD%B6%AB%CE%F7%B8%AE%BA%A3%CC%C4
http://photocdn.sohu.com/20160314/mp63302287_1457926514146_3.jpeg	http://www.sohu.com/a/63302287_388427
http://pic1.17xie.com/i/2012-12-10/39/bbb032f9450e6ee19270eb32aa8b698e.jpg	http://www.d3skg.com/content/U9Z5iz4iT3fISj76.html
https://upload.wikimedia.org/wikipedia/commons/thumb/4/45/Xifuhaitang.jpg/250px-Xifuhaitang.jpg	https://zh.wikipedia.org/wiki/%E8%A5%BF%E5%BA%9C%E6%B5%B7%E6%A3%A0
http://www.pjcn.org/uploads/allimg/1608/1-160P2230231192.jpg	http://www.pjcn.org/zx/2101/
http://www.bmhtfy.com/UpFiles/%E8%A5%BF%E5%BA%9C%E6%B5%B7%E6%A3%A0/%E8%A5%BF%E5%BA%9C%E6%B5%B7%E6%A3%A0%E5%88%9D%E8%8A%B1%E7%8A%B6.jpg	http://www.bmhtfy.com/product/xfht.html
http://s2.sinaimg.cn/bmiddle/001iB7l1zy6Rq6Vb4HL21&690	http://blog.sina.com.cn/s/blog_46fc810b0102vv17.html
https://www.huabaike.com/uploads/allimg/sltimg/201612/5853ac9004625.jpg	https://www.huabaike.com/hyjk/6343.html
http://www.55haitang.com/d/file/xifuhaitang/zixun/20151113/1447403897305991.jpg	http://www.55haitang.com/xifuhaitang/zixun/519.html
http://img0.ph.126.net/chhBnnUCpe6mzpBef7IvQw==/6608236406749741608.jpg	http://shuchonghui.lofter.com/tag/%E8%A5%BF%E5%BA%9C%E6%B5%B7%E6%A3%A0
http://www.55haitang.com/d/file/xifuhaitang/zhishi/20150812/1439367427656410.jpg	http://www.55haitang.com/xifuhaitang/zaipei/176.html
http://www.baihuamen.com/d/file/2014/04-22/600932f27223f8d4c71b98d913fe3a1c.jpg	http://www.baihuamen.com/xifuhaitang/
http://img1.ph.126.net/baqMfWRf3_pyKA7GKXS5OA==/1647473038704551661.jpg	http://shuchonghui.blog.163.com/blog/static/1511563201249105429470
https://www.huabaike.com/uploads/allimg/artimg/201612/20161216165804_87140.jpg	https://www.huabaike.com/hyjk/6343.html
http://www.55haitang.com/d/file/xifuhaitang/zhishi/20151203/1449112654270009.jpg	http://www.55haitang.com/xifuhaitang/zhishi/588.html
http://img4.mypsd.com.cn/20110427/Mypsd_29771_201104271757340009B.jpg	http://www.mypsd.com.cn/detail/?1632031
http://imgx.xiawu.com/xzimg/i4/i2/T13IpqFvJlXXXXXXXX_!!0-item_pic.jpg	http://www.d3skg.com/content/U9Z5iz4iT3fISj76.html
http://www.bmht678.com/attachment/product/20140213160040.jpg	http://www.bmht678.com/product/178.html
http://www.wshjyl.com/upfiles/image/20150603/20150603092804_88751.jpg	http://www.wshjyl.com/a/list-20-1.html
http://image.bao315.com/upload/image/201703/14/57b99656-df51-4702-9f1b-ab47c483c49b.jpg	http://www.bao315.com/baike/zwzs/193843.html
http://img.aihuahui.com/d/2016/07/57956dce7f26d.jpg	http://www.aihuahui.com/aiqiaomuhuahui/1225.html
http://www.yuanlin.com/B2B/UPFile_Image/Product/2008-12/200812231331287187.jpg	https://tieba.baidu.com/p/606818988
http://www.baihuamen.com/d/file/2014/04-22/24d1a7d5d4272e1b898dae10edee2834.jpg	http://www.baihuamen.com/xifuhaitang/
http://www.baihuamen.com/d/file/2014/04-22/22475019258c0cbc0a54d82aef6e545c.jpg	http://www.baihuamen.com/xifuhaitang/
https://gss0.baidu.com/7Po3dSag_xI4khGko9WTAnF6hhy/zhidao/pic/item/810a19d8bc3eb135dc25386ba31ea8d3fc1f4404.jpg	http://zhidao.baidu.com/question/90828873.html
http://www.55haitang.com/d/file/xifuhaitang/zhishi/20150819/1439976210824031.jpg	http://www.55haitang.com/xifuhaitang/zhishi/211.html
http://tpic.home.news.cn/xhBlog/xhpic002/M00/6D/E7/wKhIDlFvi-QEAAAAAAAAAAAAAAA683.jpg	http://pugongyng10.home.news.cn/blog/a/0101002E82F60CC2E4C4B3ED.html
https://www.huabaike.com/uploads/allimg/artimg/201703/20170306174303_89013.jpg	https://www.huabaike.com/jtyh/7518.html
http://www.baihuamen.com/d/file/2014/04-22/6102485591c5ae4ee9210241a39c5b0e.jpg	http://www.baihuamen.com/xifuhaitang/
http://blog.sciencenet.cn/upload/blog/images/2010/4/201042716248840.jpg	http://blog.sciencenet.cn/blog-415-316729.html
http://www.qiushoumiaomu.com/upLoad/product/month_1408/201408261041404413.jpg	http://www.qiushoumiaomu.com/content/?219.html
http://img.boqiicdn.com/Data/BK/A/1509/17/imagick73941442472475_y.jpg	http://m.boqii.com/entry/detail/2049.html
http://4.bp.blogspot.com/-Xi9JCr5whyk/UcP7p91uUmI/AAAAAAAAa_w/g2PDpuXfIUI/s1600/IMG_7554.JPG	http://chuwei-ssps.blogspot.com/2013/06/6-9.html
http://pic27.nipic.com/20130326/11961352_085227528140_2.jpg	http://www.nipic.com/show/1/44/7752799kc056d5db.html
http://www.wdptj.com/wp-content/uploads/2015/07/%E8%A5%BF%E5%BA%9C%E6%B5%B7%E6%A3%A0%E4%B8%8E%E5%9E%82%E4%B8%9D%E6%B5%B7%E6%A3%A0%E5%8C%BA%E5%88%AB.jpg	http://www.wdptj.com/haitangshu/
http://www.ourjg.com/bbs/UploadFile/2007-4/20074181181137431.jpg	http://www.ourjg.com/bbs/simple/?t3951.html
https://thumbs.dreamstime.com/z/%E7%A7%8B%E6%B5%B7%E6%A3%A0-%E4%B8%AD%E5%9B%BD%E8%A5%BF%E5%BA%9C%E6%B5%B7%E6%A3%A0%E8%8B%B9%E6%9E%9C-%E5%9C%A8%E7%99%BD%E8%89%B2%E8%83%8C%E6%99%AF%E3%80%82-39733021.jpg	https://cn.dreamstime.com/%E5%9B%BE%E5%BA%93%E6%91%84%E5%BD%B1-%E7%A7%8B%E6%B5%B7%E6%A3%A0-%E6%9C%A8%E7%93%9C%E5%B1%9E%E6%88%96%E4%B8%AD%E5%9B%BD%E8%A5%BF%E5%BA%9C%E6%B5%B7%E6%A3%A0%E8%8B%B9%E6%9E%9C-%E7%9B%86%E6%99%AF-image39572032
http://m.xxdao.com/upload/2017/01/18/a9a79ac9-de71-4652-b9c6-0ad973ba991e.jpg	http://www.xxdao.com/430000/424668.shtml
http://www.miaoshang.net/td/uploads/201404/13976419887uasaHpD.jpg	http://www.miaoshang.net/td/index.php?doc-view-123.html
http://www.pjcn.org/uploads/allimg/1608/1-160P2222PL40.jpg	http://www.pjcn.org/zz/2100/
http://www.21cbi.com/upload/201609/22/147451288691.jpg	http://m.21cbi.com/s/1/59642.html
https://cbu01.alicdn.com/img/ibank/2014/977/326/1786623779_1004685042.220x220.jpg	http://www.1688.com/chanpin/-CEF7B8AEBAA3CCC4.html
http://www.fei123.com/upload/2017/04/29/790240e4ecd3cd09.jpg	http://www.fei123.com/1910000/1907474.shtml
http://www.55haitang.com/d/file/xifuhaitang/zixun/20150818/1439886470126925.jpg	http://www.55haitang.com/xifuhaitang/zixun/181.html
http://www.55haitang.com/d/file/xifuhaitang/guanli/20150818/1439890755407477.jpg	http://www.55haitang.com/xifuhaitang/guanli/521.html
http://www.desktx.com/d/file/phone/zhiwu/20170410/96653d0226e4b7cd67cfe14471de9db0.jpg	http://www.desktx.com/zhiwu/xifuhaitang/
http://www.55haitang.com/d/file/xifuhaitang/zixun/20150918/1442534402405644.jpg	http://www.55haitang.com/xifuhaitang/zixun/396.html
http://pic40.nipic.com/20140422/18530444_084208350000_2.jpg	http://www.nipic.com/show/10152201.html
http://a1.att.hudong.com/46/66/01300542517439139998663814534_s.jpg	http://www.baike.com/wiki/%E8%A5%BF%E5%BA%9C%E6%B5%B7%E6%A3%A0
http://img4.mypsd.com.cn/20110427/Mypsd_29771_201104271757320031B.jpg	http://www.mypsd.com.cn/detail/?1632002
