
https://upload.wikimedia.org/wikipedia/commons/thumb/7/7a/Chinesischer_Blauregen_Detail_Bl%C3%BCtentraube.JPG/240px-Chinesischer_Blauregen_Detail_Bl%C3%BCtentraube.JPG	https://zh.wikipedia.org/wiki/%E7%B4%AB%E8%97%A4
http://farm9.staticflickr.com/8226/8599669418_9b885395b4_b.jpg	http://estherhsiao.pixnet.net/blog/post/37743314-2013%E3%80%812014-%E7%B4%AB%E8%97%A4%E5%92%96%E5%95%A1%E5%9C%92-%E2%88%A3-%E9%81%8A%E8%A8%98-%E6%96%B0%E5%8C%97-%E6%B7%A1%E6%B0%B4%E5%8D%80%EF%BC%88
https://www.liontravel.com/promotion/japan/tourpackage/FileUpLoad/Advertisement/Model/26346/64543/f3c034cc-2426-4242-81a6-379bde773786.jpg	http://www.liontravel.com/promotion/japan/tourpackage/Wisteria.html
https://www.liontravel.com/promotion/japan/tourpackage/FileUpLoad/Advertisement/Model/26346/67853/bd1b4232-62bf-4221-acad-45a0566a0429.jpg	http://www.liontravel.com/promotion/japan/tourpackage/Wisteria.html
https://static.wixstatic.com/media/e1ead0_beec4abb29f24fd89f1dde277be0a4d9.jpg	https://www.travela.hk/single-post/2015/03/29/%E7%B4%AB%E8%97%A4%E9%9A%A7%E9%81%93%EF%BC%9A%E7%AB%A5%E8%AF%9D%E8%88%AC%E7%9A%84%E4%B8%96%E7%95%8C-%E7%A6%8F%E5%B2%A1
http://tw.hiking.biji.co/static/upload/ex_52ae9d4ce54b4.jpg	http://tw.hiking.biji.co/index.php?q=news&act=info&id=387
https://pic.pimg.tw/navyblue77/1459471029-501389555.jpg?v=1459471050	http://navyblue77.pixnet.net/blog/post/46057201-%5B%E5%98%89%E7%BE%A9.%E6%A2%85%E5%B1%B1%5D%E6%98%A5%E5%A4%A9%E7%9A%84%E6%B5%AA%E6%BC%AB%E7%B5%B6%E7%BE%8E--%E7%91%9E%E9%87%8C%E7%B4%AB%E8%97%A4%E8%8A%B1%E5%AD%A32016
http://mmbiz.qpic.cn/mmbiz/yZicewu7XdFbnsiaQaQG4y6lS7nySq0xxK67FNZFclQHhwh77IHUjIicmy7Bs7xkB5XHgm4mSw5VqlrQyibJykNiaiag/0?wxfrom=5	https://wen2678.nidbox.com/diary/read/8907031
http://www.lhyyw.net/uploads/image/20150710/1436506078.jpg	http://www.lhyyw.net/classifieddetails.php?cid=2&id=44
https://gss3.bdstatic.com/-Po3dSag_xI4khGkpoWK1HF6hhy/baike/c0%3Dbaike60%2C5%2C5%2C60%2C20/sign=767947d7d3c8a786aa27425c0660a258/0bd162d9f2d3572c42b97bf18813632762d0c340.jpg	https://baike.baidu.com/item/%E7%B4%AB%E8%97%A4/34712
http://pic.pimg.tw/kavanachang/1368362006-2522184688.jpg	http://kavanachang.pixnet.net/blog/post/96614451-%E3%80%8C%E4%BA%AC%E3%80%82%E7%B4%AB%E8%97%A4%E3%80%8D%E7%84%A1%E5%90%8D%E4%B9%8B%E5%9C%B0%E6%9C%89%E6%99%B4%E5%A4%A9%E3%80%82%E4%B8%89%E5%A4%A7%E7%A5%9E%E7%A4%BE%E7%B4%AB%E8%97%A4
http://2.blog.xuite.net/2/8/5/f/10293756/blog_140697/txt/59274395/9.jpg	http://blog.xuite.net/rita5031/blog/59274395-%EF%BC%9D+%E6%B7%A1%E6%B0%B4_%E7%B4%AB%E8%97%A4%E5%92%96%E5%95%A1%E5%9C%92
http://gate.sinovision.net:82/gate/big5/cdnwww.sinovision.net/data/attachment/album/201303/09/230242229e2l9gcxcbx2cl.jpg	http://gate.sinovision.net:82/gate/big5/blog.sinovision.net/home/space/do/blog/uid/210113/id/196731.html
http://www.hanyi365.com/attach/userfiles/image/2013-09-14_16_56_38.png	http://www.hanyi365.com/article_153.html
http://cdn2.ettoday.net/images/2390/d2390172.jpg	http://travel.ettoday.net/article/883651.htm?t=%E8%8A%B1%E6%9C%9F%E8%85%B3%E6%AD%A5%E8%BF%91%EF%BC%81%E5%85%A8%E5%8F%B03%E8%99%95%E8%B3%9E%E3%80%8C%E7%B4%AB%E8%97%A4%E8%8A%B1%E3%80%8D%E6%99%AF%E9%BB%9E%E3%80%80%E5%BE%9C%E5%BE%89%E7%B4%AB%E8%89%B2%E6%B5%AA%E6%BC%AB
https://i.ytimg.com/vi/c8j9Y_Lgmbk/maxresdefault.jpg	https://www.youtube.com/watch?v=c8j9Y_Lgmbk
https://www.huabaike.com/uploads/allimg/sltimg/201511/5655286726702.jpg	https://www.huabaike.com/jtyh/697.html
https://2.share.photo.xuite.net/rita5031/1285f90/568339/89537917_l.jpg	http://blog.xuite.net/rita5031/blog/16710145-%E2%98%86+%E6%A4%8D%E7%89%A9%E5%9C%92_%E7%B4%AB%E8%97%A4%E8%8A%B1
https://gss2.bdstatic.com/9fo3dSag_xI4khGkpoWK1HF6hhy/baike/s%3D220/sign=5728af399925bc312f5d069a6edd8de7/738b4710b912c8fcb9138c3afc039245d7882160.jpg	https://baike.baidu.com/item/%E7%B4%AB%E8%97%A4/34712
https://7.share.photo.xuite.net/showhss/173d4fb/5595314/216573257_l.jpg	http://blog.xuite.net/showhss/photo/66856601-%E7%B4%AB%E8%97%A4%E8%8A%B1%E5%AD%A3%E5%8F%88%E4%BE%86%E4%BA%86
http://www.eztravel.com.tw/event/2017_wisteria/images/pic3_b.jpg	http://www.eztravel.com.tw/event/2017_wisteria/index.html?focus=01
http://5.blog.xuite.net/5/7/c/2/15013783/blog_543687/txt/66860420/31.jpg	http://blog.xuite.net/falconkimo/blog/66860420-%E7%B4%AB%E8%97%A4%E5%92%96%E5%95%A1%E5%9C%92%EF%BC%8E%E7%B4%AB%E8%97%A4%E8%8A%B1%E4%B9%8B%E6%88%80+by+2013.03.26
http://i5.download.fd.pchome.net/g1/M00/0F/0C/ooYBAFU93sqIf2tPAAX6AZ7os4MAACcDwA1qbMABfoZ158.jpg	http://download.pchome.net/wallpaper/info-6865-8-1.html
https://i.ytimg.com/vi/SF_cVvh8nvA/maxresdefault.jpg	https://www.youtube.com/watch?v=SF_cVvh8nvA
http://www2.ffjh.tyc.edu.tw/BlogEngine/image.axd?picture=980322(%E6%9C%9F)246_%E8%AA%BF%E6%95%B4%E5%A4%A7%E5%B0%8F.jpg	http://whx897like.lofter.com/post/1d032f3d_6bd1dc2
http://www.ebcbuzz.com/img/2/5331/0.jpg	http://www.ebcbuzz.com/watch/25331
http://gmimg.geimian.com/pic/2016/01/2016-01-09_103844.jpg	https://www.geimian.com/wx/58622.html
http://cdn2.ettoday.net/images/2390/d2390170.jpg	http://travel.ettoday.net/article/883651.htm?t=%E8%8A%B1%E6%9C%9F%E8%85%B3%E6%AD%A5%E8%BF%91%EF%BC%81%E5%85%A8%E5%8F%B03%E8%99%95%E8%B3%9E%E3%80%8C%E7%B4%AB%E8%97%A4%E8%8A%B1%E3%80%8D%E6%99%AF%E9%BB%9E%E3%80%80%E5%BE%9C%E5%BE%89%E7%B4%AB%E8%89%B2%E6%B5%AA%E6%BC%AB
http://pic1.nipic.com/20090326/1635457_222825082_2.jpg	http://www.nipic.com/zhuanti/408465.html
http://i1184.photobucket.com/albums/z325/satosi505/fuji-02.jpg	http://www.mesotw.com/bbs/viewthread.php?tid=26153
https://www.shotrip.com/articletw/wp-content/uploads/2016/03/1913468_417722228371443_1279644468_o-1440x960.jpg	https://www.shotrip.com/articletw/travel-etc/news/1930/2016%E7%91%9E%E9%87%8C%E7%B4%AB%E8%97%A4%E8%8A%B1%E5%AD%A3%E3%80%8C%E7%B4%AB%E8%89%B2%E6%B5%AA%E6%BC%AB-%E5%B9%B8%E7%A6%8F%E8%97%A4%E9%9B%B2%E3%80%8D15%E8%99%95%E8%B3%9E%E7%B4%AB%E8%97%A4%E6%99%AF
https://6.share.photo.xuite.net/crystal.chia/16e628b/13852996/1023088711_o.jpg	http://blog.xuite.net/crystal.chia/chia/206498886-%E7%B4%AB%E8%97%A4%E8%8A%B1%E3%80%82%E6%9D%89%E6%9E%97%E6%BA%AA%E7%9A%84%E6%B5%AA%E6%BC%AB%E6%98%A5%E5%A4%A9%E3%80%90%E5%8D%97%E6%8A%95%E7%AB%B9%E5%B1%B1%E3%80%91
http://visithiroshima.net/things_to_do/images/sera_wisteria_garden_03.jpg	http://tw.visithiroshima.net/things_to_do/attractions/parks_and_gardens/post_26.html
https://www.eventaiwan.tw/d_upload_tour100/cms/webEdit/A0/B0/C0/D0/E0/F0/4f7bd8bb-c713-45ab-8cde-b6db74ae6117.jpg	https://www.eventaiwan.tw/tw/play/detail_9120
https://eztravelweb.files.wordpress.com/2017/03/e6b2b3e585a72.jpg?w=350&h=200&crop=1	https://eztravelnews.blog/2017/02/23/%E3%80%90cnn%E4%B8%96%E7%95%8C%E5%A4%A2%E5%B9%BB%E7%B5%95%E6%99%AF%E3%80%91%E6%97%A5%E6%9C%AC%E7%B4%AB%E8%97%A4%E8%8A%B1%E8%81%BD%E8%AA%AA%E8%B6%85%E5%82%B2%E5%AC%8C%EF%BC%8C%E4%B8%80%E5%B9%B4/
http://tomy8.pixnet.net/album/downloadphoto?id=523654767	http://tomy8.pixnet.net/blog/post/224882387-%E8%B6%B3%E5%88%A9%E8%8A%B1%E5%9C%92-%E7%B4%AB%E8%97%A4%E8%8A%B1%E7%80%91
http://g.udn.com.tw/upfiles/B_HS/hsr123/PSN_PHOTO/267/f_12248267_1.jpg	http://blog.udn.com/article/article_print.jsp?uid=hsr123&f_ART_ID=23174030&f_CODE=1492995024186
https://www.liontravel.com/promotion/japan/tourpackage/FileUpLoad/Advertisement/Model/26346/64544/f63de14d-bad6-48cc-9c78-288d9c14bd40.jpg	http://www.liontravel.com/promotion/japan/tourpackage/Wisteria.html
http://www.epochtimes.com/i6/603210650041771.jpg	http://www.epochtimes.com/gb/6/3/21/n1261806.htm
https://pic.pimg.tw/loveyuwa/1460296025-3418339662.jpg?v=1460296053	http://loveyuwa.pixnet.net/blog/post/211343884-%E3%80%90%E5%8F%B0%E5%8C%97%E2%97%8D%E2%80%A2%E1%B4%97%E2%80%A2%E2%97%8D%E5%A3%AB%E6%9E%97%E3%80%91%E6%99%AF%E9%BB%9E%E3%83%BB%E5%85%8D%E8%B2%BB%E7%B4%AB%E8%97%A4%E6%99%AF%E9%BB%9E
http://static.ettoday.net/images/598/d598756.jpg	http://travel.ettoday.net/article/353167.htm?t=%E4%B9%9D%E5%B7%9E%E6%B2%B3%E5%85%A7%E8%97%A4%E5%9C%92%E7%99%BE%E7%B1%B3%E7%B4%AB%E8%97%A4%E8%8A%B1%E9%9A%A7%E9%81%93%E3%80%80%E7%A5%A8%E5%83%B9%E8%AE%8A%E5%8D%83%E5%85%83%E5%B0%B1%E6%98%AF%E6%9C%80%E7%BE%8E%E6%99%82%E5%88%BB
https://pic.pimg.tw/loveyuwa/1460130233-2227242467.jpg	http://loveyuwa.pixnet.net/blog/post/211343884-%E3%80%90%E5%8F%B0%E5%8C%97%E2%97%8D%E2%80%A2%E1%B4%97%E2%80%A2%E2%97%8D%E5%A3%AB%E6%9E%97%E3%80%91%E6%99%AF%E9%BB%9E%E3%83%BB%E5%85%8D%E8%B2%BB%E7%B4%AB%E8%97%A4%E6%99%AF%E9%BB%9E
http://cdn2.ettoday.net/images/2390/d2390166.jpg	http://travel.ettoday.net/article/883651.htm?t=%E8%8A%B1%E6%9C%9F%E8%85%B3%E6%AD%A5%E8%BF%91%EF%BC%81%E5%85%A8%E5%8F%B03%E8%99%95%E8%B3%9E%E3%80%8C%E7%B4%AB%E8%97%A4%E8%8A%B1%E3%80%8D%E6%99%AF%E9%BB%9E%E3%80%80%E5%BE%9C%E5%BE%89%E7%B4%AB%E8%89%B2%E6%B5%AA%E6%BC%AB
http://i.epochtimes.com/assets/uploads/2006/03/603210650391771.jpg	http://www.epochtimes.com/gb/6/3/21/n1261806.htm
http://img01.hua.com/uploadpic/images/20146181640416740329.jpg	http://www.hua.com/huayu/11556.html
http://www.chinanews.com/tp/hd2011/2013/03-13/U508P4T426D183653F16470DT20130313113942.jpg	http://www.chinanews.com/tp/hd2011/2013/03-13/183653.shtml
http://www.eztravel.com.tw/event/2017_wisteria/images/pic2_b.jpg	http://www.eztravel.com.tw/event/2017_wisteria/index.html?focus=01
https://via.gogoblog.org/201503/26-17.jpg	http://viablog.okmall.tw/blogview.php?blogid=1893
https://pic.pimg.tw/loveyuwa/1460130208-4099774245.jpg?v=1460130262	http://loveyuwa.pixnet.net/blog/post/211213843-%E3%80%90%E6%96%B0%E5%8C%97%E2%97%8D%E2%80%A2%E1%B4%97%E2%80%A2%E2%97%8D%E6%B7%A1%E6%B0%B4%E3%80%91%E6%99%AF%E9%BB%9E%E3%83%BB%E6%B7%A1%E6%B0%B4%E6%96%B0%E6%99%AF%E9%BB%9E-30
http://hk.skygate-global.com/wp-content/uploads/2017/02/pixta_1559014_M-1024x748.jpg	http://hk.skygate-global.com/zh-tw/blog/archives/13213
http://www.eztravel.com.tw/event/2017_wisteria/images/pic_pro2.jpg	http://www.eztravel.com.tw/event/2017_wisteria/index.html?focus=01
https://0.share.photo.xuite.net/stephen_cyk/1031458/19818651/1121934269_l.jpg	http://blog.xuite.net/stephen_cyk/stephen/401988296-%E6%A1%83%E5%9C%92%E5%B8%82%E4%BA%8C%E8%99%95%E7%B4%AB%E8%97%A4%E6%99%AF%E9%BB%9E%EF%BC%9A%E4%B8%AD%E5%A3%A2%E5%8D%80%E5%85%83%E7%94%9F%E5%85%AC%E5%9C%92%E3%80%81%E8%98%86%E7%AB%B9%E5%8D%80%E9%96%8B%E5%8D%97%E5%A4%A7%E5%AD%B8%E5%90%91%E9%99%BD%E6%AD%A5%E9%81%93+
https://www.liontravel.com/promotion/japan/tourpackage/FileUpLoad/Advertisement/Model/26346/64547/fba6cddb-85bc-4a3f-ad17-75ee8105c6b3.jpg	http://www.liontravel.com/promotion/japan/tourpackage/Wisteria.html
https://gss2.bdstatic.com/9fo3dSag_xI4khGkpoWK1HF6hhy/baike/s%3D220/sign=6e03e2fd349b033b2888fbd825cf3620/37d12f2eb9389b50f5eb1fab8535e5dde7116e37.jpg	https://baike.baidu.com/item/%E7%B4%AB%E8%97%A4/34712
http://4.blog.xuite.net/4/8/1/5/237093459/blog_4202130/txt/406993747/2.jpg	http://blog.xuite.net/c46269.xuite.net/asdfghjkl/406993747
https://pic.pimg.tw/esther6lu/1459786092-676256007_n.jpg?v=1459786958	http://esther6lu.pixnet.net/blog/post/114386564--%E5%8F%B0%E5%8C%97%E6%99%AF%E9%BB%9E~%E5%8F%B0%E5%8C%97%E8%8A%B1%E5%8D%89%E6%9D%91%E8%B3%9E%E7%B4%AB%E8%97%A4
https://pic.pimg.tw/loveyuwa/1460130251-1952602381.jpg?v=1460130264	http://loveyuwa.pixnet.net/blog/post/211213843-%E3%80%90%E6%96%B0%E5%8C%97%E2%97%8D%E2%80%A2%E1%B4%97%E2%80%A2%E2%97%8D%E6%B7%A1%E6%B0%B4%E3%80%91%E6%99%AF%E9%BB%9E%E3%83%BB%E6%B7%A1%E6%B0%B4%E6%96%B0%E6%99%AF%E9%BB%9E-30
http://9.blog.xuite.net/9/b/0/2/12143622/blog_664768/txt/59551767/0.jpg	http://blog.xuite.net/akao_chen/mntnsea/59551767-%E7%B4%AB%E8%89%B2%E7%9A%84%E6%B5%AA%E6%BC%AB%E4%B8%96%E7%95%8C_%E7%B4%AB%E8%97%A4%E5%92%96%E5%95%A1%E5%9C%92%EF%BC%88%E6%B7%A1%E6%B0%B4%EF%BC%89
https://i.imgur.com/Qb5CDHo.jpg	https://www.shotrip.com/articletw/travel-etc/news/1930/2016%E7%91%9E%E9%87%8C%E7%B4%AB%E8%97%A4%E8%8A%B1%E5%AD%A3%E3%80%8C%E7%B4%AB%E8%89%B2%E6%B5%AA%E6%BC%AB-%E5%B9%B8%E7%A6%8F%E8%97%A4%E9%9B%B2%E3%80%8D15%E8%99%95%E8%B3%9E%E7%B4%AB%E8%97%A4%E6%99%AF
http://i0.sinaimg.cn/travel/2015/0408/U9981P704DT20150408181750.jpg	http://travel.sina.com.cn/china/2015-04-08/1822303416.shtml
http://2.bp.blogspot.com/-QLPzErowiTM/VVCuu8flkkI/AAAAAAAAIn0/JC84YNSGfTE/s1600/P2110396a.jpg	http://www.jolinivy.com/2015/05/blog-post_11.html
http://7.blog.xuite.net/7/4/e/4/11253733/blog_227360/txt/23697996/0.jpg	http://blog.xuite.net/e2202778/boaboa/23697996-%E7%B4%AB%E8%97%A4
http://g.udn.com.tw/upfiles/B_WE/wei495051/PSN_PHOTO/751/f_10693751_1.jpg	http://blog.udn.com/wei495051/12282629
https://www.huabaike.com/uploads/allimg/artimg/201511/20151125141116_20236.jpg	https://www.huabaike.com/jtyh/697.html
http://theme.net.tw/wp-content/uploads/2013/03/DSC_0071.jpg	http://theme.net.tw/?p=1221
http://www.baihuamen.com/d/file/2014/04-27/b657f7ce7f891432360f7141e2d83156.jpg	http://www.baihuamen.com/zitengshu/
https://i2.kknews.cc/large/9ad0002645a43ef50ca	https://kknews.cc/news/5m2v33.html
http://www.liontravel.com/promotion/season/Global-Flower/FileUpLoad/SnsImg/342/3368/%E7%B4%AB%E8%97%A4%E8%8A%B1_599x314.jpg	http://www.liontravel.com/promotion/season/Global-Flower/wisteria-tokyo.html
http://blog.xuite.net/vincenthua/blog/327271627/cover600.jpg	http://blog.xuite.net/vincenthua/blog/327271627-%E5%8D%97%E9%9D%9E%E6%A8%B9%E7%B4%AB%E8%97%A4
http://pic.nipic.com/2008-07-11/200871183729313_2.jpg	http://www.nipic.com/show/867869.html
https://farm2.staticflickr.com/1650/25665319403_1e1533a22f_c.jpg	http://becky-photo.com/taipei0406/
http://mook.hmgcdn.com/images/upload/article/14815/A14815_1487651363_4.jpg	http://www.mook.com.tw/article.php?op=articleinfo&articleid=14815
https://www.instagram.com/p/BFksguXB8g9/media?size=l	https://www.tsunagujapan.com/zh-hant/20-japan-wisteria-parks/
http://yunol.stes.tc.edu.tw/0703/Wisteria_floribunda/01a.jpg	http://yunol.stes.tc.edu.tw/0703/Wisteria_floribunda/index.htm
https://gss1.bdstatic.com/-vo3dSag_xI4khGkpoWK1HF6hhy/baike/s%3D220/sign=34c7d8fc59ee3d6d26c680c973176d41/c75c10385343fbf2d7eb6d78b07eca8064388fa2.jpg	https://baike.baidu.com/item/%E7%B4%AB%E8%97%A4/34712
http://www.chla.com.cn/upload/2009_01/09012114419393.jpg	http://www.zhiwutong.com/yanghua/2009-01/33626.htm
http://3.bp.blogspot.com/-mOvoBc3Lhoo/UUrgvx-XxMI/AAAAAAABrFY/abLVnpoptRs/s1600/2013+%25E6%25AD%25A6%25E9%2599%25B5%25E4%25B8%2589%25E6%259C%2588.JPG	http://winny1015.blogspot.com/2014/05/taiwan_6069.html
https://www.walkerland.com.tw/image/845/0/poi/p59343/m38193/232306bc1739bff9773cf6d8188e66070b3ec8e9.jpg	https://www.walkerland.com.tw/article/view/152265
http://visithiroshima.net/things_to_do/images/sera_wisteria_garden_02.jpg	http://tw.visithiroshima.net/things_to_do/attractions/parks_and_gardens/post_26.html
https://img.imynest.com/uploads/F/EB/FEBBA2A2FF.jpeg	https://www.imynest.com/content/61355.html
https://img.miha.tw/photo/2016tokyo/ashikaga/a24.jpg	https://miha.tw/tky-ashikaga/
https://lookaside.fbsbx.com/lookaside/crawler/media/?media_id=807232812764285	https://www.facebook.com/wrestiacafe/
https://www.liontravel.com/promotion/season/global-flower/FileUpLoad/PictureAndWord/Model/22367/53634/ec4692b2-9154-4c36-873b-26fe0b3f0b22.jpg	http://www.liontravel.com/promotion/season/Global-Flower/wisteria-tokyo.html
https://i.ytimg.com/vi/Ggv8wZ7Qec8/maxresdefault.jpg	https://www.youtube.com/watch?v=Ggv8wZ7Qec8
https://farm8.staticflickr.com/7781/26589892820_a4c68c07a1_z.jpg	http://nini710.pixnet.net/blog/post/46197814-2016%E6%98%A5%E4%B9%8B%E4%B9%9D%E5%B7%9E%E7%B4%AB%E8%97%A4%E9%9A%A7%E9%81%93%E8%87%AA%E9%A7%95%E4%B9%8B%E6%97%85~%E7%B5%95%E7%BE%8E%E5%A4%A2%E5%B9%BB%E5%8C%97%E4%B9%9D
http://mook.hmgcdn.com/images/upload/article/14815/A14815_1487651363_2.jpg	http://www.mook.com.tw/article.php?op=articleinfo&articleid=14815
http://sun.noonspace.com/w28NoonSpace/wistariateahouse/MsgInfo/logo.png	http://www.wistariateahouse.com/main/wdb2/go.php?xmlid=9131&urlxmlid=15882
http://2.blog.xuite.net/2/8/5/f/10293756/blog_140697/txt/59274395/44.jpg	http://blog.xuite.net/rita5031/blog/59274395-%EF%BC%9D+%E6%B7%A1%E6%B0%B4_%E7%B4%AB%E8%97%A4%E5%92%96%E5%95%A1%E5%9C%92
http://www.baihuamen.com/d/file/2014/04-26/ce274326bb0b34e1614055f35fc3feb4.jpg	http://www.baihuamen.com/duohuaziteng/
https://www.huabaike.com/uploads/allimg/artimg/201701/20170119161321_15001.jpg	https://www.huabaike.com/jtyh/6884.html
http://static.flickr.com/2917/13541521154_ced4daf9ea.jpg	http://iventex.pixnet.net/blog/post/360640517-%E3%80%90%E5%8F%B0%E5%8C%97%E3%80%82%E9%81%8A%E8%A8%98%E3%80%91%E9%A3%84%E8%91%97%E7%B4%AB%E8%89%B2%E9%9B%A8%E6%BB%B4%E7%9A%84%E6%98%A5%E5%AD%A3~%E7%B4%AB%E8%97%A4%E8%8A%B1
https://pic.pimg.tw/juishanchang/1460181347-99881639_l.jpg?v=1460181370	http://juishanchang.pixnet.net/blog/post/446271980-%E3%80%90%E9%81%8A%E2%95%91%E4%B8%AD%E5%A3%A2%E3%80%91%E9%BE%8D%E5%BE%B7%E5%85%AC%E5%9C%92%26%E5%85%83%E7%94%9F%E5%85%AC%E5%9C%92%E7%B4%AB%E8%97%A4%E8%8A%B1%EF%BD%9E%E5%A5%BD
http://m-miya.net/wp-content/uploads/2016/04/0-996-7-580x385.jpg	http://m-miya.net/fuji-wisteria.html
http://album.udn.com/community/img/PSN_PHOTO/dk1858camry/f_1953367_1.jpg	http://blog.udn.com/dk1858camry/2024158
http://l.yimg.com/f/xp/tw-travel.yahookimo.com.tw/20120406/17/4178284076.jpg?x=500&y=500&n=1&sig=LbCVrFE2dY4mxtwkkV1N0g--	http://blog.sina.com.cn/s/blog_7a987ec30100z5os.html
https://pic.pimg.tw/navyblue77/1459471023-1889757522.jpg?v=1459471050	http://navyblue77.pixnet.net/blog/post/46057201-%5B%E5%98%89%E7%BE%A9.%E6%A2%85%E5%B1%B1%5D%E6%98%A5%E5%A4%A9%E7%9A%84%E6%B5%AA%E6%BC%AB%E7%B5%B6%E7%BE%8E--%E7%91%9E%E9%87%8C%E7%B4%AB%E8%97%A4%E8%8A%B1%E5%AD%A32016
https://farm2.staticflickr.com/1714/26268027165_e55ffcceac_c.jpg	http://becky-photo.com/taipei0406/
https://www.instagram.com/p/3WL0qVIpCQ/media?size=l	https://www.tsunagujapan.com/zh-hant/20-japan-wisteria-parks/
https://2.share.photo.xuite.net/rita5031/1285f25/397880/89825261_l.jpg	http://blog.xuite.net/rita5031/blog/16710314-%E2%98%86+%E7%B4%AB%E8%97%A4%E9%A2%A8%E6%83%85_%E7%95%AB
http://tupian.geimian.com/pic/2016/01/2016-01-11_141800.jpg	https://www.geimian.com/wx/58622.html
