
https://gss0.bdstatic.com/-4o3dSag_xI4khGkpoWK1HF6hhy/baike/c0%3Dbaike80%2C5%2C5%2C80%2C26/sign=5bdb5180252dd42a4b0409f9625230d0/a686c9177f3e670945cc41163bc79f3df9dc550e.jpg
https://gss1.bdstatic.com/9vo3dSag_xI4khGkpoWK1HF6hhy/baike/c0%3Dbaike80%2C5%2C5%2C80%2C26/sign=773b9900a1773912d02b8d339970ed7d/d1a20cf431adcbeff731a1bba4af2edda3cc9f02.jpg
https://gss2.bdstatic.com/-fo3dSag_xI4khGkpoWK1HF6hhy/baike/c0%3Dbaike150%2C5%2C5%2C150%2C50/sign=16df783b720e0cf3b4fa46a96b2f997a/faf2b2119313b07e4c0d85210cd7912397dd8c63.jpg
https://gss0.bdstatic.com/-4o3dSag_xI4khGkpoWK1HF6hhy/baike/c0%3Dbaike80%2C5%2C5%2C80%2C26/sign=cf39623fcffc1e17e9b284632bf99d66/0dd7912397dda14421a4b99bb2b7d0a20cf4866e.jpg
https://gss2.bdstatic.com/-fo3dSag_xI4khGkpoWK1HF6hhy/baike/c0%3Dbaike80%2C5%2C5%2C80%2C26/sign=3433392ac895d143ce7bec711299e967/2934349b033b5bb5bf7ef5d736d3d539b600bc6a.jpg
https://gss2.bdstatic.com/-fo3dSag_xI4khGkpoWK1HF6hhy/baike/c0%3Dbaike92%2C5%2C5%2C92%2C30/sign=d7133df776094b36cf9f13bfc2a517bc/80cb39dbb6fd526636a8ff3cab18972bd4073613.jpg
https://gss3.bdstatic.com/-Po3dSag_xI4khGkpoWK1HF6hhy/baike/c0%3Dbaike80%2C5%2C5%2C80%2C26/sign=72ffaa485982b2b7b392319650c4a08a/dcc451da81cb39db6546551ad0160924aa1830f3.jpg
https://gss3.bdstatic.com/7Po3dSag_xI4khGkpoWK1HF6hhy/baike/c0%3Dbaike92%2C5%2C5%2C92%2C30/sign=76283e32632762d09433acedc185639f/ae51f3deb48f8c544b2a443e3a292df5e0fe7f22.jpg

https://gss2.bdstatic.com/-fo3dSag_xI4khGkpoWK1HF6hhy/baike/c0%3Dbaike150%2C5%2C5%2C150%2C50/sign=c589f8bf4b36acaf4ded9eae1db0e675/9825bc315c6034a850b90307cb134954082376d8.jpg
https://gss3.bdstatic.com/7Po3dSag_xI4khGkpoWK1HF6hhy/baike/c0%3Dbaike150%2C5%2C5%2C150%2C50/sign=0ff927b74c086e067ea5371963611091/7acb0a46f21fbe09dc0378926b600c338644add3.jpg
https://gss0.bdstatic.com/94o3dSag_xI4khGkpoWK1HF6hhy/baike/c0%3Dbaike150%2C5%2C5%2C150%2C50/sign=5e69e5d5f6246b606f03ba268a917129/96dda144ad34598252d75e140cf431adcaef84d3.jpg
https://gss0.bdstatic.com/94o3dSag_xI4khGkpoWK1HF6hhy/baike/c0%3Dbaike150%2C5%2C5%2C150%2C50/sign=93723ec8ca8065386fe7ac41f6b4ca21/77c6a7efce1b9d16fd9b21e7f3deb48f8d5464d3.jpg
https://gss3.bdstatic.com/7Po3dSag_xI4khGkpoWK1HF6hhy/baike/c0%3Dbaike150%2C5%2C5%2C150%2C50/sign=7968c580acaf2eddc0fc41bbec796a8c/bd315c6034a85edf82d045a549540923dc5475d3.jpg
https://gss2.bdstatic.com/9fo3dSag_xI4khGkpoWK1HF6hhy/baike/c0%3Dbaike150%2C5%2C5%2C150%2C50/sign=e08ba0c58bd4b31ce4319ce9e6bf4c1a/54fbb2fb43166d22e52cae12462309f79152d2d9.jpg

https://gss2.bdstatic.com/-fo3dSag_xI4khGkpoWK1HF6hhy/baike/c0%3Dbaike92%2C5%2C5%2C92%2C30/sign=8048a5f9d109b3deffb2ec3aadd607e4/b151f8198618367a0cb27d4c2e738bd4b31ce56c.jpg
https://gss2.bdstatic.com/-fo3dSag_xI4khGkpoWK1HF6hhy/baike/c0%3Dbaike80%2C5%2C5%2C80%2C26/sign=6983a88e070828387c00d446d9f0c264/37d12f2eb9389b50013ee3c38535e5dde6116e59.jpg
https://gss3.bdstatic.com/7Po3dSag_xI4khGkpoWK1HF6hhy/baike/c0%3Dbaike92%2C5%2C5%2C92%2C30/sign=455ee6a8b3de9c82b268f1dd0de8eb6f/f9198618367adab49deb19d28bd4b31c8701e46c.jpg
https://gss3.bdstatic.com/7Po3dSag_xI4khGkpoWK1HF6hhy/baike/c0%3Dbaike116%2C5%2C5%2C116%2C38/sign=ff82fc2165380cd7f213aabfc02dc651/2e2eb9389b504fc29a9eb394e5dde71191ef6d59.jpg
https://gss1.bdstatic.com/9vo3dSag_xI4khGkpoWK1HF6hhy/baike/c0%3Dbaike80%2C5%2C5%2C80%2C26/sign=79c42991e924b899ca31716a0f6f76f0/9a504fc2d5628535b421d1b090ef76c6a6ef6359.jpg
https://gss2.bdstatic.com/9fo3dSag_xI4khGkpoWK1HF6hhy/baike/c0%3Dbaike92%2C5%2C5%2C92%2C30/sign=1ef458a71d950a7b613846966bb809bc/4ec2d5628535e5ddb5eda64e76c6a7efcf1b6259.jpg

https://gss3.bdstatic.com/-Po3dSag_xI4khGkpoWK1HF6hhy/baike/c0%3Dbaike116%2C5%2C5%2C116%2C38/sign=5a5d34fcb13533fae1bb9b7cc9ba967a/b812c8fcc3cec3fdbf861a87d688d43f86942783.jpg
https://gss2.bdstatic.com/9fo3dSag_xI4khGkpoWK1HF6hhy/baike/c0%3Dbaike150%2C5%2C5%2C150%2C50/sign=19773893f8198618554ae7d62b844516/a1ec08fa513d2697f382b5af55fbb2fb4216d8eb.jpg
https://gss2.bdstatic.com/9fo3dSag_xI4khGkpoWK1HF6hhy/baike/c0%3Dbaike150%2C5%2C5%2C150%2C50/sign=9526a866462309f7f362a54013676796/342ac65c10385343219e3ad39313b07ecb8088eb.jpg
https://gss0.bdstatic.com/94o3dSag_xI4khGkpoWK1HF6hhy/baike/c0%3Dbaike150%2C5%2C5%2C150%2C50/sign=c2ededfa0cd79123f4ed9c26cc5d32e7/cf1b9d16fdfaaf51fbb33c4d8c5494eef11f7aeb.jpg
https://gss1.bdstatic.com/9vo3dSag_xI4khGkpoWK1HF6hhy/baike/c0%3Dbaike220%2C5%2C5%2C220%2C73/sign=678fc3f4acaf2eddc0fc41bbec796a8c/3b292df5e0fe9925adb7d4a234a85edf8cb1718c.jpg

https://gss1.bdstatic.com/9vo3dSag_xI4khGkpoWK1HF6hhy/baike/c0%3Dbaike92%2C5%2C5%2C92%2C30/sign=6c5d7ed4d439b60059c307e588395e4f/71cf3bc79f3df8dca893f2a6cc11728b4710285e.jpg

https://gss3.bdstatic.com/-Po3dSag_xI4khGkpoWK1HF6hhy/baike/c0%3Dbaike92%2C5%2C5%2C92%2C30/sign=a9f1f1064b90f60310bd9415587bd87e/0dd7912397dda1448e471185b3b7d0a20cf486be.jpg

https://gss3.bdstatic.com/-Po3dSag_xI4khGkpoWK1HF6hhy/baike/c0%3Dbaike92%2C5%2C5%2C92%2C30/sign=a23e83e877094b36cf9f13bfc2a517bc/80cb39dbb6fd526643854123aa18972bd407365e.jpg
https://gss0.bdstatic.com/-4o3dSag_xI4khGkpoWK1HF6hhy/baike/c0%3Dbaike92%2C5%2C5%2C92%2C30/sign=d557f09ea8014c080d3620f76b12696d/2e2eb9389b504fc2e911cd32e4dde71190ef6dbe.jpg
https://gss1.bdstatic.com/-vo3dSag_xI4khGkpoWK1HF6hhy/baike/c0%3Dbaike92%2C5%2C5%2C92%2C30/sign=3ec307c5d462853586edda73f1861da3/d043ad4bd11373f0279112a8a50f4bfbfbed045e.jpg
https://gss2.bdstatic.com/9fo3dSag_xI4khGkpoWK1HF6hhy/baike/c0%3Dbaike92%2C5%2C5%2C92%2C30/sign=414dfc888d5494ee932f074b4c9c8b9b/aec379310a55b3195957ff4242a98226cffc175e.jpg
https://gss1.bdstatic.com/9vo3dSag_xI4khGkpoWK1HF6hhy/baike/c0%3Dbaike92%2C5%2C5%2C92%2C30/sign=18cb84b86d81800a7ae8815cd05c589f/4bed2e738bd4b31c4e92e98c86d6277f9e2ff85f.jpg
https://gss1.bdstatic.com/9vo3dSag_xI4khGkpoWK1HF6hhy/baike/c0%3Dbaike92%2C5%2C5%2C92%2C30/sign=021344348644ebf8797c6c6db890bc4f/32fa828ba61ea8d3946c0933960a304e251f58be.jpg
https://gss3.bdstatic.com/7Po3dSag_xI4khGkpoWK1HF6hhy/baike/c0%3Dbaike92%2C5%2C5%2C92%2C30/sign=96237d2dc75c10383073c690d378f876/cc11728b4710b912b78f8bc9c2fdfc03924522be.jpg
https://gss3.bdstatic.com/-Po3dSag_xI4khGkpoWK1HF6hhy/baike/c0%3Dbaike92%2C5%2C5%2C92%2C30/sign=1a50dfdaa044ad343ab28fd5b1cb6791/a5c27d1ed21b0ef490a6e569dcc451da81cb3ebe.jpg
https://gss2.bdstatic.com/9fo3dSag_xI4khGkpoWK1HF6hhy/baike/c0%3Dbaike92%2C5%2C5%2C92%2C30/sign=e6aac51700e93901420f856c1a853f82/962bd40735fae6cde1fad6560eb30f2442a70fbe.jpg
https://gss1.bdstatic.com/-vo3dSag_xI4khGkpoWK1HF6hhy/baike/c0%3Dbaike92%2C5%2C5%2C92%2C30/sign=3e2307c5d462853586edda73f1861da3/d043ad4bd11373f0277112a8a50f4bfbfbed04be.jpg
https://gss1.bdstatic.com/-vo3dSag_xI4khGkpoWK1HF6hhy/baike/c0%3Dbaike92%2C5%2C5%2C92%2C30/sign=0a9c861c9c16fdfacc61cebcd5e6e731/faedab64034f78f05a45e7c478310a55b3191cbe.jpg
https://gss2.bdstatic.com/9fo3dSag_xI4khGkpoWK1HF6hhy/baike/c0%3Dbaike92%2C5%2C5%2C92%2C30/sign=41adfc888d5494ee932f074b4c9c8b9b/aec379310a55b31959b7ff4242a98226cffc17be.jpg

https://gss3.bdstatic.com/7Po3dSag_xI4khGkpoWK1HF6hhy/baike/c0%3Dbaike92%2C5%2C5%2C92%2C30/sign=0cf1be236a600c33e474d69a7b253a6a/bd3eb13533fa828bc18ce0d4fc1f4134970a5a5d.jpg
https://gss0.bdstatic.com/94o3dSag_xI4khGkpoWK1HF6hhy/baike/c0%3Dbaike92%2C5%2C5%2C92%2C30/sign=a7b8285e242dd42a4b0409f9625230d0/314e251f95cad1c8d71481107e3e6709c93d515d.jpg
https://gss2.bdstatic.com/9fo3dSag_xI4khGkpoWK1HF6hhy/baike/c0%3Dbaike92%2C5%2C5%2C92%2C30/sign=4c419d3eb7003af359b7d4325443ad39/3ac79f3df8dcd100c0338516738b4710b9122f5d.jpg
https://gss2.bdstatic.com/9fo3dSag_xI4khGkpoWK1HF6hhy/baike/c0%3Dbaike92%2C5%2C5%2C92%2C30/sign=63434252b219ebc4d4757ecbe34fa499/c75c10385343fbf2a863db14b17eca8065388fbd.jpg
https://gss0.bdstatic.com/94o3dSag_xI4khGkpoWK1HF6hhy/baike/c0%3Dbaike92%2C5%2C5%2C92%2C30/sign=222598a50df431ada8df4b6b2a5fc7ca/ac6eddc451da81cba949fefa5366d0160924315d.jpg
https://gss2.bdstatic.com/9fo3dSag_xI4khGkpoWK1HF6hhy/baike/c0%3Dbaike92%2C5%2C5%2C92%2C30/sign=e39ec214622762d09433acedc185639f/ae51f3deb48f8c54de9cb8183b292df5e0fe7fbd.jpg
https://gss0.bdstatic.com/-4o3dSag_xI4khGkpoWK1HF6hhy/baike/c0%3Dbaike92%2C5%2C5%2C92%2C30/sign=0d9c756a54fbb2fb202650402e234bc1/bd315c6034a85edfd9c3831448540923dd5475bd.jpg
https://gss0.bdstatic.com/-4o3dSag_xI4khGkpoWK1HF6hhy/baike/c0%3Dbaike92%2C5%2C5%2C92%2C30/sign=4c9851dfbd3eb13550cabfe9c777c3b6/b21c8701a18b87d6ebedd628060828381f30fd5e.jpg
https://gss2.bdstatic.com/-fo3dSag_xI4khGkpoWK1HF6hhy/baike/c0%3Dbaike92%2C5%2C5%2C92%2C30/sign=41987849241f95cab2f89ae4a87e145b/b999a9014c086e06cb07427c03087bf40ad1cb5e.jpg
https://gss0.bdstatic.com/-4o3dSag_xI4khGkpoWK1HF6hhy/baike/c0%3Dbaike92%2C5%2C5%2C92%2C30/sign=3592f2a6cc11728b24208470a995a8ab/8b13632762d0f703751de8eb09fa513d2697c55e.jpg
https://gss2.bdstatic.com/-fo3dSag_xI4khGkpoWK1HF6hhy/baike/c0%3Dbaike92%2C5%2C5%2C92%2C30/sign=23461185b3b7d0a26fc40ccfaa861d6c/0ff41bd5ad6eddc4dfa8c9cc38dbb6fd526633bd.jpg
https://gss0.bdstatic.com/94o3dSag_xI4khGkpoWK1HF6hhy/baike/c0%3Dbaike92%2C5%2C5%2C92%2C30/sign=07b70aa0d833c895b2739029b07a1895/d8f9d72a6059252ddcb96033359b033b5bb5b95e.jpg
https://gss0.bdstatic.com/-4o3dSag_xI4khGkpoWK1HF6hhy/baike/c0%3Dbaike92%2C5%2C5%2C92%2C30/sign=1d4ad3574ec2d562e605d8bf8678fb8a/c995d143ad4bd113d782ca055bafa40f4bfb05bd.jpg
https://gss0.bdstatic.com/-4o3dSag_xI4khGkpoWK1HF6hhy/baike/c0%3Dbaike92%2C5%2C5%2C92%2C30/sign=dab4efe8cf1b9d169eca923392b7dfea/4afbfbedab64034fd482bf31aec379310a551dbd.jpg
https://gss1.bdstatic.com/-vo3dSag_xI4khGkpoWK1HF6hhy/baike/c0%3Dbaike92%2C5%2C5%2C92%2C30/sign=89da16d88cb1cb132a643441bc3d3d2b/b8014a90f603738d14057115b21bb051f819ecbe.jpg
https://gss1.bdstatic.com/-vo3dSag_xI4khGkpoWK1HF6hhy/baike/c0%3Dbaike92%2C5%2C5%2C92%2C30/sign=572a990eb2de9c82b268f1dd0de8eb6f/f9198618367adab48f9f66748ad4b31c8701e4be.jpg
https://gss0.bdstatic.com/94o3dSag_xI4khGkpoWK1HF6hhy/baike/c0%3Dbaike92%2C5%2C5%2C92%2C30/sign=e388ca8ca71ea8d39e2f7c56f6635b2b/267f9e2f07082838cf42a123b999a9014c08f1be.jpg
https://gss1.bdstatic.com/-vo3dSag_xI4khGkpoWK1HF6hhy/baike/c0%3Dbaike92%2C5%2C5%2C92%2C30/sign=5fd38516738b4710da22f59ea2a7a898/622762d0f703918f459e40fd503d269759eec4be.jpg
https://gss2.bdstatic.com/9fo3dSag_xI4khGkpoWK1HF6hhy/baike/c0%3Dbaike92%2C5%2C5%2C92%2C30/sign=15d968a3472309f7f362a54013676796/48540923dd54564ec8cb990eb2de9c82d1584f5e.jpg
https://gss1.bdstatic.com/9vo3dSag_xI4khGkpoWK1HF6hhy/baike/c0%3Dbaike92%2C5%2C5%2C92%2C30/sign=6d609fcd7acb0a46912f836b0a0a9d41/9d82d158ccbf6c81e19951dfbd3eb13533fa405e.jpg
https://gss2.bdstatic.com/9fo3dSag_xI4khGkpoWK1HF6hhy/baike/c0%3Dbaike92%2C5%2C5%2C92%2C30/sign=66a0cf43eaf81a4c323fe49bb6430b3c/838ba61ea8d3fd1f2ba7df0d314e251f95ca5f5e.jpg
