
https://gss1.bdstatic.com/9vo3dSag_xI4khGkpoWK1HF6hhy/baike/c0%3Dbaike92%2C5%2C5%2C92%2C30/sign=61432adfbd3eb13550cabfe9c777c3b6/b21c8701a18b87d6c636ad28060828381f30fd95.jpg
https://gss1.bdstatic.com/-vo3dSag_xI4khGkpoWK1HF6hhy/baike/c0%3Dbaike92%2C5%2C5%2C92%2C30/sign=85ad08c09e3df8dcb23087c3ac7819ee/f3d3572c11dfa9ec7f71502063d0f703918fc1ae.jpg
https://gss3.bdstatic.com/7Po3dSag_xI4khGkpoWK1HF6hhy/baike/c0%3Dbaike92%2C5%2C5%2C92%2C30/sign=a3884e19d31b0ef478e5900cbcad3abf/6c224f4a20a446230ebda3559922720e0cf3d795.jpg
https://gss3.bdstatic.com/-Po3dSag_xI4khGkpoWK1HF6hhy/baike/c0%3Dbaike92%2C5%2C5%2C92%2C30/sign=c3753a23aa18972bb737089887a410ec/f31fbe096b63f62478033f348644ebf81a4ca3ae.jpg
https://gss2.bdstatic.com/-fo3dSag_xI4khGkpoWK1HF6hhy/baike/c0%3Dbaike92%2C5%2C5%2C92%2C30/sign=5cedea34c995d143ce7bec711299e967/d62a6059252dd42a367e079c023b5bb5c9eab895.jpg
https://gss3.bdstatic.com/-Po3dSag_xI4khGkpoWK1HF6hhy/baike/c0%3Dbaike92%2C5%2C5%2C92%2C30/sign=28054bf7f636afc31a013737d27080a1/3bf33a87e950352aed16233f5243fbf2b2118b95.jpg

https://gss2.bdstatic.com/-fo3dSag_xI4khGkpoWK1HF6hhy/baike/c0%3Dbaike92%2C5%2C5%2C92%2C30/sign=0758801cb151f819e5280b18bbdd2188/b3b7d0a20cf431adf5a5450e4a36acaf2edd9895.jpg

https://gss1.bdstatic.com/-vo3dSag_xI4khGkpoWK1HF6hhy/baike/c0%3Dbaike92%2C5%2C5%2C92%2C30/sign=0a4f22d8a8ec8a1300175fb2966afaea/9c16fdfaaf51f3dee9ecbf5395eef01f3a2979ae.jpg
https://gss1.bdstatic.com/-vo3dSag_xI4khGkpoWK1HF6hhy/baike/c0%3Dbaike92%2C5%2C5%2C92%2C30/sign=2e755e254e4a20a425133495f13bf347/8cb1cb1349540923b03765499358d109b3de49ae.jpg

https://gss0.bdstatic.com/-4o3dSag_xI4khGkpoWK1HF6hhy/baike/c0%3Dbaike150%2C5%2C5%2C150%2C50/sign=75d52a45f603738dca470470d272db34/a8ec8a13632762d03bd7f15aa0ec08fa503dc66e.jpg
https://gss0.bdstatic.com/94o3dSag_xI4khGkpoWK1HF6hhy/baike/crop%3D0%2C3%2C800%2C528%3Bc0%3Dbaike92%2C5%2C5%2C92%2C30/sign=9d36e9e04710b912ab8eacbefecdd030/43a7d933c895d143fd6c4a7873f082025aaf0756.jpg
https://gss3.bdstatic.com/-Po3dSag_xI4khGkpoWK1HF6hhy/baike/c0%3Dbaike72%2C5%2C5%2C72%2C24/sign=47ad8eb4e6cd7b89fd6132d16e4d29c2/eaf81a4c510fd9f94480db17252dd42a2834a43d.jpg
https://gss3.bdstatic.com/-Po3dSag_xI4khGkpoWK1HF6hhy/baike/c0%3Dbaike72%2C5%2C5%2C72%2C24/sign=17792a6d97dda144ce0464e0d3debbc7/d31b0ef41bd5ad6ec66aea9481cb39dbb6fd3c38.jpg

https://gss1.bdstatic.com/9vo3dSag_xI4khGkpoWK1HF6hhy/baike/c0%3Dbaike80%2C5%2C5%2C80%2C26/sign=9ef80fad9d16fdfacc61cebcd5e6e731/f636afc379310a558a0e2a72b74543a982261009.jpg
https://gss0.bdstatic.com/-4o3dSag_xI4khGkpoWK1HF6hhy/baike/c0%3Dbaike80%2C5%2C5%2C80%2C26/sign=784bf4672f2eb938f86072a0b40bee50/d043ad4bd11373f0aeae9819a40f4bfbfaed04a6.jpg
https://gss1.bdstatic.com/9vo3dSag_xI4khGkpoWK1HF6hhy/baike/c0%3Dbaike80%2C5%2C5%2C80%2C26/sign=e09b6c94dd54564ef168ec6bd2b7f7e7/f9198618367adab4e3224bc48bd4b31c8601e443.jpg
https://gss0.bdstatic.com/94o3dSag_xI4khGkpoWK1HF6hhy/baike/c0%3Dbaike80%2C5%2C5%2C80%2C26/sign=186ddf8a269759ee5e5d6899d3922873/5d6034a85edf8db1db84c7e30923dd54574e748a.jpg
https://gss3.bdstatic.com/-Po3dSag_xI4khGkpoWK1HF6hhy/baike/c0%3Dbaike80%2C5%2C5%2C80%2C26/sign=eaed22835982b2b7b392319650c4a08a/dcc451da81cb39dbfd54ddd1d0160924aa1830a4.jpg
https://gss0.bdstatic.com/-4o3dSag_xI4khGkpoWK1HF6hhy/baike/c0%3Dbaike80%2C5%2C5%2C80%2C26/sign=67497e73b74543a9e116f29e7f7ee1e7/b17eca8065380cd74573026aa144ad34588281cc.jpg

https://gss1.bdstatic.com/-vo3dSag_xI4khGkpoWK1HF6hhy/baike/c0%3Dbaike116%2C5%2C5%2C116%2C38/sign=9baa748b8794a4c21e2eef796f9d70b0/c995d143ad4bd1133ed222b65aafa40f4bfb0512.jpg
https://gss2.bdstatic.com/9fo3dSag_xI4khGkpoWK1HF6hhy/baike/c0%3Dbaike116%2C5%2C5%2C116%2C38/sign=bb1b3be44fc2d562e605d8bf8678fb8a/ca1349540923dd54546d32ecd109b3de9c824813.jpg
https://gss3.bdstatic.com/-Po3dSag_xI4khGkpoWK1HF6hhy/baike/c0%3Dbaike116%2C5%2C5%2C116%2C38/sign=90e717f143a98226accc2375ebebd264/060828381f30e924c3ba09b54c086e061d95f71c.jpg
https://gss1.bdstatic.com/-vo3dSag_xI4khGkpoWK1HF6hhy/baike/c0%3Dbaike116%2C5%2C5%2C116%2C38/sign=6aa6af9042a7d933aba5ec21cc22ba76/8b82b9014a90f603169809c33912b31bb051ed0e.jpg
https://gss2.bdstatic.com/-fo3dSag_xI4khGkpoWK1HF6hhy/baike/c0%3Dbaike116%2C5%2C5%2C116%2C38/sign=3031cbd40c33874488c8272e3066b29c/faf2b2119313b07e0c95c58c0cd7912397dd8c0e.jpg

https://gss1.bdstatic.com/9vo3dSag_xI4khGkpoWK1HF6hhy/baike/c0%3Dbaike150%2C5%2C5%2C150%2C50/sign=d77339c4376d55fbd1cb7e740c4b242f/14ce36d3d539b600cb175aade350352ac75cb7cb.jpg
https://gss1.bdstatic.com/9vo3dSag_xI4khGkpoWK1HF6hhy/baike/c0%3Dbaike180%2C5%2C5%2C180%2C60/sign=3f79c7c5c41b9d169eca923392b7dfea/838ba61ea8d3fd1f088bf7203a4e251f95ca5f2d.jpg
https://gss0.bdstatic.com/-4o3dSag_xI4khGkpoWK1HF6hhy/baike/c0%3Dbaike150%2C5%2C5%2C150%2C50/sign=f35cff050d0828387c00d446d9f0c264/08f790529822720ed8d0b6e071cb0a46f21fab8a.jpg
https://gss0.bdstatic.com/94o3dSag_xI4khGkpoWK1HF6hhy/baike/c0%3Dbaike220%2C5%2C5%2C220%2C73/sign=942b0f2c17950a7b613846966bb809bc/0df3d7ca7bcb0a462a3cdf236163f6246b60af8a.jpg
https://gss2.bdstatic.com/9fo3dSag_xI4khGkpoWK1HF6hhy/baike/c0%3Dbaike150%2C5%2C5%2C150%2C50/sign=e8f203f3f8d3572c72ef948eeb7a0842/8644ebf81a4c510f3bdab6006a59252dd42aa58a.jpg

https://gss0.bdstatic.com/94o3dSag_xI4khGkpoWK1HF6hhy/baike/c0%3Dbaike92%2C5%2C5%2C92%2C30/sign=93f32fe48c5494ee932f074b4c9c8b9b/aec379310a55b3198be92c2e43a98226cffc175c.jpg
https://gss0.bdstatic.com/94o3dSag_xI4khGkpoWK1HF6hhy/baike/c0%3Dbaike80%2C5%2C5%2C80%2C26/sign=2ef216dacb1349546a13e0363727f93d/3812b31bb051f819f635ad11dab44aed2e73e75d.jpg
https://gss0.bdstatic.com/-4o3dSag_xI4khGkpoWK1HF6hhy/baike/c0%3Dbaike80%2C5%2C5%2C80%2C26/sign=7d0e463f564e9258b2398ebcfdebba3d/8718367adab44aed5a5e10bfb31c8701a18bfb5d.jpg
https://gss1.bdstatic.com/-vo3dSag_xI4khGkpoWK1HF6hhy/baike/c0%3Dbaike92%2C5%2C5%2C92%2C30/sign=f529e08754e736d14c1e845afa3924a7/9f510fb30f2442a7941453fed143ad4bd1130256.jpg
https://gss0.bdstatic.com/94o3dSag_xI4khGkpoWK1HF6hhy/baike/c0%3Dbaike92%2C5%2C5%2C92%2C30/sign=66f6b445b9389b502cf2e800e45c8eb8/43a7d933c895d143fd6c4a7873f082025aaf0756.jpg
https://gss1.bdstatic.com/-vo3dSag_xI4khGkpoWK1HF6hhy/baike/c0%3Dbaike92%2C5%2C5%2C92%2C30/sign=c0316691af51f3ded7bfb136f5879b7a/024f78f0f736afc32416913eb319ebc4b7451256.jpg
https://gss1.bdstatic.com/9vo3dSag_xI4khGkpoWK1HF6hhy/baike/c0%3Dbaike116%2C5%2C5%2C116%2C38/sign=a75741df4aed2e73e8e48e7ee668caee/a8ec8a13632762d0662e0ae4a0ec08fa513dc65d.jpg
https://gss0.bdstatic.com/-4o3dSag_xI4khGkpoWK1HF6hhy/baike/c0%3Dbaike92%2C5%2C5%2C92%2C30/sign=32f816dacb1349546a13e0363727f93d/4b90f603738da97755352870b051f8198618e357.jpg
https://gss3.bdstatic.com/7Po3dSag_xI4khGkpoWK1HF6hhy/baike/c0%3Dbaike80%2C5%2C5%2C80%2C26/sign=632e092ed688d43fe4a499a01c77b97e/42166d224f4a20a4d90e929c90529822720ed05d.jpg
https://gss0.bdstatic.com/-4o3dSag_xI4khGkpoWK1HF6hhy/baike/c0%3Dbaike116%2C5%2C5%2C116%2C38/sign=2e883f644bfbfbedc8543e2d19999c53/8718367adab44aed5a5410bfb31c8701a18bfb57.jpg
https://gss0.bdstatic.com/94o3dSag_xI4khGkpoWK1HF6hhy/baike/c0%3Dbaike92%2C5%2C5%2C92%2C30/sign=b498f7ea800a19d8df0e8c575293e9ee/2f738bd4b31c8701d9ac1cbd277f9e2f0708ff57.jpg
https://gss3.bdstatic.com/-Po3dSag_xI4khGkpoWK1HF6hhy/baike/c0%3Dbaike92%2C5%2C5%2C92%2C30/sign=c2130c61304e251ff6faecaac6efa272/e824b899a9014c08ed2186fe0a7b02087bf4f457.jpg
https://gss2.bdstatic.com/-fo3dSag_xI4khGkpoWK1HF6hhy/baike/c0%3Dbaike92%2C5%2C5%2C92%2C30/sign=fee8a0ac9f3df8dcb23087c3ac7819ee/f3d3572c11dfa9ec0434f84c62d0f703918fc157.jpg
https://gss1.bdstatic.com/-vo3dSag_xI4khGkpoWK1HF6hhy/baike/c0%3Dbaike92%2C5%2C5%2C92%2C30/sign=e7acdc7bb912c8fca0fefe9f9d6af920/f603918fa0ec08fac41abdfc59ee3d6d55fbda57.jpg
https://gss1.bdstatic.com/-vo3dSag_xI4khGkpoWK1HF6hhy/baike/c0%3Dbaike92%2C5%2C5%2C92%2C30/sign=bddd6c5dafc3793169658e7b8aaddc20/3b87e950352ac65cd515c828fbf2b21193138a5d.jpg
https://gss2.bdstatic.com/9fo3dSag_xI4khGkpoWK1HF6hhy/baike/c0%3Dbaike92%2C5%2C5%2C92%2C30/sign=793470afb74543a9e116f29e7f7ee1e7/5243fbf2b21193137a5351eb65380cd791238d5d.jpg
https://gss2.bdstatic.com/-fo3dSag_xI4khGkpoWK1HF6hhy/baike/c0%3Dbaike92%2C5%2C5%2C92%2C30/sign=7be3cab181cb39dbd5cd6f04b17f6241/9922720e0cf3d7caddec912df21fbe096b63a957.jpg
https://gss0.bdstatic.com/-4o3dSag_xI4khGkpoWK1HF6hhy/baike/c0%3Dbaike150%2C5%2C5%2C150%2C50/sign=bf98528115ce36d3b6098b625b9a51e2/3801213fb80e7becb0caadba2f2eb9389b506b5d.jpg
https://gss3.bdstatic.com/7Po3dSag_xI4khGkpoWK1HF6hhy/baike/c0%3Dbaike92%2C5%2C5%2C92%2C30/sign=e025b3531f30e924dba994632d610563/7aec54e736d12f2e5e15003b4fc2d5628535685d.jpg
https://gss3.bdstatic.com/-Po3dSag_xI4khGkpoWK1HF6hhy/baike/c0%3Dbaike116%2C5%2C5%2C116%2C38/sign=b1299798d7ca7bcb6976cf7ddf600006/b7003af33a87e950f60d5d3710385343fbf2b457.jpg
https://gss2.bdstatic.com/-fo3dSag_xI4khGkpoWK1HF6hhy/baike/c0%3Dbaike150%2C5%2C5%2C150%2C50/sign=29eae25a0a55b31988f48a2722c0e943/4d086e061d950a7b8421e09f0ad162d9f2d3c951.jpg
https://gss3.bdstatic.com/-Po3dSag_xI4khGkpoWK1HF6hhy/baike/c0%3Dbaike92%2C5%2C5%2C92%2C30/sign=f417fc62c93d70cf58f7a25f99b5ba65/7af40ad162d9f2d3dc058ab4a9ec8a136327cc51.jpg
https://gss1.bdstatic.com/-vo3dSag_xI4khGkpoWK1HF6hhy/baike/c0%3Dbaike150%2C5%2C5%2C150%2C50/sign=3c5ea279b31bb0519b29bb7a5713b1d1/f603918fa0ec08fac414bdfc59ee3d6d55fbda51.jpg
https://gss1.bdstatic.com/9vo3dSag_xI4khGkpoWK1HF6hhy/baike/c0%3Dbaike150%2C5%2C5%2C150%2C50/sign=26283ae087d6277ffd1f3a6a49517455/4e4a20a4462309f7317b0349720e0cf3d7cad651.jpg
https://gss0.bdstatic.com/94o3dSag_xI4khGkpoWK1HF6hhy/baike/c0%3Dbaike150%2C5%2C5%2C150%2C50/sign=b221e09f0ad162d991e36a4e70b6c289/6a600c338744ebf8aa65ca64d9f9d72a6059a751.jpg
https://gss3.bdstatic.com/-Po3dSag_xI4khGkpoWK1HF6hhy/baike/c0%3Dbaike80%2C5%2C5%2C80%2C26/sign=eeba911002087bf469e15fbb93ba3c49/77c6a7efce1b9d160ed5343af3deb48f8c54645f.jpg
https://gss2.bdstatic.com/-fo3dSag_xI4khGkpoWK1HF6hhy/baike/c0%3Dbaike92%2C5%2C5%2C92%2C30/sign=a1038ab4a9ec8a1300175fb2966afaea/9c16fdfaaf51f3de42a0173f94eef01f3a29795f.jpg
https://gss0.bdstatic.com/94o3dSag_xI4khGkpoWK1HF6hhy/baike/c0%3Dbaike80%2C5%2C5%2C80%2C26/sign=9af669b8572c11dfcadcb771024e09b5/ae51f3deb48f8c546cc16b743a292df5e0fe7f5f.jpg
https://gss1.bdstatic.com/-vo3dSag_xI4khGkpoWK1HF6hhy/baike/c0%3Dbaike92%2C5%2C5%2C92%2C30/sign=bdd96c5dafc3793169658e7b8aaddc20/3b87e950352ac65cd511c828fbf2b21193138a51.jpg
https://gss1.bdstatic.com/9vo3dSag_xI4khGkpoWK1HF6hhy/baike/c0%3Dbaike92%2C5%2C5%2C92%2C30/sign=f51ab35f349b033b3885f48874a75db6/d0c8a786c9177f3e4639525670cf3bc79f3d565f.jpg
