
http://p.ayxbk.com/images/thumb/b/ba/Bk24z.jpg/220px-Bk24z.jpg	http://www.a-hospital.com/w/%E8%A7%92%E8%92%BF
http://www.baihuamen.com/d/file/2014/03-08/c803a31106bbbae149cef58089b62798.jpg	http://www.baihuamen.com/jiaohao/
https://myfoodandflowers.files.wordpress.com/2014/05/2014-06-01-106-medium.jpg	https://myfoodandflowers.wordpress.com/2014/06/02/incarvillea-delavayi-hardy-rose-gloxinia%E7%B4%85%E8%8A%B1%E8%A7%92%E8%92%BF/
http://www.baihuamen.com/d/file/2014/04-20/15094774ec86cf47770803e3b42351f5.jpg	http://www.baihuamen.com/quanyuanjiaohao/
http://plant.cqla.cn/24/XS08B_jiaohao10074.JPG	http://plant.cqla.cn/24/24.htm
https://myfoodandflowers.files.wordpress.com/2014/05/2014-05-30-028-medium.jpg	https://myfoodandflowers.wordpress.com/2014/06/02/incarvillea-delavayi-hardy-rose-gloxinia%E7%B4%85%E8%8A%B1%E8%A7%92%E8%92%BF/
https://cbu01.alicdn.com/img/ibank/2015/178/532/2298235871_1374213954.220x220.jpg	http://www.1688.com/jiage/-BDC7DDEF.html
http://www.cas.ac.cn/kxcb/kpwz/201003/W020100330325487755784.jpg	http://www.cas.ac.cn/kxcb/kpwz/201003/t20100330_2809189.shtml
http://www.baihuamen.com/d/file/2014/04-19/536311cb8c8a43780beb5a361d124350.jpg	http://www.baihuamen.com/quanyuanjiaohao/
http://www.fpcn.net/uploads/allimg/130717/2-130GG4014J54.JPG	http://www.fpcn.net/a/yeshenghuahui/20130717/Incarvillea_sinensis.html
http://pic1.win4000.com/pic/6/51/111b1370251.jpg	http://www.w88ok.net/meinv115145_4.html
http://a1.att.hudong.com/65/47/20300543140711148957473848466_s.jpg	http://www.baike.com/wiki/%E8%A7%92%E8%92%BF
http://www.baihuamen.com/d/file/2014/03-08/7c2402a095677ce0b5a42127aec49b0e.jpg	http://www.baihuamen.com/jiaohao/
http://tu.qt3191.com/allimg/c110627/130916192414440-113425.gif	http://www.qt3191.com/huamutupian/55799.html
https://gss1.bdstatic.com/9vo3dSag_xI4khGkpoWK1HF6hhy/baike/s%3D220/sign=bc77c01eefdde711e3d244f497efcef4/960a304e251f95cab8dde2adc3177f3e67095284.jpg	https://baike.baidu.com/item/%E8%A7%92%E8%92%BF
http://pic1.win4000.com/pic/6/51/111b1370249.jpg	http://www.w88ok.net/meinv115145_2.html
http://www.zhongyixueyuan.com/uploads/allimg/151225/1020205103-1.jpg	http://www.zhongyixueyuan.com/jiaogao/2015/1225/4535.html
http://s16.sinaimg.cn/middle/491fe510g88e55249464f&690	http://blog.sina.com.cn/s/blog_491fe5100100jovx.html
http://pic1.win4000.com/pic/6/51/111b1370248.jpg	http://www.win4000.com/meinv115145.html
http://www.zhongyixueyuan.com/uploads/allimg/160227/11-16022G53430413.jpg	http://www.zhongyixueyuan.com/jiaogao/
http://s15.sinaimg.cn/mw690/001ROMKqgy6VwnWfTv82e&690	http://blog.sina.com.cn/s/blog_66019f9e0102vo3e.html
http://s11.sinaimg.cn/mw690/001m8IVhzy7c7XTBttU5a&690	http://blog.sina.com.cn/s/blog_4a1b1f8f0102xt9r.html
http://s8.sinaimg.cn/mw690/001m8IVhzy7c7XUysmzb7&690	http://blog.sina.com.cn/s/blog_4a1b1f8f0102xt9r.html
http://s10.sinaimg.cn/mw690/001m8IVhzy7c7XTTQLf59&690	http://blog.sina.com.cn/s/blog_4a1b1f8f0102xt9r.html
https://gss2.bdstatic.com/-fo3dSag_xI4khGkpoWK1HF6hhy/baike/s%3D220/sign=a1f553e4db00baa1be2c40b97711b9b1/5bafa40f4bfbfbed95aca87772f0f736aec31fc4.jpg	https://baike.baidu.com/item/%E8%A7%92%E8%92%BF
https://upload.wikimedia.org/wikipedia/commons/thumb/3/37/Incarvillea_sinensis_var_przewalskii_01.jpg/220px-Incarvillea_sinensis_var_przewalskii_01.jpg	https://zh.wikipedia.org/wiki/%E8%A7%92%E8%92%BF
http://pic1.win4000.com/pic/6/51/111b1370256.jpg	http://www.w88ok.net/meinv115145_9.html
http://s8.sinaimg.cn/mw690/001m8IVhzy7c7XUepojb7&690	http://blog.sina.com.cn/s/blog_4a1b1f8f0102xt9r.html
http://pic.baike.soso.com/ugc/baikepic2/3882/cut-20160719220725-1592336380.jpg/0	http://baike.soso.com/ShowTitle.e?sp=S%E8%A7%92%E8%92%BF%E5%B1%9E
http://www.baihuamen.com/d/file/2014/03-08/f39f47bfd37a7749cc05f7f5446ae09c.jpg	http://www.baihuamen.com/jiaohao/
http://www.baihuamen.com/d/file/2014/04-20/7261d0375eabd624b71b56335ad2b2d0.jpg	http://www.baihuamen.com/quanyuanjiaohao/
http://pic1.win4000.com/pic/6/51/111b1370253.jpg	http://www.w88ok.net/meinv115145_6.html
http://s10.sinaimg.cn/mw690/0022rybyzy6UA0ynkJrb9&690	http://blog.sina.com.cn/s/blog_6f5d495c0102von3.html
http://www.39world.com/upimg/zyphoto/200791314211987577801.jpg	http://www.39world.com/zyphoto/09135H320075723.html
http://s13.sinaimg.cn/middle/66019f9eha1f3854a043c&690	http://blog.sina.com.cn/s/blog_66019f9e0100rgdn.html
https://cbu01.alicdn.com/img/ibank/2015/867/438/2219834768_1374213954.220x220.jpg	http://www.1688.com/jiage/-BDC7DDEF.html
https://cbu01.alicdn.com/img/ibank/2016/540/209/3520902045_122336080.220x220.jpg	http://www.1688.com/jiage/-BDC7DDEF.html
http://pic1.win4000.com/pic/6/51/111b1370257.jpg_195.jpg	http://www.win4000.com/meinv115145.html
http://www.baihuamen.com/d/file/2014/04-20/f040b4de3da943c9af3f9505f9cde732.jpg	http://www.baihuamen.com/quanyuanjiaohao/
https://gss0.bdstatic.com/-4o3dSag_xI4khGkpoWK1HF6hhy/baike/s%3D220/sign=800a49e48eb1cb133a693b11ed5556da/c2fdfc039245d688609d90afa7c27d1ed21b2419.jpg	https://baike.baidu.com/item/%E9%BB%84%E8%8A%B1%E8%A7%92%E8%92%BF
http://www.baihuamen.com/d/file/2014/03-07/e1d4e05cf8fa7c7a8d4d772f4a7fa96c.jpg	http://www.baihuamen.com/jiaohao/
http://pic.pingguolv.com/uploads/allimg/161222/109-1612221G102.jpg	http://www.pingguolv.com/zy/gongxiao/80585.html
http://gw.alicdn.com/bao/uploaded/i3/T1ZSKjXCJbXXXXXXXX_!!2-item_pic.png_200x200.jpg_.webp	https://m.taobao.com/article/G8EaFqEOE9CSBZDf.html
https://cbu01.alicdn.com/img/ibank/2015/432/934/2299439234_1374213954.220x220.jpg	http://www.1688.com/jiage/-BDC7DDEF.html
http://s11.sinaimg.cn/mw690/001khehSzy74aBxMJFE3a&690	http://blog.sina.com.cn/s/blog_48771e240102wps2.html
http://www.mihuyuan.com/pics/middle/20150310/1425955045231553.jpg	http://www.mihuyuan.com/plantdetail.do?plant_id=1425954932621552
http://s9.sinaimg.cn/mw690/0022rybyzy6UsUgxxLae8&690	http://blog.sina.com.cn/s/blog_6f5d495c0102von3.html
https://cbu01.alicdn.com/img/ibank/2016/987/134/3322431789_1304596074.220x220.jpg	https://s.1688.com/kq/-BDC7DDEF.html
http://www.sinaimg.cn/dy/slidenews/1_img/2014_07/53963_358619_425214.jpg	http://slide.news.sina.com.cn/slide_1_53963_43064.html
http://www.70tt.com/burl.php?url=http://imgsrc.baidu.com/baike/pic/item/72ccb777890ef077b051b9ae.jpg	http://www.haoyunbaike.com/jiankangshenghuo/20170509373667.html
https://myfoodandflowers.files.wordpress.com/2014/06/2015-07-20-028-medium.jpg	https://myfoodandflowers.wordpress.com/2014/06/02/incarvillea-delavayi-hardy-rose-gloxinia%E7%B4%85%E8%8A%B1%E8%A7%92%E8%92%BF/
http://www.zhongyixueyuan.com/uploads/allimg/160119/1UP2H57-1.jpg	http://www.zhongyixueyuan.com/jiaogao/2016/0119/7635.html
https://gss0.bdstatic.com/-4o3dSag_xI4khGkpoWK1HF6hhy/baike/w%3D400/sign=1665255771f40ad115e4c6e3672c1151/8644ebf81a4c510fc5e7f0756a59252dd42aa5b9.jpg	https://baike.baidu.com/item/%E4%B8%AD%E7%94%B8%E8%A7%92%E8%92%BF
http://frps.eflora.cn/QRCode.ashx?id=17320	http://frps.eflora.cn/frps/Incarvillea%20sinensis
http://s3.sinaimg.cn/bmiddle/001PAkYlzy73aNlT02K22&690	http://blog.sina.com.cn/s/blog_640a24dd0102wllu.html
http://www.zhongyixueyuan.com/uploads/allimg/160227/11-16022G53441L0.jpg	http://www.zhongyixueyuan.com/jiaogao/
http://s8.sinaimg.cn/mw690/0022rybyzy75vReW5Kv07&690	http://blog.sina.com.cn/s/blog_6f5d495c0102wnxt.html
https://gss0.bdstatic.com/-4o3dSag_xI4khGkpoWK1HF6hhy/baike/w%3D400/sign=7fe038d20b4f78f0800b9bf349300a83/b999a9014c086e06999899cd0a087bf40ad1cb00.jpg	https://baike.baidu.com/item/%E8%A7%92%E8%92%BF
http://www.ghzczrbhq.com/Upload/Upload_Imgs/2017-03/201703021527127173.jpg	http://www.ghzczrbhq.com/PhotoDetails.aspx?AlbumsID=24&ID=47&code=6
https://gw.alicdn.com/bao/uploaded/i3/TB1TuIVNFXXXXaAaXXXXXXXXXXX_!!0-item_pic.jpg_230x230.jpg	https://www.taobao.com/article/A5DAAgBIDRCiE0Cc.html
http://gw.alicdn.com/bao/uploaded/i3/T1HMhrFxXoXXXXXXXX_!!0-item_pic.jpg_200x200.jpg_.webp	https://m.taobao.com/article/G8EaFqEOE9CSBZDf.html
https://gss3.bdstatic.com/7Po3dSag_xI4khGkpoWK1HF6hhy/baike/s%3D220/sign=55d38028b312c8fcb0f3f1cfcc0292b4/024f78f0f736afc35e69cd6db919ebc4b7451254.jpg	https://baike.baidu.com/item/%E9%BB%84%E8%8A%B1%E8%A7%92%E8%92%BF
https://cbu01.alicdn.com/img/ibank/2015/512/906/2657609215_831345237.220x220.jpg	http://www.1688.com/jiage/-BDC7DDEF.html
http://www.baihuamen.com/d/file/2014/04-20/5473df0463b3fd2274337af2015f02b8.jpg	http://www.baihuamen.com/quanyuanjiaohao/
http://gw.alicdn.com/bao/uploaded/i2/834696857/TB2tDlOgyRnpuFjSZFCXXX2DXXa_!!834696857.jpg_200x200.jpg_.webp	https://m.taobao.com/article/G8EaFqEOE9CSBZDf.html
https://myfoodandflowers.files.wordpress.com/2014/06/2015-07-20-033-medium.jpg	https://myfoodandflowers.wordpress.com/2014/06/02/incarvillea-delavayi-hardy-rose-gloxinia%E7%B4%85%E8%8A%B1%E8%A7%92%E8%92%BF/
https://gw.alicdn.com/bao/uploaded/i2/TB1JKPDRXXXXXcrXVXXXXXXXXXX_!!0-item_pic.jpg_230x230.jpg	https://www.taobao.com/article/A5DAAgBIDRCiE0Cc.html
http://s9.sinaimg.cn/mw690/004kRDL9zy74NlIhI5qd8&690	http://blog.sina.com.cn/s/blog_ecccc31f0102wpfz.html
http://www.baihuamen.com/d/file/2014/03-08/eca5ef0d4a885d0cf5be8e16e1a5d2bc.jpg	http://www.baihuamen.com/jiaohao/4269_8.html
http://gw.alicdn.com/bao/uploaded/i1/3128332346/TB2JMiwtB0kpuFjSsppXXcGTXXa_!!3128332346.jpg_200x200.jpg_.webp	https://m.taobao.com/article/G8EaFqEOE9CSBZDf.html
http://www.baihuamen.com/d/file/2014/03-08/46c3be2777e23c79716b00a29a63343c.jpg	http://www.baihuamen.com/jiaohao/4269_10.html
http://www.51hm.cn/zwpic/%E6%AF%9B%E5%AD%90%E8%A7%92%E8%92%BF1.jpg	http://www.51hm.cn/zw/zwshow.asp?zwid=512
http://gw.alicdn.com/bao/uploaded/i1/72048142/TB2tQVNoFXXXXXHXpXXXXXXXXXX_!!72048142.jpg_200x200.jpg_.webp	https://m.taobao.com/article/G8EaFqEOE9CSBZDf.html
https://img.lrgarden.com/flower_pic/55/5/1000013623_1000000745_1471142853.jpg	https://www.lrgarden.com/topic/view/id-1000002591.html
https://gw.alicdn.com/bao/uploaded/i1/T1ZqG9XcheXXa8nhLX_085425.jpg_230x230.jpg	https://www.taobao.com/article/A5DAAgBIDRCiE0Cc.html
http://a1.att.hudong.com/56/33/20300541933553138210330201737_s.jpg	http://www.baike.com/wiki/%E5%85%A8%E7%BC%98%E8%A7%92%E8%92%BF
http://www.baihuamen.com/d/file/2014/03-08/bf16c4c80112b9879dccd29148a0fe4c.jpg	http://www.baihuamen.com/jiaohao/4269_7.html
http://p.ayxbk.com/images/thumb/2/2e/Bk251.jpg/200px-Bk251.jpg	http://www.a-hospital.com/w/%E8%A7%92%E8%92%BF
http://www.yeehua.net/pic/2016/IMG2016_8159.jpg	http://www.yeehua.net/picview.asp?tpid=17250
http://zw3wmap1.zw3e.com:8080/zw_news_map/350/2014053/1400897290702195194.jpg	http://www.zw3e.com/bk/guanyezhiwu/wcdbi.html
https://cbu01.alicdn.com/img/ibank/2016/023/604/3129406320_1020201163.220x220.jpg	http://www.1688.com/jiage/-BDC7DDEF.html
http://s16.sinaimg.cn/middle/491fe510g88e5528653af&690	http://blog.sina.com.cn/s/blog_491fe5100100jovx.html
http://read.html5.qq.com/image?src=forum&q=5&r=0&imgflag=7&imageUrl=http://img6.wtoutiao.com/mmbiz_jpg/meJbwicnicL5bdBib4dVPtSRnPnHOa8b4C8ibsP3CLnibmwWUibhyoWoj6Cac9Y2RxMV0P9uyC4lVRRQUunib7oblu4Lw/0?wx_fmt=jpeg	http://www.40lx.com/articles/bsdpmd/otaxl0g.html
http://www.zhongyao360.com/uploads/161124/31_090949_1.jpg	http://www.zhongyao360.com/gongxiao/2481504.html
http://s13.sinaimg.cn/mw690/004kRDL9zy74NlIfsUA0c&690	http://blog.sina.com.cn/s/blog_ecccc31f0102wpfz.html
http://a1.att.hudong.com/34/06/01200000032425136324061729233_s.jpg	http://www.baike.com/wiki/%E8%A7%92%E8%92%BF%E5%B1%9E
http://a1.att.hudong.com/30/44/01200000023788136454446891335_s.jpg	http://www.baike.com/wiki/%E5%85%A8%E7%BC%98%E8%A7%92%E8%92%BF
https://gw.alicdn.com/bao/uploaded/i4/244446533/TB20JS.lNtmpuFjSZFqXXbHFpXa_!!244446533.jpg_230x230.jpg	https://www.taobao.com/article/A5DAAgBIDRCiE0Cc.html
http://www.cbxm.com/uploads/201405/1400125874Mi7lp1G6.jpg	http://www.cbxm.com/doc-view-6223.html
http://s12.sinaimg.cn/mw690/004kRDL9zy74NlIdxd9ab&690	http://blog.sina.com.cn/s/blog_ecccc31f0102wpfz.html
https://cbu01.alicdn.com/img/ibank/2016/280/246/3601642082_1300350751.220x220.jpg	http://www.1688.com/jiage/-BDC7DDEF.html
http://s11.sinaimg.cn/mw690/004kRDL9zy74NlIjyjw0a&690	http://blog.sina.com.cn/s/blog_ecccc31f0102wpfz.html
http://s16.sinaimg.cn/middle/66019f9eha1f385b4c1af&690	http://blog.sina.com.cn/s/blog_66019f9e0100rgdn.html
http://www.biodiversity-science.net/article/2015/1005-0094-23-5-658/img_1.png	http://www.biodiversity-science.net/article/2015/1005-0094-23-5-658.html
http://s2.sinaimg.cn/mw690/0022rybyzy75yJD4D5va1&690	http://blog.sina.com.cn/s/blog_6f5d495c0102wnxt.html
http://s4.sinaimg.cn/mw690/001ROMKqgy6VwnWn7tFd3&690	http://blog.sina.com.cn/s/blog_66019f9e0102vo3e.html
http://s8.sinaimg.cn/bmiddle/001PAkYlzy6Y6Aege7t67&690	http://blog.sina.com.cn/s/blog_a32f5e1e0102wj8o.html
http://s16.sinaimg.cn/mw690/0022rybyzy6M44mvzhd9f&690	http://blog.sina.com.cn/s/blog_6f5d495c0102wnxt.html
http://pic.pingguolv.com/uploads/allimg/161222/109-1612221G127.jpg	http://www.pingguolv.com/zy/gongxiao/80585.html
http://img.zhongyixueyuan.com/2015/12/18/145036834538784.jpg	http://www.zhongyixueyuan.com/jiaogao/2015/1218/766.html
