
http://img.tupianzj.com/uploads/allimg/160318/15-16031R24648.jpg	http://www.tupianzj.com/sheying/huahui/20160318/44165_8.html
http://www.fpcn.net/uploads/allimg/130715/2-130G5125501958.JPG	http://www.fpcn.net/a/caobenhuahui/20130715/Clivia_nobilis.html
http://img.bimg.126.net/photo/bFaucecCIcLkxJyuaDVF6g==/1166995253443083491.jpg	http://bd1560.blog.163.com/blog/static/8316372009625111714964/
http://a0.att.hudong.com/61/41/01200000030274136323410876312_s.jpg	http://www.baike.com/wiki/%E5%9E%82%E7%AC%91%E5%90%9B%E5%AD%90%E5%85%B0
http://pic.to8to.com/attch/day_140801/20140801_06fcc81080aaa97dd50bewhoV53eT27C.jpg	http://www.to8to.com/yezhu/z20158.html
http://a0.att.hudong.com/58/42/01300000167299126459420157581_s.jpg	http://www.baike.com/wiki/%E5%9E%82%E7%AC%91%E5%90%9B%E5%AD%90%E5%85%B0
http://a1.att.hudong.com/82/40/01300000167299126459406889301_s.jpg	http://www.baike.com/wiki/%E5%9E%82%E7%AC%91%E5%90%9B%E5%AD%90%E5%85%B0
http://img01.tobosu.net/manage/articles/2014/06-23/596D6996-B2EC-50A5-F651-C9F2843829C9.png	http://m.sdmy168.com/index/5Z6C56yR5ZCb5a2Q5YWw5oCO5LmI5YW7.html
http://www.baihuamen.com/d/file/2014/05-31/5b22f40c254782bb9c0cb05387b1d2e1.jpg	http://www.baihuamen.com/chuixiaojunzilan/
http://www.twword.com/uploads/wiki/0e/ab/54894_1.jpg	http://www.twword.com/wiki/%E5%9E%82%E7%AC%91%E5%90%9B%E5%AD%90%E8%98%AD
http://img.bimg.126.net/photo/-fqv9CKcCh2aenz25Zi-sg==/877076027431487766.jpg	http://bd1560.blog.163.com/blog/static/8316372009625111714964/
http://www.365azw.com/Attachments/share/201506/557e87945326e.png	http://www.365azw.com/share/s-172129
http://flower.dzvv.com/attachment/0812/c5e283b65a.jpg	http://flower.dzvv.com/flower/9/2008-12/527.html
http://opic.tbscache.com/manage/articles/2014/06-23/A9336C76-EC5C-9552-3906-63896611A88F.png	http://www.tobosu.com/article/2014-06-23/113323.html
http://s4.sinaimg.cn/middle/66019f9eha7c070075123&690	http://blog.sina.com.cn/s/blog_66019f9e0102dqrd.html
http://www.pjcn.org/uploads/allimg/1609/1-160Z3231114C2.jpg	http://www.pjcn.org/gl/2377/
http://img.tulaoshi.com/image/20150506/6769d872ff44374dcd0584040942479d.jpg	http://m.tulaoshi.com/n/20150506/175683.html
http://www.baihuamen.com/d/file/2014/05-31/5cb9543526bdae13515ecf7f7ac199e7.jpg	http://www.baihuamen.com/chuixiaojunzilan/
http://www.shw365.com/sycx/UploadFiles_1251/201607/20160707090707486.jpg	http://www.shw365.com/sycx/hua/201607/123813.html
http://www.bazhake.com/upload/201608/22/201608221412168309.jpg	http://www.bazhake.com/news/flowers/junzilan/2016/0822/836.html
http://www.ynhmw.com/file/upload/201404/11/17-28-32-14-1.jpg	http://www.ynhmw.com/xuetang/show-3843.html
http://img.boqiicdn.com/Data/BK/P/imagick87921444816352.jpg	http://www.boqii.com/entry/detail/2120.html
http://www.51hm.cn/zwpic/%E5%9E%82%E7%AC%91%E5%90%9B%E5%AD%90%E5%85%B01.jpg	http://www.51hm.cn/zw/zwshow.asp?zwid=2331
http://6.blog.xuite.net/6/1/7/6/16970365/blog_1120766/txt/21866575/2.jpg	http://blog.xuite.net/a147b480c285/0325/21866575-%E5%9E%82%E7%AC%91%E5%90%9B%E5%AD%90%E8%98%AD
http://p1.pstatp.com/origin/11ff0004f7a0746ea48b	http://www.tjfer.com/detail/g6359331149438140674/
http://s16.sinaimg.cn/mw690/003ABqm6gy70H7BYEs7bf	http://blog.sina.com.cn/s/blog_c40e377a0102wkj6.html
http://img.boqiicdn.com/Data/BK/P/imagick62891444816217.jpg	http://www.boqii.com/entry/detail/2120.html
http://img307.ph.126.net/m-fnJNrMKtRW6q80j3mAuQ==/3794282686059717748.jpg	http://cca699.blog.163.com/blog/static/97983080201061583658716
http://www.ynhmw.com/file/upload/201404/11/17-28-47-39-1.jpg	http://www.ynhmw.com/xuetang/show-3843.html
http://img.tulaoshi.com/image/20150506/b1f381f068db7c175597f183ad9471c5.jpg	http://m.tulaoshi.com/n/20150506/175683.html
http://img.sczlb.com/uploads/pictures/2016/09/z93MsK.png	http://www.sczlb.com/cate-news/142811.html
http://image49.360doc.com/DownloadImg/2012/02/1422/21516916_15	http://www.360doc.com/content/12/0214/22/5733130_186681668.shtml
http://a0.att.hudong.com/17/18/01300000167299126459181994586_s.jpg	http://www.baike.com/wiki/%E5%9E%82%E7%AC%91%E5%90%9B%E5%AD%90%E5%85%B0
https://gss1.bdstatic.com/-vo3dSag_xI4khGkpoWK1HF6hhy/baike/s%3D220/sign=8cd43f39b219ebc4c478719bb227cf79/10dfa9ec8a1363279735c26f908fa0ec09fac796.jpg	https://baike.baidu.com/item/%E5%9E%82%E7%AC%91%E5%90%9B%E5%AD%90%E5%85%B0
http://img.boqiicdn.com/Data/BK/A/1510/14/imagick1041444790691_y.jpg	http://www.boqii.com/entry/detail/2120.html
http://pic1.huashichang.com/2015/0528/00/5565f3c13a700.jpg	http://www.aihuhua.com/tu/chuixiaojunzilan-genjing.html
http://img.aiuw.com//images/201409/14105873935550.jpg	http://www.aiuw.com/zhiwu/hhyz/article-36091.html
http://zw3wmap1.zw3e.com:8080/zw_news_map/550/2014052/1400251350788834775.jpg	http://www.zw3e.com/bk/mp/00000-02771.html
http://202.192.143.142:8080/res/suite/di-temp/855170/%E6%A4%8D%E7%89%A9%E5%88%86%E7%B1%BB%E5%9B%BE%E5%BA%932/%E5%8D%95%E5%AD%90%E5%8F%B6%E6%A4%8D%E7%89%A9/%E7%9F%B3%E8%92%9C%E7%A7%91/images/%E5%9E%82%E7%AC%91%E5%90%9B%E5%AD%90%E5%85%B01.jpg	http://202.192.143.142:8080/res/suite/di-temp/855170/%E6%A4%8D%E7%89%A9%E5%88%86%E7%B1%BB%E5%9B%BE%E5%BA%932/%E5%8D%95%E5%AD%90%E5%8F%B6%E6%A4%8D%E7%89%A9/%E7%9F%B3%E8%92%9C%E7%A7%91/pages/%E5%9E%82%E7%AC%91%E5%90%9B%E5%AD%90%E5%85%B01.html
http://www.fei123.com/upload/2015/07/12/3a196bf3-fba1-4ada-ab70-140c27f5b572.jpg	http://www.fei123.com/310000/301755.shtml
http://m2.img.sdmy168.com/img/aHR0cDovL2ltZzIuaW1ndG4uYmRpbWcuY29tL2l0L3U9MzE2MTQ0NDU3Miw0MDY3MzcxNzEyJmZtPTI2JmdwPTAuanBn.jpg	http://m.sdmy168.com/index/5Z6C56yR5ZCb5a2Q5YWw5oCO5LmI5YW7.html
http://img.boqiicdn.com/Data/BK/A/1510/14/imagick2531444791349_y.jpg	http://www.boqii.com/entry/detail/2120.html
http://image49.360doc.com/DownloadImg/2012/02/1422/21516916_7	http://www.360doc.com/content/12/0214/22/5733130_186681668.shtml
http://tu.qt3191.com/allimg/c110627/13091613AL240-GN0.gif	http://www.qt3191.com/penzaitupian/54456.html
http://www.51hm.cn/zwpic/%E5%9E%82%E7%AC%91%E5%90%9B%E5%AD%90%E5%85%B02.jpg	http://www.51hm.cn/zw/zwshow.asp?zwid=2331
http://img.wood365.cn/Editor/Lumbknowledge/2017_03_27/20170327100356_4096.jpg	http://vsharepai.com/Know/KnowInfo_6692.html
http://www.huaxianer.com/uploads/allimg/170620/6-1F6201F9400-L.jpg	http://www.huaxianer.com/wiki/061298.html
https://1.share.photo.xuite.net/wen529595/117cd71/9940123/444668630_m.jpg	http://blog.xuite.net/wen529595/twblog/123615987-2012%E5%9E%82%E7%AC%91%E5%90%9B%E5%AD%90%E8%98%ADClivia+nobilis%E7%A8%AE%E5%AD%90%E7%9B%86%E6%A0%BD
http://www.qnong.com.cn/uploadfile/2016/0827/20160827091823212.jpg	http://www.qnong.com.cn/zhongzhi/huahui/13427.html
http://m2.img.sdmy168.com/img/aHR0cDovL2ltZzAuaW1ndG4uYmRpbWcuY29tL2l0L3U9MjgzNDkxNzE3NywzOTc2ODYwNjc1JmZtPTI2JmdwPTAuanBn.jpg	http://m.sdmy168.com/index/5Z6C56yR5ZCb5a2Q5YWw5oCO5LmI5YW7.html
http://m2.img.sdmy168.com/img/aHR0cDovL2ltZzAuaW1ndG4uYmRpbWcuY29tL2l0L3U9NTc1OTc1MDE1LDM5Nzg4MjcwMjcmZm09MjYmZ3A9MC5qcGc=.jpg	http://m.sdmy168.com/index/5Z6C56yR5ZCb5a2Q5YWw5oCO5LmI5YW7.html
http://img.sczlb.com/uploads/pictures/2016/09/nKPrSH.png	http://www.sczlb.com/cate-news/142811.html
http://www.qnong.com.cn/uploadfile/2016/0827/20160827091805741.jpg	http://www.qnong.com.cn/zhongzhi/huahui/13427.html
http://p1.s.hjfile.cn/thread/201203/2012031385458946_498_o.jpg	http://ms.hujiang.com/menu/8249/item/559487/
http://img.aiuw.com//images/201409/14105873924628.jpg	http://www.aiuw.com/zhiwu/hhyz/article-36091.html
http://img.tulaoshi.com/ueditor/201703/31/be8b46044538f6fb988d2c671d51d308.jpg	http://www.tulaoshi.com/n/20170331/2632101.html
http://a0.att.hudong.com/06/41/01300000167299126459416724040_s.jpg	http://www.baike.com/wiki/%E5%9E%82%E7%AC%91%E5%90%9B%E5%AD%90%E5%85%B0
http://www.banbaowang.com/uploads/allimg/170812/37-1FQ21613100-L.jpg	http://www.banbaowang.com/banhua/139345/
http://img.tulaoshi.com/201704/10/c710e58242778957544e3acf4d4f67a4.jpg	http://www.tulaoshi.com/chuixiaojunzilan/
http://5b0988e595225.cdn.sohucs.com/images/20170622/2877727f29064d97941c81bd46bad10c.png	http://www.sohu.com/a/150981243_444728
http://pic4.55jia.net/fengshuizhiwu/05/a429283.png	http://www.55jia.net/75/346804.html
http://s10.sinaimg.cn/mw690/0028tD2Wgy6YAXQtcBX59&690	http://blog.sina.com.cn/s/blog_74ada8aa0102wjfy.html
http://pic4.55jia.net/fengshuizhiwu/32/a367926.jpg	http://www.55jia.net/75/331273.html
http://img001.mllres.com/zximages/images/201505/14314096043701.jpg	http://zx.meilele.com/discuss/item-704095/
http://www.huayugu.com.cn/uploads/allimg/161018/1-16101Q251470-L.jpg	http://www.huayugu.com.cn/chuixiaojunzilan/
http://www.huayugu.com.cn/uploads/allimg/161018/1-16101Q253260-L.jpg	http://www.huayugu.com.cn/chuixiaojunzilan/
http://www.52ij.com/uploads/allimg/160317/1ZHCL4-2.jpg	http://www.52ij.com/gongxiao/462074.html
http://5b0988e595225.cdn.sohucs.com/images/20170622/71392bf18a3a446d80715f58a1169ea7.png	http://www.sohu.com/a/150981243_444728
http://www.qnong.com.cn/uploadfile/2016/0827/20160827091839543.jpg	http://www.qnong.com.cn/zhongzhi/huahui/13427.html
http://img.ph.126.net/c6DoeukICujLIziuxIsiLA==/6597935082308517031.jpg	http://50496.com/zixun/tuku/5Z6C56yR5ZCb5a2Q5YWw.html
http://userimage8.360doc.com/16/0613/22/302987_201606132247010234815156.jpg	http://www.360doc.com/content/16/0613/22/302987_567544020.shtml
http://www.fei123.com/upload/2015/07/12/d5c12076-f03b-4d52-81a0-5fb43ac78930.jpg	http://www.fei123.com/310000/301769.shtml
http://www.flowercn.net/FlowerAndLife/UploadFiles_6299/200909/2009090315145018.jpg	http://www.flowercn.net/FlowerAndLife/GeneralSense/103944.shtml
http://202.192.143.142:8080/res/suite/di-temp/855170/%E6%A4%8D%E7%89%A9%E5%88%86%E7%B1%BB%E5%9B%BE%E5%BA%932/%E5%8D%95%E5%AD%90%E5%8F%B6%E6%A4%8D%E7%89%A9/%E7%9F%B3%E8%92%9C%E7%A7%91/images/%E5%9E%82%E7%AC%91%E5%90%9B%E5%AD%90%E5%85%B02.jpg	http://202.192.143.142:8080/res/suite/di-temp/855170/%E6%A4%8D%E7%89%A9%E5%88%86%E7%B1%BB%E5%9B%BE%E5%BA%932/%E5%8D%95%E5%AD%90%E5%8F%B6%E6%A4%8D%E7%89%A9/%E7%9F%B3%E8%92%9C%E7%A7%91/pages/%E5%9E%82%E7%AC%91%E5%90%9B%E5%AD%90%E5%85%B02.html
http://tgi13.jia.com/114/927/14927118.jpg	http://www.jia.com/baike/bdetail-6574/
http://www.pjcn.org/uploads/allimg/1609/1-160Z322515V92.jpg	http://www.pjcn.org/gl/2377/
http://pic4.55jia.net/fengshuizhiwu/14/a429295.png	http://www.55jia.net/75/346804.html
http://tgi12.jia.com/116/151/16151455.jpg	http://www.jia.com/baike/bdetail-6574/
http://www.21cbi.com/upload/201609/22/147454848475.png	http://m.21cbi.com/s/14/70142.html
http://5b0988e595225.cdn.sohucs.com/images/20170622/433a928d563443eeab701ad9f73261d8.png	http://www.sohu.com/a/150981243_444728
http://image49.360doc.com/DownloadImg/2012/02/1422/21516916_2	http://www.360doc.com/content/12/0214/22/5733130_186681668.shtml
http://pic90.nipic.com/file/20160301/9888074_170131430000_2.jpg	http://www.nipic.com/show/14261679.html
http://www.52yhua.com/uploads/allimg/160228/1-16022R13128.jpg	http://www.52yhua.com/lanketp/1787.html
http://img.wood365.cn/Editor/Lumbknowledge/2017_03_27/20170327100423_7252.jpg	http://vsharepai.com/Know/KnowInfo_6692.html
http://img.wxrw123.com/201606/21/12/gigkf53ltla.png	http://www.wxrw123.com/zw/20160621/1296795.html
http://img.wxrw123.com/201606/21/12/wvs502uj0uj.png	http://www.wxrw123.com/zw/20160621/1296795.html
http://www.pjcn.org/uploads/allimg/1609/1-160Z323024L23.jpg	http://www.pjcn.org/gl/2377/
http://www.21cbi.com/upload/201609/22/147454851661.png	http://m.21cbi.com/s/14/70142.html
https://gss2.bdstatic.com/9fo3dSag_xI4khGkpoWK1HF6hhy/baike/w%3D400/sign=5fd20672df39b6004dce0eb7d9513526/37d12f2eb9389b5005dee5c38f35e5dde7116e79.jpg	https://baike.baidu.com/item/%E5%9E%82%E7%AC%91%E5%90%9B%E5%AD%90%E5%85%B0
https://b-ssl.duitang.com/uploads/item/201703/05/20170305221100_wfZ2s.jpeg	https://www.duitang.com/blog/?id=720910752
http://img2.7624.net/uploads/20170221/201702211440281854.jpg	http://www.7624.net/jiaju/chong/447542.html
http://www.baihuamen.com/d/file/2014/05-31/cb81711a4c6e4c3fc678d3e66c5f20be.jpg	http://www.baihuamen.com/chuixiaojunzilan/17329_22.html
http://www.baihuamen.com/d/file/2014/05-31/3d6e475b47ebe35021387f049243c1e2.jpg	http://www.baihuamen.com/chuixiaojunzilan/17329_21.html
http://www.shw365.com/sycx/UploadFiles_1251/201703/20170313221021816.jpg	http://www.shw365.com/sycx/hua/201703/127519.html
http://www.fei123.com/upload/2015/07/12/ba15b633-774c-43dc-89f9-b3d8cca439a6.jpg	http://www.fei123.com/310000/301596.shtml
http://s15.sinaimg.cn/mw690/0028tD2Wgy6YAZ5kjXUde&690	http://blog.sina.com.cn/s/blog_74ada8aa0102wjfy.html
http://img2.7624.net/uploads/20170221/201702211440281859.jpg	http://www.7624.net/jiaju/chong/447542.html
http://img.xunhai.com/2015/11/25/144844350333340.jpg	http://www.xunhai.com/chuixiaojunzilan/
http://www.yangtaizhongcai.cn/ytfile/pictures/2016/04/VfaaC7.png	http://m.yangtaizhongcai.cn/arctile/263.html
http://s11.sinaimg.cn/mw690/0029Dvdfgy6SImb1IyCfa&690	http://50496.com/zixun/tuku/5Z6C56yR5ZCb5a2Q5YWw.html
