
https://1.share.photo.xuite.net/ct731023/116a930/16114383/863698017_m.jpg	http://blog.xuite.net/ct731023/twblog/173821906-%E6%B2%99%E6%BC%A0%E7%8E%AB%E7%91%B0%E8%A6%81%E6%80%8E%E6%A8%A3%E7%85%A7%E9%A1%A7%E6%89%8D%E8%83%BD%E7%99%BE%E8%8A%B1%E7%B6%BB%E6%94%BE%28%E8%AE%93%E4%BA%BA%E7%9C%BC%E7%9D%9B%E7%82%BA%E4%B9%8B%E4%B8%80%E4%BA%AE%29%EF%BC%9F
http://www.fyps.kh.edu.tw/plants/%E9%B3%B3%E9%99%BD%E5%9C%8B%E5%B0%8F%E6%A4%8D%E6%A0%BD%E7%B6%B2%E9%A0%81/%E6%A4%8D%E7%89%A9%E7%85%A7%E7%89%87/%E8%A5%BF%E5%8D%80/%E6%B2%99%E6%BC%A0%E7%8E%AB%E7%91%B0%20-%20%E5%85%A8%E6%A0%AA%20-%201.JPG	http://www.fyps.kh.edu.tw/plants/%E9%B3%B3%E9%99%BD%E5%9C%8B%E5%B0%8F%E6%A4%8D%E6%A0%BD%E7%B6%B2%E9%A0%81/%E6%A4%8D%E6%A0%BD%E8%B3%87%E6%96%99/%E8%A5%BF%E5%8D%80%E6%A4%8D%E7%89%A9%E8%B3%87%E6%96%99/%E6%B2%99%E6%BC%A0%E7%8E%AB%E7%91%B0%20-%20%E6%9C%89%E6%AF%92.htm
https://1.share.photo.xuite.net/ct731023/116a9f6/16114383/863696167_m.jpg	http://blog.xuite.net/ct731023/twblog/173821906-%E6%B2%99%E6%BC%A0%E7%8E%AB%E7%91%B0%E8%A6%81%E6%80%8E%E6%A8%A3%E7%85%A7%E9%A1%A7%E6%89%8D%E8%83%BD%E7%99%BE%E8%8A%B1%E7%B6%BB%E6%94%BE%28%E8%AE%93%E4%BA%BA%E7%9C%BC%E7%9D%9B%E7%82%BA%E4%B9%8B%E4%B8%80%E4%BA%AE%29%EF%BC%9F
https://a.share.photo.xuite.net/jiun310/1abe70c/18528159/1003814253_m.jpg	http://blog.xuite.net/jiun310/twblog/192742739-%E6%B2%99%E6%BC%A0%E7%8E%AB%E7%91%B0%E5%A4%9A%E8%8A%B1%E4%BB%8B%E7%B4%B9
http://i.epochtimes.com/assets/uploads/2006/11/611050320331481.jpg	http://www.epochtimes.com/b5/6/11/5/n1510488.htm
https://i2.kknews.cc/large/1f7b0004421b0e39f89e	https://kknews.cc/home/z32vem3.html
https://img.imynest.com/uploads/2/27/2273017426.jpeg	https://www.imynest.com/content/28493.html
https://1.share.photo.xuite.net/ct731023/116a979/16114383/863698346_m.jpg	http://blog.xuite.net/ct731023/twblog/173821906-%E6%B2%99%E6%BC%A0%E7%8E%AB%E7%91%B0%E8%A6%81%E6%80%8E%E6%A8%A3%E7%85%A7%E9%A1%A7%E6%89%8D%E8%83%BD%E7%99%BE%E8%8A%B1%E7%B6%BB%E6%94%BE%28%E8%AE%93%E4%BA%BA%E7%9C%BC%E7%9D%9B%E7%82%BA%E4%B9%8B%E4%B8%80%E4%BA%AE%29%EF%BC%9F
http://a2.att.hudong.com/42/35/20300542899589142121357134951_s.jpg	http://www.baike.com/wiki/%E6%B2%99%E6%BC%A0%E7%8E%AB%E7%91%B0
https://i1.kknews.cc/large/1f7d00004f69dfd5061f	https://kknews.cc/home/z32vem3.html
https://i1.kknews.cc/large/1dc1000438805493b202	https://kknews.cc/home/z32vem3.html
http://www.12flower.com.taipei/upimg/%E6%B2%99%E6%BC%A0%E7%8E%AB%E7%91%B0.jpg	http://www.12flower.com.taipei/store/productshow.asp?prodid=643
https://www.ritagiang.com/files/articleFilesfinder/images/IMG_9130-1.jpg	https://www.ritagiang.com/article.php?id=945
http://g-search3.alicdn.com/bao/uploaded/i3/2879976260/TB2R70LabplpuFjSspiXXcdfFXa_!!2879976260.jpg_240x240q50	http://tw.taobao.com/product/%E6%B2%99%E6%BC%A0%E7%8E%AB%E7%91%B0%E5%8C%85%E9%83%B5.htm
http://fs1.shop123.com.tw/200443/upload/store_type/200443101logo3.jpg	http://www.gp-garden.com/index.php?type=top&arem=101
http://www.baihuamen.com/d/file/2014/05-27/da821bb4d7f847a3d12c9e0c67123499.jpg	http://www.baihuamen.com/shamomeigui/
https://1.share.photo.xuite.net/ct731023/116a94b/16114383/863709564_m.jpg	http://blog.xuite.net/ct731023/twblog/173821906-%E6%B2%99%E6%BC%A0%E7%8E%AB%E7%91%B0%E8%A6%81%E6%80%8E%E6%A8%A3%E7%85%A7%E9%A1%A7%E6%89%8D%E8%83%BD%E7%99%BE%E8%8A%B1%E7%B6%BB%E6%94%BE%28%E8%AE%93%E4%BA%BA%E7%9C%BC%E7%9D%9B%E7%82%BA%E4%B9%8B%E4%B8%80%E4%BA%AE%29%EF%BC%9F
http://taiwan-adenium.com/upload/flowers/flowers20120928091622.jpg	http://taiwan-adenium.com/flowers-c13.html
http://www.ebaomonthly.com/ebao/e1009/DesertRose_4_Seedling.jpg	http://www.ebaomonthly.com/ebao/readebao.php?eID=e100907
https://a.share.photo.xuite.net/jiun310/1abe7ef/18528159/1003812944_m.jpg	http://blog.xuite.net/jiun310/twblog/192742701-%E6%B2%99%E6%BC%A0%E7%8E%AB%E7%91%B0%E7%B4%80%E9%8C%84
https://www.huabaike.com/uploads/allimg/artimg/201608/20160819173031_54373.jpg	https://www.huabaike.com/hyjk/5040.html
http://pic.pimg.tw/jardinsecret/normal_4a3c9e349e9be.jpg	http://jardinsecret.pixnet.net/blog/post/23820817-%E8%9B%87%E8%A0%8D%E7%BE%8E%E4%BA%BA~~-%E6%B2%99%E6%BC%A0%E7%8E%AB%E7%91%B0
https://i2.read01.com/uploads/0AZphI01.jpg	https://read01.com/6GPexM.html
http://www.baihuamen.com/d/file/2014/05-27/37acbfb2c761341e70fabb02ab9a8fc6.jpg	http://www.baihuamen.com/shamomeigui/
https://www.huabaike.com/uploads/allimg/sltimg/201608/57b6bfd1e470c.jpg	https://www.huabaike.com/mbzw/1449.html
https://5.share.photo.xuite.net/amelia168/1565115/13635315/710204194_m.jpg	http://blog.xuite.net/amelia168/twblog/148377558-%EF%BC%8A%E6%B2%99%E6%BC%A0%E7%8E%AB%E7%91%B0
http://g.udn.com.tw/upfiles/B_JE/jejemen/PSN_PHOTO/403/f_16578403_1.jpg	http://blog.udn.com/jejemen/57618437
http://www.mihuyuan.com/pics/original/20140808/1407479067882827.jpg	http://www.mihuyuan.com/boutiquedetail.do?bout_id=1407479067882831
https://i1.kknews.cc/large/149a00053db693126bf6	https://kknews.cc/home/p4l2a6e.html
https://i3.read01.com/uploads/0AZphI02.jpg	https://read01.com/6GPexM.html
http://www.fyps.kh.edu.tw/plants/%E9%B3%B3%E9%99%BD%E5%9C%8B%E5%B0%8F%E6%A4%8D%E6%A0%BD%E7%B6%B2%E9%A0%81/%E6%A4%8D%E7%89%A9%E7%85%A7%E7%89%87/%E8%A5%BF%E5%8D%80/%E6%B2%99%E6%BC%A0%E7%8E%AB%E7%91%B0%20-%20%E8%8A%B1%20-%201.JPG	http://www.fyps.kh.edu.tw/plants/%E9%B3%B3%E9%99%BD%E5%9C%8B%E5%B0%8F%E6%A4%8D%E6%A0%BD%E7%B6%B2%E9%A0%81/%E6%A4%8D%E6%A0%BD%E8%B3%87%E6%96%99/%E8%A5%BF%E5%8D%80%E6%A4%8D%E7%89%A9%E8%B3%87%E6%96%99/%E6%B2%99%E6%BC%A0%E7%8E%AB%E7%91%B0%20-%20%E6%9C%89%E6%AF%92.htm
http://a3.att.hudong.com/07/42/01300543932868148102424943278_s.jpg	http://www.baike.com/wiki/%E6%B2%99%E6%BC%A0%E7%8E%AB%E7%91%B0
https://i1.read01.com/uploads/0AZphI00.jpg	https://read01.com/6GPexM.html
https://5.share.photo.xuite.net/amelia168/1565112/13635315/710204191_m.jpg	http://blog.xuite.net/amelia168/twblog/148377557-%EF%BC%8A%E8%BF%B7%E4%BD%A0%E6%B2%99%E6%BC%A0%E7%8E%AB%E7%91%B0
https://1.share.photo.xuite.net/ct731023/116a9e1/16114383/863707666_m.jpg	http://blog.xuite.net/ct731023/twblog/173822111-%E6%B2%99%E6%BC%A0%E7%8E%AB%E7%91%B0--%E7%99%BE%E8%8A%B1%E7%88%AD%E9%B3%B4%E7%9A%84%E5%AD%A3%E7%AF%80
http://www.chinabaike.com/uploads/allimg/110429/0030521K2-0.gif	http://www.chinabaike.com/z/nong/hh/908931.html
https://www.huabaike.com/uploads/allimg/sltimg/201602/56ca724879482.jpg	https://www.huabaike.com/sphh/1781.html
https://fs1.shop123.com.tw/200443/upload/product/2004433607pic_outside_405268.jpg	http://www.gp-garden.com/product.php?pid_for_show=3607
https://i1.kknews.cc/large/19dd000f40609ada6132	https://kknews.cc/home/nmrxebq.html
http://www.ebaomonthly.com/ebao/e1009/DesertRose_1.jpg	http://www.ebaomonthly.com/ebao/readebao.php?eID=e100907
https://i1.kknews.cc/large/19ec0005b6c29f438240	https://kknews.cc/home/x588m6r.html
http://www.wed114.cn/jiehun/uploads/allimg/160421/42_160421165557_1.jpg	http://www.wed114.cn/jiehun/zhiwu/20160421145191.html
http://www.baihuamen.com/d/file/2014/05-27/5f130cd08831125294c948349ef15310.jpg	http://www.baihuamen.com/shamomeigui/
https://b.share.photo.xuite.net/huang543955/1bda1e6/18635098/1027405708_l.jpg	http://blog.xuite.net/huang543955/twblog/212891674-%E6%B2%99%E6%BC%A0%E7%8E%AB%E7%91%B0
http://www.yuhuagu.com/uploads/allimg/131230/43_131230073715_1.jpg	http://www.yuhuagu.com/zhensuo/2013/1230/10020.html
https://9.share.photo.xuite.net/ab0453822/19a792d/11570964/543652121_m.jpg	http://blog.xuite.net/ab0453822/twblog/133847218-%EF%BC%92%EF%BC%90%EF%BC%91%EF%BC%93%E5%B9%B4%EF%BC%97%EF%BD%9E%EF%BC%98%E6%9C%88%E4%BB%BD%E6%B2%99%E6%BC%A0%E7%8E%AB%E7%91%B0%E6%96%B0%E8%8A%B1%E6%AC%A3%E8%B3%9E
https://gss3.bdstatic.com/7Po3dSag_xI4khGkpoWK1HF6hhy/baike/s%3D220/sign=27d46a2a54e736d15c138b0aab524ffc/bd3eb13533fa828b39c4b915fd1f4134960a5a64.jpg	https://baike.baidu.com/item/%E6%B2%99%E6%BC%A0%E7%8E%AB%E7%91%B0
https://s.yimg.com/xd/api/res/1.2/e.65ioAvKn_Tm7LIy2sSAQ--/YXBwaWQ9eXR3YXVjdGlvbnNlcnZpY2U7aD00MDA7cT04NTtyb3RhdGU9YXV0bztzcj0xLjI7c3M9MS4yO3c9NDAw/http://nevec-img.zenfs.com/prod/tw_ec05-7/6dbb0a65-0970-4cc5-9e29-424cedd2e1af.jpg	https://tw.bid.yahoo.com/item/%E2%94%8C%E6%B2%99%E6%BC%A0%E7%8E%AB%E7%91%B0%E7%A8%AE%E5%AD%90%E6%B7%B7%E5%92%8C%E2%94%90-%E2%98%86%E5%A5%BD%E5%BA%B7%E5%A4%A7%E5%84%AA%E6%83%A0-%E5%87%A1%E8%B3%BC%E8%B2%B7%E6%9C%AC%E8%B3%A3%E5%A0%B41-100029951747
https://i.ytimg.com/vi/IL3SjxR2_V0/maxresdefault.jpg	https://www.youtube.com/watch?v=IL3SjxR2_V0
http://img.zwbk.org/baike/bpic/2011/01/23/201101230108117_2491.jpg	http://www.zwbk.org/MyLemmaShow.aspx?zh=zh-tw&lid=110558
http://www.baihuamen.com/d/file/2014/05-27/1c5785fb5113599d12635d07e9b9c4f0.jpg	http://www.baihuamen.com/shamomeigui/
http://8.blog.xuite.net/8/d/c/b/238292692/blog_3589718/txt/358497858/5.jpg	http://blog.xuite.net/linkkjj/twblog/358497858-%E6%B2%99%E6%BC%A0%E7%8E%AB%E7%91%B0
https://1.share.photo.xuite.net/ct731023/116a9a4/16114383/863693781_m.jpg	http://blog.xuite.net/ct731023/twblog/173822549-%E6%B2%99%E6%BC%A0%E7%8E%AB%E7%91%B0%E7%99%BE%E8%8A%B1%E7%88%AD%E8%B1%94
http://www.baihuamen.com/d/file/2014/05-27/d984df8588761ae6bed2cc62f3e03a8c.jpg	http://www.baihuamen.com/shamomeigui/
https://1.share.photo.xuite.net/ct731023/116a910/16114383/863709505_m.jpg	http://blog.xuite.net/ct731023/twblog/173822549-%E6%B2%99%E6%BC%A0%E7%8E%AB%E7%91%B0%E7%99%BE%E8%8A%B1%E7%88%AD%E8%B1%94
http://a3.att.hudong.com/06/41/01300543932868148102412900424_s.jpg	http://www.baike.com/wiki/%E6%B2%99%E6%BC%A0%E7%8E%AB%E7%91%B0
http://blog.xuite.net/jiun310/twblog/192742742/cover600.jpg?d=600.png	http://blog.xuite.net/jiun310/twblog/192742739-%E6%B2%99%E6%BC%A0%E7%8E%AB%E7%91%B0%E5%A4%9A%E8%8A%B1%E4%BB%8B%E7%B4%B9
http://tlps.tn.edu.tw/~stone/enviroment/flower/%E6%B2%99%E6%BC%A0%E7%8E%AB%E7%91%B0.jpg	http://tlps.tn.edu.tw/~stone/enviroment/flower/03.htm
http://a0.att.hudong.com/43/61/01300000176742122001616986255_s.jpg	http://blog.xuite.net/moondiana.tw/twblog/188171386-%E6%B2%99%E6%BC%A0%E7%8E%AB%E7%91%B0
https://www.ritagiang.com/files/articleFilesfinder/images/IMG_1801-1.jpg	https://www.ritagiang.com/article.php?id=945
http://img.timetw.com/duorou/19719_171800zh3pmpzqyd2dcam7.png	http://duorou.timetw.com/1537.html
https://www.ritagiang.com/files/articleFilesfinder/images/IMG_7547-1.jpg	https://www.ritagiang.com/article.php?id=945
http://p.d1xz.net/2014/6/19/172647504750.jpg	http://www.d1xz.net/astro/huayu/art53433.aspx
http://2.bp.blogspot.com/-MPskwUp6328/VynQ2OQ-fPI/AAAAAAABa6Y/cVnD9DIaqlMyXPZJ1538JH1dz7VTfrexwCK4B/s1600/%25E6%25B2%2599%25E6%25BC%25A0%25E7%258E%25AB%25E7%2591%25B01.jpg	http://differentplacesitravel.blogspot.com/2016/05/blog-post_4.html
https://i.ytimg.com/vi/TaXMvIw08_k/maxresdefault.jpg	https://www.youtube.com/watch?v=TaXMvIw08_k
http://www.fei123.com/upload/2015/07/22/6ddd9d06-29fa-4df5-b00d-7d0d6be093a0.jpg	http://www.fei123.com/370000/362131.shtml
https://1.share.photo.xuite.net/ct731023/116a98e/16114383/863707583_m.jpg	http://blog.xuite.net/ct731023/twblog/173822111-%E6%B2%99%E6%BC%A0%E7%8E%AB%E7%91%B0--%E7%99%BE%E8%8A%B1%E7%88%AD%E9%B3%B4%E7%9A%84%E5%AD%A3%E7%AF%80
http://imgs15.iaweg.com/pic/HTTP2ltZzUuZHVpdGFuZy5jb20vdXBsb2Fkcy9pdGVtLzIwMTIwMi8yNy8yMDEyMDIyNzA5MjE0MV9QM3ZIVy5qcGclog.jpg	http://www.iaweg.com/tupian/f3x2srptts
https://e.share.photo.xuite.net/hortwu239/1e86633/13080209/662938786_m.jpg	http://blog.xuite.net/hortwu239/wretch/143261346-%E7%86%B1%E6%83%85%E7%9A%84%E6%B2%99%E6%BC%A0%E7%8E%AB%E7%91%B0
https://upload.wikimedia.org/wikipedia/commons/1/1c/Desert_Rose_Bottle_Tree%2C_Socotra_Island_%2815534436912%29.jpg	https://zh.wikipedia.org/wiki/%E6%B2%99%E6%BC%A0%E7%8E%AB%E7%91%B0
http://g.udn.com.tw/upfiles/B_JE/jejemen/PSN_PHOTO/412/f_16578412_1.jpg	http://blog.udn.com/jejemen/57618437
https://e.share.photo.xuite.net/hortwu239/1e86629/13080209/662939032_m.jpg	http://blog.xuite.net/hortwu239/wretch/143261346-%E7%86%B1%E6%83%85%E7%9A%84%E6%B2%99%E6%BC%A0%E7%8E%AB%E7%91%B0
http://3.bp.blogspot.com/-AzL3mTnKlT0/VY7GUdNLg0I/AAAAAAAAfuA/RHOzWrSHipk/s1600/DSC08607.JPG	http://aeni1203.pixnet.net/blog/post/5110324-%E6%B2%99%E6%BC%A0%E7%8E%AB%E7%91%B0-desert-rose
http://a0.att.hudong.com/67/13/01300000176742122002136370372_s.jpg	http://blog.xuite.net/moondiana.tw/twblog/188171386-%E6%B2%99%E6%BC%A0%E7%8E%AB%E7%91%B0
https://www.huabaike.com/uploads/allimg/artimg/201612/20161202164550_12507.jpg	https://www.huabaike.com/qita/6053.html
http://8.blog.xuite.net/8/d/c/b/238292692/blog_3589718/txt/358497858/2.jpg	http://blog.xuite.net/linkkjj/twblog/358497858-%E6%B2%99%E6%BC%A0%E7%8E%AB%E7%91%B0
https://cbu01.alicdn.com/img/ibank/2017/940/053/4339350049_408658308.220x220.jpg	http://www.1688.com/chanpin/-C9B3C4AEC3B5B9E5.html
https://img.imynest.com/uploads/D/BE/DBE8894EEE.jpeg	https://www.imynest.com/content/58532.html
https://i.ytimg.com/vi/Bp3yfctALNs/hqdefault.jpg	https://www.youtube.com/watch?v=Bp3yfctALNs
http://a3.att.hudong.com/53/43/01300543932868148102432229148_s.jpg	http://www.baike.com/wiki/%E6%B2%99%E6%BC%A0%E7%8E%AB%E7%91%B0
https://i.ytimg.com/vi/M-USfTtfe58/hqdefault.jpg	https://www.youtube.com/watch?v=M-USfTtfe58
https://a.share.photo.xuite.net/jiun310/1abe788/18528159/1003813097_m.jpg	http://blog.xuite.net/jiun310/twblog/192742701-%E6%B2%99%E6%BC%A0%E7%8E%AB%E7%91%B0%E7%B4%80%E9%8C%84
http://9.share.photo.xuite.net/ab0453822/19a79c9/11570962/543651255_m.jpg	http://blog.xuite.net/ab0453822/twblog?st=c&w=4634588&p=1
https://i1.kknews.cc/large/b0b000949b8b6158604	https://kknews.cc/agriculture/mgg2689.html
http://www.wdptj.com/wp-content/uploads/2016/01/%E6%B2%99%E6%BC%A0%E7%8E%AB%E7%91%B0.jpg	http://www.wdptj.com/16065.html
http://1.bp.blogspot.com/-zlMX_IGsIlw/U_RGUrW-RqI/AAAAAAAAJsY/bgSUK9Fbjdo/s1600/IMG_4155.JPG	http://shouwugong.blogspot.com/2014/08/441.html
https://cbu01.alicdn.com/img/ibank/2016/691/622/3531226196_1781954010.220x220.jpg	http://www.1688.com/chanpin/-C9B3C4AEC3B5B9E5.html
http://www.tianqi.com/upload/article/15-08-21/wmhf_150821075610_1.jpg	http://wannianli.tianqi.com/news/101350.html
http://city.udn.com/community/img/PSN_PHOTO/fatu916/f_733199_1.jpg	http://blog.udn.com/emilygarden/964985
http://img.aiuw.com//images/201302/13615113839066.jpg	http://www.aiuw.com/zhiwu/hhyz/article-18143.html
http://img.appledaily.com.tw//images/twapple/640pix/20101022/HA16/HA16_003.jpg	http://www.appledaily.com.tw/appledaily/article/property/20101022/32903473/
https://cbu01.alicdn.com/img/ibank/2017/173/723/3943327371_613913597.220x220.jpg	http://www.1688.com/jiage/-C9B3C4AEC3B5B9E5CAAF.html
https://www.huabaike.com/uploads/allimg/sltimg/201612/584a6c8b9b9a7.jpg	https://www.huabaike.com/mbzw/1449.html
http://www.yuhuagu.com/uploads/allimg/100708/1_100708081159_1.jpg	http://www.yuhuagu.com/duorou/2010/0708/1033.html
http://pic.to8to.com/attch/day_141118/20141118_090fe38b6ea1c6182574hQ3BYhd5vkFJ.jpg	http://www.to8to.com/yezhu/z22428.html
http://www.ebaomonthly.com/ebao/e1009/DesertRose_2.jpg	http://www.ebaomonthly.com/ebao/readebao.php?eID=e100907
http://img.appledaily.com.tw//images/twapple/640pix/20101022/HA16/HA16_006.jpg	http://www.appledaily.com.tw/appledaily/article/property/20101022/32903473/
https://i1.kknews.cc/large/7fd00081f91299dfac4	https://kknews.cc/agriculture/v8mra.html
https://www.huabaike.com/uploads/allimg/sltimg/201612/583fe2f1e0498.jpg	https://www.huabaike.com/yhjq/6032.html
https://i.ytimg.com/vi/STy0kDvNMnA/maxresdefault.jpg	https://www.youtube.com/watch?v=STy0kDvNMnA
