
http://www.baihuamen.com/d/file/2014/06-01/fa4fb180897b27802cce3e7f45f9791a.jpg	http://www.baihuamen.com/duoyeyushandou/
http://www.naturephoto-cz.com/photos/maly/%E5%A4%9A%E5%8F%B6%E7%BE%BD%E6%89%87%E8%B1%86-73x_615.jpg	http://www.naturephoto-cz.com/%E5%A4%9A%E5%8F%B6%E7%BE%BD%E6%89%87%E8%B1%86-picture_cn-19129.html
http://www.baihuamen.com/d/file/2014/06-01/8fa3bec4451a4e26233c83a5d0847113.jpg	http://www.baihuamen.com/duoyeyushandou/
http://a2.att.hudong.com/12/25/20300001219274130564254850181_s.jpg	http://www.baike.com/wiki/%E5%A4%9A%E5%8F%B6%E7%BE%BD%E6%89%87%E8%B1%86
http://5.blog.xuite.net/5/e/1/e/23192616/blog_2170861/txt/78622992/0.jpg	http://blog.xuite.net/c117113/blog/78622992
http://img.boqiicdn.com/Data/BK/A/1601/18/imagick66411453083955_y.jpg	http://www.boqii.com/entry/detail/2438.html
http://images.freeimages.com/images/premium/previews/9620/9620793-lupinus-polyphyllus.jpg	http://cn.freeimages.com/premium/lupinus-polyphyllus-2030632
https://upload.wikimedia.org/wikipedia/commons/thumb/d/da/Lupinus_polyphyllus.JPG/220px-Lupinus_polyphyllus.JPG	https://zh.wikipedia.org/wiki/%E5%A4%9A%E5%8F%B6%E7%BE%BD%E6%89%87%E8%B1%86
http://img.ph.126.net/Fx7zQuUQJM2KSXE6Y1IgKw==/3362218596810081327.jpg	http://bd1560.blog.163.com/blog/static/831637201142034622315/
http://img.boqiicdn.com/Data/BK/P/imagick19711453110190.jpg	http://www.boqii.com/entry/detail/2438.html
https://luochris.files.wordpress.com/2012/06/dsc_00022.jpg	https://luochris.wordpress.com/2012/06/05/%E5%A4%9A%E5%8F%B6%E7%BE%BD%E6%89%87%E8%B1%86/
https://himg.china.cn/2/3_438_74742_750_750.jpg	https://www.china.cn/sugenhuahui/3760483756.html
https://cdn.pixabay.com/photo/2015/10/22/21/46/flower-1002009_960_720.jpg	https://pixabay.com/zh/%E5%A4%9A%E5%8F%B6%E7%BE%BD%E6%89%87%E8%B1%86-%E8%8A%B1-%E5%8E%82-1002009/
http://www.naturephoto-cz.com/photos/others/%E5%A4%9A%E5%8F%B6%E7%BE%BD%E6%89%87%E8%B1%86-45240.jpg	http://www.naturephoto-cz.com/%E5%A4%9A%E5%8F%B6%E7%BE%BD%E6%89%87%E8%B1%86-picture_cn-6698.html
https://gss2.bdstatic.com/-fo3dSag_xI4khGkpoWK1HF6hhy/baike/s%3D220/sign=a67b904fab18972ba73a07c8d6cc7b9d/8718367adab44aed581e12bfb31c8701a18bfb1d.jpg	https://baike.baidu.com/item/%E5%A4%9A%E5%8F%B6%E7%BE%BD%E6%89%87%E8%B1%86
http://www.naturephoto-cz.com/photos/auer/%E5%A4%9A%E5%8F%B6%E7%BE%BD%E6%89%87%E8%B1%86-xxximg_1439mw.jpg	http://www.naturephoto-cz.com/%E5%A4%9A%E5%8F%B6%E7%BE%BD%E6%89%87%E8%B1%86-picture_cn-16315.html
http://www.baihuamen.com/d/file/2014/06-01/5df01151a85b73e1e8fc99082bb7d3fe.jpg	http://www.baihuamen.com/duoyeyushandou/
http://img.tulaoshi.com/201704/15/197c9f44ee41b936e5d098928593eac4.jpg	http://www.tulaoshi.com/duoyeyushandou/
http://www.naturephoto-cz.com/photos/auer/%E5%A4%9A%E5%8F%B6%E7%BE%BD%E6%89%87%E8%B1%86-xxximg_1441mw.jpg	http://www.naturephoto-cz.com/%E5%A4%9A%E5%8F%B6%E7%BE%BD%E6%89%87%E8%B1%86-picture_cn-16316.html
http://www.neipet.com/wp-content/uploads/2016/07/%E5%A4%9A%E5%8F%B6%E7%BE%BD%E6%89%87%E8%B1%86.jpg	http://www.neipet.com/plant/28452.html
http://www.naturephoto-cz.com/photos/auer/%E5%A4%9A%E5%8F%B6%E7%BE%BD%E6%89%87%E8%B1%86-xxximg_1444mw.jpg	http://www.naturephoto-cz.com/%E5%A4%9A%E5%8F%B6%E7%BE%BD%E6%89%87%E8%B1%86-picture_cn-16314.html
http://img.xunhai.com/2015/11/27/144858620685057.jpg	http://www.xunhai.com/duoyeyushandou/2015/1127/4754.html
http://www.naturephoto-cz.com/photos/others/%E5%A4%9A%E5%8F%B6%E7%BE%BD%E6%89%87%E8%B1%86-45234.jpg	http://www.naturephoto-cz.com/%E5%A4%9A%E5%8F%B6%E7%BE%BD%E6%89%87%E8%B1%86-picture_cn-6694.html
http://img.xunhai.com/2015/12/01/144895748849541.jpg	http://www.xunhai.com/yushandou/
http://www.naturephoto-cz.com/photos/others/%E5%A4%9A%E5%8F%B6%E7%BE%BD%E6%89%87%E8%B1%86-45245.jpg	http://www.naturephoto-cz.com/%E5%A4%9A%E5%8F%B6%E7%BE%BD%E6%89%87%E8%B1%86-picture_cn-6697.html
http://img.xunhai.com/2015/11/27/144858624669498.jpg	http://www.xunhai.com/duoyeyushandou/
http://www.naturephoto-cz.com/photos/others/%E5%A4%9A%E5%8F%B6%E7%BE%BD%E6%89%87%E8%B1%86-45232.jpg	http://www.naturephoto-cz.com/%E5%A4%9A%E5%8F%B6%E7%BE%BD%E6%89%87%E8%B1%86-picture_cn-6692.html
http://www.naturephoto-cz.com/photos/others/%E5%A4%9A%E5%8F%B6%E7%BE%BD%E6%89%87%E8%B1%86-45243.jpg	http://www.naturephoto-cz.com/%E5%A4%9A%E5%8F%B6%E7%BE%BD%E6%89%87%E8%B1%86-picture_cn-6696.html
http://www.naturephoto-cz.com/photos/others/%E5%A4%9A%E5%8F%B6%E7%BE%BD%E6%89%87%E8%B1%86-45236.jpg	http://www.naturephoto-cz.com/%E5%A4%9A%E5%8F%B6%E7%BE%BD%E6%89%87%E8%B1%86-picture_cn-6695.html
http://pic4.55jia.net/fengshuizhiwu/33/a397880.png	http://www.55jia.net/75/338936.html
https://gss2.bdstatic.com/-fo3dSag_xI4khGkpoWK1HF6hhy/baike/s%3D220/sign=3ea03d9cc4fdfc03e178e4bae43e87a9/aec379310a55b3191d98491744a98226cffc176b.jpg	https://baike.baidu.com/item/%E5%A4%9A%E5%8F%B6%E7%BE%BD%E6%89%87%E8%B1%86
http://a2.att.hudong.com/11/26/01300001219274130564268829756_s.jpg	http://www.baike.com/wiki/%E5%A4%9A%E5%8F%B6%E7%BE%BD%E6%89%87%E8%B1%86
http://www.baihuamen.com/d/file/2014/06-01/d83d98a9a52774d457370ba1587cf225.jpg	http://www.baihuamen.com/duoyeyushandou/17455_11.html
http://www.naturephoto-cz.com/photos/others/%E5%A4%9A%E5%8F%B6%E7%BE%BD%E6%89%87%E8%B1%86-45221.jpg	http://www.naturephoto-cz.com/%E5%A4%9A%E5%8F%B6%E7%BE%BD%E6%89%87%E8%B1%86-picture_cn-6690.html
http://www.naturephoto-cz.com/photos/others/%E5%A4%9A%E5%8F%B6%E7%BE%BD%E6%89%87%E8%B1%86-45220.jpg	http://www.naturephoto-cz.com/%E5%A4%9A%E5%8F%B6%E7%BE%BD%E6%89%87%E8%B1%86-picture_cn-6691.html
http://pic4.55jia.net/fengshuizhiwu/49/a397930.png	http://www.55jia.net/75/338936.html
http://www.twword.com/uploads/wiki/d9/33/753351_1.jpg	http://www.twword.com/wiki/%E5%A4%9A%E8%91%89%E7%BE%BD%E6%89%87%E8%B1%86
http://www.baihuamen.com/d/file/2014/05-29/fca28753e95ff6d3debeda340db3662b.jpg	http://www.baihuamen.com/duoyeyushandou/
http://pic4.55jia.net/fengshuizhiwu/42/a397901.png	http://www.55jia.net/75/338936.html
https://cbu01.alicdn.com/img/ibank/2014/183/484/1519484381_570638688.400x400.jpg	https://detail.1688.com/offer/1132307651.html
http://www.naturephoto-cz.com/photos/maly/%E5%A4%9A%E5%8F%B6%E7%BE%BD%E6%89%87%E8%B1%86-22x_1979.jpg	http://www.naturephoto-cz.com/%E5%A4%9A%E5%8F%B6%E7%BE%BD%E6%89%87%E8%B1%86-picture_cn-19131.html
https://cbu01.alicdn.com/img/ibank/2015/730/304/2180403037_626902972.220x220.jpg	http://www.1688.com/jiage/-B6E0D2B6D3F0C9C8B6B9.html
http://www.naturephoto-cz.com/photos/maly/%E5%A4%9A%E5%8F%B6%E7%BE%BD%E6%89%87%E8%B1%86-11x_1978.jpg	http://www.naturephoto-cz.com/%E5%A4%9A%E5%8F%B6%E7%BE%BD%E6%89%87%E8%B1%86-picture_cn-19130.html
https://cbu01.alicdn.com/img/ibank/2017/747/505/4070505747_1285842648.220x220.jpg	http://www.1688.com/jiage/-B6E0D2B6D3F0C9C8B6B9.html
https://cdn.huaniaoy.cn/20151223/original/1450808887586.jpg@!picb	https://www.huaniaoy.com/yanghu/48911
https://cdn.huaniaoy.cn/20151223/original/1450808887586.jpg@!pic280zw	https://www.huaniaoy.com/yangzhifangfa/5166/
https://cbu01.alicdn.com/img/ibank/2015/730/304/2180403037_626902972.400x400.jpg	https://detail.1688.com/offer/45437851391.html
http://image85.360doc.com/DownloadImg/2015/05/3013/54178307_2.jpg	http://www.360doc.com/content/15/0530/13/7590279_474414932.shtml
http://s14.sinaimg.cn/mw690/001sXXrFgy6WtAG1POZ7d&690	http://blog.sina.com.cn/s/blog_501e41670102vwgp.html
http://img.xunhai.com/2015/12/01/144895749475735.jpg	http://www.xunhai.com/yushandou/
https://cbu01.alicdn.com/img/ibank/2015/806/353/2444353608_1021625057.310x310.jpg	https://www.1688.com/pic/-D3F0C9C8B6B9.html
http://s13.sinaimg.cn/mw690/001oBarhzy79MIiiXb62c&690	http://blog.sina.com.cn/s/blog_4c457ffb0102wrjt.html
http://s12.sinaimg.cn/mw690/001sXXrFgy6WtAFRAVl1b&690	http://blog.sina.com.cn/s/blog_501e41670102vwgp.html
https://gss2.bdstatic.com/-fo3dSag_xI4khGkpoWK1HF6hhy/baike/w%3D400/sign=b1c37cb873310a55c424dff487444387/1c950a7b02087bf44c24b1a2f8d3572c10dfcfb5.jpg	https://baike.baidu.com/item/%E5%A4%9A%E5%8F%B6%E7%BE%BD%E6%89%87%E8%B1%86
http://s10.sinaimg.cn/mw690/001sXXrFgy6WtAItM8N79&690	http://blog.sina.com.cn/s/blog_501e41670102vwgp.html
http://s8.sinaimg.cn/mw690/001sXXrFgy6WtAIM3Lp87&690	http://blog.sina.com.cn/s/blog_501e41670102vwgp.html
https://cdn.huaniaoy.cn/20151223/original/1450813811157.jpg@!pic280zw	https://www.huaniaoy.com/yangzhifangfa/5166/
http://pic1.win4000.com/pic/d/18/3b711367841.jpg	http://www.win4000.com/meinv114915_9.html
https://cdn.huaniaoy.cn/20160123/original/1453511421988.jpg@!pic280zw	https://www.huaniaoy.com/yangzhifangfa/5166/
https://cbu01.alicdn.com/img/ibank/2015/634/502/2527205436_1404327002.220x220.jpg	http://www.1688.com/jiage/-B6E0D2B6D3F0C9C8B6B9.html
http://pic4.55jia.net/fengshuizhiwu/52/a397944.png	http://www.55jia.net/75/338936.html
http://img.qingmo.com/800x0/2017/3/22/cfba50dc41f84600ad6b86d69c726c21.jpg	http://ps.qingmo.com/87025.html
http://www.baihuamen.com/d/file/2014/06-01/40cd844657d7f1ba1864bed373fa7bb3.jpg	http://www.baihuamen.com/duoyeyushandou/17455_15.html
http://img.tulaoshi.com/ueditor/201706/21/6c04ddd4de714aaa44b58a51178d4f49.jpg	http://www.tulaoshi.com/n/20170621/2654374.html
http://www.naturephoto-cz.com/photos/others/%E5%A4%9A%E5%8F%B6%E7%BE%BD%E6%89%87%E8%B1%86-45229.jpg	http://www.naturephoto-cz.com/%E5%A4%9A%E5%8F%B6%E7%BE%BD%E6%89%87%E8%B1%86-picture_cn-6693.html
http://www.baihuamen.com/d/file/2014/06-01/68cccb8d99e0fe154cbb048d6665d207.jpg	http://www.baihuamen.com/duoyeyushandou/17455_19.html
http://www.naturephoto-cz.com/photos/auer/%E5%A4%9A%E5%8F%B6%E7%BE%BD%E6%89%87%E8%B1%86-xxximg_1442mw.jpg	http://www.naturephoto-cz.com/%E5%A4%9A%E5%8F%B6%E7%BE%BD%E6%89%87%E8%B1%86-picture_cn-16317.html
https://cbu01.alicdn.com/img/ibank/2017/481/922/3881229184_1926517807.220x220.jpg	http://www.1688.com/jiage/-B6E0D2B6D3F0C9C8B6B9.html
https://cdn.huaniaoy.cn/20160904/original/1472981864357.jpg@!picb	https://www.huaniaoy.com/yanghu/215383
http://img.boqiicdn.com/Data/BK/A/1601/18/imagick82051453086762_y.jpg	http://www.boqii.com/tag/28837/
http://www.baihuamen.com/d/file/2014/06-01/c25ef741cecdf4c160df6dc2d77b0c66.jpg	http://www.baihuamen.com/duoyeyushandou/17455_8.html
http://img.tulaoshi.com/ueditor/201706/21/2b3fcb8740c8a8f88ae5d54193c135c9.jpg	http://www.tulaoshi.com/n/20170621/2654374.html
http://www.baihuamen.com/d/file/2014/06-01/d6797cebe44089963f4cb07bdea43496.jpg	http://www.baihuamen.com/duoyeyushandou/17455_13.html
http://www.baihuamen.com/d/file/2014/06-01/fe6a3c6f1df13af3470b0ac6553fde6c.jpg	http://www.baihuamen.com/duoyeyushandou/17455_20.html
http://www.baihuamen.com/d/file/2014/06-01/4bab0be44904d3b25848947dc8d94f9b.jpg	http://www.baihuamen.com/duoyeyushandou/17455_17.html
http://pic83.nipic.com/file/20151125/2337398_130825139000_2.jpg	http://www.nipic.com/show/13734999.html
https://cbu01.alicdn.com/img/ibank/2015/615/165/2000561516_1381143070.220x220.jpg	http://www.1688.com/chanpin/-D3F0C9C8B6B9D6D6D7D3.html
http://www.baihuamen.com/d/file/2014/06-01/c0fafc0bc366488ac23994adf26a534c.jpg	http://www.baihuamen.com/duoyeyushandou/17455_7.html
http://www.baihuamen.com/d/file/2014/06-01/02c463e25f81ff420a352a6c9b5ffed2.jpg	http://www.baihuamen.com/duoyeyushandou/17455_5.html
http://pic83.nipic.com/file/20151125/2337398_130829304000_2.jpg	http://www.nipic.com/show/13734997.html
http://www.baihuamen.com/d/file/2014/06-01/44516990e89ca5faa651d503cac85ee6.jpg	http://www.baihuamen.com/duoyeyushandou/17455_16.html
http://img01.sogoucdn.com/net/a/100520101/link?appid=100520101&url=http://mmbiz.qpic.cn/mmbiz_jpg/r7bheC3AXT6bjPYsIiaklfWlxoSsjXVpDhO7BgicAvp401rwnP3ksIa79CZk9ic1EJjibQBsUUYGcE7icSByq6brQnA/0?wx_fmt=jpeg	http://baike.m.sogou.com/baike/weixinArticle.jsp?lid=9939089&title=%E5%A4%9A%E5%8F%B6%E7%BE%BD%E6%89%87%E8%B1%86&g_ut=3
http://img.boqiicdn.com/Data/BK/A/1601/18/imagick11661453086865_y.jpg	http://www.boqii.com/entry/detail/2438.html
http://www.baihuamen.com/d/file/2014/06-01/8b89d226b169bccd011942887ca196f1.jpg	http://www.baihuamen.com/duoyeyushandou/17455_14.html
http://www.21cbi.com/upload/201612/04/148084470923.jpg	http://m.21cbi.com/s/14/386193.html
http://img.tulaoshi.com/ueditor/201706/21/8a269ea9446a5043887cac542e6789f9.jpg	http://www.tulaoshi.com/n/20170621/2654374.html
http://img.ph.126.net/LmAk7m38YDNJ9T20W6OhHQ==/3329567499511287921.jpg	http://bd1560.blog.163.com/blog/static/831637201141272352968/
http://sh.eastday.com/images/thumbnailimg/month_1704/201704010904295748.jpg	http://sh.eastday.com/m/20170401/u1ai10475561p3.html
http://img.xunhai.com/2015/11/27/144858621299457.jpg	http://www.xunhai.com/duoyeyushandou/
http://pic1.win4000.com/pic/d/18/3b711367839.jpg_195.jpg	http://www.win4000.com/meinv114915_4.html
http://gallery.new-ecopsychology.org/photo/plants/large-leaved_lupine_(lupinus_polyphyllus)2.jpg	http://gallery.new-ecopsychology.org/zh/photo/large-leaved_lupine_(lupinus_polyphyllus)2.htm
http://gallery.new-ecopsychology.org/photo/plants/large-leaved_lupine_(lupinus_polyphyllus).jpg	http://gallery.new-ecopsychology.org/zh/photo/large-leaved_lupine_(lupinus_polyphyllus).htm
http://image82.360doc.com/DownloadImg/2015/02/1322/50161291_1.jpg	http://www.360doc.com/content/15/0213/22/16967035_448453968.shtml
http://s10.sinaimg.cn/mw690/001sXXrFgy6WtAEVFvXd9&690	http://blog.sina.com.cn/s/blog_501e41670102vwgp.html
http://www.huaqinggolf.com/HtmlEditor/uploadfile/20091204152129595.jpg	http://www.huaqinggolf.com/html/2009124152014.html
http://s8.sinaimg.cn/mw690/001oBarhzy79MIimUcv57&690	http://blog.sina.com.cn/s/blog_4c457ffb0102wrjt.html
http://www.baihuamen.com/d/file/2014/06-01/4c72dad9540ecf948deb86a80910ed41.jpg	http://www.baihuamen.com/duoyeyushandou/
http://s13.sinaimg.cn/mw690/001sXXrFgy6WtAF2fo04c&690	http://blog.sina.com.cn/s/blog_501e41670102vwgp.html
https://cdn.huaniaoy.cn/20160904/original/1472981867996.jpg@!picb	https://www.huaniaoy.com/yanghu/215383
https://b-ssl.duitang.com/uploads/item/201508/07/20150807161736_TNK5d.jpeg	https://www.duitang.com/blog/?id=422095262
