
http://pic.pimg.tw/moon1230m/1412912113-3154932029.jpg	http://moon1230m.pixnet.net/blog/post/394244528-%E7%B4%AB%E5%AC%8C%E8%8A%B1
http://img.boqiicdn.com/Data/BK/A/1511/18/imagick36211447825641_y.jpg	http://www.boqii.com/entry/detail/2234.html
http://www.huamu.cn/picture/201206071621300781.jpg	http://www.huamu.cn/Product/S_zijiaohua_____1.html
http://img.bimg.126.net/photo/efM_J7iS25lYEBDeyoTIiw==/1161928703862114973.jpg	http://chengminghong520.pixnet.net/blog/post/256990829-%E7%B4%AB%E5%AC%8C%E8%8A%B1%E7%9A%84%E6%A0%BD%E5%9F%B9%E5%8F%8A%E7%97%85%E5%AE%B3%E9%98%B2%E6%B2%BB
http://pic.pimg.tw/moon1230m/1412912114-2357091323.jpg	http://moon1230m.pixnet.net/blog/post/394244528-%E7%B4%AB%E5%AC%8C%E8%8A%B1
https://www.huabaike.com/uploads/allimg/sltimg/201611/583be75e6f98d.jpg	https://www.huabaike.com/hyjk/3624.html
http://202.91.231.136/frontuserfiles/%E7%88%B1%E8%8A%B1%E7%9A%84%E4%BA%BA/image/P1160028_b.JPG	http://202.91.231.136/articles/302821.html
http://a2.att.hudong.com/76/28/01200000030198136324281576268_s.jpg	http://www.baike.com/wiki/%E7%B4%AB%E5%A8%87%E8%8A%B1
http://www.cnhua.net/uploads/allimg/090614/1004522M9-0.JPG	http://www.cnhua.net/zhiwu/shisuanke/zijiaohua/
https://e.share.photo.xuite.net/hortwu239/1e86671/13080203/662941158_m.jpg	http://blog.xuite.net/hortwu239/wretch/143261375-%E7%8B%90%E8%87%AD%E7%BE%8E%E5%A5%B3%E7%B4%AB%E5%AC%8C%E8%8A%B1
http://yanbohai.lvhua.com/cw/pt.asp?id=50500	http://yanbohai.lvhua.com/cw/spdetail.asp?id=50500&cid=C00000030541
http://www.chantuguan.com/ueditor/php/upload/image/20170517/1495006749765406.jpg	http://www.chantuguan.com/baike/524.html
http://z5axba.bay.livefilestore.com/y1pKaVJ4Sq5cud0RA1jZttaCx_PuO0ebG0R0Hrfd-Vyg8xmriQHXNNEx33PsR3OiYs2EkbcTOJq1LNssk-tXpvyHQ/IMG_6122.JPG	http://moscargo.pixnet.net/blog/post/31506005-%E5%A4%8F%E5%AD%A3%E7%9B%9B%E8%B1%94%EF%BC%8A%E7%B4%AB%E5%AC%8C%E8%8A%B1
http://flowers.taipei/imagespace/plant_tree/original/thumb_image_4328141.JPG	http://flowers.taipei/Info/Detail/1d205f35-ae01-4d97-9bdb-17f46f82e27b
http://7.blog.xuite.net/7/4/e/4/11253733/blog_227360/txt/17014221/1.jpg	http://blog.xuite.net/e2202778/boaboa/17014221-%E7%B4%AB%E5%AC%8C%E8%8A%B1
http://6.blog.xuite.net/6/1/7/6/16970365/blog_1120766/txt/18032827/2.jpg	http://blog.xuite.net/a147b480c285/0325/18032827-%E7%B4%AB%E5%AC%8C%E8%8A%B1
https://cbu01.alicdn.com/img/ibank/2014/486/982/1613289684_1055447436.220x220.jpg	http://www.1688.com/jiage/-D7CFBDBFBBA8.html
https://www.huabaike.com/uploads/allimg/sltimg/201605/573d8297173a9.jpg	https://www.huabaike.com/hyjk/3624.html
http://www.huayugu.com.cn/uploads/allimg/160809/1-160PZU1530-L.jpg	http://www.huayugu.com.cn/zijiaohua/
http://pic.pimg.tw/szuchen/8e9e0f71c407085ab81107555ab3d710.jpg	http://szuchen.pixnet.net/blog/post/7941856-%E7%B4%AB%E5%AC%8C%E8%8A%B1
http://6.blog.xuite.net/6/1/7/6/16970365/blog_1120766/txt/18032827/1.jpg	http://blog.xuite.net/a147b480c285/0325/18032827-%E7%B4%AB%E5%AC%8C%E8%8A%B1
http://202.91.231.136/frontuserfiles/%E7%88%B1%E8%8A%B1%E7%9A%84%E4%BA%BA/image/P1160023_b.JPG	http://202.91.231.136/articles/302821.html
http://202.91.231.136/frontuserfiles/%E7%88%B1%E8%8A%B1%E7%9A%84%E4%BA%BA/image/P1160024_b.JPG	http://202.91.231.136/articles/302821.html
http://image.meilele.com/images/201311/20131109111153_42967.jpg	http://zx.meilele.com/zhiwu/article-27389.html
http://3.bp.blogspot.com/-vUZfpjL_mNE/VSX-ChJyrMI/AAAAAAAAZRQ/Ebe8TpNLAGs/s1600/%E7%B4%AB%E5%AC%8C%E8%8A%B12.jpg	http://lifebaby-home.blogspot.com/2015/04/2015-04-06.html
http://www.huamu.cn/Upload/Baike/201212211438322916.jpg	http://www.huamu.cn/pinzhong/pinzhong-tupian2-281.html
http://www.scygmm.com/scyg/products/small/201681216441.jpg	http://www.scygmm.com/scyg/pro_info.asp?id=977
https://www.huabaike.com/uploads/allimg/artimg/201605/20160519170929_21725.jpg	https://www.huabaike.com/hyjk/3624.html
http://www.cnhua.net/uploads/allimg/090614/1002445Y3-0.JPG	http://www.cnhua.net/zhiwu/shisuanke/zijiaohua/
http://a2.att.hudong.com/21/29/01300000165476121584299996141_s.jpg	http://www.baike.com/wiki/%E7%B4%AB%E5%A8%87%E8%8A%B1
http://www.sygxyl.com/upLoad/product/month_1606/20160614142359367.jpg	http://www.sygxyl.com/content/?982.html
http://s15.sinaimg.cn/middle/66019f9ehb005f4ce770e&690	http://blog.sina.com.cn/s/blog_66019f9e01017zuw.html
http://www.scygmm.com/scyg/products/small/2016815105218.jpg	http://www.scygmm.com/scyg/pro_info.asp?id=977
http://www.huafensi.com/uploads/allimg/140910/1-140910101P1b3.jpg	http://www.huafensi.com/huahui/zijiaohua_44.html
https://himg.china.cn/2/2_514_52439_800_600.jpg	https://www.china.cn/qtyuanlinzhiwu/3454855002.html
http://b2b.image.yuanlin.com/biz/2014-8/201408221235494950.jpg	http://www.yuanlin.com/b2b/sell_detail_933343_pic.html
http://a0.att.hudong.com/26/28/01300000165476121584288962052_s.jpg	http://www.baike.com/wiki/%E7%B4%AB%E5%A8%87%E8%8A%B1
http://8.share.photo.xuite.net/brday1257/1806510/8136581/321343371_m.jpg	http://blog.xuite.net/brday1257/twblog/112195933-%E7%B4%AB%E5%AC%8C%E8%8A%B1
http://a4.att.hudong.com/88/29/01300000165476121584298382073_s.jpg	http://www.baike.com/wiki/%E7%B4%AB%E5%A8%87%E8%8A%B1
http://img.007swz.com/cpimg/shineiguanhuazhiwu/ShyziHZ7yn_1242086578.jpg	http://www.007swz.com/kyhb/products/shineiguanhuazhiwu_385.html
https://c1.staticflickr.com/4/3093/2588509717_9429847898_b.jpg	https://www.flickr.com/photos/yunghosi/2588509717
http://www.baihuamen.com/d/file/2014/05-19/10eae690bc8e35737049fe65cb2ef2bc.jpg	http://www.baihuamen.com/zijiaohua/
http://pic.pimg.tw/hung3266440/1320722894-3456068405.jpg	http://hung3266440.pixnet.net/blog/post/5797728-%E6%A1%83%E5%9C%92%E8%97%9D%E6%96%87%E5%BB%A3%E5%A0%B4%E7%9A%84%E7%99%BE%E5%AD%90%E8%93%AE%E5%92%8C%E7%B4%AB%E5%AC%8C%E8%8A%B1------------%E7%BE%8E%E6%A5%B5
http://img.xunhai.com/2015/11/26/144847904153780.jpg	http://www.xunhai.com/zijiaohua/2015/1126/3547.html
http://news.xinhuanet.com/photo/2017-05/16/1120977182_14948915028721n.jpg	http://news.xinhuanet.com/photo/2017-05/16/c_1120977182.htm
http://img.xunhai.com/2015/11/26/144847903985941.jpg	http://www.xunhai.com/zijiaohua/2015/1126/3547.html
http://d.blog.xuite.net/d/3/2/b/16989444/blog_726637/txt/44757412/1.jpg	http://blog.xuite.net/tingbc/blog/44757412-%E8%8A%B1%E9%96%8B%E4%BA%86--%E7%B4%AB%E5%AC%8C%E8%8A%B1%E8%88%87%E4%B9%9D%E9%87%8D%E8%91%9B
http://img01.tobosu.net/manage/articles/2014/07-29/CCE7BCBA-7E53-804C-F158-B2EC9A2A55BF.jpeg	http://tbswrr326884.lofter.com/post/1cad60fa_26246eb
http://www.chantuguan.com/ueditor/php/upload/image/20170629/1498727743991753.jpg	http://www.chantuguan.com/baike/913.html
http://www.cnhua.net/uploads/allimg/090614/1004133233-0.JPG	http://www.cnhua.net/zhiwu/shisuanke/zijiaohua/
http://p.d1xz.net/2014/6/16/163257505750.jpg	http://www.d1xz.net/astro/huayu/art52972.aspx
http://www.1nongjing.com/uploads/allimg/170712/2176-1FG2154215A0.jpg	http://m.1nongjing.com/a/201707/190289.html
http://img7.ph.126.net/pWSFGQ2aPIEZjtKhyMHoSg==/6597376530400160227.jpg	http://shuchonghui.blog.163.com/blog/static/1511563201251613739828
http://www.fpcn.net/uploads/allimg/130715/2-130G5134Q5R3.JPG	http://www.fpcn.net/a/qiugenhuahui/20130715/Tulbaghia_violacea.html
http://www.huamu.cn/Upload/Baike/201212211438321822.jpg	http://www.huamu.cn/pinzhong/pinzhong-tupian2-281.html
https://w7.sanwen8.cn/mmbiz_jpg/icJqicb1If3iambDt3rnquibLNbUCh0CQvVOydSLad8G89HhRreRgDajfcUVAbmOeaV81vWXTourybpTBRKVx2iawzw/0?wx_fmt=jpeg	https://sanwen8.cn/p/68f1BB8.html
http://s2.sinaimg.cn/middle/66019f9eha73396030fc1&690	http://blog.sina.com.cn/s/blog_66019f9e01017zuw.html
https://cbu01.alicdn.com/img/ibank/2015/279/789/2153987972_910841364.310x310.jpg	https://www.1688.com/pic/-D7CFBDBFBBA8.html
https://cbu01.alicdn.com/img/ibank/2015/349/561/2312165943_68520639.310x310.jpg	https://www.1688.com/pic/-D7CFBDBFBBA8.html
http://img.jiuzheng.com/baike/s/57/a0/57a094fd8f1e037e638b47e6.jpg	http://www.jiuzheng.com/baike-detail/id-69601.html
https://pic.pimg.tw/cott6226/1439047261-3301971984_n.jpg?v=1439047285	http://cott6226.pixnet.net/blog/post/299602619-%E8%94%A5%E8%98%AD%E3%80%81%E9%9F%AD%E8%98%AD%E3%80%81%E9%A2%A8%E9%9B%A8%E8%98%AD%EF%BC%86%E7%B4%AB%E5%AC%8C%E8%8A%B1
http://z.xiziwang.net/uploads/allimg/150130/14_150130150926_1.jpg	http://z.xiziwang.net/hua/19203/
http://img.jiuzheng.com/baike/s/57/a0/57a094fd8f1e037e638b47e9.jpg	http://www.jiuzheng.com/baike-detail/id-69601.html
http://syyhyl.com/upfile/images/%E5%9C%B0%E8%A2%AB%E8%8D%89%E8%8A%B1/%E7%B4%AB%E5%A8%87%E8%8A%B11.jpg	http://syyhyl.com/556/576/122
http://image.sciencenet.cn/album/201705/14/1834052ljya2y2vlg1eeeu.jpg	http://blog.sciencenet.cn/blog-3319332-1054915.html
http://www.itaomiao.com/img/nursery/2016/06/02/15/14648512048983yck.png	http://www.itaomiao.com/supplys/zijiaohua.html
http://a4.att.hudong.com/32/25/01300000165476121584251880301_s.jpg	http://www.baike.com/wiki/%E7%B4%AB%E5%A8%87%E8%8A%B1
http://a4.att.hudong.com/54/24/01300000165476121584240167508_s.jpg	http://www.baike.com/wiki/%E7%B4%AB%E5%A8%87%E8%8A%B1
http://img.redocn.com/sheji/20160628/zijiaohua_6585415.jpg	http://sucai.redocn.com/yixiang_6585415.html
https://cbu01.alicdn.com/img/ibank/2016/102/206/3641602201_818231379.220x220.jpg	http://www.1688.com/chanpin/-D7CFBDBFBBA8.html
http://www.huayugu.com.cn/uploads/allimg/160809/1-160PZUJ20-L.jpg	http://www.huayugu.com.cn/zijiaohua/
http://www.hua-chi.com/zb_users/upload/2017/03/201703261490497412182498.jpg	http://www.hua-chi.com/post/56.html
https://cbu01.alicdn.com/img/ibank/2017/688/791/4237197886_2038124034.220x220.jpg	http://www.1688.com/chanpin/-D7CFBDBFBBA8.html
http://b2b.image.yuanlin.com/Biz/2014-3/201403170847356987.jpg	http://wuyuxinmeng.yuanlin.com/sell-m819608.html
https://cbu01.alicdn.com/img/ibank/2016/947/976/3449679749_459625865.220x220.jpg	http://www.1688.com/jiage/-D7CFBDBFBBA8.html
http://www.1nongjing.com/uploads/allimg/170712/2176-1FG21613592D.jpg	http://m.1nongjing.com/a/201707/190313.html
http://www.neipet.com/wp-content/uploads/2016/06/zijiaohua.png	http://www.neipet.com/plant/26170.html
http://images.nongmiao.com/big//trade/2015/03/31/1503311700211384.jpg	http://www.nongmiao.com/fushihai/supplydetail-732239.html
http://z5axba.bay.livefilestore.com/y1pYdiVUaiPiluNm1AACpKpNffa03_j-owp7FPqfBAeNGHT4kAGuGmrn8X62JPCqgROmThc4ia57LhnbA-je4NXHA/IMG_6094.JPG	http://moscargo.pixnet.net/blog/post/31506005-%E5%A4%8F%E5%AD%A3%E7%9B%9B%E8%B1%94%EF%BC%8A%E7%B4%AB%E5%AC%8C%E8%8A%B1
http://img.tulaoshi.com/ueditor/201703/29/9e63e710a23b0bab1e4a7680a22f856a.jpg	http://www.tulaoshi.com/n/20170329/2631218.html
http://img1.topshop.com.tw/twr/pic/%7B21F0A65D-18EE-D140-B37B-A31A029BA754%7D_2.jpg	http://www.twr.com.tw/product_one.asp?guid=21F0A65D-18EE-D140-B37B-A31A029BA754
http://www.hua-chi.com/zb_users/upload/2017/03/201703261490497412500695.jpg	http://www.hua-chi.com/post/56.html
https://www.huabaike.com/uploads/allimg/artimg/201611/20161128161521_70062.jpg	https://www.huabaike.com/jtyh/5931.html
http://img.boqiicdn.com/Data/BK/A/1511/18/imagick3281447817788_y.jpg	http://www.boqii.com/entry/detail/2234.html
http://www.huayugu.com.cn/uploads/allimg/160809/1-160PZU6120-L.jpg	http://www.huayugu.com.cn/zijiaohua/
http://img002.mllres.com//images/upload/%E7%B4%AB%E5%A8%87%E8%8A%B101.jpg	http://www.meilele.com/article/shipin/41287.html
http://icontent.nkps.tp.edu.tw/naturesci/files/11/29/201205011735218016.jpg	http://icontent.nkps.tp.edu.tw/naturesci/Intro.aspx?funcID=0&taxonID=29&specID=370
http://www.czy312.com/ewebeditor/uploadfile/20160505213719405.jpg	http://www.czy312.com/display.asp?id=161
https://cbu01.alicdn.com/img/ibank/2013/711/991/986199117_1979356588.310x310.jpg	https://www.1688.com/pic/-D7CFBDBFBBA8.html
http://7.blog.xuite.net/7/4/e/4/11253733/blog_227360/txt/17014221/22.jpg	http://blog.xuite.net/e2202778/boaboa/17014221-%E7%B4%AB%E5%AC%8C%E8%8A%B1
http://www.52yhua.com/uploads/allimg/160229/1-160229222101.jpg	http://m.52yhua.com/qiugentp/1801.html
http://bbs.mychat.to/attach/Fid_601/601_798259.gif	http://bbs.mychat.to/sindex.php?t955774.html
https://i.ytimg.com/vi/-HT33_SfVes/maxresdefault.jpg	https://www.youtube.com/watch?v=-HT33_SfVes
http://www.chantuguan.com/ueditor/php/upload/image/20170629/1498727754129146.jpg	http://www.chantuguan.com/baike/913.html
http://img01.cztv.com/201705/16/784d6f5936980825875c876c98b172fb.jpg	http://www.cztv.com/photography/rdtp/23836.html
http://kplant.biodiv.tw/%E7%B4%AB%E5%AC%8C%E8%8A%B1/%E7%B4%AB%E5%AC%8C%E8%8A%B108.JPG	http://kplant.biodiv.tw/%E7%B4%AB%E5%AC%8C%E8%8A%B1/%E7%B4%AB%E5%AC%8C%E8%8A%B1.htm
http://www.hua-chi.com/zb_users/upload/2017/03/201703261490497338190185.jpg	http://www.hua-chi.com/post/56.html
http://www.itaomiao.com/img/nursery/2017/06/12/14/1497250553669qWmD.jpg	http://www.itaomiao.com/supplys/zijiaohua.html
http://img01.cztv.com/201705/16/a2240aebd7bb891ac4eba055c0cec5b8.jpg	http://www.cztv.com/photography/rdtp/23836.html
http://www.52yhua.com/uploads/allimg/160229/1-160229222058.jpg	http://m.52yhua.com/qiugentp/1801.html
