
http://a2.att.hudong.com/10/92/01300542392970142689922569204_s.jpg	http://www.baike.com/wiki/%E9%87%91%E8%BE%B9%E7%91%9E%E9%A6%99
http://a2.att.hudong.com/71/92/01300542392970142689924298313_s.jpg	http://www.baike.com/wiki/%E9%87%91%E8%BE%B9%E7%91%9E%E9%A6%99
http://a0.att.hudong.com/40/92/01300542392970142689920780975_s.jpg	http://www.baike.com/wiki/%E9%87%91%E8%BE%B9%E7%91%9E%E9%A6%99
http://img.aiuw.com//images/201311/13837310786695.jpg	http://www.aiuw.com/zhiwu/yangzhi/article-26984.html
http://idoimg.3mt.com.cn/Article/upload/201302/130214095358184.jpg	http://ido.3mt.com.cn/Article/201302/show2949510c33p1.html
http://www.shiy.net/d/file/jtyy/jtyh/2006-11-25/50f82abed4d15a76bff667483289d954.jpg	http://www.shiy.net/jtyy/jtyh/20061125/921.html
https://www.huabaike.com/uploads/allimg/sltimg/201605/57359c62e3e7e.jpg	https://www.huabaike.com/jtyh/3390.html
http://www.sayweee.com/static_img/2015-11/WJpR1jC9T4-SZdPmtCJ1iA.jpg	https://www.sayweee.com/article/view/0qp70?from=previous_article
http://www.bm8.com.cn/flower/photo/%E9%87%91%E8%BE%B9%E7%91%9E%E9%A6%99.jpg	http://www.bm8.com.cn/flower/show.asp?id=128
https://gss2.bdstatic.com/-fo3dSag_xI4khGkpoWK1HF6hhy/baike/s%3D220/sign=d9df8ed49d16fdfadc6cc1ec848e8cea/c8177f3e6709c93d0eff7b089f3df8dcd100543b.jpg	https://baike.baidu.com/item/%E9%87%91%E8%BE%B9%E7%91%9E%E9%A6%99
http://a0.att.hudong.com/44/93/01300542392970142689937239030_s.jpg	http://www.baike.com/wiki/%E9%87%91%E8%BE%B9%E7%91%9E%E9%A6%99
http://idoimg.3mt.com.cn/Article/upload/201302/130214095358186.jpg	http://ido.3mt.com.cn/Article/201302/show2949510c33p1.html
https://gss1.bdstatic.com/9vo3dSag_xI4khGkpoWK1HF6hhy/baike/s%3D220/sign=97cf7c0ecf1b9d168ec79d63c3dfb4eb/a686c9177f3e67092834ab2e3ac79f3df8dc552f.jpg	https://baike.baidu.com/item/%E9%87%91%E8%BE%B9%E7%91%9E%E9%A6%99
http://idoimg.3mt.com.cn/Article/upload/201302/130214095358185.jpg	http://ido.3mt.com.cn/Article/201302/show2949510c33p1.html
http://www.wdptj.com/wp-content/uploads/2014/10/%E9%87%91%E8%BE%B9%E7%91%9E%E9%A6%99.jpg	http://www.wdptj.com/jinbianruixiang/
http://img.zhongyixueyuan.com/2016/04/12/146043391934877.jpg	http://www.zhongyixueyuan.com/ruixiang/2016/0412/10147.html
https://www.huabaike.com/uploads/allimg/artimg/201605/20160512171738_26616.jpg	https://www.huabaike.com/jtyh/3390.html
http://www.pjcn.org/uploads/allimg/1705/1-1F520223419445.jpg	http://www.pjcn.org/pz/ym/2341/
http://idoimg.3mt.com.cn/Article/upload/201302/130214095358181.jpg	http://ido.3mt.com.cn/Article/201302/picview2949510c33p3.html
http://a0.att.hudong.com/50/92/01300542392970142689926983868_s.jpg	http://www.baike.com/wiki/%E9%87%91%E8%BE%B9%E7%91%9E%E9%A6%99
http://www.1818hm.com/file/upload/201512/10/155856425.jpg	http://www.1818hm.com/huamu/show-4147.html
https://cbu01.alicdn.com/img/ibank/2016/782/332/3350233287_436725001.220x220.jpg	http://www.1688.com/jiage/-BDF0B1DFC8F0CFE3BBA8.html
http://pic4.55jia.net/fengshuizhiwu/57/a71099.jpg	http://www.55jia.net/75/260921.html
http://image155-c.poco.cn/mypoco/myphoto/20100218/22/4639894420100218223326082_640.jpg	http://blog1.poco.cn/myBlogDetail-htx-id-4247876-userid-46398944-pri--n-0.xhtml
http://img.niaolei.org.cn/wp-uploads/tag/0/B80j68ht.jpg	http://niaolei.org.cn/tag/%E9%87%91%E8%BE%B9%E7%91%9E%E9%A6%99
http://img.aiuw.com//images/201311/13837311294800.jpg	http://www.aiuw.com/zhiwu/yangzhi/article-26984.html
http://m.365azw.com/Attachments/share/201511/56457c683467a.jpg	http://m.365azw.com/share/193847
https://www.huabaike.com/uploads/allimg/sltimg/201605/573597b635752.jpg	https://www.huabaike.com/jtyh/3390.html
http://a2.att.hudong.com/45/93/01300542392970142689933220622_s.jpg	http://www.baike.com/wiki/%E9%87%91%E8%BE%B9%E7%91%9E%E9%A6%99
http://image.cn.made-in-china.com/37f28j01QMmtDihEVIqa/%E9%87%91%E8%BE%B9%E7%91%9E%E9%A6%99.jpg	http://cn.made-in-china.com/gongying/meili986-JMFxziHEIucn.html
http://img.prkjs.com/thumb/zw/f1/52/f152a9d933b117111e69363620cf93ed,c_fill,h_150,w_225.jpg	http://m.prkjs.com/guanhua/jbrx/
http://www.sayweee.com/static_img/2016-01/rlqlnSV-SYCYNamKhVF6_g.jpg	https://www.sayweee.com/article/view/0qp70?from=previous_article
https://cbu01.alicdn.com/img/ibank/2017/912/673/3811376219_193583906.220x220.jpg	http://www.1688.com/jiage/-BDF0B1DFC8F0CFE3.html
http://www.huayugu.com.cn/uploads/allimg/160318/1-16031P943130-L.jpg	http://www.huayugu.com.cn/jinbianruixiang/
http://www.sayweee.com/static_img/2015-11/_AO0O_ejSzmyR9exanvF9w.jpg	https://www.sayweee.com/article/view/0qp70?from=previous_article
https://cbu01.alicdn.com/img/ibank/2014/959/807/1457708959_1192637093.310x310.jpg	https://www.1688.com/pic/-BDF0B1DFC8F0CFE3.html
http://img.aiuw.com//images/201311/1383731087134.jpg	http://www.aiuw.com/zhiwu/yangzhi/article-26984.html
http://img.aiuw.com//images/201311/13837311209845.jpg	http://www.aiuw.com/zhiwu/yangzhi/article-26984.html
http://www.chla.com.cn/upload/2009-12/091209091829701.jpg	http://www.chla.com.cn/html/c156/2009-12/46490.html
https://www.huabaike.com/uploads/allimg/sltimg/201605/57344ac2f000a.jpg	https://m.huabaike.com/hyjk/3393.html
http://www.cnmmhh.com/file/upload/201303/23/et47947231900271.jpg	http://www.cnmmhh.com/plant/show.php?itemid=5890
http://www.pjcn.org/uploads/allimg/1705/1-1F52022021b18.jpg	http://www.pjcn.org/gl/4645/
https://gss1.bdstatic.com/-vo3dSag_xI4khGkpoWK1HF6hhy/baike/w%3D400/sign=5026e68d4b166d223877149476220945/e850352ac65c1038569eaf84ba119313b17e8997.jpg	https://baike.baidu.com/item/%E9%87%91%E8%BE%B9%E7%91%9E%E9%A6%99
http://www.ti29.com/tu/848356.jpg	http://www.ti29.com/hua/3688.html
https://www.huabaike.com/uploads/allimg/sltimg/201605/57359cb764b36.jpg	https://www.huabaike.com/jtyh/3390.html
http://www.pjcn.org/uploads/allimg/1705/1-1F520225T5438.jpg	http://www.pjcn.org/pz/ym/2341/
http://www.pjcn.org/uploads/allimg/1705/1-1F5211T25VH.jpg	http://www.pjcn.org/pz/xj/2345/
http://images.china.cn/attachement/jpg/site1000/20161208/002564ba9d4519b3102b14.jpg	http://www.horti-expo2019.com/2016-10/18/content_39513833.htm
https://www.huabaike.com/uploads/allimg/sltimg/201605/573448a2ccbb3.jpg	https://m.huabaike.com/yzfh/3386.html
http://www.pjcn.org/uploads/allimg/1608/1-160RR15915L2.jpg	http://www.pjcn.org/pz/ym/2341/
http://www.sayweee.com/static_img/2015-11/CLsT93pLQjCNuij-GbVRkg.jpg	https://www.sayweee.com/article/view/0qp70?from=previous_article
http://wap.yunmencraft.com/Upload/20151004145811pqZI.jpg	http://wap.yunmencraft.com/index.php/ruixiang/979.html
http://image1.yihaojiaju.com/24/0/SysImg/0/2017/05/05/175724276.jpg	http://www.yihaojiaju.com/jiajushenghuo/149136.html
http://www.pjcn.org/uploads/allimg/1705/1-1F52120502E23.jpg	http://www.pjcn.org/gl/4644/
http://img.aiuw.com//images/201311/13837310951254.jpg	http://www.aiuw.com/zhiwu/yangzhi/article-26984.html
https://www.huabaike.com/uploads/allimg/artimg/201703/20170321205346_74064.jpg	https://m.huabaike.com/yhjq/7827.html
https://cbu01.alicdn.com/img/ibank/2017/437/462/4373264734_1575190313.310x310.jpg	https://www.1688.com/pic/-BDF0B1DFC8F0CFE3.html
http://www.wed114.cn/jiehun/uploads/allimg/170314/42_170314145011_1.jpg	http://www.wed114.cn/jiehun/zhiwu/20170314170430.html
https://www.huabaike.com/uploads/allimg/artimg/201605/20160513171929_45474.jpg	https://m.huabaike.com/binghai/3426.html
https://www.huabaike.com/uploads/allimg/sltimg/201703/58d121f387cd7.jpg	https://m.huabaike.com/yhjq/7827.html
http://www.pjcn.org/uploads/allimg/1608/1-160R9205F4924.jpg	http://www.pjcn.org/gl/2350/
https://www.huabaike.com/uploads/allimg/artimg/201605/20160512171317_68054.jpg	https://m.huabaike.com/yzfh/3386.html
http://images.china.cn/attachement/jpg/site1000/20071223/00114321091508d8548b31.jpg	http://blog.sina.com.cn/s/blog_5f8281bf0100tf1v.html
https://upload.wikimedia.org/wikipedia/commons/thumb/3/31/Daphne_odora_%27Auroemarginata%27.jpg/220px-Daphne_odora_%27Auroemarginata%27.jpg	https://zh.wikipedia.org/wiki/%E9%87%91%E8%BE%B9%E7%91%9E%E9%A6%99
http://img.boqiicdn.com/Data/BK/A/1510/12/imagick63971444621023_y.jpg	http://www.boqii.com/entry/detail/2110.html
https://www.huabaike.com/uploads/allimg/sltimg/201605/57359be45dbf1.jpg	https://m.huabaike.com/binghai/3426.html
https://www.huabaike.com/uploads/allimg/artimg/201605/20160513172457_60592.jpg	https://m.huabaike.com/sphh/3432.html
https://www.huabaike.com/uploads/allimg/artimg/201703/20170321205742_94806.jpg	https://www.huabaike.com/yhjq/7828.html
https://www.huabaike.com/uploads/allimg/artimg/201605/20160512172058_53346.jpg	https://m.huabaike.com/hyjk/3393.html
https://www.huabaike.com/uploads/allimg/artimg/201605/20160513171952_56367.jpg	https://m.huabaike.com/binghai/3426.html
http://img.zhongyixueyuan.com/2016/04/12/146043391896894.jpg	http://www.zhongyixueyuan.com/ruixiang/2016/0412/10147.html
https://www.huabaike.com/uploads/allimg/artimg/201605/20160512171359_50545.png	https://m.huabaike.com/yzfh/3386.html
https://i1.72tu.com/weimeixi/baike/442qodsfjb0.jpg	http://www.weimeixi.com/baike/shenghuo/96894.html
http://www.54ch.net/huahui/UploadFiles_8746/201206/2012060216302107.jpg	http://www.54ch.net/huahui/HTML/2470.html
http://www.qnong.com.cn/uploadfile/2016/0920/20160920084250298.jpg	http://www.qnong.com.cn/zhongzhi/huahui/13858.html
http://www.pjcn.org/uploads/allimg/1608/1-160RR14IGO.jpg	http://www.pjcn.org/hy/2339/
https://www.huabaike.com/uploads/allimg/sltimg/201703/58d122d7046ba.jpg	https://www.huabaike.com/yhjq/7828.html
https://cbu01.alicdn.com/img/ibank/2016/639/629/3247926936_2141875853.310x310.jpg	https://www.1688.com/pic/-BDF0B1DFC8F0CFE3C5E8D4D4.html
http://i8.qhimg.com/t0193a368d417926833.jpg	http://www.360doc.com/content/15/1227/19/7012421_523512823.shtml
http://www.chinabaike.com/article/UploadPic/2007-7/2007718192550375.jpg	http://www.chinabaike.com/article/316/331/2007/20070718143051.html
https://www.huabaike.com/uploads/allimg/artimg/201605/20160513172241_52805.jpg	https://m.huabaike.com/sphh/3432.html
https://cbu01.alicdn.com/img/ibank/2014/903/857/1811758309_1815254476.220x220.jpg	http://www.1688.com/jiage/-BDF0B1DFC8F0CFE3.html
https://www.huabaike.com/uploads/allimg/sltimg/201605/57359e1cdb136.jpg	https://www.huabaike.com/mbzw/3382.html
http://www.xxdao.com/upload/2015/03/17/0c529798-4dee-492f-8502-b7c25b2e6fef.jpg	http://www.xxdao.com/70000/61598.shtml
http://pic4.55jia.net/fengshuizhiwu/59/a71117.jpg	http://www.55jia.net/75/260921.html
https://cbu01.alicdn.com/img/ibank/2017/479/034/4394430974_1686866314.220x220.jpg	http://www.1688.com/jiage/-BDF0B1DFC8F0CFE3BBA8.html
http://www.wed114.cn/jiehun/uploads/allimg/160318/52_160318173759_4.jpg	http://www.wed114.cn/jiehun/zhiwu/20160318144173.html
https://cbu01.alicdn.com/img/ibank/2016/166/061/3410160661_1062265429.220x220.jpg	http://www.1688.com/jiage/-BDF0B1DFC8F0CFE3.html
http://h2.bytravel.cn/shop/head/18115.gif	http://shop.bytravel.cn/produce2/745E9999.html
http://s1.sinaimg.cn/mw690/001Mme83gy6EAHIjxWU90&690	http://blog.sina.com.cn/s/blog_61326c5b0101b9yk.html
http://www.21cbi.com/upload/201609/27/14749917476.jpg	http://m.21cbi.com/s/1/193758.html
http://www.21cbi.com/upload/201609/27/147499174843.jpg	http://m.21cbi.com/s/1/193758.html
https://gw.alicdn.com/bao/uploaded/i1/1757419173/TB2vi32nwxlpuFjy0FoXXa.lXXa_!!1757419173.jpg_230x230.jpg	https://www.taobao.com/article/FBDdCJEICcFZD6Dk.html
http://www.ti29.com/tu/848456.jpg	http://www.ti29.com/hua/3688.html
http://www.ti29.com/tu/848556.jpg	http://www.ti29.com/hua/3688.html
http://img003.mllres.com//images/upload/QQ%E6%88%AA%E5%9B%BE20131213104401.jpg	http://www.meilele.com/article/shipin/10344.html
http://www.wdptj.com/wp-content/uploads/2014/10/%E9%87%91%E8%BE%B9%E7%91%9E%E9%A6%993.jpg	http://www.wdptj.com/jinbianruixiang/
http://img.zhongyixueyuan.com/2016/04/12/146043392176137.jpg	http://www.zhongyixueyuan.com/ruixiang/2016/0412/10147.html
http://img.alicdn.com/bao/uploaded/i3/TB19gxJPpXXXXXtaXXXTNBw.pXX	https://www.taobao.com/oshtml/xianyu-cn/cp_vfCx38jwz-M.html
https://gw.alicdn.com/bao/uploaded/i4/2115495526/TB2PPuEh7qvpuFjSZFhXXaOgXXa_!!2115495526.jpg_230x230.jpg	https://www.taobao.com/oshtml/buy-cn/cp_vfCx38jwz-MzxOrD58Xo1NQ.html
