
http://a4.att.hudong.com/43/99/01300000286063122570996068926.jpg	http://www.baike.com/wiki/%E5%B0%8F%E9%9B%8F%E8%8F%8A
http://photo1.9you.com/pic/userphoto/71/50/2036877150/vhsc1166241352.jpg	http://www.360doc.com/content/08/0412/09/42071_1184080.shtml
http://www.wed114.cn/jiehun/uploads/allimg/150430/39_150430105911_2.jpg	http://www.wed114.cn/jiehun/huayudaquan/20150430136484.html
http://a3.att.hudong.com/46/77/20300543141348142907771629650_s.jpg	http://www.baike.com/wiki/%E9%9B%8F%E8%8F%8A
http://a3.att.hudong.com/40/97/01300000286063122570979959517_s.jpg	http://www.baike.com/wiki/%E5%B0%8F%E9%9B%8F%E8%8F%8A
http://img0.pclady.com.cn/pclady/1206/15/839119_1.jpg	http://emotion.pclady.com.cn/zxzq/1206/839119_all.html
https://gss0.bdstatic.com/-4o3dSag_xI4khGkpoWK1HF6hhy/baike/s%3D220/sign=2b90a73d040828386c0ddb168898a964/bf096b63f6246b6000dcbe56e8f81a4c500fa2c5.jpg	https://baike.baidu.com/item/%E9%9B%8F%E8%8F%8A
http://www.wdptj.com/wp-content/uploads/2015/05/%E9%9B%8F%E8%8F%8A%E8%8A%B13.jpg	http://www.wdptj.com/xiaochuju/
http://img01.hua.com/uploadpic/images/2016420111192356784.jpg	http://www.hua.com/huayu/15541.html
https://www.huabaike.com/uploads/allimg/sltimg/201512/567764fea0dc5.jpg	https://www.huabaike.com/jtyh/948.html
http://a4.att.hudong.com/55/89/01300001345928132231895155525_s.jpg	http://www.baike.com/wiki/%E9%9B%8F%E8%8F%8A
http://photo1.9you.com/pic/userphoto/71/50/2036877150/jhwa1166241986.jpg	http://www.360doc.com/content/08/0412/09/42071_1184080.shtml
http://www.leflower.com/article/d/file/zhishi/xianhuajieshao/df057094e6e2b8afdfda7f54f984521a.jpg	http://www.leflower.com/article-xianhuajieshao/245.html
http://a1.att.hudong.com/42/48/20300542526389139972486213203_s.jpg	http://www.baike.com/wiki/%E5%B0%8F%E9%9B%8F%E8%8F%8A
https://img.imynest.com/uploads/6/34/634DC9A07C.jpeg	https://www.imynest.com/content/38168.html
https://www.huabaike.com/uploads/allimg/sltimg/201512/56778443be0e5.jpg	https://www.huabaike.com/jtyh/948.html
http://imgs0.iaweg.com/pic/HTTP2E0LmF0dC5odWRvbmcuY29tLzY2LzAwLzAxMzAwMDAwMjg2MDYzMTIyNTcxMDAwODA2MDg3LmpwZwloglog.jpg	http://www.iaweg.com/tupian/ewzqqrso
http://pic6.nipic.com/20100305/4156243_004333048226_2.jpg	http://www.010zaixian.com/film/48688/
http://img01.hua.com/uploadpic/images/2014481640477960360.jpg	http://www.hua.com/huayu/11447.html
http://pic29.nipic.com/20130516/12590083_182041534000_2.jpg	http://www.nipic.com/show/1/44/8063279kb55d048e.html
http://pic15.nipic.com/20110713/2786001_163256244000_2.jpg	http://www.nipic.com/show/1/47/4830476kcc6df2f8.html
http://www.wdptj.com/wp-content/uploads/2015/05/%E5%B0%8F%E9%9B%8F%E8%8F%8A.jpg	http://www.wdptj.com/xiaochuju/
http://pic8.nipic.com/20100619/2419558_204441013946_2.jpg	http://www.nipic.com/show/3312080.html
http://pic.nipic.com/2008-03-24/200832410624180_2.jpg	http://www.nipic.com/show/1/44/7f3160a517770b67.html
http://img.taopic.com/uploads/allimg/110114/1678-11011415222952.jpg	http://www.taopic.com/tuku/201101/20789.html
http://www.cqdayong.com/d/file/2015tjxw/js/2016-03-08/e37c1b02a73e77adbf4dfd947da73a70.jpg	http://www.cqdayong.com/2015tjxw/js/2016-03-08/155.html
http://www.jituwang.com/uploads/allimg/130505/260313-13050511262373.jpg	http://www.jituwang.com/so.php?keyword=%B3%FB%BE%D5+%B1%B3%BE%B0
http://img0.pchouse.com.cn/pchouse/1110/25/140351_4.jpg	http://www.pchouse.com.cn/baike/shenghuo/731/
http://img.taopic.com/uploads/allimg/120606/188962-120606104930100.jpg	http://www.taopic.com/tuku/201206/181723.html
http://www.wed114.cn/jiehun/uploads/allimg/150430/39_150430105926_1.jpg	http://www.wed114.cn/jiehun/huayudaquan/20150430136484.html
http://chinahela.com/upload/2016/09/15/018a78741a26ee626ad10a0134a56b11_24.jpg	http://chinahela.com/category/jewelry/21
http://huayu.huabaike.com/wp-content/uploads/2016/06/413.jpg	http://huayu.huabaike.com/301.html
http://pic40.nipic.com/20140424/18530811_185321611169_2.jpg	http://www.nipic.com/show/10169956.html
http://daisybiz.com/images/index_img/004.jpg	http://daisybiz.com/
http://chinahela.com/upload/2017/01/03/45b1a8b352eae51b152dc0152dd5b99e_IMG%201462.JPG	http://chinahela.com/category/jewelry/34
https://gss3.bdstatic.com/-Po3dSag_xI4khGkpoWK1HF6hhy/baike/w%3D400/sign=1cc4b91f962f07085f052b00d924b865/9922720e0cf3d7cae0d99426fa1fbe096b63a9b7.jpg	https://baike.baidu.com/item/%E9%9B%8F%E8%8F%8A
http://pic3.nipic.com/20090514/2610559_093917076_2.jpg	http://www.nipic.com/show/1/44/876512ac15dc9c68.html
http://www.wdptj.com/wp-content/uploads/2015/01/%E5%B0%8F%E9%9B%8F%E8%8F%8A4.jpg	http://www.wdptj.com/7428.html
http://pic6.nipic.com/20100422/4774094_094704058845_2.jpg	http://www.nipic.com/show/1/44/5d76ee033bd93c79.html
http://huayu.huabaike.com/wp-content/uploads/2016/06/123.jpg	http://huayu.huabaike.com/301.html
http://img01.hua.com/uploadpic/images/2014481641241689914.jpg	http://www.hua.com/huayu/11447.html
http://pic5.nipic.com/20100225/4156243_192116064710_2.jpg	http://www.nipic.com/show/1/44/843cacecedaebcf9.html
http://image.cncn6.com/server4/month_1210/1210172145210ac0d40e79fbd3.jpg	http://dapeng.27net.net/chujutp/
http://pic40.nipic.com/20140328/9534185_182253475150_2.jpg	http://www.nipic.com/show/10006391.html
http://bpic.588ku.com/element_pic/00/16/07/035778dc62a66cd.jpg	http://588ku.com/image/baisechuju.html
http://pic6.nipic.com/20100317/4156243_195255059120_2.jpg	http://www.nipic.com/show/1/44/df97383c43d9c36c.html
http://img.mp.itc.cn/upload/20170307/818a165034bf49a5985025ea57370eb3_th.jpeg	http://www.sohu.com/a/128138566_609385
http://img.lanrentuku.com/img/allimg/1502/14251289211097.jpg	http://www.lanrentuku.com/sort/%B3%FB%BE%D5/
http://www.wdptj.com/wp-content/uploads/2015/05/%E5%B0%8F%E9%9B%8F%E8%8F%8A3.jpg	http://www.wdptj.com/xiaochuju/
https://cbu01.alicdn.com/img/ibank/2016/109/337/2790733901_698411240.310x310.jpg	https://www.1688.com/pic/-B8C9BBA820B3FBBED5.html
http://pic6.nipic.com/20100331/4156243_220007013559_2.jpg	http://www.nipic.com/show/1/44/439c9227abeb97ec.html
http://img0.pclady.com.cn/pclady/1609/02/1574325_381419.jpg	http://www.pclady.com.cn/tlist/124946.html
https://img.imynest.com/uploads/B/27/B27C78D412.jpeg	https://www.imynest.com/content/38168.html
http://images.nongmiao.com/big/baike/2014/08/20/21/1408202116292208.jpg	http://www.nongmiao.com/baike/chuju.html
https://www.huabaike.com/uploads/allimg/artimg/201512/20151221110519_65233.jpg	https://www.huabaike.com/jtyh/952.html
http://img0.pchouse.com.cn/pchouse/baike/decorate/1110/1865.jpg	http://www.pchouse.com.cn/baike/shenghuo/731/
https://img.imynest.com/uploads/4/0E/40E013F24F.jpeg	https://www.imynest.com/content/38168.html
http://upload-images.jianshu.io/upload_images/2474383-cfeff66ba2cfcb23.jpg?imageMogr2/auto-orient/strip%7CimageView2/2/w/1240	http://www.jianshu.com/p/376142afc24f
http://pic.qiantucdn.com/58pic/19/37/02/40b58PICIxR.jpg!qt290	http://www.58pic.com/tupian/10724.html
http://pic5.nipic.com/20100225/4156243_192739017020_2.jpg	http://www.nipic.com/show/1/44/32a7d82731b7e6ad.html
https://upload.wikimedia.org/wikipedia/commons/thumb/d/d5/Bellis_perennis_white_%28aka%29.jpg/250px-Bellis_perennis_white_%28aka%29.jpg	https://zh.wikipedia.org/wiki/%E9%9B%9B%E8%8F%8A
http://img.aiuw.com//images/201301/13595199994610.jpg	http://www.aiuw.com/zhiwu/huayu/article-17532.html
http://img01.sogoucdn.com/app/a/100540002/418733.jpg	http://bizhi.sogou.com/detail/info/418733?f=detail
http://pic31.nipic.com/20130723/10529735_142024546100_2.jpg	http://www.nipic.com/show/2/42/8520011k2cf7017c.html
http://pic29.nipic.com/20130516/12590083_182229123000_2.jpg	http://www.nipic.com/show/1/44/8063259k9ff48437.html
https://thumbs.dreamstime.com/z/%E9%9B%8F%E8%8F%8A-329475.jpg	https://cn.dreamstime.com/%E5%85%8D%E7%89%88%E7%A8%8E%E5%BA%93%E5%AD%98%E7%85%A7%E7%89%87-%E9%9B%8F%E8%8F%8A-image329475
https://www.huabaike.com/uploads/allimg/sltimg/201512/56776e3478680.jpg	https://www.huabaike.com/yhjq/954.html
http://www.wed114.cn/jiehun/uploads/allimg/150430/39_150430105911_1.jpg	http://www.wed114.cn/jiehun/huayudaquan/20150430136484.html
http://pic7.nipic.com/20100514/4942628_232106091886_2.jpg	http://www.nipic.com/show/1/44/8373c7cc401d90be.html
http://www.wdptj.com/wp-content/uploads/2015/01/%E5%B0%8F%E9%9B%8F%E8%8F%8A1.jpg	http://www.wdptj.com/xiaochuju/
http://p.d1xz.net/2014/4/29/151149784978.jpg	http://www.d1xz.net/astro/huayu/art47245.aspx
http://img.taopic.com/uploads/allimg/110114/1667-11011415005561.jpg	http://www.taopic.com/tuku/201101/20769.html
http://pic15.nipic.com/20110629/3101644_144844904695_2.jpg	http://www.nipic.com/show/1/44/4774499k75deda37.html
http://pic21.nipic.com/20120517/2786001_164838315000_2.jpg	http://www.nipic.com/show/6196696.html
https://www.huabaike.com/uploads/allimg/artimg/201512/20151221110640_92795.jpg	https://www.huabaike.com/jtyh/952.html
https://thumbs.dreamstime.com/z/%E9%9B%8F%E8%8F%8A%E8%8A%B1%E7%93%B6%E8%8A%B1%E5%9C%88-2556843.jpg	https://cn.dreamstime.com/%E5%BA%93%E5%AD%98%E7%85%A7%E7%89%87-%E9%9B%8F%E8%8F%8A%E8%8A%B1%E7%93%B6%E8%8A%B1%E5%9C%88-image2556843
https://cdn.pixabay.com/photo/2017/03/24/13/28/daisy-2171197_960_720.jpg	https://pixabay.com/zh/photos/%E5%8F%91%E7%94%B5%E9%87%8F%E7%9A%84%E9%9B%8F%E8%8F%8A/
http://www.wdptj.com/wp-content/uploads/2015/01/%E5%B0%8F%E9%9B%8F%E8%8F%8A.jpg	http://www.wdptj.com/7428.html
http://www.huayugu.com.cn/uploads/allimg/140321/1-1403212229213F.jpg	http://www.huayugu.com.cn/chuju/
https://cdn.pixabay.com/photo/2014/05/19/21/47/daisy-348548_960_720.jpg	https://pixabay.com/zh/%E8%8D%89%E5%9C%B0-%E9%9B%8F%E8%8F%8A-%E8%B4%9D%E5%88%A9%E6%96%AF%E5%93%B2%E5%AD%A6-%E8%8F%8A%E8%8A%B1-tausendsch%C3%B6n-348548/
http://zfnb-www-img.oss-cn-beijing.aliyuncs.com/8fc9d5aa-7b44-11e7-aa92-00163e30738e.jpg	http://www.zhufaner.com/zixun/1239.html
http://p.d1xz.net/2015/11/9/165287218721.jpg	http://3g.d1xz.net/astro/huayu/art109293.aspx
http://img.taopic.com/uploads/allimg/110805/10022-110P511432338.jpg	http://www.taopic.com/tuku/201108/79163.html
http://pic13.nipic.com/20110414/5384422_143849493102_2.jpg	http://www.nipic.com/show/1/44/4452039k0a598a0d.html
http://img4.yytcdn.com/video/mv/160930/2557292/-M-770c5436e8df3170d31af388a92c51d4_240x135.jpg	http://v.yinyuetai.com/video/167627
http://pic1.nipic.com/2008-08-15/2008815134442388_2.jpg	http://www.nipic.com/show/975350.html
http://pic6.nipic.com/20100317/4156243_194121013024_2.jpg	http://www.nipic.com/show/1/44/74fd1f57eb11a66b.html
http://pic7.nipic.com/20100518/61012_145007013508_2.jpg	http://www.nipic.com/show/1/44/c5f7851bb6ad58f6.html
http://piccdn.pptfans.cn/2016/12/12/pptfans_20161212205621ffc757b290.jpg	http://tupian.pptfans.cn/p/18684.html
http://ww4.sinaimg.cn/mw600/69fe3549jw1dx0t4fl8rqj.jpg	http://blog.sina.com.cn/s/blog_3ea5373e0102vqjo.html
http://pic18.nipic.com/20120202/2786001_091618258000_2.jpg	http://www.nipic.com/show/5663606.html
http://pic21.nipic.com/20120517/2786001_164905178000_2.jpg	http://www.nipic.com/show/1/44/6196699k096bcb01.html
https://thumbs.dreamstime.com/z/%E5%9C%A8-%E6%9C%97%E7%9A%84%E8%8D%89%E5%9D%AA%E7%9A%84%E9%9B%8F%E8%8F%8A%E6%9C%89%E6%8B%B7-%E7%A9%BA-%E7%9A%84-31747980.jpg	https://cn.dreamstime.com/%E5%BA%93%E5%AD%98%E7%85%A7%E7%89%87-%E5%9C%A8-%E6%9C%97%E7%9A%84%E8%8D%89%E5%9D%AA%E7%9A%84%E9%9B%8F%E8%8F%8A%E6%9C%89%E6%8B%B7-%E7%A9%BA-%E7%9A%84-image31747980
http://pic9.nipic.com/20100824/2396065_165237036300_2.png	http://www.nipic.com/show/2/80/3583228k2e4f4fb4.html
http://pic8.nipic.com/20100716/2419558_202605081305_2.jpg	http://www.nipic.com/show/3417447.html
http://www.cnhua.net/uploads/allimg/090719/140F1IW-0.JPG	http://www.cnhua.net/zhiwu/juke/chuju/
http://pic2.nipic.com/20090408/1703915_212325071_2.jpg	http://www.010zaixian.com/film/48688/
http://pic4.nipic.com/20090923/3456140_144550091307_2.jpg	http://www.nipic.com/show/1/74/55f6e4fcab50bd46.html
http://i.zgjm.org/uploads/allimg/141207/1_141207145358_1.png	http://www.zgjm.org/zhiwu/chuju.html
http://pic.nipic.com/2008-05-23/200852316515708_2.jpg	http://www.nipic.com/show/1/44/c402877edce37633.html
