
https://gss3.bdstatic.com/7Po3dSag_xI4khGkpoWK1HF6hhy/baike/c0%3Dbaike220%2C5%2C5%2C220%2C73/sign=f1f0eed6fdfaaf5190ee89eded3dff8b/32fa828ba61ea8d3c2f432f4970a304e241f586f.jpg
https://gss3.bdstatic.com/-Po3dSag_xI4khGkpoWK1HF6hhy/baike/c0%3Dbaike272%2C5%2C5%2C272%2C90/sign=cf69a298ccbf6c81e33a24badd57da50/d000baa1cd11728b14fbcad2c8fcc3cec2fd2c6f.jpg
https://gss3.bdstatic.com/7Po3dSag_xI4khGkpoWK1HF6hhy/baike/c0%3Dbaike272%2C5%2C5%2C272%2C90/sign=261e4ac1213fb80e18dc698557b8444b/2cf5e0fe9925bc317b9747685edf8db1ca137073.jpg
https://gss2.bdstatic.com/9fo3dSag_xI4khGkpoWK1HF6hhy/baike/c0%3Dbaike116%2C5%2C5%2C116%2C38/sign=e795f6f5e5dde711f3df4ba4c686a57e/dc54564e9258d1098129ef42d158ccbf6d814d73.jpg
https://gss0.bdstatic.com/94o3dSag_xI4khGkpoWK1HF6hhy/baike/c0%3Dbaike116%2C5%2C5%2C116%2C38/sign=d41983df3a292df583cea447dd583705/838ba61ea8d3fd1f01c3e4ca304e251f94ca5f73.jpg
https://gss3.bdstatic.com/-Po3dSag_xI4khGkpoWK1HF6hhy/baike/c0%3Dbaike150%2C5%2C5%2C150%2C50/sign=bbe849e92df5e0fefa1581533d095fcd/c8177f3e6709c93d3b3848079f3df8dcd0005473.jpg
https://gss0.bdstatic.com/-4o3dSag_xI4khGkpoWK1HF6hhy/baike/c0%3Dbaike116%2C5%2C5%2C116%2C38/sign=85afbf7f6c81800a7ae8815cd05c589f/bba1cd11728b4710ede5bb3cc3cec3fdfd032373.jpg
https://gss3.bdstatic.com/7Po3dSag_xI4khGkpoWK1HF6hhy/baike/c0%3Dbaike150%2C5%2C5%2C150%2C50/sign=b6d6555759ee3d6d36cb8f99227f0647/c8ea15ce36d3d53951eb49333a87e950342ab068.jpg
https://gss3.bdstatic.com/7Po3dSag_xI4khGkpoWK1HF6hhy/baike/c0%3Dbaike72%2C5%2C5%2C72%2C24/sign=4601979ca144ad343ab28fd5b1cb6791/0ff41bd5ad6eddc486f8818a39dbb6fd526633a7.jpg
https://gss3.bdstatic.com/-Po3dSag_xI4khGkpoWK1HF6hhy/baike/c0%3Dbaike80%2C5%2C5%2C80%2C26/sign=d81b3db9d958ccbf0fb1bd6878b1d75b/8ad4b31c8701a18bec138644962f07082938fec5.jpg

https://gss3.bdstatic.com/-Po3dSag_xI4khGkpoWK1HF6hhy/baike/c0%3Dbaike150%2C5%2C5%2C150%2C50/sign=8cb53a5735fae6cd18b9a3336eda6441/728da9773912b31babcf16498618367adab4e12b.jpg
https://gss1.bdstatic.com/-vo3dSag_xI4khGkpoWK1HF6hhy/baike/c0%3Dbaike60%2C5%2C5%2C60%2C20/sign=41fedaf85edf8db1a8237436684ab631/3812b31bb051f8199b86d82adab44aed2e73e72b.jpg
https://gss3.bdstatic.com/7Po3dSag_xI4khGkpoWK1HF6hhy/baike/c0%3Dbaike150%2C5%2C5%2C150%2C50/sign=641770010fb30f242197e451a9fcba26/b151f8198618367ac52aa4bd2e738bd4b31ce52b.jpg
https://gss1.bdstatic.com/9vo3dSag_xI4khGkpoWK1HF6hhy/baike/c0%3Dbaike92%2C5%2C5%2C92%2C30/sign=f0975d8e9c82d158af8f51e3e16372bd/8718367adab44aed0fed6584b31c8701a18bfb2b.jpg
https://gss3.bdstatic.com/-Po3dSag_xI4khGkpoWK1HF6hhy/baike/c0%3Dbaike92%2C5%2C5%2C92%2C30/sign=bf1c3f08ccbf6c81e33a24badd57da50/dbb44aed2e738bd490826951a18b87d6277ff92b.jpg
https://gss1.bdstatic.com/-vo3dSag_xI4khGkpoWK1HF6hhy/baike/c0%3Dbaike220%2C5%2C5%2C220%2C73/sign=566e6c525aafa40f28cbc68fca0d682a/2f738bd4b31c870184156986277f9e2f0708ff2b.jpg
https://gss1.bdstatic.com/9vo3dSag_xI4khGkpoWK1HF6hhy/baike/c0%3Dbaike92%2C5%2C5%2C92%2C30/sign=95a05f6533fa828bc52e95b19c762a51/a08b87d6277f9e2f2e96c6681f30e924b899f32b.jpg
https://gss1.bdstatic.com/-vo3dSag_xI4khGkpoWK1HF6hhy/baike/c0%3Dbaike150%2C5%2C5%2C150%2C50/sign=666515bdab64034f1bc0ca54ceaa1254/060828381f30e924950747514c086e061d95f72b.jpg
https://gss3.bdstatic.com/7Po3dSag_xI4khGkpoWK1HF6hhy/baike/c0%3Dbaike92%2C5%2C5%2C92%2C30/sign=d281af64970a304e462fa8a8b0a1cce3/1e30e924b899a901639680561d950a7b0208f52b.jpg
https://gss1.bdstatic.com/9vo3dSag_xI4khGkpoWK1HF6hhy/baike/c0%3Dbaike92%2C5%2C5%2C92%2C30/sign=a694de1e251f95cab2f89ae4a87e145b/b999a9014c086e062c0be42b02087bf40ad1cb2b.jpg
https://gss3.bdstatic.com/-Po3dSag_xI4khGkpoWK1HF6hhy/baike/c0%3Dbaike92%2C5%2C5%2C92%2C30/sign=16817b9ad1c8a786aa27425c0660a258/4d086e061d950a7b319695a40ad162d9f2d3c92b.jpg
https://gss1.bdstatic.com/-vo3dSag_xI4khGkpoWK1HF6hhy/baike/c0%3Dbaike92%2C5%2C5%2C92%2C30/sign=e45649d6c9177f3e0439f45f11a650a2/1c950a7b02087bf43f4f8c89f2d3572c11dfcf2b.jpg
https://gss1.bdstatic.com/9vo3dSag_xI4khGkpoWK1HF6hhy/baike/c0%3Dbaike150%2C5%2C5%2C150%2C50/sign=7a376c76cffc1e17e9b284632bf99d66/0bd162d9f2d3572c284147bc8a13632762d0c32b.jpg
https://gss3.bdstatic.com/-Po3dSag_xI4khGkpoWK1HF6hhy/baike/c0%3Dbaike80%2C5%2C5%2C80%2C26/sign=f289916e6709c93d13ff06a5fe5493b9/f3d3572c11dfa9ecb18d8d7762d0f703918fc12b.jpg
https://gss1.bdstatic.com/-vo3dSag_xI4khGkpoWK1HF6hhy/baike/c0%3Dbaike92%2C5%2C5%2C92%2C30/sign=a2a3168cd100baa1ae214fe92679d277/10dfa9ec8a1363275f4e1953918fa0ec08fac72b.jpg
https://gss3.bdstatic.com/7Po3dSag_xI4khGkpoWK1HF6hhy/baike/c0%3Dbaike92%2C5%2C5%2C92%2C30/sign=ee9e54f1cd11728b24208470a995a8ab/8b13632762d0f703ae114ebc08fa513d2697c52b.jpg
https://gss1.bdstatic.com/9vo3dSag_xI4khGkpoWK1HF6hhy/baike/c0%3Dbaike92%2C5%2C5%2C92%2C30/sign=8c8f9cdb4710b912abccfeaca2949766/63d0f703918fa0ec4964bf6d269759ee3d6ddb2b.jpg

https://gss2.bdstatic.com/9fo3dSag_xI4khGkpoWK1HF6hhy/baike/c0%3Dbaike92%2C5%2C5%2C92%2C30/sign=95a12c49241f95cab2f89ae4a87e145b/b999a9014c086e061f3e167c03087bf40ad1cb76.jpg
https://gss1.bdstatic.com/-vo3dSag_xI4khGkpoWK1HF6hhy/baike/c0%3Dbaike92%2C5%2C5%2C92%2C30/sign=acb9d4fbc2cec3fd9f33af27b7e1bf5a/a1ec08fa513d26974c45216a54fbb2fb4316d876.jpg
https://gss1.bdstatic.com/-vo3dSag_xI4khGkpoWK1HF6hhy/baike/c0%3Dbaike92%2C5%2C5%2C92%2C30/sign=73bb97d3b21c8701c2bbbab44616f54a/2fdda3cc7cd98d105c212506203fb80e7bec900b.jpg
https://gss0.bdstatic.com/94o3dSag_xI4khGkpoWK1HF6hhy/baike/c0%3Dbaike92%2C5%2C5%2C92%2C30/sign=0b3c16d663d9f2d3341c2cbdc885e176/91ef76c6a7efce1beddee1fdae51f3deb48f650b.jpg
https://gss2.bdstatic.com/-fo3dSag_xI4khGkpoWK1HF6hhy/baike/c0%3Dbaike92%2C5%2C5%2C92%2C30/sign=c9823ca3472309f7f362a54013676796/48540923dd54564e1490cd0eb2de9c82d1584f0b.jpg

https://gss3.bdstatic.com/-Po3dSag_xI4khGkpoWK1HF6hhy/baike/c0%3Dbaike92%2C5%2C5%2C92%2C30/sign=4231cb2d6159252db71a155655f2685e/960a304e251f95ca4a00bb81c8177f3e6709520b.jpg
https://gss1.bdstatic.com/9vo3dSag_xI4khGkpoWK1HF6hhy/baike/c0%3Dbaike92%2C5%2C5%2C92%2C30/sign=933b2680e850352aa56c2d5a322a9097/d000baa1cd11728beed8a515c9fcc3cec3fd2c0b.jpg

https://gss0.bdstatic.com/94o3dSag_xI4khGkpoWK1HF6hhy/baike/c0%3Dbaike92%2C5%2C5%2C92%2C30/sign=71e4de1cc3177f3e0439f45f11a650a2/1c950a7b02087bf4aafd1b43f8d3572c11dfcf03.jpg
https://gss1.bdstatic.com/9vo3dSag_xI4khGkpoWK1HF6hhy/baike/crop%3D0%2C156%2C2048%2C1352%3Bc0%3Dbaike272%2C5%2C5%2C272%2C90/sign=301a5e4a384e251ff6b8beb89ab6e526/730e0cf3d7ca7bcb7b683b5fb6096b63f624a8ab.jpg
https://gss3.bdstatic.com/-Po3dSag_xI4khGkpoWK1HF6hhy/baike/c0%3Dbaike220%2C5%2C5%2C220%2C73/sign=09161d584a90f60310bd9415587bd87e/0bd162d9f2d3572c924b0db58a13632762d0c32a.jpg
https://gss1.bdstatic.com/-vo3dSag_xI4khGkpoWK1HF6hhy/baike/c0%3Dbaike80%2C5%2C5%2C80%2C26/sign=d92065e3ebf81a4c323fe49bb6430b3c/4034970a304e251f40d9336fa786c9177f3e537f.jpg

https://gss3.bdstatic.com/7Po3dSag_xI4khGkpoWK1HF6hhy/baike/c0%3Dbaike92%2C5%2C5%2C92%2C30/sign=d464dffafd039245b5b8e95de6fdcfa7/503d269759ee3d6d4251aefc42166d224f4ade75.jpg
https://gss3.bdstatic.com/7Po3dSag_xI4khGkpoWK1HF6hhy/baike/c0%3Dbaike92%2C5%2C5%2C92%2C30/sign=c545a5064b90f60310bd9415587bd87e/0dd7912397dda144e2f34585b3b7d0a20cf4860a.jpg
https://gss2.bdstatic.com/9fo3dSag_xI4khGkpoWK1HF6hhy/baike/c0%3Dbaike92%2C5%2C5%2C92%2C30/sign=e5113b789f2f07084b082252884dd3fc/3801213fb80e7bec36202ad62e2eb9389b506b0a.jpg
https://gss0.bdstatic.com/94o3dSag_xI4khGkpoWK1HF6hhy/baike/c0%3Dbaike92%2C5%2C5%2C92%2C30/sign=fbb3f7c3b64543a9e116f29e7f7ee1e7/5243fbf2b2119313f8d4d68764380cd791238d75.jpg
https://gss3.bdstatic.com/-Po3dSag_xI4khGkpoWK1HF6hhy/baike/c0%3Dbaike92%2C5%2C5%2C92%2C30/sign=13e56e090df3d7ca18fb37249376d56c/d009b3de9c82d15847787086810a19d8bc3e420a.jpg
https://gss1.bdstatic.com/-vo3dSag_xI4khGkpoWK1HF6hhy/baike/c0%3Dbaike92%2C5%2C5%2C92%2C30/sign=703f167c03087bf469e15fbb93ba3c49/8435e5dde71190ef1b6cbbe8cf1b9d16fdfa6075.jpg
https://gss1.bdstatic.com/9vo3dSag_xI4khGkpoWK1HF6hhy/baike/c0%3Dbaike80%2C5%2C5%2C80%2C26/sign=bc092ad4d439b60059c307e588395e4f/d000baa1cd11728beed7a515c9fcc3cec3fd2c0a.jpg
https://gss1.bdstatic.com/9vo3dSag_xI4khGkpoWK1HF6hhy/baike/c0%3Dbaike92%2C5%2C5%2C92%2C30/sign=b7ce5731adaf2eddc0fc41bbec796a8c/b7fd5266d01609246adf8b2cd50735fae6cd340a.jpg
https://gss2.bdstatic.com/-fo3dSag_xI4khGkpoWK1HF6hhy/baike/c0%3Dbaike92%2C5%2C5%2C92%2C30/sign=31d68ce877c6a7efad2ba0749c93c434/5bafa40f4bfbfbed7da31f4879f0f736afc31f0a.jpg
https://gss2.bdstatic.com/-fo3dSag_xI4khGkpoWK1HF6hhy/baike/c0%3Dbaike80%2C5%2C5%2C80%2C26/sign=139e4585b3b7d0a26fc40ccfaa861d6c/50da81cb39dbb6fdeccccc110824ab18972b3775.jpg
https://gss3.bdstatic.com/7Po3dSag_xI4khGkpoWK1HF6hhy/baike/c0%3Dbaike92%2C5%2C5%2C92%2C30/sign=5714e1184034970a537e187df4a3baad/29381f30e924b89956c6500f6f061d950a7bf60b.jpg
https://gss0.bdstatic.com/-4o3dSag_xI4khGkpoWK1HF6hhy/baike/c0%3Dbaike92%2C5%2C5%2C92%2C30/sign=27b955530823dd54357eaf3ab060d8bb/728da9773912b31b5cfbe41e8718367adab4e176.jpg

https://gss1.bdstatic.com/-vo3dSag_xI4khGkpoWK1HF6hhy/baike/c0%3Dbaike92%2C5%2C5%2C92%2C30/sign=8158cbcd7acb0a46912f836b0a0a9d41/9d82d158ccbf6c810da105dfbd3eb13533fa4076.jpg

https://gss3.bdstatic.com/7Po3dSag_xI4khGkpoWK1HF6hhy/baike/c0%3Dbaike272%2C5%2C5%2C272%2C90/sign=df9ccdc25b3d26973ade000f3492d99e/eaf81a4c510fd9f9a85aa5612f2dd42a2834a46d.jpg
https://gss0.bdstatic.com/94o3dSag_xI4khGkpoWK1HF6hhy/baike/c0%3Dbaike150%2C5%2C5%2C150%2C50/sign=70d10fb86f380cd7f213aabfc02dc651/a6efce1b9d16fdfa6ffe36e6be8f8c5494ee7b2c.jpg
https://gss2.bdstatic.com/9fo3dSag_xI4khGkpoWK1HF6hhy/baike/c0%3Dbaike150%2C5%2C5%2C150%2C50/sign=45fe36e6be8f8c54f7decd7d5b404690/314e251f95cad1c84d290c2f753e6709c93d512c.jpg
https://gss1.bdstatic.com/9vo3dSag_xI4khGkpoWK1HF6hhy/baike/c0%3Dbaike150%2C5%2C5%2C150%2C50/sign=141d6a69f9deb48fef64a98c9176514c/960a304e251f95ca382f62bec3177f3e660952e4.jpg
https://gss3.bdstatic.com/7Po3dSag_xI4khGkpoWK1HF6hhy/baike/c0%3Dbaike150%2C5%2C5%2C150%2C50/sign=9662b6c888025aafc73f76999a84c001/8601a18b87d6277fd95ec23022381f30e924fc6e.jpg

https://gss2.bdstatic.com/-fo3dSag_xI4khGkpoWK1HF6hhy/baike/c0%3Dbaike150%2C5%2C5%2C150%2C50/sign=8d476649fc039245b5b8e95de6fdcfa7/5bafa40f4bfbfbede5eda6fb78f0f736aec31ff9.jpg
https://gss3.bdstatic.com/7Po3dSag_xI4khGkpoWK1HF6hhy/baike/c0%3Dbaike272%2C5%2C5%2C272%2C90/sign=545c08daddc451dae2fb04b9d7943903/a50f4bfbfbedab644cc6dd44f736afc378311ef9.jpg
https://gss0.bdstatic.com/94o3dSag_xI4khGkpoWK1HF6hhy/baike/c0%3Dbaike220%2C5%2C5%2C220%2C73/sign=d71d01767d1ed21b6dc426b7cc07b6a1/4afbfbedab64034f28795282afc379310b551df9.jpg
https://gss1.bdstatic.com/9vo3dSag_xI4khGkpoWK1HF6hhy/baike/c0%3Dbaike272%2C5%2C5%2C272%2C90/sign=8c4df46e81cb39dbd5cd6f04b17f6241/faedab64034f78f0a6bf0a7779310a55b2191cf9.jpg
https://gss0.bdstatic.com/94o3dSag_xI4khGkpoWK1HF6hhy/baike/c0%3Dbaike272%2C5%2C5%2C272%2C90/sign=9963964e828ba61ecbe3c07d205dfc6f/c2cec3fdfc039245fede718b8794a4c27c1e25ce.jpg
https://gss2.bdstatic.com/9fo3dSag_xI4khGkpoWK1HF6hhy/baike/c0%3Dbaike150%2C5%2C5%2C150%2C50/sign=8401718b8794a4c21e2eef796f9d70b0/aa64034f78f0f736fd4adc850a55b319eac413f9.jpg
https://gss3.bdstatic.com/-Po3dSag_xI4khGkpoWK1HF6hhy/baike/c0%3Dbaike150%2C5%2C5%2C150%2C50/sign=87b62220a4c27d1eb12b33967abcc60b/024f78f0f736afc32ab8afe1b319ebc4b64512f9.jpg

https://gss1.bdstatic.com/-vo3dSag_xI4khGkpoWK1HF6hhy/baike/c0%3Dbaike92%2C5%2C5%2C92%2C30/sign=76c38ea534d12f2eda08a6322eabbe07/0eb30f2442a7d933c5ba0b01af4bd11373f001b5.jpg
https://gss1.bdstatic.com/9vo3dSag_xI4khGkpoWK1HF6hhy/baike/c0%3Dbaike80%2C5%2C5%2C80%2C26/sign=58b24c935982b2b7b392319650c4a08a/dcc451da81cb39db4f0bb3c1d0160924aa18305a.jpg
https://gss0.bdstatic.com/-4o3dSag_xI4khGkpoWK1HF6hhy/baike/c0%3Dbaike72%2C5%2C5%2C72%2C24/sign=6b0f6018252dd42a4b0409f9625230d0/d0c8a786c9177f3edb2cc97c70cf3bc79f3d56a2.jpg
