
https://gss1.bdstatic.com/-vo3dSag_xI4khGkpoWK1HF6hhy/baike/c0%3Dbaike150%2C5%2C5%2C150%2C50/sign=32c2aed69e2f07084b082252884dd3fc/472309f790529822c71a855ad7ca7bcb0a46d47a.jpg
https://gss1.bdstatic.com/9vo3dSag_xI4khGkpoWK1HF6hhy/baike/c0%3Dbaike116%2C5%2C5%2C116%2C38/sign=90fab4c455fbb2fb202650402e234bc1/d62a6059252dd42ae120bd32033b5bb5c9eab87a.jpg
https://gss0.bdstatic.com/94o3dSag_xI4khGkpoWK1HF6hhy/baike/c0%3Dbaike116%2C5%2C5%2C116%2C38/sign=af1f608db899a9012f3853647cfc611e/b3fb43166d224f4a908bcf8a09f790529822d11d.jpg
https://gss3.bdstatic.com/7Po3dSag_xI4khGkpoWK1HF6hhy/baike/c0%3Dbaike116%2C5%2C5%2C116%2C38/sign=73cc04b901e93901420f856c1a853f82/f11f3a292df5e0fe963035985c6034a85edf727a.jpg
https://gss2.bdstatic.com/-fo3dSag_xI4khGkpoWK1HF6hhy/baike/c0%3Dbaike116%2C5%2C5%2C116%2C38/sign=dadc5e637bcb0a46912f836b0a0a9d41/3bf33a87e950352a107399915343fbf2b2118b1d.jpg
https://gss1.bdstatic.com/-vo3dSag_xI4khGkpoWK1HF6hhy/baike/c0%3Dbaike116%2C5%2C5%2C116%2C38/sign=c0054ff51038534398c28f73f27adb1b/00e93901213fb80e8ec3dd4e36d12f2eb938941d.jpg
https://gss2.bdstatic.com/-fo3dSag_xI4khGkpoWK1HF6hhy/baike/c0%3Dbaike116%2C5%2C5%2C116%2C38/sign=6dd21694f8dcd100d991f07313e22c75/5366d0160924ab18c13e5dae35fae6cd7b890b7a.jpg
https://gss1.bdstatic.com/-vo3dSag_xI4khGkpoWK1HF6hhy/baike/c0%3Dbaike116%2C5%2C5%2C116%2C38/sign=b0d1d87381cb39dbd5cd6f04b17f6241/faedab64034f78f09a23266a79310a55b3191c7a.jpg
https://gss3.bdstatic.com/7Po3dSag_xI4khGkpoWK1HF6hhy/baike/c0%3Dbaike116%2C5%2C5%2C116%2C38/sign=a626413cd143ad4bb2234e92e36b31ca/f703738da9773912cc0e39f8f8198618367ae27b.jpg
https://gss2.bdstatic.com/9fo3dSag_xI4khGkpoWK1HF6hhy/baike/c0%3Dbaike92%2C5%2C5%2C92%2C30/sign=46aae528800a19d8df0e8c575293e9ee/2f738bd4b31c87012b9e0e7f277f9e2f0708ff7b.jpg
https://gss1.bdstatic.com/-vo3dSag_xI4khGkpoWK1HF6hhy/baike/c0%3Dbaike116%2C5%2C5%2C116%2C38/sign=682f1c63d1c8a786aa27425c0660a258/d31b0ef41bd5ad6e90f4d87381cb39dbb6fd3c1d.jpg
https://gss2.bdstatic.com/9fo3dSag_xI4khGkpoWK1HF6hhy/baike/c0%3Dbaike116%2C5%2C5%2C116%2C38/sign=240dbfd3dab44aed4d43b6b6d275ec64/10dfa9ec8a136327c0c57eaa918fa0ec08fac77b.jpg
https://gss2.bdstatic.com/9fo3dSag_xI4khGkpoWK1HF6hhy/baike/c0%3Dbaike116%2C5%2C5%2C116%2C38/sign=9e331becd688d43fe4a499a01c77b97e/43a7d933c895d143cf7b58ba73f082025aaf071d.jpg

https://gss3.bdstatic.com/-Po3dSag_xI4khGkpoWK1HF6hhy/baike/c0%3Dbaike92%2C5%2C5%2C92%2C30/sign=242b8043ac345982d187edc06d9d5ac8/7c1ed21b0ef41bd51e98fcc350da81cb39db3d39.jpg
https://gss2.bdstatic.com/9fo3dSag_xI4khGkpoWK1HF6hhy/baike/c0%3Dbaike92%2C5%2C5%2C92%2C30/sign=5c4278e93c6d55fbd1cb7e740c4b242f/9825bc315c6034a8240aacb6ca13495409237618.jpg
https://gss2.bdstatic.com/-fo3dSag_xI4khGkpoWK1HF6hhy/baike/c0%3Dbaike92%2C5%2C5%2C92%2C30/sign=4be0dcfdae51f3ded7bfb136f5879b7a/024f78f0f736afc3afc72b52b219ebc4b7451239.jpg
https://gss2.bdstatic.com/-fo3dSag_xI4khGkpoWK1HF6hhy/baike/c0%3Dbaike92%2C5%2C5%2C92%2C30/sign=c560e8ed14ce36d3b6098b625b9a51e2/6609c93d70cf3bc701e8d9dbd000baa1cd112a18.jpg
https://gss1.bdstatic.com/-vo3dSag_xI4khGkpoWK1HF6hhy/baike/c0%3Dbaike92%2C5%2C5%2C92%2C30/sign=49c8903232fa828bc52e95b19c762a51/a08b87d6277f9e2ff2fe093f1e30e924b899f33a.jpg
https://gss0.bdstatic.com/94o3dSag_xI4khGkpoWK1HF6hhy/baike/c0%3Dbaike92%2C5%2C5%2C92%2C30/sign=68772df330adcbef15397654cdc645b8/dcc451da81cb39db0e287361d1160924ab183018.jpg
https://gss1.bdstatic.com/-vo3dSag_xI4khGkpoWK1HF6hhy/baike/c0%3Dbaike92%2C5%2C5%2C92%2C30/sign=c0e6538c4610b912abccfeaca2949766/63d0f703918fa0ec050d703a279759ee3d6ddb3a.jpg
https://gss3.bdstatic.com/-Po3dSag_xI4khGkpoWK1HF6hhy/baike/c0%3Dbaike92%2C5%2C5%2C92%2C30/sign=a51386e8cf1b9d169eca923392b7dfea/4afbfbedab64034fab25d631aec379310a551d18.jpg
https://gss3.bdstatic.com/-Po3dSag_xI4khGkpoWK1HF6hhy/baike/c0%3Dbaike92%2C5%2C5%2C92%2C30/sign=cd3a5a8e9f510fb36c147fc5b85aa3f0/8644ebf81a4c510ff20ef62d6159252dd42aa53a.jpg
https://gss2.bdstatic.com/9fo3dSag_xI4khGkpoWK1HF6hhy/baike/c0%3Dbaike92%2C5%2C5%2C92%2C30/sign=9e54a10d18d8bc3ed2050e98e3e2cd7b/8ad4b31c8701a18b750306789f2f07082838fe19.jpg
https://gss3.bdstatic.com/7Po3dSag_xI4khGkpoWK1HF6hhy/baike/c0%3Dbaike92%2C5%2C5%2C92%2C30/sign=dacab4cdd0c8a786aa27425c0660a258/4d086e061d950a7bfddd5af30bd162d9f2d3c919.jpg
https://gss3.bdstatic.com/-Po3dSag_xI4khGkpoWK1HF6hhy/baike/c0%3Dbaike92%2C5%2C5%2C92%2C30/sign=abeea71f377adab429dd1311eabdd879/30adcbef76094b36ff580fdaa2cc7cd98d109d3a.jpg
https://gss3.bdstatic.com/-Po3dSag_xI4khGkpoWK1HF6hhy/baike/c0%3Dbaike92%2C5%2C5%2C92%2C30/sign=8ad3999ea8014c080d3620f76b12696d/2e2eb9389b504fc2b695a432e4dde71190ef6d3a.jpg

https://gss3.bdstatic.com/7Po3dSag_xI4khGkpoWK1HF6hhy/baike/c0%3Dbaike92%2C5%2C5%2C92%2C30/sign=8cceb62cd50735fa85fd46ebff3864d6/6a63f6246b600c33a092caff1b4c510fd9f9a119.jpg
https://gss1.bdstatic.com/-vo3dSag_xI4khGkpoWK1HF6hhy/baike/c0%3Dbaike92%2C5%2C5%2C92%2C30/sign=82f4b088a1ec08fa320d1bf538875608/95eef01f3a292df59509b822bd315c6034a8733a.jpg
https://gss3.bdstatic.com/7Po3dSag_xI4khGkpoWK1HF6hhy/baike/c0%3Dbaike92%2C5%2C5%2C92%2C30/sign=c8e08ec478310a55d029d6a6d62c28cc/e850352ac65c10386c95daf5b3119313b07e8919.jpg
https://gss3.bdstatic.com/-Po3dSag_xI4khGkpoWK1HF6hhy/baike/c0%3Dbaike92%2C5%2C5%2C92%2C30/sign=780f3b4b500fd9f9b41a5d3b4444bf4f/a9d3fd1f4134970aa3b9041894cad1c8a7865d3a.jpg
https://gss2.bdstatic.com/-fo3dSag_xI4khGkpoWK1HF6hhy/baike/c0%3Dbaike92%2C5%2C5%2C92%2C30/sign=4fa7142dc75c10383073c690d378f876/cc11728b4710b9126e0be2c9c2fdfc039245223a.jpg
https://gss1.bdstatic.com/-vo3dSag_xI4khGkpoWK1HF6hhy/baike/c0%3Dbaike92%2C5%2C5%2C92%2C30/sign=18c37885b3b7d0a26fc40ccfaa861d6c/0ff41bd5ad6eddc4e42da0cc38dbb6fd5266333a.jpg
https://gss1.bdstatic.com/-vo3dSag_xI4khGkpoWK1HF6hhy/baike/c0%3Dbaike92%2C5%2C5%2C92%2C30/sign=82d5b088a1ec08fa320d1bf538875608/95eef01f3a292df59528b822bd315c6034a87319.jpg
https://gss1.bdstatic.com/-vo3dSag_xI4khGkpoWK1HF6hhy/baike/c0%3Dbaike92%2C5%2C5%2C92%2C30/sign=8235f4658435e5dd8421ad8d17afcc8a/ac4bd11373f08202975885084afbfbedab641b3a.jpg
https://gss3.bdstatic.com/-Po3dSag_xI4khGkpoWK1HF6hhy/baike/c0%3Dbaike92%2C5%2C5%2C92%2C30/sign=57a3b5e9f11f3a294ec5dd9cf84cd754/0b55b319ebc4b745985ea321cefc1e178a82153a.jpg

https://gss0.bdstatic.com/-4o3dSag_xI4khGkpoWK1HF6hhy/baike/c0%3Dbaike92%2C5%2C5%2C92%2C30/sign=459c2f95c45c10383073c690d378f876/cc11728b4710b9126430d971c1fdfc039345224f.jpg
https://gss2.bdstatic.com/9fo3dSag_xI4khGkpoWK1HF6hhy/baike/c0%3Dbaike92%2C5%2C5%2C92%2C30/sign=a2c78775593d26973ade000f3492d99e/3b292df5e0fe9925be1ad3ef3ca85edf8db1717e.jpg
https://gss2.bdstatic.com/9fo3dSag_xI4khGkpoWK1HF6hhy/baike/c0%3Dbaike80%2C5%2C5%2C80%2C26/sign=d33ca530c45c10383073c690d378f876/c9fcc3cec3fdfc03a8294692d63f8794a4c22642.jpg
https://gss3.bdstatic.com/-Po3dSag_xI4khGkpoWK1HF6hhy/baike/c0%3Dbaike92%2C5%2C5%2C92%2C30/sign=4897cd910b23dd54357eaf3ab060d8bb/728da9773912b31b33d57cdc8418367adbb4e18e.jpg
https://gss0.bdstatic.com/-4o3dSag_xI4khGkpoWK1HF6hhy/baike/c0%3Dbaike92%2C5%2C5%2C92%2C30/sign=e5e139f45e6034a83defb0d3aa7a2231/cefc1e178a82b901365473c6718da9773812ef4e.jpg
https://gss3.bdstatic.com/7Po3dSag_xI4khGkpoWK1HF6hhy/baike/c0%3Dbaike92%2C5%2C5%2C92%2C30/sign=3530cd282c738bd4d02cba63c0e2ecb3/4a36acaf2edda3cc935d0ad503e93901203f928e.jpg
https://gss3.bdstatic.com/-Po3dSag_xI4khGkpoWK1HF6hhy/baike/c0%3Dbaike80%2C5%2C5%2C80%2C26/sign=2eaebf16d739b60059c307e588395e4f/d000baa1cd11728b7c7030d7cafcc3cec2fd2ce1.jpg
https://gss3.bdstatic.com/-Po3dSag_xI4khGkpoWK1HF6hhy/baike/c0%3Dbaike80%2C5%2C5%2C80%2C26/sign=89302dca49fbfbedc8543e2d19999c53/b7003af33a87e950e6b54f9912385343faf2b4a1.jpg
https://gss2.bdstatic.com/9fo3dSag_xI4khGkpoWK1HF6hhy/baike/c0%3Dbaike92%2C5%2C5%2C92%2C30/sign=69c96201b54543a9e116f29e7f7ee1e7/5243fbf2b21193136aae434567380cd790238d52.jpg
https://gss1.bdstatic.com/9vo3dSag_xI4khGkpoWK1HF6hhy/baike/c0%3Dbaike80%2C5%2C5%2C80%2C26/sign=74894c991238534398c28f73f27adb1b/c2cec3fdfc039245972b5efa8594a4c27c1e25ac.jpg
https://gss0.bdstatic.com/-4o3dSag_xI4khGkpoWK1HF6hhy/baike/c0%3Dbaike92%2C5%2C5%2C92%2C30/sign=7e4e7e870ed79123f4ed9c26cc5d32e7/d788d43f8794a4c2c9d0c9a40cf41bd5ac6e3949.jpg

https://gss3.bdstatic.com/-Po3dSag_xI4khGkpoWK1HF6hhy/baike/c0%3Dbaike80%2C5%2C5%2C80%2C26/sign=79073818a40f4bfb98dd960662261395/d439b6003af33a871255579dc65c10385343b579.jpg
https://gss0.bdstatic.com/94o3dSag_xI4khGkpoWK1HF6hhy/baike/c0%3Dbaike80%2C5%2C5%2C80%2C26/sign=b999d45b08fa513d45a7648c5c043e9e/9825bc315c6034a876c9f906cb13495409237609.jpg
https://gss2.bdstatic.com/9fo3dSag_xI4khGkpoWK1HF6hhy/baike/c0%3Dbaike80%2C5%2C5%2C80%2C26/sign=91907d5aab64034f1bc0ca54ceaa1254/3b87e950352ac65cca53d5f4fbf2b21192138ae7.jpg
https://gss1.bdstatic.com/-vo3dSag_xI4khGkpoWK1HF6hhy/baike/c0%3Dbaike80%2C5%2C5%2C80%2C26/sign=dbdd54034aed2e73e8e48e7ee668caee/a2cc7cd98d1001e9d4a6af88b80e7bec55e7979b.jpg

https://gss1.bdstatic.com/-vo3dSag_xI4khGkpoWK1HF6hhy/baike/c0%3Dbaike150%2C5%2C5%2C150%2C50/sign=12e1aef2ad345982d187edc06d9d5ac8/f2deb48f8c5494ee7523359f2df5e0fe99257e36.jpg
https://gss3.bdstatic.com/7Po3dSag_xI4khGkpoWK1HF6hhy/baike/c0%3Dbaike180%2C5%2C5%2C180%2C60/sign=3427f9926b600c33e474d69a7b253a6a/96dda144ad345982edf3df140cf431adcbef843e.jpg
https://gss0.bdstatic.com/94o3dSag_xI4khGkpoWK1HF6hhy/baike/c0%3Dbaike150%2C5%2C5%2C150%2C50/sign=0b27f9926b600c33e474d69a7b253a6a/a044ad345982b2b7b0e6034231adcbef76099b3e.jpg
https://gss3.bdstatic.com/7Po3dSag_xI4khGkpoWK1HF6hhy/baike/c0%3Dbaike150%2C5%2C5%2C150%2C50/sign=2a085634b2b7d0a26fc40ccfaa861d6c/8d5494eef01f3a29aac9ef489925bc315c607c36.jpg
https://gss0.bdstatic.com/94o3dSag_xI4khGkpoWK1HF6hhy/baike/c0%3Dbaike150%2C5%2C5%2C150%2C50/sign=f151a4ae972bd40756cadbaf1ae0f534/4b90f603738da977c167bcadb051f8198718e3e8.jpg
https://gss0.bdstatic.com/-4o3dSag_xI4khGkpoWK1HF6hhy/baike/c0%3Dbaike150%2C5%2C5%2C150%2C50/sign=4795f45bab64034f1bc0ca54ceaa1254/060828381f30e924b4f7a6b74c086e061c95f7e0.jpg
https://gss1.bdstatic.com/9vo3dSag_xI4khGkpoWK1HF6hhy/baike/c0%3Dbaike150%2C5%2C5%2C150%2C50/sign=526d989dd40735fa85fd46ebff3864d6/f703738da97739124a6ebfe7f8198618377ae2e8.jpg

https://gss2.bdstatic.com/-fo3dSag_xI4khGkpoWK1HF6hhy/baike/c0%3Dbaike150%2C5%2C5%2C150%2C50/sign=5789c25d828ba61ecbe3c07d205dfc6f/0ff41bd5ad6eddc4b766706c39dbb6fd536633a0.jpg
https://gss2.bdstatic.com/-fo3dSag_xI4khGkpoWK1HF6hhy/baike/c0%3Dbaike150%2C5%2C5%2C150%2C50/sign=f743514b08fa513d45a7648c5c043e9e/359b033b5bb5c9ea7302c774d539b6003bf3b3b0.jpg
https://gss0.bdstatic.com/-4o3dSag_xI4khGkpoWK1HF6hhy/baike/c0%3Dbaike150%2C5%2C5%2C150%2C50/sign=8ed34fae6b63f62408503151e62d809d/902397dda144ad34254e4310d0a20cf430ad85b0.jpg
https://gss2.bdstatic.com/-fo3dSag_xI4khGkpoWK1HF6hhy/baike/c0%3Dbaike150%2C5%2C5%2C150%2C50/sign=a2440828800a19d8df0e8c575293e9ee/d53f8794a4c27d1ebce06a5d1bd5ad6edcc43860.jpg
https://gss0.bdstatic.com/-4o3dSag_xI4khGkpoWK1HF6hhy/baike/c0%3Dbaike180%2C5%2C5%2C180%2C60/sign=f670c2b7a8d3fd1f2204aa6851274e7a/1ad5ad6eddc451daf5305d72b6fd5266d1163260.jpg

https://gss1.bdstatic.com/-vo3dSag_xI4khGkpoWK1HF6hhy/baike/c0%3Dbaike116%2C5%2C5%2C116%2C38/sign=f25532d68535e5dd8421ad8d17afcc8a/0823dd54564e92586c9e546a9c82d158cdbf4e88.jpg
https://gss0.bdstatic.com/94o3dSag_xI4khGkpoWK1HF6hhy/baike/c0%3Dbaike116%2C5%2C5%2C116%2C38/sign=254a00a590ef76c6c4dff379fc7f969f/9358d109b3de9c8211cf2b0b6c81800a18d84388.jpg
https://gss0.bdstatic.com/94o3dSag_xI4khGkpoWK1HF6hhy/baike/c0%3Dbaike116%2C5%2C5%2C116%2C38/sign=85b0d167d539b60059c307e588395e4f/77094b36acaf2edd33b29b6d8d1001e9380193f7.jpg
https://gss2.bdstatic.com/9fo3dSag_xI4khGkpoWK1HF6hhy/baike/c0%3Dbaike116%2C5%2C5%2C116%2C38/sign=474751b43af33a878a600848a7357b5d/adaf2edda3cc7cd91f6ee65d3901213fb90e91f7.jpg
https://gss2.bdstatic.com/9fo3dSag_xI4khGkpoWK1HF6hhy/baike/c0%3Dbaike116%2C5%2C5%2C116%2C38/sign=7e186be094eef01f591910978197f240/b03533fa828ba61e62441aab4134970a314e5988.jpg
https://gss2.bdstatic.com/-fo3dSag_xI4khGkpoWK1HF6hhy/baike/c0%3Dbaike116%2C5%2C5%2C116%2C38/sign=f4beca41e0fe9925df01610255c135ba/a9d3fd1f4134970afed9c2ab95cad1c8a6865d88.jpg

https://gss0.bdstatic.com/-4o3dSag_xI4khGkpoWK1HF6hhy/baike/c0%3Dbaike92%2C5%2C5%2C92%2C30/sign=459c2f95c45c10383073c690d378f876/cc11728b4710b9126430d971c1fdfc039345224f.jpg
https://gss2.bdstatic.com/9fo3dSag_xI4khGkpoWK1HF6hhy/baike/c0%3Dbaike92%2C5%2C5%2C92%2C30/sign=a2c78775593d26973ade000f3492d99e/3b292df5e0fe9925be1ad3ef3ca85edf8db1717e.jpg
https://gss2.bdstatic.com/9fo3dSag_xI4khGkpoWK1HF6hhy/baike/c0%3Dbaike80%2C5%2C5%2C80%2C26/sign=d33ca530c45c10383073c690d378f876/c9fcc3cec3fdfc03a8294692d63f8794a4c22642.jpg
https://gss3.bdstatic.com/-Po3dSag_xI4khGkpoWK1HF6hhy/baike/c0%3Dbaike92%2C5%2C5%2C92%2C30/sign=4897cd910b23dd54357eaf3ab060d8bb/728da9773912b31b33d57cdc8418367adbb4e18e.jpg
https://gss0.bdstatic.com/-4o3dSag_xI4khGkpoWK1HF6hhy/baike/c0%3Dbaike92%2C5%2C5%2C92%2C30/sign=e5e139f45e6034a83defb0d3aa7a2231/cefc1e178a82b901365473c6718da9773812ef4e.jpg
https://gss3.bdstatic.com/7Po3dSag_xI4khGkpoWK1HF6hhy/baike/c0%3Dbaike92%2C5%2C5%2C92%2C30/sign=3530cd282c738bd4d02cba63c0e2ecb3/4a36acaf2edda3cc935d0ad503e93901203f928e.jpg
https://gss3.bdstatic.com/-Po3dSag_xI4khGkpoWK1HF6hhy/baike/c0%3Dbaike80%2C5%2C5%2C80%2C26/sign=2eaebf16d739b60059c307e588395e4f/d000baa1cd11728b7c7030d7cafcc3cec2fd2ce1.jpg
https://gss3.bdstatic.com/-Po3dSag_xI4khGkpoWK1HF6hhy/baike/c0%3Dbaike80%2C5%2C5%2C80%2C26/sign=89302dca49fbfbedc8543e2d19999c53/b7003af33a87e950e6b54f9912385343faf2b4a1.jpg
https://gss2.bdstatic.com/9fo3dSag_xI4khGkpoWK1HF6hhy/baike/c0%3Dbaike92%2C5%2C5%2C92%2C30/sign=69c96201b54543a9e116f29e7f7ee1e7/5243fbf2b21193136aae434567380cd790238d52.jpg
https://gss1.bdstatic.com/9vo3dSag_xI4khGkpoWK1HF6hhy/baike/c0%3Dbaike80%2C5%2C5%2C80%2C26/sign=74894c991238534398c28f73f27adb1b/c2cec3fdfc039245972b5efa8594a4c27c1e25ac.jpg
https://gss0.bdstatic.com/-4o3dSag_xI4khGkpoWK1HF6hhy/baike/c0%3Dbaike92%2C5%2C5%2C92%2C30/sign=7e4e7e870ed79123f4ed9c26cc5d32e7/d788d43f8794a4c2c9d0c9a40cf41bd5ac6e3949.jpg

https://gss3.bdstatic.com/-Po3dSag_xI4khGkpoWK1HF6hhy/baike/c0%3Dbaike80%2C5%2C5%2C80%2C26/sign=79073818a40f4bfb98dd960662261395/d439b6003af33a871255579dc65c10385343b579.jpg
https://gss0.bdstatic.com/94o3dSag_xI4khGkpoWK1HF6hhy/baike/c0%3Dbaike80%2C5%2C5%2C80%2C26/sign=b999d45b08fa513d45a7648c5c043e9e/9825bc315c6034a876c9f906cb13495409237609.jpg
https://gss2.bdstatic.com/9fo3dSag_xI4khGkpoWK1HF6hhy/baike/c0%3Dbaike80%2C5%2C5%2C80%2C26/sign=91907d5aab64034f1bc0ca54ceaa1254/3b87e950352ac65cca53d5f4fbf2b21192138ae7.jpg
https://gss1.bdstatic.com/-vo3dSag_xI4khGkpoWK1HF6hhy/baike/c0%3Dbaike80%2C5%2C5%2C80%2C26/sign=dbdd54034aed2e73e8e48e7ee668caee/a2cc7cd98d1001e9d4a6af88b80e7bec55e7979b.jpg

https://gss1.bdstatic.com/-vo3dSag_xI4khGkpoWK1HF6hhy/baike/c0%3Dbaike150%2C5%2C5%2C150%2C50/sign=12e1aef2ad345982d187edc06d9d5ac8/f2deb48f8c5494ee7523359f2df5e0fe99257e36.jpg
https://gss3.bdstatic.com/7Po3dSag_xI4khGkpoWK1HF6hhy/baike/c0%3Dbaike180%2C5%2C5%2C180%2C60/sign=3427f9926b600c33e474d69a7b253a6a/96dda144ad345982edf3df140cf431adcbef843e.jpg
https://gss0.bdstatic.com/94o3dSag_xI4khGkpoWK1HF6hhy/baike/c0%3Dbaike150%2C5%2C5%2C150%2C50/sign=0b27f9926b600c33e474d69a7b253a6a/a044ad345982b2b7b0e6034231adcbef76099b3e.jpg
https://gss3.bdstatic.com/7Po3dSag_xI4khGkpoWK1HF6hhy/baike/c0%3Dbaike150%2C5%2C5%2C150%2C50/sign=2a085634b2b7d0a26fc40ccfaa861d6c/8d5494eef01f3a29aac9ef489925bc315c607c36.jpg
https://gss0.bdstatic.com/94o3dSag_xI4khGkpoWK1HF6hhy/baike/c0%3Dbaike150%2C5%2C5%2C150%2C50/sign=f151a4ae972bd40756cadbaf1ae0f534/4b90f603738da977c167bcadb051f8198718e3e8.jpg
https://gss0.bdstatic.com/-4o3dSag_xI4khGkpoWK1HF6hhy/baike/c0%3Dbaike150%2C5%2C5%2C150%2C50/sign=4795f45bab64034f1bc0ca54ceaa1254/060828381f30e924b4f7a6b74c086e061c95f7e0.jpg
https://gss1.bdstatic.com/9vo3dSag_xI4khGkpoWK1HF6hhy/baike/c0%3Dbaike150%2C5%2C5%2C150%2C50/sign=526d989dd40735fa85fd46ebff3864d6/f703738da97739124a6ebfe7f8198618377ae2e8.jpg

https://gss2.bdstatic.com/-fo3dSag_xI4khGkpoWK1HF6hhy/baike/c0%3Dbaike150%2C5%2C5%2C150%2C50/sign=5789c25d828ba61ecbe3c07d205dfc6f/0ff41bd5ad6eddc4b766706c39dbb6fd536633a0.jpg
https://gss2.bdstatic.com/-fo3dSag_xI4khGkpoWK1HF6hhy/baike/c0%3Dbaike150%2C5%2C5%2C150%2C50/sign=f743514b08fa513d45a7648c5c043e9e/359b033b5bb5c9ea7302c774d539b6003bf3b3b0.jpg
https://gss0.bdstatic.com/-4o3dSag_xI4khGkpoWK1HF6hhy/baike/c0%3Dbaike150%2C5%2C5%2C150%2C50/sign=8ed34fae6b63f62408503151e62d809d/902397dda144ad34254e4310d0a20cf430ad85b0.jpg
https://gss2.bdstatic.com/-fo3dSag_xI4khGkpoWK1HF6hhy/baike/c0%3Dbaike150%2C5%2C5%2C150%2C50/sign=a2440828800a19d8df0e8c575293e9ee/d53f8794a4c27d1ebce06a5d1bd5ad6edcc43860.jpg
https://gss0.bdstatic.com/-4o3dSag_xI4khGkpoWK1HF6hhy/baike/c0%3Dbaike180%2C5%2C5%2C180%2C60/sign=f670c2b7a8d3fd1f2204aa6851274e7a/1ad5ad6eddc451daf5305d72b6fd5266d1163260.jpg

https://gss1.bdstatic.com/-vo3dSag_xI4khGkpoWK1HF6hhy/baike/c0%3Dbaike150%2C5%2C5%2C150%2C50/sign=32c2aed69e2f07084b082252884dd3fc/472309f790529822c71a855ad7ca7bcb0a46d47a.jpg
https://gss1.bdstatic.com/9vo3dSag_xI4khGkpoWK1HF6hhy/baike/c0%3Dbaike116%2C5%2C5%2C116%2C38/sign=90fab4c455fbb2fb202650402e234bc1/d62a6059252dd42ae120bd32033b5bb5c9eab87a.jpg
https://gss0.bdstatic.com/94o3dSag_xI4khGkpoWK1HF6hhy/baike/c0%3Dbaike116%2C5%2C5%2C116%2C38/sign=af1f608db899a9012f3853647cfc611e/b3fb43166d224f4a908bcf8a09f790529822d11d.jpg
https://gss3.bdstatic.com/7Po3dSag_xI4khGkpoWK1HF6hhy/baike/c0%3Dbaike116%2C5%2C5%2C116%2C38/sign=73cc04b901e93901420f856c1a853f82/f11f3a292df5e0fe963035985c6034a85edf727a.jpg
https://gss2.bdstatic.com/-fo3dSag_xI4khGkpoWK1HF6hhy/baike/c0%3Dbaike116%2C5%2C5%2C116%2C38/sign=dadc5e637bcb0a46912f836b0a0a9d41/3bf33a87e950352a107399915343fbf2b2118b1d.jpg
https://gss1.bdstatic.com/-vo3dSag_xI4khGkpoWK1HF6hhy/baike/c0%3Dbaike116%2C5%2C5%2C116%2C38/sign=c0054ff51038534398c28f73f27adb1b/00e93901213fb80e8ec3dd4e36d12f2eb938941d.jpg
https://gss2.bdstatic.com/-fo3dSag_xI4khGkpoWK1HF6hhy/baike/c0%3Dbaike116%2C5%2C5%2C116%2C38/sign=6dd21694f8dcd100d991f07313e22c75/5366d0160924ab18c13e5dae35fae6cd7b890b7a.jpg
https://gss1.bdstatic.com/-vo3dSag_xI4khGkpoWK1HF6hhy/baike/c0%3Dbaike116%2C5%2C5%2C116%2C38/sign=b0d1d87381cb39dbd5cd6f04b17f6241/faedab64034f78f09a23266a79310a55b3191c7a.jpg
https://gss3.bdstatic.com/7Po3dSag_xI4khGkpoWK1HF6hhy/baike/c0%3Dbaike116%2C5%2C5%2C116%2C38/sign=a626413cd143ad4bb2234e92e36b31ca/f703738da9773912cc0e39f8f8198618367ae27b.jpg
https://gss2.bdstatic.com/9fo3dSag_xI4khGkpoWK1HF6hhy/baike/c0%3Dbaike92%2C5%2C5%2C92%2C30/sign=46aae528800a19d8df0e8c575293e9ee/2f738bd4b31c87012b9e0e7f277f9e2f0708ff7b.jpg
https://gss1.bdstatic.com/-vo3dSag_xI4khGkpoWK1HF6hhy/baike/c0%3Dbaike116%2C5%2C5%2C116%2C38/sign=682f1c63d1c8a786aa27425c0660a258/d31b0ef41bd5ad6e90f4d87381cb39dbb6fd3c1d.jpg
https://gss2.bdstatic.com/9fo3dSag_xI4khGkpoWK1HF6hhy/baike/c0%3Dbaike116%2C5%2C5%2C116%2C38/sign=240dbfd3dab44aed4d43b6b6d275ec64/10dfa9ec8a136327c0c57eaa918fa0ec08fac77b.jpg
https://gss2.bdstatic.com/9fo3dSag_xI4khGkpoWK1HF6hhy/baike/c0%3Dbaike116%2C5%2C5%2C116%2C38/sign=9e331becd688d43fe4a499a01c77b97e/43a7d933c895d143cf7b58ba73f082025aaf071d.jpg

https://gss3.bdstatic.com/-Po3dSag_xI4khGkpoWK1HF6hhy/baike/c0%3Dbaike92%2C5%2C5%2C92%2C30/sign=242b8043ac345982d187edc06d9d5ac8/7c1ed21b0ef41bd51e98fcc350da81cb39db3d39.jpg
https://gss2.bdstatic.com/9fo3dSag_xI4khGkpoWK1HF6hhy/baike/c0%3Dbaike92%2C5%2C5%2C92%2C30/sign=5c4278e93c6d55fbd1cb7e740c4b242f/9825bc315c6034a8240aacb6ca13495409237618.jpg
https://gss2.bdstatic.com/-fo3dSag_xI4khGkpoWK1HF6hhy/baike/c0%3Dbaike92%2C5%2C5%2C92%2C30/sign=4be0dcfdae51f3ded7bfb136f5879b7a/024f78f0f736afc3afc72b52b219ebc4b7451239.jpg
https://gss2.bdstatic.com/-fo3dSag_xI4khGkpoWK1HF6hhy/baike/c0%3Dbaike92%2C5%2C5%2C92%2C30/sign=c560e8ed14ce36d3b6098b625b9a51e2/6609c93d70cf3bc701e8d9dbd000baa1cd112a18.jpg
https://gss1.bdstatic.com/-vo3dSag_xI4khGkpoWK1HF6hhy/baike/c0%3Dbaike92%2C5%2C5%2C92%2C30/sign=49c8903232fa828bc52e95b19c762a51/a08b87d6277f9e2ff2fe093f1e30e924b899f33a.jpg
https://gss0.bdstatic.com/94o3dSag_xI4khGkpoWK1HF6hhy/baike/c0%3Dbaike92%2C5%2C5%2C92%2C30/sign=68772df330adcbef15397654cdc645b8/dcc451da81cb39db0e287361d1160924ab183018.jpg
https://gss1.bdstatic.com/-vo3dSag_xI4khGkpoWK1HF6hhy/baike/c0%3Dbaike92%2C5%2C5%2C92%2C30/sign=c0e6538c4610b912abccfeaca2949766/63d0f703918fa0ec050d703a279759ee3d6ddb3a.jpg
https://gss3.bdstatic.com/-Po3dSag_xI4khGkpoWK1HF6hhy/baike/c0%3Dbaike92%2C5%2C5%2C92%2C30/sign=a51386e8cf1b9d169eca923392b7dfea/4afbfbedab64034fab25d631aec379310a551d18.jpg
https://gss3.bdstatic.com/-Po3dSag_xI4khGkpoWK1HF6hhy/baike/c0%3Dbaike92%2C5%2C5%2C92%2C30/sign=cd3a5a8e9f510fb36c147fc5b85aa3f0/8644ebf81a4c510ff20ef62d6159252dd42aa53a.jpg
https://gss2.bdstatic.com/9fo3dSag_xI4khGkpoWK1HF6hhy/baike/c0%3Dbaike92%2C5%2C5%2C92%2C30/sign=9e54a10d18d8bc3ed2050e98e3e2cd7b/8ad4b31c8701a18b750306789f2f07082838fe19.jpg
https://gss3.bdstatic.com/7Po3dSag_xI4khGkpoWK1HF6hhy/baike/c0%3Dbaike92%2C5%2C5%2C92%2C30/sign=dacab4cdd0c8a786aa27425c0660a258/4d086e061d950a7bfddd5af30bd162d9f2d3c919.jpg
https://gss3.bdstatic.com/-Po3dSag_xI4khGkpoWK1HF6hhy/baike/c0%3Dbaike92%2C5%2C5%2C92%2C30/sign=abeea71f377adab429dd1311eabdd879/30adcbef76094b36ff580fdaa2cc7cd98d109d3a.jpg
https://gss3.bdstatic.com/-Po3dSag_xI4khGkpoWK1HF6hhy/baike/c0%3Dbaike92%2C5%2C5%2C92%2C30/sign=8ad3999ea8014c080d3620f76b12696d/2e2eb9389b504fc2b695a432e4dde71190ef6d3a.jpg

https://gss3.bdstatic.com/7Po3dSag_xI4khGkpoWK1HF6hhy/baike/c0%3Dbaike92%2C5%2C5%2C92%2C30/sign=8cceb62cd50735fa85fd46ebff3864d6/6a63f6246b600c33a092caff1b4c510fd9f9a119.jpg
https://gss1.bdstatic.com/-vo3dSag_xI4khGkpoWK1HF6hhy/baike/c0%3Dbaike92%2C5%2C5%2C92%2C30/sign=82f4b088a1ec08fa320d1bf538875608/95eef01f3a292df59509b822bd315c6034a8733a.jpg
https://gss3.bdstatic.com/7Po3dSag_xI4khGkpoWK1HF6hhy/baike/c0%3Dbaike92%2C5%2C5%2C92%2C30/sign=c8e08ec478310a55d029d6a6d62c28cc/e850352ac65c10386c95daf5b3119313b07e8919.jpg
https://gss3.bdstatic.com/-Po3dSag_xI4khGkpoWK1HF6hhy/baike/c0%3Dbaike92%2C5%2C5%2C92%2C30/sign=780f3b4b500fd9f9b41a5d3b4444bf4f/a9d3fd1f4134970aa3b9041894cad1c8a7865d3a.jpg
https://gss2.bdstatic.com/-fo3dSag_xI4khGkpoWK1HF6hhy/baike/c0%3Dbaike92%2C5%2C5%2C92%2C30/sign=4fa7142dc75c10383073c690d378f876/cc11728b4710b9126e0be2c9c2fdfc039245223a.jpg
https://gss1.bdstatic.com/-vo3dSag_xI4khGkpoWK1HF6hhy/baike/c0%3Dbaike92%2C5%2C5%2C92%2C30/sign=18c37885b3b7d0a26fc40ccfaa861d6c/0ff41bd5ad6eddc4e42da0cc38dbb6fd5266333a.jpg
https://gss1.bdstatic.com/-vo3dSag_xI4khGkpoWK1HF6hhy/baike/c0%3Dbaike92%2C5%2C5%2C92%2C30/sign=82d5b088a1ec08fa320d1bf538875608/95eef01f3a292df59528b822bd315c6034a87319.jpg
https://gss1.bdstatic.com/-vo3dSag_xI4khGkpoWK1HF6hhy/baike/c0%3Dbaike92%2C5%2C5%2C92%2C30/sign=8235f4658435e5dd8421ad8d17afcc8a/ac4bd11373f08202975885084afbfbedab641b3a.jpg
https://gss3.bdstatic.com/-Po3dSag_xI4khGkpoWK1HF6hhy/baike/c0%3Dbaike92%2C5%2C5%2C92%2C30/sign=57a3b5e9f11f3a294ec5dd9cf84cd754/0b55b319ebc4b745985ea321cefc1e178a82153a.jpg

https://gss1.bdstatic.com/-vo3dSag_xI4khGkpoWK1HF6hhy/baike/c0%3Dbaike116%2C5%2C5%2C116%2C38/sign=f25532d68535e5dd8421ad8d17afcc8a/0823dd54564e92586c9e546a9c82d158cdbf4e88.jpg
https://gss0.bdstatic.com/94o3dSag_xI4khGkpoWK1HF6hhy/baike/c0%3Dbaike116%2C5%2C5%2C116%2C38/sign=254a00a590ef76c6c4dff379fc7f969f/9358d109b3de9c8211cf2b0b6c81800a18d84388.jpg
https://gss0.bdstatic.com/94o3dSag_xI4khGkpoWK1HF6hhy/baike/c0%3Dbaike116%2C5%2C5%2C116%2C38/sign=85b0d167d539b60059c307e588395e4f/77094b36acaf2edd33b29b6d8d1001e9380193f7.jpg
https://gss2.bdstatic.com/9fo3dSag_xI4khGkpoWK1HF6hhy/baike/c0%3Dbaike116%2C5%2C5%2C116%2C38/sign=474751b43af33a878a600848a7357b5d/adaf2edda3cc7cd91f6ee65d3901213fb90e91f7.jpg
https://gss2.bdstatic.com/9fo3dSag_xI4khGkpoWK1HF6hhy/baike/c0%3Dbaike116%2C5%2C5%2C116%2C38/sign=7e186be094eef01f591910978197f240/b03533fa828ba61e62441aab4134970a314e5988.jpg
https://gss2.bdstatic.com/-fo3dSag_xI4khGkpoWK1HF6hhy/baike/c0%3Dbaike116%2C5%2C5%2C116%2C38/sign=f4beca41e0fe9925df01610255c135ba/a9d3fd1f4134970afed9c2ab95cad1c8a6865d88.jpg
