
https://upload.wikimedia.org/wikipedia/commons/thumb/3/36/Chinese_Rose.JPG/300px-Chinese_Rose.JPG	https://zh.wikipedia.org/wiki/%E6%9C%88%E5%AD%A3
http://a1.att.hudong.com/16/66/01300000178518123970666263060_s.jpg	http://www.baike.com/wiki/%E6%9C%88%E5%AD%A3
http://pic1a.nipic.com/2009-02-16/200921674134438_2.jpg	http://bulo.hujiang.com/menu/13758/item/719661/
http://a3.att.hudong.com/81/81/01300000291746124532810074647_s.jpg	http://www.baike.com/wiki/%E6%9C%88%E5%AD%A3
http://pic4.nipic.com/20090813/3101573_212731019_2.jpg	http://www.nipic.com/show/1/44/ac852d080db0ba08.html
http://www.twword.com/uploads/wiki/02/ef/648124_8.jpg	http://www.twword.com/wiki/%E6%9C%88%E5%AD%A3%E8%8A%B1
http://a0.att.hudong.com/00/25/19300000913120129817250830261.jpg	http://nanyang.baike.com/article-8055.html
http://www.wdptj.com/wp-content/uploads/2014/09/%E6%9C%88%E5%AD%A3%E8%8A%B1.jpg	http://www.wdptj.com/4225.html
http://www.zcyzcy.com/pic/20120905210121780.jpg	http://www.zcyzcy.com/zhongyao/huoxue/269.html
http://www.tcm100.com/Images_ZhongYaoXue/Yuejihua-YuanTai.jpg	http://www.tcm100.com/userReg/JiaoCai/ZhongYaoXue/zzZhongYao283.htm
http://a3.att.hudong.com/34/65/01300000178518123970659114667_s.jpg	http://www.baike.com/wiki/%E6%9C%88%E5%AD%A3
http://image.xizi.com/attachments/month_0801/20080128_b2e22ed4d3096589f0c1RjDEjl8LYKG7.jpg	http://blog.sina.com.cn/s/blog_a06afb0a0101gesd.html
http://www.wdptj.com/wp-content/uploads/2014/07/%E6%9C%88%E5%AD%A3%E8%8A%B13.jpg	http://www.wdptj.com/yueji/
http://img.258weishi.com/shangpu/20140726/956842a6780f6007d4dd6f8271d8563e.jpg	http://www.guizhuyuanyi.com/Product-detail-id-40643.html
https://upload.wikimedia.org/wikipedia/commons/thumb/2/2a/Rosa_chinensis.jpg/270px-Rosa_chinensis.jpg	https://zh-yue.wikipedia.org/wiki/%E6%9C%88%E5%AD%A3
https://cbu01.alicdn.com/img/ibank/2012/878/434/557434878_733697158.jpg	https://detail.1688.com/offer/1156644973.html
http://www.yuhuagu.com/uploads/allimg/120220/0102205247-0.jpg	http://www.yuhuagu.com/yueji/
http://www.wdptj.com/wp-content/uploads/2015/07/%E5%88%87%E8%8A%B1%E6%9C%88%E5%AD%A3%E5%93%81%E7%A7%8D%E5%A4%A7%E5%85%A85.jpg	http://www.wdptj.com/yuejihua/
http://www.ailianshuo.net/uploads/allimg/140308/123F11324-0.jpg	http://www.ailianshuo.net/Special/yuejihua/
http://www.wdptj.com/wp-content/uploads/2015/07/%E5%88%87%E8%8A%B1%E6%9C%88%E5%AD%A3%E5%93%81%E7%A7%8D%E5%A4%A7%E5%85%A81.jpg	http://www.wdptj.com/yuejihua/
https://img.imynest.com/uploads/5/70/570AB6AF03.jpeg	https://www.imynest.com/content/22142.html
http://www.lnjn.gov.cn/special/syh/yuanlinyuanyi/lishiwenhua/images/200642425309.jpg	http://blog.sina.com.cn/s/blog_7ade84430101l3bo.html
http://www.china5080.com/activity/3/2011_4_24_1_39_44_588.jpg	http://www.china5080.com/sheyingtwo/view/weipinxu/3156.html
http://pic3.nipic.com/20090605/1794357_161555022_2.jpg	http://www.nipic.com/show/1/44/a2693504ac83408c.html
http://pic3.nipic.com/20090527/2231016_154535009_2.jpg	http://www.nipic.com/zhuanti/451727.html
http://pic4.nipic.com/20090728/2397316_083537077_2.jpg	http://www.nipic.com/show/1/44/3b2d4f4ad7fac66e.html
http://s1.sinaimg.cn/bmiddle/4e04e42cg7668d19c36a0&690	http://blog.sina.com.cn/s/blog_4e04e42c0100flum.html
http://www.twword.com/uploads/wiki/02/ef/648124_0.jpg	http://www.twword.com/wiki/%E6%9C%88%E5%AD%A3%E8%8A%B1
http://img1.szhk.com/Image/2017/05/03/201705031344304983.jpg	http://sz.szhk.com/2017/05/03/282968235124229.html
https://img.imynest.com/uploads/A/62/A6273D5B78.jpeg	https://www.imynest.com/content/22122.html
http://tyjh-wl-img.b0.upaiyun.com/upload/image/132/20151119/20151119135046_8875887.jpg	http://www.guojiyueji.com/product/list?category_id=1927
http://a2.att.hudong.com/16/16/20300001128119142012168569167_s.jpg	http://www.baike.com/wiki/%E6%9C%88%E5%AD%A3%E8%8A%B1
http://image.sciencenet.cn/album/201305/25/233654jan3jfsfjdeujkqd.jpg	http://wap.sciencenet.cn/blogview.aspx?id=693473
http://img0.pchouse.com.cn/pchouse/1109/22/130857_1.jpg	http://www.pchouse.com.cn/baike/shenghuo/610/
http://wap.yunmencraft.com/Upload/20150731020302ZuHy.jpg	http://wap.yunmencraft.com/index.php/yuejihua/163.html
http://www.china5080.com/activity/3/2011_4_24_1_37_9_111.jpg	http://www.china5080.com/sheyingtwo/view/weipinxu/3156.html
https://gss3.bdstatic.com/-Po3dSag_xI4khGkpoWK1HF6hhy/baike/c0%3Dbaike60%2C5%2C5%2C60%2C20/sign=c230a47acf11728b24208470a995a8ab/09fa513d269759ee2e5d4b20b0fb43166c22dfcf.jpg	https://baike.baidu.com/item/%E6%9C%88%E5%AD%A3/32865
https://gss2.bdstatic.com/-fo3dSag_xI4khGkpoWK1HF6hhy/baike/c0%3Dbaike60%2C5%2C5%2C60%2C20/sign=6a51ce83cebf6c81e33a24badd57da50/a08b87d6277f9e2ff1db37e31d30e924b999f36b.jpg	https://baike.baidu.com/item/%E6%9C%88%E5%AD%A3/32865
http://a2.att.hudong.com/24/07/01300542683368140714078403845_s.jpg	http://www.baike.com/wiki/%E6%9C%88%E5%AD%A3%E8%8A%B1
https://i2.kknews.cc/large/ba30002ca23fc161de1	https://kknews.cc/home/3xqbx3.html
http://www.hbyoo.com/uploadfile/image/20150815/1439631092664198.jpg	http://www.hanshui.wang/archiver/?tid-57982.html
http://plant.cqla.cn/11/Q15B_5130007.JPG	http://plant.cqla.cn/11/11.htm
http://a4.att.hudong.com/64/08/19300001382667132402083801406.jpg	http://yanghua.baike.com/article-119283.html
https://gss0.bdstatic.com/-4o3dSag_xI4khGkpoWK1HF6hhy/baike/c0%3Dbaike60%2C5%2C5%2C60%2C20/sign=4c986a1da5efce1bfe26c098ce3898bb/f636afc379310a556f6ef71fb54543a983261096.jpg	https://baike.baidu.com/item/%E6%9C%88%E5%AD%A3/32865
http://pic.baike.soso.com/ugc/baikepic2/12174/cut-20160808162318-607527667.jpg/0	http://baike.soso.com/ShowTitle.e?sp=S%E6%9C%88%E5%AD%A3%E8%8A%B1
http://a2.att.hudong.com/16/38/01300000660677127064389538678_s.jpg	http://www.baike.com/wiki/%E6%9C%88%E5%AD%A3
http://www.wdptj.com/wp-content/uploads/2015/07/%E6%9C%88%E5%AD%A3%E8%8A%B1%E8%AF%AD%E5%A4%A7%E5%85%A81.jpg	http://www.wdptj.com/12107.html
http://a4.att.hudong.com/65/87/20300309316150149500874029900_s.jpg	http://www.baike.com/wiki/%E6%9C%88%E5%AD%A3
http://www.huacaoshumu.net/attached/tupian/Y2/20130514-0.jpg	http://www.huacaoshumu.net/zhiwu/yueji.php
http://1864.img.pp.sohu.com.cn/images/2013/5/23/20/23/u86036704_13f9a146028g2_b.jpg	http://luoyj1951.blog.sohu.com/264971434.html
http://www.yuhuagu.com/uploads/allimg/110903/1_110903062507_1.jpg	http://www.yuhuagu.com/yueji/
http://a3.att.hudong.com/83/85/01300000174719121489859438574.jpg	http://www.baike.com/wiki/%E9%A6%99%E6%B0%B4%E6%9C%88%E5%AD%A3
http://www.tcm100.com/Images_ZhongYaoXue/Yuejihua-YaoCai.jpg	http://www.tcm100.com/userReg/JiaoCai/ZhongYaoXue/zzZhongYao283.htm
http://www.chinabaike.com/article/UploadPic/2007-3/200734172647456.jpg	http://www.chinabaike.com/article/316/331/2007/2007030491231.html
http://pic4.nipic.com/20090803/3058527_145440013_2.jpg	http://www.nipic.com/show/1/47/f78fa76d6a2abe0a.html
http://a4.att.hudong.com/25/34/01300000660677127064346632172_s.jpg	http://www.baike.com/wiki/%E6%9C%88%E5%AD%A3
http://a0.att.hudong.com/67/87/01300000174719121489873048171.jpg	http://www.baike.com/wiki/%E9%A6%99%E6%B0%B4%E6%9C%88%E5%AD%A3
http://www.twword.com/uploads/wiki/02/ef/648124_6.jpg	http://www.twword.com/wiki/%E6%9C%88%E5%AD%A3%E8%8A%B1
http://www.baihuamen.com/d/file/2014/03-19/fdfbcccd76267607ee270ad3f3b1e102.jpg	http://www.baihuamen.com/yueji/
http://www.wdptj.com/wp-content/uploads/2015/07/%E7%8E%AB%E7%91%B0%E5%92%8C%E6%9C%88%E5%AD%A3%E7%9A%84%E5%8C%BA%E5%88%AB%E5%9B%BE%E7%89%871.jpg	http://www.wdptj.com/12106.html
http://www.qzslthh.com/uploads/allimg/170224/1-1F224100030528.jpg	http://www.qzslthh.com/chanpinzhongxin/yuejixilie/23.html
http://img0.pchouse.com.cn/pchouse/1109/22/130869_4.jpg	http://www.pchouse.com.cn/baike/shenghuo/610/
http://pic12.nipic.com/20110217/3041834_145310990924_2.jpg	http://www.nipic.com/show/4/83/4251549kd8b0ae62.html
http://a3.att.hudong.com/14/44/01300000237659122610448725734_s.jpg	http://www.baike.com/wiki/%E8%97%A4%E6%9C%AC%E6%9C%88%E5%AD%A3
http://pic9.nipic.com/20100816/5253481_102241093548_2.jpg	http://www.nipic.com/zhuanti/750743.html
http://www.wed114.cn/jiehun/uploads/allimg/140401/41_140401172503_1.jpg	http://www.wed114.cn/jiehun/zhiwu/20140317120060_2.html
https://gw.alicdn.com/bao/uploaded/i3/336358376/TB2Rzq4cHVkpuFjSspcXXbSMVXa_!!336358376.jpg_230x230.jpg	https://www.taobao.com/oshtml/buy-cn/cp_0ceyrsCturHUwry-.html
http://www.nyjynykj.com/upimg/product/month_1412/201412011145341440.jpg	http://www.nyjynykj.com/list/?126_1.html
https://i2.kknews.cc/large/167f000674cb11ccf377	https://kknews.cc/agriculture/39243og.html
http://www.wdptj.com/wp-content/uploads/2015/04/%E6%9C%88%E5%AD%A3%E8%8A%B1%E6%80%8E%E4%B9%88%E5%85%BB6.jpg	http://www.wdptj.com/yuejihua/
http://pic3.nipic.com/20090603/2159065_201148071_2.jpg	http://www.nipic.com/show/1/47/e109e8d5a0e77dd4.html
http://pic2.nipic.com/20090504/2593437_205329071_2.jpg	http://www.nipic.com/show/1/44/dde29f58177c1fae.html
http://pic25.nipic.com/20121201/7489524_103423522000_2.jpg	http://www.nipic.com/show/1/44/7212720kf8c7d73f.html
http://www.ailianshuo.net/uploads/allimg/140308/1234092J2-0.jpg	http://www.ailianshuo.net/Special/yuejihua/
http://www.zhang007.com//upload/images/20140105_131334.jpg	http://www.zhang007.com/product/showproduct179.htm
http://a2.att.hudong.com/67/64/16300000722009126469649710748.jpg	http://smt.114chn.com/Webpub/130800/110608000008/ConPD110608000099.shtml
http://pic.nipic.com/2008-05-09/200859181317779_2.jpg	http://www.nipic.com/show/4/79/6bcd9e97a7b9a604.html
https://www.huabaike.com/uploads/allimg/sltimg/201607/577f3608e4e34.jpg	https://www.huabaike.com/jtyh/4590.html
http://pic1.nipic.com/2008-11-14/2008111422291626_2.jpg	http://www.nipic.com/zhuanti/304114.html
http://www.lnjn.gov.cn/special/syh/yuanlinyuanyi/lishiwenhua/images/200642411570.jpg	http://blog.sina.com.cn/s/blog_7ade84430101l3bo.html
http://travel.people.com.cn/NMediaFile/2016/0427/MAIN201604270818000110525309890.jpg	http://travel.people.com.cn/n1/2016/0427/c41570-28307310.html
https://www.huabaike.com/uploads/allimg/sltimg/201511/5646fadf04c98.jpg	https://www.huabaike.com/syjq/2631.html
http://pic4.nipic.com/20090903/3308315_194831042963_2.jpg	http://www.nipic.com/show/1/65/c1b46764d9dbeae8.html
http://pic3.nipic.com/20090630/2159065_184121003_2.jpg	http://www.nipic.com/show/1/47/dca89da9b3ef690d.html
https://i2.kknews.cc/large/7da0006efc30520992e	https://kknews.cc/zh-sg/home/v55ay.html
http://www.wed114.cn/jiehun/uploads/allimg/160802/55_160802133521_1.jpg	http://www.wed114.cn/jiehun/zhiwu/20160802151295.html
http://www.twword.com/uploads/wiki/02/ef/648124_7.jpg	http://www.twword.com/wiki/%E6%9C%88%E5%AD%A3%E8%8A%B1
http://www.twwiki.com/uploads/wiki/02/ef/648124_1.jpg	http://www.twwiki.com/wiki/%E6%9C%88%E5%AD%A3%E8%8A%B1
http://www.nyjynykj.com/upimg/product/month_1412/201412011151292814.jpg	http://www.nyjynykj.com/list/?127_1.html
http://1843.img.pp.sohu.com.cn/images/blog/2009/6/1/16/1/12247185ad3g214.jpg	http://www.360doc.com/content/13/0513/13/8546499_285104085.shtml
http://pic2.nipic.com/20090504/2112521_204341008_2.jpg	http://www.nipic.com/show/1/44/69b4a98206902e70.html
http://img.itc.cn/photo/o52hI1dBcVc	http://dahuorenshuo.blog.sohu.com/264318724.html
http://www.nyxfyjy.com/data/images/product/20160929082852_604.jpg	http://www.nyxfyjy.com/product/fhyjf3a/
http://b2b.image.yuanlin.com/Biz/2009-9/20099241619289015.jpg	http://hzymyy.yuanlin.com/sell-m81414.html
http://pic7.nipic.com/20100531/4967655_151343011291_2.jpg	http://www.nipic.com/show/1/44/fa8e2ae9ebde9c63.html
http://www.wed114.cn/jiehun/uploads/allimg/170511/52_170511152659_3.jpg	http://m.zx.wed114.cn/zhiwu/20170511182775.html
http://pic5.nipic.com/20100126/2213147_185101398746_2.jpg	http://www.nipic.com/show/4/79/a8fec0a7cefa44b6.html
http://a1.att.hudong.com/64/21/01300000660677127064212426258_s.jpg	http://www.baike.com/wiki/%E6%9C%88%E5%AD%A3
http://pic2.nipic.com/20090331/958509_133743025_2.jpg	http://www.nipic.com/show/1611908.html
http://www.wdptj.com/wp-content/uploads/2015/07/%E6%9C%88%E5%AD%A3%E8%8A%B1%E8%AF%AD%E5%A4%A7%E5%85%A84.jpg	http://www.wdptj.com/yuejihua/
