
https://gss1.bdstatic.com/9vo3dSag_xI4khGkpoWK1HF6hhy/baike/c0%3Dbaike80%2C5%2C5%2C80%2C26/sign=1117573aef24b899ca31716a0f6f76f0/9a504fc2d5628535dcf2af1b96ef76c6a7ef63fd.jpg
https://gss1.bdstatic.com/-vo3dSag_xI4khGkpoWK1HF6hhy/baike/crop%3D20%2C0%2C658%2C433%3Bc0%3Dbaike80%2C5%2C5%2C80%2C26/sign=ae29e67fa364034f1b82984692f1491d/a8773912b31bb0511dcb9b8a3e7adab44bede0a1.jpg
https://gss1.bdstatic.com/9vo3dSag_xI4khGkpoWK1HF6hhy/baike/c0%3Dbaike116%2C5%2C5%2C116%2C38/sign=72ee8fe013ce36d3b6098b625b9a51e2/30adcbef76094b3685f468d7a5cc7cd98d109da1.jpg

https://gss0.bdstatic.com/-4o3dSag_xI4khGkpoWK1HF6hhy/baike/c0%3Dbaike80%2C5%2C5%2C80%2C26/sign=49b39ab83af33a878a600848a7357b5d/cc11728b4710b9125476ef76c3fdfc0393452286.jpg
https://gss2.bdstatic.com/9fo3dSag_xI4khGkpoWK1HF6hhy/baike/c0%3Dbaike92%2C5%2C5%2C92%2C30/sign=f688befdd688d43fe4a499a01c77b97e/58ee3d6d55fbb2fb499d419a4f4a20a44723dc87.jpg
https://gss1.bdstatic.com/-vo3dSag_xI4khGkpoWK1HF6hhy/baike/c0%3Dbaike92%2C5%2C5%2C92%2C30/sign=32a33d67a9ec8a1300175fb2966afaea/9c16fdfaaf51f3ded100a0ec94eef01f3b297983.jpg
https://gss3.bdstatic.com/-Po3dSag_xI4khGkpoWK1HF6hhy/baike/c0%3Dbaike92%2C5%2C5%2C92%2C30/sign=7d1ff60c4aed2e73e8e48e7ee668caee/77094b36acaf2edde8a950618d1001e9380193d9.jpg
https://gss1.bdstatic.com/-vo3dSag_xI4khGkpoWK1HF6hhy/baike/c0%3Dbaike92%2C5%2C5%2C92%2C30/sign=5a4f4ce1252dd42a4b0409f9625230d0/314e251f95cad1c82ae3e5af7f3e6709c83d51d9.jpg
https://gss2.bdstatic.com/9fo3dSag_xI4khGkpoWK1HF6hhy/baike/c0%3Dbaike92%2C5%2C5%2C92%2C30/sign=90dc7db7d9f9d72a0369184fb5434351/fc1f4134970a304eaf8fb972d1c8a786c8175c8c.jpg

https://gss0.bdstatic.com/94o3dSag_xI4khGkpoWK1HF6hhy/baike/c0%3Dbaike80%2C5%2C5%2C80%2C26/sign=a7d1a8087acf3bc7fc0dc5beb069d1c4/10dfa9ec8a136327a20896369b8fa0ec09fac7ca.jpg
https://gss1.bdstatic.com/9vo3dSag_xI4khGkpoWK1HF6hhy/baike/c0%3Dbaike80%2C5%2C5%2C80%2C26/sign=0527e5a1aec27d1eb12b33967abcc60b/21a4462309f79052493a103b06f3d7ca7bcbd58a.jpg
https://gss0.bdstatic.com/94o3dSag_xI4khGkpoWK1HF6hhy/baike/c0%3Dbaike80%2C5%2C5%2C80%2C26/sign=e93cc92d9d2bd40756cadbaf1ae0f534/0d338744ebf81a4cb117bbccdd2a6059252da68a.jpg
https://gss1.bdstatic.com/9vo3dSag_xI4khGkpoWK1HF6hhy/baike/c0%3Dbaike80%2C5%2C5%2C80%2C26/sign=5be84c4681d4b31ce4319ce9e6bf4c1a/8c1001e93901213fa90b19d95ee736d12f2e95fe.jpg
https://gss0.bdstatic.com/-4o3dSag_xI4khGkpoWK1HF6hhy/baike/c0%3Dbaike80%2C5%2C5%2C80%2C26/sign=71c3b51f2234349b600b66d7a8837eab/7e3e6709c93d70cf6f29fe08f2dcd100bba12be7.jpg

https://gss2.bdstatic.com/-fo3dSag_xI4khGkpoWK1HF6hhy/baike/c0%3Dbaike92%2C5%2C5%2C92%2C30/sign=e56794a3034f78f0940692a118586130/d439b6003af33a87f7da0aedc65c10385243b595.jpg
https://gss1.bdstatic.com/9vo3dSag_xI4khGkpoWK1HF6hhy/baike/c0%3Dbaike92%2C5%2C5%2C92%2C30/sign=6a23bde1cffc1e17e9b284632bf99d66/9213b07eca806538255daee497dda144ac348295.jpg
https://gss2.bdstatic.com/9fo3dSag_xI4khGkpoWK1HF6hhy/baike/c0%3Dbaike92%2C5%2C5%2C92%2C30/sign=9bfd06d5b31bb0519b29bb7a5713b1d1/5882b2b7d0a20cf40327f42876094b36adaf9995.jpg
https://gss3.bdstatic.com/-Po3dSag_xI4khGkpoWK1HF6hhy/baike/c0%3Dbaike92%2C5%2C5%2C92%2C30/sign=15f9b413b31c8701c2bbbab44616f54a/2fdda3cc7cd98d103a6306c6213fb80e7aec9095.jpg
https://gss1.bdstatic.com/-vo3dSag_xI4khGkpoWK1HF6hhy/baike/c0%3Dbaike116%2C5%2C5%2C116%2C38/sign=e0be6645b2b7d0a26fc40ccfaa861d6c/e61190ef76c6a7ef8391a2d1fdfaaf51f2de6695.jpg
https://gss3.bdstatic.com/-Po3dSag_xI4khGkpoWK1HF6hhy/baike/c0%3Dbaike92%2C5%2C5%2C92%2C30/sign=142559d5afec8a1300175fb2966afaea/9c16fdfaaf51f3def786c45e92eef01f3a2979d7.jpg
https://gss1.bdstatic.com/-vo3dSag_xI4khGkpoWK1HF6hhy/baike/c0%3Dbaike92%2C5%2C5%2C92%2C30/sign=6d9d1b49fdf2b211f0238d1cabe90e5d/b812c8fcc3cec3fd81a6da4fd088d43f8794276b.jpg
https://gss2.bdstatic.com/-fo3dSag_xI4khGkpoWK1HF6hhy/baike/c0%3Dbaike92%2C5%2C5%2C92%2C30/sign=2acc72f0e0cd7b89fd6132d16e4d29c2/6a600c338744ebf8e4871605dff9d72a6059a712.jpg
https://gss2.bdstatic.com/-fo3dSag_xI4khGkpoWK1HF6hhy/baike/c0%3Dbaike92%2C5%2C5%2C92%2C30/sign=b124f1329d504fc2b652b85784b48c74/d833c895d143ad4b4f193bfa84025aafa40f06d0.jpg
https://gss1.bdstatic.com/9vo3dSag_xI4khGkpoWK1HF6hhy/baike/c0%3Dbaike92%2C5%2C5%2C92%2C30/sign=2c243a814110b912abccfeaca2949766/63d0f703918fa0ece9cf1937209759ee3d6ddb84.jpg
