
https://gss2.bdstatic.com/-fo3dSag_xI4khGkpoWK1HF6hhy/baike/c0%3Dbaike92%2C5%2C5%2C92%2C30/sign=dd0e177536d12f2eda08a6322eabbe07/0eb30f2442a7d9336e7792d1ad4bd11372f001b0.jpg
https://gss3.bdstatic.com/7Po3dSag_xI4khGkpoWK1HF6hhy/baike/c0%3Dbaike150%2C5%2C5%2C150%2C50/sign=7e76a1d3d343ad4bb2234e92e36b31ca/4bed2e738bd4b31c2044c8cd85d6277f9e2ff848.jpg

https://gss1.bdstatic.com/-vo3dSag_xI4khGkpoWK1HF6hhy/baike/c0%3Dbaike92%2C5%2C5%2C92%2C30/sign=de7ba98ca71ea8d39e2f7c56f6635b2b/267f9e2f07082838f2b1c223b999a9014c08f14d.jpg
https://gss3.bdstatic.com/-Po3dSag_xI4khGkpoWK1HF6hhy/baike/c0%3Dbaike80%2C5%2C5%2C80%2C26/sign=ea43f653574e9258b2398ebcfdebba3d/8718367adab44aedcd13a0d3b21c8701a18bfbac.jpg
https://gss3.bdstatic.com/-Po3dSag_xI4khGkpoWK1HF6hhy/baike/c0%3Dbaike80%2C5%2C5%2C80%2C26/sign=557e83d4fc1f4134f43a0d2c4476feaf/b999a9014c086e06eef5217c03087bf40ad1cbac.jpg

https://gss3.bdstatic.com/-Po3dSag_xI4khGkpoWK1HF6hhy/baike/c0%3Dbaike150%2C5%2C5%2C150%2C50/sign=ffa8f335800a19d8df0e8c575293e9ee/d53f8794a4c27d1ee10c91401bd5ad6eddc4380f.jpg
https://gss3.bdstatic.com/7Po3dSag_xI4khGkpoWK1HF6hhy/baike/c0%3Dbaike150%2C5%2C5%2C150%2C50/sign=8b3a2e8133fa828bc52e95b19c762a51/d31b0ef41bd5ad6eeac0ce6e81cb39dbb6fd3c7c.jpg
https://gss0.bdstatic.com/94o3dSag_xI4khGkpoWK1HF6hhy/baike/c0%3Dbaike150%2C5%2C5%2C150%2C50/sign=8931ac4e828ba61ecbe3c07d205dfc6f/0ff41bd5ad6eddc469de1e7f39dbb6fd5266337c.jpg
https://gss1.bdstatic.com/9vo3dSag_xI4khGkpoWK1HF6hhy/baike/c0%3Dbaike150%2C5%2C5%2C150%2C50/sign=0afe1d3fa61ea8d39e2f7c56f6635b2b/1ad5ad6eddc451dab8cfa66fb6fd5266d016327c.jpg
https://gss0.bdstatic.com/-4o3dSag_xI4khGkpoWK1HF6hhy/baike/c0%3Dbaike150%2C5%2C5%2C150%2C50/sign=58961fbe19d8bc3ed2050e98e3e2cd7b/8694a4c27d1ed21b3ae38461ad6eddc451da3f0f.jpg

https://gss2.bdstatic.com/-fo3dSag_xI4khGkpoWK1HF6hhy/baike/c0%3Dbaike80%2C5%2C5%2C80%2C26/sign=b98d12bc9d16fdfacc61cebcd5e6e731/f636afc379310a55ad7b3763b74543a9832610cd.jpg
https://gss2.bdstatic.com/-fo3dSag_xI4khGkpoWK1HF6hhy/baike/c0%3Dbaike150%2C5%2C5%2C150%2C50/sign=c34d633d00087bf469e15fbb93ba3c49/6a63f6246b600c33599c82be184c510fd8f9a1db.jpg

https://gss0.bdstatic.com/-4o3dSag_xI4khGkpoWK1HF6hhy/baike/c0%3Dbaike92%2C5%2C5%2C92%2C30/sign=15a6801f962bd40756cadbaf1ae0f534/bf096b63f6246b6010b1ac43eaf81a4c510fa24d.jpg
https://gss1.bdstatic.com/-vo3dSag_xI4khGkpoWK1HF6hhy/baike/c0%3Dbaike92%2C5%2C5%2C92%2C30/sign=d95eac93a5c27d1eb12b33967abcc60b/b3fb43166d224f4a2dc56d2408f790529822d1ac.jpg
https://gss0.bdstatic.com/94o3dSag_xI4khGkpoWK1HF6hhy/baike/c0%3Dbaike92%2C5%2C5%2C92%2C30/sign=7b79d0eaaa64034f1bc0ca54ceaa1254/37d3d539b6003af30a05c257342ac65c1038b64d.jpg
https://gss2.bdstatic.com/9fo3dSag_xI4khGkpoWK1HF6hhy/baike/c0%3Dbaike92%2C5%2C5%2C92%2C30/sign=872afa1472f08202399f996d2a929088/2934349b033b5bb5e38b3ec937d3d539b600bcac.jpg
https://gss2.bdstatic.com/9fo3dSag_xI4khGkpoWK1HF6hhy/baike/c0%3Dbaike92%2C5%2C5%2C92%2C30/sign=d1a59c4242a98226accc2375ebebd264/faf2b2119313b07ef0e14e3f0dd7912397dd8cac.jpg
https://gss2.bdstatic.com/9fo3dSag_xI4khGkpoWK1HF6hhy/baike/c0%3Dbaike92%2C5%2C5%2C92%2C30/sign=685349def3d3572c72ef948eeb7a0842/77c6a7efce1b9d169f788456f2deb48f8c54644d.jpg
https://gss2.bdstatic.com/9fo3dSag_xI4khGkpoWK1HF6hhy/baike/c0%3Dbaike92%2C5%2C5%2C92%2C30/sign=4fef7efcb3fb43160e12722841cd2d46/5d6034a85edf8db1b99162530823dd54564e744d.jpg
https://gss2.bdstatic.com/-fo3dSag_xI4khGkpoWK1HF6hhy/baike/c0%3Dbaike92%2C5%2C5%2C92%2C30/sign=669b7a3a279759ee5e5d6899d3922873/2cf5e0fe9925bc3132011faf5fdf8db1cb1370ac.jpg
https://gss1.bdstatic.com/-vo3dSag_xI4khGkpoWK1HF6hhy/baike/c0%3Dbaike92%2C5%2C5%2C92%2C30/sign=0f6f27f4d6ca7bcb6976cf7ddf600006/b2de9c82d158ccbf11e0ab0d18d8bc3eb13541ac.jpg
https://gss2.bdstatic.com/-fo3dSag_xI4khGkpoWK1HF6hhy/baike/c0%3Dbaike80%2C5%2C5%2C80%2C26/sign=1470b814b17eca80060831b5f04afcb8/d53f8794a4c27d1e747a25f31ad5ad6eddc438ac.jpg
https://gss0.bdstatic.com/-4o3dSag_xI4khGkpoWK1HF6hhy/baike/c0%3Dbaike80%2C5%2C5%2C80%2C26/sign=85cce0e877094b36cf9f13bfc2a517bc/d1160924ab18972b60661efde7cd7b899e510aac.jpg
https://gss2.bdstatic.com/9fo3dSag_xI4khGkpoWK1HF6hhy/baike/c0%3Dbaike80%2C5%2C5%2C80%2C26/sign=2fbccc1691ef76c6c4dff379fc7f969f/faedab64034f78f03d5784c478310a55b3191cac.jpg
https://gss0.bdstatic.com/94o3dSag_xI4khGkpoWK1HF6hhy/baike/c0%3Dbaike92%2C5%2C5%2C92%2C30/sign=5851d6184034970a537e187df4a3baad/29381f30e924b8995983670f6f061d950a7bf64e.jpg
https://gss1.bdstatic.com/-vo3dSag_xI4khGkpoWK1HF6hhy/baike/c0%3Dbaike92%2C5%2C5%2C92%2C30/sign=de9ba98ca71ea8d39e2f7c56f6635b2b/267f9e2f07082838f251c223b999a9014c08f1ad.jpg

https://gss3.bdstatic.com/7Po3dSag_xI4khGkpoWK1HF6hhy/baike/c0%3Dbaike92%2C5%2C5%2C92%2C30/sign=6bbd06c7820a19d8df0e8c575293e9ee/2f738bd4b31c87010689ed90257f9e2f0708ff8d.jpg
https://gss2.bdstatic.com/-fo3dSag_xI4khGkpoWK1HF6hhy/baike/c0%3Dbaike72%2C5%2C5%2C72%2C24/sign=7ad19eaff01f3a294ec5dd9cf84cd754/b64543a98226cffce89280c3b9014a90f603ea03.jpg

https://gss2.bdstatic.com/9fo3dSag_xI4khGkpoWK1HF6hhy/baike/c0%3Dbaike80%2C5%2C5%2C80%2C26/sign=ce89f40c1bd8bc3ed2050e98e3e2cd7b/86d6277f9e2f07088a306b36eb24b899a901f2cb.jpg
https://gss0.bdstatic.com/94o3dSag_xI4khGkpoWK1HF6hhy/baike/c0%3Dbaike92%2C5%2C5%2C92%2C30/sign=a985f3d0257f9e2f6438155a7e598241/00e93901213fb80e73e220e134d12f2eb93894d0.jpg
https://gss2.bdstatic.com/-fo3dSag_xI4khGkpoWK1HF6hhy/baike/c0%3Dbaike150%2C5%2C5%2C150%2C50/sign=005ce65ed309b3deffb2ec3aadd607e4/c9fcc3cec3fdfc03c457a28ed63f8794a4c226dc.jpg
https://gss2.bdstatic.com/9fo3dSag_xI4khGkpoWK1HF6hhy/baike/c0%3Dbaike116%2C5%2C5%2C116%2C38/sign=b7271acd4510b912abccfeaca2949766/d50735fae6cd7b89e46767f50d2442a7d9330eb8.jpg
