
https://gss2.bdstatic.com/9fo3dSag_xI4khGkpoWK1HF6hhy/baike/c0%3Dbaike80%2C5%2C5%2C80%2C26/sign=01b91947f736afc31a013737d27080a1/c75c10385343fbf2b0e7f2a4b07eca8064388f69.jpg
https://gss2.bdstatic.com/-fo3dSag_xI4khGkpoWK1HF6hhy/baike/c0%3Dbaike80%2C5%2C5%2C80%2C26/sign=3e021d5b54e736d14c1e845afa3924a7/d833c895d143ad4b571f154782025aafa40f0607.jpg
https://gss1.bdstatic.com/-vo3dSag_xI4khGkpoWK1HF6hhy/baike/c0%3Dbaike80%2C5%2C5%2C80%2C26/sign=8460f07c39dbb6fd3156ed74684dc07d/0b46f21fbe096b63239e1ad70c338744eaf8acb6.jpg
https://gss3.bdstatic.com/-Po3dSag_xI4khGkpoWK1HF6hhy/baike/c0%3Dbaike80%2C5%2C5%2C80%2C26/sign=fa00d2835982b2b7b392319650c4a08a/dcc451da81cb39dbedb92dd1d0160924ab18303f.jpg
https://gss3.bdstatic.com/7Po3dSag_xI4khGkpoWK1HF6hhy/baike/c0%3Dbaike80%2C5%2C5%2C80%2C26/sign=611e81bf28381f308a1485fbc868276d/2e2eb9389b504fc22a530382e5dde71190ef6d2d.jpg
https://gss2.bdstatic.com/-fo3dSag_xI4khGkpoWK1HF6hhy/baike/c0%3Dbaike80%2C5%2C5%2C80%2C26/sign=f231a86aa3cc7cd9ee203c8b58684a5a/d50735fae6cd7b89c0cf89040f2442a7d8330e91.jpg
https://gss2.bdstatic.com/-fo3dSag_xI4khGkpoWK1HF6hhy/baike/c0%3Dbaike80%2C5%2C5%2C80%2C26/sign=015870d58535e5dd8421ad8d17afcc8a/5bafa40f4bfbfbede5fea6f878f0f736aec31f95.jpg

https://gss2.bdstatic.com/9fo3dSag_xI4khGkpoWK1HF6hhy/baike/c0%3Dbaike150%2C5%2C5%2C150%2C50/sign=71b6fec2a18b87d6444fa34d6661435d/6c224f4a20a44623cb5de9919822720e0df3d7aa.jpg
https://gss1.bdstatic.com/-vo3dSag_xI4khGkpoWK1HF6hhy/baike/c0%3Dbaike116%2C5%2C5%2C116%2C38/sign=9ebc14e14f4a20a425133495f13bf347/2934349b033b5bb514406c0d36d3d539b700bcaa.jpg
https://gss1.bdstatic.com/-vo3dSag_xI4khGkpoWK1HF6hhy/baike/c0%3Dbaike116%2C5%2C5%2C116%2C38/sign=1bec12a30c33874488c8272e3066b29c/faf2b2119313b07e27481cfb0cd7912396dd8c48.jpg
https://gss1.bdstatic.com/9vo3dSag_xI4khGkpoWK1HF6hhy/baike/c0%3Dbaike180%2C5%2C5%2C180%2C60/sign=352af9c919d8bc3ed2050e98e3e2cd7b/d53f8794a4c27d1e8bb077371bd5ad6edcc438aa.jpg
https://gss0.bdstatic.com/94o3dSag_xI4khGkpoWK1HF6hhy/baike/c0%3Dbaike116%2C5%2C5%2C116%2C38/sign=9015a8c3baa1cd1111bb7a72d87ba399/0824ab18972bd4075d339f0e7b899e510eb30948.jpg

https://gss2.bdstatic.com/9fo3dSag_xI4khGkpoWK1HF6hhy/baike/c0%3Dbaike92%2C5%2C5%2C92%2C30/sign=64f1c94e3a87e950561afb3e71513826/f9dcd100baa1cd11a07ab4adb912c8fcc2ce2d6b.jpg
https://gss0.bdstatic.com/-4o3dSag_xI4khGkpoWK1HF6hhy/baike/c0%3Dbaike80%2C5%2C5%2C80%2C26/sign=bd2e401ad11373f0e13267cdc566209e/5ab5c9ea15ce36d3b9545b513af33a87e950b17b.jpg
https://gss0.bdstatic.com/-4o3dSag_xI4khGkpoWK1HF6hhy/baike/c0%3Dbaike272%2C5%2C5%2C272%2C90/sign=b31c7ccc462309f7f362a54013676796/023b5bb5c9ea15ceca858951b6003af33a87b27b.jpg
https://gss0.bdstatic.com/-4o3dSag_xI4khGkpoWK1HF6hhy/baike/c0%3Dbaike116%2C5%2C5%2C116%2C38/sign=4649f6b57bf40ad101e9cfb136457aba/91529822720e0cf39bf88f760a46f21fbe09aa34.jpg

https://gss1.bdstatic.com/9vo3dSag_xI4khGkpoWK1HF6hhy/baike/c0%3Dbaike180%2C5%2C5%2C180%2C60/sign=9319b4401bd5ad6ebef46cb8e0a252be/aec379310a55b319aac60df143a98226cffc1772.jpg
https://gss3.bdstatic.com/7Po3dSag_xI4khGkpoWK1HF6hhy/baike/c0%3Dbaike150%2C5%2C5%2C150%2C50/sign=19cabebc28381f308a1485fbc868276d/91529822720e0cf3502fc27f0a46f21fbf09aa5e.jpg
https://gss1.bdstatic.com/9vo3dSag_xI4khGkpoWK1HF6hhy/baike/c0%3Dbaike150%2C5%2C5%2C150%2C50/sign=1c3b0cb43af33a878a600848a7357b5d/55e736d12f2eb9385252f576d5628535e5dd6f73.jpg
https://gss1.bdstatic.com/-vo3dSag_xI4khGkpoWK1HF6hhy/baike/c0%3Dbaike150%2C5%2C5%2C150%2C50/sign=4aef708970cf3bc7fc0dc5beb069d1c4/e7cd7b899e510fb322c2fb13d933c895d0430c5e.jpg
https://gss3.bdstatic.com/-Po3dSag_xI4khGkpoWK1HF6hhy/baike/c0%3Dbaike272%2C5%2C5%2C272%2C90/sign=6e15474eaf51f3ded7bfb136f5879b7a/6d81800a19d8bc3e4236894e828ba61ea8d3457c.jpg

https://gss2.bdstatic.com/9fo3dSag_xI4khGkpoWK1HF6hhy/baike/c0%3Dbaike150%2C5%2C5%2C150%2C50/sign=ed53841eb48f8c54f7decd7d5b404690/314e251f95cad1c8e584bed77f3e6709c93d5106.jpg
https://gss2.bdstatic.com/-fo3dSag_xI4khGkpoWK1HF6hhy/baike/c0%3Dbaike150%2C5%2C5%2C150%2C50/sign=d2ec87df3a292df583cea447dd583705/a686c9177f3e67098f3f070f3bc79f3df8dc5506.jpg
https://gss0.bdstatic.com/-4o3dSag_xI4khGkpoWK1HF6hhy/baike/c0%3Dbaike116%2C5%2C5%2C116%2C38/sign=4ddacbfeb13533fae1bb9b7cc9ba967a/b812c8fcc3cec3fda801e585d688d43f87942706.jpg
https://gss0.bdstatic.com/94o3dSag_xI4khGkpoWK1HF6hhy/baike/c0%3Dbaike150%2C5%2C5%2C150%2C50/sign=ebdceb42d158ccbf0fb1bd6878b1d75b/fd039245d688d43fdf96d3027d1ed21b0ef43b06.jpg
https://gss2.bdstatic.com/9fo3dSag_xI4khGkpoWK1HF6hhy/baike/c0%3Dbaike150%2C5%2C5%2C150%2C50/sign=c310bf3cc3cec3fd9f33af27b7e1bf5a/72f082025aafa40f31f98c2dab64034f78f01906.jpg

https://gss0.bdstatic.com/94o3dSag_xI4khGkpoWK1HF6hhy/baike/c0%3Dbaike180%2C5%2C5%2C180%2C60/sign=c99b6d59828ba61ecbe3c07d205dfc6f/d31b0ef41bd5ad6ea56a0f7981cb39dbb7fd3c95.jpg
https://gss3.bdstatic.com/-Po3dSag_xI4khGkpoWK1HF6hhy/baike/c0%3Dbaike220%2C5%2C5%2C220%2C73/sign=7ab07f9cb80e7bec37d70bb34e47d25d/8cb1cb13495409239ee508ed9258d109b2de4990.jpg
https://gss3.bdstatic.com/-Po3dSag_xI4khGkpoWK1HF6hhy/baike/c0%3Dbaike220%2C5%2C5%2C220%2C73/sign=cf59aebc3a292df583cea447dd583705/314e251f95cad1c8fc3197b47f3e6709c83d519e.jpg
https://gss2.bdstatic.com/-fo3dSag_xI4khGkpoWK1HF6hhy/baike/c0%3Dbaike220%2C5%2C5%2C220%2C73/sign=7333be5d9925bc313f5009ca3fb6e6d4/d0c8a786c9177f3e39cf979e70cf3bc79e3d56ad.jpg
https://gss3.bdstatic.com/-Po3dSag_xI4khGkpoWK1HF6hhy/baike/c0%3Dbaike80%2C5%2C5%2C80%2C26/sign=51e76524e950352aa56c2d5a322a9097/4610b912c8fcc3cea8e9a3a09245d688d43f2073.jpg

https://gss1.bdstatic.com/9vo3dSag_xI4khGkpoWK1HF6hhy/baike/c0%3Dbaike150%2C5%2C5%2C150%2C50/sign=cb5d5191c895d143ce7bec711299e967/dbb44aed2e738bd43ae60fa3a18b87d6267ff959.jpg

https://gss3.bdstatic.com/7Po3dSag_xI4khGkpoWK1HF6hhy/baike/c0%3Dbaike116%2C5%2C5%2C116%2C38/sign=45a755361bd5ad6ebef46cb8e0a252be/83025aafa40f4bfb6c51f0a6034f78f0f63618ba.jpg
https://gss1.bdstatic.com/-vo3dSag_xI4khGkpoWK1HF6hhy/baike/c0%3Dbaike150%2C5%2C5%2C150%2C50/sign=4e09d949a61ea8d39e2f7c56f6635b2b/1ad5ad6eddc451dafc386219b6fd5266d1163271.jpg
https://gss1.bdstatic.com/-vo3dSag_xI4khGkpoWK1HF6hhy/baike/c0%3Dbaike116%2C5%2C5%2C116%2C38/sign=71f46e38e6cd7b89fd6132d16e4d29c2/b64543a98226cffcbbe4d140b9014a90f703ea72.jpg
https://gss1.bdstatic.com/-vo3dSag_xI4khGkpoWK1HF6hhy/baike/c0%3Dbaike150%2C5%2C5%2C150%2C50/sign=7c8462d0b31bb0519b29bb7a5713b1d1/f603918fa0ec08fa84ce7d5559ee3d6d54fbda72.jpg
https://gss1.bdstatic.com/9vo3dSag_xI4khGkpoWK1HF6hhy/baike/c0%3Dbaike150%2C5%2C5%2C150%2C50/sign=8a07511362d9f2d3341c2cbdc885e176/0d338744ebf81a4ca0fc823bd72a6059242da672.jpg
https://gss1.bdstatic.com/9vo3dSag_xI4khGkpoWK1HF6hhy/baike/c0%3Dbaike150%2C5%2C5%2C150%2C50/sign=1bb2a9ddbe096b63951456026d5aec21/0dd7912397dda144bcc00240b2b7d0a20df48672.jpg
https://gss1.bdstatic.com/9vo3dSag_xI4khGkpoWK1HF6hhy/baike/c0%3Dbaike150%2C5%2C5%2C150%2C50/sign=8a1b2dcb4b36acaf4ded9eae1db0e675/9825bc315c6034a81f2bd673cb13495408237672.jpg
https://gss1.bdstatic.com/-vo3dSag_xI4khGkpoWK1HF6hhy/baike/c0%3Dbaike150%2C5%2C5%2C150%2C50/sign=d2ade2d0c8fcc3cea0cdc161f32cbded/d01373f082025aaf31b21039fbedab64024f1abb.jpg

https://gss2.bdstatic.com/-fo3dSag_xI4khGkpoWK1HF6hhy/baike/c0%3Dbaike150%2C5%2C5%2C150%2C50/sign=8da7ae2cab64034f1bc0ca54ceaa1254/060828381f30e9247ec5fcc04c086e061c95f7da.jpg
https://gss2.bdstatic.com/9fo3dSag_xI4khGkpoWK1HF6hhy/baike/c0%3Dbaike180%2C5%2C5%2C180%2C60/sign=f5773598252dd42a4b0409f9625230d0/77094b36acaf2edd819129188d1001e9380193da.jpg
https://gss0.bdstatic.com/94o3dSag_xI4khGkpoWK1HF6hhy/baike/c0%3Dbaike150%2C5%2C5%2C150%2C50/sign=c3eacb900fb30f242197e451a9fcba26/b151f8198618367a62d71f2c2e738bd4b21ce5e1.jpg

https://gss0.bdstatic.com/94o3dSag_xI4khGkpoWK1HF6hhy/baike/c0%3Dbaike150%2C5%2C5%2C150%2C50/sign=795340598a13632701e0ca61f0e6cb89/d8f9d72a6059252dbca6c181349b033b5ab5b986.jpg
https://gss3.bdstatic.com/-Po3dSag_xI4khGkpoWK1HF6hhy/baike/c0%3Dbaike150%2C5%2C5%2C150%2C50/sign=b5d97bedd109b3deffb2ec3aadd607e4/c9fcc3cec3fdfc0371d23f3dd43f8794a5c22689.jpg
https://gss2.bdstatic.com/9fo3dSag_xI4khGkpoWK1HF6hhy/baike/c0%3Dbaike150%2C5%2C5%2C150%2C50/sign=0dc8024d1a4c510fbac9ea4801304e48/d1a20cf431adcbeffc85a283acaf2edda2cc9f86.jpg
https://gss0.bdstatic.com/94o3dSag_xI4khGkpoWK1HF6hhy/baike/c0%3Dbaike150%2C5%2C5%2C150%2C50/sign=970c4d777d1ed21b6dc426b7cc07b6a1/79f0f736afc379311acd5aacebc4b74542a91189.jpg
https://gss2.bdstatic.com/-fo3dSag_xI4khGkpoWK1HF6hhy/baike/c0%3Dbaike150%2C5%2C5%2C150%2C50/sign=292be69142a7d933aba5ec21cc22ba76/8718367adab44aed08eb6261b31c8701a08bfb8a.jpg
https://gss0.bdstatic.com/94o3dSag_xI4khGkpoWK1HF6hhy/baike/c0%3Dbaike150%2C5%2C5%2C150%2C50/sign=8f58f7a28a82b90129a0cb6112e4c212/f3d3572c11dfa9eccab78a9262d0f703908fc19e.jpg
