
https://gss3.bdstatic.com/7Po3dSag_xI4khGkpoWK1HF6hhy/baike/c0%3Dbaike92%2C5%2C5%2C92%2C30/sign=36e9a9126d061d95694b3f6a1a9d61b4/9a504fc2d56285357a35020b93ef76c6a6ef63c7.jpg

https://gss0.bdstatic.com/94o3dSag_xI4khGkpoWK1HF6hhy/baike/c0%3Dbaike92%2C5%2C5%2C92%2C30/sign=160c3ed2ac6eddc432eabca958b2dd98/472309f7905298226af629f4d6ca7bcb0a46d43b.jpg

https://gss3.bdstatic.com/7Po3dSag_xI4khGkpoWK1HF6hhy/baike/c0%3Dbaike92%2C5%2C5%2C92%2C30/sign=cc158e63024f78f0940692a118586130/d439b6003af33a87dea8102dc75c10385343b53b.jpg

https://gss3.bdstatic.com/7Po3dSag_xI4khGkpoWK1HF6hhy/baike/c0%3Dbaike92%2C5%2C5%2C92%2C30/sign=fef96f97f703738dca470470d272db34/902397dda144ad341e7a97b0d1a20cf431ad853b.jpg

https://gss1.bdstatic.com/9vo3dSag_xI4khGkpoWK1HF6hhy/baike/c0%3Dbaike150%2C5%2C5%2C150%2C50/sign=fcac79e81038534398c28f73f27adb1b/4ec2d5628535e5dd2e972f5b76c6a7efcf1b62ff.jpg
https://gss2.bdstatic.com/-fo3dSag_xI4khGkpoWK1HF6hhy/baike/c0%3Dbaike150%2C5%2C5%2C150%2C50/sign=7e090b3465380cd7f213aabfc02dc651/a6efce1b9d16fdfa6126326ab48f8c5495ee7be8.jpg
https://gss3.bdstatic.com/7Po3dSag_xI4khGkpoWK1HF6hhy/baike/c0%3Dbaike150%2C5%2C5%2C150%2C50/sign=05f7a48c0cd79123f4ed9c26cc5d32e7/cf1b9d16fdfaaf513ca9753b8c5494eef11f7ae8.jpg
https://gss3.bdstatic.com/-Po3dSag_xI4khGkpoWK1HF6hhy/baike/c0%3Dbaike150%2C5%2C5%2C150%2C50/sign=44aa60f0ad345982d187edc06d9d5ac8/f2deb48f8c5494ee2368fb9d2df5e0fe98257ee8.jpg
https://gss0.bdstatic.com/94o3dSag_xI4khGkpoWK1HF6hhy/baike/c0%3Dbaike150%2C5%2C5%2C150%2C50/sign=db3bcd878744ebf8797c6c6db890bc4f/5882b2b7d0a20cf481f60a5b76094b36adaf99d4.jpg
https://gss0.bdstatic.com/-4o3dSag_xI4khGkpoWK1HF6hhy/baike/c0%3Dbaike150%2C5%2C5%2C150%2C50/sign=75336c805982b2b7b392319650c4a08a/b58f8c5494eef01fee5eec41e0fe9925bd317de8.jpg
https://gss2.bdstatic.com/-fo3dSag_xI4khGkpoWK1HF6hhy/baike/c0%3Dbaike150%2C5%2C5%2C150%2C50/sign=8ff57303d0a20cf4529df68d17602053/95eef01f3a292df536895891bc315c6035a873e8.jpg
https://gss2.bdstatic.com/9fo3dSag_xI4khGkpoWK1HF6hhy/baike/c0%3Dbaike150%2C5%2C5%2C150%2C50/sign=351f2a4c1a4c510fbac9ea4801304e48/d1a20cf431adcbefc4528a82acaf2edda2cc9fd4.jpg

https://gss2.bdstatic.com/9fo3dSag_xI4khGkpoWK1HF6hhy/baike/c0%3Dbaike92%2C5%2C5%2C92%2C30/sign=abb238b5c3177f3e0439f45f11a650a2/1c950a7b02087bf470abfdeaf8d3572c11dfcf6a.jpg
https://gss1.bdstatic.com/9vo3dSag_xI4khGkpoWK1HF6hhy/baike/c0%3Dbaike92%2C5%2C5%2C92%2C30/sign=fe646cedbe8f8c54f7decd7d5b404690/f636afc379310a55e22c74f7bd4543a9822610ac.jpg
https://gss3.bdstatic.com/7Po3dSag_xI4khGkpoWK1HF6hhy/baike/c0%3Dbaike80%2C5%2C5%2C80%2C26/sign=e3c713679eeef01f591910978197f240/b64543a98226cffc495f15b1b3014a90f603eab8.jpg
https://gss2.bdstatic.com/-fo3dSag_xI4khGkpoWK1HF6hhy/baike/c0%3Dbaike92%2C5%2C5%2C92%2C30/sign=b535e7c3fd36afc31a013737d27080a1/3bf33a87e950352a70268f0b5943fbf2b2118b6a.jpg
https://gss1.bdstatic.com/-vo3dSag_xI4khGkpoWK1HF6hhy/baike/c0%3Dbaike92%2C5%2C5%2C92%2C30/sign=4b62a949d0b44aed4d43b6b6d275ec64/caef76094b36acafe3a73cff76d98d1001e99c6a.jpg

https://gss3.bdstatic.com/-Po3dSag_xI4khGkpoWK1HF6hhy/baike/c0%3Dbaike180%2C5%2C5%2C180%2C60/sign=7693008c49540923be646b2cf331ba6c/d000baa1cd11728bbc32728dc8fcc3cec3fd2c06.jpg
https://gss1.bdstatic.com/-vo3dSag_xI4khGkpoWK1HF6hhy/baike/c0%3Dbaike150%2C5%2C5%2C150%2C50/sign=3ed44914a61ea8d39e2f7c56f6635b2b/1ad5ad6eddc451da8ce5f244b6fd5266d0163209.jpg
https://gss0.bdstatic.com/94o3dSag_xI4khGkpoWK1HF6hhy/baike/c0%3Dbaike150%2C5%2C5%2C150%2C50/sign=bfa502887f3e6709aa0d4dad5aaef458/962bd40735fae6cd63aa55ce0fb30f2442a70f06.jpg
https://gss3.bdstatic.com/-Po3dSag_xI4khGkpoWK1HF6hhy/baike/c0%3Dbaike180%2C5%2C5%2C180%2C60/sign=188749b9cffc1e17e9b284632bf99d66/7af40ad162d9f2d30c02da40a9ec8a136327cc0a.jpg
https://gss1.bdstatic.com/9vo3dSag_xI4khGkpoWK1HF6hhy/baike/c0%3Dbaike150%2C5%2C5%2C150%2C50/sign=913a4d87367adab429dd1311eabdd879/503d269759ee3d6d3cd8796443166d224f4ade07.jpg
https://gss1.bdstatic.com/-vo3dSag_xI4khGkpoWK1HF6hhy/baike/c0%3Dbaike150%2C5%2C5%2C150%2C50/sign=1328d60a0a7b020818c437b303b099b6/bf096b63f6246b60711d4cdbebf81a4c510fa20a.jpg
https://gss0.bdstatic.com/-4o3dSag_xI4khGkpoWK1HF6hhy/baike/c0%3Dbaike150%2C5%2C5%2C150%2C50/sign=1da16b7308fa513d45a7648c5c043e9e/359b033b5bb5c9ea99e0fd4cd539b6003af3b30a.jpg
https://gss1.bdstatic.com/-vo3dSag_xI4khGkpoWK1HF6hhy/baike/c0%3Dbaike150%2C5%2C5%2C150%2C50/sign=d638a6bd4f4a20a425133495f13bf347/3b87e950352ac65c851698dcfbf2b21193138a0a.jpg
https://gss2.bdstatic.com/-fo3dSag_xI4khGkpoWK1HF6hhy/baike/c0%3Dbaike150%2C5%2C5%2C150%2C50/sign=86d99aa2269759ee5e5d6899d3922873/5ab5c9ea15ce36d35b1a7d9f3af33a87e950b107.jpg
https://gss0.bdstatic.com/94o3dSag_xI4khGkpoWK1HF6hhy/baike/c0%3Dbaike150%2C5%2C5%2C150%2C50/sign=936d306db2119313d34ef7e2045167b2/e4dde71190ef76c667c105849d16fdfaaf51670a.jpg
https://gss2.bdstatic.com/-fo3dSag_xI4khGkpoWK1HF6hhy/baike/c0%3Dbaike92%2C5%2C5%2C92%2C30/sign=b4c23413b0de9c82b268f1dd0de8eb6f/f9198618367adab46c77cb6988d4b31c8701e471.jpg
https://gss3.bdstatic.com/7Po3dSag_xI4khGkpoWK1HF6hhy/baike/c0%3Dbaike92%2C5%2C5%2C92%2C30/sign=b9c93fae49ed2e73e8e48e7ee668caee/77094b36acaf2edd2c7f99c38e1001e93901930a.jpg
https://gss2.bdstatic.com/-fo3dSag_xI4khGkpoWK1HF6hhy/baike/c0%3Dbaike92%2C5%2C5%2C92%2C30/sign=41598213ca3d70cf58f7a25f99b5ba65/7af40ad162d9f2d3694bf4c5aaec8a136327cc46.jpg
https://gss3.bdstatic.com/-Po3dSag_xI4khGkpoWK1HF6hhy/baike/c0%3Dbaike92%2C5%2C5%2C92%2C30/sign=836626d4c0fdfc03f175ebeab556ecf1/09fa513d269759ee76f7b0e1b1fb43166d22df71.jpg
https://gss3.bdstatic.com/-Po3dSag_xI4khGkpoWK1HF6hhy/baike/c0%3Dbaike92%2C5%2C5%2C92%2C30/sign=b760d0e0e5cd7b89fd6132d16e4d29c2/6a600c338744ebf8792bb415daf9d72a6059a746.jpg
https://gss3.bdstatic.com/-Po3dSag_xI4khGkpoWK1HF6hhy/baike/c0%3Dbaike92%2C5%2C5%2C92%2C30/sign=9d706f98ba014a9095334eefc81e5277/64380cd7912397dd2223482e5a82b2b7d0a28746.jpg
https://gss3.bdstatic.com/-Po3dSag_xI4khGkpoWK1HF6hhy/baike/c0%3Dbaike92%2C5%2C5%2C92%2C30/sign=e05951958f5494ee932f074b4c9c8b9b/aec379310a55b319f843525f40a98226cffc1765.jpg
https://gss1.bdstatic.com/-vo3dSag_xI4khGkpoWK1HF6hhy/baike/c0%3Dbaike92%2C5%2C5%2C92%2C30/sign=bc8c7e4a4cc2d562e605d8bf8678fb8a/c995d143ad4bd1137644671859afa40f4bfb050a.jpg
https://gss0.bdstatic.com/-4o3dSag_xI4khGkpoWK1HF6hhy/baike/c0%3Dbaike92%2C5%2C5%2C92%2C30/sign=f9e0b3549158d109d0eea1e0b031a7da/b21bb051f819861812ce3fae49ed2e738bd4e60b.jpg
https://gss3.bdstatic.com/-Po3dSag_xI4khGkpoWK1HF6hhy/baike/c0%3Dbaike92%2C5%2C5%2C92%2C30/sign=edb43023b5003af359b7d4325443ad39/3ac79f3df8dcd10061c6280b718b4710b9122f46.jpg
https://gss1.bdstatic.com/9vo3dSag_xI4khGkpoWK1HF6hhy/baike/c0%3Dbaike92%2C5%2C5%2C92%2C30/sign=ca9f7231d70735fa85fd46ebff3864d6/6a63f6246b600c33e6c30ee2194c510fd9f9a166.jpg
https://gss3.bdstatic.com/-Po3dSag_xI4khGkpoWK1HF6hhy/baike/c0%3Dbaike92%2C5%2C5%2C92%2C30/sign=b2b42d8fd243ad4bb2234e92e36b31ca/6159252dd42a28345f1ce62158b5c9ea15cebf66.jpg
https://gss0.bdstatic.com/94o3dSag_xI4khGkpoWK1HF6hhy/baike/c0%3Dbaike92%2C5%2C5%2C92%2C30/sign=fb0a4c6d3a12b31bd361c57be7715d1f/ac345982b2b7d0a28473d4b7c8ef76094b369a66.jpg
https://gss0.bdstatic.com/-4o3dSag_xI4khGkpoWK1HF6hhy/baike/c0%3Dbaike92%2C5%2C5%2C92%2C30/sign=a68f9eee09d162d991e36a4e70b6c289/e61190ef76c6a7ef6a9c780cfefaaf51f3de6666.jpg
https://gss1.bdstatic.com/-vo3dSag_xI4khGkpoWK1HF6hhy/baike/c0%3Dbaike92%2C5%2C5%2C92%2C30/sign=ad62fcc2bf3eb13550cabfe9c777c3b6/b21c8701a18b87d60a177b35040828381f30fd47.jpg
https://gss2.bdstatic.com/9fo3dSag_xI4khGkpoWK1HF6hhy/baike/c0%3Dbaike92%2C5%2C5%2C92%2C30/sign=9d93cd221c30e924dba994632d610563/7aec54e736d12f2e23a37e4a4cc2d56285356872.jpg
https://gss3.bdstatic.com/-Po3dSag_xI4khGkpoWK1HF6hhy/baike/c0%3Dbaike92%2C5%2C5%2C92%2C30/sign=daa3dcc1b5fd5266b3263446ca71fc4e/0df3d7ca7bcb0a46a9775b136863f6246b60af47.jpg
https://gss3.bdstatic.com/-Po3dSag_xI4khGkpoWK1HF6hhy/baike/c0%3Dbaike92%2C5%2C5%2C92%2C30/sign=e2a6c38d5aee3d6d36cb8f99227f0647/e1fe9925bc315c608733bbc58eb1cb1349547772.jpg
https://gss2.bdstatic.com/-fo3dSag_xI4khGkpoWK1HF6hhy/baike/c0%3Dbaike92%2C5%2C5%2C92%2C30/sign=dd0ce6557bf0f736ccf344536b3cd87c/b7003af33a87e9504342234613385343fbf2b447.jpg
https://gss3.bdstatic.com/7Po3dSag_xI4khGkpoWK1HF6hhy/baike/c0%3Dbaike92%2C5%2C5%2C92%2C30/sign=bc8249b52ddda3cc1fe9b07260805264/5366d0160924ab18609f311d36fae6cd7b890b0b.jpg
https://gss0.bdstatic.com/94o3dSag_xI4khGkpoWK1HF6hhy/baike/c0%3Dbaike92%2C5%2C5%2C92%2C30/sign=fb2b4c6d3a12b31bd361c57be7715d1f/ac345982b2b7d0a28452d4b7c8ef76094b369a05.jpg
https://gss0.bdstatic.com/94o3dSag_xI4khGkpoWK1HF6hhy/baike/c0%3Dbaike92%2C5%2C5%2C92%2C30/sign=c313673cccfc1e17e9b284632bf99d66/9213b07eca8065388c6d743994dda144ad348211.jpg
https://gss1.bdstatic.com/-vo3dSag_xI4khGkpoWK1HF6hhy/baike/c0%3Dbaike92%2C5%2C5%2C92%2C30/sign=99a871f4f31f3a294ec5dd9cf84cd754/0b55b319ebc4b7455655673cccfc1e178b8215d2.jpg
https://gss2.bdstatic.com/9fo3dSag_xI4khGkpoWK1HF6hhy/baike/c0%3Dbaike92%2C5%2C5%2C92%2C30/sign=d57d9c2b0955b31988f48a2722c0e943/342ac65c10385343814c570b9013b07eca80881d.jpg
https://gss3.bdstatic.com/-Po3dSag_xI4khGkpoWK1HF6hhy/baike/c0%3Dbaike92%2C5%2C5%2C92%2C30/sign=95e24dc9fe1f4134f43a0d2c4476feaf/060828381f30e9248b654c1b4f086e061c95f7d3.jpg
https://gss1.bdstatic.com/-vo3dSag_xI4khGkpoWK1HF6hhy/baike/c0%3Dbaike92%2C5%2C5%2C92%2C30/sign=83129e939d510fb36c147fc5b85aa3f0/8644ebf81a4c510fbc2632306359252dd42aa53e.jpg
https://gss1.bdstatic.com/-vo3dSag_xI4khGkpoWK1HF6hhy/baike/c0%3Dbaike92%2C5%2C5%2C92%2C30/sign=cfe01705bd096b63951456026d5aec21/6d81800a19d8bc3e7493d6e0818ba61ea8d34505.jpg
https://gss3.bdstatic.com/7Po3dSag_xI4khGkpoWK1HF6hhy/baike/c0%3Dbaike92%2C5%2C5%2C92%2C30/sign=c89aa6b38126cffc7d27b7e0d86821f5/b3119313b07eca801ae7e9cd922397dda144833e.jpg
https://gss2.bdstatic.com/-fo3dSag_xI4khGkpoWK1HF6hhy/baike/c0%3Dbaike92%2C5%2C5%2C92%2C30/sign=0c9a350c0a24ab18f41be96554938da8/0b46f21fbe096b63a8d88e7a0f338744eaf8acd3.jpg
https://gss2.bdstatic.com/9fo3dSag_xI4khGkpoWK1HF6hhy/baike/c0%3Dbaike92%2C5%2C5%2C92%2C30/sign=ba44b427259759ee5e5d6899d3922873/2cf5e0fe9925bc31eeded1b25ddf8db1cb13701d.jpg
https://gss1.bdstatic.com/-vo3dSag_xI4khGkpoWK1HF6hhy/baike/c0%3Dbaike92%2C5%2C5%2C92%2C30/sign=3e4993134836acaf4ded9eae1db0e675/38dbb6fd5266d016fc824e02942bd40735fa3505.jpg
https://gss3.bdstatic.com/-Po3dSag_xI4khGkpoWK1HF6hhy/baike/c0%3Dbaike92%2C5%2C5%2C92%2C30/sign=14749ed10946f21fdd395601974d0005/d058ccbf6c81800ada665924b23533fa828b471d.jpg
https://gss2.bdstatic.com/9fo3dSag_xI4khGkpoWK1HF6hhy/baike/c0%3Dbaike92%2C5%2C5%2C92%2C30/sign=a1dee9298444ebf8797c6c6db890bc4f/32fa828ba61ea8d337a1a42e940a304e251f581d.jpg
https://gss0.bdstatic.com/-4o3dSag_xI4khGkpoWK1HF6hhy/baike/c0%3Dbaike92%2C5%2C5%2C92%2C30/sign=0e7e5c1b4990f60310bd9415587bd87e/0dd7912397dda14429c8bc98b1b7d0a20df486d3.jpg
https://gss3.bdstatic.com/7Po3dSag_xI4khGkpoWK1HF6hhy/baike/c0%3Dbaike92%2C5%2C5%2C92%2C30/sign=c1bc780cfefaaf5190ee89eded3dff8b/aa64034f78f0f736a0649c2b0955b319ebc41305.jpg
https://gss1.bdstatic.com/9vo3dSag_xI4khGkpoWK1HF6hhy/baike/c0%3Dbaike92%2C5%2C5%2C92%2C30/sign=fac988384c4a20a425133495f13bf347/8cb1cb1349540923648bb3549158d109b3de493e.jpg
https://gss0.bdstatic.com/94o3dSag_xI4khGkpoWK1HF6hhy/baike/c0%3Dbaike92%2C5%2C5%2C92%2C30/sign=58fd97140ff3d7ca18fb37249376d56c/d009b3de9c82d1580c60899b830a19d8bc3e423e.jpg
https://gss3.bdstatic.com/-Po3dSag_xI4khGkpoWK1HF6hhy/baike/c0%3Dbaike92%2C5%2C5%2C92%2C30/sign=c7ec625ee8f81a4c323fe49bb6430b3c/838ba61ea8d3fd1f8aeb7210334e251f95ca5f3e.jpg
https://gss1.bdstatic.com/-vo3dSag_xI4khGkpoWK1HF6hhy/baike/c0%3Dbaike92%2C5%2C5%2C92%2C30/sign=7b7942f5cd1b9d169eca923392b7dfea/4afbfbedab64034f754f122cacc379310a551d1d.jpg
https://gss3.bdstatic.com/-Po3dSag_xI4khGkpoWK1HF6hhy/baike/c0%3Dbaike92%2C5%2C5%2C92%2C30/sign=829a592b5f6034a83defb0d3aa7a2231/cefc1e178a82b901512f1319708da9773912ef1e.jpg
https://gss2.bdstatic.com/9fo3dSag_xI4khGkpoWK1HF6hhy/baike/c0%3Dbaike92%2C5%2C5%2C92%2C30/sign=d55541d87e1ed21b6dc426b7cc07b6a1/42166d224f4a20a414e2eced93529822720ed018.jpg
https://gss3.bdstatic.com/-Po3dSag_xI4khGkpoWK1HF6hhy/baike/c0%3Dbaike116%2C5%2C5%2C116%2C38/sign=2329cfdead4bd11310c0bf603bc6cf6a/728da9773912b31b5bede6848618367adbb4e19e.jpg
https://gss2.bdstatic.com/9fo3dSag_xI4khGkpoWK1HF6hhy/baike/c0%3Dbaike92%2C5%2C5%2C92%2C30/sign=1eae84813a292df583cea447dd583705/b219ebc4b74543a90866bb621e178a82b901141a.jpg
https://gss1.bdstatic.com/-vo3dSag_xI4khGkpoWK1HF6hhy/baike/c0%3Dbaike80%2C5%2C5%2C80%2C26/sign=1a18b543b78f8c54f7decd7d5b404690/b219ebc4b74543a9376f89611d178a82b9011422.jpg
https://gss2.bdstatic.com/-fo3dSag_xI4khGkpoWK1HF6hhy/baike/c0%3Dbaike92%2C5%2C5%2C92%2C30/sign=5777d5cf9b22720e6fc3eaa81aa26123/574e9258d109b3dec20294c5cfbf6c81810a4cd9.jpg
https://gss1.bdstatic.com/9vo3dSag_xI4khGkpoWK1HF6hhy/baike/c0%3Dbaike80%2C5%2C5%2C80%2C26/sign=5ce197b72b34349b600b66d7a8837eab/7e3e6709c93d70cf420bdca0fbdcd100bba12bad.jpg
https://gss3.bdstatic.com/-Po3dSag_xI4khGkpoWK1HF6hhy/baike/c0%3Dbaike116%2C5%2C5%2C116%2C38/sign=39630d702d738bd4d02cba63c0e2ecb3/8b13632762d0f7037258e7710bfa513d2797c5b1.jpg
https://gss1.bdstatic.com/9vo3dSag_xI4khGkpoWK1HF6hhy/baike/c0%3Dbaike80%2C5%2C5%2C80%2C26/sign=bec360e29d2f07084b082252884dd3fc/55e736d12f2eb938a245085fd6628535e5dd6f76.jpg
https://gss1.bdstatic.com/-vo3dSag_xI4khGkpoWK1HF6hhy/baike/c0%3Dbaike92%2C5%2C5%2C92%2C30/sign=e3eeca2cc81349546a13e0363727f93d/4b90f603738da9778423f486b351f8198618e30b.jpg
