
https://img.imynest.com/uploads/8/B7/8B79209613.jpeg	https://www.imynest.com/content/32662.html
https://img.imynest.com/uploads/A/2B/A2BEC17CCD.jpeg	https://www.imynest.com/content/32662.html
http://www.twword.com/uploads/wiki/84/f9/41773_5.jpg	http://www.twword.com/wiki/%E8%8A%B1%E8%8F%B1%E8%8D%89
http://www.cnhua.net/uploads/allimg/c090103/1230c0644020-5Z03.jpg	http://www.cnhua.net/minghua/ynhh/86221949629596.html
http://flora.yuanlin365.com/uploadfile/2006-07-22/200511435435609.jpg	http://flora.yuanlin365.com/Htmls/370.html
http://www.tyfmy.com/MyWeb/tianyefeng/633761899700411250/20090511021521086_big.jpg	http://www.tyfmy.com/product/productshow/829/2954.html
https://img.imynest.com/uploads/C/FA/CFA5EC60E2.jpeg	https://www.imynest.com/content/32662.html
http://idoimg.3mt.com.cn/Article/upload/200812/081203201141301.jpg	http://ido.3mt.com.cn/Article/200812/picview1179971c27p3.html
http://idoimg.3mt.com.cn/Article/upload/200812/081203201141303.jpg	http://ido.3mt.com.cn/Article/200812/picview1179971c27p3.html
https://www.huabaike.com/uploads/allimg/artimg/201605/20160520165957_66818.jpg	https://www.huabaike.com/yhjq/3669.html
https://www.huabaike.com/uploads/allimg/sltimg/201605/573ed49450a34.jpg	https://www.huabaike.com/cbzw/3656.html
http://www.westatic.com/img/dict/skbzk/plants-ha/habisi_2.jpg	http://www.weblio.jp/content/%E8%8A%B1%E8%8F%B1%E8%8D%89
http://www.hllhz.com/UploadFiles/FCK/2014-10/6355008516323632814321751.jpg	http://www.hllhz.com/yensh/hlchzz.html
http://happamisaki.jp-o.net/flower/h/hanabisisou01.jpg	http://happamisaki.jp-o.net/flower/h/hanabisisou.htm
http://www.fasuje.com.tw/images/96/B040.jpg	http://www.fasuje.com.tw/9600/B_1-040.htm
http://a3.att.hudong.com/82/45/01300000202578121697452023102_s.jpg	http://www.baike.com/wiki/%E8%8A%B1%E8%8F%B1%E8%8D%89
http://www.zhongzi.net/files/2005110518135575230.jpg	http://www.zhongzi.net/photo/flowers/200511056.htm
http://www.cqlqyy.com/UpLoadFiles/image/%E8%8A%B1%E8%8F%B1%E8%8D%89.jpg	http://www.cqlqyy.com/332-332-507/show662.html
https://gss0.bdstatic.com/-4o3dSag_xI4khGkpoWK1HF6hhy/baike/s%3D220/sign=4d92f03082025aafd73279c9cbecab8d/b999a9014c086e06811489bb02087bf40bd1cb86.jpg	https://baike.baidu.com/item/%E8%8A%B1%E8%8F%B1%E8%8D%89
http://livedoor.blogimg.jp/hatake0811-1951/imgs/2/a/2ae88de5.jpg	http://1951.doorblog.jp/archives/cat_869171.html
http://www.flower-photo.info/upload/save_image/05071547_4fa76ffe9e46b.jpg	http://www.flower-photo.info/products/detail.php?product_id=169
https://cbu01.alicdn.com/img/ibank/2015/196/386/2390683691_1321595479.310x310.jpg	https://www.1688.com/pic/-BBA8C1E2B2DD.html
http://a4.att.hudong.com/54/48/01300000202578121697480094624_s.jpg	http://www.baike.com/wiki/%E8%8A%B1%E8%8F%B1%E8%8D%89
https://image.space.rakuten.co.jp/d/strg/ctrl/9/6cf0bc053e5c666f71608fc05fde09c96ce82752.84.2.9.2.jpeg	https://plaza.rakuten.co.jp/fund7310/diary/201705220002/
https://www.huabaike.com/uploads/huatuku/20160524/574414893bef1.jpg	https://www.huabaike.com/ghzw/67.html
http://www.zhongzi.net/files/allimg/151130/1-151130000PR14.jpg	http://m.zhongzi.net/huahui/hualingcao.htm
https://thumbs.dreamstime.com/z/%E8%8A%B1%E8%8F%B1%E8%8D%89-14794419.jpg	https://cn.dreamstime.com/%E5%85%8D%E7%89%88%E7%A8%8E%E5%BA%93%E5%AD%98%E5%9B%BE%E7%89%87-%E8%8A%B1%E8%8F%B1%E8%8D%89-image14794419
http://www.hnhm.com/uploads/allimg/130114/1528091.jpg	http://www.hnhm.com/news/zaipei/201301/265487.html
http://lucky.sakura.ne.jp/sblo_files/momoca/image/g20070513_01l.jpg	http://momoca.sblo.jp/category/122221-1.html
http://photohito.k-img.com/uploads/photo44/user43329/7/3/737d485853ff7b73b07ef0cc30271283/737d485853ff7b73b07ef0cc30271283_l.jpg	http://photohito.com/photo/2387623/
http://lucky.sakura.ne.jp/sblo_files/momoca/image/g20080611_06m.jpg	http://momoca.sblo.jp/category/122221-1.html
http://www.kids-clinic.jp/~sorahana/hibihana/IMGP6456.JPG	http://www.kids-clinic.jp/~sorahana/hibihana/00700430.html
https://upload.wikimedia.org/wikipedia/commons/thumb/e/ec/California_poppy.jpg/220px-California_poppy.jpg	https://zh.wikipedia.org/wiki/%E8%8A%B1%E8%8F%B1%E8%8D%89
http://idoimg.3mt.com.cn/Article/upload/200812/081203201141302.jpg	http://ido.3mt.com.cn/Article/200812/picview1179971c27p3.html
http://kokupsy.jpn.org/wp-content/uploads/2009/12/20050429-143322.jpg	http://kokupsy.jpn.org/2005/04/29/%E8%8A%B1%E8%8F%B1%E8%8D%89-2/
http://www.interq.or.jp/kansai/mpg/3web/data/nohara1.jpg	http://www.interq.or.jp/kansai/mpg/3web/hanabishi.html
https://thumbs.dreamstime.com/z/%E8%8A%B1%E8%8F%B1%E8%8D%89%E9%BB%84%E8%89%B2-8244488.jpg	https://cn.dreamstime.com/%E5%85%8D%E7%89%88%E7%A8%8E%E5%BA%93%E5%AD%98%E7%85%A7%E7%89%87-%E8%8A%B1%E8%8F%B1%E8%8D%89%E9%BB%84%E8%89%B2-image8244488
http://cdn-ak.f.st-hatena.com/images/fotolife/y/yatsugatake/20100609/20100609150249.jpg	http://f.hatena.ne.jp/yatsugatake/20100609150249
https://thumbs.dreamstime.com/z/2%E6%A3%B5%E8%8A%B1%E8%8F%B1%E8%8D%89-589382.jpg	https://cn.dreamstime.com/%E5%9B%BE%E5%BA%93%E6%91%84%E5%BD%B1-2%E6%A3%B5%E8%8A%B1%E8%8F%B1%E8%8D%89-image589382
https://gss2.bdstatic.com/9fo3dSag_xI4khGkpoWK1HF6hhy/baike/s%3D220/sign=830cf2336159252da7171a06049a032c/203fb80e7bec54e76c240a37b8389b504ec26aca.jpg	https://baike.baidu.com/item/%E8%8A%B1%E8%8F%B1%E8%8D%89
http://www.imagewa.com/PhotoPreview/358/358_32868.jpg	http://www.imagewa.com/Photo/358/32868.html
http://a1.att.hudong.com/24/45/01300000202578121697455086386_s.jpg	http://www.baike.com/wiki/%E8%8A%B1%E8%8F%B1%E8%8D%89
http://plotyuki.sakura.ne.jp/photo/botanical/mid_img/page_04/080503_02.jpg	http://plotyuki.sakura.ne.jp/photo/botanical/botani_04.html
http://a4.att.hudong.com/88/48/01300000202578121697488335268_s.jpg	http://www.baike.com/wiki/%E8%8A%B1%E8%8F%B1%E8%8D%89
http://3.bp.blogspot.com/-ZnvNYKeTag8/VOXKUMLtpZI/AAAAAAAAEI4/SmMoqSOdqUo/s1600/img_show.jpeg	http://blog.igarden.com.tw/2004/06/5M40603.html
https://www.huabaike.com/uploads/allimg/sltimg/201703/58d4d3b113b9d.jpg	https://www.huabaike.com/hyjk/3675.html
http://www.hxzyy.com.cn/uploadfile/201072612335786875.jpg	http://www.hxzyy.com.cn/product_detail_1402.html
https://upload.wikimedia.org/wikipedia/commons/thumb/c/cb/Cal_poppy.jpg/220px-Cal_poppy.jpg	https://zh.wikipedia.org/wiki/%E8%8A%B1%E8%8F%B1%E8%8D%89
https://www.huabaike.com/uploads/allimg/artimg/201605/20160520170826_10057.jpg	https://www.huabaike.com/binghai/3678.html
https://www.huabaike.com/uploads/allimg/sltimg/201605/573ed341c24a0.jpg	https://m.huabaike.com/hyjk/3675.html
http://2.bp.blogspot.com/-E_GmgwQYkug/VOXKYLBGzvI/AAAAAAAAEJE/ycI3tZa-gQA/s1600/img_show%2B(1).jpeg	http://blog.igarden.com.tw/2004/06/5M40603.html
https://lovegreen.net/wp-content/uploads/2015/03/00629b220dd8f243feb2588d4cc4302d.jpg	https://lovegreen.net/languageofflower/p7895/
http://opic.tbscache.com/manage/articles/2014/07-24/D68D3F0D-59F5-4E2F-C0DD-07C96A4C13FD.jpg	http://www.tobosu.com/article/2014-07-17/113984.html
http://blogimg.goo.ne.jp/user_image/27/b5/40d7db2a1ef4ee04f5b132ffd274b0d3.jpg	http://blog.goo.ne.jp/mj2015/c/a063a5cb4c5d89629d4198649066765a
http://www.bfus.com.cn/bfus/upload/fckeditor/Image/zhyw/%E8%8A%B1%E8%8F%B1%E8%8D%89.jpg	http://www.bfus.com.cn/index/shiye_content.aspx?contentid=589&nodeid=82
http://img.xunhai.com/2015/11/26/14485138708115.jpg	http://www.xunhai.com/hualingcao/
http://art31.photozou.jp/pub/239/17239/photo/78815544_624.jpg	http://photozou.jp/photo/show/17239/78815544
https://www.huabaike.com/uploads/allimg/sltimg/201605/573ed2a9cb1dd.jpg	https://www.huabaike.com/cbzw/3656.html
http://www.language-of-flowers.com/data/se-653.jpg	http://www.language-of-flowers.com/hana/se-653/
http://images.nongmiao.com/big//trade/2014/06/29/23/1406292322508094.jpg	http://www.nongmiao.com/lwh3721/supplydetail-479802.html
https://thumbs.dreamstime.com/t/%E5%85%B3%E9%97%AD%E8%8A%B1%E8%8F%B1%E8%8D%89-%E8%89%B2%E9%A2%86%E5%9F%9F-72005780.jpg	https://cn.dreamstime.com/%E5%85%8D%E7%89%88%E7%A8%8E%E5%BA%93%E5%AD%98%E7%85%A7%E7%89%87-%E5%8F%91%E8%8A%BD%E8%8A%B1%E8%8F%B1%E8%8D%89-image19946328
http://p.d1xz.net/2015/2/4/103926682668.jpg	http://3g.d1xz.net/astro/huayu/art78183.aspx
http://opic.tbscache.com/manage/articles/2014/07-24/9C9C6169-A32A-82EE-3C2F-A350451C3B2B.jpg	http://www.tobosu.com/article/2014-07-24/114193.html
https://thumbs.dreamstime.com/z/%E8%8A%B1%E8%8F%B1%E8%8D%89-35438583.jpg	https://cn.dreamstime.com/%E5%BA%93%E5%AD%98%E7%85%A7%E7%89%87-%E8%8A%B1%E8%8F%B1%E8%8D%89-image35438583
http://www.youduo.com/forum/attachments/month_1110/20111022_9d5ed4b68930afbe006fuSv74BSL4xco.jpg	http://www.youduo.com/forum/thread-39245-1-2.html
https://img.imynest.com/uploads/A/49/A4926D3D8A.jpeg	https://www.imynest.com/content/32662.html
https://thumbs.dreamstime.com/z/%E8%8A%B1%E8%8F%B1%E8%8D%89-%E5%9C%A8%E5%8C%97%E6%B5%B7%E9%81%93-32584176.jpg	https://cn.dreamstime.com/%E5%85%8D%E7%89%88%E7%A8%8E%E5%BA%93%E5%AD%98%E5%9B%BE%E7%89%87-%E8%8A%B1%E8%8F%B1%E8%8D%89-%E5%9C%A8%E5%8C%97%E6%B5%B7%E9%81%93-image32584176
http://livedoor.blogimg.jp/nowar9jou/imgs/7/5/75c5471f.jpg	http://reokun.blog.jp/archives/55571730.html
http://b.blog.xuite.net/b/e/3/8/13221928/blog_82906/txt/14315919/0.jpg	http://blog.xuite.net/jhangyu.shyuanj/garden/14315919-%E8%8A%B1%E8%8F%B1%E8%8D%89%E7%A8%AE%E5%AD%90
http://s9.sinaimg.cn/mw690/003sae9dzy7aIF9WC9i78&690	http://blog.sina.com.cn/s/blog_bc9f8f830102wt80.html
https://4.bp.blogspot.com/-cBd8JIyM3Ew/WEnmTf8DtgI/AAAAAAAAe-0/XoAP6DUJE4A8vBGc_p9fOR4URRTwjwoOgCLcB/s1600/%25E5%25AC%25B0%25E7%25B2%259F_%25E9%25BA%2597%25E6%2598%25A5%25E8%258A%25B1%2B%25281%2529.JPG	http://bruce0342.blogspot.com/2016/12/blog-post_10.html
https://lovegreen.net/wp-content/uploads/2016/12/042404top.jpg	https://lovegreen.net/gardening/p69358/
http://livedoor.blogimg.jp/hatake0811-1951/imgs/7/c/7c57c495.jpg	http://1951.doorblog.jp/archives/cat_869171.html
https://www.huabaike.com/uploads/allimg/artimg/201605/20160520170558_33227.jpg	https://www.huabaike.com/hyjk/3675.html
http://www.flower-photo.info/upload/save_image/05071549_4fa770727e25b.jpg	http://www.flower-photo.info/products/detail.php?product_id=169
http://img.back2china.com/space/album/201704/28/212845k6z95zn4v19n9uiy.jpg	https://www.backchina.com/blog/355345/article-273050.html
https://www.huabaike.com/uploads/allimg/artimg/201703/20170324160751_30618.jpg	https://m.huabaike.com/jtyh/7909.html
https://www.kagiken.co.jp/new/kojimachi/flower/fl_24large.jpg	https://www.kagiken.co.jp/new/kojimachi/hana-hanabishisou_large.html
https://www.huabaike.com/uploads/allimg/artimg/201703/20170324160802_89832.jpg	https://m.huabaike.com/jtyh/7909.html
http://3.share.photo.xuite.net/tenesa898/1325864/9679135/425205061_m.jpg	http://blog.xuite.net/tenesa898/twblog/120085384-%E8%8A%B1%E8%8F%B1%E8%8D%89%E7%A8%AE%E6%A4%8D
https://cbu01.alicdn.com/img/ibank/2015/538/523/2211325835_1374213954.310x310.jpg	https://www.1688.com/pic/-BBA8C1E2B2DD.html
https://gss0.bdstatic.com/-4o3dSag_xI4khGkpoWK1HF6hhy/baike/w%3D268%3Bg%3D0/sign=b7da6bc6b54543a9f51bfdca262cedbf/b8389b504fc2d56281f665dfe51190ef76c66c01.jpg	https://baike.baidu.com/item/%E8%8A%B1%E8%8F%B1%E8%8D%89%E5%B1%9E
https://www.huabaike.com/uploads/allimg/artimg/201605/20160520170543_75494.jpg	https://www.huabaike.com/hyjk/3675.html
http://livedoor.blogimg.jp/hatake0811-1951/imgs/4/e/4e332389.jpg	http://1951.doorblog.jp/archives/cat_869171.html
https://thumbs.dreamstime.com/z/%E5%9C%A8%E7%99%BD%E8%89%B2%E5%92%8C%E9%BB%84%E8%89%B2%E7%9A%84%E8%8A%B1%E8%8F%B1%E8%8D%89-26761204.jpg	https://cn.dreamstime.com/%E5%BA%93%E5%AD%98%E5%9B%BE%E7%89%87-%E5%9C%A8%E7%99%BD%E8%89%B2%E5%92%8C%E9%BB%84%E8%89%B2%E7%9A%84%E8%8A%B1%E8%8F%B1%E8%8D%89-image26761204
http://3.bp.blogspot.com/-HWNvbTFH_Cc/VOXKYB-9xGI/AAAAAAAAEJM/NiGBImAaNrw/s1600/img_show%2B(2).jpeg	http://blog.igarden.com.tw/2004/06/5M40603.html
https://www.kagiken.co.jp/new/kojimachi/flower/fl_23large.jpg	https://www.kagiken.co.jp/new/kojimachi/hana-hanabishisou_large.html
http://i1.wp.com/tokyo-eastpark.com/wp-content/uploads/2017/06/RIMG9324.jpg?resize=1280%2C960	http://tokyo-eastpark.com/ukita/%E3%81%AF%E3%81%AA%E3%81%B3%E3%81%97%E3%81%9D%E3%81%86%E3%80%80%E3%80%80%E3%80%80%E3%80%80%E8%8A%B1%E8%8F%B1%E8%8D%89/
http://toyokyoudos.cocolog-nifty.com/photos/uncategorized/2013/04/29/dscn2870.jpg	http://toyokyoudos.cocolog-nifty.com/blog/2013/04/post-24d0.html
http://www.chachaba.com/news/uploads/allimg/170315/4216_170315141513_1.jpg	http://www.chachaba.com/news/html/zhuangxiu/zhuangshi/20170315_303576.html
http://www.huameixuan.top/upfile/files/%E8%8A%B1%E8%8F%B1%E8%8D%89%20(4).jpg	http://www.huameixuan.top/556/556/92
http://www.sycymm.top/upfile/files/%E8%8D%89%E8%8A%B1%E7%A7%8D%E5%AD%90/%E8%8A%B1%E8%8F%B1%E8%8D%89-%E6%A9%99%E8%89%B2%20(3).jpg	http://www.sycymm.top/557/559/64
https://shop.takii.co.jp/shop/img/product/l1/FHNA04.jpg	https://shop.takii.co.jp/CGI/shop/search/detail.cgi?item_code=FHNA04
https://www.huabaike.com/uploads/allimg/artimg/201703/20170324160739_18481.jpg	https://m.huabaike.com/jtyh/7909.html
https://thumbs.dreamstime.com/z/%E5%8F%8D%E5%AF%B9-%E8%8D%89%E8%83%8C%E6%99%AF%E7%9A%84%E6%A9%99%E8%89%B2eschscholzia-%E8%8A%B1%E8%8F%B1%E8%8D%89-74245342.jpg	https://cn.dreamstime.com/%E5%BA%93%E5%AD%98%E7%85%A7%E7%89%87-%E5%8F%8D%E5%AF%B9-%E8%8D%89%E8%83%8C%E6%99%AF%E7%9A%84%E6%A9%99%E8%89%B2eschscholzia-%E8%8A%B1%E8%8F%B1%E8%8D%89-image74245342
http://www.neipet.com/wp-content/uploads/2016/07/hualingcao.png	http://www.neipet.com/plant/28139.html
http://www.hana300.com/hanabi99.jpg	http://www.hana300.com/hanabi.html
http://www.cnhua.net/uploads/allimg/090605/2132215535-0_lit.JPG	http://www.cnhua.net/zhiwu/yingsuke/hualingcao/
https://thumbs.dreamstime.com/z/%E5%8F%8D%E5%AF%B9-%E8%8D%89%E8%83%8C%E6%99%AF%E7%9A%84%E6%A9%99%E8%89%B2eschscholzia-%E8%8A%B1%E8%8F%B1%E8%8D%89-74792073.jpg	https://cn.dreamstime.com/%E5%BA%93%E5%AD%98%E7%85%A7%E7%89%87-%E5%8F%8D%E5%AF%B9-%E8%8D%89%E8%83%8C%E6%99%AF%E7%9A%84%E6%A9%99%E8%89%B2eschscholzia-%E8%8A%B1%E8%8F%B1%E8%8D%89-image74792073
http://map1.zw3e.com:8080/zw_news_map/550/2016051/1462243183888880448.png	http://www.zw3e.com/see/f264i10.html
