
https://gss0.bdstatic.com/-4o3dSag_xI4khGkpoWK1HF6hhy/baike/c0%3Dbaike150%2C5%2C5%2C150%2C50/sign=79d7022b43540923be646b2cf331ba6c/bba1cd11728b47104d7401c4c9cec3fdfc03235b.jpg
https://gss0.bdstatic.com/94o3dSag_xI4khGkpoWK1HF6hhy/baike/c0%3Dbaike150%2C5%2C5%2C150%2C50/sign=4f6fb3f30046f21fdd395601974d0005/cb8065380cd791230f78697ca7345982b2b7801a.jpg
https://gss2.bdstatic.com/-fo3dSag_xI4khGkpoWK1HF6hhy/baike/c0%3Dbaike150%2C5%2C5%2C150%2C50/sign=f0bccf3022381f308a1485fbc868276d/91529822720e0cf3b959b3f30046f21fbe09aa08.jpg
https://gss3.bdstatic.com/7Po3dSag_xI4khGkpoWK1HF6hhy/baike/c0%3Dbaike150%2C5%2C5%2C150%2C50/sign=76257509566034a83defb0d3aa7a2231/71cf3bc79f3df8dc3e007399c711728b471028fd.jpg
https://gss1.bdstatic.com/-vo3dSag_xI4khGkpoWK1HF6hhy/baike/c0%3Dbaike150%2C5%2C5%2C150%2C50/sign=aeb99ddf3cd12f2eda08a6322eabbe07/d009b3de9c82d15819eaa5b98a0a19d8bc3e424a.jpg

https://gss2.bdstatic.com/-fo3dSag_xI4khGkpoWK1HF6hhy/baike/c0%3Dbaike150%2C5%2C5%2C150%2C50/sign=19c73e3b1a4c510fbac9ea4801304e48/d1a20cf431adcbefe88a9ef5acaf2edda2cc9f83.jpg
https://gss2.bdstatic.com/-fo3dSag_xI4khGkpoWK1HF6hhy/baike/c0%3Dbaike220%2C5%2C5%2C220%2C73/sign=03e150f6e5dde711f3df4ba4c686a57e/d058ccbf6c81800acf5b69fdb13533fa838b4783.jpg
https://gss3.bdstatic.com/-Po3dSag_xI4khGkpoWK1HF6hhy/baike/c0%3Dbaike150%2C5%2C5%2C150%2C50/sign=2e304009d1c8a786aa27425c0660a258/d1160924ab18972bdf28e039e6cd7b899e510a36.jpg
https://gss1.bdstatic.com/-vo3dSag_xI4khGkpoWK1HF6hhy/baike/c0%3Dbaike150%2C5%2C5%2C150%2C50/sign=e41c1d56d143ad4bb2234e92e36b31ca/4bed2e738bd4b31cba2e744887d6277f9e2ff837.jpg
https://gss3.bdstatic.com/7Po3dSag_xI4khGkpoWK1HF6hhy/baike/c0%3Dbaike150%2C5%2C5%2C150%2C50/sign=74d7cf8f510fd9f9b41a5d3b4444bf4f/0df431adcbef7609d419796c2edda3cc7cd99e37.jpg
https://gss2.bdstatic.com/9fo3dSag_xI4khGkpoWK1HF6hhy/baike/c0%3Dbaike220%2C5%2C5%2C220%2C73/sign=8169c57bc98065386fe7ac41f6b4ca21/8435e5dde71190ef64bcd2eacd1b9d16fdfa60bb.jpg
https://gss0.bdstatic.com/94o3dSag_xI4khGkpoWK1HF6hhy/baike/c0%3Dbaike220%2C5%2C5%2C220%2C73/sign=76b30e8c9d510fb36c147fc5b85aa3f0/f703738da97739122365c554fb198618367ae240.jpg

https://gss2.bdstatic.com/9fo3dSag_xI4khGkpoWK1HF6hhy/baike/c0%3Dbaike80%2C5%2C5%2C80%2C26/sign=20eae3aca60f4bfb98dd960662261395/d439b6003af33a874bb88c29c45c10385343b528.jpg
https://gss1.bdstatic.com/-vo3dSag_xI4khGkpoWK1HF6hhy/baike/crop%3D0%2C4%2C1024%2C677%3Bc0%3Dbaike116%2C5%2C5%2C116%2C38/sign=ad7d4de1720e0cf3b4b814bb3776de2b/4bed2e738bd4b31cba2e744887d6277f9e2ff837.jpg
https://gss3.bdstatic.com/7Po3dSag_xI4khGkpoWK1HF6hhy/baike/c0%3Dbaike220%2C5%2C5%2C220%2C73/sign=d23fc30539f33a878a600848a7357b5d/3801213fb80e7bec53e143d42c2eb9389b506bcf.jpg
https://gss1.bdstatic.com/-vo3dSag_xI4khGkpoWK1HF6hhy/baike/c0%3Dbaike80%2C5%2C5%2C80%2C26/sign=24a39dee5266d0166a14967af642bf62/bf096b63f6246b60114bac57ebf81a4c510fa24f.jpg

https://gss2.bdstatic.com/-fo3dSag_xI4khGkpoWK1HF6hhy/baike/c0%3Dbaike92%2C5%2C5%2C92%2C30/sign=8d2c6bb2c8ea15ce55e3e85bd7695196/7e3e6709c93d70cfb5d0af3af9dcd100baa12bda.jpg
https://gss1.bdstatic.com/9vo3dSag_xI4khGkpoWK1HF6hhy/baike/c0%3Dbaike92%2C5%2C5%2C92%2C30/sign=c42f3cd0902397ddc274905638ebd9d2/d53f8794a4c27d1e730c3ef31ad5ad6eddc438da.jpg
https://gss3.bdstatic.com/7Po3dSag_xI4khGkpoWK1HF6hhy/baike/c0%3Dbaike92%2C5%2C5%2C92%2C30/sign=c80108789f2f07084b082252884dd3fc/3801213fb80e7bec1b3019d62e2eb9389b506b1a.jpg
https://gss1.bdstatic.com/9vo3dSag_xI4khGkpoWK1HF6hhy/baike/c0%3Dbaike92%2C5%2C5%2C92%2C30/sign=36fb3ed8a8ec8a1300175fb2966afaea/9c16fdfaaf51f3ded558a35395eef01f3a29791a.jpg
https://gss2.bdstatic.com/9fo3dSag_xI4khGkpoWK1HF6hhy/baike/c0%3Dbaike92%2C5%2C5%2C92%2C30/sign=39c984888d5494ee932f074b4c9c8b9b/aec379310a55b31921d3874242a98226cffc17da.jpg
https://gss1.bdstatic.com/9vo3dSag_xI4khGkpoWK1HF6hhy/baike/c0%3Dbaike92%2C5%2C5%2C92%2C30/sign=90433924dc54564ef168ec6bd2b7f7e7/a8773912b31bb051210eb61f377adab44aede0db.jpg
https://gss2.bdstatic.com/-fo3dSag_xI4khGkpoWK1HF6hhy/baike/c0%3Dbaike92%2C5%2C5%2C92%2C30/sign=9c9b7e08d8f9d72a0369184fb5434351/fc1f4134970a304ea3c8bacdd0c8a786c9175c1a.jpg
https://gss2.bdstatic.com/9fo3dSag_xI4khGkpoWK1HF6hhy/baike/c0%3Dbaike92%2C5%2C5%2C92%2C30/sign=23df9781c8177f3e0439f45f11a650a2/1c950a7b02087bf4f8c652def3d3572c11dfcfdb.jpg
https://gss2.bdstatic.com/9fo3dSag_xI4khGkpoWK1HF6hhy/baike/c0%3Dbaike92%2C5%2C5%2C92%2C30/sign=c7ef23d0902397ddc274905638ebd9d2/d53f8794a4c27d1e70cc21f31ad5ad6eddc4381a.jpg
https://gss1.bdstatic.com/9vo3dSag_xI4khGkpoWK1HF6hhy/baike/c0%3Dbaike92%2C5%2C5%2C92%2C30/sign=8e8c94c57c1ed21b6dc426b7cc07b6a1/42166d224f4a20a44f3b39f091529822720ed0db.jpg
https://gss2.bdstatic.com/-fo3dSag_xI4khGkpoWK1HF6hhy/baike/c0%3Dbaike92%2C5%2C5%2C92%2C30/sign=c60e3923aa18972bb737089887a410ec/f31fbe096b63f6247d783c348644ebf81a4ca3db.jpg
https://gss1.bdstatic.com/9vo3dSag_xI4khGkpoWK1HF6hhy/baike/c0%3Dbaike92%2C5%2C5%2C92%2C30/sign=63bfe934c995d143ce7bec711299e967/d62a6059252dd42a092c049c023b5bb5c9eab8db.jpg
https://gss1.bdstatic.com/9vo3dSag_xI4khGkpoWK1HF6hhy/baike/c0%3Dbaike92%2C5%2C5%2C92%2C30/sign=780a831cb151f819e5280b18bbdd2188/b3b7d0a20cf431ad8af7460e4a36acaf2edd98db.jpg
https://gss1.bdstatic.com/-vo3dSag_xI4khGkpoWK1HF6hhy/baike/c0%3Dbaike92%2C5%2C5%2C92%2C30/sign=ec93b7d1267f9e2f6438155a7e598241/00e93901213fb80e36f464e037d12f2eb93894db.jpg
https://gss3.bdstatic.com/7Po3dSag_xI4khGkpoWK1HF6hhy/baike/c0%3Dbaike92%2C5%2C5%2C92%2C30/sign=32c65d8c4610b912abccfeaca2949766/63d0f703918fa0ecf72d7e3a279759ee3d6ddb1b.jpg
https://gss0.bdstatic.com/-4o3dSag_xI4khGkpoWK1HF6hhy/baike/c0%3Dbaike92%2C5%2C5%2C92%2C30/sign=2922c9ca7a899e516c83324623ceb256/0d338744ebf81a4c4dd7f6fed62a6059252da61b.jpg
https://gss0.bdstatic.com/94o3dSag_xI4khGkpoWK1HF6hhy/baike/c0%3Dbaike92%2C5%2C5%2C92%2C30/sign=5b28ad055bafa40f28cbc68fca0d682a/023b5bb5c9ea15ce1e0bfa3eb7003af33a87b21b.jpg
https://gss0.bdstatic.com/94o3dSag_xI4khGkpoWK1HF6hhy/baike/c0%3Dbaike92%2C5%2C5%2C92%2C30/sign=ad32f65b1138534398c28f73f27adb1b/738b4710b912c8fc5bd6f3fafd039245d68821db.jpg
https://gss2.bdstatic.com/-fo3dSag_xI4khGkpoWK1HF6hhy/baike/c0%3Dbaike92%2C5%2C5%2C92%2C30/sign=7448d904728da9775a228e79d138937c/96dda144ad3459828c6fffa50df431adcbef841b.jpg
https://gss2.bdstatic.com/-fo3dSag_xI4khGkpoWK1HF6hhy/baike/c0%3Dbaike92%2C5%2C5%2C92%2C30/sign=972788097aec54e755e1124cd851f035/7a899e510fb30f24f4bfe934c995d143ad4b03db.jpg
https://gss0.bdstatic.com/-4o3dSag_xI4khGkpoWK1HF6hhy/baike/c0%3Dbaike92%2C5%2C5%2C92%2C30/sign=5ed054f30bd162d991e36a4e70b6c289/e61190ef76c6a7ef92c3b211fcfaaf51f3de661b.jpg

https://gss1.bdstatic.com/-vo3dSag_xI4khGkpoWK1HF6hhy/baike/c0%3Dbaike180%2C5%2C5%2C180%2C60/sign=f29609f075c6a7efad2ba0749c93c434/b03533fa828ba61ebd5464004234970a304e5962.jpg
https://gss0.bdstatic.com/-4o3dSag_xI4khGkpoWK1HF6hhy/baike/c0%3Dbaike180%2C5%2C5%2C180%2C60/sign=bedc3f01abd3fd1f2204aa6851274e7a/1ad5ad6eddc451dabd9ca0c4b5fd5266d01632b2.jpg
