
https://gss2.bdstatic.com/9fo3dSag_xI4khGkpoWK1HF6hhy/baike/c0%3Dbaike92%2C5%2C5%2C92%2C30/sign=c3b77025c3cec3fd9f33af27b7e1bf5a/a1ec08fa513d2697234b85b455fbb2fb4216d8bb.jpg

https://gss0.bdstatic.com/94o3dSag_xI4khGkpoWK1HF6hhy/baike/c0%3Dbaike150%2C5%2C5%2C150%2C50/sign=d551a4d049540923be646b2cf331ba6c/bba1cd11728b4710e1f2a73fc3cec3fdfd032367.jpg
https://gss1.bdstatic.com/9vo3dSag_xI4khGkpoWK1HF6hhy/baike/c0%3Dbaike150%2C5%2C5%2C150%2C50/sign=491a6739513d26973ade000f3492d99e/023b5bb5c9ea15cedf25bafab6003af33b87b27e.jpg
https://gss2.bdstatic.com/9fo3dSag_xI4khGkpoWK1HF6hhy/baike/c0%3Dbaike150%2C5%2C5%2C150%2C50/sign=e20c3efe269759ee5e5d6899d3922873/5ab5c9ea15ce36d33fcfd9c33af33a87e850b17e.jpg
https://gss1.bdstatic.com/9vo3dSag_xI4khGkpoWK1HF6hhy/baike/c0%3Dbaike150%2C5%2C5%2C150%2C50/sign=92f326970923dd54357eaf3ab060d8bb/cc11728b4710b912911cac0dc3fdfc0393452267.jpg
https://gss3.bdstatic.com/-Po3dSag_xI4khGkpoWK1HF6hhy/baike/c0%3Dbaike272%2C5%2C5%2C272%2C90/sign=add5663490529822113e3191b6a310ae/c8ea15ce36d3d5395df655303a87e950342ab07e.jpg

https://gss1.bdstatic.com/9vo3dSag_xI4khGkpoWK1HF6hhy/baike/c0%3Dbaike92%2C5%2C5%2C92%2C30/sign=245d3a763901213fdb3e468e358e5db4/d50735fae6cd7b89371c342c0f2442a7d9330e28.jpg
https://gss3.bdstatic.com/7Po3dSag_xI4khGkpoWK1HF6hhy/baike/c0%3Dbaike92%2C5%2C5%2C92%2C30/sign=45949f904bfbfbedc8543e2d19999c53/c8ea15ce36d3d539a93b016c3a87e950352ab01e.jpg
https://gss2.bdstatic.com/9fo3dSag_xI4khGkpoWK1HF6hhy/baike/c0%3Dbaike80%2C5%2C5%2C80%2C26/sign=849098537cd98d1062d904634056d36b/34fae6cd7b899e51a5fe34bb42a7d933c8950d28.jpg
https://gss0.bdstatic.com/94o3dSag_xI4khGkpoWK1HF6hhy/baike/c0%3Dbaike80%2C5%2C5%2C80%2C26/sign=f128486f82025aafc73f76999a84c001/14ce36d3d539b6001ac80118e950352ac65cb71e.jpg
https://gss1.bdstatic.com/9vo3dSag_xI4khGkpoWK1HF6hhy/baike/c0%3Dbaike80%2C5%2C5%2C80%2C26/sign=52cbb99d5aafa40f28cbc68fca0d682a/37d3d539b6003af31bbcd2cf352ac65c1038b61e.jpg
https://gss2.bdstatic.com/9fo3dSag_xI4khGkpoWK1HF6hhy/baike/c0%3Dbaike92%2C5%2C5%2C92%2C30/sign=d9d690fb034f78f0940692a118586130/d439b6003af33a87cb6b0eb5c65c10385343b51e.jpg

https://gss3.bdstatic.com/-Po3dSag_xI4khGkpoWK1HF6hhy/baike/c0%3Dbaike150%2C5%2C5%2C150%2C50/sign=b09c7ad1034f78f0940692a118586130/29381f30e924b899e2709dbd6e061d950b7bf6e3.jpg
https://gss0.bdstatic.com/-4o3dSag_xI4khGkpoWK1HF6hhy/baike/c0%3Dbaike150%2C5%2C5%2C150%2C50/sign=43851fae9d16fdfacc61cebcd5e6e731/a9d3fd1f4134970ad424f4aa95cad1c8a6865de4.jpg
https://gss1.bdstatic.com/-vo3dSag_xI4khGkpoWK1HF6hhy/baike/c0%3Dbaike150%2C5%2C5%2C150%2C50/sign=2b714ca3fdfaaf5190ee89eded3dff8b/fc1f4134970a304ec075447fd1c8a786c8175ce4.jpg
https://gss2.bdstatic.com/-fo3dSag_xI4khGkpoWK1HF6hhy/baike/c0%3Dbaike150%2C5%2C5%2C150%2C50/sign=36812683afc3793169658e7b8aaddc20/b999a9014c086e0653e4dbce02087bf40bd1cbe3.jpg
https://gss2.bdstatic.com/-fo3dSag_xI4khGkpoWK1HF6hhy/baike/c0%3Dbaike150%2C5%2C5%2C150%2C50/sign=7b7c2c4faf51f3ded7bfb136f5879b7a/4034970a304e251f73a0007da786c9177e3e53e4.jpg

https://gss2.bdstatic.com/-fo3dSag_xI4khGkpoWK1HF6hhy/baike/c0%3Dbaike92%2C5%2C5%2C92%2C30/sign=bae18d2496dda144ce0464e0d3debbc7/8694a4c27d1ed21bb8c207d2ac6eddc451da3ff9.jpg

https://gss2.bdstatic.com/-fo3dSag_xI4khGkpoWK1HF6hhy/baike/c0%3Dbaike150%2C5%2C5%2C150%2C50/sign=ef3f23429c82d158af8f51e3e16372bd/c2fdfc039245d688ea091708a4c27d1ed21b2416.jpg
https://gss3.bdstatic.com/7Po3dSag_xI4khGkpoWK1HF6hhy/baike/c0%3Dbaike80%2C5%2C5%2C80%2C26/sign=2f0ec3dffbf2b211f0238d1cabe90e5d/fd039245d688d43fb8a2345e7d1ed21b0ef43b16.jpg
https://gss0.bdstatic.com/-4o3dSag_xI4khGkpoWK1HF6hhy/baike/c0%3Dbaike80%2C5%2C5%2C80%2C26/sign=ace667aaafc3793169658e7b8aaddc20/11385343fbf2b211470520e2ca8065380cd78e77.jpg
https://gss1.bdstatic.com/-vo3dSag_xI4khGkpoWK1HF6hhy/baike/c0%3Dbaike80%2C5%2C5%2C80%2C26/sign=22203f5f79310a55d029d6a6d62c28cc/5243fbf2b211931365685a1c65380cd791238d77.jpg
https://gss3.bdstatic.com/-Po3dSag_xI4khGkpoWK1HF6hhy/baike/c0%3Dbaike92%2C5%2C5%2C92%2C30/sign=db708face924b899ca31716a0f6f76f0/55e736d12f2eb9386818df5ed5628535e5dd6f21.jpg
https://gss1.bdstatic.com/-vo3dSag_xI4khGkpoWK1HF6hhy/baike/c0%3Dbaike92%2C5%2C5%2C92%2C30/sign=1c6c2805a9014c080d3620f76b12696d/2e2eb9389b504fc2202a15a9e5dde71190ef6d21.jpg

https://gss2.bdstatic.com/9fo3dSag_xI4khGkpoWK1HF6hhy/baike/c0%3Dbaike92%2C5%2C5%2C92%2C30/sign=eb09a4097aec54e755e1124cd851f035/7a899e510fb30f248891c534c995d143ad4b03f9.jpg

https://gss1.bdstatic.com/9vo3dSag_xI4khGkpoWK1HF6hhy/baike/c0%3Dbaike92%2C5%2C5%2C92%2C30/sign=630bcd0eb2de9c82b268f1dd0de8eb6f/f9198618367adab4bbbe32748ad4b31c8701e49f.jpg

https://gss2.bdstatic.com/9fo3dSag_xI4khGkpoWK1HF6hhy/baike/c0%3Dbaike150%2C5%2C5%2C150%2C50/sign=76b139be19d8bc3ed2050e98e3e2cd7b/8694a4c27d1ed21b14c4a261ad6eddc451da3f20.jpg
https://gss1.bdstatic.com/-vo3dSag_xI4khGkpoWK1HF6hhy/baike/c0%3Dbaike150%2C5%2C5%2C150%2C50/sign=4b3c63004aed2e73e8e48e7ee668caee/58ee3d6d55fbb2fb3e50d4964f4a20a44623dc3f.jpg
https://gss0.bdstatic.com/-4o3dSag_xI4khGkpoWK1HF6hhy/baike/c0%3Dbaike150%2C5%2C5%2C150%2C50/sign=25cd3e62277f9e2f6438155a7e598241/21a4462309f790521c64cbba0cf3d7ca7bcbd53f.jpg
https://gss0.bdstatic.com/-4o3dSag_xI4khGkpoWK1HF6hhy/baike/c0%3Dbaike150%2C5%2C5%2C150%2C50/sign=34df10b54c086e067ea5371963611091/7acb0a46f21fbe09e7254f906b600c338744ad3f.jpg
https://gss3.bdstatic.com/7Po3dSag_xI4khGkpoWK1HF6hhy/baike/c0%3Dbaike150%2C5%2C5%2C150%2C50/sign=e450d4964f4a20a425133495f13bf347/3b87e950352ac65cb77eeaf7fbf2b21193138a3f.jpg

https://gss3.bdstatic.com/7Po3dSag_xI4khGkpoWK1HF6hhy/baike/c0%3Dbaike92%2C5%2C5%2C92%2C30/sign=0e3bb32ac3cec3fd9f33af27b7e1bf5a/a1ec08fa513d2697eec746bb55fbb2fb4216d8c4.jpg
https://gss2.bdstatic.com/9fo3dSag_xI4khGkpoWK1HF6hhy/baike/c0%3Dbaike92%2C5%2C5%2C92%2C30/sign=7cd429b0d0160924c828aa49b56e5e9f/7acb0a46f21fbe09a14a8df26b600c338644adc4.jpg
https://gss3.bdstatic.com/7Po3dSag_xI4khGkpoWK1HF6hhy/baike/c0%3Dbaike80%2C5%2C5%2C80%2C26/sign=ac21c8c79313b07ea9b0585a6dbefa46/d788d43f8794a4c22acda8cd0ef41bd5ac6e396d.jpg
https://gss0.bdstatic.com/-4o3dSag_xI4khGkpoWK1HF6hhy/baike/c0%3Dbaike80%2C5%2C5%2C80%2C26/sign=1e5179de7bf40ad101e9cfb136457aba/a6efce1b9d16fdfabb7b8808b48f8c5495ee7bc4.jpg
https://gss0.bdstatic.com/94o3dSag_xI4khGkpoWK1HF6hhy/baike/c0%3Dbaike80%2C5%2C5%2C80%2C26/sign=a078e3f4720e0cf3b4fa46a96b2f997a/d058ccbf6c81800a29f2c7e8b13533fa838b47c4.jpg
https://gss1.bdstatic.com/-vo3dSag_xI4khGkpoWK1HF6hhy/baike/c0%3Dbaike80%2C5%2C5%2C80%2C26/sign=06698024b2119313d34ef7e2045167b2/9345d688d43f8794f1e806c8d21b0ef41ad53ac4.jpg
https://gss0.bdstatic.com/94o3dSag_xI4khGkpoWK1HF6hhy/baike/c0%3Dbaike80%2C5%2C5%2C80%2C26/sign=82b5aac00924ab18f41be96554938da8/f7246b600c3387443b2b609a510fd9f9d62aa06e.jpg
https://gss0.bdstatic.com/94o3dSag_xI4khGkpoWK1HF6hhy/baike/c0%3Dbaike80%2C5%2C5%2C80%2C26/sign=43b7799978f0f736ccf344536b3cd87c/342ac65c103853431321c8c79313b07ecb80886e.jpg
https://gss0.bdstatic.com/94o3dSag_xI4khGkpoWK1HF6hhy/baike/c0%3Dbaike80%2C5%2C5%2C80%2C26/sign=a95ffd00277f9e2f6438155a7e598241/7aec54e736d12f2eb1ece1864fc2d5628435686e.jpg
https://gss3.bdstatic.com/7Po3dSag_xI4khGkpoWK1HF6hhy/baike/c0%3Dbaike80%2C5%2C5%2C80%2C26/sign=4c4e789978f0f736ccf344536b3cd87c/342ac65c103853431cd8c9c79313b07ecb8088c5.jpg
https://gss0.bdstatic.com/94o3dSag_xI4khGkpoWK1HF6hhy/baike/c0%3Dbaike80%2C5%2C5%2C80%2C26/sign=6a274051e950352aa56c2d5a322a9097/4610b912c8fcc3ce932986d59245d688d53f206e.jpg
https://gss1.bdstatic.com/9vo3dSag_xI4khGkpoWK1HF6hhy/baike/c0%3Dbaike80%2C5%2C5%2C80%2C26/sign=cac7caa8ca8065386fe7ac41f6b4ca21/8694a4c27d1ed21b57206103ad6eddc450da3f6e.jpg
https://gss1.bdstatic.com/9vo3dSag_xI4khGkpoWK1HF6hhy/baike/c0%3Dbaike80%2C5%2C5%2C80%2C26/sign=b0a4db3a08fa513d45a7648c5c043e9e/9825bc315c6034a87ff4f667cb134954082376c5.jpg
https://gss1.bdstatic.com/9vo3dSag_xI4khGkpoWK1HF6hhy/baike/c0%3Dbaike80%2C5%2C5%2C80%2C26/sign=98d2acfc6059252db71a155655f2685e/d0c8a786c9177f3e2622b2eb70cf3bc79e3d56c5.jpg
https://gss1.bdstatic.com/9vo3dSag_xI4khGkpoWK1HF6hhy/baike/c0%3Dbaike80%2C5%2C5%2C80%2C26/sign=e955b15665380cd7f213aabfc02dc651/a5c27d1ed21b0ef442fed6b8ddc451da80cb3ec5.jpg
https://gss0.bdstatic.com/-4o3dSag_xI4khGkpoWK1HF6hhy/baike/c0%3Dbaike92%2C5%2C5%2C92%2C30/sign=3be9aeb48535e5dd8421ad8d17afcc8a/ac4bd11373f082022e84dfd94bfbfbedaa641bc5.jpg
https://gss2.bdstatic.com/-fo3dSag_xI4khGkpoWK1HF6hhy/baike/c0%3Dbaike92%2C5%2C5%2C92%2C30/sign=2460303b2e738bd4d02cba63c0e2ecb3/4a36acaf2edda3cc820df7c601e93901203f926f.jpg
https://gss2.bdstatic.com/9fo3dSag_xI4khGkpoWK1HF6hhy/baike/c0%3Dbaike80%2C5%2C5%2C80%2C26/sign=17ef2a0c81cb39dbd5cd6f04b17f6241/7acb0a46f21fbe09a1488df26b600c338644adc6.jpg
https://gss2.bdstatic.com/9fo3dSag_xI4khGkpoWK1HF6hhy/baike/c0%3Dbaike80%2C5%2C5%2C80%2C26/sign=700db42a1e178a82da3177f2976a18e8/902397dda144ad34aba9c961d0a20cf430ad85c6.jpg
https://gss2.bdstatic.com/9fo3dSag_xI4khGkpoWK1HF6hhy/baike/c0%3Dbaike80%2C5%2C5%2C80%2C26/sign=48c155a58bd4b31ce4319ce9e6bf4c1a/8c1001e93901213fba22003a54e736d12e2e95c6.jpg
https://gss0.bdstatic.com/-4o3dSag_xI4khGkpoWK1HF6hhy/baike/c0%3Dbaike80%2C5%2C5%2C80%2C26/sign=a5e3f900277f9e2f6438155a7e598241/7aec54e736d12f2ebd50e5864fc2d562843568fa.jpg
https://gss3.bdstatic.com/7Po3dSag_xI4khGkpoWK1HF6hhy/baike/c0%3Dbaike80%2C5%2C5%2C80%2C26/sign=bf84762c513d26973ade000f3492d99e/bd315c6034a85edf92d9b5c549540923dc5475fa.jpg
https://gss2.bdstatic.com/9fo3dSag_xI4khGkpoWK1HF6hhy/baike/c0%3Dbaike80%2C5%2C5%2C80%2C26/sign=18977fde7bf40ad101e9cfb136457aba/a6efce1b9d16fdfabdbd8e08b48f8c5495ee7b06.jpg
https://gss3.bdstatic.com/7Po3dSag_xI4khGkpoWK1HF6hhy/baike/c0%3Dbaike80%2C5%2C5%2C80%2C26/sign=a28ef8e3e5dde711f3df4ba4c686a57e/a50f4bfbfbedab6474a30526f736afc378311e06.jpg
https://gss1.bdstatic.com/-vo3dSag_xI4khGkpoWK1HF6hhy/baike/c0%3Dbaike80%2C5%2C5%2C80%2C26/sign=debdd3b8ddc451dae2fb04b9d7943903/0df3d7ca7bcb0a463777c0df6b63f6246a60affb.jpg
https://gss3.bdstatic.com/-Po3dSag_xI4khGkpoWK1HF6hhy/baike/c0%3Dbaike80%2C5%2C5%2C80%2C26/sign=4b30acd6baa1cd1111bb7a72d87ba399/f603918fa0ec08fae2d15b4159ee3d6d54fbda07.jpg
https://gss0.bdstatic.com/94o3dSag_xI4khGkpoWK1HF6hhy/baike/c0%3Dbaike80%2C5%2C5%2C80%2C26/sign=7bf4eafdd40735fa85fd46ebff3864d6/8644ebf81a4c510f0915aafc6059252dd52aa507.jpg
https://gss3.bdstatic.com/7Po3dSag_xI4khGkpoWK1HF6hhy/baike/c0%3Dbaike80%2C5%2C5%2C80%2C26/sign=ac45fff0cffc1e17e9b284632bf99d66/0dd7912397dda14442d82454b2b7d0a20df48607.jpg
https://gss0.bdstatic.com/94o3dSag_xI4khGkpoWK1HF6hhy/baike/c0%3Dbaike80%2C5%2C5%2C80%2C26/sign=7eeb60430a7b020818c437b303b099b6/91ef76c6a7efce1b8dfb802caf51f3deb58f6507.jpg
https://gss1.bdstatic.com/9vo3dSag_xI4khGkpoWK1HF6hhy/baike/c0%3Dbaike80%2C5%2C5%2C80%2C26/sign=3d1eaa1c7bcb0a46912f836b0a0a9d41/810a19d8bc3eb1350217ff5da61ea8d3fc1f4407.jpg
