
http://img.boqiicdn.com/Data/BK/A/1601/14/imagick34721452750670_y.jpg	http://www.boqii.com/entry/detail/2427.html
http://www.52yhua.com/uploads/allimg/160720/1-160H0221949.jpg	http://www.52yhua.com/lanketp/3064.html
http://pic1.huashichang.com/2015/0703/16/559643027688a.jpg	http://m.aihuhua.com/tupian/tupianch3.html
http://pic1.huashichang.com/2015/0703/16/559643032171f.jpg	http://www.aihuhua.com/tu/daiyedoulan.html
http://img.boqiicdn.com/Data/BK/P/imagick7191452763089.jpg	http://www.boqii.com/entry/detail/2427.html
http://www.huayugu.com.cn/uploads/allimg/160728/1-160HR206270-L.jpg	http://www.huayugu.com.cn/daiyedoulan/
http://img.boqiicdn.com/Data/BK/A/1601/14/imagick56681452752375_y.jpg	http://www.boqii.com/entry/detail/2427.html
http://blog.cdstm.cn/attachments/2012/05/_201205221119501T5Pp.jpg	http://www.taici.org/mingren/5bim5Y%2B25YWc5YWw.html
http://s1.sinaimg.cn/middle/66019f9ena7c84bf01000&690	http://blog.sina.com.cn/s/blog_66019f9e0102dqt1.html
https://gss1.bdstatic.com/-vo3dSag_xI4khGkpoWK1HF6hhy/baike/s%3D220/sign=0c65a436223fb80e08d166d506d02ffb/6d81800a19d8bc3ebcb9aecd818ba61ea8d34507.jpg	https://baike.baidu.com/item/%E5%B8%A6%E5%8F%B6%E5%85%9C%E5%85%B0
http://img.tulaoshi.com/201704/18/3cefc58af93193e96288eb4558958ccb.jpg	http://www.tulaoshi.com/daiyedoulan/
http://pic1.huashichang.com/2015/0703/16/55964300d6f48.jpg	http://m.aihuhua.com/tupian/tupiancgy.html
http://map1.zw3w.com:8080/zw_news_map/350/2014053/1401004958024054461.jpg	http://zwbk.idwoo.com/archives/tag/%E8%AE%A4%E8%AF%86%E5%B8%A6%E5%8F%B6%E5%85%9C%E5%85%B0%E5%B8%A6%E5%8F%B6%E5%85%9C%E5%85%B0%E7%9F%A5%E5%A4%9A%E5%B0%91
http://www.huaxiangyu.net/picture/img/daiyedoulan.jpg	http://www.huaxiangyu.net/h/daiyedoulan/fenbu.html
https://upload.wikimedia.org/wikipedia/commons/thumb/e/e6/Paphiopedilum_hirsutissimum_Orchi_01.jpg/220px-Paphiopedilum_hirsutissimum_Orchi_01.jpg	https://zh.wikipedia.org/wiki/%E5%B8%A6%E5%8F%B6%E5%85%9C%E5%85%B0
http://www.huayugu.com.cn/uploads/allimg/160728/1-160HR15R30-L.jpg	http://www.huayugu.com.cn/daiyedoulan/
http://www.huayugu.com.cn/uploads/allimg/160728/1-160HR150590-L.jpg	http://www.huayugu.com.cn/daiyedoulan/15408.html
http://www.huayugu.com.cn/uploads/allimg/160728/1-160HR200050-L.jpg	http://www.huayugu.com.cn/daiyedoulan/
http://www.huayugu.com.cn/uploads/allimg/160728/1-160HR203130-L.jpg	http://www.huayugu.com.cn/daiyedoulan/
http://www.huayugu.com.cn/uploads/allimg/160728/1-160HR149240-L.jpg	http://www.huayugu.com.cn/daiyedoulan/15407.html
http://pic1.huashichang.com/2015/0703/16/55964301c4b96.jpg	http://m.aihuhua.com/tupian/tupianch1.html
http://a0.att.hudong.com/67/39/300001141980130373399214313_s.jpg	http://www.baike.com/wiki/%E5%B8%A6%E5%8F%B6%E5%85%9C%E5%85%B0
http://www.huayugu.com.cn/uploads/allimg/160728/1-160HR204310-L.jpg	http://www.huayugu.com.cn/daiyedoulan/
http://img.xunhai.com/2015/11/26/14485428377602.jpg	http://www.xunhai.com/daiyedoulan/
http://www.52yhua.com/uploads/allimg/160720/1-160H0221952.jpg	http://www.52yhua.com/lanketp/3064.html
http://www.tigerorchid.net/orph/ph/Paph-hirsutissimum.jpg	http://www.tigerorchid.net/orph/phpage/paph-hirsutissimum.htm
http://202.192.143.142:8080/res/suite/di-temp/855170/%E6%A4%8D%E7%89%A9%E5%88%86%E7%B1%BB%E5%9B%BE%E5%BA%932/%E5%8D%95%E5%AD%90%E5%8F%B6%E6%A4%8D%E7%89%A9/%E5%85%B0%E7%A7%91/images/%E5%B8%A6%E5%8F%B6%E5%85%9C%E5%85%B0.jpg	http://202.192.143.142:8080/res/suite/di-temp/855170/%E6%A4%8D%E7%89%A9%E5%88%86%E7%B1%BB%E5%9B%BE%E5%BA%932/%E5%8D%95%E5%AD%90%E5%8F%B6%E6%A4%8D%E7%89%A9/%E5%85%B0%E7%A7%91/pages/%E5%B8%A6%E5%8F%B6%E5%85%9C%E5%85%B0.html
http://aba-flowers.com/upics/20130819/191716_927243_thum.jpg	http://aba-flowers.com/product_k_4_detail.php?id=50&path=4,18,66
http://pic1.huashichang.com/2015/0703/16/5596430087138.jpg	http://www.aihuhua.com/tupian/tupiancgx.html
http://pic1.huashichang.com/2015/0703/16/559643003e2d3.JPG	http://m.aihuhua.com/tupian/tupiancgw.html
http://www.52yhua.com/uploads/allimg/160720/1-160H0221941.jpg	http://www.52yhua.com/lanketp/3064.html
http://pic1.win4000.com/pic/4/db/a7231344573.jpg	http://www.win4000.com/meinv112675_9.html
http://www.zhiwutong.com/tu/cvh/liubing/044/09001294.jpg	http://www.zhiwutong.com/dan_tu/56/45413.htm
http://pic1.huashichang.com/2015/0703/16/5596430133a96.jpg	http://www.aihuhua.com/tupian/tupiancgz.html
http://img.xunhai.com/2015/11/26/144854273633620.jpg	http://www.xunhai.com/daiyedoulan/
http://pic1.win4000.com/pic/4/db/a7231344565.jpg	http://www.win4000.com/meinv112675.html
http://z.xiziwang.net/uploads/allimg/140828/14_140828075952_1.jpg	http://z.xiziwang.net/hua/14892/
http://www.www-www.com.cn/gb/doulan/amxdl.JPG	http://www.www-www.com.cn/gb/doulan/dlbq.html
http://www.52yhua.com/uploads/allimg/160720/1-160H0221938.jpg	http://www.52yhua.com/lanketp/3064.html
http://pic1.win4000.com/pic/4/db/a7231344571.jpg	http://www.win4000.com/meinv112675_7.html
http://202.85.209.91/ckeditor/userfiles/images/%E5%B8%A6%E5%8F%B6%E5%85%9C%E5%85%B0.JPG	http://202.85.209.91/tpwc/ff8080815499ee65015552ea434000a7.html
https://cdn.huaniaoy.cn/20160131/original/1454255155670.jpg@!pic280zw	https://www.huaniaoy.com/yangzhifangfa/386/
http://img01.hua.com/uploadpic/images/201637141715761722.jpeg	http://www.hua.com/huayu/14937.html
http://www.huayugu.com.cn/uploads/allimg/160728/1-160HR155410-L.jpg	http://www.huayugu.com.cn/daiyedoulan/15411.html
https://cdn.huaniaoy.cn/20151216/original/1450278186502.jpg@!pic280zw	https://www.huaniaoy.com/yangzhifangfa/386/
http://www.38fan.com/uploads/allimg/170405/60_170405165905_1.png	http://www.38fan.com/zhiwu/20170405158207.html
http://www.38fan.com/uploads/allimg/170405/60_170405165835_1.png	http://www.38fan.com/zhiwu/20170405158207.html
http://www.wanfengly.com/imageRepository/2ea52f3a-acf8-46a4-9691-5d288b84dcc5.JPG	http://www.wanfengly.com/cprxcpnr/productId=145.html
https://cdn.huaniaoy.cn/20151216/original/1450279782408.jpg@!pic280zw	https://www.huaniaoy.com/yangzhifangfa/386/
http://www.38fan.com/uploads/allimg/170405/60_170405165819_1.png	http://www.38fan.com/zhiwu/20170405158207.html
http://img.boqiicdn.com/Data/BK/A/1601/14/imagick50041452752839_y.jpg	http://www.boqii.com/entry/detail/2427.html
http://www.38fan.com/uploads/allimg/170405/60_170405165848_1.png	http://www.38fan.com/zhiwu/20170405158207.html
http://www.52yhua.com/uploads/allimg/161010/1-161010213251.jpg	http://m.52yhua.com/lanke/6021.html
http://www.38fan.com/uploads/allimg/170405/60_170405165932_1.png	http://www.38fan.com/zhiwu/20170405158207.html
http://www.38fan.com/uploads/allimg/170405/60_170405165920_1.png	http://www.38fan.com/zhiwu/20170405158207.html
http://www.wed114.cn/jiehun/uploads/allimg/160714/54_160714115903_1.jpg	http://www.wed114.cn/jiehun/zhiwu/20160714149648.html
http://img.pconline.com.cn/images/upload/upc/tx/photoblog/1601/20/c7/17745844_1453270152011_mthumb.jpg	http://dp.pconline.com.cn/photo/3603825.html
https://gss1.bdstatic.com/9vo3dSag_xI4khGkpoWK1HF6hhy/baike/w%3D400/sign=72d3bf4ade0735fa91f04fb9ae500f9f/3812b31bb051f8195fd31e1bd0b44aed2f73e7e9.jpg	https://baike.baidu.com/item/%E5%B8%A6%E5%8F%B6%E5%85%9C%E5%85%B0
http://www.aihuawang.com/uploads/allimg/080915/12214FE531064B4.jpg	http://www.aihuawang.com/html/plant/orchid/200809/15-2618.html
http://img.boqiicdn.com/Data/BK/A/1601/14/imagick82041452752322_y.jpg	http://www.boqii.com/article/25927.html
http://www.sinaimg.cn/dy/slidenews/1_img/2014_18/53963_411447_654695.jpg	http://slide.news.sina.com.cn/slide_1_53963_58527.html
http://s2.sinaimg.cn/middle/66019f9ena7c84c428b21&690	http://blog.sina.com.cn/s/blog_66019f9e0102dqt1.html
http://pic1.win4000.com/pic/7/0a/8b0b1344544.jpg_195.jpg	http://www.win4000.com/meinv112675.html
http://s14.sinaimg.cn/middle/66019f9ena7c84bca352d&690	http://blog.sina.com.cn/s/blog_66019f9e0102dqt1.html
http://s11.sinaimg.cn/mw690/001O4R1czy6PZVqE9ei9a&690	http://blog.sina.com.cn/s/blog_62b62efe0102vlno.html
http://www.aihuawang.com/uploads/allimg/080915/12214FE23052055.jpg	http://www.aihuawang.com/html/plant/orchid/200809/15-2618.html
http://s16.sinaimg.cn/mw690/0065Eniygy70YNtbDBB0f	http://blog.sina.com.cn/s/blog_14c9ca42a0102wf08.html
http://pic.cnk8.com/pic/img/alicdn/server/imgextra/i2/2362076905/TB2yQ3HcpXXXXXzXXXXXXXXXXXX_!!2362076905.jpg	http://baise.cnk8.com/shop/c5/tdd9ecba5998.html
http://img.xunhai.com/2015/11/26/144854277871661.jpg	http://www.xunhai.com/daiyedoulan/
http://gw.alicdn.com/bao/uploaded/i4/TB1CVQJKXXXXXc_XFXXXXXXXXXX_!!0-item_pic.jpg_200x200.jpg_.webp	https://m.taobao.com/article/CZE9B3CvC4C9GlFN.html
http://www.huafensi.com/uploads/allimg/141216/1-141216202932643.jpg	http://www.huafensi.com/huahui/daiyedoulan_603.html
http://gw.alicdn.com/bao/uploaded/i4/3254524286/TB2LRa6pORnpuFjSZFCXXX2DXXa_!!3254524286.jpg_200x200.jpg_.webp	https://m.taobao.com/article/CZE9B3CvC4C9GlFN.html
http://img.xunhai.com/2015/11/26/144854281856687.jpg	http://www.xunhai.com/daiyedoulan/
http://img.xunhai.com/2015/11/26/1448542757450.jpg	http://www.xunhai.com/daiyedoulan/
https://cdn.huaniaoy.cn/20160131/original/1454254682409.jpg@!pic280zw	https://www.huaniaoy.com/yangzhifangfa/386/
http://www.zhiwutong.com/tu/cvh/yushengxiang/000187.jpg	http://www.zhiwutong.com/dan_tu/54/43561.htm
http://www.wed114.cn/jiehun/uploads/allimg/160714/54_160714115912_1.jpg	http://www.wed114.cn/jiehun/zhiwu/20160714149648.html
http://img.boqiicdn.com/Data/BK/A/1601/14/imagick79151452752785_y.jpg	http://www.boqii.com/article/25928.html
http://img.boqiicdn.com/Data/BK/A/1601/14/imagick79521452750630_y.jpg	http://www.boqii.com/tag/28829/
https://gw.alicdn.com/bao/uploaded/i4/TB1RP47HFXXXXXsapXXXXXXXXXX_!!0-item_pic.jpg_230x230.jpg	https://www.taobao.com/article/FRCpFhFJA1FKEcB0.html
http://pic1.huashichang.com/2015/0703/16/559642ffe14a4_200_140.jpg	http://www.aihuhua.com/tu/daiyedoulan.html
http://s5.sinaimg.cn/mw690/002BzA5pzy7b0FEpmg454&690	http://blog.sina.com.cn/s/blog_8e4de7d70102x4ac.html
http://img01.sogoucdn.com/net/a/100520101/link?appid=100520101&url=http://mmbiz.qpic.cn/mmbiz/7joDmZN5T7cteuMyfLNYcBsmuMyRicytr3O4TYoXfUQWo9Y23IaRibvWr7H6ZnzshDTPOmhtoGVufekHU9boRfPQ/0?wx_fmt=jpeg	http://baike.m.sogou.com/baike/weixinArticle.jsp?lid=74524006&g_ut=3&title=%E5%B8%A6%E5%8F%B6%E5%85%9C%E5%85%B0
http://s7.sinaimg.cn/mw690/002BzA5pzy7b0FhgWLs56&690	http://blog.sina.com.cn/s/blog_8e4de7d70102x4ac.html
http://s16.sinaimg.cn/mw690/002BzA5pzy7b0Fsd6CX3f&690	http://blog.sina.com.cn/s/blog_8e4de7d70102x4ac.html
http://s9.sinaimg.cn/mw690/002BzA5pzy7b0Fuss8od8&690	http://blog.sina.com.cn/s/blog_8e4de7d70102x4ac.html
http://s15.sinaimg.cn/mw690/002BzA5pzy7b0Ffv7XMee&690	http://blog.sina.com.cn/s/blog_8e4de7d70102x4ac.html
http://s16.sinaimg.cn/mw690/002BzA5pzy7b0FCCOgn4f&690	http://blog.sina.com.cn/s/blog_8e4de7d70102x4ac.html
http://image.sciencenet.cn/album/201704/20/205607dwubm538x445tf65.jpg	http://wap.sciencenet.cn/blogview.aspx?id=1050130
http://gw.alicdn.com/bao/uploaded/i3/364316414/TB2iDUHnpXXXXXhXXXXXXXXXXXX_!!364316414.jpg_200x200.jpg_.webp	https://m.taobao.com/article/CZE9B3CvC4C9GlFN.html
http://s12.sinaimg.cn/middle/66019f9ena7c84cadfe3b&690	http://blog.sina.com.cn/s/blog_66019f9e0102dqt1.html
http://www.zhiwutong.com/tu/cvh/xkzx/xk002/DSCN20010.jpg	http://www.zhiwutong.com/dan_tu/52/41711.htm
http://www.cnhua.net/uploads/allimg/090428/1356035061-0.jpg	http://www.cnhua.net/minghua/lanhua/Paphiopedilum_micranthum.html
http://www.chinabaike.com/article/396/hm/2008/20080318/mm/img/20083191336244677801.jpg	http://www.chinabaike.com/article/396/hm/2008/200803191201380.html
http://img02.sogoucdn.com/net/a/100520101/link?appid=100520101&url=http://mmbiz.qpic.cn/mmbiz/znjV5hCMib0y0BLF5MO26KQWqORgakPicHlQQFCEIDEsewg243zkicsgkLQyzDdm1xjsOogrJeUhxicVmkgPxuIOhA/0	http://baike.m.sogou.com/baike/weixinArticle.jsp?lid=74524006&g_ut=3&title=%E5%B8%A6%E5%8F%B6%E5%85%9C%E5%85%B0
http://s1.sinaimg.cn/middle/66019f9ena7c84a90fe20&690	http://blog.sina.com.cn/s/blog_66019f9e0102dqt1.html
http://s6.sinaimg.cn/mw690/001O4R1czy6PZVvS3Pf55&690	http://blog.sina.com.cn/s/blog_62b62efe0102vlno.html
http://a0.att.hudong.com/38/73/01300001182893130304737957644_s.jpg	http://www.baike.com/wiki/%E5%85%9C%E5%85%B0%E5%B1%9E
http://s11.sinaimg.cn/mw690/001O4R1czy6PZVDjiGu0a&690	http://blog.sina.com.cn/s/blog_62b62efe0102vlno.html
http://s12.sinaimg.cn/mw690/001O4R1czy6PZVDkusrcb&690	http://blog.sina.com.cn/s/blog_62b62efe0102vlno.html
