
https://gss2.bdstatic.com/9fo3dSag_xI4khGkpoWK1HF6hhy/baike/c0%3Dbaike116%2C5%2C5%2C116%2C38/sign=a62e3bbae9f81a4c323fe49bb6430b3c/9213b07eca806538a6ca2ddd95dda144ac3482d8.jpg
https://gss3.bdstatic.com/7Po3dSag_xI4khGkpoWK1HF6hhy/baike/c0%3Dbaike180%2C5%2C5%2C180%2C60/sign=3f7212ff4e086e067ea5371963611091/d6ca7bcb0a46f21f39e2d09df4246b600d33ae2e.jpg
https://gss3.bdstatic.com/-Po3dSag_xI4khGkpoWK1HF6hhy/baike/c0%3Dbaike150%2C5%2C5%2C150%2C50/sign=a7ee6b3479cb0a46912f836b0a0a9d41/b17eca8065380cd73a3e2b23a344ad34588281d8.jpg
https://gss2.bdstatic.com/9fo3dSag_xI4khGkpoWK1HF6hhy/baike/c0%3Dbaike150%2C5%2C5%2C150%2C50/sign=ad45d03d73cf3bc7fc0dc5beb069d1c4/e7cd7b899e510fb3c5685ba7da33c895d1430c88.jpg
https://gss1.bdstatic.com/-vo3dSag_xI4khGkpoWK1HF6hhy/baike/c0%3Dbaike80%2C5%2C5%2C80%2C26/sign=ab62beefcd1b9d169eca923392b7dfea/79f0f736afc37931d7f1aa19e8c4b74543a91160.jpg
https://gss2.bdstatic.com/-fo3dSag_xI4khGkpoWK1HF6hhy/baike/c0%3Dbaike80%2C5%2C5%2C80%2C26/sign=794bd71b9e16fdfacc61cebcd5e6e731/f636afc379310a556dbdf2c4b44543a982261060.jpg
https://gss3.bdstatic.com/-Po3dSag_xI4khGkpoWK1HF6hhy/baike/c0%3Dbaike80%2C5%2C5%2C80%2C26/sign=b795941002e93901420f856c1a853f82/7a899e510fb30f2489ebc033cb95d143ad4b0388.jpg
https://gss0.bdstatic.com/-4o3dSag_xI4khGkpoWK1HF6hhy/baike/c0%3Dbaike116%2C5%2C5%2C116%2C38/sign=04b0dacec0fdfc03f175ebeab556ecf1/9f510fb30f2442a7157fd195d243ad4bd1130288.jpg
https://gss1.bdstatic.com/-vo3dSag_xI4khGkpoWK1HF6hhy/baike/c0%3Dbaike80%2C5%2C5%2C80%2C26/sign=cca52001223fb80e18dc698557b8444b/0eb30f2442a7d93305d9c843ae4bd11373f00188.jpg
https://gss1.bdstatic.com/-vo3dSag_xI4khGkpoWK1HF6hhy/baike/c0%3Dbaike150%2C5%2C5%2C150%2C50/sign=168efd698444ebf8797c6c6db890bc4f/5882b2b7d0a20cf44c433ab575094b36adaf998d.jpg
https://gss2.bdstatic.com/9fo3dSag_xI4khGkpoWK1HF6hhy/baike/c0%3Dbaike80%2C5%2C5%2C80%2C26/sign=bd0ead8f42a7d933aba5ec21cc22ba76/242dd42a2834349bb186f91ec9ea15ce37d3bead.jpg
https://gss3.bdstatic.com/-Po3dSag_xI4khGkpoWK1HF6hhy/baike/c0%3Dbaike92%2C5%2C5%2C92%2C30/sign=c412774a7c3e6709aa0d4dad5aaef458/0b7b02087bf40ad1014d4c8e542c11dfa9ecce36.jpg

https://gss0.bdstatic.com/-4o3dSag_xI4khGkpoWK1HF6hhy/baike/c0%3Dbaike80%2C5%2C5%2C80%2C26/sign=5a1dddcd42ed2e73e8e48e7ee668caee/a2cc7cd98d1001e955662646b00e7bec54e79724.jpg
https://gss2.bdstatic.com/9fo3dSag_xI4khGkpoWK1HF6hhy/baike/crop%3D0%2C4%2C1024%2C675%3Bc0%3Dbaike116%2C5%2C5%2C116%2C38/sign=9e7c7aab53b5c9ea76bc59a3e8099a34/10dfa9ec8a136327c8378e93998fa0ec09fac7bc.jpg
https://gss0.bdstatic.com/94o3dSag_xI4khGkpoWK1HF6hhy/baike/c0%3Dbaike80%2C5%2C5%2C80%2C26/sign=e2af078d13d5ad6ebef46cb8e0a252be/9922720e0cf3d7ca4b7f033ffa1fbe096a63a9e9.jpg
https://gss2.bdstatic.com/9fo3dSag_xI4khGkpoWK1HF6hhy/baike/c0%3Dbaike80%2C5%2C5%2C80%2C26/sign=6dee99232f2dd42a4b0409f9625230d0/a686c9177f3e670973f989b531c79f3df9dc55fb.jpg

https://gss2.bdstatic.com/-fo3dSag_xI4khGkpoWK1HF6hhy/baike/c0%3Dbaike80%2C5%2C5%2C80%2C26/sign=6791ee699c82d158af8f51e3e16372bd/2f738bd4b31c87011713da61277f9e2f0608ff94.jpg
https://gss3.bdstatic.com/-Po3dSag_xI4khGkpoWK1HF6hhy/baike/c0%3Dbaike80%2C5%2C5%2C80%2C26/sign=0053cdd3034f78f0940692a118586130/e850352ac65c1038a8fd9d45b2119313b17e89b2.jpg
https://gss1.bdstatic.com/9vo3dSag_xI4khGkpoWK1HF6hhy/baike/c0%3Dbaike80%2C5%2C5%2C80%2C26/sign=0b9766431bd5ad6ebef46cb8e0a252be/9922720e0cf3d7caa24762f1f21fbe096a63a980.jpg
https://gss2.bdstatic.com/9fo3dSag_xI4khGkpoWK1HF6hhy/baike/c0%3Dbaike80%2C5%2C5%2C80%2C26/sign=6c83ba99b9389b502cf2e800e45c8eb8/ac4bd11373f0820200fd31b84bfbfbedaa641bcd.jpg

https://gss2.bdstatic.com/-fo3dSag_xI4khGkpoWK1HF6hhy/baike/c0%3Dbaike92%2C5%2C5%2C92%2C30/sign=9e1dbd1e8718367ab984778f4f1ae0b1/0df431adcbef7609657ae9a82fdda3cc7cd99e97.jpg
https://gss1.bdstatic.com/9vo3dSag_xI4khGkpoWK1HF6hhy/baike/c0%3Dbaike92%2C5%2C5%2C92%2C30/sign=f17ddd25730e0cf3b4fa46a96b2f997a/9358d109b3de9c82b07789b86d81800a19d843f2.jpg
https://gss3.bdstatic.com/7Po3dSag_xI4khGkpoWK1HF6hhy/baike/c0%3Dbaike92%2C5%2C5%2C92%2C30/sign=84d75f4b500fd9f9b41a5d3b4444bf4f/a9d3fd1f4134970a5f61601894cad1c8a7865df2.jpg

https://gss1.bdstatic.com/-vo3dSag_xI4khGkpoWK1HF6hhy/baike/c0%3Dbaike92%2C5%2C5%2C92%2C30/sign=120665a3472309f7f362a54013676796/48540923dd54564ecf14940eb2de9c82d1584f97.jpg

https://gss2.bdstatic.com/-fo3dSag_xI4khGkpoWK1HF6hhy/baike/c0%3Dbaike92%2C5%2C5%2C92%2C30/sign=e908aeff1b4c510fbac9ea4801304e48/a71ea8d3fd1f4134f9467549241f95cad1c85e97.jpg
https://gss0.bdstatic.com/-4o3dSag_xI4khGkpoWK1HF6hhy/baike/c0%3Dbaike92%2C5%2C5%2C92%2C30/sign=698273d4d439b60059c307e588395e4f/71cf3bc79f3df8dcad4cffa6cc11728b47102897.jpg
https://gss1.bdstatic.com/-vo3dSag_xI4khGkpoWK1HF6hhy/baike/c0%3Dbaike92%2C5%2C5%2C92%2C30/sign=240af9365d6034a83defb0d3aa7a2231/cefc1e178a82b901f7bfb304728da9773912eff3.jpg
https://gss1.bdstatic.com/9vo3dSag_xI4khGkpoWK1HF6hhy/baike/c0%3Dbaike92%2C5%2C5%2C92%2C30/sign=8073fd097aec54e755e1124cd851f035/7a899e510fb30f24e3eb9c34c995d143ad4b0397.jpg
https://gss2.bdstatic.com/9fo3dSag_xI4khGkpoWK1HF6hhy/baike/c0%3Dbaike92%2C5%2C5%2C92%2C30/sign=ea61601894cad1c8c4b6f4751e570c6c/a8014c086e061d95d054470f7af40ad162d9caf3.jpg
https://gss1.bdstatic.com/9vo3dSag_xI4khGkpoWK1HF6hhy/baike/c0%3Dbaike92%2C5%2C5%2C92%2C30/sign=243e378c4610b912abccfeaca2949766/63d0f703918fa0ece1d5143a279759ee3d6ddbf3.jpg
https://gss0.bdstatic.com/-4o3dSag_xI4khGkpoWK1HF6hhy/baike/c0%3Dbaike92%2C5%2C5%2C92%2C30/sign=498694cfa686c9171c0e5a6ba8541baa/6f061d950a7b0208a7b84fd663d9f2d3572cc890.jpg

https://gss3.bdstatic.com/-Po3dSag_xI4khGkpoWK1HF6hhy/baike/c0%3Dbaike116%2C5%2C5%2C116%2C38/sign=ce4e4f3c79f08202399f996d2a929088/3812b31bb051f819e51da855d0b44aed2e73e7f1.jpg
https://gss1.bdstatic.com/-vo3dSag_xI4khGkpoWK1HF6hhy/baike/c0%3Dbaike150%2C5%2C5%2C150%2C50/sign=7a6e3c6ba7345982d187edc06d9d5ac8/f2deb48f8c5494ee1daca70627f5e0fe99257e27.jpg
https://gss1.bdstatic.com/-vo3dSag_xI4khGkpoWK1HF6hhy/baike/c0%3Dbaike116%2C5%2C5%2C116%2C38/sign=cecac69ac3ea15ce55e3e85bd7695196/0df431adcbef760986c7318024dda3cc7dd99ee5.jpg
https://gss3.bdstatic.com/-Po3dSag_xI4khGkpoWK1HF6hhy/baike/c0%3Dbaike92%2C5%2C5%2C92%2C30/sign=1722abfe252eb938f86072a0b40bee50/0e2442a7d933c89592863064db1373f082020030.jpg
https://gss0.bdstatic.com/94o3dSag_xI4khGkpoWK1HF6hhy/baike/c0%3Dbaike92%2C5%2C5%2C92%2C30/sign=5f65ba50942f07084b082252884dd3fc/3801213fb80e7bec8c54abfe252eb9389b506b27.jpg
