
http://s2.zimgs.cn/ims?kt=url&at=ori&key=aHR0cDovL2IuaGlwaG90b3MuYmFpZHUuY29tL2JhaWtlL3MlM0QyMjAvc2lnbj05ZmQxNTVkYjdlZDk4ZDEwNzJkNDBiMzMxMTNmYjgwNy9iMmRlOWM4MmQxNThjY2JmZGQ4ZDc2MWQxYmQ4YmMzZWIxMzU0MWUwLmpwZw==&sign=yx:NULiNW4Byl4XBN02qSwU3P_FTzo=&tv=0_0&x.jpg	http://www.baike.com/wiki/%E8%87%AD%E7%89%A1%E4%B8%B9
http://a4.att.hudong.com/21/46/01100000000000144736463315041_s.jpg	http://www.baike.com/wiki/%E8%87%AD%E7%89%A1%E4%B8%B9
http://img.tulaoshi.com/image/20160823/78ab0a83a91232faaef197734b57d701.jpg	http://www.tulaoshi.com/choumudan/
http://gate.sinovision.net:82/gate/big5/cdnwww.sinovision.net/data/attachment/album/201411/03/172320e6agk2k5c6i6inu4.jpg	http://gate.sinovision.net:82/gate/big5/blog.sinovision.net/home/space/do/blog/uid/30435/id/239731.html
http://www.yuhuagu.com/uploads/allimg/120610/10-120610202357.jpg	http://www.yuhuagu.com/ktsh/3251.html
http://a2.att.hudong.com/16/46/01100000000000144736463383164_s.jpg	http://www.baike.com/wiki/%E8%87%AD%E7%89%A1%E4%B8%B9
http://www.cnhua.net/uploads/allimg/090629/194F02c6-0.JPG	http://www.cnhua.net/zhiwu/mabiancaoke/chumudan/
http://a4.att.hudong.com/04/46/01100000000000144736463416053_s.jpg	http://www.baike.com/wiki/%E8%87%AD%E7%89%A1%E4%B8%B9
http://hnhm.net.cn/file/upload/201304/20/23-11-54-42-1.jpg	http://www.hnhm.net.cn/school/show-5634.html
http://kplant.biodiv.tw/%E8%87%AD%E7%89%A1%E4%B8%B9/%E8%87%AD%E7%89%A1%E4%B8%B903.JPG	http://kplant.biodiv.tw/%E8%87%AD%E7%89%A1%E4%B8%B9/%E8%87%AD%E7%89%A1%E4%B8%B9.htm
http://e.share.photo.xuite.net/bruce0342/1e07d09/10988318/512904939_m.jpg	http://bruce0342.blogspot.com/2009/01/blog-post_16.html
https://i2.kknews.cc/large/d000005311fdb093927	https://kknews.cc/science/x8o98q.html
http://img.zwbk.org/baike/spic/2011/08/12/2011081209494863_8006.jpg	http://www.zwbk.org/zh-tw/Lemma_Show/203109.aspx
http://e.share.photo.xuite.net/bruce0342/1e07db9/10988318/512910235_m.jpg	http://bruce0342.blogspot.com/2009/01/blog-post_16.html
http://www.baihuamen.com/d/file/2014/05-25/e3949c5837323948d0147d88a27399b2.jpg	http://www.baihuamen.com/choumudan/16234_7.html
http://img.ph.126.net/6ZJ0t7UD1mcolzBkV_32ag==/3687885144863045386.jpg	http://bd1560.blog.163.com/blog/static/831637201053054414346/
https://gss0.bdstatic.com/94o3dSag_xI4khGkpoWK1HF6hhy/baike/s%3D220/sign=1e6d89faf71f4134e437027c151e95c1/962bd40735fae6cdc3fabf7805b30f2442a70f58.jpg	https://baike.baidu.com/item/%E8%87%AD%E7%89%A1%E4%B8%B9
https://5.share.photo.xuite.net/orestes777/15d82ae/10619695/492135039_m.jpg	http://blog.xuite.net/orestes777/twblog/128869952-%E7%99%BD%E6%AF%9B%E8%87%AD%E7%89%A1%E4%B8%B9
https://i1.kknews.cc/large/d0200052b204963ae42	https://kknews.cc/science/x8o98q.html
http://e.share.photo.xuite.net/bruce0342/1e07d2d/10988318/512901391_m.jpg	http://bruce0342.blogspot.com/2009/01/blog-post_16.html
http://s2.zimgs.cn/ims?kt=url&at=ori&key=aHR0cDovL2MuaGlwaG90b3MuYmFpZHUuY29tL2JhaWtlL3MlM0QyMjAvc2lnbj1jMWQ0NjkyYWZhZGNkMTAwYzk5Y2ZmMjM0MjhiNDdiZS84MzAyNWFhZmE0MGY0YmZiMDFmZTVkNzMwMTRmNzhmMGY3MzYxOGVmLmpwZw==&sign=yx:Y3DSGqLOQV-Yn2K1z9AuSUQKPEs=&tv=0_0&x.jpg	http://www.baike.com/wiki/%E8%87%AD%E7%89%A1%E4%B8%B9
http://kjbl.ypskz.com.cn/JSFMS/AMuseum/53zhiwu/static/uploadfile/200732115527917.jpg	http://kjbl.ypskz.com.cn/JSFMS/AMuseum/53zhiwu/static/5/12/653.html
http://b2b.image.yuanlin.com/Biz/2012-5/2012518133958391.jpg	http://syfchm.yuanlin.com/sell-m209240.html
https://c.share.photo.xuite.net/adslee/1c806c4/9323899/404016201_m.jpg	http://blog.xuite.net/adslee/hkblog/117977058-%E8%87%AD%E7%89%A1%E4%B8%B9
http://c.blog.xuite.net/c/f/8/f/13396183/blog_1400131/txt/48237483/1.jpg	http://blog.xuite.net/smile27/flower/48237483-%E7%99%BD%E6%AF%9B%E8%87%AD%E7%89%A1%E4%B8%B9
http://img0.ph.126.net/4YibdSZN0qCr9pOQa4Ss1A==/2478387169954727240.jpg	http://qiuwudi.blog.163.com/blog/static/16528188201252102756204/
https://i2.kknews.cc/large/d0600052d3563c8d663	https://kknews.cc/science/x8o98q.html
http://gate.sinovision.net:82/gate/big5/cdnwww.sinovision.net/data/attachment/album/201411/03/172534tvwjtv3bzw8jwn8b.jpg	http://gate.sinovision.net:82/gate/big5/blog.sinovision.net/home/space/do/blog/uid/30435/id/239731.html
http://jpkc.sysu.edu.cn/zhiwuxue/web2004/source/hsd/beizi/DIC/images/%E9%A9%AC%E9%9E%AD%E8%8D%89%E7%A7%91%EF%BC%9A%E8%87%AD%E7%89%A1%E4%B8%B91.jpg	http://jpkc.sysu.edu.cn/zhiwuxue/web2004/source/hsd/beizi/DIC/pages/%E9%A9%AC%E9%9E%AD%E8%8D%89%E7%A7%91%EF%BC%9A%E8%87%AD%E7%89%A1%E4%B8%B91.htm
http://img.zwbk.org/baike/spic/2011/08/12/20110812095015516_6585.jpg	http://www.zwbk.org/zh-tw/Lemma_Show/203109.aspx
http://www.wed114.cn/jiehun/uploads/allimg/160920/41_160920174037_3.jpg	http://www.wed114.cn/jiehun/zhiwu/20160920156373.html
https://pic.pimg.tw/sufu1017/1442670317-3953302895_n.jpg	http://sufu1017.pixnet.net/blog/post/436714867-%E8%87%AD%E7%89%A1%E4%B8%B9.%E5%92%AC%E4%BA%BA%E7%8B%97.%E5%92%96%E5%95%A1%E6%A8%B9.
https://8.share.photo.xuite.net/brday1257/18065d6/9358718/827759960_m.jpg	http://blog.xuite.net/brday1257/twblog/112196622-%E8%87%AD%E7%89%A1%E4%B8%B9+%26+%E7%85%99%E7%81%AB%E6%A8%B9%28%E6%98%9F%E7%88%8D%E5%B1%B1%E8%8C%89%E8%8E%89%29
http://s10.sinaimg.cn/mw690/001mBjdkzy6QArXLSZ379&690	http://blog.sina.com.cn/s/blog_4a83139e0102vhfu.html
http://a0.att.hudong.com/13/46/20200000013920144736463046200_s.jpg	http://www.baike.com/wiki/%E8%87%AD%E7%89%A1%E4%B8%B9
https://www.huabaike.com/uploads/allimg/sltimg/201706/594792ab92d18.jpg	https://www.huabaike.com/hyjk/10023.html
http://img848.ph.126.net/3Y4MbhjwgBi6BvT_NCzQlQ==/697494992291014100.jpg	http://764507627.blog.163.com/blog/static/114998953201011119281916/
http://kplant.biodiv.tw/%E7%99%BD%E6%AF%9B%E8%87%AD%E7%89%A1%E4%B8%B9/%E7%99%BD%E6%AF%9B%E8%87%AD%E7%89%A1%E4%B8%B97.JPG	http://kplant.biodiv.tw/%E7%99%BD%E6%AF%9B%E8%87%AD%E7%89%A1%E4%B8%B9/%E7%99%BD%E6%AF%9B%E8%87%AD%E7%89%A1%E4%B8%B9.htm
http://s8.sinaimg.cn/mw690/001nPxoHzy72GG4v1Az67&690	http://blog.sina.com.cn/s/blog_4b984a370102wc41.html
http://www.zhongyao360.com/uploads/141012/27_120903_1.png	http://www.zhongyao360.com/zhongyao/1248727.html
http://pic.pimg.tw/cleyera08/1379721301-1303075400.jpg	http://cleyera08.pixnet.net/blog/post/248112929-%E7%99%BD%E6%AF%9B%E8%87%AD%E7%89%A1%E4%B8%B9
http://pic.pimg.tw/cleyera08/1379721302-1757037797.jpg	http://cleyera08.pixnet.net/blog/post/248112929-%E7%99%BD%E6%AF%9B%E8%87%AD%E7%89%A1%E4%B8%B9
https://a.share.photo.xuite.net/shakylee66/1a87964/13086675/667030161_m.jpg	http://blog.xuite.net/shakylee66/twblog/143713003-%E7%99%BD%E6%AF%9B%E8%87%AD%E7%89%A1%E4%B8%B9_%E5%AF%B6%E7%88%B8%E7%9A%84%E6%A4%8D%E6%A0%BD
http://img.zwbk.org/baike/spic/2011/08/12/20110812094922281_4476.jpg	http://www.zwbk.org/zh-tw/Lemma_Show/203109.aspx
http://www.quanyy.com/userfiles/image/ysbj/zyys/zyysjc%EF%BC%9Acjzcyzcmd.jpg	http://www.quanyy.com/?Main/detail/tid/9/list_id/176/detail_id/5530.html
https://i2.kknews.cc/large/d0200052b3c9c528011	https://kknews.cc/science/x8o98q.html
http://e.share.photo.xuite.net/bruce0342/1e07d45/10988318/512907047_m.jpg	http://bruce0342.blogspot.com/2009/01/blog-post_16.html
http://pic.pimg.tw/llhgapi/492ba3d5c5f03.jpg	http://llhgapi.pixnet.net/blog/post/23780074-20081120%E5%85%A7%E6%B9%96%E9%87%91%E9%9D%A2%E5%B1%B1
http://www.cnhua.net/uploads/allimg/090629/194S44156-0_lit.JPG	http://www.cnhua.net/zhiwu/mabiancaoke/chumudan/
http://kplant.biodiv.tw/%E8%87%AD%E7%89%A1%E4%B8%B9/%E8%87%AD%E7%89%A1%E4%B8%B9-%E8%8A%B100.JPG	http://kplant.biodiv.tw/%E8%87%AD%E7%89%A1%E4%B8%B9/%E8%87%AD%E7%89%A1%E4%B8%B9.htm
http://kplant.biodiv.tw/%E8%87%AD%E7%89%A1%E4%B8%B9/%E8%87%AD%E7%89%A1%E4%B8%B900.JPG	http://kplant.biodiv.tw/%E8%87%AD%E7%89%A1%E4%B8%B9/%E8%87%AD%E7%89%A1%E4%B8%B9.htm
https://gss3.bdstatic.com/7Po3dSag_xI4khGkpoWK1HF6hhy/baike/s%3D220/sign=7e871d282b3fb80e08d166d506d02ffb/6d81800a19d8bc3ece5b17d3888ba61ea8d34553.jpg	https://baike.baidu.com/item/%E8%87%AD%E7%89%A1%E4%B8%B9%E6%A0%B9
http://5.blog.xuite.net/5/e/1/e/23192616/blog_2170861/txt/211687412/0.jpg	http://blog.xuite.net/c117113/blog/211687412-%E7%99%BD%E6%AF%9B%E8%87%AD%E7%89%A1%E4%B8%B9
http://img01.hua.com/uploadpic/images/2016617187426716708.jpg	http://www.hua.com/huayu/16293.html
http://gate.sinovision.net:82/gate/big5/cdnwww.sinovision.net/data/attachment/album/201411/03/173211zsaiioi5iyydvias.jpg	http://gate.sinovision.net:82/gate/big5/blog.sinovision.net/home/space/do/blog/uid/30435/id/239731.html
http://kplant.biodiv.tw/%E7%99%BD%E6%AF%9B%E8%87%AD%E7%89%A1%E4%B8%B9/%E7%99%BD%E6%AF%9B%E8%87%AD%E7%89%A1%E4%B8%B913.JPG	http://kplant.biodiv.tw/%E7%99%BD%E6%AF%9B%E8%87%AD%E7%89%A1%E4%B8%B9/%E7%99%BD%E6%AF%9B%E8%87%AD%E7%89%A1%E4%B8%B9.htm
http://s15.sinaimg.cn/mw690/001KdFLngy6V3QC7l9k7e&690	http://blog.sina.com.cn/s/blog_5f5060750102vubx.html
http://www.cnhua.net/uploads/allimg/090629/194P41249-0_lit.JPG	http://www.cnhua.net/zhiwu/mabiancaoke/chumudan/
http://163.17.203.129/bakup/green/%E7%99%BD%E6%AF%9B%E8%87%AD%E7%89%A1%E4%B8%B9/%E7%99%BD%E6%AF%9B%E8%87%AD%E7%89%A1%E4%B8%B914.JPG	http://163.17.203.129/bakup/green/%E7%99%BD%E6%AF%9B%E8%87%AD%E7%89%A1%E4%B8%B9/%E7%99%BD%E6%AF%9B%E8%87%AD%E7%89%A1%E4%B8%B9.htm
http://image.sciencenet.cn/album/201706/07/171202iliamw9bi1i2l94a.jpg	http://blog.sciencenet.cn/blog-3319332-1059551.html
https://www.huabaike.com/uploads/allimg/artimg/201706/20170619170122_24169.jpg	https://www.huabaike.com/yhjq/9546.html
https://i1.kknews.cc/large/ca5000885c119f73bc4	https://kknews.cc/science/x8o98q.html
http://s11.sinaimg.cn/middle/66019f9enadd5f984886a&690	http://blog.sina.com.cn/s/blog_66019f9e0102dulf.html
https://www.huabaike.com/uploads/allimg/artimg/201706/20170616173531_86904.jpg	https://www.huabaike.com/jtyh/9531.html
http://kplant.biodiv.tw/%E7%99%BD%E6%AF%9B%E8%87%AD%E7%89%A1%E4%B8%B9/%E7%99%BD%E6%AF%9B%E8%87%AD%E7%89%A1%E4%B8%B92.JPG	http://kplant.biodiv.tw/%E7%99%BD%E6%AF%9B%E8%87%AD%E7%89%A1%E4%B8%B9/%E7%99%BD%E6%AF%9B%E8%87%AD%E7%89%A1%E4%B8%B9.htm
http://5.blog.xuite.net/5/e/1/e/23192616/blog_2170861/txt/211687412/5.jpg	http://blog.xuite.net/c117113/blog/211687412-%E7%99%BD%E6%AF%9B%E8%87%AD%E7%89%A1%E4%B8%B9
https://8.share.photo.xuite.net/brday1257/1806531/9358718/827760307_m.jpg	http://blog.xuite.net/brday1257/twblog/112196622-%E8%87%AD%E7%89%A1%E4%B8%B9+%26+%E7%85%99%E7%81%AB%E6%A8%B9%28%E6%98%9F%E7%88%8D%E5%B1%B1%E8%8C%89%E8%8E%89%29
http://pic.pimg.tw/cleyera08/1379721303-304592930.jpg	http://cleyera08.pixnet.net/blog/post/248112929-%E7%99%BD%E6%AF%9B%E8%87%AD%E7%89%A1%E4%B8%B9
https://5.share.photo.xuite.net/orestes777/15d8205/10619695/492132822_m.jpg	http://blog.xuite.net/orestes777/twblog/128869952-%E7%99%BD%E6%AF%9B%E8%87%AD%E7%89%A1%E4%B8%B9
http://pic.pimg.tw/cleyera08/1379721301-2205648402.jpg?v=1379721302	http://cleyera08.pixnet.net/blog/post/248112929-%E7%99%BD%E6%AF%9B%E8%87%AD%E7%89%A1%E4%B8%B9
http://s8.sinaimg.cn/mw690/002kMqH5gy6TNF6vh4347&690	http://blog.sina.com.cn/s/blog_7f83a8570102wj3t.html
http://s13.sinaimg.cn/middle/66019f9enadd60b5260cc&690	http://blog.sina.com.cn/s/blog_66019f9e0102dulf.html
http://s2.sinaimg.cn/mw690/001mBjdkzy6QArW4cQ9f1&690	http://blog.sina.com.cn/s/blog_4a83139e0102vhfu.html
http://img4.ph.126.net/wCJlV0uSyU6WiqE3jbKmrA==/3100728343462170324.jpg	http://qiuwudi.blog.163.com/blog/static/16528188201252102756204/
http://pic.pimg.tw/llhgapi/492ba3d5e763a.jpg	http://llhgapi.pixnet.net/blog/post/23780074-20081120%E5%85%A7%E6%B9%96%E9%87%91%E9%9D%A2%E5%B1%B1
http://s1.sinaimg.cn/mw690/001MQQB5zy7bn0pH3Ne70&690	http://blog.sina.com.cn/s/blog_61a1c70b0102x0uu.html
http://pic20.nipic.com/20120405/9427982_201216845000_2.jpg	http://www.nipic.com/show/1/44/5951946kdfceefc7.html
http://img.aihuahui.com/d/2017/06/5948891369acf.jpg	http://www.aihuahui.com/huahuizhishi/yanghuajiqiao/6999.html
http://pic109.nipic.com/file/20160912/10375967_202337598000_2.jpg	http://www.nipic.com/show/15696953.html
http://gate.sinovision.net:82/gate/big5/cdnwww.sinovision.net/data/attachment/album/201411/03/173117rtk0ckfwkk2eykat.jpg	http://gate.sinovision.net:82/gate/big5/blog.sinovision.net/home/space/do/blog/uid/30435/id/239731.html
https://cbu01.alicdn.com/img/ibank/2016/036/815/3005518630_1834538802.220x220.jpg	https://s.1688.com/kq/-B3F4C4B5B5A4B8F9.html
http://s4.sinaimg.cn/mw690/001nPxoHzy7c5GLFBarc3&690	http://blog.sina.com.cn/s/blog_4b984a370102xc9y.html
http://img01.hua.com/uploadpic/images/2016617187105552157.jpg	http://www.hua.com/huayu/16293.html
http://www.wed114.cn/jiehun/uploads/allimg/160920/41_160920174037_2.jpg	http://www.wed114.cn/jiehun/zhiwu/20160920156373.html
http://read.html5.qq.com/image?src=forum&q=5&r=0&imgflag=7&imageUrl=http://mmbiz.qpic.cn/mmbiz_jpg/qP4tffagnEnQjX5uJgg6sq4AiawpSwJXDkbtb5D9TARicPdddZH1yEiaaFH7nyzxZCWZgUYQLkTBibiciaCI16CSwP2w/0?wx_fmt=jpeg	http://chuansong.me/n/1954516741311
http://kplant.biodiv.tw/%E7%99%BD%E6%AF%9B%E8%87%AD%E7%89%A1%E4%B8%B9/%E7%99%BD%E6%AF%9B%E8%87%AD%E7%89%A1%E4%B8%B9-%E8%8A%B12.JPG	http://kplant.biodiv.tw/%E7%99%BD%E6%AF%9B%E8%87%AD%E7%89%A1%E4%B8%B9/%E7%99%BD%E6%AF%9B%E8%87%AD%E7%89%A1%E4%B8%B9.htm
http://img.aihuahui.com/d/2017/06/59473740b3743.jpg	http://www.aihuahui.com/huahuizhenliao/binghai/6979.html
http://img1n.soufun.com/blog/2009_09/12/article/1252729149397_000.jpg	http://blog.sina.com.cn/s/blog_4d3b49f10102vs7c.html
https://c1.staticflickr.com/4/3558/3283265307_6eca758bcb_b.jpg	https://www.flickr.com/photos/stewartcc/3283265307
http://image.sciencenet.cn/album/201706/07/171201qf81q1vf833v7isv.jpg	http://blog.sciencenet.cn/blog-3319332-1059551.html
http://www.youduo.com/forum/attachments/month_0806/20080618_6577a214dc214516735aJNmXlsFWMNYi.jpg	http://www.youduo.com/forum/redirect.php?fid=1016&tid=30021&goto=nextnewset
http://163.17.203.129/bakup/green/%E7%99%BD%E6%AF%9B%E8%87%AD%E7%89%A1%E4%B8%B9/%E7%99%BD%E6%AF%9B%E8%87%AD%E7%89%A1%E4%B8%B919.JPG	http://163.17.203.129/bakup/green/%E7%99%BD%E6%AF%9B%E8%87%AD%E7%89%A1%E4%B8%B9/%E7%99%BD%E6%AF%9B%E8%87%AD%E7%89%A1%E4%B8%B9.htm
http://163.17.203.129/bakup/green/%E7%99%BD%E6%AF%9B%E8%87%AD%E7%89%A1%E4%B8%B9/%E7%99%BD%E6%AF%9B%E8%87%AD%E7%89%A1%E4%B8%B94.JPG	http://163.17.203.129/bakup/green/%E7%99%BD%E6%AF%9B%E8%87%AD%E7%89%A1%E4%B8%B9/%E7%99%BD%E6%AF%9B%E8%87%AD%E7%89%A1%E4%B8%B9.htm
http://tu.qt3191.com/120512/2011110626970909.jpg	http://www.qt3191.com/yeshenghuahui/61100.html
https://farm8.staticflickr.com/7384/26208625914_185e1c287d_b.jpg	http://picssr.com/tags/%E7%99%BD%E6%AF%9B%E8%87%AD%E7%89%A1%E4%B8%B9
http://163.17.203.129/bakup/green/%E7%99%BD%E6%AF%9B%E8%87%AD%E7%89%A1%E4%B8%B9/%E7%99%BD%E6%AF%9B%E8%87%AD%E7%89%A1%E4%B8%B96.JPG	http://163.17.203.129/bakup/green/%E7%99%BD%E6%AF%9B%E8%87%AD%E7%89%A1%E4%B8%B9/%E7%99%BD%E6%AF%9B%E8%87%AD%E7%89%A1%E4%B8%B9.htm
http://c.blog.xuite.net/c/f/8/f/13396183/blog_1400131/txt/48237483/2.jpg	http://blog.xuite.net/smile27/flower/48237483-%E7%99%BD%E6%AF%9B%E8%87%AD%E7%89%A1%E4%B8%B9
https://gw.alicdn.com/bao/uploaded/i3/2806237158/TB21UpQuHXlpuFjy1zbXXb_qpXa_!!2806237158.jpg_230x230.jpg	https://www.taobao.com/oshtml/buy-cn/cp_s_TEtbWkw-c.html
http://blog.sciencenet.cn/upload/blog/images/2010/1/2010111211857945.jpg	http://blog.sciencenet.cn/blog-38998-286334.html
http://pic.pimg.tw/llhgapi/48d644312367d.jpg	http://llhgapi.pixnet.net/album/photo/101222237-31-02%E7%99%BD%E6%AF%9B%E8%87%AD%E7%89%A1%E4%B8%B9~%E6%9E%9C%E5%AF%A6-
