
https://gss2.bdstatic.com/9fo3dSag_xI4khGkpoWK1HF6hhy/baike/c0%3Dbaike116%2C5%2C5%2C116%2C38/sign=fa6cf13f65380cd7f213aabfc02dc651/2e2eb9389b504fc29f70be8ae5dde71190ef6d15.jpg
https://gss1.bdstatic.com/-vo3dSag_xI4khGkpoWK1HF6hhy/baike/c0%3Dbaike150%2C5%2C5%2C150%2C50/sign=f6e3d4b6f21fbe090853cb460a096756/64380cd7912397dd2c6c73c45982b2b7d1a287dd.jpg
https://gss0.bdstatic.com/94o3dSag_xI4khGkpoWK1HF6hhy/baike/c0%3Dbaike92%2C5%2C5%2C92%2C30/sign=2d5c004176f08202399f996d2a929088/2934349b033b5bb549fdc49c33d3d539b600bcae.jpg
https://gss1.bdstatic.com/9vo3dSag_xI4khGkpoWK1HF6hhy/baike/c0%3Dbaike92%2C5%2C5%2C92%2C30/sign=2f07fd89b9389b502cf2e800e45c8eb8/43a7d933c895d143b49d03b473f082025baf07b9.jpg
https://gss3.bdstatic.com/-Po3dSag_xI4khGkpoWK1HF6hhy/baike/c0%3Dbaike92%2C5%2C5%2C92%2C30/sign=c024a4ae4b36acaf4ded9eae1db0e675/38dbb6fd5266d01602ef79bf972bd40734fa35b6.jpg
https://gss0.bdstatic.com/94o3dSag_xI4khGkpoWK1HF6hhy/baike/c0%3Dbaike92%2C5%2C5%2C92%2C30/sign=3ba050700923dd54357eaf3ab060d8bb/728da9773912b31b40e2e13d8618367adab4e11c.jpg
https://gss0.bdstatic.com/94o3dSag_xI4khGkpoWK1HF6hhy/baike/c0%3Dbaike220%2C5%2C5%2C220%2C73/sign=903abf674f086e067ea5371963611091/9922720e0cf3d7ca53681c20f11fbe096a63a9cd.jpg

https://gss2.bdstatic.com/9fo3dSag_xI4khGkpoWK1HF6hhy/baike/c0%3Dbaike92%2C5%2C5%2C92%2C30/sign=f81910f2e1fe9925df01610255c135ba/b64543a98226cffcdc27b785b8014a90f603eafc.jpg
https://gss0.bdstatic.com/94o3dSag_xI4khGkpoWK1HF6hhy/baike/c0%3Dbaike80%2C5%2C5%2C80%2C26/sign=0968f1b86d81800a7ae8815cd05c589f/8601a18b87d6277f461f3a0f29381f30e924fcfc.jpg
https://gss1.bdstatic.com/-vo3dSag_xI4khGkpoWK1HF6hhy/baike/c0%3Dbaike92%2C5%2C5%2C92%2C30/sign=34f89a81c8177f3e0439f45f11a650a2/1c950a7b02087bf4efe15fdef3d3572c11dfcffc.jpg

https://gss1.bdstatic.com/-vo3dSag_xI4khGkpoWK1HF6hhy/baike/c0%3Dbaike92%2C5%2C5%2C92%2C30/sign=3dccfec9c2fdfc03f175ebeab556ecf1/09fa513d269759eec85d68fcb3fb43166d22dffc.jpg
https://gss2.bdstatic.com/-fo3dSag_xI4khGkpoWK1HF6hhy/baike/c0%3Dbaike92%2C5%2C5%2C92%2C30/sign=3fea8bfa5366d0166a14967af642bf62/d6ca7bcb0a46f21fb8385664f7246b600c33aefc.jpg

https://gss2.bdstatic.com/-fo3dSag_xI4khGkpoWK1HF6hhy/baike/c0%3Dbaike150%2C5%2C5%2C150%2C50/sign=052c876d8d1001e95a311c5dd9671089/8cb1cb13495409237bb4adfa9258d109b2de4951.jpg
https://gss3.bdstatic.com/7Po3dSag_xI4khGkpoWK1HF6hhy/baike/c0%3Dbaike116%2C5%2C5%2C116%2C38/sign=9ef2b124f603738dca470470d272db34/6f061d950a7b02085c07f16562d9f2d3562cc86c.jpg
https://gss3.bdstatic.com/7Po3dSag_xI4khGkpoWK1HF6hhy/baike/c0%3Dbaike150%2C5%2C5%2C150%2C50/sign=db3976a401e93901420f856c1a853f82/ca1349540923dd54f1ae69ecd109b3de9d824851.jpg
https://gss1.bdstatic.com/9vo3dSag_xI4khGkpoWK1HF6hhy/baike/c0%3Dbaike220%2C5%2C5%2C220%2C73/sign=abd534481e178a82da3177f2976a18e8/0b7b02087bf40ad14b2a0967572c11dfa8ecce6c.jpg
https://gss2.bdstatic.com/9fo3dSag_xI4khGkpoWK1HF6hhy/baike/c0%3Dbaike116%2C5%2C5%2C116%2C38/sign=597e52c33912b31bd361c57be7715d1f/03087bf40ad162d9d820ac9811dfa9ec8b13cd6c.jpg
https://gss3.bdstatic.com/-Po3dSag_xI4khGkpoWK1HF6hhy/baike/c0%3Dbaike116%2C5%2C5%2C116%2C38/sign=8284c2a6b31bb0519b29bb7a5713b1d1/7af40ad162d9f2d37cdfea6ba9ec8a136227cc6c.jpg
https://gss2.bdstatic.com/9fo3dSag_xI4khGkpoWK1HF6hhy/baike/c0%3Dbaike220%2C5%2C5%2C220%2C73/sign=fe07cd652f2eb938f86072a0b40bee50/dc54564e9258d109193e6736d158ccbf6d814d51.jpg
https://gss3.bdstatic.com/-Po3dSag_xI4khGkpoWK1HF6hhy/baike/c0%3Dbaike150%2C5%2C5%2C150%2C50/sign=8adf43ba7bec54e755e1124cd851f035/574e9258d109b3de37622aecccbf6c81810a4c51.jpg
https://gss0.bdstatic.com/-4o3dSag_xI4khGkpoWK1HF6hhy/baike/c0%3Dbaike116%2C5%2C5%2C116%2C38/sign=493d1ca590ef76c6c4dff379fc7f969f/9358d109b3de9c827db8370b6c81800a18d84351.jpg

https://gss0.bdstatic.com/94o3dSag_xI4khGkpoWK1HF6hhy/baike/c0%3Dbaike92%2C5%2C5%2C92%2C30/sign=38ef0890503d26973ade000f3492d99e/3b292df5e0fe992524325c0a35a85edf8db171a9.jpg
https://gss0.bdstatic.com/94o3dSag_xI4khGkpoWK1HF6hhy/baike/c0%3Dbaike116%2C5%2C5%2C116%2C38/sign=17fbdfcd472309f7f362a54013676796/023b5bb5c9ea15ce6e622a50b7003af33b87b2df.jpg
https://gss3.bdstatic.com/-Po3dSag_xI4khGkpoWK1HF6hhy/baike/c0%3Dbaike150%2C5%2C5%2C150%2C50/sign=50ec76634a36acaf4ded9eae1db0e675/9825bc315c6034a8c5dc8ddbca134954092376a9.jpg
https://gss3.bdstatic.com/-Po3dSag_xI4khGkpoWK1HF6hhy/baike/c0%3Dbaike92%2C5%2C5%2C92%2C30/sign=ffbeb492faedab64607f4592965fc4a6/14ce36d3d539b6006142c5eee850352ac75cb7df.jpg
https://gss1.bdstatic.com/-vo3dSag_xI4khGkpoWK1HF6hhy/baike/c0%3Dbaike80%2C5%2C5%2C80%2C26/sign=95f95157279759ee5e5d6899d3922873/5d6034a85edf8db15610493e0823dd54564e74a9.jpg
https://gss0.bdstatic.com/-4o3dSag_xI4khGkpoWK1HF6hhy/baike/c0%3Dbaike80%2C5%2C5%2C80%2C26/sign=2f417d6b5bafa40f28cbc68fca0d682a/37d3d539b6003af366361639342ac65c1138b6df.jpg
https://gss2.bdstatic.com/-fo3dSag_xI4khGkpoWK1HF6hhy/baike/c0%3Dbaike92%2C5%2C5%2C92%2C30/sign=f5d5fc2679f0f736ccf344536b3cd87c/b7003af33a87e9506b9b393511385343faf2b4df.jpg
https://gss1.bdstatic.com/9vo3dSag_xI4khGkpoWK1HF6hhy/baike/c0%3Dbaike80%2C5%2C5%2C80%2C26/sign=9c6e5591b3fb43160e12722841cd2d46/ca1349540923dd54f74d9232d009b3de9c8248a9.jpg
