
http://freeway.ehosting.com.tw/images/34/1.jpg	http://freeway.ehosting.com.tw/index.php?id=34
http://www.yljh.mlc.edu.tw/flower/flower/%E7%BE%8A%E8%B9%84%E7%94%B2005.jpg	http://www.yljh.mlc.edu.tw/flower/photos_view.asp?title=%A6%CF%BF%E1%A5%D2&aserior=24&address=flower/
http://sowhc.sow.org.tw/html/note/ruician/ruician04/02.jpg	http://sowhc.sow.org.tw/html/note/ruician/ruician04/ruician04.htm
http://sowhc.sow.org.tw/html/note/ruician/ruician04/01.jpg	http://sowhc.sow.org.tw/html/note/ruician/ruician04/ruician04.htm
http://pkl.gov.taipei/public/MMO/PKL/%E7%BE%8A%E8%B9%84%E7%94%B210103-03.jpg	http://pkl.gov.taipei/fp.asp?fpage=cp&xItem=20131916&ctNode=49535&mp=106011
http://pic.pimg.tw/cott6226/1429233015-4290614544.jpg	http://cott6226.pixnet.net/blog/post/277477186-%E7%BE%8A%E8%B9%84%E7%94%B2%E3%80%81%E6%B4%8B%E7%B4%AB%E8%8D%8A%E3%80%81%E8%89%B7%E7%B4%AB%E8%8D%8A%EF%BC%86%E7%BE%8E%E4%BA%BA%E6%A8%B9%E7%9A%84%E7%B0%A1%E6%98%93%E5%88%86%E8%BE%A8
http://7.blog.xuite.net/7/4/e/4/11253733/blog_227360/txt/16635801/0.jpg	http://blog.xuite.net/e2202778/boaboa/16635801-%E7%BE%8A%E8%B9%84%E7%94%B2
http://classweb.loxa.edu.tw/clockloxa/plant/html/p/p001.jpg	http://classweb.loxa.edu.tw/clockloxa/plant/html/p/p001.htm
https://i.ytimg.com/vi/-osDON9Ik1k/maxresdefault.jpg	https://www.youtube.com/watch?v=-osDON9Ik1k
http://pkl.gov.taipei/public/MMO/PKL/%E7%BE%8A%E8%B9%84%E7%94%B210103-01.jpg	http://pkl.gov.taipei/fp.asp?fpage=cp&xItem=20131916&ctNode=49535&mp=106011
http://pic.pimg.tw/cott6226/1429233007-1493472686_n.jpg	http://cott6226.pixnet.net/blog/post/277477186-%E7%BE%8A%E8%B9%84%E7%94%B2%E3%80%81%E6%B4%8B%E7%B4%AB%E8%8D%8A%E3%80%81%E8%89%B7%E7%B4%AB%E8%8D%8A%EF%BC%86%E7%BE%8E%E4%BA%BA%E6%A8%B9%E7%9A%84%E7%B0%A1%E6%98%93%E5%88%86%E8%BE%A8
http://g.udn.com.tw/upfiles/B_SH/showfon/PSN_PHOTO/042/f_8141042_1.jpg	http://pon99.net/viewtopic.php?f=44&t=61917
http://www.hsps.hc.edu.tw/school/plant/pic/bauhinia2.JPG	http://www.hsps.hc.edu.tw/school/plant/bauhinia.htm
http://www.sungwei.com.tw/photo4/yat%20(12).jpg	http://www.sungwei.com.tw/ytg.htm
http://plant.cyut.edu.tw/upload/68/2012112913215524.jpg	http://plant.cyut.edu.tw/place_main.php?s=%E8%A8%AD%E8%A8%88%E5%8D%80&no=68
http://kplant.biodiv.tw/%E7%BE%8A%E8%B9%84%E7%94%B2/%E7%BE%8A%E8%B9%84%E7%94%B2-%E8%91%89%E5%BA%8F0.jpg	http://kplant.biodiv.tw/%E7%BE%8A%E8%B9%84%E7%94%B2/%E7%BE%8A%E8%B9%84%E7%94%B2.htm
http://pic.pimg.tw/sico/86a150c7150c122871356ec6447d4d86.jpg	http://sico.pixnet.net/blog/post/28614575-%E8%8A%B1%E9%96%93%E9%9B%86-%E5%8F%B0%E5%8D%97%E5%85%AC%E5%9C%92%E7%BE%8A%E8%B9%84%E7%94%B2
http://kplant.biodiv.tw/%E7%BE%8A%E8%B9%84%E7%94%B2/%E7%BE%8A%E8%B9%84%E7%94%B2-%E8%8A%B102.jpg	http://kplant.biodiv.tw/%E7%BE%8A%E8%B9%84%E7%94%B2/%E7%BE%8A%E8%B9%84%E7%94%B2.htm
http://www.taes.tc.edu.tw/taplant/plant/p0515.jpg	http://www.taes.tc.edu.tw/taplant/plant05.htm
http://yizitong.org/upload/images10/c4a41264d70b6be5ab9ddbfbdecc9d89.jpg	http://yizitong.com/my/picture.php?img=c4a41264d70b6be5ab9ddbfbdecc9d89_21606
http://s3.sinaimg.cn/mw690/001nMd8vzy7atkOcPUS12&690	http://blog.sina.com.cn/s/blog_4b8c31130102wx1e.html
http://asp.ljes.ylc.edu.tw/~office_60/images/plant/pla%20(63).jpg	http://asp.ljes.ylc.edu.tw/~office_60/newfile_37.html
http://flowers.taipei/imagespace/plant_tree/original/thumb_image_5540589.jpg	http://flowers.taipei/Info/Detail/665cb654-4324-4dd4-9961-5e20d4f2c89c
http://140.128.107.194/wpmu/thuhsd003/files/2015/03/dsc_3199.jpg	http://140.128.107.194/wpmu/thuhsd003/tag/%E7%BE%8A%E8%B9%84%E7%94%B2/
http://chengcinglake.water.gov.tw/file/userfiles/image/vegetation/blow_vegetation-047_1.jpg	http://chengcinglake.water.gov.tw/chinese/eco-area_guide.asp?category=6
http://icontent.nkps.tp.edu.tw/naturesci/files/1/25/201110161151394002.jpg	http://icontent.nkps.tp.edu.tw/naturesci/Intro.aspx?funcID=1&taxonID=25&specID=36
http://www.yljh.mlc.edu.tw/flower/flower/%E7%BE%8A%E8%B9%84%E7%94%B2001.jpg	http://www.yljh.mlc.edu.tw/flower/photos_view.asp?title=%A6%CF%BF%E1%A5%D2&aserior=24&address=flower/
http://link.photo.pchome.com.tw/s08/eve13140502/449/133415181499/	http://mypaper.pchome.com.tw/eve13140502/post/1322889559
http://163.17.203.129/bakup/green/%E7%BE%8A%E8%B9%84%E7%94%B2/%E7%BE%8A%E8%B9%84%E7%94%B204.JPG	http://163.17.203.129/bakup/green/%E7%BE%8A%E8%B9%84%E7%94%B2/%E7%BE%8A%E8%B9%84%E7%94%B2-910716.htm
https://gw.alicdn.com/bao/uploaded/i3/TB1MmaBHFXXXXazXFXXXXXXXXXX_!!0-item_pic.jpg_230x230.jpg	https://www.taobao.com/article/FeDPF6FbCqA1CLDn.html
http://www.baihuamen.com/d/file/2014/04-09/89125b208db86b4c931f58f0cc3613d3.jpg	http://www.baihuamen.com/yangtijia/
https://cdn2.ettoday.net/images/60/d60841.jpg	http://www.ettoday.net/news/20120321/33430.htm?t=%E6%88%90%E5%A4%A7%E7%99%BE%E8%8A%B1%E7%88%AD%E8%B1%94%E3%80%80%E7%BE%8A%E8%B9%84%E7%94%B2%E7%B6%BB%E5%8B%9D%E6%AB%BB%E8%8A%B1
http://www.dtes.chc.edu.tw/localspecial/plant/images/P1010043a.JPG	http://www.dtes.chc.edu.tw/localspecial/plant/p3.htm
http://www.hjjh.kh.edu.tw/%E8%A1%8C%E6%94%BF%E5%96%AE%E4%BD%8D/%E8%AA%8D%E8%AD%98%E6%A0%A1%E5%9C%92%E6%A4%8D%E7%89%A9/images/%E7%BE%8A%E8%B9%84%E7%94%B2.jpg	http://www.hjjh.kh.edu.tw/%E8%A1%8C%E6%94%BF%E5%96%AE%E4%BD%8D/%E8%AA%8D%E8%AD%98%E6%A0%A1%E5%9C%92%E6%A4%8D%E7%89%A9/PLANT/%E7%BE%8A%E8%B9%84%E7%94%B2.htm
http://icontent.nkps.tp.edu.tw/naturesci/files/1/25/201110161152099011.jpg	http://icontent.nkps.tp.edu.tw/naturesci/Intro.aspx?funcID=1&taxonID=25&specID=36
http://sowhc.sow.org.tw/html/observation/plant/a01plant/a10901yang-ti-gia/m201.JPG	http://sowhc.sow.org.tw/html/observation/plant/a01plant/a10901yang-ti-gia/yang-ti-gia.htm
http://www.yljh.mlc.edu.tw/flower/flower/%E7%BE%8A%E8%B9%84%E7%94%B2006.jpg	http://www.yljh.mlc.edu.tw/flower/photos_view.asp?title=%A6%CF%BF%E1%A5%D2&aserior=24&address=flower/
http://data.sj.mlc.edu.tw/sj/%E6%A0%A1%E5%9C%92%E6%A4%8D%E7%89%A9%E7%85%A7%E7%89%87/%E7%BE%8A%E8%B9%84%E7%94%B2-%E8%8A%B1%E7%89%B9.JPG	http://data.sj.mlc.edu.tw/sj/%E6%A0%A1%E5%9C%92%E6%A4%8D%E7%89%A9%E7%85%A7%E7%89%87/page_05.htm
http://pic.pimg.tw/cott6226/1429233008-3527647202_n.jpg	http://cott6226.pixnet.net/blog/post/277477186-%E7%BE%8A%E8%B9%84%E7%94%B2%E3%80%81%E6%B4%8B%E7%B4%AB%E8%8D%8A%E3%80%81%E8%89%B7%E7%B4%AB%E8%8D%8A%EF%BC%86%E7%BE%8E%E4%BA%BA%E6%A8%B9%E7%9A%84%E7%B0%A1%E6%98%93%E5%88%86%E8%BE%A8
http://www.lfes.tc.edu.tw/%E5%AD%B8%E7%BF%92%E5%A4%A9%E5%A0%82/%E7%B6%A0%E6%A0%A1%E5%9C%92%E7%B6%B2%E9%A0%81/%E6%99%AF%E8%A7%80%E6%A4%8D%E7%89%A9%E5%8D%8040/%E7%BE%8A%E8%B9%84%E7%94%B2/%E7%BE%8A%E8%B9%84%E7%94%B24.jpeg	http://www.lfes.tc.edu.tw/%E5%AD%B8%E7%BF%92%E5%A4%A9%E5%A0%82/%E7%B6%A0%E6%A0%A1%E5%9C%92%E7%B6%B2%E9%A0%81/%E6%99%AF%E8%A7%80%E6%A4%8D%E7%89%A9%E5%8D%8040/%E6%99%AF%E8%A7%80%E6%A4%8D%E7%89%A9-%E7%BE%8A%E8%B9%84%E7%94%B2.htm
http://d.blog.xuite.net/d/8/3/d/15945690/blog_525739/txt/44441184/5.jpg	http://blog.xuite.net/angel.0815/blog/44441184-%E3%80%90%E5%8F%B0%E5%8D%97%E5%85%AC%E5%9C%92%E3%80%91%E7%BE%8A%E8%B9%84%E7%94%B2%E8%8A%B1%E6%B5%B7
http://farm4.staticflickr.com/3805/10426811594_020bbd3d84_o.jpg	http://spencerlee0802.pixnet.net/blog/post/281337794-%E7%BE%8A%E8%B9%84%E7%94%B2%26%E6%B4%8B%E7%B4%AB%E8%8D%8A%26%E8%B1%94%E7%B4%AB%E8%8D%8A%E4%B8%89%E8%8A%B1%E6%AF%94%E4%B8%80%E6%AF%94
http://www.lfes.tc.edu.tw/%E5%AD%B8%E7%BF%92%E5%A4%A9%E5%A0%82/%E7%B6%A0%E6%A0%A1%E5%9C%92%E7%B6%B2%E9%A0%81/%E6%99%AF%E8%A7%80%E6%A4%8D%E7%89%A9%E5%8D%8040/%E7%BE%8A%E8%B9%84%E7%94%B2/%E7%BE%8A%E8%B9%84%E7%94%B22.jpeg	http://www.lfes.tc.edu.tw/%E5%AD%B8%E7%BF%92%E5%A4%A9%E5%A0%82/%E7%B6%A0%E6%A0%A1%E5%9C%92%E7%B6%B2%E9%A0%81/%E6%99%AF%E8%A7%80%E6%A4%8D%E7%89%A9%E5%8D%8040/%E6%99%AF%E8%A7%80%E6%A4%8D%E7%89%A9-%E7%BE%8A%E8%B9%84%E7%94%B2.htm
http://pic.pimg.tw/basianshan/1358471259-1588131438.jpg?v=1358471260	http://basianshan.pixnet.net/blog/post/48269748-%E7%BE%8A%E8%B9%84%E7%94%B2%E3%80%81%E6%B4%8B%E7%B4%AB%E8%8D%8A%E3%80%81%E8%B1%94%E7%B4%AB%E8%8D%8A%EF%BC%8C%E4%BD%A0%E6%90%9E%E5%BE%97%E6%88%91%E5%A5%BD%E4%BA%82%E9%98%BF%EF%BC%81
http://calligraphy-greenway.tw.tranews.com/Show/images/News/68392_1.jpg	https://forum.gamer.com.tw/C.php?bsn=60575&snA=107
https://upload.wikimedia.org/wikipedia/commons/d/dc/Bauhinia_purpurea1.JPG	https://zh.wikipedia.org/wiki/%E7%B4%85%E8%8A%B1%E7%BE%8A%E8%B9%84%E7%94%B2
http://6.blog.xuite.net/6/1/7/6/16970365/blog_1120766/txt/22515160/0.jpg	http://blog.xuite.net/a147b480c285/0325/22515160-%E7%BE%8A%E8%B9%84%E7%94%B2
http://sowhc.sow.org.tw/html/note/ruician/ruician04/04.jpg	http://sowhc.sow.org.tw/html/note/ruician/ruician04/ruician04.htm
http://kplant.biodiv.tw/%E7%BE%8A%E8%B9%84%E7%94%B2/%E7%BE%8A%E8%B9%84%E7%94%B2-%E8%91%89%E5%BA%8F3.jpg	http://kplant.biodiv.tw/%E7%BE%8A%E8%B9%84%E7%94%B2/%E7%BE%8A%E8%B9%84%E7%94%B2.htm
https://upload.wikimedia.org/wikipedia/commons/thumb/d/d9/Bauhinia.jpg/250px-Bauhinia.jpg	https://zh.wikipedia.org/wiki/%E7%BE%8A%E8%B9%84%E7%94%B2%E5%B1%9E
https://s.yimg.com/xd/api/res/1.2/SrRcs6t79bfApma4SYKlTw--/YXBwaWQ9eXR3YXVjdGlvbnNlcnZpY2U7aD03MDA7cT04NTtyb3RhdGU9YXV0bztzcj0xLjI7c3M9MS4yO3c9NTI1/http://nevec-img.zenfs.com/prod/tw_ec05-7/9f11b42c-36cd-432d-8bca-b6abc61f8495.jpg	https://www.lbj.tw/BJ/Query.aspx?k=%E7%BE%8A%E8%B9%84%E7%94%B2
https://pica.nidbox.net/28/y1322057848_ab77522b_28.jpg	https://chiu0204.nidbox.com/diary/read/7091264
https://2.share.photo.xuite.net/hsylfi/123a5e9/13888283/727520974_m.jpg	http://blog.xuite.net/hsylfi/wretch/150434082-%E8%B1%94%E7%B4%AB%E8%8D%8A%E8%88%87%E7%BE%8A%E8%B9%84%E7%94%B2
http://g.udn.com.tw/upfiles/B_SH/showfon/PSN_PHOTO/044/f_8141044_1.jpg	http://pon99.net/viewtopic.php?f=44&t=61917
http://pic.pimg.tw/dawnchorus/80a7c3757e41fa6f02c1d85a9d89bcb4.jpg	http://dawnchorus.pixnet.net/blog/post/30197679-%E7%BE%8A%E8%B9%84%E7%94%B2%E4%B8%80%E7%89%87%E7%85%99%E7%B2%89
http://nature.hl.gov.tw/meilun/upfile/www/Plant/%E5%96%AC%E6%9C%A8/163-3%E7%BE%8A%E8%B9%84%E7%94%B2.jpg	http://nature.hl.gov.tw/meilun/big5/DB/DB_view.asp?id=103&cid=6&urlID=&DBtype=1
https://upload.wikimedia.org/wikipedia/commons/thumb/8/81/Bauhinia_variegata.jpg/300px-Bauhinia_variegata.jpg	https://zh.wikipedia.org/wiki/%E5%AE%AE%E7%B2%89%E7%BE%8A%E8%B9%84%E7%94%B2
http://tcmp.cpami.gov.tw/filesys/metro_tc/images/plant2/%E7%BE%8A%E8%B9%84%E7%94%B2.JPG	http://tcmp.cpami.gov.tw/index.php?option=com_content&view=article&id=314:2013-10-02-10-28-05&catid=64&Itemid=182
http://pic3.nidbox.net/28/y1322057844_c4ad967d_28.jpg	https://chiu0204.nidbox.com/diary/read/7091264
http://g.udn.com.tw/upfiles/B_FI/fiower/PSN_PHOTO/943/f_11395943_1.JPG	http://blog.udn.com/fiower/7289585
https://www.hrd.gov.tw/UpFile/_userfiles/EDM82-0605.JPG	https://www.hrd.gov.tw/content/about/about06in.aspx?sid=28
http://pic.pimg.tw/glenlin/69ab49f878c5d2c03ddf70f1ca33efc5.jpg	http://glenlin.pixnet.net/blog/post/31806030-%E7%BE%8A%E8%B9%84%E7%94%B2%E3%80%81%E6%B4%8B%E7%B4%AB%E8%8D%8A%E3%80%81%E8%89%B7%E7%B4%AB%E8%8D%8A%EF%BC%9F%E5%B0%8F%E7%A3%8A%E7%B5%A6%E7%88%B8%E7%88%B8%E4%B8%8A%E7%9A%84%E7%AC%AC
http://pic3.nidbox.net/28/y1322057844_bc75b2be_28.jpg	https://chiu0204.nidbox.com/diary/read/7091264
http://163.17.237.6/plant/tree_doc/010%E7%BE%8A%E8%B9%84%E7%94%B2.JPG	http://163.17.237.6/plant/tree_doc/10%E7%BE%8A%E8%B9%84%E7%94%B2.htm
http://g.udn.com.tw/upfiles/B_LY/lynn22/PSN_PHOTO/222/f_10619222_1.JPG	http://blog.udn.com/lynn22/11825041
http://www.lotes.ilc.edu.tw/study/plant/photo/1425.jpg	http://www.lotes.ilc.edu.tw/study/plant/004.htm
http://pic.pimg.tw/w1992b05/c20337c3243ffe4592b6a6ebbffd45c4.jpg?v=1274950344	http://w1992b05.pixnet.net/blog/post/31416373-%E7%BE%8A%E8%B9%84%E7%94%B2%E9%96%8B%E8%8A%B1
http://163.30.200.21/plant/sites/default/files/%E6%87%B8%E6%8E%9B%E6%9E%9D%E9%A0%AD%E7%9A%84%E7%BE%8A%E8%B9%84%E7%94%B2%E8%8A%B1%E5%BA%8F.JPG	http://163.30.200.21/plant/node/59
http://s10.sinaimg.cn/mw690/001GFcXDgy719DgnfZv49&690	http://blog.sina.com.cn/s/blog_5c2ea2d90102womp.html
http://a3.att.hudong.com/72/39/20300542038769146035391753748_s.jpg	http://www.baike.com/wiki/%E5%AE%AB%E7%B2%89%E7%BE%8A%E8%B9%84%E7%94%B2
https://pica.nidbox.net/28/y1322057846_bd4e372b_28.jpg	https://chiu0204.nidbox.com/diary/read/7091264
http://www.bm8.com.cn/flower/photo/%E7%BA%A2%E8%8A%B1%E7%BE%8A%E8%B9%84%E7%94%B2.jpg	http://www.bm8.com.cn/flower/show.asp?id=466
http://0.blog.xuite.net/0/0/a/6/13558378/blog_88292/txt/10491179/13.jpg	http://blog.xuite.net/blueinfly/song/10491179-%E8%8A%B1%E8%8A%B1%E5%A4%96%E6%8B%8D-%E7%BE%8A%E8%B9%84%E7%94%B2
http://7.blog.xuite.net/7/4/e/4/11253733/blog_227360/txt/16635801/2.jpg	http://blog.xuite.net/e2202778/boaboa/16635801-%E7%BE%8A%E8%B9%84%E7%94%B2
https://c2.staticflickr.com/2/1614/25490305724_a1e649b7c4_c.jpg	http://www.orange-dog.com/2016/03/bauhinia2.html
http://g.udn.com.tw/upfiles/B_CA/carylo/PSN_PHOTO/991/f_7089991_1.JPG	http://blog.udn.com/carylo/6208679
http://g.udn.com.tw/upfiles/B_SH/showfon/PSN_PHOTO/046/f_8141046_1.jpg	http://pon99.net/viewtopic.php?f=44&t=61917
https://www.hrd.gov.tw/UpFile/_userfiles/EDM82-0612.JPG	https://www.hrd.gov.tw/content/about/about06in.aspx?sid=28
http://img.chongchonggou.com/upload/0/6c/06cf52db9ed276871b1ebc107aac8021.jpg	http://www.chongchonggou.com/g_65281466.html
http://pic.pimg.tw/sico/a0ebf01fddaa1e5dfb17f2d5811c7cd7_n.jpg	http://sico.pixnet.net/album/photo/114197396-%E6%B4%8B%E7%B4%AB%E8%8D%8A%E8%8A%B1.-%E8%89%B7%E7%B4%AB%E8%8D%8A.-%E7%B4%85%E8%8A%B1%E7%BE%8A%E8%B9%84%E7%94%B2
http://g.udn.com.tw/community/img/PSN_ARTICLE/stly076/f_5271544_1.jpg	http://blog.udn.com/stly076/5271544
http://6.share.photo.xuite.net/tcc7912/165005a/10558767/487936043_m.jpg	http://blog.xuite.net/tcc7912/twblog/128448440-%E7%BE%8E%E8%89%B7%E7%9A%84%E7%BE%8A%E8%B9%84%E7%94%B2
http://hges.tn.edu.tw/Old1402/InformationS/scplant/image/%E7%BE%8A%E8%B9%84%E7%94%B21-1.JPG	http://hges.tn.edu.tw/Old1402/InformationS/scplant/02/2-09/2-09.htm
http://0.blog.xuite.net/0/0/a/6/13558378/blog_88292/txt/10491179/12.jpg	http://blog.xuite.net/blueinfly/song/10491179-%E8%8A%B1%E8%8A%B1%E5%A4%96%E6%8B%8D-%E7%BE%8A%E8%B9%84%E7%94%B2
http://www.yljh.mlc.edu.tw/flower/flower/%E7%BE%8A%E8%B9%84%E7%94%B2008.jpg	http://www.yljh.mlc.edu.tw/flower/photos_view.asp?title=%A6%CF%BF%E1%A5%D2&aserior=24&address=flower/
https://1.share.photo.xuite.net/wen529595/117cdc7/9940128/1125157415_m.jpg	http://blog.xuite.net/wen529595/twblog/123617089-2008%E7%BE%8A%E8%B9%84%E7%94%B2+Bauhinia+variegata+%E7%A8%AE%E5%AD%90%E7%9B%86%E6%A0%BD
https://i1.wp.com/www.treehk.com/wp-content/uploads/2013/06/Bauhinia-variegata03.jpg?resize=800%2C445	http://www.treehk.com/%E5%AE%AE%E7%B2%89%E7%BE%8A%E8%B9%84%E7%94%B2
https://f.share.photo.xuite.net/siba39/1fe1777/6195010/252308533_l.jpg	http://blog.xuite.net/siba39/blog/66588450-%E9%9B%B2%E6%9E%97%E5%9C%9F%E5%BA%AB%E9%A6%AC%E5%85%89%E5%9C%8B%E4%B8%AD%E3%80%82%E7%BE%8A%E8%B9%84%E7%94%B2-%E5%8D%B0%E5%BA%A6%E6%AB%BB%E8%8A%B1%E5%A4%A7%E9%81%93
http://www.wujue.com/zyzy/UploadFiles_2951/200704/20070416215148484.jpg	http://www.wujue.com/zyzy/xiangjie/200704/28080.html
http://a3.att.hudong.com/64/04/01300543037171142313046597736.jpg	http://www.baike.com/wiki/%E7%B4%AB%E8%8D%86
http://pic.pimg.tw/achiblog/1381113069-4075964047.jpg	http://achiblog.pixnet.net/blog/post/3613291-%E7%BE%8A%E8%B9%84%E7%94%B2%EF%BC%8D%E7%A8%AE%E5%AD%90%E7%9B%86%E6%A0%BDdiy
http://g.udn.com.tw/upfiles/B_CA/carylo/PSN_PHOTO/984/f_7089984_1.JPG	http://blog.udn.com/carylo/6208679
http://g.udn.com.tw/upfiles/B_AA/AAC3343/PSN_PHOTO/811/f_15636811_1.jpg	http://newsblog.chinatimes.com/aac3343/archive/45775
https://1.share.photo.xuite.net/wen529595/117cd42/9940128/1125159586_m.jpg	http://blog.xuite.net/wen529595/twblog/123617089-2008%E7%BE%8A%E8%B9%84%E7%94%B2+Bauhinia+variegata+%E7%A8%AE%E5%AD%90%E7%9B%86%E6%A0%BD
http://e-info.org.tw/files/active/101/20090213-055503-image001.jpg	http://e-info.org.tw/node/40875
http://img.ltn.com.tw/Upload/liveNews/BigPic/600_2011278_1.jpg	http://news.ltn.com.tw/news/life/breakingnews/2011278
https://c2.staticflickr.com/2/1703/26002650672_3fcd124707_c.jpg	http://www.orange-dog.com/2016/03/bauhinia2.html
https://gss2.bdstatic.com/-fo3dSag_xI4khGkpoWK1HF6hhy/baike/s%3D220/sign=4409a4924ffbfbedd859317d48f1f78e/6f061d950a7b020865520a4c66d9f2d3562cc887.jpg	https://baike.baidu.com/item/%E7%BA%A2%E8%8A%B1%E7%BE%8A%E8%B9%84%E7%94%B2
http://hello.area.com.tw/upload_icard/uploads/nt_nt097_PICT5676.jpg	http://hello.area.com.tw/is_sa.cgi?areacode=nt097&ID=sa-1100102114411
http://serv.oga.ncku.edu.tw/ezfiles/72/1072/img/1493/P1010166.jpg	http://serv.oga.ncku.edu.tw/m/412-1072-10832.php?Lang=zh-tw
