
http://www.baihuamen.com/d/file/2014/03-06/9e2865b63dd47b9c91e9300f1226563b.jpg	http://www.baihuamen.com/mujin/
http://a3.att.hudong.com/32/92/01300000014811121359921893814.jpg	http://www.baike.com/wiki/%E6%9C%A8%E6%A7%BF%E8%8A%B1
http://a0.att.hudong.com/40/31/20300543009208142227310030884_s.jpg	http://www.baike.com/wiki/%E6%9C%A8%E6%A7%BF%E8%8A%B1
http://image.wenweipo.com/2015/05/05/a34a.jpg	http://paper.wenweipo.com/2015/05/05/OT1505050013.htm
http://pic4.nipic.com/20091012/1612687_161647072222_2.jpg	http://tieba.baidu.com/p/1451246427
https://gss2.bdstatic.com/-fo3dSag_xI4khGkpoWK1HF6hhy/baike/s%3D220/sign=d65d8161abc379317968812bdbc5b784/63d9f2d3572c11df0741fc44672762d0f603c2c1.jpg	https://baike.baidu.com/item/%E6%9C%A8%E6%A7%BF%E8%8A%B1
http://pic4.nipic.com/20091012/1612687_150135086788_2.jpg	http://tieba.baidu.com/p/1451246427
http://pic4.nipic.com/20091024/1612687_114614005921_2.jpg	http://www.nipic.com/show/1/44/e6e8d571fc308a4f.html
https://i1.kknews.cc/large/7fa0007fe361074e0db	https://kknews.cc/culture/xz359o.html
http://www.baihuamen.com/d/file/2014/03-06/e15e97ab150086443f49787c640ca87d.jpg	http://www.baihuamen.com/mujin/
http://a3.att.hudong.com/80/58/28300542096616137480580686666_s.jpg	http://www.baike.com/wiki/%E6%9C%A8%E6%A7%BF
http://a0.att.hudong.com/13/24/01300543308731144221240036850_s.jpg	http://www.baike.com/wiki/%E6%9C%A8%E6%A7%BF%E8%8A%B1
http://a3.att.hudong.com/54/51/01300001196744130310511315673_s.jpg	http://www.baike.com/wiki/%E6%9C%A8%E6%A7%BF%E5%B1%9E
http://www.ivsky.com/img/bizhi/pic/201012/14/mujinhua-004.jpg	http://www.ivsky.com/bizhi/mujinhua_t4287/index_2.html
http://pic.pimg.tw/rick00/1371808800-3181946515_n.jpg?v=1371808801	http://rick00.pixnet.net/blog/post/32276487-%E6%9C%A8%E6%A7%BF%E8%88%87%E6%9C%B1%E6%A7%BF%EF%BD%9E%E7%94%B1%E8%91%89%E7%89%87%E3%80%80%E8%8A%B1%E6%9F%B1%E3%80%80%E6%9E%9D%E5%BD%A2%E3%80%80%E5%88%86%E8%BE%A8
http://img.zwbk.org/baike/spic/2011/01/06/20110106104634562_2185.jpg	http://www.zwbk.org/MyLemmaShow.aspx?zh=zh-tw&lid=103994
http://img.ipet.tw/uploads/B/96/B96580C5FE.jpeg	http://www.ipet.tw/content/50668.html
http://a0.att.hudong.com/51/82/01300000023544121033825745057.jpg	http://tupian.baike.com/a0_51_82_01300000023544121033825745057_jpg.html
http://www.qzjshh.com/uploadfile/Products/20150707160898409840.jpg	http://www.qzjshh.com/show-news-70.html
https://img.imynest.com/uploads/2/05/20540E1792.jpeg	https://www.imynest.com/content/19035.html
https://i2.kknews.cc/large/7da00011e8f545c9649	https://kknews.cc/culture/x589qq.html
http://www.211802.com/wp-content/uploads/2013/09/20111111117445544.jpg	http://www.211802.com/product/mujin/
http://pic5.nipic.com/20100108/4142978_172424053014_2.jpg	http://www.nipic.com/show/1/44/efcac2dd238f7812.html
http://tgi1.jia.com/114/934/14934891.jpg	http://www.jia.com/baike/xartile/355842.html
http://pic.pimg.tw/kissmm29/1377472153-2614313026_n.jpg	http://kissmm29.pixnet.net/blog/post/50431526-%E6%BD%94%E7%99%BD%E7%9A%84%E6%9C%A8%E6%A7%BF%E8%8A%B1
http://pic.pimg.tw/kissmm29/1377472153-4267344268_n.jpg	http://kissmm29.pixnet.net/blog/post/50431526-%E6%BD%94%E7%99%BD%E7%9A%84%E6%9C%A8%E6%A7%BF%E8%8A%B1
http://pic18.nipic.com/20111218/9062795_175820204134_2.jpg	http://www.nipic.com/show/1/44/5521527k679cb671.html
http://www.baihuamen.com/d/file/2014/03-09/b7363ee23b8387d5c7706f761eabb0ed.jpg	http://www.baihuamen.com/mujin/
http://piccdn.pptfans.cn/2016/11/21/pptfans_20161121212958a5789fc611.jpg	http://tupian.pptfans.cn/p/16439.html
http://pic15.nipic.com/20110731/7960243_125019231118_2.jpg	http://www.nipic.com/show/4903595.html
http://www.zgmiaomuw.com/pic/img/20170417140093929392.jpg	http://www.zgmiaomuw.com/miaomu/mujin.asp
http://pic.pimg.tw/rick00/1371808880-1238236273.jpg	http://rick00.pixnet.net/blog/post/32276487-%E6%9C%A8%E6%A7%BF%E8%88%87%E6%9C%B1%E6%A7%BF%EF%BD%9E%E7%94%B1%E8%91%89%E7%89%87%E3%80%80%E8%8A%B1%E6%9F%B1%E3%80%80%E6%9E%9D%E5%BD%A2%E3%80%80%E5%88%86%E8%BE%A8
http://www.zhongyaoyi.com/d/file/tupian/2015-07-14/ad08b5a068090d21accd74cad0050b8a.jpg	http://www.zhongyaoyi.com/t/mujinhua/
http://www.cas.cn/kxcb/kpwz/201006/W020100628498271219539.jpg	http://www.cas.cn/kxcb/kpwz/201006/t20100628_2888707.shtml
https://cbu01.alicdn.com/img/ibank/2016/658/388/3154883856_696721991.220x220.jpg	https://s.1688.com/kq/-C4BEE9C8BBA8CAF7C3E7.html
http://www.zhongyaoyi.com/d/file/tupian/2015-07-14/6899cfbd53165d8dd22600742a8017ea.jpg	http://www.zhongyaoyi.com/t/mujinhua/
http://img.zwbk.org/baike/spic/2011/01/06/20110106104712656_4885.jpg	http://www.zwbk.org/MyLemmaShow.aspx?zh=zh-tw&lid=103994
http://www.yuhuagu.com/uploads/allimg/151019/43_151019112314_1.jpg	http://www.yuhuagu.com/renshi/2015/1019/12596.html
https://www.haocai777.com/Article/UploadFiles2012c/201505/2015050518405035.jpg	https://m.haocai777.com/Article/qita/12114.html
https://www.huabaike.com/uploads/allimg/sltimg/201601/568a1874f016c.jpg	http://www.huabaike.com/yzfh/1201.html
http://p1.pstatp.com/large/96f0003f5fbb8afe9c1	http://www.aboluowang.com/2016/0801/779415.html
http://pic.pimg.tw/rick00/1371808951-2569500273_n.jpg	http://rick00.pixnet.net/blog/post/32276487-%E6%9C%A8%E6%A7%BF%E8%88%87%E6%9C%B1%E6%A7%BF%EF%BD%9E%E7%94%B1%E8%91%89%E7%89%87%E3%80%80%E8%8A%B1%E6%9F%B1%E3%80%80%E6%9E%9D%E5%BD%A2%E3%80%80%E5%88%86%E8%BE%A8
https://thumbs.dreamstime.com/z/%E6%9C%A8%E6%A7%BF%E8%8A%B1%E3%80%82-32252572.jpg	https://cn.dreamstime.com/%E5%9B%BE%E5%BA%93%E6%91%84%E5%BD%B1-%E6%9C%A8%E6%A7%BF%E8%8A%B1%E3%80%82-image32252572
https://img.imynest.com/uploads/8/C4/8C47014CE4.jpeg	https://www.imynest.com/content/19035.html
https://upload.wikimedia.org/wikipedia/commons/thumb/f/fe/China_rose.JPG/250px-China_rose.JPG	https://zh.wikipedia.org/wiki/%E6%9C%A8%E6%A7%BF%E5%B1%9E
https://i2.kknews.cc/large/17ed00004584d6280195	https://kknews.cc/agriculture/92yaqm5.html
https://gss2.bdstatic.com/9fo3dSag_xI4khGkpoWK1HF6hhy/baike/s%3D220/sign=600c10b0e350352ab561220a6342fb1a/77c6a7efce1b9d16a7058566f9deb48f8d5464f2.jpg	https://baike.baidu.com/item/%E6%9C%A8%E6%A7%BF%E8%8A%B1
http://www.taxhyyc.com/admin/CMEdit/attached/image/20130605/2013060514530245245.jpg	http://www.taxhyyc.com/product.asp?xx_chanpin_class_id=62
http://image.sciencenet.cn/album/201107/24/171013uitoxlmhbcloec0l.jpg	http://wap.sciencenet.cn/blogview.aspx?id=467963
http://www.cnhua.net/uploads/allimg/090716/201TT318-0.JPG	http://www.cnhua.net/zhiwu/jinkuike/haibinmujin/24874488.html
http://pic.pimg.tw/sofacat/4a0181609479e.jpg	http://sofacat.pixnet.net/album/photo/117408849-%E6%9C%A8%E6%A7%BF%EF%BC%8C%E9%9B%A3%E5%BE%97%E7%9A%84%E5%A4%A7%E6%9C%B5%E8%8A%B1
http://www.hanyi365.com/attach/userfiles/image/2013-09-09_13_54_59.png	http://www.hanyi365.com/article_58.html
http://www.wdptj.com/wp-content/uploads/2014/11/%E6%9C%A8%E6%A7%BF%E8%8A%B12.jpg	http://www.wdptj.com/5581.html
https://www.huabaike.com/uploads/allimg/artimg/201702/20170225172316_35455.jpg	https://www.huabaike.com/hyjk/7391.html
http://www.jzsjkfwzx.com/upload/2014-10/14102209103229.jpg	http://www.jzsjkfwzx.com/show.aspx?id=100&cid=16
http://img1.oldkids.cn/upload/260802000/u260800585/2016/09/21/blog_20160921073008809684.jpg	http://www.oldkids.cn/blog/view.php?bid=1102922
http://pic.pimg.tw/pcw9478/1400592158-2033590130.jpg	http://pcw9478.pixnet.net/blog/post/367647170-%E7%99%BD%E6%9C%A8%E6%A7%BF%E2%80%94%E6%9C%9D%E9%96%8B%E6%9A%AE%E8%90%BD%E8%8A%B1
https://www.huabaike.com/uploads/allimg/sltimg/201601/568b7bf598867.jpg	https://www.huabaike.com/jtyh/1197.html
http://img.zwbk.org/baike/spic/2011/01/22/2011012209062310_7003.jpg	http://m.zwbk.org/lemma/110520
http://pic7.nipic.com/20100523/4997119_010655138599_2.jpg	http://tieba.baidu.com/p/1451246427
https://gss0.baidu.com/7LsWdDW5_xN3otqbppnN2DJv/sxcz1996914/pic/item/93119e2911cf10ca023bf6e8.jpg	http://zhidao.baidu.com/question/346128350.html
http://www.zhongyaoyi.com/d/file/chandi/2015-07-14/49a98f785ba62a8ca4366c89538c9c54.jpg	http://www.zhongyaoyi.com/t/mujinhua/
http://www.miaopuyc.com/d/file/zhongzhi/mujin/2016/151ad8bae920faf51fab8cb503421330.jpg	http://www.miaopuyc.com/zhongzhi/mujin/
http://www.yufan98.com/UploadFiles/FCK/2015-07/6357204700088281257813034.jpg	http://www.yufan98.com/Article/shbshysjmj_1.html
http://www.wdptj.com/wp-content/uploads/2014/11/%E6%9C%A8%E6%A7%BF%E8%8A%B14.jpg	http://www.wdptj.com/5581.html
http://4.blog.xuite.net/4/6/1/f/23200160/blog_1879186/txt/45949451/6.jpg	http://blog.xuite.net/v0935735875/blog/45949451-%E6%9C%A8%E6%A7%BF%E8%8A%B1
http://bbs.vsread.com/bbsuploadimg/2015-07-28/20150728110958_96575.jpg	http://bbs.vsread.com/thread-654997-1.html
http://www.miaopuyc.com/d/file/zhongzhi/mujin/2012/bed1fe97d61d616a7334189d624507c9.jpg	http://www.miaopuyc.com/zhongzhi/mujin/
http://pic12.nipic.com/20101231/5361622_093931017172_2.jpg	http://www.nipic.com/show/1/44/4112806k032eff17.html
https://8.share.photo.xuite.net/tamlubi/182cfdf/9837921/437093246_m.jpg	http://blog.xuite.net/tamlubi/twblog/122761943-%E6%9C%A8%E6%A7%BF%28%E9%87%8D%E7%93%A3%29
http://a3.att.hudong.com/72/34/01300543009208142227344750650_s.jpg	http://www.baike.com/wiki/%E6%9C%A8%E6%A7%BF%E8%8A%B1
http://pic4.nipic.com/20091012/1612687_154041044722_2.jpg	http://www.nipic.com/show/2421396.html
http://misc.home.news.cn/public/images/original/00/3F/42/F3/F3.JPG	http://mandie1414.blogspot.com/2015/09/hibiscus-syriacus-l.html
https://img.imynest.com/uploads/9/5A/95AA0E084C.jpeg	https://www.imynest.com/content/19035.html
http://pic1.huashichang.com/2015/0411/18/5528fc3cc4a82.jpg	http://www.aihuhua.com/tu/muhua.html
http://www.gd.xinhuanet.com/newscenter/1119815414_14778757199901n.jpg	http://www.gd.xinhuanet.com/newscenter/2016-10/31/c_1119815414.htm
http://www.zw3w.com/zw_news_map/350/2014063/1403706456473565682.jpg	http://www.zw3e.com/bk/guanhuazhiwu/wdbfh.html
https://www.huabaike.com/uploads/allimg/artimg/201612/20161201132417_49932.jpg	https://www.huabaike.com/yhjq/6009.html
http://www.ivsky.com/img/bizhi/pic/201012/14/mujinhua-002.jpg	http://www.ivsky.com/bizhi/mujinhua_t4287/index_2.html
http://a4.att.hudong.com/03/81/300000764046131717819151334_950.jpg	http://www.baike.com/wiki/%E6%9C%A8%E6%A7%BF
http://www.yuanlin.com/flora/UpLoadFile/2013-6/2013681451169024.jpg	http://www.yuanlin.com/zhishi/746.html
http://a3.att.hudong.com/48/88/01300000014811121359885236300_s.jpg	http://www.baike.com/wiki/%E6%9C%A8%E6%A7%BF%E8%8A%B1
http://www.18yl.com/Images/MmBjPic/2009-7/29/0e5fb740-f8d4-4cb8-b8a8-009f4f9954f3.JPG	http://www.18yl.com/price/26024.htm
http://www.baihuamen.com/d/file/2014/03-09/90c06d9da56a24dc04f807811c284d04.jpg	http://www.baihuamen.com/mujin/
http://www.huacaoshumu.net/attached/tupian/M17/20140330-2.jpg	http://www.huacaoshumu.net/zhiwu/mujin.php
https://gss0.baidu.com/-4o3dSag_xI4khGko9WTAnF6hhy/zhidao/pic/item/960a304e251f95cacd2d3d79cb177f3e66095220.jpg	http://zhidao.baidu.com/question/1540529477507801747.html
http://a4.att.hudong.com/62/90/01300000014811121359905567144_s.jpg	http://www.baike.com/wiki/%E6%9C%A8%E6%A7%BF%E8%8A%B1
http://gate.sinovision.net:82/gate/big5/cdnwww.sinovision.net/data/attachment/album/201609/13/204602piqh7i0e2rx9hlip.jpg	http://gate.sinovision.net:82/gate/big5/blogger.sinovision.net/home/space/do/blog/uid/30435/id/296367.html
https://i2.kknews.cc/large/7fa0007fde8828bb5e7	https://kknews.cc/culture/xz359o.html
http://pic8.nipic.com/20100729/4882199_221255002997_2.jpg	http://www.nipic.com/show/1/44/da95285d8f45e710.html
https://thumbs.dreamstime.com/z/%E6%9C%A8%E6%A7%BF%E8%8A%B1%E3%80%82%E6%B5%85%E7%84%A6%E7%82%B9-31627877.jpg	https://cn.dreamstime.com/%E5%85%8D%E7%89%88%E7%A8%8E%E5%9B%BE%E5%BA%93%E6%91%84%E5%BD%B1-%E6%9C%A8%E6%A7%BF%E8%8A%B1%E3%80%82%E6%B5%85%E7%84%A6%E7%82%B9-image31627877
http://www.yuhuagu.com/uploads/allimg/151019/43_151019112458_1.jpg	http://www.yuhuagu.com/renshi/2015/1019/12596.html
http://a3.att.hudong.com/01/41/01300000201186122318416510110_s.jpg	http://www.baike.com/wiki/%E5%B7%9D%E6%9C%A8%E6%A7%BF%E7%9A%AE
http://pic30.nipic.com/20130627/7972473_192341540118_2.jpg	http://www.nipic.com/show/1/44/8375929k7c77f7b7.html
http://pic16.nipic.com/20110916/4224370_073020584000_2.jpg	http://www.nipic.com/show/5110870.html
http://pic7.nipic.com/20100523/4997119_010723595939_2.jpg	http://www.nipic.com/show/1/44/4dc84c14ed7f2ba5.html
http://www.gdyuanlin.cn/miaomuimages/%E6%9C%A8%E6%A7%BF.jpg	http://www.gdyuanlin.cn/wikipedia/9947658.html
http://wuming.xuefo.net/nr1/photo/1452464244126172.jpg	http://wuming.xuefo.net/nr/9/93885.html
http://pic.pimg.tw/patvickpig/1383879061-2040180351.jpg	http://patvickpig.pixnet.net/blog/post/296917823-%E7%99%BD%E8%89%B2%E6%9C%A8%E6%A7%BF%E8%8A%B1%E5%92%8C%E7%B2%89%E8%89%B2%E6%9C%A8%E6%A7%BF%E8%8A%B1%E7%9A%84%E5%AD%A3%E7%AF%80
http://pic15.nipic.com/20110616/4759780_105835145159_2.jpg	http://www.nipic.com/show/1/44/4724170k223df5e1.html
