
http://imgs0.iaweg.com/pic/HTTP3d3dy5iejU1LmNvbS91cGxvYWRzL2FsbGltZy8xMzA0MDMvMS0xMzA0MDMwOTQzNTEuanBn.jpg	http://www.iaweg.com/tupian/e2zpotll
http://hk.on.cc/int/bkn/cnt/news/20150204/photo/bknint-20150204144151847-0204_17011_001_03p.jpg?153106	http://hk.on.cc/int/bkn/cnt/news/20150204/bknint-20150204144151847-0204_17011_001_cn.html
http://img1.lotour.net/News/201503/2015032411340650224389_min.jpg	http://jpn.lotour.com/zhengwen/2015/03/1268972.shtml
http://pics.niurenqushi.com/copy/0/mmbiz/djmbITdppLwgStQaY4ialJX3GEeqbO9MONMnUyfzBKgvS37kylxvcs8PNrvovykaTIe1C6tvvyXSbteMvBc5YZA/0	http://weixin.niurenqushi.com/article/2015-03-04/1808154.html
http://img1.cache.netease.com/catchpic/4/4F/4FB3BBEC5DE9BA6BDB53BDC2E746E1A5.jpg	http://travel.163.com/10/0311/10/61G61CSC00063IO0.html
http://www.people.com.cn/h/pic/20130323/45/8213984806737876469.jpg	http://world.people.com.cn/n/2013/0323/c157278-20892095.html
http://d10pyp7ylo9bub.cloudfront.net/2017/02/2017tokyosakuraspotttt-cover-870x400.jpg	http://tokyo.letsgojp.com/archives/22212/
http://i.epochtimes.com/assets/uploads/2010/03/1003280904351528.jpg	http://www.epochtimes.com/gb/10/3/28/n2859501.htm
http://imgbdb2.bendibao.com/guangzhou/20141/13/2014113154632888.jpg	http://gz.bendibao.com/tour/2014113/ly148291.shtml
http://japan.people.com.cn/NMediaFile/2015/0331/MAIN201503311612000249936303759.jpg	http://japan.people.com.cn/n/2015/0331/c368549-26778895.html
http://pic.pimg.tw/musicveter/1369126912-122212581.jpg	http://musicveter.pixnet.net/blog/post/30623693-2013%E8%BF%BD%E6%AB%BB%E8%8A%B1~%E4%B8%80%E5%88%87%E5%85%88%E7%94%B1%E6%9D%B1%E4%BA%AC%E9%96%8B%E5%A7%8B%E5%90%A7
https://pic.pimg.tw/anmo0812/1455804357-2990481117_n.jpg	http://www.minniewu.net/blog/post/190525081-2016%E6%9D%B1%E4%BA%AC%E8%B3%9E%E6%AB%BB%E6%99%AF%E9%BB%9E%E6%8E%A8%E8%96%A6%EF%BC%8C%E6%9D%B1%E4%BA%AC%E8%B3%9E%E6%AB%BB%E5%90%8D%E6%89%80%E5%9C%B0%E5%9C%96%E8%88%87
http://www.gzhphb.com/gpPic/600/0/mmbiz.qpic.cn/mmbiz/tjgO5qeglkFZe3XMB07ZkpRNF2x0frnO3ksWmdl0QgAj8I3o0ZolhJwEokAwIxd0ziaVZs8WibjIn6e5jdzpQ0Ag/0?wx_fmt=jpeg	http://m.gzhphb.com/article/45/450145.html
http://farm5.static.flickr.com/4061/4480625872_9951eaa1f9_o.jpg	http://linshibi.com/?p=838
http://img.yokoso-japan.jp/depart_tokyo/38252_3.jpg	http://www.yokoso-japan.jp/sc/38252.html
http://pic.pimg.tw/musicveter/1369126940-3759998172.jpg	http://musicveter.pixnet.net/blog/post/30623693-2013%E8%BF%BD%E6%AB%BB%E8%8A%B1~%E4%B8%80%E5%88%87%E5%85%88%E7%94%B1%E6%9D%B1%E4%BA%AC%E9%96%8B%E5%A7%8B%E5%90%A7
https://pic.pimg.tw/anmo0812/1455808743-548285081_n.jpg?v=1455808755	http://www.minniewu.net/blog/post/190525081-2016%E6%9D%B1%E4%BA%AC%E8%B3%9E%E6%AB%BB%E6%99%AF%E9%BB%9E%E6%8E%A8%E8%96%A6%EF%BC%8C%E6%9D%B1%E4%BA%AC%E8%B3%9E%E6%AB%BB%E5%90%8D%E6%89%80%E5%9C%B0%E5%9C%96%E8%88%87
http://www.dongjinggonglue.com/gonglue/upload_images/lvyou_genre08_main.jpg	http://www.dongjinggonglue.com/lvyou/hot/yinghua.html
http://img3.ph.126.net/xJr5KeE7IMKocpHVnIjFBw==/3102135718345566653.jpg	http://xlynn.card.blog.163.com/blog/static/71958002201231983633875?suggestedreading
https://www.gotokyo.org/tc/tourists/topics_event/topics/120316/images/001_cnt.jpg	https://www.gotokyo.org/tc/tourists/topics_event/topics/120316/topics.html
http://kenshin.hk/blog/travel/news/201503/sakuraplace/tokyosakura-02.jpg	http://kenshin.hk/2015/03/24/%E6%97%A5%E6%9C%AC%E6%9D%B1%E4%BA%AC%E5%8F%8A%E9%84%B0%E8%BF%91%E5%9C%B0%E5%8D%80-10%E5%A4%A7%E8%B3%9E%E6%AB%BB%E5%90%8D%E6%89%80%E6%8E%92%E8%A1%8C%E6%A6%9C-%E5%BD%B1%E7%89%87/
http://japan.people.com.cn/mediafile/201303/20/F201303201733171083420846.jpg	http://japan.people.com.cn/95919/206006/8176180.html
http://samurai-japan.co/assets/img/search/pc/zh/77-81_sonota2/78_tokyo_sakura.jpg	http://samurai-japan.co/zh/area/tokyo/-t18
http://www.sinaimg.cn/hs/overseas/japan/2010-02-10/U3871P62T3D339315F72DT20100210181827.jpg	http://japan.house.sina.com.cn/newssearch.php?page=9&type=rblxxts&usrLimit=20
http://www.people.com.cn/mediafile/pic/20150331/96/17092485874491363748.jpg	http://japan.people.com.cn/n/2015/0331/c35468-26778179.html
http://kaoshi110.com/editor/images/201204/3(10).jpg	http://kaoshi110.com/news/201204/14/56340.html
https://pic.pimg.tw/anmo0812/1479052821-2681271578.jpg	http://www.minniewu.net/blog/post/190525081-2016%E6%9D%B1%E4%BA%AC%E8%B3%9E%E6%AB%BB%E6%99%AF%E9%BB%9E%E6%8E%A8%E8%96%A6%EF%BC%8C%E6%9D%B1%E4%BA%AC%E8%B3%9E%E6%AB%BB%E5%90%8D%E6%89%80%E5%9C%B0%E5%9C%96%E8%88%87
http://www.woouu.com/uploads/allimg/140315/2-140315020009.jpg	http://www.woouu.com/discover/280_2.html
http://www.kaixian.tv/r1/upload/201303/19/130320201025658.jpg	http://www.kaixian.tv/r1/n1445495c7.shtml
http://itinerary.colatour.com.tw/COLA_AppFiles/A03A_Tour/PictureObj/00012439.JPG	http://www.colatour.com.tw/C10A_TourSell/C10A03_TourItinerary.aspx?TourCode=NTX040305CI7
http://imgbdb2.bendibao.com/beijing/20142/24/2014224163159625.jpg	http://bj.bendibao.com/tour/2014224/136586.shtm
http://2.bp.blogspot.com/-yojAxNQdJU8/VNhZBGKgZ7I/AAAAAAAAAH8/Vh1dQIS5Rk8/s1600/4523639376_44abe1bedd_b.jpg	http://www.biosmonthly.com/daily_news_topic/5736
http://japan.people.com.cn/mediafile/201303/20/F201303201733171917428436.jpg	http://japan.people.com.cn/95919/206006/8176175.html
http://i.epochtimes.com/assets/uploads/2016/04/DSC_0520-600x400.jpg	http://www.epochtimes.com/gb/16/4/6/n7527505.htm
http://www.dongjinggonglue.com/detail_images/list/CS0067_ph03.jpg	http://www.dongjinggonglue.com/lvyou/gonglue/2984.html
http://i2.sinaimg.cn/hs/overseas/japan/2009-03-09/U2732P62T3D303122F72DT20090309142723.jpg	http://bj.leju.com/overseas/japan/2009-03-09/1427303122.html
http://gb.cri.cn/mmsource/images/2010/04/05/5950a1e933d94781889affd634e27234.jpg	http://gb.cri.cn/27824/2010/04/05/782s2806085.htm
https://pic.pimg.tw/anmo0812/1477986107-1564039893_n.jpg?v=1477986109	http://www.minniewu.net/blog/post/190525081-2016%E6%9D%B1%E4%BA%AC%E8%B3%9E%E6%AB%BB%E6%99%AF%E9%BB%9E%E6%8E%A8%E8%96%A6%EF%BC%8C%E6%9D%B1%E4%BA%AC%E8%B3%9E%E6%AB%BB%E5%90%8D%E6%89%80%E5%9C%B0%E5%9C%96%E8%88%87
http://n3-q.mafengwo.net/s9/M00/28/D5/wKgBs1gufS2AFE82AAZe4n5RJY480.jpeg?imageView2%2F2%2Fw%2F2000%2Fh%2F600%2Fq%2F90%7Cwatermark%2F3%2Fimage%2FaHR0cDovL2MyLXEubWFmZW5nd28ubmV0L3M5L00wMC82My84RS93S2dCczFaTmVzV0FZb29JQUFBU2JNMElpRjQyNDEucG5n%2Fgravity%2FSouthEast%2Fdx%2F20%2Fdy%2F20%2Fimage%2FaHR0cDovL2MyLXEubWFmZW5nd28ubmV0L3M5L00wMC82My84RS93S2dCczFaTmVzV0FZb29JQUFBU2JNMElpRjQyNDEucG5n%2Fgravity%2FSouthEast%2Fdx%2F20%2Fdy%2F20	http://www.mafengwo.cn/travel-news/1247783.html
http://new-cloudfront.zekkei-japan.jp/images/articles/026444135d6a009ae1d9a5dd6730d780.jpg	http://zh.zekkeijapan.com/article/index/163?language=zh
http://www.gotokyo.org/shared/templates/free/images/contents/discovery/vol11/p1_1_s1.jpg	http://www.gotokyo.org/tc/discovery/vol11/special01.html
http://img.mp.itc.cn/upload/20170217/526e4432aa19421f8f733a0830b0b9fb_th.jpg	http://www.sohu.com/a/126495506_407754
http://i.epochtimes.com/assets/uploads/2008/04/804010417551528-418x600.jpg	http://www.epochtimes.com/gb/8/4/1/n2066937.htm
http://www.people.com.cn/h/pic/20130323/75/621896970560113791.jpg	http://llorano8.blog.163.com/blog/static/14017129720133222512232/
http://toutiaoabc.com/fangimg.php?url=http://mmbiz.qpic.cn/mmbiz_jpg/mJoUORfibqFLwt3BkEhSXg6JsvANiariaWfdERWKQdddBNlohj338iakGGccCicUUmQlhWCvBvod7wpzqFzWw39kfSQ/0?wx_fmt=jpeg	http://www.toutiaoabc.com/index.php?act=view&nid=264897
http://pic.pimg.tw/she911/1185461592.jpg	http://she911.pixnet.net/blog/post/6749753
http://www.dongjinggonglue.com/detail_images/list/CS0067_ph04.jpg	http://www.dongjinggonglue.com/lvyou/gonglue/2984.html
https://wx4.sinaimg.cn/crop.0.0.1000.562.1000/00669Y1Bgy1fdhgsk1pk7j30rs0fm411.jpg	http://weibo.com/ttarticle/p/show?id=2309404083811532053858
http://c4-q.mafengwo.net/s5/M00/0F/7D/wKgB3FFTlVyAf4xjABJ7pxKxsV087.jpeg?imageView2%2F2%2Fw%2F2000%2Fh%2F600%2Fq%2F90%7Cwatermark%2F3%2Fimage%2FaHR0cDovL2MyLXEubWFmZW5nd28ubmV0L3M5L00wMC82My84RS93S2dCczFaTmVzV0FZb29JQUFBU2JNMElpRjQyNDEucG5n%2Fgravity%2FSouthEast%2Fdx%2F20%2Fdy%2F20%2Fimage%2FaHR0cDovL2MyLXEubWFmZW5nd28ubmV0L3M5L00wMC82My84RS93S2dCczFaTmVzV0FZb29JQUFBU2JNMElpRjQyNDEucG5n%2Fgravity%2FSouthEast%2Fdx%2F20%2Fdy%2F20	http://www.mafengwo.cn/travel-news/255425.html
https://d18gmz9e98r8v5.cloudfront.net/ptr/20141203062335_947348982_10755_9.jpg	https://www.veltra.com/cn/asia/japan/tokyo/a/142800
http://www.keguanjp.com/kgjp_baike/imgs/2017/03/17_0323_2_1.jpg	http://www.keguanjp.com/kgjp_baike/kgjp_bk_lishi/pt20170323114519.html
http://www.xp71.com/uploads/allimg/150120/1-150120105954347.jpg	http://www.xp71.com/theme/win7zt/fj/5013.html
http://japan-ryu.com/wp-content/uploads/2016/02/main_visual-537x300.jpg	http://japan-ryu.com/%E7%83%AD%E7%82%B9%E8%AF%9D%E9%A2%98/%E8%B5%8F%E6%A8%B1%E8%8A%B1%E4%BA%AB%E7%BE%8E%E9%A3%9F-2016%E4%B8%9C%E4%BA%AC%E4%B8%AD%E5%9F%8E%E6%A8%B1%E8%8A%B1%E7%9B%9B%E5%AE%B4%E4%B8%8D%E5%AE%B9%E9%94%99%E8%BF%87/
http://n4-q.mafengwo.net/s9/M00/28/BA/wKgBs1gufOqAduqpAAYXTwd8r9853.jpeg?imageView2%2F2%2Fw%2F2000%2Fh%2F600%2Fq%2F90%7Cwatermark%2F3%2Fimage%2FaHR0cDovL2MyLXEubWFmZW5nd28ubmV0L3M5L00wMC82My84RS93S2dCczFaTmVzV0FZb29JQUFBU2JNMElpRjQyNDEucG5n%2Fgravity%2FSouthEast%2Fdx%2F20%2Fdy%2F20%2Fimage%2FaHR0cDovL2MyLXEubWFmZW5nd28ubmV0L3M5L00wMC82My84RS93S2dCczFaTmVzV0FZb29JQUFBU2JNMElpRjQyNDEucG5n%2Fgravity%2FSouthEast%2Fdx%2F20%2Fdy%2F20	http://www.mafengwo.cn/travel-news/1247783.html
http://i2.chinanews.com/simg/hd/2015/03/30/9f78a91b18e04c3d8f5274dc58d328ac.jpg	http://www.chinanews.com/tp/hd2011/2015/03-30/499782.shtml
http://www.people.com.cn/mediafile/pic/20120315/3/13908474406680575511.jpg	http://travel.people.com.cn/GB/139035/226871/17397301.html
https://thumbs.dreamstime.com/z/%E5%9C%A8%E6%A8%B1%E8%8A%B1%E6%97%B6-%E7%9A%84%E4%B8%9C%E4%BA%AC%E9%93%81%E5%A1%94-31502441.jpg	https://cn.dreamstime.com/%E5%BA%93%E5%AD%98%E7%85%A7%E7%89%87-%E5%9C%A8%E6%A8%B1%E8%8A%B1%E6%97%B6-%E7%9A%84%E4%B8%9C%E4%BA%AC%E9%93%81%E5%A1%94-image31780660
https://www.goodlucktripjapan.com/data/article/12000/11396/20170326_174755_a66d5145_wh800.jpg	https://www.goodlucktripjapan.com/cn/article/item/11396/
http://www.people.com.cn/h/pic/20130323/66/9275431899469959650.jpg	http://world.people.com.cn/n/2013/0323/c157278-20892095.html
http://www.chinanews.com/tp/hd2011/2013/03-25/U401P4T426D187255F16470DT20130325134850.jpg	http://www.chinanews.com/tp/hd2011/2013/03-25/187255.shtml
https://dimg09.c-ctrip.com/images/100n0e000000771fd197D_C_671_10000_Q90.jpg	http://bbs.aoyou.com/thread-141594-1-1.html
http://images.china.cn/attachement/jpg/site1000/20130325/001fd04cefc812ba06af14.jpg	http://www.china.com.cn/photochina/world/2013-03/25/content_28348639.htm
https://thumbs.dreamstime.com/z/%E5%9C%A8%E6%A8%B1%E8%8A%B1%E6%97%B6-%E7%9A%84%E4%B8%9C%E4%BA%AC%E9%93%81%E5%A1%94-31780744.jpg	https://cn.dreamstime.com/%E5%BA%93%E5%AD%98%E5%9B%BE%E7%89%87-%E5%9C%A8%E6%A8%B1%E8%8A%B1%E6%97%B6-%E7%9A%84%E4%B8%9C%E4%BA%AC%E9%93%81%E5%A1%94-image31780744
https://farm6.staticflickr.com/5674/21416293953_d21c0b8be2_c.jpg	http://a14269357.pixnet.net/blog/post/204729421-%E3%80%90-%E9%97%9C%E6%9D%B1%E2%80%A7%E6%9D%B1%E4%BA%AC-%E3%80%91%E9%9A%85%E7%94%B0%E5%85%AC%E5%9C%92-~-%E6%99%B4%E7%A9%BA%E5%A1%94%E8%88%87%E6%AB%BB%E8%8A%B1%E6%9C%80
http://www.cuzz.cc/uploads/allimg/160705/2-160F5114231.jpg	http://m.cuzz.cc/plus/view.php?aid=981
https://d18gmz9e98r8v5.cloudfront.net/ptr/20151106015433_749909961_11963_9.jpg	https://www.veltra.com/cn/asia/japan/tokyo/a/131093
http://imgs13.iaweg.com/pic/HTTP3d3dy5iejU1LmNvbS91cGxvYWRzL2FsbGltZy8xMzA0MDMvMS0xMzA0MDMwOTQzMzAuanBn.jpg	http://www.iaweg.com/tupian/fzmksmnt
https://www.goodlucktripjapan.com/data/article/12000/11396/20170326_170649_df7faa71_w1920.jpg	https://www.goodlucktripjapan.com/cn/article/item/11396/
http://s7.sinaimg.cn/mw690/003c59Ougy6HO4U46fsb6&690	http://blog.sina.com.cn/s/blog_ae759e960101euy1.html
http://www.dongjinggonglue.com/detail_images/list/CS0022_ph01.jpg	http://www.dongjinggonglue.com/lvyou/gonglue/1076.html
http://c4-q.mafengwo.net/s9/M00/37/2A/wKgBs1guoByAPo-6AAGH0aEwhTw03.jpeg?imageView2%2F2%2Fw%2F2000%2Fh%2F600%2Fq%2F90%7Cwatermark%2F3%2Fimage%2FaHR0cDovL2MyLXEubWFmZW5nd28ubmV0L3M5L00wMC82My84RS93S2dCczFaTmVzV0FZb29JQUFBU2JNMElpRjQyNDEucG5n%2Fgravity%2FSouthEast%2Fdx%2F20%2Fdy%2F20%2Fimage%2FaHR0cDovL2MyLXEubWFmZW5nd28ubmV0L3M5L00wMC82My84RS93S2dCczFaTmVzV0FZb29JQUFBU2JNMElpRjQyNDEucG5n%2Fgravity%2FSouthEast%2Fdx%2F20%2Fdy%2F20	http://www.mafengwo.cn/travel-news/1247783.html
http://erp.tour-world.net/erp/uploadFile/PictureLibrary/1323401691642.jpg	http://www.dianliwenmi.com/postimg_1767146.html
http://www.chinanews.com/2017/0404/201744114745.jpg	http://www.chinanews.com/gj/2017/04-04/8190904.shtml
http://pic.qyer.com/album/user/2091/94/Q0lcQxMDZks/index/raw	http://bbs.qyer.com/thread-2673436-1.html
http://i.epochtimes.com/assets/uploads/2016/03/1503250319071758-600x400.jpg	http://www.epochtimes.com/gb/16/3/21/n4667704.htm
http://i.epochtimes.com/assets/uploads/2016/04/1604080755211568-600x400.jpg	http://www.epochtimes.com/gb/17/3/30/n8983751.htm
http://cdnfile.op110.com.cn/files/990/image/20170315/%E4%B8%9C%E4%BA%AC%E6%A8%B1%E8%8A%B11_1489585513417.png	http://jovial-vacations.com/line_item.html?lineID=100095
http://www.people.com.cn/mediafile/pic/20170329/80/5773657836463317300.jpg	http://japan.people.com.cn/n1/2017/0329/c35421-29177850-3.html
http://img1.3lian.com/2015/a2/172/d/33.jpg	http://www.rwxzc.com/gif/2015/11-24/105468.html
http://www.dongjinggonglue.com/detail_images/list/CS0047_ph01.jpg	http://www.dongjinggonglue.com/lvyou/gonglue/1674.html
http://pic.pimg.tw/iedaniel/1335283971-1597040703.jpg	http://iedaniel.pixnet.net/blog/post/36587985-%5B%E6%9D%B1%E4%BA%AC%E6%AB%BB%E8%8A%B1%5D%E9%9A%85%E7%94%B0%E5%B7%9D%E5%85%AC%E5%9C%92%E8%88%87%E6%B7%BA%E8%8D%89%E5%AF%BA
http://p2-q.mafengwo.net/s10/M00/C8/DD/wKgBZ1iZdmaAUOJHAAF4cAGtv2I03.jpeg?imageView2%2F2%2Fw%2F2000%2Fh%2F600%2Fq%2F90%7Cwatermark%2F3%2Fimage%2FaHR0cDovL2MyLXEubWFmZW5nd28ubmV0L3M5L00wMC82My84RS93S2dCczFaTmVzV0FZb29JQUFBU2JNMElpRjQyNDEucG5n%2Fgravity%2FSouthEast%2Fdx%2F20%2Fdy%2F20%2Fimage%2FaHR0cDovL2MyLXEubWFmZW5nd28ubmV0L3M5L00wMC82My84RS93S2dCczFaTmVzV0FZb29JQUFBU2JNMElpRjQyNDEucG5n%2Fgravity%2FSouthEast%2Fdx%2F20%2Fdy%2F20	http://www.mafengwo.cn/travel-news/1243871.html
http://japan.people.com.cn/NMediaFile/2015/0331/MAIN201503311617000163490595047.jpg	http://japan.people.com.cn/n/2015/0331/c368549-26778895-5.html
http://www.dongjinggonglue.com/gonglue/upload_images/CS0047_list_img.jpg	http://www.dongjinggonglue.com/lvyou/gonglue/yinghua.html
https://dimg07.c-ctrip.com/images/fd/tg/g5/M02/3D/B9/CggYsVb1PxSADz5pAAGbFFljlCE791_C_1000_10000_Q90.jpg	http://you.ctrip.com/travels/tokyo294/2872856.html
https://st.depositphotos.com/1035886/2979/i/950/depositphotos_29799361-stock-photo-tokyo-cherry-blossom.jpg	http://cn.depositphotos.com/29799361/stock-photo-tokyo-cherry-blossom.html
http://www.dongjinggonglue.com/detail_images/list/CS0067_ph06.jpg	http://www.dongjinggonglue.com/lvyou/gonglue/2984.html
http://image2.tuhip.net/pictures/201511/28/20151128082857182106369.jpg	http://www.tuhip.com/tuku/detail-4080526.html
http://img1.3lian.com/2015/a2/172/d/34.jpg	http://www.rwxzc.com/gif/2015/11-24/105468.html
https://thumbs.dreamstime.com/z/%E6%A8%B1%E8%8A%B1%E5%92%8C%E4%B8%9C%E4%BA%ACskytree%E5%9C%A8%E4%B8%9C%E4%BA%AC-50782821.jpg	https://cn.dreamstime.com/%E5%BA%93%E5%AD%98%E7%85%A7%E7%89%87-%E6%A8%B1%E8%8A%B1%E5%92%8C%E4%B8%9C%E4%BA%ACskytree%E5%9C%A8%E4%B8%9C%E4%BA%AC-image50782821
https://thumbs.dreamstime.com/z/%E6%B6%8C%E5%85%A5chidorigafuchi%E6%8A%A4%E5%9F%8E%E6%B2%B3%EF%BC%8C%E5%8D%83-%E7%94%B0%EF%BC%8C%E4%B8%9C%E4%BA%AC%EF%BC%8C%E6%97%A5%E6%9C%AC%E7%9A%84%E5%85%85%E5%88%86%E5%BC%80%E8%8A%B1%E7%9A%84%E6%A8%B1%E8%8A%B1%E5%9C%A8%E6%98%A5%E5%A4%A9-93417866.jpg	https://cn.dreamstime.com/%E5%BA%93%E5%AD%98%E7%85%A7%E7%89%87-%E6%B6%8C%E5%85%A5chidorigafuchi%E6%8A%A4%E5%9F%8E%E6%B2%B3%EF%BC%8C%E5%8D%83-%E7%94%B0%EF%BC%8C%E4%B8%9C%E4%BA%AC%EF%BC%8C%E6%97%A5%E6%9C%AC%E7%9A%84%E5%85%85%E5%88%86%E5%BC%80%E8%8A%B1%E7%9A%84%E6%A8%B1%E8%8A%B1%E5%9C%A8%E6%98%A5%E5%A4%A9-image93417866
http://p4-q.mafengwo.net/s10/M00/C8/CE/wKgBZ1iZdlqAGjSxAAFPISOC2G469.jpeg?imageView2%2F2%2Fw%2F2000%2Fh%2F600%2Fq%2F90%7Cwatermark%2F3%2Fimage%2FaHR0cDovL2MyLXEubWFmZW5nd28ubmV0L3M5L00wMC82My84RS93S2dCczFaTmVzV0FZb29JQUFBU2JNMElpRjQyNDEucG5n%2Fgravity%2FSouthEast%2Fdx%2F20%2Fdy%2F20%2Fimage%2FaHR0cDovL2MyLXEubWFmZW5nd28ubmV0L3M5L00wMC82My84RS93S2dCczFaTmVzV0FZb29JQUFBU2JNMElpRjQyNDEucG5n%2Fgravity%2FSouthEast%2Fdx%2F20%2Fdy%2F20	http://www.mafengwo.cn/travel-news/1243871.html
http://www.people.com.cn/mediafile/pic/20160402/9/4964867738078177205.jpg	http://sz.people.com.cn/n2/2016/0402/c202846-28068175.html
https://farm6.static.flickr.com/5310/5605949265_dfeced8e06.jpg	http://www.djibnet.com/photo/%E6%9D%B1%E4%BA%AC%E9%90%B5%E5%A1%94/-5605949265.html
http://i.epochtimes.com/assets/uploads/2012/04/1204060811011858_1-398x599.jpg	http://www.epochtimes.com/gb/12/4/6/n3559608.htm
https://w5.sanwen8.cn/mmbiz_jpg/ibRxkPb19rNPB7rmOQHqJIkE5oBQTbXKcBiaibf89ONSGBOMyPZiajicopwiczUS5AdRQ5AOPwZ0kje754klkOzPSeiag/0?wx_fmt=jpeg	https://sanwen8.cn/p/731ApAN.html
http://farm1.static.flickr.com/228/497609676_ed0f681f6d_o.jpg	http://linshibi.com/?p=1608
http://i.epochtimes.com/assets/uploads/2010/03/1003280904341528.jpg	http://www.epochtimes.com/gb/10/3/28/n2859501.htm
http://maxsou.github.io/media/20160403/DSC6991.JPG	http://maxsou.github.io/post/tour-sakura2/
http://jpshopguide.com/S2700/upload/2017022701661_1.jpg	http://jpshopguide.com/cn/article/2017022701661.html
