
http://pic18.nipic.com/20120107/4224370_074952130000_2.jpg	http://www.nipic.com/show/1/44/5610508kf5df1584.html
http://image82.360doc.com/DownloadImg/2015/02/1322/50162238_1.jpg	http://www.360doc.com/content/15/0213/22/16967035_448460769.shtml
http://pic16.nipic.com/20110818/128199_190209896000_2.jpg	http://www.nipic.com/show/1/44/4993650k4b34961a.html
http://pic15.nipic.com/20110625/6613039_202301182000_2.jpg	http://www.nipic.com/show/1/44/4758583k443249a3.html
http://www.htu.cn/_upload/article/images/2a/e3/e23408fe4d9dbb6bd753e61ed5e9/a3e9a6ce-23ff-4103-8ce6-07804c2e30e9.jpg	http://www.htu.cn/bhy/2011/0522/c5592a64890/page.htm
http://img.wkgoto.com/upload/1/54/15470c07ddee881612aa69c31c51e05b_thumb.jpg	http://www.wkgoto.com/i/843741.html
http://www.alimiaopu.com/upload/News/1/20129/20129159311573532.jpg	http://www.alimiaopu.com/t_13640/
http://img14.3lian.com/201501/16/923da5eed0e28e0afe84d6370a241b90.jpg	http://www.china-7.net/chuangye/hangye/118004.html
http://www.ysngrass.com/UploadFiles/FCK/2015-09/6357879711876938955262237.jpg	http://www.ysngrass.com/Article/syczg_1.html
http://pic15.nipic.com/20110625/6613039_211329551000_2.jpg	http://www.nipic.com/show/1/44/4756861k04e591c3.html
https://3.share.photo.xuite.net/eugeneyang/13bb58b/8479183/346181820_m.jpg	http://blog.xuite.net/eugeneyang/twblog/113563492-%E7%99%BD%E4%B8%89%E8%91%89%E8%8D%89
https://thumbs.dreamstime.com/z/%E7%99%BD%E4%B8%89%E5%8F%B6%E8%8D%89-28693693.jpg	https://cn.dreamstime.com/%E5%BA%93%E5%AD%98%E7%85%A7%E7%89%87-%E7%99%BD%E4%B8%89%E5%8F%B6%E8%8D%89-image28693693
http://img04.hc360.cn/04/busin/127/300/b/04-127300444.jpg	http://b2b.hc360.com/supplyself/156273347.html
http://www.neipet.com/wp-content/uploads/2016/08/%E7%99%BD%E4%B8%89%E5%8F%B6%E8%8D%89.jpg	http://www.neipet.com/plant/30976.html
https://thumbs.dreamstime.com/z/%E7%99%BD%E4%B8%89%E5%8F%B6%E8%8D%89%E5%8F%B6%E5%AD%90-45324494.jpg	https://cn.dreamstime.com/%E5%BA%93%E5%AD%98%E7%85%A7%E7%89%87-%E7%99%BD%E4%B8%89%E5%8F%B6%E8%8D%89%E5%8F%B6%E5%AD%90-image45324494
http://www.52yhua.com/uploads/allimg/160630/1-160630221130.jpg	http://m.52yhua.com/caobentp/2728.html
http://b2b.image.yuanlin.com/Biz/2015-2/201502030904512719.jpg	http://jskyyl.yuanlin.com/sell-m1116279.html
https://thumbs.dreamstime.com/z/%E7%99%BD%E4%B8%89%E5%8F%B6%E8%8D%89%E8%8A%B1%E5%92%8C%E8%9C%82-31656657.jpg	https://cn.dreamstime.com/%E5%85%8D%E7%89%88%E7%A8%8E%E5%9B%BE%E5%BA%93%E6%91%84%E5%BD%B1-%E7%99%BD%E4%B8%89%E5%8F%B6%E8%8D%89%E8%8A%B1%E5%92%8C%E8%9C%82-image31656657
https://thumbs.dreamstime.com/z/%E7%99%BD%E4%B8%89%E5%8F%B6%E8%8D%89%E5%9C%A8%E8%8D%89%E7%94%B8%E5%A2%9E%E9%95%BF-73526902.jpg	https://cn.dreamstime.com/%E5%BA%93%E5%AD%98%E7%85%A7%E7%89%87-%E7%99%BD%E4%B8%89%E5%8F%B6%E8%8D%89%E5%9C%A8%E8%8D%89%E7%94%B8%E5%A2%9E%E9%95%BF-image73526902
http://images.nongmiao.com/small//trade/2012/09/14/04/28/486732911_581358258.310x310.jpg	http://www.nongmiao.com/fylh3688/supplydetail-49451.html
http://pic29.nipic.com/20130527/4224370_145039188000_2.jpg	http://www.nipic.com/show/1/44/8159115kc5291662.html
http://pic.pimg.tw/fuhoren/1206017756.jpg	http://fuhoren.pixnet.net/blog/post/15610299-%E6%B7%A1%E6%B5%B7%E6%96%B0%E5%B8%82%E9%8E%AE%E2%80%94%E6%A4%8D%E7%89%A9%E7%AF%87%EF%BC%88%E4%B8%80%EF%BC%89
https://thumbs.dreamstime.com/z/%E7%99%BD%E4%B8%89%E5%8F%B6%E8%8D%89%E8%8A%B1%E5%9C%A8%E8%8D%89%E7%94%B8%E7%9A%84-66964246.jpg	https://cn.dreamstime.com/%E5%BA%93%E5%AD%98%E7%85%A7%E7%89%87-%E7%99%BD%E4%B8%89%E5%8F%B6%E8%8D%89%E8%8A%B1%E5%9C%A8%E8%8D%89%E7%94%B8%E7%9A%84-image66964246
http://www.htu.cn/_upload/article/images/2a/e3/e23408fe4d9dbb6bd753e61ed5e9/e08fe0d4-317e-45d7-8a31-474eec492bf7.jpg	http://www.htu.cn/bhy/2011/0522/c5592a64890/page.htm
https://img.moegirl.org/common/thumb/a/ad/%E3%82%B7%E3%83%AD%E3%83%84%E3%83%A1%E3%82%AF%E3%82%B5.png/250px-%E3%82%B7%E3%83%AD%E3%83%84%E3%83%A1%E3%82%AF%E3%82%B5.png	https://zh.moegirl.org/%E7%BE%8E%E5%B0%91%E5%A5%B3%E8%8A%B1%E9%AA%91%E5%A3%AB:%E7%99%BD%E4%B8%89%E5%8F%B6%E8%8D%89
https://cdn.pixabay.com/photo/2015/07/14/11/14/trifolium-repens-844699_960_720.jpg	https://pixabay.com/zh/%E7%99%BD%E4%B8%89%E5%8F%B6-%E7%99%BD%E4%B8%89%E5%8F%B6%E8%8D%89-%E8%8D%B7%E5%85%B0%E4%B8%89%E5%8F%B6%E8%8D%89-%E6%A4%8D%E7%89%A9%E5%8C%BA%E7%B3%BB-%E9%87%8E%E8%8A%B1-%E6%A4%8D%E7%89%A9%E5%AD%A6-%E7%89%A9%E7%A7%8D-844699/
http://img4.agronet.com.cn/Users/100/189/743/20123101614139900.jpg	http://www.agronet.com.cn/c/560069/Product/1774813.html
https://himg.china.cn/2/3_980_71257_402_399.jpg	https://www.china.cn/zhongmiao/3750654418.html
https://img.moegirl.org/common/thumb/f/fa/FKG-Bianca_Clover-after.png/400px-FKG-Bianca_Clover-after.png	https://zh.moegirl.org/%E7%BE%8E%E5%B0%91%E5%A5%B3%E8%8A%B1%E9%AA%91%E5%A3%AB:%E7%99%BD%E4%B8%89%E5%8F%B6%E8%8D%89
http://www.ysngrass.com/UploadFiles/FCK/2015-09/6357819335094398609167552.jpg	http://www.ysngrass.com/Article/bsydzlysht_1.html
http://images.freeimages.com/images/premium/previews/1402/14025582-white-clover-trifolium-repens.jpg	http://cn.freeimages.com/premium/white-clover-trifolium-repens-1015181
http://img.007swz.com/cpimg/huahuizhongzizhongmiao/mbAslXAiGP_1271549867.jpg	http://www.007swz.com/t/%B0%D7%C8%FD%D2%B6%B2%DD%D6%D6%D7%D3
http://pic.pimg.tw/fwubiao/1380973201-4042051970.jpg	http://fwubiao.pixnet.net/blog/post/264416750-%E6%B1%90%E6%AD%A2%EF%BD%9E%E5%A3%AB%E6%9E%97%E4%B8%89%E8%85%B3%E6%B8%A1%E9%90%B5%E9%A6%AC%E8%A1%8C
https://thumbs.dreamstime.com/z/%E7%99%BD%E4%B8%89%E5%8F%B6%E8%8D%89%E8%8A%B1%E5%9C%88-66752171.jpg	https://cn.dreamstime.com/%E5%BA%93%E5%AD%98%E4%BE%8B%E8%AF%81-%E7%99%BD%E4%B8%89%E5%8F%B6%E8%8D%89%E8%8A%B1%E5%9C%88-image66752171
https://upload.wikimedia.org/wikipedia/commons/thumb/d/db/Trifolium_repens_%28inflorescense%29_Edit.jpg/250px-Trifolium_repens_%28inflorescense%29_Edit.jpg	https://zh.wikipedia.org/wiki/%E7%99%BD%E4%B8%89%E8%91%89%E8%8D%89
http://pic.xhby.net/003/004/738/00300473864_c2d08602.jpg	http://js.xhby.net/system/2017/06/14/030693324.shtml
https://thumbs.dreamstime.com/t/%E5%A4%A7%E5%BC%80%E8%8A%B1%E7%9A%84%E7%99%BD%E4%B8%89%E5%8F%B6%E8%8D%89%E6%A4%8D%E7%89%A9-40966420.jpg	https://cn.dreamstime.com/%E5%BA%93%E5%AD%98%E7%85%A7%E7%89%87-%E7%BA%A2%E4%B8%89%E5%8F%B6%E8%8D%89-%E8%BD%A6-%E8%8D%89pratense-image31341363
http://b2b.image.yuanlin.com/Biz/2009-4/200942471501943.jpg	http://my0397.yuanlin.com/sell-m64264.html
https://upload.wikimedia.org/wikipedia/commons/thumb/d/d4/Trifolium_repens_at_Beijing.JPG/220px-Trifolium_repens_at_Beijing.JPG	https://zh.wikipedia.org/wiki/%E7%99%BD%E4%B8%89%E8%91%89%E8%8D%89
https://gw.alicdn.com/bao/uploaded/i3/TB1oLyEGXXXXXXfXXXXXXXXXXXX_!!0-item_pic.jpg_230x230.jpg	https://www.taobao.com/oshtml/buy-cn/cp_sNfI_dK2st3X0Q.html
https://thumbs.dreamstime.com/b/%E8%8D%AF%E7%94%A8%E6%A4%8D%E7%89%A9%EF%BC%9A%E7%99%BD%E4%B8%89%E5%8F%B6%E8%8D%89-59156411.jpg	https://cn.dreamstime.com/%E5%BA%93%E5%AD%98%E7%85%A7%E7%89%87-%E8%8D%AF%E7%94%A8%E6%A4%8D%E7%89%A9%EF%BC%9A%E7%99%BD%E4%B8%89%E5%8F%B6%E8%8D%89-image59156411
http://album.udn.com/community/img/PSN_PHOTO/leelijohn/f_6302681_1.jpg	http://blog.udn.com/leelijohn/5231056
http://img.007swz.com/cpimg/caoping/SpD4RQ9Vrp_1274486895.jpg	http://www.007swz.com/Professionlist/caoping/138
https://thumbs.dreamstime.com/z/%E5%9C%A8%E7%99%BD%E4%B8%89%E5%8F%B6%E8%8D%89%E4%B8%89%E5%8F%B6%E8%8D%89%E8%8A%B1%E7%9A%84%E5%9C%9F%E8%9C%82-32070553.jpg	https://cn.dreamstime.com/%E5%BA%93%E5%AD%98%E7%85%A7%E7%89%87-%E5%9C%A8%E7%99%BD%E4%B8%89%E5%8F%B6%E8%8D%89%E4%B8%89%E5%8F%B6%E8%8D%89%E8%8A%B1%E7%9A%84%E5%9C%9F%E8%9C%82-image32070553
https://gw.alicdn.com/bao/uploaded/i3/TB1DzbTIVXXXXXrapXXXXXXXXXX_!!0-item_pic.jpg_230x230.jpg	https://www.taobao.com/oshtml/buy-cn/cp_vfi_2rDXyP3StrLd1tbX0w.html
https://thumbs.dreamstime.com/z/%E5%9C%A8%E8%8D%89%E7%9A%84%E7%99%BD%E4%B8%89%E5%8F%B6%E8%8D%89-59720576.jpg	https://cn.dreamstime.com/%E5%BA%93%E5%AD%98%E7%85%A7%E7%89%87-%E5%9C%A8%E8%8D%89%E7%9A%84%E7%99%BD%E4%B8%89%E5%8F%B6%E8%8D%89-image59720576
https://thumbs.dreamstime.com/z/%E7%99%BD%E4%B8%89%E5%8F%B6%E8%8D%89%EF%BC%8C%E8%BD%A6-%E8%8D%89repens-55724269.jpg	https://cn.dreamstime.com/%E5%BA%93%E5%AD%98%E7%85%A7%E7%89%87-%E7%99%BD%E4%B8%89%E5%8F%B6%E8%8D%89%EF%BC%8C%E8%BD%A6-%E8%8D%89repens-image55724269
https://thumbs.dreamstime.com/z/%E8%BD%A6-%E8%8D%89%E7%99%BD%E4%B8%89%E5%8F%B6%E8%8D%89%E8%8A%B1-54123025.jpg	https://cn.dreamstime.com/%E5%BA%93%E5%AD%98%E7%85%A7%E7%89%87-%E8%BD%A6-%E8%8D%89%E7%99%BD%E4%B8%89%E5%8F%B6%E8%8D%89%E8%8A%B1-image54123025
http://www.39tgy.com/uploads/allimg/141203/1-1412031I540293.jpg	http://www.39tgy.com/tgyzs/tgyzz/tgylfzwbyscjs561.html
https://thumbs.dreamstime.com/z/%E8%BD%A6-%E8%8D%89repens-%E8%BF%99%E4%B8%80%E6%A3%B5%E7%99%BD%E4%B8%89%E5%8F%B6%E8%8D%89%E5%9C%A8%E8%8D%89%E7%94%B8%E5%A2%9E%E9%95%BF-75373498.jpg	https://cn.dreamstime.com/%E5%BA%93%E5%AD%98%E7%85%A7%E7%89%87-%E8%BD%A6-%E8%8D%89repens-%E8%BF%99%E4%B8%80%E6%A3%B5%E7%99%BD%E4%B8%89%E5%8F%B6%E8%8D%89%E5%9C%A8%E8%8D%89%E7%94%B8%E5%A2%9E%E9%95%BF-image75373498
http://images.freeimages.com/images/premium/previews/4743/47438154-white-clover-flower.jpg	http://cn.freeimages.com/premium/white-clover-flower-2030412
https://thumbs.dreamstime.com/z/%E7%99%BD%E4%B8%89%E5%8F%B6%E8%8D%89%E8%8A%B1%E5%9C%A8%E8%8D%89%E7%94%B8%E7%9A%84-66964365.jpg	https://cn.dreamstime.com/%E5%BA%93%E5%AD%98%E7%85%A7%E7%89%87-%E7%99%BD%E4%B8%89%E5%8F%B6%E8%8D%89%E8%8A%B1%E5%9C%A8%E8%8D%89%E7%94%B8%E7%9A%84-image66964365
https://thumbs.dreamstime.com/z/%E7%99%BD%E4%B8%89%E5%8F%B6%E8%8D%89-x-trifolium-x-%E5%BC%80%E8%8A%B1%E5%9C%A8%E6%98%8E%E4%BA%AE%E7%9A%84%E9%98%B3%E5%85%89%E4%B8%8B-93233841.jpg	https://cn.dreamstime.com/%E5%BA%93%E5%AD%98%E7%85%A7%E7%89%87-%E7%99%BD%E4%B8%89%E5%8F%B6%E8%8D%89-x-trifolium-x-%E5%BC%80%E8%8A%B1%E5%9C%A8%E6%98%8E%E4%BA%AE%E7%9A%84%E9%98%B3%E5%85%89%E4%B8%8B-image93233841
https://thumbs.dreamstime.com/z/%E7%99%BD%E4%B8%89%E5%8F%B6%E8%8D%89%E8%8A%B1%E5%9C%A8%E8%8D%89%E7%94%B8%E7%9A%84-66964214.jpg	https://cn.dreamstime.com/%E5%BA%93%E5%AD%98%E7%85%A7%E7%89%87-%E7%99%BD%E4%B8%89%E5%8F%B6%E8%8D%89%E8%8A%B1%E5%9C%A8%E8%8D%89%E7%94%B8%E7%9A%84-image66964214
https://thumbs.dreamstime.com/z/%E7%99%BD%E4%B8%89%E5%8F%B6%E8%8D%89%E8%8A%B1%E5%9C%A8%E8%8D%89%E7%94%B8%E7%9A%84-66964378.jpg	https://cn.dreamstime.com/%E5%BA%93%E5%AD%98%E7%85%A7%E7%89%87-%E7%99%BD%E4%B8%89%E5%8F%B6%E8%8D%89%E5%9C%A8%E6%98%A5%E5%A4%A9%EF%BC%8C%E6%B5%85%E6%99%AF%E6%B7%B1%E5%BC%80%E8%8A%B1-image51343442
https://thumbs.dreamstime.com/z/%E7%99%BD%E4%B8%89%E5%8F%B6%E8%8D%89%E8%83%8C%E6%99%AF-42518255.jpg	https://cn.dreamstime.com/%E5%BA%93%E5%AD%98%E7%85%A7%E7%89%87-%E7%99%BD%E4%B8%89%E5%8F%B6%E8%8D%89%E8%83%8C%E6%99%AF-image42518255
https://cdn.pixabay.com/photo/2017/04/05/15/10/white-clover-2205244_960_720.jpg	https://pixabay.com/zh/%E7%99%BD%E4%B8%89%E5%8F%B6%E8%8D%89-%E8%9C%9C%E8%9C%82-%E7%99%BD%E4%B8%89%E5%8F%B6-%E4%B8%89%E5%8F%B6-%E4%B8%89%E5%8F%B6%E8%8D%89-%E4%B8%89%E5%8F%B6%E5%B9%B8%E8%BF%90%E8%8D%89-%E5%B9%B8%E8%BF%90%E5%9B%9B%E5%8F%B6%E8%8D%89-2205244/
https://cdn.pixabay.com/photo/2015/07/14/11/07/trifolium-repens-844632_960_720.jpg	https://pixabay.com/zh/%E7%99%BD%E4%B8%89%E5%8F%B6-%E7%99%BD%E4%B8%89%E5%8F%B6%E8%8D%89-%E8%8D%B7%E5%85%B0%E4%B8%89%E5%8F%B6%E8%8D%89-%E9%87%8E%E8%8A%B1-%E6%A4%8D%E7%89%A9%E5%8C%BA%E7%B3%BB-%E6%A4%8D%E7%89%A9-%E6%A4%8D%E7%89%A9%E5%AD%A6-844632/
https://thumbs.dreamstime.com/b/%E5%93%BA-%E5%9C%A8%E7%99%BD%E4%B8%89%E5%8F%B6%E8%8D%89%E8%8A%B1%E7%9A%84%E5%B0%8F%E8%8D%92%E5%9C%B0-44507534.jpg	https://cn.dreamstime.com/%E5%BA%93%E5%AD%98%E7%85%A7%E7%89%87-%E5%93%BA-%E5%9C%A8%E7%99%BD%E4%B8%89%E5%8F%B6%E8%8D%89%E8%8A%B1%E7%9A%84%E5%B0%8F%E8%8D%92%E5%9C%B0-image44507534
https://cdn.pixabay.com/photo/2015/07/14/11/07/trifolium-repens-844634_960_720.jpg	https://pixabay.com/zh/%E7%99%BD%E4%B8%89%E5%8F%B6-%E7%99%BD%E4%B8%89%E5%8F%B6%E8%8D%89-%E8%8D%B7%E5%85%B0%E4%B8%89%E5%8F%B6%E8%8D%89-%E9%87%8E%E8%8A%B1-%E6%A4%8D%E7%89%A9%E5%8C%BA%E7%B3%BB-%E6%A4%8D%E7%89%A9-%E6%A4%8D%E7%89%A9%E5%AD%A6-844634/
https://cbu01.alicdn.com/img/ibank/2014/605/921/1327129506_102418363.220x220.jpg	http://www.1688.com/jiage/-B0D7C8FDD2B6B2DD.html
https://gw.alicdn.com/bao/uploaded/i1/1056929269/TB2rkODadmgF1Jjy1XaXXcSEFXa_!!1056929269.jpg_230x230.jpg	https://www.taobao.com/oshtml/buy-cn/cp_vfi_2rDXyP3StrLd1tbX0w.html
https://cbu01.alicdn.com/img/ibank/2017/727/089/4167980727_2085839567.310x310.jpg	https://www.1688.com/pic/-B0D7C8FDD2B6B2DDD7D1.html
https://thumbs.dreamstime.com/z/%E8%8D%AF%E7%94%A8%E6%A4%8D%E7%89%A9%EF%BC%8C%E7%99%BD%E4%B8%89%E5%8F%B6%E8%8D%89%E9%A2%86%E5%9F%9F-75025238.jpg	https://cn.dreamstime.com/%E5%BA%93%E5%AD%98%E7%85%A7%E7%89%87-%E8%8D%AF%E7%94%A8%E6%A4%8D%E7%89%A9%EF%BC%8C%E7%99%BD%E4%B8%89%E5%8F%B6%E8%8D%89%E9%A2%86%E5%9F%9F-image75025238
https://gw.alicdn.com/bao/uploaded/i4/2456049352/TB2L8pjaQUkyKJjSszdXXbiCpXa_!!2456049352.jpg_230x230.jpg	https://www.taobao.com/oshtml/buy-cn/cp_sNfI_dK2st3W1tfT.html
https://img.alicdn.com/bao/uploaded/i4/TB1ldauPpXXXXXEXVXXXXXXXXXX_!!0-item_pic.jpg_b.jpg	https://www.tmall.com/mlist/cp_vfi_2rDXyP3StrLd1tbX0w.html
https://thumbs.dreamstime.com/z/%E5%A4%A7%E5%BC%80%E8%8A%B1%E7%9A%84%E7%99%BD%E4%B8%89%E5%8F%B6%E8%8D%89%E6%A4%8D%E7%89%A9-40966420.jpg	https://cn.dreamstime.com/%E5%BA%93%E5%AD%98%E7%85%A7%E7%89%87-%E5%A4%A7%E5%BC%80%E8%8A%B1%E7%9A%84%E7%99%BD%E4%B8%89%E5%8F%B6%E8%8D%89%E6%A4%8D%E7%89%A9-image40966420
https://thumbs.dreamstime.com/x/%E5%9C%A8%E8%8D%89%E4%B8%AD%E7%9A%84%E7%99%BD%E4%B8%89%E5%8F%B6%E8%8D%89%E8%8A%B1-72291803.jpg	https://cn.dreamstime.com/%E8%82%A1%E7%A5%A8%E5%BD%95%E5%83%8F-%E5%9C%A8%E8%8D%89%E4%B8%AD%E7%9A%84%E7%99%BD%E4%B8%89%E5%8F%B6%E8%8D%89%E8%8A%B1-video72291803
https://img.moegirl.org/common/thumb/8/82/FKG-Bianca_Clover.png/400px-FKG-Bianca_Clover.png	https://zh.moegirl.org/%E7%BE%8E%E5%B0%91%E5%A5%B3%E8%8A%B1%E9%AA%91%E5%A3%AB:%E7%99%BD%E4%B8%89%E5%8F%B6%E8%8D%89
https://thumbs.dreamstime.com/t/%E8%BD%A6-%E8%8D%89repens%E6%88%96%E7%99%BD%E4%B8%89%E5%8F%B6%E8%8D%89%E5%92%8C%E7%9B%AE%E5%BD%95-%E8%8D%AFpla-72946407.jpg	https://cn.dreamstime.com/%E5%BA%93%E5%AD%98%E7%85%A7%E7%89%87-%E7%99%BD%E4%B8%89%E5%8F%B6%E8%8D%89%EF%BC%8C%E8%BD%A6-%E8%8D%89repens-image55724269
https://st.depositphotos.com/1000898/5091/i/950/depositphotos_50912585-stock-photo-medicinal-plant-white-clover.jpg	https://cn.depositphotos.com/50912585/stock-photo-medicinal-plant-white-clover.html
https://gw.alicdn.com/bao/uploaded/i3/TB1cRawSpXXXXcuXVXXXXXXXXXX_!!0-item_pic.jpg_230x230.jpg	https://www.taobao.com/oshtml/buy-cn/cp_uqu5-rDXyP3StrLd.html
https://thumbs.dreamstime.com/z/%E6%97%A0%E7%BC%9D%E8%89%B2%E7%9A%84%E6%A8%A1%E5%BC%8F-%E7%99%BD%E4%B8%89%E5%8F%B6%E8%8D%89%E5%8D%B0%E5%88%B7%E5%93%81%E4%B8%89%E8%A7%92%E5%9B%9B%E6%9D%A1%E5%92%8C%E4%B8%89%E6%9D%A1%E5%8F%B6%E5%AD%90%E5%92%8C%E7%BA%BF%E5%9C%A8-%E8%89%B2%E8%83%8C%E6%99%AF%E7%9A%84-90148871.jpg	https://cn.dreamstime.com/%E5%BA%93%E5%AD%98%E4%BE%8B%E8%AF%81-%E6%97%A0%E7%BC%9D%E8%89%B2%E7%9A%84%E6%A8%A1%E5%BC%8F-%E7%99%BD%E4%B8%89%E5%8F%B6%E8%8D%89%E5%8D%B0%E5%88%B7%E5%93%81%E4%B8%89%E8%A7%92%E5%9B%9B%E6%9D%A1%E5%92%8C%E4%B8%89%E6%9D%A1%E5%8F%B6%E5%AD%90%E5%92%8C%E7%BA%BF%E5%9C%A8-%E8%89%B2%E8%83%8C%E6%99%AF%E7%9A%84-image90148871
https://gw.alicdn.com/bao/uploaded/i3/3299979705/TB2a5mjqbBkpuFjy1zkXXbSpFXa_!!3299979705.jpg_230x230.jpg	https://www.taobao.com/oshtml/buy-cn/cp_st3GutbW19Ow18j90ray3Q.html
http://pic1.win4000.com/pic/3/26/a5d71347715.jpg	http://www.win4000.com/meinv112978.html
https://cdn.pixabay.com/photo/2017/04/26/10/43/white-clover-2262315_960_720.jpg	https://pixabay.com/zh/%E7%99%BD%E4%B8%89%E5%8F%B6-%E7%99%BD-%E4%B8%89%E5%8F%B6%E8%8D%89-%E8%8A%B1%E5%BA%8F-%E5%AE%8F-%E9%87%8E%E7%94%9F%E8%8D%89-%E6%94%BE%E7%89%A7-%E6%A4%8D%E7%89%A9-2262315/
http://www.52yhua.com/uploads/allimg/160630/1-160630221136.jpg	http://m.52yhua.com/caobentp/2728.html
https://static8.depositphotos.com/1041725/910/v/950/depositphotos_9104667-stock-illustration-white-clover-or-trifolium-repens.jpg	https://cn.depositphotos.com/9104667/stock-illustration-white-clover-or-trifolium-repens.html
https://cbu01.alicdn.com/img/ibank/2015/138/453/2678354831_1245161786.310x310.jpg	https://www.1688.com/pic/-B0D7C8FDD2B6B2DDD7D1.html
https://img.alicdn.com/bao/uploaded/i2/TB1K.5ZPFXXXXcpXVXXXXXXXXXX_!!0-item_pic.jpg_b.jpg	https://www.tmall.com/mlist/cp_sNfI_dK2st3X0Q.html
https://st.depositphotos.com/1014465/4948/i/950/depositphotos_49486757-stock-photo-overgrown-meadow-young-white-clover.jpg	https://cn.depositphotos.com/49486757/stock-photo-overgrown-meadow-young-white-clover.html
https://gw.alicdn.com/bao/uploaded/i3/TB1KTSwQpXXXXasaXXXXXXXXXXX_!!0-item_pic.jpg_230x230.jpg	https://www.taobao.com/oshtml/buy-cn/cp_vfi_2rDXyP3StrLd1tbX0w.html
https://thumbs.dreamstime.com/t/%E8%BD%A6-%E8%8D%89repens%E7%99%BD%E4%B8%89%E5%8F%B6%E8%8D%89%E4%BA%A6%E7%A7%B0%E5%8F%B6%E5%AD%90-64316571.jpg	https://cn.dreamstime.com/%E5%BA%93%E5%AD%98%E7%85%A7%E7%89%87-%E7%99%BD%E4%B8%89%E5%8F%B6%E8%8D%89%EF%BC%8C%E8%BD%A6-%E8%8D%89repens-image55724269
https://static8.depositphotos.com/1029215/938/v/950/depositphotos_9383010-stock-illustration-wavy-pattern-with-shamrocks-in.jpg	http://cn.depositphotos.com/9383010/stock-illustration-wavy-pattern-with-shamrocks-in.html
https://cbu01.alicdn.com/img/ibank/2013/072/554/1125455270_436725001.400x400.jpg	http://detail.1688.com/offer/912340825.html
https://gw.alicdn.com/bao/uploaded/i3/2864884820/TB2KdpzvYVkpuFjSspcXXbSMVXa_!!2864884820.jpg_230x230.jpg	https://www.taobao.com/oshtml/buy-cn/cp_sNfI_dK2st3GutbW19M.html
https://cbu01.alicdn.com/img/ibank/2014/732/140/1368041237_396229511.310x310.jpg	https://www.1688.com/pic/-B0D7C8FDD2B6B2DDD7D1.html
http://a4.att.hudong.com/16/68/20300534905440136340689026136_s.jpg	http://www.baike.com/wiki/%E7%99%BD%E4%B8%89%E5%8F%B6%E8%8D%89%E5%9D%AA
https://gw.alicdn.com/bao/uploaded/i1/TB19gbZHpXXXXakXXXXXXXXXXXX_!!0-item_pic.jpg_230x230.jpg	https://www.taobao.com/oshtml/buy-cn/cp_sNfI_dK2st3W1tfTxfq3og.html
http://www.chinabaike.com/uploads/allimg/150909/0919234034-0.jpg	http://www.chinabaike.com/t/31474/2015/0909/3206275.html
https://thumbs.dreamstime.com/z/%E5%9C%A8%E8%8D%89%E7%9A%84%E7%99%BD%E4%B8%89%E5%8F%B6%E8%8D%89%E8%8A%B1%E5%9C%A8%E8%93%9D%E8%89%B2%E8%83%8C%E6%99%AF-46017726.jpg	https://cn.dreamstime.com/%E5%BA%93%E5%AD%98%E7%85%A7%E7%89%87-%E5%9C%A8%E8%8D%89%E7%9A%84%E7%99%BD%E4%B8%89%E5%8F%B6%E8%8D%89%E8%8A%B1%E5%9C%A8%E8%93%9D%E8%89%B2%E8%83%8C%E6%99%AF-image46017726
https://gw.alicdn.com/bao/uploaded/i4/T1Nj9HXz0cXXXXXXXX_!!0-item_pic.jpg_230x230.jpg	https://www.taobao.com/oshtml/buy-cn/cp_sNfI_dK2st3GutbW19M.html
https://cbu01.alicdn.com/img/ibank/2017/306/668/4381866603_246424275.220x220.jpg	http://www.1688.com/jiage/-B0D7C8FDD2B6B2DDD7D1.html
http://upload.wikimedia.org/wikipedia/commons/thumb/0/00/PIC_20160423_Trifolium_repens.jpg/240px-PIC_20160423_Trifolium_repens.jpg	http://www.wikiwand.com/zh/%E7%99%BD%E4%B8%89%E8%91%89%E8%8D%89
https://thumbs.dreamstime.com/z/%E5%9C%A8%E8%80%81%E6%9C%A8%E6%9D%BF%E7%9A%84%E6%A1%83%E7%BA%A2%E8%89%B2%E5%92%8C%E7%99%BD%E4%B8%89%E5%8F%B6%E8%8D%89-42820284.jpg	https://cn.dreamstime.com/%E5%BA%93%E5%AD%98%E7%85%A7%E7%89%87-%E5%9C%A8%E8%80%81%E6%9C%A8%E6%9D%BF%E7%9A%84%E6%A1%83%E7%BA%A2%E8%89%B2%E5%92%8C%E7%99%BD%E4%B8%89%E5%8F%B6%E8%8D%89-image42820284
https://gw.alicdn.com/bao/uploaded/i2/409228205/TB2aESFoFXXXXbeXpXXXXXXXXXX_!!409228205.jpg_230x230.jpg	https://www.taobao.com/oshtml/buy-cn/cp_sNfI_dK2st3W1tfTxfq3og.html
https://cbu01.alicdn.com/img/ibank/2014/626/228/1314822626_1761969908.310x310.jpg	https://www.1688.com/pic/-B0D7C8FDD2B6B2DDD7D1.html
https://thumbs.dreamstime.com/t/%E8%BD%A6-%E8%8D%89repens-%E8%BF%99%E4%B8%80%E6%A3%B5%E7%99%BD%E4%B8%89%E5%8F%B6%E8%8D%89%E5%9C%A8%E8%8D%89%E7%94%B8%E5%A2%9E%E9%95%BF-80686375.jpg	https://cn.dreamstime.com/%E5%BA%93%E5%AD%98%E7%85%A7%E7%89%87-%E8%BD%A6-%E8%8D%89repens-%E8%BF%99%E4%B8%80%E6%A3%B5%E7%99%BD%E4%B8%89%E5%8F%B6%E8%8D%89%E5%9C%A8%E8%8D%89%E7%94%B8%E5%A2%9E%E9%95%BF-image75373498
https://cbu01.alicdn.com/img/ibank/2016/068/427/3578724860_1737000097.310x310.jpg	https://www.1688.com/pic/-B0D7C8FDD2B6B2DDD7D1.html
https://img.alicdn.com/bao/uploaded/i3/TB1wt6pOpXXXXXGaXXXXXXXXXXX_!!0-item_pic.jpg_b.jpg	https://www.tmall.com/mlist/cp_st3GutbW19Ow18j90ray3Q.html
