
http://a2.att.hudong.com/18/73/01300000178518124278730628556.jpg	http://www.baike.com/wiki/%E9%87%91%E9%B1%BC%E8%8D%89
http://a4.att.hudong.com/07/72/01300000178518124278727261836_s.jpg	http://www.baike.com/wiki/%E9%87%91%E9%B1%BC%E8%8D%89
http://a3.att.hudong.com/76/76/01300000201199122441769189417.jpg	http://www.baike.com/wiki/%E9%87%91%E9%B1%BC%E8%8D%89
https://upload.wikimedia.org/wikipedia/commons/thumb/f/f6/Longwood_Florida_Antirrhinum_majus1.jpg/250px-Longwood_Florida_Antirrhinum_majus1.jpg	https://zh.wikipedia.org/wiki/%E9%87%91%E9%B1%BC%E8%8D%89
http://www.wdptj.com/wp-content/uploads/2014/08/%E9%87%91%E9%B1%BC%E8%8D%893.jpg	http://www.wdptj.com/2314.html
https://img.imynest.com/uploads/9/E6/9E631FCE41.jpeg	https://www.imynest.com/content/39844.html
https://www.huabaike.com/uploads/allimg/20120628/12062Q11449253360-L.jpg	https://www.huabaike.com/huahuidaquan/201206/896.html
http://img.zwbk.org/baike/spic/2010/12/18/20101218083630263_4294.jpg	http://m.zwbk.org/lemma/97369
http://img.boqiicdn.com/Data/BK/P/imagick22501428056022.jpg	http://www.boqii.com/entry/detail/1905.html
http://www.baihuamen.com/d/file/2014/04-01/475c41696273e5dad309f65bf9a42e6c.jpg	http://www.baihuamen.com/jinyucao/
http://www.38fan.com/uploads/allimg/140123/1P93G4L-0.jpg	http://www.38fan.com/z82372.html
http://www.baihuamen.com/d/file/2014/04-01/32207679843eafc002891a1ad2de4970.jpg	http://www.baihuamen.com/jinyucao/
http://pic67.nipic.com/file/20150509/532538_085541784000_2.jpg	http://www.nipic.com/zhuanti/1523451_1.html
https://upload.wikimedia.org/wikipedia/commons/thumb/5/57/242_Anthirrhinum_majus_L.jpg/250px-242_Anthirrhinum_majus_L.jpg	https://zh.wikipedia.org/wiki/%E9%87%91%E9%B1%BC%E8%8D%89%E5%B1%9E
http://a3.att.hudong.com/64/70/01300000201199122344704013887_s.jpg	http://www.baike.com/wiki/%E9%87%91%E9%B1%BC%E8%8D%89
http://www.52yhua.com/uploads/allimg/160630/1-160630224514.jpg	http://www.52yhua.com/caoben/2737.html
http://a4.att.hudong.com/52/73/01300000178518124278738357710.jpg	http://tupian.baike.com/a4_52_73_01300000178518124278738357710_jpg.html
http://pic20.nipic.com/20120405/9332784_203741726109_2.jpg	http://www.nipic.com/show/5970018.html
http://www.52yhua.com/uploads/allimg/160630/1-160630230I4.jpg	http://www.52yhua.com/caoben/2740.html
http://img1.ph.126.net/X9I1Z9nmxGEWjBizXrcgZg==/6630400362141176977.jpg	http://sldgqyz.lofter.com/tag/%E9%87%91%E9%B1%BC%E8%8D%89
http://pic21.nipic.com/20120507/5032055_015833248000_2.jpg	http://www.nipic.com/show/1/44/6177273k2e900c8b.html
http://p.d1xz.net/2014/5/24/11290570570.jpg	http://www.d1xz.net/astro/huayu/art50054.aspx
http://pic.baike.soso.com/ugc/baikepic/36310/cut-20140425115602-1200413844.jpg/0	http://baike.sogou.com/lemma/ShowInnerLink.htm?lemmaId=148352
http://www.wdptj.com/wp-content/uploads/2015/04/%E9%87%91%E9%B1%BC%E8%8D%89%E7%9A%84%E7%A7%8D%E6%A4%8D%E6%96%B9%E6%B3%952.jpg	http://www.wdptj.com/jinyucao/
https://thumbs.dreamstime.com/z/%E9%87%91%E9%B1%BC%E8%8D%89%E5%B1%9E%E8%8A%B1-70011339.jpg	https://cn.dreamstime.com/%E5%9B%BE%E5%BA%93%E6%91%84%E5%BD%B1-%E9%87%91%E9%B1%BC%E8%8D%89%E5%B1%9E%E8%8A%B1-image23114162
http://www.tpml.edu.tw/public/MMO/PKL/%E9%87%91%E9%AD%9A%E8%8D%8910101-03.png	http://www.tpml.edu.tw/fp.asp?fpage=cp&xItem=15203341&ctNode=8957&mp=104021
https://b-ssl.duitang.com/uploads/item/201401/28/20140128165847_vrFtv.thumb.224_0.jpeg	https://www.duitang.com/album/?id=79413512
https://cbu01.alicdn.com/img/ibank/2016/055/071/2760170550_883259535.220x220.jpg	http://www.1688.com/jiage/-BCA7BDF0D3E3B2DD.html
http://a1.att.hoodong.com/20/35/01300000171642121800358923442.jpg	http://www.webbcy.com/bcg_body/219.html
http://www.wdptj.com/wp-content/uploads/2014/08/%E9%87%91%E9%B1%BC%E8%8D%892.jpg	http://www.wdptj.com/2314.html
http://a1.att.hudong.com/22/73/01300000178518124278733906143_s.jpg	http://www.baike.com/wiki/%E9%87%91%E9%B1%BC%E8%8D%89
https://images.gamme.com.tw/news2/2013/66/68/p6CSoKaVlJ6X.jpg	https://news.gamme.com.tw/536668
http://www.cnhua.net/uploads/allimg/090612/204K062G-0.JPG	http://www.cnhua.net/zhiwu/xuancanke/jinyucao/
http://tupian.geimian.com/pic/2016/05/2016-05-06_144429.jpg	https://www.geimian.com/wx/65625.html
https://thumbs.dreamstime.com/z/%E6%A1%83%E7%BA%A2%E8%89%B2%E9%87%91%E9%B1%BC%E8%8D%89%E5%B1%9E-50360906.jpg	https://cn.dreamstime.com/%E5%BA%93%E5%AD%98%E7%85%A7%E7%89%87-%E6%A1%83%E7%BA%A2%E8%89%B2%E9%87%91%E9%B1%BC%E8%8D%89%E5%B1%9E-image50360906
http://flower.dzvv.com/attachment/0801/2fc66d21cd.gif	http://flower.dzvv.com/flower/2/2008-07/65.html
https://www.huabaike.com/uploads/allimg/artimg/201605/20160518170415_45205.jpg	http://www.huabaike.com/hyjk/3567.html
http://www.baihuamen.com/d/file/2014/04-01/42aa0ee511afe1d8adf6a66e5241b44b.jpg	http://www.baihuamen.com/jinyucao/
https://b-ssl.duitang.com/uploads/item/201411/07/20141107164936_kQAxE.thumb.224_0.gif	https://www.duitang.com/blogs/tag/?name=%E9%87%91%E9%B1%BC%E8%8D%89
http://a4.att.hudong.com/70/98/19300001333271131667982091070.jpg	http://huayu.baike.com/article-71010.html
http://www.huajiang.cc/uploads/allimg/140331/1-140331215253.jpg	http://www.huajiang.cc/huayu/20140331/233.html
http://img5.duitang.com/uploads/blog/201402/03/20140203102715_cGYUs.thumb.700_0.jpeg	http://m.sdmy168.com/index/6YeR6bG86I2JIA%3D%3D.html
http://img.zwbk.org/baike/spic/2010/12/18/20101218083549154_3341.jpg	http://m.zwbk.org/lemma/97369
http://pic29.nipic.com/20130528/12097900_162857401127_2.jpg	http://www.nipic.com/show/1/44/8177997k7f4b93d7.html
http://7.blog.xuite.net/7/4/e/4/11253733/blog_227360/txt/24298848/1.jpg	http://blog.xuite.net/e2202778/boaboa/24298848-%E9%87%91%E9%AD%9A%E8%8D%89
http://img01.hua.com/uploadpic/images/20146251144578861651.jpg	http://www.hua.com/huayu/11567.html
http://www.yuhuagu.com/uploads/allimg/100416/1_100416181125_1.jpg	http://www.yuhuagu.com/jiating/2010/0416/632.html
http://www.52yhua.com/uploads/allimg/160630/1-160630224513.jpg	http://www.52yhua.com/caoben/2737.html
http://img0.pchouse.com.cn/pchouse/baike/decorate/1408/5_22.jpg	http://www.pchouse.com.cn/baike/shenghuo/2662/
http://www.pjcn.org/uploads/allimg/1610/1-16101R10I5195.jpg	http://www.pjcn.org/hy/2576/
https://www.huabaike.com/uploads/allimg/artimg/201605/20160518170659_69677.jpg	https://m.huabaike.com/yhjq/3568.html
https://b-ssl.duitang.com/uploads/item/201406/18/20140618202857_KUmRL.jpeg	http://www.duitang.com/blog/?id=237119315
http://7.blog.xuite.net/7/4/e/4/11253733/blog_227360/txt/24298848/0.jpg	http://blog.xuite.net/e2202778/boaboa/24298848-%E9%87%91%E9%AD%9A%E8%8D%89
http://www.baihuamen.com/d/file/2014/04-01/9c679afccab65ffeb3b290f178bad962.jpg	http://www.baihuamen.com/jinyucao/
http://s1.sinaimg.cn/middle/66019f9ena130ab8aa0f0&690	http://blog.sina.com.cn/s/blog_66019f9e0100r7uq.html
http://p.ayxbk.com/images/thumb/4/46/Bkdl7.jpg/220px-Bkdl7.jpg	http://www.a-hospital.com/w/%E9%87%91%E9%B1%BC%E8%8D%89
http://a1.att.hudong.com/30/74/01300000178518124278742321901.jpg	http://tupian.baike.com/doc/%E9%87%91%E9%B1%BC%E8%8D%89/a1_30_74_01300000178518124278742321901_jpg.html?prd=citiao_tuce_zhengwen
http://nhjy.hzau.edu.cn/kech/hhx/piclib/upload/200572016195482663.jpg	http://nhjy.hzau.edu.cn/kech/hhx/piclib/display.asp?id=496
http://img01.hua.com/uploadpic/images/20162251842254590991.jpg	http://www.hua.com/huayu/14782.html
http://a4.att.hudong.com/37/71/01300000201199122344717985662_s.jpg	http://www.baike.com/wiki/%E9%87%91%E9%B1%BC%E8%8D%89
http://ww1.sinaimg.cn/large/6d5fb799tw1eca63jvmp3j208c0h0q3y.jpg	https://freeweibo.com/en/weibo/@%E9%87%91%E9%B1%BC%E8%8D%89%E5%91%B3%E7%9A%84%E8%90%B1%E8%8D%89%E4%B8%80%E6%9C%88%E5%8D%81%E6%B1%82%E7%94%9F%E8%B4%BAw
http://3.bp.blogspot.com/-ouiVral674s/VFhvZDYAmAI/AAAAAAAAC-0/WqduGp4QoE8/s1600/141028_%E9%87%91%E9%AD%9A%E8%8D%89%2B%E8%9D%B4%E8%9D%B6%E5%A4%AB%E4%BA%BA.JPG	http://blog.igarden.com.tw/2014/09/14-spring-Snapdragon.html
http://ubq.ubiaoqing.com/ubiaoqingc9b8d8684024bdc863e4297c03a6585c.jpg	http://www.ubiaoqing.com/search/%E9%87%91%E9%B1%BC%E8%8D%89
http://pic.tugou.com/baike/1461315437_1794198.jpeg	http://www.tugou.com/baike/1157.html
http://pics7.yamedia.tw/43/userfile/x/xconan4869x/album/153823b57b1767.jpg	https://www.plurk.com/p/k25x3l
http://image.sciencenet.cn/album/201204/18/182213gywzf5ypyq6f0cuw.jpg	http://blog.sciencenet.cn/blog-629259-560873.html
http://7.blog.xuite.net/7/4/e/4/11253733/blog_227360/txt/24298848/2.jpg	http://blog.xuite.net/e2202778/boaboa/24298848-%E9%87%91%E9%AD%9A%E8%8D%89
https://pbs.twimg.com/media/BhzryNgCYAAjnzD.png	https://twitter.com/mukku55/status/440486111421292545
https://www.huabaike.com/uploads/allimg/sltimg/201605/573c3093ebc53.jpg	https://m.huabaike.com/yhjq/3568.html
http://pic.20qu.com/upload/cimg/2015/11-05/E0NTG73635823403869394064.jpg	http://www.20qu.com/jingxuan/2015/115/100488.html
http://img1.ph.126.net/NQpKw0lOyrSFvKZyqGq5EA==/3312397526031301453.jpg	http://1722913245.lofter.com/post/3041ed_148732f
http://map1.zw3e.com:8080/zw_news_map/550/2016033/1458527341271594421.png	http://www.zw3e.com/271/
http://m-miya.net/wp-content/uploads/2013/10/u-0007_min.jpg	http://m-miya.net/snapdragon.html
http://www.tulaoer.org/5-Images/3-Bio/P/Snapdragon/20110630_4363y.jpg	http://www.tulaoer.org/3-Biology/P/Snapdragon.html
http://www.yuhuagu.com/uploads/allimg/150708/43_150708154036_1.jpg	http://www.yuhuagu.com/changshi/2015/0708/12258.html
https://www.huabaike.com/uploads/allimg/artimg/201612/20161227151459_38652.jpg	https://www.huabaike.com/hyjk/6507.html
http://www.baihuamen.com/d/file/2014/04-01/4add87bf569cdd15d417f66db5cc2196.jpg	http://www.baihuamen.com/jinyucao/
http://a3.att.hudong.com/05/71/01300000201199122344714838287.jpg	http://tupian.baike.com/a3_05_71_01300000201199122344714838287_jpg.html
http://www.ailianshuo.net/uploads/caoben/jinyucao/jinyucao_05.jpg	http://www.ailianshuo.net/caobenhuahui/439/
https://st.depositphotos.com/1415505/3082/i/950/depositphotos_30825701-stock-photo-antirrhinum-or-snapdragon.jpg	https://cn.depositphotos.com/30825701/stock-photo-antirrhinum-or-snapdragon.html
http://www.52yhua.com/uploads/allimg/160831/1-160S1213R9.jpg	http://www.52yhua.com/tag/jinyucao_1035_1.html
http://www.tpml.edu.tw/public/MMO/PKL/%E9%87%91%E9%AD%9A%E8%8D%8910101-02.png	http://www.tpml.edu.tw/fp.asp?fpage=cp&xItem=15203341&ctNode=8957&mp=104021
http://www.kuailea.com/wiki/uploads/201110/1319627496ROq7SgYd.jpg	http://www.kuailea.com/wiki/doc-view-147.html
http://pic40.nipic.com/20140418/13342293_092459699000_2.jpg	http://www.nipic.com/show/10132295.html
http://study.kantsuu.com/UploadFiles/201508/20150826095530233.png	http://study.kantsuu.com/Print.asp?ArticleID=400939
http://www.52yhua.com/uploads/allimg/160626/1-160626215958.jpg	http://www.52yhua.com/jiage/2676.html
https://www.huabaike.com/uploads/allimg/artimg/201612/20161227151433_17838.jpg	https://www.huabaike.com/hyjk/6507.html
http://gmimg.geimian.com/pic/2016/05/fcca3a5ba9f4739d2ebfd8536234f8f4.jpg	https://www.geimian.com/wx/65625.html
https://gw.alicdn.com/bao/uploaded/i2/TB16DipHXXXXXb.XXXXXXXXXXXX_!!0-item_pic.jpg_230x230.jpg	https://www.taobao.com/article/CDEICKESBdDrBLEQ.html
https://www.huabaike.com/uploads/allimg/sltimg/201605/573ade9cd3027.jpg	http://www.huabaike.com/hyjk/3567.html
https://www.huabaike.com/uploads/allimg/artimg/201703/20170323202903_20736.jpg	https://m.huabaike.com/yhjq/7894.html
https://img.imynest.com/uploads/5/20/5200EA2194.jpeg	https://www.imynest.com/content/33386.html
https://www.huabaike.com/uploads/huatuku/20160525/57454500c2f63.jpg	https://www.huabaike.com/ghzw/76.html
http://a3.att.hudong.com/54/16/19300542515989139762167662088_950.jpg	http://miaomuzx.h.baike.com/article-1387904.html
http://www.tpml.edu.tw/public/MMO/PKL/%E9%87%91%E9%AD%9A%E8%8D%8910101-01.png	http://www.tpml.edu.tw/fp.asp?fpage=cp&xItem=15203341&ctNode=8957&mp=104021
http://6.blog.xuite.net/6/f/e/a/16530611/blog_934482/txt/15791352/0.jpg	http://blog.xuite.net/firefly666/tsfa/15791352-2%E6%9C%8816%E6%97%A5%E9%87%91%E9%AD%9A%E8%8D%89
http://images.gamme.com.tw/news2/2013/66/68/p6CSoKaVlJ6W.jpg	https://news.gamme.com.tw/536668
http://img.wkgoto.com/upload/9/4b/94b1e90420e1010cd8f173d475ba0465_thumb.jpg	http://www.wkgoto.com/i/21713.html
http://www.hllhz.com/UploadFiles/News/20140829160230_35427.jpg	http://www.hllhz.com/Article/sgjycal_1.html
http://pic87.nipic.com/file/20160106/13607204_153544647647_2.jpg	http://www.nipic.com/show/14005762.html
