
http://www.zhiwu365.com/uploads/plant/244_hanxincao/default/original/2_hanxincao.jpg	http://www.zhiwu365.com/plant/277
http://pic.baike.soso.com/p/20090109/20090109120000-100097.jpg	http://www.52shici.com/works.php?mem_id=30231&works_id=749455
http://pic27.nipic.com/20130328/11756111_162750467000_2.jpg	http://www.nipic.com/show/1/27/7751910k7d9af9df.html
http://www.yuhuagu.com/uploads/allimg/120519/10-120519160249.jpg	http://www.yuhuagu.com/ktsh/2945.html
http://a0.att.hudong.com/64/10/01300000121401121329105702501_s.jpg	http://www.baike.com/wiki/%E9%9F%A9%E4%BF%A1%E8%8D%89
http://jpkc.sysu.edu.cn/zhiwuxue/web2004/source/hsd/beizi/DIC/images/%E5%94%87%E5%BD%A2%E7%A7%91%EF%BC%9A%E9%9F%A9%E4%BF%A1%E8%8D%89.jpg	http://jpkc.sysu.edu.cn/zhiwuxue/web2004/source/hsd/beizi/DIC/pages/%E5%94%87%E5%BD%A2%E7%A7%91%EF%BC%9A%E9%9F%A9%E4%BF%A1%E8%8D%89.htm
http://a2.att.hudong.com/04/16/01300000121401121329169207205_s.jpg	http://www.baike.com/wiki/%E9%9F%A9%E4%BF%A1%E8%8D%89
http://image97.360doc.com/DownloadImg/2016/05/2721/72729542_1.jpg	http://www.360doc.com/content/16/0527/21/10575307_562852095.shtml
https://upload.wikimedia.org/wikipedia/commons/thumb/8/8c/Scutellaria_indica_01.jpg/300px-Scutellaria_indica_01.jpg	https://zh.wikipedia.org/wiki/%E9%9F%93%E4%BF%A1%E8%8D%89
http://a0.att.hudong.com/02/15/01300000121401121329155271305_s.jpg	http://www.baike.com/wiki/%E9%9F%A9%E4%BF%A1%E8%8D%89
http://www.cnhua.net/uploads/090610/1_203455_1.jpg	http://www.cnhua.net/zhiwu/chunxingke/hanxincao/
http://www.huajiang.cc/uploads/allimg/140722/10-140H2202I34W.JPG	http://baike.huajiang.cc/cb/hanxincao/
http://img.xunhai.com/2015/11/26/144850596240915.jpg	http://www.xunhai.com/hanxincao/
http://s5.sinaimg.cn/middle/66019f9ena79778db4f14&690	http://blog.sina.com.cn/s/blog_66019f9e0102dqlo.html
http://i.epochtimes.com/assets/uploads/2006/11/611160551421538.jpg	http://www.epochtimes.com/b5/6/11/16/n1524017.htm
http://image.sciencenet.cn/album/201204/26/115534qalxasxiahiqh6pa.jpg	http://wap.sciencenet.cn/blogview.aspx?id=563812
http://www.huajiang.cc/uploads/allimg/140722/10-140H2203359462.jpg	http://baike.huajiang.cc/cb/hanxincao/
http://a0.att.hudong.com/32/07/01300000121401121329071808328_s.jpg	http://www.baike.com/wiki/%E9%9F%A9%E4%BF%A1%E8%8D%89
http://www.18zhongyao.com/pic/1/hanxincao.jpg	http://www.18zhongyao.com/zydq/qc/857.html
http://kc.njnu.edu.cn/zwswx/abc/beizi/tu/chunxingke/erwacao87-sx.jpg	http://www.jxmcqluntai.com/content/6Z%2Bp5L%2Bh6I2J.html
http://img.99.com.cn/uploads/121122/1_173255_1.png	http://tuku.99.com.cn/yxtk/194965.htm
http://www.zhongyao360.com/uploads/161221/31-161221111223436.jpg	http://www.zhongyao360.com/z/hanxincao/
http://www.zhiwu365.com/uploads/plant/244_hanxincao/default/original/3_hanxincao.jpg	http://www.zhiwu365.com/plant/277
http://www.zhiwu365.com/uploads/plant/244_hanxincao/default/original/4_hanxincao.jpg	http://www.zhiwu365.com/plant/277
http://zw3wmap1.zw3e.com:8080/zw_news_map/350/2014054/1401268621050903495.jpg	http://www.zw3e.com/bk/guanyezhiwu/wccig.html
http://2.im.guokr.com/LQYzH269iwFVOWlZVSvinM41r5cAMyR2bDcHksLnwK9GAgAANwMAAEpQ.jpg?imageView2/1/w/580/h/820	http://www.guokr.com/post/445886/
https://gss1.bdstatic.com/-vo3dSag_xI4khGkpoWK1HF6hhy/baike/s%3D220/sign=b80639369258d109c0e3aeb0e159ccd0/a5c27d1ed21b0ef47e87c216ddc451da81cb3e0e.jpg	https://baike.baidu.com/item/%E9%9F%A9%E4%BF%A1%E8%8D%89
http://s8.sinaimg.cn/mw690/002n6cJzgy6RSDAyo1p07&690	http://blog.sina.com.cn/s/blog_818e82390102vkry.html
http://read.html5.qq.com/image?src=forum&q=5&r=0&imgflag=7&imageUrl=http://mmbiz.qpic.cn/mmbiz/Kzd5ljwqrvDg0AibBQhsiaz3whELowSIvdJSYf0oErVTW9RZasBNWNic14VAAGia2vXY6GndTQGu40nYuHm01yOZ9A/0?wx_fmt=png	http://chuansong.me/n/344936551421
http://jk.centv.cn/ueditor/php/upload/image/20151201/1448941388265299.jpg	http://jk.centv.cn/2015/zhongyaofangji_1201/7147.html
http://pic.baike.soso.com/p/20111014/20111014235209-1979198899.jpg	http://www.52shici.com/works.php?mem_id=30231&works_id=749455
http://img.xunhai.com/2015/11/26/144850593986596.jpg	http://www.xunhai.com/hanxincao/
http://img.xunhai.com/2015/11/26/144850595959038.jpg	http://www.xunhai.com/hanxincao/
http://www.orangenews.hk/pic/0/10/00/58/10005844_979341.jpg	http://www.orangenews.hk/culture/system/2014/12/23/010003257.shtml
http://www.baihuamen.com/d/file/2014/05-26/f34c8915ec8ee3371991cca06a6b5d14.jpg	http://www.baihuamen.com/hanxincao/
http://img.xunhai.com/2015/11/26/144850596344085.jpg	http://www.xunhai.com/hanxincao/2015/1126/4027.html
http://www.sln.ks.edu.tw/plants/yibain/ybimg/han-sin-cau.jpg	http://www.sln.ks.edu.tw/plants/yibain/yb21.htm
https://img.diytrade.com/smimg/150664/40212085-2175657-0/nn/c212.jpg	http://www.diseasefreetea.com/sdp/150664/2/pd-942492/553234-472102/%E5%8D%8A%E6%9E%9D%E8%8E%B2_%E5%B9%B6%E5%A4%B4%E8%8D%89_%E5%B0%8F%E9%9F%A9%E4%BF%A1%E8%8D%89_Scutellaria_Barbata.html
http://i107.photobucket.com/albums/m294/Mephistoli/plants/Scutellaria_indica_6704.jpg	http://www.hkwildlife.net/Forum/viewthread.php?action=printable&tid=2208
http://pic.pimg.tw/fuhoren/1200753942.jpg	http://www.2home.com.tw/bbs/forum.php?mod=viewthread&tid=27723
http://www.baihuamen.com/d/file/2014/05-26/a365352f5fbbf15d317e7f1c40cfdfe4.jpg	http://www.baihuamen.com/hanxincao/16464_19.html
http://img.xietui.com/med-images/201411/26/59/201411265938832657365_300.jpg	http://m.xietui.com/yaocai/8042.html
http://a4.att.hudong.com/01/08/01300000121401121329082649901_s.jpg	http://www.baike.com/wiki/%E9%9F%A9%E4%BF%A1%E8%8D%89
http://s13.sinaimg.cn/mw690/002n6cJzgy6RSDALZA89c&690	http://blog.sina.com.cn/s/blog_818e82390102vkry.html
http://read.html5.qq.com/image?src=forum&q=5&r=0&imgflag=7&imageUrl=http://mmbiz.qpic.cn/mmbiz/Kzd5ljwqrvDg0AibBQhsiaz3whELowSIvdkxRqHYsBX8u5SDr3LYicg7sdViaeySsicdL1k8dXicZxlhLIjmica9B3Z7A/0?wx_fmt=png	http://chuansong.me/n/344936551421
http://s6.sinaimg.cn/mw690/002n6cJzgy6RSDCwH6Rd5&690	http://blog.sina.com.cn/s/blog_818e82390102vkry.html
https://www.huabaike.com/uploads/allimg/artimg/201606/20160615124650_76546.jpg	https://m.huabaike.com/jtyh/4276.html
https://b-ssl.duitang.com/uploads/item/201504/30/20150430164702_JaRKM.jpeg	https://www.duitang.com/blog/?id=356272091
http://www.wanhuajing.com/pic/1706/1910/5320471/1_600_400.jpg	http://www.wanhuajing.com/d809667
https://gss3.bdstatic.com/7Po3dSag_xI4khGkpoWK1HF6hhy/baike/s%3D220/sign=572f677d61380cd7e21ea5ef9145ad14/f11f3a292df5e0fe7e7411cc586034a85fdf728b.jpg	https://baike.baidu.com/item/%E9%9F%A9%E4%BF%A1%E8%8D%89
http://www.zhongyao.org.cn/daquan/sucai/jd0629.jpg	http://www.zhongyao.org.cn/daquan/sucai/page_32.htm
http://image.sciencenet.cn/album/201204/26/1155340vvwmjjzmepep3vp.jpg	http://wap.sciencenet.cn/blogview.aspx?id=563812
http://image76.360doc.com/DownloadImg/2014/07/0409/43137846_4	http://www.360doc.com/content/14/0704/09/9393671_391885052.shtml
http://img1.ph.126.net/zaR19H3W3b7k4xvOCZ7xIg==/6630740111235736996.jpg	http://as147258369nm.blog.163.com/blog/static/54408181201582992529649/
http://www.epochtimes.com/i6/611160556421538.jpg	http://www.epochtimes.com/b5/6/11/16/n1524017.htm
http://img.39yst.com/uploads/allimg/130327/1334301502-0.jpg	http://www.39yst.com/20120602/108481.shtml
http://www.hktree.com/images/trees/PICT03171.jpg	http://www.hktree.com/story/055.htm
http://3.bp.blogspot.com/-OlmNts4T5HA/UTf_mQFAjeI/AAAAAAAAA4s/-iP7u7rGp-8/s1600/0306_1.jpg	http://pwflora.blogspot.com/2013/03/scutellaria-indica.html
http://img2.ph.126.net/Kx6h7J6S8uTHv12vtUPM4A==/6597750364354207572.jpg	http://yangli.1946.blog.163.com/blog/static/730797562012102832529958/
http://pic.pimg.tw/pcw9478/1396849104-2900523123_n.jpg	http://pcw9478.pixnet.net/blog/post/361473596-%E5%8D%8A%E6%9E%9D%E8%93%AE%E2%80%94%E7%8B%B9%E8%91%89%E9%9F%93%E4%BF%A1%E8%8D%89%E3%80%81%E5%90%91%E5%A4%A9%E7%9B%9E
https://himg.china.cn/2/3_721_35895_480_518.jpg	https://www.china.cn/qtyuanlinzhiwu/3318594961.html
http://a4.att.hudong.com/70/07/01300000121401121329074657312_s.gif	http://www.baike.com/wiki/%E9%9F%A9%E4%BF%A1%E8%8D%89
https://gss2.bdstatic.com/9fo3dSag_xI4khGkpoWK1HF6hhy/baike/s%3D220/sign=c6c02ab9eff81a4c2232ebcbe7286029/a2cc7cd98d1001e9f3f28cc2bc0e7bec55e79735.jpg	https://baike.baidu.com/item/%E9%9F%A9%E4%BF%A1%E8%8D%89
https://gss2.bdstatic.com/-fo3dSag_xI4khGkpoWK1HF6hhy/baike/s%3D220/sign=1a177aa034a85edffe8cf921795509d8/c9fcc3cec3fdfc033463f048d43f8794a4c22622.jpg	https://baike.baidu.com/item/%E9%9F%A9%E4%BF%A1%E8%8D%89
http://img1.ph.126.net/O3E4suUH1wg-Gs0TweWroQ==/6630626861538071629.jpg	http://as147258369nm.blog.163.com/blog/static/54408181201582992529649/
http://s3.sinaimg.cn/middle/66019f9ena7977716be32&690	http://blog.sina.com.cn/s/blog_66019f9e0102dqlo.html
http://www.weshare.hk/uploads/11806/GkozrmnjaLyN52s7pZRIcg.jpg	http://weshare.com.hk/KinFrenzy/articles/742738
http://s.xwtoutiao.cn/img/f/?u=http%3A%2F%2Fp1.pstatp.com%2Forigin%2F1b760004c6cd7079b0fa	http://www.xwtoutiao.cn/p/gpfwo6wz/
http://img.xunhai.com/2015/11/26/144850591727291.jpg	http://www.xunhai.com/hanxincao/
http://pic.pingguolv.com/uploads/allimg/131229/53-131229144037.jpg	http://www.pingguolv.com/zy/gongxiao/8587.html
http://pic.pingguolv.com/uploads/allimg/131229/53-131229143957.jpg	http://www.pingguolv.com/zy/gongxiao/8587.html
http://pic.pingguolv.com/uploads/allimg/131229/53-131229143919.jpg	http://www.pingguolv.com/zy/gongxiao/8587.html
http://5.share.photo.xuite.net/wmwm5600/157620a/11026196/515347702_m.jpg	http://wmwm5600.blogspot.com/2011/10/blog-post_12.html
http://n1.itc.cn/img8/wb/smccloud/fetch/2015/06/15/185081766520441689.JPEG	https://m.ltzg.com.cn/news/150105.html
http://s3.sinaimg.cn/mw690/001oBarhzy79oUZcJ3462&690	http://blog.sina.com.cn/s/blog_4c457ffb0102wqzq.html
http://www.fjbirds.org/bbs/attachments/month_1202/120219172986670326c71b7399.jpg	http://www.fjbirds.org/bbs/viewthread.php?action=printable&tid=18298
http://www.18ladys.com/tupian/hanxincao.gif	http://www.18ladys.com/post/1346.html
http://pic122.nipic.com/file/20170222/14564549_111347830038_2.jpg	http://www.nipic.com/show/16686312.html
http://www.huajiang.cc/uploads/allimg/140813/9-140Q30943210-L.jpg	http://baike.huajiang.cc/cb/hanxincao/
http://img.supfree.net/zhongyao/images/2978_2.jpg	http://zhongyao.supfree.net/hao.asp?id=%BA%AB%D0%C5%B2%DD
https://cbu01.alicdn.com/img/ibank/2015/489/964/2362469984_1076744843.310x310.jpg	http://www.1688.com/pic/-BAABD0C5B2DD.html
http://www.fjbirds.org/bbs/attachments/month_1201/1201022328b66a3e37bccb4b97.jpg	http://www.fjbirds.org/bbs/viewthread.php?action=printable&tid=17990
http://s7.sinaimg.cn/middle/66019f9ena79778e9d396&690	http://blog.sina.com.cn/s/blog_66019f9e0102dqlo.html
http://img07.tooopen.com/images/20170222/tooopen_sy_199323547744.jpg	http://www.tooopen.com/view/1409777.html
http://d.pmume.com/file/o/2017-04/a829eed1d270725bc9f518e49b631759.jpg	http://www.pmume.com/o/ny2ld.shtml
http://img.laozongyi.com/portal/201703/03/162830fkcy68ca6irzav38.jpg	http://www.laozongyi.com/shenghuo/330302.html
http://s2.sinaimg.cn/middle/66019f9ena79771654721&690	http://blog.sina.com.cn/s/blog_66019f9e0102dqlo.html
https://cbu01.alicdn.com/img/ibank/2016/082/111/2932111280_1721051560.310x310.jpg	http://www.1688.com/pic/-BAABD0C5B2DD.html
http://pic.baike.soso.com/p/20111014/20111014235236-1071826439.jpg	http://www.52shici.com/works.php?mem_id=30231&works_id=749455
https://www.huabaike.com/uploads/allimg/sltimg/201606/5760dda482176.jpg	https://m.huabaike.com/jtyh/4276.html
https://www.huabaike.com/uploads/allimg/artimg/201606/20160622131543_24982.jpg	https://m.huabaike.com/jtyh/4276.html
http://image95.360doc.com/DownloadImg/2016/03/0608/67207121_1	http://www.360doc.com/content/16/0306/08/28745690_539780644.shtml
http://img04.sogoucdn.com/net/a/100520101/link?appid=100520101&url=http://mmbiz.qpic.cn/mmbiz/JMhicWhzm1h51HRPov7hnBOw1rHicBNVE9XOl3kH04ex1zrsUAicibu6uicaFVWHxdJ5BEnMwwGic2Bcf0CUpFgdnImw/0?wx_fmt=jpeg	http://baike.m.sogou.com/baike/weixinArticle.jsp?lid=107016069&title=%E9%9F%A9%E4%BF%A1%E8%8D%89(%E6%A4%8D%E7%89%A9%E5%90%8D%E7%A7%B0)&g_ut=3
http://s.xwtoutiao.cn/img/f/?u=http%3A%2F%2Fp3.pstatp.com%2Forigin%2F1af80006668cc99e3f67	http://www.xwtoutiao.cn/p/gpfwo6wz/
http://s3.sinaimg.cn/mw690/001oBarhzy79oUZgH8m82&690	http://blog.sina.com.cn/s/blog_4c457ffb0102wqzq.html
http://s4.sinaimg.cn/mw600/50a14541gda229ba07ee3&690	http://blog.sina.com.cn/s/blog_92632f3e0102w0en.html
http://www.huayugu.com.cn/uploads/allimg/160610/1-160610103S80-L.jpg	http://www.huayugu.com.cn/hanxincao/
http://www.huayugu.com.cn/uploads/allimg/160610/1-160610104R20-L.jpg	http://www.huayugu.com.cn/hanxincao/
http://img.supfree.net/zhongyao/images/2978_1.jpg	http://zhongyao.supfree.net/hao.asp?id=%BA%AB%D0%C5%B2%DD
http://www.huayugu.com.cn/uploads/allimg/160610/1-1606101045450-L.jpg	http://www.huayugu.com.cn/hanxincao/
