
https://gss0.bdstatic.com/94o3dSag_xI4khGkpoWK1HF6hhy/baike/c0%3Dbaike92%2C5%2C5%2C92%2C30/sign=be0feddf7fd98d1062d904634056d36b/0824ab18972bd407a528a8de78899e510fb30921.jpg
https://gss0.bdstatic.com/-4o3dSag_xI4khGkpoWK1HF6hhy/baike/c0%3Dbaike92%2C5%2C5%2C92%2C30/sign=ddf7f68aaa014c080d3620f76b12696d/2e2eb9389b504fc2e1b1cb26e6dde71190ef6d22.jpg
https://gss2.bdstatic.com/9fo3dSag_xI4khGkpoWK1HF6hhy/baike/c0%3Dbaike92%2C5%2C5%2C92%2C30/sign=1dba6eb7452309f7f362a54013676796/48540923dd54564ec0a89f1ab0de9c82d0584fc7.jpg
https://gss0.bdstatic.com/94o3dSag_xI4khGkpoWK1HF6hhy/baike/c0%3Dbaike80%2C5%2C5%2C80%2C26/sign=8c8f11cc8eb1cb132a643441bc3d3d2b/a8773912b31bb051403ec90b357adab44aede0ff.jpg
https://gss2.bdstatic.com/-fo3dSag_xI4khGkpoWK1HF6hhy/baike/c0%3Dbaike80%2C5%2C5%2C80%2C26/sign=8a27df3094dda144ce0464e0d3debbc7/0ff41bd5ad6eddc4d72acfd83adbb6fd536633c7.jpg
https://gss3.bdstatic.com/-Po3dSag_xI4khGkpoWK1HF6hhy/baike/c0%3Dbaike92%2C5%2C5%2C92%2C30/sign=391541e718d5ad6ebef46cb8e0a252be/21a4462309f79052732c3d1d0ff3d7ca7bcbd5e6.jpg
https://gss1.bdstatic.com/9vo3dSag_xI4khGkpoWK1HF6hhy/baike/c0%3Dbaike92%2C5%2C5%2C92%2C30/sign=0782c5c7b01c8701c2bbbab44616f54a/2fdda3cc7cd98d1028187712223fb80e7aec90c0.jpg
https://gss2.bdstatic.com/9fo3dSag_xI4khGkpoWK1HF6hhy/baike/c0%3Dbaike92%2C5%2C5%2C92%2C30/sign=1bcc68845aee3d6d36cb8f99227f0647/e1fe9925bc315c607e5910cc8eb1cb13485477c0.jpg
https://gss3.bdstatic.com/7Po3dSag_xI4khGkpoWK1HF6hhy/baike/c0%3Dbaike92%2C5%2C5%2C92%2C30/sign=cf8f849366380cd7f213aabfc02dc651/9345d688d43f8794db33330dd11b0ef41ad53ac0.jpg
https://gss1.bdstatic.com/9vo3dSag_xI4khGkpoWK1HF6hhy/baike/c0%3Dbaike92%2C5%2C5%2C92%2C30/sign=4632b7cfd200baa1ae214fe92679d277/10dfa9ec8a136327bbdfb810928fa0ec08fac7e7.jpg
https://gss3.bdstatic.com/7Po3dSag_xI4khGkpoWK1HF6hhy/baike/c0%3Dbaike80%2C5%2C5%2C80%2C26/sign=f4fde477004f78f0940692a118586130/e850352ac65c10385c53b4e1b1119313b07e89e7.jpg
https://gss2.bdstatic.com/-fo3dSag_xI4khGkpoWK1HF6hhy/baike/c0%3Dbaike92%2C5%2C5%2C92%2C30/sign=0df7d391d258ccbf0fb1bd6878b1d75b/377adab44aed2e7335fdfc0f8401a18b87d6faf9.jpg
https://gss1.bdstatic.com/-vo3dSag_xI4khGkpoWK1HF6hhy/baike/c0%3Dbaike80%2C5%2C5%2C80%2C26/sign=1a5a6fb7452309f7f362a54013676796/9358d109b3de9c82844883ac6f81800a19d843e7.jpg
https://gss1.bdstatic.com/9vo3dSag_xI4khGkpoWK1HF6hhy/baike/c0%3Dbaike80%2C5%2C5%2C80%2C26/sign=1203ff6dc98065386fe7ac41f6b4ca21/8694a4c27d1ed21b8fe454c6ae6eddc451da3fe7.jpg
https://gss0.bdstatic.com/-4o3dSag_xI4khGkpoWK1HF6hhy/baike/c0%3Dbaike72%2C5%2C5%2C72%2C24/sign=8f64ef00f1dcd100d991f07313e22c75/8b13632762d0f703252cd0d101fa513d2697c525.jpg

https://gss1.bdstatic.com/9vo3dSag_xI4khGkpoWK1HF6hhy/baike/c0%3Dbaike116%2C5%2C5%2C116%2C38/sign=5add468f05b30f242197e451a9fcba26/cefc1e178a82b9016bc42edd798da9773812eff7.jpg
https://gss3.bdstatic.com/-Po3dSag_xI4khGkpoWK1HF6hhy/baike/crop%3D0%2C1%2C726%2C480%3Bc0%3Dbaike92%2C5%2C5%2C92%2C30/sign=bfe24b76c4bf6c81e37876a8810e9d04/f9dcd100baa1cd1151ebdd3eb112c8fcc3ce2d4a.jpg
https://gss1.bdstatic.com/9vo3dSag_xI4khGkpoWK1HF6hhy/baike/c0%3Dbaike80%2C5%2C5%2C80%2C26/sign=8041297849c2d562e605d8bf8678fb8a/72f082025aafa40f728249c5ad64034f78f01965.jpg
https://gss2.bdstatic.com/-fo3dSag_xI4khGkpoWK1HF6hhy/baike/c0%3Dbaike116%2C5%2C5%2C116%2C38/sign=f3aa74741638534398c28f73f27adb1b/00e93901213fb80ebd6ce6cf30d12f2eb938946d.jpg
https://gss1.bdstatic.com/9vo3dSag_xI4khGkpoWK1HF6hhy/baike/c0%3Dbaike80%2C5%2C5%2C80%2C26/sign=3f90842c8494a4c21e2eef796f9d70b0/4e4a20a4462309f7794ac831710e0cf3d7cad6e8.jpg
