
https://upload.wikimedia.org/wikipedia/commons/thumb/6/62/Yulan_1.JPG/300px-Yulan_1.JPG	https://zh.wikipedia.org/wiki/%E7%8E%89%E5%85%B0
http://pic19.nipic.com/20120220/6647776_210604358156_2.jpg	http://www.nipic.com/show/1/44/5735165k3dec9691.html
http://gmimg.geimian.com/pic/2017/03/2017-03-07_121944.jpg	https://www.geimian.com/wx/83476.html
http://qhwenba.oss.aliyuncs.com/questions/20140415/KNGKBTSDM5CUGSJLABAQAAAA.jpeg	http://www.kujiale.com/wenba/question/5773
http://www.cnzyao.com/uploads/allimg/120728/1-120HQ63624c2.jpg	http://www.cnzyao.com/yaocai/hua/3693.html
http://pic6.nipic.com/20100404/4618404_021804230712_2.jpg	http://www.nipic.com/show/1/47/2bfed54341ffc592.html
http://img.ph.126.net/aZN0v0qFvBdGlcFXoWRCGw==/3238932557010220715.jpg	http://oyst526.blog.163.com/blog/static/66979834201022510508792/
http://img.itc.cn/photo/jdNpjTgmXLd	http://ydc007.blog.sohu.com/302083912.html
http://pic7.nipic.com/20100526/2572038_130053046986_2.jpg	http://www.nipic.com/show/3216856.html
http://a3.att.hudong.com/34/14/01300000660677127661144251213_s.jpg	http://www.baike.com/wiki/%E7%8E%89%E5%85%B0
http://www.yyhhw.net/product//2008-9/PB200891811841.jpg	http://www.yyhhw.net/product1.asp?action=common&ID=88
https://www.huabaike.com/uploads/allimg/sltimg/201606/576a2f3ce4d9d.jpg	https://www.huabaike.com/jtyh/2006.html
http://pic9.nipic.com/20100619/1740658_101910046809_2.jpg	http://www.nipic.com/show/1/44/405ea82265ffe5df.html
http://a1.att.hudong.com/77/74/01300001385827142424746493637_s.jpg	http://www.baike.com/wiki/%E7%8E%89%E5%85%B0
http://y2.ifengimg.com/d1f64336b4fb39ab/2013/0407/re_5160d6683d9f7.jpg	http://www.airkx.com/NewsContent.aspx?newsid=626
http://www.china5080.com/activity/3/2011_4_4_8_35_36_260.jpg	http://www.china5080.com/sheyingtwo/view/2475.html
http://njtairong.com/upload/201610/28/201610281518283281.jpg	http://njtairong.com/goods/39.html
https://www.huabaike.com/uploads/allimg/sltimg/201612/5840c6b5cd0b5.jpg	https://www.huabaike.com/jtyh/2006.html
https://gss2.bdstatic.com/9fo3dSag_xI4khGkpoWK1HF6hhy/baike/s%3D220/sign=b9d2d4685aafa40f38c6c9df9b64038c/a8014c086e061d95c05954627bf40ad162d9ca49.jpg	https://baike.baidu.com/item/%E7%8E%89%E5%85%B0%E8%8A%B1
http://www.hanyi365.com/attach/userfiles/image/2013-09-09_11_04_58.png	http://www.hanyi365.com/article_42.html
http://www.baihuamen.com/d/file/2014/05-13/9faed59107cb1b51b5eabeece6cd293e.jpg	http://www.baihuamen.com/baiyulan/
http://a3.att.hudong.com/16/43/01300542856671142554430669012_s.jpg	http://www.baike.com/wiki/%E7%8E%89%E5%85%B0%E8%8A%B1
http://dashulin.com/wp-content/uploads/2008/03/zyl1.jpg	http://dashulin.com/article/yulan2/
http://pic7.nipic.com/20100526/2572038_130937088917_2.jpg	http://www.nipic.com/show/3216861.html
http://a0.att.hudong.com/64/42/01300542856671142554429378928_s.jpg	http://www.baike.com/wiki/%E7%8E%89%E5%85%B0%E8%8A%B1
http://pic.baike.soso.com/p/20130627/20130627125611-119930756.jpg	http://baike.soso.com/ShowTitle.e?sp=S%E7%8E%89%E5%85%B0
http://www.iqiya.com/uploadfile/article/65/1_a4ux4__.png	http://www.iqiya.com/article/2015-06-17/64671.html
http://pic4.nipic.com/20091113/2787659_081343968880_2.jpg	http://www.drdacachar.org/14/123408/
http://www.iyanghua.com/f/baiyulan/20081113221511_2.jpg	http://www.iyanghua.com/f/baiyulan/
http://img1.epanshi.com/4391/product/w-4ddc5943938d5.jpg	http://www.szhbhm.com/66115-3882/134723_206759.html
http://a2.att.hudong.com/56/43/01300542856671142554431962122_s.jpg	http://www.baike.com/wiki/%E7%8E%89%E5%85%B0%E8%8A%B1
http://image2.sina.com.cn/IT/other/2004-04-05/U241P2T1D344007F13DT20040405131552.jpg	http://tech.sina.com.cn/other/2004-04-05/1315344007.shtml
http://pic.baike.soso.com/ugc/baikepic/7947/cut-20130828141416-1248151153.jpg/0	http://baike.soso.com/ShowTitle.e?sp=S%E7%8E%89%E5%85%B0
https://www.huabaike.com/uploads/allimg/artimg/201603/20160315155030_92369.jpg	https://www.huabaike.com/jtyh/2006.html
http://www.mrmodern.com/uploads/allimg/170619/14-1F619142559.jpg	http://wap.mrmodern.com/life/23671.html
http://pic2.nipic.com/20090414/1358131_160608034_2.jpg	http://www.nipic.com/show/1/8/6e07cdb18550cf93.html
http://pic6.nipic.com/20100319/2264776_111319086754_2.jpg	http://www.nipic.com/show/1/44/87a3b44c493396fb.html
http://pic6.nipic.com/20100404/4618404_021822654241_2.jpg	http://www.nipic.com/show/1/47/0403ed482749d2c0.html
http://pic.baike.soso.com/ugc/baikepic2/313/cut-20150326221450-1460769961.jpg/0	http://baike.sogou.com/v64651964.htm
http://a3.att.hudong.com/76/94/01300542516110139916945652550_s.jpg	http://www.baike.com/wiki/%E7%8E%89%E5%85%B0%E6%A0%91
http://image48.360doc.com/DownloadImg/2011/12/1700/20086755_67.jpg	http://www.360doc.com/content/11/1217/00/739537_172845371.shtml
http://img.sc115.com/uploads/sc/jpgs/06/xpic3803_sc115.com.jpg	http://m.so.sc115.com/sc/%E7%99%BD%E7%8E%89%E5%85%B0/
http://www.gylmp.com/uploadfiles/%E7%BA%A2%E7%8E%89%E5%85%B0.jpg	http://www.gylmp.com/
http://img0.dili360.com/rw9/ga/M02/01/5F/wKgBzFQ2lLGAPTFLAAZQAydVHZI922.jpg	http://www.dili360.com/nh/article/p5350c3d8a490652.htm
http://map1.zw3e.com:8080/zw_news_map/550/2015122/1450255499817615462.jpg	http://www.zw3e.com/529/e7774.html
http://pic.nipic.com/2008-05-24/2008524103326_2.jpg	http://www.nipic.com/show/1/44/d2493264abe515a7.html
http://www.baihuamen.com/d/file/2014/03-21/bcd26736b76f21fd28be0c4bf50945c5.jpg	http://www.baihuamen.com/yulanhua/
http://img.jqw.com/2010/03/25/247976/product/b201003251605342779.jpg	http://www.lyjy.jqw.com/productShow-476234.htm
http://pic4.nipic.com/20091210/3776357_104202003419_2.jpg	http://www.nipic.com/show/2/27/152fff62c217c5bc.html
http://a4.att.hudong.com/10/74/300001062059132313749042817_s.jpg	http://www.baike.com/wiki/%E8%8D%B7%E8%8A%B1%E7%8E%89%E5%85%B0
http://2.im.guokr.com/11OS2RoQN17yaj7mK1fyFSkd1avZPS-pMtvt0sn6G0orBwAAYwQAAEpQ.jpg?imageView2/1/w/590/h/361	http://www.guokr.com/post/642353/
http://a0.att.hudong.com/72/60/16300000291746124566600083703.jpg	http://tupian.baike.com/a0_72_60_16300000291746124566600083703_jpg.html?prd=zhengwenye_left_futu_miaoshu
http://photocdn.sohu.com/20140317/Img396748043.jpg	http://travel.sohu.com/20140318/n396748042.shtml
http://a3.att.hudong.com/70/65/01100000000000144735653983251_s.jpg	http://www.baike.com/wiki/%E7%B4%AB%E7%8E%89%E5%85%B0
http://www.yqxuesong.com/file/0_2012_07_02_153855.jpg	http://www.yqxuesong.com/product1_10.html
http://pic95.nipic.com/file/20160414/3722461_152819944000_2.jpg	http://www.nipic.com/show/14595246.html
https://upload.wikimedia.org/wikipedia/commons/thumb/2/22/PIC_20160604_Magnolia_denudata.jpg/220px-PIC_20160604_Magnolia_denudata.jpg	https://zh.wikipedia.org/wiki/%E7%8E%89%E5%85%B0
http://pic17.nipic.com/20111104/2572038_160344014000_2.jpg	http://www.nipic.com/show/2/27/5316754k7c898110.html
http://pic18.nipic.com/20120202/386508_162944021334_2.jpg	http://www.nipic.com/show/4/129/5650531k80d10838.html
http://sh.eastday.com/images/thumbnailimg/month_1702/201702241006345676.jpg	http://sh.eastday.com/m/20170224/u1ai10369301.html
http://image.sciencenet.cn/album/201103/30/0710496wj7a1k5wa7vllj5.jpg	http://blog.sciencenet.cn/blog-3530-427797.html
https://cdn.pixabay.com/photo/2015/10/04/09/47/purple-magnolia-970771_960_720.jpg	https://pixabay.com/zh/%E7%B4%AB%E7%8E%89%E5%85%B0-%E8%8A%B1-%E8%BE%9B%E5%A4%B7%E8%8A%B1-%E7%8E%89%E5%85%B0-%E6%9C%A8-%E5%A4%A9%E6%80%A7-%E6%98%A5%E5%A4%A9%E7%9A%84-%E5%A4%8F-970771/
http://pic11.nipic.com/20101121/2572038_145515013040_2.jpg	http://www.nipic.com/show/2/27/3957632kd36b8461.html
http://pic6.nipic.com/20100404/4618404_021800185280_2.jpg	http://www.nipic.com/show/1/47/53c55922aec9d4fc.html
http://pic6.nipic.com/20100404/4618404_021820777832_2.jpg	http://www.nipic.com/show/2993573.html
https://gss1.bdstatic.com/-vo3dSag_xI4khGkpoWK1HF6hhy/baike/c0%3Dbaike60%2C5%2C5%2C60%2C20/sign=545971dbb33533fae1bb9b7cc9ba967a/29381f30e924b899e48081ed6c061d950b7bf6a3.jpg	https://baike.baidu.com/item/%E5%A4%A7%E8%8A%B1%E7%8E%89%E5%85%B0
http://www.xuesongyuan.com/images/0_2013_05_28_175907.jpg	http://www.xuesongyuan.com/zhanshi1_11.html
https://www.huabaike.com/uploads/allimg/sltimg/201603/56e7be9448ec8.jpg	https://www.huabaike.com/jtyh/2006.html
http://pic18.nipic.com/20111231/8072505_173432050000_2.jpg	http://www.nipic.com/show/1/44/5580613k3374e3ce.html
http://img01.hua.com/uploadpic/images/20161251233338598941.jpg	http://www.hua.com/huayu/14291.html
http://pic.to8to.com/attch/day_140709/20140709_32536e84c85c0ae190117ZPvfDVgu2cS.jpg	http://www.to8to.com/yezhu/z19534.html
http://sh.eastday.com/images/thumbnailimg/month_1602/201602180300168946.jpg	http://sh.eastday.com/m/20160219/u1ai9224250p1.html
http://58pic.ooopic.com/58pic/12/77/24/96g58PICyVM.jpg	http://www.ooopic.com/pic_13207957.html
http://pic7.nipic.com/20100602/49928_113407045884_2.jpg	http://www.nipic.com/show/4/79/0d15fcb767a71de3.html
http://dashulin.com/wp-content/uploads/2008/03/baiyulan1.jpg	http://dashulin.com/article/yulan2/
http://www.yuanlin.com/zhishi/guangyulan/gyl1.jpg	http://yuanlin.com/zhishi/guangyulan/
http://pic1.nipic.com/20090323/2145383_235705042_2.jpg	http://www.nipic.com/show/1/44/1f8d4c555b3b454f.html
http://pic3.nipic.com/20090527/536862_000353009_2.jpg	http://www.nipic.com/show/1/44/009f7039365488bd.html
http://pic19.nipic.com/20120311/5638922_104707408163_2.jpg	http://www.nipic.com/show/1/44/5835086k6c99469d.html
http://a0.att.hudong.com/32/07/28300309316150149821071085088_s.jpg	http://www.baike.com/wiki/%E7%8E%89%E5%85%B0
http://www.hnpjw.com.cn/pic/digi/2006520143716516.jpg	http://blog.sina.com.cn/s/blog_4531412301009qq0.html
http://pic.baike.soso.com/ugc/baikepic2/15097/20170606104746-1663319473.jpg/300	http://baike.sogou.com/v64651964.htm
http://pic13.nipic.com/20110322/5452126_155827301176_2.jpg	http://www.nipic.com/show/1/44/4369593k0388d53e.html
http://pic24.nipic.com/20121013/9735185_193155211000_2.jpg	http://soso.nipic.com/?q=%E7%B2%89%E7%BA%A2%E7%8E%89%E5%85%B0%E8%8A%B1%E6%97%A0%E6%A1%86%E7%94%BB
http://pic2.nipic.com/20090401/1810767_150258048_2.jpg	http://www.nipic.com/show/1/47/0238f2c03b128784.html
http://www.njltmp.com/CtrlAdmin/upimg/20121271332357653.JPG	http://www.njltmp.com/Products/?ClassId=7
https://www.huabaike.com/uploads/allimg/sltimg/201511/bp_5646e2f0ed835.jpg	https://www.huabaike.com/jtyh/2006.html
http://nbot-pub.nosdn.127.net/60bea65e73d6d391b6da7c173e1c051d.jpeg	http://dy.163.com/wemedia/article/detail/CDCV1DL90514BRMT.html
http://www.iyanghua.com/f/baiyulan/20081113220123_2.jpg	http://www.iyanghua.com/f/baiyulan/
https://gss1.bdstatic.com/-vo3dSag_xI4khGkpoWK1HF6hhy/baike/s%3D220/sign=20d24994b0b7d0a27fc9039ffbee760d/35a85edf8db1cb13c4b21935df54564e92584b38.jpg	https://baike.baidu.com/item/%E7%8E%89%E5%85%B0%E8%8A%B1
http://pavo.elongstatic.com/trip600/0006HR6O.jpg	http://trip.elong.com/news/n01bp6qa.html
http://img0.pchouse.com.cn/pchouse/1203/08/185748_1.jpg	http://www.pchouse.com.cn/baike/shenghuo/1296/
http://a0.att.hudong.com/48/73/01300000174719121297736855406_s.jpg	http://www.baike.com/wiki/%E8%8D%B7%E8%8A%B1%E7%8E%89%E5%85%B0
http://pic1.nipic.com/2008-09-09/20089904111396_2.jpg	http://www.nipic.com/show/1049951.html
http://pic8.nipic.com/20100622/3871838_135921002125_2.jpg	http://www.nipic.com/show/3320156.html
http://pic.nipic.com/2008-01-07/200817221459799_2.jpg	http://www.nipic.com/show/2/27/eb80ca15a340e9cf.html
http://www.chinagreen.net.cn/vipcom/wangdaozong/1128594024.jpg	http://www.chinagreen.net.cn/vipcom/wangdaozong/
http://www.iqiya.com/uploadfile/2014/1103/20141103084413247.jpg	http://www.iqiya.com/article/2014-11-03/6148.html
http://pic.to8to.com/attch/day_140728/20140728_8cd3c47889befe402a9apA71aJtqxqa6.jpg	http://www.to8to.com/yezhu/z20024.html
http://pic10.nipic.com/20100926/784129_101811027681_2.jpg	http://www.nipic.com/show/1/44/3721881k026f7e2a.html
