
http://www.baihuamen.com/d/file/2014/04-01/06219d633a00bf39148a9a853e78d8de.jpg	http://www.baihuamen.com/jinsimei/
https://image.zhongyibaike.com/image/%E8%8A%92%E7%A7%8D%E8%8A%B1/%E9%87%91%E4%B8%9D%E6%A2%85.jpg	https://zhongyibaike.com/wiki/%E9%87%91%E4%B8%9D%E6%A2%85
https://www.huabaike.com/uploads/allimg/sltimg/201605/5746807adc34d.jpg	https://www.huabaike.com/jtyh/3780.html
https://gss3.bdstatic.com/7Po3dSag_xI4khGkpoWK1HF6hhy/baike/s%3D220/sign=9df0e259c895d143de76e32143f18296/9f2f070828381f30367383f3a9014c086e06f006.jpg	https://baike.baidu.com/item/%E9%87%91%E4%B8%9D%E6%A2%85
https://gss1.bdstatic.com/9vo3dSag_xI4khGkpoWK1HF6hhy/baike/s%3D220/sign=418a1cd4abc379317968812bdbc5b784/63d9f2d3572c11df909661f1672762d0f603c299.jpg	https://baike.baidu.com/item/%E9%87%91%E4%B8%9D%E6%A2%85
http://p.ayxbk.com/images/thumb/0/03/Bkdjx.jpg/220px-Bkdjx.jpg	http://www.a-hospital.com/w/%E9%87%91%E4%B8%9D%E6%A2%85
https://www.huabaike.com/uploads/allimg/sltimg/201605/574539bab8931.jpg	https://www.huabaike.com/jtyh/3772.html
https://www.huabaike.com/uploads/allimg/artimg/201605/20160526125032_78768.jpg	https://www.huabaike.com/jtyh/3780.html
http://www.wed114.cn/jiehun/uploads/allimg/161013/52_161013131305_1.jpg	http://www.wed114.cn/jiehun/zhiwu/20161013158537.html
http://www.zhiwutong.com/tu/yanghua/%E9%87%91%E4%B8%9D%E6%A2%85.jpg	http://www.zhiwutong.com/gardens/09-28/9456.htm
http://baike.kantsuu.com/uploads/200912/1261119291eYrTi7iH.jpg	https://tieba.baidu.com/p/1823547594
http://www.sywmyl.cn/d/file/miaomu/huaguanmu/74ba077217c5aaf699306f0ea77e91af.jpg	http://www.sywmyl.cn/miaomu/177.html
https://img.ys137.com/data/upload/ueditor/20170317/58cb9839e64f6.jpg	https://www.ys137.com/zyys/1697515.html
http://www.baihuamen.com/d/file/2014/04-01/ca1b74dfaa2a805df5cc4e9986516865.jpg	http://www.baihuamen.com/jinsimei/
https://www.huabaike.com/uploads/allimg/artimg/201605/20160525133656_14883.jpg	https://www.huabaike.com/jtyh/3772.html
http://img.tulaoshi.com/201704/18/b1befdd2c0f0e2dbd920c099cf317da8.jpg	http://www.tulaoshi.com/jinsimei/
https://img.ys137.com/data/upload/ueditor/20170317/58cb98466c7fd.jpg	https://www.ys137.com/zyys/1697515.html
http://www.nimeigj.com/upload/Supply/201703171115597722.jpg	http://www.nimeigj.com/Product/S_jinsimei_____1.html
http://www.52ij.com/uploads/allimg/160317/062I95451-0.jpg	http://www.52ij.com/gongxiao/452058.html
http://www.18yl.com/Images/MmBjPic/2009-5/4/47a681c3-a295-45d2-b906-1ab17c4ee4bf.jpg	http://www.18yl.com/price/12215.htm
http://www.wed114.cn/jiehun/uploads/allimg/161013/52_161013131305_2.jpg	http://www.wed114.cn/jiehun/zhiwu/20161013158537.html
http://www.168hm.com/Public/2015/05/04/172037dbmQywMK115319.jpg	http://www.168hm.com/Category/item_1049.html
http://img1.ph.126.net/pKvumAMAF8jyOgXbQsNm0w==/3849170306618266294.jpg	http://lisongshen.lofter.com/tag/%E9%87%91%E4%B8%9D%E6%A2%85
https://www.huabaike.com/uploads/allimg/sltimg/201605/57468114b5982.jpg	https://www.huabaike.com/jtyh/3772.html
http://m.21cbi.com/data/img.php?ref=http://blog.sina.com.cn&url=http://s8.sinaimg.cn/middle/4c8b2866g79fa233f8367&690	http://m.21cbi.com/s/1/450777.html
http://www.fangzhenzhuzi.com/uploads/170224/1-1F224154A55E.jpg	http://www.fangzhenzhuzi.com/ouyue/chanpinzhongxin/20170218/43.html
http://www.baihuamen.com/d/file/2014/04-01/7f7a062b1f25264efaad433ee524c598.jpg	http://www.baihuamen.com/jinsimei/
http://a1.att.hudong.com/14/04/20200000013920144739045627250_s.jpg	http://www.baike.com/wiki/%E9%87%91%E4%B8%9D%E6%A2%85
https://img.ys137.com/data/upload/ueditor/20170612/593e6d8be5265.jpg	https://www.ys137.com/zyys/1709086.html
http://www.nimeigj.com/picture/201205191338233423.jpg	http://www.nimeigj.com/Product/S_jinsimei_____1.html
http://www.nimeigj.com/upload/Supply/201703131040579285.jpg	http://www.nimeigj.com/Product/S_jinsimei_____1.html
https://www.huabaike.com/uploads/allimg/artimg/201703/20170314163234_67985.jpg	https://www.huabaike.com/jtyh/7639.html
https://www.huabaike.com/uploads/allimg/artimg/201703/20170314163202_49553.jpg	https://www.huabaike.com/jtyh/7639.html
http://www.baihuamen.com/d/file/2014/04-01/0b14515d6b1bc952f400de562b03ab04.jpg	http://www.baihuamen.com/jinsimei/
http://www.51hm.cn/zwpic/%E9%87%91%E4%B8%9D%E6%A2%852.jpg	http://www.51hm.cn/zw/zwshow.asp?zwid=3262
http://tu.qt3191.com/allimg/c110626/130Z60F15A60-G146.gif	http://www.qt3191.com/changjianguanmu/35990.html
http://www.baihuamen.com/d/file/2014/04-01/a40effda043d581420c2ff093c01f34c.jpg	http://www.baihuamen.com/jinsimei/6756_4.html
https://www.huabaike.com/uploads/allimg/artimg/201605/20160525133618_71962.jpg	https://www.huabaike.com/jtyh/3772.html
https://cbu01.alicdn.com/img/ibank/2014/268/617/1825716862_1229281209.220x220.jpg	http://www.1688.com/jiage/-BDF0CBBFC3B7.html
http://www.sysnmm.top/upfile/files/%E9%87%91%E4%B8%9D%E6%A2%85(1).jpg	http://www.sysnmm.top/557/0/28
https://www.cmeii.com/uploads/allimg/160908/1-160ZQ63920921.jpg	https://www.cmeii.com/huaguanmulei/2572.html
http://www.haojing888.com/Mobile/uploadfiles/pictures/product/20161123150325_1075.jpg_240X180.jpg	http://www.haojing888.com/Mobile/MProducts/jsm.html
http://www.sysnmm.top/upfile/editor/image/20170620145375587558.jpg	http://www.sysnmm.top/557/0/28
http://s6.sinaimg.cn/middle/6078383fha79f17de0e25&690	http://blog.sina.com.cn/s/blog_6078383f0100vmri.html
https://gw.alicdn.com/bao/uploaded/i4/3074308962/TB2tsnLzYlmpuFjSZFlXXbdQXXa_!!3074308962.jpg_230x230.jpg	https://www.taobao.com/article/G3FJCqFzCEDRC4Cp.html
https://gss2.bdstatic.com/-fo3dSag_xI4khGkpoWK1HF6hhy/baike/w%3D400/sign=1861a600d0b44aed594ebfe4831d876a/54fbb2fb43166d22d133b0de4c2309f79052d230.jpg	https://baike.baidu.com/item/%E9%87%91%E4%B8%9D%E6%A2%85
https://www.huabaike.com/uploads/allimg/artimg/201605/20160526124813_55549.jpg	https://www.huabaike.com/chonghai/3777.html
http://www.nimeigj.com/upload/Supply/201611012124152514.jpg	http://www.nimeigj.com/Product/S_jinsimei_____1.html
https://www.huabaike.com/uploads/allimg/artimg/201605/20160526125112_38015.jpg	https://www.huabaike.com/jtyh/3780.html
https://www.huabaike.com/uploads/allimg/sltimg/201605/57467fcfc8018.jpg	https://www.huabaike.com/chonghai/3777.html
https://cbu01.alicdn.com/img/ibank/2015/881/336/2491633188_1662313521.220x220.jpg	https://s.1688.com/kq/-BDF0CBBFC3B7.html
http://a4.att.hudong.com/54/70/01300543523714147865702231108_s.jpg	http://www.baike.com/wiki/%E5%B2%B7%E6%B1%9F%E9%87%91%E4%B8%9D%E6%A2%85
http://www.nimeigj.com/picture/201302262209580947.jpg	http://www.nimeigj.com/Product/S_jinsimei_____1.html
http://pic101.nipic.com/file/20160612/7972757_201250484000_2.jpg	http://www.nipic.com/show/15048580.html
https://t17.pimg.jp/024/133/947/1/24133947.jpg	https://cn.pixtastock.com/tags/%E9%87%91%E4%B8%9D%E6%A2%85
http://s3.sinaimg.cn/middle/6078383fha79f17fc7a42&690	http://blog.sina.com.cn/s/blog_6078383f0100vmri.html
https://t10.pimg.jp/024/133/950/1/24133950.jpg	https://cn.pixtastock.com/tags/%E9%87%91%E4%B8%9D%E6%A2%85
http://pic1.win4000.com/pic/b/07/b7ae1337687.jpg_195.jpg	http://www.win4000.com/meinv112023.html
https://gw.alicdn.com/bao/uploaded/i1/140018742/TB210ikfR0kpuFjy1XaXXaFkVXa_!!140018742.jpg_230x230.jpg	https://www.taobao.com/article/G3FJCqFzCEDRC4Cp.html
https://www.huabaike.com/uploads/allimg/artimg/201605/20160526125351_72174.jpg	https://www.huabaike.com/hyjk/3781.html
https://t14.pimg.jp/022/642/814/1/22642814.jpg	https://cn.pixtastock.com/tags/%E9%87%91%E4%B8%9D%E6%A2%85
http://t11.baidu.com/it/u=772050371,2382166674&fm=72	http://www.wed114.cn/jiehun/z99551.html
http://static.zhulong.com/photo/small/200604/07/1235_0_0_760_w_0.jpg	http://photo.zhulong.com/proj/detail1235.html
http://pic101.nipic.com/file/20160612/7972757_201317332000_2.jpg	http://www.nipic.com/show/15048579.html
http://pic101.nipic.com/file/20160612/7972757_200710247000_2.jpg	http://www.nipic.com/show/15048590.html
http://pic1.huashichang.com/2015/0723/22/55b0f429e58ad_200_140.jpg	http://www.aihuhua.com/tu/jinsimei.html
http://img.yanquecao.com/img/flower/hypericumpatulum/hypericumpatulum1.jpg	http://www.yanquecao.com/detail/755
http://img3.jc001.cn/img/001/1/1602/1656c574cea20a2_s.jpg	http://baike.jc001.cn/words/54186.html
https://t11.pimg.jp/022/657/251/1/22657251.jpg	https://cn.pixtastock.com/tags/%E9%87%91%E4%B8%9D%E6%A2%85
http://pic101.nipic.com/file/20160612/7972757_200812367000_2.jpg	http://www.nipic.com/show/15048589.html
http://www.sywmyl.cn/d/file/miaomu/huaguanmu/98d67d9fbc64851f5cd9e593210b94e0.jpg	http://www.sywmyl.cn/miaomu/177.html
https://gw.alicdn.com/bao/uploaded/i1/TB1mr5jRFXXXXXOXFXXXXXXXXXX_!!0-item_pic.jpg_230x230.jpg	https://www.taobao.com/article/G3FJCqFzCEDRC4Cp.html
http://www.fangzhenzhuzi.com/uploads/allimg/170224/1-1F224154K7.jpg	http://www.fangzhenzhuzi.com/ouyue/chanpinzhongxin/20170218/43.html
http://www.cnhua.net/uploads/allimg/090613/1R0503200-0_lit.JPG	http://www.cnhua.net/zhiwu/tenghuangke/jinsimei/
http://p.ayxbk.com/images/thumb/9/9b/Bkdk1.jpg/200px-Bkdk1.jpg	http://www.a-hospital.com/w/%E9%87%91%E4%B8%9D%E6%A2%85
http://www.wed114.cn/jiehun/uploads/170314/41-1F314111333354.jpg	http://www.wed114.cn/jiehun/z99551.html
http://www.wdptj.com/wp-content/uploads/2014/09/%E9%87%91%E4%B8%9D%E6%A2%85.jpg	http://www.wdptj.com/jinsimei/
http://s14.sinaimg.cn/bmiddle/0033Ghibzy6YIZwNcKh3d&690	http://blog.sina.com.cn/s/blog_a70f642b0102vyas.html
http://www.52yhua.com/uploads/allimg/151207/1-15120H15950.jpg	http://m.52yhua.com/mubentp/1226.html
http://img.boqiicdn.com/Data/BK/P/imagick4511450777112.jpg	http://www.boqii.com/entry/detail/2352.html
http://www.cnhua.net/UpFiles/Picture/200606/2006061813593880616.JPG	http://www.cnhua.net/minghua/mbhh/494279044.html
http://pic101.nipic.com/file/20160612/7972757_201507047000_2.jpg	http://www.nipic.com/show/15048577.html
http://pic101.nipic.com/file/20160612/7972757_201412119000_2.jpg	http://www.nipic.com/show/15048578.html
http://pic101.nipic.com/file/20160612/7972757_200534136000_2.jpg	http://www.nipic.com/show/15048594.html
http://www.ti29.com/tu/4427321.jpg	http://www.ti29.com/hua/4566.html
http://www.52yhua.com/uploads/allimg/151207/1-15120H15948.jpg	http://m.52yhua.com/mubentp/1226.html
http://www.nimeigj.com/upload/Supply/201707271547551250.JPG	http://www.nimeigj.com/Product/S_jinsimei_____1.html
http://img002.mllres.com//images/upload/3(12555).jpg	http://www.meilele.com/article/shipin/17706.html
http://tu.qt3191.com/allimg/c110626/130Z60F162240-T2G.gif	http://www.qt3191.com/changjianguanmu/35990.html
http://www.sywmyl.cn/d/file/miaomu/huaguanmu/a42f6f637d5d74ac4cd3a433a99d0eb4.jpg	http://www.sywmyl.cn/miaomu/177.html
https://himg.china.cn/2/2_136_50765_760_560.jpg	https://www.china.cn/guanmu/3424384044.html
http://www.52yhua.com/uploads/allimg/151207/1-15120H15949.jpg	http://m.52yhua.com/mubentp/1226.html
http://s7.sinaimg.cn/middle/6078383fha79f182a4ec6&690	http://blog.sina.com.cn/s/blog_6078383f0100vmri.html
http://img003.mllres.com//images/upload/2(13450).jpg	http://www.meilele.com/article/shipin/17706.html
http://s3.sinaimg.cn/middle/6078383fha79f17ed47e2&690	http://blog.sina.com.cn/s/blog_6078383f0100vmri.html
http://pic1.huashichang.com/2015/0723/22/55b0f42df31b9_200_140.jpg	http://www.aihuhua.com/tu/jinsimei.html
http://s6.sinaimg.cn/mw690/002UXvvRgy6IZELJPEN75&690	http://blog.sina.com.cn/s/blog_9f60d39b0101tvj8.html
http://pic101.nipic.com/file/20160612/7972757_201017635000_2.jpg	http://www.nipic.com/show/15048583.html
http://s10.sinaimg.cn/mw690/9f60d39bgdca48abfbec9&690	http://blog.sina.com.cn/s/blog_9f60d39b0101n73d.html
http://www.nimeigj.com/picture/201303201108469728.jpg	http://www.nimeigj.com/Product/S_jinsimei_____1.html
