
http://a1.att.hudong.com/08/39/01200000031517136323393776540_s.jpg	http://www.baike.com/wiki/%E6%9D%8F%E8%8A%B1
http://www.1tong.com/uploads/allimg/130830/1-130S01104070-L.jpg	http://www.1tong.com/bizhi/3672.html
http://www.yljh.mlc.edu.tw/flower/flower/%E6%9D%8F%E8%8A%B1002.jpg	http://www.yljh.mlc.edu.tw/flower/photos_view.asp?title=%A7%F6%AA%E1&aserior=25&address=flower/
http://c2-q.mafengwo.net/s3/M00/9D/0E/wKgBt091HsqPZBLvAAlUv3MNkQo996.png	http://itf.mafengwo.cn/client/article.php/info/?id=194765
http://www.shaoerw.com/02/images/100.jpg	http://www.shaoerw.com/02/index4.htm
http://pic3.nipic.com/20090602/483659_183254055_2.jpg	http://www.nipic.com/show/1/44/f54569e3fbe7a997.html
http://pic2.nipic.com/20090430/1495593_101836019_2.jpg	http://www.nipic.com/show/1/47/d96d37c07c164f7b.html
https://i.ytimg.com/vi/xz1V0WC57O0/maxresdefault.jpg	https://www.youtube.com/watch?v=xz1V0WC57O0
http://g.udn.com.tw/upfiles/B_AA/AAC3343/PSN_PHOTO/265/f_9115265_1.jpg	http://blog.udn.com/AAC3343/7305475
http://pic1.nipic.com/2008-08-01/2008811392195_2.jpg	http://www.nipic.com/show/1/47/a2bb6173d9d634c8.html
http://forum.xitek.com/pics/201204/5513/551337/551337_1333670711.jpg	http://www.2home.com.tw/bbs/forum.php?mod=viewthread&tid=21722
http://img.zwbk.org/baike/spic/2011/03/31/20110331092831371_9651.jpg	http://www.zwbk.org/zh-tw/Lemma_Show/135675.aspx
http://9.blog.xuite.net/9/b/0/2/12143622/blog_664768/txt/304543256/14.jpg	http://blog.xuite.net/akao_chen/mntnsea/304543256-%E6%B1%B0%E8%88%8A%E6%8F%9B%E6%96%B0%E4%B8%AD%E7%9A%84%E8%B2%93%E7%A9%BA%E6%9D%8F%E8%8A%B1%EF%BC%88%E6%96%87%E5%B1%B1%EF%BC%89
http://mylotel.com/02/images/91.jpg	http://mylotel.com/02/pages/91.html
http://6.blog.xuite.net/6/b/6/5/15255510/blog_389082/txt/16297041/13.jpg	http://blog.xuite.net/gordonegg/photo/16297041-%E3%80%90%E6%A8%9F%E5%B1%B1%E5%AF%BA%E6%AD%A5%E9%81%93%E2%86%92%E6%9D%8F%E8%8A%B1%E6%9E%97%E2%86%92%E6%A8%9F%E6%B9%96%E6%AD%A5%E9%81%93%E2%86%92%E8%B2%93%E7%A9%BA%E3%80%91
http://read.html5.qq.com/image?src=forum&q=5&r=0&imgflag=7&imageUrl=http://mmbiz.qpic.cn/mmbiz_jpg/f5pvuXwdraLZibXkr4je6hZPknBhoW6qXia6jCQfibNjIq3c8OrvlZ5nfFxjjIkZRibY7POdw9Oic0cbenTM9A3DpZw/0?wx_fmt=jpeg	http://chuansong.me/n/1722415152607
http://gate.sinovision.net:82/gate/big5/cdnwww.sinovision.net/data/attachment/album/201701/17/110223gglxn5ng85x5k5kx.jpg	http://gate.sinovision.net:82/gate/big5/blog.sinovision.net/home/space/do/blog/uid/492162/id/305132.html
http://pic7.nipic.com/20100606/5119391_230725037766_2.jpg	http://www.nipic.com/show/1/44/7dbb330ed87443e5.html
http://mmbiz.qpic.cn/mmbiz/n5qBPYQsT2e0CkTJtwUzbLib1hJzK6wv1GwuKpZsvO2A3Aw4e8uMicjEnxoyVP2gSS1RibznjFIXbaWQUvDKnpLBQ/0	http://blog.sina.com.cn/s/blog_655f2f4c0102vafn.html
http://d.blog.xuite.net/d/6/1/d/14962972/blog_354752/txt/66137155/12.jpg	http://blog.xuite.net/lee325/mountain/66137155-%E6%96%B0%E5%B9%B4%E5%BF%AB%E6%A8%82%EF%BC%81%E6%AB%BB%E8%8A%B1%E3%80%81%E6%A1%83%E8%8A%B1%E9%96%8B%E5%9C%A8%E6%9D%8F%E8%8A%B1%E6%9E%97%E2%94%80%E6%96%87%E5%B1%B1%E5%8D%80
http://img.zwbk.org/baike/spic/2011/03/31/20110331093120433_6966.jpg	http://www.zwbk.org/zh-tw/Lemma_Show/135675.aspx
http://photocdn.sohu.com/20100331/Img271235526.jpg	http://travel.sohu.com/20100331/n271235522_3.shtml
http://a1.att.hudong.com/10/15/01300000108885120840159716422_s.jpg	http://niaolei.org.cn/tag/%E6%9D%8F%E8%8A%B1
http://pic.dbw.cn/0/09/09/29/9092991_976108.jpg	http://qiqihar.dbw.cn/system/2016/04/05/057163905.shtml
https://gss3.bdstatic.com/7Po3dSag_xI4khGkpoWK1HF6hhy/baike/s%3D220/sign=3601f85a304e251fe6f7e3fa9786c9c2/e7cd7b899e510fb378112df7d933c895d1430c41.jpg	https://baike.baidu.com/item/%E6%9D%8F%E8%8A%B1
http://b.blog.xuite.net/b/2/d/e/12584724/blog_32120/txt/13906128/33.jpg	http://blog.xuite.net/maomi/Food01/13906128-237+%5B%E6%9C%A8%E6%9F%B5%E6%97%85%E9%81%8A%5D+%E6%9D%8F%E8%8A%B1%E6%9E%97+----+%E8%B2%93%E7%A9%BA%E5%B1%B1%E4%B8%8A%E7%9A%84%E6%9D%8F%E8%8A%B1%E6%9E%97+%28%E5%85%B6%E5%AF%A6%E6%98%AF%E6%A1%83%E8%8A%B1%29+
http://pic3.nipic.com/20090604/483659_112333061_2.jpg	http://www.nipic.com/show/1/44/fbcf797ae2603723.html
http://www.shaoerw.com/02/images/104.jpg	http://www.shaoerw.com/02/index4.htm
http://farm3.static.flickr.com/2881/12378436463_4c6427f1cc.jpg	http://blog.xuite.net/yuhyng/twblog/200674278-%E8%BF%B7%E9%9C%A7%E2%80%A7%E6%9D%8F%E8%8A%B1%E6%9E%97
https://abc.2008php.com/2013_Website_appreciate/2013-03-07/20130307225636.jpg	https://abc.2008php.com/tu_shouji.php?id=920742&topy=2
http://file.nanbeiyou.com/Requisite/mid/6582299d2cd2d1f5.jpg	http://www.nanbeiyou.com/requisite/detial/118071
http://c1-q.mafengwo.net/s3/M00/65/CD/wKgBt09gDfanZSIYAAFsz0wfQMU02.jpeg?imageView2%2F2%2Fw%2F2000%2Fh%2F600%2Fq%2F90%7Cwatermark%2F3%2Fimage%2FaHR0cDovL2MyLXEubWFmZW5nd28ubmV0L3M5L00wMC82My84RS93S2dCczFaTmVzV0FZb29JQUFBU2JNMElpRjQyNDEucG5n%2Fgravity%2FSouthEast%2Fdx%2F20%2Fdy%2F20%2Fimage%2FaHR0cDovL2MyLXEubWFmZW5nd28ubmV0L3M5L00wMC82My84RS93S2dCczFaTmVzV0FZb29JQUFBU2JNMElpRjQyNDEucG5n%2Fgravity%2FSouthEast%2Fdx%2F20%2Fdy%2F20	http://www.mafengwo.cn/travel-news/200014.html
http://2.blog.xuite.net/2/8/5/f/10293756/blog_140697/txt/22419921/1.jpg	http://blog.xuite.net/rita5031/blog/22419921-%E2%98%86+%E6%9C%A8%E6%9F%B5%E8%B2%93%E7%A9%BA_%E6%9D%8F%E8%8A%B1%E6%9E%97%EF%BC%882009%EF%BC%89
http://blog.tmu.edu.tw/tedyeng/images/02182007/DSC_4723.jpg	http://blog.sina.com.cn/s/blog_49c5959401008vs9.html
http://gate.sinovision.net:82/gate/big5/cdnwww.sinovision.net/data/attachment/album/201603/29/2139437r0ny3knn5yyl7dn.jpg	http://gate.sinovision.net:82/gate/big5/blog.sinovision.net/home/space/do/blog/uid/30435/id/281354.html
http://pic3.nipic.com/20090512/2646076_230945063_2.jpg	http://www.nipic.com/show/1812909.html
http://3.share.photo.xuite.net/yoimg/13d7ed5/18613447/1018284046_l.jpg	http://yo.xuite.net/info/element.php?id=a6!MOs8WZzATVRgnalphZ0-%E6%9D%8F%E8%8A%B1%E6%9E%97%E4%BC%91%E9%96%92%E8%BE%B2%E5%A0%B4
http://c.blog.xuite.net/c/b/8/d/22045793/blog_1446501/txt/22541578/8.jpg	http://blog.xuite.net/aec810909/blog/22541578-980301_%E6%9D%8F%E8%8A%B1%E6%9E%97
http://read.html5.qq.com/image?src=forum&q=5&r=0&imgflag=7&imageUrl=http://mmbiz.qpic.cn/mmbiz_jpg/KQ0VWH7qUNic1DjTDNNmudEZst2ReayicDib4T0XHun0DbVDaxOGwMVuCRY54I29UypQ5gyWH09ibicPIZPK4WKhJPg/0?wx_fmt=jpeg	http://chuansong.me/n/1731771051013
http://y3.ifengimg.com/327c5e7b4f200c08/2015/0319/re_550a17381f564.jpg	http://hn.ifeng.com/lvyou/hq/detail_2015_03/19/3677037_0.shtml
http://read.html5.qq.com/image?src=forum&q=5&r=0&imgflag=7&imageUrl=http://mmbiz.qpic.cn/mmbiz_jpg/KQ0VWH7qUNic1DjTDNNmudEZst2ReayicD52D0ibOVX85Xg8NCyVtHu6Pa1hruafQp6pBeqL3QoiaUpYgTGPopesaw/0?wx_fmt=jpeg	http://chuansong.me/n/1731771051013
http://www.huacaoshumu.net/attached/tupian/X18/20140309-0.jpg	http://www.huacaoshumu.net/zhiwu/xinghua.php
http://www.aihuahua.net/uploads/allimg/160416/1-160416131939293.jpg	http://www.aihuahua.net/tags.php?/%D0%D3%BB%A8/
http://gate.sinovision.net:82/gate/big5/cdnwww.sinovision.net/data/attachment/album/201603/29/2140225vffeaarru6z1vzv.jpg	http://gate.sinovision.net:82/gate/big5/blog.sinovision.net/home/space/do/blog/uid/30435/id/281354.html
http://pic.nipic.com/2008-07-02/20087219247402_2.jpg	http://www.nipic.com/zhuanti/203240.html
https://i2.kknews.cc/large/41400018059e049fcb5	https://kknews.cc/travel/aa5nj6.html
http://d2p1ovod81kcns.cloudfront.net/800_f5d8d6804f6e2aa7cb1cafa1e553a7a1.jpg	http://tw.hiking.biji.co/index.php?q=news&act=info&id=8911&title=%E3%80%90%E5%8F%B0%E5%8C%97%E5%B8%82%E3%80%91%E8%B2%93%E7%A9%BA%E6%9D%8F%E8%8A%B1%E6%9E%97%E8%B5%B0%E6%98%A5')
http://photocdn.sohu.com/20100331/Img271235528.jpg	http://travel.sohu.com/20100331/n271235522_5.shtml
https://farm4.staticflickr.com/3369/3308268819_b30975164b_z.jpg?zz=1	http://blog.dwnews.com/post-893969.html
http://pic.pimg.tw/changfong/1162231331.jpg	http://changfong.pixnet.net/blog/post/575929-%E5%8F%B0%E5%8C%97%E8%B2%93%E7%A9%BA%E6%9D%8F%E8%8A%B1%E6%9E%97%E8%B3%9E%E8%8A%B1
http://p.d1xz.net/2014/6/7/091226052605.jpg	http://www.d1xz.net/astro/huayu/art51906.aspx
http://www.mp345.com/uploads/allimg/160923/092Z2E42-2.jpg	http://www.mp345.com/jrt6y8sa/17.html
https://b.share.photo.xuite.net/jeslin50/1b2ca9b/14113111/742633284_m.jpg	http://blog.xuite.net/jeslin50/blog/152380985-%E9%98%BF%E5%A7%A8%E7%9A%84%E6%9D%8F%E8%8A%B1
http://pic10.nipic.com/20101014/3420027_132351726225_2.jpg	http://www.nipic.com/show/2/42/3790263k371bd81a.html
http://6.blog.xuite.net/6/b/d/0/12196107/blog_2471656/txt/204294909/66.jpg	http://blog.xuite.net/smluwinxp/blog/204294909-%E8%B2%93%E7%A9%BA%E2%80%A7%E6%9D%8F%E8%8A%B1%E6%9E%97
http://img.zwbk.org/baike/spic/2011/03/30/20110330045844215_5972.jpg	http://www.zwbk.org/zh-tw/Lemma_Show/135675.aspx
http://gate.sinovision.net:82/gate/big5/cdnwww.sinovision.net/data/attachment/album/201701/17/110128vt1gjrvvjrfkirja.jpg	http://gate.sinovision.net:82/gate/big5/blog.sinovision.net/home/space/do/blog/uid/492162/id/305132.html
https://gss0.bdstatic.com/-4o3dSag_xI4khGkpoWK1HF6hhy/baike/s%3D220/sign=5b9752eca3ec8a13101a50e2c7029157/5ab5c9ea15ce36d3d982f53330f33a87e950b12a.jpg	https://baike.baidu.com/item/%E6%9D%8F%E8%8A%B1
http://g.udn.com.tw/community/img/PSN_ARTICLE/light03589/f_5767556_2.jpg	http://blog.udn.com/light03589/5767556
http://pic.pimg.tw/sinea100/1359864400-1507714333.jpg	http://sinea100.pixnet.net/blog/post/114504177-%E5%8F%B0%E5%8C%97%E8%B3%9E%E6%AB%BB-%E2%88%A5-%E6%9C%A8%E6%9F%B5%E6%9D%8F%E8%8A%B1%E6%9E%97%EF%BC%9A%E6%AB%BB%E8%8A%B1%E8%B1%94%E7%B4%85%E7%88%86%E7%BE%8E%EF%BC%8C%E7%A2%A7
https://9.share.photo.xuite.net/clementlin/192a143/9700779/426913432_m.jpg	http://blog.xuite.net/clementlin/twblog/120175391-20120221-%E6%9D%8F%E8%8A%B1%E6%9E%97+%E8%B3%9E+%E6%A1%83%E8%8A%B1+%3F%3F%3F
https://gss2.bdstatic.com/-fo3dSag_xI4khGkpoWK1HF6hhy/baike/s%3D220/sign=28923c669e510fb37c197095e932c893/b21c8701a18b87d6e920d9c0070828381e30fd8b.jpg	https://baike.baidu.com/item/%E6%9D%8F%E8%8A%B1
http://read.html5.qq.com/image?src=forum&q=5&r=0&imgflag=7&imageUrl=http://mmbiz.qpic.cn/mmbiz_jpg/f5pvuXwdraLZibXkr4je6hZPknBhoW6qXopRSAI8qmLRJBHRooAuelPdBEBnl4TKmyBNusGe0wYNzrsUYUxiaZlA/0?wx_fmt=jpeg	http://chuansong.me/n/1722415152607
http://s12.sinaimg.cn/middle/68c0bec3t78ad3d51509b&690	http://blog.sina.com.cn/s/blog_68c0bec30100zm5r.html
http://image.wenweipo.com/2015/04/29/a29a.jpg	http://paper.wenweipo.com/2015/04/29/CF1504290001.htm
http://pic19.nipic.com/20120225/9448607_185302390155_2.jpg	http://www.nipic.com/show/5762074.html
https://0.share.photo.xuite.net/penny37322/104a775/13558923/703468010_m.jpg	http://blog.xuite.net/penny37322/twblog/147793944-970303+-%E3%80%90%E5%8C%97%E5%B8%82%E6%96%87%E5%B1%B1%E3%80%91%E6%9D%8F%E8%8A%B1%E6%9E%97%E3%80%81%E5%BE%85%E8%80%81%E5%9D%91%E5%B1%B1
http://img1.topshop.com.tw/twr/pic/%7BCC339A96-0955-5849-A252-295D122E19AF%7D_1.jpg	http://www.twr.com.tw/product_one.asp?guid=CC339A96-0955-5849-A252-295D122E19AF
http://s14.sinaimg.cn/mw690/001nBOYFzy79sPjQbnv8d&690	http://blog.sina.com.cn/s/blog_4b6668a10102xezf.html
http://pic2.nipic.com/20090331/414747_211359023_2.jpg	https://tieba.baidu.com/p/1266720742
http://pic.nipic.com/2008-05-30/200853018354341_2.jpg	http://www.nipic.com/show/1/44/d3b82daf761d1020.html
http://file.azg168.cn/file/yangzhaifengshui/fengshuizhiwu/20150619/526909c67550114381ebd5525bba79ac.jpg	http://www.azg168.cn/yangzhaifengshui/fengshuizhiwu/90915.html
https://i2.kknews.cc/large/40d0003c23802cede53	https://kknews.cc/travel/aa5nj6.html
http://1.bp.blogspot.com/-Froz-jAvgrM/VOCev3L2yeI/AAAAAAAAVvA/8asmwkc5lk4/s1600/DSC_0020%2B%E6%9D%8F%E8%8A%B1%E6%9E%97%E9%82%8A%E7%B7%A3%E7%A8%AE%E6%AB%BB%E8%8A%B1.jpg	http://lindavidtw.blogspot.com/2015/02/blog-post_15.html
http://images.china.cn/attachement/jpg/site1000/20130419/0019b91ed7a112db377714.jpg	http://www.china.com.cn/travel/txt/2013-04/19/content_28595231.htm
http://img.mp.itc.cn/upload/20160404/b069dd07202b4b7bb299e406cba14c99_th.jpg	http://www.sohu.com/a/67538089_351939
http://farm1.static.flickr.com/147/398694500_d2e588af75_o.jpg	http://pigbank.pixnet.net/blog/post/27994180-%5B%E5%8F%B0%E5%8C%97%5D%E6%9C%A8%E6%9F%B5%E6%9D%8F%E8%8A%B1%E6%9E%97
http://cache.house.sina.com.cn/citylifehouse/citylife/aa/9c/20090528_17376_1.jpg	http://citylife.house.sina.com.cn/detail.php?gid=17376
http://pic95.nipic.com/file/20160420/2597531_230812291000_2.jpg	http://www.nipic.com/show/14641483.html
http://4.blog.xuite.net/4/6/d/5/236303012/blog_3117510/txt/66531757/5.jpg	http://blog.xuite.net/ch635036/blog/66531757-%E6%AB%BB%E8%8A%B1%3F%E6%9D%8F%E8%8A%B1%3F
https://gss1.bdstatic.com/9vo3dSag_xI4khGkpoWK1HF6hhy/baike/w%3D400/sign=3b41dafa04f431adbcd242397b37ac0f/e1fe9925bc315c60bd5e548785b1cb134854778a.jpg	https://baike.baidu.com/item/%E6%9D%8F%E8%8A%B1
http://www.yljh.mlc.edu.tw/flower/flower/%E6%9D%8F%E8%8A%B1009.jpg	http://www.yljh.mlc.edu.tw/flower/photos_view.asp?title=%A7%F6%AA%E1&aserior=25&address=flower/
http://pic1.nipic.com/2008-11-13/20081113122451820_2.jpg	http://www.nipic.com/show/1/47/5f366d22bef2836c.html
http://pic3.nipic.com/20090702/2755672_122036067_2.jpg	http://www.nipic.com/show/1/44/4efd17daea8a6a1e.html
http://n2-q.mafengwo.net/s3/M00/66/10/wKgBt09gDl3SlxNPAAcyioZplzs81.jpeg?imageView2%2F2%2Fw%2F2000%2Fh%2F600%2Fq%2F90%7Cwatermark%2F3%2Fimage%2FaHR0cDovL2MyLXEubWFmZW5nd28ubmV0L3M5L00wMC82My84RS93S2dCczFaTmVzV0FZb29JQUFBU2JNMElpRjQyNDEucG5n%2Fgravity%2FSouthEast%2Fdx%2F20%2Fdy%2F20%2Fimage%2FaHR0cDovL2MyLXEubWFmZW5nd28ubmV0L3M5L00wMC82My84RS93S2dCczFaTmVzV0FZb29JQUFBU2JNMElpRjQyNDEucG5n%2Fgravity%2FSouthEast%2Fdx%2F20%2Fdy%2F20	http://www.mafengwo.cn/travel-news/200014.html
http://pic6.nipic.com/20100402/727410_124442008490_2.jpg	http://www.nipic.com/show/1/44/61a7bcd0c90063b3.html
http://a3.att.hudong.com/05/17/01300000108885120818175743218_s.jpg	http://niaolei.org.cn/tag/%E6%9D%8F%E8%8A%B1
http://pic.pimg.tw/dawnchorus/af7dd766a109bc122af7b9f07a0f8841.jpg	http://dawnchorus.pixnet.net/blog/post/30385826-%E6%9D%8F%E8%8A%B1%E6%9E%97%E8%B3%9E%E8%8A%B1%3A%E6%98%AF%E6%9D%8F%E8%8A%B1%3F%E9%82%84%E6%98%AF%E7%A2%A7%E6%A1%83%E8%8A%B1%3F
http://pic2.nipic.com/20090407/1578671_104129086_2.jpg	http://www.nipic.com/show/2/27/298f2c65dc3933bb.html
http://d.blog.xuite.net/d/6/1/d/14962972/blog_354752/txt/66451878/0.jpg	http://blog.xuite.net/lee325/mountain/66451878-%E6%A8%9F%E6%B9%96%E6%AD%A5%E9%81%93%E3%80%81%E9%B5%9D%E8%A7%92%E6%A0%BC%E5%B1%B1%E3%80%81%E6%9D%8F%E8%8A%B1%E6%9E%97%E2%94%80%E6%96%87%E5%B1%B1%E5%8D%80%E8%B2%93%E7%A9%BA
https://bbs.pku.edu.cn/attach/d8/53/d8536cff92485b5a/%E5%A4%96%E6%96%87%E6%A5%BC%E6%9D%8F%E8%8A%B1.jpg	https://bbs.pku.edu.cn/v2/post-read.php?bid=271&threadid=14381592
http://upload-images.jianshu.io/upload_images/4673793-6fb899c390b5f611.jpg?imageMogr2/auto-orient/strip%7CimageView2/2/w/1080/q/50	http://www.jianshu.com/p/4b49b604b4d1
http://farm8.static.flickr.com/7330/12608011473_10ec5376ef_b.jpg	http://l50740.pixnet.net/blog/post/42936481-%E3%80%90%E5%8F%B0%E5%8C%97%E8%B2%93%E7%A9%BA%E3%80%91%E6%9D%8F%E8%8A%B1%E6%9E%97%E8%BE%B2%E5%A0%B4%E2%94%802014%E5%B9%B4%E6%9D%8F%E8%8A%B1%E7%B6%BB%E6%94%BE%E7%BE%8E
http://2.blog.xuite.net/2/8/5/f/10293756/blog_140697/txt/30978562/24.jpg	http://blog.xuite.net/rita5031/blog/30978562
http://www.zhiwutong.com/tu/yanghua/%E6%9D%8F%E8%8A%B11.jpg	http://www.zhiwutong.com/gardens/09-28/9264.htm
https://i1.kknews.cc/large/159e00025541944fd24b	https://kknews.cc/culture/qepp82r.html
http://pic20.nipic.com/20120423/2572038_130035978000_2.jpg	http://www.nipic.com/show/2/27/6069447kfa1d92e2.html
http://8.blog.xuite.net/8/6/0/3/11734168/blog_70/txt/43069426/19.jpg	http://blog.xuite.net/carolchia/carol/43069426-%5B%E5%8F%B0%E5%8C%97%5D+%E6%9C%A8%E6%9F%B5%E6%9D%8F%E8%8A%B1%E6%9E%97
http://9.blog.xuite.net/9/b/0/2/12143622/blog_664768/txt/57559002/21.jpg	http://blog.xuite.net/akao_chen/mntnsea/57559002-%E6%BF%9B%E6%BF%9B%E7%B4%B0%E9%9B%A8%E8%A6%93%E6%9D%8F%E8%8A%B1_%E8%B2%93%E7%A9%BA%E6%9D%8F%E8%8A%B1%E7%9B%9B%E9%96%8B%EF%BC%88%E6%96%87%E5%B1%B1%EF%BC%89
http://images.shobserver.com/news/690_390/2017/1/27/62c26ed0-7854-47fa-a093-26216f539482.jpg	http://m.kdnet.net/topic-12101854.html
