
http://file.azg168.cn/file/yangzhaifengshui/fengshuizhiwu/20150619/ec8a1e8fe07be88372ce996ed5522b34.jpg	http://www.azg168.cn/yangzhaifengshui/fengshuizhiwu/90921.html
https://upload.wikimedia.org/wikipedia/commons/b/b0/Rhododendron%EF%BC%86Vast_ocean_of_clouds%E3%80%81%E3%82%B3%E3%83%90%E3%83%8E%E3%83%9F%E3%83%84%E3%83%90%E3%83%84%E3%83%84%E3%82%B8%EF%BC%86%E7%AF%A0%E5%B1%B1%E7%9B%86%E5%9C%B0%E9%9B%B2%E6%B5%B7%E3%80%81%E7%9B%83%E3%83%B6%E5%B2%B34256293.JPG	https://zh.wikipedia.org/wiki/%E6%9D%9C%E9%B5%91%E8%8A%B1%E5%B1%AC
http://p.d1xz.net/2014/12/30/15000889889.jpg	http://www.d1xz.net/astro/huayu/art74889.aspx
http://n2-q.mafengwo.net/s5/M00/D9/04/wKgB3FF9F0qAbKfNABJXxCAcSdY99.jpeg?imageView2%2F2%2Fw%2F2000%2Fh%2F600%2Fq%2F90%7Cwatermark%2F3%2Fimage%2FaHR0cDovL2MyLXEubWFmZW5nd28ubmV0L3M5L00wMC82My84RS93S2dCczFaTmVzV0FZb29JQUFBU2JNMElpRjQyNDEucG5n%2Fgravity%2FSouthEast%2Fdx%2F20%2Fdy%2F20%2Fimage%2FaHR0cDovL2MyLXEubWFmZW5nd28ubmV0L3M5L00wMC82My84RS93S2dCczFaTmVzV0FZb29JQUFBU2JNMElpRjQyNDEucG5n%2Fgravity%2FSouthEast%2Fdx%2F20%2Fdy%2F20	http://www.mafengwo.cn/travel-news/212854.html
https://upload.wikimedia.org/wikipedia/commons/0/06/Azalea_Nanjing.jpg	https://zh.wikipedia.org/wiki/%E6%9D%9C%E9%B5%91%E8%8A%B1%E5%B1%AC
http://www.wdptj.com/wp-content/uploads/2015/05/%E6%9D%9C%E9%B9%83%E8%8A%B1%E7%9A%84%E7%89%B9%E7%82%B93.jpg	http://www.wdptj.com/dujuanhua/
http://www.wdptj.com/wp-content/uploads/2015/05/%E6%9D%9C%E9%B9%83%E8%8A%B1%E7%9A%84%E7%89%B9%E7%82%B91.jpg	http://www.wdptj.com/dujuanhua/
https://www.huabaike.com/uploads/allimg/sltimg/201601/568ca90a50890.jpg	https://www.huabaike.com/yhjq/1286.html
http://www.hakodate.travel/chs/event/assets_c/2013/04/img_azalea-festival_01-thumb-520xauto-667.jpg	http://www.hakodate.travel/chs/event/azalea-festival/
http://pic.nipic.com/2008-05-24/20085240319410_2.jpg	http://www.nipic.com/show/1/44/cb6c082e59427247.html
http://pic1.nipic.com/2008-09-08/200898161114391_2.jpg	http://www.nipic.com/show/1048235.html
http://www.huadian360.com/upload/baike/2011-8/zw546os8uI0ya6fW9P85.jpg	http://www.huadian360.com/baike/baike.asp?id=37
http://www.ttpaihang.com/image/vote/20130326121403259367.jpg	http://www.ttpaihang.com/vote/rankdetail-41220.html
http://www.huacaoshumu.net/attached/tupian/D1/20131204-4.jpg	http://www.huacaoshumu.net/zhiwu/dujuanhua.php
http://img0.pchouse.com.cn/pchouse/baike/decorate/1109/dujuanhua.jpg	http://www.pchouse.com.cn/baike/shenghuo/619/
http://b3-q.mafengwo.net/s6/M00/FD/31/wKgB4lNgaB-AQZHlAAjNmpCn8Ow67.jpeg?imageView2%2F2%2Fw%2F2000%2Fh%2F600%2Fq%2F90%7Cwatermark%2F3%2Fimage%2FaHR0cDovL2MyLXEubWFmZW5nd28ubmV0L3M5L00wMC82My84RS93S2dCczFaTmVzV0FZb29JQUFBU2JNMElpRjQyNDEucG5n%2Fgravity%2FSouthEast%2Fdx%2F20%2Fdy%2F20%2Fimage%2FaHR0cDovL2MyLXEubWFmZW5nd28ubmV0L3M5L00wMC82My84RS93S2dCczFaTmVzV0FZb29JQUFBU2JNMElpRjQyNDEucG5n%2Fgravity%2FSouthEast%2Fdx%2F20%2Fdy%2F20	http://www.mafengwo.cn/travel-news/214536.html
http://zixun.rrs.com/uploads/allimg/140922/215Z91011-1.jpg	http://zixun.rrs.com/jiashigonglue/2753.html
http://pic15.nipic.com/20110802/5149775_221556615134_2.jpg	http://www.nipic.com/show/1/44/4915299kb3d58da1.html
http://photo.tp88.net/upfile/20132/5/2013252716-47125287.jpg	http://m.cnpenjing.com/zhiwu/10830.html
https://thumbs.dreamstime.com/z/%E6%9D%9C%E9%B9%83%E8%8A%B1-roseum-elegans-31453084.jpg	https://cn.dreamstime.com/photos-images/%E6%9D%9C%E9%B9%83%E8%8A%B1.html
http://img3.3lian.com/2006/009/09/175.jpg	http://www.3lian.com/gif/2006/3-14/22430938778.html
http://img0.pchouse.com.cn/pchouse/1109/25/131565_3.jpg	http://www.pchouse.com.cn/baike/shenghuo/619/
http://a2.att.hudong.com/15/06/01300538641260136684062670901.jpg	http://tupian.baike.com/a2_15_06_01300538641260136684062670901_140_jpg.html
http://a4.att.hudong.com/41/90/01300543942982148999900110037_s.jpg	http://www.baike.com/wiki/%E6%9D%9C%E9%B9%83%E8%8A%B1
http://zixun.rrs.com/uploads/allimg/140923/101250Ab-0.jpg	http://zixun.rrs.com/jiashigonglue/2749.html
http://gmimg.geimian.com/pic/2016/04/2016-04-01_113242.jpg	https://www.geimian.com/wx/63334.html
http://s4.sinaimg.cn/mw690/bc9f8f83td5ac20b465e3&690	http://blog.sina.com.cn/s/blog_bc9f8f83010167vx.html
http://pic3.nipic.com/20090618/2721555_011111079_2.jpg	http://www.nipic.com/show/1/44/2a114540ad592ffa.html
http://p.ayxbk.com/images/thumb/8/8a/Bkeud.jpg/200px-Bkeud.jpg	http://www.a-hospital.com/w/%E6%9D%9C%E9%B9%83%E8%8A%B1
http://www.wdptj.com/wp-content/uploads/2015/05/%E9%BA%BB%E5%9F%8E%E6%9D%9C%E9%B9%83%E8%8A%B11.jpg	http://www.wdptj.com/dujuanhua/
http://163.17.203.129/bakup/green/%E6%9D%9C%E9%B5%91%E8%8A%B1/%E6%9D%9C%E9%B5%91-%E8%8A%B11.jpg	http://wujiayu520.pixnet.net/blog/post/253579304-%E6%9D%9C%E9%B5%91%E8%8A%B1%E8%AA%9E
http://a1.att.hudong.com/68/30/01300000164151121968302462751_s.jpg	http://www.baike.com/wiki/%E5%A4%A7%E7%99%BD%E6%9D%9C%E9%B9%83%E8%8A%B1
http://b2-q.mafengwo.net/s5/M00/18/EB/wKgB3FFMIOiAJ2WjAApsmAqGLmU511.png?imageView2%2F2%2Fw%2F2000%2Fh%2F600%2Fq%2F90%7Cwatermark%2F3%2Fimage%2FaHR0cDovL2MyLXEubWFmZW5nd28ubmV0L3M5L00wMC82My84RS93S2dCczFaTmVzV0FZb29JQUFBU2JNMElpRjQyNDEucG5n%2Fgravity%2FSouthEast%2Fdx%2F20%2Fdy%2F20%2Fimage%2FaHR0cDovL2MyLXEubWFmZW5nd28ubmV0L3M5L00wMC82My84RS93S2dCczFaTmVzV0FZb29JQUFBU2JNMElpRjQyNDEucG5n%2Fgravity%2FSouthEast%2Fdx%2F20%2Fdy%2F20	http://www.mafengwo.cn/travel-news/200300.html
http://www.52yhua.com/uploads/allimg/160415/1-160415225P9.jpg	http://www.52yhua.com/jishu/2245.html
http://a2.att.hudong.com/11/67/01300542392970142271671925212_s.jpg	http://www.baike.com/wiki/%E6%9D%9C%E9%B9%83%E8%8A%B1
http://pic.dailyqd.com/uploadfiles/hw/news/img/attachement/jpg/site3/20160405/74d435d32484186da00003.jpg	http://news.dailyqd.com/2016-04/05/content_321541.htm
http://pic5.nipic.com/20100201/2595327_120049021029_2.jpg	http://www.nipic.com/show/1/47/195da0ca5dc85f36.html
https://www.huabaike.com/uploads/allimg/sltimg/201601/568b88bcb3321.jpg	https://www.huabaike.com/pjzz/1249.html
http://tupian.geimian.com/pic/2017/04/2017-03-31_195020.jpg	https://www.geimian.com/wx/85571.html
http://p2-q.mafengwo.net/s1/M00/58/17/wKgBsU-lVGGW0KHYAAZf5dTstvE06.jpeg?imageView2%2F2%2Fw%2F2000%2Fh%2F600%2Fq%2F90%7Cwatermark%2F3%2Fimage%2FaHR0cDovL2MyLXEubWFmZW5nd28ubmV0L3M5L00wMC82My84RS93S2dCczFaTmVzV0FZb29JQUFBU2JNMElpRjQyNDEucG5n%2Fgravity%2FSouthEast%2Fdx%2F20%2Fdy%2F20%2Fimage%2FaHR0cDovL2MyLXEubWFmZW5nd28ubmV0L3M5L00wMC82My84RS93S2dCczFaTmVzV0FZb29JQUFBU2JNMElpRjQyNDEucG5n%2Fgravity%2FSouthEast%2Fdx%2F20%2Fdy%2F20	http://www.mafengwo.cn/travel-news/221312.html
http://www.wdptj.com/wp-content/uploads/2015/05/%E7%BA%A2%E8%89%B2%E6%9D%9C%E9%B9%83%E8%8A%B14.jpg	http://www.wdptj.com/dujuanhua/
http://a4.att.hudong.com/26/97/19300001382667132432979970453.jpg	http://yanghua.baike.com/article-121076.html
http://img0.pchouse.com.cn/pchouse/1109/25/131567_6.jpg	http://www.pchouse.com.cn/baike/shenghuo/619/
https://gss3.bdstatic.com/-Po3dSag_xI4khGkpoWK1HF6hhy/baike/w%3D400/sign=11f4f240ddca7bcb7d7bc62f8e0b6b3f/64380cd7912397ddc2be53875382b2b7d1a2876a.jpg	https://baike.baidu.com/item/%E6%9D%9C%E9%B9%83%E8%8A%B1/159279
http://photocdn.sohu.com/20080314/Img255716561.jpg	http://travel.sohu.com/20080314/n255716560.shtml
http://pic1.nipic.com/20090317/2186722_174433093_2.jpg	http://www.nipic.com/show/1/44/f6404e27d25219d8.html
http://www.cnazalea.com/top.jpg	http://www.cnazalea.com/
http://img01.hua.com/uploadpic/images/2016617145396698031.jpg	http://www.hua.com/huayu/16274.html
http://www.baihuamen.com/d/file/2014/03-19/6541846170dfaecadd2abf9ad5791c4a.jpg	http://www.baihuamen.com/dujuanhua/
http://i.epochtimes.com/assets/uploads/2017/05/2b1733aab22fe481c7d5c7931bbf76b8-600x400.jpg	http://www.epochtimes.com/gb/tag/%E6%9D%9C%E9%B9%83%E8%8A%B1.html
http://pic2.nipic.com/20090423/447350_200024057_2.jpg	http://www.nipic.com/show/1/44/01758bb989431143.html
http://img01.hua.com/uploadpic/images/201511251021286557269.jpg	http://www.hua.com/huayu/13408.html
http://farm1.static.flickr.com/41/104062807_8ba51f5910.jpg	https://tw.answers.yahoo.com/question/index?qid=20090302000015KK07042
http://img775.ph.126.net/rc0loNVzVtFv8j68dNIThw==/4863043172630432305.jpg	http://zhy-xianger.blog.163.com/blog/static/567885222011227952143/
http://pic.nipic.com/2008-05-22/200852285636348_2.jpg	http://www.nipic.com/show/1/44/0b5dc18502893c1e.html
http://www.ritagiang.com/files/articleFilesfinder/images/Canon%20350D%20067-1.jpg	https://www.ritagiang.com/article.php?id=201
http://pic1.nipic.com/2008-09-19/2008919105453105_2.jpg	http://www.nipic.com/show/1084080.html
http://img.aiuw.com//images/201311/20131107161136_55704.jpg	http://www.aiuw.com/zhiwu/hhyz/article-27660.html
http://image.cn.made-in-china.com/2f0j01rMBQcuECRUzG/%E6%9D%9C%E9%B9%83%E8%8A%B1.jpg	http://cn.made-in-china.com/gongying/yongfuhuaxiang-rMoQcREbTtUG.html
http://www.huajiang.cc/uploads/image/20160530/1464595377118690.jpg	http://www.huajiang.cc/yanghua/20160530/7398.html
http://img3.3lian.com/2006/009/09/171.jpg	http://m.zw3e.com/see/f42i91.html
http://www.ebaomonthly.com/ebao/e1004/Rhododendron_03.jpg	http://www.ebaomonthly.com/ebao/readebao.php?a=20100412
http://www.ew9z.com/wp-content/uploads/2010/02/Azalea_1.jpg	http://www.ew9z.com/dujuanhua-yongtu-zuoyong.html
https://gss1.bdstatic.com/-vo3dSag_xI4khGkpoWK1HF6hhy/baike/w%3D400/sign=677b4052ddca7bcb7d7bc62f8e086b3f/64380cd7912397ddb431e1955382b2b7d1a287d2.jpg	https://baike.baidu.com/item/%E6%9D%9C%E9%B9%83%E8%8A%B1/159279
http://img0.pclady.com.cn/pclady/1206/16/839138_1.jpg	http://emotion.pclady.com.cn/zxzq/1206/839138_all.html
http://img0.pchouse.com.cn/pchouse/1109/25/131566_4.jpg	http://www.pchouse.com.cn/baike/shenghuo/619/
http://pic1.nipic.com/2008-10-22/2008102284337_2.jpg	http://www.nipic.com/show/1/47/cedcc6f29eb0fcc5.html
http://www.nyzy.com/UploadFiles/2016-04/csadmin/2016041214521185573.jpg	http://www.nyzy.com/dujuanhua/179.html
http://www.pjcn.org/uploads/allimg/1601/1-1601142129513L.jpg	http://www.pjcn.org/gl/894/
http://a3.att.hudong.com/31/63/19300000934991133878637235228.jpg	http://yanghua.baike.com/article-351369.html
http://s11.sinaimg.cn/mw690/003hlkfTgy6IvavEdQu1a&690	http://blog.sina.com.cn/s/blog_b317c3310101j33b.html
http://img.sczlb.com/uploads/pictures/2015/12/XgHZyU.png	http://www.sczlb.com/cate-news/72449.html
http://pic3.nipic.com/20090520/2192645_090620075_2.jpg	http://www.nipic.com/show/1848739.html
https://upload.wikimedia.org/wikipedia/commons/b/b3/RhododendronSimsiiFlowers2.jpg	https://zh.wikipedia.org/wiki/%E6%9D%9C%E9%B9%83%E8%8A%B1%E7%9B%AE
http://www.zhongdi168.com/Upload/InPic/6FA085E3A59333AEE45CB9D78E8955CC.jpg	http://www.zhongdi168.com/dj1-info-8869.htm
http://image.cn.made-in-china.com/2f0j01WeCEoLTDTfrQ/%E6%9D%9C%E9%B9%83%E8%8A%B1.jpg	https://cforum.cari.com.my/forum.php?mod=viewthread&tid=3043348
https://www.huabaike.com/uploads/allimg/artimg/201601/20160105171538_41352.jpg	https://www.huabaike.com/pjzz/1249.html
http://b1-q.mafengwo.net/s3/M00/11/6C/wKgBt0-okH6AItjgAAPCBiYN-Hw11.jpeg?imageView2%2F2%2Fw%2F2000%2Fh%2F600%2Fq%2F90%7Cwatermark%2F3%2Fimage%2FaHR0cDovL2MyLXEubWFmZW5nd28ubmV0L3M5L00wMC82My84RS93S2dCczFaTmVzV0FZb29JQUFBU2JNMElpRjQyNDEucG5n%2Fgravity%2FSouthEast%2Fdx%2F20%2Fdy%2F20%2Fimage%2FaHR0cDovL2MyLXEubWFmZW5nd28ubmV0L3M5L00wMC82My84RS93S2dCczFaTmVzV0FZb29JQUFBU2JNMElpRjQyNDEucG5n%2Fgravity%2FSouthEast%2Fdx%2F20%2Fdy%2F20	http://www.mafengwo.cn/travel-news/212854.html
http://pic6.nipic.com/20100422/3360597_161951051222_2.jpg	http://www.nipic.com/show/1/44/a4ab66cd1539057a.html
http://www.ailianshuo.net/uploads/yhzs/201408/yhzs_qjlbvkwxzz5.jpg	http://www.ailianshuo.net/mubenhuahui/2742/
http://image.yihaojiaju.com/Upload/Image/2017020517531096.jpg	http://www.yihaojiaju.com/tlist/12668/
http://pic14.nipic.com/20110615/977475_214958350121_2.jpg	http://www.nipic.com/show/1/44/4715962k6eec57b7.html
https://www.huabaike.com/uploads/allimg/sltimg/201601/568ccca7853b7.jpg	https://www.huabaike.com/qita/1270.html
http://www.yljh.mlc.edu.tw/flower/flower/%E6%9D%9C%E9%B5%91%E8%8A%B1020.jpg	http://www.yljh.mlc.edu.tw/flower/photos_view.asp?title=%A7%F9%C3Y%AA%E1&aserior=26&address=flower/
http://a2.att.hudong.com/65/97/19300001382667132432975632704.jpg	http://yanghua.baike.com/article-121076.html
http://dujuanhua.yangzhiriji.com/wp-content/uploads/sites/8/2014/05/1.jpg	http://dujuanhua.yangzhiriji.com/
http://i.weather.com.cn/i/c/images/2009/20090402/49d46122_89d82.jpg	http://www.weather.com.cn/static/html/article/20100316/28688.shtml
http://www.wdptj.com/wp-content/uploads/2014/10/%E6%9D%9C%E9%B9%83%E8%8A%B13.jpg	http://www.wdptj.com/5063.html
http://b3-q.mafengwo.net/s6/M00/73/6D/wKgB4lMrjgOAa3W_AANF0FxHw5U76.jpeg?imageView2%2F2%2Fw%2F2000%2Fh%2F600%2Fq%2F90%7Cwatermark%2F3%2Fimage%2FaHR0cDovL2MyLXEubWFmZW5nd28ubmV0L3M5L00wMC82My84RS93S2dCczFaTmVzV0FZb29JQUFBU2JNMElpRjQyNDEucG5n%2Fgravity%2FSouthEast%2Fdx%2F20%2Fdy%2F20%2Fimage%2FaHR0cDovL2MyLXEubWFmZW5nd28ubmV0L3M5L00wMC82My84RS93S2dCczFaTmVzV0FZb29JQUFBU2JNMElpRjQyNDEucG5n%2Fgravity%2FSouthEast%2Fdx%2F20%2Fdy%2F20	http://www.mafengwo.cn/travel-news/212854.html
http://www.huajiang.cc/uploads/allimg/150611/104645A27_0.jpg	http://m.huajiang.cc/tag/266.html
http://1863.img.pp.sohu.com.cn/images/blog/2010/5/26/15/12/12986d68503g215.jpg	http://luoyj1951.blog.sohu.com/152904268.html
http://pic8.nipic.com/20100701/3254663_224722086043_2.jpg	http://www.nipic.com/show/1/44/406f8363b0754707.html
https://www.huabaike.com/uploads/allimg/artimg/201602/20160216095830_37397.jpg	https://www.huabaike.com/yzfh/1704.html
http://pic.nipic.com/2007-06-29/2007629211635810_2.jpg	http://www.nipic.com/show/1/44/4d7b759f6541b543.html
http://img2.mtime.com/mg/2009/52/0bffc679-60b4-4c35-8d0f-b97815e335f3.jpg	http://group.mtime.com/arbre/discussion/776726/
http://p2-q.mafengwo.net/s4/M00/24/1A/wKgByU_1lM39qqiuABN85trXQYI93.jpeg?imageView2%2F2%2Fw%2F2000%2Fh%2F600%2Fq%2F90%7Cwatermark%2F3%2Fimage%2FaHR0cDovL2MyLXEubWFmZW5nd28ubmV0L3M5L00wMC82My84RS93S2dCczFaTmVzV0FZb29JQUFBU2JNMElpRjQyNDEucG5n%2Fgravity%2FSouthEast%2Fdx%2F20%2Fdy%2F20%2Fimage%2FaHR0cDovL2MyLXEubWFmZW5nd28ubmV0L3M5L00wMC82My84RS93S2dCczFaTmVzV0FZb29JQUFBU2JNMElpRjQyNDEucG5n%2Fgravity%2FSouthEast%2Fdx%2F20%2Fdy%2F20	http://www.mafengwo.cn/travel-news/221052.html
http://digitalarchives.tw/Images/exhibition/sinica/16777345Rhododendron/16777345_1.jpg	http://digitalarchives.tw/Exhibition/4884/1.html
http://www.sgns.gov.cn/images/2017_05/17411.jpg	http://www.sgns.gov.cn/index.php/news/my-news/1881-2017-05-14-09-46-55.html
http://n4-q.mafengwo.net/s3/M00/11/52/wKgBt0-okGeljXQjAAP3R-JyjAY51.jpeg?imageView2%2F2%2Fw%2F2000%2Fh%2F600%2Fq%2F90%7Cwatermark%2F3%2Fimage%2FaHR0cDovL2MyLXEubWFmZW5nd28ubmV0L3M5L00wMC82My84RS93S2dCczFaTmVzV0FZb29JQUFBU2JNMElpRjQyNDEucG5n%2Fgravity%2FSouthEast%2Fdx%2F20%2Fdy%2F20%2Fimage%2FaHR0cDovL2MyLXEubWFmZW5nd28ubmV0L3M5L00wMC82My84RS93S2dCczFaTmVzV0FZb29JQUFBU2JNMElpRjQyNDEucG5n%2Fgravity%2FSouthEast%2Fdx%2F20%2Fdy%2F20	http://www.mafengwo.cn/travel-news/212854.html
http://www.yuhuagu.com/uploads/allimg/160905/43_160905081149_1.jpg	http://www.yuhuagu.com/renshi/2016/0905/13266.html
