
https://gss1.bdstatic.com/-vo3dSag_xI4khGkpoWK1HF6hhy/baike/c0%3Dbaike150%2C5%2C5%2C150%2C50/sign=bc711e0f36d3d539d53007915bee8235/203fb80e7bec54e7434a24efb9389b504ec26a98.jpg
https://gss0.bdstatic.com/94o3dSag_xI4khGkpoWK1HF6hhy/baike/c0%3Dbaike150%2C5%2C5%2C150%2C50/sign=04b057a134a85edfee81f671283d6246/3ac79f3df8dcd1000220c6d0728b4710b8122f86.jpg
https://gss3.bdstatic.com/7Po3dSag_xI4khGkpoWK1HF6hhy/baike/c0%3Dbaike150%2C5%2C5%2C150%2C50/sign=b6b8d695564e9258b2398ebcfdebba3d/4610b912c8fcc3ce7c66f7c29245d688d53f2098.jpg
https://gss0.bdstatic.com/94o3dSag_xI4khGkpoWK1HF6hhy/baike/c0%3Dbaike150%2C5%2C5%2C150%2C50/sign=c140bd3c5266d0166a14967af642bf62/cefc1e178a82b901b20bfdc2738da9773812ef99.jpg
https://gss3.bdstatic.com/-Po3dSag_xI4khGkpoWK1HF6hhy/baike/c0%3Dbaike150%2C5%2C5%2C150%2C50/sign=da8f783182025aafc73f76999a84c001/8601a18b87d6277f95b30cc928381f30e824fc99.jpg

https://gss1.bdstatic.com/-vo3dSag_xI4khGkpoWK1HF6hhy/baike/c0%3Dbaike92%2C5%2C5%2C92%2C30/sign=07b9d604728da9775a228e79d138937c/96dda144ad345982ff9ef0a50df431adcbef84f4.jpg
https://gss0.bdstatic.com/94o3dSag_xI4khGkpoWK1HF6hhy/baike/c0%3Dbaike92%2C5%2C5%2C92%2C30/sign=6600fcb34bed2e73e8e48e7ee668caee/77094b36acaf2eddf3b65ade8c1001e939019345.jpg
https://gss2.bdstatic.com/9fo3dSag_xI4khGkpoWK1HF6hhy/baike/c0%3Dbaike92%2C5%2C5%2C92%2C30/sign=944a85cb7dd98d1062d904634056d36b/0824ab18972bd4078f6dc0ca7a899e510fb3095a.jpg
https://gss1.bdstatic.com/9vo3dSag_xI4khGkpoWK1HF6hhy/baike/c0%3Dbaike92%2C5%2C5%2C92%2C30/sign=1cf5a332e4dde711f3df4ba4c686a57e/d01373f082025aaf6d986dfcfaedab64034f1a5a.jpg
https://gss2.bdstatic.com/9fo3dSag_xI4khGkpoWK1HF6hhy/baike/c0%3Dbaike92%2C5%2C5%2C92%2C30/sign=f0742af4d6ca7bcb6976cf7ddf600006/b2de9c82d158ccbfeefba60d18d8bc3eb1354145.jpg
https://gss3.bdstatic.com/7Po3dSag_xI4khGkpoWK1HF6hhy/baike/c0%3Dbaike92%2C5%2C5%2C92%2C30/sign=b6a3b10d314e251ff6faecaac6efa272/e824b899a9014c0899913b920b7b02087bf4f45b.jpg

https://gss2.bdstatic.com/-fo3dSag_xI4khGkpoWK1HF6hhy/baike/c0%3Dbaike92%2C5%2C5%2C92%2C30/sign=6053fab34bed2e73e8e48e7ee668caee/77094b36acaf2eddf5e55cde8c1001e9390193f4.jpg

https://gss3.bdstatic.com/7Po3dSag_xI4khGkpoWK1HF6hhy/baike/c0%3Dbaike92%2C5%2C5%2C92%2C30/sign=cfd7fa4b2df5e0fefa1581533d095fcd/eac4b74543a98226f034de758a82b9014b90ebef.jpg
https://gss1.bdstatic.com/9vo3dSag_xI4khGkpoWK1HF6hhy/baike/c0%3Dbaike92%2C5%2C5%2C92%2C30/sign=0e7e606cd300baa1ae214fe92679d277/10dfa9ec8a136327f3936fb3938fa0ec08fac730.jpg
https://gss3.bdstatic.com/7Po3dSag_xI4khGkpoWK1HF6hhy/baike/c0%3Dbaike116%2C5%2C5%2C116%2C38/sign=6c5cd7b8a38b87d6444fa34d6661435d/908fa0ec08fa513df9d709573f6d55fbb2fbd93e.jpg
https://gss1.bdstatic.com/-vo3dSag_xI4khGkpoWK1HF6hhy/baike/c0%3Dbaike92%2C5%2C5%2C92%2C30/sign=266ec305cbea15ce55e3e85bd7695196/7e3e6709c93d70cf1e92078dfadcd100bba12bc1.jpg

https://gss3.bdstatic.com/-Po3dSag_xI4khGkpoWK1HF6hhy/baike/c0%3Dbaike180%2C5%2C5%2C180%2C60/sign=a249c3e1564e9258b2398ebcfdebba3d/738b4710b912c8fc68a4dd48fc039245d78821db.jpg
https://gss1.bdstatic.com/-vo3dSag_xI4khGkpoWK1HF6hhy/baike/c0%3Dbaike116%2C5%2C5%2C116%2C38/sign=67a42432e950352aa56c2d5a322a9097/a2cc7cd98d1001e964563f8ab80e7bec55e797c8.jpg
https://gss2.bdstatic.com/-fo3dSag_xI4khGkpoWK1HF6hhy/baike/c0%3Dbaike116%2C5%2C5%2C116%2C38/sign=64d0f7e5352ac65c73086e219a9bd974/7dd98d1001e939017f68a6bb7bec54e737d196c8.jpg
https://gss1.bdstatic.com/-vo3dSag_xI4khGkpoWK1HF6hhy/baike/c0%3Dbaike180%2C5%2C5%2C180%2C60/sign=fb248cedd109b3deffb2ec3aadd607e4/b812c8fcc3cec3fd51698cf0d688d43f869427db.jpg
https://gss3.bdstatic.com/7Po3dSag_xI4khGkpoWK1HF6hhy/baike/c0%3Dbaike180%2C5%2C5%2C180%2C60/sign=5c6c4500c9ea15ce55e3e85bd7695196/8c1001e93901213fe759655954e736d12e2e95c8.jpg

https://gss3.bdstatic.com/-Po3dSag_xI4khGkpoWK1HF6hhy/baike/c0%3Dbaike80%2C5%2C5%2C80%2C26/sign=624346f2a9014c080d3620f76b12696d/d4628535e5dde7111b8888ada7efce1b9d166117.jpg
https://gss2.bdstatic.com/-fo3dSag_xI4khGkpoWK1HF6hhy/baike/c0%3Dbaike80%2C5%2C5%2C80%2C26/sign=c26f906d1d950a7b613846966bb809bc/e61190ef76c6a7ef407c637dfdfaaf51f3de6617.jpg
https://gss2.bdstatic.com/-fo3dSag_xI4khGkpoWK1HF6hhy/baike/c0%3Dbaike80%2C5%2C5%2C80%2C26/sign=af49cd91828ba61ecbe3c07d205dfc6f/29381f30e924b899b77db2636e061d950a7bf62c.jpg
https://gss1.bdstatic.com/-vo3dSag_xI4khGkpoWK1HF6hhy/baike/c0%3Dbaike80%2C5%2C5%2C80%2C26/sign=b276ce25251f95cab2f89ae4a87e145b/1c950a7b02087bf42fad9cb2f2d3572c11dfcf2c.jpg
https://gss3.bdstatic.com/7Po3dSag_xI4khGkpoWK1HF6hhy/baike/c0%3Dbaike80%2C5%2C5%2C80%2C26/sign=02636ba1d1c8a786aa27425c0660a258/03087bf40ad162d9d5afa94711dfa9ec8a13cd2c.jpg
https://gss2.bdstatic.com/-fo3dSag_xI4khGkpoWK1HF6hhy/baike/c0%3Dbaike92%2C5%2C5%2C92%2C30/sign=1c749d4c62d0f703f2bf9d8e69933a58/f2deb48f8c5494ee6678c4422df5e0fe99257e17.jpg
https://gss0.bdstatic.com/94o3dSag_xI4khGkpoWK1HF6hhy/baike/c0%3Dbaike92%2C5%2C5%2C92%2C30/sign=fab70968918fa0ec6bca6c5f47fe328b/8d5494eef01f3a29b5921e959925bc315c607c17.jpg
https://gss3.bdstatic.com/-Po3dSag_xI4khGkpoWK1HF6hhy/baike/c0%3Dbaike80%2C5%2C5%2C80%2C26/sign=f8409cbbf703918fc3dc359830544df2/3b292df5e0fe99252756a20b34a85edf8db17117.jpg
https://gss0.bdstatic.com/-4o3dSag_xI4khGkpoWK1HF6hhy/baike/c0%3Dbaike80%2C5%2C5%2C80%2C26/sign=feb70968918fa0ec6bca6c5f47fe328b/2cf5e0fe9925bc31c007cac35edf8db1cb137017.jpg
https://gss3.bdstatic.com/7Po3dSag_xI4khGkpoWK1HF6hhy/baike/c0%3Dbaike80%2C5%2C5%2C80%2C26/sign=5fb3c5ac9f3df8dcb23087c3ac7819ee/8b13632762d0f703bef35e8708fa513d2697c52c.jpg
https://gss1.bdstatic.com/9vo3dSag_xI4khGkpoWK1HF6hhy/baike/c0%3Dbaike80%2C5%2C5%2C80%2C26/sign=f05ad8fc59ee3d6d36cb8f99227f0647/35a85edf8db1cb13e833f748dd54564e92584b17.jpg
https://gss3.bdstatic.com/-Po3dSag_xI4khGkpoWK1HF6hhy/baike/c0%3Dbaike80%2C5%2C5%2C80%2C26/sign=fa89c30655fbb2fb202650402e234bc1/8cb1cb13495409237e33a8259258d109b3de4917.jpg
https://gss1.bdstatic.com/9vo3dSag_xI4khGkpoWK1HF6hhy/baike/c0%3Dbaike92%2C5%2C5%2C92%2C30/sign=ab3928e3d43f8794c7f2407cb3726591/3c6d55fbb2fb4316545eb12120a4462309f7d32c.jpg
https://gss1.bdstatic.com/-vo3dSag_xI4khGkpoWK1HF6hhy/baike/c0%3Dbaike116%2C5%2C5%2C116%2C38/sign=85e5576a4c086e067ea5371963611091/6c224f4a20a44623348b6e399822720e0cf3d72c.jpg
https://gss2.bdstatic.com/-fo3dSag_xI4khGkpoWK1HF6hhy/baike/c0%3Dbaike92%2C5%2C5%2C92%2C30/sign=43622c700ef41bd5ce5ee0a630b3eaae/4e4a20a4462309f7ae2e6649720e0cf3d7cad62c.jpg
https://gss1.bdstatic.com/9vo3dSag_xI4khGkpoWK1HF6hhy/baike/c0%3Dbaike180%2C5%2C5%2C180%2C60/sign=df53f96328381f308a1485fbc868276d/08f790529822720e4d8f29a17bcb0a46f21fab2c.jpg
https://gss2.bdstatic.com/-fo3dSag_xI4khGkpoWK1HF6hhy/baike/c0%3Dbaike180%2C5%2C5%2C180%2C60/sign=0a7f6c2ed688d43fe4a499a01c77b97e/a50f4bfbfbedab64f533869bf736afc379311e2c.jpg
https://gss0.bdstatic.com/94o3dSag_xI4khGkpoWK1HF6hhy/baike/c0%3Dbaike180%2C5%2C5%2C180%2C60/sign=c9e75e8708fa513d45a7648c5c043e9e/2934349b033b5bb59182eba536d3d539b600bc10.jpg
https://gss0.bdstatic.com/-4o3dSag_xI4khGkpoWK1HF6hhy/baike/c0%3Dbaike92%2C5%2C5%2C92%2C30/sign=06c75a644bfbfbedc8543e2d19999c53/c8ea15ce36d3d539ea68c4983a87e950352ab010.jpg
https://gss2.bdstatic.com/9fo3dSag_xI4khGkpoWK1HF6hhy/baike/c0%3Dbaike92%2C5%2C5%2C92%2C30/sign=676a0391af51f3ded7bfb136f5879b7a/024f78f0f736afc3834df43eb319ebc4b745122c.jpg
https://gss3.bdstatic.com/-Po3dSag_xI4khGkpoWK1HF6hhy/baike/c0%3Dbaike116%2C5%2C5%2C116%2C38/sign=c2a748965266d0166a14967af642bf62/79f0f736afc37931f1294d72ebc4b74543a9112c.jpg
https://gss0.bdstatic.com/94o3dSag_xI4khGkpoWK1HF6hhy/baike/c0%3Dbaike92%2C5%2C5%2C92%2C30/sign=cb0cfd2478f0f736ccf344536b3cd87c/b7003af33a87e9505542383710385343fbf2b410.jpg
https://gss1.bdstatic.com/-vo3dSag_xI4khGkpoWK1HF6hhy/baike/c0%3Dbaike80%2C5%2C5%2C80%2C26/sign=6627869bf736afc31a013737d27080a1/c75c10385343fbf2d7796d78b07eca8065388f10.jpg
https://gss1.bdstatic.com/-vo3dSag_xI4khGkpoWK1HF6hhy/baike/c0%3Dbaike116%2C5%2C5%2C116%2C38/sign=7ef4603a0fb30f242197e451a9fcba26/cefc1e178a82b9014fed0868738da9773912ef2d.jpg

https://gss3.bdstatic.com/7Po3dSag_xI4khGkpoWK1HF6hhy/baike/c0%3Dbaike116%2C5%2C5%2C116%2C38/sign=bc624aaa8701a18be4e61a1dff466c6d/f603918fa0ec08fa668bdf2159ee3d6d54fbdaa9.jpg
https://gss1.bdstatic.com/-vo3dSag_xI4khGkpoWK1HF6hhy/baike/c0%3Dbaike150%2C5%2C5%2C150%2C50/sign=ee5055192edda3cc1fe9b07260805264/5d6034a85edf8db16e75b0e20923dd54574e74d9.jpg
https://gss1.bdstatic.com/9vo3dSag_xI4khGkpoWK1HF6hhy/baike/c0%3Dbaike150%2C5%2C5%2C150%2C50/sign=818eaaf5fbf2b211f0238d1cabe90e5d/8435e5dde71190efe7705e59ce1b9d16fcfa60a9.jpg
https://gss2.bdstatic.com/9fo3dSag_xI4khGkpoWK1HF6hhy/baike/c0%3Dbaike150%2C5%2C5%2C150%2C50/sign=9d98408e9b504fc2b652b85784b48c74/d058ccbf6c81800aab6e4588b13533fa838b47a9.jpg
https://gss2.bdstatic.com/9fo3dSag_xI4khGkpoWK1HF6hhy/baike/c0%3Dbaike150%2C5%2C5%2C150%2C50/sign=b63779bc19d8bc3ed2050e98e3e2cd7b/8694a4c27d1ed21bd442e263ad6eddc450da3fa9.jpg

https://gss1.bdstatic.com/9vo3dSag_xI4khGkpoWK1HF6hhy/baike/c0%3Dbaike92%2C5%2C5%2C92%2C30/sign=74bc2a7c03087bf469e15fbb93ba3c49/8435e5dde71190ef1fef87e8cf1b9d16fdfa60f4.jpg
https://gss1.bdstatic.com/-vo3dSag_xI4khGkpoWK1HF6hhy/baike/c0%3Dbaike92%2C5%2C5%2C92%2C30/sign=ce56e5fafd039245b5b8e95de6fdcfa7/503d269759ee3d6d586394fc42166d224f4ade5b.jpg
https://gss3.bdstatic.com/7Po3dSag_xI4khGkpoWK1HF6hhy/baike/c0%3Dbaike92%2C5%2C5%2C92%2C30/sign=867b0738b90e7bec37d70bb34e47d25d/e7cd7b899e510fb3b05e64a0d833c895d1430c45.jpg
https://gss2.bdstatic.com/-fo3dSag_xI4khGkpoWK1HF6hhy/baike/c0%3Dbaike92%2C5%2C5%2C92%2C30/sign=ffdb8b4cd01373f0e13267cdc566209e/d52a2834349b033b752defed14ce36d3d539bd5b.jpg
https://gss3.bdstatic.com/-Po3dSag_xI4khGkpoWK1HF6hhy/baike/c0%3Dbaike92%2C5%2C5%2C92%2C30/sign=3b84bf22bd315c60579863bdecd8a076/8326cffc1e178a82627b6c97f703738da977e846.jpg
https://gss2.bdstatic.com/-fo3dSag_xI4khGkpoWK1HF6hhy/baike/c0%3Dbaike92%2C5%2C5%2C92%2C30/sign=ff996c97f703738dca470470d272db34/902397dda144ad341f1a94b0d1a20cf431ad855b.jpg
https://gss2.bdstatic.com/9fo3dSag_xI4khGkpoWK1HF6hhy/baike/c0%3Dbaike92%2C5%2C5%2C92%2C30/sign=df65b3cdd0c8a786aa27425c0660a258/4d086e061d950a7bf8725df30bd162d9f2d3c946.jpg
https://gss3.bdstatic.com/-Po3dSag_xI4khGkpoWK1HF6hhy/baike/c0%3Dbaike92%2C5%2C5%2C92%2C30/sign=38bcb93af9dcd100d991f07313e22c75/562c11dfa9ec8a13605c44d7f603918fa0ecc046.jpg
https://gss3.bdstatic.com/7Po3dSag_xI4khGkpoWK1HF6hhy/baike/c0%3Dbaike92%2C5%2C5%2C92%2C30/sign=f378b442d788d43fe4a499a01c77b97e/58ee3d6d55fbb2fb4c6d4b254e4a20a44623dc46.jpg
https://gss3.bdstatic.com/-Po3dSag_xI4khGkpoWK1HF6hhy/baike/c0%3Dbaike92%2C5%2C5%2C92%2C30/sign=16ba694d21a446236ac7ad30f94b196b/ca1349540923dd542dd6b45fd009b3de9c82485b.jpg
https://gss1.bdstatic.com/-vo3dSag_xI4khGkpoWK1HF6hhy/baike/c0%3Dbaike92%2C5%2C5%2C92%2C30/sign=e5eef744ac4bd11310c0bf603bc6cf6a/242dd42a2834349b2e407db2c8ea15ce36d3be46.jpg
https://gss0.bdstatic.com/94o3dSag_xI4khGkpoWK1HF6hhy/baike/c0%3Dbaike92%2C5%2C5%2C92%2C30/sign=3b345ef7f636afc31a013737d27080a1/3bf33a87e950352afe27363f5243fbf2b2118b46.jpg
https://gss3.bdstatic.com/7Po3dSag_xI4khGkpoWK1HF6hhy/baike/c0%3Dbaike92%2C5%2C5%2C92%2C30/sign=0debd004728da9775a228e79d138937c/96dda144ad345982f5ccf6a50df431adcbef8446.jpg
https://gss2.bdstatic.com/-fo3dSag_xI4khGkpoWK1HF6hhy/baike/c0%3Dbaike92%2C5%2C5%2C92%2C30/sign=d17a878c86d6277ffd1f3a6a49517455/8c1001e93901213fee755deb55e736d12f2e9546.jpg
https://gss2.bdstatic.com/9fo3dSag_xI4khGkpoWK1HF6hhy/baike/c0%3Dbaike92%2C5%2C5%2C92%2C30/sign=944585cb7dd98d1062d904634056d36b/0824ab18972bd4078f62c0ca7a899e510fb3095b.jpg
https://gss3.bdstatic.com/7Po3dSag_xI4khGkpoWK1HF6hhy/baike/c0%3Dbaike92%2C5%2C5%2C92%2C30/sign=5cc869c5d462853586edda73f1861da3/d043ad4bd11373f0459a7ca8a50f4bfbfbed045b.jpg
https://gss0.bdstatic.com/-4o3dSag_xI4khGkpoWK1HF6hhy/baike/c0%3Dbaike92%2C5%2C5%2C92%2C30/sign=53b15dcc0b46f21fdd395601974d0005/d058ccbf6c81800a9da39a39b03533fa828b4746.jpg
https://gss2.bdstatic.com/-fo3dSag_xI4khGkpoWK1HF6hhy/baike/c0%3Dbaike92%2C5%2C5%2C92%2C30/sign=65833c4b500fd9f9b41a5d3b4444bf4f/a9d3fd1f4134970abe35031894cad1c8a7865d46.jpg
https://gss0.bdstatic.com/-4o3dSag_xI4khGkpoWK1HF6hhy/baike/c0%3Dbaike92%2C5%2C5%2C92%2C30/sign=52868ed4fc1f4134f43a0d2c4476feaf/060828381f30e9244c018f064d086e061d95f764.jpg
https://gss3.bdstatic.com/7Po3dSag_xI4khGkpoWK1HF6hhy/baike/c0%3Dbaike92%2C5%2C5%2C92%2C30/sign=0e3f8b335882b2b7b392319650c4a08a/d31b0ef41bd5ad6e72bf77dd80cb39dbb6fd3c46.jpg
https://gss3.bdstatic.com/7Po3dSag_xI4khGkpoWK1HF6hhy/baike/c0%3Dbaike92%2C5%2C5%2C92%2C30/sign=4dfff6110824ab18f41be96554938da8/0b46f21fbe096b63e9bd4d670d338744ebf8ac64.jpg
https://gss2.bdstatic.com/9fo3dSag_xI4khGkpoWK1HF6hhy/baike/c0%3Dbaike92%2C5%2C5%2C92%2C30/sign=b09b7ca8a50f4bfb98dd960662261395/5ab5c9ea15ce36d3e7a090073bf33a87e950b164.jpg
https://gss3.bdstatic.com/-Po3dSag_xI4khGkpoWK1HF6hhy/baike/c0%3Dbaike92%2C5%2C5%2C92%2C30/sign=8c6538108b82b90129a0cb6112e4c212/cb8065380cd79123d4448743ac345982b2b78064.jpg
https://gss3.bdstatic.com/-Po3dSag_xI4khGkpoWK1HF6hhy/baike/c0%3Dbaike92%2C5%2C5%2C92%2C30/sign=38bbb93af9dcd100d991f07313e22c75/562c11dfa9ec8a13605b44d7f603918fa0ecc047.jpg
https://gss0.bdstatic.com/-4o3dSag_xI4khGkpoWK1HF6hhy/baike/c0%3Dbaike92%2C5%2C5%2C92%2C30/sign=6ee2240f7af40ad101e9cfb136457aba/e4dde71190ef76c6c376e81c9c16fdfaaf516764.jpg
https://gss3.bdstatic.com/-Po3dSag_xI4khGkpoWK1HF6hhy/baike/c0%3Dbaike92%2C5%2C5%2C92%2C30/sign=16bb694d21a446236ac7ad30f94b196b/ca1349540923dd542dd7b45fd009b3de9c824864.jpg
https://gss3.bdstatic.com/-Po3dSag_xI4khGkpoWK1HF6hhy/baike/c0%3Dbaike92%2C5%2C5%2C92%2C30/sign=69d382084afbfbedc8543e2d19999c53/c8ea15ce36d3d539857c1cf43b87e950352ab047.jpg
https://gss2.bdstatic.com/9fo3dSag_xI4khGkpoWK1HF6hhy/baike/c0%3Dbaike92%2C5%2C5%2C92%2C30/sign=45b3465e242dd42a4b0409f9625230d0/314e251f95cad1c8351fef107e3e6709c93d5164.jpg
https://gss1.bdstatic.com/-vo3dSag_xI4khGkpoWK1HF6hhy/baike/c0%3Dbaike92%2C5%2C5%2C92%2C30/sign=f6daddf5b3119313d34ef7e2045167b2/c9fcc3cec3fdfc0337dcf08fd53f8794a4c22664.jpg
https://gss2.bdstatic.com/-fo3dSag_xI4khGkpoWK1HF6hhy/baike/c0%3Dbaike92%2C5%2C5%2C92%2C30/sign=7d76500e4a36acaf4ded9eae1db0e675/38dbb6fd5266d016bfbd8d1f962bd40735fa3564.jpg
