
http://a4.att.hudong.com/35/50/01300543066068144612500889033_s.jpg	http://www.baike.com/wiki/%E9%93%81%E5%85%B0
http://a2.att.hudong.com/68/21/01300000633919127952212433640_s.jpg	http://www.baike.com/wiki/%E9%93%81%E5%85%B0
http://www.yuhuagu.com/uploads/allimg/120310/1_120310065306_1.jpg	http://www.yuhuagu.com/caoben/2012/0310/2470.html
http://pic15.nipic.com/20110629/4224370_192700474101_2.jpg	http://www.nipic.com/show/1/44/4776753k4856d448.html
http://www.baihuamen.com/d/file/2014/05-13/6d34a0f98a06efa16c3a5d5113e066f1.jpg	http://www.baihuamen.com/tielan/
http://pic13.nipic.com/20110325/4224370_090553244188_2.jpg	http://www.nipic.com/show/1/44/4383629k3bb264a3.html
http://www.yuhuagu.com/uploads/allimg/150914/43_150914072907_1.jpg	http://www.yuhuagu.com/jiating/2015/0914/12495.html
http://pic34.nipic.com/20131104/13264764_101429284142_2.jpg	http://www.nipic.com/show/9143412.html
http://wap.yunmencraft.com/Upload/2015/1130/20151129133924ypei.jpg	http://wap.yunmencraft.com/index.php/wap/zifengli/1320.html
http://www.huaniaotu.com/images/zhiwu/tielan/0875760001475280309.jpg	http://www.huaniaotu.com/zhiwu/tielan.html
http://pic18.nipic.com/20111203/4224370_200011783000_2.jpg	http://www.nipic.com/show/1/44/5447775k5c67251e.html
http://img.boqiicdn.com/Data/BK/A/1508/20/imagick54431440054617_y.jpg	http://m.boqii.com/entry/detail/1964.html
http://nhjy.hzau.edu.cn/kech/hhx/piclib/upload/200571919372341029.jpg	http://nhjy.hzau.edu.cn/kech/hhx/piclib/display.asp?id=249
http://pic18.nipic.com/20111223/7960243_124932485115_2.jpg	http://www.nipic.com/show/1/44/5540426k021621b6.html
http://img4.ph.126.net/-lVgx7FpyqyAruYLfF0hig==/6597556850307728344.jpg	http://myn0471.blog.163.com/blog/static/383353372012103064916617
http://www.baihuamen.com/d/file/2014/05-13/bbad6e5159c99aa247bf0095388ee3ab.jpg	http://www.baihuamen.com/tielan/
http://pic34.nipic.com/20131104/13264764_094836744111_2.jpg	http://www.nipic.com/show/9143513.html
https://simg314.magcasa.com/content_images/2016/05/05/312889/1462463745_7466.jpg	https://www.gigcasa.com/cn/articles/312889
http://1824.img.pp.sohu.com.cn/images/blog/2010/1/4/16/24/126a898eeceg215.jpg	http://huaweng-0354.blog.sohu.com/141319457.html
http://doc.qkzz.net/images/m/hmpjhhyy/317354-1.jpg	http://doc.qkzz.net/article/eb5a8684-4107-44b0-a72f-8f855ff30040.htm
http://1854.img.pp.sohu.com.cn/images/blog/2010/1/4/16/27/126a89bde98g213.jpg	http://huaweng-0354.blog.sohu.com/141319457.html
https://thumbs.dreamstime.com/z/%E6%9C%89%E9%87%8C%E9%9D%A2%E9%93%81%E5%85%B0%E7%9A%84%E7%AE%80%E5%8D%95%E7%9A%84%E5%9E%82%E6%82%AC%E7%9A%84-%E7%92%83%E5%AE%B9%E5%99%A8-30150603.jpg	https://cn.dreamstime.com/%E5%BA%93%E5%AD%98%E7%85%A7%E7%89%87-%E5%8E%8B%E7%BC%A9%E7%A9%BA%E6%B0%94%E8%A3%85%E7%BD%AE%E9%93%81%E5%85%B0-image50148570
http://a3.att.hudong.com/42/96/20300000164151143350963381720_s.jpg	http://www.baike.com/wiki/%E9%93%81%E5%85%B0
http://img0.114pifa.com/g/img/ibank/2012/819/820/530028918_1478164319.jpg	http://www.114pifa.com/p5590/6329254.html
http://www.21miaomu.com/file/upload/201506/19/22-04-25-25-1.jpg	http://www.21miaomu.com/news/caobenhuahui/2015/06/6797.html
http://tu.zwy8.com/120512/200961815495038863.jpg	http://www.zwy8.com/a/fenglikezhiwu/66883.html
https://thumbs.dreamstime.com/z/%E5%BC%80%E8%8A%B1%E6%A4%8D%E7%89%A9%EF%BC%9A%E5%AF%84%E7%94%9F%E8%97%A4-%E9%93%81%E5%85%B0usneoides-59150513.jpg	https://cn.dreamstime.com/%E5%BA%93%E5%AD%98%E7%85%A7%E7%89%87-%E5%BC%80%E8%8A%B1%E6%A4%8D%E7%89%A9%EF%BC%9A%E5%AF%84%E7%94%9F%E8%97%A4-%E9%93%81%E5%85%B0usneoides-image59150513
http://www.cnhua.net/uploads/allimg/100208/1_100208231303_1.jpg	http://www.cnhua.net/zhiwu/fenglike/xiaojinglingtielan/7757.html
https://cbu01.alicdn.com/img/ibank/2017/416/233/4210332614_220144737.220x220.jpg	http://www.1688.com/chanpin/-BFD5C6F8CCFAC0BC.html
https://gss1.bdstatic.com/-vo3dSag_xI4khGkpoWK1HF6hhy/baike/s%3D220/sign=ba0831c435fae6cd08b4ac633fb20f9e/4bed2e738bd4b31caa22444887d6277f9e2ff823.jpg	https://baike.baidu.com/item/%E7%A9%BA%E6%B0%94%E9%93%81%E5%85%B0
http://wap.yunmencraft.com/Upload/2015/1130/20151129133924skiI.jpg	http://wap.yunmencraft.com/index.php/wap/zifengli/1320.html
http://image97.360doc.com/DownloadImg/2016/05/2000/72188592_3	http://www.360doc.com/content/16/0520/00/33497022_560582460.shtml
http://xahhw.com/Files/201202/20120222091727765.jpg	http://blog.sina.com.cn/s/blog_964bfe6201011zka.html
http://www.weisanli.com/images/pineapple/upfile/1203524757.jpg	http://www.weisanli.com/pineapple/1570/tillandsia-wilda
http://www.yuhuagu.com/uploads/allimg/131203/10_131203213653_1.JPG	http://www.yuhuagu.com/hhly/2013/1203/9862.html
https://scontent-dft4-2.cdninstagram.com/t51.2885-15/e15/928678_358260474368491_1262037087_n.jpg	http://www.instawebgram.com/tags/%E7%A9%BA%E6%B0%94%E9%93%81%E5%85%B0
https://www.huabaike.com/uploads/allimg/sltimg/201610/bp_57ff4b9057e7c.jpg	https://www.huabaike.com/cbzw/6930.html
https://www.huabaike.com/uploads/allimg/sltimg/201701/58870a0f886ee.jpg	https://www.huabaike.com/yhjq/6960.html
https://www.huabaike.com/uploads/allimg/artimg/201610/20161013162520_97110.jpg	https://www.huabaike.com/jtyh/5325.html
https://cbu01.alicdn.com/img/ibank/2015/844/720/2399027448_1308173115.jpg	http://www.1688.com/chanpin/-BFD5C6F8CCFAC0BC.html
https://cbu01.alicdn.com/img/ibank/2015/424/361/2269163424_843032287.220x220.jpg	http://www.1688.com/jiage/-CCFAC0BC.html
http://img.boqiicdn.com/Data/BK/A/1508/20/imagick56411440053511_y.png	http://m.boqii.com/entry/detail/1964.html
https://www.huabaike.com/uploads/allimg/sltimg/201702/5892b1baf3416.jpg	https://www.huabaike.com/yhjq/6960.html
http://a1.att.hudong.com/14/30/300000764046131415308359403_s.jpg	http://www.baike.com/wiki/%E9%93%81%E5%85%B0
https://www.huabaike.com/uploads/allimg/artimg/201610/20161013162627_73454.jpg	https://www.huabaike.com/jtyh/5325.html
http://www.huaniaotu.com/images/zhiwu/tielan/0883204001475280312.jpg	http://www.huaniaotu.com/zhiwu/tielan.html
http://www.yizhy.com.cn/%E7%A9%BA%E5%87%A4/%E6%B5%B7%E8%83%86%E9%93%81%E5%85%B0-%EF%BF%A565.JPG	http://www.yizhy.com.cn/%E7%A9%BA%E5%87%A4/default.asp?page=3
http://www.chinagreenhouse.com/product/UploadFile/20099917111362217.jpg	http://www.chinagreenhouse.com/product/product.asp?ID=212
https://thumbs.dreamstime.com/z/%E9%93%81%E5%85%B0%E7%AF%AE%E5%AD%90%E7%9A%84-%E5%88%97-%E5%8E%8B%E7%BC%A9%E7%A9%BA%E6%B0%94%E8%A3%85%E7%BD%AE-67042073.jpg	https://cn.dreamstime.com/%E5%BA%93%E5%AD%98%E7%85%A7%E7%89%87-%E9%93%81%E5%85%B0%E7%AF%AE%E5%AD%90%E7%9A%84-%E5%88%97-%E5%8E%8B%E7%BC%A9%E7%A9%BA%E6%B0%94%E8%A3%85%E7%BD%AE-image67042073
http://www.3456.tv/images/prosmall/2011/8-22/2011822172121890.gif	http://www.3456.tv/chanpin/320945.html
https://www.huabaike.com/uploads/allimg/artimg/201610/20161013162705_26111.jpg	https://www.huabaike.com/jtyh/5325.html
https://thumbs.dreamstime.com/z/%E5%BC%80%E8%8A%B1%E7%9A%84%E9%93%81%E5%85%B0ionantha-26550693.jpg	https://cn.dreamstime.com/%E5%BA%93%E5%AD%98%E7%85%A7%E7%89%87-%E5%BC%80%E8%8A%B1%E7%9A%84%E9%93%81%E5%85%B0ionantha-image26550693
http://www.yuhuagu.com/uploads/allimg/150914/43_150914080712_1.jpg	http://www.yuhuagu.com/changshi/2015/0914/12496.html
http://www.baihuamen.com/d/file/2014/05-13/f3d80fb08350506e5fbe679fe6555eaa.jpg	http://www.baihuamen.com/tielan/
https://thumbs.dreamstime.com/b/%E9%93%81%E5%85%B0%E6%A4%8D%E7%89%A9-57561657.jpg	https://cn.dreamstime.com/%E5%BA%93%E5%AD%98%E7%85%A7%E7%89%87-%E9%93%81%E5%85%B0%E6%A4%8D%E7%89%A9-image57561657
http://img2.ph.126.net/6IWVI4BmSdjVo2_YY6aARw==/6597655806355337516.jpg	http://yangli.1946.blog.163.com/blog/static/7307975620133173405204
https://thumbs.dreamstime.com/b/%E5%B2%A9%E7%9F%B3%E7%9A%84%E9%93%81%E5%85%B0%E6%A4%8D%E7%89%A9%E4%B8%8E%E6%9C%A8-30655285.jpg	https://cn.dreamstime.com/%E5%85%8D%E7%89%88%E7%A8%8E%E5%BA%93%E5%AD%98%E7%85%A7%E7%89%87-%E5%B2%A9%E7%9F%B3%E7%9A%84%E9%93%81%E5%85%B0%E6%A4%8D%E7%89%A9%E4%B8%8E%E6%9C%A8-image30655285
http://g-search3.alicdn.com/bao/uploaded/i4/1627822782/TB2xN0zoFXXXXbqXpXXXXXXXXXX_!!1627822782.jpg_210x210.jpg	http://www.86daigou.com/list/kong-qi-feng-li-tie-lan
http://t11.baidu.com/it/u=2534834717,568944319&fm=72	http://www.wed114.cn/jiehun/zhiwu/20140626125399.html
http://www.baihuamen.com/d/file/2014/05-13/71d016d3b2e3aa97924d9c0e54eb8a80.jpg	http://www.baihuamen.com/tielan/
http://www.huaniaotu.com/images/zhiwu/tielan/0327760001475280311.jpg	http://www.huaniaotu.com/zhiwu/tielan.html
http://www.baihuamen.com/d/file/2014/05-13/414452006f6ed00e502d35e2c1cefd42.jpg	http://www.baihuamen.com/tielan/
http://corp.dnc.cn/com/tianlihe/small/cp_cn_39983.jpg	http://www.dianliwenmi.com/postimg_12379413.html
http://www.qzhdl.com/images/upload/Image/%E9%93%81%E5%85%B0%E2%80%94%E2%80%94%E5%85%BB%E6%8A%A4.png	http://www.qzhdl.com/mobile/goods.php?id=81
http://s16.sinaimg.cn/mw690/002tCaGXzy6McpLsYmr4f&690	http://blog.sina.com.cn/s/blog_874b92ef0102v1so.html
https://gss0.bdstatic.com/94o3dSag_xI4khGkpoWK1HF6hhy/baike/s%3D220/sign=0699fd55037b020808c938e352d8f25f/d8f9d72a6059252dbcb5c8f43d9b033b5ab5b9a4.jpg	https://baike.baidu.com/item/%E6%9D%BE%E8%90%9D%E9%93%81%E5%85%B0
https://thumbs.dreamstime.com/z/%E9%93%81%E5%85%B0%E7%AF%AE%E5%AD%90%E7%9A%84-%E5%88%97-%E5%8E%8B%E7%BC%A9%E7%A9%BA%E6%B0%94%E8%A3%85%E7%BD%AE-67042051.jpg	https://cn.dreamstime.com/%E5%BA%93%E5%AD%98%E7%85%A7%E7%89%87-%E9%93%81%E5%85%B0%E7%AF%AE%E5%AD%90%E7%9A%84-%E5%88%97-%E5%8E%8B%E7%BC%A9%E7%A9%BA%E6%B0%94%E8%A3%85%E7%BD%AE-image67042051
https://cbu01.alicdn.com/img/ibank/2015/930/925/2332529039_1468596638.220x220.jpg	http://www.1688.com/chanpin/-BFD5C6F8CCFAC0BC.html
https://cbu01.alicdn.com/img/ibank/2015/934/424/2495424439_1062265429.220x220.jpg	http://www.1688.com/jiage/-BFD5C6F8B7EFC0E6CCFAC0BC.html
https://thumbs.dreamstime.com/z/%E9%93%81%E5%85%B0usneoides%E5%9B%AD%E6%9E%97%E6%A4%8D%E7%89%A9%E6%88%96%E5%AF%84%E7%94%9F%E8%97%A4-74734948.jpg	https://cn.dreamstime.com/%E5%BA%93%E5%AD%98%E7%85%A7%E7%89%87-%E9%93%81%E5%85%B0usneoides%E5%9B%AD%E6%9E%97%E6%A4%8D%E7%89%A9%E6%88%96%E5%AF%84%E7%94%9F%E8%97%A4-image74734948
https://thumbs.dreamstime.com/z/%E5%AF%84%E7%94%9F%E8%97%A4%E8%83%8C%E6%99%AF-%E9%93%81%E5%85%B0usneoides-69659950.jpg	https://cn.dreamstime.com/%E5%BA%93%E5%AD%98%E7%85%A7%E7%89%87-%E5%AF%84%E7%94%9F%E8%97%A4%E8%83%8C%E6%99%AF-%E9%93%81%E5%85%B0usneoides-image69659950
http://www.fei123.com/upload/2015/07/29/fec2b3e5-b138-4936-9e4e-1c6d49761156.jpg	http://www.fei123.com/400000/399050.shtml
http://www.qzhdl.com/images/upload/Image/%E9%93%81%E5%85%B0-%E8%97%A4%E7%BC%96_r6_c1.jpg	http://www.qzhdl.com/mobile/goods.php?id=81
https://cbu01.alicdn.com/img/ibank/2016/748/565/3529565847_1781954010.220x220.jpg	http://www.1688.com/jiage/-CCFAC0BC.html
http://www.pjcn.org/uploads/allimg/1605/1-160526224502610.jpg	http://www.pjcn.org/gl/1822/
https://thumbs.dreamstime.com/z/%E5%9C%A8%E6%9D%BE%E6%9C%A8%E8%83%8C%E6%99%AF%E7%9A%84%E9%93%81%E5%85%B0-67928665.jpg	https://cn.dreamstime.com/%E5%BA%93%E5%AD%98%E7%85%A7%E7%89%87-%E5%9C%A8%E6%9D%BE%E6%9C%A8%E8%83%8C%E6%99%AF%E7%9A%84%E9%93%81%E5%85%B0-image67928665
http://www.qzhdl.com/images/upload/Image/%E9%93%81%E5%85%B0-%E8%97%A4%E7%BC%96_r9_c1.jpg	http://www.qzhdl.com/mobile/goods.php?id=81
https://gw.alicdn.com/bao/uploaded/i2/1627822782/TB2bla7mXXXXXbwXpXXXXXXXXXX_!!1627822782.jpg_230x230.jpg	https://www.taobao.com/oshtml/buy-cn/cp_v9XG-LfvwObM-sC8.html
http://www.qzhdl.com/images/upload/Image/%E9%93%81%E5%85%B0-%E8%97%A4%E7%BC%96_r11_c1.jpg	http://www.qzhdl.com/mobile/goods.php?id=81
http://www.wed114.cn/jiehun/uploads/allimg/c170310/14Y1100335Z10-12T36.jpg	http://www.wed114.cn/jiehun/z99506.html
http://a0.att.hudong.com/14/22/20200000013920144732228698618_s.jpg	http://www.baike.com/wiki/%E6%9D%BE%E8%90%9D%E9%93%81%E5%85%B0
http://img4.114pifa.com/5584/K5a1jNTvI_1412044060.jpg	http://www.114pifa.com/tagsc/%CC%FA%C0%BC%C5%E8%D4%D4
https://thumbs.dreamstime.com/z/%E5%BC%80%E8%8A%B1%E7%9A%84%E9%93%81%E5%85%B0ionantha%E5%9E%82%E6%82%AC-60372863.jpg	https://cn.dreamstime.com/%E5%85%8D%E7%89%88%E7%A8%8E%E5%9B%BE%E5%BA%93%E6%91%84%E5%BD%B1-%E5%BC%80%E8%8A%B1%E7%9A%84%E9%93%81%E5%85%B0ionantha-image26550867
https://thumbs.dreamstime.com/z/%E5%8E%8B%E7%BC%A9%E7%A9%BA%E6%B0%94%E8%A3%85%E7%BD%AE%E9%93%81%E5%85%B0%E8%A2%AB%E9%9A%94-%E7%9A%84%E7%99%BD%E8%89%B2%E8%83%8C%E6%99%AF-65888868.jpg	https://cn.dreamstime.com/%E5%BA%93%E5%AD%98%E7%85%A7%E7%89%87-%E5%8E%8B%E7%BC%A9%E7%A9%BA%E6%B0%94%E8%A3%85%E7%BD%AE%E9%93%81%E5%85%B0%E8%A2%AB%E9%9A%94-%E7%9A%84%E7%99%BD%E8%89%B2%E8%83%8C%E6%99%AF-image65888859
https://thumbs.dreamstime.com/z/%E5%AF%84%E7%94%9F%E8%97%A4%E6%88%96%E9%93%81%E5%85%B0%E8%83%8C%E6%99%AF%E7%9A%84usneoides%E6%A4%8D%E7%89%A9-66703338.jpg	https://cn.dreamstime.com/%E5%BA%93%E5%AD%98%E7%85%A7%E7%89%87-%E5%AF%84%E7%94%9F%E8%97%A4%E6%88%96%E9%93%81%E5%85%B0%E8%83%8C%E6%99%AF%E7%9A%84usneoides%E6%A4%8D%E7%89%A9-image66703338
https://thumbs.dreamstime.com/z/%E9%93%81%E5%85%B0-55031699.jpg	https://cn.dreamstime.com/%E5%BA%93%E5%AD%98%E7%85%A7%E7%89%87-%E9%93%81%E5%85%B0-image55031699
https://gw.alicdn.com/bao/uploaded/i2/1627822782/TB2vtl3oFXXXXXOXXXXXXXXXXXX_!!1627822782.jpg_230x230.jpg	https://www.taobao.com/oshtml/buy-cn/cp_v9XG-LfvwObM-sC8.html
http://tuku.wanjuhe.com/data/uploads/pic/201306/26/10/l_51ca58bb0ec65.jpg?v=0626	http://www.wanjuhe.com/detail_194780_2030.html
https://thumbs.dreamstime.com/z/%E9%93%81%E5%85%B0%E6%A4%8D%E7%89%A9-58903038.jpg	https://cn.dreamstime.com/%E5%BA%93%E5%AD%98%E7%85%A7%E7%89%87-%E9%93%81%E5%85%B0%E6%A4%8D%E7%89%A9-image58903038
https://thumbs.dreamstime.com/z/%E9%93%81%E5%85%B0%E6%A4%8D%E7%89%A9-54512584.jpg	https://cn.dreamstime.com/%E5%BA%93%E5%AD%98%E7%85%A7%E7%89%87-%E9%93%81%E5%85%B0%E6%A4%8D%E7%89%A9-image54512584
http://gmimg.geimian.com/pic/2016/05/2016-05-20_141817.jpg	https://www.geimian.com/wx/66419.html
http://scontent.cdninstagram.com/t51.2885-15/s320x320/sh0.08/e35/13183413_1738936999707937_746102539_n.jpg	http://www.pictaram.org/hashtag/%E9%93%81%E5%85%B0
https://thumbs.dreamstime.com/z/%E5%AE%A3%E6%89%AC%E6%A0%B9%E6%A4%8D%E7%89%A9%EF%BC%8C%E5%9C%A8%E7%99%BD%E8%89%B2%E8%83%8C%E6%99%AF%E7%9A%84%E9%93%81%E5%85%B0karwinskiana%EF%BC%8C-64712914.jpg	https://cn.dreamstime.com/%E5%BA%93%E5%AD%98%E7%85%A7%E7%89%87-%E5%AE%A3%E6%89%AC%E6%A0%B9%E6%A4%8D%E7%89%A9%EF%BC%8C%E5%9C%A8%E7%99%BD%E8%89%B2%E8%83%8C%E6%99%AF%E7%9A%84%E9%93%81%E5%85%B0karwinskiana%EF%BC%8C-image64712914
https://gss0.bdstatic.com/-4o3dSag_xI4khGkpoWK1HF6hhy/baike/w%3D400/sign=69ecb0dbfbdeb48ffb69a0dec01e3aef/94cad1c8a786c917eb287883c13d70cf3bc75764.jpg	https://baike.baidu.com/item/%E7%A9%BA%E6%B0%94%E9%93%81%E5%85%B0
https://thumbs.dreamstime.com/z/%E5%8E%8B%E7%BC%A9%E7%A9%BA%E6%B0%94%E8%A3%85%E7%BD%AE%E9%93%81%E5%85%B0%E8%A2%AB%E9%9A%94-%E7%9A%84%E7%99%BD%E8%89%B2%E8%83%8C%E6%99%AF-65888847.jpg	https://cn.dreamstime.com/%E5%BA%93%E5%AD%98%E7%85%A7%E7%89%87-%E5%8E%8B%E7%BC%A9%E7%A9%BA%E6%B0%94%E8%A3%85%E7%BD%AE%E9%93%81%E5%85%B0%E8%A2%AB%E9%9A%94-%E7%9A%84%E7%99%BD%E8%89%B2%E8%83%8C%E6%99%AF-image65888859
http://www.wed114.cn/jiehun/uploads/allimg/170117/42_170117115207_1.jpg	http://www.wed114.cn/jiehun/z99506.html
http://img14.3lian.com/201604/13/3fb41595bdf992c519b76e72c4d83211.jpg	http://www.3lian.com/zl/2016/04-13/1460518884433870.html
https://img.alicdn.com/bao/uploaded/i4/TB1F1tiPXXXXXc.XVXXXXXXXXXX_!!0-item_pic.jpg_b.jpg	https://www.tmall.com/mlist/cp_uujUy7WxzbfM-sC8.html
http://img3.114pifa.com/3469/4zSKhKUSp_1409955339.jpg	http://www.114pifa.com/tagsc/%CC%FA%C0%BC
http://www.yuhuagu.com/uploads/allimg/120310/1-120310064227.jpg	http://m.yuhuagu.com/tupian/hua/2012/0310/2469.html
