
http://www.cas.cn/kxcb/kpwz/201007/W020100716498808211677.jpg	http://www.cas.cn/kxcb/kpwz/201007/t20100716_2904324.shtml
http://img.xunhai.com/2015/11/26/144853445853421.jpg	http://www.xunhai.com/diaodengfusang/2015/1126/4549.html
http://www.baihuamen.com/d/file/2014/05-28/06a5d2cb58c009529d47a7bd6ae7884f.jpg	http://www.baihuamen.com/diaodengfusang/
http://s6.sinaimg.cn/middle/af8e2d264ca62eeabed65&690	http://blog.sina.com.cn/s/blog_4a5c59eb0102w3si.html
http://s6.sinaimg.cn/mw690/001mGOwnzy6NWFuEPSR95&690	http://blog.sina.com.cn/s/blog_4a97188f0102v89s.html
http://4.bp.blogspot.com/-EoaJU3B-UC8/VA24KPlodKI/AAAAAAAAjcw/nWZpz3Kuwy8/s1600/P1410702.JPG	http://purplewhee.blogspot.com/2012/09/blog-post_1.html
http://www.scib.ac.cn/lyfw/hx/201506/W020150625310471565181.jpg	http://www.scib.ac.cn/lyfw/hx/201506/t20150625_4379175.html
http://www.baihuamen.com/d/file/2014/05-28/f85367626a7b3d5666fac392815989f8.jpg	http://www.baihuamen.com/diaodengfusang/
https://www.huabaike.com/uploads/allimg/sltimg/201605/5730490c37c3a.jpg	https://www.huabaike.com/mbzw/3197.html
https://www.huabaike.com/uploads/allimg/artimg/201605/20160509162723_42972.jpg	https://www.huabaike.com/hyjk/3201.html
http://pic54.nipic.com/file/20141203/10703279_075418186000_2.jpg	http://www.nipic.com/show/11503738.html
http://img.xunhai.com/2015/11/26/144853445954768.jpg	http://www.xunhai.com/diaodengfusang/2015/1126/4549.html
http://img.pconline.com.cn/images/upload/upc/tx/photoblog/1412/01/c0/41493387_41493387_1417400112500_mthumb.jpg	http://dp.pconline.com.cn/photo/list_3451504.html
http://photo.yupoo.com/iris-feng/335214eda376/medish.jpg	http://www.yugudayu.yupoo.com/photos/iris-feng/albums/1575/page38/?style=story
http://www.baihuamen.com/d/file/2014/05-28/4a85b8f59acd88b03f4c78d2ed339c68.jpg	http://www.baihuamen.com/diaodengfusang/16873_6.html
https://www.huabaike.com/uploads/allimg/artimg/201612/20161214215910_24092.jpg	https://m.huabaike.com/yhjq/6295.html
https://gss2.bdstatic.com/9fo3dSag_xI4khGkpoWK1HF6hhy/baike/s%3D220/sign=85f959239816fdfadc6cc1ec848f8cea/c8177f3e6709c93d52d9acff9a3df8dcd100548a.jpg	https://baike.baidu.com/item/%E5%90%8A%E7%81%AF%E6%89%B6%E6%A1%91
http://pic1.huashichang.com/2016/0830/05/57c4b05b28fad.jpg	http://m.aihuhua.com/tupian/tupianqko.html
http://img.xunhai.com/2015/11/26/1448534460501.jpg	http://www.xunhai.com/diaodengfusang/2015/1126/4549.html
http://www.52yhua.com/uploads/allimg/170319/1-1F319215217.jpg	http://www.52yhua.com/mubentp/6736.html
http://www.52yhua.com/uploads/allimg/170319/1-1F319215218.jpg	http://www.52yhua.com/mubentp/6736.html
https://www.huabaike.com/uploads/allimg/sltimg/201612/58521bfb4ed0d.jpg	https://www.huabaike.com/mbzw/3197.html
http://pic1.win4000.com/pic/e/1d/b7301347529.jpg_195.jpg	http://www.win4000.com/meinv112964.html
http://img.boqiicdn.com/Data/BK/P/imagick24751452677992.jpg	http://www.boqii.com/entry/detail/2423.html
http://pic1.huashichang.com/2016/0830/05/57c4b05723269.jpg	http://m.aihuhua.com/tupian/tupianqkk.html
http://pic1.huashichang.com/2016/0830/05/57c4b05820ea2.jpg	http://m.aihuhua.com/tupian/tupianqkl.html
http://www.52yhua.com/uploads/allimg/170319/1-1F319215217-50.jpg	http://www.52yhua.com/mubentp/6736.html
http://www.52yhua.com/uploads/allimg/160711/1-160G1223A6.jpg	http://m.52yhua.com/mubentp/2902.html
http://61.155.168.28:8002/zw/upimg/pbi/2013102713248.jpg	http://61.155.168.28:8002/zw/BotanyShow.asp?id=173
http://www.baihuamen.com/d/file/2014/05-28/8bcca40ae71c168b90c7355e572f3413.jpg	http://www.baihuamen.com/diaodengfusang/
http://a2.att.hudong.com/73/72/01300543140711147806727786948_s.jpg	http://www.baike.com/wiki/%E5%90%8A%E7%81%AF%E6%89%B6%E6%A1%91
http://www.baihuamen.com/d/file/2014/05-28/3dc1a4d34402cef90041228c9a9389aa.jpg	http://www.baihuamen.com/diaodengfusang/16873_14.html
https://www.huabaike.com/uploads/allimg/sltimg/201605/573049beec7df.jpg	https://www.huabaike.com/mbzw/3197.html
http://img.boqiicdn.com/Data/BK/A/1601/13/imagick10111452652713_y.jpg	http://www.boqii.com/entry/detail/2423.html
http://www.baihuamen.com/d/file/2014/05-28/f2aba2bc4c8435272aa88546375010e1.jpg	http://www.baihuamen.com/diaodengfusang/16873_5.html
http://www.baihuamen.com/d/file/2014/05-28/53e9d67c3c242b48a59c6733ac1470f7.jpg	http://www.baihuamen.com/diaodengfusang/
https://gw.alicdn.com/bao/uploaded/i1/50631709/TB2Rc6BjOpnpuFjSZFIXXXh2VXa_!!50631709.jpg_230x230.jpg	https://www.taobao.com/article/F0AsDaABFlCaGwEz.html
https://www.huabaike.com/uploads/allimg/artimg/201612/20161214215923_33571.jpg	https://m.huabaike.com/yhjq/6295.html
https://b-ssl.duitang.com/uploads/item/201612/23/20161223143229_RXsLt.thumb.700_0.jpeg	https://www.duitang.com/blog/?id=766169899
https://www.huabaike.com/uploads/allimg/artimg/201605/20160509163927_52992.jpg	https://www.huabaike.com/yhjq/3205.html
http://img.boqiicdn.com/Data/BK/P/imagick45191452677901.jpg	http://www.boqii.com/entry/detail/2423.html
http://pic1.huashichang.com/2016/0830/05/57c4b052f22f7.jpg	http://www.aihuhua.com/tupian/tupianqkr.html
http://www.52yhua.com/uploads/allimg/160711/1-160G1223643.jpg	http://m.52yhua.com/mubentp/2902.html
http://pic1.huashichang.com/2016/0830/06/57c4b060ef417.jpg	http://m.aihuhua.com/tupian/tupianqkt.html
http://www.baihuamen.com/d/file/2014/05-28/6519d0d2a427d6d2157fe2e91bbdb5c3.jpg	http://www.baihuamen.com/diaodengfusang/16873_16.html
http://www.baihuamen.com/d/file/2014/05-28/55f90c595251630fda0232f717a0d23e.jpg	http://www.baihuamen.com/diaodengfusang/
http://www.scib.ac.cn/lyfw/hx/201506/W020150625310471550839.jpg	http://www.scib.ac.cn/lyfw/hx/201506/t20150625_4379175.html
http://jiemeng.daquan.la/images/jiemeng/jiemeng15251.jpg	http://jiemeng.daquan.la/bqxmamlqic.html
http://www.xxdao.com/upload/2017/05/17/e49a5ec40bdb6d17.jpg	http://www.xxdao.com/530000/528072.shtml
http://www.baihuamen.com/d/file/2014/05-28/706e7e294f5a25a31521c410cb8c649f.jpg	http://www.baihuamen.com/diaodengfusang/16873_11.html
http://s6.sinaimg.cn/mw690/001mGOwnzy6NWFv53O5d5&690	http://blog.sina.com.cn/s/blog_4a97188f0102v89s.html
https://gw.alicdn.com/bao/uploaded/i2/856378190/TB2YaXGqpXXXXaMXpXXXXXXXXXX_!!856378190.jpg_230x230.jpg	https://www.taobao.com/article/F0AsDaABFlCaGwEz.html
http://www.baihuamen.com/d/file/2014/05-28/b5a44f17446889cdb8920d48088a0453.jpg	http://www.baihuamen.com/diaodengfusang/16873_17.html
https://gw.alicdn.com/bao/uploaded/i4/T1Ek0QFBNgXXXXXXXX_!!0-item_pic.jpg_230x230.jpg	https://www.taobao.com/article/F0AsDaABFlCaGwEz.html
http://www.baihuamen.com/d/file/2014/05-28/6de1519075d557ec5126c1b4e8035735.jpg	http://www.baihuamen.com/diaodengfusang/16873_18.html
https://gss2.bdstatic.com/-fo3dSag_xI4khGkpoWK1HF6hhy/baike/w%3D400/sign=e9962d4548a7d933bfa8e5739d4bd194/4bed2e738bd4b31c612483ea8dd6277f9e2ff843.jpg	https://baike.baidu.com/item/%E5%90%8A%E7%81%AF%E6%89%B6%E6%A1%91
http://www.baihuamen.com/d/file/2014/05-28/7322c550d013591fbeb7ac08f1491f13.jpg	http://www.baihuamen.com/diaodengfusang/16873_19.html
http://ww3.sinaimg.cn/large/70addf91jw1e661dv793lj218g0xck4w.jpg	https://freeweibo.com/en/weibo/3595174368017210
http://www.baihuamen.com/d/file/2014/05-28/6e76ebb3b72f04dfdd59b8836036bf18.jpg	http://www.baihuamen.com/diaodengfusang/16873_13.html
http://www.baihuamen.com/d/file/2014/05-28/9e647c936d9c918b9467d8add14aed1d.jpg	http://www.baihuamen.com/diaodengfusang/16873_20.html
http://www.baihuamen.com/d/file/2014/05-28/7db7a1ee07cca6d79573197cf5458405.jpg	http://www.baihuamen.com/diaodengfusang/16873_15.html
http://www.baihuamen.com/d/file/2014/05-28/c843b00283fa25fb83acce83b8e77f8f.jpg	http://www.baihuamen.com/diaodengfusang/16873_4.html
http://img.boqiicdn.com/Data/BK/A/1601/13/imagick72051452654164_y.jpg	http://www.boqii.com/entry/detail/2423.html
http://image01.baihuaji.cn/01/58df5191050600424008c24049369be3e0a3.jpg	http://www.baihuaji.cn/article_781.html
https://t12.pimg.jp/005/178/962/1/5178962.jpg	https://cn.pixtastock.com/tags/%E5%90%8A%E7%81%AF%E6%89%B6%E6%A1%91
https://t14.pimg.jp/005/178/964/1/5178964.jpg	https://cn.pixtastock.com/tags/%E5%90%8A%E7%81%AF%E6%89%B6%E6%A1%91
http://www.38fan.com/uploads/allimg/170307/60_170307145551_1.png	http://www.38fan.com/zhiwu/20170307155760.html
http://farm9.staticflickr.com/8250/8464215525_df682d362a_z.jpg	http://www.smalloranges.net/2013/03/%E6%BB%87%E8%A1%8C%C2%B7%E8%8A%B1%E6%9C%A8%E6%B1%87%E2%80%94%E2%80%94%E7%89%88%E7%BA%B3%E8%8A%B1%E5%8D%89/
https://t13.pimg.jp/005/178/963/1/5178963.jpg	https://cn.pixtastock.com/tags/%E5%90%8A%E7%81%AF%E6%89%B6%E6%A1%91
https://www.huabaike.com/uploads/allimg/artimg/201612/20161215123008_93443.jpg	https://www.huabaike.com/jtyh/6304.html
http://2.bp.blogspot.com/-FfgtQOgvDgg/VA24F55hwYI/AAAAAAAAjcY/PU0cSK_aOec/s1600/P1410696.jpg	http://purplewhee.blogspot.com/2012/09/blog-post_1.html
http://pic1.win4000.com/pic/e/1d/b7301347521.jpg	http://www.palmedazur.com/meinv112964_3.html
https://www.huabaike.com/uploads/allimg/sltimg/201605/57304c8337261.jpg	https://www.huabaike.com/hyjk/3201.html
https://gw.alicdn.com/bao/uploaded/i2/1111846725/TB2t6lcoXXXXXbAXpXXXXXXXXXX_!!1111846725.jpg_230x230.jpg	https://www.taobao.com/article/F0AsDaABFlCaGwEz.html
http://img.aihuahui.com/d/2016/11/581992cb37dd8.jpg	http://m.aihuahui.com/aiguanmuhuahui/2010.html
http://img.jiuzheng.com/baike/s/57/48/574803d98f1e03f64c8b45ef.jpg	http://m.jiuzheng.com/baike-detail/id-63633
http://img.redocn.com/photo/20131114/Redocn_2013101721380830.jpg	http://m.redocn.com/dongwuzhiwu_2405588.html
https://www.huabaike.com/uploads/allimg/artimg/201605/20160509162450_81575.jpg	https://www.huabaike.com/jtyh/3199.html
https://b-ssl.duitang.com/uploads/item/201705/16/20170516100059_GUeur.jpeg	https://www.duitang.com/blog/?id=754058218
https://www.huabaike.com/uploads/huatuku/20160531/574ce829c9efa.jpg	https://www.huabaike.com/ghzw/191.html
http://z.xiziwang.net/uploads/allimg/141111/31_141111162034_1_lit.jpg	http://z.xiziwang.net/hua/16511/
https://www.huabaike.com/uploads/allimg/artimg/201605/20160509162743_52228.jpg	https://www.huabaike.com/hyjk/3201.html
http://www.38fan.com/uploads/allimg/170307/60_170307145608_1.png	http://www.38fan.com/zhiwu/20170307155760.html
https://www.huabaike.com/uploads/allimg/artimg/201605/20160509162513_89549.jpg	https://www.huabaike.com/jtyh/3199.html
http://img.jiuzheng.com/baike/s/58/0f/580f26c98f1e03db3c8b4614.jpg	http://www.jiuzheng.com/baike-detail/id-76091.html
http://7xiclj.com1.z0.glb.clouddn.com/589d9553de04cb46b7435145.jpg	http://www.fulaan.com/forum/postDetail.do?pSectionId=57d2959e3d4df921f2ca325b&postId=589d95a93d4df950ed2d6aff&personId=575e21be0cf2a633a9ff7c88
http://www.xxdao.com/upload/2017/05/17/120559f67e48a272.jpg	http://www.xxdao.com/530000/528092.shtml
https://www.huabaike.com/uploads/allimg/artimg/201605/20160509163911_34944.jpg	https://www.huabaike.com/yhjq/3205.html
http://img02.sogoucdn.com/net/a/100520101/link?appid=100520101&url=http://mmbiz.qpic.cn/mmbiz_jpg/wqVAswCYVoLjB0qpYMjMJMgY7VR8BlQ7hdbltv36ATnwLoJWwLoIkURNmxsqqeSGoib5sfQGpOKaV2u4Q1eIA8w/0?wx_fmt=jpeg	http://baike.m.sogou.com/baike/weixinArticle.jsp?lid=527304&sid=AdxxDDplha1pccb0Sietg0vo&title=%E5%90%8A%E7%81%AF%E6%89%B6%E6%A1%91&g_ut=3
http://s11.sinaimg.cn/mw690/001nPxoHzy74hqucfea2a&690	http://blog.sina.com.cn/s/blog_4b984a370102wht1.html
http://img.jiuzheng.com/baike/s/58/0f/580f26c98f1e03db3c8b4611.jpg	http://www.jiuzheng.com/baike-detail/id-76091.html
http://2.bp.blogspot.com/-Cg_xMfqv4S4/VA24JmZ95BI/AAAAAAAAjcs/aE6MGjJhnfk/s1600/P1410700.JPG	http://purplewhee.blogspot.com/2012/09/blog-post_1.html
https://www.huabaike.com/uploads/allimg/artimg/201605/20160509163607_32464.jpg	https://www.huabaike.com/binghai/3203.html
http://img04.sogoucdn.com/net/a/100520101/link?appid=100520101&url=http://mmbiz.qpic.cn/mmbiz/aP0Yr5GSxakVUMJJaKyuA96tqEicfISqyTvLbBqljQlOibYLQxT08P8aiaVRCibCrjkR4daYG8BQ0pibOeJDEBqkFpw/0?wx_fmt=jpeg	http://baike.m.sogou.com/baike/weixinArticle.jsp?lid=527304&sid=AdxxDDplha1pccb0Sietg0vo&title=%E5%90%8A%E7%81%AF%E6%89%B6%E6%A1%91&g_ut=3
http://pic1.huashichang.com/2016/0830/05/57c4b05e1d54a.jpg	http://www.aihuhua.com/tupian/tupianqkr.html
http://img.xunhai.com/2015/11/26/144853446050853.jpg	http://www.xunhai.com/diaodengfusang/2015/1126/4549.html
http://img03.sogoucdn.com/net/a/100520101/link?appid=100520101&url=http://mmbiz.qpic.cn/mmbiz_jpg/bkF7vf9XhbjqF23ZKGW2GJc8NICoKJVhVDN6QdCnpRIDRzqibm1x7SMEPqLRcNDOfUMIUdtU3eqeuaicibIhHdrFA/640?wx_fmt=jpeg	http://baike.m.sogou.com/baike/weixinArticle.jsp?lid=527304&sid=AdxxDDplha1pccb0Sietg0vo&title=%E5%90%8A%E7%81%AF%E6%89%B6%E6%A1%91&g_ut=3
http://img.xunhai.com/2015/11/26/144853446045256.jpg	http://www.xunhai.com/diaodengfusang/2015/1126/4549.html
http://www.xxdao.com/upload/2017/05/17/2d524498a35f00bf.jpg	http://www.xxdao.com/530000/528072.shtml
https://www.huabaike.com/uploads/allimg/artimg/201605/20160509163624_61652.jpg	https://www.huabaike.com/binghai/3203.html
