
http://www.zhongyaoyi.com/d/file/gongxiao/2015-03-05/f325898ef1e325e5c91bcab53b2259de.jpg	http://www.zhongyaoyi.com/t/baiji/
http://www.twwiki.com/uploads/wiki/02/3a/707343_1.jpg	http://www.twwiki.com/wiki/%E7%99%BD%E8%8A%A8
http://a1.att.hudong.com/36/82/01300000180919121333826285956_s.jpg	http://www.baike.com/wiki/%E7%99%BD%E8%8A%A8
http://www.twwiki.com/uploads/wiki/02/3a/707343_11.jpg	http://www.twwiki.com/wiki/%E7%99%BD%E8%8A%A8
http://www.zhongyao1.com/uploads/201411/1415763984aTe6hI8p.jpg	http://www.zhongyao1.com/doc-view-192.html
http://www.gzhphb.com/gpPic/600/0/mmbiz.qpic.cn/mmbiz/ic6ib77acdByr0ptpxm22klY6icyPl7pAVvovgkNXwGR1fopFNLlicG24Nd5Cc6dYa2jrTiatYOfVZuzlpm5ibevgWTA/0?wx_fmt=jpeg	http://m.gzhphb.com/article/43/436812.html
http://www.zhongyao1.com/uploads/201411/1415764006S9CBFhuF.jpg	http://www.zhongyao1.com/doc-view-192.html
http://www.qyzyc.com/UploadFiles/2010-10/admin/2010101810152694079.jpg	http://www.qyzyc.com/zyyp/baiji.html
http://www.1nongjing.com/uploads/allimg/150311/886-150311144956.jpg	http://m.1nongjing.com/a/201503/72231.html
http://a1.att.hudong.com/00/86/01300000180919121333861579748_s.jpg	http://www.baike.com/wiki/%E7%99%BD%E8%8A%A8
http://m.39zhongyao.com/uploadfile/2015/0601/20150601092435799.jpg	http://m.39zhongyao.com/zhongyaocai/baiji/10366.html
http://www.zhongyaoyi.com/d/file/tupian/2015-03-05/083e7aac2b96bf8eef25848aea4705f2.jpg	http://www.zhongyaoyi.com/t/baiji/
http://m.39zhongyao.com/uploadfile/2016/0318/20160318114401729.jpg	http://m.39zhongyao.com/zhongyaocai/baiji/13598.html
https://upload.wikimedia.org/wikipedia/commons/thumb/1/11/Bletilla_striata2.jpg/250px-Bletilla_striata2.jpg	https://zh.wikipedia.org/wiki/%E7%99%BD%E8%8A%A8
http://www.twwiki.com/uploads/wiki/02/3a/707343_9.jpg	http://www.twwiki.com/wiki/%E7%99%BD%E8%8A%A8
http://www.tcmus.com/Hphotos/219-33-3.jpg	http://www.tcmus.com/tcmusCHerbsPga.cfm?recordID=424
http://www.baishanxi.com/uploads/allimg/1509/1-150929130200603.jpg	http://www.baishanxi.com/zyys/5748.html
http://www.zhongyaoyi.com/d/file/chandi/2015-03-05/2fdd162e276c85d035bd529d39de783f.jpg	http://www.zhongyaoyi.com/t/baiji/
http://www.dianshu119.com/uploads/201311/13853052283wfhQa8m.jpg	http://www.dianshu119.com/index.php?doc-view-1737.html
https://img.jkyd.net/data/upload/ueditor/20170206/58983a7301217.jpg	https://www.jkyd.net/shiliao/232750.html
http://img.lejj.com/zximages/images/201409/14113728284344.jpg	http://www.aiuw.com:8083/zhiwu/yangzhi/article-36261.html
http://s10.sinaimg.cn/mw690/bc6fdfd2gd7de03c33dc9&690	http://blog.sina.com.cn/s/blog_bc6fdfd20101hakh.html
http://www.zyczzjdw.com/Content/UploadFiles/201401121420904.jpg	http://www.zyczzjdw.com/chanpinzhongxin/baiji/bfaa2f1a99b18479e542ffe8eaa22261.html
http://www.gztlyx.com/data/upload/image/20170322/1490159436872016.jpg	http://www.gztlyx.com/product/234.html
https://5.share.photo.xuite.net/wmwm5600/15762e7/11026196/515359955_m.jpg	http://blog.xuite.net/wmwm5600/blog/131246018
http://pic.to8to.com/attch/day_140722/20140722_769d26120b0f692be680CuWUXO2rU5ly.jpg	http://www.to8to.com/yezhu/z19880.html
http://imgold.zgycsc.com/affix/salebuy/2013/10_41/587937_8326%B0%D7%DC%B81.jpg	http://www1.zgycsc.com/sbinfo.php?sbid=1349330
https://www.huabaike.com/uploads/allimg/sltimg/201609/57dfaa927113d.jpg	https://www.huabaike.com/jtyh/5191.html
http://image.digitalarchives.tw/ImageCache/00/0c/80/2b.jpg	http://catalog.digitalarchives.tw/item/00/2e/72/73.html
http://www.baihuamen.com/d/file/2014/03-08/bba03c25dc9ef728304cd699a990be89.jpg	http://www.baihuamen.com/baiji/
http://www.qnong.com.cn/uploadfile/2015/0418/20150418023839697.jpg	http://www.qnong.com.cn/zhuanti/5403.html
http://www.dianshu119.com/uploads/201311/1385305264y681ks85.jpg	http://www.dianshu119.com/index.php?doc-view-1737.html
http://www.qianyhe.com/upfiles/pic4/2015050754495185.jpg	http://www.qianyhe.com/product.asp?subs_id=23
http://www.dianshu119.com/uploads/201311/1385305201snnL6YKq.jpg	http://www.dianshu119.com/index.php?doc-view-1737.html
http://www.xaminghao169.com/uploads/160621/1-160621135I3249.jpg	http://www.xaminghao169.com/Products/bj/
http://www.dianshu119.com/uploads/201311/1385305025o0jAkxeg.jpg	http://www.dianshu119.com/index.php?doc-view-1737.html
http://pic.pingguolv.com/uploads/allimg/161117/77-16111G55046.jpg	http://www.pingguolv.com/zy/gongxiao/74967.html
http://www.zhongyao360.com/uploads/allimg/160526/09302514R-4.jpg	http://www.zhongyao360.com/gongxiao/2669122.html
https://upload.wikimedia.org/wikipedia/commons/thumb/9/98/Bletilla_striata_var_alba.JPG/220px-Bletilla_striata_var_alba.JPG	https://zh.wikipedia.org/wiki/%E7%99%BD%E8%8A%A8%E5%B1%AC
http://www.gzhphb.com/gpPic/250/0/mmbiz.qpic.cn/mmbiz/hZICibgUicn0r5pDoJiaL7AufQ8PnrJfvLwQyDl504qKoW7VojicKr8B3n3AuaC52feicNocH9libd6Gd9FnyIdPTVBg/0?wx_fmt=jpeg	http://www.gzhphb.com/baike/baijifen/
http://img.ziyimall.com/image/20170102/20170102231128_51887.jpg	http://www.ziyimall.com/tag/baiji/
http://a2.att.hudong.com/51/39/20300542493146139780398836467_s.jpg	http://www.baike.com/wiki/%E7%99%BD%E8%8A%A8
http://www.baishanxi.com/uploads/allimg/1509/1-15092912525M06.jpg	http://www.baishanxi.com/zyys/5748.html
https://gw.alicdn.com/bao/uploaded/i1/1109008987/TB2gV0OANhmpuFjSZFyXXcLdFXa_!!1109008987.jpg_230x230.jpg	https://www.taobao.com/article/BpD9BJBiDwGjBlDs.html
http://mymall.netbuilder.com.my/pic/banonh2/item/01008C.JPG	http://mymall.netbuilder.com.my/index.php?doit=order&pid=191&domain=banonh2&history_var=cid%3D8%26page%3D2
http://a2.att.hudong.com/48/88/01300000180919121333885309943_s.jpg	http://www.baike.com/wiki/%E7%99%BD%E8%8A%A8
https://gss0.bdstatic.com/94o3dSag_xI4khGkpoWK1HF6hhy/baike/w%3D400/sign=49654720384e251fe2f7e5f89786c9c2/d1160924ab18972bdc56e5d0eecd7b899e510abf.jpg	https://baike.baidu.com/item/%E7%99%BD%E8%8A%A8
http://www.zgycsc.com/affix/salebuy/2011/9_37/90482_4317%B0%D7%DC%B8%C6%AC.JPG	http://m.jtwjjdlt.com/index/5bm85YS%2F5rOh5rOh5rOl5bCP576K.html
http://www.ntl.edu.tw/public/data/910169421353.jpg	http://www.ntl.edu.tw/sp.asp?xdurl=hospital/hospital.asp&mp=1&xItem=2048&ctNode=392
http://www.zhiticn.com/file/upload/201604/25/12-44-15-45-2.jpg	http://www.zhiticn.com/news/609/1/977.html
http://img1.tuliu.com//art/2016/12/15/5851f55656b4a.jpg	http://www.tuliu.com/read-48004.html
https://5.share.photo.xuite.net/wmwm5600/1576200/11026196/515359468_m.jpg	http://blog.xuite.net/wmwm5600/blog/131246018
http://www.1nongjing.com/uploads/allimg/160406/902-160406163024949.jpg	http://www.niwoyang.com/y/14312.html
http://www.1nongjing.com/uploads/allimg/170502/1876-1F50210120SX.jpg	http://m.1nongjing.com/a/201705/178381.html
http://pic.pingguolv.com/uploads/allimg/161117/77-16111G55335.jpg	http://www.pingguolv.com/zy/gongxiao/74967.html
http://www.chiusang.com.hk/images/medicine/12/028.jpg	http://www.chiusang.com.hk/s_xuewen.asp?id=1141
http://www.hnjn88.com/bj/uploadfile/2017261051426825.jpg	http://www.hnjn88.com/bj/cpzs.asp
http://static.caipiaogu.com/images/news/2013/11/92.jpg	http://www.caipiaogu.com/view/52744436a310bc704cb83e2b.html
http://m.39zhongyao.com/uploadfile/2015/0601/20150601101902592.jpg	http://m.39zhongyao.com/zhongyaocai/baiji/10371.html
http://pic.dbw.cn/0/02/61/31/2613125_066972.jpg	http://meal.dbw.cn/system/2010/01/18/052314274.shtml
http://www.doctoryang.info/UserFiles/Image/cm_drug/1200/149.JPG	http://www.doctoryang.info/health_detail.php?id=2115
http://pic.pingguolv.com/uploads/allimg/161117/77-16111G55225.jpg	http://www.pingguolv.com/zy/gongxiao/74967.html
http://www.thnzyc.com/uploadfile/2016/0822/20160822110705391.jpg	http://www.thnzyc.com/content-13-112-1.html
http://f.walekan.com/201610/ba/6f1579b6bfd84f.png	http://m.walekan.com/news/800
http://www.zhongyao1.com/uploads/201411/14157639312RoULgfw.jpg	http://www.zhongyao1.com/doc-view-192.html
https://5.share.photo.xuite.net/wmwm5600/15762a2/11026196/515359118_m.jpg	http://blog.xuite.net/wmwm5600/blog/131246018
http://www.zhongyaoyi.com/d/file/tupian/2015-03-05/e9af8d06c5f15b9f667912ac10bc8f29.jpg	http://www.zhongyaoyi.com/tupian/399.html
http://www.xaminghao169.com/uploads/160621/1-160621135605a0.jpg	http://www.xaminghao169.com/Products/bj/
http://pic31.nipic.com/20130720/11949144_170150396304_2.jpg	http://www.nipic.com/show/4/65/8519940kdbbf8696.html
http://pic.pingguolv.com/uploads/allimg/161117/77-16111G55300.jpg	http://www.pingguolv.com/zy/gongxiao/74967.html
http://g-search3.alicdn.com/bao/uploaded/i1/741621657/TB2vqf9qXXXXXbQXpXXXXXXXXXX_!!741621657.jpg_240x240q50	http://tw.taobao.com/product/%E7%99%BD%E8%8A%A8%E7%B2%89%E4%B8%AD%E8%97%A5%E6%9D%90.htm
http://www.gzhphb.com/gpPic/600/0/mmbiz.qpic.cn/mmbiz/ic6ib77acdByr0ptpxm22klY6icyPl7pAVvIJAciaYmhtVqCbIOeVGTLPcpaGCia8ic8T0uPicL0oXhIH8poXt4a1ot5A/0?wx_fmt=jpeg	http://m.gzhphb.com/article/43/436812.html
https://upload.wikimedia.org/wikipedia/commons/3/3d/Bletilla_ochracea_3.jpg	https://zh.wikipedia.org/wiki/%E7%99%BD%E8%8A%A8%E5%B1%AC
https://pic.health1.tw/uploads/5/3/09984b8832dad635/2.jpg	https://health1.tw/baike/AVvyTXg_HmL_9OVxjJCE.html
https://img.jkyd.net/data/upload/ueditor/20170104/586cc2bc4179b.jpg	https://www.jkyd.net/zhongyi/232190.html
http://www.cnhua.net/uploads/090428/1_085452_3.jpg	http://www.cnhua.net/minghua/lanhua/77760.html
http://bletill.com/sp/20156733011.jpg	http://bletill.com/doclb.asp?id=7
http://a1.att.hudong.com/55/06/01300000180919121334062993455_s.jpg	http://www.baike.com/wiki/%E7%99%BD%E8%8A%A8
http://p.ayxbk.com/images/thumb/1/1a/Bkmrv.jpg/200px-Bkmrv.jpg	http://www.a-hospital.com/w/%E7%99%BD%E5%8F%8A
http://www.lijiangyaxing.com/data/upload/thumb/product/bai/541ff2ebee5b6.jpg	http://www.lijiangyaxing.com/html/product/bai/33.html
http://d.pmume.com/file/o/2017-04/027a36f4782dce632219deedf42afe84.jpg	http://www.pmume.com/o/ny26b.shtml
http://www.qianyhe.com/upfiles/pic4/2015050755042237.jpg	http://www.qianyhe.com/Content.asp?n_id=58
https://cbu01.alicdn.com/img/ibank/2016/454/599/2978995454_815292045.310x310.jpg	https://www.1688.com/pic/-B0D7DCB8.html
http://www.yaocai.com/img/57a4485c82fefa70326cfc8d/	http://www.yaocai.com/show/tp/57a4482e82fefa66fa35d82b
http://www.sbstgs.com/Content/UploadFiles/image/20160107/20160107093955_3131.jpg	http://www.sbstgs.com/m/chanpinzhongxin/pc/paa/f0afe14c-30df-46b9-966b-4eaa49777a92.html
https://cbu01.alicdn.com/img/ibank/2016/583/755/3561557385_423061562.220x220.jpg	http://www.1688.com/jiage/-D2A9B2C4B0D7DCB8.html
http://img.laozongyi.com/portal/201612/21/154923yb5fpbkkmh9516ah.jpg	http://www.laozongyi.com/zhongyi/296769.html
http://www.cn998.cn/images/bj/bj03.jpg	http://www.cn998.cn/bjzz/
http://bjcy08.com/uploadfile/2016/0810/20160810093743573.jpg	http://bjcy08.com/index.php?m=content&c=index&a=show&catid=49&id=173
http://img.laozongyi.com/portal/201612/01/151436nzxoj0ag56qdg5j5.jpg	http://www.laozongyi.com/shenghuo/288937.html
http://www.ynyaocai.com/uploadfile/image/20120807163915.jpg	http://www.ynyaocai.com/channel.asp?id=26
http://www.zhongyao360.com/uploads/allimg/160203/31-160203164355.jpg	http://www.zhongyao360.com/z/baiji/
http://www.wed114.cn/jiehun/uploads/allimg/170719/16021W358-0.jpg	http://m.zx.wed114.cn/zhongcaoyao/20170719190747.html
http://bletill.com/sp/20156233011.jpg	http://bletill.com/doclb.asp?id=2
http://www.cnhua.net/uploads/090428/1_085452_1.jpg	http://www.cnhua.net/minghua/lanhua/77760.html
http://www.nvziwu.com/uploads/allimg/150203/1_150203172119_1.jpg	http://www.nvziwu.com/meirong/3728.html
http://www.91nfkj.com/uploads/170411/1-1F4111A54EW.jpg	http://www.91nfkj.com/a/yczm/31.html
http://www.qnong.com.cn/uploadfile/2015/0604/20150604102200288.jpeg	http://www.qnong.com.cn/jiankang/yaoshan/6439.html
http://bletill.com/sp/20156833010.jpg	http://bletill.com/doclb.asp?id=8
https://cbu01.alicdn.com/img/ibank/2017/561/056/4455650165_421960156.220x220.jpg	http://www.1688.com/chanpin/-B0D7DCB8C6AC.html
