
http://www.baihuamen.com/d/file/2014/04-16/a033f433c03f05ad2e9c158a0954a642.jpg	http://www.baihuamen.com/ziyulan/
http://a4.att.hudong.com/40/65/01100000000000144735654131950_s.jpg	http://www.baike.com/wiki/%E7%B4%AB%E7%8E%89%E5%85%B0
http://www.baihuajian.com/uploads/201512/1450270354MblTraQQ.jpg	http://www.baihuajian.com/doc-view-417.html
https://upload.wikimedia.org/wikipedia/commons/thumb/1/12/Magnolia_liliiflora2.jpg/300px-Magnolia_liliiflora2.jpg	https://zh.wikipedia.org/wiki/%E7%B4%AB%E7%8E%89%E5%85%B0
http://dashulin.com/wp-content/uploads/2008/03/zyl1.jpg	http://dashulin.com/ziyulan/
http://pic.baike.soso.com/ugc/baikepic/20858/ori-20140321162723-889083706.jpg/0	http://baike.sogou.com/PicBooklet.v?imageGroupId=113274&relateImageGroupIds=113272,113274,113276&lemmaId=223932
http://image.sciencenet.cn/album/201103/14/122804089nzez04llrd4u5.jpg	http://blog.sciencenet.cn/home.php?mod=space&uid=260340&do=blog&id=422232
http://pic2.nipic.com/20090401/1810767_150258048_2.jpg	http://www.nipic.com/show/1/47/0238f2c03b128784.html
http://www.baihuamen.com/d/file/2014/04-16/5ad595fe0c58a191b13a1783dd6219ad.jpg	http://www.baihuamen.com/ziyulan/
http://a3.att.hudong.com/70/65/01100000000000144735653983251_s.jpg	http://www.baike.com/wiki/%E7%B4%AB%E7%8E%89%E5%85%B0
http://idoimg.3mt.com.cn/Article/upload/201204/1204011350941312.jpg	http://ido.3mt.com.cn/Article/201204/picview2513465c33p5.html
http://952700.s21i.faiusr.com/2/ABUIABACGAAgn9rcpQUoxPu5igYw9AM4mwU.jpg	http://yulan16888.com/pd.jsp?id=12
http://www.hnpjw.com.cn/pic/digi/0151_more4.JPG	http://www.hnpjw.com.cn/list.asp?ProdId=0151
http://www.wzyulan.com/data/upload/image/20160429/1461911726298409.jpg	http://www.wzyulan.com/news/340.html
http://www.yuhuagu.com/uploads/allimg/120616/10-120616212444.jpg	http://www.yulan16888.com/nd.jsp?id=12
https://www.huabaike.com/uploads/allimg/sltimg/201606/5770af418714f.jpg	https://www.huabaike.com/hyjk/8352.html
http://www.211802.com/wp-content/uploads/2013/09/ALCY_1322998055.jpg	http://www.211802.com/product/ziyulan/
https://upload.wikimedia.org/wikipedia/commons/thumb/d/d8/Saucer_Magnolia_tree.jpg/300px-Saucer_Magnolia_tree.jpg	https://zh.wikipedia.org/wiki/%E7%B4%AB%E7%8E%89%E5%85%B0
http://n.sinaimg.cn/transform/20150324/wUb4-avxeafs2056915.jpg	http://sh.sina.com.cn/zw/cn/2015-03-24/details-iawzuney1023103.shtml
http://www.zyylmm.com/web/upimages/prodimg/201610/20161014141614464.jpg	http://www.zyylmm.com/web/product-1165411.html
http://xunmiao.com/attachments/2012/02/229_201202011552461wgzC.jpg	http://www.miaomu777.com/news/show-2666.html
http://www.wzyulan.com/data/upload/image/20160429/1461899379875469.jpg	http://www.wzyulan.com/news/298.html
https://upload.wikimedia.org/wikipedia/commons/d/d6/Magnolienbluete_freiburg.jpg	https://zh.wikipedia.org/wiki/%E7%B4%AB%E7%8E%89%E5%85%B0
http://www.211802.com/wp-content/uploads/2013/09/10274093.jpg	http://www.211802.com/product/ziyulan/
http://www.njnfmp.com/upfile/image/Fl201203111005421081.jpg	http://www.njnfmp.com/list.asp?id=22
http://image.sciencenet.cn/album/201107/03/172816600icce42pb26xz4.jpg	http://blog.sciencenet.cn/home.php?mod=space&uid=41757&do=blog&id=461863
http://www.wanhuajing.com/pic/1603/0511/1127168/1_640_394.jpg	http://www.wanhuajing.com/t622259
http://dashulin.com/wp-content/uploads/2008/03/baiyulan1.jpg	http://dashulin.com/article/yulan2/
http://www.alimiaopu.com/alimaiopu_pic/201206/ET51672221102021.jpg	http://www.alimiaopu.com/t_12677/
http://img.ic98.com/b2b/2017/02/27/201722758299665.jpg	http://www.ic98.com/supply/1363/13633818.html
http://www.yuhuagu.com/uploads/allimg/120617/43-12061F40318.jpg	http://www.yulan16888.com/nd.jsp?id=12
http://upload.wikimedia.org/wikipedia/commons/thumb/f/f3/Magnolia_liliiflora_2015_G1.jpg/640px-Magnolia_liliiflora_2015_G1.jpg	http://www.wikiwand.com/zh-hk/%E7%B4%AB%E7%8E%89%E5%85%B0
https://gss3.bdstatic.com/-Po3dSag_xI4khGkpoWK1HF6hhy/baike/c0%3Dbaike60%2C5%2C5%2C60%2C20/sign=c55ee9b80e33874488c8272e3066b29c/4034970a304e251fa6b05310a586c9177e3e5396.jpg	https://baike.baidu.com/item/%E7%B4%AB%E7%8E%89%E5%85%B0
http://www.njdzh.com/uploadfiles/2006816151955%5B1%5D.jpg	http://www.njdzh.com/pro1.asp-id=335.html
http://idoimg.3mt.com.cn/Article/upload/201204/1204011350941314.jpg	http://ido.3mt.com.cn/Article/201204/picview2513465c33p6.html
http://www.baihuamen.com/d/file/2014/04-16/0cd24d982710bc7ae7d9f99869acbba0.jpg	http://www.baihuamen.com/ziyulan/
http://img.007swz.com/cpimg/guanmu/r4Bj0000S4_1241913219.jpg	http://www.007swz.com/Professionlist/guanmu/439
http://b2b.image.yuanlin.com/Biz/2013-3/2013311213861264.jpg	http://www.660773.net/%E7%B4%AB%E7%8E%89%E5%85%B0%E8%8A%B1%E6%9C%9F%E5%A4%9A%E9%95%BF/
http://p.d1xz.net/2014/6/23/143490809080.jpg	http://www.d1xz.net/astro/huayu/art53940.aspx
http://a0.att.hudong.com/04/65/01100000000000144735654240872_s.jpg	http://www.baike.com/wiki/%E7%B4%AB%E7%8E%89%E5%85%B0
https://www.cmeii.com/uploads/allimg/1703/1-1F31G30631646.jpg	https://www.cmeii.com/xingdaoshulei/109.html
http://www.bjmmhh.com/Templates/huayuanfa/ztimages/ziyulan3.jpg	http://www.bjmmhh.com/ztqmziyulan/ztqmziyulan1.html
http://www.syhhyl.com/uploads/allimg/1704/1-1F40G00508.jpg	http://www.syhhyl.com/hgm/383.html
http://www.linban.com/upload/2017/05/24/b2c1d1d824e48701.jpg	http://www.linban.com/540000/534728.shtml
http://image.sciencenet.cn/album/201107/03/172800wut8l7v7tw7zf68r.jpg	http://blog.sciencenet.cn/home.php?mod=space&uid=41757&do=blog&id=461863
http://www.nyzy.com/UploadFiles/User/amee2/201508/2015080511522585108.jpg	http://www.nyzy.com/yulanlei/55.html
https://upload.wikimedia.org/wikipedia/commons/thumb/c/c5/Magnolia_liliiflora_2015-05-29_OB_080.jpg/300px-Magnolia_liliiflora_2015-05-29_OB_080.jpg	https://zh.wikipedia.org/wiki/%E7%B4%AB%E7%8E%89%E5%85%B0
http://digi.tech.qq.com/images/ld/2005/0316/1/1.jpg	http://digi.tech.qq.com/a/20060316/000146.htm
http://www.nyzy.com/UploadFiles/User/amee2/201508/2015080511515094041.jpg	http://www.nyzy.com/yulanlei/55.html
http://pic20.nipic.com/20120425/4224370_194252986000_2.jpg	http://www.nipic.com/show/6088190.html
https://gss0.bdstatic.com/94o3dSag_xI4khGkpoWK1HF6hhy/baike/c0%3Dbaike60%2C5%2C5%2C60%2C20/sign=feef18bbf4246b606f03ba268a917129/a9d3fd1f4134970a70a856c797cad1c8a6865d7a.jpg	https://baike.baidu.com/item/%E7%B4%AB%E7%8E%89%E5%85%B0
http://kplant.biodiv.tw/%E7%B4%AB%E7%8E%89%E8%98%AD/%E7%B4%AB%E7%8E%89%E8%98%AD7.JPG	http://kplant.biodiv.tw/%E7%B4%AB%E7%8E%89%E8%98%AD/%E7%B4%AB%E7%8E%89%E8%98%AD.htm
http://pic.baike.soso.com/ugc/baikepic/28401/cut-20140321162644-1050935236.jpg/0	http://baike.sogou.com/lemma/ShowInnerLink.htm?lemmaId=223932&ss_c=ssc.citiao.link
http://s10.sinaimg.cn/mw690/001Hs91Ygy701Q0H0JX89&690	http://blog.sina.com.cn/s/blog_5ce0994e0102w03s.html
https://gw.alicdn.com/bao/uploaded/i4/1705097315/TB24_aDeuJ8puFjy1XbXXagqVXa_!!1705097315.jpg_230x230.jpg	https://www.taobao.com/oshtml/buy-cn/cp_18_T8cC8yvc.html
https://gss2.bdstatic.com/9fo3dSag_xI4khGkpoWK1HF6hhy/baike/c0%3Dbaike60%2C5%2C5%2C60%2C20/sign=96a156ec369b033b3885f48874a75db6/71cf3bc79f3df8dc938bc479cf11728b461028a7.jpg	https://baike.baidu.com/item/%E7%B4%AB%E7%8E%89%E5%85%B0
http://pic40.nipic.com/20140418/18483933_183453534169_2.jpg	http://www.nipic.com/show/10122944.html
http://www.jhzmjd.com/UpFile/201511/%E7%B4%AB%E7%8E%89%E5%85%B01.jpg	http://www.jhzmjd.com/html/zyl/
http://www.ew9z.com/wp-content/uploads/2010/04/Magnolia_liliflora_flower_14.jpg	http://www.ew9z.com/ziyulan-mulan-ziliao.html
https://www.huabaike.com/uploads/allimg/artimg/201704/20170416230311_10134.jpg	https://m.huabaike.com/yhjq/8351.html
http://forum.cnhmsq.com/Member/Ku_edit/UploadFile/20111222115627443.jpg	http://www.taici.org/mingren/57Sr546J5YWw.html
https://www.huabaike.com/uploads/allimg/artimg/201704/20170416231552_83556.jpg	https://www.huabaike.com/hyjk/8353.html
http://www.wed114.cn/jiehun/uploads/allimg/160926/52_160926113940_2.jpg	http://www.wed114.cn/jiehun/zhiwu/20160926156987.html
http://pic4.55jia.net/fengshuizhiwu/35/a363374.jpg	http://www.55jia.net/75/330101.html
http://www.wdptj.com/wp-content/uploads/2016/10/159.jpg	http://www.wdptj.com/ziyulan/
https://cdn.huaniaoy.cn/20161209/original/1481274152721.jpg@!pic280zw	http://www.huaniaoy.com/yangzhifangfa/877/
http://www.syqslh.top/upfile/images/%E7%B4%AB%E7%8E%89%E5%85%B02.jpg	http://www.syqslh.top/556/0/83
http://image.sciencenet.cn/album/201103/14/122806fjbrrqfkbfbl4bwk.jpg	http://wap.sciencenet.cn/blogview.aspx?id=422232
http://img1.ph.126.net/Scwy9EXVHw3bWAtem5unlw==/6630412456768491691.jpg	http://xgqdsm.lofter.com/post/1cb4b806_5fdd9a1
http://www.nyzy.com/UploadFiles/User/amee2/201508/2015080511520773727.jpg	http://www.nyzy.com/yulanlei/55.html
https://www.huabaike.com/uploads/allimg/sltimg/201704/58f385645c5aa.jpg	https://www.huabaike.com/mbzw/7972.html
https://gss2.bdstatic.com/-fo3dSag_xI4khGkpoWK1HF6hhy/baike/c0%3Dbaike60%2C5%2C5%2C60%2C20/sign=a5bdea890db30f242197e451a9fcba26/242dd42a2834349bdd0f2f6dcbea15ce37d3bec9.jpg	https://baike.baidu.com/item/%E7%B4%AB%E7%8E%89%E5%85%B0
http://www.bj315.org/xfzbj/wzbj/201304/W020130407190847062088.jpg	http://www.bj315.org/xfzbj/wzbj/201304/t20130407_7913.shtml
https://gss0.bdstatic.com/-4o3dSag_xI4khGkpoWK1HF6hhy/baike/c0%3Dbaike60%2C5%2C5%2C60%2C20/sign=7c394df12ff5e0fefa1581533d095fcd/8b82b9014a90f603ffabdeaf3b12b31bb051ed3b.jpg	https://baike.baidu.com/item/%E7%B4%AB%E7%8E%89%E5%85%B0
http://www.hnpjw.com.cn/pic/digi/0151_more3.JPG	http://www.hnpjw.com.cn/list.asp?ProdId=0151
http://pic61.nipic.com/file/20150301/3072469_110300859739_2.jpg	http://www.nipic.com/show/11984937.html
http://www.haojing888.com/uploadfiles/pictures/product/20160616090557_5000.jpg	http://www.haojing888.com/Products/zyl_1.html
https://cbu01.alicdn.com/img/ibank/2017/489/052/3910250984_1997114658.220x220.jpg	http://www.1688.com/jiage/-D7CFD3F1C0BCC3E7C4BE.html
http://www.baihuamen.com/d/file/2014/04-16/4bd342e0ba50e5ea167cbf2b24d89aee.jpg	http://www.baihuamen.com/ziyulan/
http://garden.ibcas.ac.cn/4/ziyulan.jpg	http://garden.ibcas.ac.cn/4/ziyulan.htm
http://idoimg.3mt.com.cn/Article/upload/201103/110322095383180.jpg	http://ido.3mt.com.cn/Article/201103/show2150928c33p1.html
http://img.pconline.com.cn/images/upload/upc/tx/photoblog/1104/19/c9/7372846_7372846_1303223465453_mthumb.jpg	http://dp.pconline.com.cn/photo/2076214.html
http://digiarch.sinica.edu.tw/images/a/plants/b106.jpg	http://digiarch.sinica.edu.tw/content/subject/resource_content.jsp?oid=16777479&queryType=qc
http://www.baihuamen.com/d/file/2014/04-16/276964090005edb18d9e83386e5a4b43.jpg	http://www.baihuamen.com/ziyulan/9399_18.html
http://digiarch.sinica.edu.tw/images/a/plants/b107.jpg	http://digiarch.sinica.edu.tw/content/subject/resource_content.jsp?oid=16777479&queryType=qc
http://www.haojing888.com/uploadfiles/pictures/product/20160616090557_8281.jpg	http://www.haojing888.com/Products/zyl_1.html
https://gw.alicdn.com/bao/uploaded/i2/1939802293/TB2SxT5XGnD11BjSsziXXaReVXa_!!1939802293.png_230x230.jpg	https://www.taobao.com/oshtml/buy-cn/cp_18_T8cC8yvc.html
https://cdn.pixabay.com/photo/2015/10/04/09/47/purple-magnolia-970771_960_720.jpg	https://pixabay.com/zh/%E7%B4%AB%E7%8E%89%E5%85%B0-%E8%8A%B1-%E8%BE%9B%E5%A4%B7%E8%8A%B1-%E7%8E%89%E5%85%B0-%E6%9C%A8-%E5%A4%A9%E6%80%A7-%E6%98%A5%E5%A4%A9%E7%9A%84-%E5%A4%8F-970771/
http://www.cnhaoshu.com/file/upload/201608/13/07-26-08-87-1.png	http://www.cnhaoshu.com/news/show/3759/
http://www.dq19888.com/d/file/201612/018e1d9ea60aaf33b439c5f0c3c6ae58.jpg	http://www.dq19888.com/news/140.html
https://i1.kknews.cc/large/17ed00020cc70ac99526	https://kknews.cc/zh-sg/travel/enox2or.html
http://syjsyy.top/upfile/images/%E8%8A%B1%E7%81%8C%E6%9C%A8/%E7%B4%AB%E7%8E%89%E5%85%B0.jpg	http://syjsyy.top/570/570/38
https://www.huabaike.com/uploads/allimg/sltimg/201704/58f389f7d225d.jpg	https://www.huabaike.com/hyjk/8353.html
http://www.sylxyy.top/upfile/images/%E7%B4%AB%E7%8E%89%E5%85%B03.jpg	http://www.sylxyy.top/556/556/81
http://www.syhhyl.com/uploads/allimg/1704/1-1F40G00506-50.jpg	http://www.syhhyl.com/hgm/383.html
http://pic50.nipic.com/file/20141018/9735185_184601028000_2.jpg	http://www.nipic.com/show/11175873.html
http://img2.ph.126.net/TwYe-SDS0mjy3xJmslfcYA==/6630603771791784443.jpg	http://xgqdsm.lofter.com/post/1cb4b806_5fdd9a1
http://www.haojing888.com/uploadfiles/pictures/product/20160616090556_5468.jpg	http://www.haojing888.com/Products/zyl_1.html
https://cbu01.alicdn.com/img/ibank/2015/712/585/2638585217_686929261.310x310.jpg	https://www.1688.com/pic/-D7CFD3F1C0BC.html
https://i1.kknews.cc/large/16cb0002da7a5fb5537d	https://kknews.cc/zh-sg/travel/enox2or.html
