
https://gss1.bdstatic.com/-vo3dSag_xI4khGkpoWK1HF6hhy/baike/c0%3Dbaike80%2C5%2C5%2C80%2C26/sign=155937518218367ab984778f4f1ae0b1/4a36acaf2edda3ccd9d1425805e93901213f9295.jpg
https://gss3.bdstatic.com/7Po3dSag_xI4khGkpoWK1HF6hhy/baike/c0%3Dbaike116%2C5%2C5%2C116%2C38/sign=f478248cb34543a9e116f29e7f7ee1e7/9f2f070828381f30ae4577d1ad014c086e06f06e.jpg
https://gss3.bdstatic.com/7Po3dSag_xI4khGkpoWK1HF6hhy/baike/c0%3Dbaike80%2C5%2C5%2C80%2C26/sign=b5b0ad91f6d3572c72ef948eeb7a0842/fcfaaf51f3deb48f33355ba6f41f3a292df5786e.jpg
https://gss3.bdstatic.com/-Po3dSag_xI4khGkpoWK1HF6hhy/baike/c0%3Dbaike80%2C5%2C5%2C80%2C26/sign=725ec66bd954564ef168ec6bd2b7f7e7/f9198618367adab471e7e13b8fd4b31c8701e497.jpg
https://gss3.bdstatic.com/-Po3dSag_xI4khGkpoWK1HF6hhy/baike/c0%3Dbaike72%2C5%2C5%2C72%2C24/sign=0797fee5cfef7609280691cd4fb4c8a9/b7fd5266d0160924a07b5863d00735fae6cd346f.jpg
https://gss2.bdstatic.com/-fo3dSag_xI4khGkpoWK1HF6hhy/baike/c0%3Dbaike72%2C5%2C5%2C72%2C24/sign=0ee3664948086e067ea5371963611091/d4628535e5dde7112695b98ea3efce1b9d166107.jpg
https://gss1.bdstatic.com/-vo3dSag_xI4khGkpoWK1HF6hhy/baike/c0%3Dbaike72%2C5%2C5%2C72%2C24/sign=2662248cb34543a9e116f29e7f7ee1e7/9213b07eca80653899ac5e6b93dda144ad348200.jpg

https://gss1.bdstatic.com/-vo3dSag_xI4khGkpoWK1HF6hhy/baike/c0%3Dbaike80%2C5%2C5%2C80%2C26/sign=21a0cf8233fa828bc52e95b19c762a51/060828381f30e9242507d7b64c086e061c95f792.jpg

https://gss2.bdstatic.com/9fo3dSag_xI4khGkpoWK1HF6hhy/baike/c0%3Dbaike116%2C5%2C5%2C116%2C38/sign=53a07225f603738dca470470d272db34/6f061d950a7b02089155326462d9f2d3562cc893.jpg
https://gss0.bdstatic.com/-4o3dSag_xI4khGkpoWK1HF6hhy/baike/c0%3Dbaike150%2C5%2C5%2C150%2C50/sign=af764ebc4b36acaf4ded9eae1db0e675/9825bc315c6034a83a46b504cb1349540823768a.jpg
https://gss0.bdstatic.com/-4o3dSag_xI4khGkpoWK1HF6hhy/baike/c0%3Dbaike150%2C5%2C5%2C150%2C50/sign=5fb8d371b74543a9e116f29e7f7ee1e7/0b7b02087bf40ad18e78ca66572c11dfa8ecce93.jpg
https://gss1.bdstatic.com/-vo3dSag_xI4khGkpoWK1HF6hhy/baike/c0%3Dbaike220%2C5%2C5%2C220%2C73/sign=225d26a28a82b90129a0cb6112e4c212/03087bf40ad162d91f726f9911dfa9ec8b13cd93.jpg
https://gss1.bdstatic.com/-vo3dSag_xI4khGkpoWK1HF6hhy/baike/c0%3Dbaike180%2C5%2C5%2C180%2C60/sign=2eaf941a2edda3cc1fe9b07260805264/bd315c6034a85edfe828f3a649540923dc54758a.jpg
https://gss2.bdstatic.com/-fo3dSag_xI4khGkpoWK1HF6hhy/baike/c0%3Dbaike180%2C5%2C5%2C180%2C60/sign=ca361668a3cc7cd9ee203c8b58684a5a/5d6034a85edf8db1ad8a71e10923dd54574e748a.jpg
https://gss2.bdstatic.com/-fo3dSag_xI4khGkpoWK1HF6hhy/baike/c0%3Dbaike150%2C5%2C5%2C150%2C50/sign=59e47b1c8226cffc7d27b7e0d86821f5/7af40ad162d9f2d3b98d296aa9ec8a136227cc93.jpg
https://gss3.bdstatic.com/7Po3dSag_xI4khGkpoWK1HF6hhy/baike/c0%3Dbaike150%2C5%2C5%2C150%2C50/sign=cb361668a3cc7cd9ee203c8b58684a5a/35a85edf8db1cb132ecd3196dd54564e93584b8a.jpg
https://gss3.bdstatic.com/7Po3dSag_xI4khGkpoWK1HF6hhy/baike/c0%3Dbaike150%2C5%2C5%2C150%2C50/sign=ac08ba93cffc1e17e9b284632bf99d66/0bd162d9f2d3572cfe7e91598a13632763d0c393.jpg
https://gss0.bdstatic.com/94o3dSag_xI4khGkpoWK1HF6hhy/baike/c0%3Dbaike150%2C5%2C5%2C150%2C50/sign=46449b797cd98d1062d904634056d36b/5fdf8db1cb13495461bae5e1564e9258d0094a8a.jpg
https://gss0.bdstatic.com/94o3dSag_xI4khGkpoWK1HF6hhy/baike/c0%3Dbaike150%2C5%2C5%2C150%2C50/sign=7287f7491e178a82da3177f2976a18e8/63d9f2d3572c11df594db2a6632762d0f603c293.jpg
https://gss1.bdstatic.com/9vo3dSag_xI4khGkpoWK1HF6hhy/baike/c0%3Dbaike150%2C5%2C5%2C150%2C50/sign=3e5d26a28a82b90129a0cb6112e4c212/f3d3572c11dfa9ec7bb25b9262d0f703908fc193.jpg
https://gss2.bdstatic.com/9fo3dSag_xI4khGkpoWK1HF6hhy/baike/c0%3Dbaike220%2C5%2C5%2C220%2C73/sign=4ba680bb7bec54e755e1124cd851f035/ca1349540923dd543cd7aaedd109b3de9d82488a.jpg
https://gss2.bdstatic.com/9fo3dSag_xI4khGkpoWK1HF6hhy/baike/c0%3Dbaike150%2C5%2C5%2C150%2C50/sign=ecb6b237b9014a9095334eefc81e5277/562c11dfa9ec8a1391865a65f703918fa1ecc093.jpg
https://gss3.bdstatic.com/-Po3dSag_xI4khGkpoWK1HF6hhy/baike/c0%3Dbaike150%2C5%2C5%2C150%2C50/sign=e689395c3901213fdb3e468e358e5db4/48540923dd54564ef9c1e9bcb3de9c82d0584f8a.jpg
https://gss3.bdstatic.com/-Po3dSag_xI4khGkpoWK1HF6hhy/baike/c0%3Dbaike220%2C5%2C5%2C220%2C73/sign=802c91c23912b31bd361c57be7715d1f/10dfa9ec8a1363279171cfb6918fa0ec09fac793.jpg
https://gss1.bdstatic.com/-vo3dSag_xI4khGkpoWK1HF6hhy/baike/c0%3Dbaike150%2C5%2C5%2C150%2C50/sign=5498198ab80e7bec37d70bb34e47d25d/dc54564e9258d109de47a437d158ccbf6d814d8a.jpg
https://gss1.bdstatic.com/-vo3dSag_xI4khGkpoWK1HF6hhy/baike/c0%3Dbaike272%2C5%2C5%2C272%2C90/sign=2f1572582e738bd4d02cba63c0e2ecb3/8b13632762d0f703642e985908fa513d2797c593.jpg
https://gss2.bdstatic.com/-fo3dSag_xI4khGkpoWK1HF6hhy/baike/c0%3Dbaike220%2C5%2C5%2C220%2C73/sign=45ba88e4f8198618554ae7d62b844516/622762d0f703918f564d304f513d269758eec493.jpg

https://gss3.bdstatic.com/7Po3dSag_xI4khGkpoWK1HF6hhy/baike/c0%3Dbaike92%2C5%2C5%2C92%2C30/sign=f351ab4e19950a7b613846966bb809bc/4ec2d5628535e5dd584855a772c6a7efce1b6266.jpg

https://gss2.bdstatic.com/9fo3dSag_xI4khGkpoWK1HF6hhy/baike/c0%3Dbaike80%2C5%2C5%2C80%2C26/sign=8fdb6b7b90ef76c6c4dff379fc7f969f/faedab64034f78f09d3023a979310a55b3191cb4.jpg
https://gss3.bdstatic.com/-Po3dSag_xI4khGkpoWK1HF6hhy/baike/c0%3Dbaike80%2C5%2C5%2C80%2C26/sign=80d838e58c5494ee932f074b4c9c8b9b/eac4b74543a98226bcfa927d8a82b9014a90ebb5.jpg
https://gss2.bdstatic.com/-fo3dSag_xI4khGkpoWK1HF6hhy/baike/c0%3Dbaike80%2C5%2C5%2C80%2C26/sign=e2e87c753a292df583cea447dd583705/8326cffc1e178a82cf07c6faf603738da977e8b5.jpg
https://gss0.bdstatic.com/94o3dSag_xI4khGkpoWK1HF6hhy/baike/c0%3Dbaike80%2C5%2C5%2C80%2C26/sign=13cf27c52edda3cc1fe9b07260805264/962bd40735fae6cd2370153b0fb30f2443a70fa7.jpg
https://gss2.bdstatic.com/-fo3dSag_xI4khGkpoWK1HF6hhy/baike/c0%3Dbaike80%2C5%2C5%2C80%2C26/sign=5f10b26b213fb80e18dc698557b8444b/0eb30f2442a7d933966c5a29ad4bd11372f001a7.jpg
https://gss2.bdstatic.com/-fo3dSag_xI4khGkpoWK1HF6hhy/baike/c0%3Dbaike80%2C5%2C5%2C80%2C26/sign=145e5d63b3de9c82b268f1dd0de8eb6f/4bed2e738bd4b31c01072de187d6277f9e2ff8b5.jpg
https://gss3.bdstatic.com/-Po3dSag_xI4khGkpoWK1HF6hhy/baike/c0%3Dbaike80%2C5%2C5%2C80%2C26/sign=351824b9fd1f4134f43a0d2c4476feaf/b999a9014c086e068e93861102087bf40ad1cbb5.jpg
https://gss2.bdstatic.com/-fo3dSag_xI4khGkpoWK1HF6hhy/baike/c0%3Dbaike92%2C5%2C5%2C92%2C30/sign=299228a87d1ed21b6dc426b7cc07b6a1/42166d224f4a20a4e825859d90529822720ed0b5.jpg
https://gss0.bdstatic.com/-4o3dSag_xI4khGkpoWK1HF6hhy/baike/c0%3Dbaike80%2C5%2C5%2C80%2C26/sign=85dd3a975266d0166a14967af642bf62/bf096b63f6246b60b0350b2eebf81a4c510fa2b5.jpg
https://gss0.bdstatic.com/-4o3dSag_xI4khGkpoWK1HF6hhy/baike/c0%3Dbaike80%2C5%2C5%2C80%2C26/sign=f1fc6aa77b899e516c83324623ceb256/500fd9f9d72a6059e12b58402834349b033bbab5.jpg
https://gss3.bdstatic.com/7Po3dSag_xI4khGkpoWK1HF6hhy/baike/c0%3Dbaike116%2C5%2C5%2C116%2C38/sign=c6f11c389822720e6fc3eaa81aa26123/14ce36d3d539b600f5f5b6ede950352ac65cb7b5.jpg
https://gss3.bdstatic.com/-Po3dSag_xI4khGkpoWK1HF6hhy/baike/c0%3Dbaike80%2C5%2C5%2C80%2C26/sign=ea230aa139dbb6fd3156ed74684dc07d/0b46f21fbe096b634ddde00a0c338744eaf8aca0.jpg
https://gss3.bdstatic.com/-Po3dSag_xI4khGkpoWK1HF6hhy/baike/c0%3Dbaike92%2C5%2C5%2C92%2C30/sign=74d0ab159e2f07084b082252884dd3fc/3801213fb80e7beca7e1babb2f2eb9389b506bb5.jpg
https://gss1.bdstatic.com/9vo3dSag_xI4khGkpoWK1HF6hhy/baike/c0%3Dbaike92%2C5%2C5%2C92%2C30/sign=6a20eebaf703918fc3dc359830544df2/b58f8c5494eef01f332ea19fe0fe9925bc317db5.jpg
https://gss3.bdstatic.com/7Po3dSag_xI4khGkpoWK1HF6hhy/baike/c0%3Dbaike92%2C5%2C5%2C92%2C30/sign=584dacce462309f7f362a54013676796/48540923dd54564e855f5d63b3de9c82d1584fb5.jpg
https://gss2.bdstatic.com/9fo3dSag_xI4khGkpoWK1HF6hhy/baike/c0%3Dbaike92%2C5%2C5%2C92%2C30/sign=4b14b60755fbb2fb202650402e234bc1/bd315c6034a85edf9f4b407949540923dc5475a0.jpg
https://gss0.bdstatic.com/-4o3dSag_xI4khGkpoWK1HF6hhy/baike/c0%3Dbaike80%2C5%2C5%2C80%2C26/sign=f330f0a10a46f21fdd395601974d0005/18d8bc3eb13533faa6712d74a8d3fd1f40345ba0.jpg
https://gss1.bdstatic.com/9vo3dSag_xI4khGkpoWK1HF6hhy/baike/c0%3Dbaike80%2C5%2C5%2C80%2C26/sign=1aebd88d36d12f2eda08a6322eabbe07/c995d143ad4bd11312f70e685aafa40f4bfb05b5.jpg
https://gss0.bdstatic.com/-4o3dSag_xI4khGkpoWK1HF6hhy/baike/c0%3Dbaike80%2C5%2C5%2C80%2C26/sign=fce8faaca7efce1bfe26c098ce3898bb/024f78f0f736afc31536863fb319ebc4b74512b5.jpg

https://gss1.bdstatic.com/-vo3dSag_xI4khGkpoWK1HF6hhy/baike/c0%3Dbaike150%2C5%2C5%2C150%2C50/sign=8490ea0d3bc79f3d9becec62dbc8a674/7a899e510fb30f240f0a43f1c895d143ac4b03ab.jpg
https://gss3.bdstatic.com/7Po3dSag_xI4khGkpoWK1HF6hhy/baike/c0%3Dbaike150%2C5%2C5%2C150%2C50/sign=746a05fff8dcd100d991f07313e22c75/0eb30f2442a7d93387384b81ad4bd11372f001ab.jpg
https://gss0.bdstatic.com/94o3dSag_xI4khGkpoWK1HF6hhy/baike/c0%3Dbaike272%2C5%2C5%2C272%2C90/sign=935066c19245d688b70fbaf6c5ab167b/0e2442a7d933c89581ee3789d11373f0830200ab.jpg
https://gss1.bdstatic.com/9vo3dSag_xI4khGkpoWK1HF6hhy/baike/c0%3Dbaike150%2C5%2C5%2C150%2C50/sign=12d51dc3a18b87d6444fa34d6661435d/6c224f4a20a44623a83e0a909822720e0df3d748.jpg
https://gss2.bdstatic.com/9fo3dSag_xI4khGkpoWK1HF6hhy/baike/c0%3Dbaike150%2C5%2C5%2C150%2C50/sign=25c83b4987d6277ffd1f3a6a49517455/4e4a20a4462309f7329b02e0720e0cf3d6cad648.jpg
https://gss1.bdstatic.com/9vo3dSag_xI4khGkpoWK1HF6hhy/baike/c0%3Dbaike150%2C5%2C5%2C150%2C50/sign=a9714bc2baa1cd1111bb7a72d87ba399/43a7d933c895d143fce64bd173f082025baf07ab.jpg
https://gss3.bdstatic.com/-Po3dSag_xI4khGkpoWK1HF6hhy/baike/c0%3Dbaike116%2C5%2C5%2C116%2C38/sign=efc1f4c41d950a7b613846966bb809bc/21a4462309f790523bebe8cc0cf3d7ca7acbd548.jpg
https://gss2.bdstatic.com/9fo3dSag_xI4khGkpoWK1HF6hhy/baike/c0%3Dbaike116%2C5%2C5%2C116%2C38/sign=c0e84c4ad43f8794c7f2407cb3726591/d833c895d143ad4b83bee93282025aafa50f06ab.jpg

https://gss0.bdstatic.com/94o3dSag_xI4khGkpoWK1HF6hhy/baike/c0%3Dbaike92%2C5%2C5%2C92%2C30/sign=77cdbadbd000baa1ae214fe92679d277/10dfa9ec8a1363278a20b504908fa0ec08fac73c.jpg
https://gss1.bdstatic.com/-vo3dSag_xI4khGkpoWK1HF6hhy/baike/c0%3Dbaike92%2C5%2C5%2C92%2C30/sign=509e9fc350da81cb5aeb8b9f330fbb73/91529822720e0cf32a3a39cc0b46f21fbe09aa3c.jpg
https://gss2.bdstatic.com/-fo3dSag_xI4khGkpoWK1HF6hhy/baike/c0%3Dbaike92%2C5%2C5%2C92%2C30/sign=01d500a0d833c895b2739029b07a1895/d8f9d72a6059252ddadb6a33359b033b5bb5b93c.jpg
https://gss0.bdstatic.com/-4o3dSag_xI4khGkpoWK1HF6hhy/baike/c0%3Dbaike92%2C5%2C5%2C92%2C30/sign=7febdf85d058ccbf0fb1bd6878b1d75b/377adab44aed2e7347e1f01b8601a18b87d6faf9.jpg
https://gss0.bdstatic.com/94o3dSag_xI4khGkpoWK1HF6hhy/baike/c0%3Dbaike92%2C5%2C5%2C92%2C30/sign=b325f11b8601a18be4e61a1dff466c6d/a2cc7cd98d1001e901f06338b90e7bec54e7973c.jpg
https://gss1.bdstatic.com/-vo3dSag_xI4khGkpoWK1HF6hhy/baike/c0%3Dbaike92%2C5%2C5%2C92%2C30/sign=09f92c011c950a7b613846966bb809bc/4ec2d5628535e5dda2e0d2e877c6a7efce1b623c.jpg

https://gss3.bdstatic.com/7Po3dSag_xI4khGkpoWK1HF6hhy/baike/c0%3Dbaike92%2C5%2C5%2C92%2C30/sign=5f0b133a279759ee5e5d6899d3922873/2cf5e0fe9925bc310b9176af5fdf8db1cb13703c.jpg
https://gss2.bdstatic.com/9fo3dSag_xI4khGkpoWK1HF6hhy/baike/c0%3Dbaike92%2C5%2C5%2C92%2C30/sign=24d24bf091529822113e3191b6a310ae/dc54564e9258d109d12fde85d058ccbf6c814d3c.jpg
https://gss3.bdstatic.com/7Po3dSag_xI4khGkpoWK1HF6hhy/baike/c0%3Dbaike92%2C5%2C5%2C92%2C30/sign=66074952b219ebc4d4757ecbe34fa499/c75c10385343fbf2ad27d014b17eca8065388ff9.jpg
https://gss2.bdstatic.com/9fo3dSag_xI4khGkpoWK1HF6hhy/baike/c0%3Dbaike92%2C5%2C5%2C92%2C30/sign=c997f44242a98226accc2375ebebd264/faf2b2119313b07ee8d3263f0dd7912397dd8c9e.jpg
https://gss3.bdstatic.com/7Po3dSag_xI4khGkpoWK1HF6hhy/baike/c0%3Dbaike92%2C5%2C5%2C92%2C30/sign=bce2f01b8601a18be4e61a1dff466c6d/a2cc7cd98d1001e90e376238b90e7bec54e797f9.jpg
https://gss2.bdstatic.com/9fo3dSag_xI4khGkpoWK1HF6hhy/baike/c0%3Dbaike92%2C5%2C5%2C92%2C30/sign=facaea064d086e067ea5371963611091/b8389b504fc2d562c766a6dae61190ef76c66c9e.jpg
https://gss0.bdstatic.com/94o3dSag_xI4khGkpoWK1HF6hhy/baike/c0%3Dbaike92%2C5%2C5%2C92%2C30/sign=da25202063d0f703f2bf9d8e69933a58/f2deb48f8c5494eea029792e2cf5e0fe99257ef9.jpg
https://gss3.bdstatic.com/-Po3dSag_xI4khGkpoWK1HF6hhy/baike/c0%3Dbaike92%2C5%2C5%2C92%2C30/sign=f364db25730e0cf3b4fa46a96b2f997a/9358d109b3de9c82b26e8fb86d81800a19d843f9.jpg
https://gss1.bdstatic.com/9vo3dSag_xI4khGkpoWK1HF6hhy/baike/c0%3Dbaike92%2C5%2C5%2C92%2C30/sign=9ace594b500fd9f9b41a5d3b4444bf4f/a9d3fd1f4134970a4178661894cad1c8a7865df9.jpg
https://gss1.bdstatic.com/-vo3dSag_xI4khGkpoWK1HF6hhy/baike/c0%3Dbaike92%2C5%2C5%2C92%2C30/sign=a279235e242dd42a4b0409f9625230d0/314e251f95cad1c8d2d58a107e3e6709c93d519e.jpg
https://gss3.bdstatic.com/7Po3dSag_xI4khGkpoWK1HF6hhy/baike/c0%3Dbaike92%2C5%2C5%2C92%2C30/sign=83e1d22496dda144ce0464e0d3debbc7/8694a4c27d1ed21b81c258d2ac6eddc451da3ff9.jpg
https://gss0.bdstatic.com/94o3dSag_xI4khGkpoWK1HF6hhy/baike/c0%3Dbaike92%2C5%2C5%2C92%2C30/sign=2d2642ee3801213fdb3e468e358e5db4/d50735fae6cd7b893e674cb40e2442a7d9330ef9.jpg
https://gss2.bdstatic.com/9fo3dSag_xI4khGkpoWK1HF6hhy/baike/c0%3Dbaike92%2C5%2C5%2C92%2C30/sign=31660cc5d462853586edda73f1861da3/d043ad4bd11373f0283419a8a50f4bfbfbed04f9.jpg
https://gss2.bdstatic.com/9fo3dSag_xI4khGkpoWK1HF6hhy/baike/c0%3Dbaike92%2C5%2C5%2C92%2C30/sign=31030cc5d462853586edda73f1861da3/d043ad4bd11373f0285119a8a50f4bfbfbed049e.jpg
https://gss2.bdstatic.com/9fo3dSag_xI4khGkpoWK1HF6hhy/baike/c0%3Dbaike92%2C5%2C5%2C92%2C30/sign=2ebdb3183b292df583cea447dd583705/b219ebc4b74543a938758cfb1f178a82b901149e.jpg
https://gss3.bdstatic.com/7Po3dSag_xI4khGkpoWK1HF6hhy/baike/c0%3Dbaike92%2C5%2C5%2C92%2C30/sign=ce709e53574e9258b2398ebcfdebba3d/3812b31bb051f819414b757ddbb44aed2e73e79f.jpg
https://gss0.bdstatic.com/-4o3dSag_xI4khGkpoWK1HF6hhy/baike/c0%3Dbaike92%2C5%2C5%2C92%2C30/sign=656670fd838ba61ecbe3c07d205dfc6f/86d6277f9e2f0708fc6b5c37e824b899a901f29f.jpg
https://gss3.bdstatic.com/-Po3dSag_xI4khGkpoWK1HF6hhy/baike/c0%3Dbaike92%2C5%2C5%2C92%2C30/sign=843f8a3a71cf3bc7fc0dc5beb069d1c4/0bd162d9f2d3572cf2e9eaeb8b13632762d0c3fa.jpg
https://gss1.bdstatic.com/-vo3dSag_xI4khGkpoWK1HF6hhy/baike/c0%3Dbaike92%2C5%2C5%2C92%2C30/sign=aa43fa15c9fcc3cea0cdc161f32cbded/908fa0ec08fa513dcbc41ae93c6d55fbb2fbd99f.jpg
https://gss1.bdstatic.com/9vo3dSag_xI4khGkpoWK1HF6hhy/baike/c0%3Dbaike92%2C5%2C5%2C92%2C30/sign=b7ca1161d1160924c828aa49b56e5e9f/7acb0a46f21fbe096a54b5236a600c338744adfa.jpg
https://gss1.bdstatic.com/-vo3dSag_xI4khGkpoWK1HF6hhy/baike/c0%3Dbaike92%2C5%2C5%2C92%2C30/sign=021301a0d833c895b2739029b07a1895/d8f9d72a6059252dd91d6b33359b033b5bb5b9fa.jpg
https://gss0.bdstatic.com/-4o3dSag_xI4khGkpoWK1HF6hhy/baike/c0%3Dbaike92%2C5%2C5%2C92%2C30/sign=67a4c1055bafa40f28cbc68fca0d682a/023b5bb5c9ea15ce2287963eb7003af33a87b29f.jpg
https://gss1.bdstatic.com/-vo3dSag_xI4khGkpoWK1HF6hhy/baike/c0%3Dbaike92%2C5%2C5%2C92%2C30/sign=ea62ecc478310a55d029d6a6d62c28cc/e850352ac65c10384e17b8f5b3119313b07e899f.jpg
https://gss0.bdstatic.com/-4o3dSag_xI4khGkpoWK1HF6hhy/baike/c0%3Dbaike92%2C5%2C5%2C92%2C30/sign=5fd9ea703812b31bd361c57be7715d1f/ac345982b2b7d0a220a072aacaef76094b369a9f.jpg
https://gss1.bdstatic.com/-vo3dSag_xI4khGkpoWK1HF6hhy/baike/c0%3Dbaike92%2C5%2C5%2C92%2C30/sign=a37b440f29381f308a1485fbc868276d/b90e7bec54e736d1127afa3f9a504fc2d562699f.jpg
https://gss3.bdstatic.com/7Po3dSag_xI4khGkpoWK1HF6hhy/baike/c0%3Dbaike92%2C5%2C5%2C92%2C30/sign=e6b8c914622762d09433acedc185639f/ae51f3deb48f8c54dbbab3183b292df5e0fe7f9f.jpg
https://gss0.bdstatic.com/94o3dSag_xI4khGkpoWK1HF6hhy/baike/c0%3Dbaike92%2C5%2C5%2C92%2C30/sign=40f0052408f79052fb124f6c6d9abcaf/0823dd54564e9258b15df0d99d82d158ccbf4e9f.jpg
https://gss0.bdstatic.com/-4o3dSag_xI4khGkpoWK1HF6hhy/baike/c0%3Dbaike92%2C5%2C5%2C92%2C30/sign=0754b5236a600c33e474d69a7b253a6a/bd3eb13533fa828bca29ebd4fc1f4134970a5afa.jpg
https://gss0.bdstatic.com/-4o3dSag_xI4khGkpoWK1HF6hhy/baike/c0%3Dbaike92%2C5%2C5%2C92%2C30/sign=adce942d6159252db71a155655f2685e/960a304e251f95caa5ffe481c8177f3e670952fa.jpg
https://gss2.bdstatic.com/-fo3dSag_xI4khGkpoWK1HF6hhy/baike/c0%3Dbaike92%2C5%2C5%2C92%2C30/sign=46f64ff330adcbef15397654cdc645b8/dcc451da81cb39db20a91161d1160924ab18309f.jpg
