
https://gss0.bdstatic.com/-4o3dSag_xI4khGkpoWK1HF6hhy/baike/c0%3Dbaike116%2C5%2C5%2C116%2C38/sign=19095f450ef41bd5ce5ee0a630b3eaae/72f082025aafa40f2fec76b3ab64034f78f019b1.jpg
https://gss3.bdstatic.com/7Po3dSag_xI4khGkpoWK1HF6hhy/baike/c0%3Dbaike150%2C5%2C5%2C150%2C50/sign=04e53f4f9313b07ea9b0585a6dbefa46/e61190ef76c6a7ef310c1048fdfaaf51f3de66b2.jpg
https://gss2.bdstatic.com/-fo3dSag_xI4khGkpoWK1HF6hhy/baike/c0%3Dbaike116%2C5%2C5%2C116%2C38/sign=3c7e5d480924ab18f41be96554938da8/aec379310a55b31985dc3a1b43a98226cffc17b2.jpg
https://gss0.bdstatic.com/94o3dSag_xI4khGkpoWK1HF6hhy/baike/c0%3Dbaike150%2C5%2C5%2C150%2C50/sign=a4f77d413a292df583cea447dd583705/a686c9177f3e6709f924fd913bc79f3df8dc55b3.jpg
https://gss2.bdstatic.com/-fo3dSag_xI4khGkpoWK1HF6hhy/baike/c0%3Dbaike116%2C5%2C5%2C116%2C38/sign=dc897b5d738da9775a228e79d138937c/1c950a7b02087bf49cc8ef87f2d3572c11dfcfbc.jpg
https://gss0.bdstatic.com/-4o3dSag_xI4khGkpoWK1HF6hhy/baike/c0%3Dbaike116%2C5%2C5%2C116%2C38/sign=ecbdcb7d09f79052fb124f6c6d9abcaf/5ab5c9ea15ce36d319203b5e3af33a87e950b1bc.jpg
https://gss3.bdstatic.com/7Po3dSag_xI4khGkpoWK1HF6hhy/baike/c0%3Dbaike150%2C5%2C5%2C150%2C50/sign=744c81c33912b31bd361c57be7715d1f/63d0f703918fa0ec0f3b7989269759ee3c6ddbb1.jpg
https://gss1.bdstatic.com/9vo3dSag_xI4khGkpoWK1HF6hhy/baike/c0%3Dbaike92%2C5%2C5%2C92%2C30/sign=97048b787cd98d1062d904634056d36b/0824ab18972bd4078c23ce797b899e510eb30949.jpg
https://gss2.bdstatic.com/9fo3dSag_xI4khGkpoWK1HF6hhy/baike/c0%3Dbaike92%2C5%2C5%2C92%2C30/sign=6866f187c895d143ce7bec711299e967/d62a6059252dd42a02f51c2f033b5bb5c8eab8b1.jpg
https://gss1.bdstatic.com/-vo3dSag_xI4khGkpoWK1HF6hhy/baike/c0%3Dbaike92%2C5%2C5%2C92%2C30/sign=7ce1b3e44fc2d562e605d8bf8678fb8a/c995d143ad4bd113b629aab65aafa40f4afb0549.jpg
https://gss2.bdstatic.com/-fo3dSag_xI4khGkpoWK1HF6hhy/baike/c0%3Dbaike92%2C5%2C5%2C92%2C30/sign=9da52bfb78f0f736ccf344536b3cd87c/b7003af33a87e95003ebeee810385343faf2b4b1.jpg
https://gss3.bdstatic.com/7Po3dSag_xI4khGkpoWK1HF6hhy/baike/c0%3Dbaike92%2C5%2C5%2C92%2C30/sign=88846b1d8226cffc7d27b7e0d86821f5/b3119313b07eca805af92463912397dda04483b1.jpg
https://gss1.bdstatic.com/-vo3dSag_xI4khGkpoWK1HF6hhy/baike/c0%3Dbaike92%2C5%2C5%2C92%2C30/sign=b397baecd109b3deffb2ec3aadd607e4/b151f8198618367a3f6d62592e738bd4b21ce54a.jpg
https://gss0.bdstatic.com/-4o3dSag_xI4khGkpoWK1HF6hhy/baike/c0%3Dbaike92%2C5%2C5%2C92%2C30/sign=8058a8be19d8bc3ed2050e98e3e2cd7b/8ad4b31c8701a18b6b0f0fcb9e2f07082938fe4a.jpg
https://gss1.bdstatic.com/9vo3dSag_xI4khGkpoWK1HF6hhy/baike/c0%3Dbaike92%2C5%2C5%2C92%2C30/sign=c7ee2fbc28381f308a1485fbc868276d/b90e7bec54e736d176ef918c9b504fc2d46269b1.jpg
https://gss2.bdstatic.com/-fo3dSag_xI4khGkpoWK1HF6hhy/baike/c0%3Dbaike92%2C5%2C5%2C92%2C30/sign=81e74fbdc93d70cf58f7a25f99b5ba65/7af40ad162d9f2d3a9f5396ba9ec8a136227cc4a.jpg
https://gss2.bdstatic.com/9fo3dSag_xI4khGkpoWK1HF6hhy/baike/c0%3Dbaike92%2C5%2C5%2C92%2C30/sign=7b1e81588a13632701e0ca61f0e6cb89/fcfaaf51f3deb48fe695bc5af01f3a292cf578b1.jpg
https://gss1.bdstatic.com/9vo3dSag_xI4khGkpoWK1HF6hhy/baike/c0%3Dbaike116%2C5%2C5%2C116%2C38/sign=56ef918c9b504fc2b652b85784b48c74/8cb1cb1349540923a4957efa9258d109b2de49b1.jpg
https://gss0.bdstatic.com/-4o3dSag_xI4khGkpoWK1HF6hhy/baike/c0%3Dbaike116%2C5%2C5%2C116%2C38/sign=4adab5a2fdfaaf5190ee89eded3dff8b/cdbf6c81800a19d838ff998133fa828ba71e46b1.jpg
https://gss3.bdstatic.com/-Po3dSag_xI4khGkpoWK1HF6hhy/baike/c0%3Dbaike116%2C5%2C5%2C116%2C38/sign=1f2fd8ab3a292df583cea447dd583705/838ba61ea8d3fd1fcaf5bfbe304e251f94ca5fb1.jpg
https://gss2.bdstatic.com/9fo3dSag_xI4khGkpoWK1HF6hhy/baike/c0%3Dbaike150%2C5%2C5%2C150%2C50/sign=75900810462309f7f362a54013676796/342ac65c10385343c1289aa59313b07ecb80884a.jpg
https://gss2.bdstatic.com/9fo3dSag_xI4khGkpoWK1HF6hhy/baike/c0%3Dbaike150%2C5%2C5%2C150%2C50/sign=9510537f0a46f21fdd395601974d0005/cb8065380cd79123d50789f0ad345982b3b7804a.jpg
https://gss3.bdstatic.com/7Po3dSag_xI4khGkpoWK1HF6hhy/baike/c0%3Dbaike150%2C5%2C5%2C150%2C50/sign=141fb436d158ccbf0fb1bd6878b1d75b/fd039245d688d43f20558c767d1ed21b0ff43bb1.jpg
https://gss3.bdstatic.com/7Po3dSag_xI4khGkpoWK1HF6hhy/baike/c0%3Dbaike150%2C5%2C5%2C150%2C50/sign=878f0dab95cad1c8c4b6f4751e570c6c/5366d0160924ab1820eafcb335fae6cd7a890bb1.jpg
https://gss2.bdstatic.com/-fo3dSag_xI4khGkpoWK1HF6hhy/baike/c0%3Dbaike92%2C5%2C5%2C92%2C30/sign=c2f5998c1e950a7b613846966bb809bc/4ec2d5628535e5dd69ec676575c6a7efcf1b624c.jpg
https://gss0.bdstatic.com/-4o3dSag_xI4khGkpoWK1HF6hhy/baike/c0%3Dbaike92%2C5%2C5%2C92%2C30/sign=a6b1a685daf9d72a0369184fb5434351/fc1f4134970a304e99e26240d2c8a786c8175c4c.jpg
https://gss2.bdstatic.com/9fo3dSag_xI4khGkpoWK1HF6hhy/baike/c0%3Dbaike92%2C5%2C5%2C92%2C30/sign=b4f083039d510fb36c147fc5b85aa3f0/8644ebf81a4c510f8bc42fa06359252dd42aa50c.jpg
https://gss0.bdstatic.com/-4o3dSag_xI4khGkpoWK1HF6hhy/baike/c0%3Dbaike92%2C5%2C5%2C92%2C30/sign=f6c20a59542c11dfcadcb771024e09b5/a6efce1b9d16fdfa3b4a0b54b78f8c5494ee7b62.jpg
https://gss3.bdstatic.com/-Po3dSag_xI4khGkpoWK1HF6hhy/baike/c0%3Dbaike92%2C5%2C5%2C92%2C30/sign=fd4fcef0d9b44aed4d43b6b6d275ec64/caef76094b36acaf558a5b467fd98d1001e99c26.jpg
https://gss1.bdstatic.com/-vo3dSag_xI4khGkpoWK1HF6hhy/baike/c0%3Dbaike92%2C5%2C5%2C92%2C30/sign=6529320a66380cd7f213aabfc02dc651/9345d688d43f879471958594d11b0ef41bd53a26.jpg

https://gss0.bdstatic.com/94o3dSag_xI4khGkpoWK1HF6hhy/baike/c0%3Dbaike150%2C5%2C5%2C150%2C50/sign=346af9ecccbf6c81e33a24badd57da50/9345d688d43f87940c2a55aad21b0ef41ad53a58.jpg
https://gss1.bdstatic.com/9vo3dSag_xI4khGkpoWK1HF6hhy/baike/c0%3Dbaike92%2C5%2C5%2C92%2C30/sign=035ff8160cf431ada8df4b6b2a5fc7ca/ac6eddc451da81cb88339e495266d01608243158.jpg
https://gss0.bdstatic.com/-4o3dSag_xI4khGkpoWK1HF6hhy/baike/c0%3Dbaike92%2C5%2C5%2C92%2C30/sign=1124ce797b899e516c83324623ceb256/0d338744ebf81a4c75d1f14dd72a6059242da656.jpg
https://gss2.bdstatic.com/9fo3dSag_xI4khGkpoWK1HF6hhy/baike/c0%3Dbaike92%2C5%2C5%2C92%2C30/sign=1924546d8d1001e95a311c5dd9671089/aa18972bd40735fa5c25533d9e510fb30e240858.jpg

https://gss0.bdstatic.com/94o3dSag_xI4khGkpoWK1HF6hhy/baike/c0%3Dbaike150%2C5%2C5%2C150%2C50/sign=19edc6cef603738dca470470d272db34/a8ec8a13632762d057ef1dd1a0ec08fa503dc68f.jpg
https://gss0.bdstatic.com/-4o3dSag_xI4khGkpoWK1HF6hhy/baike/c0%3Dbaike150%2C5%2C5%2C150%2C50/sign=c9c64a021038534398c28f73f27adb1b/4ec2d5628535e5dd1bfd1cb176c6a7efcf1b628f.jpg
https://gss3.bdstatic.com/-Po3dSag_xI4khGkpoWK1HF6hhy/baike/c0%3Dbaike150%2C5%2C5%2C150%2C50/sign=e1f30072f2d3572c72ef948eeb7a0842/8644ebf81a4c510f32dbb5816059252dd42aa50a.jpg
https://gss1.bdstatic.com/-vo3dSag_xI4khGkpoWK1HF6hhy/baike/c0%3Dbaike150%2C5%2C5%2C150%2C50/sign=1ff1358711dfa9ece9235e4503b99c66/1b4c510fd9f9d72a8d7b4786d42a2834349bbb0a.jpg
https://gss0.bdstatic.com/94o3dSag_xI4khGkpoWK1HF6hhy/baike/c0%3Dbaike80%2C5%2C5%2C80%2C26/sign=19609e495266d0166a14967af642bf62/bf096b63f6246b602c88aff0ebf81a4c500fa2ab.jpg
https://gss3.bdstatic.com/-Po3dSag_xI4khGkpoWK1HF6hhy/baike/c0%3Dbaike80%2C5%2C5%2C80%2C26/sign=f3ad2190ab18972bb737089887a410ec/6a600c338744ebf839f779bbd9f9d72a6159a7ab.jpg
https://gss3.bdstatic.com/-Po3dSag_xI4khGkpoWK1HF6hhy/baike/c0%3Dbaike80%2C5%2C5%2C80%2C26/sign=1e847136b2b7d0a26fc40ccfaa861d6c/50da81cb39dbb6fde1d6f8a20924ab18962b37a0.jpg
https://gss3.bdstatic.com/-Po3dSag_xI4khGkpoWK1HF6hhy/baike/c0%3Dbaike92%2C5%2C5%2C92%2C30/sign=c769a5a401e93901420f856c1a853f82/962bd40735fae6cdc039b6e50fb30f2443a70fa0.jpg
https://gss0.bdstatic.com/-4o3dSag_xI4khGkpoWK1HF6hhy/baike/c0%3Dbaike92%2C5%2C5%2C92%2C30/sign=eb9e918c9b504fc2b652b85784b48c74/d833c895d143ad4b15a35b4482025aafa50f06a0.jpg
https://gss3.bdstatic.com/7Po3dSag_xI4khGkpoWK1HF6hhy/baike/c0%3Dbaike92%2C5%2C5%2C92%2C30/sign=8872fdd68535e5dd8421ad8d17afcc8a/ac4bd11373f082029d1f8cbb4bfbfbedaa641ba0.jpg
https://gss0.bdstatic.com/94o3dSag_xI4khGkpoWK1HF6hhy/baike/c0%3Dbaike92%2C5%2C5%2C92%2C30/sign=4da6d54eaf51f3ded7bfb136f5879b7a/024f78f0f736afc3a98122e1b319ebc4b64512a0.jpg
https://gss3.bdstatic.com/7Po3dSag_xI4khGkpoWK1HF6hhy/baike/c0%3Dbaike92%2C5%2C5%2C92%2C30/sign=79c1f2004aed2e73e8e48e7ee668caee/77094b36acaf2eddec77546d8d1001e9380193ab.jpg
https://gss3.bdstatic.com/7Po3dSag_xI4khGkpoWK1HF6hhy/baike/c0%3Dbaike116%2C5%2C5%2C116%2C38/sign=384c36a38a82b90129a0cb6112e4c212/b999a9014c086e06ea2522cf02087bf40bd1cba1.jpg
https://gss0.bdstatic.com/94o3dSag_xI4khGkpoWK1HF6hhy/baike/c0%3Dbaike116%2C5%2C5%2C116%2C38/sign=644f1919cbef7609280691cd4fb4c8a9/cf1b9d16fdfaaf519b659c3b8c5494eef11f7aab.jpg
https://gss2.bdstatic.com/-fo3dSag_xI4khGkpoWK1HF6hhy/baike/c0%3Dbaike116%2C5%2C5%2C116%2C38/sign=0d577c5336d12f2eda08a6322eabbe07/5d6034a85edf8db1bda861e00923dd54574e74ab.jpg
https://gss2.bdstatic.com/9fo3dSag_xI4khGkpoWK1HF6hhy/baike/c0%3Dbaike116%2C5%2C5%2C116%2C38/sign=6145226562d9f2d3341c2cbdc885e176/730e0cf3d7ca7bcb10f7daabbe096b63f724a8a1.jpg
https://gss0.bdstatic.com/-4o3dSag_xI4khGkpoWK1HF6hhy/baike/c0%3Dbaike116%2C5%2C5%2C116%2C38/sign=7ca4129d2df5e0fefa1581533d095fcd/a71ea8d3fd1f41341bb118fa251f95cad0c85eab.jpg
https://gss0.bdstatic.com/94o3dSag_xI4khGkpoWK1HF6hhy/baike/c0%3Dbaike150%2C5%2C5%2C150%2C50/sign=b54ec84a9925bc313f5009ca3fb6e6d4/6609c93d70cf3bc70786d068d100baa1cc112aab.jpg
https://gss0.bdstatic.com/94o3dSag_xI4khGkpoWK1HF6hhy/baike/c0%3Dbaike150%2C5%2C5%2C150%2C50/sign=6ba861e00923dd54357eaf3ab060d8bb/cc11728b4710b9126847eb7ac3fdfc03934522ab.jpg
https://gss3.bdstatic.com/-Po3dSag_xI4khGkpoWK1HF6hhy/baike/c0%3Dbaike150%2C5%2C5%2C150%2C50/sign=c73aa8be19d8bc3ed2050e98e3e2cd7b/8694a4c27d1ed21ba54f3361ad6eddc450da3fab.jpg
https://gss2.bdstatic.com/9fo3dSag_xI4khGkpoWK1HF6hhy/baike/c0%3Dbaike150%2C5%2C5%2C150%2C50/sign=5d86d068d100baa1ae214fe92679d277/0e2442a7d933c89513f885ffd11373f0830200ab.jpg
https://gss1.bdstatic.com/-vo3dSag_xI4khGkpoWK1HF6hhy/baike/c0%3Dbaike150%2C5%2C5%2C150%2C50/sign=67421233e950352aa56c2d5a322a9097/2e2eb9389b504fc288d3ad81e5dde71191ef6da1.jpg
https://gss0.bdstatic.com/-4o3dSag_xI4khGkpoWK1HF6hhy/baike/c0%3Dbaike150%2C5%2C5%2C150%2C50/sign=0276533d9e510fb36c147fc5b85aa3f0/b21bb051f8198618d2c1f2004aed2e738ad4e6b4.jpg
https://gss1.bdstatic.com/9vo3dSag_xI4khGkpoWK1HF6hhy/baike/c0%3Dbaike150%2C5%2C5%2C150%2C50/sign=ab1bf187c895d143ce7bec711299e967/dbb44aed2e738bd45aa0afb5a18b87d6267ff9b5.jpg
https://gss2.bdstatic.com/-fo3dSag_xI4khGkpoWK1HF6hhy/baike/c0%3Dbaike150%2C5%2C5%2C150%2C50/sign=0ba35a3f4710b912abccfeaca2949766/d043ad4bd11373f044b0721ba40f4bfbfaed04a2.jpg
https://gss2.bdstatic.com/-fo3dSag_xI4khGkpoWK1HF6hhy/baike/c0%3Dbaike80%2C5%2C5%2C80%2C26/sign=77af9bafb051f819e5280b18bbdd2188/caef76094b36acaf60608b787cd98d1000e99cb5.jpg
https://gss2.bdstatic.com/9fo3dSag_xI4khGkpoWK1HF6hhy/baike/c0%3Dbaike92%2C5%2C5%2C92%2C30/sign=16e5084032a85edfee81f671283d6246/1f178a82b9014a905cd727adaf773912b31bee31.jpg
https://gss0.bdstatic.com/94o3dSag_xI4khGkpoWK1HF6hhy/baike/c0%3Dbaike92%2C5%2C5%2C92%2C30/sign=df934a378c82b90129a0cb6112e4c212/cb8065380cd7912387b2f564ab345982b2b7804b.jpg

https://gss2.bdstatic.com/9fo3dSag_xI4khGkpoWK1HF6hhy/baike/c0%3Dbaike80%2C5%2C5%2C80%2C26/sign=a12f003f52afa40f28cbc68fca0d682a/37d3d539b6003af3e8586b6d3d2ac65c1138b6d9.jpg
https://gss0.bdstatic.com/94o3dSag_xI4khGkpoWK1HF6hhy/baike/crop%3D0%2C2%2C1024%2C677%3Bc0%3Dbaike116%2C5%2C5%2C116%2C38/sign=597a3df95dfbb2fb20640252727a0c96/f703738da9773912b38fb0c5f0198618377ae2ec.jpg
https://gss2.bdstatic.com/-fo3dSag_xI4khGkpoWK1HF6hhy/baike/c0%3Dbaike80%2C5%2C5%2C80%2C26/sign=47f6a0a02b3fb80e18dc698557b8444b/0eb30f2442a7d9338e8a48e2a74bd11373f00104.jpg

https://gss1.bdstatic.com/-vo3dSag_xI4khGkpoWK1HF6hhy/baike/c0%3Dbaike80%2C5%2C5%2C80%2C26/sign=aaedc5b035fae6cd18b9a3336eda6441/eaf81a4c510fd9f9eaec71ee252dd42a2934a4b9.jpg
https://gss1.bdstatic.com/9vo3dSag_xI4khGkpoWK1HF6hhy/baike/c0%3Dbaike80%2C5%2C5%2C80%2C26/sign=2574338233fa828bc52e95b19c762a51/060828381f30e92421d32bb64c086e061c95f7c6.jpg
https://gss3.bdstatic.com/7Po3dSag_xI4khGkpoWK1HF6hhy/baike/c0%3Dbaike80%2C5%2C5%2C80%2C26/sign=137f57efccbf6c81e33a24badd57da50/b21c8701a18b87d6a8821898070828381e30fd71.jpg
https://gss1.bdstatic.com/-vo3dSag_xI4khGkpoWK1HF6hhy/baike/c0%3Dbaike80%2C5%2C5%2C80%2C26/sign=97c263b4738da9775a228e79d138937c/b3b7d0a20cf431ad16bde3be4b36acaf2fdd98ce.jpg

https://gss1.bdstatic.com/9vo3dSag_xI4khGkpoWK1HF6hhy/baike/c0%3Dbaike92%2C5%2C5%2C92%2C30/sign=077502920b7b020818c437b303b099b6/d4628535e5dde711f99c69c1a6efce1b9d1661be.jpg
https://gss3.bdstatic.com/7Po3dSag_xI4khGkpoWK1HF6hhy/baike/c0%3Dbaike92%2C5%2C5%2C92%2C30/sign=80708e88a1ec08fa320d1bf538875608/95eef01f3a292df5978d8622bd315c6034a873be.jpg
https://gss1.bdstatic.com/-vo3dSag_xI4khGkpoWK1HF6hhy/baike/c0%3Dbaike92%2C5%2C5%2C92%2C30/sign=c35016f091529822113e3191b6a310ae/dc54564e9258d10936ad8385d058ccbf6c814dbe.jpg
https://gss2.bdstatic.com/9fo3dSag_xI4khGkpoWK1HF6hhy/baike/c0%3Dbaike92%2C5%2C5%2C92%2C30/sign=6a3613f330adcbef15397654cdc645b8/dcc451da81cb39db0c694d61d1160924ab18305f.jpg

https://gss3.bdstatic.com/7Po3dSag_xI4khGkpoWK1HF6hhy/baike/c0%3Dbaike92%2C5%2C5%2C92%2C30/sign=17258725730e0cf3b4fa46a96b2f997a/9358d109b3de9c82562fd3b86d81800a19d843ba.jpg

https://gss2.bdstatic.com/9fo3dSag_xI4khGkpoWK1HF6hhy/baike/c0%3Dbaike92%2C5%2C5%2C92%2C30/sign=fa2e3a2ad52a283457ab3e593adca28f/241f95cad1c8a786536060396609c93d70cf50ba.jpg
https://gss3.bdstatic.com/7Po3dSag_xI4khGkpoWK1HF6hhy/baike/c0%3Dbaike92%2C5%2C5%2C92%2C30/sign=9c4c44b2c8ea15ce55e3e85bd7695196/7e3e6709c93d70cfa4b0803af9dcd100baa12bba.jpg
https://gss2.bdstatic.com/9fo3dSag_xI4khGkpoWK1HF6hhy/baike/c0%3Dbaike92%2C5%2C5%2C92%2C30/sign=a3c01624dc54564ef168ec6bd2b7f7e7/a8773912b31bb051128d991f377adab44aede058.jpg
https://gss2.bdstatic.com/9fo3dSag_xI4khGkpoWK1HF6hhy/baike/c0%3Dbaike92%2C5%2C5%2C92%2C30/sign=6ad513f330adcbef15397654cdc645b8/dcc451da81cb39db0c8a4d61d1160924ab1830ba.jpg
https://gss2.bdstatic.com/9fo3dSag_xI4khGkpoWK1HF6hhy/baike/c0%3Dbaike92%2C5%2C5%2C92%2C30/sign=975fcecfa686c9171c0e5a6ba8541baa/6f061d950a7b0208796115d663d9f2d3572cc858.jpg
https://gss2.bdstatic.com/-fo3dSag_xI4khGkpoWK1HF6hhy/baike/c0%3Dbaike92%2C5%2C5%2C92%2C30/sign=7198d11c9c16fdfacc61cebcd5e6e731/faedab64034f78f02141b0c478310a55b3191cba.jpg
https://gss0.bdstatic.com/-4o3dSag_xI4khGkpoWK1HF6hhy/baike/c0%3Dbaike92%2C5%2C5%2C92%2C30/sign=312349499358d109d0eea1e0b031a7da/b21bb051f8198618da0dc5b34bed2e738bd4e6bb.jpg
https://gss1.bdstatic.com/-vo3dSag_xI4khGkpoWK1HF6hhy/baike/c0%3Dbaike92%2C5%2C5%2C92%2C30/sign=e4d6b24cd01373f0e13267cdc566209e/d52a2834349b033b6e20d6ed14ce36d3d539bd58.jpg
https://gss1.bdstatic.com/-vo3dSag_xI4khGkpoWK1HF6hhy/baike/c0%3Dbaike92%2C5%2C5%2C92%2C30/sign=ad8c991f377adab429dd1311eabdd879/30adcbef76094b36f93a31daa2cc7cd98d109d58.jpg
https://gss3.bdstatic.com/7Po3dSag_xI4khGkpoWK1HF6hhy/baike/c0%3Dbaike92%2C5%2C5%2C92%2C30/sign=04adb269dcc451dae2fb04b9d7943903/08f790529822720e138bc8cd7acb0a46f21fabbb.jpg
https://gss1.bdstatic.com/-vo3dSag_xI4khGkpoWK1HF6hhy/baike/c0%3Dbaike92%2C5%2C5%2C92%2C30/sign=16b27dd7f603918fc3dc359830544df2/b58f8c5494eef01f4fbc32f2e1fe9925bc317d58.jpg
https://gss0.bdstatic.com/94o3dSag_xI4khGkpoWK1HF6hhy/baike/c0%3Dbaike92%2C5%2C5%2C92%2C30/sign=4b889d055bafa40f28cbc68fca0d682a/023b5bb5c9ea15ce0eabca3eb7003af33a87b2bb.jpg
https://gss0.bdstatic.com/94o3dSag_xI4khGkpoWK1HF6hhy/baike/c0%3Dbaike92%2C5%2C5%2C92%2C30/sign=0bd19d21cefc1e17e9b284632bf99d66/9213b07eca80653844af8e2496dda144ad3482bb.jpg
https://gss0.bdstatic.com/-4o3dSag_xI4khGkpoWK1HF6hhy/baike/c0%3Dbaike92%2C5%2C5%2C92%2C30/sign=71aca9073bf33a878a600848a7357b5d/9e3df8dcd100baa169846d8c4610b912c8fc2e58.jpg
https://gss0.bdstatic.com/94o3dSag_xI4khGkpoWK1HF6hhy/baike/c0%3Dbaike92%2C5%2C5%2C92%2C30/sign=e9f7bfeb09fa513d45a7648c5c043e9e/f11f3a292df5e0fee15da3365d6034a85edf72bb.jpg

https://gss0.bdstatic.com/-4o3dSag_xI4khGkpoWK1HF6hhy/baike/c0%3Dbaike220%2C5%2C5%2C220%2C73/sign=bb5949a6c8fcc3cea0cdc161f32cbded/d833c895d143ad4b2d5a834482025aafa40f063a.jpg
https://gss2.bdstatic.com/-fo3dSag_xI4khGkpoWK1HF6hhy/baike/c0%3Dbaike116%2C5%2C5%2C116%2C38/sign=1943b213d933c895b2739029b07a1895/b8014a90f603738dbf10c9a6b31bb051f919ecd8.jpg
https://gss3.bdstatic.com/7Po3dSag_xI4khGkpoWK1HF6hhy/baike/c0%3Dbaike272%2C5%2C5%2C272%2C90/sign=55c02987c895d143ce7bec711299e967/4b90f603738da9772e7543afb051f8198718e3d8.jpg
https://gss2.bdstatic.com/-fo3dSag_xI4khGkpoWK1HF6hhy/baike/c0%3Dbaike150%2C5%2C5%2C150%2C50/sign=3358823f4710b912abccfeaca2949766/d043ad4bd11373f07c4baa1ba40f4bfbfbed043a.jpg
https://gss3.bdstatic.com/7Po3dSag_xI4khGkpoWK1HF6hhy/baike/c0%3Dbaike272%2C5%2C5%2C272%2C90/sign=78dd54767d1ed21b6dc426b7cc07b6a1/ac4bd11373f08202a5e654bb4bfbfbedab641b3a.jpg
https://gss0.bdstatic.com/94o3dSag_xI4khGkpoWK1HF6hhy/baike/c0%3Dbaike116%2C5%2C5%2C116%2C38/sign=a4888daad21b0ef478e5900cbcad3abf/d01373f082025aafa445bb4ffbedab64034f1a3a.jpg
https://gss1.bdstatic.com/9vo3dSag_xI4khGkpoWK1HF6hhy/baike/c0%3Dbaike116%2C5%2C5%2C116%2C38/sign=d1f221f7ad4bd11310c0bf603bc6cf6a/728da9773912b31ba93608ad8618367adbb4e1d8.jpg
https://gss1.bdstatic.com/9vo3dSag_xI4khGkpoWK1HF6hhy/baike/c0%3Dbaike150%2C5%2C5%2C150%2C50/sign=b8583848c3cec3fd9f33af27b7e1bf5a/72f082025aafa40f4ab10b59ab64034f78f0193a.jpg
https://gss3.bdstatic.com/-Po3dSag_xI4khGkpoWK1HF6hhy/baike/c0%3Dbaike116%2C5%2C5%2C116%2C38/sign=b62c21a773f08202399f996d2a929088/3812b31bb051f8199d7fc6cedab44aed2f73e7d8.jpg
https://gss2.bdstatic.com/9fo3dSag_xI4khGkpoWK1HF6hhy/baike/c0%3Dbaike116%2C5%2C5%2C116%2C38/sign=d051fe401bd5ad6ebef46cb8e0a252be/83025aafa40f4bfbf9a75bd0034f78f0f736183a.jpg
https://gss3.bdstatic.com/-Po3dSag_xI4khGkpoWK1HF6hhy/baike/c0%3Dbaike116%2C5%2C5%2C116%2C38/sign=0dbeeb61ad6eddc432eabca958b2dd98/5bafa40f4bfbfbeda82ef3fb78f0f736afc31f3a.jpg
https://gss0.bdstatic.com/-4o3dSag_xI4khGkpoWK1HF6hhy/baike/c0%3Dbaike116%2C5%2C5%2C116%2C38/sign=1f9f5ddaddc451dae2fb04b9d7943903/a50f4bfbfbedab6407058844f736afc379311e3a.jpg
