
https://gss1.bdstatic.com/-vo3dSag_xI4khGkpoWK1HF6hhy/baike/c0%3Dbaike150%2C5%2C5%2C150%2C50/sign=6415755a8a13632701e0ca61f0e6cb89/d8f9d72a6059252da1e0f482349b033b5ab5b945.jpg
https://gss2.bdstatic.com/-fo3dSag_xI4khGkpoWK1HF6hhy/baike/c0%3Dbaike150%2C5%2C5%2C150%2C50/sign=50f25634b9014a9095334eefc81e5277/562c11dfa9ec8a132dc2be66f703918fa1ecc058.jpg
https://gss0.bdstatic.com/94o3dSag_xI4khGkpoWK1HF6hhy/baike/c0%3Dbaike150%2C5%2C5%2C150%2C50/sign=0b0aaabf4b36acaf4ded9eae1db0e675/9825bc315c6034a89e3a5107cb13495408237658.jpg
https://gss0.bdstatic.com/-4o3dSag_xI4khGkpoWK1HF6hhy/baike/c0%3Dbaike150%2C5%2C5%2C150%2C50/sign=87fe4b9dd40735fa85fd46ebff3864d6/f703738da97739129ffd6ce7f8198618377ae259.jpg
https://gss0.bdstatic.com/-4o3dSag_xI4khGkpoWK1HF6hhy/baike/c0%3Dbaike150%2C5%2C5%2C150%2C50/sign=68490deeccbf6c81e33a24badd57da50/9345d688d43f87945009a1a8d21b0ef41ad53a46.jpg

https://gss1.bdstatic.com/9vo3dSag_xI4khGkpoWK1HF6hhy/baike/c0%3Dbaike116%2C5%2C5%2C116%2C38/sign=109b31703fdbb6fd3156ed74684dc07d/aa64034f78f0f736ee82c98a0c55b319ebc41338.jpg
https://gss2.bdstatic.com/9fo3dSag_xI4khGkpoWK1HF6hhy/baike/crop%3D0%2C25%2C800%2C529%3Bc0%3Dbaike92%2C5%2C5%2C92%2C30/sign=66c66e68e3f81a4c327db689ea1a4c6b/14ce36d3d539b6005006d3abe150352ac75cb7e6.jpg
https://gss0.bdstatic.com/-4o3dSag_xI4khGkpoWK1HF6hhy/baike/c0%3Dbaike80%2C5%2C5%2C80%2C26/sign=ae556f1c11dfa9ece9235e4503b99c66/f2deb48f8c5494eeac9902192df5e0fe99257e72.jpg
https://gss1.bdstatic.com/-vo3dSag_xI4khGkpoWK1HF6hhy/baike/c0%3Dbaike150%2C5%2C5%2C150%2C50/sign=790bcec2a6c27d1eb12b33967abcc60b/024f78f0f736afc3d4054303b119ebc4b745124e.jpg

https://gss2.bdstatic.com/9fo3dSag_xI4khGkpoWK1HF6hhy/baike/c0%3Dbaike92%2C5%2C5%2C92%2C30/sign=6d6421631a4c510fbac9ea4801304e48/a71ea8d3fd1f41347d2afad5251f95cad1c85e78.jpg
https://gss2.bdstatic.com/-fo3dSag_xI4khGkpoWK1HF6hhy/baike/c0%3Dbaike92%2C5%2C5%2C92%2C30/sign=db78175f51da81cb5aeb8b9f330fbb73/91529822720e0cf3a1dcb1500a46f21fbe09aa76.jpg
https://gss0.bdstatic.com/-4o3dSag_xI4khGkpoWK1HF6hhy/baike/c0%3Dbaike92%2C5%2C5%2C92%2C30/sign=2e701a8d0924ab18f41be96554938da8/0b46f21fbe096b638a32a1fb0c338744ebf8ac76.jpg
https://gss2.bdstatic.com/9fo3dSag_xI4khGkpoWK1HF6hhy/baike/c0%3Dbaike92%2C5%2C5%2C92%2C30/sign=42831bd8ad4bd11310c0bf603bc6cf6a/242dd42a2834349b892d912ec9ea15ce36d3be76.jpg

https://gss3.bdstatic.com/7Po3dSag_xI4khGkpoWK1HF6hhy/baike/c0%3Dbaike150%2C5%2C5%2C150%2C50/sign=c594348ba8d3fd1f2204aa6851274e7a/ac6eddc451da81cb7ec424685266d01609243170.jpg
https://gss1.bdstatic.com/9vo3dSag_xI4khGkpoWK1HF6hhy/baike/c0%3Dbaike92%2C5%2C5%2C92%2C30/sign=c6b3b5258226cffc7d27b7e0d86821f5/b3119313b07eca8014cefa5b912397dda0448347.jpg
https://gss3.bdstatic.com/7Po3dSag_xI4khGkpoWK1HF6hhy/baike/c0%3Dbaike92%2C5%2C5%2C92%2C30/sign=87ef7094367adab429dd1311eabdd879/30adcbef76094b36d359d851a3cc7cd98c109d47.jpg
https://gss2.bdstatic.com/-fo3dSag_xI4khGkpoWK1HF6hhy/baike/c0%3Dbaike150%2C5%2C5%2C150%2C50/sign=aec2c217033b5bb5aada28ac57babe5c/7dd98d1001e93901a7c94e827bec54e737d19647.jpg
https://gss2.bdstatic.com/-fo3dSag_xI4khGkpoWK1HF6hhy/baike/c0%3Dbaike272%2C5%2C5%2C272%2C90/sign=da10d96efbedab64607f4592965fc4a6/377adab44aed2e73f5cb21898701a18b87d6fa71.jpg
https://gss2.bdstatic.com/9fo3dSag_xI4khGkpoWK1HF6hhy/baike/c0%3Dbaike92%2C5%2C5%2C92%2C30/sign=6825a1a011dfa9ece9235e4503b99c66/cf1b9d16fdfaaf51692842038c5494eef11f7a47.jpg
https://gss1.bdstatic.com/9vo3dSag_xI4khGkpoWK1HF6hhy/baike/c0%3Dbaike272%2C5%2C5%2C272%2C90/sign=fd11c05d2f2eb938f86072a0b40bee50/35a85edf8db1cb13e0a2ffafdd54564e93584b47.jpg
https://gss0.bdstatic.com/-4o3dSag_xI4khGkpoWK1HF6hhy/baike/c0%3Dbaike272%2C5%2C5%2C272%2C90/sign=c2305163ce1b9d169eca923392b7dfea/9d82d158ccbf6c8134fcef54bc3eb13532fa4047.jpg
https://gss1.bdstatic.com/-vo3dSag_xI4khGkpoWK1HF6hhy/baike/c0%3Dbaike272%2C5%2C5%2C272%2C90/sign=291806933a292df583cea447dd583705/838ba61ea8d3fd1ffcc26186304e251f94ca5f47.jpg
https://gss0.bdstatic.com/94o3dSag_xI4khGkpoWK1HF6hhy/baike/c0%3Dbaike272%2C5%2C5%2C272%2C90/sign=4c7427d4ccbf6c81e33a24badd57da50/d000baa1cd11728b97e64f9ec8fcc3cec2fd2c47.jpg
https://gss2.bdstatic.com/-fo3dSag_xI4khGkpoWK1HF6hhy/baike/c0%3Dbaike272%2C5%2C5%2C272%2C90/sign=8955b231462309f7f362a54013676796/023b5bb5c9ea15cef0cc47acb6003af33a87b271.jpg
https://gss3.bdstatic.com/-Po3dSag_xI4khGkpoWK1HF6hhy/baike/c0%3Dbaike272%2C5%2C5%2C272%2C90/sign=132a278cbaa1cd1111bb7a72d87ba399/0824ab18972bd407de0c10417b899e510eb30947.jpg
https://gss3.bdstatic.com/-Po3dSag_xI4khGkpoWK1HF6hhy/baike/c0%3Dbaike116%2C5%2C5%2C116%2C38/sign=5303e09b0cf3d7ca18fb37249376d56c/d439b6003af33a872271a7bfc65c10385343b573.jpg

https://gss3.bdstatic.com/-Po3dSag_xI4khGkpoWK1HF6hhy/baike/c0%3Dbaike150%2C5%2C5%2C150%2C50/sign=913d5fc7a40f4bfb98dd960662261395/86d6277f9e2f07083b071a58e924b899a901f263.jpg
https://gss3.bdstatic.com/7Po3dSag_xI4khGkpoWK1HF6hhy/baike/c0%3Dbaike150%2C5%2C5%2C150%2C50/sign=252e0b9c1bd5ad6ebef46cb8e0a252be/78310a55b319ebc4407046c18226cffc1e171659.jpg
https://gss1.bdstatic.com/9vo3dSag_xI4khGkpoWK1HF6hhy/baike/c0%3Dbaike92%2C5%2C5%2C92%2C30/sign=5e016261c93d70cf58f7a25f99b5ba65/7af40ad162d9f2d3761314b7a9ec8a136327cc63.jpg
https://gss3.bdstatic.com/-Po3dSag_xI4khGkpoWK1HF6hhy/baike/c0%3Dbaike92%2C5%2C5%2C92%2C30/sign=8e87ce7b49540923be646b2cf331ba6c/f703738da9773912b02db539f8198618367ae25a.jpg
https://gss0.bdstatic.com/94o3dSag_xI4khGkpoWK1HF6hhy/baike/c0%3Dbaike92%2C5%2C5%2C92%2C30/sign=f3c2f96b9245d688b70fbaf6c5ab167b/279759ee3d6d55fb82c4467e6d224f4a20a4dd63.jpg
https://gss3.bdstatic.com/7Po3dSag_xI4khGkpoWK1HF6hhy/baike/c0%3Dbaike92%2C5%2C5%2C92%2C30/sign=bfe5f8774134970a537e187df4a3baad/29381f30e924b899be3749606e061d950a7bf65a.jpg
https://gss0.bdstatic.com/-4o3dSag_xI4khGkpoWK1HF6hhy/baike/c0%3Dbaike116%2C5%2C5%2C116%2C38/sign=96b4bc694a90f60310bd9415587bd87e/4d086e061d950a7b1e3e7e9c0ad162d9f2d3c95a.jpg
https://gss3.bdstatic.com/7Po3dSag_xI4khGkpoWK1HF6hhy/baike/c0%3Dbaike92%2C5%2C5%2C92%2C30/sign=72c5e3a57b899e516c83324623ceb256/0d338744ebf81a4c1630dc91d72a6059252da663.jpg
https://gss2.bdstatic.com/9fo3dSag_xI4khGkpoWK1HF6hhy/baike/c0%3Dbaike92%2C5%2C5%2C92%2C30/sign=a073d3e0d43f8794c7f2407cb3726591/3c6d55fbb2fb43165f144a2220a4462309f7d35a.jpg
https://gss3.bdstatic.com/-Po3dSag_xI4khGkpoWK1HF6hhy/baike/c0%3Dbaike80%2C5%2C5%2C80%2C26/sign=4628d7730ef41bd5ce5ee0a630b3eaae/91529822720e0cf3ecfc7ea30a46f21fbe09aa5a.jpg
https://gss2.bdstatic.com/9fo3dSag_xI4khGkpoWK1HF6hhy/baike/c0%3Dbaike80%2C5%2C5%2C80%2C26/sign=74288feab9014a9095334eefc81e5277/a044ad345982b2b7ba9d099c31adcbef76099b63.jpg
https://gss2.bdstatic.com/-fo3dSag_xI4khGkpoWK1HF6hhy/baike/c0%3Dbaike150%2C5%2C5%2C150%2C50/sign=70a15c863d6d55fbd1cb7e740c4b242f/14ce36d3d539b6006cc53fefe950352ac65cb75a.jpg
https://gss3.bdstatic.com/7Po3dSag_xI4khGkpoWK1HF6hhy/baike/c0%3Dbaike80%2C5%2C5%2C80%2C26/sign=58409b47070828387c00d446d9f0c264/37d12f2eb9389b5030fdd00a8535e5dde7116e63.jpg
https://gss3.bdstatic.com/-Po3dSag_xI4khGkpoWK1HF6hhy/baike/c0%3Dbaike80%2C5%2C5%2C80%2C26/sign=9c0fec4cb899a9012f3853647cfc611e/4ec2d5628535e5dd642e958776c6a7efce1b6263.jpg
https://gss2.bdstatic.com/9fo3dSag_xI4khGkpoWK1HF6hhy/baike/c0%3Dbaike80%2C5%2C5%2C80%2C26/sign=804407607bf40ad101e9cfb136457aba/a6efce1b9d16fdfa256ef6b6b48f8c5494ee7b63.jpg

https://gss1.bdstatic.com/9vo3dSag_xI4khGkpoWK1HF6hhy/baike/c0%3Dbaike150%2C5%2C5%2C150%2C50/sign=cf0fa1eed109b3deffb2ec3aadd607e4/c9fcc3cec3fdfc030b04e53ed43f8794a4c22633.jpg
https://gss3.bdstatic.com/-Po3dSag_xI4khGkpoWK1HF6hhy/baike/c0%3Dbaike150%2C5%2C5%2C150%2C50/sign=032e3a92ab18972bb737089887a410ec/b8014a90f603738d7a4f0aa4b31bb051f819ec2b.jpg
https://gss3.bdstatic.com/7Po3dSag_xI4khGkpoWK1HF6hhy/baike/c0%3Dbaike150%2C5%2C5%2C150%2C50/sign=e089487d0a46f21fdd395601974d0005/cb8065380cd79123a09e92f2ad345982b2b7803d.jpg
https://gss2.bdstatic.com/9fo3dSag_xI4khGkpoWK1HF6hhy/baike/c0%3Dbaike150%2C5%2C5%2C150%2C50/sign=1eabc3a93a292df583cea447dd583705/a686c9177f3e6709437843793bc79f3df8dc553f.jpg
https://gss2.bdstatic.com/9fo3dSag_xI4khGkpoWK1HF6hhy/baike/c0%3Dbaike150%2C5%2C5%2C150%2C50/sign=172b664db2fb43160e12722841cd2d46/d439b6003af33a87c316069cc65c10385343b538.jpg
https://gss0.bdstatic.com/94o3dSag_xI4khGkpoWK1HF6hhy/baike/c0%3Dbaike150%2C5%2C5%2C150%2C50/sign=9c171b82349b033b3885f48874a75db6/a2cc7cd98d1001e9713c1289b80e7bec54e79737.jpg
https://gss1.bdstatic.com/-vo3dSag_xI4khGkpoWK1HF6hhy/baike/c0%3Dbaike150%2C5%2C5%2C150%2C50/sign=1082626c81cb39dbd5cd6f04b17f6241/b64543a98226cffcd351b934b9014a90f603ea39.jpg
https://gss0.bdstatic.com/-4o3dSag_xI4khGkpoWK1HF6hhy/baike/c0%3Dbaike180%2C5%2C5%2C180%2C60/sign=663f6919a40f4bfb98dd960662261395/a08b87d6277f9e2fe3351b8e1f30e924b899f330.jpg

https://gss2.bdstatic.com/-fo3dSag_xI4khGkpoWK1HF6hhy/baike/c0%3Dbaike116%2C5%2C5%2C116%2C38/sign=0b1a3d69d1c8a786aa27425c0660a258/d31b0ef41bd5ad6ef3c1f97981cb39dbb6fd3c6c.jpg
https://gss3.bdstatic.com/7Po3dSag_xI4khGkpoWK1HF6hhy/baike/c0%3Dbaike116%2C5%2C5%2C116%2C38/sign=bacf796ba786c9171c0e5a6ba8541baa/0ff41bd5ad6eddc47edf296839dbb6fd5266336c.jpg
https://gss2.bdstatic.com/9fo3dSag_xI4khGkpoWK1HF6hhy/baike/c0%3Dbaike220%2C5%2C5%2C220%2C73/sign=7c715dac28381f308a1485fbc868276d/4e4a20a4462309f7720cc286720e0cf3d6cad6c7.jpg
https://gss3.bdstatic.com/-Po3dSag_xI4khGkpoWK1HF6hhy/baike/c0%3Dbaike220%2C5%2C5%2C220%2C73/sign=e456729c1f30e924dba994632d610563/21a4462309f790527b7c28aa0cf3d7ca7acbd5c7.jpg
https://gss0.bdstatic.com/-4o3dSag_xI4khGkpoWK1HF6hhy/baike/c0%3Dbaike116%2C5%2C5%2C116%2C38/sign=c35a3afd252dd42a4b0409f9625230d0/96dda144ad345982a6c78a060cf431adcaef84d0.jpg

https://gss3.bdstatic.com/-Po3dSag_xI4khGkpoWK1HF6hhy/baike/c0%3Dbaike150%2C5%2C5%2C150%2C50/sign=691c21a7b07eca80060831b5f04afcb8/91ef76c6a7efce1b461b4f4eaf51f3deb48f6506.jpg
https://gss2.bdstatic.com/9fo3dSag_xI4khGkpoWK1HF6hhy/baike/c0%3Dbaike150%2C5%2C5%2C150%2C50/sign=4c4020ecd109b3deffb2ec3aadd607e4/c9fcc3cec3fdfc03884b643cd43f8794a4c22606.jpg
https://gss0.bdstatic.com/94o3dSag_xI4khGkpoWK1HF6hhy/baike/c0%3Dbaike150%2C5%2C5%2C150%2C50/sign=85c8bd63912397ddc274905638ebd9d2/9c16fdfaaf51f3de547f3de094eef01f3b297961.jpg
https://gss0.bdstatic.com/-4o3dSag_xI4khGkpoWK1HF6hhy/baike/c0%3Dbaike180%2C5%2C5%2C180%2C60/sign=5ebaf8592e738bd4d02cba63c0e2ecb3/58ee3d6d55fbb2fbc718df964f4a20a44623dc07.jpg
https://gss1.bdstatic.com/-vo3dSag_xI4khGkpoWK1HF6hhy/baike/c0%3Dbaike150%2C5%2C5%2C150%2C50/sign=c3a0be070f2442a7ba03f5f7b02ac62e/f9198618367adab4171c9fc78bd4b31c8601e462.jpg
https://gss0.bdstatic.com/94o3dSag_xI4khGkpoWK1HF6hhy/baike/c0%3Dbaike150%2C5%2C5%2C150%2C50/sign=fb8a063b8c5494ee932f074b4c9c8b9b/241f95cad1c8a786c143cd8a6709c93d71cf50cc.jpg

https://gss3.bdstatic.com/-Po3dSag_xI4khGkpoWK1HF6hhy/baike/c0%3Dbaike180%2C5%2C5%2C180%2C60/sign=90fd85846b600c33e474d69a7b253a6a/96dda144ad3459824929a3020cf431adcaef84fb.jpg
https://gss3.bdstatic.com/7Po3dSag_xI4khGkpoWK1HF6hhy/baike/c0%3Dbaike150%2C5%2C5%2C150%2C50/sign=e8f48b7cd100baa1ae214fe92679d277/0e2442a7d933c895a68adeebd11373f0830200ad.jpg
https://gss2.bdstatic.com/-fo3dSag_xI4khGkpoWK1HF6hhy/baike/c0%3Dbaike116%2C5%2C5%2C116%2C38/sign=8630d3679f3df8dcb23087c3ac7819ee/b7fd5266d01609245de77f8bd40735fae7cd3464.jpg
https://gss3.bdstatic.com/-Po3dSag_xI4khGkpoWK1HF6hhy/baike/c0%3Dbaike116%2C5%2C5%2C116%2C38/sign=8dd56411cb1349546a13e0363727f93d/d0c8a786c9177f3eb403209d70cf3bc79f3d566f.jpg
https://gss0.bdstatic.com/-4o3dSag_xI4khGkpoWK1HF6hhy/baike/c0%3Dbaike92%2C5%2C5%2C92%2C30/sign=fc3edd3b033b5bb5aada28ac57babe5c/a686c9177f3e67091d37996f3bc79f3df8dc556f.jpg
https://gss1.bdstatic.com/-vo3dSag_xI4khGkpoWK1HF6hhy/baike/c0%3Dbaike116%2C5%2C5%2C116%2C38/sign=1e19a0f40923dd54357eaf3ab060d8bb/c8177f3e6709c93da5c5d2679f3df8dcd100546f.jpg
https://gss3.bdstatic.com/7Po3dSag_xI4khGkpoWK1HF6hhy/baike/c0%3Dbaike180%2C5%2C5%2C180%2C60/sign=d2e07d6ad1c8a786aa27425c0660a258/5366d0160924ab1860d43ca735fae6cd7a890b64.jpg
https://gss2.bdstatic.com/-fo3dSag_xI4khGkpoWK1HF6hhy/baike/c0%3Dbaike150%2C5%2C5%2C150%2C50/sign=ec23c455e0fe9925df01610255c135ba/7e3e6709c93d70cfedcd769df8dcd100baa12b6f.jpg
https://gss0.bdstatic.com/94o3dSag_xI4khGkpoWK1HF6hhy/baike/c0%3Dbaike92%2C5%2C5%2C92%2C30/sign=5450c67da3cc7cd9ee203c8b58684a5a/d1160924ab18972b2cf8dd5ae6cd7b899f510a64.jpg
https://gss1.bdstatic.com/9vo3dSag_xI4khGkpoWK1HF6hhy/baike/c0%3Dbaike92%2C5%2C5%2C92%2C30/sign=d7224b6c7cd98d1062d904634056d36b/0824ab18972bd407cc050e6d7b899e510eb30964.jpg
https://gss0.bdstatic.com/94o3dSag_xI4khGkpoWK1HF6hhy/baike/c0%3Dbaike150%2C5%2C5%2C150%2C50/sign=38f47085bc315c60579863bdecd8a076/c83d70cf3bc79f3d20d638a0baa1cd11728b296f.jpg
https://gss2.bdstatic.com/9fo3dSag_xI4khGkpoWK1HF6hhy/baike/c0%3Dbaike116%2C5%2C5%2C116%2C38/sign=2bff5201cd11728b24208470a995a8ab/aa18972bd40735fa1c3293299e510fb30e240864.jpg

https://gss3.bdstatic.com/7Po3dSag_xI4khGkpoWK1HF6hhy/baike/c0%3Dbaike116%2C5%2C5%2C116%2C38/sign=240e6872b74543a9e116f29e7f7ee1e7/9f2f070828381f307e333b2fa9014c086e06f00a.jpg
https://gss1.bdstatic.com/9vo3dSag_xI4khGkpoWK1HF6hhy/baike/c0%3Dbaike150%2C5%2C5%2C150%2C50/sign=62fa28d2034f78f0940692a118586130/29381f30e924b8993016cfbe6e061d950a7bf60a.jpg
https://gss3.bdstatic.com/7Po3dSag_xI4khGkpoWK1HF6hhy/baike/c0%3Dbaike272%2C5%2C5%2C272%2C90/sign=74e228d2034f78f0940692a118586130/4bed2e738bd4b31c080e223d87d6277f9e2ff802.jpg
https://gss2.bdstatic.com/9fo3dSag_xI4khGkpoWK1HF6hhy/baike/c0%3Dbaike150%2C5%2C5%2C150%2C50/sign=317380f978f0f736ccf344536b3cd87c/1e30e924b899a901d61fedb01d950a7b0208f50a.jpg
https://gss0.bdstatic.com/94o3dSag_xI4khGkpoWK1HF6hhy/baike/c0%3Dbaike116%2C5%2C5%2C116%2C38/sign=3b6b80f978f0f736ccf344536b3cd87c/2f738bd4b31c870131840460277f9e2f0708ff02.jpg

https://gss2.bdstatic.com/9fo3dSag_xI4khGkpoWK1HF6hhy/baike/c0%3Dbaike116%2C5%2C5%2C116%2C38/sign=f5be89ecad345982d187edc06d9d5ac8/8435e5dde71190ef14a58f47ce1b9d16fcfa60cf.jpg
https://gss2.bdstatic.com/9fo3dSag_xI4khGkpoWK1HF6hhy/baike/c0%3Dbaike92%2C5%2C5%2C92%2C30/sign=70d78eb6a8d3fd1f2204aa6851274e7a/9f2f070828381f301b789031a9014c086f06f0c1.jpg
https://gss2.bdstatic.com/-fo3dSag_xI4khGkpoWK1HF6hhy/baike/c0%3Dbaike150%2C5%2C5%2C150%2C50/sign=c0bba519cb1349546a13e0363727f93d/d000baa1cd11728bd97491bac8fcc3cec2fd2cc8.jpg
https://gss3.bdstatic.com/-Po3dSag_xI4khGkpoWK1HF6hhy/baike/c0%3Dbaike116%2C5%2C5%2C116%2C38/sign=0d305a25a9773912d02b8d339970ed7d/0b7b02087bf40ad199eadb7b572c11dfa9ecce18.jpg

https://gss3.bdstatic.com/-Po3dSag_xI4khGkpoWK1HF6hhy/baike/c0%3Dbaike220%2C5%2C5%2C220%2C73/sign=3896099c9245d688b70fbaf6c5ab167b/d01373f082025aaf5f64be64fbedab64024f1acf.jpg
https://gss0.bdstatic.com/94o3dSag_xI4khGkpoWK1HF6hhy/baike/c0%3Dbaike150%2C5%2C5%2C150%2C50/sign=5c8b05803a292df583cea447dd583705/a686c9177f3e6709015885503bc79f3df9dc55c1.jpg
https://gss1.bdstatic.com/-vo3dSag_xI4khGkpoWK1HF6hhy/baike/c0%3Dbaike150%2C5%2C5%2C150%2C50/sign=c45f3d0ad143ad4bb2234e92e36b31ca/4bed2e738bd4b31c9a6d541487d6277f9f2ff8c8.jpg
https://gss2.bdstatic.com/9fo3dSag_xI4khGkpoWK1HF6hhy/baike/c0%3Dbaike150%2C5%2C5%2C150%2C50/sign=71c577b9cffc1e17e9b284632bf99d66/0bd162d9f2d3572c23b35c738a13632763d0c3c8.jpg
https://gss0.bdstatic.com/94o3dSag_xI4khGkpoWK1HF6hhy/baike/c0%3Dbaike150%2C5%2C5%2C150%2C50/sign=e8f55c9e4c086e067ea5371963611091/7acb0a46f21fbe093b0f03bb6b600c338644adc8.jpg

https://gss1.bdstatic.com/9vo3dSag_xI4khGkpoWK1HF6hhy/baike/c0%3Dbaike92%2C5%2C5%2C92%2C30/sign=2a07b6559045d688b70fbaf6c5ab167b/279759ee3d6d55fb5b0109406f224f4a21a4dd95.jpg
https://gss0.bdstatic.com/94o3dSag_xI4khGkpoWK1HF6hhy/baike/c0%3Dbaike80%2C5%2C5%2C80%2C26/sign=05c77cd902087bf469e15fbb93ba3c49/77c6a7efce1b9d16e5a8d9f3f3deb48f8c546430.jpg
https://gss2.bdstatic.com/9fo3dSag_xI4khGkpoWK1HF6hhy/baike/c0%3Dbaike92%2C5%2C5%2C92%2C30/sign=41de9ddd3312b31bd361c57be7715d1f/ac345982b2b7d0a23ea70507c1ef76094b369a39.jpg
https://gss0.bdstatic.com/-4o3dSag_xI4khGkpoWK1HF6hhy/baike/c0%3Dbaike150%2C5%2C5%2C150%2C50/sign=05189a468013632701e0ca61f0e6cb89/d8f9d72a6059252dc0ed1b9e3e9b033b5ab5b9b5.jpg
https://gss3.bdstatic.com/7Po3dSag_xI4khGkpoWK1HF6hhy/baike/c0%3Dbaike92%2C5%2C5%2C92%2C30/sign=2207759e9d0a304e462fa8a8b0a1cce3/1e30e924b899a90193105aac17950a7b0208f507.jpg

https://gss3.bdstatic.com/-Po3dSag_xI4khGkpoWK1HF6hhy/baike/c0%3Dbaike116%2C5%2C5%2C116%2C38/sign=5f0ce626a6c27d1eb12b33967abcc60b/d043ad4bd11373f009313b1da60f4bfbfbed0421.jpg
https://gss1.bdstatic.com/9vo3dSag_xI4khGkpoWK1HF6hhy/baike/c0%3Dbaike92%2C5%2C5%2C92%2C30/sign=56cd986ed300baa1ae214fe92679d277/10dfa9ec8a136327ab2097b1938fa0ec09fac767.jpg
https://gss3.bdstatic.com/-Po3dSag_xI4khGkpoWK1HF6hhy/baike/c0%3Dbaike116%2C5%2C5%2C116%2C38/sign=5f7fe626a6c27d1eb12b33967abcc60b/d043ad4bd11373f009423b1da60f4bfbfbed0436.jpg
https://gss3.bdstatic.com/7Po3dSag_xI4khGkpoWK1HF6hhy/baike/c0%3Dbaike116%2C5%2C5%2C116%2C38/sign=0b7e551a5cdf8db1a8237436684ab631/241f95cad1c8a7869e091e8c6509c93d70cf5014.jpg
https://gss1.bdstatic.com/-vo3dSag_xI4khGkpoWK1HF6hhy/baike/c0%3Dbaike92%2C5%2C5%2C92%2C30/sign=06aba85817ce36d3b6098b625b9a51e2/6609c93d70cf3bc7c223996ed300baa1cd112a14.jpg
https://gss1.bdstatic.com/-vo3dSag_xI4khGkpoWK1HF6hhy/baike/c0%3Dbaike116%2C5%2C5%2C116%2C38/sign=49475448e4cd7b89fd6132d16e4d29c2/b64543a98226cffc8357eb30bb014a90f603ea37.jpg
