
https://www.huabaike.com/uploads/allimg/sltimg/201609/57d1201ca03ce.jpg	https://www.huabaike.com/jtyh/5151.html
http://www.baihuamen.com/d/file/2014/03-09/25e72c6fb8af40e9d4642a71e1eefc6e.jpg	http://www.baihuamen.com/dahuacong/
https://www.huabaike.com/uploads/allimg/sltimg/201702/58b033a5114b5.jpg	https://www.huabaike.com/jtyh/5151.html
http://a0.att.hudong.com/23/41/01100000000000144727419185017_s.jpg	http://www.baike.com/wiki/%E5%A4%A7%E8%8A%B1%E8%91%B1
http://www.huacaijia.com/bbs/data/attachment/forum/201512/21/160749m47u040skdhu909h.png	http://www.huacaijia.com/bbs/thread-119507-1-1.html
http://info.qingdaoexpo2014.org/pic/img/img/2013/10/16/u123/3716qMJ.jpg	http://info.qingdaoexpo2014.org/en/baike/view_724.html
http://www.huacaijia.com/bbs/data/attachment/forum/201510/28/092402sth2h9le4ctr5lh9.jpg	http://www.huacaijia.com/bbs/thread-119195-1-1.html
http://s5.sinaimg.cn/middle/5a90e548g79a3ef79a374&690	http://blog.sina.com.cn/s/blog_5a90e5480102e0pu.html
http://s11.sinaimg.cn/mw690/001ROMKqgy6VpVUb0gOda&690	http://blog.sina.com.cn/s/blog_66019f9e0102vnir.html
https://www.huabaike.com/uploads/allimg/artimg/201609/20160908162444_69460.jpg	https://www.huabaike.com/jtyh/5151.html
http://ww4.sinaimg.cn/large/70b34976gw1ewmiu4f7i3j20m80gowmh.jpg	http://blog.sina.com.cn/s/blog_70b349760102w004.html
https://www.huabaike.com/uploads/allimg/sltimg/201703/58ce3395e5646.jpg	https://www.huabaike.com/jtyh/5151.html
http://a1.att.hudong.com/84/41/20200000013920144727418763234_s.jpg	http://www.baike.com/wiki/%E5%A4%A7%E8%8A%B1%E8%91%B1
https://gss3.bdstatic.com/7Po3dSag_xI4khGkpoWK1HF6hhy/baike/s%3D220/sign=ae04bafcad014c081d3b2fa73a7b025b/8644ebf81a4c510f9ed9d54f6459252dd42aa541.jpg	https://baike.baidu.com/item/%E5%A4%A7%E8%8A%B1%E8%91%B1
http://info.qingdaoexpo2014.org/pic/img/img/2013/10/16/u123/2352kvw.jpg	http://info.qingdaoexpo2014.org/en/baike/view_724.html
http://www.baihuamen.com/d/file/2014/03-09/4e3bf4398f1c9904ee07986e8c3a4ac0.jpg	http://www.baihuamen.com/dahuacong/
http://s15.sinaimg.cn/mw690/001PjUGhgy71Up6KdvE2e&690	http://blog.sina.com.cn/s/blog_63ce6a950102wco0.html
http://www.ew9z.com/wp-content/uploads/2010/11/Allium_giganteum_plant_flowers_01.jpg	http://www.ew9z.com/dahuacong-tupian-ziliao.html
https://gss2.bdstatic.com/-fo3dSag_xI4khGkpoWK1HF6hhy/baike/s%3D220/sign=fcbbd391e4fe9925cf0c6e5204a95ee4/cc11728b4710b9120e6e3daac7fdfc0392452233.jpg	https://baike.baidu.com/item/%E5%A4%A7%E8%8A%B1%E8%91%B1
http://www.baihuamen.com/d/file/2014/03-09/0f26cd4f3a8f8aa6a5a7b174064008cb.jpg	http://www.baihuamen.com/dahuacong/
https://www.huabaike.com/uploads/allimg/sltimg/201702/58b034d3c1339.jpg	https://www.huabaike.com/jtyh/5151.html
http://www.52yhua.com/uploads/allimg/160925/1-160925212G8.jpg	http://www.52yhua.com/jishu/4901.html
http://www.fpcn.net/uploads/allimg/131009/2-13100ZKU5M5.JPG	http://www.fpcn.net/a/qiugenhuahui/20131009/Allium_giganteum.html
http://www.baihuamen.com/d/file/2014/03-09/7575e46cc8d31287e967c56e7d84d392.jpg	http://www.baihuamen.com/dahuacong/4363.html
http://img.mp.itc.cn/upload/20170505/86836dd3a45247dead7df1cc26280ba0_th.jpeg	http://www.sohu.com/a/138375593_685108
http://s1.sinaimg.cn/middle/5a90e548gc067652a15d0&690	http://blog.sina.com.cn/s/blog_5a90e5480102e0pu.html
http://www.hepgds.com/wp-content/uploads/2012/12/12130201.jpg	http://www.hepgds.com/3121.html
http://img.niaolei.org.cn/wp-uploads/50/UAbUhL3z.jpg	http://niaolei.org.cn/posts/49512
http://img.mp.itc.cn/upload/20170505/6c900a63acf348b587941f6c3e57d6f0_th.jpeg	http://www.sohu.com/a/138375593_685108
http://www.38fan.com/uploads/allimg/160527/51_160527172840_1.png	http://www.38fan.com/zhiwu/20160527140992.html
http://www.52yhua.com/uploads/allimg/160925/1-160925212F6.jpg	http://www.52yhua.com/jishu/4901.html
http://img.mp.itc.cn/upload/20170505/cc23b7446ac84b7f856913c11d4e40e4_th.jpeg	http://www.sohu.com/a/138375593_685108
http://www.baihuamen.com/d/file/2014/03-09/dbbe9cec590df208c9dd99b66d2ccaf2.jpg	http://www.baihuamen.com/dahuacong/
http://img.mp.itc.cn/upload/20170505/1fae39f70206458a8f79c5a1466ed9aa_th.jpeg	http://www.sohu.com/a/138375593_685108
http://www.38fan.com/uploads/allimg/160527/51_160527172936_1.png	http://www.38fan.com/zhiwu/20160527140992.html
http://s9.sinaimg.cn/mw690/001PjUGhgy71Up6sXwYc8&690	http://blog.sina.com.cn/s/blog_63ce6a950102wco0.html
http://s11.sinaimg.cn/middle/66019f9ena1e507671d0a&690	http://blog.sina.com.cn/s/blog_66019f9e0100rftc.html
http://img2.ph.126.net/n6Sd0WgHwopn5oSSgXcJfQ==/573083052600787457.jpg	http://xyhss.cool.blog.163.com/blog/static/12856076620136384447726/
https://www.huabaike.com/uploads/allimg/sltimg/201702/58998b42dcb4a.jpg	https://www.huabaike.com/jtyh/7084.html
http://www.baihuamen.com/d/file/2014/03-09/e9868042e2140235789e46690d828361.jpg	http://www.baihuamen.com/dahuacong/
https://www.huabaike.com/uploads/allimg/artimg/201702/20170207165456_20085.jpg	https://www.huabaike.com/jtyh/7084.html
http://www.wed114.cn/jiehun/uploads/allimg/160510/42_160510140836_1.jpg	http://www.wed114.cn/jiehun/zhiwu/20160510145850_2.html
https://www.huabaike.com/uploads/allimg/artimg/201702/20170224212616_47029.jpg	https://www.huabaike.com/hyjk/7376.html
http://img.bimg.126.net/photo/iwFW-VqG8tEaTfYoVjFC1g==/4563835272403712021.jpg	http://www.lofter.com/tag/%E5%A4%A7%E8%8A%B1%E8%91%B1
http://img.mp.itc.cn/upload/20170505/d0e1a9edabe44c6a9ceeb5d8ee1bfeb9_th.jpeg	http://www.sohu.com/a/138375593_685108
http://img2.ph.126.net/EltPBT8QOSNEgIjPKLu7rw==/3387832819789489730.jpg	http://jsnjbd505180.blog.163.com/blog/static/111308933201341475726159/
http://z.xiziwang.net/uploads/allimg/140821/14_140821163826_1.jpg	http://z.xiziwang.net/hua/14722/
https://www.huabaike.com/uploads/allimg/artimg/201702/20170224212652_10230.jpg	https://www.huabaike.com/hyjk/7376.html
http://www.baihuamen.com/d/file/2014/03-09/936380855f4fa0a047ed2692fa6fa0aa.jpg	http://www.baihuamen.com/dahuacong/4363_8.html
http://wap.yunmencraft.com/Upload/20160329233501MNTg.jpg	http://wap.yunmencraft.com/index.php/dhc/4281.html
http://www.qnong.com.cn/uploadfile/2016/0719/20160719070633291.jpg	http://www.qnong.com.cn/zhongzhi/huahui/12523.html
http://www.huacaijia.com/images/201607/source_img/4199_P_1468803224633.jpg	http://www.huacaijia.com/mobile/goods.php?id=39855
http://www.51hm.cn/zwpic/%E5%A4%A7%E8%8A%B1%E8%91%B13.jpg	http://www.51hm.cn/zw/zwshow.asp?zwid=2891
http://img.boqiicdn.com/Data/BK/A/1512/11/imagick75881449801010_y.jpg	http://www.boqii.com/entry/detail/2316.html
http://s8.sinaimg.cn/mw690/62a6efe5gceecfb5dd9f7&690	http://blog.sina.com.cn/s/blog_62a6efe50102eblw.html
http://s1.sinaimg.cn/mw690/001KWqsdzy74q25BPVe10&690	http://blog.sina.com.cn/s/blog_5ff3202d0102ww5b.html
http://img0.ph.126.net/5JK2QvLam01I8NJOYiJgPA==/6598202263634346567.jpg	http://jsnjbd505180.blog.163.com/blog/static/111308933201341475726159/
https://www.huabaike.com/uploads/allimg/artimg/201703/20170319154633_59658.jpg	https://www.huabaike.com/jtyh/7770.html
http://img3.redocn.com/20110225/Redocn_2011022408264866.jpg	http://m.redocn.com/tupian/327817.html
http://s6.sinaimg.cn/mw690/62a6efe5gceecfb952545&690	http://blog.sina.com.cn/s/blog_62a6efe50102eblw.html
http://image155-c.poco.cn/mypoco/myphoto/20100129/18/20100129184855_1183525183.jpg	http://m.poco.cn/vision/detail.php?act_id=20623624
https://gw.alicdn.com/bao/uploaded/i4/103594361/TB1XgFXSVXXXXXIXpXXXXXXXXXX_!!0-item_pic.jpg_230x230.jpg	https://www.taobao.com/article/D7DgDZGMDlBCEiBy.html
http://www.52yhua.com/uploads/allimg/160925/1-160925212G5.jpg	http://www.52yhua.com/jishu/4901.html
http://www.xincha.com/system/articles/covers/001/185/893/original/open-uri20170607-31109-1flyoa?1496846302	http://www.xincha.com/p/1185893
https://gw.alicdn.com/bao/uploaded/i1/3323487544/TB2E0nqXU.iyKJjy1XbXXc4cXXa_!!3323487544.jpg_230x230.jpg	https://www.taobao.com/oshtml/buy-cn/cp_tPO7qLTQ1tbH8rj5.html
https://www.huabaike.com/uploads/allimg/artimg/201702/20170207165514_51412.jpg	https://www.huabaike.com/jtyh/7084.html
http://www.zhiwu365.com/uploads/plant/235_dahuacong/default/original/4_dahuacong.jpg	http://www.zhiwu365.com/plant/267
http://www.huacaijia.com/data/article/1468912338035804610.jpg	http://www.huacaijia.com/mobile/goods.php?id=39855
http://d.pmume.com/file/zwbk/2017-07/2db03397c3e4e9927c01aa1f5c2e7728.jpg	http://www.pmume.com/zwbk/nn3dt.shtml
http://www.guangtongzhibao.com/images/upload/Image/t_2015232808.jpg	http://www.guangtongzhibao.com/article.php?id=1863
http://hua36.com/tupian/dahuacong/1.jpg	http://hua36.com/huahui/qiugenhuahui/528.html
http://img.bimg.126.net/photo/hGjCLQ_HU9abMh-mwgxDBA==/4563835272403712018.jpg	http://www.lofter.com/tag/%E5%A4%A7%E8%8A%B1%E8%91%B1
http://s16.sinaimg.cn/mw690/001KO9s7gy6RrD99oIfbf&690	http://blog.sina.com.cn/s/blog_5fd509230102vg7f.html
https://img3.doubanio.com/lpic/s26387256.jpg	https://www.douban.com/subject/24527420/
https://www.huabaike.com/uploads/allimg/artimg/201702/20170224213115_80298.jpg	https://www.huabaike.com/yhjq/7377.html
http://photo.hanyu.iciba.com/upload/encyclopedia_2/40/7c/s_bk_407ccf30ee694fe517a6fcb321d7a0b7_ctE9bu.jpg	http://www.iciba.com/%E5%A4%A7%E8%8A%B1%E8%91%B1
http://s2.sinaimg.cn/mw690/0065RhINgy6SAzAlqal21&690	http://blog.sina.com.cn/s/blog_14ccb97050102vxns.html
http://www.ritagiang.com/files/articleFilesfinder/images/DSC_0611-1.jpg	http://www.ritagiang.com/article.php?id=886
http://gate.sinovision.net:82/gate/big5/cdnwww.sinovision.net/data/attachment/album/201309/10/160514envuiee2e0znuzze.jpg	http://gate.sinovision.net:82/gate/big5/blog.sinovision.net/space/do/blog/uid/30435/id/209806.html
https://www.huabaike.com/uploads/allimg/artimg/201702/20170207165544_88211.jpg	https://m.huabaike.com/jtyh/7084.html
http://s16.sinaimg.cn/bmiddle/5f6455c8x7a499cb9ce2f&690	http://blog.sina.com.cn/s/blog_14e5f5c8c0102vw63.html
https://cbu01.alicdn.com/img/ibank/2016/588/855/2872558885_582591483.220x220.jpg	https://s.1688.com/kq/-BBA8B4D0.html
http://www.wed114.cn/jiehun/uploads/allimg/160510/42_160510140857_1.jpg	http://www.wed114.cn/jiehun/zhiwu/20160510145850_2.html
http://s1.sinaimg.cn/mw690/001KWqsdzy74q25LlUA20&690	http://blog.sina.com.cn/s/blog_5ff3202d0102ww5b.html
http://image.sciencenet.cn/album/201706/28/145920ds1yyenjjlj2snq2.jpg	http://wap.sciencenet.cn/blogview.aspx?id=1063467
http://www.qnong.com.cn/uploadfile/2016/0719/20160719070608842.jpg	http://www.qnong.com.cn/zhongzhi/huahui/12523.html
http://img.alicdn.com/tps/TB2n7z6aGi5V1BjSszcXXaDLXXa_!!320858633.jpg	http://www.juzhe100.com/img/2307.html
http://www.huayugu.com.cn/uploads/allimg/160811/1-160Q11521260-L.jpg	http://www.huayugu.com.cn/dahuacong/
https://cdn.huaniaoy.cn/20151216/original/1450277427538.jpg@!pic280zw	https://www.huaniaoy.com/yangzhifangfa/273/?page=5
http://cache.tuwenba.com/gtCGiaqLoCXwtm0k6wzDjZBYm9Q3jtMAGBUR0yWXsjEuRPRfMKB9Re52icae5QT73eicvhYZ1ib523CmCjyLhh8D2g/0	http://www.tuwenba.com/content/MDIwMjMwM1zYx.html
http://www.huayugu.com.cn/uploads/allimg/160811/1-160Q11519190-L.jpg	http://www.huayugu.com.cn/dahuacong/17141.html
http://www.wed114.cn/jiehun/uploads/allimg/160510/42_160510140754_1.jpg	http://m.zx.wed114.cn/zhiwu/20160510145850.html
http://s14.sinaimg.cn/middle/5a90e548gc0677238549d&690	http://blog.sina.com.cn/s/blog_5a90e5480102e0pu.html
http://s1.sinaimg.cn/mw690/0065RhINgy6SAzAbsVGf0&690	http://blog.sina.com.cn/s/blog_14ccb97050102vxns.html
http://imglf0.nosdn.127.net/img/cHBaTXFqeXdOdXlKRWRtSmxsaFRObVp3YURZMElsK0RkcWZZeVlMWktVc2oyM1F3YkltYVZ3PT0.jpg?imageView&thumbnail=500x0&quality=96&stripmeta=0&type=jpg	http://www.lofter.com/tag/%E5%A4%A7%E8%8A%B1%E8%91%B1
http://www.neipet.com/wp-content/uploads/2016/07/dahuacong.png	http://www.neipet.com/dahuacong/
http://s8.sinaimg.cn/middle/5a90e548gc067861e8f47&690	http://blog.sina.com.cn/s/blog_b314d2850102uz91.html
https://gw.alicdn.com/bao/uploaded/i1/TB10_PuNFXXXXXIaXXXXXXXXXXX_!!0-item_pic.jpg_230x230.jpg	https://www.taobao.com/article/DPBBD2BfDfCDB2Dc.html
http://img.yanquecao.com/img/flower/alliumgiganteum/alliumgiganteum1.jpg	http://m.yanquecao.com/detail/704
https://gw.alicdn.com/bao/uploaded/i2/135979529/TB2ua2HX75M.eBjSZFrXXXPgVXa_!!135979529.jpg_230x230.jpg	https://www.taobao.com/article/DPBBD2BfDfCDB2Dc.html
