
http://a4.att.hudong.com/42/05/01300000165919121156054300276_s.jpg	http://www.baike.com/wiki/%E9%BB%84%E5%88%BA%E7%8E%AB
http://a2.att.hudong.com/13/05/01300000165919121156051050284_s.jpg	http://www.baike.com/wiki/%E9%BB%84%E5%88%BA%E7%8E%AB
http://a2.att.hudong.com/74/04/01300000165919121156048692780_s.jpg	http://www.baike.com/wiki/%E9%BB%84%E5%88%BA%E7%8E%AB
http://a1.att.hudong.com/73/37/14300000928477129024379087108_950.jpg	http://w.baike.com/1953617c235b45b1954612baa0bc9bee.html
http://www.yuhuagu.com/uploads/allimg/120923/10-120923093323.jpg	http://www.yuhuagu.com/ktsh/4348.html
http://www.baihuamen.com/d/file/2014/03-29/e66e5b493eac962b946a0409b8c85cb1.jpg	http://www.baihuamen.com/huangcimei/
http://www.baihuamen.com/d/file/2014/03-29/411879a5f3ac4cffdaf8a3159a61d701.jpg	http://www.baihuamen.com/huangcimei/6526_7.html
http://www.baihuamen.com/d/file/2014/03-29/e7fbb60e941792ab2ff94f1417ec8fd3.jpg	http://www.baihuamen.com/huangcimei/
https://www.huabaike.com/uploads/allimg/sltimg/201605/574d1ef1ac723.jpg	https://www.huabaike.com/jtyh/3866.html
http://img0.dreamhy.com/upload/20131011/0413562058.jpg	http://www.dreamhy.com/jingyan/detail-17421.aspx
http://pic14.nipic.com/20110531/7006946_211654343166_2.jpg	http://www.nipic.com/zhuanti/911849.html
http://www.baihuamen.com/d/file/2014/03-29/bac9c1e532f785be346a1888ac13fb3a.jpg	http://www.baihuamen.com/huangcimei/
https://gss2.bdstatic.com/-fo3dSag_xI4khGkpoWK1HF6hhy/baike/s%3D220/sign=1a4a5ba85bb5c9ea66f304e1e538b622/b8389b504fc2d562abe4bd4ee71190ef77c66ca0.jpg	https://baike.baidu.com/item/%E9%BB%84%E5%88%BA%E7%8E%AB
http://image.sciencenet.cn/album/201306/30/085525zwduiymtiynlus7m.jpg	http://blog.sciencenet.cn/blog-578415-703916.html
http://p.d1xz.net/2014/6/2/184343224322.jpg	http://3g.d1xz.net/astro/huayu/art51263.aspx
https://www.huabaike.com/uploads/allimg/sltimg/201605/574d1f8c25f2e.jpg	https://www.huabaike.com/mbzw/3863.html
http://www.yeehua.net/pic/2016/IMG2016_4830.jpg	http://www.yeehua.net/zwdetail.asp?cs=6&zw_id=338
https://www.huabaike.com/uploads/allimg/sltimg/201606/574e65a5ae8a8.jpg	https://www.huabaike.com/mbzw/3863.html
http://b2b.image.yuanlin.com/biz/2012-3/201237134992428.jpg	http://www.yuanlin.com/b2b/sell_detail_173646.html
http://www.huayugu.com.cn/uploads/allimg/160330/1-1603301010230-L.jpg	http://www.huayugu.com.cn/huangcimei/10381.html
http://idoimg.3mt.com.cn/Article/upload/201104/1104240809116412.jpg	http://ido.3mt.com.cn/Article/201104/picview2185583c33p6.html
https://www.huabaike.com/uploads/allimg/sltimg/201606/574e74447c9c2.jpg	https://www.huabaike.com/mbzw/3863.html
https://www.cmeii.com/uploads/allimg/1704/1-1F41Q11443115.jpg	https://www.cmeii.com/yueji_tengbenlei/2392.html
http://images.china.cn/attachement/jpg/site1000/20161018/002564ba9d45196fdc7610.jpg	http://www.horti-expo2019.com/2016-10/18/content_39512239.htm
http://pic1.huashichang.com/2016/0904/13/57cbae9848bbf.jpg	http://www.aihuhua.com/tupian/tupianqrb.html
http://pic128.nipic.com/file/20170426/4224370_161913806000_2.jpg	http://www.nipic.com/show/17113673.html
http://image.sciencenet.cn/album/201306/30/090905yysyntr1yy0yy0zh.jpg	http://blog.sciencenet.cn/blog-578415-703916.html
http://www.baihuamen.com/d/file/2014/03-29/93ce9e4109f3f11b8bde4e0f025a2d39.jpg	http://www.baihuamen.com/huangcimei/
http://blogfile.ifeng.com/uploadfiles/blog_attachment/1407/88/13867888_14067879032188.jpg	http://blog.ifeng.com/article/33670249.html
https://www.huabaike.com/uploads/allimg/artimg/201606/20160601133736_30072.jpg	https://m.huabaike.com/jtyh/3891.html
http://www.sygxyl.com/upLoad/product/month_1704/20170423155449980.jpg	http://www.sygxyl.com/content/?849.html
http://www.sygxyl.com/upLoad/product/month_1704/201704231554561160.jpg	http://www.sygxyl.com/content/?849.html
http://img.boqiicdn.com/Data/BK/A/1510/9/imagick66451444373218_y.jpg	http://www.boqii.com/entry/detail/2099.html
http://www.twword.com/uploads/wiki/cb/2c/2414_7.jpg	http://www.twword.com/wiki/%E9%BB%83%E5%88%BA%E7%8E%AB
http://img1.tlw.com/content/2016/10/27/5811bbb753e51.jpg	http://linye.tlw.com/detail/1146.html
https://www.huabaike.com/uploads/allimg/artimg/201606/20160601133710_48792.jpg	https://m.huabaike.com/jtyh/3891.html
http://pic.cas.cn/pic_xab_cas/qlswtpk/zw/200909/W020090928511886460699.jpg	http://pic.cas.cn/pic_xab_cas/qlswtpk/zw/200909/t20090928_2529372.html
http://a1.att.hudong.com/37/05/01300000165919121156052948141_s.jpg	http://www.baike.com/wiki/%E9%BB%84%E5%88%BA%E7%8E%AB
http://www.twword.com/uploads/wiki/cb/2c/2414_6.jpg	http://www.twword.com/wiki/%E9%BB%83%E5%88%BA%E7%8E%AB
https://cbu01.alicdn.com/img/ibank/2014/256/918/1543819652_556538636.310x310.jpg	https://www.1688.com/pic/-BBC6B4CCC3B5.html
http://pic1.huashichang.com/2016/0904/13/57cbae9444605.jpg	http://m.aihuhua.com/tupian/tupianqr9.html
http://www.baihuamen.com/d/file/2014/04-01/b79bf2562a23d2fbf76396ffbdf7ba4f.jpg	http://www.baihuamen.com/huangcimei/
http://a2.att.hudong.com/33/80/01100000000000144725809693305_s.jpg	http://www.baike.com/wiki/%E5%8D%95%E7%93%A3%E9%BB%84%E5%88%BA%E7%8E%AB
http://pic.baike.soso.com/ugc/baikepic2/13335/20160917171843-1526388988.jpg/300	http://baike.soso.com/ShowTitle.e?sp=S%E9%BB%84%E5%88%BA%E7%8E%AB
http://www.pjcn.org/uploads/allimg/1608/1-160R5213602a6.jpg	http://www.pjcn.org/hy/2310/
http://www.summerpalace-china.com/plants/treeplate/img/123.jpg	http://www.summerpalace-china.com/plants/123.html
http://img.mp.sohu.com/upload/20170621/e7f7f9b4cf024a3f9d3706052803a8a0_th.png	http://www.sohu.com/a/150604545_99913811
https://www.huabaike.com/uploads/allimg/artimg/201606/20160601133655_70139.jpg	https://m.huabaike.com/jtyh/3891.html
http://www.haojing888.com/uploadfiles/pictures/product/20160607105149_2500.jpg	http://www.haojing888.com/Products/hcm.html
http://www.haojing888.com/Mobile/uploadfiles/pictures/product/20160607105148_9531.jpg_280.jpg	http://www.haojing888.com/Mobile/MProducts/hcm.html
http://pic128.nipic.com/file/20170428/4224370_080430494000_2.jpg	http://www.nipic.com/show/17113623.html
http://www.huayugu.com.cn/uploads/allimg/160908/1-160ZR129110-L.jpg	http://www.huayugu.com.cn/danbanhuangcimei/
http://s12.sinaimg.cn/mw690/001nPxoHzy71dKaGz5p2b&690	http://blog.sina.com.cn/s/blog_4b984a370102w7z2.html
https://cbu01.alicdn.com/img/ibank/2017/240/987/4078789042_1097712400.220x220.jpg	http://www.1688.com/jiage/-BBC6B4CCC3B5.html
https://www.huabaike.com/uploads/allimg/sltimg/201606/574e750081b5e.jpg	https://www.huabaike.com/binghai/3893.html
http://pic.baike.soso.com/ugc/baikepic2/12209/20160913184915-544963749.jpg/300	http://baike.soso.com/ShowTitle.e?sp=S%E9%BB%84%E5%88%BA%E7%8E%AB
https://cbu01.alicdn.com/img/ibank/2015/687/761/2253167786_1316314514.310x310.jpg	https://www.1688.com/pic/-BBC6B4CCC3B5.html
http://www.52ij.com/uploads/allimg/160317/204AUA6-1.png	http://www.52ij.com/gongxiao/463220.html
http://pic1.huashichang.com/2016/0904/13/57cbaea238558.jpg	http://m.aihuhua.com/tupian/tupianqrg.html
http://www.baihuamen.com/d/file/2014/06-01/dd6b9a1f78ded6b49b5b3da78c0b86f1.jpg	http://www.baihuamen.com/danbanhuangcimei/
https://cbu01.alicdn.com/img/ibank/2012/006/801/500108600_2009735688.310x310.jpg	http://www.1688.com/pic/-BBC6B4CCC3B5CAF7.html
http://www.twword.com/uploads/wiki/cb/2c/2414_0.jpg	http://www.twword.com/wiki/%E9%BB%83%E5%88%BA%E7%8E%AB
http://img001.mllres.com//images/upload/201251319484387.jpg	http://www.meilele.com/article/shipin/15986.html
http://a4.att.hudong.com/68/80/20200000013920144725809439810_s.jpg	http://www.baike.com/wiki/%E5%8D%95%E7%93%A3%E9%BB%84%E5%88%BA%E7%8E%AB
http://pic.baike.soso.com/ugc/baikepic2/10368/20160910044637-1730004575.jpg/300	http://baike.soso.com/ShowTitle.e?sp=S%E9%BB%84%E5%88%BA%E7%8E%AB
http://www.baihuamen.com/d/file/2014/06-01/ce639bb23886ed0d8134652cf3d35498.jpg	http://www.baihuamen.com/danbanhuangcimei/
http://www.huamu.cn/upload/Supply/201703041620590378.png	http://www.huamu.cn/product_1202.html
http://wiki.diphda.info/lib/exe/fetch.php/%E6%A4%8D%E7%89%A9/%E9%BB%84%E5%88%BA%E7%8E%AB.jpg	http://wiki.diphda.info/doku.php/%E6%A4%8D%E7%89%A9/%E9%BB%84%E5%88%BA%E7%8E%AB
http://www.huayugu.com.cn/uploads/allimg/160908/1-160ZR122420-L.jpg	http://www.huayugu.com.cn/danbanhuangcimei/
http://s15.sinaimg.cn/mw690/001nPxoHzy71dDsNKpwfe&690	http://blog.sina.com.cn/s/blog_4b984a370102w7z2.html
http://img.xunhai.com/2015/11/26/144854472348669.jpg	http://www.xunhai.com/danbanhuangcimei/
https://www.huabaike.com/uploads/huatuku/20160531/574d464da36e3.jpg	https://m.huabaike.com/ghzw/227.html
https://www.cmeii.com/uploads/allimg/1704/1-1F41Q11444V1.jpg	https://www.cmeii.com/yueji_tengbenlei/2392.html
http://www.wdptj.com/wp-content/uploads/2014/09/%E9%BB%84%E5%88%BA%E7%8E%AB.jpg	http://www.wdptj.com/huangcimei/
http://pic14.nipic.com/20110525/7006946_211228197123_2.jpg	http://www.nipic.com/zhuanti/911849.html
http://s9.sinaimg.cn/mw690/001nPxoHzy71dElTXsY48&690	http://blog.sina.com.cn/s/blog_4b984a370102w7z2.html
https://cbu01.alicdn.com/img/ibank/2014/170/546/1653645071_1623017539.310x310.jpg	https://www.1688.com/pic/-BBC6B4CCC3B5D6D6D7D3.html
http://www.neipet.com/wp-content/uploads/2016/07/%E5%8D%95%E7%93%A3%E9%BB%84%E5%88%BA%E7%8E%AB.jpg	http://www.neipet.com/plant/28328.html
http://www.baihuamen.com/d/file/2014/06-01/221329ce78cd199dd50cf5b3fb68f315.jpg	http://www.baihuamen.com/danbanhuangcimei/
https://cbu01.alicdn.com/img/ibank/2011/553/494/349494355_727391769.400x400.jpg	http://detail.1688.com/offer/1015634417.html
http://img.xunhai.com/2015/11/25/144843844571247.jpg	http://www.xunhai.com/huangcimei/
http://pic1.huashichang.com/2016/0904/13/57cbae90466c3.jpg	http://www.aihuhua.com/tupian/tupianqrb.html
http://image.meilele.com//images/upload/12590083_174450387000_2.jpg	http://www.meilele.com/article/shipin/15986.html
https://cbu01.alicdn.com/img/ibank/2016/212/195/2767591212_680297870.220x220.jpg	http://www.1688.com/jiage/-BBC6B4CCC3B5D6D6D7D3.html
http://www.baihuamen.com/d/file/2014/06-01/76b3bb3ddffb5e71f3d8dec57f809c6e.jpg	http://www.baihuamen.com/danbanhuangcimei/17471_6.html
http://read.html5.qq.com/image?src=forum&q=5&r=0&imgflag=7&imageUrl=mmbiz.qpic.cn/mmbiz/LYfqgNkrzLCaMvxA3wBpTGlHDxqvss7icsZsLepGSL4jv0ahDJlZfEUk87nm4nGF8LTeY7IL8UgRI7KWnROTtvQ/0?wx_fmt=png	http://m.v4.cc/News-1253515.html
http://www.huamu.cn/upload/Supply/201610301945336088.jpg	http://www.huamu.cn/product_1202.html
http://www.huamu.cn/upload/Supply/201612221317388586.JPG	http://www.huamu.cn/product_1202.html
https://www.huabaike.com/uploads/allimg/artimg/201606/20160601133643_64670.jpg	https://m.huabaike.com/jtyh/3891.html
http://pic1.huashichang.com/2016/0904/13/57cbae8be8b18.jpg	http://m.aihuhua.com/tupian/tupianqr2.html
http://opic.tbscache.com/manage/articles/2014/07-22/4E8DEAC5-5D69-63D4-BB19-8E96377EF18C.jpg	http://www.tobosu.com/article/2014-07-22/114109.html
http://image.sciencenet.cn/album/201505/21/190136zzhadp6e4zh4rrz6.jpg	http://blog.sciencenet.cn/blog-827932-892127.html
http://img.pconline.com.cn/images/upload/upc/tx/photoblog/1604/13/c5/20265934_1460518102499_mthumb.jpg	http://dp.pconline.com.cn/sphoto/3631604.html
http://img.boqiicdn.com/Data/BK/A/1510/9/imagick14521444375055_y.jpg	http://www.boqii.com/entry/detail/2099.html
http://www.hbmmjd.com/zb_users/upload/2016/05/201605241464060872758448.jpg	http://www.hbmmjd.com/huangcimei/
http://s1.sinaimg.cn/mw690/003sae9dzy7agec0HQs60&690	http://blog.sina.com.cn/s/blog_bc9f8f830102wspc.html
https://www.cmeii.com/uploads/allimg/1704/1-1F41Q11444957.jpg	https://www.cmeii.com/yueji_tengbenlei/2392.html
http://s4.sinaimg.cn/mw690/001nPxoHzy71dEswzM7b3&690	http://blog.sina.com.cn/s/blog_4b984a370102w7z2.html
https://cbu01.alicdn.com/img/ibank/2015/508/373/2497373805_716810620.310x310.jpg	http://www.1688.com/pic/-BBC6B4CCC3B5CAF7.html
http://www.china5080.com/frontuserfiles/%E5%BC%A0%E4%BA%9A%E5%B9%B3/image/DSC_0326(1)_b.JPG	http://m.china5080.com/detail/527523.html
