
http://a3.att.hudong.com/47/77/01100000000000144724775071552_s.jpg	http://www.baike.com/wiki/%E5%85%89%E5%8F%B6%E5%AD%90%E8%8A%B1
http://www.51hm.cn/zwpic/%E5%85%89%E5%8F%B6%E5%AD%90%E8%8A%B12.jpg	http://www.51hm.cn/zw/zwshow.asp?zwid=2260
http://www.baihuamen.com/d/file/2014/05-28/8cda4a89f5cdf14ec4f6ad5fd66e99d7.jpg	http://www.baihuamen.com/guangyezihua/
http://www.cila.cn/uploadfiles/zhiwu1/37147397.jpg	http://www.cila.cn/tuku/image10558.html
http://www.baihuamen.com/d/file/2014/05-28/713c44d834f4736807382d4cdec99160.jpg	http://www.baihuamen.com/guangyezihua/
http://www.baihuamen.com/d/file/2014/05-28/9c58516ba2904370dd3edf4bd1229b85.jpg	http://www.baihuamen.com/guangyezihua/
http://www.chantuguan.com/ueditor/php/upload/image/20170510/1494403157126857.jpg	http://www.chantuguan.com/baike/485.html
http://s2.sinaimg.cn/mw690/001sXXrFgy6Tv73gqwV71&690	http://blog.sina.com.cn/s/blog_501e41670102vjaf.html
http://p3.pstatp.com/large/71f0003e150845c1926?123.jpg	http://m.dian321.com/lvyou/1005832.html
http://www.cnhua.net/uploads/allimg/090602/20293S407-0.JPG	http://www.cnhua.net/zhiwu/zimolike/guangyezihua/74969821006800.html
http://img.boqiicdn.com/Data/BK/A/1601/7/imagick13451452138226_y.jpg	http://www.boqii.com/entry/detail/2402.html
http://www.cnhua.net/uploads/allimg/090602/202J55052-0.JPG	http://www.cnhua.net/zhiwu/zimolike/guangyezihua/43249733881.html
http://a0.att.hudong.com/87/77/20200000013920144724774494658_s.jpg	http://www.baike.com/wiki/%E5%85%89%E5%8F%B6%E5%AD%90%E8%8A%B1
http://img.boqiicdn.com/Data/BK/P/imagick45301452156489.jpg	http://www.boqii.com/entry/detail/2402.html
http://www.chantuguan.com/ueditor/php/upload/image/20170510/1494404429491207.jpg	http://www.chantuguan.com/baike/487.html
http://www.baihuamen.com/d/file/2014/05-28/924fe81441c44eacd96557cb82ab938d.jpg	http://www.baihuamen.com/guangyezihua/16843_4.html
http://www.chantuguan.com/ueditor/php/upload/image/20170510/1494403595669531.jpg	http://www.chantuguan.com/baike/486.html
http://img.boqiicdn.com/Data/BK/A/1601/7/imagick3661452145467_y.jpg	http://www.boqii.com/entry/detail/2402.html
http://a4.att.hudong.com/55/77/01100000000000144724774592008_s.jpg	http://www.baike.com/wiki/%E5%85%89%E5%8F%B6%E5%AD%90%E8%8A%B1
http://img.boqiicdn.com/Data/BK/A/1601/7/imagick97171452144991_y.jpg	http://www.boqii.com/entry/detail/2402.html
http://pic1.win4000.com/pic/5/54/bcb81347488.jpg	http://www.win4000.com/meinv112960.html
http://www.chantuguan.com/ueditor/php/upload/image/20170510/1494405940141746.jpg	http://www.chantuguan.com/baike/488.html
http://www.baihuamen.com/d/file/2014/05-28/db501610b3ceebeca64b13dc746d65fa.jpg	http://www.baihuamen.com/guangyezihua/16843_21.html
http://pic1.win4000.com/pic/5/54/bcb81347489.jpg	http://www.win4000.com/meinv112960_2.html
http://www.wanhuajing.com/pic/1605/3113/4850970/1_640_428.jpg	http://www.wanhuajing.com/d511608
http://s2.sinaimg.cn/mw690/001LnS0szy77JZNfAdz91&690	http://blog.sina.com.cn/s/blog_6056ee0c0102xhd9.html
http://www.baihuamen.com/d/file/2014/05-28/ae80d4569e7dc55b8286272f3b0c5c34.jpg	http://www.baihuamen.com/guangyezihua/16843_6.html
http://www.baihuamen.com/d/file/2014/05-28/c6696d2ebf78f4b4a371113e0644c98d.jpg	http://www.baihuamen.com/guangyezihua/16843_11.html
http://a2.att.hudong.com/23/77/01100000000000144724774951174_s.jpg	http://www.baike.com/wiki/%E5%85%89%E5%8F%B6%E5%AD%90%E8%8A%B1
http://img.boqiicdn.com/Data/BK/P/imagick72901452156578.jpg	http://www.boqii.com/entry/detail/2402.html
http://www.baihuamen.com/d/file/2014/05-28/162bb5f31cd6eb3dffa1b30f12830f3d.jpg	http://www.baihuamen.com/guangyezihua/16843_14.html
http://www.baihuamen.com/d/file/2014/05-28/587ff6abf0b6ce867c28e7b47783e9cb.jpg	http://www.baihuamen.com/guangyezihua/16843_13.html
http://s11.sinaimg.cn/mw690/001nJ4brzy7by0QRXUm2a&690	http://blog.sina.com.cn/s/blog_4b80c1bd0102wt46.html
http://www.hua-chi.com/zb_users/upload/2017/03/201703131489412595836042.jpg	http://www.hua-chi.com/post/29.html
http://a1.att.hudong.com/44/76/01100000000000144724765675276_s.jpg	http://www.baike.com/wiki/%E5%85%89%E5%8F%B6%E5%AD%90%E8%8A%B1
http://img.redocn.com/sheying/20160921/guangyezihua_7147019.jpg	http://sucai.redocn.com/dongwuzhiwu_7612675.html
http://www.chantuguan.com/ueditor/php/upload/image/20170510/1494403165998122.jpg	http://www.chantuguan.com/baike/485.html
https://upload.wikimedia.org/wikipedia/commons/thumb/5/5c/BougainvilleaGlabra.jpg/220px-BougainvilleaGlabra.jpg	https://zh.wikipedia.org/wiki/%E5%85%89%E5%8F%B6%E5%AD%90%E8%8A%B1
http://www.baihuamen.com/d/file/2014/05-28/414574fa2f360f5d3f149d4c60857139.jpg	http://www.baihuamen.com/guangyezihua/16843_24.html
http://www.baihuamen.com/d/file/2014/05-28/11fdea6e011ed8a2dfb2f9f77e5167c2.jpg	http://www.baihuamen.com/guangyezihua/16843_7.html
http://www.baihuamen.com/d/file/2014/05-28/fdd8ef08af3b1425f895db310a8aeb3f.jpg	http://www.baihuamen.com/guangyezihua/16843_20.html
http://img0.dreamhy.com/upload/20130924/1153271998.jpg	http://www.dreamhy.com/meitu/detail-5255.aspx
http://www.baihuamen.com/d/file/2014/05-28/c5686b86c8e60ab10e004ce01e298ced.jpg	http://www.baihuamen.com/guangyezihua/16843_9.html
http://www.baihuamen.com/d/file/2014/05-28/9cad64c6d77b86bac12d0cf2b8c78a79.jpg	http://www.baihuamen.com/guangyezihua/16843_12.html
http://www.baihuamen.com/d/file/2014/05-28/2d6a85c4e7524fae858eebb5569108c9.jpg	http://www.baihuamen.com/guangyezihua/16843_10.html
http://p2.pstatp.com/large/71f0003e14efc501763	http://www.aheadimage.com/20170706/1885438.html
http://www.baihuamen.com/d/file/2014/05-28/227320635758a1438d10c4521c714b19.jpg	http://www.baihuamen.com/guangyezihua/16843_15.html
http://pic1.win4000.com/pic/5/54/bcb81347495.jpg	http://www.win4000.com/meinv112960_8.html
http://7i.danxie.org:802/pic/ytimg/zhutu/2016-11/2016111501170428568233.jpg	http://www.7izw.com/dr/upu.html
http://jsmmzz88.com/upLoad/product/month_1610/201610271546387695.jpg	http://jsmmzz88.com/content/?43.html
http://s2.sinaimg.cn/mw690/001sXXrFzy75k2nhh5fb1&690	http://blog.sina.com.cn/s/blog_501e41670102wr5b.html
http://www.ixiupet.com/uploads/allimg/170812/11243S536_0.png	http://www.ixiupet.com/linglei/huahui/17784.html
http://www.ns51.cn/images/uploadimg_default.jpg	http://www.ns51.cn/Species/Species/LevelTwo?Fid=82d276f3ff7d4417982dd8e54a4196fb
http://s5.sinaimg.cn/mw690/001LnS0szy77JZNk46M44&690	http://blog.sina.com.cn/s/blog_6056ee0c0102xhd9.html
http://www.baihuamen.com/d/file/2014/05-28/95b16069edded12d8457a26a42282822.jpg	http://www.baihuamen.com/guangyezihua/16843_23.html
http://s15.sinaimg.cn/mw690/001LnS0szy77u2DFS9w0e&690	http://blog.sina.com.cn/s/blog_6056ee0c0102xhd9.html
http://www.chantuguan.com/ueditor/php/upload/image/20170510/1494404435138398.jpg	http://www.chantuguan.com/baike/487.html
http://s2.sinaimg.cn/mw690/001LnS0szy77JZNaoM1e1&690	http://blog.sina.com.cn/s/blog_6056ee0c0102xhd9.html
http://www.hua-chi.com/zb_users/upload/2017/03/201703131489412662210114.jpg	http://www.hua-chi.com/post/29.html
http://www.chantuguan.com/ueditor/php/upload/image/20170510/1494405946555109.jpg	http://www.chantuguan.com/baike/488.html
http://img.redocn.com/sheying/20161212/fenhongsedeguangyezihua_7612675.jpg	http://sucai.redocn.com/dongwuzhiwu_7612675.html
http://www.hua-chi.com/zb_users/upload/2017/03/201703131489412662144919.jpg	http://www.hua-chi.com/post/29.html
http://s6.sinaimg.cn/mw690/001sXXrFgy6Tv72ANBH45&690	http://blog.sina.com.cn/s/blog_501e41670102vjaf.html
http://a3.att.hudong.com/66/77/01100000000000144724774847474_s.jpg	http://www.baike.com/wiki/%E5%85%89%E5%8F%B6%E5%AD%90%E8%8A%B1
http://s1.sinaimg.cn/mw690/001nJ4brzy7by0QZtpC00&690	http://blog.sina.com.cn/s/blog_4b80c1bd0102wt46.html
http://www.pet35.com/images/20176/770312120170625151852_700_300.jpg	http://www.pet35.com/baike/266.html
http://www.baihuamen.com/d/file/2014/05-28/9ea78429767aa7bf1fb89de49aa6c637.jpg	http://www.baihuamen.com/guangyezihua/
http://www.cila.cn/uploadfiles/zhiwu2/390114878.jpg	http://www.cila.cn/tuku/photo9902.html
http://s11.sinaimg.cn/mw690/001sXXrFzy75k2rFM2S1a&690	http://blog.sina.com.cn/s/blog_501e41670102wr5b.html
http://s14.sinaimg.cn/mw690/001sXXrFzy75k2sfey1fd&690	http://blog.sina.com.cn/s/blog_501e41670102wr5b.html
http://p3.pstatp.com/large/71f0003e1517fd9634c?123.jpg	http://m.dian321.com/lvyou/1005832.html
http://s7.sinaimg.cn/mw690/001sXXrFzy75k2svdiKc6&690	http://blog.sina.com.cn/s/blog_501e41670102wr5b.html
http://s16.sinaimg.cn/mw690/001sXXrFzy75k2rY75t7f&690	http://blog.sina.com.cn/s/blog_501e41670102wr5b.html
http://s8.sinaimg.cn/mw690/001LnS0szy77u2Dxf8357&690	http://blog.sina.com.cn/s/blog_6056ee0c0102xgqq.html
http://p3.pstatp.com/large/72000054c172acfb2f4?123.jpg	http://m.dian321.com/lvyou/1005832.html
http://s12.sinaimg.cn/mw690/001LnS0szy77u2DCopd7b&690	http://blog.sina.com.cn/s/blog_6056ee0c0102xgqq.html
http://www.baihuamen.com/d/file/2014/05-28/26b4e6478d910e6d89bb660c08b106c7.jpg	http://www.baihuamen.com/guangyezihua/
https://gss2.bdstatic.com/9fo3dSag_xI4khGkpoWK1HF6hhy/baike/w%3D400/sign=db34c1c0db43ad4ba62e47c0b2025a89/b21c8701a18b87d62578977a0d0828381f30fd98.jpg	https://baike.baidu.com/item/%E5%85%89%E5%8F%B6%E5%AD%90%E8%8A%B1
http://p1.pstatp.com/large/7220005512987730052?123.jpg	http://m.dian321.com/lvyou/1005832.html
http://www.ns51.cn/upload/species/310x310/20150421_110340_253.jpg	http://www.ns51.cn/Species/Species/LevelTwo?Fid=82d276f3ff7d4417982dd8e54a4196fb
http://letsfilm.org/wp-content/uploads/2016/06/044.jpg	http://letsfilm.org/archives/249267
http://www.cila.cn/uploadfiles/zhiwu3/1049236.jpg	http://www.cila.cn/tuku/image10558.html
http://www.zhiwutong.com/tu/1/1222.jpg	http://www.zhiwutong.com/latin/Nyctaginaceae/Bougainvillea-glabra-Choisy.htm
https://img5.yxlady.com/Flowers/UploadFiles_9965/20160630/20160630225425699.jpg	http://m.yxlady.com/Flowers/201606/430102.shtml
http://img.boqiicdn.com/Data/BK/A/1601/7/imagick34081452145395_y.jpg	http://www.boqii.com/article/25797.html
http://p1.pstatp.com/origin/17f30005a0d153ac1baa	http://www.tjfer.com/detail/g6382424583592689921/
http://p9.pstatp.com/large/71f0003e14ddb992e3d	http://www.aheadimage.com/20170706/1885438.html
https://gw.alicdn.com/bao/uploaded/i2/1089063397/TB270ZjXGa5V1Bjy0FaXXaXvpXa_!!1089063397.png_200x200.jpg_.webp	https://m.taobao.com/article/FlDrB5DPAqBfCmC0.html
http://5izhiwu.danxie.org:801/pic/xtimg/zhutu/2016-12/2016121122553259977088.jpg	http://www.5izhiwu.com/d/wkw.html
https://i2.kknews.cc/large/1b850005c0729e95b30a	https://kknews.cc/zh-my/health/92vknqb.html
http://s6.sinaimg.cn/mw690/001LnS0szy77JZT3C3re5&690	http://blog.sina.com.cn/s/blog_6056ee0c0102xhd9.html
http://s4.sinaimg.cn/mw690/001LnS0szy77JZRupmb43&690	http://blog.sina.com.cn/s/blog_6056ee0c0102xhd9.html
http://s2.sinaimg.cn/small/001LnS0szy77xw5Y1kl21&690	http://blog.sina.com.cn/s/blog_6056ee0c0102xhd9.html
http://www.chantuguan.com/ueditor/php/upload/image/20170510/1494403172851857.jpg	http://www.chantuguan.com/baike/485.html
http://s4.sinaimg.cn/mw690/001LnS0szy77JZRSDNp53&690	http://blog.sina.com.cn/s/blog_6056ee0c0102xhd9.html
http://s7.sinaimg.cn/mw690/001LnS0szy77JZSTaRwe6&690	http://blog.sina.com.cn/s/blog_6056ee0c0102xhd9.html
http://s9.sinaimg.cn/mw690/001LnS0szy77JZT0lZuc8&690	http://blog.sina.com.cn/s/blog_6056ee0c0102xhd9.html
http://s4.sinaimg.cn/mw690/001LnS0szy77JZTe0lJ63&690	http://blog.sina.com.cn/s/blog_6056ee0c0102xhd9.html
http://s7.sinaimg.cn/mw690/001LnS0szy77JZThzvw36&690	http://blog.sina.com.cn/s/blog_6056ee0c0102xhd9.html
http://s2.sinaimg.cn/mw690/001LnS0szy77JZTaeXfd1&690	http://blog.sina.com.cn/s/blog_6056ee0c0102xhd9.html
