
http://pic.showhua.com/pinzhong/2014320160953.jpg	http://www.showhua.com/pinzhong/maohuangzhongmu/
http://www.neipet.com/wp-content/uploads/2016/07/huangzhongmu.png	http://www.neipet.com/plant/28009.html
http://a2.att.hudong.com/32/84/20300001179004130474848615206_s.jpg	http://www.baike.com/wiki/%E9%BB%84%E9%92%9F%E6%9C%A8%E5%B1%9E
http://www.lcsd.gov.hk/en/green/common/graphics/album/spring/tabebuia%20chrysantha_2-org.jpg	http://www.lcsd.gov.hk/sc/green/album/spring.html
http://a2.att.hudong.com/75/76/01300543224648148990766432014_s.jpg	http://www.baike.com/wiki/%E9%BB%84%E9%92%9F%E6%9C%A8
http://1871.img.pp.sohu.com.cn/images/blog/2009/2/1/11/6/11fd983652dg214.jpg	http://www.0351car.net/thread-86626-1-1.html
http://www.palm-la.com/UploadFiles/main/Images/2013/6/20130601090447.jpg	http://www.palm-la.com/work/Treedetail.aspx?AID=100000122058553
http://a2.att.hudong.com/60/74/20300543224648148990741572054_s.jpg	http://www.baike.com/wiki/%E9%BB%84%E9%92%9F%E6%9C%A8
https://b-ssl.duitang.com/uploads/item/201701/06/20170106160534_zieXd.jpeg	https://www.duitang.com/blog/?id=690977969
http://www.dsd.gov.hk/SC/Files/Greening/Drainage_and_Sewerage_Facilities/plants/plant12.jpg	http://www.dsd.gov.hk/mobile/SC/Greening/Drainage_and_Sewerage_Facilities/Sha_Tin_Sewage_Treatment_Works/index.html
http://pic.baike.soso.com/ugc/baikepic2/7795/cut-20150416155441-1725146304.jpg/0	http://baike.sogou.com/v9688081.htm
http://www.lcsd.gov.hk/en/green/common/graphics/album/spring/tabebuia-chrysantha_5.jpg	http://www.lcsd.gov.hk/sc/green/album/spring.html
http://s14.sinaimg.cn/mw690/002Z9IpGgy6HWq1djJPcd&690	http://blog.sina.com.cn/s/blog_50cefbdf0102elhf.html
http://img.tulaoshi.com/ueditor/201706/26/56b42f7b5fa5bc37091c915abd290eae.jpg	http://www.tulaoshi.com/n/20170626/2654927.html
http://admin.zjhh.com.cn/jjhhw/upload/knowledge/9033201512102149581449755398000.jpg	http://zjhh.com.cn/Knowledge/index/detail/id/54
https://cdn.huaniaoy.cn/20160905/original/1473026403499.jpg@!picb	https://www.huaniaoy.com/zhiwu/1499
http://www.lcsd.gov.hk/en/green/common/graphics/album/spring/tabebuia-chrysantha_6.jpg	http://www.lcsd.gov.hk/sc/green/album/spring.html
http://www.huaxianer.com/uploads/allimg/170426/2-1F42616011E00.jpg	http://www.huaxianer.com/jishu/04131.html
http://www.palm-la.com/UploadFiles/main/Images/2013/6/20130601090503.jpg	http://www.palm-la.com/work/Treesdetail.aspx?AID=100000122058553
http://spic.xeeok.com/uploads/20170418/201704181337512700/260146_002_s.jpg	http://www.xeeok.com/wangluo_detail_19777_2.html
http://s15.sinaimg.cn/middle/818e8239gbabdd25c296e&690	http://blog.sina.com.cn/s/blog_818e8239010100ii.html
https://cdn.huaniaoy.cn/20160905/original/1473026393887.jpg@!qwidth300	https://www.huaniaoy.com/zhiwu/1499
http://s13.sinaimg.cn/mw690/002n6cJzgy6H2vlDhRG7c&690	http://blog.sina.com.cn/s/blog_818e82390101fyje.html
http://s7.sinaimg.cn/bmiddle/001LPod7zy73sGyPEJo66&690	http://blog.sina.cn/dpool/blog/s/blog_60bb01c50102wi31.html?md=gd
http://img.prkjs.com/thumb/zw/d5/df/d5dfb90b0cb38fd9af37adda5f91d426,c_fill,h_150,w_225.jpg	http://m.prkjs.com/guanhua/hzm/
http://a1.att.hudong.com/46/80/01300001179004130474801611322_s.jpg	http://www.baike.com/wiki/%E9%BB%84%E9%92%9F%E6%9C%A8%E5%B1%9E
http://www.fpcn.net/uploads/allimg/130717/2-130GG3305M92.JPG	http://www.fpcn.net/a/qiaomu/20130717/Tabebuia_chrysantha.html
http://s10.sinaimg.cn/mw690/002Z9IpGgy6HWq3aHUJ09&690	http://blog.sina.com.cn/s/blog_50cefbdf0102elhf.html
http://img.tulaoshi.com/201704/11/01b61364eef2296825c5005dfd3566d5.jpg	http://www.tulaoshi.com/huangzhongmu/
http://img1.ph.126.net/yvQ2iMT0ZBFA5302t8VfTA==/2847963814375471611.jpg	http://blog.163.com/gzxmq@126/blog/static/114514038201193192229779/
https://gss0.bdstatic.com/-4o3dSag_xI4khGkpoWK1HF6hhy/baike/w%3D268%3Bg%3D0/sign=c9c8c29e73f082022d92963973c09cd0/77094b36acaf2eddc74f6f548d1001e9380193d4.jpg	https://baike.baidu.com/item/%E5%BC%82%E5%8F%B6%E9%BB%84%E9%92%9F%E6%9C%A8
http://spic.xeeok.com/uploads/20170418/201704181337512700/260146_004_s.jpg	http://www.xeeok.com/wangluo_detail_19777_4.html
http://s11.sinaimg.cn/mw690/001PAkYlty6FaVk4wVY8a&690	http://blog.sina.com.cn/s/blog_640a24dd0102e5ip.html
http://www.huaxianer.com/uploads/allimg/170426/2-1F4261601034B.jpg	http://www.huaxianer.com/jishu/04131.html
http://s14.sinaimg.cn/mw690/001LPod7zy73sGxShKB2d&690	http://blog.sina.com.cn/s/blog_60bb01c50102wi31.html
http://s5.sinaimg.cn/mw690/002n6cJzgy6H2vltknq84&690	http://blog.sina.com.cn/s/blog_818e82390101fyje.html
http://cdn01.dcfever.com/media/sharing/15/03/26/6192041427374266.jpg	http://jeeed.com/%E5%BC%82%E5%8F%B6%E9%BB%84%E9%92%9F%E6%9C%A8/
http://1821.img.pp.sohu.com.cn/images/blog/2009/2/1/11/5/11fd98269a1g214.jpg	http://www.0351car.net/thread-86626-1-1.html
https://w5.sanwen8.cn/mmbiz/IgmGXUysKpqqKC13I8PfyeE016TiacqodsnpgH4yI2h4LjUyHwp1E1d9mYxGmxxSQtAqJvYmrlHGDXaEukhmliaQ/640?wx_fmt=jpeg	https://sanwen8.cn/p/325vQG7.html
http://s3.sinaimg.cn/mw690/001LPod7zy73sGAxJjse2&690	http://blog.sina.com.cn/s/blog_60bb01c50102wi31.html
http://static.apple.nextmedia.com/images/apple-photos/apple/20140329/large/0328yeung1027.jpg	http://hk.apple.nextmedia.com/news/art/20140329/18672472
http://zw3wmap1.zw3e.com:8080/zw_news_map/350/2014053/1400905265538304879.jpg	http://www.zw3e.com/bk/guanyezhiwu/wcdah.html
http://s4.sinaimg.cn/mw690/002n6cJzgy6H2vlSQwj63&690	http://blog.sina.com.cn/s/blog_818e82390101fyje.html
http://s5.sinaimg.cn/mw690/002n6cJzgy6H2vlm9sUe4&690	http://blog.sina.com.cn/s/blog_818e82390101fyje.html
http://s16.sinaimg.cn/mw690/002n6cJzgy6H2vn7m59ef&690	http://blog.sina.com.cn/s/blog_818e82390101fyje.html
http://s3.sinaimg.cn/mw690/002Z9IpGgy6HWq47Vxoc2&690	http://blog.sina.com.cn/s/blog_a31319300101hs6c.html
http://p.060s.com/2014/11/19/7a14f641dfe7432141d0979392c51aeb.gif	http://new.060s.com/article_pic/2014/11/19/10062.6.htm
http://s10.sinaimg.cn/mw690/002n6cJzgy6H2vmOO6d39&690	http://blog.sina.com.cn/s/blog_818e82390101fyje.html
http://s9.sinaimg.cn/bmiddle/001PAkYlty6FaUlOM7C58&690	http://blog.sina.com.cn/s/blog_a32f5e1e0102vi3w.html
http://s2.sinaimg.cn/mw690/001LPod7zy73sGJPRxn61&690	http://blog.sina.com.cn/s/blog_60bb01c50102wi31.html
http://img.tulaoshi.com/ueditor/201706/26/02ba1c5a8f69df5bbc08a9d9ca4f33d8.jpg	http://www.tulaoshi.com/n/20170626/2654927.html
http://www.huamu.cn/Upload/Baike/201312241352304273.jpg	http://www.huamu.cn/pinzhong/pinzhong-tupian2-16562.html
http://www.168hm.com/Public/2014/09/16/64552HxWnJajo092044.jpg	http://www.168hm.com/Category/item_24.html
http://p.060s.com/2014/11/19/42c9ec4e14ed1d811094d16ece636f2f.gif	http://new.060s.com/article_pic/2014/11/19/10062.3.htm
http://img04.sogoucdn.com/net/a/100520101/link?appid=100520101&url=http://mmbiz.qpic.cn/mmbiz_jpg/aP0Yr5GSxakrpDDcwq2Njib6bPNo4dB6YPiaE7ph4JII6GyYG2lcbkdiapBP0Hd8B0PZIriaVicXHBQY3gvHSfj6eJA/0?wx_fmt=jpeg	http://baike.m.sogou.com/baike/weixinArticle.jsp?lid=9688081&g_ut=3&title=%E6%8E%8C%E5%8F%B6%E9%BB%84%E9%92%9F%E6%9C%A8
http://s4.sinaimg.cn/bmiddle/001LPod7zy73sGKZok373&690	http://blog.sina.cn/dpool/blog/s/blog_60bb01c50102wi31.html?md=gd
http://s6.sinaimg.cn/bmiddle/002n6cJzgy6H2vldDUx55&690	http://blog.sina.cn/dpool/blog/s/blog_818e82390101fyje.html?md=gd
http://s14.sinaimg.cn/mw690/001PAkYlty6FaUOqAdT3d&690	http://blog.sina.com.cn/s/blog_640a24dd0102e5ip.html
http://s9.sinaimg.cn/mw690/001LPod7zy73sGDJBQk88&690	http://blog.sina.com.cn/s/blog_60bb01c50102wi31.html
http://s13.sinaimg.cn/mw690/001LPod7zy73sGEGfJGbc&690	http://blog.sina.com.cn/s/blog_60bb01c50102wi31.html
http://www.168hm.com/Public/2014/09/16/129948AETKIvRw092044.jpg	http://www.168hm.com/Category/item_24.html
http://www.pibaosi.net/uploads/allimg/160218/1-16021Q426400-L.jpg	http://huahui.pibaosi.net/20160218/117849.html
http://s16.sinaimg.cn/bmiddle/001LPod7zy73sGKHzhd7f&690	http://blog.sina.cn/dpool/blog/s/blog_60bb01c50102wi31.html?md=gd
http://img.tulaoshi.com/ueditor/201706/26/e8ae0b23b23a98055e10297a2c0298f6.jpg	http://www.tulaoshi.com/n/20170626/2654927.html
https://gss0.bdstatic.com/94o3dSag_xI4khGkpoWK1HF6hhy/baike/w%3D400/sign=91dcc37e9d2bd40742c7d2fd4b889e9c/a8773912b31bb05160e1ee7e3c7adab44bede09b.jpg	https://baike.baidu.com/item/%E5%BC%82%E5%8F%B6%E9%BB%84%E9%92%9F%E6%9C%A8
http://pic.yupoo.com/spoiltcat/12583729a02b/medium.jpg	http://blog.sina.com.cn/s/blog_4c7a4fa80100d2hw.html
http://s11.sinaimg.cn/middle/485ea879gaa5f4c37545a&690	http://blog.sina.com.cn/s/blog_485ea8790102ds07.html
http://s4.sinaimg.cn/mw690/002Z9IpGgy6HWq0T67N03&690	http://blog.sina.com.cn/s/blog_50cefbdf0102elhf.html
http://s8.sinaimg.cn/middle/604050d6gc75a1c014507&690	http://blog.sina.com.cn/s/blog_604050d6010198fl.html
http://pic.yupoo.com/spoiltcat/83407729a024/medium.jpg	http://blog.sina.com.cn/s/blog_4c7a4fa80100d2hw.html
http://plantjdx.com/tabebuia_chrysantha.jpg	http://plantjdx.com/tabebuia_chrysantha.htm
http://hkcww.org/tmp/01.jpg	http://www.hkwildlife.net/Forum/viewthread.php?tid=24909
http://s4.sinaimg.cn/middle/818e8239gbabd7ba49683&690	http://blog.sina.com.cn/s/blog_818e8239010100ii.html
http://1841.img.pp.sohu.com.cn/images/blog/2009/2/1/11/5/11fd983143dg214.jpg	http://www.0351car.net/thread-86626-1-1.html
http://img04.sogoucdn.com/net/a/100520101/link?appid=100520101&url=http://mmbiz.qpic.cn/mmbiz_jpg/oFicmTFjsrsEib3rXdKAkqEYLwpDMDrjK7rMEcKukjVdLjBO0Ug8X5XajibLRHqHeLnzu27WfR2mya4fsBCDCutMA/0?wx_fmt=jpeg	http://baike.m.sogou.com/baike/weixinArticle.jsp?lid=9688081&g_ut=3&title=%E6%8E%8C%E5%8F%B6%E9%BB%84%E9%92%9F%E6%9C%A8
http://s6.sinaimg.cn/bmiddle/001PAkYlty6FaUbu77Tc5&690	http://blog.sina.com.cn/s/blog_640a24dd0102e5ip.html
http://static.panoramio.com/photos/original/49353261.jpg	http://mapio.net/pic/p-49353261/
https://gss0.bdstatic.com/94o3dSag_xI4khGkpoWK1HF6hhy/baike/w%3D268%3Bg%3D0/sign=17b12ed8992f07085f052d06d11fdfa4/5fdf8db1cb1349549944d4f3514e9258d0094aca.jpg	https://baike.baidu.com/item/%E9%BB%84%E9%92%9F%E6%9C%A8
http://tu.qt3191.com/allimg/c110626/130Z602T091F-UJ3.gif	http://www.qt3191.com/plus/view.php?aid=35040
http://s8.sinaimg.cn/bmiddle/002Z9IpGgy6HWq7IqzBd7&690	http://blog.sina.com.cn/s/blog_a31319300101hs6c.html
http://www.palm-la.com/UploadFiles/main/Images/2013/6/20130601090455.jpg	http://www.palm-la.com/work/Treedetail.aspx?AID=100000122058553
http://www.palm-la.com/UploadFiles/main/Images/2013/6/20130601090459.jpg	http://www.palm-la.com/work/Treedetail.aspx?AID=100000122058553
http://www.palm-la.com/UploadFiles/main/Images/2013/6/20130601090452.jpg	http://www.palm-la.com/work/Treedetail.aspx?AID=100000122058553
http://pic1.win4000.com/pic/0/f9/d3af1354278.jpg	http://www.palmedazur.com/meinv113617_3.html
http://s16.sinaimg.cn/middle/818e8239g7912f65bfb4f&690	http://blog.sina.com.cn/s/blog_818e8239010100ii.html
http://www.lcsd.gov.hk/en/green/common/graphics/album/spring/tabebuia%20chrysantha_3.jpg	http://www.lcsd.gov.hk/sc/green/album/spring.html
http://tu.qt3191.com/allimg/c110626/130Z6032102S0-13O64.gif	http://www.qt3191.com/changjianqiaomu/35115.html
http://s2.sinaimg.cn/middle/818e8239gbabdc6e77e81&690	http://blog.sina.com.cn/s/blog_818e8239010100ii.html
http://s16.sinaimg.cn/middle/818e8239gbabda2a10bbf&690	http://blog.sina.com.cn/s/blog_818e8239010100ii.html
https://www.singpao.com.hk/image_upload/1490359017.jpg	https://www.singpao.com.hk/index.php?fi=news7&lang=2&id=25648
http://s3.sinaimg.cn/bmiddle/002Z9IpGgy6HWq7o9XQ12&690	http://blog.sina.com.cn/s/blog_50cefbdf0102elhf.html
http://www.yes98.net/home/attachment/201112/29/6469_13251735493G8Y.jpg	http://jeeed.com/%E5%BC%82%E5%8F%B6%E9%BB%84%E9%92%9F%E6%9C%A8/
http://s7.sinaimg.cn/mw690/002Z9IpGgy6HWq65md076&690	http://blog.sina.com.cn/s/blog_50cefbdf0102elhf.html
http://tu.qt3191.com/allimg/c110626/130Z60320Q630-10HP.gif	http://www.qt3191.com/changjianqiaomu/35115.html
http://s7.sinaimg.cn/bmiddle/001PAkYlty6FaVMjjUy46&690	http://blog.sina.com.cn/s/blog_640a24dd0102e5ip.html
http://s6.sinaimg.cn/bmiddle/001PAkYlty6FaUhMynHd5&690	http://blog.sina.com.cn/s/blog_640a24dd0102e5ip.html
http://s12.sinaimg.cn/mw690/002Z9IpGgy6HWq4v9cn2b&690	http://blog.sina.com.cn/s/blog_50cefbdf0102elhf.html
http://s16.sinaimg.cn/mw690/001PAkYlty6FaVNi09xaf&690	http://blog.sina.com.cn/s/blog_a32f5e1e0102vi3w.html
http://s15.sinaimg.cn/bmiddle/001PAkYlty6FaUM5hnMde&690	http://blog.sina.com.cn/s/blog_640a24dd0102e5ip.html
http://s8.sinaimg.cn/mw690/002Z9IpGgy6HWq2xbOD47&690	http://blog.sina.com.cn/s/blog_a31319300101hs6c.html
