
https://gss0.bdstatic.com/-4o3dSag_xI4khGkpoWK1HF6hhy/baike/c0%3Dbaike272%2C5%2C5%2C272%2C90/sign=4c9bf0ae367adab429dd1311eabdd879/562c11dfa9ec8a13d7a51466f703918fa1ecc0fd.jpg
https://gss1.bdstatic.com/-vo3dSag_xI4khGkpoWK1HF6hhy/baike/c0%3Dbaike220%2C5%2C5%2C220%2C73/sign=c60fdfc13912b31bd361c57be7715d1f/10dfa9ec8a136327d75281b5918fa0ec09fac7fd.jpg
https://gss2.bdstatic.com/9fo3dSag_xI4khGkpoWK1HF6hhy/baike/c0%3Dbaike180%2C5%2C5%2C180%2C60/sign=cf187ccd02087bf469e15fbb93ba3c49/bf096b63f6246b60debef1f2ebf81a4c500fa280.jpg
https://gss0.bdstatic.com/94o3dSag_xI4khGkpoWK1HF6hhy/baike/c0%3Dbaike272%2C5%2C5%2C272%2C90/sign=aa23a6140cf431ada8df4b6b2a5fc7ca/77c6a7efce1b9d16e56ed9e7f3deb48f8d54648e.jpg
https://gss1.bdstatic.com/9vo3dSag_xI4khGkpoWK1HF6hhy/baike/c0%3Dbaike272%2C5%2C5%2C272%2C90/sign=c9367a4231adcbef15397654cdc645b8/a6efce1b9d16fdfab6c58568b48f8c5495ee7b8e.jpg

https://gss1.bdstatic.com/9vo3dSag_xI4khGkpoWK1HF6hhy/baike/c0%3Dbaike80%2C5%2C5%2C80%2C26/sign=337b3a2dca95d143ce7bec711299e967/2934349b033b5bb5b836f6d034d3d539b600bc3f.jpg
https://gss1.bdstatic.com/-vo3dSag_xI4khGkpoWK1HF6hhy/baike/c0%3Dbaike80%2C5%2C5%2C80%2C26/sign=e94fe02559b5c9ea76fe0bb1b450dd65/71cf3bc79f3df8dc0cd459bfcf11728b47102837.jpg
https://gss0.bdstatic.com/94o3dSag_xI4khGkpoWK1HF6hhy/baike/c0%3Dbaike80%2C5%2C5%2C80%2C26/sign=ac2d3246cebf6c81e33a24badd57da50/b21c8701a18b87d617d07d31050828381f30fd0a.jpg
https://gss0.bdstatic.com/94o3dSag_xI4khGkpoWK1HF6hhy/baike/c0%3Dbaike80%2C5%2C5%2C80%2C26/sign=17c55a0ccafcc3cea0cdc161f32cbded/279759ee3d6d55fbe22ea0086f224f4a20a4dd30.jpg
https://gss2.bdstatic.com/9fo3dSag_xI4khGkpoWK1HF6hhy/baike/c0%3Dbaike92%2C5%2C5%2C92%2C30/sign=dc6b7e08fffaaf5190ee89eded3dff8b/aa64034f78f0f736bdb39a2f0855b319ebc4134a.jpg
https://gss0.bdstatic.com/-4o3dSag_xI4khGkpoWK1HF6hhy/baike/c0%3Dbaike80%2C5%2C5%2C80%2C26/sign=b5ee784e4dc2d562e605d8bf8678fb8a/72f082025aafa40f472d18f3a964034f78f01930.jpg
https://gss1.bdstatic.com/-vo3dSag_xI4khGkpoWK1HF6hhy/baike/c0%3Dbaike80%2C5%2C5%2C80%2C26/sign=3ae88417cb3d70cf58f7a25f99b5ba65/562c11dfa9ec8a1326f181cef503918fa0ecc031.jpg
https://gss3.bdstatic.com/-Po3dSag_xI4khGkpoWK1HF6hhy/baike/c0%3Dbaike80%2C5%2C5%2C80%2C26/sign=b36c321eb8a1cd1111bb7a72d87ba399/f603918fa0ec08fa1a8dc5895bee3d6d55fbda0b.jpg

https://gss3.bdstatic.com/-Po3dSag_xI4khGkpoWK1HF6hhy/baike/c0%3Dbaike92%2C5%2C5%2C92%2C30/sign=54db9d42abec8a1300175fb2966afaea/9c16fdfaaf51f3deb77800c996eef01f3b297950.jpg
https://gss1.bdstatic.com/-vo3dSag_xI4khGkpoWK1HF6hhy/baike/crop%3D0%2C0%2C500%2C332%3Bc0%3Dbaike80%2C5%2C5%2C80%2C26/sign=9480ea3ddf54564ef12abe798eeeb0b2/71cf3bc79f3df8dc0cd459bfcf11728b47102837.jpg
https://gss1.bdstatic.com/9vo3dSag_xI4khGkpoWK1HF6hhy/baike/c0%3Dbaike72%2C5%2C5%2C72%2C24/sign=26085c238535e5dd8421ad8d17afcc8a/83025aafa40f4bfb92272225034f78f0f63618cf.jpg
https://gss2.bdstatic.com/9fo3dSag_xI4khGkpoWK1HF6hhy/baike/c0%3Dbaike80%2C5%2C5%2C80%2C26/sign=9708e840912397ddc274905638ebd9d2/d31b0ef41bd5ad6e2ff4b54d81cb39dbb6fd3c0c.jpg
https://gss0.bdstatic.com/94o3dSag_xI4khGkpoWK1HF6hhy/baike/c0%3Dbaike80%2C5%2C5%2C80%2C26/sign=b9a9629c6c81800a7ae8815cd05c589f/8601a18b87d6277ff6dea92b28381f30e824fcd1.jpg

https://gss0.bdstatic.com/94o3dSag_xI4khGkpoWK1HF6hhy/baike/c0%3Dbaike116%2C5%2C5%2C116%2C38/sign=97f3841ab48f8c54f7decd7d5b404690/18d8bc3eb13533faba29d1daa8d3fd1f40345ba2.jpg
https://gss3.bdstatic.com/-Po3dSag_xI4khGkpoWK1HF6hhy/baike/c0%3Dbaike116%2C5%2C5%2C116%2C38/sign=4560d02bce1b9d169eca923392b7dfea/9d82d158ccbf6c81b3ac6e1cbc3eb13532fa40ae.jpg
https://gss0.bdstatic.com/94o3dSag_xI4khGkpoWK1HF6hhy/baike/c0%3Dbaike272%2C5%2C5%2C272%2C90/sign=d53a7dbf02087bf469e15fbb93ba3c49/08f790529822720ec45ca00e7bcb0a46f31fabb0.jpg
https://gss1.bdstatic.com/9vo3dSag_xI4khGkpoWK1HF6hhy/baike/c0%3Dbaike150%2C5%2C5%2C150%2C50/sign=bfe86a510a7b020818c437b303b099b6/bf096b63f6246b60ddddf080ebf81a4c500fa277.jpg
https://gss2.bdstatic.com/-fo3dSag_xI4khGkpoWK1HF6hhy/baike/c0%3Dbaike116%2C5%2C5%2C116%2C38/sign=1c3130d4b912c8fca0fefe9f9d6af920/34fae6cd7b899e51610978e042a7d933c9950dba.jpg
https://gss3.bdstatic.com/7Po3dSag_xI4khGkpoWK1HF6hhy/baike/c0%3Dbaike150%2C5%2C5%2C150%2C50/sign=9e43c500952bd40756cadbaf1ae0f534/4b90f603738da977ae75dd03b251f8198618e344.jpg

https://gss1.bdstatic.com/-vo3dSag_xI4khGkpoWK1HF6hhy/baike/c0%3Dbaike92%2C5%2C5%2C92%2C30/sign=7007e4f73b01213fdb3e468e358e5db4/d50735fae6cd7b896346eaad0d2442a7d9330ef2.jpg
https://gss2.bdstatic.com/9fo3dSag_xI4khGkpoWK1HF6hhy/baike/c0%3Dbaike80%2C5%2C5%2C80%2C26/sign=7e05d1b65cdf8db1a8237436684ab631/728da9773912b31b92341d078418367adab4e140.jpg
https://gss1.bdstatic.com/9vo3dSag_xI4khGkpoWK1HF6hhy/baike/c0%3Dbaike92%2C5%2C5%2C92%2C30/sign=01951228adc3793169658e7b8aaddc20/3b87e950352ac65c695db65df9f2b21193138a40.jpg
https://gss1.bdstatic.com/9vo3dSag_xI4khGkpoWK1HF6hhy/baike/c0%3Dbaike92%2C5%2C5%2C92%2C30/sign=f42738da53da81cb5aeb8b9f330fbb73/91529822720e0cf38e839ed50846f21fbe09aaac.jpg
https://gss1.bdstatic.com/9vo3dSag_xI4khGkpoWK1HF6hhy/baike/c0%3Dbaike92%2C5%2C5%2C92%2C30/sign=08e132346259252db71a155655f2685e/960a304e251f95ca00d04298cb177f3e670952f3.jpg
https://gss1.bdstatic.com/-vo3dSag_xI4khGkpoWK1HF6hhy/baike/c0%3Dbaike80%2C5%2C5%2C80%2C26/sign=0c19d034c45c10383073c690d378f876/c9fcc3cec3fdfc03770c3396d63f8794a4c226ac.jpg
https://gss3.bdstatic.com/7Po3dSag_xI4khGkpoWK1HF6hhy/baike/c0%3Dbaike80%2C5%2C5%2C80%2C26/sign=53add3cf2d2eb938f86072a0b40bee50/d043ad4bd11373f08548bfb1a60f4bfbfbed04ac.jpg
https://gss3.bdstatic.com/-Po3dSag_xI4khGkpoWK1HF6hhy/baike/c0%3Dbaike92%2C5%2C5%2C92%2C30/sign=4cc8fb098882b90129a0cb6112e4c212/cb8065380cd7912314e9445aaf345982b2b78097.jpg
https://gss0.bdstatic.com/-4o3dSag_xI4khGkpoWK1HF6hhy/baike/c0%3Dbaike92%2C5%2C5%2C92%2C30/sign=ae4fe71679f40ad101e9cfb136457aba/e4dde71190ef76c603db2b059f16fdfaaf516797.jpg
https://gss0.bdstatic.com/94o3dSag_xI4khGkpoWK1HF6hhy/baike/c0%3Dbaike92%2C5%2C5%2C92%2C30/sign=dab30c4e372ac65c73086e219a9bd974/bba1cd11728b471059262de2c1cec3fdfc032397.jpg
https://gss3.bdstatic.com/7Po3dSag_xI4khGkpoWK1HF6hhy/baike/c0%3Dbaike80%2C5%2C5%2C80%2C26/sign=caa8d3cdd739b60059c307e588395e4f/d000baa1cd11728b98765c0ccafcc3cec3fd2c41.jpg
https://gss0.bdstatic.com/-4o3dSag_xI4khGkpoWK1HF6hhy/baike/c0%3Dbaike92%2C5%2C5%2C92%2C30/sign=80bf680e03e93901420f856c1a853f82/962bd40735fae6cd87ef7b4f0db30f2442a70f41.jpg
https://gss3.bdstatic.com/7Po3dSag_xI4khGkpoWK1HF6hhy/baike/c0%3Dbaike92%2C5%2C5%2C92%2C30/sign=0d5335080b24ab18f41be96554938da8/0b46f21fbe096b63a9118e7e0e338744ebf8ac90.jpg
https://gss2.bdstatic.com/9fo3dSag_xI4khGkpoWK1HF6hhy/baike/c0%3Dbaike92%2C5%2C5%2C92%2C30/sign=00132ae21c178a82da3177f2976a18e8/b17eca8065380cd7131672c3a344ad3459828190.jpg
https://gss0.bdstatic.com/94o3dSag_xI4khGkpoWK1HF6hhy/baike/c0%3Dbaike92%2C5%2C5%2C92%2C30/sign=b071ec3aa918972bb737089887a410ec/f31fbe096b63f6240b07e92d8544ebf81a4ca342.jpg
https://gss2.bdstatic.com/9fo3dSag_xI4khGkpoWK1HF6hhy/baike/c0%3Dbaike92%2C5%2C5%2C92%2C30/sign=13dff0d034d3d539d53007915bee8235/c83d70cf3bc79f3d22e9341eb8a1cd11728b2990.jpg
https://gss0.bdstatic.com/94o3dSag_xI4khGkpoWK1HF6hhy/baike/c0%3Dbaike92%2C5%2C5%2C92%2C30/sign=f61aeaad0d2442a7ba03f5f7b02ac62e/1b4c510fd9f9d72a0812c033d62a2834349bbbae.jpg
https://gss1.bdstatic.com/9vo3dSag_xI4khGkpoWK1HF6hhy/baike/c0%3Dbaike92%2C5%2C5%2C92%2C30/sign=dc79602be7dde711f3df4ba4c686a57e/d01373f082025aafad14aee5f9edab64034f1afd.jpg
https://gss0.bdstatic.com/-4o3dSag_xI4khGkpoWK1HF6hhy/baike/c0%3Dbaike92%2C5%2C5%2C92%2C30/sign=854d592f5e6034a83defb0d3aa7a2231/cefc1e178a82b90156f8131d718da9773912ef43.jpg
