
http://img0.pchouse.com.cn/pchouse/1110/27/141464_3.jpg	http://www.pchouse.com.cn/baike/shenghuo/733/
http://a2.att.hudong.com/35/18/01300000178518124287181785535_s.jpg	http://www.baike.com/wiki/%E4%B8%87%E5%AF%BF%E8%8F%8A
http://www.baihuamen.com/d/file/2014/03-21/a08d19f73c0d21b96e63a7f86c79e685.jpg	http://www.baihuamen.com/wanshouju/
http://img0.pchouse.com.cn/pchouse/1110/27/141463_2.jpg	http://www.pchouse.com.cn/baike/shenghuo/733/
http://www.hanyi365.com/attach/userfiles/image/2013-09-09_18_45_29.png	http://www.hanyi365.com/article_61.html
http://www.baihuamen.com/d/file/2014/03-16/75532345e0917dcc3d8b09b9b999a7c2.jpg	http://www.baihuamen.com/wanshouju/
http://a1.att.hudong.com/53/84/01300000354981126122849028865_s.jpg	http://www.baike.com/wiki/%E4%B8%87%E5%AF%BF%E8%8F%8A
http://www.wdptj.com/wp-content/uploads/2014/07/%E4%B8%87%E5%AF%BF%E8%8F%8A32.jpg	http://www.wdptj.com/wanshouju/
https://www.huabaike.com/uploads/allimg/sltimg/201605/5748016fe22ce.jpg	https://www.huabaike.com/jtyh/3815.html
http://a1.att.hudong.com/20/43/20300000185581143688432059333_s.jpg	http://www.baike.com/wiki/%E4%B8%87%E5%AF%BF%E8%8F%8A
http://www.huajiang.cc/uploads/allimg/140401/1-140401213201.jpg	http://baike.huajiang.cc/jk/wanshouju/
http://pic7.nipic.com/20100507/3370831_114827045650_2.jpg	http://www.nipic.com/show/1/44/fc4bf41dc7fa3060.html
https://www.huabaike.com/uploads/allimg/sltimg/201605/5748026285cc3.jpg	https://www.huabaike.com/jtyh/3815.html
http://www.baihuamen.com/d/file/2014/03-16/2a887f349cf63fbf4486eaea3a1660d6.jpg	http://www.baihuamen.com/wanshouju/
http://img0.pchouse.com.cn/pchouse/1110/27/141462_1.jpg	http://www.pchouse.com.cn/baike/shenghuo/733/
http://www.zhiwu365.com/uploads/plant/200_wanshouju/default/original/3_wanshouju.jpg	http://www.zhiwu365.com/plant/228
http://www.qnong.com.cn/uploadfile/2015/0804/20150804081446867.jpg	http://www.qnong.com.cn/zhuanti/7352.html
http://pic85.nipic.com/file/20151217/8669400_144054005000_2.jpg	http://www.nipic.com/show/13882670.html
http://a0.att.hudong.com/61/19/01300000178518124287197850630_s.jpg	http://www.baike.com/wiki/%E4%B8%87%E5%AF%BF%E8%8F%8A
http://www.ybx8.com/%E8%8F%8A%E8%8A%B1%E8%8C%B6%E7%9A%84%E5%8A%9F%E6%95%88%E4%B8%8E%E4%BD%9C%E7%94%A8/UploadFiles/201508/20150808152021397.jpg	http://www.ybx8.com/%E8%8F%8A%E8%8A%B1%E8%8C%B6%E7%9A%84%E5%8A%9F%E6%95%88%E4%B8%8E%E4%BD%9C%E7%94%A8/Search.asp?KeyWord=%CD%F2%CA%D9%BE%D5
http://image.sciencenet.cn/album/201312/30/2147238szi38so847xusx8.jpg	http://blog.sciencenet.cn/blog-578415-754305.html
http://pic15.nipic.com/20110710/7919931_145828079000_2.jpg	http://www.nipic.com/show/4818830.html
http://www.baihuamen.com/d/file/2014/03-16/0816d4084380b9f64d3722cf8ceb4e4c.jpg	http://www.baihuamen.com/wanshouju/
http://www.tyfmy.com/MyWeb/tianyefeng/633761899700411250/20090430092152384_big.jpg	http://www.tyfmy.com/mall/product/633816064080685000/633766479008350583.html
https://www.huabaike.com/uploads/allimg/sltimg/201605/574bcb91e0100.jpg	https://www.huabaike.com/jtyh/3815.html
http://www.21cbi.com/upload/201609/22/147451651257.jpg	http://m.21cbi.com/s/1/60736.html
http://cdn.nongshiye.com/uploadfile/2015/0404/20150404033559888.jpg	http://www.nongshiye.com/index.php?m=content&c=index&a=show&catid=17&id=139
https://gss2.bdstatic.com/-fo3dSag_xI4khGkpoWK1HF6hhy/baike/s%3D220/sign=3052c5f10933874498c5287e610ed937/adaf2edda3cc7cd94b66af783c01213fb90e91cc.jpg	https://baike.baidu.com/item/%E4%B8%87%E5%AF%BF%E8%8F%8A
http://a2.att.hudong.com/15/32/01300000401614124325327965020.jpg	http://lpj9957.blog.163.com/blog/static/133205492201271191447423/
https://upload.wikimedia.org/wikipedia/commons/thumb/2/2f/Tagetes_x_erecta1.jpg/450px-Tagetes_x_erecta1.jpg	https://zh.wikipedia.org/wiki/%E4%B8%87%E5%AF%BF%E8%8F%8A
http://a1.att.hudong.com/12/18/01300000178518124287180114987_s.jpg	http://www.baike.com/wiki/%E4%B8%87%E5%AF%BF%E8%8F%8A
http://img.pconline.com.cn/images/upload/upc/tx/photoblog/1303/12/c2/18832739_18832739_1363045664795.jpg	http://itbbs.pconline.com.cn/dc/16348269.html
http://a0.att.hudong.com/71/91/01300000354981126122912334341_s.jpg	http://www.baike.com/wiki/%E4%B8%87%E5%AF%BF%E8%8F%8A
https://cdn.pixabay.com/photo/2016/06/20/11/31/calendula-1468692_960_720.jpg	https://pixabay.com/zh/%E9%87%91%E7%9B%8F%E8%8A%B1-%E4%B8%87%E5%AF%BF%E8%8F%8A-%E9%87%91%E7%9B%8F%E8%8F%8A-%E7%9B%86%E6%A0%BD%E4%B8%87%E5%AF%BF%E8%8F%8A-%E8%8B%B1%E8%AF%AD%E4%B8%87%E5%AF%BF%E8%8F%8A-%E5%B8%B8%E8%A7%81%E7%9A%84%E4%B8%87%E5%AF%BF%E8%8F%8A-1468692/
http://pic24.nipic.com/20120927/8759743_152748450199_2.jpg	http://www.nipic.com/show/1/44/6894380k423686fa.html
http://img.zwbk.org/baike/spic/2010/12/13/20101213093100626_8217.jpg	http://m.zwbk.org/lemma/95519
http://www.publicdomainpictures.net/pictures/10000/velka/1-1194550464.jpg	http://www.publicdomainpictures.net/view-image.php?image=381&jazyk=CN
http://www.zhongyao1.com/uploads/201610/1476149532wPV7Ofc3.jpg	http://www.zhongyao1.com/doc-view-1039.html
https://gss1.bdstatic.com/9vo3dSag_xI4khGkpoWK1HF6hhy/baike/w%3D400/sign=2ea0c095bc8f8c54e3d3c42f0a282dee/d0c8a786c9177f3ee6f8fa7678cf3bc79e3d56f8.jpg	https://baike.baidu.com/item/%E4%B8%87%E5%AF%BF%E8%8F%8A
http://lyyl.jiangmen.gov.cn/kpzs/201612/W020161202834443754509.jpg	http://lyyl.jiangmen.gov.cn/kpzs/201612/t20161202_745336.html
https://gss3.bdstatic.com/-Po3dSag_xI4khGkpoWK1HF6hhy/baike/s%3D220/sign=ab0ca401adc379317968812bdbc5b784/63d9f2d3572c11df7a10d924612762d0f603c2f0.jpg	https://baike.baidu.com/item/%E4%B8%87%E5%AF%BF%E8%8F%8A
http://pic.pingguolv.com/uploads/allimg/170123/109-1F123203Q7.png	http://www.pingguolv.com/zy/gongxiao/84688.html
https://www.huabaike.com/uploads/allimg/artimg/201605/20160530124953_62981.jpg	https://www.huabaike.com/jtyh/3830.html
https://www.huabaike.com/uploads/allimg/artimg/201605/20160530132130_94770.jpg	https://www.huabaike.com/yhjq/3848.html
http://image.cn.made-in-china.com/2f0j01ZMSTzEYGvirB/%E8%89%B2%E7%B4%A0%E4%B8%87%E5%AF%BF%E8%8F%8A%E7%A7%8D%E5%AD%90.jpg	http://cn.made-in-china.com/gongying/zhaoyun20002001-qMkECeSoliRb.html
http://image50.360doc.com/DownloadImg/2012/04/0808/23006213_4.jpg	http://www.360doc.com/content/12/0408/08/8340333_201836625.shtml
http://www.gonglube.com/uploads/allimg/c151217/14503Cc22O40-116123.jpg	http://www.gonglube.com/video/1061.html
http://a1.att.hudong.com/55/52/01200000033533116005230374455_s.jpg	http://www.baike.com/wiki/%E5%8D%97%E9%9D%9E%E4%B8%87%E5%AF%BF%E8%8F%8A
http://www.huajiang.cc/uploads/allimg/140401/10-140401221R5.jpg	http://baike.huajiang.cc/jk/wanshouju/
http://www.gonglube.com/uploads/allimg/c151217/14503Cc360Z-132315.jpg	http://www.gonglube.com/video/1061.html
https://www.huabaike.com/uploads/allimg/sltimg/201605/574bcc1413c41.jpg	https://www.huabaike.com/cbzw/3814.html
http://www.zhongyao1.com/uploads/201610/1476149574WWXVzIU5.jpg	http://www.zhongyao1.com/doc-view-1039.html
http://pic13.nipic.com/20110310/6569459_101115646150_2.jpg	http://www.nipic.com/show/1/44/4319538kee58bfa4.html
http://img.zuihua.com/data/attachment/portal/201607/26/185346iclksy1c1tirrwnn.jpg	http://www.backchina.com/forum/20160729/info-1399935-1-1.html
http://www.gzhphb.com/gpPic/600/0/mmbiz.qpic.cn/mmbiz/K1RpGHaiadYE5asR7YsbXGHIsCo8MZ51FefXOYGzfnOibqdgqLXnR4srria6fSnWNcHRxdql6uFkeblmxwTA9wVhg/0?wx_fmt=jpeg	http://www.gzhphb.com/article/48/482856.html
http://www.gzhphb.com/gpPic/600/0/mmbiz.qpic.cn/mmbiz/ypQBLwX0Y6pYAVI1Nb5oibOy0qKkWMHHdv23K6aKmvSWg6kbflkaL3uibjcUOsLGlw1iaor2DB2g0dJG6CF2SjmMA/0?wx_fmt=jpeg	http://m.gzhphb.com/article/49/491046.html
http://blog.sinovision.net/attachments/2010/09/09/3505288804c89631ef108a.jpg	http://blog.sinovision.net/home/space/uid/7995/do/blog/id/39323.html
http://www.52yhua.com/uploads/allimg/151101/1-151101193417.jpg	http://www.52yhua.com/juketp/929.html
https://cdn.pixabay.com/photo/2014/08/31/15/18/marigold-432205_960_720.jpg	https://pixabay.com/zh/%E4%B8%87%E5%AF%BF%E8%8F%8A-%E8%8A%B1-%E8%8A%B1%E5%9B%AD-%E5%BC%80%E8%8A%B1-%E6%A9%99-432205/
http://pic8.nipic.com/20100704/218586_215717095957_2.jpg	http://www.nipic.com/show/1/44/a99e08574ccbbfbe.html
http://p.d1xz.net/2014/5/6/092445194519.jpg	http://3g.d1xz.net/astro/huayu/art47708.aspx
https://gss2.bdstatic.com/9fo3dSag_xI4khGkpoWK1HF6hhy/baike/s%3D220/sign=031a7d0b5566d0167a19992aa729d498/b21bb051f81986180cbb11424ded2e738ad4e67c.jpg	https://baike.baidu.com/item/%E4%B8%87%E5%AF%BF%E8%8F%8A
http://img01.hua.com/uploadpic/images/20162261449382909121.jpg	http://www.hua.com/huayu/14802.html
http://www.wdptj.com/wp-content/uploads/2014/07/%E4%B8%87%E5%AF%BF%E8%8F%8A12.jpg	http://www.wdptj.com/wanshouju/
http://s1.sinaimg.cn/middle/686788a6xc862f9b006f0&690	http://blog.sina.com.cn/s/blog_686788a60100js74.html
https://www.huabaike.com/uploads/allimg/artimg/201605/20160527161856_97069.jpg	https://www.huabaike.com/hyjk/3819.html
http://pic.pingguolv.com/uploads/allimg/170123/109-1F123203R9.png	http://www.pingguolv.com/zy/gongxiao/84688.html
http://img0.pclady.com.cn/pclady/1206/15/838946_pic_20071019225333_7a16b56a-f62c-490a-acbd-51b089700f71.jpg	http://emotion.pclady.com.cn/zxzq/1206/838946_all.html
http://pic.pingguolv.com/uploads/allimg/170123/109-1F123203T1.png	http://www.pingguolv.com/zy/gongxiao/84688.html
http://file.azg168.cn/file/yangzhaifengshui/fengshuizhiwu/20121113/2b3861134d30fee76254ff9af772341e.jpg	http://www.azg168.cn/yangzhaifengshui/fengshuizhiwu/56725.html
http://www.tyfmy.com/MyWeb/tianyefeng/633761899700411250/20090430092336732_big.jpg	http://www.tyfmy.com/mall/product/633816064080685000/633766477272502679.html
https://thumbnail.image.rakuten.co.jp/@0_mall/furifu/cabinet/obi/03819258/img62229611.jpg	http://item.rakuten.co.jp/furifu/52-3-282/
http://image.sciencenet.cn/album/201312/30/2148123ubb1dqdodciqzb3.jpg	http://wap.sciencenet.cn/blogview.aspx?id=754305
http://tupian.geimian.com/pic/2017/01/2017-01-02_140746.jpg	https://www.geimian.com/wx/80101.html
http://zzjz.hljsti.cn/Files/Sites/L/lidaer/Editor/%E5%8F%B6%E9%BB%84%E7%B4%A0%E5%8E%9F%E6%96%99-%E4%B8%87%E5%AF%BF%E8%8F%8A1.JPG	http://zzjz.hljsti.cn/Sites/lidaer/Html/index_zh-cn.html
http://www.zhiwu365.com/uploads/plant/200_wanshouju/default/original/2_wanshouju.jpg	http://www.zhiwu365.com/plant/228
http://pic60.nipic.com/file/20150126/20019086_104236083000_2.jpg	http://www.nipic.com/show/11928161.html
http://pic12.nipic.com/20101219/6153281_220702032159_2.jpg	http://www.nipic.com/show/1/44/4072634k4a790e6b.html
http://www.33lc.com/article/UploadPic/2012-10/201210151574344223.jpg	http://www.33lc.com/article/4825.html
http://www.zhongyao1.com/uploads/201610/1476149567Xu5LxKau.jpg	http://www.zhongyao1.com/doc-view-1039.html
http://www.ew9z.com/wp-content/uploads/2010/02/Tagetes_erecta_6.jpg	http://www.ew9z.com/wanshouju-pinzhong-ziliao.html
http://tupian.geimian.com/pic/2017/01/2017-01-02_140438.jpg	https://www.geimian.com/wx/80101.html
https://d2yhzwqe6ppdfh.cloudfront.net/images/user/blog/186196/blog/0bee5845e19bee5189a4bb42258718f0.jpg	http://www.kimonoism.net/blog/2016/04/11/210424
http://pic.pingguolv.com/uploads/allimg/170123/109-1F123203U2.png	http://www.pingguolv.com/zy/gongxiao/84688.html
http://www.fzyyc.cn/uploads/allimg/c160203/1454464095360-EB0.jpg	http://www.fzyyc.cn/juhualeizhongzi/143.html
http://www.38fan.com/uploads/allimg/170113/41_170113153218_1.jpg	http://www.38fan.com/z99484.html
http://pic1.nipic.com/2008-10-17/20081017143828936_2.jpg	http://www.nipic.com/show/1/44/8b2c6b8bfdcccdeb.html
http://qcyn.sinaimg.cn/2010/0803/201083144857.jpg	http://qcyn.sina.com.cn/business/xmtj/2010/0803/1448244484.html
http://a2.att.hudong.com/87/96/20300000237086143372960604146_s.jpg	http://www.baike.com/wiki/%E4%B8%87%E5%AF%BF%E8%8F%8A%E5%B1%9E
http://www.qianshenglh.com/upLoadFile/201404201441762521.gif	http://www.qianshenglh.com/pro_detail.asp?id=121
http://www.huadian360.com/upload/baike/2011-9/UJ4jVf8OcO4d8lMUD3Z8.jpg	http://www.huadian360.com/baike/baike.asp?id=220
https://cdn.pixabay.com/photo/2015/05/09/08/51/corn-marigold-759450_960_720.jpg	https://pixabay.com/zh/%E7%8E%89%E7%B1%B3%E4%B8%87%E5%AF%BF%E8%8F%8A-coleostephus-myconis-%E9%B2%9C%E8%8A%B1-759450/
http://pic19.nipic.com/20120322/8264074_102826377173_2.jpg	http://www.nipic.com/show/1/44/5892338kb37babbe.html
http://www.wed114.cn/jiehun/uploads/allimg/160627/52_160627150429_8.jpg	http://www.wed114.cn/jiehun/zhiwu/20160627147686.html
http://www.wed114.cn/jiehun/uploads/allimg/160627/52_160627150429_6.jpg	http://www.wed114.cn/jiehun/zhiwu/20160627147686_2.html
http://image.cn.made-in-china.com/37f28j01UMsQfKCGHDpA/%E4%B8%87%E5%AF%BF%E8%8F%8A.jpg	http://cn.made-in-china.com/gongying/xyhhyuan-tMvQfKbGgzpZ.html
http://a1.att.hudong.com/70/52/01200000033533116005221345670_s.jpg	http://www.baike.com/wiki/%E5%8D%97%E9%9D%9E%E4%B8%87%E5%AF%BF%E8%8F%8A
http://pic17.nipic.com/20111119/7067776_215455249141_2.jpg	http://www.nipic.com/show/1/44/5391486k0b566617.html
http://www.wdptj.com/wp-content/uploads/2016/01/%E4%B8%87%E5%AF%BF%E8%8F%8A%E7%9A%84%E8%B5%84%E6%96%99.jpg	http://www.wdptj.com/16370.html
http://tupian.geimian.com/pic/2017/01/2017-01-02_141753.jpg	https://www.geimian.com/wx/80101.html
