
http://a3.att.hudong.com/32/06/300000764046131536067020064_950.jpg	http://www.baike.com/wiki/%E9%B8%A1%E5%86%A0%E5%88%BA%E6%A1%90
http://www.jiguancitong.com/upload/201507/10/small_201507101628587812.png	http://www.jiguancitong.com/
http://yunol.com.tw/0703/Erythrina_crista-galli/P1070060.jpg	http://yunol.com.tw/0703/Erythrina_crista-galli/index.html
http://yunol.com.tw/0703/Erythrina_crista-galli/P1070061.jpg	http://yunol.com.tw/0703/Erythrina_crista-galli/index.html
http://a0.att.hudong.com/52/05/20200000013920144766050076362_s.jpg	http://www.baike.com/wiki/%E9%B8%A1%E5%86%A0%E5%88%BA%E6%A1%90
http://www.jiguancitong.com/upload/201608/01/201608011110333430.jpg	http://www.jiguancitong.com/news/show/189.aspx
http://yunol.com.tw/0703/Erythrina_crista-galli/P1070058.jpg	http://yunol.com.tw/0703/Erythrina_crista-galli/index.html
http://yunol.com.tw/0703/Erythrina_crista-galli/P1070062.jpg	http://yunol.com.tw/0703/Erythrina_crista-galli/index.html
http://a2.att.hudong.com/20/05/01100000000000144766050199253_s.jpg	http://www.baike.com/wiki/%E9%B8%A1%E5%86%A0%E5%88%BA%E6%A1%90
http://www.sscri.cn/ufiles/Image/2010-08/%E9%B8%A1%E5%86%A0%E5%88%BA%E6%A1%90%20(1).jpg	http://www.sscri.cn/news/?66.html
http://img0.ph.126.net/BD984OFv_7oVPXLssjbChg==/3158430713770633323.jpg	http://ningrui0315.lofter.com/post/315506_4836048
http://pic22.nipic.com/20120709/787579_100744486100_2.jpg	http://www.nipic.com/show/1/44/6491621kf08c9c17.html
http://www.huayugu.com.cn/uploads/allimg/160722/1-160H21S1580-L.jpg	http://www.huayugu.com.cn/jiguancitong/14787.html
http://www.greenway-cafe.com.tw/161a65649875a393241ab0e759ebd18f.jpg	http://www.greenway-cafe.com.tw/product_826722-cn.html
http://www.jiguancitong.com/upload/201510/19/201510191751569062.jpg	http://www.jiguancitong.com/news/show/137.aspx
http://img.ph.126.net/481JUTSxRcrgy-LqAt_jdw==/2696530276904866545.jpg	http://hsqlxy.blog.163.com/blog/static/9411736620115299362954/
http://yunol.com.tw/0703/Erythrina_crista-galli/P1070059.jpg	http://yunol.com.tw/0703/Erythrina_crista-galli/index.html
http://7.blog.xuite.net/7/4/e/4/11253733/blog_227360/txt/35728120/1.jpg	http://blog.xuite.net/e2202778/boaboa/35728120-%E9%9B%9E%E5%86%A0%E5%88%BA%E6%A1%90
http://blog.sina.com.tw/myimages/223/35295/images/1178466536_1.jpg	http://blog.sina.com.tw/show_me_more/article.php?entryid=461314
http://www.twword.com/uploads/wiki/59/dd/590226_0.jpg	http://www.twword.com/wiki/%E9%9B%9E%E5%86%A0%E5%88%BA%E6%A1%90
http://www.168hm.com/Public/supply/5208332629dc7.jpg	http://www.168hm.com/Category/item_558.html
http://img0.ph.126.net/BGl02FJuo2Y4xeoNUFJdrg==/2153002096960032657.jpg	http://ningrui0315.lofter.com/post/315506_4836048
http://zhszyl.cnhmsq.com/Data/ProductPhoto/2012/05/07/Show_2012571525538733.jpg	http://zhszyl.cnhmsq.com/6/ProductSaleShowContent.asp?ProductSaleID=304614
http://blog.sina.com.tw/myimages/223/35295/images/1178466536_0.jpg	http://blog.sina.com.tw/show_me_more/article.php?entryid=461314
http://202.116.160.98:8000/course/ylshmx/tpzy/%E6%A0%A1%E5%9B%AD%E6%A4%8D%E7%89%A9/%E6%A0%A1%E5%9B%AD%E6%A4%8D%E7%89%A9/nEO_IMG_%E8%9D%B6%E5%BD%A2%E8%8A%B1%E7%A7%91-%E9%B8%A1%E5%86%A0%E5%88%BA%E6%A1%90.jpg	http://202.116.160.98:8000/course/ylshmx/tpzy/%E6%A0%A1%E5%9B%AD%E6%A4%8D%E7%89%A9/%E6%A0%A1%E5%9B%AD%E6%A4%8D%E7%89%A9/page_5.htm
http://www.general.ncnu.edu.tw/cockscomb.files/image004.jpg	http://www.general.ncnu.edu.tw/cockscomb.htm
http://pic21.nipic.com/20120608/8759743_180147452116_2.jpg	http://www.nipic.com/show/1/44/6322299kcc3d72ec.html
http://a2.att.hudong.com/61/05/01100000000000144766050569418_s.jpg	http://www.baike.com/wiki/%E9%B8%A1%E5%86%A0%E5%88%BA%E6%A1%90
http://pic.pimg.tw/wiwa5656/1383872253-3061899110.jpg	http://wiwa5656.pixnet.net/blog/post/296878544-%E6%B0%B4%E9%BB%83%E7%9A%AE%E3%80%82%E9%9B%9E%E5%86%A0%E5%88%BA%E6%A1%90
http://www.sungwei.com.tw/photo6/gegaf%20(11).jpg	http://www.sungwei.com.tw/gegaf.htm
http://www.hnmmjy.com/uploads/userup/19/1403U3443-1937.jpg	http://www.hnmmjy.com/pshow/2014/0627/844.html
http://thub.sssccc.net/%E5%9B%BE%E7%89%87%E7%B4%A0%E6%9D%90/high/%E5%9B%AD%E6%9E%97/%E4%B9%94%E6%9C%A8%E7%B1%BB/%E9%B8%A1%E5%86%A0%E5%88%BA%E6%A1%903.jpg	http://www.sssccc.net/source/226912.shtml
http://img313.ph.126.net/LK6IGr0sQT35RZPyJPQiQQ==/3674374345981468255.jpg	http://blog.163.com/gzxmq@126/blog/static/11451403820108281746164?ignoreua
https://3.share.photo.xuite.net/jodyhsieh/1377e9f/12804876/647563411_m.jpg	http://blog.xuite.net/jodyhsieh/twblog/142244492-%E9%9B%9E%E5%86%A0%E5%88%BA%E6%A1%90
https://gss2.bdstatic.com/9fo3dSag_xI4khGkpoWK1HF6hhy/baike/s%3D220/sign=efa5f6689058d109c0e3aeb0e159ccd0/a5c27d1ed21b0ef429240d48dfc451da80cb3ed3.jpg	https://baike.baidu.com/item/%E9%B8%A1%E5%86%A0%E5%88%BA%E6%A1%90
http://a1.att.hudong.com/47/84/01000000000000119088439293147.jpg	http://tupian.baike.com/a1_47_84_01000000000000119088439293147_jpg.html
http://www.qxslyfjq.com/u/cms/www_qxsfjq_com/201311/02203422rp99.jpg	http://www.qxslyfjq.com/qxsfjqrzzlzwml/6014.jhtml
http://pic.pimg.tw/moon4085/1430079253-281822995.jpg	http://blog.xuite.net/b030805/twblog/324838946
http://www.general.ncnu.edu.tw/cockscomb.files/image006.jpg	http://www.general.ncnu.edu.tw/cockscomb.htm
http://www.sungwei.com.tw/photo6/gegaf%20(14).jpg	http://www.sungwei.com.tw/gegaf.htm
http://www.ntcu.edu.tw/newsletter/%E6%9C%9F%E6%95%B8/34%E6%9C%9F/images/9306057.jpg	http://www.ntcu.edu.tw/newsletter/%E6%9C%9F%E6%95%B8/34%E6%9C%9F/930605-2G.htm
http://www.yuhuagu.com/uploads/allimg/120519/10-1205191Q516.jpg	http://www.yuhuagu.com/ktsh/2981.html
http://upload-images.jianshu.io/upload_images/4096112-c3bac95b26321d4d.jpg?imageMogr2/auto-orient/strip%7CimageView2/2/w/1240	http://www.jianshu.com/p/29b0f1dd27be
http://7.blog.xuite.net/7/4/e/4/11253733/blog_227360/txt/35728120/0.jpg	http://blog.xuite.net/e2202778/boaboa/35728120-%E9%9B%9E%E5%86%A0%E5%88%BA%E6%A1%90
http://upload.mm111.net/2016/0414/1460596894261.jpg	http://www.mm111.net/2016/0414/291468.shtml
http://file.youboy.com/a/89/15/30/2/16948692.jpg	http://www.xn--ces3rf6nu1jo69as0s.com/s502719749.html
http://images.nongmiao.com/small/trade/2015/03/31/1503310340155501.jpg	http://cidong.nongmiao.com/
http://a0.att.hudong.com/16/05/01100000000000144766050596835_s.jpg	http://www.baike.com/wiki/%E9%B8%A1%E5%86%A0%E5%88%BA%E6%A1%90
http://4.bp.blogspot.com/-Eiwt-odBt2Y/VPXFHjKjsTI/AAAAAAAAnQE/laSPdNAHagE/s1600/P1340420.JPG	http://purplewhee.blogspot.com/2012/09/blog-post_23.html
http://www.jiguancitong.com/Aatemplates/anli/images/jianjie.png	http://www.jiguancitong.com/
http://www.qxslyfjq.com/u/cms/www_qxsfjq_com/201311/02203436vgwj.jpg	http://www.qxslyfjq.com/qxsfjqrzzlzwml/6014.jhtml
http://img1.ph.126.net/Ny3o4Xt2glY_je3Lj5gfyw==/3813704459552864707.jpg	http://ningrui0315.lofter.com/post/315506_4836048
http://pic1.win4000.com/pic/0/3d/f30e1325322.jpg	http://www.win4000.com/meinv110935_18.html
http://image.sciencenet.cn/album/201204/20/1819450t2uoubehqu0u0b0.jpg	http://blog.sciencenet.cn/blog-629259-561784.html
http://www.baihuamen.com/d/file/2014/05-27/4ed4400369e44337613dfb20bcd2e4a0.jpg	http://www.baihuamen.com/jiguancitong/
http://s8.sinaimg.cn/mw690/001jsMERzy7b7OiauKH97&690	http://blog.sina.com.cn/s/blog_47bfaad50102x6u9.html
http://pic.pimg.tw/chingmaio/1212385611.jpg	http://chingmaio.pixnet.net/blog/post/18287301-%E9%9B%9E%E5%86%A0%E5%88%BA%E6%A1%90
http://www.huamu.cn/Upload/Baike/3608202570751.jpg	http://www.huamu.cn/pinzhong/detail-645.html
http://link.photo.pchome.com.tw/s08/slinwang/107/127051671186/	http://mypaper.pchome.com.tw/slinwang/post/1320815522
http://www.itaomiao.com/img/nursery/2016/09/26/11/1474861899652kkHx.jpg	http://www.itaomiao.com/supply/supplyInfo.itm?code=0000000000574953
http://www.itaomiao.com/img/nursery/2016/09/19/09/14742501128825nBv.jpg	http://www.itaomiao.com/supply/supplyInfo.itm?code=0000000000573384
http://www.itaomiao.com/img/nursery/2016/09/26/11/1474862034402F7UW.jpg	http://www.itaomiao.com/supply/supplyInfo.itm?code=0000000000574957
http://www.itaomiao.com/img/nursery/2016/10/02/13/1475385240982HpPW.jpg	http://www.itaomiao.com/supply/supplyInfo.itm?code=0000000000574990
http://www.itaomiao.com/img/nursery/2016/09/26/11/1474861870165CEVg.jpg	http://www.itaomiao.com/supply/supplyInfo.itm?code=0000000000574952
http://s1.sinaimg.cn/mw690/001jsMERzy7b7OhmaGYf0&690	http://blog.sina.com.cn/s/blog_47bfaad50102x6u9.html
http://s2.sinaimg.cn/mw690/001jsMERzy7b7O7GTZLf1&690	http://blog.sina.com.cn/s/blog_47bfaad50102x6u9.html
http://8.blog.xuite.net/8/5/c/a/16484836/blog_640676/txt/24612694/0.jpg	http://blog.xuite.net/t1837/88/24612694-%E9%9B%9E%E5%86%A0%E5%88%BA%E6%A1%90%2B%E4%B8%B2%E9%8C%A2%E6%9F%B3
http://s11.sinaimg.cn/mw690/001jsMERzy7b7O6zUtI5a&690	http://blog.sina.com.cn/s/blog_47bfaad50102x6u9.html
http://file.youboy.com/a/139/38/57/7/694547.jpg	http://bjr027.com/news/6bih5Yag5Yi65qGQ.html
http://www.itaomiao.com/img/nursery/2016/09/19/09/1474250085577PMsm.jpg	http://www.itaomiao.com/supply/supplyInfo.itm?code=0000000000573384
http://pic1.win4000.com/pic/0/4d/f1b21363305.jpg	http://www.win4000.com/meinv114511_4.html
http://www.greenway-cafe.com.tw/fdb55557686724fea13aa47f83766a3b.jpg	http://www.greenway-cafe.com.tw/product_826722-cn.html
http://www.itaomiao.com/img/nursery/2016/09/26/11/1474861986254Y5z6.jpg	http://www.itaomiao.com/supply/supplyInfo.itm?code=0000000000574956
http://www.itaomiao.com/img/nursery/2016/09/26/11/1474861954822stlt.jpg	http://www.itaomiao.com/supply/supplyInfo.itm?code=0000000000574955
http://www.itaomiao.com/img/nursery/2016/09/26/11/1474861929010FdeT.jpg	http://www.itaomiao.com/supply/supplyInfo.itm?code=0000000000574954
http://www.itaomiao.com/img/nursery/2017/05/05/16/1493974011498cS7B.png	http://www.itaomiao.com/supply/supplyInfo.itm?code=0000000000522683
http://s4.sinaimg.cn/mw690/001jsMERzy7b7QdkYdt23&690	http://blog.sina.com.cn/s/blog_47bfaad50102x6u9.html
http://www.itaomiao.com/img/nursery/2017/05/05/16/1493974035842bGTz.png	http://www.itaomiao.com/supply/supplyInfo.itm?code=0000000000522683
http://www.itaomiao.com/img/nursery/2016/10/12/17/1476266354916b6er.jpg	http://www.itaomiao.com/supply/supplyInfo.itm?code=0000000000576581
http://www.itaomiao.com/img/nursery/2016/09/26/11/1474862023983B3CB.jpg	http://www.itaomiao.com/supply/supplyInfo.itm?code=0000000000574957
https://cbu01.alicdn.com/img/ibank/2015/413/186/2265681314_1221030285.310x310.jpg	https://www.1688.com/pic/-BCA6B9DAB4CCCDA9.html
http://www.itaomiao.com/img/nursery/2016/09/26/11/1474862006470a3kt.jpg	http://www.itaomiao.com/supply/supplyInfo.itm?code=0000000000574956
http://www.itaomiao.com/img/nursery/2016/09/26/11/1474861886924nX9O.jpg	http://www.itaomiao.com/supply/supplyInfo.itm?code=0000000000574952
http://img.boqiicdn.com/Data/BK/A/1510/29/imagick5171446090402_y.jpg	http://m.boqii.com/entry/detail/2165.html
http://www.itaomiao.com/img/nursery/2016/09/26/11/1474861878332ZEBP.jpg	http://www.itaomiao.com/supply/supplyInfo.itm?code=0000000000574952
http://www.bhcaopi.com/Upload/20170404215537fYqi.jpg	http://www.bhcaopi.com/wap/info/jiguancitong.html
http://img128.ph.126.net/XLYAJ2hU0NKfU772R2LTDA==/2098677426356265659.jpg	http://hongli5008.blog.163.com/blog/static/1054929852011412345747/
http://file5.youboy.com/d/164/21/41/5/534065.JPG	http://www.youboy.com/s87294594.html
http://www.itaomiao.com/img/nursery/2016/09/25/12/14747767620141oH2.jpg	http://www.itaomiao.com/supply/supplyInfo.itm?code=0000000000574919
http://img4.114pifa.com/5576/JA5HxzhEV_1401817006.jpg	http://www.114pifa.com/tagsc/%BC%A6%B9%DA%B4%CC%CD%A9
http://www.itaomiao.com/img/nursery/2017/05/05/16/1493974034825cH0N.png	http://www.itaomiao.com/supply/supplyInfo.itm?code=0000000000522683
http://www.itaomiao.com/img/nursery/2016/09/25/12/1474776707710mXqD.jpg	http://www.itaomiao.com/supply/supplyInfo.itm?code=0000000000574918
http://www.itaomiao.com/img/nursery/2017/05/05/16/1493974031879pK7X.png	http://www.itaomiao.com/supply/supplyInfo.itm?code=0000000000522683
http://www.itaomiao.com/img/nursery/2016/09/26/11/1474861909330ljAm.jpg	http://www.itaomiao.com/supply/supplyInfo.itm?code=0000000000574953
http://www.sscri.cn/ufiles/Image/2010-08/%E9%B8%A1%E5%86%A0%E5%88%BA%E6%A1%90.jpg	http://www.sscri.cn/news/?66.html
http://www.jsltyl.top/upfile/images/%E6%9E%97%E6%9C%A8/%E9%B8%A1%E5%86%A0%E5%88%BA%E6%A1%90%E7%A7%8D%E5%AD%9022.jpg	http://www.jsltyl.top/576/0/518
http://www.itaomiao.com/img/nursery/2016/09/26/11/1474861918073AaKf.jpg	http://www.itaomiao.com/supply/supplyInfo.itm?code=0000000000574953
http://www.itaomiao.com/img/nursery/2016/09/25/12/1474777319740v9YL.jpg	http://www.itaomiao.com/supply/supplyInfo.itm?code=0000000000573379
http://www.itaomiao.com/img/nursery/2017/05/05/16/1493974012596INxe.png	http://www.itaomiao.com/supplys/jiguancitong.html
http://www.itaomiao.com/img/nursery/2016/09/25/12/1474777334578wXj7.jpg	http://www.itaomiao.com/supply/supplyInfo.itm?code=0000000000573379
