
https://gss3.bdstatic.com/-Po3dSag_xI4khGkpoWK1HF6hhy/baike/c0%3Dbaike150%2C5%2C5%2C150%2C50/sign=2d7618200a7b020818c437b303b099b6/bf096b63f6246b604f4382f1ebf81a4c500fa2e1.jpg
https://gss3.bdstatic.com/-Po3dSag_xI4khGkpoWK1HF6hhy/baike/c0%3Dbaike150%2C5%2C5%2C150%2C50/sign=21c7d5170cf431ada8df4b6b2a5fc7ca/f11f3a292df5e0fe0a55b9845c6034a85fdf72e1.jpg
https://gss0.bdstatic.com/94o3dSag_xI4khGkpoWK1HF6hhy/baike/c0%3Dbaike150%2C5%2C5%2C150%2C50/sign=730b9be40fb30f242197e451a9fcba26/b151f8198618367ad2364f582e738bd4b21ce5f3.jpg
https://gss3.bdstatic.com/7Po3dSag_xI4khGkpoWK1HF6hhy/baike/c0%3Dbaike150%2C5%2C5%2C150%2C50/sign=16677a8b6709c93d13ff06a5fe5493b9/d50735fae6cd7b8941210a060f2442a7d8330ee1.jpg
https://gss1.bdstatic.com/9vo3dSag_xI4khGkpoWK1HF6hhy/baike/c0%3Dbaike150%2C5%2C5%2C150%2C50/sign=1ad77d45f736afc31a013737d27080a1/e824b899a9014c08779e18200a7b02087af4f489.jpg

https://gss2.bdstatic.com/9fo3dSag_xI4khGkpoWK1HF6hhy/baike/c0%3Dbaike272%2C5%2C5%2C272%2C90/sign=2846ccd5b912c8fca0fefe9f9d6af920/34fae6cd7b899e51557e84e142a7d933c9950d56.jpg
https://gss0.bdstatic.com/94o3dSag_xI4khGkpoWK1HF6hhy/baike/c0%3Dbaike272%2C5%2C5%2C272%2C90/sign=034415940fb30f242197e451a9fcba26/cefc1e178a82b901325d7dc6738da9773812ef57.jpg
https://gss2.bdstatic.com/-fo3dSag_xI4khGkpoWK1HF6hhy/baike/c0%3Dbaike272%2C5%2C5%2C272%2C90/sign=cd367028ab64034f1bc0ca54ceaa1254/dbb44aed2e738bd435d10cc4a18b87d6267ff957.jpg
https://gss2.bdstatic.com/9fo3dSag_xI4khGkpoWK1HF6hhy/baike/c0%3Dbaike272%2C5%2C5%2C272%2C90/sign=e94022b23912b31bd361c57be7715d1f/03087bf40ad162d9681edce911dfa9ec8b13cd57.jpg
https://gss3.bdstatic.com/7Po3dSag_xI4khGkpoWK1HF6hhy/baike/c0%3Dbaike272%2C5%2C5%2C272%2C90/sign=aef1268ed11373f0e13267cdc566209e/a8773912b31bb05187ab0ddd367adab44bede0bc.jpg
https://gss0.bdstatic.com/94o3dSag_xI4khGkpoWK1HF6hhy/baike/c0%3Dbaike92%2C5%2C5%2C92%2C30/sign=1da1563254da81cb5aeb8b9f330fbb73/91529822720e0cf36705f03d0f46f21fbf09aa02.jpg
https://gss2.bdstatic.com/9fo3dSag_xI4khGkpoWK1HF6hhy/baike/c0%3Dbaike92%2C5%2C5%2C92%2C30/sign=6e46c70dfeedab64607f4592965fc4a6/14ce36d3d539b600f0bab671ec50352ac75cb784.jpg
https://gss2.bdstatic.com/-fo3dSag_xI4khGkpoWK1HF6hhy/baike/c0%3Dbaike92%2C5%2C5%2C92%2C30/sign=c55915a70ab30f242197e451a9fcba26/eaf81a4c510fd9f969faebaf202dd42a2934a403.jpg
https://gss2.bdstatic.com/-fo3dSag_xI4khGkpoWK1HF6hhy/baike/c0%3Dbaike92%2C5%2C5%2C92%2C30/sign=1941bcb8201f95cab2f89ae4a87e145b/b999a9014c086e0693de868d07087bf40bd1cb86.jpg
https://gss0.bdstatic.com/-4o3dSag_xI4khGkpoWK1HF6hhy/baike/c0%3Dbaike92%2C5%2C5%2C92%2C30/sign=824cb6053f87e950561afb3e71513826/f9dcd100baa1cd1146c7cbe6bc12c8fcc2ce2d86.jpg
https://gss3.bdstatic.com/7Po3dSag_xI4khGkpoWK1HF6hhy/baike/c0%3Dbaike92%2C5%2C5%2C92%2C30/sign=96842c1a0dfa513d45a7648c5c043e9e/f11f3a292df5e0fe9e2e30c7596034a85fdf72c5.jpg
https://gss1.bdstatic.com/-vo3dSag_xI4khGkpoWK1HF6hhy/baike/c0%3Dbaike92%2C5%2C5%2C92%2C30/sign=7fc985021ed5ad6ebef46cb8e0a252be/21a4462309f7905235f0f9f809f3d7ca7acbd50d.jpg
https://gss1.bdstatic.com/9vo3dSag_xI4khGkpoWK1HF6hhy/baike/c0%3Dbaike92%2C5%2C5%2C92%2C30/sign=6bdd8705d2ca7bcb6976cf7ddf600006/b2de9c82d158ccbf75520bfc1cd8bc3eb035410d.jpg
https://gss1.bdstatic.com/-vo3dSag_xI4khGkpoWK1HF6hhy/baike/c0%3Dbaike92%2C5%2C5%2C92%2C30/sign=662e77f59745d688b70fbaf6c5ab167b/279759ee3d6d55fb1728c8e068224f4a21a4dd0e.jpg
https://gss1.bdstatic.com/9vo3dSag_xI4khGkpoWK1HF6hhy/baike/c0%3Dbaike92%2C5%2C5%2C92%2C30/sign=f29cf02f881001e95a311c5dd9671089/aa18972bd40735fab79df77f9b510fb30e240882.jpg
https://gss0.bdstatic.com/94o3dSag_xI4khGkpoWK1HF6hhy/baike/c0%3Dbaike92%2C5%2C5%2C92%2C30/sign=9b7d09d0cafc1e17e9b284632bf99d66/9213b07eca806538d4031ad592dda144ac34820f.jpg
https://gss3.bdstatic.com/7Po3dSag_xI4khGkpoWK1HF6hhy/baike/c0%3Dbaike92%2C5%2C5%2C92%2C30/sign=ef5cf71a51e736d14c1e845afa3924a7/9f510fb30f2442a78e614463d443ad4bd013028c.jpg
https://gss3.bdstatic.com/7Po3dSag_xI4khGkpoWK1HF6hhy/baike/c0%3Dbaike92%2C5%2C5%2C92%2C30/sign=feaa5bdc6559252db71a155655f2685e/960a304e251f95caf69b2b70cc177f3e6609528d.jpg
https://gss3.bdstatic.com/7Po3dSag_xI4khGkpoWK1HF6hhy/baike/c0%3Dbaike92%2C5%2C5%2C92%2C30/sign=0d80dbda14dfa9ece9235e4503b99c66/cf1b9d16fdfaaf510c8d3879895494eef11f7a8e.jpg
https://gss3.bdstatic.com/-Po3dSag_xI4khGkpoWK1HF6hhy/baike/c0%3Dbaike92%2C5%2C5%2C92%2C30/sign=d2331b2ba444ad343ab28fd5b1cb6791/a5c27d1ed21b0ef458c52198d8c451da80cb3ec2.jpg
https://gss2.bdstatic.com/-fo3dSag_xI4khGkpoWK1HF6hhy/baike/c0%3Dbaike92%2C5%2C5%2C92%2C30/sign=a0239023a86eddc432eabca958b2dd98/472309f790529822dcd98705d2ca7bcb0b46d40a.jpg
https://gss2.bdstatic.com/-fo3dSag_xI4khGkpoWK1HF6hhy/baike/c0%3Dbaike92%2C5%2C5%2C92%2C30/sign=200783450a2442a7ba03f5f7b02ac62e/1b4c510fd9f9d72ade0fa9dbd12a2834359bbb89.jpg
https://gss0.bdstatic.com/-4o3dSag_xI4khGkpoWK1HF6hhy/baike/c0%3Dbaike92%2C5%2C5%2C92%2C30/sign=155221bdd41373f0e13267cdc566209e/d52a2834349b033b9fa4451c10ce36d3d439bdcc.jpg
https://gss0.bdstatic.com/94o3dSag_xI4khGkpoWK1HF6hhy/baike/c0%3Dbaike92%2C5%2C5%2C92%2C30/sign=80fbf9f809f3d7ca18fb37249376d56c/d009b3de9c82d158d466e777850a19d8bd3e420b.jpg
https://gss3.bdstatic.com/7Po3dSag_xI4khGkpoWK1HF6hhy/baike/c0%3Dbaike92%2C5%2C5%2C92%2C30/sign=fae847e54c540923be646b2cf331ba6c/f703738da9773912c4423ca7fd198618377ae294.jpg
https://gss2.bdstatic.com/9fo3dSag_xI4khGkpoWK1HF6hhy/baike/c0%3Dbaike92%2C5%2C5%2C92%2C30/sign=6c8ba3d8bc389b502cf2e800e45c8eb8/43a7d933c895d143f7115de576f082025baf0794.jpg
https://gss2.bdstatic.com/9fo3dSag_xI4khGkpoWK1HF6hhy/baike/c0%3Dbaike92%2C5%2C5%2C92%2C30/sign=5d29ac52432309f7f362a54013676796/48540923dd54564e803b5dffb6de9c82d0584f9d.jpg
https://gss3.bdstatic.com/7Po3dSag_xI4khGkpoWK1HF6hhy/baike/c0%3Dbaike92%2C5%2C5%2C92%2C30/sign=0201513254da81cb5aeb8b9f330fbb73/91529822720e0cf378a5f73d0f46f21fbf09aaa2.jpg
https://gss2.bdstatic.com/-fo3dSag_xI4khGkpoWK1HF6hhy/baike/c0%3Dbaike92%2C5%2C5%2C92%2C30/sign=28af0147ce1349546a13e0363727f93d/4b90f603738da9774f623fedb551f8198718e3a3.jpg
https://gss2.bdstatic.com/9fo3dSag_xI4khGkpoWK1HF6hhy/baike/c0%3Dbaike92%2C5%2C5%2C92%2C30/sign=517e3ca7fd198618554ae7d62b844516/d1a20cf431adcbef946cc7c0a9af2edda2cc9f98.jpg

https://gss3.bdstatic.com/7Po3dSag_xI4khGkpoWK1HF6hhy/baike/c0%3Dbaike92%2C5%2C5%2C92%2C30/sign=f0fb42cb75cf3bc7fc0dc5beb069d1c4/0bd162d9f2d3572c862d221a8f13632763d0c32d.jpg
https://gss2.bdstatic.com/-fo3dSag_xI4khGkpoWK1HF6hhy/baike/c0%3Dbaike72%2C5%2C5%2C72%2C24/sign=75f342e4fc039245b5b8e95de6fdcfa7/3c6d55fbb2fb4316db1fce5320a4462309f7d393.jpg
