
http://a3.att.hudong.com/06/82/01200000307188118018212661906_s.jpg	http://www.baike.com/wiki/%E9%87%91%E8%8B%9E%E8%8A%B1
http://a1.att.hudong.com/31/83/01300000171642121602839740424_s.jpg	http://www.baike.com/wiki/%E9%87%91%E8%8B%9E%E8%8A%B1
http://gate.sinovision.net:82/gate/big5/cdnwww.sinovision.net/data/attachment/album/201311/15/1614417295devodpniu4so.jpg	http://gate.sinovision.net:82/gate/big5/blog.sinovision.net/space/do/blog/uid/30435/id/213100.html
http://www.yuhuagu.com/uploads/allimg/100628/1_100628063155_1.jpg	http://www.yuhuagu.com/jiating/2010/0628/991.html
http://img2.ph.126.net/kUXZFwDN3wGFD4ySqlR4-Q==/6630089200351261469.jpg	http://abc372775246.lofter.com/post/3b8350_7be6d7a
http://www.ew9z.com/wp-content/uploads/2010/03/Pachystachys_lutea_1.jpg	http://www.ew9z.com/jinbaohu-tupian.html
https://www.huabaike.com/uploads/allimg/artimg/201701/20170124155400_27720.jpg	https://m.huabaike.com/jtyh/6957.html
http://a3.att.hudong.com/44/74/300000764046131354744121767_s.jpg	http://www.baike.com/wiki/%E9%87%91%E8%8B%9E%E8%8A%B1
https://www.huabaike.com/uploads/allimg/artimg/201702/20170204161350_69477.jpg	https://www.huabaike.com/yhjq/7046.html
http://a0.att.hudong.com/52/54/01200000026020136323545426125_s.jpg	http://www.baike.com/wiki/%E9%87%91%E8%8B%9E%E8%8A%B1
http://s9.sinaimg.cn/mw690/003sae9dgy6YlcXBxSU18&690	http://blog.sina.com.cn/s/blog_bc9f8f830102w0v5.html
https://www.huabaike.com/uploads/allimg/sltimg/201701/58907792875a2.jpg	https://m.huabaike.com/jtyh/6957.html
http://img.boqiicdn.com/Data/BK/A/1512/9/imagick78041449640544_y.jpg	http://www.boqii.com/entry/detail/2305.html
https://www.huabaike.com/uploads/allimg/artimg/201701/20170124155458_32478.jpg	https://m.huabaike.com/jtyh/6957.html
https://www.huabaike.com/uploads/allimg/sltimg/201701/bp_5890746501a71.jpg	https://www.huabaike.com/jtyh/6143.html
https://www.huabaike.com/uploads/allimg/sltimg/201701/588707f959f0c.jpg	https://m.huabaike.com/jtyh/6957.html
http://www.baihuamen.com/d/file/2014/03-31/5098d34d52ea9201ca9616441de5f757.jpg	http://www.baihuamen.com/jinbaohua/
http://img.redocn.com/sheying/20140923/jinbaohua_3119617.jpg	http://sucai.redocn.com/dongwuzhiwu_3119617.html
http://a3.att.hudong.com/38/37/300001157362130292377460638_s.jpg	http://www.baike.com/wiki/%E9%87%91%E8%8B%9E%E8%8A%B1
http://pic1.huashichang.com/2016/0101/17/568647d6ea8b6.jpg	http://www.aihuhua.com/tu/jinbaohua.html
http://pic21.nipic.com/20120523/3147160_114942534000_2.jpg	http://www.nipic.com/show/1/44/6222702k396e9bb8.html
http://pic119.nipic.com/file/20161230/19192438_071936674000_2.jpg	http://www.nipic.com/show/16436550.html
http://www.wed114.cn/jiehun/uploads/allimg/160306/52_160306164243_7.jpg	http://www.wed114.cn/jiehun/huayudaquan/20160306143706.html
http://www.baihuamen.com/d/file/2014/03-31/2abf3c6df149bbf74eb538f6163791ec.jpg	http://www.baihuamen.com/jinbaohua/
https://www.huabaike.com/uploads/allimg/artimg/201701/20170124155411_81383.jpg	https://m.huabaike.com/jtyh/6957.html
https://www.huabaike.com/uploads/allimg/artimg/201701/20170131193212_10579.jpg	https://www.huabaike.com/jtyh/6993.html
https://upload.wikimedia.org/wikipedia/commons/thumb/a/aa/Pachystachys_lutea.jpg/240px-Pachystachys_lutea.jpg	https://zh.wikipedia.org/wiki/%E9%87%91%E8%8B%9E%E8%8A%B1
http://pic16.nipic.com/20110824/128199_154528714000_2.jpg	http://www.nipic.com/show/1/44/5004592kf24daff5.html
http://www.yuhuagu.com/uploads/allimg/120606/43-120606205952.jpg	http://www.yuhuagu.com/ktsh/3182.html
https://www.huabaike.com/uploads/allimg/artimg/201701/20170131192753_48084.jpg	https://www.huabaike.com/yhjq/6992.html
http://www.wed114.cn/jiehun/uploads/allimg/160306/52_160306164243_5.jpg	http://www.wed114.cn/jiehun/huayudaquan/20160306143706.html
http://www.wbg.cas.cn/kxcb/mrhx/khzw/200911/W020091105479354937160.jpg	http://www.wbg.cas.cn/kxcb/mrhx/khzw/200911/t20091105_2648202.html
http://image.meilele.com/images/upload/%E9%87%91%E8%8B%9E%E8%8A%B111.jpg	http://www.meiwai.net/dongwu/355890.html
https://www.huabaike.com/uploads/allimg/artimg/201701/20170131193810_25026.jpg	https://m.huabaike.com/hyjk/6994.html
http://pic119.nipic.com/file/20161230/19192438_072104830000_2.jpg	http://www.nipic.com/show/16436545.html
https://www.huabaike.com/uploads/allimg/artimg/201701/20170131194048_40330.jpg	https://www.huabaike.com/yhjq/6995.html
http://www.chantuguan.com/ueditor/php/upload/image/20170527/1495873629621895.jpg	http://www.chantuguan.com/baike/574.html
http://www.baihuamen.com/d/file/2014/04-01/c37d181087b79952e73169ca35dad182.jpg	http://www.baihuamen.com/jinbaohua/6634.html
https://www.huabaike.com/uploads/allimg/artimg/201701/20170131192809_22200.jpg	https://www.huabaike.com/yhjq/6992.html
http://pic51.nipic.com/file/20141031/18095966_215627452001_2.jpg	http://www.nipic.com/show/11277222.html
https://www.huabaike.com/uploads/allimg/sltimg/201702/bp_58958d0d742f7.jpg	https://www.huabaike.com/jtyh/6143.html
http://pic94.nipic.com/file/20160406/12645970_104037621855_2.jpg	http://www.nipic.com/show/14517687.html
https://www.huabaike.com/uploads/allimg/artimg/201702/20170217170417_25290.jpg	https://www.huabaike.com/binghai/7226.html
http://www.iyanghua.com/f/jinbaohua/20081216202759_2.jpg	http://www.iyanghua.com/f/586521E9BF834896AB3E71D876866E4A/
http://img.mp.itc.cn/upload/20170223/c25356cba042419f90c5cf7fd5657146_th.jpg	http://www.sohu.com/a/127061503_627387
http://www.21cbi.com/upload/201611/17/147938038462.jpg	http://m.21cbi.com/s/14/353089.html
http://www.yuhuagu.com/uploads/allimg/120606/43-120606205925.jpg	http://www.yuhuagu.com/ktsh/3182.html
http://www.chantuguan.com/ueditor/php/upload/image/20170703/1499070706132933.jpg	http://www.chantuguan.com/baike/960.html
http://img.yanquecao.com/img/flower/pachystachyslutea/pachystachyslutea4.jpg	http://www.yanquecao.com/detail/536
http://www.huayugu.com.cn/uploads/allimg/151013/1-1510131AJO35.jpg	http://www.huayugu.com.cn/jinbaohua/
http://www.21cbi.com/upload/201609/24/147467425073.jpg	http://m.21cbi.com/s/14/105824.html
http://pic21.nipic.com/20120523/3147160_115319814000_2.jpg	http://www.nipic.com/show/6222696.html
http://www.wed114.cn/jiehun/uploads/allimg/160306/52_160306164243_6.jpg	http://www.wed114.cn/jiehun/huayudaquan/20160306143706_2.html
http://s2.sinaimg.cn/mw690/0029Dvdfgy6SJZQ249z31&690	http://blog.sina.com.cn/s/blog_75b308c90102vlgg.html
https://gss3.bdstatic.com/-Po3dSag_xI4khGkpoWK1HF6hhy/baike/s%3D220/sign=911d69b0a8d3fd1f3209a538004f25ce/aa18972bd40735faf55bb4279e510fb30e240880.jpg	https://baike.baidu.com/item/%E9%87%91%E8%8B%9E%E8%8A%B1
http://pic1.huashichang.com/2016/0101/17/568647db966e0_200_140.jpg	http://www.aihuhua.com/tu/jinbaohua.html
http://www.pjcn.org/uploads/allimg/1612/1-161206220030947.jpg	http://www.pjcn.org/hy/3004/
https://www.huabaike.com/uploads/allimg/artimg/201702/20170217170430_18522.jpg	https://www.huabaike.com/binghai/7226.html
http://www.yuhuagu.com/uploads/allimg/161017/43_161017215645_1.jpg	http://www.yuhuagu.com/renshi/2016/1017/13307.html
http://www.52yhua.com/uploads/allimg/160222/1-160222224T8.jpg	http://m.52yhua.com/mubentp/1768.html
http://s16.sinaimg.cn/mw690/001TVMgvgy6NZ8ow7AH3f&690	http://blog.sina.com.cn/s/blog_67ddfd470102vbyl.html
http://pic93.nipic.com/file/20160320/19192438_091113477000_2.jpg	http://www.nipic.com/show/14432931.html
http://www.baihuamen.com/d/file/2014/03-31/f09676e8cbd75618b863210d5abd6da1.jpg	http://www.baihuamen.com/jinbaohua/6644.html
http://s6.sinaimg.cn/mw690/003sae9dgy6YlcXtAnXe5&690	http://blog.sina.com.cn/s/blog_bc9f8f830102w0v5.html
http://img.zwbk.org/baike/spic/2011/03/22/20110322023529911_3532.jpg	http://www.zwbk.org/MyLemmaShow.aspx?zh=zh-tw&lid=132768
http://a0.att.hudong.com/18/95/01300001183507130468957958101_s.jpg	http://www.baike.com/wiki/%E9%87%91%E8%8B%9E%E8%8A%B1%E5%B1%9E
http://img.boqiicdn.com/Data/BK/A/1506/30/imagick77991435652120_y.jpg	http://www.boqii.com/article/22310.html
http://img2.ph.126.net/BVcAL2aexPYpwrhvlNb1kw==/866379978415759262.jpg	http://cza118126.lofter.com/post/1cc6d2a4_715d909
http://image.meilele.com/images/upload/%E9%87%91%E8%8B%9E%E8%8A%B122.jpg	http://www.meiwai.net/dongwu/355890.html
http://s3.sinaimg.cn/mw690/001MZGfIgy6TTQD0dead2&690	http://blog.sina.com.cn/s/blog_61c1e66e0102vft4.html
http://s4.sinaimg.cn/mw690/001TVMgvgy6NZ8qtxlh23&690	http://blog.sina.com.cn/s/blog_67ddfd470102vbyl.html
http://img0.ph.126.net/VF2C5fAfXFz0MNsF3SLsNw==/722827740293116542.jpg	http://dang2117.blog.163.com/blog/static/81613033201372622041673
http://www.zhiwutong.com/tu/yanghua/%E9%87%91%E8%8B%9E%E8%8A%B1.jpg	http://www.zhiwutong.com/gardens/09-28/9438.htm
https://www.huabaike.com/uploads/allimg/sltimg/201612/5847b2e28379d.jpg	https://www.huabaike.com/jtyh/6143.html
https://cdn.huaniaoy.cn/20160131/original/1454255298556.jpg@!picb	https://www.huaniaoy.com/yanghu/66347
http://img02.sogoucdn.com/net/a/100520101/link?appid=100520101&url=http://mmbiz.qpic.cn/mmbiz/JMhicWhzm1h6VooYo0x0DMJ6RaCIWm14E6PavsXTkpYvFqDev3UBhR8d2mLVSFTxtImib9AwBdicUmlx7m1MdznIw/0	http://baike.m.sogou.com/baike/weixinArticle.jsp?lid=148491&g_ut=3&title=%E9%87%91%E8%8B%9E%E8%8A%B1
http://img.yanquecao.com/img/flower/pachystachyslutea/pachystachyslutea1.jpg	http://www.yanquecao.com/detail/536
http://img.yanquecao.com/img/flower/pachystachyslutea/pachystachyslutea3.jpg	http://www.yanquecao.com/detail/536
http://s9.sinaimg.cn/mw690/0029Dvdfgy6SJZQ9Rc458&690	http://blog.sina.com.cn/s/blog_75b308c90102vlgg.html
http://www.wed114.cn/jiehun/uploads/allimg/160306/52_160306164243_3.jpg	http://www.wed114.cn/jiehun/huayudaquan/20160306143706_4.html
http://img03.sogoucdn.com/net/a/100520101/link?appid=100520101&url=http://mmbiz.qpic.cn/mmbiz_jpg/hYOIO2go74ZpPHInJficvjWxIQyE8dzVp3QV8sHlRAXqSvP91Mj1ut1IVsKqRLz5hLicnRvKM8MsDLjXDibC9wicMw/0?wx_fmt=jpeg	http://baike.m.sogou.com/baike/weixinArticle.jsp?lid=148491&g_ut=3&title=%E9%87%91%E8%8B%9E%E8%8A%B1
http://www.iyanghua.com/f/jinbaohua/20081216203050_2.jpg	http://www.iyanghua.com/f/586521E9BF834896AB3E71D876866E4A/
http://plant.yuanlin123.com/plant/UploadFile/Picture/2010-6/275.jpg	http://plant.yuanlin123.com/plant/PictureShow.asp?PicID=613
http://www.huayugu.com.cn/uploads/allimg/160801/1-160P10952520-L.jpg	http://www.huayugu.com.cn/xiayihua/15764.html
http://s16.sinaimg.cn/mw690/003sae9dgy6YlcQnkLB1f&690	http://blog.sina.com.cn/s/blog_bc9f8f830102w0v5.html
http://img.redocn.com/sheying/20160607/jinbaohuajinzhao_6449399.jpg	http://sucai.redocn.com/dongwuzhiwu_6449399.html
http://pic24.nipic.com/20121015/11147252_140451510194_2.jpg	http://www.nipic.com/show/1/44/6957982k167493ca.html
http://www.chantuguan.com/ueditor/php/upload/image/20170527/1495873642451747.jpg	http://www.chantuguan.com/baike/574.html
http://www.yuhuagu.com/uploads/allimg/161017/43_161017215721_1.jpg	http://www.yuhuagu.com/renshi/2016/1017/13307.html
https://www.huabaike.com/uploads/allimg/sltimg/201701/58907732129aa.jpg	https://m.huabaike.com/hyjk/6994.html
http://www.21cbi.com/upload/201611/17/147938038485.jpg	http://m.21cbi.com/s/14/353089.html
http://www.pjcn.org/uploads/allimg/1612/1-1612062209492S-lp.jpg	http://www.pjcn.org/hy/3004/
http://s7.sinaimg.cn/bmiddle/001MoBF2zy6QLKo8tBId6&690	http://blog.sina.cn/dpool/blog/s/blog_613b13a40102vj0r.html
http://gate.sinovision.net:82/gate/big5/cdnwww.sinovision.net/data/attachment/album/201311/15/161705n2004zugn2384ouz.jpg	http://gate.sinovision.net:82/gate/big5/blog.sinovision.net/space/do/blog/uid/30435/id/213100.html
http://img01.sogoucdn.com/net/a/100520101/link?appid=100520101&url=http://mmbiz.qpic.cn/mmbiz/rFB08aD7jHmbpUKceiazddl7IsdczyjPsrC0OjNBpqic8mJ5nF0NWz7c4wMp5eNWIAuovFGpiaSuFzmUOWKxehFnw/0?wx_fmt=jpeg	http://baike.m.sogou.com/baike/weixinArticle.jsp?lid=148491&g_ut=3&title=%E9%87%91%E8%8B%9E%E8%8A%B1
http://img0.ph.126.net/jvtoa4waBDFFpIYcELGE0Q==/6608745480631465575.jpg	http://cza118126.lofter.com/post/1cc6d2a4_715d909
http://i3.bbs.fd.zol-img.com.cn/t_s1200x5000/g5/M00/0E/05/ChMkJ1eXBZOIdtHOABNspGGPdhkAAT2eQH9LSoAE2y8493.jpg	http://bbs.zol.com.cn/dcbbs/d232_823723.html
http://upload.wikimedia.org/wikipedia/commons/thumb/0/05/Lollypop_Plant_%28pachystachys_lutea%29.JPG/640px-Lollypop_Plant_%28pachystachys_lutea%29.JPG	http://www.wikiwand.com/zh-hk/%E9%87%91%E8%8B%9E%E8%8A%B1
https://gw.alicdn.com/bao/uploaded/i4/788109322/TB29gY7j4BmpuFjSZFsXXcXpFXa_!!788109322.jpg_230x230.jpg	https://www.taobao.com/article/BlDrEpE2GPFWEADm.html
http://pic94.nipic.com/file/20160406/12645970_104042889182_2.jpg	http://www.nipic.com/show/14517686.html
