
https://gss0.bdstatic.com/-4o3dSag_xI4khGkpoWK1HF6hhy/baike/c0%3Dbaike92%2C5%2C5%2C92%2C30/sign=9c9cf1b546086e067ea5371963611091/b8389b504fc2d562a130bd69ed1190ef76c66c7d.jpg
https://gss1.bdstatic.com/-vo3dSag_xI4khGkpoWK1HF6hhy/baike/c0%3Dbaike80%2C5%2C5%2C80%2C26/sign=198dff44d21b0ef478e5900cbcad3abf/08f790529822720eb1bc55907bcb0a46f21fab6e.jpg
https://gss0.bdstatic.com/-4o3dSag_xI4khGkpoWK1HF6hhy/baike/c0%3Dbaike116%2C5%2C5%2C116%2C38/sign=65c3e392d0a20cf4529df68d17602053/91ef76c6a7efce1ba157acdfaf51f3deb48f65a2.jpg

https://gss2.bdstatic.com/9fo3dSag_xI4khGkpoWK1HF6hhy/baike/c0%3Dbaike92%2C5%2C5%2C92%2C30/sign=b6b0892496dda144ce0464e0d3debbc7/8694a4c27d1ed21bb49303d2ac6eddc451da3faa.jpg

https://gss3.bdstatic.com/-Po3dSag_xI4khGkpoWK1HF6hhy/baike/c0%3Dbaike92%2C5%2C5%2C92%2C30/sign=e8ac1241f31fbe090853cb460a096756/cdbf6c81800a19d82f59a93232fa828ba61e46aa.jpg
https://gss3.bdstatic.com/7Po3dSag_xI4khGkpoWK1HF6hhy/baike/c0%3Dbaike92%2C5%2C5%2C92%2C30/sign=469ecf2d6159252db71a155655f2685e/960a304e251f95ca4eafbf81c8177f3e670952aa.jpg
https://gss0.bdstatic.com/94o3dSag_xI4khGkpoWK1HF6hhy/baike/c0%3Dbaike92%2C5%2C5%2C92%2C30/sign=854dde5b1138534398c28f73f27adb1b/738b4710b912c8fc73a9dbfafd039245d68821aa.jpg

https://gss1.bdstatic.com/9vo3dSag_xI4khGkpoWK1HF6hhy/baike/c0%3Dbaike92%2C5%2C5%2C92%2C30/sign=b8f31124dc54564ef168ec6bd2b7f7e7/a8773912b31bb05109be9e1f377adab44aede06b.jpg
https://gss1.bdstatic.com/-vo3dSag_xI4khGkpoWK1HF6hhy/baike/c0%3Dbaike92%2C5%2C5%2C92%2C30/sign=449c8f0d314e251ff6faecaac6efa272/e824b899a9014c086bae05920b7b02087bf4f46b.jpg
https://gss3.bdstatic.com/7Po3dSag_xI4khGkpoWK1HF6hhy/baike/c0%3Dbaike92%2C5%2C5%2C92%2C30/sign=4271e5fdae51f3ded7bfb136f5879b7a/024f78f0f736afc3a6561252b219ebc4b74512aa.jpg
https://gss3.bdstatic.com/-Po3dSag_xI4khGkpoWK1HF6hhy/baike/c0%3Dbaike92%2C5%2C5%2C92%2C30/sign=5756446735a85edfee81f671283d6246/1f178a82b9014a901d646b8aa8773912b31beeab.jpg
https://gss1.bdstatic.com/9vo3dSag_xI4khGkpoWK1HF6hhy/baike/c0%3Dbaike92%2C5%2C5%2C92%2C30/sign=283fd4b86d81800a7ae8815cd05c589f/4bed2e738bd4b31c7e66b98c86d6277f9e2ff8ab.jpg
https://gss0.bdstatic.com/94o3dSag_xI4khGkpoWK1HF6hhy/baike/c0%3Dbaike92%2C5%2C5%2C92%2C30/sign=2d778dcdd0c8a786aa27425c0660a258/4d086e061d950a7b0a6063f30bd162d9f2d3c9ab.jpg
https://gss2.bdstatic.com/-fo3dSag_xI4khGkpoWK1HF6hhy/baike/c0%3Dbaike92%2C5%2C5%2C92%2C30/sign=db796a8c4610b912abccfeaca2949766/63d0f703918fa0ec1e92493a279759ee3d6ddbab.jpg
https://gss2.bdstatic.com/9fo3dSag_xI4khGkpoWK1HF6hhy/baike/c0%3Dbaike92%2C5%2C5%2C92%2C30/sign=33991252b219ebc4d4757ecbe34fa499/c75c10385343fbf2f8b98b14b17eca8065388f6b.jpg
https://gss3.bdstatic.com/-Po3dSag_xI4khGkpoWK1HF6hhy/baike/c0%3Dbaike92%2C5%2C5%2C92%2C30/sign=ebf9e01e8718367ab984778f4f1ae0b1/0df431adcbef7609109eb4a82fdda3cc7cd99e6b.jpg
https://gss2.bdstatic.com/-fo3dSag_xI4khGkpoWK1HF6hhy/baike/c0%3Dbaike92%2C5%2C5%2C92%2C30/sign=ef7b6bf783025aafc73f76999a84c001/359b033b5bb5c9ea2ba62ed4d439b6003af3b3ab.jpg

https://gss0.bdstatic.com/94o3dSag_xI4khGkpoWK1HF6hhy/baike/c0%3Dbaike92%2C5%2C5%2C92%2C30/sign=d9f2eccb5866d0166a14967af642bf62/d6ca7bcb0a46f21f5e203155fc246b600c33aea4.jpg
https://gss1.bdstatic.com/9vo3dSag_xI4khGkpoWK1HF6hhy/baike/c0%3Dbaike150%2C5%2C5%2C150%2C50/sign=57186c4cd0b44aed4d43b6b6d275ec64/279759ee3d6d55fb63fb192067224f4a20a4ddf3.jpg
https://gss2.bdstatic.com/-fo3dSag_xI4khGkpoWK1HF6hhy/baike/c0%3Dbaike116%2C5%2C5%2C116%2C38/sign=b7b5675b5ffbb2fb202650402e234bc1/d62a6059252dd42ac66f6ead093b5bb5c9eab856.jpg
https://gss3.bdstatic.com/7Po3dSag_xI4khGkpoWK1HF6hhy/baike/c0%3Dbaike92%2C5%2C5%2C92%2C30/sign=5047fdf4771ed21b6dc426b7cc07b6a1/42166d224f4a20a491f050c19a529822730ed0ce.jpg
https://gss1.bdstatic.com/9vo3dSag_xI4khGkpoWK1HF6hhy/baike/c0%3Dbaike92%2C5%2C5%2C92%2C30/sign=2086f77ddb1373f0e13267cdc566209e/d52a2834349b033baa7093dc1fce36d3d539bd38.jpg

https://gss1.bdstatic.com/-vo3dSag_xI4khGkpoWK1HF6hhy/baike/c0%3Dbaike116%2C5%2C5%2C116%2C38/sign=ec8d36b5c3177f3e0439f45f11a650a2/1ad5ad6eddc451dabc8ea8e8bcfd5266d01632bc.jpg
https://gss2.bdstatic.com/9fo3dSag_xI4khGkpoWK1HF6hhy/baike/c0%3Dbaike92%2C5%2C5%2C92%2C30/sign=4baca8322b3fb80e18dc698557b8444b/34fae6cd7b899e5145f69e1748a7d933c8950dbc.jpg
https://gss2.bdstatic.com/9fo3dSag_xI4khGkpoWK1HF6hhy/baike/c0%3Dbaike80%2C5%2C5%2C80%2C26/sign=b557d394d333c895b2739029b07a1895/d52a2834349b033be1c658d91fce36d3d539bd63.jpg
https://gss0.bdstatic.com/94o3dSag_xI4khGkpoWK1HF6hhy/baike/c0%3Dbaike150%2C5%2C5%2C150%2C50/sign=e6cfc8dd376d55fbd1cb7e740c4b242f/14ce36d3d539b600faababb4e350352ac65cb748.jpg
https://gss0.bdstatic.com/94o3dSag_xI4khGkpoWK1HF6hhy/baike/c0%3Dbaike92%2C5%2C5%2C92%2C30/sign=ce4f1bb1b3014a9095334eefc81e5277/64380cd7912397dd711c3c075382b2b7d0a28748.jpg

https://gss3.bdstatic.com/-Po3dSag_xI4khGkpoWK1HF6hhy/baike/c0%3Dbaike150%2C5%2C5%2C150%2C50/sign=11e243340ad162d991e36a4e70b6c289/6a600c338744ebf809a669cfd9f9d72a6159a76e.jpg
https://gss0.bdstatic.com/-4o3dSag_xI4khGkpoWK1HF6hhy/baike/c0%3Dbaike272%2C5%2C5%2C272%2C90/sign=e3e9a94fa0ec08fa320d1bf538875608/0d338744ebf81a4c45e5e139d72a6059242da66e.jpg
https://gss2.bdstatic.com/9fo3dSag_xI4khGkpoWK1HF6hhy/baike/c0%3Dbaike180%2C5%2C5%2C180%2C60/sign=d6640d685edf8db1a8237436684ab631/3ac79f3df8dcd10030a5f4d1728b4710b9122f00.jpg
https://gss1.bdstatic.com/-vo3dSag_xI4khGkpoWK1HF6hhy/baike/c0%3Dbaike272%2C5%2C5%2C272%2C90/sign=8465982c08fa513d45a7648c5c043e9e/8644ebf81a4c510fcc13efea6059252dd52aa56e.jpg
https://gss2.bdstatic.com/-fo3dSag_xI4khGkpoWK1HF6hhy/baike/c0%3Dbaike272%2C5%2C5%2C272%2C90/sign=b606303a513d26973ade000f3492d99e/eaf81a4c510fd9f9c1c05899252dd42a2934a46e.jpg
