
http://a4.att.hudong.com/27/35/20200000013920144734354464233_s.jpg	http://www.baike.com/wiki/%E7%8C%AB%E5%B0%BE%E8%8D%89
http://www.baihuamen.com/d/file/2014/05-24/3dc266461883f371c56fa5e7b99dd028.jpg	http://www.baihuamen.com/maoweicao/
http://www.neipet.com/wp-content/uploads/2016/07/maoweicao.png	http://www.neipet.com/maoweicao/
http://www.baihuamen.com/d/file/2014/05-24/3367ad2741d57f182971ce720f59ff85.jpg	http://www.baihuamen.com/maoweicao/
http://a3.att.hudong.com/80/35/01100000000000144734355339343_s.jpg	http://www.baike.com/wiki/%E7%8C%AB%E5%B0%BE%E8%8D%89
http://www.huajiang.cc/uploads/allimg/140721/10-140H1195910V1.jpg	http://m.huajiang.cc/tag/894.html
http://www.baihuamen.com/d/file/2014/05-24/947b7743cb41bfc6db98be8d2d0a1334.jpg	http://www.baihuamen.com/maoweicao/
http://www.baihuamen.com/d/file/2014/05-24/40ca99a5847e52a126ee8a1db39c6035.jpg	http://www.baihuamen.com/maoweicao/
https://upload.wikimedia.org/wikipedia/commons/thumb/0/0b/Timoteegras_plant_Phleum_pratense_subsp_pratense.jpg/220px-Timoteegras_plant_Phleum_pratense_subsp_pratense.jpg	https://zh.wikipedia.org/wiki/%E7%8C%AB%E5%B0%BE%E8%8D%89
http://www.ipgexpo.com/cms_upload/20150810/20150810104258_331.bmp	http://www.ipgexpo.com/huahui/699.html
http://www.yuhuagu.com/uploads/allimg/120925/10-120925210H4.jpg	http://www.yuhuagu.com/ktsh/4413.html
http://www.twwiki.com/uploads/wiki/62/64/33214_1.jpg	http://www.twwiki.com/wiki/%E8%B2%93%E5%B0%BE%E8%8D%89
http://www.1nongjing.com/uploads/allimg/150428/886-15042Q51Z0.jpg	http://m.1nongjing.com/a/201504/85565.html
http://www.yuhuagu.com/uploads/allimg/120925/10-120925210J2.jpg	http://www.yuhuagu.com/ktsh/4413.html
http://b2b.image.yuanlin.com/Biz/2012-1/2012559625100.jpg	http://syfchm.yuanlin.com/sell-m165913.html
http://www.twwiki.com/uploads/wiki/62/64/33214_6.jpg	http://www.twwiki.com/wiki/%E8%B2%93%E5%B0%BE%E8%8D%89
http://a3.att.hudong.com/72/35/01100000000000144734355301615_s.jpg	http://www.baike.com/wiki/%E7%8C%AB%E5%B0%BE%E8%8D%89
http://a2.att.hudong.com/74/29/01300540532986138860295775800.jpg	http://www.baike.com/wiki/%E9%95%BF%E7%A9%97%E7%8C%AB%E5%B0%BE%E8%8D%89
https://i2.read01.com/uploads/0EbDAsnvf4.jpg	https://read01.com/N7Ry4O.html
https://gw.alicdn.com/bao/uploaded/i2/687886349/TB2L12Xl1J8puFjy1XbXXagqVXa_!!687886349.jpg_230x230.jpg	https://www.taobao.com/article/EjA3DgDbE2DOAsCk.html
http://www.openlife.com.hk/images/jreviews/_19,22.3_1289241169.jpg	http://www.openlife.com.hk/%E7%94%9F%E6%97%A5%E8%8A%B1%E8%AA%9E/8%E6%9C%8822%E6%97%A5%E7%94%9F%E6%97%A5%E8%8A%B1-%E8%B2%93%E5%B0%BE%E8%8D%89
http://www.huajiang.cc/uploads/allimg/140721/10-140H1201231a8.jpg	http://www.huajiang.cc/huayu/20140721/1538.html
http://image.meilele.com//images/upload/%E7%8C%AB%E5%B0%BE%E8%8D%8905.jpg	http://www.meilele.com/article/shipin/42006.html
http://p.d1xz.net/2014/12/10/163363466346.jpg	http://3g.d1xz.net/astro/huayu/art73057.aspx
http://www.twwiki.com/uploads/wiki/62/64/33214_5.jpg	http://www.twwiki.com/wiki/%E8%B2%93%E5%B0%BE%E8%8D%89
https://b-ssl.duitang.com/uploads/item/201506/28/20150628123238_aekFT.thumb.700_0.jpeg	https://www.duitang.com/blog/?id=391941411
http://a3.att.hudong.com/11/29/01300540532986138860297839578_s.jpg	http://www.baike.com/wiki/%E9%95%BF%E7%A9%97%E7%8C%AB%E5%B0%BE%E8%8D%89
http://www.huayugu.com.cn/uploads/allimg/160719/1-160GZF2040-L.jpg	http://www.huayugu.com.cn/maoweicao/
http://www.huayugu.com.cn/uploads/allimg/160719/1-160GZFJ00-L.jpg	http://www.huayugu.com.cn/maoweicao/
http://www.zltouying.com/uploadfile/2014052037162229.jpg	http://www.zltouying.com/show_news.asp?id=113
http://www.openlife.com.hk/images/jreviews/_19,22._1289241169.jpg	http://www.openlife.com.hk/%E7%94%9F%E6%97%A5%E8%8A%B1%E8%AA%9E/8%E6%9C%8822%E6%97%A5%E7%94%9F%E6%97%A5%E8%8A%B1-%E8%B2%93%E5%B0%BE%E8%8D%89
http://a3.att.hudong.com/75/35/01100000000000144734355035824_s.jpg	http://www.baike.com/wiki/%E7%8C%AB%E5%B0%BE%E8%8D%89
http://pic.pimg.tw/amcc6565/1411890919-2680998316_n.jpg	http://amcc6565.pixnet.net/blog/post/58840888-%5B-%E5%A5%87%E4%BA%9E%E7%B1%BD-scarborough-fair-%5D
http://www.huayugu.com.cn/uploads/allimg/160719/1-160GZA6230-L.jpg	http://www.huayugu.com.cn/maoweicao/
http://www.huajiang.cc/uploads/allimg/140721/10-140H1200G4543.jpg	http://www.huajiang.cc/life/20140721/1537.html
http://www.baihuamen.com/d/file/2014/05-22/7ee60fcb210c670cc618003f9ac81b94.jpg	http://www.baihuamen.com/maoweicao/16068.html
http://s6.sinaimg.cn/mw690/818e8239gcd860405ce15&690	http://blog.sina.com.cn/s/blog_818e8239010160py.html
http://www.kmb.cas.cn/kpyd/201211/W020121114614964406660.jpg	http://www.kmb.cas.cn/kpyd/201211/t20121114_3683429.html
http://img.tupianzj.com/uploads/allimg/160325/15-160325223424.jpg	http://www.tupianzj.com/sheying/huahui/20160325/44725_3.html
http://xwy.178rw.com/resource/js/attached/image/20170321/20170321145924_13478.jpg	http://health.china.com/cjxw/21-71090.html
https://cbu01.alicdn.com/img/ibank/2013/458/360/844063854_773142959.220x220.jpg	https://www.1688.com/topic/maoweixiangpu.html
https://gw.alicdn.com/bao/uploaded/i3/TB1ma61PpXXXXawaXXXXXXXXXXX_!!0-item_pic.jpg_270x270q90.jpg	https://m.taobao.com/article/EjA3DgDbE2DOAsCk.html
https://gss0.bdstatic.com/94o3dSag_xI4khGkpoWK1HF6hhy/baike/s%3D220/sign=a3379eebd40735fa95f049bbae500f9f/dbb44aed2e738bd4bb338ec1a18b87d6277ff92b.jpg	https://baike.baidu.com/item/%E7%8C%AB%E5%B0%BE%E8%8D%89
https://gw.alicdn.com/bao/uploaded/i4/TB1Z0pmPXXXXXXrXFXXXXXXXXXX_!!0-item_pic.jpg_270x270q90.jpg	https://m.taobao.com/article/EjA3DgDbE2DOAsCk.html
http://www.weshare.hk/uploads/17674/EI_44UfDFj9Etw0yLUqOPg.jpg	http://www.weshare.hk/leunggillian/articles/2343185
https://upload.wikimedia.org/wikipedia/commons/thumb/5/56/Timothee_%28Phleum_pratense_subsp._pratense%29.jpg/200px-Timothee_%28Phleum_pratense_subsp._pratense%29.jpg	https://zh.wikipedia.org/wiki/%E7%8C%AB%E5%B0%BE%E8%8D%89
http://p.d1xz.net/2014/6/26/204225472547.jpg	http://www.d1xz.net/astro/huayu/art54805.aspx
http://ww1.sinaimg.cn/large/5140d412jw1e5ito00qpqj218g0xcq86.jpg	https://freeweibo.com/en/weibo/%E8%A6%81%E7%8C%AB%E5%B0%BE%E8%8D%89%E6%89%BE%E5%92%AA%E5%93%A5
http://kplant.biodiv.tw/%E7%8B%97%E5%B0%BE%E8%8D%89/%E8%B2%93%E5%B0%BE%E8%8D%89-%E5%B0%BE%E8%8A%B12.jpg	http://kplant.biodiv.tw/%E7%8B%97%E5%B0%BE%E8%8D%89/%E7%8B%97%E5%B0%BE%E8%8D%89.htm
http://img.aihuahui.com/d/2016/12/583f77074e940.jpg	http://www.aihuahui.com/aicaobenzhiwu/2108.html
http://www.twwiki.com/uploads/wiki/62/64/33214_2.jpg	http://www.twwiki.com/wiki/%E8%B2%93%E5%B0%BE%E8%8D%89
https://thumbs.dreamstime.com/z/%E8%8D%89%E7%8C%AB%E5%B0%BE%E8%8D%89-11576019.jpg	https://cn.dreamstime.com/%E5%85%8D%E7%89%88%E7%A8%8E%E5%BA%93%E5%AD%98%E5%9B%BE%E7%89%87-%E8%8D%89%E7%8C%AB%E5%B0%BE%E8%8D%89-image11576019
http://img002.mllres.com//images/upload/%E7%8C%AB%E5%B0%BE%E8%8D%8903.jpg	http://www.meilele.com/article/shipin/42006.html
https://9.share.photo.xuite.net/shian_0411/1944f94/9629850/421680634_m.jpg	http://blog.xuite.net/shian_0411/twblog/119491807-%E7%A7%8B%E6%97%A5%E8%8D%89%E5%8E%9F
http://www.52yhua.com/uploads/allimg/160630/1-160630221349.jpg	http://m.52yhua.com/caobentp/2729.html
https://gw.alicdn.com/bao/uploaded/i3/TB1NJpBHXXXXXcnXXXXXXXXXXXX_!!0-item_pic.jpg_230x230.jpg	https://www.taobao.com/article/EMDoDfCVCZG2ERA1.html
http://www.baihuamen.com/d/file/2014/05-24/8feed45156b38c18f5bf7f80ef58d1d7.jpg	http://www.baihuamen.com/maoweicao/16070_12.html
https://cdn.huaniaoy.cn/20160507/original/1462553531187.jpg@!pic280zw	https://www.huaniaoy.com/yangzhifangfa/685/
http://www.baihuamen.com/d/file/2014/05-24/a55ea5b829a3e770adb239bf6762bcb8.jpg	http://www.baihuamen.com/maoweicao/16070_20.html
https://cbu01.alicdn.com/img/ibank/2015/227/812/2616218722_1152483629.220x220.jpg	http://www.1688.com/chanpin/-C3A8CEB2B2DDD6D6D7D3.html
https://gw.alicdn.com/bao/uploaded/i3/TB1GGuYIVXXXXX6aXXXXXXXXXXX_!!0-item_pic.jpg_230x230.jpg	https://www.taobao.com/article/EMDoDfCVCZG2ERA1.html
http://www.huayugu.com.cn/uploads/allimg/160719/1-160GZF5460-L.jpg	http://www.huayugu.com.cn/maoweicao/
http://www.kmb.cas.cn/kpyd/201211/W020121114614964403545.jpg	http://www.kmb.cas.cn/kpyd/201211/t20121114_3683429.html
http://pic.wenwen.soso.com/p/20091017/20091017183306-1258280629.jpg	http://ks-st.com/p-137734020.html
http://gw.alicdn.com/bao/uploaded/i2/721810950/TB2Kj3ckFXXXXa6XXXXXXXXXXXX_!!721810950.jpg_230x230.jpg	http://www.taobao.com/article/DND_DeDQCLDeCRDh.html
https://cbu01.alicdn.com/img/ibank/2017/637/412/4007214736_276145204.220x220.jpg	http://www.1688.com/jiage/-C3A8CEB2B2DD.html
http://s7.sinaimg.cn/mw690/818e8239gcd85821957b6&690	http://blog.sina.com.cn/s/blog_818e8239010160py.html
http://uploads.xuexila.com/allimg/1608/640-160P1162040.jpg	http://www.xuexila.com/liyi/huayu/1199044.html
https://gw.alicdn.com/bao/uploaded/i1/TB1dR5ZNFXXXXboXFXXXXXXXXXX_!!0-item_pic.jpg_230x230.jpg	https://www.taobao.com/article/EMDoDfCVCZG2ERA1.html
http://img001.mllres.com//images/upload/%E7%8C%AB%E5%B0%BE%E8%8D%8904.jpg	http://www.meilele.com/article/shipin/42006.html
http://www.bbioo.com/uploadfile/2014/0509/201405090111103851.jpg	http://www.bbioo.com/lifesciences/43-62392-1.html
http://www.bbioo.com/uploadfile/2014/0509/201405090111103850.jpg	http://www.bbioo.com/lifesciences/43-62392-1.html
http://pic1.win4000.com/pic/2/59/6e1e1325528.jpg_195.jpg	http://www.win4000.com/meinvtag30698.html
https://3.bp.blogspot.com/-eQvJDgkOmw0/WUz9abwJ4UI/AAAAAAAA2Hs/Ynhie3k48xUyJz3cKx1J_64s9VjwSzFdwCEwYBhgL/s1600/P1140051.JPG%2B%25E7%258C%25AB%25E5%25B0%25BE%25E8%258D%2589.JPG	http://purplewhee.blogspot.com/2017/02/blog-post.html
http://a1.att.hudong.com/34/29/01300540532986138860297444031_s.jpg	http://www.baike.com/wiki/%E9%95%BF%E7%A9%97%E7%8C%AB%E5%B0%BE%E8%8D%89
https://cbu01.alicdn.com/img/ibank/2012/892/540/544045298_3722656.jpg_270x270xzq60.jpg	http://m.1688.com/offer_search/-C3A8CEB2B2DD.html
https://gw.alicdn.com/bao/uploaded/i1/408537737/TB2GdSBdl0kpuFjy1zdXXXuUVXa_!!408537737.jpg_230x230.jpg	https://www.taobao.com/article/EjA3DgDbE2DOAsCk.html
http://www.pjcn.org/uploads/allimg/1610/1-161021221211917.jpg	http://www.pjcn.org/hy/2609/
http://www.yuhuagu.com/uploads/allimg/120925/10-120925210I9.jpg	http://www.yuhuagu.com/ktsh/4413.html
https://s-media-cache-ak0.pinimg.com/originals/d5/6f/52/d56f52c54f5a9abd9cbcdd24d1dec556.jpg	https://www.pinterest.com/pin/136445063685803429/
http://www.yuhuagu.com/uploads/allimg/120925/10-120925210H8.jpg	http://www.yuhuagu.com/ktsh/4413.html
https://cdn.huaniaoy.cn/20161123/original/1479883827175.jpg@!pic280zw	https://www.huaniaoy.com/yangzhifangfa/685/
http://pic1.win4000.com/pic/5/f3/55301327448.jpg_195.jpg	http://www.win4000.com/meinv110948.html
https://4.bp.blogspot.com/-rrcrFmWX044/WUz9b02ddQI/AAAAAAAA2H8/jdYo-ySySgQyXEsbsm0-5Y-TZmAzRhk9wCEwYBhgL/s1600/P1140055.jpg%2B%25E7%258C%25AB%25E5%25B0%25BE%25E8%258D%2589.jpg	http://purplewhee.blogspot.com/2017/02/blog-post.html
http://history.04007.cn/img/upua/0819.jpg	http://history.04007.cn/hisBrith/view/date/0819.html
http://www.huafensi.com/uploads/allimg/141029/1-141029153052438.jpg	http://www.huafensi.com/huahui/miaoweicao_387.html
https://1.bp.blogspot.com/-jQEd1MYSKIE/WUz9askbwLI/AAAAAAAA2Hw/12uTruaOR6Uoc9TkRMtYEUfJp7DcKivJQCEwYBhgL/s1600/P1140047.jpg%2B%25E7%258C%25AB%25E5%25B0%25BE%25E8%258D%2589.jpg	http://purplewhee.blogspot.com/2017/02/blog-post.html
http://bk.xumu001.cn/uploads/201008/12809743790H03XKEB.jpg	http://bk.xumu001.cn/index.php?doc-view-1214
http://s11.sinaimg.cn/mw690/001ROMKqgy6VoJxOHZoea&690	http://blog.sina.com.cn/s/blog_66019f9e0102vnhj.html
http://img.redocn.com/sheying/20170120/maoweicao_7807819.jpg	http://sucai.redocn.com/dongwuzhiwu_7807819.html
https://cdn.huaniaoy.cn/20151223/original/1450809550725.jpg@!pic280zw	https://www.huaniaoy.com/yangzhifangfa/685/
http://tuzhizhijia.com/uploads/allimg/161229/1_161229105949_1.jpg	http://tuzhizhijia.com/tingyuan/2599.html
http://cdn.songshuhui.net/wp-content/uploads/2013/03/359px-Illustration_Phleum_pratense0.jpg	http://songshuhui.net/archives/79838
https://gw.alicdn.com/bao/uploaded/i4/890174687/TB2E9n8XBvBIuJjy1zeXXbGBpXa_!!890174687.jpg_230x230.jpg	https://www.taobao.com/article/C9DvArDRG6CdA7CH.html
http://s2.sinaimg.cn/mw690/0032bcxmgy6MMh9Sc01f1&690	http://blog.sina.com.cn/s/blog_a5bce8ac0102v3ss.html
http://b2b.image.yuanlin.com/Biz/2014-9/201409020555309024.jpg	http://bantrx.yuanlin.com/sell-m944114.html
http://b2b.image.yuanlin.com/Biz/2013-3/20133121655166017.jpg	http://wuyuxinmeng.yuanlin.com/sell-m476819.html
https://img.alicdn.com/imgextra/i4/2812156712/TB2.EFMlr4npuFjSZFmXXXl4FXa_!!2812156712.jpg_230x230.jpg	https://www.taobao.com/article/DRFqCsChCnB_GKER.html
https://thumbs.dreamstime.com/z/%E6%B7%B1%E5%BA%A6%E5%9F%9F%E6%B5%85%E7%8C%AB%E5%B0%BE%E8%8D%89-11270574.jpg	https://cn.dreamstime.com/%E5%BA%93%E5%AD%98%E5%9B%BE%E7%89%87-%E6%B7%B1%E5%BA%A6%E5%9F%9F%E6%B5%85%E7%8C%AB%E5%B0%BE%E8%8D%89-image11270574
http://a2.att.hudong.com/35/98/20300542846491144637985233443_s.jpg	http://www.baike.com/wiki/%E4%BA%91%E5%8D%97%E7%8C%AB%E5%B0%BE%E8%8D%89
