
https://gss1.bdstatic.com/-vo3dSag_xI4khGkpoWK1HF6hhy/baike/s%3D220/sign=b78cfb1af2d3572c62e29bdeba126352/2934349b033b5bb574b78c0d36d3d539b700bce5.jpg	https://baike.baidu.com/item/%E6%96%87%E5%BF%83%E5%85%B0
https://gss2.bdstatic.com/9fo3dSag_xI4khGkpoWK1HF6hhy/baike/s%3D220/sign=c24fafd5033b5bb5bad727fc06d2d523/2e2eb9389b504fc23f191e7be5dde71190ef6d0e.jpg	https://baike.baidu.com/item/%E6%96%87%E5%BF%83%E5%85%B0
https://gss0.bdstatic.com/-4o3dSag_xI4khGkpoWK1HF6hhy/baike/w%3D400/sign=49bfdb823101213fcf334fdc64e636f8/574e9258d109b3de582d0b33c4bf6c81810a4cdf.jpg	https://baike.baidu.com/item/%E6%96%87%E5%BF%83%E5%85%B0
http://a2.att.hudong.com/41/88/01100000000000144730889395682_s.jpg	http://www.baike.com/wiki/%E6%96%87%E5%BF%83%E5%85%B0
http://a1.att.hudong.com/70/88/01100000000000144730889473082_s.jpg	http://www.baike.com/wiki/%E6%96%87%E5%BF%83%E5%85%B0
http://a0.att.hudong.com/75/88/01100000000000144730888669686_s.jpg	http://www.baike.com/wiki/%E6%96%87%E5%BF%83%E5%85%B0
http://a3.att.hudong.com/88/88/01100000000000144730888715256_s.jpg	http://www.baike.com/wiki/%E6%96%87%E5%BF%83%E5%85%B0
http://img0.pclady.com.cn/pclady/1206/15/838961_z2009071616080093.jpg	http://emotion.pclady.com.cn/zxzq/1206/838961_all.html
http://img0.pclady.com.cn/pclady/1206/15/838961_877d586b68.jpg	http://emotion.pclady.com.cn/zxzq/1206/838961_all.html
http://a3.att.hudong.com/31/88/01100000000000144730889541547_s.jpg	http://www.baike.com/wiki/%E6%96%87%E5%BF%83%E5%85%B0
http://a1.att.hudong.com/77/88/01100000000000144730888648306_s.jpg	http://www.baike.com/wiki/%E6%96%87%E5%BF%83%E5%85%B0
http://images.china.cn/attachement/jpg/site1000/20160321/d02788e9b71b1859ab0e4a.jpg	http://www.horti-expo2019.com/2016-03/21/content_38075113.htm
http://i.epochtimes.com/assets/uploads/2015/02/1502210408572188-320x200.jpg	http://www.epochtimes.com/gb/tag/%E6%96%87%E5%BF%83%E5%85%B0.html
http://s5.sinaimg.cn/middle/66019f9eha7d649fc80e4&690	http://blog.sina.com.cn/s/blog_66019f9e0102dqum.html
https://gw.alicdn.com/bao/uploaded/i3/221547004/TB2l3YpcVXXXXbYXpXXXXXXXXXX-221547004.jpg_230x230.jpg	https://www.taobao.com/oshtml/buy-cn/cp_zsTQxMC8zPjO6MC8.html
https://img.moegirl.org/common/thumb/f/f6/CH7yCrgUcAE1g_W.png/250px-CH7yCrgUcAE1g_W.png	https://zh.moegirl.org/%E7%BE%8E%E5%B0%91%E5%A5%B3%E8%8A%B1%E9%AA%91%E5%A3%AB:%E6%96%87%E5%BF%83%E5%85%B0
http://www.cas.cn/kxcb/kpwz/201303/W020130308350921254880.jpg	http://www.cas.cn/kxcb/kpwz/201303/t20130308_3788426.shtml
http://s10.sinaimg.cn/mw690/492c1b50hd260d14c0859&690	http://blog.sina.com.cn/s/blog_492c1b500102e9d6.html
https://www.huabaike.com/uploads/allimg/sltimg/201605/57397f11e2095.jpg	https://www.huabaike.com/jtyh/3442.html
http://s8.sinaimg.cn/mw690/001twXyIzy77E18Klo397&690	http://blog.sina.com.cn/s/blog_509d8b040102wtuq.html
https://gw.alicdn.com/bao/uploaded/i2/50631709/TB2NZPQX1zz11Bjy1XdXXbfqVXa_!!50631709.jpg_230x230.jpg	https://www.taobao.com/article/E0BOD4BxEvDOEbFf.html
http://www.gov.taipei/public/Attachment/65513441882.JPG	http://www.gov.taipei/ct.asp?xItem=179390448&ctNode=65441&mp=100003
https://gw.alicdn.com/bao/uploaded/i1/TB1OEszSXXXXXa4aXXXXXXXXXXX_!!0-item_pic.jpg_230x230.jpg	https://www.taobao.com/article/E0BOD4BxEvDOEbFf.html
https://gw.alicdn.com/bao/uploaded/i2/78217088/TB2a4h8awRkpuFjy1zeXXc.6FXa_!!78217088.jpg_230x230.jpg	https://www.taobao.com/article/E0BOD4BxEvDOEbFf.html
http://a4.att.hudong.com/31/04/01300000350658130959043090236_s.jpg	http://www.baike.com/wiki/%E9%87%91%E9%BB%84%E6%96%87%E5%BF%83%E5%85%B0
https://img.moegirl.org/common/thumb/6/66/%E3%82%A4%E3%82%AA%E3%83%8E%E3%82%B7%E3%82%B8%E3%82%A6%E3%83%A0%28%E3%82%AF%E3%83%AA%E3%82%B9%E3%83%9E%E3%82%B9%29.jpg/250px-%E3%82%A4%E3%82%AA%E3%83%8E%E3%82%B7%E3%82%B8%E3%82%A6%E3%83%A0%28%E3%82%AF%E3%83%AA%E3%82%B9%E3%83%9E%E3%82%B9%29.jpg	https://zh.moegirl.org/%E7%BE%8E%E5%B0%91%E5%A5%B3%E8%8A%B1%E9%AA%91%E5%A3%AB:%E5%B0%8F%E6%96%87%E5%BF%83%E5%85%B0(%E5%9C%A3%E8%AF%9E%E8%8A%82)
https://risis.com/shop/media/catalog/product/cache/13/image/9df78eab33525d08d6e5fb8d27136e95/r/p/rpnl1scb_oncidium_wildcat_orchid_slider_with_crystal_tailends_pg_.jpg	https://risis.com/shop/cn/oncidium-wildcat-orchid-with-crystal-tailends.html
http://www.whb.cas.cn/wh/whhd/201201/W020120104429216313045.jpg	http://www.whb.cas.cn/wh/whhd/201201/t20120106_3422937.html
http://images.china.cn/attachement/jpg/site1000/20160321/d02788e9b71b1859ab0e4b.jpg	http://www.horti-expo2019.com/2016-03/21/content_38075113.htm
http://s6.sinaimg.cn/mw690/001twXyIzy77E193Vf765&690	http://blog.sina.com.cn/s/blog_509d8b040102wtuq.html
http://i.epochtimes.com/assets/uploads/2017/03/251980-320x200.jpg	http://www.epochtimes.com/gb/tag/%E6%96%87%E5%BF%83%E5%85%B0.html
https://img.alicdn.com/imgextra/i3/1609312274/TB2fzwTgYXlpuFjy1zbXXb_qpXa_!!1609312274.jpg_230x230.jpg	https://www.taobao.com/article/GPDiE9D8BgDnEXDF.html
https://upload.wikimedia.org/wikipedia/commons/a/a3/Oncidium_incurvum.jpg	https://zh.wikipedia.org/wiki/%E6%96%87%E5%BF%83%E8%98%AD%E5%B1%AC
http://s1.sinaimg.cn/middle/66019f9enb1d0737ba400&690	http://blog.sina.com.cn/s/blog_66019f9e0102dqum.html
http://i.epochtimes.com/assets/uploads/2011/12/1112110834442008-320x200.jpg	http://www.epochtimes.com/gb/tag/%E6%96%87%E5%BF%83%E5%85%B0.html
https://img.moegirl.org/common/thumb/f/fe/FlowerKnightGirlOncidiumHybridum.png/250px-FlowerKnightGirlOncidiumHybridum.png	https://zh.moegirl.org/%E7%BE%8E%E5%B0%91%E5%A5%B3%E8%8A%B1%E9%AA%91%E5%A3%AB:%E6%96%87%E5%BF%83%E5%85%B0(%E8%8A%B1%E5%AB%81%E7%89%88)
http://i.epochtimes.com/assets/uploads/2017/06/270406_medium-267x400.jpg	http://www.epochtimes.com/gb/17/6/27/n9326007.htm
https://www.huabaike.com/uploads/allimg/sltimg/201605/57397e74aaeb2.jpg	https://www.huabaike.com/jtyh/3442.html
http://a1.att.hudong.com/73/28/20300543212348144666286969108_s.jpg	http://www.baike.com/wiki/%E8%B1%B9%E6%96%91%E6%96%87%E5%BF%83%E5%85%B0
http://book.tndais.gov.tw/Magazine/images/48-1a.jpg	http://book.tndais.gov.tw/Magazine/mag48-1.htm
https://gw.alicdn.com/bao/uploaded/i2/TB18gq0RVXXXXaPXXXXXXXXXXXX_!!0-item_pic.jpg_230x230.jpg	https://www.taobao.com/article/GPDiE9D8BgDnEXDF.html
https://img.moegirl.org/common/thumb/6/62/FKG-Oncidium-after.png/480px-FKG-Oncidium-after.png	https://zh.moegirl.org/%E7%BE%8E%E5%B0%91%E5%A5%B3%E8%8A%B1%E9%AA%91%E5%A3%AB:%E6%96%87%E5%BF%83%E5%85%B0
https://www.huabaike.com/uploads/allimg/sltimg/201605/57397e0a15625.jpg	https://www.huabaike.com/jtyh/3442.html
https://gw.alicdn.com/bao/uploaded/i2/672776089/TB2dSy7qXXXXXXPXFXXXXXXXXXX_!!672776089.jpg_230x230.jpg	https://www.taobao.com/oshtml/buy-cn/cp_zsTQxMC8zPjO6MC8.html
http://p1.ifengimg.com/web/2016_50/7c2d12ec2d5efc2_w554_h369.png	http://news.ifeng.com/a/20161207/50377051_0.shtml
https://img.moegirl.org/common/9/9f/FKG-Orchid_Wydler-blossom.png	https://zh.moegirl.org/%E7%BE%8E%E5%B0%91%E5%A5%B3%E8%8A%B1%E9%AA%91%E5%A3%AB:%E6%96%87%E5%BF%83%E5%85%B0
https://risis.com/shop/media/catalog/product/cache/13/image/9df78eab33525d08d6e5fb8d27136e95/r/p/rpom4scp_oncidium_mary_saporita_orchid_slider_pg_.jpg	https://risis.com/shop/cn/oncidium-wildcat-orchid-with-crystal-tailends.html
https://img.moegirl.org/common/thumb/6/64/FKG-Oncidium.png/480px-FKG-Oncidium.png	https://zh.moegirl.org/%E7%BE%8E%E5%B0%91%E5%A5%B3%E8%8A%B1%E9%AA%91%E5%A3%AB:%E6%96%87%E5%BF%83%E5%85%B0
https://gw.alicdn.com/bao/uploaded/i3/720380346/TB2vEgKaML8F1JjSszbXXbguVXa_!!0-taoxiaopu_sell.jpg_230x230.jpg	https://www.taobao.com/article/E0BOD4BxEvDOEbFf.html
https://gw.alicdn.com/bao/uploaded/i3/TB1Heg.OXXXXXbUXVXXXXXXXXXX_!!0-item_pic.jpg_230x230.jpg	https://www.taobao.com/article/EmGLD-GZENExBmGj.html
https://gw.alicdn.com/bao/uploaded/i2/T1f9vsXa8fXXa5YA_a_092105.jpg_230x230.jpg	https://www.taobao.com/oshtml/buy-cn/cp_zsTQxMC808rGsQ.html
https://gw.alicdn.com/bao/uploaded/i2/TB1fnC5RVXXXXcdaXXXXXXXXXXX_!!0-item_pic.jpg_230x230.jpg	https://www.taobao.com/oshtml/buy-cn/cp_zsTQxMC8zPjO6MC8.html
https://img.alicdn.com/imgextra/i1/2616789253/TB23vI1aKcnyKJjSZFPXXXdqVXa_!!2616789253.jpeg_230x230.jpg	https://www.taobao.com/oshtml/buy-cn/cp_xKe57c7E0MTAvA.html
https://gw.alicdn.com/bao/uploaded/i3/3038731817/TB280bZfJhvOuFjSZFBXXcZgFXa_!!3038731817.jpg_230x230.jpg	https://www.taobao.com/oshtml/buy-cn/cp_zsTQxMC8zPjO6MC8u6g.html
http://www.gov.taipei/public/Attachment/65513464827.JPG	http://www.gov.taipei/ct.asp?xItem=179390448&ctNode=65441&mp=100003
https://gw.alicdn.com/bao/uploaded/i3/TB1aUdfLXXXXXblaXXXXXXXXXXX_!!0-item_pic.jpg_230x230.jpg	https://www.taobao.com/oshtml/buy-cn/cp_zsTQxMC8zPjO6MC8.html
http://img.appledaily.com.tw//images/twapple/640pix/20170402/LB08/LB08_004.jpg	http://www.appledaily.com.tw/appledaily/article/headline/20170402/37604421/
https://gw.alicdn.com/bao/uploaded/i1/TB1SI9VSXXXXXXkXXXXXXXXXXXX_!!0-item_pic.jpg_230x230.jpg	https://www.taobao.com/article/GPDiE9D8BgDnEXDF.html
https://www.agriharvest.tw/upload/harvest/images/article/437/1080-%E8%BC%B8%E7%BE%8E%E6%96%87%E5%BF%83%E8%98%AD-2%E9%99%84%E5%B8%B6%E6%A0%BD%E5%9F%B9%E4%BB%8B%E8%B3%AA%E6%96%87%E5%BF%83%E8%98%AD%E8%A3%9D%E7%AE%B1%E5%A4%96%E9%8A%B7%E7%BE%8E%E5%9C%8B.jpg	https://www.agriharvest.tw/theme_data.php?theme=article&sub_theme=article&id=437
http://s12.sinaimg.cn/mw690/492c1b50hd260d233f0cb&690	http://blog.sina.com.cn/s/blog_492c1b500102e9d6.html
https://img.alicdn.com/imgextra/i1/1609312274/TB2S_6bddXnpuFjSZFoXXXLcpXa_!!1609312274.jpg_230x230.jpg	https://www.taobao.com/article/GPDiE9D8BgDnEXDF.html
http://s9.sinaimg.cn/middle/66019f9eha7d64a1af858&690	http://blog.sina.com.cn/s/blog_66019f9e0102dqum.html
https://gw.alicdn.com/bao/uploaded/i3/51602378/TB2lpCEspXXXXcrXpXXXXXXXXXX_!!51602378.jpg_230x230.jpg	https://www.taobao.com/oshtml/buy-cn/cp_xu_Kv87E0MTAvA.html
http://i.epochtimes.com/assets/uploads/2015/02/1502041135272238-320x200.jpg	http://www.epochtimes.com/gb/tag/%E6%96%87%E5%BF%83%E5%85%B0.html
http://kplant.biodiv.tw/%E6%96%87%E5%BF%83%E8%98%AD/%E6%96%87%E5%BF%83%E8%98%AD-%E8%8A%B115.jpg	http://kplant.biodiv.tw/%E6%96%87%E5%BF%83%E8%98%AD/%E6%96%87%E5%BF%83%E8%98%AD.htm
http://www.flowerdj.com/X/images/htmSale/903/images/fdj-818-1.jpg	http://www.flowerdj.com/x/asp/productv.asp?A=903
https://img.moegirl.org/common/thumb/b/b8/%E3%82%AA%E3%83%B3%E3%82%B7%E3%82%B8%E3%83%A5%E3%83%BC%E3%83%A0%EF%BC%88%E8%8A%B1%E5%AB%81%EF%BC%89.png/400px-%E3%82%AA%E3%83%B3%E3%82%B7%E3%82%B8%E3%83%A5%E3%83%BC%E3%83%A0%EF%BC%88%E8%8A%B1%E5%AB%81%EF%BC%89.png	https://zh.moegirl.org/%E7%BE%8E%E5%B0%91%E5%A5%B3%E8%8A%B1%E9%AA%91%E5%A3%AB:%E6%96%87%E5%BF%83%E5%85%B0(%E8%8A%B1%E5%AB%81%E7%89%88)
https://gw.alicdn.com/bao/uploaded/i2/T1qjIRFMJcXXXXXXXX_!!0-item_pic.jpg_230x230.jpg	https://www.taobao.com/oshtml/buy-cn/cp_zsTQxMC8t8LV5g.html
https://gw.alicdn.com/bao/uploaded/i1/T1Edv.XeJfXXbXVQoU_015431.jpg_230x230.jpg	https://www.taobao.com/article/E0BOD4BxEvDOEbFf.html
https://gw.alicdn.com/bao/uploaded/i4/88115130/TB2MVmjpHlmpuFjSZFlXXbdQXXa_!!88115130.png_230x230.jpg	https://www.taobao.com/oshtml/buy-cn/cp_xKe57c7E0MTAvA.html
http://i.epochtimes.com/assets/uploads/2017/06/270409_medium-600x400.jpg	http://www.epochtimes.com/gb/17/6/27/n9326007.htm
https://gw.alicdn.com/bao/uploaded/i4/1044139346/TB2qA0yaxtmpuFjSZFqXXbHFpXa_!!1044139346.jpg_230x230.jpg	https://www.taobao.com/oshtml/buy-cn/cp_zsTQxMC8suW7qA.html
http://i.epochtimes.com/assets/uploads/2012/02/1202210540352357-320x200.jpg	http://www.epochtimes.com/gb/tag/%E6%96%87%E5%BF%83%E5%85%B0.html
https://gw.alicdn.com/bao/uploaded/i2/TB1196jHXXXXXakXpXXXXXXXXXX_!!0-item_pic.jpg_230x230.jpg	https://www.taobao.com/oshtml/buy-cn/cp_zsTQxMC8zPjO6MC8u6g.html
https://www.agriharvest.tw/upload/harvest/images/article/437/1080-%E8%BC%B8%E7%BE%8E%E6%96%87%E5%BF%83%E8%98%AD-1%E9%AB%94%E8%B3%AA%E5%BC%B7%E5%81%A5%E7%9A%84%E6%96%87%E5%BF%83%E8%98%AD%E6%A4%8D%E6%A0%AA%E6%96%BC%E6%BA%AB%E5%AE%A4%E5%85%A7%E5%9F%B9%E8%82%B2.jpg	https://www.agriharvest.tw/theme_data.php?theme=article&sub_theme=article&id=437
https://cbu01.alicdn.com/img/ibank/2015/436/452/2296254634_1885843273.220x220.jpg	http://www.1688.com/chanpin/-CEC4D0C4C0BC20CCF8CEE8.html
http://www.gov.taipei/public/Attachment/741423442933.jpg	http://www.gov.taipei/ct.asp?xItem=286728571&ctNode=65441&mp=100003
http://img.ltn.com.tw/2017/new/apr/2/images/bigPic/600_59.jpg	http://news.ltn.com.tw/news/life/paper/1090939
http://www.unitopline.com.tw/comm/upimage/p_130307_01485.jpg	http://www.unitopline.com.tw/style/frame/templates11/product_detail.asp?content_set=color_6&lang=1&customer_id=2526&name_id=120435&rid=0&id=366259
http://s16.sinaimg.cn/middle/a20c88b6gba4dc1fc2bff&690	http://blog.sina.com.cn/s/blog_a20c88b60100y3dp.html
https://img.moegirl.org/common/thumb/8/85/Ionocidium.PNG/250px-Ionocidium.PNG	https://zh.moegirl.org/%E7%BE%8E%E5%B0%91%E5%A5%B3%E8%8A%B1%E9%AA%91%E5%A3%AB:%E5%B0%8F%E6%96%87%E5%BF%83%E5%85%B0
http://s12.sinaimg.cn/mw690/492c1b50hd260cffcbc1b&690	http://blog.sina.com.cn/s/blog_492c1b500102e9d6.html
https://www.huabaike.com/uploads/allimg/sltimg/201605/573981bad7f82.jpg	https://www.huabaike.com/lktp/167.html
https://cdn.pixabay.com/photo/2016/11/29/12/51/oncidium-1869633_960_720.jpg	https://pixabay.com/zh/%E6%96%87%E5%BF%83%E5%85%B0-%E5%85%B0%E8%8A%B1-%E9%BB%84%E8%89%B2-%E6%A9%99-%E5%85%B0%E8%8A%B1%E5%BC%80%E8%8A%B1-%E5%BC%80%E8%8A%B1-%E8%8A%B1-%E5%8E%82-%E5%85%B3%E9%97%AD-%E6%80%A7%E8%B4%A8-1869633/
http://www.people.com.cn/mediafile/pic/20161209/70/8553960964843595422.jpg	http://art.people.com.cn/n1/2016/1209/c356131-28938460.html
https://img.moegirl.org/common/thumb/9/94/%E3%82%AA%E3%83%B3%E3%82%B7%E3%82%B8%E3%83%A5%E3%83%BC%E3%83%A0%EF%BC%88%E8%8A%B1%E5%AB%81%EF%BC%89after.png/400px-%E3%82%AA%E3%83%B3%E3%82%B7%E3%82%B8%E3%83%A5%E3%83%BC%E3%83%A0%EF%BC%88%E8%8A%B1%E5%AB%81%EF%BC%89after.png	https://zh.moegirl.org/%E7%BE%8E%E5%B0%91%E5%A5%B3%E8%8A%B1%E9%AA%91%E5%A3%AB:%E6%96%87%E5%BF%83%E5%85%B0(%E8%8A%B1%E5%AB%81%E7%89%88)
http://img1.cache.netease.com/catchpic/6/67/67498A7B0C920D9B5BFFA9B061B75DFB.jpg	http://news.163.com/12/0428/07/805LF71400014AED.html?f=jsearch
http://i52.photobucket.com/albums/g15/s1290/2014-weixinlan/DSC_8543_zpsfb1113b4.jpg	http://blog.wenxuecity.com/myblog/10296/201412/20780.html
https://www.huabaike.com/uploads/allimg/artimg/201605/20160516161627_25724.jpg	https://www.huabaike.com/hyjk/3445.html
https://gw.alicdn.com/bao/uploaded/i4/517620315/TB2ThGVsFXXXXbkXpXXXXXXXXXX_!!517620315.jpg_230x230.jpg	https://www.taobao.com/oshtml/buy-cn/cp_xu_Kv87E0MTAvA.html
http://www.coa.gov.tw/upload/images/web_structure/coa/19453/2501617_1.jpg	http://www.coa.gov.tw/ws.php?id=2501617
http://minnan.sinaimg.cn/cr/2014/0602/1318456569.jpg	http://mn.sina.com.cn/city/zhangzhou/preferential/2014-06-02/09454374.html
http://www.gov.taipei/public/Attachment/65513495075.JPG	http://www.gov.taipei/ct.asp?xItem=179390448&ctNode=65441&mp=100003
http://s7.sinaimg.cn/mw690/492c1b50hd260d1f195b6&690	http://blog.sina.com.cn/s/blog_492c1b500102e9d6.html
http://a3.att.hudong.com/43/06/01300000350658130959066140016_s.jpg	http://www.baike.com/wiki/%E5%AE%BD%E5%94%87%E6%96%87%E5%BF%83%E5%85%B0
https://img.moegirl.org/common/d/dc/Ionocidium%28Xmas%29-after.png	https://zh.moegirl.org/%E7%BE%8E%E5%B0%91%E5%A5%B3%E8%8A%B1%E9%AA%91%E5%A3%AB:%E5%B0%8F%E6%96%87%E5%BF%83%E5%85%B0(%E5%9C%A3%E8%AF%9E%E8%8A%82)
http://www.caanet.org.cn/upload/image/20161208/20161208132634_6662.jpg	http://www.caanet.org.cn/yiweihui/yiweihuiDetail.aspx?id=AT201612081327284329
https://www.huabaike.com/uploads/allimg/sltimg/201605/5739820e03d74.jpg	https://www.huabaike.com/hyjk/3447.html
http://www.hanyi365.com/attach/userfiles/image/2013-11-07_11_45_39.png	http://www.hanyi365.com/article_1145.html
https://www.huabaike.com/uploads/allimg/artimg/201605/20160516160554_55505.jpg	https://www.huabaike.com/jtyh/3442.html
