
http://www.baihuamen.com/d/file/2014/05-26/e49f861a35b4b0bc476b75ac8f1dff1d.jpg	http://www.baihuamen.com/shandanhua/
http://www.baihuamen.com/d/file/2014/05-26/d4826fed63cd9af5adea60fd892cee33.jpg	http://www.baihuamen.com/shandanhua/
http://www.neipet.com/wp-content/uploads/2016/07/%E5%B1%B1%E4%B8%B9%E8%8A%B1.png	http://www.neipet.com/plant/26710.html
http://www.baihuamen.com/d/file/2014/05-26/fc57bf11c237d927cc786a93c67eeb98.jpg	http://www.baihuamen.com/shandanhua/
http://www.flower-photo.info/upload/save_image/10111559_50766e6fe4952.jpg	http://www.flower-photo.info/products/detail.php?product_id=319
http://www.52shici.com/upload/works/18585/329289.jpg?r=1	http://www.52shici.com/works.php?mem_id=18585&works_id=329289
http://img0.ph.126.net/HAkNHBY6VJ_maEEXfpjFdQ==/6598152785611268439.jpg	http://jxqi94like.lofter.com/post/1cd7ca07_c3ce1ba
http://img.redocn.com/sheying/20150716/shandanhuakai_4669940.jpg	http://sucai.redocn.com/dongwuzhiwu_4126439.html
http://www.baihuamen.com/d/file/2014/05-26/c662953142d6873c066eb7a939d4befe.jpg	http://www.baihuamen.com/shandanhua/
http://img694.ph.126.net/FVbMVLCHGbb-oseiyofopg==/2861193138264946253.jpg	http://fozu662.blog.163.com/blog/static/76983433201151502933245/
http://img.redocn.com/sheying/20150410/shandanhua_4126439.jpg	http://sucai.redocn.com/dongwuzhiwu_4126439.html
http://www.flower-photo.info/upload/save_image/10111559_50766e49f1d7e.jpg	http://www.flower-photo.info/products/detail.php?product_id=319
http://image52.360doc.com/DownloadImg/2012/07/0308/25256919_9.jpg	http://www.360doc.com/content/12/0703/08/7693646_221838144.shtml
https://www.itsfun.com.tw/cacheimg/e1/c5/696986622cc09055da5224c48e2b.jpg	https://www.itsfun.com.tw/%E5%B1%B1%E4%B8%B9%E8%8A%B1/wiki-966084-429354
https://c1.staticflickr.com/5/4086/5066361546_f577ef44b2_b.jpg	https://www.flickr.com/photos/yh828/5066361546
http://www.52yhua.com/uploads/allimg/160703/1-160F3221918.jpg	http://m.52yhua.com/caobentp/2754.html
http://livedoor.blogimg.jp/tiritirihanahanana/imgs/4/8/4845993e.jpg	http://hanahana.livedoor.biz/archives/54139931.html
http://www.baihuamen.com/d/file/2014/05-26/5443d1507609cbaa3373c85fd6b9afda.jpg	http://www.baihuamen.com/shandanhua/16430_21.html
http://pic1.win4000.com/pic/0/3d/12d31365498.jpg	http://www.yclnong.com/meinv114705_11.html
http://livedoor.blogimg.jp/fuo2007/imgs/0/0/0019e1db.jpg	http://blog.livedoor.jp/fuo2007/archives/64747146.html
http://www.westatic.com/img/dict/skbzk/plants-sa/santan_2.jpg	http://www.weblio.jp/content/%E5%B1%B1%E4%B8%B9%E8%8A%B1
http://www.fansimg.com/album/uploads2011/07/userid296721time20110704003114.jpg	http://bbs.photofans.cn/thread-428756-1-1.html
http://img.supfree.net/zhongyao/images/7221_1.jpg	http://zhongyao.m.supfree.net/hao.asp?id=%C9%BD%B5%A4%BB%A8
http://s16.sinaimg.cn/mw690/70e38a9ftcce18d66c8cf&690	http://blog.sina.com.cn/s/blog_70e38a9f0101bx5j.html
http://pic22.nipic.com/20120628/10334142_012403813000_2.jpg	http://www.nipic.com/show/6422481.html
http://sugawara.tokyo/wp/wp-content/uploads/2015/12/dictionary-santanka.jpg	http://sugawara.tokyo/dictionary/ixora
http://www.baihuamen.com/d/file/2014/05-26/74d4cc4d123dcfd5d2dfc7d7dacdaf55.jpg	http://www.baihuamen.com/shandanhua/16430_17.html
http://www.21cbi.com/upload/201610/24/14772469043.jpg	http://m.21cbi.com/s/14/281078.html
http://pic1.win4000.com/pic/0/3d/12d31365489.jpg	http://www.yclnong.com/meinv114705_2.html
https://www.kagiken.co.jp/new/kojimachi/20080224_yumenoshima/yumenoshima_32large.jpg	http://www.kagiken.co.jp/new/kojimachi/hana-santanka_large.html
http://img840.ph.126.net/qbdPqN1j2iUVFjoJ1y5k3Q==/1803128700810242212.jpg	http://fozu662.blog.163.com/blog/static/76983433201151502933245/
http://img2.ph.126.net/cGtmJseAQeOYQUVdU0fHKg==/3005026851463210955.jpg	http://jxqi94like.lofter.com/post/1cd7ca07_c3ce1ba
http://pic4.55jia.net/fengshuizhiwu/15/a372382.jpg	http://www.55jia.net/75/332426.html
http://pic1.win4000.com/pic/0/3d/12d31365490.jpg	http://www.yclnong.com/meinv114705_3.html
http://pic1.win4000.com/pic/0/3d/12d31365493.jpg	http://www.yclnong.com/meinv114705_6.html
http://www.baihuamen.com/d/file/2014/05-26/429e26e9767ab7a446e1f0e560252384.jpg	http://www.baihuamen.com/shandanhua/
http://pic10.nipic.com/20101017/5840550_095546149000_2.jpg	http://www.nipic.com/show/2/27/3794368k348284aa.html
http://userimage8.360doc.com/16/0720/21/18903586_201607202108370979UM2NQ731ZBQJW1A53E.jpg	http://www.360doc.com/content/16/0810/13/178233_582224714.shtml
http://www.21cbi.com/upload/201610/23/147718744774.jpg	http://m.21cbi.com/s/14/278261.html
http://www.westatic.com/img/dict/skbzk/plants-sa/santan_1.jpg	http://www.weblio.jp/content/%E5%B1%B1%E4%B8%B9%E8%8A%B1
https://gss0.bdstatic.com/-4o3dSag_xI4khGkpoWK1HF6hhy/baike/w%3D268%3Bg%3D0/sign=068a5e51728b4710ce2ffacafbf5a4c0/1b4c510fd9f9d72adc72b66dd42a2834349bbba8.jpg	https://baike.baidu.com/item/%E5%B1%B1%E4%B8%B9%E8%8A%B1
http://www.52yhua.com/uploads/allimg/160409/1-160409212051.jpg	http://www.52yhua.com/mubentp/2189.html
http://pic1.win4000.com/pic/0/3d/12d31365496.jpg	http://www.win4000.com/meinv114705_9.html
http://bpic.588ku.com/element_pic/16/11/20/3e869181f4a456371b10449e9865f4a5.jpg	http://588ku.com/image/shandanhua.html
http://www.baihuamen.com/d/file/2014/05-26/d6d1026008d9016d611c4ace33c0ad8f.jpg	http://www.baihuamen.com/shandanhua/16430_3.html
http://www.52yhua.com/uploads/allimg/160409/1-160409212048.jpg	http://www.52yhua.com/mubentp/2189.html
http://www.hana300.com/santan98.jpg	http://www.hana300.com/santan.html
https://gss2.bdstatic.com/-fo3dSag_xI4khGkpoWK1HF6hhy/baike/s%3D220/sign=ccd09b728dd4b31cf43c93b9b7d6276f/9922720e0cf3d7cafdf6bf47f41fbe096b63a9fb.jpg	https://baike.baidu.com/item/%E5%B1%B1%E4%B8%B9%E8%8A%B1
http://image.club.china.com/twhb/2016/7/15/26154256/pictuku/1468574675054.jpg	http://club.china.com/data/thread/26154256/2785/18/39/6_1.html
http://pic22.nipic.com/20120628/10334142_012538559000_2.jpg	http://www.nipic.com/show/1/44/6422480k867ca36b.html
http://image.club.china.com/twhb/2016/7/15/26154256/pictuku/1468574673072.jpg	http://club.china.com/data/thread/26154256/2785/18/39/6_1.html
http://www.hana300.com/santan99.jpg	http://www.hana300.com/santan.html
http://s11.sinaimg.cn/mw690/001ROMKqgy6TAQIot2W2a&690	http://blog.sina.com.cn/s/blog_66019f9e0102vjhf.html
http://img.ph.126.net/AoIx08qG2JZ3Jp72Jtz2qg==/1023724490313445572.jpg	http://blog.163.com/sunxf0105@126/blog/static/101863639201165112250308
http://melakajp.com/about/photo/1207/ixora_coccinea.jpg	http://melakajp.com/about/herb/020.html
http://img0.ph.126.net/wp49EN9JxDNKVeGyffc6Tw==/2224215266067627894.jpg	http://jxqi94like.lofter.com/post/1cd7ca07_c3ce1ba
http://image.club.china.com/twhb/2016/7/10/26154256/pictuku/1468150691041.jpg	http://club.china.com/data/thread/26154256/2785/08/87/9_1.html
http://pic1.win4000.com/pic/0/3d/12d31365488.jpg	http://www.win4000.com/meinv114705.html
http://image52.360doc.com/DownloadImg/2012/07/0308/25256919_3.jpg	http://www.360doc.com/content/12/0703/08/7693646_221838144.shtml
http://image.club.china.com/twhb/2016/7/10/26154256/pictuku/1468150694626.jpg	http://club.china.com/data/thread/26154256/2785/08/87/9_1.html
http://image.club.china.com/twhb/2016/7/10/26154256/pictuku/1468150684648.jpg	http://club.china.com/data/thread/26154256/2785/08/87/9_1.html
http://image.club.china.com/twhb/2016/7/15/26154256/pictuku/1468574685203.jpg	http://club.china.com/data/thread/26154256/2785/18/39/6_1.html
http://image.club.china.com/twhb/2016/7/10/26154256/pictuku/1468150687120.jpg	http://club.china.com/data/thread/26154256/2785/08/87/9_1.html
http://www.emono1.jp/img/ginshoen/20120827090036_img1_82.jpg	http://www.ginsouen.com/cathand/detail-477427.html
http://www.52yhua.com/uploads/allimg/160703/1-160F3221914.jpg	http://m.52yhua.com/caobentp/2754.html
http://img.xunhai.com/2015/11/26/144851352253414.jpg	http://www.xunhai.com/shandanhua/2015/1126/4155.html
https://www.itsfun.com.tw/images/71/5f/==wZwpmL1YTZxEjZkNWMiRTYkFmM3EDM09yX2QTMfBjMy8CZmRXbk9SbvNmLnNXboFnLyA3LvoDc0RHa.jpg	https://www.itsfun.com.tw/%E5%B1%B1%E4%B8%B9%E8%8A%B1/wiki-429354
http://pic22.nipic.com/20120628/10334142_012256099000_2.jpg	http://www.nipic.com/show/1/44/6422482k899df815.html
http://s16.sinaimg.cn/mw690/001ROMKqgy6TAQIxyBV6f&690	http://blog.sina.com.cn/s/blog_66019f9e0102vjhf.html
http://image.club.china.com/twhb/2016/7/10/26154256/pictuku/1468150689485.jpg	http://club.china.com/data/thread/26154256/2785/08/87/9_1.html
https://kotobank.jp/image/dictionary/daijisen/media/100947.jpg	https://kotobank.jp/word/%E5%B1%B1%E4%B8%B9%E8%8A%B1-514232
https://cdn-ak.f.st-hatena.com/images/fotolife/h/hiyuka_tokyo/20160624/20160624104734.jpg	http://hiyuka-tokyo.hatenablog.com/entry/2016/06/24/105034
http://image52.360doc.com/DownloadImg/2012/07/0308/25256919_2.jpg	http://www.360doc.com/content/12/0703/08/7693646_221838144.shtml
http://hua36.com/tupian/shandanhua/2.jpg	http://hua36.com/huahui/qiugenhuahui/41.html
http://hua36.com/tupian/shandanhua/4.jpg	http://hua36.com/huahui/qiugenhuahui/41.html
http://i00.c.aliimg.com/img/ibank/2014/937/692/1298296739_525712316.jpg	http://club.1688.com/threadview/37190298.html
http://www.westatic.com/img/dict/skbzk/plants-sa/santan_3.jpg	http://www.weblio.jp/content/%E5%B1%B1%E4%B8%B9%E8%8A%B1
http://hua36.com/tupian/shandanhua/3.jpg	http://hua36.com/huahui/qiugenhuahui/41.html
http://image52.360doc.com/DownloadImg/2012/07/0308/25256919_8.jpg	http://www.360doc.com/content/12/0703/08/7693646_221838144.shtml
http://userimage8.360doc.com/16/0720/21/18903586_201607202108370588BFFXQJMUN05SUE6FHA.jpg	http://www.360doc.com/content/16/0810/13/178233_582224714.shtml
http://hey.asablo.jp/blog/img/2011/10/20/1b1709.jpg	http://hey.asablo.jp/blog/2011/10/20/6164560
http://img.ph.126.net/17_PReGzFPxNwj2pAcvNwA==/629659522918562823.jpg	http://myn0471.blog.163.com/blog/static/38335337201162564418159/
http://image52.360doc.com/DownloadImg/2012/07/0308/25256919_5.jpg	http://www.360doc.com/content/12/0703/08/7693646_221838144.shtml
http://pic1.win4000.com/pic/5/e9/82bb1365480.jpg_195.jpg	http://www.win4000.com/meinv114705.html
http://livedoor.blogimg.jp/fuo2007/imgs/2/3/2350a16b.jpg	http://blog.livedoor.jp/fuo2007/archives/64747146.html
http://image52.360doc.com/DownloadImg/2012/07/0308/25256919_10.jpg	http://www.360doc.com/content/12/0703/08/7693646_221838144.shtml
http://image2.sina.com.cn/dy/c/p/2006-04-21/U1043P1T1D9680357F21DT20060421101815.jpg	http://news.sina.com.cn/c/p/2006-04-21/10189680357.shtml
http://s9.sinaimg.cn/mw690/0020sO81zy6JuN9YXtm98&690	http://blog.sina.com.cn/s/blog_6d9eeb990101uc3i.html
https://farm1.static.flickr.com/379/19999355322_3940e47d75.jpg	http://picssr.com/tags/%E5%B1%B1%E4%B8%B9%E8%8A%B1
http://pic1.win4000.com/pic/0/3d/12d31365492.jpg	http://www.yclnong.com/meinv114705_5.html
https://blog-001.west.edge.storage-yahoo.jp/res/blog-dc-4b/kuusan26bu/folder/965263/29/49722729/img_0_m?1489618723	http://blogs.yahoo.co.jp/kuusan26bu/49722729.html
http://img.xunhai.com/2015/11/26/144851352257537.jpg	http://www.xunhai.com/shandanhua/
http://s14.sinaimg.cn/mw690/0020sO81zy6JuN9lwjH0d&690	http://blog.sina.com.cn/s/blog_6d9eeb990101uc3i.html
http://pic31.nipic.com/20130713/13180503_094602722177_2.jpg	http://www.nipic.com/show/1/44/8508624k7f35c9cc.html
http://ma6r.com/web/front/url.jsp?url=http://mmbiz.qpic.cn/mmbiz_jpg/ZxkA7ZBSY1avicbRKjRXgmB0icQvx28MC5CGFIn0W4icuH0KLJibzrp3QicqicSYLTLcBLROZduC2m13iaJOd3xzCia7Cg/0?wx_fmt=jpeg	http://weixin.ma6r.com/weixin_show/20170512/153208.htm
https://gss1.bdstatic.com/9vo3dSag_xI4khGkpoWK1HF6hhy/baike/w%3D400/sign=09c65ebfa7c379317d688729dbc5b784/6f061d950a7b02080ac2a3586ad9f2d3572cc804.jpg	https://baike.baidu.com/item/%E5%B1%B1%E4%B8%B9%E8%8A%B1
http://s4.sinaimg.cn/mw690/0020sO81zy6JuN9MQZJb3&690	http://blog.sina.com.cn/s/blog_6d9eeb990101uc3i.html
http://hua36.com/tupian/shandanhua/5.jpg	http://hua36.com/huahui/qiugenhuahui/41.html
https://www.itsfun.com.tw/cacheimg/48/bd/a8aff2a43870b20d3d7381973918.jpg	https://www.itsfun.com.tw/%E5%B1%B1%E4%B8%B9%E8%8A%B1/wiki-966084-429354
http://bpic.588ku.com/element_pic/16/12/29/027ef49241f003b05cd207191612aec9.jpg	http://588ku.com/image/shandanhua.html
