
http://www.baihuamen.com/d/file/2014/05-26/ce2053a922a1c68ea8f2500821bd6b9c.jpg	http://www.baihuamen.com/huanliangcao/16364_11.html
http://www.baihuamen.com/d/file/2014/05-26/887dd3093e08ed38f429b30627612583.jpg	http://www.baihuamen.com/huanliangcao/16364_15.html
http://www.pibaosi.net/uploads/allimg/160216/1-1602162213580-L.jpg	http://huahui.pibaosi.net/20160216/117752.html
http://s2.sinaimg.cn/mw690/0029Dvdfgy71fX93Ahr21&690	http://blog.sina.com.cn/s/blog_75b308c90102w783.html
http://kc.njnu.edu.cn/zwswx/abc/picture/maoyinke/hailiangcao/hailiangcao1-1.JPG	http://kc.njnu.edu.cn/zwswx/abc/hailiangcao.htm
http://www.baihuamen.com/d/file/2014/05-26/8738c2db8a18b6d5009fa1c746d28204.jpg	http://www.baihuamen.com/huanliangcao/
http://s15.sinaimg.cn/mw690/0029Dvdfgy6SNHAKGJ03e&690	http://blog.sina.com.cn/s/blog_dc9502ab0102wkxt.html
http://7i.danxie.org:802/pic/ytimg/zhutu/2016-11/2016111323411610335024.jpg	http://www.7izw.com/dr/ujo.html
http://s13.sinaimg.cn/mw690/0029Dvdfgy6SNHBlRhy9c&690	http://blog.sina.com.cn/s/blog_dc9502ab0102wkxt.html
https://www.huabaike.com/uploads/allimg/artimg/201612/20161207143936_58007.jpg	https://www.huabaike.com/hyjk/6140.html
http://www.1988.tv/Upload_Map/2015nian/1/4/2015-01-04-09-32-35.jpg	http://www.1988.tv/news/92969
http://img.mp.itc.cn/upload/20170322/a049b66aaa6249b080cc6125173f7905_th.jpeg	http://www.sohu.com/a/129741813_649548
http://s8.sinaimg.cn/mw690/0029Dvdfgy6SNHAA8o7f7&690	http://blog.sina.com.cn/s/blog_dc9502ab0102wkxt.html
http://image01.baihuaji.cn/01/589933df0de64048cb096d101c369be3e0a3.jpg	http://www.baihuaji.cn/article_722.html
http://s3.sinaimg.cn/mw690/0029Dvdfgy6SNHBbRqq12&690	http://blog.sina.com.cn/s/blog_dc9502ab0102wkxt.html
http://map1.zw3e.com:8080/zw_news_map/550/2016092/1474197621210802257.jpg	http://m.zw3e.com/1458/
https://www.huabaike.com/uploads/allimg/sltimg/201612/5864c8860fdb2.jpg	https://www.huabaike.com/hyjk/6140.html
http://a3.att.hudong.com/63/46/01300000164760121196461767355_s.jpg	http://www.baike.com/wiki/%E8%BF%98%E4%BA%AE%E8%8D%89
http://p.d1xz.net/2015/5/7/165446854685.jpg	http://www.d1xz.net/astro/huayu/art89777.aspx
http://map1.zw3e.com:8080/zw_news_map/200/2016092/1474197064446016253.jpg	http://www.zw3e.com/1458/
https://www.huabaike.com/uploads/allimg/sltimg/201612/bp_5847ae249877f.jpg	https://www.huabaike.com/cbzw/6162.html
http://www.pfa360.org/home/uploads/14/min(1055-426)54fd4f3a3ec0d695_14_1417782668.jpg	http://www.pfa360.org/plant/view/index/id/107
https://upload.wikimedia.org/wikipedia/commons/thumb/7/7f/Delphinium_anthriscifolium_in_Hongcun_01_2013-04.JPG/250px-Delphinium_anthriscifolium_in_Hongcun_01_2013-04.JPG	https://zh.wikipedia.org/wiki/%E8%BF%98%E4%BA%AE%E8%8D%89
https://gss2.bdstatic.com/9fo3dSag_xI4khGkpoWK1HF6hhy/baike/s%3D220/sign=ed07f277962f07085b052d02d925b865/f31fbe096b63f62401b1d93b8f44ebf81a4ca31e.jpg	https://baike.baidu.com/item/%E8%BF%98%E4%BA%AE%E8%8D%89
https://www.huabaike.com/uploads/allimg/sltimg/201612/5847af6ca1be1.jpg	https://www.huabaike.com/hyjk/6140.html
http://www.huayugu.com.cn/uploads/allimg/160802/1-160P22351210-L.jpg	http://www.huayugu.com.cn/huanliangcao/
http://v.xiahui.net/?url=http://mmbiz.qpic.cn/mmbiz_jpg/bkF7vf9Xhbg0RedowFHkiaK9ADkibzQP10PSz9rSOaIW5GPiaLBmokrHbqnbvwtia3jDhgcI0yBXYGLG6KohVtGwtA/0?wx_fmt=jpeg	http://m.yxqbx.com/showinfo-7-796371-0.html
http://map1.zw3e.com:8080/zw_news_map/200/2016092/1474195718861318486.jpg	http://www.zw3e.com/1458/
http://img.tulaoshi.com/201703/31/3ae310ab702f9580d0db4873554fb0a8.jpg	http://www.tulaoshi.com/hailiangcao/
http://img.aihuahui.com/d/2017/05/591c03009127f.jpg	http://www.aihuahui.com/huahuizhishi/xianhuawuyu/6328.html
http://www.baihuamen.com/d/file/2014/05-26/04cebe9fb67ae4edc5380d209309a205.jpg	http://www.baihuamen.com/huanliangcao/16364_8.html
http://www.pfa360.org/home/uploads/14/min(1055-426)44f7d07b88598fcb_14_1417782689.jpg	http://www.pfa360.org/plant/view/index/id/107
http://a0.att.hudong.com/31/83/01300000164760121196836902121_s.jpg	http://www.baike.com/wiki/%E8%BF%98%E4%BA%AE%E8%8D%89
https://gss0.bdstatic.com/-4o3dSag_xI4khGkpoWK1HF6hhy/baike/s%3D220/sign=a16bf8dbdd39b60049ce08b5d9513526/8435e5dde71190efc26369e7c61b9d16fdfa606a.jpg	https://baike.baidu.com/item/%E8%BF%98%E4%BA%AE%E8%8D%89
http://www.chinabaike.com/article/UploadPic/2007-7/2007718192259469.jpg	http://www.chinabaike.com/article/316/331/2007/20070718142999.html
http://www.chantuguan.com/ueditor/php/upload/image/20170615/1497499278100995.jpg	http://www.chantuguan.com/baike/741.html
https://img.lrgarden.com/feed_pic/241/52/1000117745_24294_1490082484.jpg	https://www.lrgarden.com/topic/view/id-1000006737.html
http://pic1.win4000.com/pic/6/37/1a421331463.jpg	http://www.win4000.com/meinv111485_8.html
http://www.huayugu.com.cn/uploads/allimg/160802/1-160P22349160-L.jpg	http://www.huayugu.com.cn/huanliangcao/
http://s5.sinaimg.cn/mw690/002n6cJzty70ZehrBB244&690	http://blog.sina.com.cn/s/blog_818e82390102wc6c.html
http://www.pfa360.org/home/uploads/14/min(1055-426)5ce949e7a69c560e_14_1417782714.jpg	http://www.pfa360.org/plant/view/index/id/107
http://www.huayugu.com.cn/uploads/allimg/160802/1-160P2233J60-L.jpg	http://www.huayugu.com.cn/huanliangcao/15946.html
https://www.huabaike.com/uploads/allimg/artimg/201612/20161207144940_49309.jpg	https://www.huabaike.com/jtyh/6142.html
http://www.chantuguan.com/ueditor/php/upload/image/20170615/1497499697877504.jpg	http://www.chantuguan.com/baike/742.html
http://www.yuhuagu.com/uploads/allimg/130123/10-130123192R5.jpg	http://www.yuhuagu.com/ktsh/5848.html
http://www.baihuamen.com/d/file/2014/05-26/3441ce1232198c6b99ed22346e6c042a.jpg	http://www.baihuamen.com/huanliangcao/16364_2.html
http://www.baihuamen.com/d/file/2014/05-26/2810d2c109f698bdddd13b74df95214e.jpg	http://www.baihuamen.com/huanliangcao/16364_7.html
http://www.baihuamen.com/d/file/2014/05-26/592050206a3277f23d59fe92c5fb4b86.jpg	http://www.baihuamen.com/huanliangcao/16364_6.html
https://gss1.bdstatic.com/-vo3dSag_xI4khGkpoWK1HF6hhy/baike/w%3D400/sign=64a0063c51ee3d6d22c686cb73176d41/d439b6003af33a87dccd1581ce5c10385243b58c.jpg	https://baike.baidu.com/item/%E8%BF%98%E4%BA%AE%E8%8D%89
http://www.baihuamen.com/d/file/2014/05-26/c376d2f029e2a82d86fed0b8a5b14bec.jpg	http://www.baihuamen.com/huanliangcao/16364_9.html
http://www.baihuamen.com/d/file/2014/05-26/1ac6e3db2ee66bce98845bb7274dfc74.jpg	http://www.baihuamen.com/huanliangcao/16364_5.html
http://www.baihuamen.com/d/file/2014/05-26/2e417c42eab6e5028d4475e685dfed85.jpg	http://www.baihuamen.com/huanliangcao/16364_14.html
http://image82.360doc.com/DownloadImg/2015/02/1322/50160988_1.jpg	http://www.360doc.com/content/15/0213/22/16967035_448452200.shtml
https://www.huabaike.com/uploads/allimg/artimg/201612/20161207143850_62355.jpg	https://www.huabaike.com/hyjk/6140.html
http://www.huayugu.com.cn/uploads/allimg/160802/1-160P22341190-L.jpg	http://www.huayugu.com.cn/huanliangcao/
http://s1.sinaimg.cn/mw690/002n6cJzty71lyD7Igo60&690	http://blog.sina.com.cn/s/blog_818e82390102wczx.html
http://www.huayugu.com.cn/uploads/allimg/160802/1-160P22336260-L.jpg	http://www.huayugu.com.cn/huanliangcao/15945.html
https://www.huabaike.com/uploads/allimg/artimg/201702/20170207221456_87362.jpg	https://www.huabaike.com/hyjk/7109.html
https://www.huabaike.com/uploads/allimg/sltimg/201612/5847b0b046dc3.jpg	https://www.huabaike.com/jtyh/6142.html
http://s4.sinaimg.cn/mw690/002n6cJzty71lyDbOyTd3&690	http://blog.sina.com.cn/s/blog_818e82390102wczx.html
http://a0.att.hudong.com/20/84/01300000163451121085840587144_s.jpg	http://www.baike.com/wiki/%E8%BF%98%E4%BA%AE%E8%8D%89
http://img.tulaoshi.com/image/20170418/3f5bc838e83ee9ab7a8f4fcd8ca8355a.jpg	http://m.tulaoshi.com/n/20170418/2641456.html
http://img.mp.itc.cn/upload/20170322/69473383dd414ea499fd6ec30c4a2a9b_th.jpeg	http://www.sohu.com/a/129741813_649548
https://img.lrgarden.com/feed_pic/7/59/1000272903_1000014546_1499044667.jpg	https://www.lrgarden.com/topic/view/id-1000006737.html
http://a2.att.hudong.com/57/48/01300000164760121196480597261_s.jpg	http://www.baike.com/wiki/%E8%BF%98%E4%BA%AE%E8%8D%89
http://a1.att.hudong.com/63/76/01300000164760121196769729314_s.jpg	http://www.baike.com/wiki/%E8%BF%98%E4%BA%AE%E8%8D%89
http://www.chantuguan.com/ueditor/php/upload/image/20170615/1497499285137835.jpg	http://www.chantuguan.com/baike/741.html
http://s3.sinaimg.cn/mw690/002n6cJzty70Zeggs0y92&690	http://blog.sina.com.cn/s/blog_818e82390102wc6c.html
https://gss3.bdstatic.com/7Po3dSag_xI4khGkpoWK1HF6hhy/baike/w%3D268%3Bg%3D0/sign=d480a1014336acaf59e091fa44e2ea2d/b219ebc4b74543a99d4918f416178a82b90114b3.jpg	https://baike.baidu.com/item/%E8%BF%98%E4%BA%AE%E8%8D%89
http://s11.sinaimg.cn/mw690/002n6cJzty70Zeg4vlo0a&690	http://blog.sina.com.cn/s/blog_818e82390102wc6c.html
http://s5.sinaimg.cn/mw690/002n6cJzty70ZehfgDqe4&690	http://blog.sina.com.cn/s/blog_818e82390102wc6c.html
http://www.huayugu.com.cn/uploads/allimg/160802/1-160P22345220-L.jpg	http://www.huayugu.com.cn/huanliangcao/15946.html
http://map1.zw3e.com:8080/zw_news_map/550/2016092/1474195619621982896.jpg	http://www.zw3e.com/1458/e11068.html
http://s13.sinaimg.cn/mw690/0029Dvdfgy71fX9bpEw4c&690	http://blog.sina.com.cn/s/blog_75b308c90102w783.html
http://d.pmume.com/file/zwbk/2017-05/776fd20f82a4d6f20a7c7a8805fcd9dc.jpg	http://www.pmume.com/zwbk/nnlev.shtml
http://www.yuhuagu.com/uploads/allimg/130123/10-130123192P7.jpg	http://www.yuhuagu.com/ktsh/5848.html
http://www.baihuamen.com/d/file/2014/05-26/13b8d1d9d8950cac8ad8af28088b96c0.jpg	http://www.baihuamen.com/huanliangcao/
http://d.pmume.com/file/zwbk/2017-05/7a9af2286b71bbad8e34a556da50fe0c.jpg	http://www.pmume.com/zwbk/nnle4.shtml
http://a2.att.hudong.com/01/50/01300001217360130681502830288_s.jpg	http://www.baike.com/wiki/%E5%A4%A7%E8%8A%B1%E8%BF%98%E4%BA%AE%E8%8D%89
http://mnh.scu.edu.cn/bigpic/%E6%A4%8D%E7%89%A9%E7%B2%BE%E7%BB%86%E8%A7%A3%E5%89%96/2151C0001M/121/1-1/1211-1.jpg	http://mnh.scu.edu.cn/jp_pic_view.aspx?LR_id=121222
http://frps.eflora.cn/QRCode.ashx?id=38295	http://frps.eflora.cn/frps/Delphinium%20anthriscifolium
http://image01.baihuaji.cn/01/58993429088100425b0aeb1010fc9be3e0a3.jpg	http://www.baihuaji.cn/article_722.html
http://cmc.todps.com/upload/20120307/20120307082322_240.jpg	http://cmc.todps.com/herbdetail.action?id=143
http://www.yuhuagu.com/uploads/allimg/130123/10-130123192R2.jpg	http://www.yuhuagu.com/ktsh/5848.html
http://s6.sinaimg.cn/mw690/002n6cJzty71lyCXZjLc5&690	http://blog.sina.com.cn/s/blog_818e82390102wczx.html
http://www.3456.tv/images/2011nian/10/2015-08-06-14-38-06.jpg	http://ask.3456.tv/question/16256.html
http://s12.sinaimg.cn/mw690/0029Dvdfgy71fX9FSn99b&690	http://blog.sina.com.cn/s/blog_75b308c90102w783.html
http://pic1.win4000.com/pic/a/aa/c3f11331477.jpg_195.jpg	http://www.win4000.com/meinv111485.html
http://pic.baike.soso.com/ugc/baikepic2/13467/20160908033004-1304588299.jpg/300	http://baike.soso.com/ShowTitle.e?sp=S%E8%BF%98%E4%BA%AE%E8%8D%89
http://cmc.todps.com/upload/20120307/20120307082302_321.jpg	http://cmc.todps.com/herbdetail.action?id=143
http://pic1.win4000.com/pic/3/06/328e1331453.jpg_195.jpg	http://www.win4000.com/meinv111485.html
http://s12.sinaimg.cn/middle/4d317464gb1d779adb91b&690	http://blog.sina.com.cn/s/blog_4d3174640100wyux.html
http://m.21cbi.com/data/img.php?ref=http://blog.sina.com.cn&url=http://s11.sinaimg.cn/mw690/002n6cJzty71lyD2YHM6a&690	http://m.21cbi.com/s/1/476720.html
http://s6.sinaimg.cn/mw690/0029Dvdfgy71fX9KAC1c5&690	http://blog.sina.com.cn/s/blog_75b308c90102w783.html
http://mnh.scu.edu.cn/bigpic/%E6%A4%8D%E7%89%A9%E7%B2%BE%E7%BB%86%E8%A7%A3%E5%89%96/2151C0001M/121/2-1/1212-1.jpg	http://mnh.scu.edu.cn/jp_pic_view.aspx?LR_id=121220
http://mnh.scu.edu.cn/bigpic/%E6%A4%8D%E7%89%A9%E7%B2%BE%E7%BB%86%E8%A7%A3%E5%89%96/2151C0001M/121/2-2/1212-2.jpg	http://mnh.scu.edu.cn/jp_pic_view.aspx?LR_id=121219
http://img.tulaoshi.com/image/20170418/e9ec9c42a6da3ba73afc2d2be17ffea8.jpg	http://m.tulaoshi.com/n/20170418/2641456.html
http://pic.baike.soso.com/ugc/baikepic2/10535/20160803094919-1429918746.jpg/300	http://baike.soso.com/ShowTitle.e?sp=S%E8%BF%98%E4%BA%AE%E8%8D%89
http://m.21cbi.com/data/img.php?ref=http://blog.sina.com.cn&url=http://s14.sinaimg.cn/mw690/002n6cJzty71lyCShVH6d&690	http://m.21cbi.com/s/1/476720.html
http://s6.sinaimg.cn/mw690/0029Dvdfgy71fX9uIK155&690	http://blog.sina.com.cn/s/blog_75b308c90102w783.html
