
http://www.yuhuagu.com/uploads/allimg/120623/10-120623110000.jpg	http://www.yuhuagu.com/ktsh/3384.html
http://s5.sinaimg.cn/middle/66019f9en7739ccfff0b4&690	http://blog.sina.com.cn/s/blog_66019f9e0102drbe.html
http://img.boqiicdn.com/Data/BK/P/imagick93971448877187.jpg	http://www.boqii.com/entry/detail/2271.html
http://www.yuhuagu.com/uploads/allimg/120623/10-120623110310.jpg	http://www.yuhuagu.com/ktsh/3384.html
http://s4.sinaimg.cn/middle/66019f9ena84201394e43&690	http://blog.sina.com.cn/s/blog_66019f9e0102drbe.html
http://a2.att.hudong.com/52/89/01300000496856128248898326025.jpg	http://tupian.baike.com/a2_52_89_01300000496856128248898326025_jpg.html&prd=so_tupian
http://www.baihuamen.com/d/file/2014/06-01/6f9a68e58023e08bbe4526f32de7c0e1.jpg	http://www.baihuamen.com/mayexiuxianju/
http://pic9.nipic.com/20100903/4224370_065020031907_2.jpg	http://www.nipic.com/show/1/44/3618996kd87237ca.html
http://www.baihuamen.com/d/file/2014/05-31/6d5678c0e2f18e0a70aff6b88bdc04e9.jpg	http://www.baihuamen.com/mayexiuxianju/
http://www.neipet.com/wp-content/uploads/2016/07/%E9%BA%BB%E5%8F%B6%E7%BB%A3%E7%BA%BF%E8%8F%8A.jpg	http://www.neipet.com/plant/29512.html
http://www.baihuamen.com/d/file/2014/06-01/bf0e77464add4f841a431c34b7fd62c0.jpg	http://www.baihuamen.com/mayexiuxianju/
https://cbu01.alicdn.com/img/ibank/2014/075/066/1717660570_462704874.220x220.jpg	http://www.1688.com/jiage/-C2E9D2B6D0E5CFDFBED5.html
http://blog.sciencenet.cn/upload/blog/images/2009/5/2009515162421140.jpg	http://blog.sciencenet.cn/blog-252763-232066.html
http://pic66.nipic.com/file/20150511/4224370_184811783000_2.jpg	http://www.nipic.com/show/12441740.html
http://img4.ph.126.net/cBi9fumMRUreA7pr1Y7pjQ==/3099602443555173944.jpg	http://blog.163.com/wangdehua_1938/blog/static/1026353302012321747028
http://img05.tooopen.com/images/20150508/tooopen_sy_122931133674.jpg	http://www.tooopen.com/view/879117.html
http://www.huayugu.com.cn/uploads/allimg/160511/1-1605111613450-L.jpg	http://www.huayugu.com.cn/mayexiuxianju/
http://img0.dreamhy.com/upload/20131230/0928387936.jpg	http://www.dreamhy.com/xuetang/detail-23866.aspx
http://s8.sinaimg.cn/mw690/001iVkI3gy6ROHOD4zB37&690	http://blog.sina.com.cn/s/blog_474605330102vu9b.html
https://gss0.bdstatic.com/94o3dSag_xI4khGkpoWK1HF6hhy/baike/s%3D220/sign=57b0481fa9ec8a13101a50e2c7029157/5ab5c9ea15ce36d3d5a5efc03af33a87e850b198.jpg	https://baike.baidu.com/item/%E9%BA%BB%E5%8F%B6%E7%BB%A3%E7%BA%BF%E8%8F%8A
http://pic101.nipic.com/file/20160611/6945068_212703211000_2.jpg	http://www.nipic.com/show/15043008.html
http://www.baihuamen.com/d/file/2014/06-01/8d011a3e05e7862ee3feaa081a2aced6.jpg	http://www.baihuamen.com/mayexiuxianju/
http://a3.att.hudong.com/36/15/01100000000000144766158509185_s.jpg	http://www.baike.com/wiki/%E9%BA%BB%E5%8F%B6%E7%BB%A3%E7%BA%BF%E8%8F%8A
http://pic67.nipic.com/file/20150520/4224370_195916258000_2.jpg	http://www.nipic.com/show/12508879.html
http://s15.sinaimg.cn/middle/66019f9ena8420582327e&690	http://blog.sina.com.cn/s/blog_66019f9e0102drbe.html
http://pic1.huashichang.com/2016/0423/00/571a4c927a3ff.jpg	http://m.aihuhua.com/tupian/tupianms7.html
http://s1.sinaimg.cn/middle/66019f9ena84204338dc0&690	http://blog.sina.com.cn/s/blog_66019f9e0102drbe.html
http://images.nongmiao.com/big/baike/2014/08/20/21/1408202115478581.jpg	http://www.nongmiao.com/1982chenliang/supplydetail-48371.html
http://pic9.nipic.com/20100903/4224370_065943084652_2.jpg	http://www.nipic.com/show/1/44/3618997k73e12f18.html
http://pic1.huashichang.com/2016/0423/00/571a4c99b533a.jpg	http://www.aihuhua.com/tupian/tupianmso.html
http://pic21.nipic.com/20120511/4224370_074706231000_2.jpg	http://www.nipic.com/show/1/44/6191801ka92df857.html
http://s13.sinaimg.cn/mw690/003sae9dzy7bU9rUNpW5c&690	http://blog.sina.com.cn/s/blog_bc9f8f830102wuwv.html
http://www.yuhuagu.com/uploads/allimg/120623/10-120623110320.jpg	http://www.yuhuagu.com/ktsh/3384.html
https://cbu01.alicdn.com/img/ibank/2016/447/815/2886518744_1961927081.220x220.jpg	http://www.1688.com/chanpin/-C2E9D2B6D0E5CFDFBED5.html
https://cbu01.alicdn.com/img/ibank/2015/664/277/2408772466_1744909409.220x220.jpg	http://www.1688.com/chanpin/-C2E9D2B6D0E5CFDFBED5.html
https://cbu01.alicdn.com/img/ibank/2014/679/322/1281223976_102418363.310x310.jpg	https://www.1688.com/pic/-C2E9D2B6D0E5CFDFBED5.html
https://cbu01.alicdn.com/img/ibank/2014/684/761/1500167486_642302008.220x220.jpg	http://www.1688.com/jiage/-C2E9D2B6D0E5CFDFBED5.html
http://pic21.nipic.com/20120512/4224370_104814219000_2.jpg	http://www.nipic.com/show/1/44/6172186k99101120.html
http://s1.sinaimg.cn/mw690/001iVkI3gy6ROHOx1DO60&690	http://blog.sina.com.cn/s/blog_474605330102vu9b.html
http://www.dq19888.com/d/file/201612/small9127b5bb0a9443f164819219bfd87fec1481195122.jpg	http://www.dq19888.com/miaomu/14.html
http://www.cnhaoshu.com/file/upload/201612/19/10-05-49-34-283.png	http://www.cnhaoshu.com/news/show/6264/
https://cbu01.alicdn.com/img/ibank/2016/650/612/2959216056_1841328824.220x220.jpg	http://www.1688.com/jiage/-C2E9D2B6D0E5CFDFBED5.html
https://gss2.bdstatic.com/-fo3dSag_xI4khGkpoWK1HF6hhy/baike/w%3D268%3Bg%3D0/sign=e4c3278b758b4710ce2ffacafbf5a4c0/1b4c510fd9f9d72a3e3bcfb7d32a2834349bbb39.jpg	https://baike.baidu.com/item/%E9%BA%BB%E5%8F%B6%E7%BB%A3%E7%BA%BF%E8%8F%8A
https://cbu01.alicdn.com/img/ibank/2015/117/917/2630719711_1906893128.220x220.jpg	http://www.1688.com/jiage/-C2E9D2B6D0E5CFDFBED5.html
https://cbu01.alicdn.com/img/ibank/2015/573/088/1941880375_349060375.220x220.jpg	http://www.1688.com/jiage/-C2E9D2B6D0E5CFDFBED5.html
http://pic101.nipic.com/file/20160611/6945068_211926022000_2.jpg	http://www.nipic.com/show/15043011.html
http://img.qingmo.com/800x0/2017/2/5/47d4f68319da4970805ab20ea7ecd1a7.jpg	http://ps.qingmo.com/11171.html
http://img.boqiicdn.com/Data/BK/A/1511/30/imagick14221448852016_y.jpg	http://www.boqii.com/entry/detail/2271.html
https://cbu01.alicdn.com/img/ibank/2016/193/634/2867436391_481478295.310x310.jpg	https://www.1688.com/pic/-C2E9D2B6D0E5CFDFBED5.html
https://cbu01.alicdn.com/img/ibank/2015/314/614/2001416413_963009887.310x310.jpg	https://www.1688.com/pic/-C2E9D2B6D0E5CFDFBED5.html
http://s5.sinaimg.cn/mw690/001XQ5mpzy7awov8jQ094&690	http://blog.sina.com.cn/s/blog_6b4f2a710102wz1j.html
https://cbu01.alicdn.com/img/ibank/2016/512/368/2923863215_1400508099.220x220.jpg	http://www.1688.com/jiage/-C2E9D2B6D0E5CFDFBED5.html
http://www.huayugu.com.cn/uploads/allimg/160511/1-1605111615220-L.jpg	http://www.huayugu.com.cn/mayexiuxianju/
https://cbu01.alicdn.com/img/ibank/2017/461/015/3945510164_1593731460.220x220.jpg	http://www.1688.com/jiage/-C2E9D2B6D0E5CFDFBED5.html
http://www.huaxianer.com/uploads/allimg/170426/2-1F4261T114953.jpg	http://www.huaxianer.com/jishu/04160.html
http://www.51hm.cn/zwpic/%E9%BA%BB%E5%8F%B6%E7%BB%A3%E7%BA%BF%E8%8F%8A1.jpg	http://www.51hm.cn/zw/default.asp?sm=%D0%E5%CF%DF%BE%D5%CA%F4
http://img.ivsky.com/img/tupian/pre/201504/24/maye_xiuxianju-008.jpg	http://www.ivsky.com/tupian/maye_xiuxianju_t29028/
https://img.moegirl.org/common/thumb/8/87/%E3%82%B3%E3%83%87%E3%83%9E%E3%83%AA.jpg/250px-%E3%82%B3%E3%83%87%E3%83%9E%E3%83%AA.jpg	https://zh.moegirl.org/%E7%BE%8E%E5%B0%91%E5%A5%B3%E8%8A%B1%E9%AA%91%E5%A3%AB:%E9%BA%BB%E5%8F%B6%E7%BB%A3%E7%BA%BF%E8%8F%8A
http://pic92.nipic.com/file/20160322/17179282_144509368000_2.jpg	http://www.nipic.com/show/14420743.html
http://b2b.image.yuanlin.com/Biz/2009-1/2012211429536274.jpg	http://syfchm.yuanlin.com/sell-m58564.html
http://img.boqiicdn.com/Data/BK/A/1511/30/imagick99201448850791_y.jpg	http://www.boqii.com/entry/detail/2271.html
http://www.huayugu.com.cn/uploads/allimg/160511/1-160511161R00-L.jpg	http://www.huayugu.com.cn/mayexiuxianju/
https://cbu01.alicdn.com/img/ibank/2016/948/608/3417806849_806121650.310x310.jpg	https://www.1688.com/pic/-C2E9D2B6D0E5CFDFBED5.html
http://pic92.nipic.com/file/20160322/17179282_144448651000_2.jpg	http://www.nipic.com/show/14420745.html
https://cbu01.alicdn.com/img/ibank/2014/221/026/1719620122_1593731460.220x220.jpg	http://www.1688.com/jiage/-C2E9D2B6D0E5CFDFBED5.html
http://img.boqiicdn.com/Data/BK/A/1511/30/imagick70951448854238_y.jpg	http://www.boqii.com/entry/detail/2271.html
https://cbu01.alicdn.com/img/ibank/2014/939/488/1547884939_337199620.310x310.jpg	https://www.1688.com/pic/-C2E9D2B6D0E5CFDFBED5.html
http://i04.c.aliimg.com/img/ibank/2014/998/206/1281602899_102418363.jpg	http://detail.1688.com/offer/37559569560.html
http://z.xiziwang.net/uploads/allimg/150131/14_150131114743_1.jpg	http://z.xiziwang.net/hua/19218/
https://cbu01.alicdn.com/img/ibank/2014/655/766/1709667556_1755292453.220x220.jpg	http://www.1688.com/jiage/-C2E9D2B6D0E5CFDFBED5.html
http://img.aihuau.com/images/30101030/30112440t01a3b27a1647e8e295.jpg	http://www.aihuau.com/qin/181/73552.html
http://s10.sinaimg.cn/mw690/001iVkI3gy6RPzYys2d89&690	http://blog.sina.com.cn/s/blog_474605330102vu9b.html
https://cbu01.alicdn.com/img/ibank/2012/387/016/598610783_1088477528.310x310.jpg	https://www.1688.com/pic/-C2E9D2B6D0E5CFDFBED5.html
http://www.baihuamen.com/d/file/2014/06-01/628ac7c058c66b9fe86f1c910930abbf.jpg	http://www.baihuamen.com/mayexiuxianju/
http://b2b.image.yuanlin.com/Biz/2009-1/20091101318528689.jpg	http://syfchm.yuanlin.com/sell-m58564.html
http://b2b.image.yuanlin.com/Biz/2009-1/2012211429537278.jpg	http://syfchm.yuanlin.com/sell-m58564.html
http://i05.c.aliimg.com/img/ibank/2014/174/992/1281299471_102418363.jpg	http://detail.1688.com/offer/37559569560.html
http://s10.sinaimg.cn/mw690/001XQ5mpzy7awovlcHnf9&690	http://blog.sina.com.cn/s/blog_6b4f2a710102wz1j.html
http://s6.sinaimg.cn/mw690/001LPod7gy71voffFGta5&690	http://blog.sina.com.cn/s/blog_60bb01c50102wc87.html
http://a4.att.hudong.com/12/15/20200000013920144766158013374_s.jpg	http://www.baike.com/wiki/%E9%BA%BB%E5%8F%B6%E7%BB%A3%E7%BA%BF%E8%8F%8A
http://i03.c.aliimg.com/img/ibank/2014/355/992/1281299553_102418363.jpg	http://detail.1688.com/offer/37559569560.html
http://a0.att.hudong.com/20/72/20300542815688141300722250903_s.jpg	http://www.baike.com/wiki/%E5%AF%86%E8%8A%B1%E9%BA%BB%E5%8F%B6%E7%BB%A3%E7%BA%BF%E8%8F%8A
http://s2.sinaimg.cn/mw690/001XQ5mpzy7awovylXza1&690	http://blog.sina.com.cn/s/blog_6b4f2a710102wz1j.html
https://cbu01.alicdn.com/img/ibank/2014/781/225/1776522187_22184145.jpg_270x270xzq60.jpg	http://m.1688.com/offer_search/-C2E9D2B6D0E5CFDFBED5.html
http://s7.sinaimg.cn/mw690/001XQ5mpzy7awoz3EWid6&690	http://blog.sina.com.cn/s/blog_6b4f2a710102wz1j.html
http://s2.sinaimg.cn/mw690/001LPod7gy71vorTC5b11&690	http://blog.sina.com.cn/s/blog_60bb01c50102wc87.html
http://s11.sinaimg.cn/mw690/001LPod7gy71voAFzya0a&690	http://blog.sina.com.cn/s/blog_60bb01c50102wc87.html
http://s15.sinaimg.cn/mw690/001XQ5mpzy7awoyweIu1e&690	http://blog.sina.com.cn/s/blog_6b4f2a710102wz1j.html
http://i05.c.aliimg.com/img/ibank/2014/525/992/1281299525_102418363.jpg	http://detail.1688.com/offer/37559569560.html
http://image48.360doc.com/DownloadImg/2012/01/2800/21091698_12	http://www.360doc.com/content/12/0128/00/5733130_182216528.shtml
http://i02.c.aliimg.com/img/ibank/2014/748/206/1281602847_102418363.jpg	http://detail.1688.com/offer/37559569560.html
http://s13.sinaimg.cn/mw690/001LPod7gy71vpRHFWAec&690	http://blog.sina.com.cn/s/blog_60bb01c50102wc87.html
http://s6.sinaimg.cn/mw690/001LPod7gy71vql8Lv755&690	http://blog.sina.com.cn/s/blog_60bb01c50102wc87.html
http://s5.sinaimg.cn/mw690/001LPod7gy71vpLM70Ue4&690	http://blog.sina.com.cn/s/blog_60bb01c50102wc87.html
http://reso3.yiihuu.com/img_1109022.jpg	http://dna.yiihuu.com/w/pp-1109022.html
https://b-ssl.duitang.com/uploads/blog/201404/09/20140409110429_sdMKA.thumb.700_0.jpeg	https://www.duitang.com/blogs/tag/?name=%E6%9D%8E%E5%8F%B6%E7%BB%A3%E7%BA%BF%E8%8F%8A
http://www.fangzhenzhuzi.com/uploads/allimg/170224/1-1F2241F306.jpg	http://www.fangzhenzhuzi.com/ouyue/chanpinzhongxin/20160812/28.html
http://pic21.nipic.com/20120510/4224370_192816202001_2.jpg	http://www.nipic.com/show/1/44/6191946k8c8315b6.html
https://himg.china.cn/2/3_29_107911_750_750.jpg	https://www.china.cn/guanmu/3424383582.html
https://cbu01.alicdn.com/img/ibank/2015/148/278/2133872841_664269610.220x220.jpg	http://www.1688.com/chanpin/-C2E9D2B6D0E5CFDFBED5.html
