
https://gss0.bdstatic.com/-4o3dSag_xI4khGkpoWK1HF6hhy/baike/c0%3Dbaike150%2C5%2C5%2C150%2C50/sign=d960a2b24d10b912abccfeaca2949766/d043ad4bd11373f096738a96ae0f4bfbfbed046e.jpg
https://gss0.bdstatic.com/-4o3dSag_xI4khGkpoWK1HF6hhy/baike/c0%3Dbaike220%2C5%2C5%2C220%2C73/sign=a5bae9e2bcfd5266b3263446ca71fc4e/b219ebc4b74543a9a6571fc514178a82b901146e.jpg
https://gss3.bdstatic.com/7Po3dSag_xI4khGkpoWK1HF6hhy/baike/c0%3Dbaike92%2C5%2C5%2C92%2C30/sign=7863929ed333c895b2739029b07a1895/d8f9d72a6059252da36df80d3e9b033b5bb5b945.jpg
https://gss2.bdstatic.com/9fo3dSag_xI4khGkpoWK1HF6hhy/baike/c0%3Dbaike92%2C5%2C5%2C92%2C30/sign=a1042bcbb8119313d34ef7e2045167b2/c9fcc3cec3fdfc03600206b1de3f8794a4c22645.jpg
https://gss0.bdstatic.com/-4o3dSag_xI4khGkpoWK1HF6hhy/baike/c0%3Dbaike92%2C5%2C5%2C92%2C30/sign=a62a0130b9de9c82b268f1dd0de8eb6f/f9198618367adab47e9ffe4a81d4b31c8701e468.jpg

https://gss1.bdstatic.com/-vo3dSag_xI4khGkpoWK1HF6hhy/baike/c0%3Dbaike80%2C5%2C5%2C80%2C26/sign=74515e9baf014c080d3620f76b12696d/d4628535e5dde7110d9a90c4a1efce1b9d1661bc.jpg
https://gss1.bdstatic.com/9vo3dSag_xI4khGkpoWK1HF6hhy/baike/c0%3Dbaike92%2C5%2C5%2C92%2C30/sign=7137601a307adab429dd1311eabdd879/30adcbef76094b362581c8dfa5cc7cd98d109df5.jpg

https://gss1.bdstatic.com/9vo3dSag_xI4khGkpoWK1HF6hhy/baike/c0%3Dbaike92%2C5%2C5%2C92%2C30/sign=f8378215c65c10383073c690d378f876/cc11728b4710b912d99b74f1c3fdfc0392452262.jpg
https://gss0.bdstatic.com/-4o3dSag_xI4khGkpoWK1HF6hhy/baike/crop%3D17%2C0%2C664%2C438%3Bc0%3Dbaike80%2C5%2C5%2C80%2C26/sign=b15be697f9deb48fef26fb9ecd2e0d05/35a85edf8db1cb1305f540e5d754564e93584ba3.jpg
https://gss3.bdstatic.com/-Po3dSag_xI4khGkpoWK1HF6hhy/baike/c0%3Dbaike92%2C5%2C5%2C92%2C30/sign=febb306c1838534398c28f73f27adb1b/738b4710b912c8fc085f35cdf4039245d6882106.jpg
https://gss2.bdstatic.com/9fo3dSag_xI4khGkpoWK1HF6hhy/baike/c0%3Dbaike116%2C5%2C5%2C116%2C38/sign=5df2e6b7d100baa1ae214fe92679d277/d1160924ab18972b16c82b91e6cd7b899f510afe.jpg
https://gss0.bdstatic.com/-4o3dSag_xI4khGkpoWK1HF6hhy/baike/c0%3Dbaike92%2C5%2C5%2C92%2C30/sign=8fdeb80aa08b87d6444fa34d6661435d/7dd98d1001e939011dfd87057aec54e736d19609.jpg
https://gss0.bdstatic.com/94o3dSag_xI4khGkpoWK1HF6hhy/baike/c0%3Dbaike180%2C5%2C5%2C180%2C60/sign=8ede7885cb1349546a13e0363727f93d/f9dcd100baa1cd11a28ab224b912c8fcc3ce2df2.jpg
https://gss1.bdstatic.com/9vo3dSag_xI4khGkpoWK1HF6hhy/baike/c0%3Dbaike92%2C5%2C5%2C92%2C30/sign=657a075ad21b0ef478e5900cbcad3abf/6c224f4a20a44623c84fea169822720e0cf3d739.jpg
https://gss2.bdstatic.com/9fo3dSag_xI4khGkpoWK1HF6hhy/baike/c0%3Dbaike92%2C5%2C5%2C92%2C30/sign=2c5b396cfd1f4134f43a0d2c4476feaf/060828381f30e92432dc38be4c086e061c95f7c1.jpg
https://gss2.bdstatic.com/9fo3dSag_xI4khGkpoWK1HF6hhy/baike/c0%3Dbaike72%2C5%2C5%2C72%2C24/sign=2943909c8c5494ee932f074b4c9c8b9b/b219ebc4b74543a958bbebef1e178a82b9011474.jpg
https://gss2.bdstatic.com/-fo3dSag_xI4khGkpoWK1HF6hhy/baike/c0%3Dbaike92%2C5%2C5%2C92%2C30/sign=594b77a9a3ec08fa320d1bf538875608/95eef01f3a292df54eb67f03bf315c6034a873ab.jpg
https://gss2.bdstatic.com/9fo3dSag_xI4khGkpoWK1HF6hhy/baike/c0%3Dbaike150%2C5%2C5%2C150%2C50/sign=331ca7dbc9177f3e0439f45f11a650a2/aa18972bd40735fa04197bd49e510fb30e2408f5.jpg
https://gss0.bdstatic.com/94o3dSag_xI4khGkpoWK1HF6hhy/baike/c0%3Dbaike60%2C5%2C5%2C60%2C20/sign=4b187c848d1001e95a311c5dd9671089/9f510fb30f2442a731e7c8c8d143ad4bd01302f5.jpg

https://gss3.bdstatic.com/7Po3dSag_xI4khGkpoWK1HF6hhy/baike/c0%3Dbaike150%2C5%2C5%2C150%2C50/sign=5a8215a590ef76c6c4dff379fc7f969f/b03533fa828ba61e178c0fab4134970a314e59d0.jpg
https://gss2.bdstatic.com/9fo3dSag_xI4khGkpoWK1HF6hhy/baike/c0%3Dbaike150%2C5%2C5%2C150%2C50/sign=3b5a8d8a6709c93d13ff06a5fe5493b9/d50735fae6cd7b896c1cfd070f2442a7d8330ec6.jpg
https://gss3.bdstatic.com/-Po3dSag_xI4khGkpoWK1HF6hhy/baike/c0%3Dbaike180%2C5%2C5%2C180%2C60/sign=f25d814482025aafc73f76999a84c001/b21c8701a18b87d604316c9b070828381e30fdc7.jpg
https://gss1.bdstatic.com/-vo3dSag_xI4khGkpoWK1HF6hhy/baike/c0%3Dbaike150%2C5%2C5%2C150%2C50/sign=76e77092cffc1e17e9b284632bf99d66/0bd162d9f2d3572c24915b588a13632763d0c3c7.jpg
https://gss1.bdstatic.com/9vo3dSag_xI4khGkpoWK1HF6hhy/baike/c0%3Dbaike150%2C5%2C5%2C150%2C50/sign=4e7e1b90b899a9012f3853647cfc611e/0df3d7ca7bcb0a46a3514cbd6b63f6246a60afc7.jpg

https://gss0.bdstatic.com/94o3dSag_xI4khGkpoWK1HF6hhy/baike/c0%3Dbaike150%2C5%2C5%2C150%2C50/sign=f963b318b6fd5266b3263446ca71fc4e/8326cffc1e178a82c1a9c053f603738da877e8a8.jpg
https://gss2.bdstatic.com/-fo3dSag_xI4khGkpoWK1HF6hhy/baike/c0%3Dbaike150%2C5%2C5%2C150%2C50/sign=80620017b31c8701c2bbbab44616f54a/b3fb43166d224f4a8eb5cde009f790529822d111.jpg
https://gss2.bdstatic.com/9fo3dSag_xI4khGkpoWK1HF6hhy/baike/c0%3Dbaike116%2C5%2C5%2C116%2C38/sign=e4f985700f2442a7ba03f5f7b02ac62e/1f178a82b9014a908cabf94ea9773912b21beea8.jpg
https://gss3.bdstatic.com/7Po3dSag_xI4khGkpoWK1HF6hhy/baike/c0%3Dbaike150%2C5%2C5%2C150%2C50/sign=24c538df8701a18be4e61a1dff466c6d/42166d224f4a20a4e932823490529822720ed011.jpg
https://gss0.bdstatic.com/94o3dSag_xI4khGkpoWK1HF6hhy/baike/c0%3Dbaike150%2C5%2C5%2C150%2C50/sign=030d0cc2a18b87d6444fa34d6661435d/6c224f4a20a44623b9e61b919822720e0cf3d711.jpg
https://gss0.bdstatic.com/94o3dSag_xI4khGkpoWK1HF6hhy/baike/c0%3Dbaike92%2C5%2C5%2C92%2C30/sign=bf6917dcb28f8c54f7decd7d5b404690/f636afc379310a55a3210fc6b14543a9822610fe.jpg
https://gss3.bdstatic.com/-Po3dSag_xI4khGkpoWK1HF6hhy/baike/c0%3Dbaike92%2C5%2C5%2C92%2C30/sign=fd1bedf596529822113e3191b6a310ae/dc54564e9258d10908e67880d758ccbf6c814dff.jpg

https://gss3.bdstatic.com/-Po3dSag_xI4khGkpoWK1HF6hhy/baike/c0%3Dbaike150%2C5%2C5%2C150%2C50/sign=2ec9512120a446236ac7ad30f94b196b/e850352ac65c103810a8e599b2119313b17e8992.jpg
https://gss0.bdstatic.com/-4o3dSag_xI4khGkpoWK1HF6hhy/baike/c0%3Dbaike116%2C5%2C5%2C116%2C38/sign=4eadec74be096b63951456026d5aec21/342ac65c10385343bf19ac7a9313b07ecb808892.jpg
https://gss1.bdstatic.com/9vo3dSag_xI4khGkpoWK1HF6hhy/baike/c0%3Dbaike92%2C5%2C5%2C92%2C30/sign=d434ac9043166d222c7a1dc6274a6292/35a85edf8db1cb13c89b1748dd54564e93584bfe.jpg
https://gss2.bdstatic.com/9fo3dSag_xI4khGkpoWK1HF6hhy/baike/c0%3Dbaike180%2C5%2C5%2C180%2C60/sign=210362b28d1001e95a311c5dd9671089/5fdf8db1cb1349548becc33f564e9258d0094afe.jpg
https://gss3.bdstatic.com/-Po3dSag_xI4khGkpoWK1HF6hhy/baike/c0%3Dbaike150%2C5%2C5%2C150%2C50/sign=200362b28d1001e95a311c5dd9671089/8cb1cb13495409235e9b48259258d109b2de49fe.jpg
https://gss1.bdstatic.com/-vo3dSag_xI4khGkpoWK1HF6hhy/baike/c0%3Dbaike116%2C5%2C5%2C116%2C38/sign=b7f4a0626b63f62408503151e62d809d/c75c10385343fbf2f7fa8d78b07eca8064388f92.jpg
https://gss2.bdstatic.com/-fo3dSag_xI4khGkpoWK1HF6hhy/baike/c0%3Dbaike80%2C5%2C5%2C80%2C26/sign=3e1be95dafc3793169658e7b8aaddc20/11385343fbf2b211d5f8ae15ca8065380dd78e92.jpg
https://gss1.bdstatic.com/-vo3dSag_xI4khGkpoWK1HF6hhy/baike/c0%3Dbaike150%2C5%2C5%2C150%2C50/sign=08df1f823901213fdb3e468e358e5db4/48540923dd54564e1797cf62b3de9c82d0584ffe.jpg
https://gss3.bdstatic.com/7Po3dSag_xI4khGkpoWK1HF6hhy/baike/c0%3Dbaike80%2C5%2C5%2C80%2C26/sign=b0ddb1a879310a55d029d6a6d62c28cc/5243fbf2b2119313f795d4eb65380cd790238d92.jpg
https://gss0.bdstatic.com/94o3dSag_xI4khGkpoWK1HF6hhy/baike/c0%3Dbaike116%2C5%2C5%2C116%2C38/sign=becf750b0c33874488c8272e3066b29c/faf2b2119313b07e826b7b530cd7912396dd8c92.jpg
https://gss2.bdstatic.com/-fo3dSag_xI4khGkpoWK1HF6hhy/baike/c0%3Dbaike92%2C5%2C5%2C92%2C30/sign=a66b584809f79052fb124f6c6d9abcaf/0823dd54564e925857c6adb59c82d158cdbf4efe.jpg
https://gss2.bdstatic.com/9fo3dSag_xI4khGkpoWK1HF6hhy/baike/c0%3Dbaike80%2C5%2C5%2C80%2C26/sign=40bead72ebc4b7452099bf44ae957572/9213b07eca806538463c8f4897dda144ac348292.jpg
https://gss3.bdstatic.com/7Po3dSag_xI4khGkpoWK1HF6hhy/baike/c0%3Dbaike150%2C5%2C5%2C150%2C50/sign=bece3f54b80e7bec37d70bb34e47d25d/dc54564e9258d109341182e9d158ccbf6d814dfe.jpg
https://gss3.bdstatic.com/-Po3dSag_xI4khGkpoWK1HF6hhy/baike/c0%3Dbaike92%2C5%2C5%2C92%2C30/sign=c9cdd1971e178a82da3177f2976a18e8/b17eca8065380cd7dac889b6a144ad3458828192.jpg
https://gss0.bdstatic.com/94o3dSag_xI4khGkpoWK1HF6hhy/baike/c0%3Dbaike150%2C5%2C5%2C150%2C50/sign=a9f0a6657bec54e755e1124cd851f035/574e9258d109b3de144dcf33ccbf6c81810a4cfe.jpg
https://gss1.bdstatic.com/9vo3dSag_xI4khGkpoWK1HF6hhy/baike/c0%3Dbaike116%2C5%2C5%2C116%2C38/sign=6c12f97a90ef76c6c4dff379fc7f969f/9358d109b3de9c825897d2d46c81800a18d843fe.jpg
https://gss0.bdstatic.com/-4o3dSag_xI4khGkpoWK1HF6hhy/baike/c0%3Dbaike80%2C5%2C5%2C80%2C26/sign=a72fa92e43a98226accc2375ebebd264/cb8065380cd79123db36bf2fad345982b3b78092.jpg
https://gss2.bdstatic.com/-fo3dSag_xI4khGkpoWK1HF6hhy/baike/c0%3Dbaike150%2C5%2C5%2C150%2C50/sign=44adec74be096b63951456026d5aec21/0dd7912397dda144e3df47e9b2b7d0a20df48692.jpg
https://gss1.bdstatic.com/-vo3dSag_xI4khGkpoWK1HF6hhy/baike/c0%3Dbaike180%2C5%2C5%2C180%2C60/sign=47adec74be096b63951456026d5aec21/64380cd7912397ddecafb35f5982b2b7d1a28792.jpg
https://gss3.bdstatic.com/-Po3dSag_xI4khGkpoWK1HF6hhy/baike/c0%3Dbaike92%2C5%2C5%2C92%2C30/sign=78037e3ffedcd100d991f07313e22c75/562c11dfa9ec8a1320e383d2f103918fa0ecc003.jpg
https://gss3.bdstatic.com/7Po3dSag_xI4khGkpoWK1HF6hhy/baike/c0%3Dbaike150%2C5%2C5%2C150%2C50/sign=dc666189a01ea8d39e2f7c56f6635b2b/1ad5ad6eddc451da6e57dad9b0fd5266d016325b.jpg
https://gss0.bdstatic.com/94o3dSag_xI4khGkpoWK1HF6hhy/baike/c0%3Dbaike80%2C5%2C5%2C80%2C26/sign=f009d799053b5bb5aada28ac57babe5c/c83d70cf3bc79f3d20e13202bca1cd11728b2984.jpg
https://gss2.bdstatic.com/9fo3dSag_xI4khGkpoWK1HF6hhy/baike/c0%3Dbaike92%2C5%2C5%2C92%2C30/sign=82c220ccc5fdfc03f175ebeab556ecf1/09fa513d269759ee7753b6f9b4fb43166d22df85.jpg
https://gss3.bdstatic.com/-Po3dSag_xI4khGkpoWK1HF6hhy/baike/c0%3Dbaike92%2C5%2C5%2C92%2C30/sign=b0dd18f0b4119313d34ef7e2045167b2/c9fcc3cec3fdfc0371db358ad23f8794a4c22665.jpg

https://gss0.bdstatic.com/94o3dSag_xI4khGkpoWK1HF6hhy/baike/c0%3Dbaike150%2C5%2C5%2C150%2C50/sign=6ebb11d80f2442a7ba03f5f7b02ac62e/f9198618367adab4ba0730188bd4b31c8601e492.jpg
https://gss2.bdstatic.com/9fo3dSag_xI4khGkpoWK1HF6hhy/baike/c0%3Dbaike80%2C5%2C5%2C80%2C26/sign=f25acf28ad4bd11310c0bf603bc6cf6a/023b5bb5c9ea15ce0c1ccb52b6003af33b87b2fe.jpg
https://gss3.bdstatic.com/-Po3dSag_xI4khGkpoWK1HF6hhy/baike/c0%3Dbaike272%2C5%2C5%2C272%2C90/sign=1b6b584809f79052fb124f6c6d9abcaf/5ab5c9ea15ce36d3eef6a86b3af33a87e850b1fe.jpg
https://gss1.bdstatic.com/9vo3dSag_xI4khGkpoWK1HF6hhy/baike/c0%3Dbaike150%2C5%2C5%2C150%2C50/sign=fe59114f42a7d933aba5ec21cc22ba76/8718367adab44aeddf9995bfb31c8701a08bfb92.jpg
https://gss2.bdstatic.com/9fo3dSag_xI4khGkpoWK1HF6hhy/baike/c0%3Dbaike92%2C5%2C5%2C92%2C30/sign=413482e9d158ccbf0fb1bd6878b1d75b/377adab44aed2e73793ead778701a18b86d6fa92.jpg
https://gss2.bdstatic.com/-fo3dSag_xI4khGkpoWK1HF6hhy/baike/c0%3Dbaike180%2C5%2C5%2C180%2C60/sign=03a24b90b2fb43160e12722841cd2d46/37d3d539b6003af30448f73b352ac65c1138b6fe.jpg
https://gss1.bdstatic.com/-vo3dSag_xI4khGkpoWK1HF6hhy/baike/c0%3Dbaike92%2C5%2C5%2C92%2C30/sign=395572ea800a19d8df0e8c575293e9ee/2f738bd4b31c8701546199bd277f9e2f0608ff92.jpg
https://gss2.bdstatic.com/-fo3dSag_xI4khGkpoWK1HF6hhy/baike/c0%3Dbaike92%2C5%2C5%2C92%2C30/sign=9a6b9e6119d8bc3ed2050e98e3e2cd7b/8ad4b31c8701a18b713c39149e2f07082938fe92.jpg
https://gss3.bdstatic.com/7Po3dSag_xI4khGkpoWK1HF6hhy/baike/c0%3Dbaike92%2C5%2C5%2C92%2C30/sign=c422b50f034f78f0940692a118586130/d439b6003af33a87d69f2b41c65c10385243b5fe.jpg
https://gss0.bdstatic.com/94o3dSag_xI4khGkpoWK1HF6hhy/baike/c0%3Dbaike92%2C5%2C5%2C92%2C30/sign=ebab1d2478f0f736ccf344536b3cd87c/b7003af33a87e95075e5d83710385343faf2b4fe.jpg
https://gss1.bdstatic.com/9vo3dSag_xI4khGkpoWK1HF6hhy/baike/c0%3Dbaike92%2C5%2C5%2C92%2C30/sign=4280669bf736afc31a013737d27080a1/3bf33a87e950352a87930e535343fbf2b3118bfe.jpg
https://gss0.bdstatic.com/94o3dSag_xI4khGkpoWK1HF6hhy/baike/c0%3Dbaike92%2C5%2C5%2C92%2C30/sign=e132a255b13533fae1bb9b7cc9ba967a/8601a18b87d6277f66c5196328381f30e824fc92.jpg
https://gss3.bdstatic.com/-Po3dSag_xI4khGkpoWK1HF6hhy/baike/c0%3Dbaike180%2C5%2C5%2C180%2C60/sign=0c853ecf462309f7f362a54013676796/e850352ac65c1038108ce599b2119313b17e89fe.jpg
https://gss0.bdstatic.com/-4o3dSag_xI4khGkpoWK1HF6hhy/baike/c0%3Dbaike180%2C5%2C5%2C180%2C60/sign=646b584809f79052fb124f6c6d9abcaf/342ac65c10385343bf3dac7a9313b07ecb8088fe.jpg
https://gss1.bdstatic.com/-vo3dSag_xI4khGkpoWK1HF6hhy/baike/c0%3Dbaike150%2C5%2C5%2C150%2C50/sign=656b584809f79052fb124f6c6d9abcaf/c75c10385343fbf2f7de8d78b07eca8064388ffe.jpg
https://gss2.bdstatic.com/-fo3dSag_xI4khGkpoWK1HF6hhy/baike/c0%3Dbaike80%2C5%2C5%2C80%2C26/sign=3e3fe95dafc3793169658e7b8aaddc20/11385343fbf2b211d5dcae15ca8065380dd78efe.jpg
https://gss3.bdstatic.com/-Po3dSag_xI4khGkpoWK1HF6hhy/baike/c0%3Dbaike150%2C5%2C5%2C150%2C50/sign=a145ba644bfbfbedc8543e2d19999c53/267f9e2f07082838e4daf74fb899a9014d08f192.jpg
https://gss3.bdstatic.com/7Po3dSag_xI4khGkpoWK1HF6hhy/baike/c0%3Dbaike116%2C5%2C5%2C116%2C38/sign=2cace84f6b600c33e474d69a7b253a6a/5243fbf2b2119313f7b1d4eb65380cd790238dfe.jpg
https://gss1.bdstatic.com/-vo3dSag_xI4khGkpoWK1HF6hhy/baike/c0%3Dbaike150%2C5%2C5%2C150%2C50/sign=b611e586ab64034f1bc0ca54ceaa1254/060828381f30e9244573b76a4c086e061c95f792.jpg
https://gss1.bdstatic.com/9vo3dSag_xI4khGkpoWK1HF6hhy/baike/c0%3Dbaike150%2C5%2C5%2C150%2C50/sign=d1ed6c650cf3d7ca18fb37249376d56c/b3119313b07eca802cf712bc912397dda04483fe.jpg
https://gss2.bdstatic.com/9fo3dSag_xI4khGkpoWK1HF6hhy/baike/c0%3Dbaike92%2C5%2C5%2C92%2C30/sign=d35a7a3c6109c93d13ff06a5fe5493b9/03087bf40ad162d9e89e522e17dfa9ec8a13cd8b.jpg
https://gss1.bdstatic.com/9vo3dSag_xI4khGkpoWK1HF6hhy/baike/c0%3Dbaike92%2C5%2C5%2C92%2C30/sign=86b80c26be99a9012f3853647cfc611e/37d12f2eb9389b50d64a30608335e5dde7116e4f.jpg
https://gss3.bdstatic.com/-Po3dSag_xI4khGkpoWK1HF6hhy/baike/c0%3Dbaike80%2C5%2C5%2C80%2C26/sign=d667aa4826a446236ac7ad30f94b196b/574e9258d109b3de27c7345acabf6c81800a4c8c.jpg
https://gss0.bdstatic.com/-4o3dSag_xI4khGkpoWK1HF6hhy/baike/c0%3Dbaike92%2C5%2C5%2C92%2C30/sign=77659df2f136afc31a013737d27080a1/3bf33a87e950352ab276f53a5543fbf2b2118be9.jpg
https://gss1.bdstatic.com/9vo3dSag_xI4khGkpoWK1HF6hhy/baike/c0%3Dbaike92%2C5%2C5%2C92%2C30/sign=0500cd36329b033b3885f48874a75db6/d0c8a786c9177f3eb6232c3f76cf3bc79f3d56e9.jpg
https://gss2.bdstatic.com/-fo3dSag_xI4khGkpoWK1HF6hhy/baike/c0%3Dbaike92%2C5%2C5%2C92%2C30/sign=f9e7b5a191504fc2b652b85784b48c74/d833c895d143ad4b07da7f6988025aafa50f06a6.jpg
https://gss2.bdstatic.com/-fo3dSag_xI4khGkpoWK1HF6hhy/baike/c0%3Dbaike72%2C5%2C5%2C72%2C24/sign=5bfce944ed1190ef15f69a8daf72f673/a50f4bfbfbedab64dd867469fd36afc378311ea6.jpg
https://gss0.bdstatic.com/-4o3dSag_xI4khGkpoWK1HF6hhy/baike/c0%3Dbaike92%2C5%2C5%2C92%2C30/sign=0c3795bcb6315c60579863bdecd8a076/8326cffc1e178a8255c84609fc03738da877e8a7.jpg
https://gss0.bdstatic.com/-4o3dSag_xI4khGkpoWK1HF6hhy/baike/c0%3Dbaike92%2C5%2C5%2C92%2C30/sign=a21ba54af71f4134f43a0d2c4476feaf/060828381f30e924bc9ca49846086e061d95f75a.jpg
https://gss3.bdstatic.com/-Po3dSag_xI4khGkpoWK1HF6hhy/baike/c0%3Dbaike80%2C5%2C5%2C80%2C26/sign=4a319a933a4e251ff6faecaac6efa272/6f061d950a7b020870f1074868d9f2d3572cc85a.jpg
