
http://image82.360doc.com/DownloadImg/2015/02/1321/50160144_1.jpg	http://www.360doc.com/content/15/0213/21/16967035_448446999.shtml
http://www.baihuamen.com/d/file/2014/05-28/a0083a3d35c4c5230a01cf7d1ecc37f9.jpg	http://www.baihuamen.com/huanghuayuanwei/
http://web.zgny.com.cn/User_Doc/26505/ProductUpload/20111271610274446.jpg	http://web.zgny.com.cn/User_Doc/26505/Products/6492/20111271610515315265051.htm
http://www.miaomu.com/picture/2012424125935904.jpg	http://www.miaomu.com/vip/spzs.asp?id=94832&page=8
http://images.nongmiao.com/small//trade/2012/09/14/03/14/445633611_596523927.310x310.jpg	http://www.nongmiao.com/zhuotianzy/supplydetail-44422.html
http://www.baihuamen.com/d/file/2014/05-28/afd9b8973a14c7df2152930b0e25bd13.jpg	http://www.baihuamen.com/huanghuayuanwei/
http://pic.arkoo.com/taodejun/picture/2009121674306.jpg	http://www.shidi.org/sf_ABCD94289E6648CEACCEAC51792A2D65_151_taodejun.html
https://cbu01.alicdn.com/img/ibank/2011/333/714/322417333_1623017539.jpg	https://detail.1688.com/offer/984834645.html
http://b2b.image.yuanlin.com/biz/2012-3/20123291317518733.jpg	http://www.yuanlin.com/b2b/sell_detail_178642.html
http://www.jxsshh.com/upfile/isClass/187910000000.jpg	http://www.jxsshh.com/product.php?tid=39
http://img.312green.com/img/product/29/28188/126904654298.jpg	http://www.sdlvdadi.com/index/6buE6Iqx6bii5bC%2B55uG5qC9566h55CG.html
http://lvpu.net/SuGenHuaHui/HuangHuaYuanWei/pic/HuangHuaYuanWei1.jpg	http://lvpu.net/sugenhuahui/huanghuayuanwei/
http://www.51hm.cn/zwpic/%E9%BB%84%E8%8A%B1%E9%B8%A2%E5%B0%BE2.jpg	http://www.51hm.cn/zw/zwshow.asp?zwid=1999
http://www.huaxianer.com/uploads/allimg/170426/2-1F426153220649.jpg	http://www.huaxianer.com/zhishi/04126.html
http://www.fc312.com/web_manage/manage/wenedit/UploadFile/2015110114021885.JPG	http://www.fc312.com/pro_info.asp?id=1588
http://pic7.nipic.com/20100518/4815875_144431712853_2.jpg	http://www.nipic.com/show/1/44/b597a79ad1c4af65.html
http://b2b.image.yuanlin.com/Biz/2014-4/201404140944593204.jpg	http://shuijyy.yuanlin.com/sell-m841167.html
http://b2b.image.yuanlin.com/Biz/2012-1/2012118157166862.jpg	http://syfchm.yuanlin.com/sell-m166523.html
http://files.b2b.cn/product/ProductImages/2010_08/26/26172934808_b.jpg	http://bydyz.china.b2b.cn/product/product-701549165.htm
http://image.cn.made-in-china.com/prodzip/000-aMCEDHnsAKkW.jpg	http://cn.made-in-china.com/gongying/chenxiaohu1985-eMmxQSKCCXWU.html
http://sygxyl.com/upLoad/product/month_1604/201604181047451323.jpg	http://sygxyl.com/content/?717.html
http://b2b.image.yuanlin.com/Biz/2014-2/201402260926312234.jpg	http://jswomei.yuanlin.com/sell/m801117.html
http://a.img.youboy.com/COImg/2008/10/26/g8762036.jpg?360*300	http://www.youboy.com/s876203.html
http://tu.qt3191.com/allimg/c110627/130916136041V0-10V50.gif	http://www.qt3191.com/shuipeihuahuitupian/54951.html
http://www.cqjcst.com/Private/ProductImg/Small/43132e494ec0109e7aec.jpg	http://www.cqjcst.com/CaseSt/398.html
http://www.lcxw.cn/d/file/news/liaocheng/pic/2014-05-15/3e02d9f08e0fde296693df703a2d7071.jpg	https://m.ltzg.com.cn/news/163480.html
https://cbu01.alicdn.com/img/ibank/2015/870/297/1975792078_1139421759.310x310.jpg	http://www.1688.com/pic/-BBC6BBA8CBAEC9FAF0B0CEB2.html
http://img.007swz.com/cpimg/yiernianshengcaohua/tRKivEjbJZ_1224613383.jpg	http://www.007swz.com/t/%BB%C6%BB%A8%F0%B0%CE%B2
https://cbu01.alicdn.com/img/ibank/2016/388/467/2801764883_286051060.310x310.jpg	https://www.1688.com/pic/-BBC6F0B0CEB2.html
https://cbu01.alicdn.com/img/ibank/2013/781/319/847913187_773142959.310x310.jpg	https://www.1688.com/pic/-BBC6BBA8F0B0CEB2.html
https://gss2.bdstatic.com/-fo3dSag_xI4khGkpoWK1HF6hhy/baike/s%3D220/sign=55fc1f4dfcdcd100c99cff23428a47be/83025aafa40f4bfb95d62b14074f78f0f736186f.jpg	https://baike.baidu.com/item/%E9%BB%84%E8%8A%B1%E9%B8%A2%E5%B0%BE
http://b.blog.xuite.net/b/b/1/1/16081218/blog_562033/txt/23468097/8.jpg	http://blog.xuite.net/ele2dolphin/blog/23468097-%E9%B3%B6%E5%B0%BE%E8%8A%B1
http://img.007swz.com/cpimg/yiernianshengcaohua/JVtG8kIPHr_1253396193.jpg	http://www.007swz.com/t/%BB%C6%BB%A8%F0%B0%CE%B2
http://b2b.image.yuanlin.com/Biz/2014-4/201404140944597181.jpg	http://shuijyy.yuanlin.com/sell-m841167.html
http://img.007swz.com/cpimg/caoping/1kima6KwdK_1243986977.jpg	http://www.007swz.com/t/%BB%C6%BB%A8%F0%B0%CE%B2
https://cbu01.alicdn.com/img/ibank/2014/052/537/1354735250_328821453.310x310.jpg	http://www.1688.com/pic/-BBC6DDC5C6D120F0B0CEB2.html
http://a3.att.hudong.com/03/31/20200000013920144766317927747_s.jpg	http://www.baike.com/wiki/%E9%BB%84%E8%8A%B1%E9%B8%A2%E5%B0%BE
http://img.boqiicdn.com/Data/BK/A/1512/21/imagick99311450682375_y.jpg	http://www.boqii.com/entry/detail/2345.html
http://www.baihuamen.com/d/file/2014/05-28/e88ff3e82724ff746641ab496c4a96bc.jpg	http://www.baihuamen.com/huanghuayuanwei/16799_4.html
http://www.baihuamen.com/d/file/2014/05-28/56deba5c6aaf42028f7ed73b3c58633b.jpg	http://www.baihuamen.com/huanghuayuanwei/16799_7.html
http://www.baihuamen.com/d/file/2014/05-28/5d5ca724a1b1b6c9e4f8f56ca9f929e3.jpg	http://www.baihuamen.com/huanghuayuanwei/16799_16.html
http://img.xunhai.com/2015/11/26/144850917380888.jpg	http://www.xunhai.com/huanghuayuanwei/
http://blog.sciencenet.cn/upload/blog/images/2010/3/201032684217296.jpg	http://blog.sciencenet.cn/blog-273976-306307.html
http://pic119.nipic.com/file/20161229/11528218_141610442000_2.jpg	http://www.nipic.com/show/16413959.html
https://upload.wikimedia.org/wikipedia/commons/thumb/2/29/Iris_wilsonii_136-8340.jpg/220px-Iris_wilsonii_136-8340.jpg	https://zh.wikipedia.org/wiki/%E9%BB%84%E8%8A%B1%E9%B8%A2%E5%B0%BE
https://cbu01.alicdn.com/img/ibank/2011/459/594/288495954_1169870852.400x400.jpg	http://detail.1688.com/offer/946794133.html
http://img.tulaoshi.com/201703/24/c1b586a6af06160f178616a3874d765e.jpg	http://www.tulaoshi.com/huanghuayuanwei/
http://pic119.nipic.com/file/20161229/11528218_141610832000_2.jpg	http://www.nipic.com/show/16413958.html
https://cbu01.alicdn.com/img/ibank/2014/601/066/1666660106_1593731460.310x310.jpg	https://www.1688.com/pic/-F0B0CEB2BBA8D6D6D7D3.html
https://cbu01.alicdn.com/img/ibank/2015/257/053/2341350752_1317279075.220x220.jpg	https://s.1688.com/kq/-BBC6BBA8F0B0CEB2.html
https://www.huabaike.com/uploads/huatuku/20160524/5743fbd14600b.jpg	https://m.huabaike.com/ghzw/47.html
http://img.tulaoshi.com/ueditor/201706/28/74e06b37fd9e2df64f8c2bbe7fb8b1ee.jpg	http://www.tulaoshi.com/n/20170628/2655273.html
http://s1.sinaimg.cn/mw690/001nPxoHzy7bPC1XNyEe0&690	http://blog.sina.com.cn/s/blog_4b984a370102xbom.html
https://www.huabaike.com/uploads/huatuku/20160524/5743fbd23f4fd.jpg	https://m.huabaike.com/ghzw/47.html
http://www.52yhua.com/uploads/allimg/160618/1-16061R22428.jpg	http://m.52yhua.com/caobentp/2621.html
https://cbu01.alicdn.com/img/ibank/2014/400/962/1612269004_328821453.220x220.jpg	https://s.1688.com/kq/-BBC6BBA8F0B0CEB2.html
https://cbu01.alicdn.com/img/ibank/2016/412/100/2778001214_776907178.310x310.jpg	https://www.1688.com/pic/-F0B0CEB2BBA8D6D6D7D3.html
https://cbu01.alicdn.com/img/ibank/2014/945/050/1538050549_421021541.220x220.jpg	https://s.1688.com/kq/-BBC6BBA8F0B0CEB2.html
http://www.baihuamen.com/d/file/2014/05-28/1c2cebe30dc5be3992e13547c97a1fbc.jpg	http://www.baihuamen.com/huanghuayuanwei/16799_14.html
http://pic51.nipic.com/file/20141030/17883218_004209035000_2.jpg	http://www.nipic.com/show/11268486.html
http://pic1.win4000.com/pic/4/6e/3c351337667.jpg_195.jpg	http://www.win4000.com/meinv112021.html
https://cbu01.alicdn.com/img/ibank/2017/533/829/4166928335_1102081960.220x220.jpg	https://s.1688.com/kq/-BBC6BBA8F0B0CEB2.html
http://pic7.nipic.com/20100518/4815875_150036790816_2.jpg	http://www.nipic.com/show/1/44/c3cd39508adf09bf.html
http://www.baihuamen.com/d/file/2014/05-28/937fadc1de5b68a64fa5e68f54ea7102.jpg	http://www.baihuamen.com/huanghuayuanwei/16799_5.html
https://cbu01.alicdn.com/img/ibank/2017/626/714/4111417626_1103009749.310x310.jpg	https://www.1688.com/pic/-BBC6BBA8F0B0CEB2.html
http://img846.ph.126.net/CIY432ZP2IrM2VZ8a0UBGA==/2066026329058516253.jpg	http://shuchonghui.blog.163.com/blog/static/1511563201142064521810
http://www.huayugu.com.cn/uploads/allimg/160818/1-160QR129560-L.jpg	http://www.huayugu.com.cn/huanghuayuanwei/
http://d.pmume.com/file/zwbk/2017-05/d83323f88543fde93377f01a1a63a614.jpg	http://www.pmume.com/zwbk/nn2p2.shtml
http://pic119.nipic.com/file/20161229/11528218_141610738000_2.jpg	http://www.nipic.com/show/16413957.html
http://www.huayugu.com.cn/uploads/allimg/160818/1-160QR12T30-L.jpg	http://www.huayugu.com.cn/huanghuayuanwei/
http://www.baihuamen.com/d/file/2014/05-28/f82ff60ecb2a6e8a9b19ae5dbd2b30e2.jpg	http://www.baihuamen.com/huanghuayuanwei/16799_6.html
http://www.linban.com/upload/2017/05/25/79fcaf6eb9d3f394.jpg	http://www.linban.com/540000/536287.shtml
http://img.redocn.com/sheying/20161029/huanghuaweihua_7354811.jpg	http://sucai.redocn.com/dongwuzhiwu_7354811.html
http://www.yuhuagu.com/uploads/allimg/130217/10-13021H01145.jpg	http://www.yuhuagu.com/ktsh/6252.html
http://www.huayugu.com.cn/uploads/allimg/160818/1-160QR14K30-L.jpg	http://www.huayugu.com.cn/huanghuayuanwei/
http://www.yalinmp.com/UploadFiles/2013-07/admin/2013073111295170869.jpg	http://www.yalinmp.com/Products/Show_53.html
http://www.huayugu.com.cn/uploads/allimg/160818/1-160QR14A50-L.jpg	http://www.huayugu.com.cn/huanghuayuanwei/
https://puui.qpic.cn/qqvideo_ori/0/r0324fukkw4_496_280/0	https://v.qq.com/x/search/?q=%E9%BB%84%E8%8A%B1%E9%B8%A2%E5%B0%BE&stag=txt.playpage.vppdesc
https://gss1.bdstatic.com/9vo3dSag_xI4khGkpoWK1HF6hhy/baike/s%3D220/sign=efc6426aa8af2eddd0f14eebbd110102/574e9258d109b3de054dd804c8bf6c81810a4cef.jpg	https://baike.baidu.com/item/%E5%B0%8F%E9%BB%84%E8%8A%B1%E9%B8%A2%E5%B0%BE
http://www.51hm.cn/zwpic/%E9%BB%84%E8%8A%B1%E9%B8%A2%E5%B0%BE3.jpg	http://www.51hm.cn/zw/zwshow.asp?zwid=1999
https://himg.china.cn/2/3_245_35781_750_750.jpg	https://www.china.cn/qtyuanlinzhiwu/3318603962.html
https://cbu01.alicdn.com/img/ibank/2015/625/448/2298844526_1860499424.310x310.jpg	https://www.1688.com/pic/-BBC6BBA8F0B0CEB2D6D6D7D3.html
http://www.yuhuagu.com/uploads/allimg/130217/10-13021H00Z9.jpg	http://www.yuhuagu.com/ktsh/6252.html
http://www.51hm.cn/zwpic/%E9%BB%84%E8%8A%B1%E9%B8%A2%E5%B0%BE1.jpg	http://www.51hm.cn/zw/zwshow.asp?zwid=1999
http://img.redocn.com/sheying/20151112/huanghuaweiyumifeng_5300587.jpg	http://m.redocn.com/dongwuzhiwu_5300587.html
https://gss0.baidu.com/-4o3dSag_xI4khGko9WTAnF6hhy/zhidao/pic/item/34fae6cd7b899e51cb1a15b045a7d933c9950df9.jpg	https://zhidao.baidu.com/question/649680354578131125.html?qbpn=1_6&fr=newsearchlist&word=%E9%B8%A2%E5%B0%BE%E8%8A%B1%E5%92%8C%E8%8F%96%E8%92%B2%E8%8A%B1%E6%9C%89%E4%BB%80%E4%B9%88%E5%8C%BA%E5%88%AB%EF%BC%9F&tx=autoask&from=qb&uid=FE7BF61B93E809EB8AB4EAE6FEA708B8&step=2
http://img.boqiicdn.com/Data/BK/A/1512/21/imagick80511450679742_y.jpg	http://www.boqii.com/entry/detail/2345.html
https://cbu01.alicdn.com/img/ibank/2014/361/643/1429346163_603014641.310x310.jpg	https://www.1688.com/pic/-BBC6BBA8F0B0CEB2.html
http://b2b.image.yuanlin.com/Biz/2016-9/201609261022185823.jpg	http://tx052783398950.yuanlin.com/sell-m1833327.html
http://images.nongmiao.com/big//trade/2012/09/14/03/14/445633609_596523927.310x310.jpg	http://www.nongmiao.com/zhuotianzy/supplydetail-44422.html
https://cbu01.alicdn.com/img/ibank/2017/426/792/3818297624_1156717368.220x220.jpg	http://www.1688.com/chanpin/-BBC6BBA8F0B0CEB2.html
http://www.baihuamen.com/d/file/2014/05-28/a06da20a14c6c1acd976a2358bc048b6.jpg	http://www.baihuamen.com/huanghuayuanwei/16799_20.html
http://www.baihuamen.com/d/file/2014/05-28/ce08fb4027dd9b879142a7db90c21d4c.jpg	http://www.baihuamen.com/huanghuayuanwei/16799_23.html
http://www.baihuamen.com/d/file/2014/05-28/10af4364a3a065c0bf646a1aae2a609f.jpg	http://www.baihuamen.com/huanghuayuanwei/16799_10.html
http://www.baihuamen.com/d/file/2014/05-28/5c980f9fbd28a3454faac39bd26ad22a.jpg	http://www.baihuamen.com/huanghuayuanwei/16799_19.html
https://cbu01.alicdn.com/img/ibank/2016/075/588/3366885570_2115142598.220x220.jpg	http://www.1688.com/chanpin/-BBC6BBA8F0B0CEB2.html
http://www.yuhuagu.com/uploads/allimg/130217/10-13021H01133.jpg	http://www.yuhuagu.com/ktsh/6252.html
http://s10.sinaimg.cn/mw690/001nPxoHzy7bPC6DQzT29&690	http://blog.sina.com.cn/s/blog_4b984a370102xbom.html
http://www.baihuamen.com/d/file/2014/05-28/daf16b2f225f65651c21a207e10f6513.jpg	http://www.baihuamen.com/huanghuayuanwei/16799_9.html
http://www.baihuamen.com/d/file/2014/05-28/ac2367accd1159aa09c2fc3a833b5391.jpg	http://www.baihuamen.com/huanghuayuanwei/16799_15.html
