
http://pic6.nipic.com/20100315/3643381_222905065100_2.jpg	http://www.nipic.com/zhuanti/653591.html
http://a0.att.hudong.com/24/06/01300000178518123959068680530_s.jpg	http://www.baike.com/wiki/%E5%8F%B6%E5%AD%90%E8%8A%B1
http://pic1.nipic.com/2008-10-22/2008102210558841_2.jpg	http://www.nipic.com/show/1/44/d0863b31f327dd1b.html
http://www.huacaoshumu.net/attached/tupian/Y19/20140407-3.jpg	http://www.huacaoshumu.net/zhiwu/yezihua.php
http://www.baihuamen.com/d/file/2014/05-18/63ba998cd4ecd91dd31fc6966ee29073.jpg	http://www.baihuamen.com/yezihua/
http://jpkc2.yangtzeu.edu.cn:8080/upload/users/lqj/%E5%8F%B6%E5%AD%90%E8%8A%B1/%E5%8F%B6%E5%AD%90%E8%8A%B17.jpg	http://jpkc2.yangtzeu.edu.cn:8080/upload/users/lqj/%E5%8F%B6%E5%AD%90%E8%8A%B1/
http://pic.nipic.com/2007-12-27/2007122719324490_2.jpg	http://www.nipic.com/show/1/47/f06e96b4790a2bc5.html
http://a0.att.hudong.com/43/22/300000764046131727226202221_s.jpg	http://www.baike.com/wiki/%E5%8F%B6%E5%AD%90%E8%8A%B1
http://www.wed114.cn/jiehun/uploads/allimg/c170419/14925B50X4110-U0H.jpg	http://www.wed114.cn/jiehun/zhiwu/20170419178850.html
http://pic5.nipic.com/20091215/3978584_104524024617_2.jpg	http://www.nipic.com/show/1/47/c61276a6cf0c65df.html
http://dasouji.com/wp-content/uploads/2016/05/%E5%8F%B6%E5%AD%90%E8%8A%B1-17.jpg	http://dasouji.com/archives/78599
http://www.baihuamen.com/d/file/2014/05-18/d86c4f6ca781dc54427034a289b000a6.jpg	http://www.baihuamen.com/yezihua/
http://a0.att.hudong.com/82/05/01300000178518123959059905683_s.jpg	http://www.baike.com/wiki/%E5%8F%B6%E5%AD%90%E8%8A%B1
http://a0.att.hudong.com/24/05/01300000178518123959057504118_s.jpg	http://www.baike.com/wiki/%E5%8F%B6%E5%AD%90%E8%8A%B1
http://wap.yunmencraft.com/Upload/20160411003040tzAw.jpg	http://wap.yunmencraft.com/index.php/wap/sanjiaomei/4528.html?wxref=mp.weixin.qq.com
http://img.boqiicdn.com/Data/BK/A/1511/4/imagick48901446620997_y.jpg	http://www.boqii.com/article/24691.html
https://upload.wikimedia.org/wikipedia/commons/thumb/f/f8/Starr_030418-0058_Bougainvillea_spectabilis.jpg/250px-Starr_030418-0058_Bougainvillea_spectabilis.jpg	https://zh.wikipedia.org/wiki/%E5%8F%B6%E5%AD%90%E8%8A%B1
http://www.mihuyuan.com/pics/middle/20150702/1435843952631491.jpg	http://www.mihuyuan.com/guidedetail.do?guide_id=1435844004676495
http://pic13.nipic.com/20110409/402300_141416298152_2.jpg	http://www.nipic.com/show/1/44/4439644ke1f206e8.html
http://www.baihuamen.com/d/file/2014/05-28/924fe81441c44eacd96557cb82ab938d.jpg	http://www.baihuamen.com/guangyezihua/16843_4.html
http://www.chantuguan.com/ueditor/php/upload/image/20170510/1494403157126857.jpg	http://www.chantuguan.com/baike/485.html
http://www.51hm.cn/zwpic/%E5%8F%B6%E5%AD%90%E8%8A%B11.jpg	http://www.51hm.cn/zw/default.asp?sm=%D2%B6%D7%D3%BB%A8%CA%F4
http://a1.att.hudong.com/17/08/01300000178518123959084948271_s.jpg	http://www.baike.com/wiki/%E5%8F%B6%E5%AD%90%E8%8A%B1
http://www.51hm.cn/zwpic/%E5%85%89%E5%8F%B6%E5%AD%90%E8%8A%B12.jpg	http://www.51hm.cn/zw/zwshow.asp?zwid=2260
http://img.boqiicdn.com/Data/BK/A/1511/4/imagick15021446620963_y.jpg	http://www.boqii.com/article/24691.html
http://www.baihuamen.com/d/file/2014/05-18/15c45f02cff13180259ffc1b4c533705.jpg	http://www.baihuamen.com/yezihua/
http://www.baihuamen.com/d/file/2014/05-18/82230eec0a1a3fac9e12a309aa0fc65b.jpg	http://www.baihuamen.com/yezihua/
http://pic40.nipic.com/20140412/18446778_142825406143_2.jpg	http://www.nipic.com/show/10101494.html
http://www.52yhua.com/uploads/allimg/160403/1-160403223444.jpg	http://m.52yhua.com/tengbentp/2156.html
http://img.wkgoto.com/upload/0/de/0de53814462ca914fd25cc2f4ba527a1.jpg	http://www.wkgoto.com/i/1136268.html
http://521.yn.cn/UploadFiles/User/2/201110/2011102020234372994.jpg	http://521.yn.cn/html/gnjj_1165_377.html
http://a1.att.hudong.com/20/14/01300001184158130337143476588_s.jpg	http://www.baike.com/wiki/%E5%8F%B6%E5%AD%90%E8%8A%B1
http://www.cnhua.net/uploads/allimg/090602/20293S407-0.JPG	http://www.cnhua.net/zhiwu/zimolike/guangyezihua/74969821006800.html
http://www.baihuamen.com/d/file/2014/05-18/ee49efaa02481fad033c9bad4a32240b.jpg	http://www.baihuamen.com/yezihua/
https://cdn.pixabay.com/photo/2014/07/21/14/54/bougainvillea-glabra-398669_960_720.jpg	https://pixabay.com/zh/%E5%8F%B6%E5%AD%90%E8%8A%B1-%E8%8A%B1-%E5%B0%8F%E5%8F%B6%E5%AD%90-%E7%BA%B8%E8%8A%B1%E5%8D%89-%E7%B2%89%E7%BA%A2%E8%89%B2-%E5%8F%B6%E5%AD%90-%E6%A4%8D%E7%89%A9-%E7%9B%9B%E5%BC%80-%E8%8A%B1%E5%9B%AD-398669/
http://map1.zw3e.com:8080/zw_news_map/200/2014101/1412249878073133514.jpg	http://www.zw3e.com/see/f528i96.html
https://thumbs.dreamstime.com/z/%E8%87%AA%E7%84%B6%E5%8F%B6%E5%AD%90%E8%8A%B1%E8%83%8C%E6%99%AF-55195739.jpg	https://cn.dreamstime.com/%E5%BA%93%E5%AD%98%E7%85%A7%E7%89%87-%E8%87%AA%E7%84%B6%E5%8F%B6%E5%AD%90%E8%8A%B1%E8%83%8C%E6%99%AF-image55195739
https://cdn.pixabay.com/photo/2014/06/11/20/43/leaf-367059_960_720.jpg	https://pixabay.com/zh/%E5%8F%B6-%E9%94%90%E5%BA%A6-%E5%A4%8F%E5%A4%A9-%E8%8A%B1%E5%9B%AD-%E6%A4%8D%E7%89%A9-%E7%BB%BF%E8%89%B2-%E8%8A%B1-%E5%8F%B6%E5%AD%90-%E8%8A%B1%E7%9B%86-%E7%9B%86%E6%A0%BD-367059/
http://www.huamu.cn/picture/2010051916494840.jpg	http://www.huamu.cn/cptp/picture_11775.html
https://upload.wikimedia.org/wikipedia/commons/thumb/5/5c/BougainvilleaGlabra.jpg/220px-BougainvilleaGlabra.jpg	https://zh.wikipedia.org/wiki/%E5%85%89%E5%8F%B6%E5%AD%90%E8%8A%B1
http://www.52yhua.com/uploads/allimg/160403/1-160403223958.jpg	http://www.52yhua.com/jishu/2158.html
http://www.52yhua.com/uploads/allimg/160403/1-160403223953.jpg	http://www.52yhua.com/jishu/2158.html
http://img.pconline.com.cn/images/upload/upc/tx/photoblog/1104/04/c5/7208488_7208488_1301908166147.jpg	http://dp.pconline.com.cn/sphoto/2064432.html
http://jpkc2.yangtzeu.edu.cn:8080/upload/users/lqj/%E5%8F%B6%E5%AD%90%E8%8A%B1/%E5%8F%B6%E5%AD%90%E8%8A%B12.jpg	http://jpkc2.yangtzeu.edu.cn:8080/upload/users/lqj/%E5%8F%B6%E5%AD%90%E8%8A%B1/
http://s10.sinaimg.cn/mw690/001oBarhzy78rZ80CH7a9&690	http://blog.sina.com.cn/s/blog_4c457ffb0102wp9e.html
http://images.freeimages.com/images/premium/previews/3742/37420678-bougainvillea.jpg	http://cn.freeimages.com/premium/bougainvillea-1682986
http://www.chantuguan.com/ueditor/php/upload/image/20170510/1494404429491207.jpg	http://www.chantuguan.com/baike/487.html
https://cdn.pixabay.com/photo/2017/04/26/18/03/pink-flower-2263216_960_720.jpg	https://pixabay.com/zh/%E7%B2%89%E7%BA%A2%E8%89%B2%E7%9A%84%E8%8A%B1-%E8%8A%B1-%E5%8F%B6%E5%AD%90-%E8%8A%B1%E7%9A%84-%E6%A4%8D%E7%89%A9-2263216/
http://pic4.55jia.net/fengshuizhiwu/33/a370514.jpg	http://www.55jia.net/75/331943.html
http://www.52yhua.com/uploads/allimg/170508/1-1F50R13U9.jpg	http://www.52yhua.com/mubentp/7280.html
http://www.52yhua.com/uploads/allimg/170508/1-1F50R13Z3.jpg	http://www.52yhua.com/mubentp/7280.html
https://img.alicdn.com/bao/uploaded/i3/TB1rZ6KSpXXXXbxXVXXXXXXXXXX_!!0-item_pic.jpg_b.jpg	https://www.tmall.com/mlist/cp_0rbX07uot8LV5ruozNk.html
http://www.52yhua.com/uploads/allimg/170508/1-1F50R13Z1.jpg	http://www.52yhua.com/mubentp/7280.html
http://www.chantuguan.com/ueditor/php/upload/image/20170510/1494405940141746.jpg	http://www.chantuguan.com/baike/488.html
http://www.52yhua.com/uploads/allimg/170508/1-1F50R13U7.jpg	http://www.52yhua.com/mubentp/7280.html
http://map1.zw3e.com:8080/zw_news_map/550/2014101/1412313627353268471.jpg	http://www.zw3e.com/see/f528i96.html
https://st2.depositphotos.com/2949381/10535/i/950/depositphotos_105353804-stock-photo-bougainvillea-beautiful-colorful-flowers.jpg	http://cn.depositphotos.com/105353804/stock-photo-bougainvillea-beautiful-colorful-flowers.html
https://cdn.pixabay.com/photo/2016/08/17/21/31/rose-hip-1601559_960_720.jpg	https://pixabay.com/zh/%E7%8E%AB%E7%91%B0%E6%9E%9C-%E5%8E%82-%E6%80%A7%E8%B4%A8-%E6%B0%B4%E6%9E%9C-%E7%BA%A2%E8%89%B2-%E9%87%8E%E7%94%9F%E7%8E%AB%E7%91%B0-%E5%8F%B6%E5%AD%90-%E8%8A%B1-1601559/
https://img.alicdn.com/bao/uploaded/i3/TB1M_AoQXXXXXaiapXXXXXXXXXX_!!0-item_pic.jpg_b.jpg	https://www.tmall.com/mlist/cp_0rbX07uot8LV5ruozNk.html
http://www.51hm.cn/zwpic/%E5%8F%B6%E5%AD%90%E8%8A%B12.jpg	http://www.51hm.cn/zw/zwshow.asp?zwid=2262
http://p9.pstatp.com/large/71f0003e14f247741b3?123.jpg	http://m.dian321.com/lvyou/1005832.html
http://www.chantuguan.com/ueditor/php/upload/image/20170510/1494404435138398.jpg	http://www.chantuguan.com/baike/487.html
http://www.1988.tv/Upload_Map/2017nian/4/13/2017-04-13-08-54-36.jpg	http://www.1988.tv/baike/feiliao/26168
https://static9.depositphotos.com/1177973/1135/i/950/depositphotos_11359746-stock-photo-purple-bougainvillea-flower-close-up.jpg	https://cn.depositphotos.com/11359746/stock-photo-purple-bougainvillea-flower-close-up.html
http://pic.qiantucdn.com/01/21/06/62bOOOPIC3b.jpg!qt290	http://www.58pic.com/tupian/lvseyezihua.html
http://img95.699pic.com/photo/00043/0858.jpg_wh300.jpg	http://699pic.com/tupian/130343.html
http://www.1nongjing.com/uploads/allimg/170422/1856-1F422154020223.jpg	http://net.1nongjing.com/a/201704/176988.html
https://thumbs.dreamstime.com/z/%E8%BE%A3%E6%9C%A8%E7%A7%91%E5%8F%B6%E5%AD%90%EF%BC%8C%E8%8A%B1-74575417.jpg	https://cn.dreamstime.com/%E5%BA%93%E5%AD%98%E7%85%A7%E7%89%87-%E8%BE%A3%E6%9C%A8%E7%A7%91%E5%8F%B6%E5%AD%90%EF%BC%8C%E8%8A%B1-image74575417
http://www.baihuamen.com/d/file/2014/05-28/713c44d834f4736807382d4cdec99160.jpg	http://www.baihuamen.com/guangyezihua/
http://pic.nipic.com/2007-11-20/200711207545537_2.jpg	http://www.nipic.com/show/2/43/6ee3084b777a6b89.html
http://pic84.nipic.com/file/20151202/22104107_004426845000_2.jpg	http://www.nipic.com/show/13790845.html
https://st.depositphotos.com/1021541/3844/i/950/depositphotos_38443629-stock-photo-purple-bougainvillea-shrub.jpg	https://cn.depositphotos.com/38443629/stock-photo-purple-bougainvillea-shrub.html
https://cdn.pixabay.com/photo/2014/07/04/23/25/bougainvillea-384307_960_720.jpg	https://pixabay.com/zh/%E5%8F%B6%E5%AD%90%E8%8A%B1-%E4%B8%B0%E5%AF%8C%E5%A4%9A%E5%BD%A9-%E8%9D%B4%E8%9D%B6-%E5%9B%BD%E5%90%9B-%E8%9D%B4%E8%9D%B6-danaus-plexippus-384307/
http://map1.zw3e.com:8080/zw_news_map/550/2014101/1412310250622067187.jpg	http://www.zw3e.com/see/f528i68.html
http://www.52yhua.com/uploads/allimg/160403/1-160403223955.jpg	http://www.52yhua.com/jishu/2158.html
https://cdn.pixabay.com/photo/2017/06/10/08/58/split-2389364_960_720.jpg	https://pixabay.com/zh/%E6%8B%86%E5%88%86-%E5%8F%B6-%E8%94%93-%E7%83%AD%E5%B8%A6-%E5%8F%B6%E5%AD%90-%E8%8A%B1%E7%9A%84-2389364/
https://st.depositphotos.com/1752925/1260/i/950/depositphotos_12603360-stock-photo-bougainvillea.jpg	https://cn.depositphotos.com/12603360/stock-photo-bougainvillea.html
https://st.depositphotos.com/1098722/1367/i/950/depositphotos_13670966-stock-photo-pink-bougainvillea-paper-flower.jpg	http://cn.depositphotos.com/13670966/stock-photo-pink-bougainvillea-paper-flower.html
https://cdn.pixabay.com/photo/2017/06/25/23/00/bougainvillea-2442266_960_720.jpg	https://pixabay.com/zh/%E5%8F%B6%E5%AD%90%E8%8A%B1-%E5%B8%83%E5%B9%B2%E7%BB%B4%E5%B0%94-%E4%B8%89%E6%9C%B5%E8%8A%B1-4-%E4%B8%8A%E5%8D%88%E6%A4%8D%E7%89%A9-%E7%B4%AB-%E8%8A%B1-%E5%BC%80%E8%8A%B1-%E5%85%B3%E9%97%AD-2442266/
http://www.neipet.com/wp-content/uploads/2016/06/%E5%8F%B6%E5%AD%90%E8%8A%B1.png	http://www.neipet.com/plant/25686.html
https://img.alicdn.com/bao/uploaded/i2/TB1WaGlQXXXXXbqapXXXXXXXXXX_!!0-item_pic.jpg_b.jpg	https://www.tmall.com/mlist/cp_0rbX07uow7W55buo.html
http://img.supfree.net/zhongyao/images/10187_2.jpg	http://zhongyao.m.supfree.net/hao.asp?id=%D2%B6%D7%D3%BB%A8
https://thumbs.dreamstime.com/z/%E5%8F%B6%E5%AD%90%E8%8A%B1maranta%E5%AE%8F%E6%8C%87-47208588.jpg	https://cn.dreamstime.com/%E5%BA%93%E5%AD%98%E7%85%A7%E7%89%87-%E5%8F%B6%E5%AD%90%E8%8A%B1maranta-image47208568
http://st2.depositphotos.com/3850449/12434/i/950/depositphotos_124345588-stock-photo-red-pepper-and-flower-with.jpg	http://cn.depositphotos.com/124345588/stock-photo-red-pepper-and-flower-with.html
http://pic4.55jia.net/fengshuizhiwu/43/a370544.jpg	http://www.55jia.net/75/331943.html
https://thumbs.dreamstime.com/z/%E8%BE%A3%E6%9C%A8%E7%A7%91%E5%8F%B6%E5%AD%90%EF%BC%8C%E8%8A%B1-74575066.jpg	https://cn.dreamstime.com/%E5%BA%93%E5%AD%98%E7%85%A7%E7%89%87-%E8%BE%A3%E6%9C%A8%E7%A7%91%E5%8F%B6%E5%AD%90%EF%BC%8C%E8%8A%B1-image74575066
https://st.depositphotos.com/2101611/3597/i/950/depositphotos_35971073-stock-photo-pink-bougainvillea-or-paper-flower.jpg	https://cn.depositphotos.com/35971073/stock-photo-pink-bougainvillea-or-paper-flower.html
http://pic1.win4000.com/pic/9/7d/18ea1344354.jpg	http://www.win4000.com/meinv112661.html
http://s2.sinaimg.cn/mw690/001sXXrFzy75k2nhh5fb1&690	http://blog.sina.com.cn/s/blog_501e41670102wr5b.html
https://cdn.pixabay.com/photo/2016/07/13/18/35/hydrangea-changing-color-1515125_960_720.jpg	https://pixabay.com/zh/%E7%BB%A3%E7%90%83%E5%8F%98%E8%89%B2-%E5%8F%B6%E5%AD%90-%E8%8A%B1-%E5%BC%80%E8%8A%B1-%E7%9B%9B%E5%BC%80-%E7%81%8C%E6%9C%A8-%E6%A4%8D%E7%89%A9-%E8%87%AA%E7%84%B6-%E8%8A%B1%E5%9B%AD-1515125/
http://pic1.win4000.com/pic/9/7d/18ea1344355.jpg_195.jpg	http://www.win4000.com/meinv112661.html
https://thumbs.dreamstime.com/z/%E6%97%A0%E7%BC%9D%E7%9A%84%E6%A0%B7%E5%BC%8F-%E5%8F%B6%E7%83%AD%E5%B8%A6%E5%8F%B6%E5%AD%90%E8%8A%B1-86120818.jpg	https://cn.dreamstime.com/%E5%BA%93%E5%AD%98%E4%BE%8B%E8%AF%81-%E6%97%A0%E7%BC%9D%E7%9A%84%E6%A0%B7%E5%BC%8F-%E5%8F%B6%E7%83%AD%E5%B8%A6%E5%8F%B6%E5%AD%90%E8%8A%B1-image86120818
http://image81.360doc.com/DownloadImg/2015/01/3120/49706960_1.jpg	http://www.360doc.com/content/15/0131/20/16967035_445311369.shtml
http://www.zhiwutong.com/tu/cvh/2006/6/3/170132.jpg	http://www.zhiwutong.com/latin/Nyctaginaceae/Bougainvillea-spectabilis-Willd.htm
https://st2.depositphotos.com/3625851/8600/i/950/depositphotos_86009342-stock-photo-pink-and-white-bougainvillea-flower.jpg	http://cn.depositphotos.com/86009342/stock-photo-pink-and-white-bougainvillea-flower.html
http://img.boqiicdn.com/Data/BK/A/1601/7/imagick13451452138226_y.jpg	http://www.boqii.com/entry/detail/2402.html
https://static8.depositphotos.com/1003529/951/i/950/depositphotos_9512015-stock-photo-bougainvillea.jpg	http://cn.depositphotos.com/9512015/stock-photo-bougainvillea.html
http://www.hua-chi.com/zb_users/upload/2017/03/201703131489412595836042.jpg	http://www.hua-chi.com/post/29.html
http://pic102.nipic.com/file/20160528/7805146_153814653000_2.jpg	http://www.nipic.com/show/15140287.html
http://s15.sinaimg.cn/mw690/001oBarhzy78rZ85FP87e&690	http://blog.sina.com.cn/s/blog_4c457ffb0102wp9e.html
