
http://img.bimg.126.net/photo/dzC8u1YGqiClafk2lSqKUg==/3114239142329382954.jpg	http://tsui.fl.blog.163.com/blog/static/47969685201022504425837/
http://a2.att.hudong.com/68/48/01300001128119145621485654256_s.jpg	http://www.baike.com/wiki/%E8%8A%B1%E6%AF%9B%E8%8E%A8
http://img.boqiicdn.com/Data/BK/P/imagick44761445592221.jpg	http://m.boqii.com/entry/detail/2145.html
http://pic.nipic.com/2008-03-18/2008318183931142_2.jpg	http://www.nipic.com/show/1/44/9ee793ee0e80a5f0.html
http://hua36.com/tupian/huamaoliang/1.jpg	http://hua36.com/huahui/qiugenhuahui/342.html
http://www.baihuamen.com/d/file/2014/05-16/d015c891ae847820998f60ff4d82f260.jpg	http://www.baihuamen.com/huamaogen/
http://www.baihuamen.com/d/file/2014/05-16/3e67bd5b90ed13bdf52e0d2698f5b3cc.jpg	http://www.baihuamen.com/huamaogen/
http://pic.nipic.com/2008-03-18/2008318184317686_2.jpg	http://www.nipic.com/show/1/44/05a25e596ef94725.html
http://www.hiyuezhi.com/Public/Upload/Images/Course/2015-03-24/5510c63a9abc6.jpg	http://www.hiyuezhi.com/coursedetail/174.html
http://a0.att.hudong.com/08/58/01200000307188118095877911908_s.jpg	http://www.baike.com/wiki/%E8%8A%B1%E6%AF%9B%E8%8E%A8
http://a3.att.hudong.com/88/48/01300001128119145621487045156_s.jpg	http://www.baike.com/wiki/%E8%8A%B1%E6%AF%9B%E8%8E%A8
http://www.baihuamen.com/d/file/2014/05-16/1f24eb317ad430cebfa62cd177ce0e38.jpg	http://www.baihuamen.com/huamaogen/
http://www.hortiflorexpo.com/cms_upload/20151019/20151019093908_529.png	http://www.hortiflorexpo.com/huahui/1172.html
http://www.neipet.com/wp-content/uploads/2016/07/huamaolang.png	http://www.neipet.com/plant/28142.html
http://pic.nipic.com/2008-03-18/200831818414160_2.jpg	http://www.nipic.com/show/1/44/f486aff07d8f6755.html
http://img617.ph.126.net/xeKSDOK4jdEt5ZJqaqNj-w==/1903052317542287079.jpg	http://bd1560.blog.163.com/blog/static/8316372010629112753559/
http://img.xunhai.com/2015/12/01/144893301490527.jpg	http://www.xunhai.com/huamaolang/2015/1201/9102.html
http://pic.nipic.com/2008-04-15/2008415222134380_2.jpg	http://www.nipic.com/show/1/44/32dd00a4524022c8.html
https://www.huabaike.com/uploads/allimg/artimg/201701/20170110152642_69565.jpg	https://www.huabaike.com/hyjk/6719.html
http://img2.ph.126.net/8ASvlFLt6l554DPoMDeVgg==/6598245144588378335.jpg	http://bbs.home.163.com/thread/hcyy-371976495-1%7C1txlZ.html
http://www.baihuamen.com/d/file/2014/05-16/a263ff04aa285498b663521e22a71b4e.jpg	http://www.baihuamen.com/huamaogen/
http://img05.tooopen.com/images/20140703/sy_64396782955.jpg	http://www.tooopen.com/view/643967.html
http://img.niwota.com/album/images/2006-08-09/28847380.jpg	http://www.niwota.com/submsg/465156
http://img.boqiicdn.com/Data/BK/A/1604/13/imagick86181460532830_y.jpg	http://www.boqii.com/article/27181.html
http://img.niwota.com/album/images/2006-08-09/28846881.jpg	http://www.niwota.com/submsg/465156
https://img1.doubanio.com/lpic/s27217437.jpg	https://www.douban.com/subject/21330086/
http://www.baihuamen.com/d/file/2014/05-16/846ff0c049eecdee9d2e4342a33c5e5a.jpg	http://www.baihuamen.com/huamaogen/14339_17.html
http://zw3wmap1.zw3e.com:8080/zw_news_map/350/2014052/1400066600985027373.jpg	http://www.zw3e.com/bk/guanhuazhiwu/wbhei.html
http://a2.att.hudong.com/25/49/01300001128119145621498604547_s.jpg	http://www.baike.com/wiki/%E8%8A%B1%E6%AF%9B%E8%8E%A8
http://g-search1.alicdn.com/bao/uploaded/i4/TB1HeYrJFXXXXbtXXXXXXXXXXXX_!!2-item_pic.png	http://tw.taobao.com/product/%E8%8A%B1%E6%AF%9B%E8%8E%A8%E7%A8%AE%E7%90%83.htm
http://www.52yhua.com/uploads/allimg/161019/1-161019221125.jpg	http://www.52yhua.com/jishu/5969.html
http://img.ph.126.net/eyiMYDGrmJ1gUzd-LBA0ug==/3257228430496408405.jpg	http://tsui.fl.blog.163.com/blog/static/47969685201022504425837/
http://www.baihuamen.com/d/file/2014/05-13/1800e0f313b6069dba0377c9c7a91556.jpg	http://www.baihuamen.com/huamaogen/
http://image9.360doc.com/DownloadImg/2010/05/1318/3188765_1.jpg	http://www.360doc.com/content/10/0513/18/959356_27432299.shtml
https://img5.yxlady.com/Flowers/UploadFiles_9965/20161110/20161110140503238.jpg	https://life.yxlady.com/Flowers/201611/491893.shtml
http://a4.att.hudong.com/71/97/20300542526396139971970505343_s.jpg	http://www.baike.com/wiki/%E8%8A%B1%E6%AF%9B%E8%8C%9B
http://image.tupian114.com/20121203/14114101.jpg	http://www.tupian114.com/photo_2530837.html
http://i2.w.yun.hjfile.cn/slide/201403/%E6%AF%9B%E8%8E%A8%E8%8A%B11950681670.jpg	https://m.hujiang.com/jp/p579746/
https://cbu01.alicdn.com/img/ibank/2016/377/811/2778118773_680297870.220x220.jpg	https://s.1688.com/kq/-BBA8C3ABDDB9.html
http://img.niwota.com/album/images/2006-08-09/28846839.jpg	http://www.niwota.com/submsg/465156
https://b-ssl.duitang.com/uploads/item/201203/26/20120326102141_jmzfN.thumb.700_0.jpeg	http://www.duitang.com/blog/?id=112850676
http://a1.att.hudong.com/53/23/01300000201199122361235176560.jpg	http://www.baike.com/wiki/%E8%8A%B1%E6%AF%9B%E8%8C%9B
http://www.rensheng2.com/upload/2017/06/12/53cb36d2c35fe86f.jpg	http://www.rensheng2.com/1780000/1777364.shtml
https://tc.sinaimg.cn/maxwidth.800/tc.service.weibo.com/mmbiz_qlogo_cn/7b2fa66658e62b28884a52e639e73a65.jpg	http://weibo.com/ttarticle/p/show?id=2309403953583686070021&mod=zwenzhang?comment=1
http://www.01bar.net/upfiles/project/06191855_%E8%8A%B1%E6%AF%9B%E8%8E%A8.jpg	http://www.01bar.net/pageinfo_237_15283_40606.html
http://img4.114pifa.com/5593/Dp0EFtXdw_1412834028.jpg	http://www.114pifa.com/tagsc/%BB%A8%C3%AB%DD%B9%D6%D6%C7%F2
http://hbimg.b0.upaiyun.com/5d5dffc5376fbebb5d20bc3ab680b71c7d9b3d182489a-i0VYAD_fw236	http://huaban.com/boards/13416795/
http://img181.poco.cn/mypoco/myphoto/20110402/08/557153072011040208503501.jpg	http://www.eilier.com/diy-craft/diy%EF%BC%9A%E8%8A%B1%E6%AF%9B%E8%8E%A8%E9%9B%AA%E7%B3%95%E6%9D%AF%E6%8F%92%E8%8A%B1%E5%B0%8F%E5%93%81/
http://img.zwbk.org/baike/spic/2011/08/02/20110802041948844_3714.jpg	http://www.zwbk.org/MyLemmaShow.aspx?lid=198799
http://www.pjcn.org/uploads/allimg/1611/1-161130220635116.jpg	http://www.pjcn.org/hg/2945/
https://gw.alicdn.com/bao/uploaded/i2/792882087/TB28s_pv84lpuFjy1zjXXcAKpXa_!!792882087.jpg_230x230.jpg	https://www.taobao.com/article/DxCTFfCWC1DWDcGZ.html
https://gw.alicdn.com/bao/uploaded/i3/2250078047/TB2ZwjOvxdkpuFjy0FbXXaNnpXa_!!2250078047.jpg_230x230.jpg	https://www.taobao.com/article/EGDXDkCkFGGFB0AK.html
http://www.chinabaike.com/article/396/hm/2008/20080318/mm/img/200831912404110977801.jpg	http://www.chinabaike.com/article/396/hm/2008/200803191201997.html
https://thumbs.dreamstime.com/z/%E8%89%B2%E6%AF%9B%E8%8C%9B%E5%B1%9E%E8%8A%B1%EF%BC%8C%E6%AF%9B%E8%8E%A8%E7%A7%91%E5%AE%B6%E5%BA%AD-90144084.jpg	https://cn.dreamstime.com/%E5%BA%93%E5%AD%98%E7%85%A7%E7%89%87-%E8%89%B2%E6%AF%9B%E8%8C%9B%E5%B1%9E%E8%8A%B1%EF%BC%8C%E6%AF%9B%E8%8E%A8%E7%A7%91%E5%AE%B6%E5%BA%AD-image90144084
http://www.pjcn.org/uploads/allimg/1611/1-161130215T2131-lp.jpg	http://www.pjcn.org/hg/2945/
http://img.boqiicdn.com/Data/BK/A/1604/14/imagick73891460622171_y.jpg	http://www.boqii.com/article/27214.html
http://www.fansimg.com/forum/201405/02/151431qws5sz0ez335gegg.jpg	http://bbs.photofans.cn/blog-362376-110112.html
http://www.gdspeedling.cn/upload/201303/m_20130328154055856.jpg	http://www.gdspeedling.cn/?p=40&a=view&r=215
http://www.baihuamen.com/d/file/2014/05-16/adec0f06c8663175fff4a3e6772e6953.jpg	http://www.baihuamen.com/huamaogen/14339.html
http://img.sc115.com/uploads/sc/jpgs/1503/apic9866_sc115.com.jpg	http://m.sc115.com/tupian/402962.html
http://www.pjcn.org/uploads/allimg/1611/1-161130215359D5.jpg	http://www.pjcn.org/hg/2945/
http://www.baihuajian.com/uploads/201511/1447851674357jmC4M.jpg	http://www.baihuajian.com/doc-view-385.html
http://www.pjcn.org/uploads/allimg/1703/1-1F3041110403P.jpg	http://www.pjcn.org/hy/3716/
https://thumbs.dreamstime.com/z/%E6%B7%B1%E7%BA%A2%E6%AF%9B%E8%8C%9B%E5%B1%9E%E8%8A%B1%EF%BC%8C%E6%AF%9B%E8%8E%A8%E7%A7%91%E5%AE%B6%E5%BA%AD-90143782.jpg	https://cn.dreamstime.com/%E5%BA%93%E5%AD%98%E7%85%A7%E7%89%87-%E7%BA%A2%E8%89%B2%E6%AF%9B%E8%8C%9B%E5%B1%9E%E8%8A%B1%EF%BC%8C%E6%AF%9B%E8%8E%A8%E7%A7%91%E5%AE%B6%E5%BA%AD-%E5%8C%85%E6%8B%AC%E6%AF%9B%E8%8C%9B%E3%80%81spearworts%E5%92%8C-%E6%AF%9B%E8%8E%A8-image67893055
http://www.baihuamen.com/d/file/2014/05-16/e0efa1e23b09396dec37c7e61c12c691.jpg	http://www.baihuamen.com/huamaogen/14339_11.html
http://1813.img.pp.sohu.com.cn/images/2009/5/2/20/14/121acdd823cg215.jpg	http://mingtianbi.blog.sohu.com/115534101.html
https://thumbs.dreamstime.com/z/%E6%B7%B1%E7%BA%A2%E6%AF%9B%E8%8C%9B%E5%B1%9E%E8%8A%B1%EF%BC%8C%E6%AF%9B%E8%8E%A8%E7%A7%91%E5%AE%B6%E5%BA%AD-90143731.jpg	https://cn.dreamstime.com/%E5%BA%93%E5%AD%98%E7%85%A7%E7%89%87-%E6%B7%B1%E7%BA%A2%E6%AF%9B%E8%8C%9B%E5%B1%9E%E8%8A%B1%EF%BC%8C%E6%AF%9B%E8%8E%A8%E7%A7%91%E5%AE%B6%E5%BA%AD-image90143731
http://img.boqiicdn.com/Data/BK/A/1510/23/imagick90181445569742_y.jpg	http://m.boqii.com/entry/detail/2145.html
http://p.d1xz.net/2014/6/25/173495489548.jpg	http://www.d1xz.net/astro/huayu/art54484.aspx
https://thumbs.dreamstime.com/z/%E7%BA%A2%E8%89%B2%E6%AF%9B%E8%8C%9B%E5%B1%9E%E8%8A%B1%EF%BC%8C%E6%AF%9B%E8%8E%A8%E7%A7%91%E5%AE%B6%E5%BA%AD-%E5%8C%85%E6%8B%AC%E6%AF%9B%E8%8C%9B%E3%80%81spearworts%E5%92%8C-%E6%AF%9B%E8%8E%A8-67893046.jpg	https://cn.dreamstime.com/%E5%BA%93%E5%AD%98%E7%85%A7%E7%89%87-%E7%BA%A2%E8%89%B2%E6%AF%9B%E8%8C%9B%E5%B1%9E%E8%8A%B1%EF%BC%8C%E6%AF%9B%E8%8E%A8%E7%A7%91%E5%AE%B6%E5%BA%AD-%E5%8C%85%E6%8B%AC%E6%AF%9B%E8%8C%9B%E3%80%81spearworts%E5%92%8C-%E6%AF%9B%E8%8E%A8-image67893055
http://www.pjcn.org/uploads/allimg/1703/1-1F304105105508.jpg	http://www.pjcn.org/hg/2945/
https://thumbs.dreamstime.com/z/%E7%BA%A2%E8%89%B2%E6%AF%9B%E8%8C%9B%E5%B1%9E%E8%8A%B1%EF%BC%8C%E6%AF%9B%E8%8E%A8%E7%A7%91%E5%AE%B6%E5%BA%AD-%E5%8C%85%E6%8B%AC%E6%AF%9B%E8%8C%9B%E3%80%81spearworts%E5%92%8C-%E6%AF%9B%E8%8E%A8-67893055.jpg	https://cn.dreamstime.com/%E5%BA%93%E5%AD%98%E7%85%A7%E7%89%87-%E7%BA%A2%E8%89%B2%E6%AF%9B%E8%8C%9B%E5%B1%9E%E8%8A%B1%EF%BC%8C%E6%AF%9B%E8%8E%A8%E7%A7%91%E5%AE%B6%E5%BA%AD-%E5%8C%85%E6%8B%AC%E6%AF%9B%E8%8C%9B%E3%80%81spearworts%E5%92%8C-%E6%AF%9B%E8%8E%A8-image67893055
https://thumbs.dreamstime.com/z/%E7%BA%A2%E8%89%B2%E6%AF%9B%E8%8C%9B%E5%B1%9E%E8%8A%B1%EF%BC%8C%E6%AF%9B%E8%8E%A8%E7%A7%91%E5%AE%B6%E5%BA%AD-%E5%8C%85%E6%8B%AC%E6%AF%9B%E8%8C%9B%E3%80%81spearworts%E5%92%8C-%E6%AF%9B%E8%8E%A8-67893035.jpg	https://cn.dreamstime.com/%E5%BA%93%E5%AD%98%E7%85%A7%E7%89%87-%E7%BA%A2%E8%89%B2%E6%AF%9B%E8%8C%9B%E5%B1%9E%E8%8A%B1%EF%BC%8C%E6%AF%9B%E8%8E%A8%E7%A7%91%E5%AE%B6%E5%BA%AD-%E5%8C%85%E6%8B%AC%E6%AF%9B%E8%8C%9B%E3%80%81spearworts%E5%92%8C-%E6%AF%9B%E8%8E%A8-image67893055
http://s7.sinaimg.cn/mw690/001OqtwOty71kJzXYqi86&690	http://blog.sina.com.cn/s/blog_6304cf960102w8c9.html
http://g-search1.alicdn.com/bao/uploaded/i2/TB1wU9JGVXXXXcJXVXXXXXXXXXX_!!0-item_pic.jpg_240x240q50	http://tw.taobao.com/product/%E8%8A%B1%E6%AF%9B%E8%8E%A8%E7%A8%AE%E7%90%83.htm
http://img05.tooopen.com/images/20140718/sy_66739429876.jpg	http://www.tooopen.com/view/667394.html
https://cbu01.alicdn.com/img/ibank/2017/036/395/4085593630_1444533415.220x220.jpg	http://www.1688.com/chanpin/-BBA8C3ABDDB9D6D6C7F2.html
http://image.tupian114.com/20121129/10500588.jpg	http://www.tupian114.com/psd_477863.html
http://pic23.nipic.com/20120919/853144_165043926000_2.jpg	http://www.nipic.com/show/1/44/6847391kf12b63ba.html
http://pic23.nipic.com/20120919/853144_165043926001_2.jpg	http://www.yyyjf.cn/tu/%E6%AF%9B%E8%8E%A8%E5%9B%BE%E7%89%87
https://thumbs.dreamstime.com/z/%E5%B1%9E%E4%BA%8E%E6%AF%9B%E8%8C%9B-%E5%88%97%E7%AC%AC%E4%B8%80%E8%8A%B1%E6%AF%9B%E8%8E%A8%E7%A7%91%E6%98%A5%E5%A4%A9-51412466.jpg	https://cn.dreamstime.com/%E5%BA%93%E5%AD%98%E7%85%A7%E7%89%87-%E5%B1%9E%E4%BA%8E%E6%AF%9B%E8%8C%9B-%E5%88%97%E7%AC%AC%E4%B8%80%E8%8A%B1%E6%AF%9B%E8%8E%A8%E7%A7%91%E6%98%A5%E5%A4%A9-image51412466
https://gw.alicdn.com/bao/uploaded/i1/TB1nRkALFXXXXa6aXXXXXXXXXXX_!!0-item_pic.jpg_230x230.jpg	https://www.taobao.com/oshtml/buy-cn/cp_w6vdubuo1tbX0w.html
https://thumbs.dreamstime.com/z/%E7%88%AC%E8%A1%8C%E7%9A%84%E6%AF%9B%E8%8C%9B%E8%8A%B1-45458794.jpg	https://cn.dreamstime.com/%E5%BA%93%E5%AD%98%E7%85%A7%E7%89%87-%E7%88%AC%E8%A1%8C%E7%9A%84%E6%AF%9B%E8%8C%9B%E8%8A%B1-image45458794
http://pic23.nipic.com/20120919/853144_131247152000_2.jpg	http://www.nipic.com/show/1/44/6847384k2ad2fcfc.html
https://img.alicdn.com/bao/uploaded/i2/TB1ucYNSXXXXXX2aXXXXXXXXXXX_!!0-item_pic.jpg_b.jpg	https://www.tmall.com/mlist/cp_u6jDq9251tbH8g.html
https://img.alicdn.com/bao/uploaded/i2/TB1JquJOFXXXXbnXXXXXXXXXXXX_!!0-item_pic.jpg_b.jpg	https://www.tmall.com/mlist/cp_u6jDq9251tbH8g.html
https://cbu01.alicdn.com/img/ibank/2017/221/145/3948541122_158689796.220x220.jpg	https://s.1688.com/kq/-BBA8C3ABDDB9.html
http://www.rensheng2.com/upload/2017/06/12/8d0612dd165bd5b9.jpg	http://www.rensheng2.com/1780000/1777360.shtml
https://gw.alicdn.com/bao/uploaded/i1/2025992546/TB2QfTyc8U4h1JjSZFLXXaFMpXa_!!2025992546.jpg_200x200.jpg_.webp	https://m.taobao.com/article/BdCWDXAOD-DiD8Bl.html
https://gw.alicdn.com/bao/uploaded/i3/894781623/TB23LtjuHBkpuFjy1zkXXbSpFXa_!!894781623.jpg_200x200.jpg_.webp	https://m.taobao.com/article/BdCWDXAOD-DiD8Bl.html
https://cbu01.alicdn.com/img/ibank/2017/263/382/4396283362_2090145403.220x220.jpg	http://www.1688.com/chanpin/-BBA8C3ABDDB9D6D6C7F2.html
https://cbu01.alicdn.com/img/ibank/2015/191/234/2333432191_196480550.310x310.jpg	https://www.1688.com/pic/-BBA8C3ABDDA2D6D6C7F2.html
http://www.rensheng2.com/upload/2017/06/12/4d9a064229fb2c13.jpg	http://www.rensheng2.com/1780000/1777360.shtml
https://cbu01.alicdn.com/img/ibank/2015/078/236/2522632870_1404327002.220x220.jpg	https://s.1688.com/kq/-BBA8C3ABDDB9.html
https://cbu01.alicdn.com/img/ibank/2016/185/021/3386120581_334476378.220x220.jpg	http://www.1688.com/chanpin/-BBA8C3ABDDB9D6D6C7F2.html
http://s14.sinaimg.cn/mw690/001OqtwOty71mjB11IVcd&690	http://blog.sina.com.cn/s/blog_6304cf960102w8c9.html
https://www.huabaike.com/uploads/allimg/sltimg/201701/58748cf87e1e7.jpg	https://www.huabaike.com/hyjk/6719.html
https://thumbs.dreamstime.com/t/%E8%89%B2%E6%AF%9B%E8%8C%9B%E5%B1%9E%E8%8A%B1%EF%BC%8C%E6%AF%9B%E8%8E%A8%E7%A7%91%E5%AE%B6%E5%BA%AD-90143909.jpg	https://cn.dreamstime.com/%E5%BA%93%E5%AD%98%E7%85%A7%E7%89%87-%E7%BA%A2%E8%89%B2%E6%AF%9B%E8%8C%9B%E5%B1%9E%E8%8A%B1%EF%BC%8C%E6%AF%9B%E8%8E%A8%E7%A7%91%E5%AE%B6%E5%BA%AD-%E5%8C%85%E6%8B%AC%E6%AF%9B%E8%8C%9B%E3%80%81spearworts%E5%92%8C-%E6%AF%9B%E8%8E%A8-image67893035
http://s3.sinaimg.cn/mw690/001OqtwOty71mjA8poK02&690	http://blog.sina.com.cn/s/blog_6304cf960102w8c9.html
http://www.baihuamen.com/d/file/2014/05-16/445e8da63bd82a325726a101cab65cab.jpg	http://www.baihuamen.com/huamaogen/14339_12.html
