
http://pic9.nipic.com/20100816/4224370_054608016963_2.jpg	http://www.nipic.com/show/1/44/3541196kbcb36d4f.html
http://pic15.nipic.com/20110623/4224370_093213609193_2.jpg	http://www.nipic.com/show/4748895.html
http://pic23.nipic.com/20120916/4224370_083106160000_2.jpg	http://www.nipic.com/show/1/44/6818247k668de92a.html
http://pic21.nipic.com/20120530/4224370_185445586000_2.jpg	http://www.nipic.com/show/6314847.html
http://www.52yhua.com/uploads/allimg/160310/1-160310223436.jpg	http://www.52yhua.com/mubentp/1925.html
http://s1.sinaimg.cn/mw690/001rzrFigy71tEX8rFCb0&690	http://blog.sina.com.cn/s/blog_4ee3a4e40102whxz.html
http://www.52yhua.com/uploads/allimg/160310/1-160310223433.jpg	http://www.52yhua.com/mubentp/1925.html
http://www.52yhua.com/uploads/allimg/160310/1-160310223435.jpg	http://www.52yhua.com/mubentp/1925.html
http://img.boqiicdn.com/Data/BK/A/1512/8/imagick28061449541633_y.jpg	http://www.boqii.com/entry/detail/2301.html
http://www.baihuamen.com/d/file/2014/05-25/821de89576b30f0cb36123ea785b3f8e.jpg	http://www.baihuamen.com/haixianhua/
https://upload.wikimedia.org/wikipedia/commons/thumb/3/31/Primula_poissonii_-_Quarryhill_Botanical_Garden_-_DSC03730.JPG/220px-Primula_poissonii_-_Quarryhill_Botanical_Garden_-_DSC03730.JPG	https://zh.wikipedia.org/wiki/%E6%B5%B7%E4%BB%99%E8%8A%B1
http://img.supfree.net/zhongyao/images/2927_2.jpg	http://zhongyao.m.supfree.net/hao.asp?id=%BA%A3%CF%C9%BB%A8
http://img.aihuahui.com/d/2017/01/586deedb0e870.jpg	http://www.aihuahui.com/aicaobenzhiwu/2318.html
http://www.yuhuagu.com/uploads/allimg/120920/10-120920204433.jpg	http://www.yuhuagu.com/ktsh/4316.html
http://img.supfree.net/zhongyao/images/2927_1.jpg	http://zhongyao.m.supfree.net/hao.asp?id=%BA%A3%CF%C9%BB%A8
http://read.html5.qq.com/image?src=forum&q=5&r=0&imgflag=7&imageUrl=http://mmbiz.qpic.cn/mmbiz/BZ7VVQHlZqnDiciaibicoaRaTiayg4ZYm1wMXUDiaLem4PO4CiaIUiaVdjCLla2P55fKn6kAvbo1EPpTXvHPiciaMuwK9IaQ/640?wx_fmt=jpeg	https://wx.abbao.cn/a/696-809434f8df0766ca.html
http://www.yuhuagu.com/uploads/allimg/160801/43_160801062730_1.jpg	http://www.yuhuagu.com/renshi/2016/0801/13195.html
https://bbs.pku.edu.cn/attach/39/92/3992ad2863d5d932/528%E5%BF%8D%E5%86%AC%E7%A7%91%E6%B5%B7%E4%BB%99%E8%8A%B1.jpg	http://bbs.pku6.edu.cn/v2/collection-read.php?path=groups%2FGROUP_6%2FGreen_hut%2FD96FDE965%2FDBF951D8C%2FM.1064237956.A
http://www.fpcn.net/uploads/allimg/130719/2-130G913133WL.JPG	http://www.fpcn.net/a/guanmu/20130719/Weigela%20coraeensis.html
http://pic1.huashichang.com/2016/1123/22/5835a8bb386e6.jpg	http://www.aihuhua.com/tu/haixianhua.html
http://pic1.huashichang.com/2016/1123/22/5835a8b840060.jpg	http://www.aihuhua.com/tu/haixianhua.html
http://pic1.huashichang.com/2016/1123/22/5835a8bb9d755.jpg	http://www.aihuhua.com/tu/haixianhua.html
http://www.baihuamen.com/d/file/2014/05-25/3a19876d1d6a764fb9e5a9a55bdba61c.jpg	http://www.baihuamen.com/haixianhua/
http://www.huayugu.com.cn/uploads/allimg/161126/1-1611261016030-L.jpg	http://www.huayugu.com.cn/haixianhua/
http://pic1.huashichang.com/2016/1123/22/5835a8bd2e7e8.jpg	http://www.aihuhua.com/tu/haixianhua.html
https://www.huabaike.com/uploads/allimg/artimg/201704/20170409091048_87684.jpg	https://www.huabaike.com/yhjq/8192.html
http://www.huayugu.com.cn/uploads/allimg/161126/1-161126101H70-L.jpg	http://www.huayugu.com.cn/haixianhua/
https://gss0.bdstatic.com/94o3dSag_xI4khGkpoWK1HF6hhy/baike/s%3D220/sign=b34d940b8d44ebf86971633de9f9d736/2fdda3cc7cd98d10d9c4a1392b3fb80e7bec90a2.jpg	https://baike.baidu.com/item/%E6%B5%B7%E4%BB%99%E8%8A%B1/768645
http://www.huayugu.com.cn/uploads/allimg/161126/1-1611261013300-L.jpg	http://www.huayugu.com.cn/haixianhua/
http://img002.mllres.com//images/upload/%E6%B5%B7%E4%BB%99%E8%8A%B102.jpg	http://www.meilele.com/article/shipin/42152.html
http://www.yuhuagu.com/uploads/allimg/160801/43_160801062722_1.jpg	http://www.yuhuagu.com/renshi/2016/0801/13195.html
http://b2b.image.yuanlin.com/Biz/2011-8/2011851149516405.jpg	http://my0397.yuanlin.com/sell-m145332.html
http://www.zhongyao360.com/uploads/170810/31-1FQ0102942E4.jpg	http://www.zhongyao360.com/z/haixianhua/
http://img002.mllres.com//images/upload/%E6%B5%B7%E4%BB%99%E8%8A%B103.jpg	http://www.meilele.com/article/shipin/42152.html
http://pic1.huashichang.com/2016/1123/22/5835a8b9eb5dd.jpg	http://www.aihuhua.com/tu/haixianhua.html
http://www.baihuamen.com/d/file/2014/05-25/1145f49546836b648fe977a149f1faab.jpg	http://www.baihuamen.com/haixianhua/16272_16.html
http://www.zhongyao360.com/uploads/allimg/170810/31-1FQ0103111.jpg	http://www.zhongyao360.com/z/haixianhua/
http://www.zhongyao360.com/uploads/allimg/170810/31-1FQ0103112-51.jpg	http://www.zhongyao360.com/z/haixianhua/
https://www.huabaike.com/uploads/allimg/artimg/201704/20170409091005_94699.jpg	https://www.huabaike.com/yhjq/8192.html
http://www.zhongyao360.com/uploads/allimg/170810/31-1FQ0103112.jpg	http://www.zhongyao360.com/z/haixianhua/
http://img001.mllres.com//images/upload/%E6%B5%B7%E4%BB%99%E8%8A%B104.jpg	http://www.meilele.com/article/shipin/42152.html
http://pic1.win4000.com/pic/4/87/81821344247.jpg	http://www.win4000.com/meinv112654.html
http://huafans.dbankcloud.com/pic/2017/05/16/b5addf03a53652ce72496652c6f5b37d_IMG_20170513_093535.jpg?mode=download	http://club.huawei.com/thread-12821640-1-1.html
http://img.mp.itc.cn/upload/20170413/69f1bf08c7df448c9d255f243b2162fe_th.jpeg	http://www.sohu.com/a/133677812_660949
http://www.38fan.com/uploads/allimg/170503/51_170503111152_1.png	http://www.38fan.com/zhiwu/20170503160426.html
http://www.baihuamen.com/d/file/2014/05-25/c72a548c428f4de76bbdebd1615f0bab.jpg	http://www.baihuamen.com/haixianhua/16272_12.html
http://s7.sinaimg.cn/mw690/001SGpBWzy7b1qTYduua6&690	http://blog.sina.com.cn/s/blog_66c4a4840102x2cx.html
http://pic22.nipic.com/20120706/4224370_072607500000_2.jpg	http://www.nipic.com/show/1/44/6463561k40f58e95.html
https://gss1.bdstatic.com/9vo3dSag_xI4khGkpoWK1HF6hhy/baike/s%3D220/sign=0e76353b8226cffc6d2ab8b089004a7d/63d0f703918fa0ecb1c927af269759ee3d6ddb02.jpg	https://baike.baidu.com/item/%E6%B5%B7%E4%BB%99%E8%8A%B1/768645
http://pic1.win4000.com/pic/4/87/81821344256.jpg	http://www.win4000.com/meinv112654_10.html
https://www.huabaike.com/uploads/allimg/artimg/201611/20161114150119_21889.jpg	https://www.huabaike.com/jtyh/5711.html
http://pic1.win4000.com/pic/4/87/81821344249.jpg_195.jpg	http://www.win4000.com/meinv112654.html
http://idoimg.3mt.com.cn/Article/upload/200811/081117115763063.jpg	http://ido.3mt.com.cn/Article/200811/picview1150776c27p5.html
https://www.huabaike.com/uploads/allimg/artimg/201611/20161114150038_63561.jpg	https://www.huabaike.com/jtyh/5711.html
https://www.huabaike.com/uploads/allimg/artimg/201704/20170409091115_60561.jpg	https://www.huabaike.com/yhjq/8192.html
https://www.huabaike.com/uploads/allimg/artimg/201704/20170409090043_25658.jpg	https://www.huabaike.com/jtyh/8191.html
https://i3.read01.com/uploads/0G4V9y1qQM.jpg	https://read01.com/260EyM.html
http://img.mp.itc.cn/upload/20170413/c8801e61da53458d92f511ec8fbb587b_th.jpeg	http://www.sohu.com/a/133677812_660949
http://pic100.nipic.com/file/20160602/4224370_174507523000_2.jpg	http://www.nipic.com/show/14995660.html
http://pic11.nipic.com/20101202/4224370_040422059823_2.jpg	http://www.nipic.com/show/1/44/3997027k531e2c42.html
http://f.nfjing.com/mbzw/18d48cda8e856156b4f809dc6e95350e.jpg	http://nfjing.com/mbzw/280.html
https://www.huabaike.com/uploads/allimg/sltimg/201704/58e98835d10b3.jpg	https://www.huabaike.com/jtyh/8191.html
http://pic100.nipic.com/file/20160602/4224370_174457950000_2.jpg	http://www.nipic.com/show/14995659.html
https://www.huabaike.com/uploads/allimg/sltimg/201704/58e9860e364ae.jpg	https://www.huabaike.com/jtyh/8191.html
http://img.mp.itc.cn/upload/20170413/165d10c328004c99b609fe06a167633d_th.jpeg	http://www.sohu.com/a/133677812_660949
http://www.baihuamen.com/d/file/2014/05-25/2f45ae08e591e9f80e752acd7ffcf72f.jpg	http://www.baihuamen.com/haixianhua/16272_5.html
http://www.baihuamen.com/d/file/2014/05-25/9c311d409c0ac3e6c61827f1274452a8.jpg	http://www.baihuamen.com/haixianhua/16272_6.html
http://image142-c.poco.cn/mypoco/qing/20130511/08/6080875219140570212_690x517_220.jpg	http://wo.poco.cn/6050508/post/id/3938391
http://img.mp.itc.cn/upload/20170413/9362cb3b49db414a8d3d7c1fe345c412_th.jpeg	http://www.sohu.com/a/133677812_660949
http://www.baihuamen.com/d/file/2014/05-25/40c8ba87b62910fbd1947203a9436b52.jpg	http://www.baihuamen.com/haixianhua/16272_14.html
http://www.baihuamen.com/d/file/2014/05-25/f0f4bd4c065665962b861ec4188cf074.jpg	http://www.baihuamen.com/haixianhua/16272_17.html
http://www.baihuamen.com/d/file/2014/05-25/8e5fee83f67d91412f5abccdfda28463.jpg	http://www.baihuamen.com/haixianhua/16272_10.html
http://pic22.nipic.com/20120701/4224370_190742963000_2.jpg	http://www.nipic.com/show/1/44/6448763kc39c8ce0.html
https://i3.read01.com/uploads/0G4V9yX5dG.jpg	https://read01.com/260EyM.html
http://p3.pstatp.com/origin/22d50004010bfe39ace5	http://www.twoeggz.com/picture/1643275.html
https://www.huabaike.com/uploads/allimg/sltimg/201704/58e984894a7d0.jpg	https://www.huabaike.com/hyjk/8190.html
http://www.38fan.com/uploads/allimg/170503/51_170503111202_1.png	http://www.38fan.com/zhiwu/20170503160426.html
https://gss3.bdstatic.com/7Po3dSag_xI4khGkpoWK1HF6hhy/baike/w%3D400/sign=6e191a11fe03738dde4a0d22831ab073/63d0f703918fa0ecdfe201bc2e9759ee3d6ddb5e.jpg	https://baike.baidu.com/item/%E6%B5%B7%E4%BB%99%E8%8A%B1/768645
http://www.bjyl.gov.cn/ztxx/bjhx/hhzs/201705/W020170531518604955177.jpg	http://www.bjyl.gov.cn/ztxx/bjhx/hhzs/201705/t20170531_193290.shtml
http://h2.bytravel.cn/m/head/7280.gif	http://m.bytravel.cn/produce/6D774ED982B1/
http://www.bjyl.gov.cn/ztxx/bjhx/hhzs/201705/W020170531518604957668.jpg	http://www.bjyl.gov.cn/ztxx/bjhx/hhzs/201705/t20170531_193290.shtml
http://www.baihuamen.com/d/file/2014/05-25/432f4ebce62189535d8ae2185546ea26.jpg	http://www.baihuamen.com/haixianhua/
http://www.baihuamen.com/d/file/2014/05-25/3feb812ee719cd0d299f11f374ae791c.jpg	http://www.baihuamen.com/haixianhua/
http://www.baihuamen.com/d/file/2014/05-25/069583ea80c83e9bafb5867fa41db6b1.jpg	http://www.baihuamen.com/haixianhua/
http://pic1.huashichang.com/2016/1123/22/5835a8b89a813_200_140.jpg	http://m.aihuhua.com/tu/haixianhua.html
http://img.yanquecao.com/img/flower/weigelacoraeensis/weigelacoraeensis1.jpg	http://www.yanquecao.com/detail/526
http://p1.pstatp.com/origin/1c5c0003d6eade585e5c	http://www.tjfer.com/detail/g6410459498600104193/
https://www.huabaike.com/uploads/allimg/artimg/201704/20170409085131_99255.jpg	https://www.huabaike.com/hyjk/8190.html
http://pic16.nipic.com/20110906/4224370_082011201111_2.jpg	http://www.nipic.com/show/1/63/5060218ke25f0bbf.html
http://img.boqiicdn.com/Data/BK/P/imagick50201449569170.jpg	http://www.boqii.com/entry/detail/2301.html
http://lh4.google.com/image/guohua.chang/RlQ6Vbg-FGI/AAAAAAAAAcE/K-jePjmqvF8/s400/IMG_0145.jpg	http://changguohua.com/archives/194.html
http://www.dopic.net/uploadfile/2015/0925/20150925091145662.jpg	http://www.dopic.net/picture/7728.html
http://s1.sinaimg.cn/mw690/001bFSWVgy6SeuixtiUe0&690	http://blog.sina.com.cn/s/blog_40e38f650102vv52.html
http://img.yanquecao.com/img/flower/weigelacoraeensis/weigelacoraeensis2.jpg	http://www.yanquecao.com/detail/526
http://p9.pstatp.com/origin/1b86000297a8698d25b2	http://www.tjfer.com/detail/g6410459498600104193/
http://lh5.google.com/image/guohua.chang/RlQ6Org-FFI/AAAAAAAAAb8/3Rd3egYgjQg/s400/IMG_0144.jpg	http://changguohua.com/archives/194.html
http://pic24.nipic.com/20121027/4224370_093024069000_2.jpg	http://www.nipic.com/show/1/44/7024645kd15b4cb5.html
http://p3.pstatp.com/origin/22d300044c1dab479a19	http://www.twoeggz.com/picture/1643275.html
https://www.huabaike.com/uploads/allimg/artimg/201611/20161114150100_85278.jpg	https://www.huabaike.com/jtyh/5711.html
http://p2.pstatp.com/origin/1c5c0003d760b9e38f12	http://www.tjfer.com/detail/g6410459498600104193/
