
http://a1.att.hudong.com/75/43/20300543214788144663439922676_s.jpg	http://www.baike.com/wiki/%E6%AC%A7%E6%B4%B2%E7%BA%A2%E7%91%9E%E6%9C%A8
http://www.hryhuamu.com/upLoad/product/month_1401/201401071504571841.jpg	http://www.hryhuamu.com/content/?490.html
http://img0.pchouse.com.cn/pchouse/baike/sh/1503/hongduanmu.jpg	http://www.pchouse.com.cn/baike/shenghuo/4349/
http://www.baihuamen.com/d/file/2014/05-23/82fb1f70f026eeda45680a1ef5d1960f.jpg	http://www.baihuamen.com/hongruimu/
https://www.cmeii.com/uploads/allimg/161010/11-16101014294T26.jpg	https://www.cmeii.com/xinwenzhongxin/3527.html
http://www.dlhongliang.com/chanpin/gallery/hgly/hongruimu.jpg	http://www.dlhongliang.com/chanpin/hgly/hongruimu.html
http://www.606423.com/uploads/%E5%9B%BE%E7%89%87/mm100.jpg	http://www.606423.com/miaomuzixun/413.html
http://www.sygxyl.com/upLoad/product/month_1604/201604130939168173.jpg	http://www.sygxyl.com/content/?845.html
http://a3.att.hudong.com/80/20/16300000668094127441200912755.jpg	http://tupian.baike.com/a3_80_20_16300000668094127441200912755_jpg.html?prd=zhengwenye_left_futu_tupian
http://www.zhang007.com/upload/201303/1364126449.jpg	http://www.zhang007.com/product/redm.htm
http://www.haojing888.com/Mobile/uploadfiles/pictures/product/20160510105937_8828.jpg_280.jpg	http://www.haojing888.com/Mobile/MProducts/hrm.html
https://gss2.bdstatic.com/-fo3dSag_xI4khGkpoWK1HF6hhy/baike/s%3D220/sign=2473114fd9f9d72a1364171fe42a282a/00e93901213fb80e45d314a736d12f2eb93894bb.jpg	https://baike.baidu.com/item/%E7%BA%A2%E7%91%9E%E6%9C%A8
http://a3.att.hudong.com/80/71/20200000013920144735716702941_s.jpg	http://www.baike.com/wiki/%E7%BA%A2%E7%91%9E%E6%9C%A8&prd=shouye_hotlist
http://www.syqslh.top/upfile/images/%E8%8A%B1%E7%81%8C%E6%9C%A8/%E7%BA%A2%E7%91%9E%E6%9C%A82.jpg	http://www.syqslh.top/556/0/32
http://www.huajiang.cc/uploads/140514/10-140514200341132.jpg	http://baike.huajiang.cc/mb/hongruimu.html
http://www.ew9z.com/wp-content/uploads/2010/10/Cornus_alba_plant_flowers_01.jpg	http://www.ew9z.com/hongruimu-pinzhong.html
http://img.007swz.com/cpimg/guanmu/Xi4x7TEtmX_1268224032.jpg	http://www.007swz.com/t/%BA%EC%C8%F0%C4%BE%D0%A1%C3%E7
http://www.syqslh.top/upfile/images/%E8%8A%B1%E7%81%8C%E6%9C%A8/%E7%BA%A2%E7%91%9E%E6%9C%A81.jpg	http://www.syqslh.top/556/0/32
http://www.zbsymp.com/aspweb_editor/uploadfile/products/20141118141356803.jpg	http://www.zbsymp.com/cn/products/3.htm
http://www.lcshadibai.com/upfile/isClass/pic/20150409164221-1200412980_thumb.jpg	http://www.lcshadibai.com/product.php?tid=77
http://www.huamu.cn/picture/2010040611462026.jpg	http://www.huamu.cn/product/detail-11286.html
http://file.youboy.com/d/154/77/21/3/778343.jpg	http://www.csdynz.com/s84687577.html
https://www.huabaike.com/uploads/allimg/artimg/201706/20170601140747_54360.jpg	https://www.huabaike.com/hyjk/9217.html
http://www.haojing888.com/Mobile/uploadfiles/pictures/product/20160510105938_2422.jpg_280.jpg	http://www.haojing888.com/Mobile/MProducts/hrm.html
http://file.youboy.com/a/100/6/69/5/10476485.jpg	http://www.lvyuanhuamu.com/s65208736.html
http://www.biyebi.com/Attachments/baike/201612/583f981a877f1.jpg	http://www.biyebi.com/baike/article_11466.html
https://cbu01.alicdn.com/img/ibank/2017/764/971/4164179467_1601210003.310x310.jpg	https://www.1688.com/pic/-BAECC8F0C4BE.html
https://www.cmeii.com/uploads/allimg/161011/11-161011100PS58.jpg	https://www.cmeii.com/xinwenzhongxin/3545.html
http://ky2006.cname02.com/files/pic/20111919739.jpg	http://www.dbhdmm.com/gs_detail.asp?id=734329&nowmenuid=500001&previd=0
https://thumbs.dreamstime.com/z/%E6%AC%A7-%E7%BA%A2%E7%91%9E%E6%9C%A8%E7%81%8C%E6%9C%A8-46023671.jpg	https://cn.dreamstime.com/%E5%BA%93%E5%AD%98%E7%85%A7%E7%89%87-%E6%AC%A7-%E7%BA%A2%E7%91%9E%E6%9C%A8%E7%81%8C%E6%9C%A8-image46023671
http://www.fc312.com/web_manage/manage/Upload/2014122210142728.jpg	http://www.fc312.com/pro_info.asp?id=1398
http://www.wfrsmm.com/photo/pics/20140411/1397205621.jpg	http://www.wfrsmm.com/photo/html/?103.html
http://s8.sinaimg.cn/middle/66019f9ena85650d8fea7&690	http://blog.sina.com.cn/s/blog_66019f9e0102dre9.html
http://www.52yhua.com/uploads/allimg/160925/1-160925211006.jpg	http://m.52yhua.com/mubentp/4951.html
https://www.huabaike.com/uploads/allimg/sltimg/201706/592faf256628f.jpg	https://www.huabaike.com/hyjk/9217.html
http://www.huamu.cn/picture/201312072052513640.jpg	http://www.huamu.cn/sell/detail-637954.html
http://www.hbmmjd.com/zb_users/upload/2016/07/201607011467340722334391.jpg	http://www.hbmmjd.com/1207.html
http://www.syzymm.top/upfile/files/%E7%BA%A2%E7%91%9E%E6%9C%A8.jpg	http://www.syzymm.top/556/0/136
http://www.52yhua.com/uploads/allimg/160925/1-160925211011.jpg	http://m.52yhua.com/mubentp/4951.html
https://img.ys137.com/data/upload/ueditor/20170211/589ebb183cb32.jpg	http://www.wolaima.com/75504.html
https://img.ys137.com/data/upload/ueditor/20170413/58eef22702e5e.png	https://www.ys137.com/zyys/1700138.html
http://www.fmmmc.top/upfile/images/%E7%83%AD%E9%94%80/%E7%BA%A2%E7%91%9E%E6%9C%A8.jpg	http://www.fmmmc.top/556/562/91
http://www.wdptj.com/wp-content/uploads/2014/09/%E7%BA%A2%E7%91%9E%E6%9C%A8.jpg	http://www.wdptj.com/hongruimu/
http://a2.att.hudong.com/67/77/20300543526108144623770025686_s.jpg	http://www.baike.com/wiki/%E5%8A%A0%E6%8B%BF%E5%A4%A7%E7%BA%A2%E7%91%9E%E6%9C%A8
https://cbu01.alicdn.com/img/ibank/2012/806/023/656320608_1979356588.310x310.jpg	https://www.1688.com/pic/-BAECC8F0C4BE.html
https://img.ys137.com/data/upload/ueditor/20170413/58eef2b4d1f23.jpg	https://www.ys137.com/zyys/1700138.html
https://cbu01.alicdn.com/img/ibank/2015/648/948/2185849846_1757106910.310x310.jpg	https://www.1688.com/pic/-BAECC8F0C4BE.html
http://a0.att.hudong.com/07/38/20300543523714144631382177864_s.jpg	http://www.baike.com/wiki/%E2%80%98%E8%B4%9D%E9%9B%B7%E2%80%99%E7%BA%A2%E7%91%9E%E6%9C%A8
http://www.zhang007.com//upload/images/20160610_170455.jpg	http://www.zhang007.com/new/shownews529.htm
http://img1.tlw.com/content/2017/02/20/58aab6939fc66.jpg	http://m.tlw.com/detail/2749.html
http://b2b.image.yuanlin.com/Biz/2012-1/2012171611488528.jpg	http://syfchm.yuanlin.com/sell-m164997.html
http://www.haojing888.com/Mobile/uploadfiles/pictures/product/20160510105942_5703.jpg_240X180.jpg	http://www.haojing888.com/Mobile/MProducts/hrm.html
http://hbmiaomu88.com/uploadfile/Products/hongruimu%20(2).jpg	http://hbmiaomu88.com/look_products.asp?id=439
http://www.86tree.com/uploadpic/product/2014324203726921.jpg	http://www.86tree.com/qiugou-189/
https://cbu01.alicdn.com/img/ibank/2017/582/950/4105059285_1593731460.220x220.jpg	http://www.1688.com/jiage/-BAECC8F0C4BE.html
https://cbu01.alicdn.com/img/ibank/2015/739/859/2176958937_1276034296.220x220.jpg	http://www.1688.com/jiage/-BAECC8F0C4BE.html
https://www.huabaike.com/uploads/allimg/artimg/201706/20170601140511_89346.jpg	https://www.huabaike.com/jtyh/9216.html
http://www.dlhdmp.com/uploads/cp/20170221125947.jpg	http://www.dlhdmp.com/supply/DaLian_66.html
http://www.ftmiaomu.com/UploadFiles/2012-08/2012081411020087050.jpg	http://www.ftmiaomu.com/mmtp_1294.html
http://www.ruyinyuanlin.com/d/file/lvhuaxiaomiao/5c05899bc5a0adc04808d895381422e9.jpg	http://www.ruyinyuanlin.com/34.html
https://b-ssl.duitang.com/uploads/item/201505/16/20150516174713_TEWJ5.thumb.224_0.jpeg	https://www.duitang.com/blogs/tag/?name=%E7%BA%A2%E7%91%9E%E6%9C%A8
http://www.huamu.cn/upload/Supply/201609130924593125.jpg	http://www.huamu.cn/Product/S_hongruimu_____1.html
http://pic24.nipic.com/20121102/4224370_112432768000_2.jpg	http://www.nipic.com/show/1/63/7057119kb4f5baa4.html
http://pic.to8to.com/attch/day_160923/20160923_663d26de5d76d0aa989aLTNwCWxzR3W4.jpg?	http://www.to8to.com/baike/24536
https://upload.wikimedia.org/wikipedia/commons/thumb/f/f4/20130608Hartriegel_Buergerpark1.jpg/220px-20130608Hartriegel_Buergerpark1.jpg	https://zh.wikipedia.org/wiki/%E6%AC%A7%E6%B4%B2%E7%BA%A2%E7%91%9E%E6%9C%A8
https://thumbs.dreamstime.com/z/%E6%AC%A7-%E7%BA%A2%E7%91%9E%E6%9C%A8%E8%8E%93%E6%9E%9C-80161551.jpg	https://cn.dreamstime.com/%E5%BA%93%E5%AD%98%E7%85%A7%E7%89%87-%E6%AC%A7-%E7%BA%A2%E7%91%9E%E6%9C%A8%E8%8E%93%E6%9E%9C-image80161551
http://gbzzjd.5one.cn/upload/253/2017119152062160374.jpg	http://gbzzjd.5one.cn/cp-83770.aspx
http://www.ylmp.net/photo/%E7%BA%A2%E7%91%9E%E6%9C%A802.jpg	http://www.ylmp.net/20.htm
https://cbu01.alicdn.com/img/ibank/2015/443/868/1928868344_1755292453.220x220.jpg	http://www.1688.com/jiage/-BAECC8F0C4BE.html
http://www.fedamm.com/uploads/allimg/170704/1-1FF423023T15.jpg	http://www.fedamm.com/a/huaguanmulei/251.html
http://pic.files.mozhan.com/mozhan/20170226/1c2f18f1252bf7221971736258b4fa16.jpg	http://www.qzxylhmmjd.com/Product-detail-id-450150.html
https://thumbs.dreamstime.com/z/%E6%88%90%E7%86%9F%E6%AC%A7-%E7%BA%A2%E7%91%9E%E6%9C%A8%E8%8E%93%E6%9E%9C-72857108.jpg	https://cn.dreamstime.com/%E5%BA%93%E5%AD%98%E7%85%A7%E7%89%87-%E6%88%90%E7%86%9F%E6%AC%A7-%E7%BA%A2%E7%91%9E%E6%9C%A8%E8%8E%93%E6%9E%9C-image72857108
https://www.huabaike.com/uploads/allimg/sltimg/201609/bp_57d12835e1d16.jpg	https://www.huabaike.com/mbzw/9062.html
http://www.yalinmp.com/UploadFiles/2013-07/admin/201307311115458964.jpg	http://www.yalinmp.com/Products/Show_38.html
https://www.huabaike.com/uploads/allimg/sltimg/201706/592fafb5b0f21.jpg	https://www.huabaike.com/hyjk/9217.html
http://www.091810.com/file/upload/2015/05/12/12614007369442.jpg	http://www.091810.com/s/index.asp?id=90&a=proddetails&prodid=299
http://read.html5.qq.com/image?src=forum&q=5&r=0&imgflag=7&imageUrl=mmbiz.qpic.cn/mmbiz_jpg/fgib18jGXiclWSVY2SMPSFibAd8jpyUVEBKZZmt1OuYkPrbNSOAYfvuibJxvLH64EjS57ZQByYyZ5Q1XFysp2iaBz4w/0?wx_fmt=jpeg	http://m.v4.cc/News-3706974.html
http://www.86garden.com/files.upload/20121112_10331799/20121012103650-%E7%BA%A2%E7%91%9E%E6%9C%A8.jpg	http://www.86garden.com/company.php?i=47240
http://www.syhymp.com/upload/class0/class23/s201331316253471237.jpg	http://www.syhymp.com/product_list.asp?id=23
http://www.pjcn.org/uploads/allimg/1608/1-160P92235361O.jpg	http://www.pjcn.org/hy/2167/
http://img002.mllres.com//images/upload/1(14193).jpg	http://www.meilele.com/article/shipin/16969.html
http://www.tiandamp.com/upLoad/product/month_1401/201401081541586322.jpg	http://www.tiandamp.com/td/hongruimu.html
http://www.ftmiaomu.com/UploadFiles/2012-08/2012081411033817611.jpg	http://www.ftmiaomu.com/mmtp_1294.html
http://img002.mllres.com//images/upload/11111(101).jpg	http://www.meilele.com/article/shipin/16969.html
https://gss3.bdstatic.com/-Po3dSag_xI4khGkpoWK1HF6hhy/baike/w%3D400/sign=303cd842ba119313c743feb055390c10/77c6a7efce1b9d169e858ce1fbdeb48f8d5464eb.jpg	https://baike.baidu.com/item/%E7%BA%A2%E7%91%9E%E6%9C%A8
http://www.baihyuan.com/uploads/allimg/160812/1-160Q2193R6.jpg	http://www.baihyuan.com/a/chanpinzhongxin/lvhuaxiaomiao/20160812/59.html
http://www.huayugu.com.cn/uploads/allimg/160724/1-160H40J6430-L.jpg	http://www.huayugu.com.cn/hongruimu/14983.html
http://www.672mm.com/file/upload/201610/05/0904128824.jpg.middle.jpg	http://www.672mm.com/sell/show-1143.html
http://www.lcshadibai.com/upfile/isClass/pic/20150409164221-810811560_thumb.jpg	http://www.lcshadibai.com/product.php?tid=77
https://www.cmeii.com/uploads/allimg/160622/11-160622104916463.jpg	https://www.cmeii.com/changjianwenti/2329.html
https://cbu01.alicdn.com/img/ibank/2014/995/829/1581928599_1543621117.310x310.jpg	https://www.1688.com/pic/-BAECC8F0C4BED6D6D7D3.html
https://gss0.bdstatic.com/-4o3dSag_xI4khGkpoWK1HF6hhy/baike/w%3D400/sign=954b7780db43ad4ba62e47c0b2025a89/b21c8701a18b87d66b07213a0d0828381f30fd4a.jpg	http://baike.baidu.com/item/%E6%AC%A7%E6%B4%B2%E7%BA%A2%E7%91%9E%E6%9C%A8
http://www.1818hm.com/file/upload/201611/16/163626631.jpg	http://www.1818hm.com/chanpin/show-93.html
https://www.cmeii.com/uploads/allimg/160622/11-160622105122U7.jpg	https://www.cmeii.com/changjianwenti/2329.html
http://pic15.nipic.com/20110630/4224370_080120770158_2.jpg	http://www.nipic.com/show/1/63/4776761k786a1481.html
https://cbu01.alicdn.com/img/ibank/2014/197/198/1265891791_1095401025.310x310.jpg	https://www.1688.com/pic/-BAECC8F0C4BED6D6D7D3.html
http://pic18.nipic.com/20120105/4224370_094525794000_2.jpg	http://www.nipic.com/show/1/63/5603609kfb088da0.html
http://www.haojing888.com/uploadfiles/pictures/product/20160510105942_2266.jpg	http://www.haojing888.com/Article/hrmjg_1.html
http://img.wxrw123.com/201612/03/12/xw50iseojsj.jpg	http://www.wxrw123.com/zw/20161203/4338971.html
http://img1.tlw.com/content/2017/02/20/58aab6b13572b.jpg	http://m.tlw.com/detail/2749.html
