
http://a2.att.hudong.com/32/37/01100000000000144734379886372_s.jpg	http://www.baike.com/wiki/%E7%8E%89%E7%B0%AA%E8%8A%B1
http://www.ew9z.com/wp-content/uploads/2010/04/Hosta_plantaginea_var.-pleno-Hort_flower_1.jpg	http://www.ew9z.com/yuzanhua-tupian-ziliao.html
http://p.d1xz.net/2014/6/24/164972867286.jpg	http://www.d1xz.net/astro/huayu/art54237.aspx
https://gss2.bdstatic.com/9fo3dSag_xI4khGkpoWK1HF6hhy/baike/s%3D220/sign=a75697d1b8fb43161e1f7d7810a44642/faf2b2119313b07e50bba71206d7912397dd8ca2.jpg	https://baike.baidu.com/item/%E7%8E%89%E7%B0%AA%E8%8A%B1
http://www.yixue.com/images/a/ad/Bkg76.jpg	http://www.yixue.com/%E7%8E%89%E7%B0%AA%E8%8A%B1
http://a3.att.hudong.com/71/37/01100000000000144734370658361_s.jpg	http://www.baike.com/wiki/%E7%8E%89%E7%B0%AA%E8%8A%B1
http://img0.pchouse.com.cn/pchouse/baike/decorate/1411/yuzanhua.jpg	http://www.pchouse.com.cn/baike/shenghuo/3675/
http://www.hortiflorexpo.com/cms_upload/20150723/20150723071720_288.bmp	http://www.hortiflorexpo.com/news/702.html
http://img.zwbk.org/baike/spic/2010/11/24/20101124075802182_5748.jpg	http://www.zwbk.org/MyLemmaShow.aspx?zh=zh-tw&lid=88832
http://pic.pimg.tw/hu4461/c573c74b248eb28f11d8e0e5331445f9.jpg?v=1279678762	http://hu4461.pixnet.net/blog/post/10552726-%E7%8E%89%E7%B0%AA%E8%8A%B1-%E6%9A%97%E6%9A%97%E9%96%8B-%E6%83%A6%E6%83%A6%E7%BE%8E
http://img.zhzyw.org/2009103116224065939.jpg	http://www.zhzyw.org/zycs/zytp/zy/09103116F686C24KG77JF302G.html
https://img3.doubanio.com/lpic/s24980326.jpg	https://www.douban.com/subject/21356095/
http://www.yuhuagu.com/uploads/allimg/110809/11_110809135824_1.jpg	http://www.yuhuagu.com/help/2011/0809/1462.html
https://www.huabaike.com/uploads/allimg/artimg/201511/20151116094037_31176.jpg	https://www.huabaike.com/jtyh/247.html
http://www.qnong.com.cn/uploadfile/2016/1124/20161124085554891.jpg	http://www.qnong.com.cn/zhongzhi/huahui/14727.html
https://www.huabaike.com/uploads/allimg/artimg/201511/20151116093644_70850.jpg	https://www.huabaike.com/jtyh/248.html
https://www.huabaike.com/uploads/allimg/sltimg/201511/5645c806d2b67.jpg	https://www.huabaike.com/sgzw/669.html
http://1.bp.blogspot.com/-ev-QuiQXq48/ThedQbMmxzI/AAAAAAAAgfM/uW6fsDS9rQA/s1600/DSC09997.JPG	http://yoshimasalee.blogspot.com/2011/07/blog-post_9822.html
http://opic.tbscache.com/manage/articles/2013/12-16/F42323B2-3ED3-7DE2-95F8-FA86B244E69E.jpg	http://www.tobosu.com/article/2013-12-16/108556.html
http://www.wed114.cn/jiehun/uploads/allimg/140121/28_140121160516_1.jpg	http://www.wed114.cn/jiehun/zhiwu/20140117118495.html
https://www.huabaike.com/uploads/allimg/20120628/12062Q01217315390-L.jpg	https://www.huabaike.com/huahuidaquan/201206/895.html
http://www.brion.org.tw/images/olddata/stories/yao/yuzanhua.1.jpg	http://www.brion.org.tw/article-2-content.php?FatherNo=5&LevelNo=&Seq=465&LevelName=%E8%97%A5%E6%9D%90%E5%88%86%E9%A1%9E
http://pic.pimg.tw/hu4461/5efd8c43667df7265ded2db86451c456.jpg?v=1279678760	http://hu4461.pixnet.net/blog/post/10552726-%E7%8E%89%E7%B0%AA%E8%8A%B1-%E6%9A%97%E6%9A%97%E9%96%8B-%E6%83%A6%E6%83%A6%E7%BE%8E
http://www.ailianshuo.net/uploads/sugen/yuzan/yuzan_03.jpg	http://www.ailianshuo.net/sugenhuahui/463/
http://www.wed114.cn/jiehun/uploads/allimg/140121/28_140121160516_5.jpg	http://www.wed114.cn/jiehun/zhiwu/20140117118495.html
http://blog.sciencenet.cn/upload/blog/images/2009/6/2009621161546734.jpg	http://blog.sciencenet.cn/home.php?mod=space&uid=40168&do=blog&id=238463
http://www.wed114.cn/jiehun/uploads/allimg/160612/52_160612150516_3.jpg	http://www.wed114.cn/jiehun/zhiwu/20160612146969_2.html
http://www.52yhua.com/uploads/allimg/161010/1-161010222149.jpg	http://www.52yhua.com/jishu/6013.html
http://www.kaixian.tv/r1/upload/201302/23/130223093565041.jpg	http://www.kaixian.tv/r1/n929972c19.shtml
http://www.ew9z.com/wp-content/uploads/2010/04/Hosta_plantaginea_flower_3.jpg	http://www.ew9z.com/yuzanhua-tupian-ziliao.html
http://img.qihuayihui.com/uppic/15-07/13/1908021965456.jpg	http://m.qihuayihui.com/zixun/879.html
http://img.zwbk.org/baike/spic/2010/11/24/20101124075913510_1276.jpg	http://www.zwbk.org/MyLemmaShow.aspx?zh=zh-tw&lid=88832
http://img.redocn.com/sheying/20151029/yuhuashengkai_5213169.jpg	http://sucai.redocn.com/dongwuzhiwu_7016525.html
http://img.007swz.com/cpimg/yiernianshengcaohua/IJ2dEY06Rq_1268314308.jpg	http://www.007swz.com/t/%D3%F1%F4%A2%BB%A8
http://blog.sina.com.tw/myimages/109/13165/images/20140610182313738.jpg	http://blog.sina.com.tw/fly3511/article.php?entryid=620479
http://www.brion.org.tw/images/olddata/stories/yao/yuzanhua.jpg	http://www.brion.org.tw/article-2-content.php?FatherNo=5&LevelNo=&Seq=465&LevelName=%E8%97%A5%E6%9D%90%E5%88%86%E9%A1%9E
https://www.huabaike.com/uploads/allimg/sltimg/201511/5645cbc0f0e06.jpg	https://www.huabaike.com/sgzw/669.html
http://pic.pimg.tw/hu4461/a336bb0b96747e3c7bda952c338e351b.jpg?v=1279678760	http://hu4461.pixnet.net/blog/post/10552726-%E7%8E%89%E7%B0%AA%E8%8A%B1-%E6%9A%97%E6%9A%97%E9%96%8B-%E6%83%A6%E6%83%A6%E7%BE%8E
https://gss1.bdstatic.com/9vo3dSag_xI4khGkpoWK1HF6hhy/baike/s%3D220/sign=746bb2843901213fcb3349de64e636f8/cdbf6c81800a19d84545025833fa828ba61e462d.jpg	https://baike.baidu.com/item/%E7%8E%89%E7%B0%AA%E8%8A%B1
https://gss3.bdstatic.com/-Po3dSag_xI4khGkpoWK1HF6hhy/baike/w%3D400/sign=4b6de48d44086e066aa83e4b32097b5a/bf096b63f6246b60ffc7cac8e3f81a4c500fa245.jpg	https://baike.baidu.com/item/%E7%8E%89%E7%B0%AA%E8%8A%B1
https://www.huabaike.com/uploads/allimg/sltimg/201511/5645c95c3ba7f.jpg	https://www.huabaike.com/sgzw/669.html
http://pic.tugou.com/baike/1466303815_721416.jpeg	http://www.tugou.com/baike/4365.html
https://www.huabaike.com/uploads/allimg/artimg/201701/20170111164738_45461.jpg	https://www.huabaike.com/hyjk/6758.html
http://1.bp.blogspot.com/-N5FO2Ya0eQg/ThedQ5KYP5I/AAAAAAAAgfc/Zbe0rhkaR4M/s1600/DSC09999.JPG	http://yoshimasalee.blogspot.com/2011/07/blog-post_9822.html
https://gw.alicdn.com/bao/uploaded/i2/601565227/TB2qzA7oXXXXXczXpXXXXXXXXXX_!!601565227.jpg_230x230.jpg	https://www.taobao.com/oshtml/buy-cn/cp_sNfT8fSiu6g.html
https://www.huabaike.com/uploads/allimg/sltimg/201511/5645cca767cce.jpg	https://www.huabaike.com/sgzw/669.html
http://img0.pchouse.com.cn/pchouse/1410/23/885513_5.3.jpg	http://www.pchouse.com.cn/baike/shenghuo/3675/
http://photo.renwen.com/0/403/40323_1353059326603730.jpg	http://www.renwen.com/wiki/%E7%8E%89%E7%B0%AA%E8%8A%B1
http://blog.sciencenet.cn/upload/blog/images/2009/6/2009621161718796.jpg	http://blog.sciencenet.cn/home.php?mod=space&uid=40168&do=blog&id=238463
http://d.blog.xuite.net/d6/78/12015123/blog_6342/txt/233868/233868_0.jpg	http://blog.xuite.net/siukit/siukitinca/233868-2005%E5%B9%B4%E7%AC%AC%E4%B8%80%E5%B9%85%E6%96%B0%E7%95%AB%E4%BD%9C--%E7%8E%89%E7%B0%AA%E8%8A%B1
https://www.huabaike.com/uploads/allimg/artimg/201611/20161124215712_75613.jpg	https://www.huabaike.com/hyjk/5880.html
http://p.ayxbk.com/images/thumb/e/eb/Bkg7a.jpg/200px-Bkg7a.jpg	http://www.a-hospital.com/w/%E7%8E%89%E7%B0%AA%E8%8A%B1
http://pic.pimg.tw/hu4461/cdb99b2438b3f74726e763599486e8e7.jpg?v=1279678760	http://hu4461.pixnet.net/blog/post/10552726-%E7%8E%89%E7%B0%AA%E8%8A%B1-%E6%9A%97%E6%9A%97%E9%96%8B-%E6%83%A6%E6%83%A6%E7%BE%8E
http://s5.sinaimg.cn/mw690/002Vm0xnzy6L80Co58M54&690	http://blog.sina.com.cn/s/blog_9fb9ecb50102uzl6.html
http://g-search1.alicdn.com/bao/uploaded/i3/TB1J.zNHpXXXXamXpXXXXXXXXXX_!!2-item_pic.png	http://tw.taobao.com/product/%E7%99%BD%E7%8E%89%E7%B0%AA%E8%8A%B1.htm
https://i2.kknews.cc/large/134f00019f31e690b8c5	https://kknews.cc/agriculture/p4k96oj.html
http://www.ailianshuo.net/uploads/sugen/yuzan/yuzan_02.jpg	http://www.ailianshuo.net/sugenhuahui/463/
http://www.artnet.com/WebServices/images/ll00027lldT3uGFgX31E3CfDrCWvaHBOcRxuD/wei-zuyin-%E7%99%BD%E7%8E%89%E7%B0%AA%E8%8A%B1.jpg	http://www.artnet.com/artists/wei-zuyin/%E7%99%BD%E7%8E%89%E7%B0%AA%E8%8A%B1-wqSgJQtldynRlNuSCDZbzA2
https://img.imynest.com/uploads/C/15/C1541CA345.jpeg	https://www.imynest.com/content/51723.html
http://www.wed114.cn/jiehun/uploads/allimg/160612/52_160612150516_4.jpg	http://www.wed114.cn/jiehun/zhiwu/20160612146969.html
http://2.bp.blogspot.com/-wQpPUXgE03s/VHditHkDDDI/AAAAAAAAN1M/_8-ghGfB_5Y/s1600/DSC02842.JPG	http://aeni1203.pixnet.net/blog/post/242640832-%E5%81%87%E7%8E%89%E7%B0%AA%28%E6%B0%B4%E6%99%B6%E7%99%BE%E5%90%88%29
http://img0.pchouse.com.cn/pchouse/1410/23/885572_5.1.jpg	http://www.pchouse.com.cn/baike/shenghuo/3675/
http://img5.artron.net/artist/A0262557/brt026255700041.jpg	http://linshuran.artron.net/works_detail_brt026255700041
https://www.huabaike.com/uploads/allimg/artimg/201701/20170111164717_63602.jpg	https://www.huabaike.com/hyjk/6758.html
http://image7.360doc.com/DownloadImg/2010/01/2613/2231390_2.jpg	http://www.360doc.com/content/10/0126/13/232758_14424621.shtml
https://www.cmeii.com/uploads/allimg/1704/1-1F41Q6264Y21.jpg	https://www.cmeii.com/sugencaobenlei/33.html
http://www.bdhzfw.com/imageRepository/e20feee9-4424-4a6c-a467-0f940dd115ce.jpg	http://www.bdhzfw.com/products_detail/productId=150.html
http://img1.ph.126.net/FAmSMpYQAvYKUw4hypcFPw==/6598220955332372845.jpg	http://zmffbk.lofter.com/tag/%E7%8E%89%E7%B0%AA%E8%8A%B1
http://img01.hua.com/uploadpic/images/201621192449801120.jpg	http://www.hua.com/huayu/14437.html
https://img.imynest.com/uploads/C/FB/CFBF44B964.jpeg	https://www.imynest.com/content/51723.html
http://homeeconomics.pixnet.net/album/downloadphoto?id=36044656	http://homeeconomics.pixnet.net/album/photo/36044656-3%E7%8E%89%E7%B0%AA%E8%8A%B1
http://www.npm.gov.tw/exhbition/pai0624/pictures/05_1.gif	http://www.npm.gov.tw/exhbition/pai0624/selec05_1.htm
http://img.zwbk.org/baike/bpic/2010/11/24/20101124075722823_4368.jpg	http://www.zwbk.org/MyLemmaShow.aspx?zh=zh-tw&lid=88832
http://img.ph.126.net/sdOiVfqj-G-UNPGAWx_4WA==/3398528868805780432.jpg	http://hsqlxy.blog.163.com/blog/static/941173662011414114153132/
http://blog.sina.com.tw/myimages/109/13165/images/20140610182843819.jpg	http://blog.sina.com.tw/fly3511/article.php?entryid=620479
https://b-ssl.duitang.com/uploads/item/201306/07/20130607172522_XkZkS.jpeg	https://www.duitang.com/blog/?id=138479821
http://k.zol-img.com.cn/dcbbs/23352/a23351765_01000.jpg	http://www.7262.com/index/546J57Cq6Iqx5Zu%2B54mH.html
http://a4.att.hudong.com/73/37/01100000000000144734379977632_s.jpg	http://www.baike.com/wiki/%E7%8E%89%E7%B0%AA%E8%8A%B1
http://www.jinanzhiwuyuan.com/uploadfile/2016/0815/20160815041757487.jpg	http://www.jinanzhiwuyuan.com/index.php?m=content&c=index&a=show&catid=27&id=124
http://www.52yhua.com/uploads/allimg/161010/1-161010221J3.jpg	http://m.52yhua.com/caoben/6014.html
http://b2b.image.yuanlin.com/Biz/2012-3/20123301522286696.jpg	http://maiqiyuanyi.yuanlin.com/sell-m178893.html
https://cbu01.alicdn.com/img/ibank/2015/260/221/2080122062_1793310583.400x400.jpg	http://detail.1688.com/offer/44736530031.html
http://www.yinda.cn/cn/pics/200882117651.JPG	https://tieba.baidu.com/p/555609574
http://img.boqiicdn.com/Data/BK/A/1510/8/imagick65971444283161_y.jpg	http://www.boqii.com/article/24147.html
http://www.chinabaike.com/uploads/allimg/110408/0353441434-0.jpg	http://www.chinabaike.com/z/nong/hy/756516.html
https://upload.wikimedia.org/wikipedia/commons/thumb/e/e7/Polianthes_tuberosa%2C_Burdwan%2C_West_Bengal%2C_India_25_10_2012.jpg/250px-Polianthes_tuberosa%2C_Burdwan%2C_West_Bengal%2C_India_25_10_2012.jpg	https://zh-yue.wikipedia.org/wiki/%E7%8E%89%E7%B0%AA%E8%8A%B1
http://www.wed114.cn/jiehun/uploads/allimg/160612/52_160612150703_1.jpg	http://www.wed114.cn/jiehun/zhiwu/20160612146969_2.html
http://img01.hua.com/uploadpic/images/201621192272087893.jpg	http://www.hua.com/huayu/14437.html
http://www.pjcn.org/uploads/allimg/1608/1-160R32126112O.jpg	http://www.pjcn.org/pz/sf/2293/
http://sns.people.com.cn/uploads/figureCaptions/Image/77/7a/e7/8e8be5ad90/1377705637841.JPG	http://blog.people.com.cn/article/1377705761805.html
http://img001.mllres.com/zximages/images/201601/14539719563386.jpg	http://zx.meilele.com/zhiwu/article-43494.html
http://www.52yhua.com/uploads/allimg/161010/1-161010221J2.jpg	http://m.52yhua.com/caoben/6014.html
https://cbu01.alicdn.com/img/ibank/2015/335/158/2076851533_1733072412.220x220.jpg	https://s.1688.com/kq/-B0D7D3F1F4A2BBA8.html
http://s13.sinaimg.cn/middle/5f64abc7g74cb1c7488ac&690	http://blog.sina.com.cn/s/blog_5f64abc70100lcve.html
http://p.ayxbk.com/images/thumb/2/27/Bkg77.jpg/200px-Bkg77.jpg	http://www.a-hospital.com/w/%E7%8E%89%E7%B0%AA%E8%8A%B1
https://lowii.com/hkplants/data/forum/forumid_14/0905091603306a7712b3d9452b.jpg	http://hkplants.com/thread-33575-1-1.html
https://www.huabaike.com/uploads/allimg/sltimg/201701/5875f0f54d843.jpg	https://www.huabaike.com/chonghai/5879.html
http://blog.sina.com.tw/myimages/109/13165/images/20140610182313937.jpg	http://blog.sina.com.tw/fly3511/article.php?entryid=620479
http://ww4.sinaimg.cn/mw600/406103c8jw1du412tjjwpj.jpg	http://blog.wenxuecity.com/myblog/67758/201502/30738.html
http://k.zol-img.com.cn/dcbbs/21995/a21994681_01000.jpg	http://m.zol.com.cn/dcbbs/d33995_1696.html
