
http://e.share.photo.xuite.net/bruce0342/1e07d04/10988483/512954689_m.jpg	http://bruce0342.blogspot.com/2011/11/blog-post_18.html
http://pic.pimg.tw/cleyera08/1379720900-2264079684.jpg	http://cleyera08.pixnet.net/blog/post/248112311-%E5%8F%B0%E7%81%A3%E7%8B%97%E5%A8%83%E8%8A%B1
http://a4.att.hudong.com/11/29/01100000000000144734292772015_s.jpg	http://www.baike.com/wiki/%E7%8B%97%E5%A8%83%E8%8A%B1
http://pic.pimg.tw/linyang122/1425961503-1580272515_n.jpg	http://linyang122.pixnet.net/blog/post/413234431-%E5%8F%B0%E7%81%A3%E7%8B%97%E5%A8%83%E8%8A%B1
https://b.share.photo.xuite.net/hann_long/1bfe8c7/16467283/886720628_m.jpg	http://blog.xuite.net/hann_long/wretch/177390708-%E5%8F%B0%E7%81%A3%E7%8B%97%E5%A8%83%E8%8A%B1
http://5.blog.xuite.net/5/e/1/e/23192616/blog_2170861/txt/44757259/3.jpg	http://blog.xuite.net/c117113/blog/44757259-%E7%8B%97%E5%A8%83%E8%8A%B1%EF%BC%86%E5%8F%B0%E7%81%A3%E7%8B%97%E5%A8%83%E8%8A%B1
http://1.bp.blogspot.com/-GQ04z2EFYuo/U00zbooWpdI/AAAAAAAAGtM/FqJZ71U3C7A/s1600/%E8%8F%8A_%E7%8B%97%E5%A8%83%E8%8A%B1+(4).JPG	http://bruce0342.blogspot.com/2014/03/asterhispidus-thunb.html
http://www.baihuamen.com/d/file/2014/05-26/0391b415498e9a2de2d9306b81824edf.jpg	http://www.baihuamen.com/gouwahua/
https://3.share.photo.xuite.net/eugeneyang/13bb5e4/8479183/346154005_m.jpg	http://blog.xuite.net/eugeneyang/twblog/113563740-%E6%B8%85%E6%96%B0%E5%8F%AF%E6%84%9B%E7%9A%84_+%E9%A6%AC%E8%98%AD%E5%92%8C%E5%8F%B0%E7%81%A3%E7%8B%97%E5%A8%83%E8%8A%B1
http://link.photo.pchome.com.tw/s08/riby771987/33/124115702689/	http://mypaper.pchome.com.tw/riby771987/post/1312727350
http://e.share.photo.xuite.net/bruce0342/1e07d46/10988483/512945027_m.jpg	http://bruce0342.blogspot.com/2011/11/blog-post_18.html
http://1.bp.blogspot.com/-EsWuVu_YLWU/Ux-OMKzjqwI/AAAAAAAAFuE/fvmsqqHOBSU/s1600/%E8%8F%8A_%E7%8B%97%E5%A8%83%E8%8A%B1+(4).jpg	http://bruce0342.blogspot.com/2014/03/asterhispidus-thunb.html
http://a3.att.hudong.com/84/99/20300000237086143329993823181_s.jpg	http://www.baike.com/wiki/%E6%97%A0%E8%88%8C%E7%8B%97%E5%A8%83%E8%8A%B1
http://www.baihuamen.com/d/file/2014/05-26/efec246dd79476be2988698861429628.jpg	http://www.baihuamen.com/gouwahua/
http://pic28.nipic.com/20130411/11756111_083011265000_2.jpg	http://www.nipic.com/show/7828633.html
http://a2.att.hudong.com/88/28/16300000044935128108285489038.jpg	http://tupian.baike.com/a2_88_28_16300000044935128108285489038_jpg.html&prd=so_tupian
http://www.lfes.tc.edu.tw/%E5%AD%B8%E7%BF%92%E5%A4%A9%E5%A0%82/%E7%B6%A0%E6%A0%A1%E5%9C%92%E7%B6%B2%E9%A0%81/%E5%8D%81%E4%BA%8C%E7%94%9F%E8%82%96%E5%8D%8029/11%E7%8B%97%E5%A8%83%E8%8A%B1/%E9%A6%96%E5%9C%96_11%E7%8B%97%E5%A8%83%E8%8A%B1.jpg	http://www.lfes.tc.edu.tw/%E5%AD%B8%E7%BF%92%E5%A4%A9%E5%A0%82/%E7%B6%A0%E6%A0%A1%E5%9C%92%E7%B6%B2%E9%A0%81/%E5%8D%81%E4%BA%8C%E7%94%9F%E8%82%96%E5%8D%8029/%E5%8D%81%E4%BA%8C%E7%94%9F%E8%82%96-11%E7%8B%97%E5%A8%83%E8%8A%B1htm.htm
http://www.cfh.ac.cn/data/5fcba1ef-e922-4130-92f0-412f65ed6fa7.photonormal	http://www.cfh.ac.cn/BioBook/SCList/1/203.html
http://www.szy2007.com/upfiles/contentfiles/201205/20120530103553540.jpg	http://www.szy2007.com/Specimens_View.asp?ProID=2436
https://e.share.photo.xuite.net/hortwu239/1e86664/13080188/662947048_m.jpg	http://blog.xuite.net/hortwu239/wretch/143261443-%E8%B5%B0%E9%A6%AC%E7%9C%8B%E8%8A%B1%EF%BC%8D%E9%A6%AC%E7%A5%96%E8%B3%9E%E8%8A%B1%E8%A8%98
http://2.bp.blogspot.com/-m-9eWDOrhc4/U00zc6Y4BLI/AAAAAAAAGtc/h0HD0LWbfBw/s1600/%E8%8F%8A_%E7%8B%97%E5%A8%83%E8%8A%B1+(6).JPG	http://bruce0342.blogspot.com/2014/03/asterhispidus-thunb.html
http://big5.huaxia.com/uniwaysimages/200608/zhw301355335.jpg	http://big5.huaxia.com/tw/twzm/2006/00503179.html
http://www.bjyl.gov.cn/ztxx/bjhx/hhzs/201608/W020160811361527800528.jpg	http://www.bjyl.gov.cn/ztxx/bjhx/hhzs/201608/t20160811_183187.shtml
https://pic.pimg.tw/dawnchorus/1446379280-1047804044_m.jpg?v=1446379283	http://dawnchorus.pixnet.net/blog/post/45502318-%E7%8B%97%E5%A8%83%E8%8A%B1
http://a1.att.hudong.com/42/37/20300542492842143349379425138_s.jpg	http://www.baike.com/wiki/%E5%8D%8E%E5%8D%97%E7%8B%97%E5%A8%83%E8%8A%B1
http://link.photo.pchome.com.tw/s12/qiufeng540/43/128954387780/	http://mypaper.pchome.com.tw/qiufeng540/post/1321656664
http://www.matsu-news.gov.tw/upload/images_big/144082.jpg	http://www.matsu-news.gov.tw/2010web/news_detail_101.php?CMD=open&UID=144082
http://img3.ph.126.net/HgYV2WoShggEtFN_UM1tjA==/2681330628162610313.jpg	http://nmyz009.blog.163.com/blog/static/117112122012717115433224/
http://f.blog.xuite.net/f/4/5/8/238256070/blog_3560410/txt/122928266/11.jpg	http://blog.xuite.net/hsu042/twblog1/122928266-%E5%8F%B0%E7%81%A3%E7%8B%97%E5%A8%83%E8%8A%B1
http://2.bp.blogspot.com/-V4J1wRxpJXY/Ux-OL-ZBPCI/AAAAAAAAFuA/Jltdci2PE2Q/s1600/%E8%8F%8A_%E7%8B%97%E5%A8%83%E8%8A%B1+(3).JPG	http://bruce0342.blogspot.com/2014/03/asterhispidus-thunb.html
http://e.share.photo.xuite.net/bruce0342/1e07de0/10988483/512933405_m.jpg	http://bruce0342.blogspot.com/2011/11/blog-post_18.html
http://www.matsu-nsa.gov.tw/FileArtPic.ashx?id=226&w=400&h=300	http://www.matsu-nsa.gov.tw/User/Photo-Album.aspx?a=234&l=1&apid=226&p=1
http://pic.pimg.tw/linyang122/1425961497-2899295655_n.jpg	http://linyang122.pixnet.net/blog/post/413234431-%E5%8F%B0%E7%81%A3%E7%8B%97%E5%A8%83%E8%8A%B1
https://pic.pimg.tw/lin0223yeh/1437020043-1246457031.jpg	http://lin0223yeh.pixnet.net/blog/post/201132528-%E7%8B%97%E5%A8%83%E8%8A%B1%E3%80%81%E9%A6%AC%E8%98%AD%E3%80%81%E8%93%AC%E8%92%BF%E8%8F%8A%28%E7%91%AA%E6%A0%BC%E9%BA%97%E7%89%B9%29%E3%80%81%E6%83%85%E4%BA%BA%E8%8F%8A%E3%80%81
http://pic.pimg.tw/linyang122/1425961505-1268519144_n.jpg	http://linyang122.pixnet.net/blog/post/413234431-%E5%8F%B0%E7%81%A3%E7%8B%97%E5%A8%83%E8%8A%B1
https://upload.wikimedia.org/wikipedia/commons/f/f0/%E8%8A%B1%E6%9C%B5.jpg	https://zh.wikipedia.org/wiki/%E5%8F%B0%E6%B9%BE%E7%8B%97%E5%A8%83%E8%8A%B1
http://www.matsu-news.gov.tw/upload/images_big/81871.JPG	http://www.hotspotimage.com/bbs/viewthread.php?tid=5531
https://b.share.photo.xuite.net/hann_long/1bfe8e3/16467283/886720656_m.jpg	http://blog.xuite.net/hann_long/wretch/177390708-%E5%8F%B0%E7%81%A3%E7%8B%97%E5%A8%83%E8%8A%B1
http://pic.pimg.tw/linyang122/1425961487-1893826437_n.jpg	http://linyang122.pixnet.net/blog/post/413234431-%E5%8F%B0%E7%81%A3%E7%8B%97%E5%A8%83%E8%8A%B1
http://4.bp.blogspot.com/-oF010BbBUFM/U00yU1qJaII/AAAAAAAAGs8/7bKuByQHCWs/s1600/%E8%8F%8A_%E7%8B%97%E5%A8%83%E8%8A%B1+(2).JPG	http://bruce0342.blogspot.com/2014/03/asterhispidus-thunb.html
http://image.yuanlin.com/yuanyi/uppic/2014/12/bf52332c-292e-49e1-b4f7-2c372766f48a.jpg	http://yy.yuanlin.com/detail/47825.html
http://img.supfree.net/zhongyao/images/2620_1.jpg	http://zhongyao.m.supfree.net/hao.asp?id=%B9%B7%CD%DE%BB%A8
http://f.blog.xuite.net/f/4/5/8/238256070/blog_3560410/txt/122928266/5.jpg	http://blog.xuite.net/hsu042/twblog1/122928266-%E5%8F%B0%E7%81%A3%E7%8B%97%E5%A8%83%E8%8A%B1
https://gss2.bdstatic.com/-fo3dSag_xI4khGkpoWK1HF6hhy/baike/s%3D220/sign=511e1d1eb299a9013f355c342d950a58/0d338744ebf81a4c1f212dc3dd2a6059252da6ad.jpg	https://baike.baidu.com/item/%E9%98%BF%E5%B0%94%E6%B3%B0%E7%8B%97%E5%A8%83%E8%8A%B1
http://pic.pimg.tw/ju2903/1382963170-4264597813.jpg	http://ju2903.pixnet.net/blog/post/286636682-20120813~5-%E9%A6%AC%E7%A5%96%E5%8D%A1%E8%B9%93--%E5%8C%97%E7%AB%BF%E7%AF%87
http://www.zwbk.org/edit/file/2010073103290927_4924.JPG	http://www.zwbk.org/PictureShow.aspx?pid=2010073103290927_4924.JPG&title=%u53F0%u6E7E%u72D7%u5A03%u82B1&lid=71010
http://5.blog.xuite.net/5/e/1/e/23192616/blog_2170861/txt/44757259/1.jpg	http://blog.xuite.net/c117113/blog/44757259-%E7%8B%97%E5%A8%83%E8%8A%B1%EF%BC%86%E5%8F%B0%E7%81%A3%E7%8B%97%E5%A8%83%E8%8A%B1
http://f.blog.xuite.net/f/4/5/8/238256070/blog_3560410/txt/122928266/7.jpg	http://blog.xuite.net/hsu042/twblog1/122928266-%E5%8F%B0%E7%81%A3%E7%8B%97%E5%A8%83%E8%8A%B1
http://eoldata.taibif.tw/files/eoldata/imagecache/data_object_image/images/33/p_4_432_0.jpg	http://taibif.tw/zh/namecode/202387?order=solr_document_2&sort=desc
https://2.bp.blogspot.com/--yNtay8TKU8/WSlL32gcWnI/AAAAAAAAiT4/7-lhELPakUQEfAMi7L1bvKF1kSHJIH-xQCLcB/s1600/%25E8%258F%258A_%25E8%258F%25AF%25E5%258D%2597%25E7%258B%2597%25E5%25A8%2583%25E8%258A%25B1%2B%25281%2529.JPG	http://bruce0342.blogspot.com/2017/05/blog-post_29.html
http://a2.att.hudong.com/33/39/20300543127931143340392376002_s.jpg	http://www.baike.com/wiki/%E7%A0%82%E7%8B%97%E5%A8%83%E8%8A%B1
http://pic.pimg.tw/cleyera08/1379720895-3222701705.jpg	http://cleyera08.pixnet.net/blog/post/248112311-%E5%8F%B0%E7%81%A3%E7%8B%97%E5%A8%83%E8%8A%B1
http://img.boqiicdn.com/Data/BK/A/1601/11/imagick53941452482656_y.jpg	http://www.boqii.com/article/25845.html
https://upload.wikimedia.org/wikipedia/commons/thumb/9/9a/Heteropappus_hispidus.jpg/220px-Heteropappus_hispidus.jpg	https://zh.wikipedia.org/wiki/%E7%8B%97%E5%A8%83%E8%8A%B1
http://pic.pimg.tw/xiangai/1338721692-495688552_n.jpg	http://blog.sina.com.tw/pybk/article.php?entryid=631427
http://5.blog.xuite.net/5/e/1/e/23192616/blog_2170861/txt/44757259/0.jpg	http://blog.xuite.net/c117113/blog/44757259-%E7%8B%97%E5%A8%83%E8%8A%B1%EF%BC%86%E5%8F%B0%E7%81%A3%E7%8B%97%E5%A8%83%E8%8A%B1
https://photo.tuchong.com/881140/f/9593352.jpg	https://tuchong.com/881140/12603121/
http://www.bjyl.gov.cn/ztxx/bjhx/hhzs/201608/W020160811361527809396.jpg	http://www.bjyl.gov.cn/ztxx/bjhx/hhzs/201608/t20160811_183187.shtml
http://2.bp.blogspot.com/-kdgnjAjw3UE/U00yJfnV_II/AAAAAAAAGs0/u47wlBj85Nc/w1200-h630-p-k-no-nu/%E8%8F%8A_%E7%8B%97%E5%A8%83%E8%8A%B1+(1).JPG	http://bruce0342.blogspot.com/2014/03/asterhispidus-thunb.html
http://taibnet.sinica.edu.tw/uploads_moved/20107151960_202392_.jpg	http://taibif.tw/zh/namecode/202392?order=solr_document_3&sort=desc
http://g.udn.com.tw/upfiles/B_RO/rosa2010/PSN_PHOTO/204/f_12337204_1.JPG	http://blog.udn.com/rosa2010/24426253
https://www.tfri.gov.tw/files/%E5%8F%B0%E7%81%A3%E7%8B%97%E5%A8%83%E8%8A%B1%E8%88%8C%E7%8B%80%E8%8A%B1(%E9%82%8A%E8%8A%B1)%E8%8A%B1%E5%86%A0%E6%B7%A1%E7%B4%AB%E8%89%B2%EF%BC%8C%E7%AD%92%E7%8B%80%E8%8A%B1(%E5%BF%83%E8%8A%B1)%E8%8A%B1%E5%86%A0%E9%BB%83%E8%89%B2-2.JPG	https://www.tfri.gov.tw/main/news_in.aspx?siteid=&ver=&usid=&mnuid=5102&modid=529&mode=&nid=12336&noframe=
https://3.share.photo.xuite.net/eugeneyang/13bb50a/8479183/346156603_m.jpg	http://blog.xuite.net/eugeneyang/twblog/113563740-%E6%B8%85%E6%96%B0%E5%8F%AF%E6%84%9B%E7%9A%84_+%E9%A6%AC%E8%98%AD%E5%92%8C%E5%8F%B0%E7%81%A3%E7%8B%97%E5%A8%83%E8%8A%B1
http://8.blog.xuite.net/8/7/4/8/12030368/blog_46989/txt/11987417/9.jpg	http://blog.xuite.net/vivian.li0124/read/11987417-%E5%8F%B0%E7%81%A3%E7%8B%97%E5%A8%83%E8%8A%B1
http://www.wed114.cn/jiehun/uploads/allimg/160705/54_160705112342_1.jpg	http://www.wed114.cn/jiehun/zhiwu/20160705148483.html
https://pic.pimg.tw/lin0223yeh/1437020036-3346100225_n.jpg	http://lin0223yeh.pixnet.net/blog/post/201132528-%E7%8B%97%E5%A8%83%E8%8A%B1%E3%80%81%E9%A6%AC%E8%98%AD%E3%80%81%E8%93%AC%E8%92%BF%E8%8F%8A%28%E7%91%AA%E6%A0%BC%E9%BA%97%E7%89%B9%29%E3%80%81%E6%83%85%E4%BA%BA%E8%8F%8A%E3%80%81
http://a2.att.hudong.com/40/29/01100000000000144734292692452_s.jpg	http://www.baike.com/wiki/%E7%8B%97%E5%A8%83%E8%8A%B1
http://g.udn.com.tw/upfiles/B_RO/rosa2010/PSN_PHOTO/201/f_12337201_1.JPG	http://blog.udn.com/rosa2010/24426253
http://a2.att.hudong.com/86/43/20300000164151143393432701154_s.jpg	http://www.baike.com/wiki/%E7%81%B0%E7%99%BD%E9%98%BF%E5%B0%94%E6%B3%B0%E7%8B%97%E5%A8%83%E8%8A%B1
http://f.blog.xuite.net/f/4/5/8/238256070/blog_3560410/txt/122928266/9.jpg	http://blog.xuite.net/hsu042/twblog1/122928266-%E5%8F%B0%E7%81%A3%E7%8B%97%E5%A8%83%E8%8A%B1
http://pic.pimg.tw/linyang122/1425961504-3680222346_n.jpg	http://linyang122.pixnet.net/blog/post/413234431-%E5%8F%B0%E7%81%A3%E7%8B%97%E5%A8%83%E8%8A%B1
http://eoldata.taibif.tw/files/eoldata/imagecache/data_object_image/images/39/2010715191031_202392_.jpg	http://taibif.tw/zh/namecode/202392?order=solr_document_3&sort=desc
https://gss3.bdstatic.com/-Po3dSag_xI4khGkpoWK1HF6hhy/baike/s%3D220/sign=59b8d8a04a90f60300b09b450913b370/503d269759ee3d6d86c1d35a43166d224f4ade18.jpg	https://baike.baidu.com/item/%E7%8B%97%E5%A8%83%E8%8A%B1%E5%B1%9E
http://img.redocn.com/sheying/20140812/baisegouwahua_2878385.jpg	http://m.redocn.com/dongwuzhiwu_2878385.html
http://eoldata.taibif.tw/files/eoldata/imagecache/data_object_image/images/39/201071519824_202392_.jpg	http://taibif.tw/zh/namecode/202392?order=solr_document_3&sort=desc
https://gss2.bdstatic.com/9fo3dSag_xI4khGkpoWK1HF6hhy/baike/s%3D220/sign=e4f401a03a87e9504617f46e2039531b/91ef76c6a7efce1bcfe2c6a9af51f3deb58f6583.jpg	http://baike.baidu.com/item/%E6%99%AE%E9%99%80%E7%8B%97%E5%A8%83%E8%8A%B1
http://www.huayugu.com.cn/uploads/allimg/160624/1-160624093009359.jpg	http://m.huayugu.com.cn/list.php?tid=887
http://a0.att.hudong.com/12/50/01300000866993127247509768126_s.jpg	http://www.baike.com/wiki/%E6%97%A0%E8%88%8C%E7%8B%97%E5%A8%83%E8%8A%B1
http://s10.sinaimg.cn/bmiddle/0022rybyzy6UwPhXlsR29&690	http://blog.sina.cn/dpool/blog/s/blog_6f5d495c0102von1.html?md=gd
http://www.huayugu.com.cn/uploads/allimg/160624/1-160624093J20-L.jpg	http://www.huayugu.com.cn/gouwahua/
http://a2.att.hudong.com/88/40/20300543532588144655405946014_s.jpg	http://www.baike.com/wiki/%E7%B2%97%E6%AF%9B%E9%98%BF%E5%B0%94%E6%B3%B0%E7%8B%97%E5%A8%83%E8%8A%B1
http://www.huajiang.cc/uploads/allimg/151215/15-151215141428.jpg	http://images.huajiang.cc/juke/5862.html
http://5.blog.xuite.net/5/e/1/e/23192616/blog_2170861/txt/44757259/17.jpg	http://blog.xuite.net/c117113/blog/44757259-%E7%8B%97%E5%A8%83%E8%8A%B1%EF%BC%86%E5%8F%B0%E7%81%A3%E7%8B%97%E5%A8%83%E8%8A%B1
http://a3.att.hudong.com/60/80/20300542608910143407809076508_s.jpg	http://www.baike.com/gwiki/%E7%B3%99%E6%AF%9B%E9%98%BF%E5%B0%94%E6%B3%B0%E7%8B%97%E5%A8%83%E8%8A%B1
http://www.huayugu.com.cn/uploads/allimg/160624/1-1606240933360-L.jpg	http://www.huayugu.com.cn/gouwahua/
http://e.share.photo.xuite.net/bruce0342/1e07d93/10988483/512926928_m.jpg	http://bruce0342.blogspot.com/2011/11/blog-post_18.html
https://pic.pimg.tw/dawnchorus/1446379789-1863890567_m.jpg?v=1446379790	http://dawnchorus.pixnet.net/blog/post/45502318-%E7%8B%97%E5%A8%83%E8%8A%B1
http://pic.pimg.tw/jjli/1345206188-1927626055_n.jpg	http://jjli.pixnet.net/album/photo/180550476-%E8%8F%AF%E5%8D%97%E7%8B%97%E5%A8%83%E8%8A%B1
http://img.xunhai.com/2015/11/26/144853019814167.jpg	http://www.xunhai.com/gouwahua/2015/1126/4474.html
http://img.supfree.net/zhongyao/images/2620_2.jpg	http://zhongyao.m.supfree.net/hao.asp?id=%B9%B7%CD%DE%BB%A8
http://pic10.nipic.com/20101024/4224370_073810087645_2.jpg	http://www.nipic.com/show/3826785.html
http://www.yeehua.net/pic/2014/IMG_20140921_092440.jpg	http://yeehua.net/zwdetail.asp?cs=6&zw_id=226
http://img.redocn.com/sheying/20150317/gouwahua_4006003.jpg	http://sucai.redocn.com/dongwuzhiwu_4006003.html
http://www.huajiang.cc/uploads/image/20151215/1450159228646337.jpg	http://www.huajiang.cc/life/20150612/5299.html
http://www.huayugu.com.cn/uploads/allimg/160624/1-160624092K70-L.jpg	http://www.huayugu.com.cn/gouwahua/
http://www.yangshengyi.com/d/file/zhongyi/2017-04-14/8a79b56c4c06351c98788dd9bd4a64d9.jpg	http://www.yangshengyi.com/zhongyi/21345.html
http://link.photo.pchome.com.tw/s08/riby771987/33/124115700427/	http://mypaper.pchome.com.tw/riby771987/post/1312727350
http://s16.sinaimg.cn/mw690/003gUbwtzy6UgHidfTF0f&690	http://blog.sina.com.cn/s/blog_b2b50fe90102vm31.html
http://s7.sinaimg.cn/mw690/501e4167gdcf48f517c26&690	http://blog.sina.com.cn/s/blog_501e41670102er5u.html
http://www.matsu-news.gov.tw/upload/images_big/50129.jpg	http://www.matsu.idv.tw/topicdetail.php?f=5&t=21149
