
https://gss2.bdstatic.com/9fo3dSag_xI4khGkpoWK1HF6hhy/baike/c0%3Dbaike80%2C5%2C5%2C80%2C26/sign=421d39584c086e067ea5371963611091/8435e5dde71190ef8c4237b6ce1b9d16fdfa601a.jpg
https://gss3.bdstatic.com/-Po3dSag_xI4khGkpoWK1HF6hhy/baike/c0%3Dbaike80%2C5%2C5%2C80%2C26/sign=fc8601d6a0ec08fa320d1bf538875608/e1fe9925bc315c603f2dce868db1cb134954771a.jpg
https://gss0.bdstatic.com/-4o3dSag_xI4khGkpoWK1HF6hhy/baike/c0%3Dbaike80%2C5%2C5%2C80%2C26/sign=f82abe84a3cc7cd9ee203c8b58684a5a/d50735fae6cd7b89cad49fea0f2442a7d9330e1a.jpg
https://gss1.bdstatic.com/-vo3dSag_xI4khGkpoWK1HF6hhy/baike/c0%3Dbaike150%2C5%2C5%2C150%2C50/sign=cf76aadee950352aa56c2d5a322a9097/2e2eb9389b504fc220e7156ce5dde71190ef6d1b.jpg

https://gss3.bdstatic.com/-Po3dSag_xI4khGkpoWK1HF6hhy/baike/c0%3Dbaike92%2C5%2C5%2C92%2C30/sign=755bb5d9dab44aed4d43b6b6d275ec64/caef76094b36acafdd9e206f7cd98d1001e99c23.jpg
https://gss1.bdstatic.com/-vo3dSag_xI4khGkpoWK1HF6hhy/baike/c0%3Dbaike150%2C5%2C5%2C150%2C50/sign=34a9966d36d3d539d53007915bee8235/203fb80e7bec54e7cb92ac8db9389b504fc26a23.jpg
https://gss3.bdstatic.com/-Po3dSag_xI4khGkpoWK1HF6hhy/baike/c0%3Dbaike92%2C5%2C5%2C92%2C30/sign=190052aab3de9c82b268f1dd0de8eb6f/f9198618367adab4c1b5add08bd4b31c8701e438.jpg
https://gss2.bdstatic.com/-fo3dSag_xI4khGkpoWK1HF6hhy/baike/c0%3Dbaike116%2C5%2C5%2C116%2C38/sign=9c0d30baebc4b7452099bf44ae957572/267f9e2f0708283889686a87b899a9014c08f138.jpg
https://gss3.bdstatic.com/-Po3dSag_xI4khGkpoWK1HF6hhy/baike/c0%3Dbaike116%2C5%2C5%2C116%2C38/sign=3d99206f7cd98d1062d904634056d36b/8d5494eef01f3a293eb1635d9925bc315c607c23.jpg

https://gss2.bdstatic.com/9fo3dSag_xI4khGkpoWK1HF6hhy/baike/c0%3Dbaike92%2C5%2C5%2C92%2C30/sign=50a5b9afe2fe9925df01610255c135ba/b64543a98226cffc749b1ed8bb014a90f603ea23.jpg
https://gss2.bdstatic.com/9fo3dSag_xI4khGkpoWK1HF6hhy/baike/c0%3Dbaike116%2C5%2C5%2C116%2C38/sign=8ba8806f257f9e2f6438155a7e598241/09fa513d269759ee174e5242b0fb43166d22df18.jpg
https://gss1.bdstatic.com/9vo3dSag_xI4khGkpoWK1HF6hhy/baike/c0%3Dbaike92%2C5%2C5%2C92%2C30/sign=b55231682d2eb938f86072a0b40bee50/0e2442a7d933c89530f6aaf2d31373f0830200aa.jpg

https://gss1.bdstatic.com/9vo3dSag_xI4khGkpoWK1HF6hhy/baike/c0%3Dbaike180%2C5%2C5%2C180%2C60/sign=5e8e5742a9ec8a1300175fb2966afaea/1b4c510fd9f9d72a69fb63b0d42a2834359bbbfb.jpg
https://gss3.bdstatic.com/7Po3dSag_xI4khGkpoWK1HF6hhy/baike/c0%3Dbaike180%2C5%2C5%2C180%2C60/sign=11af3510a9773912d02b8d339970ed7d/8b13632762d0f7037623e67108fa513d2797c58e.jpg
https://gss2.bdstatic.com/9fo3dSag_xI4khGkpoWK1HF6hhy/baike/c0%3Dbaike92%2C5%2C5%2C92%2C30/sign=cb20f42ad0a20cf4529df68d17602053/1ad5ad6eddc451da13697f46b6fd5266d11632fb.jpg
https://gss0.bdstatic.com/-4o3dSag_xI4khGkpoWK1HF6hhy/baike/c0%3Dbaike220%2C5%2C5%2C220%2C73/sign=e1991f1fb2b7d0a26fc40ccfaa861d6c/fcfaaf51f3deb48fc0f9d273f01f3a292cf5788e.jpg
https://gss3.bdstatic.com/-Po3dSag_xI4khGkpoWK1HF6hhy/baike/c0%3Dbaike92%2C5%2C5%2C92%2C30/sign=acb2ff8fc8fcc3cea0cdc161f32cbded/908fa0ec08fa513dcd351f733d6d55fbb3fbd984.jpg
https://gss0.bdstatic.com/-4o3dSag_xI4khGkpoWK1HF6hhy/baike/c0%3Dbaike92%2C5%2C5%2C92%2C30/sign=440f4a6931adcbef15397654cdc645b8/dcc451da81cb39db225014fbd0160924aa18308e.jpg
https://gss0.bdstatic.com/94o3dSag_xI4khGkpoWK1HF6hhy/baike/c0%3Dbaike92%2C5%2C5%2C92%2C30/sign=99ac67a2b80e7bec37d70bb34e47d25d/e7cd7b899e510fb3af89043ad933c895d0430c8e.jpg
https://gss3.bdstatic.com/7Po3dSag_xI4khGkpoWK1HF6hhy/baike/c0%3Dbaike180%2C5%2C5%2C180%2C60/sign=11a03510a9773912d02b8d339970ed7d/8b13632762d0f703762ce67108fa513d2797c585.jpg
https://gss1.bdstatic.com/9vo3dSag_xI4khGkpoWK1HF6hhy/baike/c0%3Dbaike80%2C5%2C5%2C80%2C26/sign=dda37367e6cd7b89fd6132d16e4d29c2/1b4c510fd9f9d72a69fd63b0d42a2834359bbb85.jpg

https://gss1.bdstatic.com/-vo3dSag_xI4khGkpoWK1HF6hhy/baike/c0%3Dbaike80%2C5%2C5%2C80%2C26/sign=eda3dd86e924b899ca31716a0f6f76f0/9a504fc2d5628535204625a790ef76c6a6ef6396.jpg
https://gss0.bdstatic.com/-4o3dSag_xI4khGkpoWK1HF6hhy/baike/c0%3Dbaike80%2C5%2C5%2C80%2C26/sign=b7e0074bfc039245b5b8e95de6fdcfa7/54fbb2fb43166d223b64e412462309f79052d221.jpg
https://gss2.bdstatic.com/9fo3dSag_xI4khGkpoWK1HF6hhy/baike/c0%3Dbaike80%2C5%2C5%2C80%2C26/sign=ade3e512462309f7f362a54013676796/9358d109b3de9c8233f109096c81800a18d843a4.jpg
https://gss0.bdstatic.com/94o3dSag_xI4khGkpoWK1HF6hhy/baike/c0%3Dbaike80%2C5%2C5%2C80%2C26/sign=213605e2b319ebc4d4757ecbe34fa499/b3119313b07eca803d3f0360912397dda144837a.jpg
https://gss1.bdstatic.com/9vo3dSag_xI4khGkpoWK1HF6hhy/baike/c0%3Dbaike80%2C5%2C5%2C80%2C26/sign=04a45e5e3901213fdb3e468e358e5db4/9f510fb30f2442a750879722d143ad4bd01302af.jpg
https://gss3.bdstatic.com/7Po3dSag_xI4khGkpoWK1HF6hhy/baike/c0%3Dbaike80%2C5%2C5%2C80%2C26/sign=4d1632b8d9f9d72a0369184fb5434351/241f95cad1c8a7869e4d1c896709c93d71cf50d5.jpg
https://gss3.bdstatic.com/7Po3dSag_xI4khGkpoWK1HF6hhy/baike/c0%3Dbaike80%2C5%2C5%2C80%2C26/sign=4d5b9664572c11dfcadcb771024e09b5/ae51f3deb48f8c54bb6c94a83a292df5e1fe7ffd.jpg
https://gss1.bdstatic.com/-vo3dSag_xI4khGkpoWK1HF6hhy/baike/c0%3Dbaike80%2C5%2C5%2C80%2C26/sign=9dfeccb64c086e067ea5371963611091/8435e5dde71190ef53a1c258ce1b9d16fcfa60da.jpg
https://gss3.bdstatic.com/-Po3dSag_xI4khGkpoWK1HF6hhy/baike/c0%3Dbaike80%2C5%2C5%2C80%2C26/sign=07dbed23a4c27d1eb12b33967abcc60b/21a4462309f790524bc618b90cf3d7ca7acbd558.jpg
https://gss2.bdstatic.com/9fo3dSag_xI4khGkpoWK1HF6hhy/baike/c0%3Dbaike80%2C5%2C5%2C80%2C26/sign=7ef0ce4cfbedab64607f4592965fc4a6/3bf33a87e950352a1ca3958f5343fbf2b3118b73.jpg
https://gss0.bdstatic.com/-4o3dSag_xI4khGkpoWK1HF6hhy/baike/c0%3Dbaike80%2C5%2C5%2C80%2C26/sign=95593289b13533fae1bb9b7cc9ba967a/9f2f070828381f3065a5362ea9014c086f06f0fd.jpg
https://gss3.bdstatic.com/-Po3dSag_xI4khGkpoWK1HF6hhy/baike/c0%3Dbaike80%2C5%2C5%2C80%2C26/sign=5d5b9f040f2442a7ba03f5f7b02ac62e/6159252dd42a2834f791938c5bb5c9ea15cebf06.jpg
https://gss1.bdstatic.com/9vo3dSag_xI4khGkpoWK1HF6hhy/baike/c0%3Dbaike80%2C5%2C5%2C80%2C26/sign=4b3ea6431bd5ad6ebef46cb8e0a252be/9922720e0cf3d7cae2eea2f1f21fbe096b63a919.jpg

https://gss1.bdstatic.com/-vo3dSag_xI4khGkpoWK1HF6hhy/baike/c0%3Dbaike92%2C5%2C5%2C92%2C30/sign=3db70b2e2cf5e0fefa1581533d095fcd/eac4b74543a9822602542f108b82b9014a90eb74.jpg
https://gss0.bdstatic.com/-4o3dSag_xI4khGkpoWK1HF6hhy/baike/c0%3Dbaike92%2C5%2C5%2C92%2C30/sign=fd708d39b03533fae1bb9b7cc9ba967a/8601a18b87d6277f7a87360f29381f30e924fc74.jpg
https://gss0.bdstatic.com/-4o3dSag_xI4khGkpoWK1HF6hhy/baike/c0%3Dbaike92%2C5%2C5%2C92%2C30/sign=8b96560ec83d70cf58f7a25f99b5ba65/7af40ad162d9f2d3a38420d8a8ec8a136327cc74.jpg
https://gss3.bdstatic.com/-Po3dSag_xI4khGkpoWK1HF6hhy/baike/c0%3Dbaike92%2C5%2C5%2C92%2C30/sign=4785a5e9f11f3a294ec5dd9cf84cd754/0b55b319ebc4b7458878b321cefc1e178a82151c.jpg

https://gss2.bdstatic.com/-fo3dSag_xI4khGkpoWK1HF6hhy/baike/c0%3Dbaike92%2C5%2C5%2C92%2C30/sign=6d0fad85d058ccbf0fb1bd6878b1d75b/377adab44aed2e735505821b8601a18b87d6fa1d.jpg
https://gss0.bdstatic.com/-4o3dSag_xI4khGkpoWK1HF6hhy/baike/c0%3Dbaike92%2C5%2C5%2C92%2C30/sign=ade5a60d314e251ff6faecaac6efa272/e824b899a9014c0882d72c920b7b02087bf4f41d.jpg
https://gss2.bdstatic.com/-fo3dSag_xI4khGkpoWK1HF6hhy/baike/c0%3Dbaike92%2C5%2C5%2C92%2C30/sign=5659c631aec3793169658e7b8aaddc20/3b87e950352ac65c3e916244faf2b21193138a74.jpg
https://gss2.bdstatic.com/-fo3dSag_xI4khGkpoWK1HF6hhy/baike/c0%3Dbaike92%2C5%2C5%2C92%2C30/sign=4d2498703812b31bd361c57be7715d1f/ac345982b2b7d0a2325d00aacaef76094b369a74.jpg
https://gss0.bdstatic.com/94o3dSag_xI4khGkpoWK1HF6hhy/baike/c0%3Dbaike92%2C5%2C5%2C92%2C30/sign=57a1193f1e30e924dba994632d610563/7aec54e736d12f2ee991aa574ec2d56285356874.jpg
https://gss3.bdstatic.com/7Po3dSag_xI4khGkpoWK1HF6hhy/baike/c0%3Dbaike92%2C5%2C5%2C92%2C30/sign=bccaa62cd50735fa85fd46ebff3864d6/6a63f6246b600c339096daff1b4c510fd9f9a11d.jpg
https://gss0.bdstatic.com/94o3dSag_xI4khGkpoWK1HF6hhy/baike/c0%3Dbaike92%2C5%2C5%2C92%2C30/sign=727d95084afbfbedc8543e2d19999c53/c8ea15ce36d3d5399ed20bf43b87e950352ab01d.jpg

https://gss2.bdstatic.com/9fo3dSag_xI4khGkpoWK1HF6hhy/baike/c0%3Dbaike116%2C5%2C5%2C116%2C38/sign=9d729c850a55b31988f48a2722c0e943/a08b87d6277f9e2f35b9cd8c1f30e924b999f3a2.jpg
https://gss3.bdstatic.com/-Po3dSag_xI4khGkpoWK1HF6hhy/baike/c0%3Dbaike150%2C5%2C5%2C150%2C50/sign=b1b3bf1ba40f4bfb98dd960662261395/86d6277f9e2f07081b89fa84e924b899a801f2a2.jpg
https://gss1.bdstatic.com/9vo3dSag_xI4khGkpoWK1HF6hhy/baike/c0%3Dbaike150%2C5%2C5%2C150%2C50/sign=f1b6ec90ab18972bb737089887a410ec/b8014a90f603738d88d7dca6b31bb051f919ec91.jpg
https://gss0.bdstatic.com/-4o3dSag_xI4khGkpoWK1HF6hhy/baike/c0%3Dbaike150%2C5%2C5%2C150%2C50/sign=6e1e41bb4bfbfbedc8543e2d19999c53/267f9e2f070828382b810c90b899a9014d08f1a2.jpg
https://gss2.bdstatic.com/9fo3dSag_xI4khGkpoWK1HF6hhy/baike/c0%3Dbaike150%2C5%2C5%2C150%2C50/sign=2b844eac972bd40756cadbaf1ae0f534/4b90f603738da9771bb256afb051f8198718e391.jpg

https://gss2.bdstatic.com/-fo3dSag_xI4khGkpoWK1HF6hhy/baike/c0%3Dbaike150%2C5%2C5%2C150%2C50/sign=b5ce3076d562853586edda73f1861da3/6d81800a19d8bc3e9fab4c4e828ba61ea9d34596.jpg
https://gss2.bdstatic.com/-fo3dSag_xI4khGkpoWK1HF6hhy/baike/c0%3Dbaike116%2C5%2C5%2C116%2C38/sign=0cb75241e0fe9925df01610255c135ba/a9d3fd1f4134970a06d05aab95cad1c8a6865d96.jpg
https://gss0.bdstatic.com/-4o3dSag_xI4khGkpoWK1HF6hhy/baike/c0%3Dbaike92%2C5%2C5%2C92%2C30/sign=4d8d592359ee3d6d36cb8f99227f0647/e1fe9925bc315c602818216b8db1cb13485477a0.jpg
https://gss0.bdstatic.com/-4o3dSag_xI4khGkpoWK1HF6hhy/baike/c0%3Dbaike116%2C5%2C5%2C116%2C38/sign=5546c38ab13533fae1bb9b7cc9ba967a/b812c8fcc3cec3fdb09dedf1d688d43f86942796.jpg
https://gss0.bdstatic.com/94o3dSag_xI4khGkpoWK1HF6hhy/baike/c0%3Dbaike150%2C5%2C5%2C150%2C50/sign=a5a6824eaf51f3ded7bfb136f5879b7a/4034970a304e251fad7aae7ca786c9177e3e53a0.jpg
