
http://a2.att.hudong.com/21/94/01300542494409139973949485185_s.jpg	http://www.baike.com/wiki/%E4%B8%80%E5%93%81%E7%BA%A2
http://yipinhong.yangzhiriji.com/wp-content/uploads/sites/55/2014/05/2.jpg	http://yipinhong.yangzhiriji.com/
http://yipinhong.yangzhiriji.com/wp-content/uploads/sites/55/2014/05/1.jpg	http://yipinhong.yangzhiriji.com/
http://a4.att.hudong.com/54/95/01300542494409139973955303015_s.jpg	http://www.baike.com/wiki/%E4%B8%80%E5%93%81%E7%BA%A2
http://img0.pchouse.com.cn/pchouse/1111/02/143390_1.jpg	http://www.pchouse.com.cn/baike/shenghuo/763/
http://a3.att.hudong.com/62/95/01300542494409139973951620283_s.jpg	http://www.baike.com/wiki/%E4%B8%80%E5%93%81%E7%BA%A2
http://a1.att.hudong.com/36/92/01300542494409139973921877378_s.jpg	http://www.baike.com/wiki/%E4%B8%80%E5%93%81%E7%BA%A2
http://www.wdptj.com/wp-content/uploads/2014/07/%E4%B8%80%E5%93%81%E7%BA%A23.jpg	http://www.wdptj.com/yph/
https://www.huabaike.com/uploads/allimg/sltimg/201512/566e47531628b.jpg	https://www.huabaike.com/jtyh/809.html
https://www.huabaike.com/uploads/allimg/artimg/201601/20160107144226_30330.jpg	https://www.huabaike.com/hyjk/1296.html
http://www.huacaoshumu.net/attached/tupian/Y20/20131216-5.jpg	http://www.huacaoshumu.net/zhiwu/yipinhong.php
http://www.gzhphb.com/gpPic/250/0/mmbiz.qpic.cn/mmbiz/ANomicEBATjk7hXLvQdaAcGgem7KibvpsKUlzRTiauDtCZs4yKcCiaIU71wKoOmWzrdcyUvFXGjribqCtIwxvVicicwBw/0	http://www.gzhphb.com/baike/yipinhongyouduma/
http://www.wdptj.com/wp-content/uploads/2014/08/3161408609098.jpg	http://www.wdptj.com/yph/
http://hdyl.bjhd.gov.cn/ggfw/bmfw/kpzs2/201306/W020130614544035469740.jpg	http://hdyl.bjhd.gov.cn/ggfw/bmfw/kpzs2/201306/t20130614_508984.htm
http://a0.att.hudong.com/85/43/300001345928132551432445132_950.jpg	http://yuanyi.baike.com/article-128640.html
http://img01.hua.com/uploadpic/images/20151119185728747149.jpg	http://www.hua.com/huayu/13348.html
http://pic.to8to.com/attch/day_140515/20140515_94a39052ee2129dbf8fbdonJXcuvsLWF.jpg	http://www.to8to.com/yezhu/z8887.html
https://upload.wikimedia.org/wikipedia/commons/thumb/e/e1/Weihnachtsstern_-_gro%C3%9F.jpg/252px-Weihnachtsstern_-_gro%C3%9F.jpg	https://zh.wikipedia.org/wiki/%E4%B8%80%E5%93%81%E7%B4%85
http://a3.att.hudong.com/03/41/01200000193853136323410911452.jpg	http://tupian.baike.com/a3_03_41_01200000193853136323410911452_jpg.html&prd=so_tupian
http://a4.att.hudong.com/32/90/20300542494409139973900639411_s.jpg	http://www.baike.com/wiki/%E4%B8%80%E5%93%81%E7%BA%A2
http://img.39yst.com/uploads/6/d5/6f/6d56f6ac95b0eb801d5cff88137f0e6a.jpg	http://www.39yst.com/20140902/176005.shtml
http://a3.att.hudong.com/61/85/300000764046131423858382842_s.jpg	http://www.baike.com/wiki/%E4%B8%80%E5%93%81%E7%BA%A2
http://www.gzhphb.com/gpPic/600/0/mmbiz.qpic.cn/mmbiz/Wg3JrK8AXkE0KJNEGRQHQepRo5LNQV8VUo4RuliaSmcAffZS6F7EeRoGPOnoevKowNia6yIaDoicmtqNL3kzViaIRg/0?wx_fmt=jpeg	http://www.gzhphb.com/article/47/470120.html
http://img003.mllres.com/images/upload/%E3%80%90%E4%B8%80%E5%93%81%E7%BA%A2%E3%80%91%E4%B8%80%E5%93%81%E7%BA%A2%E7%9A%84%E5%85%BB%E6%AE%96%E6%96%B9%E6%B3%95,%E4%B8%80%E5%93%81%E7%BA%A2%E5%9B%BE%E7%89%87%E6%AC%A3%E8%B5%8F%20(2).jpg	http://www.meilele.com/article_cat-18/article-7469.html
http://www.ti29.com/tu/1746726.jpg	http://www.ti29.com/hua/7585.html
http://pic38.nipic.com/20140218/11624852_191806551306_2.jpg	http://www.nipic.com/show/9736039.html
http://img3.redocn.com/20120409/Redocn_2012040902470406.jpg	http://m.redocn.com/tupian/910657.html
https://www.huabaike.com/uploads/allimg/artimg/201601/20160107162704_82361.jpg	https://www.huabaike.com/jtyh/1307.html
http://www.honglin10.com/news/UploadFiles_9274/201011/2010112112555494.jpg	http://www.honglin10.com/news/ShowArticle.asp?ArticleID=61
https://cdn.huaniaoy.cn/20160506/original/1462542239092.jpg@!picb	https://www.huaniaoy.com/yanghu/120662
http://www.baihuamen.com/d/file/2014/04-30/921473dfa7eb1714e46d1b16f468fccc.jpg	http://www.baihuamen.com/yipinhong/
http://pic38.nipic.com/20140218/11624852_192014404309_2.jpg	http://www.nipic.com/show/9736046.html
http://yipinhong.yangzhiriji.com/wp-content/uploads/sites/55/2014/05/3.jpg	http://yipinhong.yangzhiriji.com/
http://img01.hua.com/uploadpic/images/201512181815474252749.jpg	http://www.hua.com/huayu/13797.html
http://www.mihuyuan.com/pics/original/20150126/1422264660578300.jpg	http://www.mihuyuan.com/guidedetail.do?guide_id=1422264502859298
https://www.huabaike.com/uploads/allimg/sltimg/201601/568cd0a063e0b.jpg	https://www.huabaike.com/jtyh/1277.html
http://www.38fan.com/uploads/allimg/160921/51_160921175528_1.png	http://www.38fan.com/zhiwu/20160921144912.html
http://pic.baike.soso.com/ugc/baikepic2/19826/20170608093651-1393701208.jpg/300	http://baike.soso.com/ShowTitle.e?sp=S%E4%B8%80%E5%93%81%E7%BA%A2
http://www.38fan.com/uploads/allimg/161209/54-1612091554010-L.jpg	http://www.38fan.com/z82232.html
http://static4.depositphotos.com/1001686/337/i/950/depositphotos_3379866-stock-photo-christmas-wreath-from-poinsettia.jpg	http://cn.depositphotos.com/3379866/stock-photo-christmas-wreath-from-poinsettia.html
http://www.wed114.cn/jiehun/uploads/allimg/160929/52_160929110707_2.jpg	http://www.wed114.cn/jiehun/zhiwu/20160929157401.html
http://img.zhuyun.cn/M00/D7/05/wKgJNFjaLlKAJHdPAADQuE5GEDg648.jpg	http://www.lvzhipenzai.com/Home/Goods/5822149?From=0
http://img95.699pic.com/photo/00008/5425.jpg_wh300.jpg	http://699pic.com/tupian/yipinhonghuahui.html
http://p.ayxbk.com/images/f/f6/Bkg2v.jpg	http://www.a-hospital.com/w/%E4%B8%80%E5%93%81%E7%BA%A2
http://www.wdptj.com/wp-content/uploads/2014/07/%E4%B8%80%E5%93%81%E7%BA%A24.jpg	http://www.wdptj.com/yph/
https://www.huabaike.com/uploads/allimg/artimg/201601/20160106163624_15169.jpg	https://www.huabaike.com/yhjq/1280.html
https://www.huabaike.com/uploads/allimg/artimg/201601/20160107162507_52286.jpg	https://www.huabaike.com/jtyh/1307.html
http://www.wdptj.com/wp-content/uploads/2014/07/br_co-9921.gif	http://www.wdptj.com/yph/
http://www.wdptj.com/wp-content/uploads/2014/07/%E4%B8%80%E5%93%81%E7%BA%A21.jpg	http://www.wdptj.com/yph/
http://www.wed114.cn/jiehun/uploads/allimg/160614/52_160614162704_3.jpg	http://www.wed114.cn/jiehun/zhiwu/20160614147102_2.html
http://www.xxdao.com/upload/2017/05/15/8d1a2c36dfa51d89.jpg	http://www.xxdao.com/530000/526297.shtml
http://img.jiuzheng.com/baike/s/57/3f/573fb7c58f1e0357398b4604.jpg	http://m.jiuzheng.com/baike-detail/id-63262
http://img0.pchouse.com.cn/pchouse/1111/02/143396_4.jpg	http://www.pchouse.com.cn/baike/shenghuo/763/
http://img0.ph.126.net/4QcIsS_dSGSIDa-y54xQVg==/6598255040192890413.jpg	http://dang2117.blog.163.com/blog/static/816130332013824445532
https://www.huabaike.com/uploads/allimg/artimg/201601/20160106163108_43110.jpg	https://www.huabaike.com/jtyh/1277.html
http://www.52babe.com/upFiles/infoImg/coll/20170315/OT20170315100118531.jpg	http://www.52babe.com/news/3370.html
https://www.huabaike.com/uploads/allimg/artimg/201601/20160107133821_89271.jpg	https://www.huabaike.com/yhjq/1294.html
http://img0.pchouse.com.cn/pchouse/1111/02/143391_2.jpg	http://www.pchouse.com.cn/baike/shenghuo/763/
http://www.chantuguan.com/ueditor/php/upload/image/20170331/1490940682101494.jpg	http://www.chantuguan.com/baike/194.html
https://st.depositphotos.com/1006913/3704/i/950/depositphotos_37044293-stock-photo-special-christmas-plant-poinsettia.jpg	https://cn.depositphotos.com/37044293/stock-photo-special-christmas-plant-poinsettia.html
https://thumbs.dreamstime.com/z/%E4%B8%80%E5%93%81%E7%BA%A2-21922063.jpg	https://cn.dreamstime.com/%E5%BA%93%E5%AD%98%E7%85%A7%E7%89%87-%E4%B8%80%E5%93%81%E7%BA%A2-image21922063
https://www.huabaike.com/uploads/allimg/artimg/201601/20160107161915_12491.jpg	https://www.huabaike.com/hyjk/1304.html
http://f10.baidu.com/it/u=3805811394,3899790452&fm=72	http://www.wed114.cn/jiehun/zhiwu/20160929157401.html
http://pic.pingguolv.com/uploads/allimg/161213/109-161213154145.jpg	http://www.pingguolv.com/zy/gongxiao/79143.html
https://www.huabaike.com/uploads/allimg/sltimg/201601/568e20a7e6912.jpg	https://www.huabaike.com/jtyh/1307.html
https://thumbs.dreamstime.com/z/%E4%B8%80%E5%93%81%E7%BA%A2-17142240.jpg	https://cn.dreamstime.com/%E5%BA%93%E5%AD%98%E7%85%A7%E7%89%87-%E4%B8%80%E5%93%81%E7%BA%A2-image17142240
http://pic.baike.soso.com/p/20130809/20130809165936-1168202331.jpg	http://baike.soso.com/ShowTitle.e?sp=S%E4%B8%80%E5%93%81%E7%BA%A2
http://www.38fan.com/uploads/allimg/170626/51-1F6261K1270-L.png	http://www.38fan.com/z82232.html
https://thumbs.dreamstime.com/z/%E6%8E%A5%E8%BF%91%E7%9A%84%E4%B8%80%E5%93%81%E7%BA%A2-382547.jpg	https://cn.dreamstime.com/photos-images/%E4%B8%80%E5%93%81%E7%BA%A2.html
http://www.38fan.com/uploads/allimg/131229/16205K050-0.jpg	http://www.38fan.com/z82232.html
https://www.huabaike.com/uploads/allimg/sltimg/201601/568f790248fd5.jpg	https://www.huabaike.com/yhjq/1344.html
https://www.huabaike.com/uploads/allimg/sltimg/201601/568cd13a903d0.jpg	https://www.huabaike.com/yhjq/1279.html
https://thumbs.dreamstime.com/z/%E8%8A%B1%E4%B8%80%E5%93%81%E7%BA%A2-622921.jpg	https://cn.dreamstime.com/%E5%BA%93%E5%AD%98%E5%9B%BE%E7%89%87-%E8%8A%B1%E4%B8%80%E5%93%81%E7%BA%A2-image622921
http://img01.hua.com/uploadpic/images/201511191857432067706.jpg	http://www.hua.com/huayu/13348.html
http://file.55df.com/2017-02-20/cd771c8ed20597b05dc7a81792512662.jpg	http://www.55df.com/c/152743.shtml
http://img0.pchouse.com.cn/pchouse/baike/decorate/1111/11.jpg	http://www.pchouse.com.cn/baike/shenghuo/763/
https://www.huabaike.com/uploads/allimg/artimg/201512/20151214124322_20560.jpg	https://www.huabaike.com/jtyh/809.html
http://img.laozongyi.com/portal/201612/31/154037bz9jrh2g2ww2p3mh.jpg	http://www.laozongyi.com/shenghuo/308411.html
http://www.ipgexpo.com/cms_upload/20150902/20150902093216_748.png	http://www.ipgexpo.com/penzai/785.html
http://a0.att.hudong.com/20/24/01300000178518124316242018427.jpg	http://tupian.baike.com/a0_20_24_01300000178518124316242018427_jpg.html
http://www.38fan.com/uploads/allimg/170626/51-1F6261K4110-L.png	http://www.38fan.com/z82232.html
http://image1.yihaojiaju.com/upload/Collected/37cdb555a7fa4a519fa2332971eda9f.jpg	http://www.yihaojiaju.com/jiajufengshui/151955.html
http://www.huacaoshumu.net/attached/tupian/Y20/20131216-3.jpg	http://www.huacaoshumu.net/zhiwu/yipinhong.php
http://pic17.nipic.com/20111124/6863287_054301405106_2.jpg	http://www.nipic.com/show/1/44/5418261k9eaa549f.html
http://www.yuhuagu.com/uploads/allimg/100329/1_100329171630_1.jpg	http://www.yuhuagu.com/zhensuo/2010/0329/285.html
http://i.imgur.com/xZ9Fvl9.jpg	http://blackpaperxyz.zdhweb.com/2017/07/blog-post_21.html
http://www.xxdao.com/upload/2017/05/15/e4dcbe8ef2a8b4c0.jpg	http://www.xxdao.com/530000/526234.shtml
https://www.huabaike.com/uploads/allimg/artimg/201601/20160107130542_19906.jpg	https://www.huabaike.com/jtyh/1292.html
https://thumbs.dreamstime.com/b/%E5%9C%A3%E8%AF%9E%E8%8A%82%E8%A3%85%E9%A5%B0%E4%B8%80%E5%93%81%E7%BA%A2%E7%BA%A2%E8%89%B2-1006674.jpg	https://cn.dreamstime.com/%E5%BA%93%E5%AD%98%E5%9B%BE%E7%89%87-%E5%9C%A3%E8%AF%9E%E8%8A%82%E8%A3%85%E9%A5%B0%E4%B8%80%E5%93%81%E7%BA%A2%E7%BA%A2%E8%89%B2-image1006674
http://pic4.55jia.net/fengshuizhiwu/35/a261204.png	http://www.55jia.net/75/305662.html
http://images.sjq315.com/UploadFiles/image/20140910/20140910145420_1039.jpg	http://www.sjq315.com/news/145551.html
http://www.1nongjing.com/uploads/allimg/170323/1876-1F3231J440447.jpg	http://net.1nongjing.com/a/201703/171836.html
http://opic.tbscache.com/manage/articles/2014/09-15/D3EE5264-26FF-7377-6E2D-074CB569072F.png	http://www.tobosu.com/article/2014-09-16/115248.html
http://www.wdptj.com/wp-content/uploads/2016/07/%E4%B8%80%E5%93%81%E7%BA%A22.jpg	http://www.wdptj.com/23417.html
http://pic10.nipic.com/20101023/4845745_012958646000_2.jpg	http://www.nipic.com/show/2/27/3827728k6c24b9db.html
http://images.ccoo.cn/store/20120603/20120603213750256.jpg	http://www.qitai.ccoo.cn/home/product-520681.html
https://www.huabaike.com/uploads/allimg/sltimg/201601/568e1f6182f29.jpg	https://www.huabaike.com/mbzw/1276.html
https://www.huabaike.com/uploads/allimg/artimg/201601/20160108165422_49572.jpg	https://www.huabaike.com/yhjq/1344.html
http://www.wdptj.com/wp-content/uploads/2016/07/%E4%B8%80%E5%93%81%E7%BA%A24.jpg	http://www.wdptj.com/23417.html
http://www.wdptj.com/wp-content/uploads/2016/07/%E4%B8%80%E5%93%81%E7%BA%A23.jpg	http://www.wdptj.com/23417.html
