
http://a0.att.hudong.com/88/41/01300000332291127173419986525.jpg	http://www.baike.com/wiki/%E4%B8%87%E4%BB%A3%E5%85%B0
http://a1.att.hudong.com/75/81/01300000023544121310818424174_s.jpg	http://www.baike.com/wiki/%E4%B8%87%E4%BB%A3%E5%85%B0
http://a4.att.hudong.com/33/82/01300000023544121310826715058.jpg	http://www.baike.com/wiki/%E4%B8%87%E4%BB%A3%E5%85%B0
http://a4.att.hudong.com/23/85/01300000023544121310855671630.jpg	http://www.baike.com/wiki/%E4%B8%87%E4%BB%A3%E5%85%B0
https://www.huabaike.com/uploads/allimg/sltimg/201511/5646cab498a59.jpg	https://www.huabaike.com/lkzw/641.html
http://img.zwbk.org/baike/bpic/2010/12/26/20101226121659228_6212.jpg	http://www.zwbk.org/MyLemmaShow.aspx?lid=99928
http://pic1.nipic.com/2009-03-09/20093991726933_2.jpg	http://www.nipic.com/show/1/44/d744d4b752ccd7e5.html
http://www.yunzhonglai.com/uploadfile/2015/0623/20150623014116625.jpg	http://www.yunzhonglai.com/show-102-434-1.html
https://cdn.huaniaoy.cn/20161130/original/1480471803620.jpg@!picb	https://www.huaniaoy.com/yanghu/252412
http://img.zwbk.org/baike/spic/2010/12/26/20101226121627650_4746.jpg	http://m.zwbk.org/lemma/99928
http://www.twwiki.com/uploads/wiki/cf/39/643321_17.jpg	http://www.twwiki.com/wiki/%E8%90%AC%E4%BB%A3%E8%98%AD
http://www.wed114.cn/jiehun/uploads/allimg/160930/52_160930121536_3.jpg	http://www.wed114.cn/jiehun/zhiwu/20160930157580.html
http://a0.att.hudong.com/87/89/01300000023544121310893038187.jpg	http://www.baike.com/wiki/%E4%B8%87%E4%BB%A3%E5%85%B0
http://img.zwbk.org/baike/spic/2010/12/26/20101226114535994_5071.jpg	http://m.zwbk.org/lemma/99928
http://a1.att.hudong.com/31/45/01300000287245126941450938911_s.jpg	http://www.baike.com/wiki/%E4%B8%87%E4%BB%A3%E5%85%B0
http://img.laozongyi.com/portal/201701/13/151446d7vsuq99gusvsp9v.jpg	http://www.laozongyi.com/shenghuo/314416.html
http://img.boqiicdn.com/Data/BK/A/1511/25/imagick92621448435101_y.jpg	http://m.boqii.com/entry/detail/2254.html
https://www.huabaike.com/uploads/allimg/20120706/120F61H01127910-L.jpg	https://www.huabaike.com/huahuidaquan/201207/1000.html
http://img170.ph.126.net/05ZCDAMm_rz2-BN_enFY6g==/2288673035635437232.jpg	https://tieba.baidu.com/p/1618659501?see_lz=1
http://www.ynhmw.com/file/upload/201305/08/10-48-30-95-1.jpg	http://www.ynhmw.com/yuanyi/show-640.html
http://www.zwbk.org/edit/file/20101226012114728_4201.JPG	https://tieba.baidu.com/p/1380053122
http://www.yi7930.url.tw/a00503028051c093c8a389259b6042cc.jpg	http://www.yi7930.url.tw/yellowpage/product.html
https://thumbs.dreamstime.com/z/%E5%85%B3%E9%97%ADviloet%E6%9D%82%E7%A7%8D%E4%B8%87%E4%BB%A3%E5%85%B0%E5%B1%9E%E5%85%B0%E8%8A%B1-28152420.jpg	https://cn.dreamstime.com/%E5%BA%93%E5%AD%98%E7%85%A7%E7%89%87-%E5%85%B3%E9%97%ADviloet%E6%9D%82%E7%A7%8D%E4%B8%87%E4%BB%A3%E5%85%B0%E5%B1%9E%E5%85%B0%E8%8A%B1-image28152420
http://img01.hua.com/uploadpic/images/2016429171597215625.jpg	http://www.hua.com/huayu/15751.html
https://www.huabaike.com/uploads/allimg/artimg/201511/20151126101318_13175.jpg	https://www.huabaike.com/jtyh/710.html
http://s5.sinaimg.cn/middle/66019f9eha7c29dc9c364&690	http://blog.sina.com.cn/s/blog_66019f9e0102dqrx.html
http://green-icon.com/media/catalog/product/cache/6/image/9df78eab33525d08d6e5fb8d27136e95/g/l/gl-031.jpg	http://green-icon.com/index.php/flowers/ae-c-a-e-es/venda-spirit-unique.html?___store=zhcn&___from_store=zhhk
http://www.52ij.com/uploads/allimg/160317/1243245258-1.jpg	http://www.52ij.com/gongxiao/457262.html
http://www.52yhua.com/uploads/allimg/170222/1-1F222233315.jpg	http://www.52yhua.com/jishu/6565.html
http://a3.att.hudong.com/38/52/01300001151672130361526891405_s.jpg	http://www.baike.com/wiki/%E7%9F%AE%E4%B8%87%E4%BB%A3%E5%85%B0
http://s1.sinaimg.cn/middle/62a6efe5hac7ae92a9b10&690&690	http://blog.sina.com.cn/s/blog_62a6efe50102dt7s.html
https://www.huabaike.com/uploads/allimg/sltimg/201612/583fc5c2c898b.jpg	https://www.huabaike.com/lkzw/641.html
http://a2.att.hudong.com/28/73/300000764046131587738249037.jpg	http://tupian.baike.com/91880/5.html?prd=zutu_thumbs
http://pic.goubrand.com/pic/img/alicdn/server/imgextra/i1/1060223754/TB2HKCtaFXXXXa3XpXXXXXXXXXX-1060223754.jpg	http://chongqing.goubrand.com/hy/c386838227/td1d9e869e66.html
http://bbs.mychat.to/attach/Fid_601/601_376876.jpg	http://bbs.mychat.to/reads.php?tid=709150&to_cn=1
http://s7.sinaimg.cn/middle/5ff3202dgfb71c6a9c816&690	http://blog.sina.com.cn/s/blog_5ff3202d010165d7.html
http://a3.att.hudong.com/42/72/300000764046131587721692258.jpg	http://tupian.baike.com/91880/4.html?prd=zutu_thumbs
http://s13.sinaimg.cn/mw690/bd6dd34egd5fb6b78a13c&690	http://blog.sina.com.cn/s/blog_bd6dd34e01016obk.html
http://a3.att.hudong.com/10/27/01300000167984122589277899555_s.jpg	http://www.baike.com/wiki/%E7%90%B4%E5%94%87%E4%B8%87%E4%BB%A3%E5%85%B0
http://thaizhonghua.com/wp-content/uploads/2015/11/%E4%B8%87%E4%BB%A3%E5%85%B0.jpg	http://thaizhonghua.com/2015/11/06/7627.html
http://www.wed114.cn/jiehun/uploads/allimg/160930/52_160930121536_5.jpg	http://www.wed114.cn/jiehun/zhiwu/20160930157580_2.html
http://tu.qt3191.com/allimg/c110627/1309162031V10-154143.gif	http://www.qt3191.com/lankezhiwutupian/55859.html
http://s12.sinaimg.cn/mw690/001ROMKqgy6VGhPrYo3fb&690	http://blog.sina.com.cn/s/blog_66019f9e0102dqrx.html
http://www.chinanews.com/tp/shfq/news/2008/02-03/U149P4T8D1156011F116DT20080203104431.jpg	http://www.chinanews.com/tp/shfq/news/2008/02-03/1156011.shtml
http://img.boqiicdn.com/Data/BK/A/1511/25/imagick9741448436732_y.jpg	http://m.boqii.com/entry/detail/2254.html
http://s1.sinaimg.cn/middle/66019f9enb1d057fd0700&690	http://blog.sina.com.cn/s/blog_66019f9e0102dqrx.html
http://www.52yhua.com/uploads/allimg/161026/1-161026223248.jpg	http://m.52yhua.com/zhuanti/6268.html
https://thumbs.dreamstime.com/z/de%E4%B8%87-%E5%85%B0%E5%B1%9E%E5%85%B0%E8%8A%B1%E6%B8%A9%E5%AE%A4-69284516.jpg	https://cn.dreamstime.com/%E5%BA%93%E5%AD%98%E7%85%A7%E7%89%87-de%E4%B8%87-%E5%85%B0%E5%B1%9E%E5%85%B0%E8%8A%B1%E6%B8%A9%E5%AE%A4-image69284516
https://lh4.googleusercontent.com/proxy/PPtKHJ8b2lybB0Dmq7CB7rfv9qd6Qh3MjSZtXDTs78TvpUbfeBvLsb4E_kS2L0nKbnp1t3C5H08FsZ1Ipk53yaBty8m7Y3EiLLPJ7ht67EujWw=s0-d	https://i-hua.blogspot.com/2012/08/blog-post_5.html
http://pic4.55jia.net/fengshuizhiwu/59/a371380.jpg	http://www.55jia.net/75/332159.html
https://gw.alicdn.com/bao/uploaded/i1/TB1bK.7HpXXXXa_XpXXXXXXXXXX_!!0-item_pic.jpg_230x230.jpg	https://www.taobao.com/article/FPCYDNDuG6B-EbCi.html
http://img0.ph.126.net/X_MiGrHM6c-VI66MwX9Gsg==/6597784449215784297.jpg	http://pp.163.com/chendmgx/pp/10027019.html
http://www.tigerorchid.net/orph/ph/vanda-subconcolor3.jpg	http://www.tigerorchid.net/orph/phpage/v-subconcolor.htm
https://thumbs.dreamstime.com/b/%E7%89%B9%E5%86%99%E9%95%9C-%E5%92%8C%E8%A2%AB%E9%9A%94-%E7%9A%84%E4%B8%87-%E5%85%B0%E5%B1%9E%E5%85%B0%E8%8A%B1%E6%B3%B0%E5%9B%BD-32005594.jpg	https://cn.dreamstime.com/%E5%BA%93%E5%AD%98%E5%9B%BE%E7%89%87-%E7%89%B9%E5%86%99%E9%95%9C-%E5%92%8C%E8%A2%AB%E9%9A%94-%E7%9A%84%E4%B8%87-%E5%85%B0%E5%B1%9E%E5%85%B0%E8%8A%B1%E6%B3%B0%E5%9B%BD-image32005594
http://img.aiuw.com//images/201501/1421401906295.jpg	http://www.aiuw.com/zhiwu/huayu/article-37765.html
http://img1.ph.126.net/ncpD-SxXnb6xsCf2_aKPOQ==/6597982361308786495.jpg	http://pp.163.com/chendmgx/pp/10027019.html
http://www.chantuguan.com/ueditor/php/upload/image/20170609/1496992857833568.jpg	http://www.chantuguan.com/baike/686.html
http://www.tigerorchid.net/orph/ph/vanda-subconcolor2.jpg	http://www.tigerorchid.net/orph/phpage/v-subconcolor.htm
http://blog.sciencenet.cn/upload/blog/images/2010/4/2010413204654559.jpg	http://blog.sciencenet.cn/blog-38998-311698.html
http://www.huayugu.com.cn/uploads/allimg/161008/1-16100P325260-L.jpeg	http://m.huayugu.com.cn/list.php?tid=1711
http://www.1818hm.com/file/upload/201504/21/16-00-41-52-904.jpg	http://wap.1818hm.com/24-0-3034-1.html
http://www.52yhua.com/uploads/allimg/170222/1-1F222233316.jpg	http://www.52yhua.com/jishu/6565.html
http://www.wed114.cn/jiehun/uploads/allimg/160930/52_160930121536_1.jpg	http://www.wed114.cn/jiehun/zhiwu/20160930157580.html
http://www.yuanlin365.com/yuanyi/Hhzp/201007/20100703005635508.jpg	http://www.yuanlin365.com/yuanyi/171411.shtml
http://www.3setk.com/images/cnxsafari4.jpg	http://www.3setk.com/trip_show_cn.asp?id=43
http://pic.pimg.tw/zinkou/491d3c89ddb08.jpg	http://zinkou.pixnet.net/blog/post/23666794-%E8%90%AC%E4%BB%A3%E8%98%AD
http://pic.goubrand.com/pic/img/alicdn/server/imgextra/i1/1060223754/TB20lODaFXXXXa2XXXXXXXXXXXX_!!1060223754.jpg	http://chongqing.goubrand.com/hy/c386838227/td1d9e869e66.html
http://image.sciencenet.cn/album/201104/08/214740c21z0y2lzlklpkry.jpg	http://wap.sciencenet.cn/blogview.aspx?id=431033
http://www.cybmd.com/uploads/allimg/120428/1-12042R2463XU.jpg	http://www.cybmd.com/201204/15360.html
https://thumbs.dreamstime.com/z/%E7%BD%97%E5%85%B0%E8%89%B2mokara%E4%B8%87-%E5%85%B0%E5%B1%9E%E5%85%B0%E8%8A%B1-81191218.jpg	https://cn.dreamstime.com/%E5%BA%93%E5%AD%98%E7%85%A7%E7%89%87-%E7%BD%97%E5%85%B0%E8%89%B2mokara%E4%B8%87-%E5%85%B0%E5%B1%9E%E5%85%B0%E8%8A%B1-image81191218
http://www.chantuguan.com/ueditor/php/upload/image/20170609/1496991723401916.jpg	http://www.chantuguan.com/baike/685.html
http://www.wed114.cn/jiehun/uploads/allimg/170309/41_170309112100_2.jpg	http://www.wed114.cn/jiehun/zhiwu/20170309169650_2.html
https://gss1.bdstatic.com/-vo3dSag_xI4khGkpoWK1HF6hhy/baike/s%3D220/sign=c78604d4b912c8fcb0f3f1cfcc0292b4/024f78f0f736afc3cc3c4991b319ebc4b7451215.jpg	https://baike.baidu.com/item/%E4%B8%87%E4%BB%A3%E5%85%B0
http://a4.att.hudong.com/47/64/01200000023788136447641131650_s.jpg	http://www.baike.com/wiki/%E4%B8%87%E4%BB%A3%E5%85%B0%E5%B1%9E
http://a2.att.hudong.com/00/26/01300000167984122589266648878_s.jpg	http://www.baike.com/wiki/%E7%90%B4%E5%94%87%E4%B8%87%E4%BB%A3%E5%85%B0
http://opic.tbscache.com/manage/articles/2014/09-19/3536E541-F453-C122-F7F0-C84F54D14C86.jpg	http://baike.tobosu.com/view/15442.html
http://img.aihuahui.com/d/2017/04/58fda1453690e.jpg	http://www.aihuahui.com/huahuizhenliao/binghai/5582.html
http://sgcls.hi2net.com/upload2007/200911311535370.jpg	http://sgcls.hi2net.com/blog_read.asp?id=288&blogid=5029
http://www.wdptj.com/wp-content/uploads/2014/11/%E4%B8%87%E4%BB%A3%E5%85%B03.jpg	http://www.wdptj.com/6112.html
http://img.aiuw.com//images/201501/14214020016523.jpg	http://www.aiuw.com/zhiwu/huayu/article-37765.html
http://tgi1.jia.com/116/431/16431672.jpg	http://www.jia.com/baike/bdetail-8301/
https://www.huabaike.com/uploads/huatuku/20160530/574c076b62e77.jpg	https://www.huabaike.com/lktp/188.html
http://a2.att.hudong.com/15/13/20300542856671143339134526260_s.jpg	http://www.baike.com/wiki/%E7%BA%AF%E8%89%B2%E4%B8%87%E4%BB%A3%E5%85%B0
http://pic1.win4000.com/pic/d/13/af821344616.jpg	http://www.win4000.com/meinv112678_10.html
https://gw.alicdn.com/bao/uploaded/i3/TB1jqy1KXXXXXbZXpXXXXXXXXXX_!!0-item_pic.jpg_230x230.jpg	https://www.taobao.com/article/FPCYDNDuG6B-EbCi.html
http://img.sczlb.com/uploads/pictures/2016/01/gWMIcg.png	http://www.sczlb.com/cate-news/87865.html
https://thumbs.dreamstime.com/b/%E8%89%B2%E5%85%B0%E8%8A%B1%EF%BC%8C%E5%9C%A8%E7%99%BD%E8%89%B2%E7%9A%84%E4%B8%87-%E5%85%B0%E5%B1%9E%E8%8A%B1-38303557.jpg	https://cn.dreamstime.com/%E5%85%8D%E7%89%88%E7%A8%8E%E5%9B%BE%E5%BA%93%E6%91%84%E5%BD%B1-%E8%89%B2%E5%85%B0%E8%8A%B1%EF%BC%8C%E5%9C%A8%E7%99%BD%E8%89%B2%E7%9A%84%E4%B8%87-%E5%85%B0%E5%B1%9E%E8%8A%B1-image38303557
https://cbu01.alicdn.com/img/ibank/2016/957/795/3724597759_773204859.220x220.jpg	http://www.1688.com/jiage/-CDF2B4FAC0BC.html
http://www.huajiang.cc/uploads/allimg/150327/9-15032G35911.jpg	http://images.huajiang.cc/lanke/4667.html
http://www.shanghaistudy.net/pic/20170315/20/article_4792720_dd1adc0175332256522305.jpeg	http://www.shanghaistudy.net/guohua/4792720.html
https://thumbs.dreamstime.com/z/rad%E5%85%B0%E8%8A%B1-%E4%B8%87-%E5%85%B0%E5%B1%9E-34574523.jpg	https://cn.dreamstime.com/%E5%BA%93%E5%AD%98%E7%85%A7%E7%89%87-rad%E5%85%B0%E8%8A%B1-%E4%B8%87-%E5%85%B0%E5%B1%9E-image34574523
http://blog.xuite.net/general_shop2007598/twblog/129363247/cover600.jpg	http://blog.xuite.net/general_shop2007598/twblog/129363247-%E6%BC%82%E4%BA%AE%E8%8F%AF%E9%BA%97%E7%9A%84%E8%90%AC%E4%BB%A3%E8%98%AD~~
http://www.yuhuagu.com/uploads/allimg/130604/10-130604214915.jpg	http://www.yuhuagu.com/tupian/lan/2013/0604/8152.html
http://img1.ph.126.net/gRZCxI6DRDPO1tOUfhKa5A==/2721863024809545521.jpg	http://www.flw88.net/Article/5LiH5Luj5YWw5ZKM5Y2D5Luj5YWw5Yy65Yir.html
http://202.192.143.142:8080/res/suite/di-temp/855170/%E6%A4%8D%E7%89%A9%E5%88%86%E7%B1%BB%E5%9B%BE%E5%BA%932/%E5%8D%95%E5%AD%90%E5%8F%B6%E6%A4%8D%E7%89%A9/%E5%85%B0%E7%A7%91/images/%E4%B8%87%E4%BB%A3%E5%85%B01.jpg	http://202.192.143.142:8080/res/suite/di-temp/855170/%E6%A4%8D%E7%89%A9%E5%88%86%E7%B1%BB%E5%9B%BE%E5%BA%932/%E5%8D%95%E5%AD%90%E5%8F%B6%E6%A4%8D%E7%89%A9/%E5%85%B0%E7%A7%91/pages/%E4%B8%87%E4%BB%A3%E5%85%B01.html
http://misc.home.news.cn/public/images/original/00/36/F5/18/18.jpg	http://www.dianliwenmi.com/postimg_657013_6.html
http://blog.sciencenet.cn/upload/blog/images/2010/4/2010413204639653.jpg	http://blog.sciencenet.cn/blog-38998-311698.html
https://www.huabaike.com/uploads/allimg/artimg/201612/20161201143956_40569.jpg	https://www.huabaike.com/jtyh/6028.html
https://cdn.huaniaoy.cn/20151217/original/1450281772480.jpg@!picb	https://www.huaniaoy.com/yanghu/549
http://www.huayugu.com.cn/uploads/allimg/161008/1-16100P323400-L.jpg	http://m.huayugu.com.cn/list.php?tid=1711
