
https://gss2.bdstatic.com/9fo3dSag_xI4khGkpoWK1HF6hhy/baike/c0%3Dbaike150%2C5%2C5%2C150%2C50/sign=d85c6a1bbc096b63951456026d5aec21/0dd7912397dda1447f2ec186b0b7d0a20cf486db.jpg
https://gss0.bdstatic.com/94o3dSag_xI4khGkpoWK1HF6hhy/baike/c0%3Dbaike92%2C5%2C5%2C92%2C30/sign=97ad8b3999504fc2b652b85784b48c74/d833c895d143ad4b699041f180025aafa40f0640.jpg
https://gss1.bdstatic.com/9vo3dSag_xI4khGkpoWK1HF6hhy/baike/c0%3Dbaike80%2C5%2C5%2C80%2C26/sign=06547c7199504fc2b652b85784b48c74/d01373f082025aaf8d758eb2f9edab64034f1a07.jpg

https://gss2.bdstatic.com/9fo3dSag_xI4khGkpoWK1HF6hhy/baike/c0%3Dbaike116%2C5%2C5%2C116%2C38/sign=537c3d8ab13533fae1bb9b7cc9ba967a/b812c8fcc3cec3fdb6a713f1d688d43f8694279c.jpg
https://gss1.bdstatic.com/-vo3dSag_xI4khGkpoWK1HF6hhy/baike/c0%3Dbaike116%2C5%2C5%2C116%2C38/sign=7e5e033fa61ea8d39e2f7c56f6635b2b/c2fdfc039245d688999b0620a4c27d1ed31b249c.jpg
https://gss2.bdstatic.com/-fo3dSag_xI4khGkpoWK1HF6hhy/baike/c0%3Dbaike116%2C5%2C5%2C116%2C38/sign=d46f25bb4bfbfbedc8543e2d19999c53/8718367adab44aeda0b30a60b31c8701a08bfbb1.jpg
https://gss1.bdstatic.com/-vo3dSag_xI4khGkpoWK1HF6hhy/baike/c0%3Dbaike116%2C5%2C5%2C116%2C38/sign=62f62e7779310a55d029d6a6d62c28cc/8601a18b87d6277f0bef86bc28381f30e824fcb1.jpg
https://gss2.bdstatic.com/-fo3dSag_xI4khGkpoWK1HF6hhy/baike/c0%3Dbaike116%2C5%2C5%2C116%2C38/sign=3903f8850a55b31988f48a2722c0e943/a08b87d6277f9e2f91c8a98c1f30e924b999f3b1.jpg
https://gss0.bdstatic.com/-4o3dSag_xI4khGkpoWK1HF6hhy/baike/c0%3Dbaike116%2C5%2C5%2C116%2C38/sign=df690392cffc1e17e9b284632bf99d66/1e30e924b899a901d0c8efb21d950a7b0308f5b1.jpg
https://gss3.bdstatic.com/-Po3dSag_xI4khGkpoWK1HF6hhy/baike/c0%3Dbaike116%2C5%2C5%2C116%2C38/sign=f9e1573cd43f8794c7f2407cb3726591/d833c895d143ad4bbab7f24482025aafa50f069c.jpg
https://gss0.bdstatic.com/-4o3dSag_xI4khGkpoWK1HF6hhy/baike/c0%3Dbaike116%2C5%2C5%2C116%2C38/sign=f0c8efb21d950a7b613846966bb809bc/21a4462309f7905224e2f3ba0cf3d7ca7acbd5b1.jpg
https://gss3.bdstatic.com/7Po3dSag_xI4khGkpoWK1HF6hhy/baike/c0%3Dbaike116%2C5%2C5%2C116%2C38/sign=2babca4ffbedab64607f4592965fc4a6/377adab44aed2e73047032a88701a18b86d6fa9d.jpg
https://gss2.bdstatic.com/9fo3dSag_xI4khGkpoWK1HF6hhy/baike/c0%3Dbaike116%2C5%2C5%2C116%2C38/sign=39c082fb78f0f736ccf344536b3cd87c/2f738bd4b31c8701332f0662277f9e2f0608ff9d.jpg
https://gss0.bdstatic.com/94o3dSag_xI4khGkpoWK1HF6hhy/baike/c0%3Dbaike116%2C5%2C5%2C116%2C38/sign=92f132adebc4b7452099bf44ae957572/267f9e2f0708283887946890b899a9014d08f19d.jpg
https://gss0.bdstatic.com/-4o3dSag_xI4khGkpoWK1HF6hhy/baike/c0%3Dbaike116%2C5%2C5%2C116%2C38/sign=df0d0392cffc1e17e9b284632bf99d66/1e30e924b899a901d0acefb21d950a7b0308f59d.jpg
https://gss1.bdstatic.com/9vo3dSag_xI4khGkpoWK1HF6hhy/baike/c0%3Dbaike116%2C5%2C5%2C116%2C38/sign=51bd07ac367adab429dd1311eabdd879/562c11dfa9ec8a13ca83e364f703918fa1ecc09d.jpg
https://gss3.bdstatic.com/7Po3dSag_xI4khGkpoWK1HF6hhy/baike/c0%3Dbaike116%2C5%2C5%2C116%2C38/sign=ebf306f0ebf81a4c323fe49bb6430b3c/9213b07eca806538eb17109797dda144ac3482b1.jpg
https://gss3.bdstatic.com/7Po3dSag_xI4khGkpoWK1HF6hhy/baike/c0%3Dbaike116%2C5%2C5%2C116%2C38/sign=9f9c9e84e924b899ca31716a0f6f76f0/54fbb2fb43166d22f8eea110462309f79152d29d.jpg
https://gss0.bdstatic.com/-4o3dSag_xI4khGkpoWK1HF6hhy/baike/c0%3Dbaike116%2C5%2C5%2C116%2C38/sign=af75485e15ce36d3b6098b625b9a51e2/30adcbef76094b36586faf69a3cc7cd98c109db1.jpg
https://gss3.bdstatic.com/-Po3dSag_xI4khGkpoWK1HF6hhy/baike/c0%3Dbaike116%2C5%2C5%2C116%2C38/sign=a17d7367572c11dfcadcb771024e09b5/d6ca7bcb0a46f21f7dadead7f6246b600d33ae9d.jpg
https://gss1.bdstatic.com/9vo3dSag_xI4khGkpoWK1HF6hhy/baike/c0%3Dbaike116%2C5%2C5%2C116%2C38/sign=aa83e364f703918fc3dc359830544df2/f7246b600c338744225c9bf8510fd9f9d62aa09d.jpg
https://gss3.bdstatic.com/7Po3dSag_xI4khGkpoWK1HF6hhy/baike/c0%3Dbaike116%2C5%2C5%2C116%2C38/sign=98eea110462309f7f362a54013676796/023b5bb5c9ea15cee177548db6003af33b87b29d.jpg

https://gss0.bdstatic.com/-4o3dSag_xI4khGkpoWK1HF6hhy/baike/c0%3Dbaike80%2C5%2C5%2C80%2C26/sign=0b25494d48a7d933aba5ec21cc22ba76/242dd42a2834349b07ad1ddcc3ea15ce36d3be3b.jpg
https://gss1.bdstatic.com/-vo3dSag_xI4khGkpoWK1HF6hhy/baike/c0%3Dbaike272%2C5%2C5%2C272%2C90/sign=f5e63d855ee736d14c1e845afa3924a7/bd315c6034a85edfc0598d7a43540923dc547595.jpg
https://gss3.bdstatic.com/7Po3dSag_xI4khGkpoWK1HF6hhy/baike/c0%3Dbaike92%2C5%2C5%2C92%2C30/sign=27e84f4da118972bb737089887a410ec/f31fbe096b63f6249c9e4a5a8d44ebf81b4ca3ac.jpg
https://gss3.bdstatic.com/-Po3dSag_xI4khGkpoWK1HF6hhy/baike/c0%3Dbaike92%2C5%2C5%2C92%2C30/sign=664611279858d109d0eea1e0b031a7da/b21bb051f81986188d689ddd40ed2e738bd4e6b8.jpg
https://gss2.bdstatic.com/9fo3dSag_xI4khGkpoWK1HF6hhy/baike/c0%3Dbaike92%2C5%2C5%2C92%2C30/sign=d557587e8082b90129a0cb6112e4c212/cb8065380cd791238d76e72da7345982b3b780d0.jpg

https://gss0.bdstatic.com/94o3dSag_xI4khGkpoWK1HF6hhy/baike/c0%3Dbaike80%2C5%2C5%2C80%2C26/sign=32b162776e224f4a43947b41689efb37/0823dd54564e9258514392bf9f82d158ccbf4e6f.jpg
https://gss2.bdstatic.com/-fo3dSag_xI4khGkpoWK1HF6hhy/baike/c0%3Dbaike150%2C5%2C5%2C150%2C50/sign=0829e1a3cf1349546a13e0363727f93d/d000baa1cd11728b11e6d500ccfcc3cec2fd2ccc.jpg
https://gss3.bdstatic.com/-Po3dSag_xI4khGkpoWK1HF6hhy/baike/c0%3Dbaike150%2C5%2C5%2C150%2C50/sign=d2028b49b01bb0519b29bb7a5713b1d1/f603918fa0ec08fa2a4894cc5aee3d6d55fbda15.jpg
https://gss3.bdstatic.com/7Po3dSag_xI4khGkpoWK1HF6hhy/baike/c0%3Dbaike80%2C5%2C5%2C80%2C26/sign=537a071719950a7b613846966bb809bc/e61190ef76c6a7efd169f407f9faaf51f3de6647.jpg

https://gss0.bdstatic.com/94o3dSag_xI4khGkpoWK1HF6hhy/baike/c0%3Dbaike80%2C5%2C5%2C80%2C26/sign=3b5d533a0a23dd54357eaf3ab060d8bb/b151f8198618367a2afa50832d738bd4b31ce579.jpg

https://gss3.bdstatic.com/7Po3dSag_xI4khGkpoWK1HF6hhy/baike/c0%3Dbaike150%2C5%2C5%2C150%2C50/sign=2a4fbfea2834349b600b66d7a8837eab/2fdda3cc7cd98d100e8b52c1213fb80e7aec90e6.jpg
https://gss3.bdstatic.com/-Po3dSag_xI4khGkpoWK1HF6hhy/baike/c0%3Dbaike116%2C5%2C5%2C116%2C38/sign=318fa43c1e178a82da3177f2976a18e8/e824b899a9014c08ddaf76550a7b02087af4f4ae.jpg
https://gss2.bdstatic.com/-fo3dSag_xI4khGkpoWK1HF6hhy/baike/c0%3Dbaike150%2C5%2C5%2C150%2C50/sign=ffbbd8dbb051f819e5280b18bbdd2188/908fa0ec08fa513de03e322e3d6d55fbb3fbd9ae.jpg
https://gss2.bdstatic.com/9fo3dSag_xI4khGkpoWK1HF6hhy/baike/c0%3Dbaike272%2C5%2C5%2C272%2C90/sign=d193e9c25aafa40f28cbc68fca0d682a/b151f8198618367a78d7212d2e738bd4b21ce5e0.jpg
https://gss3.bdstatic.com/-Po3dSag_xI4khGkpoWK1HF6hhy/baike/c0%3Dbaike150%2C5%2C5%2C150%2C50/sign=789dc76f2edda3cc1fe9b07260805264/5d6034a85edf8db1f8b822940923dd54574e74af.jpg
https://gss2.bdstatic.com/-fo3dSag_xI4khGkpoWK1HF6hhy/baike/c0%3Dbaike150%2C5%2C5%2C150%2C50/sign=456cf4fdf8dcd100d991f07313e22c75/0eb30f2442a7d933b63eba83ad4bd11372f001af.jpg
https://gss2.bdstatic.com/9fo3dSag_xI4khGkpoWK1HF6hhy/baike/c0%3Dbaike116%2C5%2C5%2C116%2C38/sign=d25b9cf6afc3793169658e7b8aaddc20/b21c8701a18b87d68dd4f5ef070828381e30fda8.jpg
https://gss3.bdstatic.com/7Po3dSag_xI4khGkpoWK1HF6hhy/baike/c0%3Dbaike272%2C5%2C5%2C272%2C90/sign=13cc5f685edf8db1a8237436684ab631/241f95cad1c8a78686bb14fe6709c93d71cf50a8.jpg
https://gss2.bdstatic.com/-fo3dSag_xI4khGkpoWK1HF6hhy/baike/c0%3Dbaike150%2C5%2C5%2C150%2C50/sign=e366ba08a786c9171c0e5a6ba8541baa/0824ab18972bd40743568d0d7b899e510eb309a8.jpg
https://gss3.bdstatic.com/-Po3dSag_xI4khGkpoWK1HF6hhy/baike/c0%3Dbaike116%2C5%2C5%2C116%2C38/sign=0d4000a00c33874488c8272e3066b29c/faf2b2119313b07e31e40ef80cd7912396dd8ce1.jpg
https://gss3.bdstatic.com/-Po3dSag_xI4khGkpoWK1HF6hhy/baike/c0%3Dbaike116%2C5%2C5%2C116%2C38/sign=21ae316fa40f4bfb98dd960662261395/f9198618367adab4e94145b38bd4b31c8601e4a9.jpg
https://gss0.bdstatic.com/94o3dSag_xI4khGkpoWK1HF6hhy/baike/c0%3Dbaike116%2C5%2C5%2C116%2C38/sign=8121c6f45982b2b7b392319650c4a08a/e4dde71190ef76c6878aa5db9d16fdfaae5167e1.jpg
https://gss0.bdstatic.com/-4o3dSag_xI4khGkpoWK1HF6hhy/baike/c0%3Dbaike116%2C5%2C5%2C116%2C38/sign=cba443f81f30e924dba994632d610563/3c6d55fbb2fb4316a18e248a20a4462308f7d3a9.jpg
https://gss0.bdstatic.com/-4o3dSag_xI4khGkpoWK1HF6hhy/baike/c0%3Dbaike116%2C5%2C5%2C116%2C38/sign=19635d13d539b60059c307e588395e4f/77094b36acaf2eddaf6117198d1001e9380193a9.jpg
