
https://gss1.bdstatic.com/9vo3dSag_xI4khGkpoWK1HF6hhy/baike/c0%3Dbaike116%2C5%2C5%2C116%2C38/sign=49b8e9823c7adab429dd1311eabdd879/562c11dfa9ec8a13d2860d4afd03918fa1ecc0f8.jpg
https://gss0.bdstatic.com/94o3dSag_xI4khGkpoWK1HF6hhy/baike/c0%3Dbaike150%2C5%2C5%2C150%2C50/sign=ef30bb1aaf345982d187edc06d9d5ac8/f2deb48f8c5494ee88f220772ff5e0fe98257e8f.jpg
https://gss0.bdstatic.com/94o3dSag_xI4khGkpoWK1HF6hhy/baike/c0%3Dbaike180%2C5%2C5%2C180%2C60/sign=97ec10a1070828387c00d446d9f0c264/472309f790529822c29d827dd7ca7bcb0b46d4e6.jpg
https://gss2.bdstatic.com/-fo3dSag_xI4khGkpoWK1HF6hhy/baike/c0%3Dbaike150%2C5%2C5%2C150%2C50/sign=e6c4c72fa918972bb737089887a410ec/b8014a90f603738d9fa5f719b11bb051f819ec1a.jpg

https://gss1.bdstatic.com/-vo3dSag_xI4khGkpoWK1HF6hhy/baike/c0%3Dbaike92%2C5%2C5%2C92%2C30/sign=b19c23af5fdf8db1a8237436684ab631/8b82b9014a90f6039e71be703812b31bb151edc0.jpg

https://gss3.bdstatic.com/7Po3dSag_xI4khGkpoWK1HF6hhy/baike/c0%3Dbaike80%2C5%2C5%2C80%2C26/sign=afcde5184034970a537e187df4a3baad/a8014c086e061d950d651a0f7af40ad162d9cae1.jpg

https://gss2.bdstatic.com/-fo3dSag_xI4khGkpoWK1HF6hhy/baike/c0%3Dbaike80%2C5%2C5%2C80%2C26/sign=9b37c6cfa686c9171c0e5a6ba8541baa/7af40ad162d9f2d359d106d8a8ec8a136227ccc0.jpg

https://gss3.bdstatic.com/7Po3dSag_xI4khGkpoWK1HF6hhy/baike/c0%3Dbaike272%2C5%2C5%2C272%2C90/sign=6abff9e85bda81cb5aeb8b9f330fbb73/4afbfbedab64034fbf21d31aa5c379310a551d39.jpg
https://gss0.bdstatic.com/-4o3dSag_xI4khGkpoWK1HF6hhy/baike/c0%3Dbaike116%2C5%2C5%2C116%2C38/sign=faf31edf3087e950561afb3e71513826/2fdda3cc7cd98d104d1a1d2d2b3fb80e7aec90db.jpg
https://gss0.bdstatic.com/94o3dSag_xI4khGkpoWK1HF6hhy/baike/c0%3Dbaike116%2C5%2C5%2C116%2C38/sign=96c8232422381f308a1485fbc868276d/58ee3d6d55fbb2fb4bf1490e454a20a44723dcd7.jpg
https://gss0.bdstatic.com/94o3dSag_xI4khGkpoWK1HF6hhy/baike/c0%3Dbaike272%2C5%2C5%2C272%2C90/sign=151575f68bcb39dbd5cd6f04b17f6241/faedab64034f78f03fe78bef73310a55b3191c39.jpg
https://gss3.bdstatic.com/7Po3dSag_xI4khGkpoWK1HF6hhy/baike/c0%3Dbaike92%2C5%2C5%2C92%2C30/sign=c8f285a78dd6277ffd1f3a6a49517455/8c1001e93901213ff7fd5fc05ee736d12e2e95db.jpg

https://gss1.bdstatic.com/-vo3dSag_xI4khGkpoWK1HF6hhy/baike/c0%3Dbaike116%2C5%2C5%2C116%2C38/sign=cfbe6513572c11dfcadcb771024e09b5/d6ca7bcb0a46f21f136efca3f6246b600d33aeec.jpg
https://gss2.bdstatic.com/-fo3dSag_xI4khGkpoWK1HF6hhy/baike/c0%3Dbaike116%2C5%2C5%2C116%2C38/sign=5cb4c0ec11dfa9ece9235e4503b99c66/7acb0a46f21fbe09c50461e46b600c338644adec.jpg
https://gss2.bdstatic.com/-fo3dSag_xI4khGkpoWK1HF6hhy/baike/c0%3Dbaike116%2C5%2C5%2C116%2C38/sign=85f95e2a15ce36d3b6098b625b9a51e2/30adcbef76094b3672e3b91da3cc7cd98c109dc9.jpg
https://gss3.bdstatic.com/7Po3dSag_xI4khGkpoWK1HF6hhy/baike/c0%3Dbaike220%2C5%2C5%2C220%2C73/sign=fa6143ea2834349b600b66d7a8837eab/caef76094b36acaff191340c7cd98d1000e99cc9.jpg
https://gss0.bdstatic.com/94o3dSag_xI4khGkpoWK1HF6hhy/baike/c0%3Dbaike180%2C5%2C5%2C180%2C60/sign=3766f799252dd42a4b0409f9625230d0/77094b36acaf2edd4380eb198d1001e9380193c9.jpg
https://gss1.bdstatic.com/-vo3dSag_xI4khGkpoWK1HF6hhy/baike/c0%3Dbaike116%2C5%2C5%2C116%2C38/sign=b57c9ee4ab18972bb737089887a410ec/78310a55b319ebc4d22fd4698226cffc1f1716ee.jpg

https://gss0.bdstatic.com/94o3dSag_xI4khGkpoWK1HF6hhy/baike/c0%3Dbaike150%2C5%2C5%2C150%2C50/sign=10cfdedf4134970a537e187df4a3baad/50da81cb39dbb6fdea7af3d60924ab18972b3718.jpg
https://gss3.bdstatic.com/7Po3dSag_xI4khGkpoWK1HF6hhy/baike/c0%3Dbaike220%2C5%2C5%2C220%2C73/sign=0a0d514b4710b912abccfeaca2949766/0e2442a7d933c895165f8e8bd11373f082020018.jpg
https://gss0.bdstatic.com/-4o3dSag_xI4khGkpoWK1HF6hhy/baike/c0%3Dbaike220%2C5%2C5%2C220%2C73/sign=a902f1db0ef41bd5ce5ee0a630b3eaae/aa64034f78f0f7367bdf5af10a55b319ebc41318.jpg
https://gss3.bdstatic.com/-Po3dSag_xI4khGkpoWK1HF6hhy/baike/c0%3Dbaike150%2C5%2C5%2C150%2C50/sign=585a7875c9ea15ce55e3e85bd7695196/00e93901213fb80e208d772736d12f2eb83894e5.jpg
https://gss2.bdstatic.com/9fo3dSag_xI4khGkpoWK1HF6hhy/baike/c0%3Dbaike150%2C5%2C5%2C150%2C50/sign=58921947e950352aa56c2d5a322a9097/2e2eb9389b504fc2b703a6f5e5dde71191ef6de5.jpg
