
http://s11.sinaimg.cn/middle/66019f9ehb01aa2cf3c5a&690	http://blog.sina.com.cn/s/blog_66019f9e0102dqzi.html
http://s8.sinaimg.cn/middle/66019f9eha7ef5e2c42c7&690	http://blog.sina.com.cn/s/blog_66019f9e0102dqzi.html
http://flora.yuanlin365.com/uploadfile/2006-07-22/200511153512237.jpg	http://flora.yuanlin365.com/Htmls/1162.html
http://www.imagewa.com/PhotoPreview/358/358_52200.jpg	http://www.imagewa.com/Photo/358/52200.html
http://img0.dili360.com/rw9/ga/M02/02/90/wKgBzFQ25K-AYcYmAAnsnVufB40416.jpg	http://www.dili360.com/nh/article/p5350c3d63851667.htm
http://a0.att.hudong.com/88/55/20200000013920144732558979657_s.jpg	http://www.baike.com/wiki/%E6%A2%93%E6%A0%91
http://www.ew9z.com/wp-content/uploads/2010/07/Catalpa_ovata_flowers_01.jpg	http://www.ew9z.com/zishu-tupian-ziliao.html
https://upload.wikimedia.org/wikipedia/commons/thumb/6/64/CatalpaOvata.jpg/240px-CatalpaOvata.jpg	https://zh.wikipedia.org/wiki/%E6%A2%93%E6%A0%91
https://upload.wikimedia.org/wikipedia/commons/5/55/Catalpa_ovata_flowers.jpg	https://zh.wikipedia.org/wiki/%E6%A2%93%E6%A0%91
http://s14.sinaimg.cn/middle/4c483658g8b2494332d4d&690	http://blog.sina.com.cn/s/blog_4c4836580100krzj.html
http://www.3456.tv/images/ProductsImages/2009924191215214.gif	http://www.3456.tv/chanpin/19020.html
http://s10.sinaimg.cn/middle/66019f9eha7ef5e0dba79&690	http://blog.sina.com.cn/s/blog_66019f9e0102dqzi.html
http://www.dychx.com/upfiles/file/201009/20100916170409413.jpg	http://www.hnhm.com/news/zaipei/201311/308468.html
http://www.huacaoshumu.net/attached/tupian/Z25/20150426-3.jpg	http://www.huacaoshumu.net/zhiwu/zishu.php
http://a3.att.hudong.com/27/37/01000000000000119093798171327.jpg	http://tupian.baike.com/a3_27_37_01000000000000119093798171327_jpg.html
http://www.weisanli.com/images/shadetree/upfile/20090523073900.jpg	http://www.weisanli.com/shadetree/1626/catalpa-ovata
http://zgqszs.168hm.com/Public/2015/06/24/301347KZJLmPND085023.jpg	http://zgqszs.168hm.com/
http://img.niwota.com/album/images/2006-10-29/33791516.jpg	http://www.niwota.com/submsg/1030745
http://pic.baike.soso.com/ugc/baikepic2/10391/20160907160341-1733090982.jpg/300	http://baike.sogou.com/v1348554.htm
http://www.cnhua.net/uploads/allimg/100208/1_100208211913_1.jpg	http://www.taici.org/youxi/5qKt5qCR.html
http://s3.sinaimg.cn/mw690/002760qzzy6WK38vfCa22&690	http://blog.sina.com.cn/s/blog_e7267dff0102wj0k.html
http://www.mucai365.com/up/2017-03/201703/201703131052362029.jpg	http://www.mucai365.com/ciku/gy/zishu.html
http://pic16.nipic.com/20110904/2044001_164454573126_2.jpg	http://www.nipic.com/show/1/74/5060968k853a2180.html
http://www.huamu.cn/picture/small/201405151300282083.jpg	http://www.huamu.cn/Product/S_zishu_____1.html
http://pic1.huashichang.com/2016/0719/21/578e2c0f5f114.jpg	http://www.aihuhua.com/tu/zishu.html
http://www.21cbi.com/upload/201609/26/147489826967.jpg	http://m.21cbi.com/s/1/167317.html
http://image.sciencenet.cn/album/201408/04/1854590ak3wa30v4zvx03k.jpg	http://wap.sciencenet.cn/blogview.aspx?id=817072
http://s4.sinaimg.cn/middle/4c556177hc5a6e01bb933&690	http://blog.sina.com.cn/s/blog_4c55617701018aj1.html
http://s3.sinaimg.cn/mw690/001TVMgvzy73nyTYyUGd2&690	http://blog.sina.com.cn/s/blog_67ddfd470102wqr9.html
https://www.huabaike.com/uploads/allimg/artimg/201704/20170418105524_12768.jpg	https://www.huabaike.com/jtyh/8366.html
http://b2b.image.yuanlin.com/Biz/2011-9/20119151359371490.jpg	http://ydmmyxgs.yuanlin.com/sell-m151642.html
http://yhylhm.51hm.cn/zwpic/%E9%BB%84%E9%87%91%E6%A0%911.jpg	http://yhylhm.51hm.cn/zw/zwshow.asp?zwid=2407
http://s12.sinaimg.cn/mw690/001sXXrFgy6UvbM6p8Dab&690	http://blog.sina.com.cn/s/blog_501e41670102vpyi.html
http://img306.ph.126.net/D7lJsbPeRtfVB1GvW0Rq1A==/3868592079911297220.jpg	http://meiqingji.blog.163.com/blog/static/10610762320106942839555/
http://www.chla.com.cn/uploadfile/2011/new2011617/images/20110718084540.jpg	http://www.chla.com.cn/htm/2011/0718/90579.html
https://www.huabaike.com/uploads/allimg/artimg/201704/20170418105509_78744.jpg	https://www.huabaike.com/jtyh/8366.html
http://b2b.image.yuanlin.com/Biz/2009-10/20091017154047975.jpg	http://zwlabc.yuanlin.com/sell-m83072.html
http://www.itaomiao.com/img/nursery/2016/08/21/11/14717491008427pr7.jpg	http://www.itaomiao.com/supplys/zishu.html
http://www.52yhua.com/uploads/allimg/160305/1-160305224322.jpg	http://www.52yhua.com/mubentp/1860.html
http://www.huamu.cn/picture/small/201303072216083763.jpg	http://www.huamu.cn/pinzhong/detail-706.html
http://s16.sinaimg.cn/mw690/002760qzzy6WK2T7vkPff&690	http://blog.sina.com.cn/s/blog_e7267dff0102wj0k.html
http://www.1nongjing.com/uploads/allimg/150825/892-150R5114039294.jpg	http://m.1nongjing.com/a/201508/110226.html
http://s13.sinaimg.cn/mw690/501e4167gdd497c3d58ec&690	http://blog.sina.com.cn/s/blog_501e41670102erae.html
http://www.huaxianer.com/uploads/allimg/170626/6-1F6261649340-L.jpg	http://www.huaxianer.com/wiki/061366.html
http://img.huamu.com/data/upload/goods/201609/16/162/201609160756023239.jpg?x-oss-process=image/resize,m_fill,h_300,w_300	http://www.huamu.com/goods/1_10_10809_13689.html
http://www.ghqshzs.com/data/u12258/public/201611/20161109/2016110918452935739.jpg	http://www.ghqshzs.com/
http://s15.sinaimg.cn/middle/66019f9ehb01aa292376e&690	http://blog.sina.com.cn/s/blog_66019f9e0102dqzi.html
https://www.huabaike.com/uploads/allimg/artimg/201704/20170418105441_31231.jpg	https://www.huabaike.com/jtyh/8366.html
http://image.yuanlin.com/News/UploadFiles/2016/8/f9dc44d8-51fd-43a3-81c9-5a1ef08532a2.jpg	http://www.yuanlin.com/baike/detail_875.html
http://a1.att.hudong.com/35/55/01100000000000144732559278505_s.jpg	http://www.baike.com/wiki/%E6%A2%93%E6%A0%91
http://s14.sinaimg.cn/mw690/501e4167gdd4985e8386d&690	http://blog.sina.com.cn/s/blog_501e41670102erae.html
http://pic67.nipic.com/file/20150520/4224370_200022733000_2.jpg	http://www.nipic.com/show/12508893.html
http://qiushubaba.com/uploads/allimg/161010/1-161010112K70-L.jpg	http://qiushubaba.com/product/zishu/
http://www.1988.tv/Upload_Map/2017nian/2/13/2017-02-13-08-58-40.jpg	http://www.1988.tv/baike/zhongzhi/25539
http://www.zhmf5.com/uploads/allimg/120502/1-1205021001063O.jpg	http://www.zhmf5.com/html/shenyanyongyaopian/20120502/5119.html
http://qiushubaba.com/uploads/170405/1-1F405100254360.jpg	http://qiushubaba.com/product/zishu/
http://www.wdptj.com/wp-content/uploads/2014/07/%E6%A2%93%E6%A0%913.jpg	http://www.wdptj.com/zishu/
http://www.ghqshzs.com/data/u12258/public/201611/20161110/2016111015371783339.jpg	http://www.ghqshzs.com/
http://pic3.58cdn.com.cn/images/xq_img/big/902/n_1575687342948890.jpg	http://sh.58.com/xiaoqu/zishuyuan/
http://s5.sinaimg.cn/mw690/501e4167xcf8cce0c0784&690	http://blog.sina.com.cn/s/blog_501e41670102ejii.html
http://www.13525700002.com/images/up_images/20151110155910.jpg	http://www.13525700002.com/Product/xinshu/
http://s16.sinaimg.cn/mw690/002760qzzy6WK2uDJcXbf&690	http://blog.sina.com.cn/s/blog_e7267dff0102wj0k.html
http://s12.sinaimg.cn/mw690/002760qzzy6WK2QibFN3b&690	http://blog.sina.com.cn/s/blog_e7267dff0102wj0k.html
http://www.168hm.com/Public/supply/52340a42d6734.jpg	http://www.168hm.com/Category/item_72.html
http://www.1818hm.com/file/upload/201611/09/173025561.jpg	http://www.1818hm.com/chanpin/show-74.html
https://cbu01.alicdn.com/img/ibank/2016/425/961/3715169524_1069270414.310x310.jpg	http://www.1688.com/pic/-E8F7CAF720CAF7D6D6.html
http://www.itaomiao.com/img/nursery/2017/05/22/09/1495416873513ngoU.jpg	http://www.itaomiao.com/supplys/zishu.html
http://a3.att.hudong.com/03/55/01100000000000144732559295557_s.jpg	http://www.baike.com/wiki/%E6%A2%93%E6%A0%91
http://s11.sinaimg.cn/mw690/002760qzzy6WK2Thhbk2a&690	http://blog.sina.com.cn/s/blog_e7267dff0102wj0k.html
http://s2.sinaimg.cn/bmiddle/001nundpzy73MNJlAp92f	http://blog.sina.com.cn/s/blog_4b4b52fb0102wlcm.html
http://www.ghqshzs.com/data/u12258/public/201706/20170601/2017060109003044902.jpg	http://www.ghqshzs.com/article-item-314.html
https://gss0.bdstatic.com/94o3dSag_xI4khGkpoWK1HF6hhy/baike/s%3D220/sign=14edbb79caef7609380b9e9d1edca301/48540923dd54564e8a415bddb2de9c82d1584f29.jpg	https://baike.baidu.com/item/%E6%A2%93%E6%A0%91
http://www.mucai365.com/up/2016/201611/2016111012564372314.jpg	http://www.mucai365.com/ciku/gy/zishu.html
http://www.pyqszs.com/product/pics/20170318/1489831998.png	http://www.pyqszs.com/
http://s6.sinaimg.cn/mw690/001TVMgvzy73nz0cDjfc5&690	http://blog.sina.com.cn/s/blog_67ddfd470102wqr9.html
http://p3.pstatp.com/large/134c0006d316459172cb.jpg	http://www.trends-home.com/furniture/20161220/23634.html
http://www.dzly88.com/data/images/product/thumb_20160426203459_403.jpg	http://www.dzly88.com/product/s61e/
https://cbu01.alicdn.com/img/ibank/2015/231/496/1982694132_1066074571.220x220.jpg	http://www.1688.com/jiage/-B4F3E8F7CAF7.html
https://cbu01.alicdn.com/img/ibank/2017/621/132/4290231126_1593731460.310x310.jpg	http://www.1688.com/pic/-E8F7CAF720CAF7D6D6.html
http://www.1988.tv/Upload_Map/2017nian/2/13/2017-02-13-08-59-17.jpg	http://www.1988.tv/baike/zhongzhi/25539
http://www.huamu.cn/upload/Supply/201611020924525952.jpg	http://www.huamu.cn/pinzhong/detail-706.html
http://www.aslzy.com/data/images/product/20161008174141_722.jpg	http://www.aslzy.com/product/178.html
http://www.huacaoshumu.net/attached/tupian/Z25/20150426-2.jpg	http://www.huacaoshumu.net/zhiwu/zishu.php
http://www.13525700002.com/images/up_images/20151110155839.jpg	http://www.13525700002.com/Product/4783165841.html
http://www.1988.tv/Upload_Map/2017nian/2/13/2017-02-13-08-59-09.jpg	http://www.1988.tv/baike/zhongzhi/25539
http://s8.sinaimg.cn/mw690/002760qzzy7aWo80FDh27&690	http://blog.sina.com.cn/s/blog_7376486f0102xmgg.html
http://myenvp.com/content/uploadfile/201411/8e251415673258.png	http://ihb65.com/post-2388.html
http://img.huamu.com/data/upload/goods/201609/16/20/201609160757003417.jpg?x-oss-process=image/resize,m_fill,h_300,w_300	http://www.huamu.com/goods/1_10_10809_13689.html
http://www.mihuyuan.com/pics/middle/20150509/1431177500145829.jpg	http://www.mihuyuan.com/blogdetail.do?blog_id=1431177687083830
http://pic1.huashichang.com/2016/0719/21/578e2c0e99277.jpg	http://www.aihuhua.com/tu/zishu.html
https://gss1.bdstatic.com/9vo3dSag_xI4khGkpoWK1HF6hhy/baike/w%3D400/sign=b70e4962c61b9d168ac79b61c3dfb4eb/4034970a304e251f54023f45af86c9177e3e5392.jpg	https://baike.baidu.com/item/%E6%A2%93%E6%A0%91
http://www.huacaoshumu.net/attached/tupian/Z25/20150426-1.jpg	http://www.huacaoshumu.net/zhiwu/zishu.php
http://www.1988.tv/Upload_Map/2017nian/2/13/2017-02-13-08-58-30.jpg	http://www.1988.tv/baike/zhongzhi/25539
http://www.huamu.cn/upload/Supply/201610190805585710.jpg	http://www.huamu.cn/Product/S_zishu_____1.html
http://qiushubaba.com/uploads/allimg/161010/1-161010112G70-L.jpg	http://qiushubaba.com/product/zishu/
https://cbu01.alicdn.com/img/ibank/2017/102/901/4297109201_1628703073.220x220.jpg	http://www.1688.com/jiage/-B4F3E8F7CAF7.html
http://www.dzly88.com/data/images/product/thumb_20160426203637_280.jpg	http://www.dzly88.com/product/s61e/
http://www.51hm.cn/zwpic/%E7%BE%8E%E5%9B%BD%E6%A2%93%E6%A0%911.jpg	http://www.51hm.cn/zw/zwshow.asp?zwid=1986
http://www.13525700002.com/images/up_images/20151110155650.jpg	http://www.13525700002.com/Product/6892155655.html
http://s14.sinaimg.cn/bmiddle/001nundpzy73MNHfAER0d	http://blog.sina.com.cn/s/blog_4b4b52fb0102wlcm.html
