
https://gss0.bdstatic.com/94o3dSag_xI4khGkpoWK1HF6hhy/baike/c0%3Dbaike272%2C5%2C5%2C272%2C90/sign=2245f6ce9b8fa0ec6bca6c5f47fe328b/6a600c338744ebf85ad950c2d3f9d72a6159a7a6.jpg
https://gss3.bdstatic.com/7Po3dSag_xI4khGkpoWK1HF6hhy/baike/c0%3Dbaike80%2C5%2C5%2C80%2C26/sign=28206093462309f7f362a54013676796/9358d109b3de9c82b6328c886c81800a19d84365.jpg
https://gss2.bdstatic.com/9fo3dSag_xI4khGkpoWK1HF6hhy/baike/c0%3Dbaike92%2C5%2C5%2C92%2C30/sign=c9482fa7ad64034f1bc0ca54ceaa1254/37d3d539b6003af3b8343d1a332ac65c1038b63a.jpg
https://gss2.bdstatic.com/-fo3dSag_xI4khGkpoWK1HF6hhy/baike/c0%3Dbaike116%2C5%2C5%2C116%2C38/sign=f2d5a9021bd8bc3ed2050e98e3e2cd7b/738b4710b912c8fc5d9aeaf5fe039245d6882198.jpg
https://gss2.bdstatic.com/9fo3dSag_xI4khGkpoWK1HF6hhy/baike/c0%3Dbaike72%2C5%2C5%2C72%2C24/sign=3f82caafb2fb43160e12722841cd2d46/8cb1cb1349540923dfbbc91a9258d109b2de4987.jpg
https://gss1.bdstatic.com/-vo3dSag_xI4khGkpoWK1HF6hhy/baike/c0%3Dbaike80%2C5%2C5%2C80%2C26/sign=6e564a454b36acaf4ded9eae1db0e675/0824ab18972bd4079043da817b899e510eb309c1.jpg

https://gss3.bdstatic.com/7Po3dSag_xI4khGkpoWK1HF6hhy/baike/c0%3Dbaike180%2C5%2C5%2C180%2C60/sign=212225e7a9773912d02b8d339970ed7d/8b13632762d0f70346aef68608fa513d2697c548.jpg
https://gss0.bdstatic.com/94o3dSag_xI4khGkpoWK1HF6hhy/baike/c0%3Dbaike80%2C5%2C5%2C80%2C26/sign=59339e96c3cec3fd9f33af27b7e1bf5a/58ee3d6d55fbb2fba3373b484f4a20a44623dc48.jpg
https://gss2.bdstatic.com/9fo3dSag_xI4khGkpoWK1HF6hhy/baike/c0%3Dbaike150%2C5%2C5%2C150%2C50/sign=f5013633252dd42a4b0409f9625230d0/4a36acaf2edda3cc5ef2db7a01e93901213f9251.jpg
https://gss0.bdstatic.com/94o3dSag_xI4khGkpoWK1HF6hhy/baike/c0%3Dbaike80%2C5%2C5%2C80%2C26/sign=6f0a826d35fae6cd18b9a3336eda6441/eaf81a4c510fd9f92f0b3633252dd42a2834a448.jpg
https://gss3.bdstatic.com/-Po3dSag_xI4khGkpoWK1HF6hhy/baike/c0%3Dbaike92%2C5%2C5%2C92%2C30/sign=f40514cdd933c895b2739029b07a1895/d8f9d72a6059252d2f0b7e5e349b033b5bb5b948.jpg
https://gss1.bdstatic.com/-vo3dSag_xI4khGkpoWK1HF6hhy/baike/c0%3Dbaike92%2C5%2C5%2C92%2C30/sign=a12d1d91fbedab64607f4592965fc4a6/14ce36d3d539b6003fd16cede950352ac65cb748.jpg
https://gss2.bdstatic.com/-fo3dSag_xI4khGkpoWK1HF6hhy/baike/c0%3Dbaike92%2C5%2C5%2C92%2C30/sign=0477e573ebc4b7452099bf44ae957572/11385343fbf2b2119d31e614ca8065380cd78e48.jpg
https://gss2.bdstatic.com/-fo3dSag_xI4khGkpoWK1HF6hhy/baike/c0%3Dbaike92%2C5%2C5%2C92%2C30/sign=60bc0f843d6d55fbd1cb7e740c4b242f/9825bc315c6034a818f4dbdbcb13495409237651.jpg
https://gss1.bdstatic.com/-vo3dSag_xI4khGkpoWK1HF6hhy/baike/c0%3Dbaike80%2C5%2C5%2C80%2C26/sign=18d0e49143166d222c7a1dc6274a6292/48540923dd54564edf738763b3de9c82d1584f51.jpg
https://gss3.bdstatic.com/7Po3dSag_xI4khGkpoWK1HF6hhy/baike/c0%3Dbaike92%2C5%2C5%2C92%2C30/sign=5d6da475be096b63951456026d5aec21/6d81800a19d8bc3ee61e6590828ba61ea8d34551.jpg
https://gss3.bdstatic.com/7Po3dSag_xI4khGkpoWK1HF6hhy/baike/c0%3Dbaike92%2C5%2C5%2C92%2C30/sign=b4d34c26510fd9f9b41a5d3b4444bf4f/a9d3fd1f4134970a6f65737595cad1c8a7865d51.jpg
https://gss3.bdstatic.com/-Po3dSag_xI4khGkpoWK1HF6hhy/baike/c0%3Dbaike80%2C5%2C5%2C80%2C26/sign=88d34c26510fd9f9b41a5d3b4444bf4f/314e251f95cad1c8c4ad9f7d7f3e6709c93d5151.jpg
https://gss0.bdstatic.com/-4o3dSag_xI4khGkpoWK1HF6hhy/baike/c0%3Dbaike92%2C5%2C5%2C92%2C30/sign=79e560b9d539b60059c307e588395e4f/71cf3bc79f3df8dcbd2beccbcd11728b47102851.jpg
https://gss1.bdstatic.com/-vo3dSag_xI4khGkpoWK1HF6hhy/baike/c0%3Dbaike80%2C5%2C5%2C80%2C26/sign=5ffba4b9572c11dfcadcb771024e09b5/ae51f3deb48f8c54a9cca6753a292df5e0fe7f48.jpg
https://gss3.bdstatic.com/7Po3dSag_xI4khGkpoWK1HF6hhy/baike/c0%3Dbaike92%2C5%2C5%2C92%2C30/sign=8cd9e47b9313b07ea9b0585a6dbefa46/c2cec3fdfc039245a1a382558794a4c27d1e2551.jpg
https://gss3.bdstatic.com/7Po3dSag_xI4khGkpoWK1HF6hhy/baike/c0%3Dbaike92%2C5%2C5%2C92%2C30/sign=2e1acd3a4fc2d562e605d8bf8678fb8a/c995d143ad4bd113e4d2d4685aafa40f4bfb0548.jpg
https://gss0.bdstatic.com/-4o3dSag_xI4khGkpoWK1HF6hhy/baike/c0%3Dbaike80%2C5%2C5%2C80%2C26/sign=668a9b7b728b4710da22f59ea2a7a898/a1ec08fa513d269785c56b0755fbb2fb4316d852.jpg
https://gss2.bdstatic.com/-fo3dSag_xI4khGkpoWK1HF6hhy/baike/c0%3Dbaike80%2C5%2C5%2C80%2C26/sign=940b7b9fe0fe9925df01610255c135ba/1f178a82b9014a90582125e7a9773912b31bee49.jpg
https://gss1.bdstatic.com/9vo3dSag_xI4khGkpoWK1HF6hhy/baike/c0%3Dbaike80%2C5%2C5%2C80%2C26/sign=b0018b3e564e9258b2398ebcfdebba3d/8718367adab44aed9751ddbeb31c8701a18bfb49.jpg
https://gss2.bdstatic.com/9fo3dSag_xI4khGkpoWK1HF6hhy/baike/c0%3Dbaike80%2C5%2C5%2C80%2C26/sign=62f1ab754134970a537e187df4a3baad/a8014c086e061d95c05954627bf40ad162d9ca49.jpg
https://gss0.bdstatic.com/-4o3dSag_xI4khGkpoWK1HF6hhy/baike/c0%3Dbaike220%2C5%2C5%2C220%2C73/sign=6b549fd88a82b90129a0cb6112e4c212/03087bf40ad162d9567bd6e311dfa9ec8b13cdbc.jpg
https://gss3.bdstatic.com/-Po3dSag_xI4khGkpoWK1HF6hhy/baike/c0%3Dbaike220%2C5%2C5%2C220%2C73/sign=aeb96412e71190ef15f69a8daf72f673/cdbf6c81800a19d897b230fa33fa828ba71e469f.jpg

https://gss2.bdstatic.com/-fo3dSag_xI4khGkpoWK1HF6hhy/baike/c0%3Dbaike180%2C5%2C5%2C180%2C60/sign=6946ae757d1ed21b6dc426b7cc07b6a1/024f78f0f736afc397e300e2b319ebc4b645124d.jpg
https://gss2.bdstatic.com/9fo3dSag_xI4khGkpoWK1HF6hhy/baike/c0%3Dbaike180%2C5%2C5%2C180%2C60/sign=4648098c5bb5c9ea76fe0bb1b450dd65/7dd98d1001e9390153ecb2b97bec54e737d1964e.jpg
https://gss3.bdstatic.com/7Po3dSag_xI4khGkpoWK1HF6hhy/baike/c0%3Dbaike180%2C5%2C5%2C180%2C60/sign=b6f0d7e3564e9258b2398ebcfdebba3d/738b4710b912c8fc7c1dc94afc039245d788214e.jpg
https://gss0.bdstatic.com/-4o3dSag_xI4khGkpoWK1HF6hhy/baike/c0%3Dbaike150%2C5%2C5%2C150%2C50/sign=62e597a1fdfaaf5190ee89eded3dff8b/fc1f4134970a304e89e19f7dd1c8a786c8175c71.jpg
https://gss1.bdstatic.com/9vo3dSag_xI4khGkpoWK1HF6hhy/baike/c0%3Dbaike180%2C5%2C5%2C180%2C60/sign=98fe4027f603738dca470470d272db34/10dfa9ec8a136327432ffdb4918fa0ec09fac772.jpg

https://gss2.bdstatic.com/9fo3dSag_xI4khGkpoWK1HF6hhy/baike/c0%3Dbaike150%2C5%2C5%2C150%2C50/sign=2a0234e1720e0cf3b4fa46a96b2f997a/faf2b2119313b07e70d0c9fb0cd7912396dd8cd0.jpg
https://gss3.bdstatic.com/-Po3dSag_xI4khGkpoWK1HF6hhy/baike/c0%3Dbaike150%2C5%2C5%2C150%2C50/sign=6c1fef64d933c895b2739029b07a1895/377adab44aed2e73e8ef1edf8701a18b87d6fa3b.jpg
https://gss1.bdstatic.com/9vo3dSag_xI4khGkpoWK1HF6hhy/baike/c0%3Dbaike150%2C5%2C5%2C150%2C50/sign=33fe12ca6b63f62408503151e62d809d/902397dda144ad3498631e74d0a20cf430ad8561.jpg
https://gss3.bdstatic.com/-Po3dSag_xI4khGkpoWK1HF6hhy/baike/c0%3Dbaike116%2C5%2C5%2C116%2C38/sign=f3bf6e0dc3fdfc03f175ebeab556ecf1/9f510fb30f2442a7e2706556d143ad4bd01302c2.jpg
https://gss0.bdstatic.com/-4o3dSag_xI4khGkpoWK1HF6hhy/baike/c0%3Dbaike150%2C5%2C5%2C150%2C50/sign=6bd3d5080a46f21fdd395601974d0005/cb8065380cd791232bc40f87ad345982b2b78019.jpg

https://gss1.bdstatic.com/9vo3dSag_xI4khGkpoWK1HF6hhy/baike/c0%3Dbaike116%2C5%2C5%2C116%2C38/sign=68a4ee74d0a20cf4529df68d17602053/91ef76c6a7efce1bac30a139af51f3deb48f652d.jpg
https://gss2.bdstatic.com/-fo3dSag_xI4khGkpoWK1HF6hhy/baike/c0%3Dbaike116%2C5%2C5%2C116%2C38/sign=ddfdeed29313b07ea9b0585a6dbefa46/7aec54e736d12f2e9f37c7934fc2d56285356816.jpg
https://gss0.bdstatic.com/-4o3dSag_xI4khGkpoWK1HF6hhy/baike/c0%3Dbaike150%2C5%2C5%2C150%2C50/sign=19259a9f1038534398c28f73f27adb1b/4ec2d5628535e5ddcb1ecc2c76c6a7efce1b6216.jpg
https://gss0.bdstatic.com/94o3dSag_xI4khGkpoWK1HF6hhy/baike/c0%3Dbaike150%2C5%2C5%2C150%2C50/sign=49cf65c2213fb80e18dc698557b8444b/0823dd54564e9258992fef1d9c82d158ccbf4e2d.jpg
https://gss2.bdstatic.com/-fo3dSag_xI4khGkpoWK1HF6hhy/baike/c0%3Dbaike116%2C5%2C5%2C116%2C38/sign=38e0fb2cce1b9d169eca923392b7dfea/9d82d158ccbf6c81ce2c451bbc3eb13533fa402d.jpg

https://gss0.bdstatic.com/-4o3dSag_xI4khGkpoWK1HF6hhy/baike/c0%3Dbaike116%2C5%2C5%2C116%2C38/sign=7c138290bc315c60579863bdecd8a076/4034970a304e251f0927ca7da786c9177e3e5366.jpg
https://gss1.bdstatic.com/9vo3dSag_xI4khGkpoWK1HF6hhy/baike/c0%3Dbaike150%2C5%2C5%2C150%2C50/sign=aa651ffa78f0f736ccf344536b3cd87c/1e30e924b899a9014d0972b31d950a7b0208f572.jpg
https://gss1.bdstatic.com/-vo3dSag_xI4khGkpoWK1HF6hhy/baike/c0%3Dbaike220%2C5%2C5%2C220%2C73/sign=11b98f5bf01f3a294ec5dd9cf84cd754/960a304e251f95ca4c25bc33c9177f3e66095266.jpg
https://gss2.bdstatic.com/9fo3dSag_xI4khGkpoWK1HF6hhy/baike/c0%3Dbaike150%2C5%2C5%2C150%2C50/sign=014e6445f736afc31a013737d27080a1/e824b899a9014c086c0701200a7b02087bf4f472.jpg
https://gss2.bdstatic.com/-fo3dSag_xI4khGkpoWK1HF6hhy/baike/c0%3Dbaike150%2C5%2C5%2C150%2C50/sign=31bce86bb48f8c54f7decd7d5b404690/314e251f95cad1c8396bd2a27f3e6709c83d5166.jpg

https://gss2.bdstatic.com/9fo3dSag_xI4khGkpoWK1HF6hhy/baike/c0%3Dbaike92%2C5%2C5%2C92%2C30/sign=131e9da6b80e7bec37d70bb34e47d25d/e7cd7b899e510fb3253bfe3ed933c895d1430c7c.jpg
https://gss2.bdstatic.com/9fo3dSag_xI4khGkpoWK1HF6hhy/baike/c0%3Dbaike92%2C5%2C5%2C92%2C30/sign=e9b022c80fb30f242197e451a9fcba26/eaf81a4c510fd9f94513dcc0252dd42a2834a417.jpg
https://gss0.bdstatic.com/94o3dSag_xI4khGkpoWK1HF6hhy/baike/c0%3Dbaike92%2C5%2C5%2C92%2C30/sign=a8f0ca5fa7efce1bfe26c098ce3898bb/a50f4bfbfbedab643b50c469f736afc379311e7c.jpg
https://gss3.bdstatic.com/-Po3dSag_xI4khGkpoWK1HF6hhy/baike/c0%3Dbaike92%2C5%2C5%2C92%2C30/sign=4a2acf6982025aafc73f76999a84c001/359b033b5bb5c9ea8ef78a4ad539b6003af3b317.jpg
https://gss1.bdstatic.com/9vo3dSag_xI4khGkpoWK1HF6hhy/baike/c0%3Dbaike92%2C5%2C5%2C92%2C30/sign=5ad417fd034f78f0940692a118586130/d439b6003af33a87486989b3c65c10385343b517.jpg
https://gss2.bdstatic.com/-fo3dSag_xI4khGkpoWK1HF6hhy/baike/c0%3Dbaike92%2C5%2C5%2C92%2C30/sign=8f2b0f82b051f819e5280b18bbdd2188/b3b7d0a20cf431ad7dd6ca904b36acaf2edd9817.jpg

https://gss2.bdstatic.com/-fo3dSag_xI4khGkpoWK1HF6hhy/baike/c0%3Dbaike150%2C5%2C5%2C150%2C50/sign=b70ed1ce564e9258b2398ebcfdebba3d/4610b912c8fcc3ce7dd0f0999245d688d43f2003.jpg
https://gss1.bdstatic.com/9vo3dSag_xI4khGkpoWK1HF6hhy/baike/c0%3Dbaike80%2C5%2C5%2C80%2C26/sign=3bf322e98bd4b31ce4319ce9e6bf4c1a/8c1001e93901213fc910777654e736d12f2e957c.jpg
https://gss2.bdstatic.com/9fo3dSag_xI4khGkpoWK1HF6hhy/baike/c0%3Dbaike92%2C5%2C5%2C92%2C30/sign=d3958b4c277f9e2f6438155a7e598241/00e93901213fb80e09f2587d36d12f2eb938947c.jpg
https://gss0.bdstatic.com/-4o3dSag_xI4khGkpoWK1HF6hhy/baike/c0%3Dbaike92%2C5%2C5%2C92%2C30/sign=536192b5070828387c00d446d9f0c264/203fb80e7bec54e742cf23b4b9389b504fc26a7c.jpg
