
http://s7.sinaimg.cn/mw690/0022rybyzy6Mii1WgFEd6&690	http://blog.sina.com.cn/s/blog_6f5d495c0102v23f.html
http://s2.sinaimg.cn/mw690/0022rybyzy6MihTkNYl91&690	http://blog.sina.com.cn/s/blog_6f5d495c0102v23f.html
http://www.baihuamen.com/d/file/2014/05-27/d886256f4599e2c4e6ccc3c2f558d3fb.jpg	http://www.baihuamen.com/chenghongniaoluo/
http://www.baihuamen.com/d/file/2014/05-27/c919b19a41e2e20346d9b9e451a0b4d6.jpg	http://www.baihuamen.com/chenghongniaoluo/
http://s15.sinaimg.cn/mw690/0022rybyzy6MihW9rWK5e&690	http://blog.sina.com.cn/s/blog_6f5d495c0102v23f.html
http://www.baihuamen.com/d/file/2014/04-23/4f0d760b09437c5abf3f095340776c5c.jpg	http://www.baihuamen.com/yuhuaniaoluo/
http://www.baihuamen.com/d/file/2014/05-27/772c6dfbd6e12c582a0476dc78b941e1.jpg	http://www.baihuamen.com/chenghongniaoluo/
http://img.tulaoshi.com/201704/13/1730742eb0f80349680f9c7da1d53a6c.jpg	http://www.tulaoshi.com/chenghongniaoluo/
http://pic1.huashichang.com/2016/0828/23/57c300cfc3bd4.jpg	http://m.aihuhua.com/tupian/tupianqiz.html
http://www.pibaosi.net/uploads/allimg/160218/1-16021QA3310-L.jpg	http://huahui.pibaosi.net/20160218/117868.html
http://pic1.huashichang.com/2016/0828/23/57c300cd68ff0.jpg	http://www.aihuhua.com/tupian/tupianqj8.html
http://pic1.huashichang.com/2016/0828/23/57c300dbb3b63.jpg	http://www.aihuhua.com/tupian/tupianqj5.html
http://pic1.huashichang.com/2016/0828/23/57c300d5d1121.jpg	http://m.aihuhua.com/tupian/tupianqj2.html
http://s15.sinaimg.cn/mw690/001sXXrFgy6VyCAcsmqfe&690	http://blog.sina.com.cn/s/blog_501e41670102vsn6.html
http://pic1.huashichang.com/2016/0828/23/57c300d7d5cad.jpg	http://www.aihuhua.com/tupian/tupianqj3.html
http://www.21cbi.com/upload/201612/04/148084421232.jpg	http://m.21cbi.com/s/14/386179.html
http://www.baihuamen.com/d/file/2014/05-27/fbc8025b2cd6337ce7a3e9a341e59e1f.jpg	http://www.baihuamen.com/chenghongniaoluo/
http://pic1.huashichang.com/2016/0828/23/57c300ddb81d4.jpg	http://www.aihuhua.com/tupian/tupianqj6.html
http://pic1.huashichang.com/2016/0828/23/57c300e0585f4.jpg	http://www.aihuhua.com/tupian/tupianqj7.html
http://img.tulaoshi.com/ueditor/201706/21/edc29ce653c70521472c452a68382a65.jpg	http://www.tulaoshi.com/n/20170621/2654376.html
https://upload.wikimedia.org/wikipedia/commons/thumb/9/97/Ipomoea_coccinea_01.jpg/200px-Ipomoea_coccinea_01.jpg	https://zh.wikipedia.org/wiki/%E6%A9%99%E7%BA%A2%E8%8C%91%E8%90%9D
http://pic1.win4000.com/pic/4/25/d5811351764.jpg_195.jpg	http://www.win4000.com/meinv113377.html
http://www.baihuamen.com/d/file/2014/05-27/4af43071c13ae8ddc2c81de9eff520c6.jpg	http://www.baihuamen.com/chenghongniaoluo/16557_7.html
http://pic1.huashichang.com/2016/0828/23/57c300e1b47b6.jpg	http://www.aihuhua.com/tupian/tupianqj8.html
http://s10.sinaimg.cn/mw690/0029Dvdfzy73RZ4ucJPb9&690	http://blog.sina.com.cn/s/blog_75b308c90102wf5w.html
http://img004.mllres.com//images/upload/%E6%A9%99%E7%BA%A2%E8%8C%91%E8%90%9D05.jpg	https://www.meilele.com/article/shipin/38058.html
https://cdn.huaniaoy.cn/20160905/original/1473020140855.jpg@!qwidth300	https://www.huaniaoy.com/zhiwu/1478
http://pic1.huashichang.com/2016/0828/23/57c300d3c65c5.jpg	http://m.aihuhua.com/tupian/tupianqj1.html
http://pic1.win4000.com/pic/4/25/d5811351759.jpg	http://www.win4000.com/meinv113377.html
http://img.jiuzheng.com/baike/s/58/0f/580f26088f1e036e208b45ea.jpg	http://www.jiuzheng.com/baike-detail/id-76088.html
http://s1.sinaimg.cn/mw690/0022rybyzy6MihRJ02Y00&690	http://blog.sina.com.cn/s/blog_6f5d495c0102v23f.html
http://s14.sinaimg.cn/mw690/0029Dvdfzy73RZ563tb5d&690	http://blog.sina.com.cn/s/blog_75b308c90102wf5w.html
http://www.baihuamen.com/d/file/2014/05-27/2b7c382b8df243bb137c4497872f947d.jpg	http://www.baihuamen.com/chenghongniaoluo/16557_5.html
https://gss3.bdstatic.com/-Po3dSag_xI4khGkpoWK1HF6hhy/baike/w%3D400/sign=e75a9935f3edab6474724cc0c737af81/1e30e924b899a9010f5dbcc815950a7b0308f5e0.jpg	https://baike.baidu.com/item/%E6%A9%99%E7%BA%A2%E8%8C%91%E8%90%9D
http://s3.sinaimg.cn/mw690/001iVkI3gy6T0Yx03gm12&690	http://blog.sina.com.cn/s/blog_474605330102w0ee.html
http://pic1.win4000.com/pic/3/9e/f3f41351777.jpg_195.jpg	http://www.win4000.com/meinv113377.html
https://b-ssl.duitang.com/uploads/item/201506/13/20150613071737_vYEPx.thumb.700_0.jpeg	https://www.duitang.com/blog/?id=381066407
http://www.21cbi.com/upload/201612/04/148084421480.jpg	http://m.21cbi.com/s/14/386179.html
http://s16.sinaimg.cn/mw690/0022rybyzy6Mii8PFq71f&690	http://blog.sina.com.cn/s/blog_6f5d495c0102v23f.html
http://s5.sinaimg.cn/mw690/0029Dvdfzy73RZ5BHogd4&690	http://blog.sina.com.cn/s/blog_75b308c90102wf5w.html
http://s2.sinaimg.cn/mw690/001iVkI3gy6T0CpKw8N81&690	http://blog.sina.com.cn/s/blog_474605330102w0ee.html
http://s4.sinaimg.cn/mw690/0029Dvdfzy73RZ6FWSL63&690	http://blog.sina.com.cn/s/blog_75b308c90102wf5w.html
http://s12.sinaimg.cn/mw690/0029Dvdfzy73RZ5nzqb9b&690	http://blog.sina.com.cn/s/blog_75b308c90102wf5w.html
http://img.tulaoshi.com/ueditor/201706/21/1e3a92ab8056d1a79ab2d3f09b2735c1.jpg	http://www.tulaoshi.com/n/20170621/2654376.html
http://img.jiuzheng.com/baike/s/58/0f/580f26098f1e036e208b45f3.jpg	http://www.jiuzheng.com/baike-detail/id-76088.html
http://s13.sinaimg.cn/mw690/0029Dvdfzy73RZ4iwnG0c&690	http://blog.sina.com.cn/s/blog_75b308c90102wf5w.html
http://photo.qingdaonews.com/club_album/up_files/2007-09-18/1190134634_4880.jpg?PHPSESSID=jbjq69o3katsvvsjuomr2arrt2	http://club.qingdaonews.com/showAnnounce_57_3801603_1_0.htm
http://s6.sinaimg.cn/bmiddle/001iVkI3zy74QzhVSzr55&690	http://blog.sina.com.cn/s/blog_474605330102x3az.html
http://bpic.588ku.com/element_pic/16/11/29/5ea38df844b9cec3bca2d7c6e9aabca1.jpg	http://588ku.com/image/chenghong.html
http://s9.sinaimg.cn/mw690/001sXXrFgy6VyCzDZ4k38&690	http://blog.sina.com.cn/s/blog_501e41670102vsn6.html
http://img0.pchouse.com.cn/pchouse/1408/04/785917_3.jpg	http://www.pchouse.com.cn/baike/shenghuo/2683/
http://www.baihuamen.com/d/file/2014/05-27/90cc06521ebeeeb994ecd5931a649800.jpg	http://www.baihuamen.com/chenghongniaoluo/
http://s15.sinaimg.cn/mw690/001LnS0sgy6MX8JLWUuae&690	http://blog.sina.com.cn/s/blog_6056ee0c0102v49m.html
http://s4.sinaimg.cn/mw690/001sXXrFgy6VyCzOYjF93&690	http://blog.sina.com.cn/s/blog_501e41670102vsn6.html
https://upload.wikimedia.org/wikipedia/commons/thumb/f/f6/The_Botanical_Magazine%2C_Plate_221_%28Volume_7%2C_1794%29.png/200px-The_Botanical_Magazine%2C_Plate_221_%28Volume_7%2C_1794%29.png	https://zh.wikipedia.org/wiki/%E6%A9%99%E7%BA%A2%E8%8C%91%E8%90%9D
http://www.21cbi.com/upload/201612/04/148084421329.jpg	http://m.21cbi.com/s/14/386179.html
http://image.codes51.com/Article/image/20160521/20160521181924_2772.jpg	http://www.codes51.com/kl/1223093.html
http://s14.sinaimg.cn/mw690/001sXXrFgy6VyCFcN4h3d&690	http://blog.sina.com.cn/s/blog_501e41670102vsn6.html
http://s12.sinaimg.cn/middle/484cbd3et8ee0438aec0b&690	http://blog.sina.com.cn/s/blog_484cbd3e0100kubv.html
http://s2.sinaimg.cn/mw690/001LnS0sgy6MX8JRUVHc1&690	http://blog.sina.com.cn/s/blog_6056ee0c0102v49m.html
http://img003.21cnimg.com/photos/album/20150805/m600/36997C185EAB0BE789693612A6239415.jpeg	https://m.ltzg.com.cn/news/121287.html
http://a1.att.hudong.com/67/55/20300543009208144283550837754.jpg	http://www.baike.com/gwiki/%E8%8C%91%E8%90%9D
https://cdn.huaniaoy.cn/20160905/original/1473020168109.jpg@!picb	https://www.huaniaoy.com/zhiwu/1478
http://s1.sinaimg.cn/mw690/001iVkI3gy6T0CpSY9Of0&690	http://blog.sina.com.cn/s/blog_474605330102w0ee.html
http://s5.sinaimg.cn/bmiddle/0022rybyzy6MihXZq3q64&690	http://blog.sina.cn/dpool/blog/s/blog_6f5d495c0102v23f.html?md=gd
http://s2.sinaimg.cn/bmiddle/001iVkI3zy74QyvGxAlb1&690	http://blog.sina.com.cn/s/blog_474605330102x3az.html
http://s7.sinaimg.cn/mw690/001iVkI3gy6T0CrvLG666&690	http://blog.sina.com.cn/s/blog_474605330102w0ee.html
http://s15.sinaimg.cn/mw690/001iVkI3gy6T0CqYlzw6e&690	http://blog.sina.com.cn/s/blog_474605330102w0ee.html
http://s14.sinaimg.cn/mw690/001iVkI3gy6T0CroOTzed&690	http://blog.sina.com.cn/s/blog_474605330102w0ee.html
http://s14.sinaimg.cn/mw690/001iVkI3gy6T0YXPY5L6d&690	http://blog.sina.com.cn/s/blog_474605330102w0ee.html
http://s8.sinaimg.cn/bmiddle/001iVkI3zy74QywSzXhf7&690	http://blog.sina.com.cn/s/blog_474605330102x3az.html
http://s5.sinaimg.cn/bmiddle/001iVkI3zy74QyLqZa444&690	http://blog.sina.com.cn/s/blog_474605330102x3az.html
http://s7.sinaimg.cn/bmiddle/001iVkI3zy74QyA5TLw36&690	http://blog.sina.com.cn/s/blog_474605330102x3az.html
http://s4.sinaimg.cn/bmiddle/001iVkI3zy74QyJnNt1a3&690	http://blog.sina.com.cn/s/blog_474605330102x3az.html
http://s11.sinaimg.cn/mw690/001sXXrFgy6VyCzZ7ke8a&690	http://blog.sina.com.cn/s/blog_501e41670102vsn6.html
http://s10.sinaimg.cn/bmiddle/001iVkI3zy74QyJ0qxj09&690	http://blog.sina.com.cn/s/blog_474605330102x3az.html
http://s10.sinaimg.cn/mw690/001iVkI3gy6T0Cr38Ola9&690	http://blog.sina.com.cn/s/blog_474605330102w0ee.html
http://s2.sinaimg.cn/mw690/001iVkI3gy6T0YM8ve1a1&690	http://blog.sina.com.cn/s/blog_474605330102w0ee.html
http://s2.sinaimg.cn/bmiddle/0022rybyzy6MfdtcUWRb1&690	http://blog.sina.cn/dpool/blog/s/blog_6f5d495c0102v1xu.html?vt=4
http://s7.sinaimg.cn/bmiddle/0022rybyzy6Mii417am16&690	http://blog.sina.cn/dpool/blog/s/blog_6f5d495c0102v23f.html?md=gd
http://s5.sinaimg.cn/bmiddle/0022rybyzy6Mii6lzjC44&690	http://blog.sina.cn/dpool/blog/s/blog_6f5d495c0102v23f.html?md=gd
http://s11.sinaimg.cn/bmiddle/001iVkI3zy74Qzcqspc1a&690	http://blog.sina.com.cn/s/blog_474605330102x3az.html
http://s11.sinaimg.cn/bmiddle/001iVkI3zy74Qzfp5QC9a&690	http://blog.sina.com.cn/s/blog_474605330102x3az.html
http://s7.sinaimg.cn/bmiddle/001iVkI3zy74QzeH3N416&690	http://blog.sina.com.cn/s/blog_474605330102x3az.html
http://s10.sinaimg.cn/bmiddle/001iVkI3zy74QywyAuRb9&690	http://blog.sina.com.cn/s/blog_474605330102x3az.html
http://s2.sinaimg.cn/bmiddle/001iVkI3zy74Qzf9SkV31&690	http://blog.sina.com.cn/s/blog_474605330102x3az.html
http://s7.sinaimg.cn/mw690/001sXXrFgy6VyCA65dIb6&690	http://blog.sina.com.cn/s/blog_501e41670102vsn6.html
http://img0.pchouse.com.cn/pchouse/baike/decorate/1408/4_34.jpg	http://www.pchouse.com.cn/baike/shenghuo/2683/
http://s7.sinaimg.cn/mw690/001LnS0sgy6MX8PcLgq46&690	http://blog.sina.com.cn/s/blog_6056ee0c0102v49m.html
http://s12.sinaimg.cn/mw690/001LnS0sgy6MX8OZmjhfb&690	http://blog.sina.com.cn/s/blog_6056ee0c0102v49m.html
http://s8.sinaimg.cn/mw690/001LnS0sgy6MX8P5B9Zc7&690	http://blog.sina.com.cn/s/blog_6056ee0c0102v49m.html
http://s4.sinaimg.cn/mw690/001LnS0sgy6MX8P2kMje3&690	http://blog.sina.com.cn/s/blog_6056ee0c0102v49m.html
http://s12.sinaimg.cn/mw690/001LnS0sgy6MX8PfLFF4b&690	http://blog.sina.com.cn/s/blog_6056ee0c0102v49m.html
http://s14.sinaimg.cn/mw690/001sXXrFgy6VyCAiSeh3d&690	http://blog.sina.com.cn/s/blog_501e41670102vsn6.html
http://s6.sinaimg.cn/mw690/0022rybyzy6Mih5QSzP95&690	http://blog.sina.com.cn/s/blog_6f5d495c0102v23c.html
http://s13.sinaimg.cn/middle/484cbd3et8ee04310cbac&690	http://blog.sina.com.cn/s/blog_484cbd3e0100kubv.html
http://a2.att.hudong.com/70/82/01300001096305130689825414651_s.jpg	http://www.baike.com/wiki/%E6%A9%99%E7%BA%A2%E8%8C%91%E8%90%9D
http://img0.pchouse.com.cn/pchouse/1408/04/785918_2.jpg	http://www.pchouse.com.cn/baike/shenghuo/2683/
http://s15.sinaimg.cn/bmiddle/0022rybyzy6MeW92KRM7e&690	http://blog.sina.cn/dpool/blog/s/blog_6f5d495c0102v1xu.html?vt=4
http://s4.sinaimg.cn/mw690/001sXXrFgy6VyCERNmz53&690	http://blog.sina.com.cn/s/blog_501e41670102vsn6.html
